<?xml version="1.0" encoding="utf-8"?>
<TestRun id="10799801-6d2c-4aad-be8d-b90bea5a46bc" name="@pkrvmbietmlfzoi 2025-07-02 22:04:17" xmlns="http://microsoft.com/schemas/VisualStudio/TeamTest/2010">
  <Times creation="2025-07-02T22:04:17.4134745+00:00" queuing="2025-07-02T22:04:17.4134746+00:00" start="2025-07-02T22:04:16.2249007+00:00" finish="2025-07-02T22:04:19.4101358+00:00" />
  <TestSettings name="default" id="d24574ff-455b-4fdb-a8fe-8874854eab95">
    <Deployment runDeploymentRoot="_pkrvmbietmlfzoi_2025-07-02_22_04_17" />
  </TestSettings>
  <Results>
    <UnitTestResult executionId="01b649ba-687d-44a8-9ced-303410a868b8" testId="c7260ebc-a696-37ef-e759-c0251b78d7a6" testName="Microsoft.AspNetCore.Components.Routing.RouteTableFactoryTests.CanMatchParameterWithConstraint(template: &quot;/{value:long}&quot;, contextUrl: &quot;/-9223372036854775808&quot;, convertedValue: -9223372036854775808)" computerName="pkrvmbietmlfzoi" duration="00:00:00.0039994" startTime="2025-07-02T22:04:17.6572666+00:00" endTime="2025-07-02T22:04:17.6616734+00:00" testType="13cdc9d9-ddb5-4fa4-a97d-d965ccfc6d4b" outcome="Passed" testListId="8c84fa94-04c1-424b-9868-57a2d4851a1d" relativeResultsDirectory="01b649ba-687d-44a8-9ced-303410a868b8" />
    <UnitTestResult executionId="fbdf8602-ce9b-4ae7-924c-a42b7a297078" testId="f2be466a-9478-63ea-1859-e5408558f8cc" testName="Microsoft.AspNetCore.Components.ComponentApplicationStateTest.TryRetrieveFromJson_DeserializesTheDataFromJson" computerName="pkrvmbietmlfzoi" duration="00:00:00.0002543" startTime="2025-07-02T22:04:17.6024726+00:00" endTime="2025-07-02T22:04:17.6029468+00:00" testType="13cdc9d9-ddb5-4fa4-a97d-d965ccfc6d4b" outcome="Passed" testListId="8c84fa94-04c1-424b-9868-57a2d4851a1d" relativeResultsDirectory="fbdf8602-ce9b-4ae7-924c-a42b7a297078" />
    <UnitTestResult executionId="f7e2916f-14fa-42c2-98ef-d93098844e4a" testId="d2bf099c-2df9-f520-c8db-64c87406737a" testName="Microsoft.AspNetCore.Components.Routing.QueryParameterValueSupplierTest.RejectsBlankArrayEntriesWhenNotNullable(key: &quot;DateTimeVals&quot;, targetType: typeof(System.DateTime))" computerName="pkrvmbietmlfzoi" duration="00:00:00.0000466" startTime="2025-07-02T22:04:17.7261591+00:00" endTime="2025-07-02T22:04:17.7262713+00:00" testType="13cdc9d9-ddb5-4fa4-a97d-d965ccfc6d4b" outcome="Passed" testListId="8c84fa94-04c1-424b-9868-57a2d4851a1d" relativeResultsDirectory="f7e2916f-14fa-42c2-98ef-d93098844e4a" />
    <UnitTestResult executionId="2167efc5-4fa8-479d-8a72-eb49ffbd7f17" testId="1080a8fb-c4f5-1740-e9b9-cd24db7a0bc9" testName="Microsoft.AspNetCore.Components.PersistentStateValueProviderTests.PersistAsync_CanPersistMultipleComponentsOfSameType_SupportsDifferentKeyTypes(componentKey1: 42, componentKey2: -42)" computerName="pkrvmbietmlfzoi" duration="00:00:00.0026077" startTime="2025-07-02T22:04:17.5302901+00:00" endTime="2025-07-02T22:04:17.5349310+00:00" testType="13cdc9d9-ddb5-4fa4-a97d-d965ccfc6d4b" outcome="Passed" testListId="8c84fa94-04c1-424b-9868-57a2d4851a1d" relativeResultsDirectory="2167efc5-4fa8-479d-8a72-eb49ffbd7f17" />
    <UnitTestResult executionId="16d1960a-f19c-469d-801c-450ec6721fb3" testId="a1a7aee5-e924-432d-2aee-ffbafa0cfc0d" testName="Microsoft.AspNetCore.Components.Rendering.RenderTreeBuilderTest.CannotAddComponentRenderModeToElement" computerName="pkrvmbietmlfzoi" duration="00:00:00.0004131" startTime="2025-07-02T22:04:17.8885953+00:00" endTime="2025-07-02T22:04:17.8887007+00:00" testType="13cdc9d9-ddb5-4fa4-a97d-d965ccfc6d4b" outcome="Passed" testListId="8c84fa94-04c1-424b-9868-57a2d4851a1d" relativeResultsDirectory="16d1960a-f19c-469d-801c-450ec6721fb3" />
    <UnitTestResult executionId="4a190d4f-7b42-4b28-a142-f0013b828736" testId="e07c5cba-d6df-bd00-c179-205a1a08fcd7" testName="Microsoft.AspNetCore.Components.Routing.RoutePatternParserTests.Parse_MultipleLiterals" computerName="pkrvmbietmlfzoi" duration="00:00:00.0002059" startTime="2025-07-02T22:04:17.8568445+00:00" endTime="2025-07-02T22:04:17.8572740+00:00" testType="13cdc9d9-ddb5-4fa4-a97d-d965ccfc6d4b" outcome="Passed" testListId="8c84fa94-04c1-424b-9868-57a2d4851a1d" relativeResultsDirectory="4a190d4f-7b42-4b28-a142-f0013b828736" />
    <UnitTestResult executionId="4fed72b8-09fb-43f5-82ae-5d5d20598acc" testId="cdb6966b-89e3-061a-b57d-77961a42fecd" testName="Microsoft.AspNetCore.Components.ParameterViewTest.CanGetValueOrDefault_WithNonExistingValueAndExplicitDefault" computerName="pkrvmbietmlfzoi" duration="00:00:00.0022594" startTime="2025-07-02T22:04:17.5819728+00:00" endTime="2025-07-02T22:04:17.5820745+00:00" testType="13cdc9d9-ddb5-4fa4-a97d-d965ccfc6d4b" outcome="Passed" testListId="8c84fa94-04c1-424b-9868-57a2d4851a1d" relativeResultsDirectory="4fed72b8-09fb-43f5-82ae-5d5d20598acc" />
    <UnitTestResult executionId="f470d3fa-8ec5-472d-9704-bd76bf969078" testId="b388759f-a49d-99d5-8209-71e56f780616" testName="Microsoft.AspNetCore.Components.Rendering.RenderTreeBuilderTest.AddAttribute_Component_EventHandlerValue_SetsAttributeValue(value: null)" computerName="pkrvmbietmlfzoi" duration="00:00:00.0005206" startTime="2025-07-02T22:04:17.9505981+00:00" endTime="2025-07-02T22:04:17.9506451+00:00" testType="13cdc9d9-ddb5-4fa4-a97d-d965ccfc6d4b" outcome="Passed" testListId="8c84fa94-04c1-424b-9868-57a2d4851a1d" relativeResultsDirectory="f470d3fa-8ec5-472d-9704-bd76bf969078" />
    <UnitTestResult executionId="b2b71325-1e95-4d46-8ee5-de66b5ef77bc" testId="84aaef3e-848b-89c6-f120-0b3bbfa75f5f" testName="Microsoft.AspNetCore.Components.EventCallbackFactoryBinderExtensionsTest.CreateBinder_Double" computerName="pkrvmbietmlfzoi" duration="00:00:00.0104630" startTime="2025-07-02T22:04:17.7650359+00:00" endTime="2025-07-02T22:04:17.7905687+00:00" testType="13cdc9d9-ddb5-4fa4-a97d-d965ccfc6d4b" outcome="Passed" testListId="8c84fa94-04c1-424b-9868-57a2d4851a1d" relativeResultsDirectory="b2b71325-1e95-4d46-8ee5-de66b5ef77bc" />
    <UnitTestResult executionId="388feb7d-ee02-4e0a-a9c0-fa7216772edb" testId="3f3faa4d-9dcc-024e-97a0-c6f2335fff9a" testName="Microsoft.AspNetCore.Components.Test.DependencyInjectionTest.ThrowsIfNoSuchServiceIsRegistered" computerName="pkrvmbietmlfzoi" duration="00:00:00.0048052" startTime="2025-07-02T22:04:17.2711468+00:00" endTime="2025-07-02T22:04:17.2712859+00:00" testType="13cdc9d9-ddb5-4fa4-a97d-d965ccfc6d4b" outcome="Passed" testListId="8c84fa94-04c1-424b-9868-57a2d4851a1d" relativeResultsDirectory="388feb7d-ee02-4e0a-a9c0-fa7216772edb" />
    <UnitTestResult executionId="cc7243e5-a92f-475c-97cd-64363a7f6e9b" testId="a43c6a7d-2b17-4359-3e27-294e9252f9fc" testName="Microsoft.AspNetCore.Components.Test.ComponentBaseTest.RenderRootComponentAsync_ReportsErrorDuringOnParameterSetAsync" computerName="pkrvmbietmlfzoi" duration="00:00:00.0016891" startTime="2025-07-02T22:04:17.9752161+00:00" endTime="2025-07-02T22:04:17.9761093+00:00" testType="13cdc9d9-ddb5-4fa4-a97d-d965ccfc6d4b" outcome="Passed" testListId="8c84fa94-04c1-424b-9868-57a2d4851a1d" relativeResultsDirectory="cc7243e5-a92f-475c-97cd-64363a7f6e9b" />
    <UnitTestResult executionId="b3aec3a5-ebe6-4eee-8622-877fc771076a" testId="cfe36dc5-f3f8-055b-4367-1b992d378f1b" testName="Microsoft.AspNetCore.Components.Routing.RouteTableFactoryTests.CanMatchSegmentWithMultipleConstraints(template: &quot;/{value:double:int}/&quot;, contextUrl: &quot;/15&quot;, convertedValue: 15)" computerName="pkrvmbietmlfzoi" duration="00:00:00.0021979" startTime="2025-07-02T22:04:17.6620603+00:00" endTime="2025-07-02T22:04:17.6646008+00:00" testType="13cdc9d9-ddb5-4fa4-a97d-d965ccfc6d4b" outcome="Passed" testListId="8c84fa94-04c1-424b-9868-57a2d4851a1d" relativeResultsDirectory="b3aec3a5-ebe6-4eee-8622-877fc771076a" />
    <UnitTestResult executionId="18652a47-08fb-4923-9287-b095e96c01b2" testId="c7260ebc-a696-37ef-e759-c0251b78d7a6" testName="Microsoft.AspNetCore.Components.Routing.RouteTableFactoryTests.CanMatchParameterWithConstraint(template: &quot;/{value:int}&quot;, contextUrl: &quot;/123&quot;, convertedValue: 123)" computerName="pkrvmbietmlfzoi" duration="00:00:00.0007980" startTime="2025-07-02T22:04:17.6537259+00:00" endTime="2025-07-02T22:04:17.6538232+00:00" testType="13cdc9d9-ddb5-4fa4-a97d-d965ccfc6d4b" outcome="Passed" testListId="8c84fa94-04c1-424b-9868-57a2d4851a1d" relativeResultsDirectory="18652a47-08fb-4923-9287-b095e96c01b2" />
    <UnitTestResult executionId="4cacf055-b962-45c6-b79c-e098d951023c" testId="94e2310c-c5a1-6396-6932-8758e6a50179" testName="Microsoft.AspNetCore.Components.NavigationManagerTest.GetUriWithQueryParameter_AppendsWhenParameterDoesNotExist(baseUri: &quot;scheme://host/#hash&quot;, expectedUri: &quot;scheme://host/?name=John%20Doe#hash&quot;)" computerName="pkrvmbietmlfzoi" duration="00:00:00.0060989" startTime="2025-07-02T22:04:17.5003198+00:00" endTime="2025-07-02T22:04:17.5044646+00:00" testType="13cdc9d9-ddb5-4fa4-a97d-d965ccfc6d4b" outcome="Passed" testListId="8c84fa94-04c1-424b-9868-57a2d4851a1d" relativeResultsDirectory="4cacf055-b962-45c6-b79c-e098d951023c" />
    <UnitTestResult executionId="2f93ae6a-45ae-477b-8051-4a4b7735794a" testId="d5fbed4c-984c-9727-4ce6-34c3d9e1c637" testName="Microsoft.AspNetCore.Components.Routing.RouteTableFactoryTests.MultipleOptionalParametersWithPrefix(path: &quot;/prefix/&quot;, segments: 0)" computerName="pkrvmbietmlfzoi" duration="00:00:00.0007331" startTime="2025-07-02T22:04:17.8212155+00:00" endTime="2025-07-02T22:04:17.8217749+00:00" testType="13cdc9d9-ddb5-4fa4-a97d-d965ccfc6d4b" outcome="Passed" testListId="8c84fa94-04c1-424b-9868-57a2d4851a1d" relativeResultsDirectory="2f93ae6a-45ae-477b-8051-4a4b7735794a" />
    <UnitTestResult executionId="9de5cb98-5b1e-44d8-8a3c-bc3a015ac5aa" testId="115722bf-16e6-a803-eb2d-de5e86639f73" testName="Microsoft.AspNetCore.Components.Routing.QueryParameterValueSupplierTest.AcceptsBlankArrayEntriesWhenNullable" computerName="pkrvmbietmlfzoi" duration="00:00:00.0009531" startTime="2025-07-02T22:04:17.9087600+00:00" endTime="2025-07-02T22:04:17.9105759+00:00" testType="13cdc9d9-ddb5-4fa4-a97d-d965ccfc6d4b" outcome="Passed" testListId="8c84fa94-04c1-424b-9868-57a2d4851a1d" relativeResultsDirectory="9de5cb98-5b1e-44d8-8a3c-bc3a015ac5aa" />
    <UnitTestResult executionId="630d75ad-ccc1-498f-9b55-2ae1e3b14646" testId="407cfb34-d04c-3a70-46c4-6a16e99cdd0d" testName="Microsoft.AspNetCore.Components.Routing.RouteTableFactoryTests.DoesNotThrowForNonAmbiguousRoutes(first: &quot;{param}/{optional?}&quot;, second: &quot;{param}/{optional:int?}&quot;)" computerName="pkrvmbietmlfzoi" duration="00:00:00.0003213" startTime="2025-07-02T22:04:17.5485080+00:00" endTime="2025-07-02T22:04:17.5510743+00:00" testType="13cdc9d9-ddb5-4fa4-a97d-d965ccfc6d4b" outcome="Passed" testListId="8c84fa94-04c1-424b-9868-57a2d4851a1d" relativeResultsDirectory="630d75ad-ccc1-498f-9b55-2ae1e3b14646" />
    <UnitTestResult executionId="a86db82d-6e19-4401-8cc0-ae330ad8c750" testId="a2b02af3-abc2-e858-0213-a877daa90475" testName="Microsoft.AspNetCore.Components.Routing.QueryParameterValueSupplierTest.RejectsUnparseableArrayEntries(key: &quot;GuidVals&quot;, validValue: &quot;9e7257ad-03aa-42c7-9819-be08b177fef9&quot;, invalidValue: &quot;123456-789-0&quot;, targetType: typeof(System.Guid))" computerName="pkrvmbietmlfzoi" duration="00:00:00.0000475" startTime="2025-07-02T22:04:17.7532803+00:00" endTime="2025-07-02T22:04:17.7553254+00:00" testType="13cdc9d9-ddb5-4fa4-a97d-d965ccfc6d4b" outcome="Passed" testListId="8c84fa94-04c1-424b-9868-57a2d4851a1d" relativeResultsDirectory="a86db82d-6e19-4401-8cc0-ae330ad8c750" />
    <UnitTestResult executionId="ba48652c-82cc-4f5e-8204-257826ff4db3" testId="e5d4de92-500a-b270-2ca4-bf8b6c07fb09" testName="Microsoft.AspNetCore.Components.Test.RendererTest.BindWithSynchronousSetter_Lambda" computerName="pkrvmbietmlfzoi" duration="00:00:00.0014580" startTime="2025-07-02T22:04:19.3246269+00:00" endTime="2025-07-02T22:04:19.3260356+00:00" testType="13cdc9d9-ddb5-4fa4-a97d-d965ccfc6d4b" outcome="Passed" testListId="8c84fa94-04c1-424b-9868-57a2d4851a1d" relativeResultsDirectory="ba48652c-82cc-4f5e-8204-257826ff4db3" />
    <UnitTestResult executionId="ac443f94-0f28-47d4-8652-0766a0f91d81" testId="b086f1f6-864e-454e-bc1d-508c6a9d4e8e" testName="Microsoft.AspNetCore.Components.EventCallbackTest.EventCallback_FuncTask_Null" computerName="pkrvmbietmlfzoi" duration="00:00:00.0027564" startTime="2025-07-02T22:04:17.8939646+00:00" endTime="2025-07-02T22:04:17.8973291+00:00" testType="13cdc9d9-ddb5-4fa4-a97d-d965ccfc6d4b" outcome="Passed" testListId="8c84fa94-04c1-424b-9868-57a2d4851a1d" relativeResultsDirectory="ac443f94-0f28-47d4-8652-0766a0f91d81" />
    <UnitTestResult executionId="28dbc96d-66bc-4a25-8ac9-0dfdc99647ff" testId="ef499aef-42f7-0728-6a9f-31627f63d83a" testName="Microsoft.AspNetCore.Components.Test.ComponentBaseTest.RunsOnParametersSetAsyncAlsoOnBaseClassWhenRendered" computerName="pkrvmbietmlfzoi" duration="00:00:00.0006041" startTime="2025-07-02T22:04:17.9359848+00:00" endTime="2025-07-02T22:04:17.9380233+00:00" testType="13cdc9d9-ddb5-4fa4-a97d-d965ccfc6d4b" outcome="Passed" testListId="8c84fa94-04c1-424b-9868-57a2d4851a1d" relativeResultsDirectory="28dbc96d-66bc-4a25-8ac9-0dfdc99647ff" />
    <UnitTestResult executionId="7a027aca-6262-4ddb-8638-8267da1f63ae" testId="126e9b27-9086-add0-76df-2e01519124fe" testName="Microsoft.AspNetCore.Components.RenderTree.ArrayBuilderTest.DoubleDispose_DoesNotReturnBufferTwice" computerName="pkrvmbietmlfzoi" duration="00:00:00.0002688" startTime="2025-07-02T22:04:17.3718139+00:00" endTime="2025-07-02T22:04:17.3719161+00:00" testType="13cdc9d9-ddb5-4fa4-a97d-d965ccfc6d4b" outcome="Passed" testListId="8c84fa94-04c1-424b-9868-57a2d4851a1d" relativeResultsDirectory="7a027aca-6262-4ddb-8638-8267da1f63ae" />
    <UnitTestResult executionId="141410c4-ffe0-4839-b792-d6db36dfcb95" testId="c7186a22-56df-6679-bd7a-5e070fbd5941" testName="Microsoft.AspNetCore.Components.Routing.RouterTest.UsesNotFoundContentIfSpecified" computerName="pkrvmbietmlfzoi" duration="00:00:00.0015483" startTime="2025-07-02T22:04:17.6697779+00:00" endTime="2025-07-02T22:04:17.6739973+00:00" testType="13cdc9d9-ddb5-4fa4-a97d-d965ccfc6d4b" outcome="Passed" testListId="8c84fa94-04c1-424b-9868-57a2d4851a1d" relativeResultsDirectory="141410c4-ffe0-4839-b792-d6db36dfcb95" />
    <UnitTestResult executionId="95144e61-8b11-47ad-9f78-7456ca25fe2a" testId="2cad99bf-06a6-ea62-b2e9-31b4cc727bdf" testName="Microsoft.AspNetCore.Components.Test.RenderTreeDiffBuilderTest.AttributeDiff_WithSameSequenceNumber_AttributeAddedAtStart" computerName="pkrvmbietmlfzoi" duration="00:00:00.0005991" startTime="2025-07-02T22:04:17.9545046+00:00" endTime="2025-07-02T22:04:17.9559765+00:00" testType="13cdc9d9-ddb5-4fa4-a97d-d965ccfc6d4b" outcome="Passed" testListId="8c84fa94-04c1-424b-9868-57a2d4851a1d" relativeResultsDirectory="95144e61-8b11-47ad-9f78-7456ca25fe2a" />
    <UnitTestResult executionId="b7b488f3-cb1e-44c0-8ca5-c0f5a9fb1f8a" testId="1080a8fb-c4f5-1740-e9b9-cd24db7a0bc9" testName="Microsoft.AspNetCore.Components.PersistentStateValueProviderTests.PersistAsync_CanPersistMultipleComponentsOfSameType_SupportsDifferentKeyTypes(componentKey1: 'A', componentKey2: 'B')" computerName="pkrvmbietmlfzoi" duration="00:00:00.0007968" startTime="2025-07-02T22:04:17.5296880+00:00" endTime="2025-07-02T22:04:17.5301810+00:00" testType="13cdc9d9-ddb5-4fa4-a97d-d965ccfc6d4b" outcome="Passed" testListId="8c84fa94-04c1-424b-9868-57a2d4851a1d" relativeResultsDirectory="b7b488f3-cb1e-44c0-8ca5-c0f5a9fb1f8a" />
    <UnitTestResult executionId="0f7e0c45-0670-4e34-b1a2-d10738b120b3" testId="393e481b-158c-75bb-3e76-8ea5ce6b7bcb" testName="Microsoft.AspNetCore.Components.Routing.RouteTableFactoryTests.DoesNotMatchIfConstraintDoesNotMatch(template: &quot;/{value:datetime}&quot;, contextUrl: &quot;/1955-01-32&quot;)" computerName="pkrvmbietmlfzoi" duration="00:00:00.0004008" startTime="2025-07-02T22:04:17.7808978+00:00" endTime="2025-07-02T22:04:17.7813756+00:00" testType="13cdc9d9-ddb5-4fa4-a97d-d965ccfc6d4b" outcome="Passed" testListId="8c84fa94-04c1-424b-9868-57a2d4851a1d" relativeResultsDirectory="0f7e0c45-0670-4e34-b1a2-d10738b120b3" />
    <UnitTestResult executionId="d9685d68-d514-40e4-a2cc-12862369395b" testId="52c433ec-c6e9-b49a-7f64-e9d908c22a99" testName="Microsoft.AspNetCore.Components.EventCallbackFactoryBinderExtensionsTest.CreateBinder_NullableDateTime_Format" computerName="pkrvmbietmlfzoi" duration="00:00:00.0118001" startTime="2025-07-02T22:04:17.8085333+00:00" endTime="2025-07-02T22:04:17.8220356+00:00" testType="13cdc9d9-ddb5-4fa4-a97d-d965ccfc6d4b" outcome="Passed" testListId="8c84fa94-04c1-424b-9868-57a2d4851a1d" relativeResultsDirectory="d9685d68-d514-40e4-a2cc-12862369395b" />
    <UnitTestResult executionId="1a107199-0dbc-49cf-ae5d-79e728a02c3c" testId="9a7d5f40-4e7e-6a86-547c-7a257976cbd9" testName="Microsoft.AspNetCore.Components.Test.RendererTest.HandlesNestedElementCapturesDuringRefresh" computerName="pkrvmbietmlfzoi" duration="00:00:00.0006882" startTime="2025-07-02T22:04:19.3212674+00:00" endTime="2025-07-02T22:04:19.3213915+00:00" testType="13cdc9d9-ddb5-4fa4-a97d-d965ccfc6d4b" outcome="Passed" testListId="8c84fa94-04c1-424b-9868-57a2d4851a1d" relativeResultsDirectory="1a107199-0dbc-49cf-ae5d-79e728a02c3c" />
    <UnitTestResult executionId="8eb51b3f-e526-4ee4-ab52-cc64019d5489" testId="6e668264-e363-e2af-c9e8-b013fdced82a" testName="Microsoft.AspNetCore.Components.OwningComponentBaseTest.CreatesScopeAndService" computerName="pkrvmbietmlfzoi" duration="00:00:00.0066994" startTime="2025-07-02T22:04:17.9158223+00:00" endTime="2025-07-02T22:04:17.9246753+00:00" testType="13cdc9d9-ddb5-4fa4-a97d-d965ccfc6d4b" outcome="Passed" testListId="8c84fa94-04c1-424b-9868-57a2d4851a1d" relativeResultsDirectory="8eb51b3f-e526-4ee4-ab52-cc64019d5489" />
    <UnitTestResult executionId="3caedef4-e12d-4dfe-963e-9d0dfe7ca793" testId="f981ef23-60f4-612d-88c7-df81d7933025" testName="Microsoft.AspNetCore.Components.EventCallbackFactoryBinderExtensionsTest.CreateBinder_NullableDateTime" computerName="pkrvmbietmlfzoi" duration="00:00:00.0029100" startTime="2025-07-02T22:04:17.9047487+00:00" endTime="2025-07-02T22:04:17.9090823+00:00" testType="13cdc9d9-ddb5-4fa4-a97d-d965ccfc6d4b" outcome="Passed" testListId="8c84fa94-04c1-424b-9868-57a2d4851a1d" relativeResultsDirectory="3caedef4-e12d-4dfe-963e-9d0dfe7ca793" />
    <UnitTestResult executionId="b4557e98-276f-42bd-87b3-51a3fe201cab" testId="7a5c5fca-2850-ba37-238f-51475a3a9734" testName="Microsoft.AspNetCore.Components.ParameterViewTest.SettingCaptureUnmatchedValuesParameterExplicitlyWorks" computerName="pkrvmbietmlfzoi" duration="00:00:00.0001932" startTime="2025-07-02T22:04:17.4569956+00:00" endTime="2025-07-02T22:04:17.4570942+00:00" testType="13cdc9d9-ddb5-4fa4-a97d-d965ccfc6d4b" outcome="Passed" testListId="8c84fa94-04c1-424b-9868-57a2d4851a1d" relativeResultsDirectory="b4557e98-276f-42bd-87b3-51a3fe201cab" />
    <UnitTestResult executionId="2527388f-ddf4-40f4-8279-0ca811b10a6b" testId="b7845604-90f4-4c19-c812-15897234630b" testName="Microsoft.AspNetCore.Components.Routing.RoutePatternParserTests.Parse_SingleCatchAllParameter(parsedTemplate: &quot;p&quot;, template: &quot;{*p}&quot;)" computerName="pkrvmbietmlfzoi" duration="00:00:00.0002952" startTime="2025-07-02T22:04:17.8259497+00:00" endTime="2025-07-02T22:04:17.8264255+00:00" testType="13cdc9d9-ddb5-4fa4-a97d-d965ccfc6d4b" outcome="Passed" testListId="8c84fa94-04c1-424b-9868-57a2d4851a1d" relativeResultsDirectory="2527388f-ddf4-40f4-8279-0ca811b10a6b" />
    <UnitTestResult executionId="64d91a52-1550-4790-a787-bc44def7280b" testId="5dfd0924-30fb-e241-4081-0266b6f4c8ea" testName="Microsoft.AspNetCore.Components.EventCallbackTest.EventCallback_FuncTTask_Arg_ValueType" computerName="pkrvmbietmlfzoi" duration="00:00:00.0009749" startTime="2025-07-02T22:04:17.9433075+00:00" endTime="2025-07-02T22:04:17.9435509+00:00" testType="13cdc9d9-ddb5-4fa4-a97d-d965ccfc6d4b" outcome="Passed" testListId="8c84fa94-04c1-424b-9868-57a2d4851a1d" relativeResultsDirectory="64d91a52-1550-4790-a787-bc44def7280b" />
    <UnitTestResult executionId="319839e6-d3a7-4dff-bae6-9385856b186b" testId="44fd4c01-fabe-78a1-bed7-931b9311ea1f" testName="Microsoft.AspNetCore.Components.Test.RendererTest.CanRenderAsyncTopLevelComponents" computerName="pkrvmbietmlfzoi" duration="00:00:00.0019842" startTime="2025-07-02T22:04:19.2991265+00:00" endTime="2025-07-02T22:04:19.3013879+00:00" testType="13cdc9d9-ddb5-4fa4-a97d-d965ccfc6d4b" outcome="Passed" testListId="8c84fa94-04c1-424b-9868-57a2d4851a1d" relativeResultsDirectory="319839e6-d3a7-4dff-bae6-9385856b186b" />
    <UnitTestResult executionId="ee6033cc-6c6b-43aa-906c-dc0635e5ba93" testId="3949041a-d779-e1c3-707b-e4975ba46750" testName="Microsoft.AspNetCore.Components.Routing.RouteTableFactoryTests.CorrectlyMatchesVariableLengthSegments(path: &quot;/literal/value&quot;, expectedValue: &quot;value&quot;, first: &quot;literal&quot;, second: &quot;literal/{parameter?}&quot;, handler: typeof(Microsoft.AspNetCore.Components.Routing.RouteTableFactoryTests+TestHandler2))" computerName="pkrvmbietmlfzoi" duration="00:00:00.0036231" startTime="2025-07-02T22:04:17.7043155+00:00" endTime="2025-07-02T22:04:17.7134714+00:00" testType="13cdc9d9-ddb5-4fa4-a97d-d965ccfc6d4b" outcome="Passed" testListId="8c84fa94-04c1-424b-9868-57a2d4851a1d" relativeResultsDirectory="ee6033cc-6c6b-43aa-906c-dc0635e5ba93" />
    <UnitTestResult executionId="687e7328-4981-4f38-aa51-89de03b1c51d" testId="b0dcd56d-f1d6-d2ef-63cf-8ece759737e8" testName="Microsoft.AspNetCore.Components.ParameterViewTest.NoIncomingCascadingValueMatchesDeclaredCascadingParameter_LeavesValueUnchanged" computerName="pkrvmbietmlfzoi" duration="00:00:00.0024559" startTime="2025-07-02T22:04:17.5081529+00:00" endTime="2025-07-02T22:04:17.5088839+00:00" testType="13cdc9d9-ddb5-4fa4-a97d-d965ccfc6d4b" outcome="Passed" testListId="8c84fa94-04c1-424b-9868-57a2d4851a1d" relativeResultsDirectory="687e7328-4981-4f38-aa51-89de03b1c51d" />
    <UnitTestResult executionId="ca65abd5-176e-4d6b-863e-395207ba2bc4" testId="f57a68b8-550e-d06e-a08f-f698f6b7b611" testName="Microsoft.AspNetCore.Components.ComponentsMetricsTest.IsParametersEnabled_ReturnsCorrectState" computerName="pkrvmbietmlfzoi" duration="00:00:00.0002884" startTime="2025-07-02T22:04:17.6126827+00:00" endTime="2025-07-02T22:04:17.6129223+00:00" testType="13cdc9d9-ddb5-4fa4-a97d-d965ccfc6d4b" outcome="Passed" testListId="8c84fa94-04c1-424b-9868-57a2d4851a1d" relativeResultsDirectory="ca65abd5-176e-4d6b-863e-395207ba2bc4" />
    <UnitTestResult executionId="161ddb66-6e2f-40a4-a4e5-b71660f0fadb" testId="19efe6e3-4aba-c760-3a5a-97341f8a1c8d" testName="Microsoft.AspNetCore.Components.Routing.RouteTableFactoryTests.CanMatchOptionalParameterWithConstraint(template: &quot;/optional/{value:datetime?}&quot;, contextUrl: &quot;/optional/&quot;, convertedValue: null)" computerName="pkrvmbietmlfzoi" duration="00:00:00.0005702" startTime="2025-07-02T22:04:17.6073180+00:00" endTime="2025-07-02T22:04:17.6079415+00:00" testType="13cdc9d9-ddb5-4fa4-a97d-d965ccfc6d4b" outcome="Passed" testListId="8c84fa94-04c1-424b-9868-57a2d4851a1d" relativeResultsDirectory="161ddb66-6e2f-40a4-a4e5-b71660f0fadb" />
    <UnitTestResult executionId="1eaa99b8-4a1a-4242-9438-ce75296b63f7" testId="c464e156-ff9d-7b3c-a4bb-1d352844fd8b" testName="Microsoft.AspNetCore.Components.Test.RenderTreeDiffBuilderTest.RecognizesEquivalentFramesAsSame(appendFragment: RenderFragment { Method = Void &lt;RecognizesEquivalentFramesAsSameCases&gt;b__7_1(Microsoft.AspNetCore.Components.Rendering.RenderTreeBuilder), Target = &lt;&gt;c { } })" computerName="pkrvmbietmlfzoi" duration="00:00:00.0004967" startTime="2025-07-02T22:04:17.9270320+00:00" endTime="2025-07-02T22:04:17.9272272+00:00" testType="13cdc9d9-ddb5-4fa4-a97d-d965ccfc6d4b" outcome="Passed" testListId="8c84fa94-04c1-424b-9868-57a2d4851a1d" relativeResultsDirectory="1eaa99b8-4a1a-4242-9438-ce75296b63f7" />
    <UnitTestResult executionId="5040da97-f78f-4d27-8e87-a878c8b83ed8" testId="e56e0359-2305-d945-ce6d-0ae846957140" testName="Microsoft.AspNetCore.Components.Routing.RouteTableFactoryTests.IgnoresIdenticalTypes" computerName="pkrvmbietmlfzoi" duration="00:00:00.0011798" startTime="2025-07-02T22:04:17.8572063+00:00" endTime="2025-07-02T22:04:17.8607441+00:00" testType="13cdc9d9-ddb5-4fa4-a97d-d965ccfc6d4b" outcome="Passed" testListId="8c84fa94-04c1-424b-9868-57a2d4851a1d" relativeResultsDirectory="5040da97-f78f-4d27-8e87-a878c8b83ed8" />
    <UnitTestResult executionId="b0301e53-a174-47e6-9b10-96413c42555f" testId="c1fdeac6-c0ce-41c9-b650-4ce7e72544da" testName="Microsoft.AspNetCore.Components.ResourceAssetCollectionTest.ResourceAsset_CanSerializeAndDeserialize_WithRespectRequiredConstructorParameters" computerName="pkrvmbietmlfzoi" duration="00:00:00.0006854" startTime="2025-07-02T22:04:17.3889441+00:00" endTime="2025-07-02T22:04:17.3890320+00:00" testType="13cdc9d9-ddb5-4fa4-a97d-d965ccfc6d4b" outcome="Passed" testListId="8c84fa94-04c1-424b-9868-57a2d4851a1d" relativeResultsDirectory="b0301e53-a174-47e6-9b10-96413c42555f" />
    <UnitTestResult executionId="31c981b9-80be-4763-9956-219805278bdb" testId="16a3a029-2253-a7fb-b931-957fa142a5f8" testName="Microsoft.AspNetCore.Components.Routing.RoutePatternParserTests.InvalidTemplate_WithMismatchedBraces(template: &quot;Literal/{p&quot;, expectedMessage: &quot;There is an incomplete parameter in the route temp&quot;···)" computerName="pkrvmbietmlfzoi" duration="00:00:00.0002581" startTime="2025-07-02T22:04:17.8398023+00:00" endTime="2025-07-02T22:04:17.8399767+00:00" testType="13cdc9d9-ddb5-4fa4-a97d-d965ccfc6d4b" outcome="Passed" testListId="8c84fa94-04c1-424b-9868-57a2d4851a1d" relativeResultsDirectory="31c981b9-80be-4763-9956-219805278bdb" />
    <UnitTestResult executionId="d74ee279-0d3b-4543-a978-6b34d10e9102" testId="0a7cf376-32f4-f2f3-2805-ce0ea3a902d5" testName="Microsoft.AspNetCore.Components.Test.RendererTest.ThrowsForUnknownRenderMode_AtCallSite" computerName="pkrvmbietmlfzoi" duration="00:00:00.0007470" startTime="2025-07-02T22:04:18.0107160+00:00" endTime="2025-07-02T22:04:18.0110487+00:00" testType="13cdc9d9-ddb5-4fa4-a97d-d965ccfc6d4b" outcome="Passed" testListId="8c84fa94-04c1-424b-9868-57a2d4851a1d" relativeResultsDirectory="d74ee279-0d3b-4543-a978-6b34d10e9102" />
    <UnitTestResult executionId="ba05495d-2a9b-48b5-b66d-0333f0e9b133" testId="a1966e14-6367-baf1-7df0-add3f329d6ee" testName="Microsoft.AspNetCore.Components.Test.RendererTest.ExceptionsThrownAsynchronouslyDuringFirstRenderCanBeHandled" computerName="pkrvmbietmlfzoi" duration="00:00:00.0017273" startTime="2025-07-02T22:04:19.3146349+00:00" endTime="2025-07-02T22:04:19.3166201+00:00" testType="13cdc9d9-ddb5-4fa4-a97d-d965ccfc6d4b" outcome="Passed" testListId="8c84fa94-04c1-424b-9868-57a2d4851a1d" relativeResultsDirectory="ba05495d-2a9b-48b5-b66d-0333f0e9b133" />
    <UnitTestResult executionId="229255b5-e491-4efe-8046-c3ef77815804" testId="493eac30-9a2e-c0a5-b279-4d707c07c29c" testName="Microsoft.AspNetCore.Components.Routing.RoutePatternParserTests.Parse_SingleCatchAllParameter(parsedTemplate: &quot;p&quot;, template: &quot;{**p}&quot;)" computerName="pkrvmbietmlfzoi" duration="00:00:00.0002146" startTime="2025-07-02T22:04:17.8266108+00:00" endTime="2025-07-02T22:04:17.8290412+00:00" testType="13cdc9d9-ddb5-4fa4-a97d-d965ccfc6d4b" outcome="Passed" testListId="8c84fa94-04c1-424b-9868-57a2d4851a1d" relativeResultsDirectory="229255b5-e491-4efe-8046-c3ef77815804" />
    <UnitTestResult executionId="b058f0e8-0b2e-44e4-b7fb-220044f6c36a" testId="a9698f6c-27a8-f8bf-21ae-915a84a6589e" testName="Microsoft.AspNetCore.Components.BindConverterTest.FormatValue_NullableBoolNull" computerName="pkrvmbietmlfzoi" duration="00:00:00.0028783" startTime="2025-07-02T22:04:17.4491452+00:00" endTime="2025-07-02T22:04:17.4492310+00:00" testType="13cdc9d9-ddb5-4fa4-a97d-d965ccfc6d4b" outcome="Passed" testListId="8c84fa94-04c1-424b-9868-57a2d4851a1d" relativeResultsDirectory="b058f0e8-0b2e-44e4-b7fb-220044f6c36a" />
    <UnitTestResult executionId="ee6101be-c1ac-469b-a7ae-7b124634501e" testId="04fa04f7-67bf-5a53-fa58-49cf14b25b0a" testName="Microsoft.AspNetCore.Components.BindConverterTest.FormatValue_TimeOnly" computerName="pkrvmbietmlfzoi" duration="00:00:00.0002397" startTime="2025-07-02T22:04:17.4247943+00:00" endTime="2025-07-02T22:04:17.4251060+00:00" testType="13cdc9d9-ddb5-4fa4-a97d-d965ccfc6d4b" outcome="Passed" testListId="8c84fa94-04c1-424b-9868-57a2d4851a1d" relativeResultsDirectory="ee6101be-c1ac-469b-a7ae-7b124634501e" />
    <UnitTestResult executionId="e64bc298-8092-4826-b8c4-b0ab80cf8d5c" testId="042e4b06-e811-fabf-dcfa-e5dde6ab6f37" testName="Microsoft.AspNetCore.Components.EventCallbackFactoryBinderExtensionsTest.CreateBinder_NullableInt" computerName="pkrvmbietmlfzoi" duration="00:00:00.0021426" startTime="2025-07-02T22:04:17.9429172+00:00" endTime="2025-07-02T22:04:17.9433795+00:00" testType="13cdc9d9-ddb5-4fa4-a97d-d965ccfc6d4b" outcome="Passed" testListId="8c84fa94-04c1-424b-9868-57a2d4851a1d" relativeResultsDirectory="e64bc298-8092-4826-b8c4-b0ab80cf8d5c" />
    <UnitTestResult executionId="5ad9eb76-3f8b-49c1-84c9-c3971c3fe3fc" testId="536aaee6-86fe-69b6-7612-60a8fd8ec277" testName="Microsoft.AspNetCore.Components.Routing.RouteTableFactoryTests.CanMatchOptionalParameterWithConstraint(template: &quot;/optional/{value:decimal?}&quot;, contextUrl: &quot;/optional/&quot;, convertedValue: null)" computerName="pkrvmbietmlfzoi" duration="00:00:00.0005427" startTime="2025-07-02T22:04:17.6081676+00:00" endTime="2025-07-02T22:04:17.6082952+00:00" testType="13cdc9d9-ddb5-4fa4-a97d-d965ccfc6d4b" outcome="Passed" testListId="8c84fa94-04c1-424b-9868-57a2d4851a1d" relativeResultsDirectory="5ad9eb76-3f8b-49c1-84c9-c3971c3fe3fc" />
    <UnitTestResult executionId="bba24749-61aa-49e1-9e57-4655b12d2fd1" testId="84668c7d-98a4-7570-225d-d17038a1f1cc" testName="Microsoft.AspNetCore.Components.Rendering.RendererSynchronizationContextTest.InvokeAsync_SyncWorkInAsyncTaskIsCompletedFirst" computerName="pkrvmbietmlfzoi" duration="00:00:00.2725366" startTime="2025-07-02T22:04:17.4533361+00:00" endTime="2025-07-02T22:04:17.7492741+00:00" testType="13cdc9d9-ddb5-4fa4-a97d-d965ccfc6d4b" outcome="Passed" testListId="8c84fa94-04c1-424b-9868-57a2d4851a1d" relativeResultsDirectory="bba24749-61aa-49e1-9e57-4655b12d2fd1" />
    <UnitTestResult executionId="5e970d45-ae31-49bb-8b41-9a31275c326a" testId="1ce90b87-815c-8390-5886-b9f392f35378" testName="Microsoft.AspNetCore.Components.Routing.RouteTableFactoryTests.PrefersLiteralTemplateOverTemplateWithParameters" computerName="pkrvmbietmlfzoi" duration="00:00:00.0006932" startTime="2025-07-02T22:04:17.8705240+00:00" endTime="2025-07-02T22:04:17.8743149+00:00" testType="13cdc9d9-ddb5-4fa4-a97d-d965ccfc6d4b" outcome="Passed" testListId="8c84fa94-04c1-424b-9868-57a2d4851a1d" relativeResultsDirectory="5e970d45-ae31-49bb-8b41-9a31275c326a" />
    <UnitTestResult executionId="fc7b8c98-f2c6-41f1-8941-034cef918a55" testId="857ea273-55fb-35b8-c39d-7ec2d5a3ddd8" testName="Microsoft.AspNetCore.Components.Routing.RouteTableFactoryTests.ThrowsWhenCatchAllIsNotTheLastSegment(template: &quot;prefix/{*catchall}/{parameter?}&quot;)" computerName="pkrvmbietmlfzoi" duration="00:00:00.0012744" startTime="2025-07-02T22:04:17.6862328+00:00" endTime="2025-07-02T22:04:17.6866672+00:00" testType="13cdc9d9-ddb5-4fa4-a97d-d965ccfc6d4b" outcome="Passed" testListId="8c84fa94-04c1-424b-9868-57a2d4851a1d" relativeResultsDirectory="fc7b8c98-f2c6-41f1-8941-034cef918a55" />
    <UnitTestResult executionId="dd95a128-2962-4f90-ba5a-543ef91d5774" testId="ea740c46-55ff-040b-d2aa-c02d600745bd" testName="Microsoft.AspNetCore.Components.Routing.QueryParameterValueSupplierTest.RejectsUnparseableValues(key: &quot;NullableBoolVal&quot;, value: &quot;abc&quot;, targetType: typeof(bool?))" computerName="pkrvmbietmlfzoi" duration="00:00:00.0008043" startTime="2025-07-02T22:04:17.7129651+00:00" endTime="2025-07-02T22:04:17.7130667+00:00" testType="13cdc9d9-ddb5-4fa4-a97d-d965ccfc6d4b" outcome="Passed" testListId="8c84fa94-04c1-424b-9868-57a2d4851a1d" relativeResultsDirectory="dd95a128-2962-4f90-ba5a-543ef91d5774" />
    <UnitTestResult executionId="6811d11f-1e08-417c-b4d2-fbf7b83d9644" testId="4ed83c5c-4dd0-01ce-78f5-bebf1374b931" testName="Microsoft.AspNetCore.Components.Test.RendererTest.CanRenderNestedComponents" computerName="pkrvmbietmlfzoi" duration="00:00:00.0011740" startTime="2025-07-02T22:04:18.1914490+00:00" endTime="2025-07-02T22:04:18.1926096+00:00" testType="13cdc9d9-ddb5-4fa4-a97d-d965ccfc6d4b" outcome="Passed" testListId="8c84fa94-04c1-424b-9868-57a2d4851a1d" relativeResultsDirectory="6811d11f-1e08-417c-b4d2-fbf7b83d9644" />
    <UnitTestResult executionId="5b9242c7-7e37-415f-a37d-4b08dca23a86" testId="11624a09-d6d0-82b9-3c5b-4336e9420aed" testName="Microsoft.AspNetCore.Components.Routing.RouteTableFactoryTests.DoesNotThrowForNonAmbiguousRoutes(first: &quot;{*catchAll:int}&quot;, second: &quot;{optional?}&quot;)" computerName="pkrvmbietmlfzoi" duration="00:00:00.0002868" startTime="2025-07-02T22:04:17.5671190+00:00" endTime="2025-07-02T22:04:17.5676184+00:00" testType="13cdc9d9-ddb5-4fa4-a97d-d965ccfc6d4b" outcome="Passed" testListId="8c84fa94-04c1-424b-9868-57a2d4851a1d" relativeResultsDirectory="5b9242c7-7e37-415f-a37d-4b08dca23a86" />
    <UnitTestResult executionId="ea29f80c-c901-4234-a96d-67c2d33a90d8" testId="204ec68e-f4d9-ea5a-48a6-fd1ffb82ba4a" testName="Microsoft.AspNetCore.Components.PersistentStateValueProviderTests.PersistAsync_CanPersistValueTypes_NullableTupleProperty" computerName="pkrvmbietmlfzoi" duration="00:00:00.0250892" startTime="2025-07-02T22:04:17.3935324+00:00" endTime="2025-07-02T22:04:17.4080442+00:00" testType="13cdc9d9-ddb5-4fa4-a97d-d965ccfc6d4b" outcome="Passed" testListId="8c84fa94-04c1-424b-9868-57a2d4851a1d" relativeResultsDirectory="ea29f80c-c901-4234-a96d-67c2d33a90d8" />
    <UnitTestResult executionId="151fe50d-a541-41a4-baa5-87154211d79b" testId="26f706b2-b0e6-bc2b-a670-abcd95d20de6" testName="Microsoft.AspNetCore.Components.Test.RendererTest.DisposingRenderer_CapturesExceptionsFromAllRegisteredComponents" computerName="pkrvmbietmlfzoi" duration="00:00:00.0011837" startTime="2025-07-02T22:04:18.0171116+00:00" endTime="2025-07-02T22:04:18.0171574+00:00" testType="13cdc9d9-ddb5-4fa4-a97d-d965ccfc6d4b" outcome="Passed" testListId="8c84fa94-04c1-424b-9868-57a2d4851a1d" relativeResultsDirectory="151fe50d-a541-41a4-baa5-87154211d79b" />
    <UnitTestResult executionId="40618ec5-a3b3-4d27-8628-265dc2b06b13" testId="2ad9c2a2-ff47-f9ea-aefc-784a106907f1" testName="Microsoft.AspNetCore.Components.Test.RendererTest.DoesNotDispatchEventsAfterOwnerComponentIsDisposed" computerName="pkrvmbietmlfzoi" duration="00:00:00.0015418" startTime="2025-07-02T22:04:19.3291737+00:00" endTime="2025-07-02T22:04:19.3306792+00:00" testType="13cdc9d9-ddb5-4fa4-a97d-d965ccfc6d4b" outcome="Passed" testListId="8c84fa94-04c1-424b-9868-57a2d4851a1d" relativeResultsDirectory="40618ec5-a3b3-4d27-8628-265dc2b06b13" />
    <UnitTestResult executionId="362d1f05-e17e-4708-ad1e-05d111d4082a" testId="1f54398c-5f12-90e2-7cb6-f40a4a03dee3" testName="Microsoft.AspNetCore.Components.ComponentStatePersistenceManagerTest.PersistStateAsync_CallbacksAreRemovedWhenSubscriptionsAreDisposed" computerName="pkrvmbietmlfzoi" duration="00:00:00.0011182" startTime="2025-07-02T22:04:17.9588611+00:00" endTime="2025-07-02T22:04:17.9640396+00:00" testType="13cdc9d9-ddb5-4fa4-a97d-d965ccfc6d4b" outcome="Passed" testListId="8c84fa94-04c1-424b-9868-57a2d4851a1d" relativeResultsDirectory="362d1f05-e17e-4708-ad1e-05d111d4082a" />
    <UnitTestResult executionId="d0f3e7d7-d4b3-41cd-b7ee-7c175667a329" testId="a69b75f0-b266-97b1-d1d6-739d52dc643a" testName="Microsoft.AspNetCore.Components.EventCallbackFactoryTest.Create_FuncTTask_AlreadyBoundToReceiver" computerName="pkrvmbietmlfzoi" duration="00:00:00.0002006" startTime="2025-07-02T22:04:17.6396297+00:00" endTime="2025-07-02T22:04:17.6396844+00:00" testType="13cdc9d9-ddb5-4fa4-a97d-d965ccfc6d4b" outcome="Passed" testListId="8c84fa94-04c1-424b-9868-57a2d4851a1d" relativeResultsDirectory="d0f3e7d7-d4b3-41cd-b7ee-7c175667a329" />
    <UnitTestResult executionId="6db881ab-1a05-490c-90eb-23a742a11472" testId="e9450c59-b118-fb16-4680-827acfe5a390" testName="Microsoft.AspNetCore.Components.Test.RenderTreeDiffBuilderTest.CanRemoveOldAttributeAtArrayBuilderSizeBoundary" computerName="pkrvmbietmlfzoi" duration="00:00:00.0008704" startTime="2025-07-02T22:04:17.9754663+00:00" endTime="2025-07-02T22:04:17.9758733+00:00" testType="13cdc9d9-ddb5-4fa4-a97d-d965ccfc6d4b" outcome="Passed" testListId="8c84fa94-04c1-424b-9868-57a2d4851a1d" relativeResultsDirectory="6db881ab-1a05-490c-90eb-23a742a11472" />
    <UnitTestResult executionId="5c2ecc28-2059-452b-b3fd-9f389a6000b4" testId="31b0bba9-afe2-39d5-f6be-7a3d9635195e" testName="Microsoft.AspNetCore.Components.Test.RenderTreeDiffBuilderTest.RecognizesAttributesAdded" computerName="pkrvmbietmlfzoi" duration="00:00:00.0004395" startTime="2025-07-02T22:04:17.9829315+00:00" endTime="2025-07-02T22:04:17.9830080+00:00" testType="13cdc9d9-ddb5-4fa4-a97d-d965ccfc6d4b" outcome="Passed" testListId="8c84fa94-04c1-424b-9868-57a2d4851a1d" relativeResultsDirectory="5c2ecc28-2059-452b-b3fd-9f389a6000b4" />
    <UnitTestResult executionId="e97876c6-2471-427e-85b0-99cb30993fd1" testId="5eed8b2d-86c7-2bab-76f3-81386fb29154" testName="Microsoft.AspNetCore.Components.EventCallbackFactoryBinderExtensionsTest.CreateBinder_NumericType_WithInvariantCulture" computerName="pkrvmbietmlfzoi" duration="00:00:00.0010000" startTime="2025-07-02T22:04:17.6896555+00:00" endTime="2025-07-02T22:04:17.6924130+00:00" testType="13cdc9d9-ddb5-4fa4-a97d-d965ccfc6d4b" outcome="NotExecuted" testListId="8c84fa94-04c1-424b-9868-57a2d4851a1d" relativeResultsDirectory="e97876c6-2471-427e-85b0-99cb30993fd1">
      <Output>
        <ErrorInfo>
          <Message>https://github.com/dotnet/aspnetcore/issues/30312</Message>
        </ErrorInfo>
      </Output>
    </UnitTestResult>
    <UnitTestResult executionId="17a097bf-c7a9-44f7-8922-1387106ebfd7" testId="e3421d6f-c005-7ae0-7267-75090d5d450a" testName="Microsoft.AspNetCore.Components.Test.RenderTreeDiffBuilderTest.HandlesAdjacentItemsBeingRemovedAndInsertedAtOnce" computerName="pkrvmbietmlfzoi" duration="00:00:00.0005583" startTime="2025-07-02T22:04:17.9569617+00:00" endTime="2025-07-02T22:04:17.9585344+00:00" testType="13cdc9d9-ddb5-4fa4-a97d-d965ccfc6d4b" outcome="Passed" testListId="8c84fa94-04c1-424b-9868-57a2d4851a1d" relativeResultsDirectory="17a097bf-c7a9-44f7-8922-1387106ebfd7" />
    <UnitTestResult executionId="121eff36-0988-449f-bd30-402579253038" testId="69de5064-9530-8522-5aca-3f925924187c" testName="Microsoft.AspNetCore.Components.RenderTree.ArrayBuilderTest.Overwrite_Works" computerName="pkrvmbietmlfzoi" duration="00:00:00.0004959" startTime="2025-07-02T22:04:17.3728498+00:00" endTime="2025-07-02T22:04:17.3729462+00:00" testType="13cdc9d9-ddb5-4fa4-a97d-d965ccfc6d4b" outcome="Passed" testListId="8c84fa94-04c1-424b-9868-57a2d4851a1d" relativeResultsDirectory="121eff36-0988-449f-bd30-402579253038" />
    <UnitTestResult executionId="4f993b3d-5ab7-4d5c-bf1d-9a589d21b091" testId="e678fbaa-7323-aa6f-5bb0-13e375e0cb85" testName="Microsoft.AspNetCore.Components.Routing.RouteTableFactoryTests.CanMatchCatchAllParameterTemplate(path: &quot;/blog/value1/foo%20bar&quot;, expectedValue: &quot;value1/foo bar&quot;)" computerName="pkrvmbietmlfzoi" duration="00:00:00.0028966" startTime="2025-07-02T22:04:17.6655025+00:00" endTime="2025-07-02T22:04:17.6685915+00:00" testType="13cdc9d9-ddb5-4fa4-a97d-d965ccfc6d4b" outcome="Passed" testListId="8c84fa94-04c1-424b-9868-57a2d4851a1d" relativeResultsDirectory="4f993b3d-5ab7-4d5c-bf1d-9a589d21b091" />
    <UnitTestResult executionId="f59345f3-c594-4e48-bcbe-c710b806f33a" testId="bcb7791d-8e14-f6cb-e4f9-38b151f93373" testName="Microsoft.AspNetCore.Components.Test.RenderTreeUpdaterTest.UpdatesOnlyMatchingAttributeValue" computerName="pkrvmbietmlfzoi" duration="00:00:00.0023201" startTime="2025-07-02T22:04:17.4104924+00:00" endTime="2025-07-02T22:04:17.4105846+00:00" testType="13cdc9d9-ddb5-4fa4-a97d-d965ccfc6d4b" outcome="Passed" testListId="8c84fa94-04c1-424b-9868-57a2d4851a1d" relativeResultsDirectory="f59345f3-c594-4e48-bcbe-c710b806f33a" />
    <UnitTestResult executionId="d44f8355-4566-4818-9489-632deeccdbfb" testId="f480a864-40bc-ce21-db2b-46e6d9e6c305" testName="Microsoft.AspNetCore.Components.Routing.RouteKeyTest.RouteKey_WithAdditionalAssemblies_DifferentAppAssemblies" computerName="pkrvmbietmlfzoi" duration="00:00:00.0002553" startTime="2025-07-02T22:04:17.8658311+00:00" endTime="2025-07-02T22:04:17.8661972+00:00" testType="13cdc9d9-ddb5-4fa4-a97d-d965ccfc6d4b" outcome="Passed" testListId="8c84fa94-04c1-424b-9868-57a2d4851a1d" relativeResultsDirectory="d44f8355-4566-4818-9489-632deeccdbfb" />
    <UnitTestResult executionId="fe496eaf-0536-42dd-b534-f91a7625af67" testId="1b941564-9443-a0d0-72fe-46969b83763a" testName="Microsoft.AspNetCore.Components.EventCallbackFactoryBinderExtensionsTest.CreateBinder_NullableBool" computerName="pkrvmbietmlfzoi" duration="00:00:00.0018255" startTime="2025-07-02T22:04:17.8606490+00:00" endTime="2025-07-02T22:04:17.8620283+00:00" testType="13cdc9d9-ddb5-4fa4-a97d-d965ccfc6d4b" outcome="Passed" testListId="8c84fa94-04c1-424b-9868-57a2d4851a1d" relativeResultsDirectory="fe496eaf-0536-42dd-b534-f91a7625af67" />
    <UnitTestResult executionId="68d6d19c-a754-407a-ba84-1e1eb63d3bc7" testId="a9f7def6-0d13-f066-9e7a-f4a1eb9afe32" testName="Microsoft.AspNetCore.Components.Test.RendererTest.RenderBatch_ReportsSynchronousCancelationsAsErrors" computerName="pkrvmbietmlfzoi" duration="00:00:00.0006489" startTime="2025-07-02T22:04:19.2916446+00:00" endTime="2025-07-02T22:04:19.2922207+00:00" testType="13cdc9d9-ddb5-4fa4-a97d-d965ccfc6d4b" outcome="Passed" testListId="8c84fa94-04c1-424b-9868-57a2d4851a1d" relativeResultsDirectory="68d6d19c-a754-407a-ba84-1e1eb63d3bc7" />
    <UnitTestResult executionId="b0b9f053-cf5b-42fe-8244-a6a53e05c33f" testId="c0ea6c78-235b-2eb3-3fcc-01a2d57402d0" testName="Microsoft.AspNetCore.Components.Routing.QueryParameterValueSupplierTest.RejectsUnparseableArrayEntries(key: &quot;DecimalVals&quot;, validValue: &quot;1.23&quot;, invalidValue: &quot;1.2.3&quot;, targetType: typeof(decimal))" computerName="pkrvmbietmlfzoi" duration="00:00:00.0000509" startTime="2025-07-02T22:04:17.7562314+00:00" endTime="2025-07-02T22:04:17.7563371+00:00" testType="13cdc9d9-ddb5-4fa4-a97d-d965ccfc6d4b" outcome="Passed" testListId="8c84fa94-04c1-424b-9868-57a2d4851a1d" relativeResultsDirectory="b0b9f053-cf5b-42fe-8244-a6a53e05c33f" />
    <UnitTestResult executionId="96690d15-dba2-46e8-98df-7b1ff27d69a4" testId="2a7a5144-ae6a-53c0-7d6e-36d0260f6539" testName="Microsoft.AspNetCore.Components.EventCallbackTest.EventCallbackOfT_Action_IgnoresArg" computerName="pkrvmbietmlfzoi" duration="00:00:00.0010529" startTime="2025-07-02T22:04:17.9329781+00:00" endTime="2025-07-02T22:04:17.9348759+00:00" testType="13cdc9d9-ddb5-4fa4-a97d-d965ccfc6d4b" outcome="Passed" testListId="8c84fa94-04c1-424b-9868-57a2d4851a1d" relativeResultsDirectory="96690d15-dba2-46e8-98df-7b1ff27d69a4" />
    <UnitTestResult executionId="b98ea774-e6ea-4885-988a-27508214350a" testId="5a8268a4-4752-8999-8cbb-fa75a5459e1c" testName="Microsoft.AspNetCore.Components.RenderTree.StackObjectPoolTest.CannotReturnMismatchingTrackedItem" computerName="pkrvmbietmlfzoi" duration="00:00:00.0020711" startTime="2025-07-02T22:04:17.4020284+00:00" endTime="2025-07-02T22:04:17.4025299+00:00" testType="13cdc9d9-ddb5-4fa4-a97d-d965ccfc6d4b" outcome="Passed" testListId="8c84fa94-04c1-424b-9868-57a2d4851a1d" relativeResultsDirectory="b98ea774-e6ea-4885-988a-27508214350a" />
    <UnitTestResult executionId="507116df-6ee4-4f19-9dca-20343b093d91" testId="5c5c39e8-4d1e-8571-9c73-7c5a4e8cc8b9" testName="Microsoft.AspNetCore.Components.Routing.RouteTableFactoryTests.OptionalParameterPlusCatchAllRoute(template: &quot;/{parameter?}/{*catchAll}&quot;, path: &quot;/value/1&quot;, parameterValue: &quot;value&quot;, catchAllValue: &quot;1&quot;)" computerName="pkrvmbietmlfzoi" duration="00:00:00.0003611" startTime="2025-07-02T22:04:17.6745317+00:00" endTime="2025-07-02T22:04:17.6746335+00:00" testType="13cdc9d9-ddb5-4fa4-a97d-d965ccfc6d4b" outcome="Passed" testListId="8c84fa94-04c1-424b-9868-57a2d4851a1d" relativeResultsDirectory="507116df-6ee4-4f19-9dca-20343b093d91" />
    <UnitTestResult executionId="3bb65fbd-182d-4107-a951-fe2f064b90a2" testId="bdd242b8-9361-9f1d-34eb-3d7ce4ce4af5" testName="Microsoft.AspNetCore.Components.Routing.RouteTableFactoryTests.CanCacheRouteTableWithDifferentAssembliesAndOrder" computerName="pkrvmbietmlfzoi" duration="00:00:00.0317762" startTime="2025-07-02T22:04:17.7201966+00:00" endTime="2025-07-02T22:04:17.7614829+00:00" testType="13cdc9d9-ddb5-4fa4-a97d-d965ccfc6d4b" outcome="Passed" testListId="8c84fa94-04c1-424b-9868-57a2d4851a1d" relativeResultsDirectory="3bb65fbd-182d-4107-a951-fe2f064b90a2" />
    <UnitTestResult executionId="fe1ffe88-cf61-452a-835f-c139d178b089" testId="443efaaf-b912-1dec-a0c1-59798b813375" testName="Microsoft.AspNetCore.Components.Test.RendererTest.DisposeCallsComponentDisposeOnSyncContext" computerName="pkrvmbietmlfzoi" duration="00:00:00.0004179" startTime="2025-07-02T22:04:18.0167979+00:00" endTime="2025-07-02T22:04:18.0168441+00:00" testType="13cdc9d9-ddb5-4fa4-a97d-d965ccfc6d4b" outcome="Passed" testListId="8c84fa94-04c1-424b-9868-57a2d4851a1d" relativeResultsDirectory="fe1ffe88-cf61-452a-835f-c139d178b089" />
    <UnitTestResult executionId="242a0cc3-de6d-4621-9f73-c01a46964543" testId="09bc19cc-a6c7-1d3e-9533-163f4c777c4e" testName="Microsoft.AspNetCore.Components.Routing.RouteTableFactoryTests.OptionalParameterPlusCatchAllRoute(template: &quot;prefix/{parameter?}/{*catchAll}&quot;, path: &quot;/prefix/&quot;, parameterValue: null, catchAllValue: null)" computerName="pkrvmbietmlfzoi" duration="00:00:00.0003259" startTime="2025-07-02T22:04:17.6739072+00:00" endTime="2025-07-02T22:04:17.6743129+00:00" testType="13cdc9d9-ddb5-4fa4-a97d-d965ccfc6d4b" outcome="Passed" testListId="8c84fa94-04c1-424b-9868-57a2d4851a1d" relativeResultsDirectory="242a0cc3-de6d-4621-9f73-c01a46964543" />
    <UnitTestResult executionId="0908cf6b-34c8-4eac-873a-a417ca129213" testId="68e1cb8f-726e-8055-f025-3bc54f1b35e6" testName="Microsoft.AspNetCore.Components.EventCallbackFactoryTest.CreateInferred_FuncTTask" computerName="pkrvmbietmlfzoi" duration="00:00:00.0010569" startTime="2025-07-02T22:04:17.6173134+00:00" endTime="2025-07-02T22:04:17.6174422+00:00" testType="13cdc9d9-ddb5-4fa4-a97d-d965ccfc6d4b" outcome="Passed" testListId="8c84fa94-04c1-424b-9868-57a2d4851a1d" relativeResultsDirectory="0908cf6b-34c8-4eac-873a-a417ca129213" />
    <UnitTestResult executionId="2cea1ef0-9b7a-438c-8592-9f2bf9ead4d9" testId="2eb88ddd-f558-856d-3cfd-ca331da0eb4f" testName="Microsoft.AspNetCore.Components.Routing.QueryParameterValueSupplierTest.RejectsBlankValuesWhenNotNullable(key: &quot;DoubleVal&quot;, targetType: typeof(double))" computerName="pkrvmbietmlfzoi" duration="00:00:00.0000667" startTime="2025-07-02T22:04:17.7661661+00:00" endTime="2025-07-02T22:04:17.7680068+00:00" testType="13cdc9d9-ddb5-4fa4-a97d-d965ccfc6d4b" outcome="Passed" testListId="8c84fa94-04c1-424b-9868-57a2d4851a1d" relativeResultsDirectory="2cea1ef0-9b7a-438c-8592-9f2bf9ead4d9" />
    <UnitTestResult executionId="0f2a2eeb-76fe-4aa6-96f9-71a64b4be28e" testId="daf2b54e-d30b-d6e1-7014-f6cdfd81b7b0" testName="Microsoft.AspNetCore.Components.Routing.QueryParameterValueSupplierTest.RejectsUnparseableValues(key: &quot;NullableFloatVal&quot;, value: &quot;1e1000&quot;, targetType: typeof(float?))" computerName="pkrvmbietmlfzoi" duration="00:00:00.0033950" startTime="2025-07-02T22:04:17.6578477+00:00" endTime="2025-07-02T22:04:17.6621637+00:00" testType="13cdc9d9-ddb5-4fa4-a97d-d965ccfc6d4b" outcome="Passed" testListId="8c84fa94-04c1-424b-9868-57a2d4851a1d" relativeResultsDirectory="0f2a2eeb-76fe-4aa6-96f9-71a64b4be28e" />
    <UnitTestResult executionId="29a543c7-4fe5-4c16-b53c-6e6b2c68f228" testId="a7f9f6b1-d415-3e22-23b3-e762fc255390" testName="Microsoft.AspNetCore.Components.Routing.RouteTableFactoryTests.ThrowsForLiteralWithQuestionMark" computerName="pkrvmbietmlfzoi" duration="00:00:00.0029503" startTime="2025-07-02T22:04:17.8174465+00:00" endTime="2025-07-02T22:04:17.8209573+00:00" testType="13cdc9d9-ddb5-4fa4-a97d-d965ccfc6d4b" outcome="Passed" testListId="8c84fa94-04c1-424b-9868-57a2d4851a1d" relativeResultsDirectory="29a543c7-4fe5-4c16-b53c-6e6b2c68f228" />
    <UnitTestResult executionId="33b5862f-ebe0-4c33-b733-b06004896c39" testId="e3184b48-eb0e-2245-afd4-a8e08abf3d07" testName="Microsoft.AspNetCore.Components.Routing.RoutePatternParserTests.Parse_MixedLiteralAndCatchAllParameter" computerName="pkrvmbietmlfzoi" duration="00:00:00.0001976" startTime="2025-07-02T22:04:17.8561697+00:00" endTime="2025-07-02T22:04:17.8565799+00:00" testType="13cdc9d9-ddb5-4fa4-a97d-d965ccfc6d4b" outcome="Passed" testListId="8c84fa94-04c1-424b-9868-57a2d4851a1d" relativeResultsDirectory="33b5862f-ebe0-4c33-b733-b06004896c39" />
    <UnitTestResult executionId="a2cfd37c-2855-4292-bdc7-0a51919a564b" testId="9ac88fac-570d-d8ee-d408-62790ae958c8" testName="Microsoft.AspNetCore.Components.Routing.QueryParameterValueSupplierTest.RejectsUnparseableArrayEntries(key: &quot;IntVals&quot;, validValue: &quot;5000000&quot;, invalidValue: &quot;5000000000&quot;, targetType: typeof(int))" computerName="pkrvmbietmlfzoi" duration="00:00:00.0000588" startTime="2025-07-02T22:04:17.7555606+00:00" endTime="2025-07-02T22:04:17.7559648+00:00" testType="13cdc9d9-ddb5-4fa4-a97d-d965ccfc6d4b" outcome="Passed" testListId="8c84fa94-04c1-424b-9868-57a2d4851a1d" relativeResultsDirectory="a2cfd37c-2855-4292-bdc7-0a51919a564b" />
    <UnitTestResult executionId="d4c63fb3-c815-416d-a138-24848461df1e" testId="f02dc63b-ead9-3c5e-d37a-8d294dbfd3e9" testName="Microsoft.AspNetCore.Components.Rendering.RenderTreeBuilderTest.ReportsUnclosedElementAsInvalid" computerName="pkrvmbietmlfzoi" duration="00:00:00.0002964" startTime="2025-07-02T22:04:17.9410862+00:00" endTime="2025-07-02T22:04:17.9411329+00:00" testType="13cdc9d9-ddb5-4fa4-a97d-d965ccfc6d4b" outcome="Passed" testListId="8c84fa94-04c1-424b-9868-57a2d4851a1d" relativeResultsDirectory="d4c63fb3-c815-416d-a138-24848461df1e" />
    <UnitTestResult executionId="18d5b069-5894-40a9-a511-4e1e5c82d9db" testId="9c40fd8b-8ed6-80e2-e886-3cdff6a03bcc" testName="Microsoft.AspNetCore.Components.Rendering.RenderTreeBuilderTest.CanAddMultipleAttributes_AllowsNull" computerName="pkrvmbietmlfzoi" duration="00:00:00.0004519" startTime="2025-07-02T22:04:17.9302754+00:00" endTime="2025-07-02T22:04:17.9320742+00:00" testType="13cdc9d9-ddb5-4fa4-a97d-d965ccfc6d4b" outcome="Passed" testListId="8c84fa94-04c1-424b-9868-57a2d4851a1d" relativeResultsDirectory="18d5b069-5894-40a9-a511-4e1e5c82d9db" />
    <UnitTestResult executionId="ea49d164-592b-4dfc-9a32-7a2a643e8254" testId="4b2f3ef2-7fb2-5a93-2514-233028be4ddc" testName="Microsoft.AspNetCore.Components.RenderTree.ArrayBuilderTest.RemoveLast_Works" computerName="pkrvmbietmlfzoi" duration="00:00:00.0004356" startTime="2025-07-02T22:04:17.3575371+00:00" endTime="2025-07-02T22:04:17.3576485+00:00" testType="13cdc9d9-ddb5-4fa4-a97d-d965ccfc6d4b" outcome="Passed" testListId="8c84fa94-04c1-424b-9868-57a2d4851a1d" relativeResultsDirectory="ea49d164-592b-4dfc-9a32-7a2a643e8254" />
    <UnitTestResult executionId="4374ba7f-5235-400b-8ccd-988496613d81" testId="b9d0b4e5-54e6-b0eb-1dc1-b2b36b844cca" testName="Microsoft.AspNetCore.Components.ParameterViewTest.EnumerationStopsAtEndOfOwnerDescendants" computerName="pkrvmbietmlfzoi" duration="00:00:00.0003328" startTime="2025-07-02T22:04:17.5007252+00:00" endTime="2025-07-02T22:04:17.5008444+00:00" testType="13cdc9d9-ddb5-4fa4-a97d-d965ccfc6d4b" outcome="Passed" testListId="8c84fa94-04c1-424b-9868-57a2d4851a1d" relativeResultsDirectory="4374ba7f-5235-400b-8ccd-988496613d81" />
    <UnitTestResult executionId="12597995-d68d-4bbe-90e9-f69b7e8b7dc9" testId="313388aa-300e-4ea4-2b25-efd63fb97fae" testName="Microsoft.AspNetCore.Components.Test.CascadingParameterTest.CanUseTryAddPatternForCascadingValuesInServiceCollection_ValueFactory" computerName="pkrvmbietmlfzoi" duration="00:00:00.0006986" startTime="2025-07-02T22:04:17.6617853+00:00" endTime="2025-07-02T22:04:17.6642693+00:00" testType="13cdc9d9-ddb5-4fa4-a97d-d965ccfc6d4b" outcome="Passed" testListId="8c84fa94-04c1-424b-9868-57a2d4851a1d" relativeResultsDirectory="12597995-d68d-4bbe-90e9-f69b7e8b7dc9" />
    <UnitTestResult executionId="5eb2499d-20ad-4027-8553-0949c4cfb0ad" testId="c04fd714-3415-3208-f83e-aceca130e046" testName="Microsoft.AspNetCore.Components.Routing.QueryParameterValueSupplierTest.RejectsUnparseableArrayEntries(key: &quot;NullableDoubleVals&quot;, validValue: &quot;1&quot;, invalidValue: &quot;1x&quot;, targetType: typeof(double?))" computerName="pkrvmbietmlfzoi" duration="00:00:00.0000588" startTime="2025-07-02T22:04:17.7604214+00:00" endTime="2025-07-02T22:04:17.7605483+00:00" testType="13cdc9d9-ddb5-4fa4-a97d-d965ccfc6d4b" outcome="Passed" testListId="8c84fa94-04c1-424b-9868-57a2d4851a1d" relativeResultsDirectory="5eb2499d-20ad-4027-8553-0949c4cfb0ad" />
    <UnitTestResult executionId="0f5d2197-3fb1-4944-9cc9-d6c01a7b7abe" testId="b2b7cb61-79b5-ddd6-9ba1-bac08263a28d" testName="Microsoft.AspNetCore.Components.Routing.RouteKeyTest.RouteKey_WithAdditionalAssemblies_DifferentOrder" computerName="pkrvmbietmlfzoi" duration="00:00:00.0003590" startTime="2025-07-02T22:04:17.8653374+00:00" endTime="2025-07-02T22:04:17.8655073+00:00" testType="13cdc9d9-ddb5-4fa4-a97d-d965ccfc6d4b" outcome="Passed" testListId="8c84fa94-04c1-424b-9868-57a2d4851a1d" relativeResultsDirectory="0f5d2197-3fb1-4944-9cc9-d6c01a7b7abe" />
    <UnitTestResult executionId="860bd6f6-2216-448f-a6cc-ed72f979bad8" testId="4b1d891e-638c-5bdc-ffb0-c1810b2c53c7" testName="Microsoft.AspNetCore.Components.Test.RouteViewTest.RendersPageInsideLayoutView" computerName="pkrvmbietmlfzoi" duration="00:00:00.0657056" startTime="2025-07-02T22:04:17.3480525+00:00" endTime="2025-07-02T22:04:17.4122594+00:00" testType="13cdc9d9-ddb5-4fa4-a97d-d965ccfc6d4b" outcome="Passed" testListId="8c84fa94-04c1-424b-9868-57a2d4851a1d" relativeResultsDirectory="860bd6f6-2216-448f-a6cc-ed72f979bad8" />
    <UnitTestResult executionId="baf683fd-3673-4744-a8c8-90a8eb012156" testId="f0751a27-d37c-06b5-8da7-d8f602dae3ef" testName="Microsoft.AspNetCore.Components.Routing.RoutePatternParserTests.ParseRouteParameter_ThrowsIf_ParameterContainsSpecialCharacters(template: &quot;{}}&quot;, expectedMessage: &quot;There is an incomplete parameter in the route temp&quot;···)" computerName="pkrvmbietmlfzoi" duration="00:00:00.0000279" startTime="2025-07-02T22:04:17.8248868+00:00" endTime="2025-07-02T22:04:17.8252685+00:00" testType="13cdc9d9-ddb5-4fa4-a97d-d965ccfc6d4b" outcome="Passed" testListId="8c84fa94-04c1-424b-9868-57a2d4851a1d" relativeResultsDirectory="baf683fd-3673-4744-a8c8-90a8eb012156" />
    <UnitTestResult executionId="1068fd45-a097-41bc-ac01-adb791afc30f" testId="da782e47-b50d-c480-06e3-643ac620ad7c" testName="Microsoft.AspNetCore.Components.Test.RenderTreeDiffBuilderTest.RecognizesTextUpdates" computerName="pkrvmbietmlfzoi" duration="00:00:00.0025129" startTime="2025-07-02T22:04:17.9759862+00:00" endTime="2025-07-02T22:04:17.9780365+00:00" testType="13cdc9d9-ddb5-4fa4-a97d-d965ccfc6d4b" outcome="Passed" testListId="8c84fa94-04c1-424b-9868-57a2d4851a1d" relativeResultsDirectory="1068fd45-a097-41bc-ac01-adb791afc30f" />
    <UnitTestResult executionId="6329f56b-1e47-476f-8e74-0a537d9364af" testId="fcf32113-654e-0170-12a1-0fed2884a686" testName="Microsoft.AspNetCore.Components.EventCallbackTest.EventCallback_FuncTTask_ArgMismatch" computerName="pkrvmbietmlfzoi" duration="00:00:00.0014679" startTime="2025-07-02T22:04:17.9083918+00:00" endTime="2025-07-02T22:04:17.9108507+00:00" testType="13cdc9d9-ddb5-4fa4-a97d-d965ccfc6d4b" outcome="Passed" testListId="8c84fa94-04c1-424b-9868-57a2d4851a1d" relativeResultsDirectory="6329f56b-1e47-476f-8e74-0a537d9364af" />
    <UnitTestResult executionId="6dcbda34-3e27-4abb-a72f-4b542b87fedb" testId="172844d2-54fa-b2e2-2ae4-a49bd6ecd4f7" testName="Microsoft.AspNetCore.Components.BindConverterTest.FormatValue_DateOnly_Format" computerName="pkrvmbietmlfzoi" duration="00:00:00.0002419" startTime="2025-07-02T22:04:17.4265637+00:00" endTime="2025-07-02T22:04:17.4266795+00:00" testType="13cdc9d9-ddb5-4fa4-a97d-d965ccfc6d4b" outcome="Passed" testListId="8c84fa94-04c1-424b-9868-57a2d4851a1d" relativeResultsDirectory="6dcbda34-3e27-4abb-a72f-4b542b87fedb" />
    <UnitTestResult executionId="ee37d236-57f0-4322-8651-9a28c6d7e7a8" testId="d3f0edac-7bec-8d13-6a13-d93b3ab4f6c1" testName="Microsoft.AspNetCore.Components.Test.DependencyInjectionTest.SetsInjectablePropertyValueIfServiceIsRegistered" computerName="pkrvmbietmlfzoi" duration="00:00:00.0002154" startTime="2025-07-02T22:04:17.3569583+00:00" endTime="2025-07-02T22:04:17.3570817+00:00" testType="13cdc9d9-ddb5-4fa4-a97d-d965ccfc6d4b" outcome="Passed" testListId="8c84fa94-04c1-424b-9868-57a2d4851a1d" relativeResultsDirectory="ee37d236-57f0-4322-8651-9a28c6d7e7a8" />
    <UnitTestResult executionId="8fc696a0-9b5a-466b-bd7f-dc4502b0ea37" testId="cf4f6490-f2bf-763e-2790-78b013980152" testName="Microsoft.AspNetCore.Components.Routing.RouteTableFactoryTests.DoesNotMatchIfConstraintDoesNotMatch(template: &quot;/{value:decimal}&quot;, contextUrl: &quot;/hello&quot;)" computerName="pkrvmbietmlfzoi" duration="00:00:00.0004032" startTime="2025-07-02T22:04:17.7836129+00:00" endTime="2025-07-02T22:04:17.7837114+00:00" testType="13cdc9d9-ddb5-4fa4-a97d-d965ccfc6d4b" outcome="Passed" testListId="8c84fa94-04c1-424b-9868-57a2d4851a1d" relativeResultsDirectory="8fc696a0-9b5a-466b-bd7f-dc4502b0ea37" />
    <UnitTestResult executionId="716e19a9-9c5a-420a-b038-48adbe70ae1c" testId="2e10f293-2d1b-d96d-5956-1f1b02add547" testName="Microsoft.AspNetCore.Components.Rendering.RenderTreeBuilderTest.CanAddComponentReferenceCaptureInsideComponent" computerName="pkrvmbietmlfzoi" duration="00:00:00.0015505" startTime="2025-07-02T22:04:17.7387295+00:00" endTime="2025-07-02T22:04:17.7399021+00:00" testType="13cdc9d9-ddb5-4fa4-a97d-d965ccfc6d4b" outcome="Passed" testListId="8c84fa94-04c1-424b-9868-57a2d4851a1d" relativeResultsDirectory="716e19a9-9c5a-420a-b038-48adbe70ae1c" />
    <UnitTestResult executionId="87e48604-4e1f-42c8-b355-ec416b65227e" testId="a3818f0a-ee32-0fd4-3965-1c946a2f4bbe" testName="Microsoft.AspNetCore.Components.EventCallbackTest.EventCallback_ActionT_ArgMismatch" computerName="pkrvmbietmlfzoi" duration="00:00:00.0009331" startTime="2025-07-02T22:04:17.9468125+00:00" endTime="2025-07-02T22:04:17.9488633+00:00" testType="13cdc9d9-ddb5-4fa4-a97d-d965ccfc6d4b" outcome="Passed" testListId="8c84fa94-04c1-424b-9868-57a2d4851a1d" relativeResultsDirectory="87e48604-4e1f-42c8-b355-ec416b65227e" />
    <UnitTestResult executionId="7bfb76c2-4585-4d0d-ab7a-bc3465f79078" testId="ff61cd54-4209-a5c2-bf2c-efe14c9d2d6f" testName="Microsoft.AspNetCore.Components.Test.RenderTreeDiffBuilderTest.CanMoveBeforeInsertedItem" computerName="pkrvmbietmlfzoi" duration="00:00:00.0066054" startTime="2025-07-02T22:04:17.9482349+00:00" endTime="2025-07-02T22:04:17.9510916+00:00" testType="13cdc9d9-ddb5-4fa4-a97d-d965ccfc6d4b" outcome="Passed" testListId="8c84fa94-04c1-424b-9868-57a2d4851a1d" relativeResultsDirectory="7bfb76c2-4585-4d0d-ab7a-bc3465f79078" />
    <UnitTestResult executionId="169db9b8-8c41-4622-bc9b-6d8756396ae3" testId="023fc0a7-e204-6a99-5a90-0a5c19894c6e" testName="Microsoft.AspNetCore.Components.Test.RendererTest.RenderBatch_HandlesExceptionsFromAllDisposedComponents" computerName="pkrvmbietmlfzoi" duration="00:00:00.0009171" startTime="2025-07-02T22:04:18.2304962+00:00" endTime="2025-07-02T22:04:18.2312675+00:00" testType="13cdc9d9-ddb5-4fa4-a97d-d965ccfc6d4b" outcome="Passed" testListId="8c84fa94-04c1-424b-9868-57a2d4851a1d" relativeResultsDirectory="169db9b8-8c41-4622-bc9b-6d8756396ae3" />
    <UnitTestResult executionId="0561aa1f-f085-4f53-bed3-a0b1d4f9fae2" testId="e50fc764-e8ce-3541-33fd-735f1c8b313f" testName="Microsoft.AspNetCore.Components.ComponentsActivitySourceTest.FailEventActivity_SetsErrorStatusAndStopsActivity" computerName="pkrvmbietmlfzoi" duration="00:00:00.0057276" startTime="2025-07-02T22:04:17.8134895+00:00" endTime="2025-07-02T22:04:17.8214543+00:00" testType="13cdc9d9-ddb5-4fa4-a97d-d965ccfc6d4b" outcome="Passed" testListId="8c84fa94-04c1-424b-9868-57a2d4851a1d" relativeResultsDirectory="0561aa1f-f085-4f53-bed3-a0b1d4f9fae2" />
    <UnitTestResult executionId="21686250-690c-4f5d-a520-1d7ccbc364ea" testId="a8a5bee3-2e70-6feb-a0c7-be8576864121" testName="Microsoft.AspNetCore.Components.NavigationManagerTest.GetUriWithQueryParameter_RemovesWhenParameterValueIsNull(baseUri: &quot;scheme://host/?full%20name=Bob%20Joe&amp;age=42&quot;, expectedUri: &quot;scheme://host/?age=42&quot;)" computerName="pkrvmbietmlfzoi" duration="00:00:00.0000186" startTime="2025-07-02T22:04:17.4438871+00:00" endTime="2025-07-02T22:04:17.4439809+00:00" testType="13cdc9d9-ddb5-4fa4-a97d-d965ccfc6d4b" outcome="Passed" testListId="8c84fa94-04c1-424b-9868-57a2d4851a1d" relativeResultsDirectory="21686250-690c-4f5d-a520-1d7ccbc364ea" />
    <UnitTestResult executionId="41b3bf48-e3ae-4eb4-be62-66a1bcdfc1ea" testId="7cdb2c21-ed56-fbbf-76e7-6ed40e8c13f8" testName="Microsoft.AspNetCore.Components.Rendering.RenderTreeBuilderTest.AddComponentParameter_Component_Bool_SetsAttributeValue(value: False)" computerName="pkrvmbietmlfzoi" duration="00:00:00.0004256" startTime="2025-07-02T22:04:17.7446472+00:00" endTime="2025-07-02T22:04:17.7451566+00:00" testType="13cdc9d9-ddb5-4fa4-a97d-d965ccfc6d4b" outcome="Passed" testListId="8c84fa94-04c1-424b-9868-57a2d4851a1d" relativeResultsDirectory="41b3bf48-e3ae-4eb4-be62-66a1bcdfc1ea" />
    <UnitTestResult executionId="dc4f10a9-3cf9-472e-ad65-42efad3049fd" testId="0688cbfa-a80c-2fdc-03e4-77c4b3859f8b" testName="Microsoft.AspNetCore.Components.Rendering.RenderTreeBuilderTest.CannotAddElementReferenceCaptureInsideRegion" computerName="pkrvmbietmlfzoi" duration="00:00:00.0016263" startTime="2025-07-02T22:04:17.7353836+00:00" endTime="2025-07-02T22:04:17.7361484+00:00" testType="13cdc9d9-ddb5-4fa4-a97d-d965ccfc6d4b" outcome="Passed" testListId="8c84fa94-04c1-424b-9868-57a2d4851a1d" relativeResultsDirectory="dc4f10a9-3cf9-472e-ad65-42efad3049fd" />
    <UnitTestResult executionId="3c74953c-1441-4c52-ae07-8975dd03a32e" testId="006b894d-7068-832e-cacb-752c42f3ccb1" testName="Microsoft.AspNetCore.Components.BindConverterTest.FormatValue_Enum" computerName="pkrvmbietmlfzoi" duration="00:00:00.0032448" startTime="2025-07-02T22:04:17.4154541+00:00" endTime="2025-07-02T22:04:17.4215958+00:00" testType="13cdc9d9-ddb5-4fa4-a97d-d965ccfc6d4b" outcome="Passed" testListId="8c84fa94-04c1-424b-9868-57a2d4851a1d" relativeResultsDirectory="3c74953c-1441-4c52-ae07-8975dd03a32e" />
    <UnitTestResult executionId="10fc715d-2ac6-4559-9c74-6c2fe78f827a" testId="c89a7e78-1147-1717-297d-9655fffafaba" testName="Microsoft.AspNetCore.Components.Routing.RouteTableFactoryTests.DoesNotMatchIfConstraintDoesNotMatch(template: &quot;/{value:long}&quot;, contextUrl: &quot;/3.141&quot;)" computerName="pkrvmbietmlfzoi" duration="00:00:00.0003950" startTime="2025-07-02T22:04:17.7772842+00:00" endTime="2025-07-02T22:04:17.7798483+00:00" testType="13cdc9d9-ddb5-4fa4-a97d-d965ccfc6d4b" outcome="Passed" testListId="8c84fa94-04c1-424b-9868-57a2d4851a1d" relativeResultsDirectory="10fc715d-2ac6-4559-9c74-6c2fe78f827a" />
    <UnitTestResult executionId="edc7d9b5-e594-4f3c-87ff-cd6be58b1230" testId="5edf6e6b-eb50-12f8-2e02-5d9b1d4c44ee" testName="Microsoft.AspNetCore.Components.NavigationManagerTest.GetUriWithQueryParameters_CanAddUpdateAndRemove(baseUri: &quot;scheme://host/#hash&quot;, expectedUri: &quot;scheme://host/?age=25&amp;eye%20color=green#hash&quot;)" computerName="pkrvmbietmlfzoi" duration="00:00:00.0005876" startTime="2025-07-02T22:04:17.4566406+00:00" endTime="2025-07-02T22:04:17.4573359+00:00" testType="13cdc9d9-ddb5-4fa4-a97d-d965ccfc6d4b" outcome="Passed" testListId="8c84fa94-04c1-424b-9868-57a2d4851a1d" relativeResultsDirectory="edc7d9b5-e594-4f3c-87ff-cd6be58b1230" />
    <UnitTestResult executionId="cdceda36-996b-405d-b3c4-a92dd827bbd9" testId="95356e9f-5dcc-f82a-6d96-8b423aa75afd" testName="Microsoft.AspNetCore.Components.Rendering.RenderTreeBuilderTest.AddAttribute_Component_Bool_SetsAttributeValue(value: True)" computerName="pkrvmbietmlfzoi" duration="00:00:00.0002752" startTime="2025-07-02T22:04:17.7596543+00:00" endTime="2025-07-02T22:04:17.7597829+00:00" testType="13cdc9d9-ddb5-4fa4-a97d-d965ccfc6d4b" outcome="Passed" testListId="8c84fa94-04c1-424b-9868-57a2d4851a1d" relativeResultsDirectory="cdceda36-996b-405d-b3c4-a92dd827bbd9" />
    <UnitTestResult executionId="8c033ded-2d4f-4ecb-957d-fe865335ac50" testId="78f88ff1-724e-29cc-05ae-f2636c45d0b3" testName="Microsoft.AspNetCore.Components.PersistentState.PersistentServicesRegistryTest.PersistStateAsync_DoesNotThrowIfServiceNotResolvedDuringRestore" computerName="pkrvmbietmlfzoi" duration="00:00:00.0072569" startTime="2025-07-02T22:04:17.4016299+00:00" endTime="2025-07-02T22:04:17.4040912+00:00" testType="13cdc9d9-ddb5-4fa4-a97d-d965ccfc6d4b" outcome="Passed" testListId="8c84fa94-04c1-424b-9868-57a2d4851a1d" relativeResultsDirectory="8c033ded-2d4f-4ecb-957d-fe865335ac50" />
    <UnitTestResult executionId="6f3fc155-2095-4f34-be10-bf3afd735991" testId="ad6b6ed2-be61-6eba-3ee9-cc5d8ec2fc87" testName="Microsoft.AspNetCore.Components.Routing.RouteTableFactoryTests.MultipleOptionalParameters(path: &quot;/&quot;, segments: 0)" computerName="pkrvmbietmlfzoi" duration="00:00:00.0004037" startTime="2025-07-02T22:04:17.6120499+00:00" endTime="2025-07-02T22:04:17.6121352+00:00" testType="13cdc9d9-ddb5-4fa4-a97d-d965ccfc6d4b" outcome="Passed" testListId="8c84fa94-04c1-424b-9868-57a2d4851a1d" relativeResultsDirectory="6f3fc155-2095-4f34-be10-bf3afd735991" />
    <UnitTestResult executionId="a648d951-431b-4965-a055-e9e4dfa7f911" testId="dd2288d4-43b0-da99-ab1e-b93a67cfd46f" testName="Microsoft.AspNetCore.Components.Test.RendererTest.RemoveRootComponentHandlesDisposalExceptions" computerName="pkrvmbietmlfzoi" duration="00:00:00.0144776" startTime="2025-07-02T22:04:17.9389015+00:00" endTime="2025-07-02T22:04:17.9489695+00:00" testType="13cdc9d9-ddb5-4fa4-a97d-d965ccfc6d4b" outcome="Passed" testListId="8c84fa94-04c1-424b-9868-57a2d4851a1d" relativeResultsDirectory="a648d951-431b-4965-a055-e9e4dfa7f911" />
    <UnitTestResult executionId="375d82d5-ff9a-4ee5-81c5-eaeae1c9ff94" testId="0d93b3c7-2720-e406-00c5-c086e5dbbaf8" testName="Microsoft.AspNetCore.Components.NavigationManagerTest.OnNotFoundSubscriptionIsTriggeredWhenNotFoundCalled" computerName="pkrvmbietmlfzoi" duration="00:00:00.0030284" startTime="2025-07-02T22:04:17.5989583+00:00" endTime="2025-07-02T22:04:17.6033082+00:00" testType="13cdc9d9-ddb5-4fa4-a97d-d965ccfc6d4b" outcome="Passed" testListId="8c84fa94-04c1-424b-9868-57a2d4851a1d" relativeResultsDirectory="375d82d5-ff9a-4ee5-81c5-eaeae1c9ff94" />
    <UnitTestResult executionId="17665f74-0d8e-483f-8f6e-5813fe1b09b3" testId="0e54a547-8d2e-09f6-45c2-dbf373b8c068" testName="Microsoft.AspNetCore.Components.Routing.RouteTableFactoryTests.MultipleOptionalParametersWithPrefix(path: &quot;/prefix/1&quot;, segments: 1)" computerName="pkrvmbietmlfzoi" duration="00:00:00.0018451" startTime="2025-07-02T22:04:17.8219424+00:00" endTime="2025-07-02T22:04:17.8267031+00:00" testType="13cdc9d9-ddb5-4fa4-a97d-d965ccfc6d4b" outcome="Passed" testListId="8c84fa94-04c1-424b-9868-57a2d4851a1d" relativeResultsDirectory="17665f74-0d8e-483f-8f6e-5813fe1b09b3" />
    <UnitTestResult executionId="ba83d42b-6255-41d1-8d15-f106d9d070fe" testId="28dc8c8a-f9de-52d7-a050-534d0f33f030" testName="Microsoft.AspNetCore.Components.EventCallbackFactoryBinderExtensionsTest.CreateBinder_Int" computerName="pkrvmbietmlfzoi" duration="00:00:00.0090534" startTime="2025-07-02T22:04:17.7233365+00:00" endTime="2025-07-02T22:04:17.7388390+00:00" testType="13cdc9d9-ddb5-4fa4-a97d-d965ccfc6d4b" outcome="Passed" testListId="8c84fa94-04c1-424b-9868-57a2d4851a1d" relativeResultsDirectory="ba83d42b-6255-41d1-8d15-f106d9d070fe" />
    <UnitTestResult executionId="33ba82d0-915c-4e61-b71f-b28fe1d95a3a" testId="cab36b7c-b328-097a-c693-a86f3c6a8b20" testName="Microsoft.AspNetCore.Components.Rendering.RenderTreeBuilderTest.CannotAddComponentReferenceCaptureInsideRegion" computerName="pkrvmbietmlfzoi" duration="00:00:00.0003665" startTime="2025-07-02T22:04:17.8908889+00:00" endTime="2025-07-02T22:04:17.8909878+00:00" testType="13cdc9d9-ddb5-4fa4-a97d-d965ccfc6d4b" outcome="Passed" testListId="8c84fa94-04c1-424b-9868-57a2d4851a1d" relativeResultsDirectory="33ba82d0-915c-4e61-b71f-b28fe1d95a3a" />
    <UnitTestResult executionId="7ebb831e-7a23-46d4-b52d-7184984c1b1a" testId="221a9f87-b670-a768-d998-0091c0594c81" testName="Microsoft.AspNetCore.Components.Test.RendererTest.EventDispatchExceptionsCanBeHandledByClosestErrorBoundary_AfterDisposal" computerName="pkrvmbietmlfzoi" duration="00:00:00.0024154" startTime="2025-07-02T22:04:18.2380005+00:00" endTime="2025-07-02T22:04:18.2408026+00:00" testType="13cdc9d9-ddb5-4fa4-a97d-d965ccfc6d4b" outcome="Passed" testListId="8c84fa94-04c1-424b-9868-57a2d4851a1d" relativeResultsDirectory="7ebb831e-7a23-46d4-b52d-7184984c1b1a" />
    <UnitTestResult executionId="ed1d7192-9f24-4fa2-a39d-67dc9edea2bb" testId="d46e0468-1201-0469-5c1b-100cd08bac8c" testName="Microsoft.AspNetCore.Components.ComponentStatePersistenceManagerTest.RestoreStateAsync_InitializesStateWithDataFromTheProvidedStore" computerName="pkrvmbietmlfzoi" duration="00:00:00.0030619" startTime="2025-07-02T22:04:17.9541373+00:00" endTime="2025-07-02T22:04:17.9587264+00:00" testType="13cdc9d9-ddb5-4fa4-a97d-d965ccfc6d4b" outcome="Passed" testListId="8c84fa94-04c1-424b-9868-57a2d4851a1d" relativeResultsDirectory="ed1d7192-9f24-4fa2-a39d-67dc9edea2bb" />
    <UnitTestResult executionId="5c19cbc4-b686-4974-b733-d00b09b49e76" testId="85ddaa4f-3f69-91f1-7a58-f25401165b7d" testName="Microsoft.AspNetCore.Components.Routing.RouteTableFactoryTests.DetectsAmbiguousRoutes(left: &quot;/{parameter}part/literal/part{something}&quot;, right: &quot;{param}Part/Literal/part{else}&quot;)" computerName="pkrvmbietmlfzoi" duration="00:00:00.0003929" startTime="2025-07-02T22:04:17.8042555+00:00" endTime="2025-07-02T22:04:17.8043835+00:00" testType="13cdc9d9-ddb5-4fa4-a97d-d965ccfc6d4b" outcome="Passed" testListId="8c84fa94-04c1-424b-9868-57a2d4851a1d" relativeResultsDirectory="5c19cbc4-b686-4974-b733-d00b09b49e76" />
    <UnitTestResult executionId="37a7c32d-8ff5-43e9-9d4b-d655b419f1a6" testId="ab7b0608-358d-cb13-c578-93b2655562a7" testName="Microsoft.AspNetCore.Components.RenderTree.StackObjectPoolTest.SuppliesTransientInstancesWhenExceedingCapacity" computerName="pkrvmbietmlfzoi" duration="00:00:00.0010852" startTime="2025-07-02T22:04:17.4031463+00:00" endTime="2025-07-02T22:04:17.4036233+00:00" testType="13cdc9d9-ddb5-4fa4-a97d-d965ccfc6d4b" outcome="Passed" testListId="8c84fa94-04c1-424b-9868-57a2d4851a1d" relativeResultsDirectory="37a7c32d-8ff5-43e9-9d4b-d655b419f1a6" />
    <UnitTestResult executionId="1f60d5a8-1d3a-4eab-a72d-bb08fd0b6727" testId="f1b60189-ccc9-b1e7-ab08-7356b894ec44" testName="Microsoft.AspNetCore.Components.Test.RendererTest.DisposingRenderer_CapturesAsyncExceptionsFromAllRegisteredAsyncDisposableComponents" computerName="pkrvmbietmlfzoi" duration="00:00:00.0024949" startTime="2025-07-02T22:04:18.2495599+00:00" endTime="2025-07-02T22:04:18.2524221+00:00" testType="13cdc9d9-ddb5-4fa4-a97d-d965ccfc6d4b" outcome="Passed" testListId="8c84fa94-04c1-424b-9868-57a2d4851a1d" relativeResultsDirectory="1f60d5a8-1d3a-4eab-a72d-bb08fd0b6727" />
    <UnitTestResult executionId="7ba27f68-150d-4b4b-8746-14a9b7a2cfa7" testId="97c8ceb2-b49a-96d7-160c-1cda13537619" testName="Microsoft.AspNetCore.Components.Rendering.RenderTreeBuilderTest.CannotAddParametersAfterComponentRenderMode" computerName="pkrvmbietmlfzoi" duration="00:00:00.0007648" startTime="2025-07-02T22:04:17.8936551+00:00" endTime="2025-07-02T22:04:17.8944419+00:00" testType="13cdc9d9-ddb5-4fa4-a97d-d965ccfc6d4b" outcome="Passed" testListId="8c84fa94-04c1-424b-9868-57a2d4851a1d" relativeResultsDirectory="7ba27f68-150d-4b4b-8746-14a9b7a2cfa7" />
    <UnitTestResult executionId="7f9d8712-fe16-4e20-9702-7adcd4a68c8a" testId="691c279d-31ce-a913-a582-b67e5b670a03" testName="Microsoft.AspNetCore.Components.Rendering.RenderTreeBuilderTest.AddAttribute_Component_ObjectUIEventHandleValue_SetsAttributeValue" computerName="pkrvmbietmlfzoi" duration="00:00:00.0005767" startTime="2025-07-02T22:04:17.8376582+00:00" endTime="2025-07-02T22:04:17.8383395+00:00" testType="13cdc9d9-ddb5-4fa4-a97d-d965ccfc6d4b" outcome="Passed" testListId="8c84fa94-04c1-424b-9868-57a2d4851a1d" relativeResultsDirectory="7f9d8712-fe16-4e20-9702-7adcd4a68c8a" />
    <UnitTestResult executionId="a340cbc0-be55-46e4-aec7-aaf8d7002657" testId="4586b572-c1be-31af-92a2-3c11f0c75a90" testName="Microsoft.AspNetCore.Components.Test.ComponentBaseTest.RunsOnParametersSetWhenRendered" computerName="pkrvmbietmlfzoi" duration="00:00:00.0004855" startTime="2025-07-02T22:04:17.9664826+00:00" endTime="2025-07-02T22:04:17.9678685+00:00" testType="13cdc9d9-ddb5-4fa4-a97d-d965ccfc6d4b" outcome="Passed" testListId="8c84fa94-04c1-424b-9868-57a2d4851a1d" relativeResultsDirectory="a340cbc0-be55-46e4-aec7-aaf8d7002657" />
    <UnitTestResult executionId="81040ec5-1d8b-4385-8f1e-88b7745a7e0d" testId="000d2ffe-c28c-3f02-8a16-d76f8824c706" testName="Microsoft.AspNetCore.Components.Rendering.RenderTreeBuilderTest.CannotAddComponentParameterToRegion" computerName="pkrvmbietmlfzoi" duration="00:00:00.0002524" startTime="2025-07-02T22:04:17.8888503+00:00" endTime="2025-07-02T22:04:17.8906234+00:00" testType="13cdc9d9-ddb5-4fa4-a97d-d965ccfc6d4b" outcome="Passed" testListId="8c84fa94-04c1-424b-9868-57a2d4851a1d" relativeResultsDirectory="81040ec5-1d8b-4385-8f1e-88b7745a7e0d" />
    <UnitTestResult executionId="c7f159f7-a4e4-46e8-aed4-5b56ad8ebc56" testId="3b6631f8-8bd0-ec75-5602-eb1173cdb6a6" testName="Microsoft.AspNetCore.Components.ParameterViewTest.HasRemovedDirectParameters_ParametersSwapped" computerName="pkrvmbietmlfzoi" duration="00:00:00.0009383" startTime="2025-07-02T22:04:17.4301267+00:00" endTime="2025-07-02T22:04:17.4311308+00:00" testType="13cdc9d9-ddb5-4fa4-a97d-d965ccfc6d4b" outcome="Passed" testListId="8c84fa94-04c1-424b-9868-57a2d4851a1d" relativeResultsDirectory="c7f159f7-a4e4-46e8-aed4-5b56ad8ebc56" />
    <UnitTestResult executionId="a48d0c69-ac56-4c7c-b355-6f816b9219cd" testId="44952ada-cc58-51d3-c651-3f4752ba8f48" testName="Microsoft.AspNetCore.Components.EventCallbackFactoryTest.Create_Action_DifferentReceiver" computerName="pkrvmbietmlfzoi" duration="00:00:00.0001812" startTime="2025-07-02T22:04:17.6484012+00:00" endTime="2025-07-02T22:04:17.6485046+00:00" testType="13cdc9d9-ddb5-4fa4-a97d-d965ccfc6d4b" outcome="Passed" testListId="8c84fa94-04c1-424b-9868-57a2d4851a1d" relativeResultsDirectory="a48d0c69-ac56-4c7c-b355-6f816b9219cd" />
    <UnitTestResult executionId="48138a07-e080-49d0-9298-f864760002af" testId="68170cb8-230b-d544-40ee-1225986855a7" testName="Microsoft.AspNetCore.Components.EventCallbackFactoryTest.CreateT_ActionT_AlreadyBoundToReceiver" computerName="pkrvmbietmlfzoi" duration="00:00:00.0004574" startTime="2025-07-02T22:04:17.6495012+00:00" endTime="2025-07-02T22:04:17.6496066+00:00" testType="13cdc9d9-ddb5-4fa4-a97d-d965ccfc6d4b" outcome="Passed" testListId="8c84fa94-04c1-424b-9868-57a2d4851a1d" relativeResultsDirectory="48138a07-e080-49d0-9298-f864760002af" />
    <UnitTestResult executionId="fb4c4320-5357-43af-b7cf-d8b6210a92ee" testId="f549d320-befd-652a-311b-9ab7f554e2b5" testName="Microsoft.AspNetCore.Components.Routing.QueryParameterValueSupplierTest.RejectsBlankArrayEntriesWhenNotNullable(key: &quot;GuidVals&quot;, targetType: typeof(System.Guid))" computerName="pkrvmbietmlfzoi" duration="00:00:00.0038713" startTime="2025-07-02T22:04:17.7200275+00:00" endTime="2025-07-02T22:04:17.7238431+00:00" testType="13cdc9d9-ddb5-4fa4-a97d-d965ccfc6d4b" outcome="Passed" testListId="8c84fa94-04c1-424b-9868-57a2d4851a1d" relativeResultsDirectory="fb4c4320-5357-43af-b7cf-d8b6210a92ee" />
    <UnitTestResult executionId="75dcb2c4-cf72-456b-8c84-b07839ff8c24" testId="cd2125a8-dd28-e8ad-cef1-fab6282540fa" testName="Microsoft.AspNetCore.Components.ParameterViewTest.HasRemovedDirectParameters_ParameterReplaced" computerName="pkrvmbietmlfzoi" duration="00:00:00.0020721" startTime="2025-07-02T22:04:17.5031897+00:00" endTime="2025-07-02T22:04:17.5042409+00:00" testType="13cdc9d9-ddb5-4fa4-a97d-d965ccfc6d4b" outcome="Passed" testListId="8c84fa94-04c1-424b-9868-57a2d4851a1d" relativeResultsDirectory="75dcb2c4-cf72-456b-8c84-b07839ff8c24" />
    <UnitTestResult executionId="da84f6f8-063c-487a-8245-a76c7ca6efb1" testId="72123054-14a1-e3c5-e878-65c6f5c8e047" testName="Microsoft.AspNetCore.Components.Rendering.RenderTreeBuilderTest.CannotAddAttributeToComponentReferenceCapture" computerName="pkrvmbietmlfzoi" duration="00:00:00.0004000" startTime="2025-07-02T22:04:17.7614351+00:00" endTime="2025-07-02T22:04:17.7643822+00:00" testType="13cdc9d9-ddb5-4fa4-a97d-d965ccfc6d4b" outcome="Passed" testListId="8c84fa94-04c1-424b-9868-57a2d4851a1d" relativeResultsDirectory="da84f6f8-063c-487a-8245-a76c7ca6efb1" />
    <UnitTestResult executionId="10d8fb21-0a76-4088-8bc5-667e68beb132" testId="014275d6-c2f3-5fcd-dd48-1fcd8dc4d9e0" testName="Microsoft.AspNetCore.Components.CascadingParameterStateTest.FindCascadingParameters_SupplierSpecifiesNameButConsumerDoesNot_ReturnsEmpty" computerName="pkrvmbietmlfzoi" duration="00:00:00.0007324" startTime="2025-07-02T22:04:17.5038571+00:00" endTime="2025-07-02T22:04:17.5039441+00:00" testType="13cdc9d9-ddb5-4fa4-a97d-d965ccfc6d4b" outcome="Passed" testListId="8c84fa94-04c1-424b-9868-57a2d4851a1d" relativeResultsDirectory="10d8fb21-0a76-4088-8bc5-667e68beb132" />
    <UnitTestResult executionId="17440d20-6576-465b-af36-b2b3bda2911f" testId="7152a2cf-6cba-3e79-17bd-cee74002931a" testName="Microsoft.AspNetCore.Components.DynamicComponentTest.CanAccessToChildComponentInstance" computerName="pkrvmbietmlfzoi" duration="00:00:00.0052893" startTime="2025-07-02T22:04:17.5425001+00:00" endTime="2025-07-02T22:04:17.5486441+00:00" testType="13cdc9d9-ddb5-4fa4-a97d-d965ccfc6d4b" outcome="Passed" testListId="8c84fa94-04c1-424b-9868-57a2d4851a1d" relativeResultsDirectory="17440d20-6576-465b-af36-b2b3bda2911f" />
    <UnitTestResult executionId="b29a9209-c921-4453-9b53-9ea2b3b78c01" testId="a4d0914a-fd2b-c5b4-8fe4-d39393b75899" testName="Microsoft.AspNetCore.Components.Test.RenderTreeDiffBuilderTest.HandlesKeyBeingAdded" computerName="pkrvmbietmlfzoi" duration="00:00:00.0006115" startTime="2025-07-02T22:04:18.0094318+00:00" endTime="2025-07-02T22:04:18.0108376+00:00" testType="13cdc9d9-ddb5-4fa4-a97d-d965ccfc6d4b" outcome="Passed" testListId="8c84fa94-04c1-424b-9868-57a2d4851a1d" relativeResultsDirectory="b29a9209-c921-4453-9b53-9ea2b3b78c01" />
    <UnitTestResult executionId="a35bb9c6-217d-4cf2-8409-72fc24676534" testId="3fc6f3b9-3cfb-3631-1d07-b2f8af01e39e" testName="Microsoft.AspNetCore.Components.ComponentStatePersistenceManagerTest.PersistStateAsync_PersistsRegistry" computerName="pkrvmbietmlfzoi" duration="00:00:00.0031714" startTime="2025-07-02T22:04:17.9856473+00:00" endTime="2025-07-02T22:04:17.9869958+00:00" testType="13cdc9d9-ddb5-4fa4-a97d-d965ccfc6d4b" outcome="Passed" testListId="8c84fa94-04c1-424b-9868-57a2d4851a1d" relativeResultsDirectory="a35bb9c6-217d-4cf2-8409-72fc24676534" />
    <UnitTestResult executionId="068fb721-a68b-4028-b5e0-d7c9f2f70efb" testId="18ab6519-8e78-4ae0-2836-31bcbe5e86b8" testName="Microsoft.AspNetCore.Components.Routing.QueryParameterValueSupplierTest.SuppliesNullForValueTypesIfNotSpecified(query: &quot;&quot;)" computerName="pkrvmbietmlfzoi" duration="00:00:00.0072624" startTime="2025-07-02T22:04:17.7770027+00:00" endTime="2025-07-02T22:04:17.7935310+00:00" testType="13cdc9d9-ddb5-4fa4-a97d-d965ccfc6d4b" outcome="Passed" testListId="8c84fa94-04c1-424b-9868-57a2d4851a1d" relativeResultsDirectory="068fb721-a68b-4028-b5e0-d7c9f2f70efb" />
    <UnitTestResult executionId="415f11d2-c337-4cae-b7c1-d3fe500fa644" testId="3d921b53-9756-73d5-54e4-d6b7dff875d5" testName="Microsoft.AspNetCore.Components.ComponentFactoryTest.InstantiateComponent_WithRenderModeOnComponent_UsesRenderModeResolver" computerName="pkrvmbietmlfzoi" duration="00:00:00.0113701" startTime="2025-07-02T22:04:17.7552020+00:00" endTime="2025-07-02T22:04:17.7764190+00:00" testType="13cdc9d9-ddb5-4fa4-a97d-d965ccfc6d4b" outcome="Passed" testListId="8c84fa94-04c1-424b-9868-57a2d4851a1d" relativeResultsDirectory="415f11d2-c337-4cae-b7c1-d3fe500fa644" />
    <UnitTestResult executionId="b69f4df9-49cf-47a3-8f9b-c5ee5758989c" testId="c2186276-e9c1-54a2-1d03-21beb3a481da" testName="Microsoft.AspNetCore.Components.NavigationManagerTest.Initialize_ThrowsForInvalidBaseRelativePaths(baseUri: &quot;scheme://host/path/&quot;, absoluteUri: &quot;scheme://host/&quot;)" computerName="pkrvmbietmlfzoi" duration="00:00:00.0003567" startTime="2025-07-02T22:04:17.4738297+00:00" endTime="2025-07-02T22:04:17.4742841+00:00" testType="13cdc9d9-ddb5-4fa4-a97d-d965ccfc6d4b" outcome="Passed" testListId="8c84fa94-04c1-424b-9868-57a2d4851a1d" relativeResultsDirectory="b69f4df9-49cf-47a3-8f9b-c5ee5758989c" />
    <UnitTestResult executionId="19a224aa-e703-4a55-98f8-7db9daade979" testId="70b68c71-c725-c145-d0bc-b23c5ed740fe" testName="Microsoft.AspNetCore.Components.PersistentStateValueProviderTests.PersistenceFails_MultipleComponentsUseTheSameKey" computerName="pkrvmbietmlfzoi" duration="00:00:00.0018981" startTime="2025-07-02T22:04:17.5717224+00:00" endTime="2025-07-02T22:04:17.5732538+00:00" testType="13cdc9d9-ddb5-4fa4-a97d-d965ccfc6d4b" outcome="Passed" testListId="8c84fa94-04c1-424b-9868-57a2d4851a1d" relativeResultsDirectory="19a224aa-e703-4a55-98f8-7db9daade979" />
    <UnitTestResult executionId="1e8fa278-1506-44a1-8e9d-60c3ca78f66e" testId="c61c6866-8332-5392-7f67-bf35fe3054b9" testName="Microsoft.AspNetCore.Components.EventCallbackFactoryBinderExtensionsTest.CreateBinder_NullableDecimal" computerName="pkrvmbietmlfzoi" duration="00:00:00.0053997" startTime="2025-07-02T22:04:17.8481534+00:00" endTime="2025-07-02T22:04:17.8603458+00:00" testType="13cdc9d9-ddb5-4fa4-a97d-d965ccfc6d4b" outcome="Passed" testListId="8c84fa94-04c1-424b-9868-57a2d4851a1d" relativeResultsDirectory="1e8fa278-1506-44a1-8e9d-60c3ca78f66e" />
    <UnitTestResult executionId="e2215768-43d9-4817-b3df-45ba4fbd30da" testId="8ca6541e-14e1-938e-2c32-f43036649250" testName="Microsoft.AspNetCore.Components.EventCallbackTest.EventCallback_Action_Null" computerName="pkrvmbietmlfzoi" duration="00:00:00.0032496" startTime="2025-07-02T22:04:17.8882026+00:00" endTime="2025-07-02T22:04:17.8937486+00:00" testType="13cdc9d9-ddb5-4fa4-a97d-d965ccfc6d4b" outcome="Passed" testListId="8c84fa94-04c1-424b-9868-57a2d4851a1d" relativeResultsDirectory="e2215768-43d9-4817-b3df-45ba4fbd30da" />
    <UnitTestResult executionId="d44f1771-5317-40c2-a828-9f5761957f87" testId="2607e7d1-ec1e-fa7a-6ed7-51f12749f64c" testName="Microsoft.AspNetCore.Components.Rendering.RenderTreeBuilderTest.AddAttribute_Component_EventCallback_AddsFrame" computerName="pkrvmbietmlfzoi" duration="00:00:00.2173889" startTime="2025-07-02T22:04:17.4868270+00:00" endTime="2025-07-02T22:04:17.7029993+00:00" testType="13cdc9d9-ddb5-4fa4-a97d-d965ccfc6d4b" outcome="Passed" testListId="8c84fa94-04c1-424b-9868-57a2d4851a1d" relativeResultsDirectory="d44f1771-5317-40c2-a828-9f5761957f87" />
    <UnitTestResult executionId="9ef01815-d1db-4921-abcd-5277087b07da" testId="256ec8ee-676d-65e9-5648-6e3012d32600" testName="Microsoft.AspNetCore.Components.NavigationManagerTest.LocationChangingAsync_Throws_WithoutHandleLocationChangingHandlerOverride_WhenALocationChangingHandlerThrows_WhenOneHandlerIsRegistered" computerName="pkrvmbietmlfzoi" duration="00:00:00.0218053" startTime="2025-07-02T22:04:17.4822082+00:00" endTime="2025-07-02T22:04:17.4902327+00:00" testType="13cdc9d9-ddb5-4fa4-a97d-d965ccfc6d4b" outcome="Passed" testListId="8c84fa94-04c1-424b-9868-57a2d4851a1d" relativeResultsDirectory="9ef01815-d1db-4921-abcd-5277087b07da" />
    <UnitTestResult executionId="044795db-79d1-4420-bb36-c4b05c7ac66e" testId="e0223052-f40e-90bb-44ff-bfaca7443ea2" testName="Microsoft.AspNetCore.Components.ParameterViewTest.NoIncomingParameterMatchesDeclaredParameter_LeavesValueUnchanged" computerName="pkrvmbietmlfzoi" duration="00:00:00.0054442" startTime="2025-07-02T22:04:17.4109965+00:00" endTime="2025-07-02T22:04:17.4197192+00:00" testType="13cdc9d9-ddb5-4fa4-a97d-d965ccfc6d4b" outcome="Passed" testListId="8c84fa94-04c1-424b-9868-57a2d4851a1d" relativeResultsDirectory="044795db-79d1-4420-bb36-c4b05c7ac66e" />
    <UnitTestResult executionId="6131e5e6-9d9d-446b-b06f-08c8f812ccc6" testId="66907170-3c34-6824-84fb-9a66563b2b94" testName="Microsoft.AspNetCore.Components.Test.RendererTest.CanSetComponentParameter_WhenParameterTypeHasImplicitConversionToString" computerName="pkrvmbietmlfzoi" duration="00:00:00.0014920" startTime="2025-07-02T22:04:18.2156733+00:00" endTime="2025-07-02T22:04:18.2171204+00:00" testType="13cdc9d9-ddb5-4fa4-a97d-d965ccfc6d4b" outcome="Passed" testListId="8c84fa94-04c1-424b-9868-57a2d4851a1d" relativeResultsDirectory="6131e5e6-9d9d-446b-b06f-08c8f812ccc6" />
    <UnitTestResult executionId="f115a6f1-3bd5-4440-875a-0d15ddebf681" testId="b3592a3a-da3c-9af8-ea55-3f9f51b527c1" testName="Microsoft.AspNetCore.Components.Rendering.RendererSynchronizationContextTest.InvokeAsync_FuncTaskT_CanRethrowExceptions" computerName="pkrvmbietmlfzoi" duration="00:00:00.0087306" startTime="2025-07-02T22:04:17.9661249+00:00" endTime="2025-07-02T22:04:17.9684509+00:00" testType="13cdc9d9-ddb5-4fa4-a97d-d965ccfc6d4b" outcome="Passed" testListId="8c84fa94-04c1-424b-9868-57a2d4851a1d" relativeResultsDirectory="f115a6f1-3bd5-4440-875a-0d15ddebf681" />
    <UnitTestResult executionId="f861ac6f-0e50-49fb-bc17-e5ec067bfbd8" testId="1d4e397c-0d5e-ade4-d66a-803a9176eb51" testName="Microsoft.AspNetCore.Components.Test.RendererTest.CanRemoveRootComponents" computerName="pkrvmbietmlfzoi" duration="00:00:00.0022424" startTime="2025-07-02T22:04:18.1880737+00:00" endTime="2025-07-02T22:04:18.1911905+00:00" testType="13cdc9d9-ddb5-4fa4-a97d-d965ccfc6d4b" outcome="Passed" testListId="8c84fa94-04c1-424b-9868-57a2d4851a1d" relativeResultsDirectory="f861ac6f-0e50-49fb-bc17-e5ec067bfbd8" />
    <UnitTestResult executionId="35707474-91fd-487c-8c4e-db440b48b4c3" testId="d117847d-2ca9-7205-ef26-894d049eebf6" testName="Microsoft.AspNetCore.Components.PersistentStateValueProviderTests.CanRestoreState_ForComponentWithProperties" computerName="pkrvmbietmlfzoi" duration="00:00:00.0034924" startTime="2025-07-02T22:04:17.4517995+00:00" endTime="2025-07-02T22:04:17.4559562+00:00" testType="13cdc9d9-ddb5-4fa4-a97d-d965ccfc6d4b" outcome="Passed" testListId="8c84fa94-04c1-424b-9868-57a2d4851a1d" relativeResultsDirectory="35707474-91fd-487c-8c4e-db440b48b4c3" />
    <UnitTestResult executionId="e48ca167-ae2a-4741-906e-f2595ff575f1" testId="f3ddd03e-1411-577c-cba1-497543af4d7a" testName="Microsoft.AspNetCore.Components.Routing.QueryParameterValueSupplierTest.SuppliesNullForValueTypesIfNotSpecified(query: &quot;?unrelated=123&quot;)" computerName="pkrvmbietmlfzoi" duration="00:00:00.0009708" startTime="2025-07-02T22:04:17.7937383+00:00" endTime="2025-07-02T22:04:17.7993232+00:00" testType="13cdc9d9-ddb5-4fa4-a97d-d965ccfc6d4b" outcome="Passed" testListId="8c84fa94-04c1-424b-9868-57a2d4851a1d" relativeResultsDirectory="e48ca167-ae2a-4741-906e-f2595ff575f1" />
    <UnitTestResult executionId="84c7d944-bc3a-4bcf-98f4-2673911310f6" testId="a98bdf50-2987-d95f-4709-405ea1af586c" testName="Microsoft.AspNetCore.Components.EventCallbackFactoryBinderExtensionsTest.CreateBinder_Bool" computerName="pkrvmbietmlfzoi" duration="00:00:00.0014531" startTime="2025-07-02T22:04:17.9240630+00:00" endTime="2025-07-02T22:04:17.9249007+00:00" testType="13cdc9d9-ddb5-4fa4-a97d-d965ccfc6d4b" outcome="Passed" testListId="8c84fa94-04c1-424b-9868-57a2d4851a1d" relativeResultsDirectory="84c7d944-bc3a-4bcf-98f4-2673911310f6" />
    <UnitTestResult executionId="94816b45-d1e7-476b-8d22-ad2763cca2d3" testId="de82b09f-cead-b05e-4518-4fa1ae50fe71" testName="Microsoft.AspNetCore.Components.Rendering.RenderTreeBuilderTest.AddComponentParameter_Component_StringValue_SetsAttributeValue(value: null)" computerName="pkrvmbietmlfzoi" duration="00:00:00.0005829" startTime="2025-07-02T22:04:17.7032801+00:00" endTime="2025-07-02T22:04:17.7039984+00:00" testType="13cdc9d9-ddb5-4fa4-a97d-d965ccfc6d4b" outcome="Passed" testListId="8c84fa94-04c1-424b-9868-57a2d4851a1d" relativeResultsDirectory="94816b45-d1e7-476b-8d22-ad2763cca2d3" />
    <UnitTestResult executionId="120fc6b8-a28e-4576-aa08-e42dc6121c2b" testId="782226bb-6266-7780-352b-d5ba57f9bb79" testName="Microsoft.AspNetCore.Components.NavigationManagerTest.ComputesCorrectValidBaseRelativePaths(baseUri: &quot;scheme://host/path/&quot;, uri: &quot;scheme://host/path#hash&quot;, expectedResult: &quot;#hash&quot;)" computerName="pkrvmbietmlfzoi" duration="00:00:00.0000163" startTime="2025-07-02T22:04:17.4948500+00:00" endTime="2025-07-02T22:04:17.4949472+00:00" testType="13cdc9d9-ddb5-4fa4-a97d-d965ccfc6d4b" outcome="Passed" testListId="8c84fa94-04c1-424b-9868-57a2d4851a1d" relativeResultsDirectory="120fc6b8-a28e-4576-aa08-e42dc6121c2b" />
    <UnitTestResult executionId="fad09097-dff2-4cfe-9caf-553ebc12cc03" testId="a709b858-1241-aff8-5339-04e048214dd5" testName="Microsoft.AspNetCore.Components.CascadingParameterStateTest.FindCascadingParameters_IfHasNoMatchesInAncestors_ReturnsEmpty" computerName="pkrvmbietmlfzoi" duration="00:00:00.0002859" startTime="2025-07-02T22:04:17.5254316+00:00" endTime="2025-07-02T22:04:17.5255183+00:00" testType="13cdc9d9-ddb5-4fa4-a97d-d965ccfc6d4b" outcome="Passed" testListId="8c84fa94-04c1-424b-9868-57a2d4851a1d" relativeResultsDirectory="fad09097-dff2-4cfe-9caf-553ebc12cc03" />
    <UnitTestResult executionId="3b5804c0-c780-435f-9100-f29e2e5d991b" testId="c817fb59-16a0-5c16-2dac-873ea13914d3" testName="Microsoft.AspNetCore.Components.NavigationManagerTest.GetUriWithQueryParameter_RemovesWhenParameterValueIsNull(baseUri: &quot;scheme://host/?full%20name=&amp;age=42#hash&quot;, expectedUri: &quot;scheme://host/?age=42#hash&quot;)" computerName="pkrvmbietmlfzoi" duration="00:00:00.0000170" startTime="2025-07-02T22:04:17.4403029+00:00" endTime="2025-07-02T22:04:17.4404414+00:00" testType="13cdc9d9-ddb5-4fa4-a97d-d965ccfc6d4b" outcome="Passed" testListId="8c84fa94-04c1-424b-9868-57a2d4851a1d" relativeResultsDirectory="3b5804c0-c780-435f-9100-f29e2e5d991b" />
    <UnitTestResult executionId="621db72d-b33a-4cc4-83f8-7c471ce3559a" testId="1e403474-a2fe-4fa9-22f4-0ab4289adc79" testName="Microsoft.AspNetCore.Components.Test.RenderTreeDiffBuilderTest.DoesNotInvokeAssignerAgainForRetainedComponents" computerName="pkrvmbietmlfzoi" duration="00:00:00.0005120" startTime="2025-07-02T22:04:18.0005452+00:00" endTime="2025-07-02T22:04:18.0006495+00:00" testType="13cdc9d9-ddb5-4fa4-a97d-d965ccfc6d4b" outcome="Passed" testListId="8c84fa94-04c1-424b-9868-57a2d4851a1d" relativeResultsDirectory="621db72d-b33a-4cc4-83f8-7c471ce3559a" />
    <UnitTestResult executionId="4e9b621a-22d6-4555-a6b2-2b8e1cf5ad68" testId="7cf87362-3724-9fb5-461e-4b2724c920ca" testName="Microsoft.AspNetCore.Components.Rendering.RenderTreeBuilderTest.AddAttribute_Component_StringValue_SetsAttributeValue(value: &quot;hi&quot;)" computerName="pkrvmbietmlfzoi" duration="00:00:00.0002349" startTime="2025-07-02T22:04:17.9274656+00:00" endTime="2025-07-02T22:04:17.9276452+00:00" testType="13cdc9d9-ddb5-4fa4-a97d-d965ccfc6d4b" outcome="Passed" testListId="8c84fa94-04c1-424b-9868-57a2d4851a1d" relativeResultsDirectory="4e9b621a-22d6-4555-a6b2-2b8e1cf5ad68" />
    <UnitTestResult executionId="059e8630-b08b-445f-a9df-0cc34ef3bae9" testId="0298b022-55a4-94ab-fa1b-f509bc9dd554" testName="Microsoft.AspNetCore.Components.Test.RenderTreeDiffBuilderTest.PassesThroughRegionsInsidePrependedElements" computerName="pkrvmbietmlfzoi" duration="00:00:00.0008337" startTime="2025-07-02T22:04:17.9970371+00:00" endTime="2025-07-02T22:04:17.9971660+00:00" testType="13cdc9d9-ddb5-4fa4-a97d-d965ccfc6d4b" outcome="Passed" testListId="8c84fa94-04c1-424b-9868-57a2d4851a1d" relativeResultsDirectory="059e8630-b08b-445f-a9df-0cc34ef3bae9" />
    <UnitTestResult executionId="83ab1d22-61cf-46d9-be92-8131895788d6" testId="ac410a5f-7cda-131f-44ee-18d781928622" testName="Microsoft.AspNetCore.Components.EventCallbackFactoryTest.CreateT_FuncTask_Unbound" computerName="pkrvmbietmlfzoi" duration="00:00:00.0002009" startTime="2025-07-02T22:04:17.6449647+00:00" endTime="2025-07-02T22:04:17.6450781+00:00" testType="13cdc9d9-ddb5-4fa4-a97d-d965ccfc6d4b" outcome="Passed" testListId="8c84fa94-04c1-424b-9868-57a2d4851a1d" relativeResultsDirectory="83ab1d22-61cf-46d9-be92-8131895788d6" />
    <UnitTestResult executionId="c6a138be-aeab-4c2a-bccf-449ac4d476fe" testId="048ee76e-4526-84d4-4b45-a3f7292105d4" testName="Microsoft.AspNetCore.Components.CascadingParameterStateTest.FindCascadingParameters_MismatchingNameButMatchingType_ReturnsEmpty" computerName="pkrvmbietmlfzoi" duration="00:00:00.0001911" startTime="2025-07-02T22:04:17.5133040+00:00" endTime="2025-07-02T22:04:17.5134174+00:00" testType="13cdc9d9-ddb5-4fa4-a97d-d965ccfc6d4b" outcome="Passed" testListId="8c84fa94-04c1-424b-9868-57a2d4851a1d" relativeResultsDirectory="c6a138be-aeab-4c2a-bccf-449ac4d476fe" />
    <UnitTestResult executionId="f358f4ce-ecde-4644-bd4d-691cf72cd0f6" testId="6640de24-c7cd-1f9c-87b5-7b50cb6cffe8" testName="Microsoft.AspNetCore.Components.Test.RendererTest.AllRendersTriggeredSynchronouslyDuringEventHandlerAreHandledAsSingleBatch" computerName="pkrvmbietmlfzoi" duration="00:00:00.0096033" startTime="2025-07-02T22:04:17.9683950+00:00" endTime="2025-07-02T22:04:17.9734353+00:00" testType="13cdc9d9-ddb5-4fa4-a97d-d965ccfc6d4b" outcome="Passed" testListId="8c84fa94-04c1-424b-9868-57a2d4851a1d" relativeResultsDirectory="f358f4ce-ecde-4644-bd4d-691cf72cd0f6" />
    <UnitTestResult executionId="26b5ce60-c177-4c33-971d-6f5abaeed944" testId="b5db854b-1b0c-04e8-29d5-c4f5370952c6" testName="Microsoft.AspNetCore.Components.ComponentFactoryTest.InstantiateComponent_CreatesInstance_WithTypeActivation" computerName="pkrvmbietmlfzoi" duration="00:00:00.0182799" startTime="2025-07-02T22:04:17.7342757+00:00" endTime="2025-07-02T22:04:17.7533332+00:00" testType="13cdc9d9-ddb5-4fa4-a97d-d965ccfc6d4b" outcome="Passed" testListId="8c84fa94-04c1-424b-9868-57a2d4851a1d" relativeResultsDirectory="26b5ce60-c177-4c33-971d-6f5abaeed944" />
    <UnitTestResult executionId="b7a67857-1e84-4c7d-8a11-a2331b0c6a81" testId="4279c44e-c272-4a8a-acd8-3f166f075cc8" testName="Microsoft.AspNetCore.Components.Test.RenderTreeDiffBuilderTest.RecognizesEquivalentRegions" computerName="pkrvmbietmlfzoi" duration="00:00:00.0009353" startTime="2025-07-02T22:04:17.9713970+00:00" endTime="2025-07-02T22:04:17.9714784+00:00" testType="13cdc9d9-ddb5-4fa4-a97d-d965ccfc6d4b" outcome="Passed" testListId="8c84fa94-04c1-424b-9868-57a2d4851a1d" relativeResultsDirectory="b7a67857-1e84-4c7d-8a11-a2331b0c6a81" />
    <UnitTestResult executionId="8f8aed5f-9c62-4526-93ea-b9caae7bcadd" testId="c64a07fc-3501-ed10-ae92-cc0de02708b5" testName="Microsoft.AspNetCore.Components.Routing.RouteKeyTest.RouteKey_WithNoAdditionalAssemblies_Equality" computerName="pkrvmbietmlfzoi" duration="00:00:00.0002072" startTime="2025-07-02T22:04:17.8742107+00:00" endTime="2025-07-02T22:04:17.8750657+00:00" testType="13cdc9d9-ddb5-4fa4-a97d-d965ccfc6d4b" outcome="Passed" testListId="8c84fa94-04c1-424b-9868-57a2d4851a1d" relativeResultsDirectory="8f8aed5f-9c62-4526-93ea-b9caae7bcadd" />
    <UnitTestResult executionId="c6cff4fb-f2b9-419a-be6e-72938a9a49fb" testId="658b1943-844d-e105-68ef-805617447f21" testName="Microsoft.AspNetCore.Components.PersistentState.PersistentServicesRegistryTest.PersistStateAsync_PersistsMultipleServicesWithDifferentStates" computerName="pkrvmbietmlfzoi" duration="00:00:00.0197020" startTime="2025-07-02T22:04:17.3583294+00:00" endTime="2025-07-02T22:04:17.3896194+00:00" testType="13cdc9d9-ddb5-4fa4-a97d-d965ccfc6d4b" outcome="Passed" testListId="8c84fa94-04c1-424b-9868-57a2d4851a1d" relativeResultsDirectory="c6cff4fb-f2b9-419a-be6e-72938a9a49fb" />
    <UnitTestResult executionId="d71bb3db-9f34-4996-94bf-2da4fd335d54" testId="b88c0c34-4ca2-6d36-f115-0a0e4f142984" testName="Microsoft.AspNetCore.Components.Rendering.RenderTreeBuilderTest.IgnoresNullComponentKey" computerName="pkrvmbietmlfzoi" duration="00:00:00.0002853" startTime="2025-07-02T22:04:17.4807804+00:00" endTime="2025-07-02T22:04:17.4815201+00:00" testType="13cdc9d9-ddb5-4fa4-a97d-d965ccfc6d4b" outcome="Passed" testListId="8c84fa94-04c1-424b-9868-57a2d4851a1d" relativeResultsDirectory="d71bb3db-9f34-4996-94bf-2da4fd335d54" />
    <UnitTestResult executionId="e5c182a4-a107-49e7-a7b2-f02cef7d207c" testId="9a0df7ab-2eac-e0f0-703a-55195e1442f8" testName="Microsoft.AspNetCore.Components.NavigationManagerTest.ComputesCorrectValidBaseRelativePaths(baseUri: &quot;scheme://host/path/&quot;, uri: &quot;scheme://host/path/&quot;, expectedResult: &quot;&quot;)" computerName="pkrvmbietmlfzoi" duration="00:00:00.0000167" startTime="2025-07-02T22:04:17.4997683+00:00" endTime="2025-07-02T22:04:17.5000429+00:00" testType="13cdc9d9-ddb5-4fa4-a97d-d965ccfc6d4b" outcome="Passed" testListId="8c84fa94-04c1-424b-9868-57a2d4851a1d" relativeResultsDirectory="e5c182a4-a107-49e7-a7b2-f02cef7d207c" />
    <UnitTestResult executionId="2931b4bb-24d1-4901-9348-2724a6222185" testId="6da18163-322a-a311-a61e-335ac02db98a" testName="Microsoft.AspNetCore.Components.Routing.RouteTableFactoryTests.ThrowsForOptionalParametersFollowedByNonOptionalParameters" computerName="pkrvmbietmlfzoi" duration="00:00:00.0010000" startTime="2025-07-02T22:04:17.7975017+00:00" endTime="2025-07-02T22:04:17.7976311+00:00" testType="13cdc9d9-ddb5-4fa4-a97d-d965ccfc6d4b" outcome="NotExecuted" testListId="8c84fa94-04c1-424b-9868-57a2d4851a1d" relativeResultsDirectory="2931b4bb-24d1-4901-9348-2724a6222185">
      <Output>
        <ErrorInfo>
          <Message>This is allowed in ASP.NET Core routing.</Message>
        </ErrorInfo>
      </Output>
    </UnitTestResult>
    <UnitTestResult executionId="d5711624-2488-4bbb-8254-65537e625c1b" testId="233e7dcd-9005-7636-7039-3596dad32fc3" testName="Microsoft.AspNetCore.Components.Test.RenderTreeDiffBuilderTest.SetsParametersOnChildComponents" computerName="pkrvmbietmlfzoi" duration="00:00:00.0010569" startTime="2025-07-02T22:04:17.9980263+00:00" endTime="2025-07-02T22:04:17.9982616+00:00" testType="13cdc9d9-ddb5-4fa4-a97d-d965ccfc6d4b" outcome="Passed" testListId="8c84fa94-04c1-424b-9868-57a2d4851a1d" relativeResultsDirectory="d5711624-2488-4bbb-8254-65537e625c1b" />
    <UnitTestResult executionId="15d86e93-6aeb-4f6b-a7a9-d4146ef1b7bb" testId="543520d4-f7dd-b167-e245-b9bf6e804b67" testName="Microsoft.AspNetCore.Components.RenderTree.StackObjectPoolTest.CanGetInstances" computerName="pkrvmbietmlfzoi" duration="00:00:00.0004761" startTime="2025-07-02T22:04:17.4027859+00:00" endTime="2025-07-02T22:04:17.4028968+00:00" testType="13cdc9d9-ddb5-4fa4-a97d-d965ccfc6d4b" outcome="Passed" testListId="8c84fa94-04c1-424b-9868-57a2d4851a1d" relativeResultsDirectory="15d86e93-6aeb-4f6b-a7a9-d4146ef1b7bb" />
    <UnitTestResult executionId="a8422263-592a-49af-b363-263ff31787dc" testId="9d08ca09-20b1-1ef3-6b6d-276b2ca56f66" testName="Microsoft.AspNetCore.Components.Test.RendererTest.CanAsyncDispatchEventsToTopLevelComponents" computerName="pkrvmbietmlfzoi" duration="00:00:00.0017452" startTime="2025-07-02T22:04:19.3269585+00:00" endTime="2025-07-02T22:04:19.3289446+00:00" testType="13cdc9d9-ddb5-4fa4-a97d-d965ccfc6d4b" outcome="Passed" testListId="8c84fa94-04c1-424b-9868-57a2d4851a1d" relativeResultsDirectory="a8422263-592a-49af-b363-263ff31787dc" />
    <UnitTestResult executionId="8a26aa5f-3a15-4da5-a4de-200d0c62c13e" testId="3b8c1ae0-931c-1394-7fe4-6b32a66aa0d2" testName="Microsoft.AspNetCore.Components.ComponentApplicationStateTest.TryRetrieveState_ReturnsStateWhenItExists" computerName="pkrvmbietmlfzoi" duration="00:00:00.0003049" startTime="2025-07-02T22:04:17.5934217+00:00" endTime="2025-07-02T22:04:17.5938972+00:00" testType="13cdc9d9-ddb5-4fa4-a97d-d965ccfc6d4b" outcome="Passed" testListId="8c84fa94-04c1-424b-9868-57a2d4851a1d" relativeResultsDirectory="8a26aa5f-3a15-4da5-a4de-200d0c62c13e" />
    <UnitTestResult executionId="1af9040e-8da8-4efd-9a5d-3cf3b0c02473" testId="4104636b-2a4c-5c40-8626-be7e671ed5c4" testName="Microsoft.AspNetCore.Components.NavigationManagerTest.ComputesCorrectBaseUri(baseUri: &quot;scheme://host/path&quot;, expectedResult: &quot;scheme://host/&quot;)" computerName="pkrvmbietmlfzoi" duration="00:00:00.0000081" startTime="2025-07-02T22:04:17.4781094+00:00" endTime="2025-07-02T22:04:17.4809335+00:00" testType="13cdc9d9-ddb5-4fa4-a97d-d965ccfc6d4b" outcome="Passed" testListId="8c84fa94-04c1-424b-9868-57a2d4851a1d" relativeResultsDirectory="1af9040e-8da8-4efd-9a5d-3cf3b0c02473" />
    <UnitTestResult executionId="9615ba03-9a70-4caa-b710-ca1fbfba86d4" testId="19016da1-e936-f011-fdef-37ec13a95a33" testName="Microsoft.AspNetCore.Components.ParameterViewTest.IncomingParameterMatchesDeclaredParameterCaseInsensitively_SetsValue" computerName="pkrvmbietmlfzoi" duration="00:00:00.0003505" startTime="2025-07-02T22:04:17.5809750+00:00" endTime="2025-07-02T22:04:17.5810787+00:00" testType="13cdc9d9-ddb5-4fa4-a97d-d965ccfc6d4b" outcome="Passed" testListId="8c84fa94-04c1-424b-9868-57a2d4851a1d" relativeResultsDirectory="9615ba03-9a70-4caa-b710-ca1fbfba86d4" />
    <UnitTestResult executionId="0d9244c7-bb1f-4ac2-9d4d-2443003fae7a" testId="1080a8fb-c4f5-1740-e9b9-cd24db7a0bc9" testName="Microsoft.AspNetCore.Components.PersistentStateValueProviderTests.PersistAsync_CanPersistMultipleComponentsOfSameType_SupportsDifferentKeyTypes(componentKey1: 9223372036854775807, componentKey2: -9223372036854775808)" computerName="pkrvmbietmlfzoi" duration="00:00:00.0012256" startTime="2025-07-02T22:04:17.5430491+00:00" endTime="2025-07-02T22:04:17.5431340+00:00" testType="13cdc9d9-ddb5-4fa4-a97d-d965ccfc6d4b" outcome="Passed" testListId="8c84fa94-04c1-424b-9868-57a2d4851a1d" relativeResultsDirectory="0d9244c7-bb1f-4ac2-9d4d-2443003fae7a" />
    <UnitTestResult executionId="41526c3d-668e-4cc5-bb16-70e64302c524" testId="39a23e01-ef3e-5aed-b416-4f5e71ddf4c5" testName="Microsoft.AspNetCore.Components.ParameterViewTest.SettingCaptureUnmatchedValuesParameterExplicitlyAndImplicitly_Throws" computerName="pkrvmbietmlfzoi" duration="00:00:00.0055765" startTime="2025-07-02T22:04:17.5114541+00:00" endTime="2025-07-02T22:04:17.5137103+00:00" testType="13cdc9d9-ddb5-4fa4-a97d-d965ccfc6d4b" outcome="Passed" testListId="8c84fa94-04c1-424b-9868-57a2d4851a1d" relativeResultsDirectory="41526c3d-668e-4cc5-bb16-70e64302c524" />
    <UnitTestResult executionId="1acf92a1-cfbb-4fb6-bb14-9798f1d93b16" testId="45bfcba3-622d-bcdc-761e-f0bfa66d2fdb" testName="Microsoft.AspNetCore.Components.ComponentFactoryTest.InstantiateComponent_WithRenderModeOnComponentAndCallSite_Throws" computerName="pkrvmbietmlfzoi" duration="00:00:00.0051035" startTime="2025-07-02T22:04:17.8027206+00:00" endTime="2025-07-02T22:04:17.8050447+00:00" testType="13cdc9d9-ddb5-4fa4-a97d-d965ccfc6d4b" outcome="Passed" testListId="8c84fa94-04c1-424b-9868-57a2d4851a1d" relativeResultsDirectory="1acf92a1-cfbb-4fb6-bb14-9798f1d93b16" />
    <UnitTestResult executionId="726dd715-b185-488d-b5c1-c020c0e390e5" testId="dd2e5684-c705-e9a6-3ec2-10a48716f86a" testName="Microsoft.AspNetCore.Components.ResourceAssetCollectionTest.CanCreateResourceCollection" computerName="pkrvmbietmlfzoi" duration="00:00:00.0015812" startTime="2025-07-02T22:04:17.3725206+00:00" endTime="2025-07-02T22:04:17.3738358+00:00" testType="13cdc9d9-ddb5-4fa4-a97d-d965ccfc6d4b" outcome="Passed" testListId="8c84fa94-04c1-424b-9868-57a2d4851a1d" relativeResultsDirectory="726dd715-b185-488d-b5c1-c020c0e390e5" />
    <UnitTestResult executionId="b8f36eef-c27b-438d-b45f-3c3c36e2154a" testId="25c245ec-000c-b8b0-753a-0d4f262033b6" testName="Microsoft.AspNetCore.Components.Test.CascadingParameterTest.DoesNotNotifyDescendantsIfCascadingParameterValuesAreImmutableAndUnchanged" computerName="pkrvmbietmlfzoi" duration="00:00:00.0009977" startTime="2025-07-02T22:04:17.6519814+00:00" endTime="2025-07-02T22:04:17.6520838+00:00" testType="13cdc9d9-ddb5-4fa4-a97d-d965ccfc6d4b" outcome="Passed" testListId="8c84fa94-04c1-424b-9868-57a2d4851a1d" relativeResultsDirectory="b8f36eef-c27b-438d-b45f-3c3c36e2154a" />
    <UnitTestResult executionId="c3c7a10d-01f6-4d46-b110-5b1643096259" testId="493e214b-5ba1-0616-a351-0dbac3dcd27c" testName="Microsoft.AspNetCore.Components.PersistentStateValueProviderTests.PersistAsync_PersistsStateForSubscribedComponentProperties" computerName="pkrvmbietmlfzoi" duration="00:00:00.0012043" startTime="2025-07-02T22:04:17.4878937+00:00" endTime="2025-07-02T22:04:17.4879874+00:00" testType="13cdc9d9-ddb5-4fa4-a97d-d965ccfc6d4b" outcome="Passed" testListId="8c84fa94-04c1-424b-9868-57a2d4851a1d" relativeResultsDirectory="c3c7a10d-01f6-4d46-b110-5b1643096259" />
    <UnitTestResult executionId="f461edc3-b7f3-40f3-9b41-9a900753b497" testId="6af6673e-8981-5deb-5b4f-18b4a3501729" testName="Microsoft.AspNetCore.Components.BindConverterTest.FormatValue_Int_Generic" computerName="pkrvmbietmlfzoi" duration="00:00:00.0045074" startTime="2025-07-02T22:04:17.3925870+00:00" endTime="2025-07-02T22:04:17.3940526+00:00" testType="13cdc9d9-ddb5-4fa4-a97d-d965ccfc6d4b" outcome="Passed" testListId="8c84fa94-04c1-424b-9868-57a2d4851a1d" relativeResultsDirectory="f461edc3-b7f3-40f3-9b41-9a900753b497" />
    <UnitTestResult executionId="ed907daa-0820-44fc-823d-9bedb08024d1" testId="0738b170-60fd-6df7-dab2-bcc13677a20e" testName="Microsoft.AspNetCore.Components.ResourceAssetCollectionTest.CanResolveFingerprintedResources" computerName="pkrvmbietmlfzoi" duration="00:00:00.0002896" startTime="2025-07-02T22:04:17.3892747+00:00" endTime="2025-07-02T22:04:17.3894039+00:00" testType="13cdc9d9-ddb5-4fa4-a97d-d965ccfc6d4b" outcome="Passed" testListId="8c84fa94-04c1-424b-9868-57a2d4851a1d" relativeResultsDirectory="ed907daa-0820-44fc-823d-9bedb08024d1" />
    <UnitTestResult executionId="6516b3cb-4180-4c57-aed8-d5275bdd675b" testId="1e0e7bf3-2075-dd8c-e2b6-e77d289e78b6" testName="Microsoft.AspNetCore.Components.Routing.QueryParameterValueSupplierTest.RejectsBlankValuesWhenNotNullable(key: &quot;LongVal&quot;, targetType: typeof(long))" computerName="pkrvmbietmlfzoi" duration="00:00:00.0002675" startTime="2025-07-02T22:04:17.7657475+00:00" endTime="2025-07-02T22:04:17.7658965+00:00" testType="13cdc9d9-ddb5-4fa4-a97d-d965ccfc6d4b" outcome="Passed" testListId="8c84fa94-04c1-424b-9868-57a2d4851a1d" relativeResultsDirectory="6516b3cb-4180-4c57-aed8-d5275bdd675b" />
    <UnitTestResult executionId="9b9da63f-a1a2-42f6-8097-14d17953f881" testId="5d5d2aba-5c18-1e10-0f72-04cd0c208f80" testName="Microsoft.AspNetCore.Components.NavigationManagerTest.GetUriWithQueryParameters_CanAddUpdateAndRemove(baseUri: &quot;scheme://host/?&quot;, expectedUri: &quot;scheme://host/?age=25&amp;eye%20color=green&quot;)" computerName="pkrvmbietmlfzoi" duration="00:00:00.0000329" startTime="2025-07-02T22:04:17.4598067+00:00" endTime="2025-07-02T22:04:17.4599214+00:00" testType="13cdc9d9-ddb5-4fa4-a97d-d965ccfc6d4b" outcome="Passed" testListId="8c84fa94-04c1-424b-9868-57a2d4851a1d" relativeResultsDirectory="9b9da63f-a1a2-42f6-8097-14d17953f881" />
    <UnitTestResult executionId="e4fac748-a251-4d1a-85fc-593b5bbd57bd" testId="41ab5ca1-d34d-635f-80e1-4bdec291c5b4" testName="Microsoft.AspNetCore.Components.ComponentApplicationStateTest.InitializeExistingState_SetupsState" computerName="pkrvmbietmlfzoi" duration="00:00:00.0003356" startTime="2025-07-02T22:04:17.5993239+00:00" endTime="2025-07-02T22:04:17.5997576+00:00" testType="13cdc9d9-ddb5-4fa4-a97d-d965ccfc6d4b" outcome="Passed" testListId="8c84fa94-04c1-424b-9868-57a2d4851a1d" relativeResultsDirectory="e4fac748-a251-4d1a-85fc-593b5bbd57bd" />
    <UnitTestResult executionId="b4c7efae-fa07-43e0-baf1-c4b82a69df76" testId="ebd3a8e8-2309-ba7d-aa7a-ee01ab8f7c1c" testName="Microsoft.AspNetCore.Components.Rendering.RendererSynchronizationContextTest.Send_BlocksWhenOtherWorkRunning" computerName="pkrvmbietmlfzoi" duration="00:00:00.0150166" startTime="2025-07-02T22:04:17.4196167+00:00" endTime="2025-07-02T22:04:17.4478468+00:00" testType="13cdc9d9-ddb5-4fa4-a97d-d965ccfc6d4b" outcome="Passed" testListId="8c84fa94-04c1-424b-9868-57a2d4851a1d" relativeResultsDirectory="b4c7efae-fa07-43e0-baf1-c4b82a69df76" />
    <UnitTestResult executionId="831e380f-74a8-4fc1-9e5e-d1bb2a000faf" testId="75db3207-0c10-13f9-f04f-afdb47730d95" testName="Microsoft.AspNetCore.Components.Test.RendererTest.ComponentCannotTriggerRenderBeforeRenderHandleAssigned" computerName="pkrvmbietmlfzoi" duration="00:00:00.0002253" startTime="2025-07-02T22:04:18.2491816+00:00" endTime="2025-07-02T22:04:18.2493868+00:00" testType="13cdc9d9-ddb5-4fa4-a97d-d965ccfc6d4b" outcome="Passed" testListId="8c84fa94-04c1-424b-9868-57a2d4851a1d" relativeResultsDirectory="831e380f-74a8-4fc1-9e5e-d1bb2a000faf" />
    <UnitTestResult executionId="d5f452e2-a8f8-43f1-8fb2-f73e37d81c9b" testId="53f44629-fbd7-6f80-e2b4-f1d092aa221c" testName="Microsoft.AspNetCore.Components.Routing.QueryParameterValueSupplierTest.RejectsUnparseableValues(key: &quot;IntVal&quot;, value: &quot;5000000000&quot;, targetType: typeof(int))" computerName="pkrvmbietmlfzoi" duration="00:00:00.0007917" startTime="2025-07-02T22:04:17.7120664+00:00" endTime="2025-07-02T22:04:17.7128241+00:00" testType="13cdc9d9-ddb5-4fa4-a97d-d965ccfc6d4b" outcome="Passed" testListId="8c84fa94-04c1-424b-9868-57a2d4851a1d" relativeResultsDirectory="d5f452e2-a8f8-43f1-8fb2-f73e37d81c9b" />
    <UnitTestResult executionId="7be385ab-829e-4773-8774-dc43f1d6672d" testId="c0289689-7433-164e-3634-e12ec9d84c28" testName="Microsoft.AspNetCore.Components.Rendering.RenderTreeBuilderTest.AddAttribute_Element_ObjectNull_IgnoresFrame" computerName="pkrvmbietmlfzoi" duration="00:00:00.0005836" startTime="2025-07-02T22:04:17.9558604+00:00" endTime="2025-07-02T22:04:17.9565486+00:00" testType="13cdc9d9-ddb5-4fa4-a97d-d965ccfc6d4b" outcome="Passed" testListId="8c84fa94-04c1-424b-9868-57a2d4851a1d" relativeResultsDirectory="7be385ab-829e-4773-8774-dc43f1d6672d" />
    <UnitTestResult executionId="cecb5f9d-32ec-439a-b53b-70d566ba7ee4" testId="e2e25697-2304-4ccf-7dd2-dfd8a53841fd" testName="Microsoft.AspNetCore.Components.Rendering.RenderTreeBuilderTest.AddAttribute_Element_StringNull_IgnoresFrame" computerName="pkrvmbietmlfzoi" duration="00:00:00.0009447" startTime="2025-07-02T22:04:17.9347800+00:00" endTime="2025-07-02T22:04:17.9352115+00:00" testType="13cdc9d9-ddb5-4fa4-a97d-d965ccfc6d4b" outcome="Passed" testListId="8c84fa94-04c1-424b-9868-57a2d4851a1d" relativeResultsDirectory="cecb5f9d-32ec-439a-b53b-70d566ba7ee4" />
    <UnitTestResult executionId="8f4c407a-9bef-43ac-90de-d4541167c67f" testId="c3e840bb-971e-5bd2-3acf-7f44fe050f0a" testName="Microsoft.AspNetCore.Components.NavigationManagerTest.LocationChangingHandlers_CannotCancelTheNavigationAsynchronously_UntilReturning" computerName="pkrvmbietmlfzoi" duration="00:00:00.0039715" startTime="2025-07-02T22:04:17.7360525+00:00" endTime="2025-07-02T22:04:17.7447824+00:00" testType="13cdc9d9-ddb5-4fa4-a97d-d965ccfc6d4b" outcome="Passed" testListId="8c84fa94-04c1-424b-9868-57a2d4851a1d" relativeResultsDirectory="8f4c407a-9bef-43ac-90de-d4541167c67f" />
    <UnitTestResult executionId="49451756-eec4-4863-94fa-178dee310b83" testId="40b0e75f-9565-2fa4-a311-34c27eab4a03" testName="Microsoft.AspNetCore.Components.RenderTree.StackObjectPoolTest.CanReturnInstances" computerName="pkrvmbietmlfzoi" duration="00:00:00.0004169" startTime="2025-07-02T22:04:17.3980044+00:00" endTime="2025-07-02T22:04:17.3985094+00:00" testType="13cdc9d9-ddb5-4fa4-a97d-d965ccfc6d4b" outcome="Passed" testListId="8c84fa94-04c1-424b-9868-57a2d4851a1d" relativeResultsDirectory="49451756-eec4-4863-94fa-178dee310b83" />
    <UnitTestResult executionId="c176a6da-4215-413c-a0fb-f6d720f41474" testId="9bdc6241-3bb4-1b5a-c2b5-156869ab7854" testName="Microsoft.AspNetCore.Components.NavigationManagerTest.LocationChangingHandlers_DoNotBubbleExceptionsThroughNotifyLocationChangingAsync_WhenMultipleHandlersAreRegistered" computerName="pkrvmbietmlfzoi" duration="00:00:00.0167737" startTime="2025-07-02T22:04:17.5246891+00:00" endTime="2025-07-02T22:04:17.5514929+00:00" testType="13cdc9d9-ddb5-4fa4-a97d-d965ccfc6d4b" outcome="Passed" testListId="8c84fa94-04c1-424b-9868-57a2d4851a1d" relativeResultsDirectory="c176a6da-4215-413c-a0fb-f6d720f41474" />
    <UnitTestResult executionId="40e6b4cc-3217-4d4e-aad4-11958fa1fc42" testId="d65cdade-16b8-3c1d-fc9e-9c61c103b970" testName="Microsoft.AspNetCore.Components.NavigationManagerTest.GetUriWithQueryParameter_RemovesWhenParameterValueIsNull(baseUri: &quot;scheme://host/?full%20name=Bob#hash&quot;, expectedUri: &quot;scheme://host/#hash&quot;)" computerName="pkrvmbietmlfzoi" duration="00:00:00.0000188" startTime="2025-07-02T22:04:17.4391523+00:00" endTime="2025-07-02T22:04:17.4398570+00:00" testType="13cdc9d9-ddb5-4fa4-a97d-d965ccfc6d4b" outcome="Passed" testListId="8c84fa94-04c1-424b-9868-57a2d4851a1d" relativeResultsDirectory="40e6b4cc-3217-4d4e-aad4-11958fa1fc42" />
    <UnitTestResult executionId="8bb36910-4d2c-4cea-bfc9-788904f860c7" testId="b9a276e6-46d2-7847-5571-499e8bbd6878" testName="Microsoft.AspNetCore.Components.Test.RenderTreeDiffBuilderTest.CanMoveAfterDeletedItem" computerName="pkrvmbietmlfzoi" duration="00:00:00.0006845" startTime="2025-07-02T22:04:18.0109974+00:00" endTime="2025-07-02T22:04:18.0112512+00:00" testType="13cdc9d9-ddb5-4fa4-a97d-d965ccfc6d4b" outcome="Passed" testListId="8c84fa94-04c1-424b-9868-57a2d4851a1d" relativeResultsDirectory="8bb36910-4d2c-4cea-bfc9-788904f860c7" />
    <UnitTestResult executionId="3c076bdc-7506-48ed-aa09-a8d234ddac83" testId="9ef5bce8-20a6-e21f-e520-2849b285356f" testName="Microsoft.AspNetCore.Components.DynamicComponentTest.RejectsUnknownParameters" computerName="pkrvmbietmlfzoi" duration="00:00:00.0082830" startTime="2025-07-02T22:04:17.5258539+00:00" endTime="2025-07-02T22:04:17.5421089+00:00" testType="13cdc9d9-ddb5-4fa4-a97d-d965ccfc6d4b" outcome="Passed" testListId="8c84fa94-04c1-424b-9868-57a2d4851a1d" relativeResultsDirectory="3c076bdc-7506-48ed-aa09-a8d234ddac83" />
    <UnitTestResult executionId="f35432a6-8993-4d39-8446-3bfdf6b1e5f1" testId="b64577ee-9df6-449c-7efa-f76a4257ee8f" testName="Microsoft.AspNetCore.Components.NavigationManagerTest.GetUriWithQueryParameter_RemovesWhenParameterValueIsNull(baseUri: &quot;scheme://host/&quot;, expectedUri: &quot;scheme://host/&quot;)" computerName="pkrvmbietmlfzoi" duration="00:00:00.0000117" startTime="2025-07-02T22:04:17.4400354+00:00" endTime="2025-07-02T22:04:17.4401320+00:00" testType="13cdc9d9-ddb5-4fa4-a97d-d965ccfc6d4b" outcome="Passed" testListId="8c84fa94-04c1-424b-9868-57a2d4851a1d" relativeResultsDirectory="f35432a6-8993-4d39-8446-3bfdf6b1e5f1" />
    <UnitTestResult executionId="78ec13b2-22ad-4551-8917-c72953f9ac60" testId="0f26f69b-7b4d-0553-8ed7-248b685fe2fb" testName="Microsoft.AspNetCore.Components.EventCallbackTest.EventCallback_FuncTask_IgnoresArg" computerName="pkrvmbietmlfzoi" duration="00:00:00.0014598" startTime="2025-07-02T22:04:17.9351242+00:00" endTime="2025-07-02T22:04:17.9382420+00:00" testType="13cdc9d9-ddb5-4fa4-a97d-d965ccfc6d4b" outcome="Passed" testListId="8c84fa94-04c1-424b-9868-57a2d4851a1d" relativeResultsDirectory="78ec13b2-22ad-4551-8917-c72953f9ac60" />
    <UnitTestResult executionId="054b4fb2-77bf-4fbc-90cb-768feeb258ad" testId="25d9ea8d-3f77-8d80-8134-a3304da674d8" testName="Microsoft.AspNetCore.Components.Test.RendererTest.ExceptionThrownFromAttach" computerName="pkrvmbietmlfzoi" duration="00:00:00.0054672" startTime="2025-07-02T22:04:17.9327545+00:00" endTime="2025-07-02T22:04:17.9387845+00:00" testType="13cdc9d9-ddb5-4fa4-a97d-d965ccfc6d4b" outcome="Passed" testListId="8c84fa94-04c1-424b-9868-57a2d4851a1d" relativeResultsDirectory="054b4fb2-77bf-4fbc-90cb-768feeb258ad" />
    <UnitTestResult executionId="7e978f80-2180-4e26-9dc4-41311482eb4d" testId="87911d36-ce25-2f66-8630-531a2f59fcc7" testName="Microsoft.AspNetCore.Components.Routing.RouteTableFactoryTests.CanMatchCatchAllParameterTemplate(path: &quot;/blog/value1&quot;, expectedValue: &quot;value1&quot;)" computerName="pkrvmbietmlfzoi" duration="00:00:00.0006947" startTime="2025-07-02T22:04:17.6687825+00:00" endTime="2025-07-02T22:04:17.6691322+00:00" testType="13cdc9d9-ddb5-4fa4-a97d-d965ccfc6d4b" outcome="Passed" testListId="8c84fa94-04c1-424b-9868-57a2d4851a1d" relativeResultsDirectory="7e978f80-2180-4e26-9dc4-41311482eb4d" />
    <UnitTestResult executionId="cd9fb24e-9e71-4c97-86d6-88d22643a5a0" testId="f269b2ff-cf72-e8a5-816a-3d76032f18f3" testName="Microsoft.AspNetCore.Components.ComponentsActivitySourceTest.CaptureEventStopAsync_FailsActivityOnException" computerName="pkrvmbietmlfzoi" duration="00:00:00.0030977" startTime="2025-07-02T22:04:17.8216809+00:00" endTime="2025-07-02T22:04:17.8301222+00:00" testType="13cdc9d9-ddb5-4fa4-a97d-d965ccfc6d4b" outcome="Passed" testListId="8c84fa94-04c1-424b-9868-57a2d4851a1d" relativeResultsDirectory="cd9fb24e-9e71-4c97-86d6-88d22643a5a0" />
    <UnitTestResult executionId="a4ade8e5-3082-4329-bcfc-8781aba3b3a2" testId="f9ae0af0-1dbd-c575-0c28-ae297b2d1130" testName="Microsoft.AspNetCore.Components.Routing.RouterTest.RefreshesOnceOnCancelledOnNavigateAsync" computerName="pkrvmbietmlfzoi" duration="00:00:00.0066302" startTime="2025-07-02T22:04:17.6742219+00:00" endTime="2025-07-02T22:04:17.6856416+00:00" testType="13cdc9d9-ddb5-4fa4-a97d-d965ccfc6d4b" outcome="Passed" testListId="8c84fa94-04c1-424b-9868-57a2d4851a1d" relativeResultsDirectory="a4ade8e5-3082-4329-bcfc-8781aba3b3a2" />
    <UnitTestResult executionId="569cbfd5-2b3e-43d2-9afb-641a2709447b" testId="ed3d3649-5c65-1f1c-6637-1cd1f7bf31b9" testName="Microsoft.AspNetCore.Components.Test.RendererTest.RenderBatch_ReportsAsynchronousCancelationsAsErrors" computerName="pkrvmbietmlfzoi" duration="00:00:00.0013179" startTime="2025-07-02T22:04:18.0161946+00:00" endTime="2025-07-02T22:04:18.0162890+00:00" testType="13cdc9d9-ddb5-4fa4-a97d-d965ccfc6d4b" outcome="Passed" testListId="8c84fa94-04c1-424b-9868-57a2d4851a1d" relativeResultsDirectory="569cbfd5-2b3e-43d2-9afb-641a2709447b" />
    <UnitTestResult executionId="d40ce006-44f1-491d-bf4b-4c4efffd8cf6" testId="1f55550d-79ec-9cbc-d258-412fde4e2031" testName="Microsoft.AspNetCore.Components.Test.RenderTreeDiffBuilderTest.AttributeDiff_WithSequentialSequenceNumber_AttributeAddedInMiddle" computerName="pkrvmbietmlfzoi" duration="00:00:00.0005908" startTime="2025-07-02T22:04:18.0024745+00:00" endTime="2025-07-02T22:04:18.0025995+00:00" testType="13cdc9d9-ddb5-4fa4-a97d-d965ccfc6d4b" outcome="Passed" testListId="8c84fa94-04c1-424b-9868-57a2d4851a1d" relativeResultsDirectory="d40ce006-44f1-491d-bf4b-4c4efffd8cf6" />
    <UnitTestResult executionId="45c690f8-e148-4c35-9f5d-e452665f035f" testId="7b0e6520-1427-6b8d-b421-60c6eb71a855" testName="Microsoft.AspNetCore.Components.ParameterViewTest.CanConvertToReadOnlyDictionary" computerName="pkrvmbietmlfzoi" duration="00:00:00.0008144" startTime="2025-07-02T22:04:17.5777698+00:00" endTime="2025-07-02T22:04:17.5806825+00:00" testType="13cdc9d9-ddb5-4fa4-a97d-d965ccfc6d4b" outcome="Passed" testListId="8c84fa94-04c1-424b-9868-57a2d4851a1d" relativeResultsDirectory="45c690f8-e148-4c35-9f5d-e452665f035f" />
    <UnitTestResult executionId="7d483885-7a28-46c0-bb02-95f1094ad290" testId="7c113dcf-e8bd-911a-1bf3-b021de777372" testName="Microsoft.AspNetCore.Components.Test.RendererTest.EventFieldInfoCanPatchTreeSoDiffDoesNotUpdateAttribute(oldValue: &quot;old property value&quot;)" computerName="pkrvmbietmlfzoi" duration="00:00:00.0027332" startTime="2025-07-02T22:04:17.9955181+00:00" endTime="2025-07-02T22:04:17.9973960+00:00" testType="13cdc9d9-ddb5-4fa4-a97d-d965ccfc6d4b" outcome="Passed" testListId="8c84fa94-04c1-424b-9868-57a2d4851a1d" relativeResultsDirectory="7d483885-7a28-46c0-bb02-95f1094ad290" />
    <UnitTestResult executionId="02380f16-3922-452b-9c58-60db52bc6ffa" testId="ec66d659-3f65-d6bb-0884-6e3826c8864e" testName="Microsoft.AspNetCore.Components.Test.RenderTreeDiffBuilderTest.AttributeDiff_WithSameSequenceNumber_AttributeAddedInMiddle" computerName="pkrvmbietmlfzoi" duration="00:00:00.0006718" startTime="2025-07-02T22:04:17.9978085+00:00" endTime="2025-07-02T22:04:17.9979118+00:00" testType="13cdc9d9-ddb5-4fa4-a97d-d965ccfc6d4b" outcome="Passed" testListId="8c84fa94-04c1-424b-9868-57a2d4851a1d" relativeResultsDirectory="02380f16-3922-452b-9c58-60db52bc6ffa" />
    <UnitTestResult executionId="ed730cfc-11eb-4b52-b9de-ad245a76e830" testId="6d02614c-cec9-5583-bb32-266d0999f988" testName="Microsoft.AspNetCore.Components.Test.RendererTest.WhenRendererIsDisposed_ComponentRenderRequestsAreSkipped" computerName="pkrvmbietmlfzoi" duration="00:00:00.0002288" startTime="2025-07-02T22:04:18.2048335+00:00" endTime="2025-07-02T22:04:18.2050423+00:00" testType="13cdc9d9-ddb5-4fa4-a97d-d965ccfc6d4b" outcome="Passed" testListId="8c84fa94-04c1-424b-9868-57a2d4851a1d" relativeResultsDirectory="ed730cfc-11eb-4b52-b9de-ad245a76e830" />
    <UnitTestResult executionId="14481dfa-0526-4bc1-8b46-868be626f206" testId="65cfcda5-99bb-d8e0-6d73-26d319d71a90" testName="Microsoft.AspNetCore.Components.Rendering.RendererSynchronizationContextTest.InvokeAsync_FuncTask_CanReportCancellation" computerName="pkrvmbietmlfzoi" duration="00:00:00.0013170" startTime="2025-07-02T22:04:17.9833008+00:00" endTime="2025-07-02T22:04:17.9849613+00:00" testType="13cdc9d9-ddb5-4fa4-a97d-d965ccfc6d4b" outcome="Passed" testListId="8c84fa94-04c1-424b-9868-57a2d4851a1d" relativeResultsDirectory="14481dfa-0526-4bc1-8b46-868be626f206" />
    <UnitTestResult executionId="9863f209-caa1-4878-a3f8-072c48b27591" testId="05b68737-e2a8-4864-f836-dc209e28cb13" testName="Microsoft.AspNetCore.Components.Test.DependencyInjectionTest.HandlesInjectablePropertyScenarios" computerName="pkrvmbietmlfzoi" duration="00:00:00.0029365" startTime="2025-07-02T22:04:17.3524388+00:00" endTime="2025-07-02T22:04:17.3538467+00:00" testType="13cdc9d9-ddb5-4fa4-a97d-d965ccfc6d4b" outcome="Passed" testListId="8c84fa94-04c1-424b-9868-57a2d4851a1d" relativeResultsDirectory="9863f209-caa1-4878-a3f8-072c48b27591" />
    <UnitTestResult executionId="a2596510-0b2c-4eca-a2b2-7f22c805b7e3" testId="e10ea7c3-757f-6d51-f40f-4cc73bcc55f0" testName="Microsoft.AspNetCore.Components.Test.RendererTest.ReRendersChildComponentWhenUnmatchedValuesChange" computerName="pkrvmbietmlfzoi" duration="00:00:00.0009739" startTime="2025-07-02T22:04:19.2784957+00:00" endTime="2025-07-02T22:04:19.2794035+00:00" testType="13cdc9d9-ddb5-4fa4-a97d-d965ccfc6d4b" outcome="Passed" testListId="8c84fa94-04c1-424b-9868-57a2d4851a1d" relativeResultsDirectory="a2596510-0b2c-4eca-a2b2-7f22c805b7e3" />
    <UnitTestResult executionId="75ff0fec-6984-4d36-89ba-bf41a8caf61a" testId="1080a8fb-c4f5-1740-e9b9-cd24db7a0bc9" testName="Microsoft.AspNetCore.Components.PersistentStateValueProviderTests.PersistAsync_CanPersistMultipleComponentsOfSameType_SupportsDifferentKeyTypes(componentKey1: 12:34, componentKey2: 23:45)" computerName="pkrvmbietmlfzoi" duration="00:00:00.0016826" startTime="2025-07-02T22:04:17.5671640+00:00" endTime="2025-07-02T22:04:17.5715061+00:00" testType="13cdc9d9-ddb5-4fa4-a97d-d965ccfc6d4b" outcome="Passed" testListId="8c84fa94-04c1-424b-9868-57a2d4851a1d" relativeResultsDirectory="75ff0fec-6984-4d36-89ba-bf41a8caf61a" />
    <UnitTestResult executionId="dd28374f-f55f-4f08-80a2-e58d9690785f" testId="197b697b-0386-3b6a-3e1b-6dce58ce3798" testName="Microsoft.AspNetCore.Components.Routing.QueryParameterValueSupplierTest.RejectsUnparseableValues(key: &quot;GuidVal&quot;, value: &quot;123456-789-0&quot;, targetType: typeof(System.Guid))" computerName="pkrvmbietmlfzoi" duration="00:00:00.0002781" startTime="2025-07-02T22:04:17.6684893+00:00" endTime="2025-07-02T22:04:17.6688693+00:00" testType="13cdc9d9-ddb5-4fa4-a97d-d965ccfc6d4b" outcome="Passed" testListId="8c84fa94-04c1-424b-9868-57a2d4851a1d" relativeResultsDirectory="dd28374f-f55f-4f08-80a2-e58d9690785f" />
    <UnitTestResult executionId="bccab6bb-0e2c-4348-a8c7-37217416a0dd" testId="5c05525c-a91a-5a95-c392-31322bda4638" testName="Microsoft.AspNetCore.Components.Routing.QueryParameterValueSupplierTest.RejectsUnparseableArrayEntries(key: &quot;FloatVals&quot;, validValue: &quot;1000&quot;, invalidValue: &quot;1e1000&quot;, targetType: typeof(float))" computerName="pkrvmbietmlfzoi" duration="00:00:00.0028193" startTime="2025-07-02T22:04:17.7356790+00:00" endTime="2025-07-02T22:04:17.7395953+00:00" testType="13cdc9d9-ddb5-4fa4-a97d-d965ccfc6d4b" outcome="Passed" testListId="8c84fa94-04c1-424b-9868-57a2d4851a1d" relativeResultsDirectory="bccab6bb-0e2c-4348-a8c7-37217416a0dd" />
    <UnitTestResult executionId="21129929-7036-411e-a0a5-a0a87779a079" testId="f92b64fc-c600-e866-594f-6beed616abf0" testName="Microsoft.AspNetCore.Components.NavigationManagerTest.LocationChangingHandlers_CanCancelTheNavigationAsynchronously_WhenMultipleHandlersAreRegistered" computerName="pkrvmbietmlfzoi" duration="00:00:00.0422243" startTime="2025-07-02T22:04:17.5517942+00:00" endTime="2025-07-02T22:04:17.5903472+00:00" testType="13cdc9d9-ddb5-4fa4-a97d-d965ccfc6d4b" outcome="Passed" testListId="8c84fa94-04c1-424b-9868-57a2d4851a1d" relativeResultsDirectory="21129929-7036-411e-a0a5-a0a87779a079" />
    <UnitTestResult executionId="709de979-eee0-49b8-84cc-222a737ec97e" testId="edb2bbac-8d2a-40d8-a098-edaded11052b" testName="Microsoft.AspNetCore.Components.Routing.RouteTableFactoryTests.DoesNotThrowForNonAmbiguousRoutes(first: &quot;{param1?}/{param2?}/{param3?}/{*catchAll}&quot;, second: &quot;{param1?}/{param2?}/{param3?}/{optional?}&quot;)" computerName="pkrvmbietmlfzoi" duration="00:00:00.0072149" startTime="2025-07-02T22:04:17.5290802+00:00" endTime="2025-07-02T22:04:17.5426872+00:00" testType="13cdc9d9-ddb5-4fa4-a97d-d965ccfc6d4b" outcome="Passed" testListId="8c84fa94-04c1-424b-9868-57a2d4851a1d" relativeResultsDirectory="709de979-eee0-49b8-84cc-222a737ec97e" />
    <UnitTestResult executionId="6ca75718-1748-4548-b7f7-bdff6c5f314a" testId="6fc57d16-1bbc-f8a1-b3f7-9c7fca46a84b" testName="Microsoft.AspNetCore.Components.Test.RendererTest.ThrowsIfComponentProducesInvalidRenderTree" computerName="pkrvmbietmlfzoi" duration="00:00:00.0007804" startTime="2025-07-02T22:04:18.2211783+00:00" endTime="2025-07-02T22:04:18.2219841+00:00" testType="13cdc9d9-ddb5-4fa4-a97d-d965ccfc6d4b" outcome="Passed" testListId="8c84fa94-04c1-424b-9868-57a2d4851a1d" relativeResultsDirectory="6ca75718-1748-4548-b7f7-bdff6c5f314a" />
    <UnitTestResult executionId="95a63f46-39bf-437b-84ea-c635b575f32d" testId="0e54297b-7133-9dc9-c07f-f9c90a1229d6" testName="Microsoft.AspNetCore.Components.ParameterViewTest.SupplyingNullWritesDefaultForType" computerName="pkrvmbietmlfzoi" duration="00:00:00.0014675" startTime="2025-07-02T22:04:17.7488489+00:00" endTime="2025-07-02T22:04:17.7525707+00:00" testType="13cdc9d9-ddb5-4fa4-a97d-d965ccfc6d4b" outcome="Passed" testListId="8c84fa94-04c1-424b-9868-57a2d4851a1d" relativeResultsDirectory="95a63f46-39bf-437b-84ea-c635b575f32d" />
    <UnitTestResult executionId="d4e6b715-f205-41f0-a70a-fb65ffeb13fe" testId="f924c660-2650-22d4-6c50-0bedfdbb1a74" testName="Microsoft.AspNetCore.Components.PersistentState.PersistentServicesRegistryTest.PersistStateAsync_DoesNotPersistNullServiceProperties" computerName="pkrvmbietmlfzoi" duration="00:00:00.0036650" startTime="2025-07-02T22:04:17.3939399+00:00" endTime="2025-07-02T22:04:17.3947131+00:00" testType="13cdc9d9-ddb5-4fa4-a97d-d965ccfc6d4b" outcome="Passed" testListId="8c84fa94-04c1-424b-9868-57a2d4851a1d" relativeResultsDirectory="d4e6b715-f205-41f0-a70a-fb65ffeb13fe" />
    <UnitTestResult executionId="cfa3a5c0-403a-4ae9-ae23-f63ae5b5adba" testId="333c236c-2b93-8a92-aecf-d05dfcdc24b2" testName="Microsoft.AspNetCore.Components.BindConverterTest.FormatValue_NullableInt_Generic" computerName="pkrvmbietmlfzoi" duration="00:00:00.0028743" startTime="2025-07-02T22:04:17.4477429+00:00" endTime="2025-07-02T22:04:17.4485886+00:00" testType="13cdc9d9-ddb5-4fa4-a97d-d965ccfc6d4b" outcome="Passed" testListId="8c84fa94-04c1-424b-9868-57a2d4851a1d" relativeResultsDirectory="cfa3a5c0-403a-4ae9-ae23-f63ae5b5adba" />
    <UnitTestResult executionId="69cd4891-566a-4043-9622-28eabfacc1f6" testId="86e00b5d-e70a-46ac-749b-1f80006e6df7" testName="Microsoft.AspNetCore.Components.Routing.RoutePatternParserTests.ParseRouteParameter_ThrowsIf_ParameterContainsSpecialCharacters(template: &quot;{=}&quot;, expectedMessage: &quot;The route parameter name '=' is invalid. Route par&quot;···)" computerName="pkrvmbietmlfzoi" duration="00:00:00.0010000" startTime="2025-07-02T22:04:17.8255062+00:00" endTime="2025-07-02T22:04:17.8255392+00:00" testType="13cdc9d9-ddb5-4fa4-a97d-d965ccfc6d4b" outcome="NotExecuted" testListId="8c84fa94-04c1-424b-9868-57a2d4851a1d" relativeResultsDirectory="69cd4891-566a-4043-9622-28eabfacc1f6">
      <Output>
        <ErrorInfo>
          <Message>{=} is allowed</Message>
        </ErrorInfo>
      </Output>
    </UnitTestResult>
    <UnitTestResult executionId="837705e7-3b07-45e2-9f62-1d28c1681a0f" testId="d92999e9-71ec-1caf-9df2-20fb35696860" testName="Microsoft.AspNetCore.Components.EventCallbackTest.EventCallbackOfT_Action_Null" computerName="pkrvmbietmlfzoi" duration="00:00:00.0080214" startTime="2025-07-02T22:04:17.9182102+00:00" endTime="2025-07-02T22:04:17.9278105+00:00" testType="13cdc9d9-ddb5-4fa4-a97d-d965ccfc6d4b" outcome="Passed" testListId="8c84fa94-04c1-424b-9868-57a2d4851a1d" relativeResultsDirectory="837705e7-3b07-45e2-9f62-1d28c1681a0f" />
    <UnitTestResult executionId="2a508912-981a-4eb8-9479-974adc7cb1db" testId="452d884b-ac05-1868-5528-0f831d9a3142" testName="Microsoft.AspNetCore.Components.NavigationManagerTest.ComputesCorrectValidBaseRelativePaths(baseUri: &quot;scheme://host/path/&quot;, uri: &quot;scheme://host/path&quot;, expectedResult: &quot;&quot;)" computerName="pkrvmbietmlfzoi" duration="00:00:00.0000150" startTime="2025-07-02T22:04:17.4989281+00:00" endTime="2025-07-02T22:04:17.4993058+00:00" testType="13cdc9d9-ddb5-4fa4-a97d-d965ccfc6d4b" outcome="Passed" testListId="8c84fa94-04c1-424b-9868-57a2d4851a1d" relativeResultsDirectory="2a508912-981a-4eb8-9479-974adc7cb1db" />
    <UnitTestResult executionId="71ccbbfa-57c1-4c91-9389-752bf3d6f511" testId="9572a548-ddb6-b4fa-3bd1-287342efdf40" testName="Microsoft.AspNetCore.Components.Rendering.RenderTreeBuilderTest.AddAttribute_Element_EventCallback_AddsFrame" computerName="pkrvmbietmlfzoi" duration="00:00:00.0006326" startTime="2025-07-02T22:04:17.9299395+00:00" endTime="2025-07-02T22:04:17.9301569+00:00" testType="13cdc9d9-ddb5-4fa4-a97d-d965ccfc6d4b" outcome="Passed" testListId="8c84fa94-04c1-424b-9868-57a2d4851a1d" relativeResultsDirectory="71ccbbfa-57c1-4c91-9389-752bf3d6f511" />
    <UnitTestResult executionId="3b773a09-1718-441a-8bae-080ddeecd11a" testId="667666f4-71a8-3da2-109b-dc8c955f4787" testName="Microsoft.AspNetCore.Components.Test.RenderTreeDiffBuilderTest.SkipsUpdatingParametersOnChildComponentsIfAllAreDefinitelyImmutableAndUnchanged" computerName="pkrvmbietmlfzoi" duration="00:00:00.0018660" startTime="2025-07-02T22:04:18.0082777+00:00" endTime="2025-07-02T22:04:18.0083822+00:00" testType="13cdc9d9-ddb5-4fa4-a97d-d965ccfc6d4b" outcome="Passed" testListId="8c84fa94-04c1-424b-9868-57a2d4851a1d" relativeResultsDirectory="3b773a09-1718-441a-8bae-080ddeecd11a" />
    <UnitTestResult executionId="c0216373-f1c5-4b20-9459-c3c0016a3ca5" testId="698be713-7c8c-a4d5-ca15-109742b446a6" testName="Microsoft.AspNetCore.Components.Test.RendererTest.ExceptionsThrownSynchronouslyFromMultipleComponentsCanBeHandled" computerName="pkrvmbietmlfzoi" duration="00:00:00.0202837" startTime="2025-07-02T22:04:17.9490866+00:00" endTime="2025-07-02T22:04:17.9682372+00:00" testType="13cdc9d9-ddb5-4fa4-a97d-d965ccfc6d4b" outcome="Passed" testListId="8c84fa94-04c1-424b-9868-57a2d4851a1d" relativeResultsDirectory="c0216373-f1c5-4b20-9459-c3c0016a3ca5" />
    <UnitTestResult executionId="a8411534-7816-4e2d-b517-c8b1cd362da7" testId="65ad676c-dd88-bb31-291b-5381cf857c90" testName="Microsoft.AspNetCore.Components.Test.RendererTest.DispatchEventAsync_EventCallbackOfT_SynchronousCancellation" computerName="pkrvmbietmlfzoi" duration="00:00:00.0018655" startTime="2025-07-02T22:04:17.9923007+00:00" endTime="2025-07-02T22:04:17.9923468+00:00" testType="13cdc9d9-ddb5-4fa4-a97d-d965ccfc6d4b" outcome="Passed" testListId="8c84fa94-04c1-424b-9868-57a2d4851a1d" relativeResultsDirectory="a8411534-7816-4e2d-b517-c8b1cd362da7" />
    <UnitTestResult executionId="3db39c7b-4f49-449b-9b43-035bccc0eb4f" testId="c464e156-ff9d-7b3c-a4bb-1d352844fd8b" testName="Microsoft.AspNetCore.Components.Test.RenderTreeDiffBuilderTest.RecognizesEquivalentFramesAsSame(appendFragment: RenderFragment { Method = Void &lt;RecognizesEquivalentFramesAsSameCases&gt;b__7_0(Microsoft.AspNetCore.Components.Rendering.RenderTreeBuilder), Target = &lt;&gt;c { } })" computerName="pkrvmbietmlfzoi" duration="00:00:00.0048227" startTime="2025-07-02T22:04:17.9142401+00:00" endTime="2025-07-02T22:04:17.9269659+00:00" testType="13cdc9d9-ddb5-4fa4-a97d-d965ccfc6d4b" outcome="Passed" testListId="8c84fa94-04c1-424b-9868-57a2d4851a1d" relativeResultsDirectory="3db39c7b-4f49-449b-9b43-035bccc0eb4f" />
    <UnitTestResult executionId="4176de41-f178-4e0d-b356-ae873ac7870a" testId="f6a999f9-f352-34fb-0fa9-9f15dd428a27" testName="Microsoft.AspNetCore.Components.Test.CascadingParameterTest.CanHaveManySubscribers(numSubscribers: 63)" computerName="pkrvmbietmlfzoi" duration="00:00:00.0012625" startTime="2025-07-02T22:04:17.5996483+00:00" endTime="2025-07-02T22:04:17.6025839+00:00" testType="13cdc9d9-ddb5-4fa4-a97d-d965ccfc6d4b" outcome="Passed" testListId="8c84fa94-04c1-424b-9868-57a2d4851a1d" relativeResultsDirectory="4176de41-f178-4e0d-b356-ae873ac7870a" />
    <UnitTestResult executionId="4b73e81d-cf5e-41a7-ac14-61adf80c1ee6" testId="15678ccf-64e7-2783-8f0a-7b6798d23401" testName="Microsoft.AspNetCore.Components.Test.RenderTreeDiffBuilderTest.RecognizesKeyedComponentMoves" computerName="pkrvmbietmlfzoi" duration="00:00:00.0010130" startTime="2025-07-02T22:04:18.0061258+00:00" endTime="2025-07-02T22:04:18.0063111+00:00" testType="13cdc9d9-ddb5-4fa4-a97d-d965ccfc6d4b" outcome="Passed" testListId="8c84fa94-04c1-424b-9868-57a2d4851a1d" relativeResultsDirectory="4b73e81d-cf5e-41a7-ac14-61adf80c1ee6" />
    <UnitTestResult executionId="a6607eea-aefb-47d4-aad7-130915de6b92" testId="8e4376ef-b57b-86ef-3cda-751524f60597" testName="Microsoft.AspNetCore.Components.Test.RendererTest.CanReRenderNestedComponents" computerName="pkrvmbietmlfzoi" duration="00:00:00.0011015" startTime="2025-07-02T22:04:18.2526371+00:00" endTime="2025-07-02T22:04:18.2537089+00:00" testType="13cdc9d9-ddb5-4fa4-a97d-d965ccfc6d4b" outcome="Passed" testListId="8c84fa94-04c1-424b-9868-57a2d4851a1d" relativeResultsDirectory="a6607eea-aefb-47d4-aad7-130915de6b92" />
    <UnitTestResult executionId="18fcdece-f1a4-4934-a125-8c64b848a3a9" testId="935978cb-3997-3ead-a1bf-63d5358efa0b" testName="Microsoft.AspNetCore.Components.Routing.RoutePatternParserTests.InvalidTemplate_CatchAllParamWithIncorrectPlacedAsterisks(template: &quot;/test/{a}/{***b}&quot;, lastParameter: &quot;*b&quot;)" computerName="pkrvmbietmlfzoi" duration="00:00:00.0000632" startTime="2025-07-02T22:04:17.8528065+00:00" endTime="2025-07-02T22:04:17.8528852+00:00" testType="13cdc9d9-ddb5-4fa4-a97d-d965ccfc6d4b" outcome="Passed" testListId="8c84fa94-04c1-424b-9868-57a2d4851a1d" relativeResultsDirectory="18fcdece-f1a4-4934-a125-8c64b848a3a9" />
    <UnitTestResult executionId="f13c142f-9040-4019-8bbe-bcf81a750efb" testId="9d6c8941-3932-01a3-c934-54ad7e77446b" testName="Microsoft.AspNetCore.Components.Rendering.RenderTreeBuilderTest.CanAddKeyToComponent" computerName="pkrvmbietmlfzoi" duration="00:00:00.0008360" startTime="2025-07-02T22:04:17.9566663+00:00" endTime="2025-07-02T22:04:17.9567126+00:00" testType="13cdc9d9-ddb5-4fa4-a97d-d965ccfc6d4b" outcome="Passed" testListId="8c84fa94-04c1-424b-9868-57a2d4851a1d" relativeResultsDirectory="f13c142f-9040-4019-8bbe-bcf81a750efb" />
    <UnitTestResult executionId="914aedbb-9c40-46d9-ba26-ae5a28093128" testId="db019b87-d4bd-8c86-40cc-877e4c588e7e" testName="Microsoft.AspNetCore.Components.Test.ComponentBaseTest.RendersAfterParametersSetAndInitAsyncTasksAreCompleted" computerName="pkrvmbietmlfzoi" duration="00:00:00.0093696" startTime="2025-07-02T22:04:17.9244552+00:00" endTime="2025-07-02T22:04:17.9355936+00:00" testType="13cdc9d9-ddb5-4fa4-a97d-d965ccfc6d4b" outcome="Passed" testListId="8c84fa94-04c1-424b-9868-57a2d4851a1d" relativeResultsDirectory="914aedbb-9c40-46d9-ba26-ae5a28093128" />
    <UnitTestResult executionId="ba34b8ba-2705-44ec-b427-6a1b213139f5" testId="79c9cae0-da7c-fba0-4085-e122e6f21619" testName="Microsoft.AspNetCore.Components.Rendering.RenderTreeBuilderTest.CanAddAttributes" computerName="pkrvmbietmlfzoi" duration="00:00:00.0010862" startTime="2025-07-02T22:04:17.9454816+00:00" endTime="2025-07-02T22:04:17.9458089+00:00" testType="13cdc9d9-ddb5-4fa4-a97d-d965ccfc6d4b" outcome="Passed" testListId="8c84fa94-04c1-424b-9868-57a2d4851a1d" relativeResultsDirectory="ba34b8ba-2705-44ec-b427-6a1b213139f5" />
    <UnitTestResult executionId="009e6a27-debd-41de-8b49-be6b1f3c7249" testId="72f93f36-eb3d-9323-b919-1fd39fe47c7a" testName="Microsoft.AspNetCore.Components.Test.ComponentBaseTest.RunsOnInitAsyncWhenRendered" computerName="pkrvmbietmlfzoi" duration="00:00:00.0003837" startTime="2025-07-02T22:04:17.9657232+00:00" endTime="2025-07-02T22:04:17.9663415+00:00" testType="13cdc9d9-ddb5-4fa4-a97d-d965ccfc6d4b" outcome="Passed" testListId="8c84fa94-04c1-424b-9868-57a2d4851a1d" relativeResultsDirectory="009e6a27-debd-41de-8b49-be6b1f3c7249" />
    <UnitTestResult executionId="e3d73078-43c5-4c37-92b9-9736218e343d" testId="edccd82f-71b3-2913-24cc-5ca034ec7a2f" testName="Microsoft.AspNetCore.Components.RenderTree.ArrayBuilderTest.UnusedBufferIsReturned_OnResize" computerName="pkrvmbietmlfzoi" duration="00:00:00.0020736" startTime="2025-07-02T22:04:17.3737219+00:00" endTime="2025-07-02T22:04:17.3870775+00:00" testType="13cdc9d9-ddb5-4fa4-a97d-d965ccfc6d4b" outcome="Passed" testListId="8c84fa94-04c1-424b-9868-57a2d4851a1d" relativeResultsDirectory="e3d73078-43c5-4c37-92b9-9736218e343d" />
    <UnitTestResult executionId="e664b245-2ce5-4e2e-aaf9-448284cf18ef" testId="cb7fed50-429e-e286-8103-d78be0428651" testName="Microsoft.AspNetCore.Components.Rendering.RenderTreeBuilderTest.CannotAddComponentParameterToText" computerName="pkrvmbietmlfzoi" duration="00:00:00.0002998" startTime="2025-07-02T22:04:17.4860590+00:00" endTime="2025-07-02T22:04:17.4865666+00:00" testType="13cdc9d9-ddb5-4fa4-a97d-d965ccfc6d4b" outcome="Passed" testListId="8c84fa94-04c1-424b-9868-57a2d4851a1d" relativeResultsDirectory="e664b245-2ce5-4e2e-aaf9-448284cf18ef" />
    <UnitTestResult executionId="e39fefed-3644-4da3-8a19-65a94064bfa0" testId="5ceb19d9-ff49-0c14-8746-40f7adbdf2d3" testName="Microsoft.AspNetCore.Components.Test.RenderTreeDiffBuilderTest.RecognizesKeyedElementInsertions" computerName="pkrvmbietmlfzoi" duration="00:00:00.0007107" startTime="2025-07-02T22:04:17.9711760+00:00" endTime="2025-07-02T22:04:17.9712522+00:00" testType="13cdc9d9-ddb5-4fa4-a97d-d965ccfc6d4b" outcome="Passed" testListId="8c84fa94-04c1-424b-9868-57a2d4851a1d" relativeResultsDirectory="e39fefed-3644-4da3-8a19-65a94064bfa0" />
    <UnitTestResult executionId="1d4b1e7b-8254-44cd-af47-44751b62b865" testId="e1829039-99f0-2782-3ae5-d5309f340c4f" testName="Microsoft.AspNetCore.Components.Rendering.RenderTreeBuilderTest.AddAttribute_Element_EventHandler_AddsFrame" computerName="pkrvmbietmlfzoi" duration="00:00:00.0005762" startTime="2025-07-02T22:04:17.8485776+00:00" endTime="2025-07-02T22:04:17.8487070+00:00" testType="13cdc9d9-ddb5-4fa4-a97d-d965ccfc6d4b" outcome="Passed" testListId="8c84fa94-04c1-424b-9868-57a2d4851a1d" relativeResultsDirectory="1d4b1e7b-8254-44cd-af47-44751b62b865" />
    <UnitTestResult executionId="58082be8-fc44-4d39-8fc0-73cfc6e48a72" testId="fee316e0-0268-df7c-f4e0-1f6785379901" testName="Microsoft.AspNetCore.Components.ComponentsActivitySourceTest.StartRouteActivity_HandlesNullValues" computerName="pkrvmbietmlfzoi" duration="00:00:00.0005723" startTime="2025-07-02T22:04:17.8375598+00:00" endTime="2025-07-02T22:04:17.8380813+00:00" testType="13cdc9d9-ddb5-4fa4-a97d-d965ccfc6d4b" outcome="Passed" testListId="8c84fa94-04c1-424b-9868-57a2d4851a1d" relativeResultsDirectory="58082be8-fc44-4d39-8fc0-73cfc6e48a72" />
    <UnitTestResult executionId="06685646-8380-421f-8af9-a80e651b3cb4" testId="5adae277-ec5c-7242-22db-278f9a54cb4f" testName="Microsoft.AspNetCore.Components.ComponentFactoryTest.InstantiateComponent_AssignsPropertiesWithInjectAttributeOnBaseType" computerName="pkrvmbietmlfzoi" duration="00:00:00.0014899" startTime="2025-07-02T22:04:17.7812662+00:00" endTime="2025-07-02T22:04:17.7839722+00:00" testType="13cdc9d9-ddb5-4fa4-a97d-d965ccfc6d4b" outcome="Passed" testListId="8c84fa94-04c1-424b-9868-57a2d4851a1d" relativeResultsDirectory="06685646-8380-421f-8af9-a80e651b3cb4" />
    <UnitTestResult executionId="c56d2300-50db-45ae-8049-dedda6d443c0" testId="b928554e-d373-e92d-e58b-95283075b97f" testName="Microsoft.AspNetCore.Components.Routing.RouteTableFactoryTests.PrefersLiteralTemplateOverTemplateWithOptionalParameters" computerName="pkrvmbietmlfzoi" duration="00:00:00.0012960" startTime="2025-07-02T22:04:17.8330681+00:00" endTime="2025-07-02T22:04:17.8351460+00:00" testType="13cdc9d9-ddb5-4fa4-a97d-d965ccfc6d4b" outcome="Passed" testListId="8c84fa94-04c1-424b-9868-57a2d4851a1d" relativeResultsDirectory="c56d2300-50db-45ae-8049-dedda6d443c0" />
    <UnitTestResult executionId="c8042cfa-2310-4b1a-a261-71ed8fac44ec" testId="cd43612f-be33-d954-48bd-96e6f5b4c881" testName="Microsoft.AspNetCore.Components.CascadingParameterStateTest.FindCascadingParameters_IfHasPartialMatchesInAncestors_ReturnsMatches" computerName="pkrvmbietmlfzoi" duration="00:00:00.0036578" startTime="2025-07-02T22:04:17.4919783+00:00" endTime="2025-07-02T22:04:17.4954780+00:00" testType="13cdc9d9-ddb5-4fa4-a97d-d965ccfc6d4b" outcome="Passed" testListId="8c84fa94-04c1-424b-9868-57a2d4851a1d" relativeResultsDirectory="c8042cfa-2310-4b1a-a261-71ed8fac44ec" />
    <UnitTestResult executionId="b60e2758-2a56-4540-9168-80f2854c36bd" testId="ff6b9d2f-e7eb-b731-43bb-645d3e0815bc" testName="Microsoft.AspNetCore.Components.NavigationManagerTest.GetUriWithQueryParameters_CanAddUpdateAndRemove(baseUri: &quot;scheme://host/?name=Bob%20Joe&amp;age=42&quot;, expectedUri: &quot;scheme://host/?age=25&amp;eye%20color=green&quot;)" computerName="pkrvmbietmlfzoi" duration="00:00:00.0000319" startTime="2025-07-02T22:04:17.4592077+00:00" endTime="2025-07-02T22:04:17.4593095+00:00" testType="13cdc9d9-ddb5-4fa4-a97d-d965ccfc6d4b" outcome="Passed" testListId="8c84fa94-04c1-424b-9868-57a2d4851a1d" relativeResultsDirectory="b60e2758-2a56-4540-9168-80f2854c36bd" />
    <UnitTestResult executionId="9dc33516-afad-46db-98fa-050e3770b864" testId="d71dfa1b-c4fc-3a36-d676-61bb46c12419" testName="Microsoft.AspNetCore.Components.PersistentStateValueProviderTests.PersistenceFails_IfMultipleComponentsOfSameType_TryToPersistDataWithoutParentComponents" computerName="pkrvmbietmlfzoi" duration="00:00:00.0019111" startTime="2025-07-02T22:04:17.4741879+00:00" endTime="2025-07-02T22:04:17.4782218+00:00" testType="13cdc9d9-ddb5-4fa4-a97d-d965ccfc6d4b" outcome="Passed" testListId="8c84fa94-04c1-424b-9868-57a2d4851a1d" relativeResultsDirectory="9dc33516-afad-46db-98fa-050e3770b864" />
    <UnitTestResult executionId="a851440d-47b3-4882-8d36-e5cfb0146978" testId="37cb8f64-b643-98d9-682e-7ccc15e1c186" testName="Microsoft.AspNetCore.Components.Test.RouteViewTest.UsesDefaultLayoutIfNoneSetOnPage" computerName="pkrvmbietmlfzoi" duration="00:00:00.0021385" startTime="2025-07-02T22:04:17.4297497+00:00" endTime="2025-07-02T22:04:17.4306081+00:00" testType="13cdc9d9-ddb5-4fa4-a97d-d965ccfc6d4b" outcome="Passed" testListId="8c84fa94-04c1-424b-9868-57a2d4851a1d" relativeResultsDirectory="a851440d-47b3-4882-8d36-e5cfb0146978" />
    <UnitTestResult executionId="d80fcd2c-7c56-4f24-b6c7-26bdf91923b8" testId="28caeaf1-655d-4c9d-0406-88750d1f5507" testName="Microsoft.AspNetCore.Components.NavigationManagerTest.GetUriWithQueryParameter_AppendsWhenParameterDoesNotExist(baseUri: &quot;scheme://host/&quot;, expectedUri: &quot;scheme://host/?name=John%20Doe&quot;)" computerName="pkrvmbietmlfzoi" duration="00:00:00.0000203" startTime="2025-07-02T22:04:17.5072469+00:00" endTime="2025-07-02T22:04:17.5073296+00:00" testType="13cdc9d9-ddb5-4fa4-a97d-d965ccfc6d4b" outcome="Passed" testListId="8c84fa94-04c1-424b-9868-57a2d4851a1d" relativeResultsDirectory="d80fcd2c-7c56-4f24-b6c7-26bdf91923b8" />
    <UnitTestResult executionId="7db1c437-757d-4a17-9f83-a189ae13a339" testId="df22ee67-fe35-3b38-4b54-4df7d29979ff" testName="Microsoft.AspNetCore.Components.Routing.RouteTableFactoryTests.DoesNotThrowForNonAmbiguousRoutes(first: &quot;{*catchAll}&quot;, second: &quot;{optional?}&quot;)" computerName="pkrvmbietmlfzoi" duration="00:00:00.0002792" startTime="2025-07-02T22:04:17.5714105+00:00" endTime="2025-07-02T22:04:17.5717989+00:00" testType="13cdc9d9-ddb5-4fa4-a97d-d965ccfc6d4b" outcome="Passed" testListId="8c84fa94-04c1-424b-9868-57a2d4851a1d" relativeResultsDirectory="7db1c437-757d-4a17-9f83-a189ae13a339" />
    <UnitTestResult executionId="02f54884-b646-400f-a06f-52415d62aac6" testId="93e6ece0-287d-aa76-a5d5-c4eafc9770cf" testName="Microsoft.AspNetCore.Components.Test.RendererTest.RenderBatch_HandlesAsynchronousExceptionsInAsyncDisposableComponents" computerName="pkrvmbietmlfzoi" duration="00:00:00.0014257" startTime="2025-07-02T22:04:18.2221494+00:00" endTime="2025-07-02T22:04:18.2235761+00:00" testType="13cdc9d9-ddb5-4fa4-a97d-d965ccfc6d4b" outcome="Passed" testListId="8c84fa94-04c1-424b-9868-57a2d4851a1d" relativeResultsDirectory="02f54884-b646-400f-a06f-52415d62aac6" />
    <UnitTestResult executionId="ff625389-ff52-4d44-a396-ad576843d45c" testId="9f545ba7-ed01-47a5-e2d6-9b988e6f9e43" testName="Microsoft.AspNetCore.Components.Test.RendererTest.DispatchEventAsync_EventCallbackOfT_SynchronousCompletion" computerName="pkrvmbietmlfzoi" duration="00:00:00.0011532" startTime="2025-07-02T22:04:19.3216134+00:00" endTime="2025-07-02T22:04:19.3217037+00:00" testType="13cdc9d9-ddb5-4fa4-a97d-d965ccfc6d4b" outcome="Passed" testListId="8c84fa94-04c1-424b-9868-57a2d4851a1d" relativeResultsDirectory="ff625389-ff52-4d44-a396-ad576843d45c" />
    <UnitTestResult executionId="3048ee6e-dda4-4991-892c-c8223bb10a54" testId="1965af59-0911-dff8-a4e4-d38176c7b206" testName="Microsoft.AspNetCore.Components.Routing.QueryParameterValueSupplierTest.RejectsUnparseableValues(key: &quot;NullableDoubleVal&quot;, value: &quot;1x&quot;, targetType: typeof(double?))" computerName="pkrvmbietmlfzoi" duration="00:00:00.0006272" startTime="2025-07-02T22:04:17.6793309+00:00" endTime="2025-07-02T22:04:17.6798145+00:00" testType="13cdc9d9-ddb5-4fa4-a97d-d965ccfc6d4b" outcome="Passed" testListId="8c84fa94-04c1-424b-9868-57a2d4851a1d" relativeResultsDirectory="3048ee6e-dda4-4991-892c-c8223bb10a54" />
    <UnitTestResult executionId="399e8311-03f5-4266-b292-00e73ca32c85" testId="0c7ba82c-3458-246c-5e54-67468f7649e5" testName="Microsoft.AspNetCore.Components.Routing.RouteTableFactoryTests.CanMatchEncodedSegments" computerName="pkrvmbietmlfzoi" duration="00:00:00.0006258" startTime="2025-07-02T22:04:17.8512139+00:00" endTime="2025-07-02T22:04:17.8515852+00:00" testType="13cdc9d9-ddb5-4fa4-a97d-d965ccfc6d4b" outcome="Passed" testListId="8c84fa94-04c1-424b-9868-57a2d4851a1d" relativeResultsDirectory="399e8311-03f5-4266-b292-00e73ca32c85" />
    <UnitTestResult executionId="2cb40dca-8802-4720-b672-ef110330b120" testId="73fdf9a4-1f47-879d-e4aa-389a3f9e2139" testName="Microsoft.AspNetCore.Components.Test.RendererTest.CanRenderAsyncNestedComponents" computerName="pkrvmbietmlfzoi" duration="00:00:00.0021775" startTime="2025-07-02T22:04:19.2947585+00:00" endTime="2025-07-02T22:04:19.2949083+00:00" testType="13cdc9d9-ddb5-4fa4-a97d-d965ccfc6d4b" outcome="Passed" testListId="8c84fa94-04c1-424b-9868-57a2d4851a1d" relativeResultsDirectory="2cb40dca-8802-4720-b672-ef110330b120" />
    <UnitTestResult executionId="c7dd65dc-508e-41f0-8a0b-4be4b816f7a2" testId="85f0d7a2-50f5-3f55-25f3-10293ac1284a" testName="Microsoft.AspNetCore.Components.NavigationManagerTest.GetUriWithQueryParameters_CanAddUpdateAndRemove(baseUri: &quot;scheme://host/?NaMe=Bob%20Joe&amp;AgE=42&quot;, expectedUri: &quot;scheme://host/?age=25&amp;eye%20color=green&quot;)" computerName="pkrvmbietmlfzoi" duration="00:00:00.0000315" startTime="2025-07-02T22:04:17.4600960+00:00" endTime="2025-07-02T22:04:17.4602116+00:00" testType="13cdc9d9-ddb5-4fa4-a97d-d965ccfc6d4b" outcome="Passed" testListId="8c84fa94-04c1-424b-9868-57a2d4851a1d" relativeResultsDirectory="c7dd65dc-508e-41f0-8a0b-4be4b816f7a2" />
    <UnitTestResult executionId="d32882e0-c087-4ce1-8467-1799c651b100" testId="c7707d26-49ac-496b-58e0-b76d3ec8ffb9" testName="Microsoft.AspNetCore.Components.BindConverterTest.FormatValue_NullableInt" computerName="pkrvmbietmlfzoi" duration="00:00:00.0003213" startTime="2025-07-02T22:04:17.4254269+00:00" endTime="2025-07-02T22:04:17.4255832+00:00" testType="13cdc9d9-ddb5-4fa4-a97d-d965ccfc6d4b" outcome="Passed" testListId="8c84fa94-04c1-424b-9868-57a2d4851a1d" relativeResultsDirectory="d32882e0-c087-4ce1-8467-1799c651b100" />
    <UnitTestResult executionId="ed143ce6-fc56-428e-9bc0-185667acea0b" testId="9ab7236c-4d4d-2d95-4d74-5d6c3d30a216" testName="Microsoft.AspNetCore.Components.Routing.RouteTableFactoryTests.CanMatchLiteralTemplate" computerName="pkrvmbietmlfzoi" duration="00:00:00.0011061" startTime="2025-07-02T22:04:17.8849502+00:00" endTime="2025-07-02T22:04:17.8851610+00:00" testType="13cdc9d9-ddb5-4fa4-a97d-d965ccfc6d4b" outcome="Passed" testListId="8c84fa94-04c1-424b-9868-57a2d4851a1d" relativeResultsDirectory="ed143ce6-fc56-428e-9bc0-185667acea0b" />
    <UnitTestResult executionId="407b885c-ce1e-49c3-aae5-cadbf7eb4759" testId="ac8a09f0-5e61-decb-d06b-aadb102dc985" testName="Microsoft.AspNetCore.Components.Test.RendererTest.DispatchEventAsync_EventCallback_AsynchronousException" computerName="pkrvmbietmlfzoi" duration="00:00:00.0029277" startTime="2025-07-02T22:04:18.2256302+00:00" endTime="2025-07-02T22:04:18.2287586+00:00" testType="13cdc9d9-ddb5-4fa4-a97d-d965ccfc6d4b" outcome="Passed" testListId="8c84fa94-04c1-424b-9868-57a2d4851a1d" relativeResultsDirectory="407b885c-ce1e-49c3-aae5-cadbf7eb4759" />
    <UnitTestResult executionId="953dafc5-6cea-4538-9868-86ff48fe7592" testId="b153c943-ecdf-3976-30b9-5de80d0b0611" testName="Microsoft.AspNetCore.Components.NavigationManagerTest.GetUriWithQueryParameter_RemovesWhenParameterValueIsNull(baseUri: &quot;scheme://host/?full%20name=&quot;, expectedUri: &quot;scheme://host/&quot;)" computerName="pkrvmbietmlfzoi" duration="00:00:00.0000189" startTime="2025-07-02T22:04:17.4441487+00:00" endTime="2025-07-02T22:04:17.4442451+00:00" testType="13cdc9d9-ddb5-4fa4-a97d-d965ccfc6d4b" outcome="Passed" testListId="8c84fa94-04c1-424b-9868-57a2d4851a1d" relativeResultsDirectory="953dafc5-6cea-4538-9868-86ff48fe7592" />
    <UnitTestResult executionId="bd098837-c22c-4f94-a280-8f1b64629f68" testId="d009849c-8b8f-6d99-13f2-ef4249e361b2" testName="Microsoft.AspNetCore.Components.EventCallbackFactoryTest.Create_FuncTask_Null" computerName="pkrvmbietmlfzoi" duration="00:00:00.0001999" startTime="2025-07-02T22:04:17.6384523+00:00" endTime="2025-07-02T22:04:17.6385825+00:00" testType="13cdc9d9-ddb5-4fa4-a97d-d965ccfc6d4b" outcome="Passed" testListId="8c84fa94-04c1-424b-9868-57a2d4851a1d" relativeResultsDirectory="bd098837-c22c-4f94-a280-8f1b64629f68" />
    <UnitTestResult executionId="2456d923-cf97-4194-bd37-99bd5c94450d" testId="fb1ea6d3-ed55-3e3c-01db-435ecf109149" testName="Microsoft.AspNetCore.Components.Test.RendererTest.RenderingExceptionsCanBeHandledByClosestErrorBoundary" computerName="pkrvmbietmlfzoi" duration="00:00:00.0011557" startTime="2025-07-02T22:04:18.2291031+00:00" endTime="2025-07-02T22:04:18.2301451+00:00" testType="13cdc9d9-ddb5-4fa4-a97d-d965ccfc6d4b" outcome="Passed" testListId="8c84fa94-04c1-424b-9868-57a2d4851a1d" relativeResultsDirectory="2456d923-cf97-4194-bd37-99bd5c94450d" />
    <UnitTestResult executionId="9aa2e527-730b-4319-9e42-4bb599b6f4da" testId="a944774e-c819-e8bf-de7d-ffc1f5493272" testName="Microsoft.AspNetCore.Components.Rendering.RenderTreeBuilderTest.ReportsUnclosedRegionAsInvalid" computerName="pkrvmbietmlfzoi" duration="00:00:00.0004890" startTime="2025-07-02T22:04:17.8475525+00:00" endTime="2025-07-02T22:04:17.8481891+00:00" testType="13cdc9d9-ddb5-4fa4-a97d-d965ccfc6d4b" outcome="Passed" testListId="8c84fa94-04c1-424b-9868-57a2d4851a1d" relativeResultsDirectory="9aa2e527-730b-4319-9e42-4bb599b6f4da" />
    <UnitTestResult executionId="795be81e-2d5d-4bdd-9dd0-ab31789e7f19" testId="f1c1aed1-8c02-7ed3-ca71-1512f33c940d" testName="Microsoft.AspNetCore.Components.NavigationManagerTest.GetUriWithQueryParameter_ReplacesWhenParameterExists(baseUri: &quot;scheme://host/?full%20name=Bob%20Joe&amp;age=42#hash&quot;, expectedUri: &quot;scheme://host/?full%20name=John%20Doe&amp;age=42#hash&quot;)" computerName="pkrvmbietmlfzoi" duration="00:00:00.0000210" startTime="2025-07-02T22:04:17.4354858+00:00" endTime="2025-07-02T22:04:17.4355961+00:00" testType="13cdc9d9-ddb5-4fa4-a97d-d965ccfc6d4b" outcome="Passed" testListId="8c84fa94-04c1-424b-9868-57a2d4851a1d" relativeResultsDirectory="795be81e-2d5d-4bdd-9dd0-ab31789e7f19" />
    <UnitTestResult executionId="6ba3b113-2037-486a-a0b4-3ab6656bb3aa" testId="dfd6b9f7-9d36-2422-babe-d9d6b4816af1" testName="Microsoft.AspNetCore.Components.ComponentApplicationStateTest.PersistAsJson_NullValueAsync" computerName="pkrvmbietmlfzoi" duration="00:00:00.0002092" startTime="2025-07-02T22:04:17.6002527+00:00" endTime="2025-07-02T22:04:17.6003274+00:00" testType="13cdc9d9-ddb5-4fa4-a97d-d965ccfc6d4b" outcome="Passed" testListId="8c84fa94-04c1-424b-9868-57a2d4851a1d" relativeResultsDirectory="6ba3b113-2037-486a-a0b4-3ab6656bb3aa" />
    <UnitTestResult executionId="befe4f8b-3178-49bc-b750-988fda981077" testId="751bd0d0-981a-ad0a-aebf-27f11ea2b83e" testName="Microsoft.AspNetCore.Components.Test.RendererTest.ReRendersDoesNotReRenderChildComponentWhenUnmatchedValuesDoNotChange" computerName="pkrvmbietmlfzoi" duration="00:00:00.0015381" startTime="2025-07-02T22:04:18.2253722+00:00" endTime="2025-07-02T22:04:18.2254590+00:00" testType="13cdc9d9-ddb5-4fa4-a97d-d965ccfc6d4b" outcome="Passed" testListId="8c84fa94-04c1-424b-9868-57a2d4851a1d" relativeResultsDirectory="befe4f8b-3178-49bc-b750-988fda981077" />
    <UnitTestResult executionId="cb2d8823-e2dd-4a9b-9f71-4df0193a81e8" testId="9eee4cc3-3b2e-3cc9-55c3-605dbb760f04" testName="Microsoft.AspNetCore.Components.Routing.RouteTableFactoryTests.DoesNotThrowForNonAmbiguousRoutes(first: &quot;{optional?}&quot;, second: &quot;literal&quot;)" computerName="pkrvmbietmlfzoi" duration="00:00:00.0012581" startTime="2025-07-02T22:04:17.5731739+00:00" endTime="2025-07-02T22:04:17.5764824+00:00" testType="13cdc9d9-ddb5-4fa4-a97d-d965ccfc6d4b" outcome="Passed" testListId="8c84fa94-04c1-424b-9868-57a2d4851a1d" relativeResultsDirectory="cb2d8823-e2dd-4a9b-9f71-4df0193a81e8" />
    <UnitTestResult executionId="1da33185-7bf6-4a69-89c0-5335be586b20" testId="9026d355-a4cc-34e6-d2c3-646d505bdf68" testName="Microsoft.AspNetCore.Components.ParameterViewTest.HasRemovedDirectParameters_BothEmpty" computerName="pkrvmbietmlfzoi" duration="00:00:00.0003257" startTime="2025-07-02T22:04:17.5264161+00:00" endTime="2025-07-02T22:04:17.5266106+00:00" testType="13cdc9d9-ddb5-4fa4-a97d-d965ccfc6d4b" outcome="Passed" testListId="8c84fa94-04c1-424b-9868-57a2d4851a1d" relativeResultsDirectory="1da33185-7bf6-4a69-89c0-5335be586b20" />
    <UnitTestResult executionId="01240fcd-0d07-4f6c-bf76-f20b9c82ad56" testId="d448bcb8-6885-0c4f-10f7-68cd250146e3" testName="Microsoft.AspNetCore.Components.Rendering.RenderTreeBuilderTest.AddAttribute_Element_ObjectEventCallback_AddsFrame" computerName="pkrvmbietmlfzoi" duration="00:00:00.0005777" startTime="2025-07-02T22:04:17.9141936+00:00" endTime="2025-07-02T22:04:17.9151479+00:00" testType="13cdc9d9-ddb5-4fa4-a97d-d965ccfc6d4b" outcome="Passed" testListId="8c84fa94-04c1-424b-9868-57a2d4851a1d" relativeResultsDirectory="01240fcd-0d07-4f6c-bf76-f20b9c82ad56" />
    <UnitTestResult executionId="6e04fc9a-45a5-40e9-ad69-1fce9849f16f" testId="4917cd25-e71b-1938-7d12-0763a170235e" testName="Microsoft.AspNetCore.Components.NavigationManagerTest.GetUriWithQueryParameter_ThrowsWhenNameIsNullOrEmpty(name: &quot;&quot;)" computerName="pkrvmbietmlfzoi" duration="00:00:00.0009327" startTime="2025-07-02T22:04:17.7273735+00:00" endTime="2025-07-02T22:04:17.7308379+00:00" testType="13cdc9d9-ddb5-4fa4-a97d-d965ccfc6d4b" outcome="Passed" testListId="8c84fa94-04c1-424b-9868-57a2d4851a1d" relativeResultsDirectory="6e04fc9a-45a5-40e9-ad69-1fce9849f16f" />
    <UnitTestResult executionId="f0272749-7374-430e-b789-0ca5e318e13f" testId="ef189c2c-f825-4298-fcb8-eb216f9c869d" testName="Microsoft.AspNetCore.Components.PersistentStateValueProviderTests.PersistAsync_CanPersistValueTypes_TupleProperty" computerName="pkrvmbietmlfzoi" duration="00:00:00.0096808" startTime="2025-07-02T22:04:17.4082530+00:00" endTime="2025-07-02T22:04:17.4221241+00:00" testType="13cdc9d9-ddb5-4fa4-a97d-d965ccfc6d4b" outcome="Passed" testListId="8c84fa94-04c1-424b-9868-57a2d4851a1d" relativeResultsDirectory="f0272749-7374-430e-b789-0ca5e318e13f" />
    <UnitTestResult executionId="1f192d45-8c12-4fd5-b9da-c0e5a014e3fc" testId="071c4da0-53ce-4753-d397-31a5a35bb3b8" testName="Microsoft.AspNetCore.Components.Test.RenderTreeDiffBuilderTest.RecognizesTrailingLoopBlockBeingAdded" computerName="pkrvmbietmlfzoi" duration="00:00:00.0005885" startTime="2025-07-02T22:04:17.9954752+00:00" endTime="2025-07-02T22:04:17.9956232+00:00" testType="13cdc9d9-ddb5-4fa4-a97d-d965ccfc6d4b" outcome="Passed" testListId="8c84fa94-04c1-424b-9868-57a2d4851a1d" relativeResultsDirectory="1f192d45-8c12-4fd5-b9da-c0e5a014e3fc" />
    <UnitTestResult executionId="e3ac9a7f-395c-4f82-a325-49ce72d6cfb8" testId="87cc8458-82ab-24eb-f74f-be03af682cd0" testName="Microsoft.AspNetCore.Components.Routing.RouteTableFactoryTests.CorrectlyMatchesVariableLengthSegments(path: &quot;/literal/value/other&quot;, expectedValue: &quot;value/other&quot;, first: &quot;literal /{parameter?}&quot;, second: &quot;literal/{*parameter}&quot;, handler: typeof(Microsoft.AspNetCore.Components.Routing.RouteTableFactoryTests+TestHandler2))" computerName="pkrvmbietmlfzoi" duration="00:00:00.0004207" startTime="2025-07-02T22:04:17.7194749+00:00" endTime="2025-07-02T22:04:17.7200773+00:00" testType="13cdc9d9-ddb5-4fa4-a97d-d965ccfc6d4b" outcome="Passed" testListId="8c84fa94-04c1-424b-9868-57a2d4851a1d" relativeResultsDirectory="e3ac9a7f-395c-4f82-a325-49ce72d6cfb8" />
    <UnitTestResult executionId="434e97b5-abdd-4a7d-9523-c54c20f71345" testId="a06fb1af-0392-bf35-0380-de619cf9d5fe" testName="Microsoft.AspNetCore.Components.Test.CascadingParameterTest.CanAddSubscriberDuringChangeNotification" computerName="pkrvmbietmlfzoi" duration="00:00:00.0146247" startTime="2025-07-02T22:04:17.6212785+00:00" endTime="2025-07-02T22:04:17.6435115+00:00" testType="13cdc9d9-ddb5-4fa4-a97d-d965ccfc6d4b" outcome="Passed" testListId="8c84fa94-04c1-424b-9868-57a2d4851a1d" relativeResultsDirectory="434e97b5-abdd-4a7d-9523-c54c20f71345" />
    <UnitTestResult executionId="263fb716-cf14-4be0-a112-96b16486623e" testId="b336db5d-f6da-7cab-6086-6339920ab8dc" testName="Microsoft.AspNetCore.Components.Routing.RouteTableFactoryTests.ThrowsForOptionalParametersAndNonOptionalParameters" computerName="pkrvmbietmlfzoi" duration="00:00:00.0007034" startTime="2025-07-02T22:04:17.7694752+00:00" endTime="2025-07-02T22:04:17.7730380+00:00" testType="13cdc9d9-ddb5-4fa4-a97d-d965ccfc6d4b" outcome="Passed" testListId="8c84fa94-04c1-424b-9868-57a2d4851a1d" relativeResultsDirectory="263fb716-cf14-4be0-a112-96b16486623e" />
    <UnitTestResult executionId="892aec05-90ee-4e5b-8acd-c350dfb1d18a" testId="9af0e739-10c8-ed25-a494-9aef814426a0" testName="Microsoft.AspNetCore.Components.Test.RendererTest.DisposingRenderer_DisposesTopLevelComponents" computerName="pkrvmbietmlfzoi" duration="00:00:00.0001577" startTime="2025-07-02T22:04:18.0148939+00:00" endTime="2025-07-02T22:04:18.0149396+00:00" testType="13cdc9d9-ddb5-4fa4-a97d-d965ccfc6d4b" outcome="Passed" testListId="8c84fa94-04c1-424b-9868-57a2d4851a1d" relativeResultsDirectory="892aec05-90ee-4e5b-8acd-c350dfb1d18a" />
    <UnitTestResult executionId="7893b10e-f89e-447d-8409-2e01c46bf512" testId="a4f43c6c-07d4-6e2c-8522-84c6a5f7a046" testName="Microsoft.AspNetCore.Components.NavigationManagerTest.ComputesCorrectBaseUri(baseUri: &quot;scheme://host/path/#hash&quot;, expectedResult: &quot;scheme://host/path/&quot;)" computerName="pkrvmbietmlfzoi" duration="00:00:00.0000081" startTime="2025-07-02T22:04:17.4778383+00:00" endTime="2025-07-02T22:04:17.4779324+00:00" testType="13cdc9d9-ddb5-4fa4-a97d-d965ccfc6d4b" outcome="Passed" testListId="8c84fa94-04c1-424b-9868-57a2d4851a1d" relativeResultsDirectory="7893b10e-f89e-447d-8409-2e01c46bf512" />
    <UnitTestResult executionId="d1b0b14d-e5e5-439e-92b8-1f0b4309ce57" testId="683ec77b-946e-dd93-a0e4-b34828a13580" testName="Microsoft.AspNetCore.Components.ParameterViewTest.IncomingParameterMatchesOverriddenParameter_ThatDoesNotHaveAttribute" computerName="pkrvmbietmlfzoi" duration="00:00:00.0010520" startTime="2025-07-02T22:04:17.5198335+00:00" endTime="2025-07-02T22:04:17.5199509+00:00" testType="13cdc9d9-ddb5-4fa4-a97d-d965ccfc6d4b" outcome="Passed" testListId="8c84fa94-04c1-424b-9868-57a2d4851a1d" relativeResultsDirectory="d1b0b14d-e5e5-439e-92b8-1f0b4309ce57" />
    <UnitTestResult executionId="520618f5-b4c9-4e71-8f5d-965ca9a3196c" testId="cfceecf7-849b-3831-977c-cf0ad4a601b4" testName="Microsoft.AspNetCore.Components.Test.RendererTest.QueuedRenderIsSkippedIfComponentWasAlreadyDisposedInSameBatch" computerName="pkrvmbietmlfzoi" duration="00:00:00.0042803" startTime="2025-07-02T22:04:18.0136984+00:00" endTime="2025-07-02T22:04:18.0137461+00:00" testType="13cdc9d9-ddb5-4fa4-a97d-d965ccfc6d4b" outcome="Passed" testListId="8c84fa94-04c1-424b-9868-57a2d4851a1d" relativeResultsDirectory="520618f5-b4c9-4e71-8f5d-965ca9a3196c" />
    <UnitTestResult executionId="f1a4704e-8e1a-477c-8829-b44d84847d8e" testId="3009c012-ecdc-c216-9767-93f5464c9db5" testName="Microsoft.AspNetCore.Components.NavigationManagerTest.GetUriWithQueryParameters_SupportsEnumerableValues(baseUri: &quot;scheme://host/?ping=8&amp;full%20name=Bob%20Joe&amp;ping=3&quot;···, expectedUri: &quot;scheme://host/?ping=35&amp;full%20name=John%20Doe&amp;ping&quot;···)" computerName="pkrvmbietmlfzoi" duration="00:00:00.0160600" startTime="2025-07-02T22:04:17.4445267+00:00" endTime="2025-07-02T22:04:17.4527748+00:00" testType="13cdc9d9-ddb5-4fa4-a97d-d965ccfc6d4b" outcome="Passed" testListId="8c84fa94-04c1-424b-9868-57a2d4851a1d" relativeResultsDirectory="f1a4704e-8e1a-477c-8829-b44d84847d8e" />
    <UnitTestResult executionId="793bd03b-0a3d-4041-8928-98341291172d" testId="ec726cff-5923-7d31-a7a9-dbbb22338bbc" testName="Microsoft.AspNetCore.Components.NavigationManagerTest.LocationChangingAsync_Throws_WithoutHandleLocationChangingHandlerOverride_WhenALocationChangingHandlerThrows_WhenMultipleHandlersAreRegistered" computerName="pkrvmbietmlfzoi" duration="00:00:00.0263527" startTime="2025-07-02T22:04:17.6117881+00:00" endTime="2025-07-02T22:04:17.6216808+00:00" testType="13cdc9d9-ddb5-4fa4-a97d-d965ccfc6d4b" outcome="Passed" testListId="8c84fa94-04c1-424b-9868-57a2d4851a1d" relativeResultsDirectory="793bd03b-0a3d-4041-8928-98341291172d" />
    <UnitTestResult executionId="45f66bcd-2e19-4017-8e45-3c942cf7fe59" testId="b8aa6190-ac38-078a-59c3-02a925616ede" testName="Microsoft.AspNetCore.Components.ParameterViewTest.IncomingCascadingValueMatchesParameterThatIsBothCascadingAndNonCascading_Works" computerName="pkrvmbietmlfzoi" duration="00:00:00.0013591" startTime="2025-07-02T22:04:17.5690686+00:00" endTime="2025-07-02T22:04:17.5723035+00:00" testType="13cdc9d9-ddb5-4fa4-a97d-d965ccfc6d4b" outcome="Passed" testListId="8c84fa94-04c1-424b-9868-57a2d4851a1d" relativeResultsDirectory="45f66bcd-2e19-4017-8e45-3c942cf7fe59" />
    <UnitTestResult executionId="c0b2f718-f120-4cfe-934c-5ffb523e14d1" testId="eec1540c-4dc8-47d0-79a9-17a50f4017a4" testName="Microsoft.AspNetCore.Components.ParameterViewTest.CanGetValueOrDefault_WithMatchingCascadingParameter" computerName="pkrvmbietmlfzoi" duration="00:00:00.0192513" startTime="2025-07-02T22:04:17.4572858+00:00" endTime="2025-07-02T22:04:17.4827318+00:00" testType="13cdc9d9-ddb5-4fa4-a97d-d965ccfc6d4b" outcome="Passed" testListId="8c84fa94-04c1-424b-9868-57a2d4851a1d" relativeResultsDirectory="c0b2f718-f120-4cfe-934c-5ffb523e14d1" />
    <UnitTestResult executionId="aaa2ba7c-ab5e-433b-bf84-ada27502e586" testId="af1df511-6986-4016-c659-009b19ac4412" testName="Microsoft.AspNetCore.Components.Routing.RouteTableFactoryTests.DoesNotMatchIfConstraintDoesNotMatch(template: &quot;/{value:double}&quot;, contextUrl: &quot;/0.1.2&quot;)" computerName="pkrvmbietmlfzoi" duration="00:00:00.0004032" startTime="2025-07-02T22:04:17.7838805+00:00" endTime="2025-07-02T22:04:17.7843195+00:00" testType="13cdc9d9-ddb5-4fa4-a97d-d965ccfc6d4b" outcome="Passed" testListId="8c84fa94-04c1-424b-9868-57a2d4851a1d" relativeResultsDirectory="aaa2ba7c-ab5e-433b-bf84-ada27502e586" />
    <UnitTestResult executionId="ce027add-02c3-4fb1-9d0a-e6e3154a28fb" testId="654a8b77-004f-907d-5eda-8be4dea3f7ad" testName="Microsoft.AspNetCore.Components.Routing.RoutePatternParserTests.InvalidTemplate_BadOptionalCharacterPosition" computerName="pkrvmbietmlfzoi" duration="00:00:00.0003059" startTime="2025-07-02T22:04:17.8293016+00:00" endTime="2025-07-02T22:04:17.8296991+00:00" testType="13cdc9d9-ddb5-4fa4-a97d-d965ccfc6d4b" outcome="Passed" testListId="8c84fa94-04c1-424b-9868-57a2d4851a1d" relativeResultsDirectory="ce027add-02c3-4fb1-9d0a-e6e3154a28fb" />
    <UnitTestResult executionId="a9067b0a-2c84-4550-91a1-e99f0cc87540" testId="246ae732-b112-c56a-b42d-e6f0adfc89e8" testName="Microsoft.AspNetCore.Components.Routing.RouteTableFactoryTests.MultipleOptionalParametersWithPrefix(path: &quot;/prefix/1/2/3&quot;, segments: 3)" computerName="pkrvmbietmlfzoi" duration="00:00:00.0004035" startTime="2025-07-02T22:04:17.8289347+00:00" endTime="2025-07-02T22:04:17.8294307+00:00" testType="13cdc9d9-ddb5-4fa4-a97d-d965ccfc6d4b" outcome="Passed" testListId="8c84fa94-04c1-424b-9868-57a2d4851a1d" relativeResultsDirectory="a9067b0a-2c84-4550-91a1-e99f0cc87540" />
    <UnitTestResult executionId="5234ee87-03fd-45f6-9cc1-f0f1c89ee3e9" testId="1d7aadf5-b89e-4339-1fde-0186b7646a6b" testName="Microsoft.AspNetCore.Components.ParameterViewTest.DeclaredParametersVaryOnlyByCase_Throws" computerName="pkrvmbietmlfzoi" duration="00:00:00.0005946" startTime="2025-07-02T22:04:17.5308841+00:00" endTime="2025-07-02T22:04:17.5310216+00:00" testType="13cdc9d9-ddb5-4fa4-a97d-d965ccfc6d4b" outcome="Passed" testListId="8c84fa94-04c1-424b-9868-57a2d4851a1d" relativeResultsDirectory="5234ee87-03fd-45f6-9cc1-f0f1c89ee3e9" />
    <UnitTestResult executionId="e2ac5536-8e2d-453c-bc26-122a55600eb0" testId="5c336b24-f4a8-d7c8-8fd0-90d7800190ff" testName="Microsoft.AspNetCore.Components.ParameterViewTest.CanInitializeUsingComponentWithNoDescendants" computerName="pkrvmbietmlfzoi" duration="00:00:00.0014550" startTime="2025-07-02T22:04:17.5213750+00:00" endTime="2025-07-02T22:04:17.5217811+00:00" testType="13cdc9d9-ddb5-4fa4-a97d-d965ccfc6d4b" outcome="Passed" testListId="8c84fa94-04c1-424b-9868-57a2d4851a1d" relativeResultsDirectory="e2ac5536-8e2d-453c-bc26-122a55600eb0" />
    <UnitTestResult executionId="b1a3cc77-97a1-447b-8505-abd4e4e041ac" testId="70dd68d1-e333-f471-5ea3-6b0f098649cb" testName="Microsoft.AspNetCore.Components.Routing.QueryParameterValueSupplierTest.SuppliesEmptyArrayForArrayTypesIfNotSpecified(query: &quot;&quot;)" computerName="pkrvmbietmlfzoi" duration="00:00:00.0011463" startTime="2025-07-02T22:04:17.6562548+00:00" endTime="2025-07-02T22:04:17.6565988+00:00" testType="13cdc9d9-ddb5-4fa4-a97d-d965ccfc6d4b" outcome="Passed" testListId="8c84fa94-04c1-424b-9868-57a2d4851a1d" relativeResultsDirectory="b1a3cc77-97a1-447b-8505-abd4e4e041ac" />
    <UnitTestResult executionId="e277e0fc-0707-496a-aff3-cd3ee91e8182" testId="3975845d-d28f-5f42-8ccb-30402ed2e457" testName="Microsoft.AspNetCore.Components.NavigationManagerTest.ComputesCorrectValidBaseRelativePaths(baseUri: &quot;scheme://host/&quot;, uri: &quot;scheme://host&quot;, expectedResult: &quot;&quot;)" computerName="pkrvmbietmlfzoi" duration="00:00:00.0000152" startTime="2025-07-02T22:04:17.4963375+00:00" endTime="2025-07-02T22:04:17.4964814+00:00" testType="13cdc9d9-ddb5-4fa4-a97d-d965ccfc6d4b" outcome="Passed" testListId="8c84fa94-04c1-424b-9868-57a2d4851a1d" relativeResultsDirectory="e277e0fc-0707-496a-aff3-cd3ee91e8182" />
    <UnitTestResult executionId="7d5e29f3-1362-4738-960a-ad9d8dea071b" testId="bb892bb2-eeca-3757-fd24-3801e2ec3e5e" testName="Microsoft.AspNetCore.Components.Rendering.RenderTreeBuilderTest.CanAddMultipleAttributes_InterspersedWithOtherAttributes" computerName="pkrvmbietmlfzoi" duration="00:00:00.0013318" startTime="2025-07-02T22:04:17.9277618+00:00" endTime="2025-07-02T22:04:17.9298190+00:00" testType="13cdc9d9-ddb5-4fa4-a97d-d965ccfc6d4b" outcome="Passed" testListId="8c84fa94-04c1-424b-9868-57a2d4851a1d" relativeResultsDirectory="7d5e29f3-1362-4738-960a-ad9d8dea071b" />
    <UnitTestResult executionId="73fa6f1c-ff5b-47d9-a929-84a078d499cb" testId="4d7bffe4-2a22-3aee-6e80-fc4697376ea5" testName="Microsoft.AspNetCore.Components.Test.ComponentBaseTest.DoesNotRenderAfterOnInitAsyncTaskIsCancelled" computerName="pkrvmbietmlfzoi" duration="00:00:00.0162002" startTime="2025-07-02T22:04:17.9402981+00:00" endTime="2025-07-02T22:04:17.9570515+00:00" testType="13cdc9d9-ddb5-4fa4-a97d-d965ccfc6d4b" outcome="Passed" testListId="8c84fa94-04c1-424b-9868-57a2d4851a1d" relativeResultsDirectory="73fa6f1c-ff5b-47d9-a929-84a078d499cb" />
    <UnitTestResult executionId="d1be4b28-fee6-44b9-825e-8333b2702d60" testId="99afc6da-f4f9-628a-493f-43d945f5eaea" testName="Microsoft.AspNetCore.Components.Rendering.RenderTreeBuilderTest.CanClear" computerName="pkrvmbietmlfzoi" duration="00:00:00.0001720" startTime="2025-07-02T22:04:17.9330803+00:00" endTime="2025-07-02T22:04:17.9331267+00:00" testType="13cdc9d9-ddb5-4fa4-a97d-d965ccfc6d4b" outcome="Passed" testListId="8c84fa94-04c1-424b-9868-57a2d4851a1d" relativeResultsDirectory="d1be4b28-fee6-44b9-825e-8333b2702d60" />
    <UnitTestResult executionId="7beccb5c-d726-4707-a957-e3304564b9f6" testId="f2bccee4-a989-c5b9-6b55-dde082ab3b1b" testName="Microsoft.AspNetCore.Components.Test.RenderTreeDiffBuilderTest.RejectsClashingKeysInOldTree" computerName="pkrvmbietmlfzoi" duration="00:00:00.0003836" startTime="2025-07-02T22:04:18.0067149+00:00" endTime="2025-07-02T22:04:18.0081192+00:00" testType="13cdc9d9-ddb5-4fa4-a97d-d965ccfc6d4b" outcome="Passed" testListId="8c84fa94-04c1-424b-9868-57a2d4851a1d" relativeResultsDirectory="7beccb5c-d726-4707-a957-e3304564b9f6" />
    <UnitTestResult executionId="6c373cfe-a0b4-4d29-9cb4-61235823c85b" testId="5b90c1d8-8835-03a2-b0d1-18389db2169b" testName="Microsoft.AspNetCore.Components.EventCallbackFactoryTest.CreateT_EventCallback_ReturnsInput" computerName="pkrvmbietmlfzoi" duration="00:00:00.0005932" startTime="2025-07-02T22:04:17.6402937+00:00" endTime="2025-07-02T22:04:17.6403395+00:00" testType="13cdc9d9-ddb5-4fa4-a97d-d965ccfc6d4b" outcome="Passed" testListId="8c84fa94-04c1-424b-9868-57a2d4851a1d" relativeResultsDirectory="6c373cfe-a0b4-4d29-9cb4-61235823c85b" />
    <UnitTestResult executionId="7602bb61-1d50-4734-bc2a-3eaf6baaedf7" testId="5875fd9b-f733-e8be-11e6-9e711dad7bc3" testName="Microsoft.AspNetCore.Components.Rendering.RenderTreeBuilderTest.AddAttribute_Element_ObjectBoolFalse_IgnoresFrame" computerName="pkrvmbietmlfzoi" duration="00:00:00.0005270" startTime="2025-07-02T22:04:17.7349397+00:00" endTime="2025-07-02T22:04:17.7351058+00:00" testType="13cdc9d9-ddb5-4fa4-a97d-d965ccfc6d4b" outcome="Passed" testListId="8c84fa94-04c1-424b-9868-57a2d4851a1d" relativeResultsDirectory="7602bb61-1d50-4734-bc2a-3eaf6baaedf7" />
    <UnitTestResult executionId="bc363015-255e-4620-9353-bd6f2fbe6371" testId="759f574e-cc95-e392-b25f-48e7b507e965" testName="Microsoft.AspNetCore.Components.Test.RenderTreeDiffBuilderTest.AttributeDiff_WithSameSequenceNumber_AttributeAddedAtEnd" computerName="pkrvmbietmlfzoi" duration="00:00:00.0006110" startTime="2025-07-02T22:04:18.0029688+00:00" endTime="2025-07-02T22:04:18.0030452+00:00" testType="13cdc9d9-ddb5-4fa4-a97d-d965ccfc6d4b" outcome="Passed" testListId="8c84fa94-04c1-424b-9868-57a2d4851a1d" relativeResultsDirectory="bc363015-255e-4620-9353-bd6f2fbe6371" />
    <UnitTestResult executionId="27cf5c26-b076-476b-b616-45b2862420b9" testId="50874e2c-fd97-904a-d5b1-82b9239ca804" testName="Microsoft.AspNetCore.Components.Routing.QueryParameterValueSupplierTest.RejectsUnparseableArrayEntries(key: &quot;NullableDecimalVals&quot;, validValue: &quot;1.23&quot;, invalidValue: &quot;1.2.3&quot;, targetType: typeof(decimal?))" computerName="pkrvmbietmlfzoi" duration="00:00:00.0003744" startTime="2025-07-02T22:04:17.7524687+00:00" endTime="2025-07-02T22:04:17.7529498+00:00" testType="13cdc9d9-ddb5-4fa4-a97d-d965ccfc6d4b" outcome="Passed" testListId="8c84fa94-04c1-424b-9868-57a2d4851a1d" relativeResultsDirectory="27cf5c26-b076-476b-b616-45b2862420b9" />
    <UnitTestResult executionId="58a15d49-2a13-487c-908c-963d9ffa9860" testId="1399327c-3b4c-e3a2-679b-5038749a13be" testName="Microsoft.AspNetCore.Components.Routing.QueryParameterValueSupplierTest.SupportsExpectedArrayTypes" computerName="pkrvmbietmlfzoi" duration="00:00:00.0632556" startTime="2025-07-02T22:04:17.7998711+00:00" endTime="2025-07-02T22:04:17.8984181+00:00" testType="13cdc9d9-ddb5-4fa4-a97d-d965ccfc6d4b" outcome="Passed" testListId="8c84fa94-04c1-424b-9868-57a2d4851a1d" relativeResultsDirectory="58a15d49-2a13-487c-908c-963d9ffa9860" />
    <UnitTestResult executionId="9de8bab8-fe60-4544-8282-73c772cb6703" testId="091a29da-0dab-acd1-eb77-2d71716f3ea4" testName="Microsoft.AspNetCore.Components.Test.RendererTest.CallsAfterRenderAfterTheUIHasFinishedUpdatingSynchronously" computerName="pkrvmbietmlfzoi" duration="00:00:00.0003693" startTime="2025-07-02T22:04:19.3332144+00:00" endTime="2025-07-02T22:04:19.3333721+00:00" testType="13cdc9d9-ddb5-4fa4-a97d-d965ccfc6d4b" outcome="Passed" testListId="8c84fa94-04c1-424b-9868-57a2d4851a1d" relativeResultsDirectory="9de8bab8-fe60-4544-8282-73c772cb6703" />
    <UnitTestResult executionId="3c571124-e1b0-441d-996d-94681b7bccea" testId="c6a29e9c-75e6-4688-a5b4-390c4a86d531" testName="Microsoft.AspNetCore.Components.ParameterViewTest.HasDuplicateCaptureUnmatchedValuesParameters_Throws" computerName="pkrvmbietmlfzoi" duration="00:00:00.0025800" startTime="2025-07-02T22:04:17.7528438+00:00" endTime="2025-07-02T22:04:17.7566303+00:00" testType="13cdc9d9-ddb5-4fa4-a97d-d965ccfc6d4b" outcome="Passed" testListId="8c84fa94-04c1-424b-9868-57a2d4851a1d" relativeResultsDirectory="3c571124-e1b0-441d-996d-94681b7bccea" />
    <UnitTestResult executionId="d8da19a9-4af8-4fb2-b66a-5273145779d7" testId="b53fa018-4b89-6ccd-6693-bf49832b2617" testName="Microsoft.AspNetCore.Components.ParameterViewTest.SettingCaptureUnmatchedValuesParameterExplicitlyAndImplicitly_ReverseOrder_Throws" computerName="pkrvmbietmlfzoi" duration="00:00:00.0006130" startTime="2025-07-02T22:04:17.5313190+00:00" endTime="2025-07-02T22:04:17.5319293+00:00" testType="13cdc9d9-ddb5-4fa4-a97d-d965ccfc6d4b" outcome="Passed" testListId="8c84fa94-04c1-424b-9868-57a2d4851a1d" relativeResultsDirectory="d8da19a9-4af8-4fb2-b66a-5273145779d7" />
    <UnitTestResult executionId="c9a4140e-3748-4727-8450-e7c354c0eb72" testId="93d12b94-c96d-9e7e-fe21-f1b581ae45e0" testName="Microsoft.AspNetCore.Components.Test.RendererTest.DispatchEventAsync_EventCallback_SynchronousException" computerName="pkrvmbietmlfzoi" duration="00:00:00.0011058" startTime="2025-07-02T22:04:19.3219107+00:00" endTime="2025-07-02T22:04:19.3221735+00:00" testType="13cdc9d9-ddb5-4fa4-a97d-d965ccfc6d4b" outcome="Passed" testListId="8c84fa94-04c1-424b-9868-57a2d4851a1d" relativeResultsDirectory="c9a4140e-3748-4727-8450-e7c354c0eb72" />
    <UnitTestResult executionId="c1f106e5-923c-430c-95d4-23edc7390050" testId="d0f2f235-e339-4989-7619-dec82338f8de" testName="Microsoft.AspNetCore.Components.ComponentStatePersistenceManagerTest.PersistStateAsync_FiresCallbacksInParallel" computerName="pkrvmbietmlfzoi" duration="00:00:00.0173943" startTime="2025-07-02T22:04:17.9407574+00:00" endTime="2025-07-02T22:04:17.9515064+00:00" testType="13cdc9d9-ddb5-4fa4-a97d-d965ccfc6d4b" outcome="Passed" testListId="8c84fa94-04c1-424b-9868-57a2d4851a1d" relativeResultsDirectory="c1f106e5-923c-430c-95d4-23edc7390050" />
    <UnitTestResult executionId="fa236ca8-24ed-426b-8d1e-eb93076eca4c" testId="c3947147-a646-06ba-97e1-e241f4112e7b" testName="Microsoft.AspNetCore.Components.EventCallbackTest.EventCallback_NullReceiver" computerName="pkrvmbietmlfzoi" duration="00:00:00.0014707" startTime="2025-07-02T22:04:17.9457540+00:00" endTime="2025-07-02T22:04:17.9459890+00:00" testType="13cdc9d9-ddb5-4fa4-a97d-d965ccfc6d4b" outcome="Passed" testListId="8c84fa94-04c1-424b-9868-57a2d4851a1d" relativeResultsDirectory="fa236ca8-24ed-426b-8d1e-eb93076eca4c" />
    <UnitTestResult executionId="3abef3ce-be9e-4490-98f1-7586220669fc" testId="3b9fadf8-d8e5-ca46-67cb-fbf18bb3b022" testName="Microsoft.AspNetCore.Components.Routing.QueryParameterValueSupplierTest.RejectsUnparseableValues(key: &quot;NullableGuidVal&quot;, value: &quot;123456-789-0&quot;, targetType: typeof(Guid?))" computerName="pkrvmbietmlfzoi" duration="00:00:00.0004627" startTime="2025-07-02T22:04:17.6828261+00:00" endTime="2025-07-02T22:04:17.6863360+00:00" testType="13cdc9d9-ddb5-4fa4-a97d-d965ccfc6d4b" outcome="Passed" testListId="8c84fa94-04c1-424b-9868-57a2d4851a1d" relativeResultsDirectory="3abef3ce-be9e-4490-98f1-7586220669fc" />
    <UnitTestResult executionId="3b622a3b-1558-49f5-9918-c85b2c171760" testId="877f64df-4e10-c38d-ea7f-69afd078f2a5" testName="Microsoft.AspNetCore.Components.ParameterViewTest.PropertyExplicitSetterException_Throws" computerName="pkrvmbietmlfzoi" duration="00:00:00.0008779" startTime="2025-07-02T22:04:17.5300739+00:00" endTime="2025-07-02T22:04:17.5306192+00:00" testType="13cdc9d9-ddb5-4fa4-a97d-d965ccfc6d4b" outcome="Passed" testListId="8c84fa94-04c1-424b-9868-57a2d4851a1d" relativeResultsDirectory="3b622a3b-1558-49f5-9918-c85b2c171760" />
    <UnitTestResult executionId="0c5fc146-755e-4cfe-9a35-543f6368c0cc" testId="4bbfaaba-c4b8-91ea-5798-d4e2df29aa20" testName="Microsoft.AspNetCore.Components.NavigationManagerTest.ComputesCorrectBaseUri(baseUri: &quot;scheme://host/&quot;, expectedResult: &quot;scheme://host/&quot;)" computerName="pkrvmbietmlfzoi" duration="00:00:00.0002556" startTime="2025-07-02T22:04:17.4773261+00:00" endTime="2025-07-02T22:04:17.4774373+00:00" testType="13cdc9d9-ddb5-4fa4-a97d-d965ccfc6d4b" outcome="Passed" testListId="8c84fa94-04c1-424b-9868-57a2d4851a1d" relativeResultsDirectory="0c5fc146-755e-4cfe-9a35-543f6368c0cc" />
    <UnitTestResult executionId="c9bfe700-b788-46a2-887e-1f28cee7b7b8" testId="e1a33abc-d0d6-40df-7cba-b407e634c025" testName="Microsoft.AspNetCore.Components.Rendering.RenderTreeBuilderTest.CannotAddKeyOutsideComponentOrElement_RegionRoot" computerName="pkrvmbietmlfzoi" duration="00:00:00.0003966" startTime="2025-07-02T22:04:17.9056474+00:00" endTime="2025-07-02T22:04:17.9070534+00:00" testType="13cdc9d9-ddb5-4fa4-a97d-d965ccfc6d4b" outcome="Passed" testListId="8c84fa94-04c1-424b-9868-57a2d4851a1d" relativeResultsDirectory="c9bfe700-b788-46a2-887e-1f28cee7b7b8" />
    <UnitTestResult executionId="2b39dbe6-7c78-4efc-9524-e889a7133331" testId="fa0c4b80-5b9e-c7ae-fe8b-263a9286d40b" testName="Microsoft.AspNetCore.Components.Rendering.RenderTreeBuilderTest.AddAttribute_Element_BoolTrue_AddsFrame" computerName="pkrvmbietmlfzoi" duration="00:00:00.0080328" startTime="2025-07-02T22:04:17.7454386+00:00" endTime="2025-07-02T22:04:17.7489359+00:00" testType="13cdc9d9-ddb5-4fa4-a97d-d965ccfc6d4b" outcome="Passed" testListId="8c84fa94-04c1-424b-9868-57a2d4851a1d" relativeResultsDirectory="2b39dbe6-7c78-4efc-9524-e889a7133331" />
    <UnitTestResult executionId="69ac2245-15d2-4b03-b16d-4ade1accf5fb" testId="c0a799d8-5826-b968-4341-7c02b523342d" testName="Microsoft.AspNetCore.Components.Rendering.RenderTreeBuilderTest.AcceptsClosedFramesAsValid" computerName="pkrvmbietmlfzoi" duration="00:00:00.0001110" startTime="2025-07-02T22:04:17.8866775+00:00" endTime="2025-07-02T22:04:17.8867705+00:00" testType="13cdc9d9-ddb5-4fa4-a97d-d965ccfc6d4b" outcome="Passed" testListId="8c84fa94-04c1-424b-9868-57a2d4851a1d" relativeResultsDirectory="69ac2245-15d2-4b03-b16d-4ade1accf5fb" />
    <UnitTestResult executionId="2e3a6eee-19cf-4abb-9d01-f6910b7b1f64" testId="6f388a62-ea37-d152-9b19-2d0b2de051dc" testName="Microsoft.AspNetCore.Components.EventCallbackFactoryTest.Create_Action_Unbound" computerName="pkrvmbietmlfzoi" duration="00:00:00.0002017" startTime="2025-07-02T22:04:17.6271171+00:00" endTime="2025-07-02T22:04:17.6272453+00:00" testType="13cdc9d9-ddb5-4fa4-a97d-d965ccfc6d4b" outcome="Passed" testListId="8c84fa94-04c1-424b-9868-57a2d4851a1d" relativeResultsDirectory="2e3a6eee-19cf-4abb-9d01-f6910b7b1f64" />
    <UnitTestResult executionId="6e8b7843-aff0-41f5-91df-7f8ac414404a" testId="c71b2994-4608-52a3-7d71-f3ac12c59294" testName="Microsoft.AspNetCore.Components.ParameterViewTest.IncomingCascadingValueMatchesCascadingParameter_SetsValue" computerName="pkrvmbietmlfzoi" duration="00:00:00.0002351" startTime="2025-07-02T22:04:17.7568955+00:00" endTime="2025-07-02T22:04:17.7570327+00:00" testType="13cdc9d9-ddb5-4fa4-a97d-d965ccfc6d4b" outcome="Passed" testListId="8c84fa94-04c1-424b-9868-57a2d4851a1d" relativeResultsDirectory="6e8b7843-aff0-41f5-91df-7f8ac414404a" />
    <UnitTestResult executionId="9d255875-e976-4ff7-afb7-8ac9d49d1e2d" testId="eab7ec8c-2863-28f6-dbe3-96225050d1a0" testName="Microsoft.AspNetCore.Components.Rendering.RenderTreeBuilderTest.AddAttribute_Component_StringValue_SetsAttributeValue(value: null)" computerName="pkrvmbietmlfzoi" duration="00:00:00.0014731" startTime="2025-07-02T22:04:17.9266043+00:00" endTime="2025-07-02T22:04:17.9273328+00:00" testType="13cdc9d9-ddb5-4fa4-a97d-d965ccfc6d4b" outcome="Passed" testListId="8c84fa94-04c1-424b-9868-57a2d4851a1d" relativeResultsDirectory="9d255875-e976-4ff7-afb7-8ac9d49d1e2d" />
    <UnitTestResult executionId="f3d6a683-c150-41aa-9f6b-ea68f6f4c84b" testId="167cf0fe-7602-b7e4-e958-ca23fdcc7ea8" testName="Microsoft.AspNetCore.Components.Routing.RouteTableFactoryTests.DetectsAmbiguousRoutes(left: &quot;/{parameter}part&quot;, right: &quot;/part{parameter}&quot;)" computerName="pkrvmbietmlfzoi" duration="00:00:00.0003843" startTime="2025-07-02T22:04:17.8037040+00:00" endTime="2025-07-02T22:04:17.8037919+00:00" testType="13cdc9d9-ddb5-4fa4-a97d-d965ccfc6d4b" outcome="Passed" testListId="8c84fa94-04c1-424b-9868-57a2d4851a1d" relativeResultsDirectory="f3d6a683-c150-41aa-9f6b-ea68f6f4c84b" />
    <UnitTestResult executionId="e88c4ac1-8354-4707-9e64-9be690411f45" testId="b2430c0e-338b-1abd-dd62-bb26e5871d26" testName="Microsoft.AspNetCore.Components.Rendering.RendererSynchronizationContextTest.InvokeAsync_FuncTaskT_CanRunAsynchronously_WhenBusy" computerName="pkrvmbietmlfzoi" duration="00:00:00.0243958" startTime="2025-07-02T22:04:17.3991196+00:00" endTime="2025-07-02T22:04:17.4193300+00:00" testType="13cdc9d9-ddb5-4fa4-a97d-d965ccfc6d4b" outcome="Passed" testListId="8c84fa94-04c1-424b-9868-57a2d4851a1d" relativeResultsDirectory="e88c4ac1-8354-4707-9e64-9be690411f45" />
    <UnitTestResult executionId="fab11d76-e97b-486c-9106-383f50fa537d" testId="af9fd74a-a57e-8075-74d9-29b73251f52a" testName="Microsoft.AspNetCore.Components.Test.RendererTest.DisposesEventHandlersWhenOwnerComponentRemoved" computerName="pkrvmbietmlfzoi" duration="00:00:00.0080105" startTime="2025-07-02T22:04:17.9735546+00:00" endTime="2025-07-02T22:04:17.9805592+00:00" testType="13cdc9d9-ddb5-4fa4-a97d-d965ccfc6d4b" outcome="Passed" testListId="8c84fa94-04c1-424b-9868-57a2d4851a1d" relativeResultsDirectory="fab11d76-e97b-486c-9106-383f50fa537d" />
    <UnitTestResult executionId="999a2ce0-7d0a-4627-af76-13b5e8d1ffd9" testId="c464e156-ff9d-7b3c-a4bb-1d352844fd8b" testName="Microsoft.AspNetCore.Components.Test.RenderTreeDiffBuilderTest.RecognizesEquivalentFramesAsSame(appendFragment: RenderFragment { Method = Void &lt;RecognizesEquivalentFramesAsSameCases&gt;b__7_3(Microsoft.AspNetCore.Components.Rendering.RenderTreeBuilder), Target = &lt;&gt;c { } })" computerName="pkrvmbietmlfzoi" duration="00:00:00.0011741" startTime="2025-07-02T22:04:17.9275983+00:00" endTime="2025-07-02T22:04:17.9296352+00:00" testType="13cdc9d9-ddb5-4fa4-a97d-d965ccfc6d4b" outcome="Passed" testListId="8c84fa94-04c1-424b-9868-57a2d4851a1d" relativeResultsDirectory="999a2ce0-7d0a-4627-af76-13b5e8d1ffd9" />
    <UnitTestResult executionId="7c3f9be0-0a73-4ac9-b663-0a8aa8114591" testId="9a52722b-ecef-ab64-8ec1-3050cbfd63e3" testName="Microsoft.AspNetCore.Components.EventCallbackFactoryBinderExtensionsTest.CreateBinder_DateTime" computerName="pkrvmbietmlfzoi" duration="00:00:00.0018762" startTime="2025-07-02T22:04:17.8943163+00:00" endTime="2025-07-02T22:04:17.8969939+00:00" testType="13cdc9d9-ddb5-4fa4-a97d-d965ccfc6d4b" outcome="Passed" testListId="8c84fa94-04c1-424b-9868-57a2d4851a1d" relativeResultsDirectory="7c3f9be0-0a73-4ac9-b663-0a8aa8114591" />
    <UnitTestResult executionId="be15f533-ae95-48b1-a603-58aa4a21a8a1" testId="813d934d-4518-2b58-6193-ee9927807841" testName="Microsoft.AspNetCore.Components.Test.ComponentBaseTest.RenderRootComponentAsync_ReportsErrorDuringOnInit" computerName="pkrvmbietmlfzoi" duration="00:00:00.0025901" startTime="2025-07-02T22:04:17.8922882+00:00" endTime="2025-07-02T22:04:17.8955198+00:00" testType="13cdc9d9-ddb5-4fa4-a97d-d965ccfc6d4b" outcome="Passed" testListId="8c84fa94-04c1-424b-9868-57a2d4851a1d" relativeResultsDirectory="be15f533-ae95-48b1-a603-58aa4a21a8a1" />
    <UnitTestResult executionId="3a118889-c15e-472c-85f5-0d44d7f071e0" testId="7fd4a501-472d-0628-de76-e06cc5af1298" testName="Microsoft.AspNetCore.Components.EventCallbackFactoryTest.CreateT_FuncTTask_Unbound" computerName="pkrvmbietmlfzoi" duration="00:00:00.0002663" startTime="2025-07-02T22:04:17.6241612+00:00" endTime="2025-07-02T22:04:17.6242714+00:00" testType="13cdc9d9-ddb5-4fa4-a97d-d965ccfc6d4b" outcome="Passed" testListId="8c84fa94-04c1-424b-9868-57a2d4851a1d" relativeResultsDirectory="3a118889-c15e-472c-85f5-0d44d7f071e0" />
    <UnitTestResult executionId="a0499944-9550-4ef1-a5f8-7f8f02d4d8db" testId="5d010426-f653-c7a7-c535-24423b4e0179" testName="Microsoft.AspNetCore.Components.Rendering.RenderTreeBuilderTest.CanAddMultipleReferenceCapturesToSameElement" computerName="pkrvmbietmlfzoi" duration="00:00:00.0014681" startTime="2025-07-02T22:04:17.8213328+00:00" endTime="2025-07-02T22:04:17.8249861+00:00" testType="13cdc9d9-ddb5-4fa4-a97d-d965ccfc6d4b" outcome="Passed" testListId="8c84fa94-04c1-424b-9868-57a2d4851a1d" relativeResultsDirectory="a0499944-9550-4ef1-a5f8-7f8f02d4d8db" />
    <UnitTestResult executionId="86be9773-1631-4ac0-bedb-4a16fcf3d4a3" testId="2998b75b-5b76-2da6-6663-0c4d1b29b513" testName="Microsoft.AspNetCore.Components.BindConverterTest.FormatValue_TypeConverter" computerName="pkrvmbietmlfzoi" duration="00:00:00.0087887" startTime="2025-07-02T22:04:17.4035195+00:00" endTime="2025-07-02T22:04:17.4066412+00:00" testType="13cdc9d9-ddb5-4fa4-a97d-d965ccfc6d4b" outcome="Passed" testListId="8c84fa94-04c1-424b-9868-57a2d4851a1d" relativeResultsDirectory="86be9773-1631-4ac0-bedb-4a16fcf3d4a3" />
    <UnitTestResult executionId="1b107a21-6215-41f0-a2a6-df2ee82b4525" testId="eb80b2cc-f0aa-f4c7-9b3a-65fe81ed350c" testName="Microsoft.AspNetCore.Components.EventCallbackFactoryTest.CreateT_FuncTask_Null" computerName="pkrvmbietmlfzoi" duration="00:00:00.0003290" startTime="2025-07-02T22:04:17.6215770+00:00" endTime="2025-07-02T22:04:17.6219621+00:00" testType="13cdc9d9-ddb5-4fa4-a97d-d965ccfc6d4b" outcome="Passed" testListId="8c84fa94-04c1-424b-9868-57a2d4851a1d" relativeResultsDirectory="1b107a21-6215-41f0-a2a6-df2ee82b4525" />
    <UnitTestResult executionId="3aed4733-c823-48bd-b653-944d3a0077a3" testId="4318b8fe-5a60-77de-c96b-64e2190c2b22" testName="Microsoft.AspNetCore.Components.Rendering.RenderTreeBuilderTest.AddComponentParameter_Component_EventCallbackOfT_AddsFrame" computerName="pkrvmbietmlfzoi" duration="00:00:00.0005931" startTime="2025-07-02T22:04:17.8180132+00:00" endTime="2025-07-02T22:04:17.8181134+00:00" testType="13cdc9d9-ddb5-4fa4-a97d-d965ccfc6d4b" outcome="Passed" testListId="8c84fa94-04c1-424b-9868-57a2d4851a1d" relativeResultsDirectory="3aed4733-c823-48bd-b653-944d3a0077a3" />
    <UnitTestResult executionId="5f0a5557-c3f8-42c1-8a68-ce9b06c9a783" testId="933a3406-64f7-b6d0-698f-b5a2ef13ba18" testName="Microsoft.AspNetCore.Components.DynamicComponentTest.CanRenderComponentByType" computerName="pkrvmbietmlfzoi" duration="00:00:00.0004859" startTime="2025-07-02T22:04:17.5591424+00:00" endTime="2025-07-02T22:04:17.5598259+00:00" testType="13cdc9d9-ddb5-4fa4-a97d-d965ccfc6d4b" outcome="Passed" testListId="8c84fa94-04c1-424b-9868-57a2d4851a1d" relativeResultsDirectory="5f0a5557-c3f8-42c1-8a68-ce9b06c9a783" />
    <UnitTestResult executionId="3593c11c-4190-48e5-b59c-b724b883df09" testId="b648bf31-77ef-264d-19e5-63d2e7afc6f7" testName="Microsoft.AspNetCore.Components.Routing.RoutePatternParserTests.InvalidTemplate_WithMismatchedBraces(template: &quot;{p&quot;, expectedMessage: &quot;There is an incomplete parameter in the route temp&quot;···)" computerName="pkrvmbietmlfzoi" duration="00:00:00.0000252" startTime="2025-07-02T22:04:17.8429500+00:00" endTime="2025-07-02T22:04:17.8430382+00:00" testType="13cdc9d9-ddb5-4fa4-a97d-d965ccfc6d4b" outcome="Passed" testListId="8c84fa94-04c1-424b-9868-57a2d4851a1d" relativeResultsDirectory="3593c11c-4190-48e5-b59c-b724b883df09" />
    <UnitTestResult executionId="5b9aa077-bd52-4a75-8dd1-01f346119e61" testId="1080a8fb-c4f5-1740-e9b9-cd24db7a0bc9" testName="Microsoft.AspNetCore.Components.PersistentStateValueProviderTests.PersistAsync_CanPersistMultipleComponentsOfSameType_SupportsDifferentKeyTypes(componentKey1: &quot;key1&quot;, componentKey2: &quot;key2&quot;)" computerName="pkrvmbietmlfzoi" duration="00:00:00.0001755" startTime="2025-07-02T22:04:17.5625570+00:00" endTime="2025-07-02T22:04:17.5626408+00:00" testType="13cdc9d9-ddb5-4fa4-a97d-d965ccfc6d4b" outcome="Passed" testListId="8c84fa94-04c1-424b-9868-57a2d4851a1d" relativeResultsDirectory="5b9aa077-bd52-4a75-8dd1-01f346119e61" />
    <UnitTestResult executionId="5ef5b3fc-de7b-4a74-be6a-4892ef03911b" testId="c5f2250f-29c1-c03e-6f58-08ea480d74e6" testName="Microsoft.AspNetCore.Components.Test.DependencyInjectionTest.IgnoresStaticProperties" computerName="pkrvmbietmlfzoi" duration="00:00:00.0288719" startTime="2025-07-02T22:04:17.2239050+00:00" endTime="2025-07-02T22:04:17.2696162+00:00" testType="13cdc9d9-ddb5-4fa4-a97d-d965ccfc6d4b" outcome="Passed" testListId="8c84fa94-04c1-424b-9868-57a2d4851a1d" relativeResultsDirectory="5ef5b3fc-de7b-4a74-be6a-4892ef03911b" />
    <UnitTestResult executionId="1f94a6fe-bf35-47b9-aef2-576d48524fc2" testId="8a9f9b07-b161-9145-5cc4-080caeb6b9a6" testName="Microsoft.AspNetCore.Components.ComponentsMetricsTest.Navigation_RecordsMetric" computerName="pkrvmbietmlfzoi" duration="00:00:00.0006087" startTime="2025-07-02T22:04:17.9210114+00:00" endTime="2025-07-02T22:04:17.9215050+00:00" testType="13cdc9d9-ddb5-4fa4-a97d-d965ccfc6d4b" outcome="Passed" testListId="8c84fa94-04c1-424b-9868-57a2d4851a1d" relativeResultsDirectory="1f94a6fe-bf35-47b9-aef2-576d48524fc2" />
    <UnitTestResult executionId="7b3f342d-874e-42c0-bba2-bfd085b038ee" testId="e37fc82a-fafc-e05f-c580-cc4b262f3e6b" testName="Microsoft.AspNetCore.Components.NavigationManagerTest.GetUriWithQueryParameter_AppendsWhenParameterDoesNotExist(baseUri: &quot;scheme://host/?age=42&quot;, expectedUri: &quot;scheme://host/?age=42&amp;name=John%20Doe&quot;)" computerName="pkrvmbietmlfzoi" duration="00:00:00.0000205" startTime="2025-07-02T22:04:17.5069915+00:00" endTime="2025-07-02T22:04:17.5070849+00:00" testType="13cdc9d9-ddb5-4fa4-a97d-d965ccfc6d4b" outcome="Passed" testListId="8c84fa94-04c1-424b-9868-57a2d4851a1d" relativeResultsDirectory="7b3f342d-874e-42c0-bba2-bfd085b038ee" />
    <UnitTestResult executionId="fb94f0b6-4c37-4cd8-aef3-cc38b89ad8b9" testId="e4312186-e6e6-5722-2d06-1fe95a294390" testName="Microsoft.AspNetCore.Components.Rendering.RenderTreeBuilderTest.AddAttribute_Element_ObjectBoolTrue_AddsFrame" computerName="pkrvmbietmlfzoi" duration="00:00:00.0004583" startTime="2025-07-02T22:04:17.9115264+00:00" endTime="2025-07-02T22:04:17.9117246+00:00" testType="13cdc9d9-ddb5-4fa4-a97d-d965ccfc6d4b" outcome="Passed" testListId="8c84fa94-04c1-424b-9868-57a2d4851a1d" relativeResultsDirectory="fb94f0b6-4c37-4cd8-aef3-cc38b89ad8b9" />
    <UnitTestResult executionId="0d758620-b7f8-4f77-a22d-6f5634a06718" testId="789308f3-c6e9-5304-5359-b6966554d4a2" testName="Microsoft.AspNetCore.Components.ResourceAssetCollectionTest.ResourceAsset_WithSourceGenerationContext_CanSerializeAndDeserializeWithRespectRequiredConstructorParameters" computerName="pkrvmbietmlfzoi" duration="00:00:00.0039073" startTime="2025-07-02T22:04:17.3885930+00:00" endTime="2025-07-02T22:04:17.3886906+00:00" testType="13cdc9d9-ddb5-4fa4-a97d-d965ccfc6d4b" outcome="Passed" testListId="8c84fa94-04c1-424b-9868-57a2d4851a1d" relativeResultsDirectory="0d758620-b7f8-4f77-a22d-6f5634a06718" />
    <UnitTestResult executionId="cf58c903-226f-411e-9ac5-1e825504abf0" testId="0794b4a5-77fc-3c58-06ea-aaa090968881" testName="Microsoft.AspNetCore.Components.ParameterViewTest.HasRemovedDirectParameters_ParameterRemoved" computerName="pkrvmbietmlfzoi" duration="00:00:00.0003775" startTime="2025-07-02T22:04:17.5458844+00:00" endTime="2025-07-02T22:04:17.5461754+00:00" testType="13cdc9d9-ddb5-4fa4-a97d-d965ccfc6d4b" outcome="Passed" testListId="8c84fa94-04c1-424b-9868-57a2d4851a1d" relativeResultsDirectory="cf58c903-226f-411e-9ac5-1e825504abf0" />
    <UnitTestResult executionId="6b6b598b-b1d8-49ee-8dbf-cfbde8f978c7" testId="8833ef68-544f-629e-ba62-4c0492854b3a" testName="Microsoft.AspNetCore.Components.RenderTree.StackObjectPoolTest.ReusesInstancesInPoolUpToCapacity" computerName="pkrvmbietmlfzoi" duration="00:00:00.0010662" startTime="2025-07-02T22:04:17.3975806+00:00" endTime="2025-07-02T22:04:17.3977503+00:00" testType="13cdc9d9-ddb5-4fa4-a97d-d965ccfc6d4b" outcome="Passed" testListId="8c84fa94-04c1-424b-9868-57a2d4851a1d" relativeResultsDirectory="6b6b598b-b1d8-49ee-8dbf-cfbde8f978c7" />
    <UnitTestResult executionId="cc0c5b6d-a8e6-4533-8889-cb1d875604e3" testId="0b1dadfc-5b78-0cad-febf-8fafbe4581b8" testName="Microsoft.AspNetCore.Components.Rendering.RenderTreeBuilderTest.CannotAddAttributesAfterNamedEvent" computerName="pkrvmbietmlfzoi" duration="00:00:00.0009698" startTime="2025-07-02T22:04:17.9415700+00:00" endTime="2025-07-02T22:04:17.9429689+00:00" testType="13cdc9d9-ddb5-4fa4-a97d-d965ccfc6d4b" outcome="Passed" testListId="8c84fa94-04c1-424b-9868-57a2d4851a1d" relativeResultsDirectory="cc0c5b6d-a8e6-4533-8889-cb1d875604e3" />
    <UnitTestResult executionId="b9651da8-ee57-438d-8542-59dd50306c68" testId="bc506b14-1566-4bb6-f2df-faaaccfdbb33" testName="Microsoft.AspNetCore.Components.Routing.RouterTest.UsesCurrentRouteMatchingIfSpecified" computerName="pkrvmbietmlfzoi" duration="00:00:00.0016684" startTime="2025-07-02T22:04:17.6859293+00:00" endTime="2025-07-02T22:04:17.6887607+00:00" testType="13cdc9d9-ddb5-4fa4-a97d-d965ccfc6d4b" outcome="Passed" testListId="8c84fa94-04c1-424b-9868-57a2d4851a1d" relativeResultsDirectory="b9651da8-ee57-438d-8542-59dd50306c68" />
    <UnitTestResult executionId="56a60e18-60d7-4eeb-bede-dfc2ec6d2907" testId="edd21920-869c-107d-11c4-f8070a7ffe76" testName="Microsoft.AspNetCore.Components.Test.RenderTreeDiffBuilderTest.PreservesEventHandlerIdsForRetainedEventHandlers_SlowPath" computerName="pkrvmbietmlfzoi" duration="00:00:00.0027374" startTime="2025-07-02T22:04:17.9901711+00:00" endTime="2025-07-02T22:04:17.9917658+00:00" testType="13cdc9d9-ddb5-4fa4-a97d-d965ccfc6d4b" outcome="Passed" testListId="8c84fa94-04c1-424b-9868-57a2d4851a1d" relativeResultsDirectory="56a60e18-60d7-4eeb-bede-dfc2ec6d2907" />
    <UnitTestResult executionId="3736c229-c794-4e47-bcaa-1ed12a39da1c" testId="bc1d743c-a713-9956-587a-90ce63485ccd" testName="Microsoft.AspNetCore.Components.ComponentFactoryTest.InstantiateComponent_CreatesInstance_WithCustomActivator" computerName="pkrvmbietmlfzoi" duration="00:00:00.0003671" startTime="2025-07-02T22:04:17.8002668+00:00" endTime="2025-07-02T22:04:17.8004267+00:00" testType="13cdc9d9-ddb5-4fa4-a97d-d965ccfc6d4b" outcome="Passed" testListId="8c84fa94-04c1-424b-9868-57a2d4851a1d" relativeResultsDirectory="3736c229-c794-4e47-bcaa-1ed12a39da1c" />
    <UnitTestResult executionId="783deb27-81ca-498b-aa53-eb345d398543" testId="12cfcfbc-e213-6789-73ae-4ebb8787b382" testName="Microsoft.AspNetCore.Components.EventCallbackFactoryBinderExtensionsTest.CreateBinder_IfConverterThrows_ConvertsEmptyStringToDefault" computerName="pkrvmbietmlfzoi" duration="00:00:00.0007463" startTime="2025-07-02T22:04:17.8223320+00:00" endTime="2025-07-02T22:04:17.8260478+00:00" testType="13cdc9d9-ddb5-4fa4-a97d-d965ccfc6d4b" outcome="Passed" testListId="8c84fa94-04c1-424b-9868-57a2d4851a1d" relativeResultsDirectory="783deb27-81ca-498b-aa53-eb345d398543" />
    <UnitTestResult executionId="1274fab5-7aff-47cd-a749-13403f95f270" testId="b9302f12-001c-def8-159b-dfab6e7b9b4a" testName="Microsoft.AspNetCore.Components.NavigationManagerTest.GetUriWithQueryParameters_CanAddUpdateAndRemove(baseUri: &quot;scheme://host/&quot;, expectedUri: &quot;scheme://host/?age=25&amp;eye%20color=green&quot;)" computerName="pkrvmbietmlfzoi" duration="00:00:00.0000275" startTime="2025-07-02T22:04:17.4589289+00:00" endTime="2025-07-02T22:04:17.4590364+00:00" testType="13cdc9d9-ddb5-4fa4-a97d-d965ccfc6d4b" outcome="Passed" testListId="8c84fa94-04c1-424b-9868-57a2d4851a1d" relativeResultsDirectory="1274fab5-7aff-47cd-a749-13403f95f270" />
    <UnitTestResult executionId="0b3e5906-e4c4-470d-8e88-ea5f52a1dfb2" testId="1846f0e2-ad28-cf26-458d-b7afdec0a603" testName="Microsoft.AspNetCore.Components.Test.RenderTreeDiffBuilderTest.RecognizesKeyedComponentInsertionsBeforeUnchangedNonKeyedComponent" computerName="pkrvmbietmlfzoi" duration="00:00:00.0005887" startTime="2025-07-02T22:04:18.0052587+00:00" endTime="2025-07-02T22:04:18.0054044+00:00" testType="13cdc9d9-ddb5-4fa4-a97d-d965ccfc6d4b" outcome="Passed" testListId="8c84fa94-04c1-424b-9868-57a2d4851a1d" relativeResultsDirectory="0b3e5906-e4c4-470d-8e88-ea5f52a1dfb2" />
    <UnitTestResult executionId="db3e6753-6c5d-44e2-85af-8934f1cea495" testId="762f6126-3d62-e3f9-92cb-54086f5b0e20" testName="Microsoft.AspNetCore.Components.Routing.RoutePatternParserTests.InvalidTemplate_WithMismatchedBraces(template: &quot;Literal/p}&quot;, expectedMessage: &quot;There is an incomplete parameter in the route temp&quot;···)" computerName="pkrvmbietmlfzoi" duration="00:00:00.0000284" startTime="2025-07-02T22:04:17.8432011+00:00" endTime="2025-07-02T22:04:17.8433125+00:00" testType="13cdc9d9-ddb5-4fa4-a97d-d965ccfc6d4b" outcome="Passed" testListId="8c84fa94-04c1-424b-9868-57a2d4851a1d" relativeResultsDirectory="db3e6753-6c5d-44e2-85af-8934f1cea495" />
    <UnitTestResult executionId="8d7a6341-71f8-4a52-ac39-839757f99f43" testId="5081e9cb-18c7-f07d-eb95-d4dd34601f87" testName="Microsoft.AspNetCore.Components.Rendering.RenderTreeBuilderTest.AddAttribute_Element_EventCallback_Default_DoesNotAddFrame" computerName="pkrvmbietmlfzoi" duration="00:00:00.0017025" startTime="2025-07-02T22:04:17.8122495+00:00" endTime="2025-07-02T22:04:17.8160513+00:00" testType="13cdc9d9-ddb5-4fa4-a97d-d965ccfc6d4b" outcome="Passed" testListId="8c84fa94-04c1-424b-9868-57a2d4851a1d" relativeResultsDirectory="8d7a6341-71f8-4a52-ac39-839757f99f43" />
    <UnitTestResult executionId="939f1070-01ed-4b94-9a56-322cef9edfc7" testId="ee45660f-3d9c-095f-8c51-c9372839d9b8" testName="Microsoft.AspNetCore.Components.Test.RendererTest.RenderBatch_DoesNotDisposeComponentMultipleTimes" computerName="pkrvmbietmlfzoi" duration="00:00:00.0011770" startTime="2025-07-02T22:04:19.3232344+00:00" endTime="2025-07-02T22:04:19.3243973+00:00" testType="13cdc9d9-ddb5-4fa4-a97d-d965ccfc6d4b" outcome="Passed" testListId="8c84fa94-04c1-424b-9868-57a2d4851a1d" relativeResultsDirectory="939f1070-01ed-4b94-9a56-322cef9edfc7" />
    <UnitTestResult executionId="bb20f276-7496-4acf-a7c9-e13dbe33fdb8" testId="1dae9299-e709-a0bc-65b3-c33d38656a39" testName="Microsoft.AspNetCore.Components.Routing.QueryParameterValueSupplierTest.RejectsBlankArrayEntriesWhenNotNullable(key: &quot;BoolVals&quot;, targetType: typeof(bool))" computerName="pkrvmbietmlfzoi" duration="00:00:00.0000387" startTime="2025-07-02T22:04:17.7272004+00:00" endTime="2025-07-02T22:04:17.7274749+00:00" testType="13cdc9d9-ddb5-4fa4-a97d-d965ccfc6d4b" outcome="Passed" testListId="8c84fa94-04c1-424b-9868-57a2d4851a1d" relativeResultsDirectory="bb20f276-7496-4acf-a7c9-e13dbe33fdb8" />
    <UnitTestResult executionId="49b70b39-7f84-4704-ab94-4651cfa348fc" testId="85d1b9b9-1b52-3575-aa9c-00930e047e18" testName="Microsoft.AspNetCore.Components.ComponentStatePersistenceManagerTest.PersistStateAsync_ThrowsWhenCallbackRenerModeCannotBeInferred" computerName="pkrvmbietmlfzoi" duration="00:00:00.0013503" startTime="2025-07-02T22:04:17.9654748+00:00" endTime="2025-07-02T22:04:17.9679739+00:00" testType="13cdc9d9-ddb5-4fa4-a97d-d965ccfc6d4b" outcome="Passed" testListId="8c84fa94-04c1-424b-9868-57a2d4851a1d" relativeResultsDirectory="49b70b39-7f84-4704-ab94-4651cfa348fc" />
    <UnitTestResult executionId="50a056d3-9602-4435-8be7-bd9e4ad1c44e" testId="fa5582aa-0969-8329-ed20-a544bc2493f0" testName="Microsoft.AspNetCore.Components.Rendering.RenderTreeBuilderTest.CanAddElementReferenceCaptureInsideElement" computerName="pkrvmbietmlfzoi" duration="00:00:00.0009264" startTime="2025-07-02T22:04:17.9459406+00:00" endTime="2025-07-02T22:04:17.9461722+00:00" testType="13cdc9d9-ddb5-4fa4-a97d-d965ccfc6d4b" outcome="Passed" testListId="8c84fa94-04c1-424b-9868-57a2d4851a1d" relativeResultsDirectory="50a056d3-9602-4435-8be7-bd9e4ad1c44e" />
    <UnitTestResult executionId="9be83ef0-d9f5-4f86-88aa-ee48d5563f68" testId="b9ee6c48-2df3-ca00-0e3d-ce63ba3738f9" testName="Microsoft.AspNetCore.Components.BindConverterTest.TryConvertTo_Guid_Invalid(incomingValue: null)" computerName="pkrvmbietmlfzoi" duration="00:00:00.0054918" startTime="2025-07-02T22:04:17.4077456+00:00" endTime="2025-07-02T22:04:17.4110855+00:00" testType="13cdc9d9-ddb5-4fa4-a97d-d965ccfc6d4b" outcome="Passed" testListId="8c84fa94-04c1-424b-9868-57a2d4851a1d" relativeResultsDirectory="9be83ef0-d9f5-4f86-88aa-ee48d5563f68" />
    <UnitTestResult executionId="fb038942-4977-419a-b490-a81443074d27" testId="3df8a494-eead-e839-5bee-82a9a6d124ae" testName="Microsoft.AspNetCore.Components.CascadingParameterStateTest.FindCascadingParameters_DisallowsSingleDeliveryWhenIsFixedIsFalse" computerName="pkrvmbietmlfzoi" duration="00:00:00.0026815" startTime="2025-07-02T22:04:17.5087990+00:00" endTime="2025-07-02T22:04:17.5115544+00:00" testType="13cdc9d9-ddb5-4fa4-a97d-d965ccfc6d4b" outcome="Passed" testListId="8c84fa94-04c1-424b-9868-57a2d4851a1d" relativeResultsDirectory="fb038942-4977-419a-b490-a81443074d27" />
    <UnitTestResult executionId="40781363-508e-4303-b93c-4b72b9c68e4c" testId="078c0616-478d-1187-05e3-c8567a9159a6" testName="Microsoft.AspNetCore.Components.Test.RenderTreeDiffBuilderTest.RejectsClashingKeysEvenIfAllPairsMatch" computerName="pkrvmbietmlfzoi" duration="00:00:00.0007216" startTime="2025-07-02T22:04:17.9586905+00:00" endTime="2025-07-02T22:04:17.9590425+00:00" testType="13cdc9d9-ddb5-4fa4-a97d-d965ccfc6d4b" outcome="Passed" testListId="8c84fa94-04c1-424b-9868-57a2d4851a1d" relativeResultsDirectory="40781363-508e-4303-b93c-4b72b9c68e4c" />
    <UnitTestResult executionId="4461f295-d791-449f-bdb5-98305fe0abe3" testId="c13500df-fc11-19fb-b7b7-036bbc6390a3" testName="Microsoft.AspNetCore.Components.Routing.RouteTableFactoryTests.OptionalParameterPlusCatchAllRoute(template: &quot;prefix/{parameter?}/{*catchAll}&quot;, path: &quot;/prefix/parameter&quot;, parameterValue: &quot;parameter&quot;, catchAllValue: null)" computerName="pkrvmbietmlfzoi" duration="00:00:00.0003325" startTime="2025-07-02T22:04:17.6748191+00:00" endTime="2025-07-02T22:04:17.6749327+00:00" testType="13cdc9d9-ddb5-4fa4-a97d-d965ccfc6d4b" outcome="Passed" testListId="8c84fa94-04c1-424b-9868-57a2d4851a1d" relativeResultsDirectory="4461f295-d791-449f-bdb5-98305fe0abe3" />
    <UnitTestResult executionId="75bbfddb-c652-4a2c-acc2-32798b2d151a" testId="1b2bff83-5c37-3650-c63c-30a0a581e523" testName="Microsoft.AspNetCore.Components.CascadingParameterStateTest.FindCascadingParameters_InheritedParameters_ReturnsMatches" computerName="pkrvmbietmlfzoi" duration="00:00:00.0395709" startTime="2025-07-02T22:04:17.4429609+00:00" endTime="2025-07-02T22:04:17.4861713+00:00" testType="13cdc9d9-ddb5-4fa4-a97d-d965ccfc6d4b" outcome="Passed" testListId="8c84fa94-04c1-424b-9868-57a2d4851a1d" relativeResultsDirectory="75bbfddb-c652-4a2c-acc2-32798b2d151a" />
    <UnitTestResult executionId="d2af74fd-fdd0-42c9-ad4f-aff48abba323" testId="bcbeba50-3efd-0ed9-f0d0-bc0242b36ead" testName="Microsoft.AspNetCore.Components.Routing.RouteTableFactoryTests.CanMatchParameterTemplate(path: &quot;/d%C3%A9j%C3%A0+vu&quot;, expectedValue: &quot;déjà+vu&quot;)" computerName="pkrvmbietmlfzoi" duration="00:00:00.0003615" startTime="2025-07-02T22:04:17.8130889+00:00" endTime="2025-07-02T22:04:17.8135844+00:00" testType="13cdc9d9-ddb5-4fa4-a97d-d965ccfc6d4b" outcome="Passed" testListId="8c84fa94-04c1-424b-9868-57a2d4851a1d" relativeResultsDirectory="d2af74fd-fdd0-42c9-ad4f-aff48abba323" />
    <UnitTestResult executionId="57c698f8-a69a-46a0-920f-be81bec99819" testId="18230c43-6e0e-39f4-d516-e85545e19098" testName="Microsoft.AspNetCore.Components.Routing.RouteTableFactoryTests.DoesNotThrowForNonAmbiguousRoutes(first: &quot;{param1?}/{param2?}/{param3?}/{optional?}&quot;, second: &quot;{param1?}/{param2?}/{param3:int?}/{optional?}&quot;)" computerName="pkrvmbietmlfzoi" duration="00:00:00.0007747" startTime="2025-07-02T22:04:17.5470287+00:00" endTime="2025-07-02T22:04:17.5482320+00:00" testType="13cdc9d9-ddb5-4fa4-a97d-d965ccfc6d4b" outcome="Passed" testListId="8c84fa94-04c1-424b-9868-57a2d4851a1d" relativeResultsDirectory="57c698f8-a69a-46a0-920f-be81bec99819" />
    <UnitTestResult executionId="c0c02551-2dee-44e0-8407-db7f02dd3ff8" testId="df1d38e9-4604-acb5-a80e-7be7bf8c947c" testName="Microsoft.AspNetCore.Components.Test.RendererTest.CanAddAndRenderNewRootComponentsWhileNotQuiescent" computerName="pkrvmbietmlfzoi" duration="00:00:00.2545923" startTime="2025-07-02T22:04:18.0172668+00:00" endTime="2025-07-02T22:04:18.1877661+00:00" testType="13cdc9d9-ddb5-4fa4-a97d-d965ccfc6d4b" outcome="Passed" testListId="8c84fa94-04c1-424b-9868-57a2d4851a1d" relativeResultsDirectory="c0c02551-2dee-44e0-8407-db7f02dd3ff8" />
    <UnitTestResult executionId="d0f347bd-1950-4522-90c1-ef021b693f2b" testId="93aff1d6-6c12-f6a4-01a8-c74bab96ef88" testName="Microsoft.AspNetCore.Components.ComponentsMetricsTest.IsBatchEnabled_ReturnsCorrectState" computerName="pkrvmbietmlfzoi" duration="00:00:00.0003172" startTime="2025-07-02T22:04:17.9465238+00:00" endTime="2025-07-02T22:04:17.9482735+00:00" testType="13cdc9d9-ddb5-4fa4-a97d-d965ccfc6d4b" outcome="Passed" testListId="8c84fa94-04c1-424b-9868-57a2d4851a1d" relativeResultsDirectory="d0f347bd-1950-4522-90c1-ef021b693f2b" />
    <UnitTestResult executionId="47ed232f-59ad-4673-8ba5-0ecece748ae0" testId="889fe951-3001-b0db-fec2-a74857ae13de" testName="Microsoft.AspNetCore.Components.EventCallbackFactoryTest.CreateT_Action_Null" computerName="pkrvmbietmlfzoi" duration="00:00:00.0002126" startTime="2025-07-02T22:04:17.6258716+00:00" endTime="2025-07-02T22:04:17.6260141+00:00" testType="13cdc9d9-ddb5-4fa4-a97d-d965ccfc6d4b" outcome="Passed" testListId="8c84fa94-04c1-424b-9868-57a2d4851a1d" relativeResultsDirectory="47ed232f-59ad-4673-8ba5-0ecece748ae0" />
    <UnitTestResult executionId="344f6f01-2106-4e67-9406-82fc9bde03a6" testId="8404fed0-a171-4088-f3ff-794d8813a57b" testName="Microsoft.AspNetCore.Components.Rendering.RenderTreeBuilderTest.AddAttribute_Element_EventCallbackOfT_AddsFrame" computerName="pkrvmbietmlfzoi" duration="00:00:00.0005706" startTime="2025-07-02T22:04:17.8646155+00:00" endTime="2025-07-02T22:04:17.8647184+00:00" testType="13cdc9d9-ddb5-4fa4-a97d-d965ccfc6d4b" outcome="Passed" testListId="8c84fa94-04c1-424b-9868-57a2d4851a1d" relativeResultsDirectory="344f6f01-2106-4e67-9406-82fc9bde03a6" />
    <UnitTestResult executionId="d525a002-e2c9-4bac-82c1-ddbaf9bdf02d" testId="7616343e-c8e4-8480-cc79-56d6843e930e" testName="Microsoft.AspNetCore.Components.NavigationManagerTest.ComputesCorrectValidBaseRelativePaths(baseUri: &quot;scheme://host/path/&quot;, uri: &quot;scheme://host/path/more&quot;, expectedResult: &quot;more&quot;)" computerName="pkrvmbietmlfzoi" duration="00:00:00.0008129" startTime="2025-07-02T22:04:17.4923449+00:00" endTime="2025-07-02T22:04:17.4924648+00:00" testType="13cdc9d9-ddb5-4fa4-a97d-d965ccfc6d4b" outcome="Passed" testListId="8c84fa94-04c1-424b-9868-57a2d4851a1d" relativeResultsDirectory="d525a002-e2c9-4bac-82c1-ddbaf9bdf02d" />
    <UnitTestResult executionId="0ff1bf20-72cb-46e5-afa3-dff3b37112e2" testId="f34f0f7d-03ec-64be-efba-40af2e4c3f10" testName="Microsoft.AspNetCore.Components.Routing.RouteTableFactoryTests.DoesNotThrowForNonAmbiguousRoutes(first: &quot;{param}/{optional?}&quot;, second: &quot;{param}&quot;)" computerName="pkrvmbietmlfzoi" duration="00:00:00.0002708" startTime="2025-07-02T22:04:17.5664341+00:00" endTime="2025-07-02T22:04:17.5665453+00:00" testType="13cdc9d9-ddb5-4fa4-a97d-d965ccfc6d4b" outcome="Passed" testListId="8c84fa94-04c1-424b-9868-57a2d4851a1d" relativeResultsDirectory="0ff1bf20-72cb-46e5-afa3-dff3b37112e2" />
    <UnitTestResult executionId="14747462-25dd-4454-997c-8a851799e7fa" testId="9e53424c-7b82-7974-6d12-ebccbeb830ee" testName="Microsoft.AspNetCore.Components.NavigationManagerTest.ComputesCorrectValidBaseRelativePaths(baseUri: &quot;scheme://host/path/&quot;, uri: &quot;scheme://host/path/more#hash&quot;, expectedResult: &quot;more#hash&quot;)" computerName="pkrvmbietmlfzoi" duration="00:00:00.0003009" startTime="2025-07-02T22:04:17.4945787+00:00" endTime="2025-07-02T22:04:17.4946877+00:00" testType="13cdc9d9-ddb5-4fa4-a97d-d965ccfc6d4b" outcome="Passed" testListId="8c84fa94-04c1-424b-9868-57a2d4851a1d" relativeResultsDirectory="14747462-25dd-4454-997c-8a851799e7fa" />
    <UnitTestResult executionId="eb38d6cb-380b-4825-be94-c9e5248f7531" testId="f5ee6b16-d267-6647-62b4-d9aca7c20b91" testName="Microsoft.AspNetCore.Components.Rendering.RendererSynchronizationContextTest.Post_RunsAsynchronously_WhenNotBusy_Exception" computerName="pkrvmbietmlfzoi" duration="00:00:00.0007187" startTime="2025-07-02T22:04:17.9877122+00:00" endTime="2025-07-02T22:04:17.9891637+00:00" testType="13cdc9d9-ddb5-4fa4-a97d-d965ccfc6d4b" outcome="Passed" testListId="8c84fa94-04c1-424b-9868-57a2d4851a1d" relativeResultsDirectory="eb38d6cb-380b-4825-be94-c9e5248f7531" />
    <UnitTestResult executionId="98dfeef7-8be1-4c40-96fa-ff9d6e02fb8e" testId="f3b64202-f4c6-04cb-5f74-c90582389df6" testName="Microsoft.AspNetCore.Components.Test.RendererTest.EventDispatching_EventCallbackOfT_MethodToDelegateConversion" computerName="pkrvmbietmlfzoi" duration="00:00:00.0014744" startTime="2025-07-02T22:04:18.2138166+00:00" endTime="2025-07-02T22:04:18.2153852+00:00" testType="13cdc9d9-ddb5-4fa4-a97d-d965ccfc6d4b" outcome="Passed" testListId="8c84fa94-04c1-424b-9868-57a2d4851a1d" relativeResultsDirectory="98dfeef7-8be1-4c40-96fa-ff9d6e02fb8e" />
    <UnitTestResult executionId="47f96ec3-0f64-4ce9-afa1-235c5c269ab8" testId="d87c4b0f-ddc1-c20d-88d0-00503a7a2d64" testName="Microsoft.AspNetCore.Components.Test.RendererTest.CanUseCustomComponentActivatorFromConstructorParameter" computerName="pkrvmbietmlfzoi" duration="00:00:00.0004215" startTime="2025-07-02T22:04:19.2985499+00:00" endTime="2025-07-02T22:04:19.2989111+00:00" testType="13cdc9d9-ddb5-4fa4-a97d-d965ccfc6d4b" outcome="Passed" testListId="8c84fa94-04c1-424b-9868-57a2d4851a1d" relativeResultsDirectory="47f96ec3-0f64-4ce9-afa1-235c5c269ab8" />
    <UnitTestResult executionId="4e83cfdf-a97a-424c-91cc-bb040e4ab2e7" testId="854f00f2-309c-74d6-c1a4-72f0ffde0b08" testName="Microsoft.AspNetCore.Components.CascadingParameterStateTest.FindCascadingParameters_MultipleMatchingAncestors_ReturnsClosestMatches" computerName="pkrvmbietmlfzoi" duration="00:00:00.0073176" startTime="2025-07-02T22:04:17.4871734+00:00" endTime="2025-07-02T22:04:17.4906921+00:00" testType="13cdc9d9-ddb5-4fa4-a97d-d965ccfc6d4b" outcome="Passed" testListId="8c84fa94-04c1-424b-9868-57a2d4851a1d" relativeResultsDirectory="4e83cfdf-a97a-424c-91cc-bb040e4ab2e7" />
    <UnitTestResult executionId="ad7c5ad8-1325-425e-8728-7d219173c9b1" testId="0e1c07e6-369a-2f69-1299-cf762b3a0f30" testName="Microsoft.AspNetCore.Components.ParameterViewTest.FromDictionary_RoundTrips" computerName="pkrvmbietmlfzoi" duration="00:00:00.0031673" startTime="2025-07-02T22:04:17.5011054+00:00" endTime="2025-07-02T22:04:17.5012041+00:00" testType="13cdc9d9-ddb5-4fa4-a97d-d965ccfc6d4b" outcome="Passed" testListId="8c84fa94-04c1-424b-9868-57a2d4851a1d" relativeResultsDirectory="ad7c5ad8-1325-425e-8728-7d219173c9b1" />
    <UnitTestResult executionId="506fec35-257f-4d69-a231-0422bd4bb814" testId="ec9b5717-964c-9e15-12e9-b7cb71771aac" testName="Microsoft.AspNetCore.Components.NavigationManagerTest.Initialize_ThrowsForInvalidBaseRelativePaths(baseUri: &quot;scheme://host/&quot;, absoluteUri: &quot;scheme://otherhost/&quot;)" computerName="pkrvmbietmlfzoi" duration="00:00:00.0005668" startTime="2025-07-02T22:04:17.4735245+00:00" endTime="2025-07-02T22:04:17.4736274+00:00" testType="13cdc9d9-ddb5-4fa4-a97d-d965ccfc6d4b" outcome="Passed" testListId="8c84fa94-04c1-424b-9868-57a2d4851a1d" relativeResultsDirectory="506fec35-257f-4d69-a231-0422bd4bb814" />
    <UnitTestResult executionId="4f230517-bbc3-4417-b06d-fd104d180d35" testId="1906a1be-3bab-eb07-1600-dbe6840a96ec" testName="Microsoft.AspNetCore.Components.Routing.QueryParameterValueSupplierTest.RejectsUnparseableValues(key: &quot;DoubleVal&quot;, value: &quot;1x&quot;, targetType: typeof(double))" computerName="pkrvmbietmlfzoi" duration="00:00:00.0003007" startTime="2025-07-02T22:04:17.7133172+00:00" endTime="2025-07-02T22:04:17.7136626+00:00" testType="13cdc9d9-ddb5-4fa4-a97d-d965ccfc6d4b" outcome="Passed" testListId="8c84fa94-04c1-424b-9868-57a2d4851a1d" relativeResultsDirectory="4f230517-bbc3-4417-b06d-fd104d180d35" />
    <UnitTestResult executionId="345a61b7-428f-40df-ba2a-7269e175b0ab" testId="374fc6a1-5637-e8a3-5147-97e7fdba7d9c" testName="Microsoft.AspNetCore.Components.Routing.RouteTableFactoryTests.CanMatchParameterTemplate(path: &quot;/d%C3%A9j%C3%A0%20vu&quot;, expectedValue: &quot;déjà vu&quot;)" computerName="pkrvmbietmlfzoi" duration="00:00:00.0003647" startTime="2025-07-02T22:04:17.8159464+00:00" endTime="2025-07-02T22:04:17.8164588+00:00" testType="13cdc9d9-ddb5-4fa4-a97d-d965ccfc6d4b" outcome="Passed" testListId="8c84fa94-04c1-424b-9868-57a2d4851a1d" relativeResultsDirectory="345a61b7-428f-40df-ba2a-7269e175b0ab" />
    <UnitTestResult executionId="b23de3cc-a28a-4ac3-a4b6-15fe5a15f218" testId="c8868afd-ebd7-bf80-1ef4-1fcdd001e59c" testName="Microsoft.AspNetCore.Components.Rendering.RenderTreeBuilderTest.ComponentHasNoFlagsByDefault" computerName="pkrvmbietmlfzoi" duration="00:00:00.0128186" startTime="2025-07-02T22:04:17.7992283+00:00" endTime="2025-07-02T22:04:17.8106163+00:00" testType="13cdc9d9-ddb5-4fa4-a97d-d965ccfc6d4b" outcome="Passed" testListId="8c84fa94-04c1-424b-9868-57a2d4851a1d" relativeResultsDirectory="b23de3cc-a28a-4ac3-a4b6-15fe5a15f218" />
    <UnitTestResult executionId="dd27c449-6c19-4026-b854-50ac43b0fd72" testId="5f15552d-6595-dcf5-ef51-efe930a16e57" testName="Microsoft.AspNetCore.Components.EventCallbackFactoryBinderExtensionsTest.CreateBinder_BindsEmpty_CallsSetterForNullable" computerName="pkrvmbietmlfzoi" duration="00:00:00.0029193" startTime="2025-07-02T22:04:17.9263239+00:00" endTime="2025-07-02T22:04:17.9293215+00:00" testType="13cdc9d9-ddb5-4fa4-a97d-d965ccfc6d4b" outcome="Passed" testListId="8c84fa94-04c1-424b-9868-57a2d4851a1d" relativeResultsDirectory="dd27c449-6c19-4026-b854-50ac43b0fd72" />
    <UnitTestResult executionId="ef9bbd9a-0032-4424-b408-bffee2fc074b" testId="1c9be97d-a705-15da-10a8-aa99be611b5c" testName="Microsoft.AspNetCore.Components.Test.RendererTest.DispatchEventHandlesSynchronousExceptionsFromEventHandlers" computerName="pkrvmbietmlfzoi" duration="00:00:00.0007612" startTime="2025-07-02T22:04:18.2122803+00:00" endTime="2025-07-02T22:04:18.2124176+00:00" testType="13cdc9d9-ddb5-4fa4-a97d-d965ccfc6d4b" outcome="Passed" testListId="8c84fa94-04c1-424b-9868-57a2d4851a1d" relativeResultsDirectory="ef9bbd9a-0032-4424-b408-bffee2fc074b" />
    <UnitTestResult executionId="6dff5d04-2737-4fae-af9d-a3694e446c1b" testId="25b8c987-17f0-8136-c477-a0befcd62e7f" testName="Microsoft.AspNetCore.Components.EventCallbackFactoryTest.Create_EventCallback_ReturnsInput" computerName="pkrvmbietmlfzoi" duration="00:00:00.0003348" startTime="2025-07-02T22:04:17.6169442+00:00" endTime="2025-07-02T22:04:17.6170522+00:00" testType="13cdc9d9-ddb5-4fa4-a97d-d965ccfc6d4b" outcome="Passed" testListId="8c84fa94-04c1-424b-9868-57a2d4851a1d" relativeResultsDirectory="6dff5d04-2737-4fae-af9d-a3694e446c1b" />
    <UnitTestResult executionId="31e1ef97-6d02-4d40-8a0f-40655926b0a3" testId="10577af9-d16e-7de8-939c-90397d523205" testName="Microsoft.AspNetCore.Components.Rendering.RenderTreeBuilderTest.CannotAddElementReferenceCaptureWithNoParent" computerName="pkrvmbietmlfzoi" duration="00:00:00.0004015" startTime="2025-07-02T22:04:17.9322145+00:00" endTime="2025-07-02T22:04:17.9323161+00:00" testType="13cdc9d9-ddb5-4fa4-a97d-d965ccfc6d4b" outcome="Passed" testListId="8c84fa94-04c1-424b-9868-57a2d4851a1d" relativeResultsDirectory="31e1ef97-6d02-4d40-8a0f-40655926b0a3" />
    <UnitTestResult executionId="1667be62-be28-4ea2-8a9b-103aa70b3e91" testId="54d6a947-90e9-ab76-47fb-328272737220" testName="Microsoft.AspNetCore.Components.EventCallbackFactoryBinderExtensionsTest.CreateBinder_NullableLong" computerName="pkrvmbietmlfzoi" duration="00:00:00.0078510" startTime="2025-07-02T22:04:17.8262990+00:00" endTime="2025-07-02T22:04:17.8476586+00:00" testType="13cdc9d9-ddb5-4fa4-a97d-d965ccfc6d4b" outcome="Passed" testListId="8c84fa94-04c1-424b-9868-57a2d4851a1d" relativeResultsDirectory="1667be62-be28-4ea2-8a9b-103aa70b3e91" />
    <UnitTestResult executionId="2f7cb27a-47fc-46cf-a905-500e35461cdd" testId="3db6146b-8753-2f6f-7e63-f3f5ffe3108c" testName="Microsoft.AspNetCore.Components.PersistentState.PersistentServicesRegistryTest.ResolveRegistrations_RemovesDuplicateRegistrations" computerName="pkrvmbietmlfzoi" duration="00:00:00.0031244" startTime="2025-07-02T22:04:17.3969418+00:00" endTime="2025-07-02T22:04:17.3992265+00:00" testType="13cdc9d9-ddb5-4fa4-a97d-d965ccfc6d4b" outcome="Passed" testListId="8c84fa94-04c1-424b-9868-57a2d4851a1d" relativeResultsDirectory="2f7cb27a-47fc-46cf-a905-500e35461cdd" />
    <UnitTestResult executionId="c22f57fe-fd65-45d9-944c-34f759ac87e6" testId="6fc22d5b-0137-2783-ba4a-fc20626fe068" testName="Microsoft.AspNetCore.Components.ComponentStatePersistenceManagerTest.PersistStateAsync_ContinuesInvokingPauseCallbacksDuringPersistIfACallbackThrowsAsynchonously" computerName="pkrvmbietmlfzoi" duration="00:00:00.0164004" startTime="2025-07-02T22:04:17.9681600+00:00" endTime="2025-07-02T22:04:17.9774836+00:00" testType="13cdc9d9-ddb5-4fa4-a97d-d965ccfc6d4b" outcome="Passed" testListId="8c84fa94-04c1-424b-9868-57a2d4851a1d" relativeResultsDirectory="c22f57fe-fd65-45d9-944c-34f759ac87e6" />
    <UnitTestResult executionId="e618f310-1b20-4966-a5b1-fc8ac4cf26c1" testId="af511287-7726-fcbe-aa8b-a5ad524834fb" testName="Microsoft.AspNetCore.Components.Test.RenderTreeDiffBuilderTest.RecognizesAttributeNamesChangedAtSameSourceSequence" computerName="pkrvmbietmlfzoi" duration="00:00:00.0006990" startTime="2025-07-02T22:04:17.9799501+00:00" endTime="2025-07-02T22:04:17.9802030+00:00" testType="13cdc9d9-ddb5-4fa4-a97d-d965ccfc6d4b" outcome="Passed" testListId="8c84fa94-04c1-424b-9868-57a2d4851a1d" relativeResultsDirectory="e618f310-1b20-4966-a5b1-fc8ac4cf26c1" />
    <UnitTestResult executionId="8354bf8e-955c-4031-a3c8-8ac6af1a7103" testId="3be084ba-0445-e309-8f95-d60904a4ed45" testName="Microsoft.AspNetCore.Components.Test.RenderTreeDiffBuilderTest.AttributeDiff_WithSequentialSequenceNumber_AttributeRemovedInMiddle" computerName="pkrvmbietmlfzoi" duration="00:00:00.0004629" startTime="2025-07-02T22:04:17.9957379+00:00" endTime="2025-07-02T22:04:17.9958130+00:00" testType="13cdc9d9-ddb5-4fa4-a97d-d965ccfc6d4b" outcome="Passed" testListId="8c84fa94-04c1-424b-9868-57a2d4851a1d" relativeResultsDirectory="8354bf8e-955c-4031-a3c8-8ac6af1a7103" />
    <UnitTestResult executionId="a5d0d471-5b59-4162-907f-1edfa3f66413" testId="b35c0fe3-5d73-47a3-154c-132bd9ec249f" testName="Microsoft.AspNetCore.Components.Routing.RouteTableFactoryTests.PrefersMoreConstraintsOverFewer" computerName="pkrvmbietmlfzoi" duration="00:00:00.0007371" startTime="2025-07-02T22:04:17.8095700+00:00" endTime="2025-07-02T22:04:17.8099098+00:00" testType="13cdc9d9-ddb5-4fa4-a97d-d965ccfc6d4b" outcome="Passed" testListId="8c84fa94-04c1-424b-9868-57a2d4851a1d" relativeResultsDirectory="a5d0d471-5b59-4162-907f-1edfa3f66413" />
    <UnitTestResult executionId="2cde9a55-4059-4b33-a5cb-fa01ecf5c371" testId="4bef2d58-0bc1-6e55-6c25-8aef1ed7e352" testName="Microsoft.AspNetCore.Components.Rendering.RendererSynchronizationContextTest.InvokeAsync_FuncTask_CanRethrowExceptions" computerName="pkrvmbietmlfzoi" duration="00:00:00.0012367" startTime="2025-07-02T22:04:17.9826208+00:00" endTime="2025-07-02T22:04:17.9831827+00:00" testType="13cdc9d9-ddb5-4fa4-a97d-d965ccfc6d4b" outcome="Passed" testListId="8c84fa94-04c1-424b-9868-57a2d4851a1d" relativeResultsDirectory="2cde9a55-4059-4b33-a5cb-fa01ecf5c371" />
    <UnitTestResult executionId="417c0133-6736-4fd8-9da1-2995b9e6ab4e" testId="3f4ab3c6-c31b-06ef-404d-209e89ccfff8" testName="Microsoft.AspNetCore.Components.RenderTree.ArrayBuilderTest.Clear_ReturnsBuffer" computerName="pkrvmbietmlfzoi" duration="00:00:00.0003735" startTime="2025-07-02T22:04:17.3732039+00:00" endTime="2025-07-02T22:04:17.3734155+00:00" testType="13cdc9d9-ddb5-4fa4-a97d-d965ccfc6d4b" outcome="Passed" testListId="8c84fa94-04c1-424b-9868-57a2d4851a1d" relativeResultsDirectory="417c0133-6736-4fd8-9da1-2995b9e6ab4e" />
    <UnitTestResult executionId="093b25c1-2b4a-4ec6-af99-59f2fe2a6f27" testId="01bd5546-fb96-53ce-a3d3-3ee337c925f8" testName="Microsoft.AspNetCore.Components.EventCallbackTest.EventCallbackOfT_FuncTask_IgnoresArg" computerName="pkrvmbietmlfzoi" duration="00:00:00.0007899" startTime="2025-07-02T22:04:17.9137053+00:00" endTime="2025-07-02T22:04:17.9144303+00:00" testType="13cdc9d9-ddb5-4fa4-a97d-d965ccfc6d4b" outcome="Passed" testListId="8c84fa94-04c1-424b-9868-57a2d4851a1d" relativeResultsDirectory="093b25c1-2b4a-4ec6-af99-59f2fe2a6f27" />
    <UnitTestResult executionId="44da13f4-6fdd-4611-aa49-93a0b8d7f46a" testId="c70b4fb2-8ef3-65ba-069e-288c3fbbf72d" testName="Microsoft.AspNetCore.Components.Test.LayoutViewTest.CanChangeContentWithSameLayout" computerName="pkrvmbietmlfzoi" duration="00:00:00.0021365" startTime="2025-07-02T22:04:17.9207737+00:00" endTime="2025-07-02T22:04:17.9218589+00:00" testType="13cdc9d9-ddb5-4fa4-a97d-d965ccfc6d4b" outcome="Passed" testListId="8c84fa94-04c1-424b-9868-57a2d4851a1d" relativeResultsDirectory="44da13f4-6fdd-4611-aa49-93a0b8d7f46a" />
    <UnitTestResult executionId="bba78db6-8351-428d-a1c7-a0087ba5e354" testId="e54af17f-d257-2ba5-75be-655bc07b8cf2" testName="Microsoft.AspNetCore.Components.Rendering.RendererSynchronizationContextTest.Post_CanRunAsynchronously_WhenBusy_Exception" computerName="pkrvmbietmlfzoi" duration="00:00:00.0442465" startTime="2025-07-02T22:04:17.2692816+00:00" endTime="2025-07-02T22:04:17.3930760+00:00" testType="13cdc9d9-ddb5-4fa4-a97d-d965ccfc6d4b" outcome="Passed" testListId="8c84fa94-04c1-424b-9868-57a2d4851a1d" relativeResultsDirectory="bba78db6-8351-428d-a1c7-a0087ba5e354" />
    <UnitTestResult executionId="c148ddb4-aaa3-4c2c-851f-82443987ae7e" testId="df8c9b95-a255-3a68-4e47-6b2613e469f6" testName="Microsoft.AspNetCore.Components.Test.RendererTest.CannotRemoveSameRootComponentMultipleTimesSynchronously" computerName="pkrvmbietmlfzoi" duration="00:00:00.0008196" startTime="2025-07-02T22:04:19.2847008+00:00" endTime="2025-07-02T22:04:19.2854923+00:00" testType="13cdc9d9-ddb5-4fa4-a97d-d965ccfc6d4b" outcome="Passed" testListId="8c84fa94-04c1-424b-9868-57a2d4851a1d" relativeResultsDirectory="c148ddb4-aaa3-4c2c-851f-82443987ae7e" />
    <UnitTestResult executionId="0a164040-2d36-4c51-a03c-dce424142745" testId="52028100-daec-53fd-7697-fb89481a0b86" testName="Microsoft.AspNetCore.Components.Test.RendererTest.DisposingRenderer_CapturesSyncExceptionsFromAllRegisteredAsyncDisposableComponents" computerName="pkrvmbietmlfzoi" duration="00:00:00.0016719" startTime="2025-07-02T22:04:17.9947782+00:00" endTime="2025-07-02T22:04:17.9953729+00:00" testType="13cdc9d9-ddb5-4fa4-a97d-d965ccfc6d4b" outcome="Passed" testListId="8c84fa94-04c1-424b-9868-57a2d4851a1d" relativeResultsDirectory="0a164040-2d36-4c51-a03c-dce424142745" />
    <UnitTestResult executionId="2a7b9c1b-f890-4fc2-93b9-cab3084c032c" testId="eb93954a-ccc3-8abb-c6fc-2786206276ad" testName="Microsoft.AspNetCore.Components.NavigationManagerTest.GetUriWithQueryParameter_RemovesWhenParameterValueIsNull(baseUri: &quot;scheme://host/?full%20name=&amp;age=42&quot;, expectedUri: &quot;scheme://host/?age=42&quot;)" computerName="pkrvmbietmlfzoi" duration="00:00:00.0004163" startTime="2025-07-02T22:04:17.4383809+00:00" endTime="2025-07-02T22:04:17.4386327+00:00" testType="13cdc9d9-ddb5-4fa4-a97d-d965ccfc6d4b" outcome="Passed" testListId="8c84fa94-04c1-424b-9868-57a2d4851a1d" relativeResultsDirectory="2a7b9c1b-f890-4fc2-93b9-cab3084c032c" />
    <UnitTestResult executionId="a0f7706f-7a27-4cbf-b6e9-db534f7362aa" testId="f87737b6-0ea4-d085-5eac-870e8d1cf8f4" testName="Microsoft.AspNetCore.Components.Routing.QueryParameterValueSupplierTest.RejectsBlankValuesWhenNotNullable(key: &quot;DecimalVal&quot;, targetType: typeof(decimal))" computerName="pkrvmbietmlfzoi" duration="00:00:00.0000678" startTime="2025-07-02T22:04:17.7756449+00:00" endTime="2025-07-02T22:04:17.7767742+00:00" testType="13cdc9d9-ddb5-4fa4-a97d-d965ccfc6d4b" outcome="Passed" testListId="8c84fa94-04c1-424b-9868-57a2d4851a1d" relativeResultsDirectory="a0f7706f-7a27-4cbf-b6e9-db534f7362aa" />
    <UnitTestResult executionId="a2ae7d8d-16d2-444b-8c89-e7829cc17d65" testId="0bf22924-5791-18ec-46eb-e9c337cff9c1" testName="Microsoft.AspNetCore.Components.Test.RendererTest.CanRenderAsyncComponentsWithMultipleAsyncChildren" computerName="pkrvmbietmlfzoi" duration="00:00:00.0198412" startTime="2025-07-02T22:04:18.0144109+00:00" endTime="2025-07-02T22:04:18.0144616+00:00" testType="13cdc9d9-ddb5-4fa4-a97d-d965ccfc6d4b" outcome="Passed" testListId="8c84fa94-04c1-424b-9868-57a2d4851a1d" relativeResultsDirectory="a2ae7d8d-16d2-444b-8c89-e7829cc17d65" />
    <UnitTestResult executionId="d5edf064-3540-4874-bd04-6bba38114a31" testId="8d1ec54f-6f2e-8913-a64b-6938483c7bdf" testName="Microsoft.AspNetCore.Components.Routing.QueryParameterValueSupplierTest.RejectsUnparseableArrayEntries(key: &quot;DateTimeVals&quot;, validValue: &quot;2020-02-28&quot;, invalidValue: &quot;2020-02-31&quot;, targetType: typeof(System.DateTime))" computerName="pkrvmbietmlfzoi" duration="00:00:00.0006146" startTime="2025-07-02T22:04:17.7588789+00:00" endTime="2025-07-02T22:04:17.7589697+00:00" testType="13cdc9d9-ddb5-4fa4-a97d-d965ccfc6d4b" outcome="Passed" testListId="8c84fa94-04c1-424b-9868-57a2d4851a1d" relativeResultsDirectory="d5edf064-3540-4874-bd04-6bba38114a31" />
    <UnitTestResult executionId="08afe812-b66f-412c-ab07-ba9b339669da" testId="98750012-9d32-ec78-a59a-9de3af0fb5ba" testName="Microsoft.AspNetCore.Components.EventCallbackFactoryTest.Create_FuncTask_AlreadyBoundToReceiver" computerName="pkrvmbietmlfzoi" duration="00:00:00.0021407" startTime="2025-07-02T22:04:17.6249092+00:00" endTime="2025-07-02T22:04:17.6250132+00:00" testType="13cdc9d9-ddb5-4fa4-a97d-d965ccfc6d4b" outcome="Passed" testListId="8c84fa94-04c1-424b-9868-57a2d4851a1d" relativeResultsDirectory="08afe812-b66f-412c-ab07-ba9b339669da" />
    <UnitTestResult executionId="2d37e520-15cf-4758-9ea5-d8c58aa311c3" testId="a32372ed-d0a8-5aa1-7910-a3a506cdc47e" testName="Microsoft.AspNetCore.Components.Routing.RouteTableFactoryTests.ThrowsWhenCatchAllIsNotTheLastSegment(template: &quot;prefix/{*catchall}/literal&quot;)" computerName="pkrvmbietmlfzoi" duration="00:00:00.0005500" startTime="2025-07-02T22:04:17.7028786+00:00" endTime="2025-07-02T22:04:17.7036427+00:00" testType="13cdc9d9-ddb5-4fa4-a97d-d965ccfc6d4b" outcome="Passed" testListId="8c84fa94-04c1-424b-9868-57a2d4851a1d" relativeResultsDirectory="2d37e520-15cf-4758-9ea5-d8c58aa311c3" />
    <UnitTestResult executionId="d9ae9990-ce5c-433b-b708-8f0336dce2ae" testId="e6b88262-b433-6d9d-2054-00efe550437a" testName="Microsoft.AspNetCore.Components.ComponentApplicationStateTest.PersistState_ThrowsForDuplicateKeys" computerName="pkrvmbietmlfzoi" duration="00:00:00.0022187" startTime="2025-07-02T22:04:17.6032120+00:00" endTime="2025-07-02T22:04:17.6036409+00:00" testType="13cdc9d9-ddb5-4fa4-a97d-d965ccfc6d4b" outcome="Passed" testListId="8c84fa94-04c1-424b-9868-57a2d4851a1d" relativeResultsDirectory="d9ae9990-ce5c-433b-b708-8f0336dce2ae" />
    <UnitTestResult executionId="1fbf0a6b-15e1-443f-8efc-bcfb5afa9a7a" testId="a342ad7c-db31-f021-0e50-50a2a5a072bd" testName="Microsoft.AspNetCore.Components.Routing.RouteTableFactoryTests.CanDiscoverRoute" computerName="pkrvmbietmlfzoi" duration="00:00:00.0012116" startTime="2025-07-02T22:04:17.8396251+00:00" endTime="2025-07-02T22:04:17.8436165+00:00" testType="13cdc9d9-ddb5-4fa4-a97d-d965ccfc6d4b" outcome="Passed" testListId="8c84fa94-04c1-424b-9868-57a2d4851a1d" relativeResultsDirectory="1fbf0a6b-15e1-443f-8efc-bcfb5afa9a7a" />
    <UnitTestResult executionId="912ff9ed-f902-48ea-8370-6acb4a185dbe" testId="c97782fa-97da-7fc4-0401-e5add9386ec0" testName="Microsoft.AspNetCore.Components.Routing.QueryParameterValueSupplierTest.RejectsBlankArrayEntriesWhenNotNullable(key: &quot;DoubleVals&quot;, targetType: typeof(double))" computerName="pkrvmbietmlfzoi" duration="00:00:00.0000374" startTime="2025-07-02T22:04:17.7269987+00:00" endTime="2025-07-02T22:04:17.7271067+00:00" testType="13cdc9d9-ddb5-4fa4-a97d-d965ccfc6d4b" outcome="Passed" testListId="8c84fa94-04c1-424b-9868-57a2d4851a1d" relativeResultsDirectory="912ff9ed-f902-48ea-8370-6acb4a185dbe" />
    <UnitTestResult executionId="14b499e6-7c79-4411-8e22-cc6af539c6ec" testId="c994bb6f-14a8-65df-f119-9ace1596043b" testName="Microsoft.AspNetCore.Components.ComponentsMetricsTest.CaptureParametersDuration_RecordsSuccessMetric" computerName="pkrvmbietmlfzoi" duration="00:00:00.0267026" startTime="2025-07-02T22:04:17.8816191+00:00" endTime="2025-07-02T22:04:17.9208692+00:00" testType="13cdc9d9-ddb5-4fa4-a97d-d965ccfc6d4b" outcome="Passed" testListId="8c84fa94-04c1-424b-9868-57a2d4851a1d" relativeResultsDirectory="14b499e6-7c79-4411-8e22-cc6af539c6ec" />
    <UnitTestResult executionId="5137e46d-74a6-40b6-a58f-8fdeb5dc57da" testId="bac2a662-b37f-7424-7659-7c53d1780970" testName="Microsoft.AspNetCore.Components.Rendering.RenderTreeBuilderTest.CanAddMultipleAttributes_IReadOnlyDictionaryObject" computerName="pkrvmbietmlfzoi" duration="00:00:00.0002267" startTime="2025-07-02T22:04:17.7383384+00:00" endTime="2025-07-02T22:04:17.7384774+00:00" testType="13cdc9d9-ddb5-4fa4-a97d-d965ccfc6d4b" outcome="Passed" testListId="8c84fa94-04c1-424b-9868-57a2d4851a1d" relativeResultsDirectory="5137e46d-74a6-40b6-a58f-8fdeb5dc57da" />
    <UnitTestResult executionId="15937902-3757-43d4-aaf1-5c60242e54f3" testId="34939270-3f3b-163c-6f65-dbb13bcbaa0e" testName="Microsoft.AspNetCore.Components.PersistentStateValueProviderTests.PersistAsync_CanPersistMultipleComponentsOfSameType_WhenParentProvidesDifferentKeys" computerName="pkrvmbietmlfzoi" duration="00:00:00.0226394" startTime="2025-07-02T22:04:17.3710139+00:00" endTime="2025-07-02T22:04:17.3927010+00:00" testType="13cdc9d9-ddb5-4fa4-a97d-d965ccfc6d4b" outcome="Passed" testListId="8c84fa94-04c1-424b-9868-57a2d4851a1d" relativeResultsDirectory="15937902-3757-43d4-aaf1-5c60242e54f3" />
    <UnitTestResult executionId="c993be26-9573-4dc8-a820-1e6892a91ada" testId="4a38998d-a3b2-0927-4ef3-f88ed0f19696" testName="Microsoft.AspNetCore.Components.Test.RendererTest.DispatchEventAsync_EventCallback_SynchronousCompletion" computerName="pkrvmbietmlfzoi" duration="00:00:00.0009419" startTime="2025-07-02T22:04:18.0064303+00:00" endTime="2025-07-02T22:04:18.0067607+00:00" testType="13cdc9d9-ddb5-4fa4-a97d-d965ccfc6d4b" outcome="Passed" testListId="8c84fa94-04c1-424b-9868-57a2d4851a1d" relativeResultsDirectory="c993be26-9573-4dc8-a820-1e6892a91ada" />
    <UnitTestResult executionId="ce77ea6f-8f6f-43a8-96bc-271dd0f4f17e" testId="1e6887f7-d6e0-ff10-8138-aae4dcb4b007" testName="Microsoft.AspNetCore.Components.Rendering.RenderTreeBuilderTest.CannotAddElementReferenceCaptureInsideComponent" computerName="pkrvmbietmlfzoi" duration="00:00:00.0004009" startTime="2025-07-02T22:04:17.8981833+00:00" endTime="2025-07-02T22:04:17.9002476+00:00" testType="13cdc9d9-ddb5-4fa4-a97d-d965ccfc6d4b" outcome="Passed" testListId="8c84fa94-04c1-424b-9868-57a2d4851a1d" relativeResultsDirectory="ce77ea6f-8f6f-43a8-96bc-271dd0f4f17e" />
    <UnitTestResult executionId="aedc91be-71e5-4e24-b60e-105acac128d2" testId="5f92ffc8-636b-989a-07e0-7d959ce6724e" testName="Microsoft.AspNetCore.Components.ComponentsActivitySourceTest.Constructor_CreatesActivitySourceCorrectly" computerName="pkrvmbietmlfzoi" duration="00:00:00.0001349" startTime="2025-07-02T22:04:17.8348417+00:00" endTime="2025-07-02T22:04:17.8349400+00:00" testType="13cdc9d9-ddb5-4fa4-a97d-d965ccfc6d4b" outcome="Passed" testListId="8c84fa94-04c1-424b-9868-57a2d4851a1d" relativeResultsDirectory="aedc91be-71e5-4e24-b60e-105acac128d2" />
    <UnitTestResult executionId="4e396f76-8bfc-4882-9664-b68a4901e0bc" testId="fecbf52a-f700-5648-1517-62af9643fe06" testName="Microsoft.AspNetCore.Components.Test.RendererTest.CanReRenderRootComponentsWithNewParameters" computerName="pkrvmbietmlfzoi" duration="00:00:00.0007350" startTime="2025-07-02T22:04:18.2580925+00:00" endTime="2025-07-02T22:04:18.2581934+00:00" testType="13cdc9d9-ddb5-4fa4-a97d-d965ccfc6d4b" outcome="Passed" testListId="8c84fa94-04c1-424b-9868-57a2d4851a1d" relativeResultsDirectory="4e396f76-8bfc-4882-9664-b68a4901e0bc" />
    <UnitTestResult executionId="80fdbb55-e795-4336-9ad9-176d6af08aa5" testId="c8588eb8-3e03-7bb0-2d9c-2b8ea6384b10" testName="Microsoft.AspNetCore.Components.Rendering.RenderTreeBuilderTest.CannotAddNamedEventToComponent" computerName="pkrvmbietmlfzoi" duration="00:00:00.0006394" startTime="2025-07-02T22:04:17.9504174+00:00" endTime="2025-07-02T22:04:17.9504690+00:00" testType="13cdc9d9-ddb5-4fa4-a97d-d965ccfc6d4b" outcome="Passed" testListId="8c84fa94-04c1-424b-9868-57a2d4851a1d" relativeResultsDirectory="80fdbb55-e795-4336-9ad9-176d6af08aa5" />
    <UnitTestResult executionId="ed317550-0b15-4bed-9fe0-35abc0d0cfd4" testId="c032bd73-3111-8682-1ebf-f669ade197af" testName="Microsoft.AspNetCore.Components.Test.RendererTest.CannotGetEventArgsTypeForHandlerWithNonEventArgsParameter" computerName="pkrvmbietmlfzoi" duration="00:00:00.0005721" startTime="2025-07-02T22:04:18.2178832+00:00" endTime="2025-07-02T22:04:18.2184750+00:00" testType="13cdc9d9-ddb5-4fa4-a97d-d965ccfc6d4b" outcome="Passed" testListId="8c84fa94-04c1-424b-9868-57a2d4851a1d" relativeResultsDirectory="ed317550-0b15-4bed-9fe0-35abc0d0cfd4" />
    <UnitTestResult executionId="c9e3d250-a9d4-4d0c-9c99-faa8fd7f9bd1" testId="c0a10c5d-987b-cbeb-19c6-612af8b241de" testName="Microsoft.AspNetCore.Components.ParameterViewTest.Clone_ParameterPreservesOrder" computerName="pkrvmbietmlfzoi" duration="00:00:00.0064219" startTime="2025-07-02T22:04:17.4916573+00:00" endTime="2025-07-02T22:04:17.5003848+00:00" testType="13cdc9d9-ddb5-4fa4-a97d-d965ccfc6d4b" outcome="Passed" testListId="8c84fa94-04c1-424b-9868-57a2d4851a1d" relativeResultsDirectory="c9e3d250-a9d4-4d0c-9c99-faa8fd7f9bd1" />
    <UnitTestResult executionId="1cb3ee64-ce08-472e-95b1-40c27d380808" testId="a28f92d3-895c-0fec-1a90-b6c0560435c6" testName="Microsoft.AspNetCore.Components.Rendering.RenderTreeBuilderTest.AddAttribute_Element_EventCallbackWithReceiver_AddsFrame" computerName="pkrvmbietmlfzoi" duration="00:00:00.0007261" startTime="2025-07-02T22:04:17.8912366+00:00" endTime="2025-07-02T22:04:17.8917325+00:00" testType="13cdc9d9-ddb5-4fa4-a97d-d965ccfc6d4b" outcome="Passed" testListId="8c84fa94-04c1-424b-9868-57a2d4851a1d" relativeResultsDirectory="1cb3ee64-ce08-472e-95b1-40c27d380808" />
    <UnitTestResult executionId="6ff9f8be-706b-4323-b301-1c7a782d9dc7" testId="80e10096-6405-0c56-1ed1-8d76341a3748" testName="Microsoft.AspNetCore.Components.RenderTree.ArrayBuilderTest.Append_ThreeItem" computerName="pkrvmbietmlfzoi" duration="00:00:00.0004335" startTime="2025-07-02T22:04:17.3527847+00:00" endTime="2025-07-02T22:04:17.3528916+00:00" testType="13cdc9d9-ddb5-4fa4-a97d-d965ccfc6d4b" outcome="Passed" testListId="8c84fa94-04c1-424b-9868-57a2d4851a1d" relativeResultsDirectory="6ff9f8be-706b-4323-b301-1c7a782d9dc7" />
    <UnitTestResult executionId="13d03bc5-4ff5-4439-b028-f5eb661c5e60" testId="dbff81b8-932a-53eb-0e70-56d8723fbce2" testName="Microsoft.AspNetCore.Components.Rendering.RenderTreeBuilderTest.CanAddMultipleAttributes_ListKvpObject" computerName="pkrvmbietmlfzoi" duration="00:00:00.0011117" startTime="2025-07-02T22:04:17.7270245+00:00" endTime="2025-07-02T22:04:17.7300697+00:00" testType="13cdc9d9-ddb5-4fa4-a97d-d965ccfc6d4b" outcome="Passed" testListId="8c84fa94-04c1-424b-9868-57a2d4851a1d" relativeResultsDirectory="13d03bc5-4ff5-4439-b028-f5eb661c5e60" />
    <UnitTestResult executionId="a69132ba-00c6-45e4-a294-8c6fea47f5ed" testId="0ecc3b00-0c6e-1b62-fced-abc05fd09b65" testName="Microsoft.AspNetCore.Components.Test.RenderTreeDiffBuilderTest.RecognizesTrailingSequenceWithinLoopBlockBeingRemoved" computerName="pkrvmbietmlfzoi" duration="00:00:00.0005261" startTime="2025-07-02T22:04:18.0009595+00:00" endTime="2025-07-02T22:04:18.0010344+00:00" testType="13cdc9d9-ddb5-4fa4-a97d-d965ccfc6d4b" outcome="Passed" testListId="8c84fa94-04c1-424b-9868-57a2d4851a1d" relativeResultsDirectory="a69132ba-00c6-45e4-a294-8c6fea47f5ed" />
    <UnitTestResult executionId="7916eea6-86f6-4bac-bad4-c5e3e1c99da8" testId="23a2ce8c-229c-f736-7e1f-b6a40812b241" testName="Microsoft.AspNetCore.Components.Routing.RouteTableFactoryTests.CanMatchTemplateWithMultipleParameters" computerName="pkrvmbietmlfzoi" duration="00:00:00.0006171" startTime="2025-07-02T22:04:17.8481131+00:00" endTime="2025-07-02T22:04:17.8508788+00:00" testType="13cdc9d9-ddb5-4fa4-a97d-d965ccfc6d4b" outcome="Passed" testListId="8c84fa94-04c1-424b-9868-57a2d4851a1d" relativeResultsDirectory="7916eea6-86f6-4bac-bad4-c5e3e1c99da8" />
    <UnitTestResult executionId="900f41bf-bddd-4b0e-b818-5f82cd14cc41" testId="d39bdf3c-43fa-e887-837f-eeed130461ea" testName="Microsoft.AspNetCore.Components.Test.RendererTest.CanAsyncDispatchTypedEventsToTopLevelComponents" computerName="pkrvmbietmlfzoi" duration="00:00:00.0020657" startTime="2025-07-02T22:04:19.2951361+00:00" endTime="2025-07-02T22:04:19.2976113+00:00" testType="13cdc9d9-ddb5-4fa4-a97d-d965ccfc6d4b" outcome="Passed" testListId="8c84fa94-04c1-424b-9868-57a2d4851a1d" relativeResultsDirectory="900f41bf-bddd-4b0e-b818-5f82cd14cc41" />
    <UnitTestResult executionId="50bd91e7-d8f4-44cd-a0d0-dadbcd40f20e" testId="c39998c7-59d1-3884-496a-ced476601085" testName="Microsoft.AspNetCore.Components.Test.CascadingParameterTest.CanHaveManySubscribers(numSubscribers: 64)" computerName="pkrvmbietmlfzoi" duration="00:00:00.0013559" startTime="2025-07-02T22:04:17.5902401+00:00" endTime="2025-07-02T22:04:17.5935819+00:00" testType="13cdc9d9-ddb5-4fa4-a97d-d965ccfc6d4b" outcome="Passed" testListId="8c84fa94-04c1-424b-9868-57a2d4851a1d" relativeResultsDirectory="50bd91e7-d8f4-44cd-a0d0-dadbcd40f20e" />
    <UnitTestResult executionId="b052e4f8-74ae-490a-b702-3f217317c061" testId="48246a8a-ac8e-a193-1e89-47f3431568b0" testName="Microsoft.AspNetCore.Components.Routing.QueryParameterValueSupplierTest.MatchesKeysWithNonAsciiChars" computerName="pkrvmbietmlfzoi" duration="00:00:00.0002090" startTime="2025-07-02T22:04:17.9036836+00:00" endTime="2025-07-02T22:04:17.9044751+00:00" testType="13cdc9d9-ddb5-4fa4-a97d-d965ccfc6d4b" outcome="Passed" testListId="8c84fa94-04c1-424b-9868-57a2d4851a1d" relativeResultsDirectory="b052e4f8-74ae-490a-b702-3f217317c061" />
    <UnitTestResult executionId="b407b375-2a3b-4245-ad18-db1e4ca16b64" testId="77104ad1-2a19-a3b9-6573-66b01e87eaa0" testName="Microsoft.AspNetCore.Components.ComponentStatePersistenceManagerTest.PersistStateAsync_InvokesAllCallbacksEvenIfACallbackIsRemovedAsPartOfRunningIt" computerName="pkrvmbietmlfzoi" duration="00:00:00.0086024" startTime="2025-07-02T22:04:17.9776525+00:00" endTime="2025-07-02T22:04:17.9846484+00:00" testType="13cdc9d9-ddb5-4fa4-a97d-d965ccfc6d4b" outcome="Passed" testListId="8c84fa94-04c1-424b-9868-57a2d4851a1d" relativeResultsDirectory="b407b375-2a3b-4245-ad18-db1e4ca16b64" />
    <UnitTestResult executionId="6e639258-27e5-45ce-baa8-58ed3742aad6" testId="8666ce26-5e0a-7fff-aef1-9509852f5f61" testName="Microsoft.AspNetCore.Components.Rendering.RenderTreeBuilderTest.AddAttribute_Element_ObjectEventCallbackWithReceiverOfT_AddsFrame" computerName="pkrvmbietmlfzoi" duration="00:00:00.0013998" startTime="2025-07-02T22:04:17.7600806+00:00" endTime="2025-07-02T22:04:17.7611457+00:00" testType="13cdc9d9-ddb5-4fa4-a97d-d965ccfc6d4b" outcome="Passed" testListId="8c84fa94-04c1-424b-9868-57a2d4851a1d" relativeResultsDirectory="6e639258-27e5-45ce-baa8-58ed3742aad6" />
    <UnitTestResult executionId="5c52dc7c-ab70-43e7-b1d2-0195fbf6abbe" testId="a90615ce-8d14-43c7-0c2e-bace075f37d3" testName="Microsoft.AspNetCore.Components.Routing.RouteTableFactoryTests.CanMatchParameterTemplate(path: &quot;/value1&quot;, expectedValue: &quot;value1&quot;)" computerName="pkrvmbietmlfzoi" duration="00:00:00.0009771" startTime="2025-07-02T22:04:17.8101781+00:00" endTime="2025-07-02T22:04:17.8123031+00:00" testType="13cdc9d9-ddb5-4fa4-a97d-d965ccfc6d4b" outcome="Passed" testListId="8c84fa94-04c1-424b-9868-57a2d4851a1d" relativeResultsDirectory="5c52dc7c-ab70-43e7-b1d2-0195fbf6abbe" />
    <UnitTestResult executionId="88520a20-3ade-4ec0-9d78-d764e618444b" testId="5778d31d-a5ce-c377-7f1a-1dc8ef313cae" testName="Microsoft.AspNetCore.Components.Test.RendererTest.DisposesEventHandlersWhenAttributeValueChanged" computerName="pkrvmbietmlfzoi" duration="00:00:00.0012663" startTime="2025-07-02T22:04:19.3106438+00:00" endTime="2025-07-02T22:04:19.3116028+00:00" testType="13cdc9d9-ddb5-4fa4-a97d-d965ccfc6d4b" outcome="Passed" testListId="8c84fa94-04c1-424b-9868-57a2d4851a1d" relativeResultsDirectory="88520a20-3ade-4ec0-9d78-d764e618444b" />
    <UnitTestResult executionId="227d61de-d423-4458-8bb6-c0f111a72f6b" testId="88354a6f-d720-5764-a22d-c9d108a1961d" testName="Microsoft.AspNetCore.Components.Test.RenderTreeDiffBuilderTest.AlwaysRegardsRenderFragmentAsPossiblyChanged" computerName="pkrvmbietmlfzoi" duration="00:00:00.0005522" startTime="2025-07-02T22:04:17.9949699+00:00" endTime="2025-07-02T22:04:17.9950498+00:00" testType="13cdc9d9-ddb5-4fa4-a97d-d965ccfc6d4b" outcome="Passed" testListId="8c84fa94-04c1-424b-9868-57a2d4851a1d" relativeResultsDirectory="227d61de-d423-4458-8bb6-c0f111a72f6b" />
    <UnitTestResult executionId="7c276207-a3db-466e-b711-ddd77f39edf7" testId="e2284ed6-b273-5106-69cd-65123e28e093" testName="Microsoft.AspNetCore.Components.ComponentsMetricsTest.Dispose_DisposesAllMeters" computerName="pkrvmbietmlfzoi" duration="00:00:00.0003948" startTime="2025-07-02T22:04:17.9733841+00:00" endTime="2025-07-02T22:04:17.9736020+00:00" testType="13cdc9d9-ddb5-4fa4-a97d-d965ccfc6d4b" outcome="Passed" testListId="8c84fa94-04c1-424b-9868-57a2d4851a1d" relativeResultsDirectory="7c276207-a3db-466e-b711-ddd77f39edf7" />
    <UnitTestResult executionId="e6254819-9ac7-4e79-b463-58f4dd6d80de" testId="c7260ebc-a696-37ef-e759-c0251b78d7a6" testName="Microsoft.AspNetCore.Components.Routing.RouteTableFactoryTests.CanMatchParameterWithConstraint(template: &quot;/{value:double}&quot;, contextUrl: &quot;/0.1&quot;, convertedValue: 0.10000000000000001)" computerName="pkrvmbietmlfzoi" duration="00:00:00.0232735" startTime="2025-07-02T22:04:17.6254990+00:00" endTime="2025-07-02T22:04:17.6498204+00:00" testType="13cdc9d9-ddb5-4fa4-a97d-d965ccfc6d4b" outcome="Passed" testListId="8c84fa94-04c1-424b-9868-57a2d4851a1d" relativeResultsDirectory="e6254819-9ac7-4e79-b463-58f4dd6d80de" />
    <UnitTestResult executionId="097c0153-d371-4c47-bb15-2d37d51e50da" testId="c477a57e-15ab-67bd-1860-8614e5217a42" testName="Microsoft.AspNetCore.Components.Routing.RouteTableFactoryTests.DoesNotThrowForNonAmbiguousRoutes(first: &quot;{param}/{optional?}&quot;, second: &quot;/&quot;)" computerName="pkrvmbietmlfzoi" duration="00:00:00.0003061" startTime="2025-07-02T22:04:17.5719292+00:00" endTime="2025-07-02T22:04:17.5720149+00:00" testType="13cdc9d9-ddb5-4fa4-a97d-d965ccfc6d4b" outcome="Passed" testListId="8c84fa94-04c1-424b-9868-57a2d4851a1d" relativeResultsDirectory="097c0153-d371-4c47-bb15-2d37d51e50da" />
    <UnitTestResult executionId="eca45d6f-70ca-4f62-b944-c66cf01de9d4" testId="8be4c463-cb5a-6514-541c-31baa72d5804" testName="Microsoft.AspNetCore.Components.EventCallbackFactoryBinderExtensionsTest.CreateBinder_NullableEnum" computerName="pkrvmbietmlfzoi" duration="00:00:00.0100517" startTime="2025-07-02T22:04:17.9486545+00:00" endTime="2025-07-02T22:04:17.9562749+00:00" testType="13cdc9d9-ddb5-4fa4-a97d-d965ccfc6d4b" outcome="Passed" testListId="8c84fa94-04c1-424b-9868-57a2d4851a1d" relativeResultsDirectory="eca45d6f-70ca-4f62-b944-c66cf01de9d4" />
    <UnitTestResult executionId="ab496995-f8c8-4374-9235-9241345cb48d" testId="48315743-7a51-7df7-28b3-cb841fa5cdb2" testName="Microsoft.AspNetCore.Components.RenderTree.ArrayBuilderTest.AppendArray_AfterPriorInsertion" computerName="pkrvmbietmlfzoi" duration="00:00:00.0306672" startTime="2025-07-02T22:04:17.2239349+00:00" endTime="2025-07-02T22:04:17.3456722+00:00" testType="13cdc9d9-ddb5-4fa4-a97d-d965ccfc6d4b" outcome="Passed" testListId="8c84fa94-04c1-424b-9868-57a2d4851a1d" relativeResultsDirectory="ab496995-f8c8-4374-9235-9241345cb48d" />
    <UnitTestResult executionId="3a004411-c714-4f8e-a391-8b2c45f46927" testId="d5e25b28-79cd-0d3a-98a9-3f97a78e0991" testName="Microsoft.AspNetCore.Components.PersistentState.PersistentServicesRegistryTest.PersistStateAsync_PersistsBaseClassPropertiesInDerivedInstance" computerName="pkrvmbietmlfzoi" duration="00:00:00.0034943" startTime="2025-07-02T22:04:17.3898599+00:00" endTime="2025-07-02T22:04:17.3899670+00:00" testType="13cdc9d9-ddb5-4fa4-a97d-d965ccfc6d4b" outcome="Passed" testListId="8c84fa94-04c1-424b-9868-57a2d4851a1d" relativeResultsDirectory="3a004411-c714-4f8e-a391-8b2c45f46927" />
    <UnitTestResult executionId="fe14ab5a-bc18-4813-afdd-8095f1a95c03" testId="9fd87f60-c659-68d5-7045-a42249c2539d" testName="Microsoft.AspNetCore.Components.Test.RenderTreeDiffBuilderTest.RecognizesKeyedComponentDeletionsBeforeUnchangedNonKeyedComponent" computerName="pkrvmbietmlfzoi" duration="00:00:00.0037335" startTime="2025-07-02T22:04:17.9852947+00:00" endTime="2025-07-02T22:04:17.9857239+00:00" testType="13cdc9d9-ddb5-4fa4-a97d-d965ccfc6d4b" outcome="Passed" testListId="8c84fa94-04c1-424b-9868-57a2d4851a1d" relativeResultsDirectory="fe14ab5a-bc18-4813-afdd-8095f1a95c03" />
    <UnitTestResult executionId="43358cfb-efcb-4e83-8938-9769960ad8df" testId="8d0f703f-1d55-a448-a53f-03b176545140" testName="Microsoft.AspNetCore.Components.ParameterViewTest.ParameterThatCanBeSuppliedFromQueryOrNonCascadingValue_PrefersNonCascadingValue" computerName="pkrvmbietmlfzoi" duration="00:00:00.0029221" startTime="2025-07-02T22:04:17.4260328+00:00" endTime="2025-07-02T22:04:17.4298525+00:00" testType="13cdc9d9-ddb5-4fa4-a97d-d965ccfc6d4b" outcome="Passed" testListId="8c84fa94-04c1-424b-9868-57a2d4851a1d" relativeResultsDirectory="43358cfb-efcb-4e83-8938-9769960ad8df" />
    <UnitTestResult executionId="8c36e0dd-f909-4736-9b1f-dc7a17e84a28" testId="2a2f5c47-5abd-d992-bf42-8b02392ef058" testName="Microsoft.AspNetCore.Components.CascadingParameterStateTest.FindCascadingParameters_IfHasMultipleMatchesInAncestors_ReturnsMatches" computerName="pkrvmbietmlfzoi" duration="00:00:00.0014058" startTime="2025-07-02T22:04:17.4864637+00:00" endTime="2025-07-02T22:04:17.4869262+00:00" testType="13cdc9d9-ddb5-4fa4-a97d-d965ccfc6d4b" outcome="Passed" testListId="8c84fa94-04c1-424b-9868-57a2d4851a1d" relativeResultsDirectory="8c36e0dd-f909-4736-9b1f-dc7a17e84a28" />
    <UnitTestResult executionId="ccefcea0-3675-42ab-b99e-652ebaaf336c" testId="43f4be32-cbbc-5755-6456-88c09b5c4b80" testName="Microsoft.AspNetCore.Components.Rendering.RenderTreeBuilderTest.AddAttribute_Component_ObjectBoolValue_SetsAttributeValue(value: False)" computerName="pkrvmbietmlfzoi" duration="00:00:00.0002862" startTime="2025-07-02T22:04:17.7735197+00:00" endTime="2025-07-02T22:04:17.7757884+00:00" testType="13cdc9d9-ddb5-4fa4-a97d-d965ccfc6d4b" outcome="Passed" testListId="8c84fa94-04c1-424b-9868-57a2d4851a1d" relativeResultsDirectory="ccefcea0-3675-42ab-b99e-652ebaaf336c" />
    <UnitTestResult executionId="3f137e13-b671-4b27-849e-499160e04951" testId="93c81460-f45a-eebe-781b-aac4218ce5db" testName="Microsoft.AspNetCore.Components.EventCallbackTest.EventCallback_ActionT_Arg_ValueType" computerName="pkrvmbietmlfzoi" duration="00:00:00.0008455" startTime="2025-07-02T22:04:17.9171575+00:00" endTime="2025-07-02T22:04:17.9179606+00:00" testType="13cdc9d9-ddb5-4fa4-a97d-d965ccfc6d4b" outcome="Passed" testListId="8c84fa94-04c1-424b-9868-57a2d4851a1d" relativeResultsDirectory="3f137e13-b671-4b27-849e-499160e04951" />
    <UnitTestResult executionId="0ef3752b-8add-4812-ac80-718746aabe6c" testId="f6c474d3-00fd-6ba3-81a0-6a58579bb030" testName="Microsoft.AspNetCore.Components.Test.CascadingParameterTest.CanHaveManySubscribers(numSubscribers: 1)" computerName="pkrvmbietmlfzoi" duration="00:00:00.0002344" startTime="2025-07-02T22:04:17.5947239+00:00" endTime="2025-07-02T22:04:17.5994507+00:00" testType="13cdc9d9-ddb5-4fa4-a97d-d965ccfc6d4b" outcome="Passed" testListId="8c84fa94-04c1-424b-9868-57a2d4851a1d" relativeResultsDirectory="0ef3752b-8add-4812-ac80-718746aabe6c" />
    <UnitTestResult executionId="905ec4b3-5ec0-44cf-abeb-b968ee1a708e" testId="3fc5a52c-8846-42f7-3966-356ee186784e" testName="Microsoft.AspNetCore.Components.Rendering.RenderTreeBuilderTest.CannotAddAttributeToText" computerName="pkrvmbietmlfzoi" duration="00:00:00.0003518" startTime="2025-07-02T22:04:17.9154234+00:00" endTime="2025-07-02T22:04:17.9155233+00:00" testType="13cdc9d9-ddb5-4fa4-a97d-d965ccfc6d4b" outcome="Passed" testListId="8c84fa94-04c1-424b-9868-57a2d4851a1d" relativeResultsDirectory="905ec4b3-5ec0-44cf-abeb-b968ee1a708e" />
    <UnitTestResult executionId="b80c6c93-4252-46bc-a617-efd56603b85e" testId="a73905fb-778c-6032-c776-99bfe07cbf6b" testName="Microsoft.AspNetCore.Components.CascadingParameterStateTest.FindCascadingParameters_MatchingNameButMismatchingType_ReturnsEmpty" computerName="pkrvmbietmlfzoi" duration="00:00:00.0025155" startTime="2025-07-02T22:04:17.4909203+00:00" endTime="2025-07-02T22:04:17.4917448+00:00" testType="13cdc9d9-ddb5-4fa4-a97d-d965ccfc6d4b" outcome="Passed" testListId="8c84fa94-04c1-424b-9868-57a2d4851a1d" relativeResultsDirectory="b80c6c93-4252-46bc-a617-efd56603b85e" />
    <UnitTestResult executionId="b516a323-9678-4a50-b5cb-ba73e61147e3" testId="c0dc3b2e-8a29-76fe-77e5-627e925655c0" testName="Microsoft.AspNetCore.Components.Test.RendererTest.EventDispatchExceptionsCanBeHandledByClosestErrorBoundary_Sync" computerName="pkrvmbietmlfzoi" duration="00:00:00.0017038" startTime="2025-07-02T22:04:18.0140521+00:00" endTime="2025-07-02T22:04:18.0140984+00:00" testType="13cdc9d9-ddb5-4fa4-a97d-d965ccfc6d4b" outcome="Passed" testListId="8c84fa94-04c1-424b-9868-57a2d4851a1d" relativeResultsDirectory="b516a323-9678-4a50-b5cb-ba73e61147e3" />
    <UnitTestResult executionId="de4bbaaa-b245-4d79-a665-5636657a5512" testId="c464e156-ff9d-7b3c-a4bb-1d352844fd8b" testName="Microsoft.AspNetCore.Components.Test.RenderTreeDiffBuilderTest.RecognizesEquivalentFramesAsSame(appendFragment: RenderFragment { Method = Void &lt;RecognizesEquivalentFramesAsSameCases&gt;b__7_2(Microsoft.AspNetCore.Components.Rendering.RenderTreeBuilder), Target = &lt;&gt;c { } })" computerName="pkrvmbietmlfzoi" duration="00:00:00.0004172" startTime="2025-07-02T22:04:17.9272828+00:00" endTime="2025-07-02T22:04:17.9275462+00:00" testType="13cdc9d9-ddb5-4fa4-a97d-d965ccfc6d4b" outcome="Passed" testListId="8c84fa94-04c1-424b-9868-57a2d4851a1d" relativeResultsDirectory="de4bbaaa-b245-4d79-a665-5636657a5512" />
    <UnitTestResult executionId="836d97dc-b77a-4768-b9e2-dcbae4dbc652" testId="62c1ead4-9e21-b168-f1af-ae1e69d17cc2" testName="Microsoft.AspNetCore.Components.Test.RendererTest.CanDispatchEventsToTopLevelComponents" computerName="pkrvmbietmlfzoi" duration="00:00:00.0005707" startTime="2025-07-02T22:04:19.2797144+00:00" endTime="2025-07-02T22:04:19.2802147+00:00" testType="13cdc9d9-ddb5-4fa4-a97d-d965ccfc6d4b" outcome="Passed" testListId="8c84fa94-04c1-424b-9868-57a2d4851a1d" relativeResultsDirectory="836d97dc-b77a-4768-b9e2-dcbae4dbc652" />
    <UnitTestResult executionId="dacd4e65-d091-4405-9a02-d0ac2da6325e" testId="af21394a-886f-4baa-5c2f-a0e77f67e3ce" testName="Microsoft.AspNetCore.Components.ParameterViewTest.Clone_EmptyParameterView" computerName="pkrvmbietmlfzoi" duration="00:00:00.0001369" startTime="2025-07-02T22:04:17.5813347+00:00" endTime="2025-07-02T22:04:17.5815415+00:00" testType="13cdc9d9-ddb5-4fa4-a97d-d965ccfc6d4b" outcome="Passed" testListId="8c84fa94-04c1-424b-9868-57a2d4851a1d" relativeResultsDirectory="dacd4e65-d091-4405-9a02-d0ac2da6325e" />
    <UnitTestResult executionId="cbcbf0b2-eb1a-4c6d-a5c2-15b262fc701d" testId="eeb97c06-e44b-ac06-8efc-e431edd8c15c" testName="Microsoft.AspNetCore.Components.Routing.RoutePatternParserTests.InvalidTemplate_CatchAllParamNotLast" computerName="pkrvmbietmlfzoi" duration="00:00:00.0004904" startTime="2025-07-02T22:04:17.8098113+00:00" endTime="2025-07-02T22:04:17.8102143+00:00" testType="13cdc9d9-ddb5-4fa4-a97d-d965ccfc6d4b" outcome="Passed" testListId="8c84fa94-04c1-424b-9868-57a2d4851a1d" relativeResultsDirectory="cbcbf0b2-eb1a-4c6d-a5c2-15b262fc701d" />
    <UnitTestResult executionId="11f8c083-868f-4146-9d91-77eebc27acf2" testId="593be9dc-60fc-2229-6010-519b94c318da" testName="Microsoft.AspNetCore.Components.EventCallbackTest.EventCallback_FuncTTask_Arg" computerName="pkrvmbietmlfzoi" duration="00:00:00.0010119" startTime="2025-07-02T22:04:17.9146861+00:00" endTime="2025-07-02T22:04:17.9158707+00:00" testType="13cdc9d9-ddb5-4fa4-a97d-d965ccfc6d4b" outcome="Passed" testListId="8c84fa94-04c1-424b-9868-57a2d4851a1d" relativeResultsDirectory="11f8c083-868f-4146-9d91-77eebc27acf2" />
    <UnitTestResult executionId="9bb86649-2145-43cb-aec0-b1029d2e7196" testId="994e55ae-b8a2-a4ca-7402-dce06aeafebb" testName="Microsoft.AspNetCore.Components.Routing.RouteTableFactoryTests.CorrectlyMatchesVariableLengthSegments(path: &quot;/literal&quot;, expectedValue: null, first: &quot;literal/{parameter?}&quot;, second: &quot;literal/{*parameter}&quot;, handler: typeof(Microsoft.AspNetCore.Components.Routing.RouteTableFactoryTests+TestHandler1))" computerName="pkrvmbietmlfzoi" duration="00:00:00.0004127" startTime="2025-07-02T22:04:17.7191318+00:00" endTime="2025-07-02T22:04:17.7192357+00:00" testType="13cdc9d9-ddb5-4fa4-a97d-d965ccfc6d4b" outcome="Passed" testListId="8c84fa94-04c1-424b-9868-57a2d4851a1d" relativeResultsDirectory="9bb86649-2145-43cb-aec0-b1029d2e7196" />
    <UnitTestResult executionId="ca57b2f3-c563-455d-bfd3-9963bcea25f5" testId="673639f5-caa0-5106-b921-c3f3cb22be4b" testName="Microsoft.AspNetCore.Components.Test.RenderTreeDiffBuilderTest.HandlesDeletionOfUnkeyedItemsAroundKey" computerName="pkrvmbietmlfzoi" duration="00:00:00.0005433" startTime="2025-07-02T22:04:17.9919346+00:00" endTime="2025-07-02T22:04:17.9920157+00:00" testType="13cdc9d9-ddb5-4fa4-a97d-d965ccfc6d4b" outcome="Passed" testListId="8c84fa94-04c1-424b-9868-57a2d4851a1d" relativeResultsDirectory="ca57b2f3-c563-455d-bfd3-9963bcea25f5" />
    <UnitTestResult executionId="36a48c00-e397-4513-a6f2-a1cdb5022da0" testId="6e0758e3-231e-8e4a-2c91-88949ecd029a" testName="Microsoft.AspNetCore.Components.ComponentStatePersistenceManagerTest.Constructor_InitializesPersistentServicesRegistry" computerName="pkrvmbietmlfzoi" duration="00:00:00.0058037" startTime="2025-07-02T22:04:17.9248524+00:00" endTime="2025-07-02T22:04:17.9325261+00:00" testType="13cdc9d9-ddb5-4fa4-a97d-d965ccfc6d4b" outcome="Passed" testListId="8c84fa94-04c1-424b-9868-57a2d4851a1d" relativeResultsDirectory="36a48c00-e397-4513-a6f2-a1cdb5022da0" />
    <UnitTestResult executionId="b100337b-2782-4688-8bf8-ec7f183692bd" testId="8b422a60-fe88-f77d-1f35-c2b273eb392c" testName="Microsoft.AspNetCore.Components.Rendering.RenderTreeBuilderTest.StartsEmpty" computerName="pkrvmbietmlfzoi" duration="00:00:00.0003947" startTime="2025-07-02T22:04:17.8946908+00:00" endTime="2025-07-02T22:04:17.8947915+00:00" testType="13cdc9d9-ddb5-4fa4-a97d-d965ccfc6d4b" outcome="Passed" testListId="8c84fa94-04c1-424b-9868-57a2d4851a1d" relativeResultsDirectory="b100337b-2782-4688-8bf8-ec7f183692bd" />
    <UnitTestResult executionId="6bad79db-899e-4217-b011-2a6fc528ed96" testId="eee99d7e-704a-7e7c-1cc7-2964fa44d9e5" testName="Microsoft.AspNetCore.Components.ParameterViewTest.IncomingCascadingValueMatchesNoDeclaredParameter_Throws" computerName="pkrvmbietmlfzoi" duration="00:00:00.0011724" startTime="2025-07-02T22:04:17.5045997+00:00" endTime="2025-07-02T22:04:17.5079525+00:00" testType="13cdc9d9-ddb5-4fa4-a97d-d965ccfc6d4b" outcome="Passed" testListId="8c84fa94-04c1-424b-9868-57a2d4851a1d" relativeResultsDirectory="6bad79db-899e-4217-b011-2a6fc528ed96" />
    <UnitTestResult executionId="d09c7511-4b10-49ca-93d3-5742ec75ee63" testId="2c3826bd-537f-23d7-b074-0f1c3fe00c74" testName="Microsoft.AspNetCore.Components.Test.RenderTreeDiffBuilderTest.RecognizesNamedEventBeingRemoved" computerName="pkrvmbietmlfzoi" duration="00:00:00.0119271" startTime="2025-07-02T22:04:17.9921368+00:00" endTime="2025-07-02T22:04:17.9927293+00:00" testType="13cdc9d9-ddb5-4fa4-a97d-d965ccfc6d4b" outcome="Passed" testListId="8c84fa94-04c1-424b-9868-57a2d4851a1d" relativeResultsDirectory="d09c7511-4b10-49ca-93d3-5742ec75ee63" />
    <UnitTestResult executionId="816ddf46-85f9-4b01-8b59-17b1c72162eb" testId="74492ed3-b837-ab56-bec8-ac512e575564" testName="Microsoft.AspNetCore.Components.Routing.QueryParameterValueSupplierTest.SupportsExpectedValueTypes" computerName="pkrvmbietmlfzoi" duration="00:00:00.0008586" startTime="2025-07-02T22:04:17.9010034+00:00" endTime="2025-07-02T22:04:17.9014908+00:00" testType="13cdc9d9-ddb5-4fa4-a97d-d965ccfc6d4b" outcome="Passed" testListId="8c84fa94-04c1-424b-9868-57a2d4851a1d" relativeResultsDirectory="816ddf46-85f9-4b01-8b59-17b1c72162eb" />
    <UnitTestResult executionId="684650f0-afc0-4332-ade8-b052c58f7570" testId="a8679e2b-eb4c-db49-2910-f062c807e91e" testName="Microsoft.AspNetCore.Components.Test.RendererTest.CanDispatchActionEventsToTopLevelComponents" computerName="pkrvmbietmlfzoi" duration="00:00:00.0004105" startTime="2025-07-02T22:04:19.3344793+00:00" endTime="2025-07-02T22:04:19.3345923+00:00" testType="13cdc9d9-ddb5-4fa4-a97d-d965ccfc6d4b" outcome="Passed" testListId="8c84fa94-04c1-424b-9868-57a2d4851a1d" relativeResultsDirectory="684650f0-afc0-4332-ade8-b052c58f7570" />
    <UnitTestResult executionId="ab133788-3c37-4d56-ba5c-cf322517706d" testId="254d1888-b1e4-8f66-038c-d8db9de763c0" testName="Microsoft.AspNetCore.Components.NavigationManagerTest.ComputesCorrectBaseUri(baseUri: &quot;scheme://host/path/page?query=string&amp;another=here&quot;, expectedResult: &quot;scheme://host/path/&quot;)" computerName="pkrvmbietmlfzoi" duration="00:00:00.0001098" startTime="2025-07-02T22:04:17.4770763+00:00" endTime="2025-07-02T22:04:17.4771664+00:00" testType="13cdc9d9-ddb5-4fa4-a97d-d965ccfc6d4b" outcome="Passed" testListId="8c84fa94-04c1-424b-9868-57a2d4851a1d" relativeResultsDirectory="ab133788-3c37-4d56-ba5c-cf322517706d" />
    <UnitTestResult executionId="583e6dc5-e725-47dd-8703-8fa9c9579f63" testId="eecf0f81-f633-63ac-6e92-b4d96edd6189" testName="Microsoft.AspNetCore.Components.Routing.RouteTableFactoryTests.CanMatchOptionalParameterWithConstraint(template: &quot;/optional/{value:bool?}&quot;, contextUrl: &quot;/optional/&quot;, convertedValue: null)" computerName="pkrvmbietmlfzoi" duration="00:00:00.0011700" startTime="2025-07-02T22:04:17.6070479+00:00" endTime="2025-07-02T22:04:17.6071451+00:00" testType="13cdc9d9-ddb5-4fa4-a97d-d965ccfc6d4b" outcome="Passed" testListId="8c84fa94-04c1-424b-9868-57a2d4851a1d" relativeResultsDirectory="583e6dc5-e725-47dd-8703-8fa9c9579f63" />
    <UnitTestResult executionId="c76b8ac3-3e2d-4054-b136-08ba0d2b5a50" testId="eac6d3f8-7143-a5f1-242b-ac3081b96c1b" testName="Microsoft.AspNetCore.Components.Test.RendererTest.DispatchEventAsync_EventCallbackOfT_SynchronousException" computerName="pkrvmbietmlfzoi" duration="00:00:00.0014956" startTime="2025-07-02T22:04:19.2759458+00:00" endTime="2025-07-02T22:04:19.2774005+00:00" testType="13cdc9d9-ddb5-4fa4-a97d-d965ccfc6d4b" outcome="Passed" testListId="8c84fa94-04c1-424b-9868-57a2d4851a1d" relativeResultsDirectory="c76b8ac3-3e2d-4054-b136-08ba0d2b5a50" />
    <UnitTestResult executionId="48e222f7-2baa-4c4f-9cc7-445d7ed4ff40" testId="0a0b7cc3-ab82-d686-c852-682f38411a59" testName="Microsoft.AspNetCore.Components.EventCallbackFactoryBinderExtensionsTest.CreateBinder_GenericWithoutTypeConverter_Throws" computerName="pkrvmbietmlfzoi" duration="00:00:00.0053808" startTime="2025-07-02T22:04:17.8642061+00:00" endTime="2025-07-02T22:04:17.8713158+00:00" testType="13cdc9d9-ddb5-4fa4-a97d-d965ccfc6d4b" outcome="Passed" testListId="8c84fa94-04c1-424b-9868-57a2d4851a1d" relativeResultsDirectory="48e222f7-2baa-4c4f-9cc7-445d7ed4ff40" />
    <UnitTestResult executionId="3fced5da-ac48-472a-8ffc-866b7da7d036" testId="6beec7e0-e80d-a608-377e-259f10065421" testName="Microsoft.AspNetCore.Components.Routing.RouteTableFactoryTests.CanMatchParameterTemplate(path: &quot;/value2/&quot;, expectedValue: &quot;value2&quot;)" computerName="pkrvmbietmlfzoi" duration="00:00:00.0006581" startTime="2025-07-02T22:04:17.8124467+00:00" endTime="2025-07-02T22:04:17.8129041+00:00" testType="13cdc9d9-ddb5-4fa4-a97d-d965ccfc6d4b" outcome="Passed" testListId="8c84fa94-04c1-424b-9868-57a2d4851a1d" relativeResultsDirectory="3fced5da-ac48-472a-8ffc-866b7da7d036" />
    <UnitTestResult executionId="d207f050-98bd-4b98-b38c-6b0914c7e11a" testId="4ed0ae28-42dd-4646-c727-bd15f8ff9c6e" testName="Microsoft.AspNetCore.Components.Test.RendererTest.DisposeAsyncCallsComponentDisposeAsyncOnSyncContext" computerName="pkrvmbietmlfzoi" duration="00:00:00.0005628" startTime="2025-07-02T22:04:18.0118360+00:00" endTime="2025-07-02T22:04:18.0120773+00:00" testType="13cdc9d9-ddb5-4fa4-a97d-d965ccfc6d4b" outcome="Passed" testListId="8c84fa94-04c1-424b-9868-57a2d4851a1d" relativeResultsDirectory="d207f050-98bd-4b98-b38c-6b0914c7e11a" />
    <UnitTestResult executionId="259191eb-54cc-4404-8959-461b55778355" testId="d5e058d0-ffd7-7a34-3ef2-816c05dc18ac" testName="Microsoft.AspNetCore.Components.Rendering.RenderTreeBuilderTest.AddAttribute_Element_ObjectStringValue_AddsFrame" computerName="pkrvmbietmlfzoi" duration="00:00:00.0006357" startTime="2025-07-02T22:04:17.9510079+00:00" endTime="2025-07-02T22:04:17.9512994+00:00" testType="13cdc9d9-ddb5-4fa4-a97d-d965ccfc6d4b" outcome="Passed" testListId="8c84fa94-04c1-424b-9868-57a2d4851a1d" relativeResultsDirectory="259191eb-54cc-4404-8959-461b55778355" />
    <UnitTestResult executionId="6377ef22-9a46-471c-bb2a-7b93b70f7dba" testId="4f3a0d39-f52c-69ba-8d47-bd76f1e2941f" testName="Microsoft.AspNetCore.Components.EventCallbackFactoryTest.CreateT_FuncTTask_AlreadyBoundToReceiver" computerName="pkrvmbietmlfzoi" duration="00:00:00.0003452" startTime="2025-07-02T22:04:17.6399773+00:00" endTime="2025-07-02T22:04:17.6400239+00:00" testType="13cdc9d9-ddb5-4fa4-a97d-d965ccfc6d4b" outcome="Passed" testListId="8c84fa94-04c1-424b-9868-57a2d4851a1d" relativeResultsDirectory="6377ef22-9a46-471c-bb2a-7b93b70f7dba" />
    <UnitTestResult executionId="a4eb9a87-c224-4f3b-9a3a-2dbdb9919e58" testId="f9014d6b-492a-bdb0-448e-f3a653852198" testName="Microsoft.AspNetCore.Components.Routing.RoutePatternParserTests.InvalidTemplate_CatchAllParamWithIncorrectPlacedAsterisks(template: &quot;/test/{a}/{**b*c}&quot;, lastParameter: &quot;b*c&quot;)" computerName="pkrvmbietmlfzoi" duration="00:00:00.0002007" startTime="2025-07-02T22:04:17.8522234+00:00" endTime="2025-07-02T22:04:17.8526348+00:00" testType="13cdc9d9-ddb5-4fa4-a97d-d965ccfc6d4b" outcome="Passed" testListId="8c84fa94-04c1-424b-9868-57a2d4851a1d" relativeResultsDirectory="a4eb9a87-c224-4f3b-9a3a-2dbdb9919e58" />
    <UnitTestResult executionId="9674480b-73ae-44be-877d-454c26978ce2" testId="cc930b5f-de32-3dbf-7a94-c0d11614c646" testName="Microsoft.AspNetCore.Components.Routing.RouteKeyTest.RouteKey_Default_Equality" computerName="pkrvmbietmlfzoi" duration="00:00:00.0005245" startTime="2025-07-02T22:04:17.8664665+00:00" endTime="2025-07-02T22:04:17.8688481+00:00" testType="13cdc9d9-ddb5-4fa4-a97d-d965ccfc6d4b" outcome="Passed" testListId="8c84fa94-04c1-424b-9868-57a2d4851a1d" relativeResultsDirectory="9674480b-73ae-44be-877d-454c26978ce2" />
    <UnitTestResult executionId="14c78f82-9f09-4f1f-a8ee-21b8f17e641c" testId="09b9383b-e330-b562-081b-5bb10ce53d2e" testName="Microsoft.AspNetCore.Components.RenderTree.ArrayBuilderTest.AppendArray_CopyArray" computerName="pkrvmbietmlfzoi" duration="00:00:00.0003295" startTime="2025-07-02T22:04:17.3721540+00:00" endTime="2025-07-02T22:04:17.3726201+00:00" testType="13cdc9d9-ddb5-4fa4-a97d-d965ccfc6d4b" outcome="Passed" testListId="8c84fa94-04c1-424b-9868-57a2d4851a1d" relativeResultsDirectory="14c78f82-9f09-4f1f-a8ee-21b8f17e641c" />
    <UnitTestResult executionId="270754d6-8ed2-455a-8f04-78c0d66b411a" testId="7dc4f63b-e6ce-5ea2-9502-4ee57efab7a9" testName="Microsoft.AspNetCore.Components.NavigationManagerTest.ComputesCorrectValidBaseRelativePaths(baseUri: &quot;scheme://host/&quot;, uri: &quot;scheme://host/path&quot;, expectedResult: &quot;path&quot;)" computerName="pkrvmbietmlfzoi" duration="00:00:00.0000140" startTime="2025-07-02T22:04:17.4953813+00:00" endTime="2025-07-02T22:04:17.4957144+00:00" testType="13cdc9d9-ddb5-4fa4-a97d-d965ccfc6d4b" outcome="Passed" testListId="8c84fa94-04c1-424b-9868-57a2d4851a1d" relativeResultsDirectory="270754d6-8ed2-455a-8f04-78c0d66b411a" />
    <UnitTestResult executionId="3acef19f-ac35-416f-8c1a-dea35469d841" testId="8d5cbeab-4a4b-b492-2d44-19c118deac86" testName="Microsoft.AspNetCore.Components.Rendering.RendererSynchronizationContextTest.Post_CanRunAsynchronously_WhenBusy" computerName="pkrvmbietmlfzoi" duration="00:00:00.0207747" startTime="2025-07-02T22:04:17.9360238+00:00" endTime="2025-07-02T22:04:17.9561874+00:00" testType="13cdc9d9-ddb5-4fa4-a97d-d965ccfc6d4b" outcome="Passed" testListId="8c84fa94-04c1-424b-9868-57a2d4851a1d" relativeResultsDirectory="3acef19f-ac35-416f-8c1a-dea35469d841" />
    <UnitTestResult executionId="888053d5-9676-434f-a16e-1f02ceb7db6f" testId="76a97bf5-b168-bc08-c10b-09b63899e038" testName="Microsoft.AspNetCore.Components.Test.RendererTest.CannotGetEventArgsTypeForMultiParameterHandler" computerName="pkrvmbietmlfzoi" duration="00:00:00.0006747" startTime="2025-07-02T22:04:18.1972263+00:00" endTime="2025-07-02T22:04:18.1978627+00:00" testType="13cdc9d9-ddb5-4fa4-a97d-d965ccfc6d4b" outcome="Passed" testListId="8c84fa94-04c1-424b-9868-57a2d4851a1d" relativeResultsDirectory="888053d5-9676-434f-a16e-1f02ceb7db6f" />
    <UnitTestResult executionId="a36cb327-e66d-4a88-bccd-539aba2849e2" testId="1080a8fb-c4f5-1740-e9b9-cd24db7a0bc9" testName="Microsoft.AspNetCore.Components.PersistentStateValueProviderTests.PersistAsync_CanPersistMultipleComponentsOfSameType_SupportsDifferentKeyTypes(componentKey1: True, componentKey2: False)" computerName="pkrvmbietmlfzoi" duration="00:00:00.0015797" startTime="2025-07-02T22:04:17.5265215+00:00" endTime="2025-07-02T22:04:17.5295711+00:00" testType="13cdc9d9-ddb5-4fa4-a97d-d965ccfc6d4b" outcome="Passed" testListId="8c84fa94-04c1-424b-9868-57a2d4851a1d" relativeResultsDirectory="a36cb327-e66d-4a88-bccd-539aba2849e2" />
    <UnitTestResult executionId="ff55474a-f202-43cd-b544-453e7e75a657" testId="e14ecc4d-cd25-f90a-8302-d41af63d51ae" testName="Microsoft.AspNetCore.Components.EventCallbackFactoryTest.CreateT_ActionT_Null" computerName="pkrvmbietmlfzoi" duration="00:00:00.0001767" startTime="2025-07-02T22:04:17.6207769+00:00" endTime="2025-07-02T22:04:17.6208511+00:00" testType="13cdc9d9-ddb5-4fa4-a97d-d965ccfc6d4b" outcome="Passed" testListId="8c84fa94-04c1-424b-9868-57a2d4851a1d" relativeResultsDirectory="ff55474a-f202-43cd-b544-453e7e75a657" />
    <UnitTestResult executionId="4051c239-3fd1-4010-9112-76f6e2a650a6" testId="f32f6b07-5072-5325-a166-780485e63476" testName="Microsoft.AspNetCore.Components.EventCallbackFactoryBinderExtensionsTest.CreateBinder_NullableGuid" computerName="pkrvmbietmlfzoi" duration="00:00:00.0059645" startTime="2025-07-02T22:04:17.9435035+00:00" endTime="2025-07-02T22:04:17.9485301+00:00" testType="13cdc9d9-ddb5-4fa4-a97d-d965ccfc6d4b" outcome="Passed" testListId="8c84fa94-04c1-424b-9868-57a2d4851a1d" relativeResultsDirectory="4051c239-3fd1-4010-9112-76f6e2a650a6" />
    <UnitTestResult executionId="72516989-6c76-48b5-932c-ff9102599b93" testId="4e74a8ed-032b-65ec-4aad-fdfafaa866e9" testName="Microsoft.AspNetCore.Components.EventCallbackFactoryTest.Create_ActionT_DifferentReceiver" computerName="pkrvmbietmlfzoi" duration="00:00:00.0002012" startTime="2025-07-02T22:04:17.6388853+00:00" endTime="2025-07-02T22:04:17.6389867+00:00" testType="13cdc9d9-ddb5-4fa4-a97d-d965ccfc6d4b" outcome="Passed" testListId="8c84fa94-04c1-424b-9868-57a2d4851a1d" relativeResultsDirectory="72516989-6c76-48b5-932c-ff9102599b93" />
    <UnitTestResult executionId="fed022a2-2679-4ccc-89f7-67bbdcc73dae" testId="3eaa411e-2e30-6c5c-3ceb-1535b3784fdf" testName="Microsoft.AspNetCore.Components.ParameterViewTest.IncomingParameterMatchesPropertyNotDeclaredAsParameter_Throws" computerName="pkrvmbietmlfzoi" duration="00:00:00.0161185" startTime="2025-07-02T22:04:17.5823228+00:00" endTime="2025-07-02T22:04:17.5825131+00:00" testType="13cdc9d9-ddb5-4fa4-a97d-d965ccfc6d4b" outcome="Passed" testListId="8c84fa94-04c1-424b-9868-57a2d4851a1d" relativeResultsDirectory="fed022a2-2679-4ccc-89f7-67bbdcc73dae" />
    <UnitTestResult executionId="c98e4d52-0526-43f7-b5f1-711f3c6d0159" testId="a5a68e33-c134-f61b-ad7a-9c316bb5c6f3" testName="Microsoft.AspNetCore.Components.Rendering.RenderTreeBuilderTest.CanAddFragments" computerName="pkrvmbietmlfzoi" duration="00:00:00.0009289" startTime="2025-07-02T22:04:17.9385702+00:00" endTime="2025-07-02T22:04:17.9386174+00:00" testType="13cdc9d9-ddb5-4fa4-a97d-d965ccfc6d4b" outcome="Passed" testListId="8c84fa94-04c1-424b-9868-57a2d4851a1d" relativeResultsDirectory="c98e4d52-0526-43f7-b5f1-711f3c6d0159" />
    <UnitTestResult executionId="9c6dfcfc-741a-472b-bed7-b358abe7a8fb" testId="7874ddcf-b9f0-18bf-6f93-3e77bd0ad0fa" testName="Microsoft.AspNetCore.Components.Routing.RouteTableFactoryTests.CorrectlyMatchesVariableLengthSegments(path: &quot;/literal&quot;, expectedValue: null, first: &quot;literal&quot;, second: &quot;literal/{parameter?}&quot;, handler: typeof(Microsoft.AspNetCore.Components.Routing.RouteTableFactoryTests+TestHandler1))" computerName="pkrvmbietmlfzoi" duration="00:00:00.0009133" startTime="2025-07-02T22:04:17.7136077+00:00" endTime="2025-07-02T22:04:17.7185866+00:00" testType="13cdc9d9-ddb5-4fa4-a97d-d965ccfc6d4b" outcome="Passed" testListId="8c84fa94-04c1-424b-9868-57a2d4851a1d" relativeResultsDirectory="9c6dfcfc-741a-472b-bed7-b358abe7a8fb" />
    <UnitTestResult executionId="c279e2a3-5114-47c7-8cd6-6369add9d1bf" testId="740fced9-6282-38dd-0fc6-8b3e84e84d39" testName="Microsoft.AspNetCore.Components.ParameterViewTest.Clone_ParameterViewSingleParameter" computerName="pkrvmbietmlfzoi" duration="00:00:00.0005143" startTime="2025-07-02T22:04:17.5464271+00:00" endTime="2025-07-02T22:04:17.5470808+00:00" testType="13cdc9d9-ddb5-4fa4-a97d-d965ccfc6d4b" outcome="Passed" testListId="8c84fa94-04c1-424b-9868-57a2d4851a1d" relativeResultsDirectory="c279e2a3-5114-47c7-8cd6-6369add9d1bf" />
    <UnitTestResult executionId="a181e721-09f4-474d-9add-c46b0fc9d55f" testId="52aee1a2-31a0-f3c6-6395-196c2c9cc229" testName="Microsoft.AspNetCore.Components.Rendering.ArrayBuilderSegmentTest.StillWorksAfterUnderlyingCapacityChange" computerName="pkrvmbietmlfzoi" duration="00:00:00.0017970" startTime="2025-07-02T22:04:17.4344856+00:00" endTime="2025-07-02T22:04:17.4394642+00:00" testType="13cdc9d9-ddb5-4fa4-a97d-d965ccfc6d4b" outcome="Passed" testListId="8c84fa94-04c1-424b-9868-57a2d4851a1d" relativeResultsDirectory="a181e721-09f4-474d-9add-c46b0fc9d55f" />
    <UnitTestResult executionId="c0afb761-fe45-427f-9cac-6b657626dd2f" testId="e6e5b157-c426-8a1d-a8cf-8fbc7a7f4ed4" testName="Microsoft.AspNetCore.Components.EventCallbackFactoryBinderExtensionsTest.CreateBinder_Guid" computerName="pkrvmbietmlfzoi" duration="00:00:00.0023685" startTime="2025-07-02T22:04:17.9564720+00:00" endTime="2025-07-02T22:04:17.9589096+00:00" testType="13cdc9d9-ddb5-4fa4-a97d-d965ccfc6d4b" outcome="Passed" testListId="8c84fa94-04c1-424b-9868-57a2d4851a1d" relativeResultsDirectory="c0afb761-fe45-427f-9cac-6b657626dd2f" />
    <UnitTestResult executionId="d2eb6c72-e520-4793-8410-74e1b5843ec2" testId="259d84d8-a34e-7098-bac3-954163732a30" testName="Microsoft.AspNetCore.Components.NavigationManagerTest.LocationChangingHandlers_CanContinueTheNavigationSynchronously_WhenMultipleHandlersAreRegistered" computerName="pkrvmbietmlfzoi" duration="00:00:00.0017747" startTime="2025-07-02T22:04:17.7225463+00:00" endTime="2025-07-02T22:04:17.7234655+00:00" testType="13cdc9d9-ddb5-4fa4-a97d-d965ccfc6d4b" outcome="Passed" testListId="8c84fa94-04c1-424b-9868-57a2d4851a1d" relativeResultsDirectory="d2eb6c72-e520-4793-8410-74e1b5843ec2" />
    <UnitTestResult executionId="3e8c8e7b-abde-4979-8f0b-20ff9d22c44d" testId="7e522537-41c5-2350-467c-16610047dbcc" testName="Microsoft.AspNetCore.Components.Test.RendererTest.CanDispatchTypedEventsToTopLevelComponents" computerName="pkrvmbietmlfzoi" duration="00:00:00.0004855" startTime="2025-07-02T22:04:18.2005292+00:00" endTime="2025-07-02T22:04:18.2010024+00:00" testType="13cdc9d9-ddb5-4fa4-a97d-d965ccfc6d4b" outcome="Passed" testListId="8c84fa94-04c1-424b-9868-57a2d4851a1d" relativeResultsDirectory="3e8c8e7b-abde-4979-8f0b-20ff9d22c44d" />
    <UnitTestResult executionId="d421d785-b40b-450b-9021-279cc902a3dc" testId="17ea524f-1ea7-e888-4526-761ea396984a" testName="Microsoft.AspNetCore.Components.Rendering.RendererSynchronizationContextTest.InvokeAsync_FuncTask_CanRunAsynchronously_WhenBusy" computerName="pkrvmbietmlfzoi" duration="00:00:00.0044399" startTime="2025-07-02T22:04:17.9851291+00:00" endTime="2025-07-02T22:04:17.9875976+00:00" testType="13cdc9d9-ddb5-4fa4-a97d-d965ccfc6d4b" outcome="Passed" testListId="8c84fa94-04c1-424b-9868-57a2d4851a1d" relativeResultsDirectory="d421d785-b40b-450b-9021-279cc902a3dc" />
    <UnitTestResult executionId="fb8690cd-54d5-449b-8a32-364e5a553b39" testId="f2471a80-917a-1f7f-dc7f-a6cfdf7bdc83" testName="Microsoft.AspNetCore.Components.BindConverterTest.FormatValue_Int" computerName="pkrvmbietmlfzoi" duration="00:00:00.0001904" startTime="2025-07-02T22:04:17.4473983+00:00" endTime="2025-07-02T22:04:17.4474927+00:00" testType="13cdc9d9-ddb5-4fa4-a97d-d965ccfc6d4b" outcome="Passed" testListId="8c84fa94-04c1-424b-9868-57a2d4851a1d" relativeResultsDirectory="fb8690cd-54d5-449b-8a32-364e5a553b39" />
    <UnitTestResult executionId="c0eea6bf-3cac-4b76-af59-20f8f4941d54" testId="333c1019-8059-91cd-cd8a-ffa8f067c19b" testName="Microsoft.AspNetCore.Components.Routing.RouteTableFactoryTests.DetectsAmbiguousRoutes(left: &quot;/literal&quot;, right: &quot;/Literal/&quot;)" computerName="pkrvmbietmlfzoi" duration="00:00:00.0006887" startTime="2025-07-02T22:04:17.8031226+00:00" endTime="2025-07-02T22:04:17.8032228+00:00" testType="13cdc9d9-ddb5-4fa4-a97d-d965ccfc6d4b" outcome="Passed" testListId="8c84fa94-04c1-424b-9868-57a2d4851a1d" relativeResultsDirectory="c0eea6bf-3cac-4b76-af59-20f8f4941d54" />
    <UnitTestResult executionId="2734c462-f8bb-442f-b42b-1622005534e9" testId="bbbbbdcd-8874-a9b9-ab2b-ef3843ecf39f" testName="Microsoft.AspNetCore.Components.Test.CascadingParameterTest.CanUseTryAddPatternForCascadingValuesInServiceCollection_CascadingValueSource" computerName="pkrvmbietmlfzoi" duration="00:00:00.0005289" startTime="2025-07-02T22:04:17.5394231+00:00" endTime="2025-07-02T22:04:17.5418059+00:00" testType="13cdc9d9-ddb5-4fa4-a97d-d965ccfc6d4b" outcome="Passed" testListId="8c84fa94-04c1-424b-9868-57a2d4851a1d" relativeResultsDirectory="2734c462-f8bb-442f-b42b-1622005534e9" />
    <UnitTestResult executionId="85d0e9d0-a439-4aa7-b39a-343b2ecb332c" testId="4969df24-d955-5128-1372-65359e322b50" testName="Microsoft.AspNetCore.Components.Routing.RouteTableFactoryTests.CanMatchTemplateWithMultipleLiterals" computerName="pkrvmbietmlfzoi" duration="00:00:00.0005285" startTime="2025-07-02T22:04:17.8698373+00:00" endTime="2025-07-02T22:04:17.8702734+00:00" testType="13cdc9d9-ddb5-4fa4-a97d-d965ccfc6d4b" outcome="Passed" testListId="8c84fa94-04c1-424b-9868-57a2d4851a1d" relativeResultsDirectory="85d0e9d0-a439-4aa7-b39a-343b2ecb332c" />
    <UnitTestResult executionId="1f3cd360-097c-4d9f-8a60-578223e692de" testId="dc75768b-bcb0-a380-746a-7f31d2bd783c" testName="Microsoft.AspNetCore.Components.Test.LayoutViewTest.RendersContentInsideNestedLayout" computerName="pkrvmbietmlfzoi" duration="00:00:00.0090230" startTime="2025-07-02T22:04:17.8812564+00:00" endTime="2025-07-02T22:04:17.8889016+00:00" testType="13cdc9d9-ddb5-4fa4-a97d-d965ccfc6d4b" outcome="Passed" testListId="8c84fa94-04c1-424b-9868-57a2d4851a1d" relativeResultsDirectory="1f3cd360-097c-4d9f-8a60-578223e692de" />
    <UnitTestResult executionId="5dfb4c11-a2fe-4b6f-bd68-f656072b7c75" testId="dbba9f29-3ff1-0c52-21d9-b16ed90cc835" testName="Microsoft.AspNetCore.Components.Test.RendererTest.EventDispatchExceptionsCanBeHandledByClosestErrorBoundary_Async" computerName="pkrvmbietmlfzoi" duration="00:00:00.0070983" startTime="2025-07-02T22:04:18.0005236+00:00" endTime="2025-07-02T22:04:18.0032075+00:00" testType="13cdc9d9-ddb5-4fa4-a97d-d965ccfc6d4b" outcome="Passed" testListId="8c84fa94-04c1-424b-9868-57a2d4851a1d" relativeResultsDirectory="5dfb4c11-a2fe-4b6f-bd68-f656072b7c75" />
    <UnitTestResult executionId="c16349af-2ebb-4c01-b470-d049df717021" testId="86ce3c86-1c42-2a33-7541-9a4ea50c4d2a" testName="Microsoft.AspNetCore.Components.NavigationManagerTest.GetUriWithQueryParameter_ReplacesWhenParameterExists(baseUri: &quot;scheme://host/?full%20name=&amp;age=42&quot;, expectedUri: &quot;scheme://host/?full%20name=John%20Doe&amp;age=42&quot;)" computerName="pkrvmbietmlfzoi" duration="00:00:00.0002544" startTime="2025-07-02T22:04:17.4304969+00:00" endTime="2025-07-02T22:04:17.4308360+00:00" testType="13cdc9d9-ddb5-4fa4-a97d-d965ccfc6d4b" outcome="Passed" testListId="8c84fa94-04c1-424b-9868-57a2d4851a1d" relativeResultsDirectory="c16349af-2ebb-4c01-b470-d049df717021" />
    <UnitTestResult executionId="e7e02226-c420-402e-aa1d-c23fd5deba84" testId="ea36e14f-372d-197a-9c21-e8d64d28aa3e" testName="Microsoft.AspNetCore.Components.Test.RenderTreeDiffBuilderTest.RecognizesKeyedElementMoves" computerName="pkrvmbietmlfzoi" duration="00:00:00.0012020" startTime="2025-07-02T22:04:18.0037770+00:00" endTime="2025-07-02T22:04:18.0040228+00:00" testType="13cdc9d9-ddb5-4fa4-a97d-d965ccfc6d4b" outcome="Passed" testListId="8c84fa94-04c1-424b-9868-57a2d4851a1d" relativeResultsDirectory="e7e02226-c420-402e-aa1d-c23fd5deba84" />
    <UnitTestResult executionId="429999a9-2b59-4347-9090-7d1abc9ea879" testId="2ee445b8-95a6-d091-7813-4c4e8610a0c0" testName="Microsoft.AspNetCore.Components.Test.RendererTest.CanRenderTopLevelComponents" computerName="pkrvmbietmlfzoi" duration="00:00:00.0004978" startTime="2025-07-02T22:04:19.3065048+00:00" endTime="2025-07-02T22:04:19.3069304+00:00" testType="13cdc9d9-ddb5-4fa4-a97d-d965ccfc6d4b" outcome="Passed" testListId="8c84fa94-04c1-424b-9868-57a2d4851a1d" relativeResultsDirectory="429999a9-2b59-4347-9090-7d1abc9ea879" />
    <UnitTestResult executionId="295f1e47-4d31-442c-9d60-469ee498ab45" testId="529de1cb-c054-24a3-d07e-67201a262eff" testName="Microsoft.AspNetCore.Components.Routing.RouteTableFactoryTests.ThrowsWhenCatchAllIsNotTheLastSegment(template: &quot;{*catchall}/{*other}&quot;)" computerName="pkrvmbietmlfzoi" duration="00:00:00.0003675" startTime="2025-07-02T22:04:17.6892707+00:00" endTime="2025-07-02T22:04:17.6896943+00:00" testType="13cdc9d9-ddb5-4fa4-a97d-d965ccfc6d4b" outcome="Passed" testListId="8c84fa94-04c1-424b-9868-57a2d4851a1d" relativeResultsDirectory="295f1e47-4d31-442c-9d60-469ee498ab45" />
    <UnitTestResult executionId="38c25e92-10a1-451e-b92f-7a1672bed3f0" testId="1cf648e1-78bd-98ec-46ff-0da29754143a" testName="Microsoft.AspNetCore.Components.EventCallbackFactoryTest.Create_FuncTTask_DifferentReceiver" computerName="pkrvmbietmlfzoi" duration="00:00:00.0001945" startTime="2025-07-02T22:04:17.6430650+00:00" endTime="2025-07-02T22:04:17.6431506+00:00" testType="13cdc9d9-ddb5-4fa4-a97d-d965ccfc6d4b" outcome="Passed" testListId="8c84fa94-04c1-424b-9868-57a2d4851a1d" relativeResultsDirectory="38c25e92-10a1-451e-b92f-7a1672bed3f0" />
    <UnitTestResult executionId="13f504b7-8327-49f4-a500-80a130d7c93d" testId="1c5263d3-f97a-e400-bb9e-490fdd53a2e7" testName="Microsoft.AspNetCore.Components.DynamicComponentTest.CanRenderComponentByTypeWithParameters" computerName="pkrvmbietmlfzoi" duration="00:00:00.0008273" startTime="2025-07-02T22:04:17.5600619+00:00" endTime="2025-07-02T22:04:17.5627148+00:00" testType="13cdc9d9-ddb5-4fa4-a97d-d965ccfc6d4b" outcome="Passed" testListId="8c84fa94-04c1-424b-9868-57a2d4851a1d" relativeResultsDirectory="13f504b7-8327-49f4-a500-80a130d7c93d" />
    <UnitTestResult executionId="e772019d-1137-44c5-bf95-337d7b83d5ff" testId="dee5be13-8574-2848-e367-924fc939b9d3" testName="Microsoft.AspNetCore.Components.EventCallbackFactoryTest.CreateT_FuncTTask_DifferentReceiver" computerName="pkrvmbietmlfzoi" duration="00:00:00.0001828" startTime="2025-07-02T22:04:17.6472850+00:00" endTime="2025-07-02T22:04:17.6474131+00:00" testType="13cdc9d9-ddb5-4fa4-a97d-d965ccfc6d4b" outcome="Passed" testListId="8c84fa94-04c1-424b-9868-57a2d4851a1d" relativeResultsDirectory="e772019d-1137-44c5-bf95-337d7b83d5ff" />
    <UnitTestResult executionId="bb9edb52-b761-4246-8153-bbff08803720" testId="547e16e6-b4e4-b7dc-2721-5de4a2e1c2fa" testName="Microsoft.AspNetCore.Components.PersistentStateValueProviderTests.Unsubscribe_RemovesCallbackFromRegisteredCallbacks" computerName="pkrvmbietmlfzoi" duration="00:00:00.0190607" startTime="2025-07-02T22:04:17.4807253+00:00" endTime="2025-07-02T22:04:17.4876605+00:00" testType="13cdc9d9-ddb5-4fa4-a97d-d965ccfc6d4b" outcome="Passed" testListId="8c84fa94-04c1-424b-9868-57a2d4851a1d" relativeResultsDirectory="bb9edb52-b761-4246-8153-bbff08803720" />
    <UnitTestResult executionId="86cbf8b7-d0a8-4d5f-91e7-f4432fcbbf17" testId="fb6a888f-3f0e-5222-cc4c-163e04022e10" testName="Microsoft.AspNetCore.Components.Routing.RouteTableFactoryTests.DoesNotThrowForNonAmbiguousRoutes(first: &quot;{param}/{*catchAll}&quot;, second: &quot;{param}/{optional?}&quot;)" computerName="pkrvmbietmlfzoi" duration="00:00:00.0002911" startTime="2025-07-02T22:04:17.5722031+00:00" endTime="2025-07-02T22:04:17.5726851+00:00" testType="13cdc9d9-ddb5-4fa4-a97d-d965ccfc6d4b" outcome="Passed" testListId="8c84fa94-04c1-424b-9868-57a2d4851a1d" relativeResultsDirectory="86cbf8b7-d0a8-4d5f-91e7-f4432fcbbf17" />
    <UnitTestResult executionId="4b767f7b-d354-4ce3-94cf-2fb5b05f454a" testId="3c833b0f-7562-cd20-cdba-54fcf6f967ba" testName="Microsoft.AspNetCore.Components.Routing.RouterTest.AlreadyCanceledOnNavigateAsyncDoesNothing" computerName="pkrvmbietmlfzoi" duration="00:00:00.0353795" startTime="2025-07-02T22:04:17.6427888+00:00" endTime="2025-07-02T22:04:17.6579325+00:00" testType="13cdc9d9-ddb5-4fa4-a97d-d965ccfc6d4b" outcome="Passed" testListId="8c84fa94-04c1-424b-9868-57a2d4851a1d" relativeResultsDirectory="4b767f7b-d354-4ce3-94cf-2fb5b05f454a" />
    <UnitTestResult executionId="37f9edb4-98d0-4682-8f58-cfa6709afd16" testId="c3b58f05-f403-9d45-f8b0-3874af07e835" testName="Microsoft.AspNetCore.Components.Routing.RouteTableFactoryTests.OptionalParameterPlusCatchAllRoute(template: &quot;/{parameter?}/{*catchAll}&quot;, path: &quot;/&quot;, parameterValue: null, catchAllValue: null)" computerName="pkrvmbietmlfzoi" duration="00:00:00.0008709" startTime="2025-07-02T22:04:17.6694229+00:00" endTime="2025-07-02T22:04:17.6700249+00:00" testType="13cdc9d9-ddb5-4fa4-a97d-d965ccfc6d4b" outcome="Passed" testListId="8c84fa94-04c1-424b-9868-57a2d4851a1d" relativeResultsDirectory="37f9edb4-98d0-4682-8f58-cfa6709afd16" />
    <UnitTestResult executionId="567979dd-aab0-47b9-8d85-e11b99b0093c" testId="7719aeda-4511-e7e0-e7a6-f72d0152e7ba" testName="Microsoft.AspNetCore.Components.ParameterViewTest.IncomingParameterMatchesPropertyNotPublic_Throws" computerName="pkrvmbietmlfzoi" duration="00:00:00.0041354" startTime="2025-07-02T22:04:17.5354351+00:00" endTime="2025-07-02T22:04:17.5435223+00:00" testType="13cdc9d9-ddb5-4fa4-a97d-d965ccfc6d4b" outcome="Passed" testListId="8c84fa94-04c1-424b-9868-57a2d4851a1d" relativeResultsDirectory="567979dd-aab0-47b9-8d85-e11b99b0093c" />
    <UnitTestResult executionId="f5c2fc44-5855-4745-9084-036d6a56b3cf" testId="9000728a-3a9f-07e0-b415-31a7c48348e1" testName="Microsoft.AspNetCore.Components.Routing.RouteKeyTest.RouteKey_WithAdditionalAssemblies_DifferentAdditionalAssemblies" computerName="pkrvmbietmlfzoi" duration="00:00:00.0002656" startTime="2025-07-02T22:04:17.8709043+00:00" endTime="2025-07-02T22:04:17.8739496+00:00" testType="13cdc9d9-ddb5-4fa4-a97d-d965ccfc6d4b" outcome="Passed" testListId="8c84fa94-04c1-424b-9868-57a2d4851a1d" relativeResultsDirectory="f5c2fc44-5855-4745-9084-036d6a56b3cf" />
    <UnitTestResult executionId="54cfb577-984e-49d6-aea5-b25a5a28f69b" testId="85111466-f419-f1ea-fb4c-ba5f19f5b76d" testName="Microsoft.AspNetCore.Components.Routing.QueryParameterValueSupplierTest.EmptyStringValuesAreSuppliedAsEmptyString(queryPart: &quot;&quot;)" computerName="pkrvmbietmlfzoi" duration="00:00:00.0007133" startTime="2025-07-02T22:04:17.6570831+00:00" endTime="2025-07-02T22:04:17.6573762+00:00" testType="13cdc9d9-ddb5-4fa4-a97d-d965ccfc6d4b" outcome="Passed" testListId="8c84fa94-04c1-424b-9868-57a2d4851a1d" relativeResultsDirectory="54cfb577-984e-49d6-aea5-b25a5a28f69b" />
    <UnitTestResult executionId="3c408812-b397-4c3e-b3a2-a5dcf20bcf22" testId="e2ae4437-b94f-5fa2-0628-78f91a702d49" testName="Microsoft.AspNetCore.Components.Routing.RouteTableFactoryTests.PrefersShorterRoutesOverLongerRoutes" computerName="pkrvmbietmlfzoi" duration="00:00:00.0046732" startTime="2025-07-02T22:04:17.8619155+00:00" endTime="2025-07-02T22:04:17.8695859+00:00" testType="13cdc9d9-ddb5-4fa4-a97d-d965ccfc6d4b" outcome="Passed" testListId="8c84fa94-04c1-424b-9868-57a2d4851a1d" relativeResultsDirectory="3c408812-b397-4c3e-b3a2-a5dcf20bcf22" />
    <UnitTestResult executionId="58f62141-e1fa-4495-96ce-6cfcf8b21def" testId="402d9547-53c6-8a37-1073-086800375532" testName="Microsoft.AspNetCore.Components.EventCallbackFactoryBinderExtensionsTest.CreateBinder_DateTime_Format" computerName="pkrvmbietmlfzoi" duration="00:00:00.0032393" startTime="2025-07-02T22:04:17.9191517+00:00" endTime="2025-07-02T22:04:17.9239123+00:00" testType="13cdc9d9-ddb5-4fa4-a97d-d965ccfc6d4b" outcome="Passed" testListId="8c84fa94-04c1-424b-9868-57a2d4851a1d" relativeResultsDirectory="58f62141-e1fa-4495-96ce-6cfcf8b21def" />
    <UnitTestResult executionId="f1e68da9-d262-46b8-973f-b02c2929f9a3" testId="30fa9209-d066-e423-381b-b8353c5b9b01" testName="Microsoft.AspNetCore.Components.ParameterViewTest.ThrowsIfTryGetExistingValueWithIncorrectType" computerName="pkrvmbietmlfzoi" duration="00:00:00.0007733" startTime="2025-07-02T22:04:17.5268281+00:00" endTime="2025-07-02T22:04:17.5291945+00:00" testType="13cdc9d9-ddb5-4fa4-a97d-d965ccfc6d4b" outcome="Passed" testListId="8c84fa94-04c1-424b-9868-57a2d4851a1d" relativeResultsDirectory="f1e68da9-d262-46b8-973f-b02c2929f9a3" />
    <UnitTestResult executionId="785e955f-6306-4eaa-99f6-e05bd5b1da03" testId="89641d7d-69df-219c-d49a-eeeef2f6e5bd" testName="Microsoft.AspNetCore.Components.Routing.RouteTableFactoryTests.CanMatchSegmentWithMultipleConstraints(template: &quot;/{value:double:int?}/&quot;, contextUrl: &quot;/&quot;, convertedValue: null)" computerName="pkrvmbietmlfzoi" duration="00:00:00.0009260" startTime="2025-07-02T22:04:17.6647886+00:00" endTime="2025-07-02T22:04:17.6652298+00:00" testType="13cdc9d9-ddb5-4fa4-a97d-d965ccfc6d4b" outcome="Passed" testListId="8c84fa94-04c1-424b-9868-57a2d4851a1d" relativeResultsDirectory="785e955f-6306-4eaa-99f6-e05bd5b1da03" />
    <UnitTestResult executionId="94c5f91c-7bac-4f76-b5f4-61fccbb4b4cc" testId="fac404be-6320-87f2-facc-6a59183bf4aa" testName="Microsoft.AspNetCore.Components.Routing.RouteTableFactoryTests.CanMatchMultipleOptionalParameterWithConstraint" computerName="pkrvmbietmlfzoi" duration="00:00:00.0408769" startTime="2025-07-02T22:04:17.5805663+00:00" endTime="2025-07-02T22:04:17.6040670+00:00" testType="13cdc9d9-ddb5-4fa4-a97d-d965ccfc6d4b" outcome="Passed" testListId="8c84fa94-04c1-424b-9868-57a2d4851a1d" relativeResultsDirectory="94c5f91c-7bac-4f76-b5f4-61fccbb4b4cc" />
    <UnitTestResult executionId="b0473a2b-5ab3-4913-93da-10cf0253fd40" testId="90b706b5-a0e9-4c9f-9dc3-e3cc9454f3ef" testName="Microsoft.AspNetCore.Components.EventCallbackFactoryTest.Create_Action_Null" computerName="pkrvmbietmlfzoi" duration="00:00:00.0001308" startTime="2025-07-02T22:04:17.6441557+00:00" endTime="2025-07-02T22:04:17.6446760+00:00" testType="13cdc9d9-ddb5-4fa4-a97d-d965ccfc6d4b" outcome="Passed" testListId="8c84fa94-04c1-424b-9868-57a2d4851a1d" relativeResultsDirectory="b0473a2b-5ab3-4913-93da-10cf0253fd40" />
    <UnitTestResult executionId="37548ccc-bb5b-4610-87ac-b449e119f22a" testId="a9b5fb0c-fdd1-e756-f5a2-4dd9aa3afd91" testName="Microsoft.AspNetCore.Components.BindConverterTest.TryConvertTo_NullableGuid_ValidEmptyOrNull(incomingValue: null)" computerName="pkrvmbietmlfzoi" duration="00:00:00.0022168" startTime="2025-07-02T22:04:17.4068757+00:00" endTime="2025-07-02T22:04:17.4069646+00:00" testType="13cdc9d9-ddb5-4fa4-a97d-d965ccfc6d4b" outcome="Passed" testListId="8c84fa94-04c1-424b-9868-57a2d4851a1d" relativeResultsDirectory="37548ccc-bb5b-4610-87ac-b449e119f22a" />
    <UnitTestResult executionId="8c4d6771-3dbf-4215-84d0-a490ca3d3833" testId="a14badbb-38db-c81b-bdbd-dad11350daca" testName="Microsoft.AspNetCore.Components.Test.RendererTest.RenderBatch_HandlesSynchronousExceptionsInAsyncDisposableComponents" computerName="pkrvmbietmlfzoi" duration="00:00:00.0006405" startTime="2025-07-02T22:04:19.2776170+00:00" endTime="2025-07-02T22:04:19.2782228+00:00" testType="13cdc9d9-ddb5-4fa4-a97d-d965ccfc6d4b" outcome="Passed" testListId="8c84fa94-04c1-424b-9868-57a2d4851a1d" relativeResultsDirectory="8c4d6771-3dbf-4215-84d0-a490ca3d3833" />
    <UnitTestResult executionId="12997622-0b57-469b-b5ef-d49073ccb49a" testId="26440f56-b1d5-bf71-6850-73d01d65d17f" testName="Microsoft.AspNetCore.Components.Test.RenderTreeDiffBuilderTest.RecognizesTrailingSequenceWithinLoopBlockBeingAppended" computerName="pkrvmbietmlfzoi" duration="00:00:00.0006085" startTime="2025-07-02T22:04:17.9822028+00:00" endTime="2025-07-02T22:04:17.9822922+00:00" testType="13cdc9d9-ddb5-4fa4-a97d-d965ccfc6d4b" outcome="Passed" testListId="8c84fa94-04c1-424b-9868-57a2d4851a1d" relativeResultsDirectory="12997622-0b57-469b-b5ef-d49073ccb49a" />
    <UnitTestResult executionId="2bc1e3ca-bf4b-4999-8b26-8ac81e51953a" testId="9aecfd5e-2fa6-a6bb-36c6-3f8db459d4e7" testName="Microsoft.AspNetCore.Components.EventCallbackFactoryTest.Create_FuncTask_Unbound" computerName="pkrvmbietmlfzoi" duration="00:00:00.0069343" startTime="2025-07-02T22:04:17.6180650+00:00" endTime="2025-07-02T22:04:17.6205883+00:00" testType="13cdc9d9-ddb5-4fa4-a97d-d965ccfc6d4b" outcome="Passed" testListId="8c84fa94-04c1-424b-9868-57a2d4851a1d" relativeResultsDirectory="2bc1e3ca-bf4b-4999-8b26-8ac81e51953a" />
    <UnitTestResult executionId="23742615-24c9-422f-8746-2caf2bf5c2c0" testId="20980c0c-8d9e-5bed-57d6-a85c57f510fc" testName="Microsoft.AspNetCore.Components.Test.ComponentBaseTest.DoesNotRenderAfterOnParametersSetAsyncTaskIsCanceled" computerName="pkrvmbietmlfzoi" duration="00:00:00.0023767" startTime="2025-07-02T22:04:17.9805107+00:00" endTime="2025-07-02T22:04:17.9826688+00:00" testType="13cdc9d9-ddb5-4fa4-a97d-d965ccfc6d4b" outcome="Passed" testListId="8c84fa94-04c1-424b-9868-57a2d4851a1d" relativeResultsDirectory="23742615-24c9-422f-8746-2caf2bf5c2c0" />
    <UnitTestResult executionId="52780908-476c-4c00-a7d7-22cc02d64bc3" testId="c7260ebc-a696-37ef-e759-c0251b78d7a6" testName="Microsoft.AspNetCore.Components.Routing.RouteTableFactoryTests.CanMatchParameterWithConstraint(template: &quot;/{value:bool}&quot;, contextUrl: &quot;/false&quot;, convertedValue: False)" computerName="pkrvmbietmlfzoi" duration="00:00:00.0014930" startTime="2025-07-02T22:04:17.6161472+00:00" endTime="2025-07-02T22:04:17.6162454+00:00" testType="13cdc9d9-ddb5-4fa4-a97d-d965ccfc6d4b" outcome="Passed" testListId="8c84fa94-04c1-424b-9868-57a2d4851a1d" relativeResultsDirectory="52780908-476c-4c00-a7d7-22cc02d64bc3" />
    <UnitTestResult executionId="2ab6d242-32e8-48e2-8fb1-9b4e1d612e22" testId="fb776401-1cc0-1e5c-b578-f5f3aad47f33" testName="Microsoft.AspNetCore.Components.ParameterViewTest.CanTryGetExistingValueWithCorrectType" computerName="pkrvmbietmlfzoi" duration="00:00:00.0006464" startTime="2025-07-02T22:04:17.5294682+00:00" endTime="2025-07-02T22:04:17.5297961+00:00" testType="13cdc9d9-ddb5-4fa4-a97d-d965ccfc6d4b" outcome="Passed" testListId="8c84fa94-04c1-424b-9868-57a2d4851a1d" relativeResultsDirectory="2ab6d242-32e8-48e2-8fb1-9b4e1d612e22" />
    <UnitTestResult executionId="ef721c14-832f-4b33-9420-1008ef5ab0cb" testId="d2f1f98f-3678-8cc2-c5ce-77210d53b79d" testName="Microsoft.AspNetCore.Components.Test.RendererTest.CannotStartOverlappingBatches" computerName="pkrvmbietmlfzoi" duration="00:00:00.0010214" startTime="2025-07-02T22:04:18.0169552+00:00" endTime="2025-07-02T22:04:18.0170004+00:00" testType="13cdc9d9-ddb5-4fa4-a97d-d965ccfc6d4b" outcome="Passed" testListId="8c84fa94-04c1-424b-9868-57a2d4851a1d" relativeResultsDirectory="ef721c14-832f-4b33-9420-1008ef5ab0cb" />
    <UnitTestResult executionId="d1477655-3945-48fc-b8ea-4d33eaf6f1b5" testId="093eb450-b4d1-b35f-692b-7f98045efb03" testName="Microsoft.AspNetCore.Components.RenderTree.ArrayBuilderTest.RemoveLast_LastEntry" computerName="pkrvmbietmlfzoi" duration="00:00:00.0035284" startTime="2025-07-02T22:04:17.3537466+00:00" endTime="2025-07-02T22:04:17.3572657+00:00" testType="13cdc9d9-ddb5-4fa4-a97d-d965ccfc6d4b" outcome="Passed" testListId="8c84fa94-04c1-424b-9868-57a2d4851a1d" relativeResultsDirectory="d1477655-3945-48fc-b8ea-4d33eaf6f1b5" />
    <UnitTestResult executionId="85a19256-4061-43fd-947c-cbabecdce898" testId="e72dbfa0-31d3-c902-71d9-137733f4bb23" testName="Microsoft.AspNetCore.Components.Test.RenderTreeDiffBuilderTest.RecognizesNewItemsBeingInserted" computerName="pkrvmbietmlfzoi" duration="00:00:00.0004901" startTime="2025-07-02T22:04:17.9708110+00:00" endTime="2025-07-02T22:04:17.9710551+00:00" testType="13cdc9d9-ddb5-4fa4-a97d-d965ccfc6d4b" outcome="Passed" testListId="8c84fa94-04c1-424b-9868-57a2d4851a1d" relativeResultsDirectory="85a19256-4061-43fd-947c-cbabecdce898" />
    <UnitTestResult executionId="42eda672-38fb-4ea0-bf0c-6b755a675919" testId="28374e96-3231-6de2-97b5-ed5b9d438372" testName="Microsoft.AspNetCore.Components.BindConverterTest.TryConvertTo_NullableGuid_ValidEmptyOrNull(incomingValue: &quot;&quot;)" computerName="pkrvmbietmlfzoi" duration="00:00:00.0003114" startTime="2025-07-02T22:04:17.4071468+00:00" endTime="2025-07-02T22:04:17.4075382+00:00" testType="13cdc9d9-ddb5-4fa4-a97d-d965ccfc6d4b" outcome="Passed" testListId="8c84fa94-04c1-424b-9868-57a2d4851a1d" relativeResultsDirectory="42eda672-38fb-4ea0-bf0c-6b755a675919" />
    <UnitTestResult executionId="1c67b18a-d534-41e9-a440-fb9192641461" testId="bc22ce3e-f4f8-d01e-aaad-f263a7472c7b" testName="Microsoft.AspNetCore.Components.Routing.RoutePatternParserTests.Parse_MixedLiteralParameterAndCatchAllParameter" computerName="pkrvmbietmlfzoi" duration="00:00:00.0003955" startTime="2025-07-02T22:04:17.8550992+00:00" endTime="2025-07-02T22:04:17.8554708+00:00" testType="13cdc9d9-ddb5-4fa4-a97d-d965ccfc6d4b" outcome="Passed" testListId="8c84fa94-04c1-424b-9868-57a2d4851a1d" relativeResultsDirectory="1c67b18a-d534-41e9-a440-fb9192641461" />
    <UnitTestResult executionId="c463c3ea-ebb1-4344-88e9-26731f406e47" testId="92eebf8a-d742-7edb-c8d7-cec559535ed0" testName="Microsoft.AspNetCore.Components.Routing.RouteKeyTest.RouteKey_WithAdditionalAssemblies" computerName="pkrvmbietmlfzoi" duration="00:00:00.0018961" startTime="2025-07-02T22:04:17.8694871+00:00" endTime="2025-07-02T22:04:17.8706296+00:00" testType="13cdc9d9-ddb5-4fa4-a97d-d965ccfc6d4b" outcome="Passed" testListId="8c84fa94-04c1-424b-9868-57a2d4851a1d" relativeResultsDirectory="c463c3ea-ebb1-4344-88e9-26731f406e47" />
    <UnitTestResult executionId="a808be8a-aae4-4d79-8d17-6042df036221" testId="79fc2826-52f9-58ea-3898-5f27a103d06b" testName="Microsoft.AspNetCore.Components.CascadingParameterStateTest.FindCascadingParameters_CanOverrideNonNullValueWithNull" computerName="pkrvmbietmlfzoi" duration="00:00:00.0014884" startTime="2025-07-02T22:04:17.5117756+00:00" endTime="2025-07-02T22:04:17.5118594+00:00" testType="13cdc9d9-ddb5-4fa4-a97d-d965ccfc6d4b" outcome="Passed" testListId="8c84fa94-04c1-424b-9868-57a2d4851a1d" relativeResultsDirectory="a808be8a-aae4-4d79-8d17-6042df036221" />
    <UnitTestResult executionId="55210685-b045-4fc8-981f-7a0b958e056a" testId="ac2e8896-c884-fbb9-8d56-af1fdcb2107c" testName="Microsoft.AspNetCore.Components.ComponentApplicationStateTest.InitializeExistingState_ThrowsIfAlreadyInitialized" computerName="pkrvmbietmlfzoi" duration="00:00:00.0003553" startTime="2025-07-02T22:04:17.5999848+00:00" endTime="2025-07-02T22:04:17.6000696+00:00" testType="13cdc9d9-ddb5-4fa4-a97d-d965ccfc6d4b" outcome="Passed" testListId="8c84fa94-04c1-424b-9868-57a2d4851a1d" relativeResultsDirectory="55210685-b045-4fc8-981f-7a0b958e056a" />
    <UnitTestResult executionId="48eeed77-e6ed-4ffa-9326-c1c4ce818c31" testId="f4465c18-7ddc-1465-e925-f39d3b289931" testName="Microsoft.AspNetCore.Components.ComponentsMetricsTest.IsNavigationEnabled_ReturnsCorrectState" computerName="pkrvmbietmlfzoi" duration="00:00:00.0007732" startTime="2025-07-02T22:04:17.8777775+00:00" endTime="2025-07-02T22:04:17.8814814+00:00" testType="13cdc9d9-ddb5-4fa4-a97d-d965ccfc6d4b" outcome="Passed" testListId="8c84fa94-04c1-424b-9868-57a2d4851a1d" relativeResultsDirectory="48eeed77-e6ed-4ffa-9326-c1c4ce818c31" />
    <UnitTestResult executionId="f76b9757-4bf6-43ea-a389-b07716ae0ce4" testId="de5a6185-bea1-cb52-01da-a42f801ea264" testName="Microsoft.AspNetCore.Components.EventCallbackTest.EventCallbackOfT_ActionT_Null" computerName="pkrvmbietmlfzoi" duration="00:00:00.0008374" startTime="2025-07-02T22:04:17.9111030+00:00" endTime="2025-07-02T22:04:17.9120795+00:00" testType="13cdc9d9-ddb5-4fa4-a97d-d965ccfc6d4b" outcome="Passed" testListId="8c84fa94-04c1-424b-9868-57a2d4851a1d" relativeResultsDirectory="f76b9757-4bf6-43ea-a389-b07716ae0ce4" />
    <UnitTestResult executionId="4e772251-b9cc-46f2-91c4-ae1c649b7f43" testId="dd10cb28-d6e4-ea8c-d462-fda602ca1e88" testName="Microsoft.AspNetCore.Components.EventCallbackFactoryBinderExtensionsTest.CreateBinder_Float" computerName="pkrvmbietmlfzoi" duration="00:00:00.0194159" startTime="2025-07-02T22:04:17.6525551+00:00" endTime="2025-07-02T22:04:17.6648923+00:00" testType="13cdc9d9-ddb5-4fa4-a97d-d965ccfc6d4b" outcome="Passed" testListId="8c84fa94-04c1-424b-9868-57a2d4851a1d" relativeResultsDirectory="4e772251-b9cc-46f2-91c4-ae1c649b7f43" />
    <UnitTestResult executionId="6747faad-9971-47f1-a1dc-f668f90cafd7" testId="0a300af8-074e-9501-ec6a-975668ca3859" testName="Microsoft.AspNetCore.Components.Routing.QueryParameterValueSupplierTest.RejectsUnparseableArrayEntries(key: &quot;NullableIntVals&quot;, validValue: &quot;5000000&quot;, invalidValue: &quot;5000000000&quot;, targetType: typeof(int?))" computerName="pkrvmbietmlfzoi" duration="00:00:00.0026798" startTime="2025-07-02T22:04:17.7307281+00:00" endTime="2025-07-02T22:04:17.7354809+00:00" testType="13cdc9d9-ddb5-4fa4-a97d-d965ccfc6d4b" outcome="Passed" testListId="8c84fa94-04c1-424b-9868-57a2d4851a1d" relativeResultsDirectory="6747faad-9971-47f1-a1dc-f668f90cafd7" />
    <UnitTestResult executionId="2b9d9dbf-4afc-40fc-a6ee-2df7c5b774a5" testId="5fcac1c4-42bc-fd3a-a7b7-be9c716c0909" testName="Microsoft.AspNetCore.Components.Test.RenderTreeDiffBuilderTest.RecognizesComponentTypeChangesAtSameSequenceNumber" computerName="pkrvmbietmlfzoi" duration="00:00:00.0017394" startTime="2025-07-02T22:04:18.0027350+00:00" endTime="2025-07-02T22:04:18.0028440+00:00" testType="13cdc9d9-ddb5-4fa4-a97d-d965ccfc6d4b" outcome="Passed" testListId="8c84fa94-04c1-424b-9868-57a2d4851a1d" relativeResultsDirectory="2b9d9dbf-4afc-40fc-a6ee-2df7c5b774a5" />
    <UnitTestResult executionId="96207d43-a08d-4a88-9efc-d55782666473" testId="9e3f27a6-59c2-db03-8c89-df0fbdc5a2f0" testName="Microsoft.AspNetCore.Components.Test.RenderTreeUpdaterTest.IgnoresUpdatesToAttributesIfUnexpectedValueTypeSupplied" computerName="pkrvmbietmlfzoi" duration="00:00:00.0010727" startTime="2025-07-02T22:04:17.4192299+00:00" endTime="2025-07-02T22:04:17.4213255+00:00" testType="13cdc9d9-ddb5-4fa4-a97d-d965ccfc6d4b" outcome="Passed" testListId="8c84fa94-04c1-424b-9868-57a2d4851a1d" relativeResultsDirectory="96207d43-a08d-4a88-9efc-d55782666473" />
    <UnitTestResult executionId="ad4982db-c2dd-4c5c-871c-51c2da3285c9" testId="10ea75e5-1086-70be-114d-0a29818ef28d" testName="Microsoft.AspNetCore.Components.Test.RenderTreeDiffBuilderTest.InstantiatesChildComponentsForInsertedFrames" computerName="pkrvmbietmlfzoi" duration="00:00:00.0099597" startTime="2025-07-02T22:04:17.9677942+00:00" endTime="2025-07-02T22:04:17.9686565+00:00" testType="13cdc9d9-ddb5-4fa4-a97d-d965ccfc6d4b" outcome="Passed" testListId="8c84fa94-04c1-424b-9868-57a2d4851a1d" relativeResultsDirectory="ad4982db-c2dd-4c5c-871c-51c2da3285c9" />
    <UnitTestResult executionId="ba884a6d-b129-4030-a234-bd39fe595ca1" testId="85a91969-13ae-1239-28d7-a0ec6378677f" testName="Microsoft.AspNetCore.Components.CascadingParameterStateTest.FindCascadingParameters_TypeAssignmentIsValidForNullValue_ReturnsMatches" computerName="pkrvmbietmlfzoi" duration="00:00:00.0042274" startTime="2025-07-02T22:04:17.4998655+00:00" endTime="2025-07-02T22:04:17.5032934+00:00" testType="13cdc9d9-ddb5-4fa4-a97d-d965ccfc6d4b" outcome="Passed" testListId="8c84fa94-04c1-424b-9868-57a2d4851a1d" relativeResultsDirectory="ba884a6d-b129-4030-a234-bd39fe595ca1" />
    <UnitTestResult executionId="27b69a5c-15d5-40dd-a36e-22a994135772" testId="b7fa2b84-2964-592a-59c7-32071a593067" testName="Microsoft.AspNetCore.Components.Test.LayoutViewTest.GivenNoParameters_RendersNothing" computerName="pkrvmbietmlfzoi" duration="00:00:00.0082170" startTime="2025-07-02T22:04:17.8660933+00:00" endTime="2025-07-02T22:04:17.8810996+00:00" testType="13cdc9d9-ddb5-4fa4-a97d-d965ccfc6d4b" outcome="Passed" testListId="8c84fa94-04c1-424b-9868-57a2d4851a1d" relativeResultsDirectory="27b69a5c-15d5-40dd-a36e-22a994135772" />
    <UnitTestResult executionId="165bad8a-8013-4e3b-8467-8d0eb48be48b" testId="6eb5bf9b-9651-6d1d-3a82-885bce2195f2" testName="Microsoft.AspNetCore.Components.EventCallbackFactoryTest.CreateT_FuncTask_AlreadyBoundToReceiver" computerName="pkrvmbietmlfzoi" duration="00:00:00.0002076" startTime="2025-07-02T22:04:17.6252630+00:00" endTime="2025-07-02T22:04:17.6256159+00:00" testType="13cdc9d9-ddb5-4fa4-a97d-d965ccfc6d4b" outcome="Passed" testListId="8c84fa94-04c1-424b-9868-57a2d4851a1d" relativeResultsDirectory="165bad8a-8013-4e3b-8467-8d0eb48be48b" />
    <UnitTestResult executionId="320b0f35-b728-427a-be31-5d48c02c6486" testId="9c96bea9-71d6-919f-991b-f09a016aab82" testName="Microsoft.AspNetCore.Components.Routing.RouteTableFactoryTests.DoesNotThrowForNonAmbiguousRoutes(first: &quot;literal/{optional?}&quot;, second: &quot;literal/{optional:int?}&quot;)" computerName="pkrvmbietmlfzoi" duration="00:00:00.0003423" startTime="2025-07-02T22:04:17.5780677+00:00" endTime="2025-07-02T22:04:17.5781784+00:00" testType="13cdc9d9-ddb5-4fa4-a97d-d965ccfc6d4b" outcome="Passed" testListId="8c84fa94-04c1-424b-9868-57a2d4851a1d" relativeResultsDirectory="320b0f35-b728-427a-be31-5d48c02c6486" />
    <UnitTestResult executionId="96328492-7ab3-41e1-89a7-aa9d134e7784" testId="45913e0e-7768-b45d-e231-50a77a9a60bc" testName="Microsoft.AspNetCore.Components.Rendering.RenderTreeBuilderTest.CanAddMarkupViaMarkupString" computerName="pkrvmbietmlfzoi" duration="00:00:00.0022810" startTime="2025-07-02T22:04:17.8170686+00:00" endTime="2025-07-02T22:04:17.8177626+00:00" testType="13cdc9d9-ddb5-4fa4-a97d-d965ccfc6d4b" outcome="Passed" testListId="8c84fa94-04c1-424b-9868-57a2d4851a1d" relativeResultsDirectory="96328492-7ab3-41e1-89a7-aa9d134e7784" />
    <UnitTestResult executionId="3af27c84-b398-4dad-acdf-c5b9f24dadb8" testId="0e5b3705-4dae-2181-2558-00a8f7b1941e" testName="Microsoft.AspNetCore.Components.Rendering.RenderTreeBuilderTest.CannotAddEventHandlerAttributeToText" computerName="pkrvmbietmlfzoi" duration="00:00:00.0003676" startTime="2025-07-02T22:04:17.9076548+00:00" endTime="2025-07-02T22:04:17.9088609+00:00" testType="13cdc9d9-ddb5-4fa4-a97d-d965ccfc6d4b" outcome="Passed" testListId="8c84fa94-04c1-424b-9868-57a2d4851a1d" relativeResultsDirectory="3af27c84-b398-4dad-acdf-c5b9f24dadb8" />
    <UnitTestResult executionId="1bce634e-9b60-4505-8f6b-f1ce4baf8f56" testId="0ce2cbd6-1772-13c1-3afe-14dfc1e76a0c" testName="Microsoft.AspNetCore.Components.EventCallbackFactoryTest.CreateT_Action_AlreadyBoundToReceiver" computerName="pkrvmbietmlfzoi" duration="00:00:00.0003086" startTime="2025-07-02T22:04:17.6245639+00:00" endTime="2025-07-02T22:04:17.6246651+00:00" testType="13cdc9d9-ddb5-4fa4-a97d-d965ccfc6d4b" outcome="Passed" testListId="8c84fa94-04c1-424b-9868-57a2d4851a1d" relativeResultsDirectory="1bce634e-9b60-4505-8f6b-f1ce4baf8f56" />
    <UnitTestResult executionId="6c464d17-1eb8-46f3-8bc6-9d4a7202197d" testId="ff7cf126-3f50-6353-bdb8-6e1a4f043d22" testName="Microsoft.AspNetCore.Components.ParameterViewTest.SettingCaptureUnmatchedValuesParameterWithUnmatchedValuesWorks" computerName="pkrvmbietmlfzoi" duration="00:00:00.0188967" startTime="2025-07-02T22:04:17.4335116+00:00" endTime="2025-07-02T22:04:17.4521855+00:00" testType="13cdc9d9-ddb5-4fa4-a97d-d965ccfc6d4b" outcome="Passed" testListId="8c84fa94-04c1-424b-9868-57a2d4851a1d" relativeResultsDirectory="6c464d17-1eb8-46f3-8bc6-9d4a7202197d" />
    <UnitTestResult executionId="e787835c-e915-40ac-a65b-803865f20d48" testId="9e61a264-82a4-bfa1-64cd-a2c2159339ad" testName="Microsoft.AspNetCore.Components.Test.ComponentBaseTest.RunsOnAfterRender_AfterRenderingCompletes" computerName="pkrvmbietmlfzoi" duration="00:00:00.0017693" startTime="2025-07-02T22:04:17.9214563+00:00" endTime="2025-07-02T22:04:17.9242934+00:00" testType="13cdc9d9-ddb5-4fa4-a97d-d965ccfc6d4b" outcome="Passed" testListId="8c84fa94-04c1-424b-9868-57a2d4851a1d" relativeResultsDirectory="e787835c-e915-40ac-a65b-803865f20d48" />
    <UnitTestResult executionId="8c684d0f-7d11-4d28-a7d4-a148753d6895" testId="78b75ed4-8429-21f9-9592-505525d763b8" testName="Microsoft.AspNetCore.Components.Test.RendererTest.CannotRemoveNonRootComponentsDirectly" computerName="pkrvmbietmlfzoi" duration="00:00:00.0008942" startTime="2025-07-02T22:04:19.3094410+00:00" endTime="2025-07-02T22:04:19.3095794+00:00" testType="13cdc9d9-ddb5-4fa4-a97d-d965ccfc6d4b" outcome="Passed" testListId="8c84fa94-04c1-424b-9868-57a2d4851a1d" relativeResultsDirectory="8c684d0f-7d11-4d28-a7d4-a148753d6895" />
    <UnitTestResult executionId="ea9e9c8a-78ff-4b1a-9092-f0075bf23664" testId="fcb4482f-293e-49e1-2ace-5e47fc3c89f2" testName="Microsoft.AspNetCore.Components.PersistentState.PersistentServicesRegistryTest.PersistStateAsync_DoesNotThrow_WhenTypeCantBeFoundForPersistedRegistrations" computerName="pkrvmbietmlfzoi" duration="00:00:00.0423809" startTime="2025-07-02T22:04:17.2239846+00:00" endTime="2025-07-02T22:04:17.3580490+00:00" testType="13cdc9d9-ddb5-4fa4-a97d-d965ccfc6d4b" outcome="Passed" testListId="8c84fa94-04c1-424b-9868-57a2d4851a1d" relativeResultsDirectory="ea9e9c8a-78ff-4b1a-9092-f0075bf23664" />
    <UnitTestResult executionId="77ee3713-fc54-4e6b-b410-3c19978eabe0" testId="d382518d-ac2b-8268-6b41-67aad5d08128" testName="Microsoft.AspNetCore.Components.Rendering.RenderTreeBuilderTest.CannotAddNamedEventWithNullEventType" computerName="pkrvmbietmlfzoi" duration="00:00:00.0003999" startTime="2025-07-02T22:04:17.9412466+00:00" endTime="2025-07-02T22:04:17.9413001+00:00" testType="13cdc9d9-ddb5-4fa4-a97d-d965ccfc6d4b" outcome="Passed" testListId="8c84fa94-04c1-424b-9868-57a2d4851a1d" relativeResultsDirectory="77ee3713-fc54-4e6b-b410-3c19978eabe0" />
    <UnitTestResult executionId="cb28aaec-824d-4812-869d-6974a8abac69" testId="be8fb651-f0db-2481-37f7-dabddb88ecfb" testName="Microsoft.AspNetCore.Components.Test.RenderTreeDiffBuilderTest.AttributeDiff_WithSameSequenceNumber_AttributeRemovedAtStart" computerName="pkrvmbietmlfzoi" duration="00:00:00.0004304" startTime="2025-07-02T22:04:17.9984069+00:00" endTime="2025-07-02T22:04:17.9998340+00:00" testType="13cdc9d9-ddb5-4fa4-a97d-d965ccfc6d4b" outcome="Passed" testListId="8c84fa94-04c1-424b-9868-57a2d4851a1d" relativeResultsDirectory="cb28aaec-824d-4812-869d-6974a8abac69" />
    <UnitTestResult executionId="ee4d875b-0ff7-4e15-b58c-56189e9b6d03" testId="bca2ad5c-47df-5e28-1972-71afed63384f" testName="Microsoft.AspNetCore.Components.Rendering.RenderTreeBuilderTest.CannotAddComponentReferenceCaptureInsideElement" computerName="pkrvmbietmlfzoi" duration="00:00:00.0003651" startTime="2025-07-02T22:04:17.9157045+00:00" endTime="2025-07-02T22:04:17.9172527+00:00" testType="13cdc9d9-ddb5-4fa4-a97d-d965ccfc6d4b" outcome="Passed" testListId="8c84fa94-04c1-424b-9868-57a2d4851a1d" relativeResultsDirectory="ee4d875b-0ff7-4e15-b58c-56189e9b6d03" />
    <UnitTestResult executionId="78d8c63c-7184-4312-b41b-f05708491191" testId="ff8577fb-ce84-7fd8-66c7-cb19e42ba466" testName="Microsoft.AspNetCore.Components.NavigationManagerTest.LocationChangingHandlers_CanThrowCatchableExceptionsAsynchronously_AfterNavigationEnds" computerName="pkrvmbietmlfzoi" duration="00:00:00.0093976" startTime="2025-07-02T22:04:17.6535048+00:00" endTime="2025-07-02T22:04:17.6582205+00:00" testType="13cdc9d9-ddb5-4fa4-a97d-d965ccfc6d4b" outcome="Passed" testListId="8c84fa94-04c1-424b-9868-57a2d4851a1d" relativeResultsDirectory="78d8c63c-7184-4312-b41b-f05708491191" />
    <UnitTestResult executionId="346fc274-92aa-4e92-92e0-aa9d3c7bb52e" testId="734f9863-940c-6f02-4bab-fe88b38a76bc" testName="Microsoft.AspNetCore.Components.CascadingParameterStateTest.FindCascadingParameters_IfHasNoParameters_ReturnsEmpty" computerName="pkrvmbietmlfzoi" duration="00:00:00.0001316" startTime="2025-07-02T22:04:17.5126572+00:00" endTime="2025-07-02T22:04:17.5127531+00:00" testType="13cdc9d9-ddb5-4fa4-a97d-d965ccfc6d4b" outcome="Passed" testListId="8c84fa94-04c1-424b-9868-57a2d4851a1d" relativeResultsDirectory="346fc274-92aa-4e92-92e0-aa9d3c7bb52e" />
    <UnitTestResult executionId="fa142182-572b-47f8-be7f-38602aff0650" testId="a3c8ed5d-3a6e-a49a-1e69-d3d0339835de" testName="Microsoft.AspNetCore.Components.ComponentsMetricsTest.CaptureEventDuration_RecordsSuccessMetric" computerName="pkrvmbietmlfzoi" duration="00:00:00.0264078" startTime="2025-07-02T22:04:17.9216302+00:00" endTime="2025-07-02T22:04:17.9463410+00:00" testType="13cdc9d9-ddb5-4fa4-a97d-d965ccfc6d4b" outcome="Passed" testListId="8c84fa94-04c1-424b-9868-57a2d4851a1d" relativeResultsDirectory="fa142182-572b-47f8-be7f-38602aff0650" />
    <UnitTestResult executionId="189a1ac4-51a8-47b7-bf7d-12e55c6d9140" testId="827ca186-0c29-b61e-9e2f-035ce5286d39" testName="Microsoft.AspNetCore.Components.Rendering.RenderTreeBuilderTest.CanNestElements" computerName="pkrvmbietmlfzoi" duration="00:00:00.0025344" startTime="2025-07-02T22:04:17.9178585+00:00" endTime="2025-07-02T22:04:17.9210943+00:00" testType="13cdc9d9-ddb5-4fa4-a97d-d965ccfc6d4b" outcome="Passed" testListId="8c84fa94-04c1-424b-9868-57a2d4851a1d" relativeResultsDirectory="189a1ac4-51a8-47b7-bf7d-12e55c6d9140" />
    <UnitTestResult executionId="24d91d7d-0550-49c5-9556-04ed7559e5a1" testId="40e9e5d4-1c18-ecc2-e66c-2236d1053683" testName="Microsoft.AspNetCore.Components.ComponentsMetricsTest.IsEventEnabled_ReturnsCorrectState" computerName="pkrvmbietmlfzoi" duration="00:00:00.0553710" startTime="2025-07-02T22:04:17.5631252+00:00" endTime="2025-07-02T22:04:17.6085458+00:00" testType="13cdc9d9-ddb5-4fa4-a97d-d965ccfc6d4b" outcome="Passed" testListId="8c84fa94-04c1-424b-9868-57a2d4851a1d" relativeResultsDirectory="24d91d7d-0550-49c5-9556-04ed7559e5a1" />
    <UnitTestResult executionId="1f6ee66f-6d96-4a8a-b740-b3d2ae66a291" testId="cccea001-0fd4-8a8c-2ed3-d5353b49df15" testName="Microsoft.AspNetCore.Components.Rendering.RenderTreeBuilderTest.ProcessDuplicateAttributes_CanRemoveDuplicateInsideElement" computerName="pkrvmbietmlfzoi" duration="00:00:00.0007021" startTime="2025-07-02T22:04:17.7904993+00:00" endTime="2025-07-02T22:04:17.7931153+00:00" testType="13cdc9d9-ddb5-4fa4-a97d-d965ccfc6d4b" outcome="Passed" testListId="8c84fa94-04c1-424b-9868-57a2d4851a1d" relativeResultsDirectory="1f6ee66f-6d96-4a8a-b740-b3d2ae66a291" />
    <UnitTestResult executionId="f523cfc5-fb5b-4761-abaa-692a64167b5e" testId="eab1726c-60be-51af-68e5-eb627280a04a" testName="Microsoft.AspNetCore.Components.Test.RendererTest.BindWithAfter_Action" computerName="pkrvmbietmlfzoi" duration="00:00:00.0012992" startTime="2025-07-02T22:04:18.2454802+00:00" endTime="2025-07-02T22:04:18.2468259+00:00" testType="13cdc9d9-ddb5-4fa4-a97d-d965ccfc6d4b" outcome="Passed" testListId="8c84fa94-04c1-424b-9868-57a2d4851a1d" relativeResultsDirectory="f523cfc5-fb5b-4761-abaa-692a64167b5e" />
    <UnitTestResult executionId="df639b9a-9845-4e74-bb71-44609b9a563c" testId="8c25d266-0f03-7ae6-7678-beedad642844" testName="Microsoft.AspNetCore.Components.Routing.RoutePatternParserTests.InvalidTemplate_WithRepeatedParameter" computerName="pkrvmbietmlfzoi" duration="00:00:00.0006823" startTime="2025-07-02T22:04:17.8299699+00:00" endTime="2025-07-02T22:04:17.8332580+00:00" testType="13cdc9d9-ddb5-4fa4-a97d-d965ccfc6d4b" outcome="Passed" testListId="8c84fa94-04c1-424b-9868-57a2d4851a1d" relativeResultsDirectory="df639b9a-9845-4e74-bb71-44609b9a563c" />
    <UnitTestResult executionId="d333f9f7-2b2a-4266-87e8-a8fd0c3c03cf" testId="ee4a139b-64d6-aff9-926b-67f81984161d" testName="Microsoft.AspNetCore.Components.Routing.RouteTableFactoryTests.ThrowsWhenCatchAllIsNotTheLastSegment(template: &quot;prefix/{*catchall}/{parameter}&quot;)" computerName="pkrvmbietmlfzoi" duration="00:00:00.0003704" startTime="2025-07-02T22:04:17.6898946+00:00" endTime="2025-07-02T22:04:17.6989162+00:00" testType="13cdc9d9-ddb5-4fa4-a97d-d965ccfc6d4b" outcome="Passed" testListId="8c84fa94-04c1-424b-9868-57a2d4851a1d" relativeResultsDirectory="d333f9f7-2b2a-4266-87e8-a8fd0c3c03cf" />
    <UnitTestResult executionId="492d8a79-858e-49ac-8e59-24eb725509f8" testId="68b9dfec-41b7-a06d-054b-ba6568f69ed0" testName="Microsoft.AspNetCore.Components.Test.DependencyInjectionTest.ThrowsForInjectablePropertiesWithoutSetter" computerName="pkrvmbietmlfzoi" duration="00:00:00.0004238" startTime="2025-07-02T22:04:17.3516901+00:00" endTime="2025-07-02T22:04:17.3521510+00:00" testType="13cdc9d9-ddb5-4fa4-a97d-d965ccfc6d4b" outcome="Passed" testListId="8c84fa94-04c1-424b-9868-57a2d4851a1d" relativeResultsDirectory="492d8a79-858e-49ac-8e59-24eb725509f8" />
    <UnitTestResult executionId="5806d61b-37f7-48e0-8402-3746a3feef2d" testId="5480f7b1-3654-ffee-c98b-6ebbcc60e5ec" testName="Microsoft.AspNetCore.Components.Routing.QueryParameterValueSupplierTest.RejectsBlankArrayEntriesWhenNotNullable(key: &quot;DecimalVals&quot;, targetType: typeof(decimal))" computerName="pkrvmbietmlfzoi" duration="00:00:00.0003340" startTime="2025-07-02T22:04:17.7258679+00:00" endTime="2025-07-02T22:04:17.7259728+00:00" testType="13cdc9d9-ddb5-4fa4-a97d-d965ccfc6d4b" outcome="Passed" testListId="8c84fa94-04c1-424b-9868-57a2d4851a1d" relativeResultsDirectory="5806d61b-37f7-48e0-8402-3746a3feef2d" />
    <UnitTestResult executionId="e9864d22-c422-4ad9-8d35-0d6cedb89231" testId="e57b50d1-b22a-680b-49f3-004c8133d930" testName="Microsoft.AspNetCore.Components.Rendering.RendererSynchronizationContextTest.Post_BackgroundWorkItem_CanProcessMoreItemsInline" computerName="pkrvmbietmlfzoi" duration="00:00:00.1110442" startTime="2025-07-02T22:04:17.7495558+00:00" endTime="2025-07-02T22:04:17.9355445+00:00" testType="13cdc9d9-ddb5-4fa4-a97d-d965ccfc6d4b" outcome="Passed" testListId="8c84fa94-04c1-424b-9868-57a2d4851a1d" relativeResultsDirectory="e9864d22-c422-4ad9-8d35-0d6cedb89231" />
    <UnitTestResult executionId="1b94ef56-b699-483b-85e2-37ab7c8d1c44" testId="3bd5f0e6-a898-4764-8e91-93aad44dad43" testName="Microsoft.AspNetCore.Components.Routing.RouteTableFactoryTests.ThrowsWhenCatchAllIsNotTheLastSegment(template: &quot;prefix/{*catchall}/{*other}&quot;)" computerName="pkrvmbietmlfzoi" duration="00:00:00.0014819" startTime="2025-07-02T22:04:17.6824770+00:00" endTime="2025-07-02T22:04:17.6860390+00:00" testType="13cdc9d9-ddb5-4fa4-a97d-d965ccfc6d4b" outcome="Passed" testListId="8c84fa94-04c1-424b-9868-57a2d4851a1d" relativeResultsDirectory="1b94ef56-b699-483b-85e2-37ab7c8d1c44" />
    <UnitTestResult executionId="f9b8071a-25e7-4ab3-90fc-8f8a2cb5ebf1" testId="5e007768-5fbf-30e3-d7e7-67774ed17a80" testName="Microsoft.AspNetCore.Components.Rendering.RenderTreeBuilderTest.AddAttribute_Element_Action_AddsFrame" computerName="pkrvmbietmlfzoi" duration="00:00:00.0011599" startTime="2025-07-02T22:04:17.7319185+00:00" endTime="2025-07-02T22:04:17.7344639+00:00" testType="13cdc9d9-ddb5-4fa4-a97d-d965ccfc6d4b" outcome="Passed" testListId="8c84fa94-04c1-424b-9868-57a2d4851a1d" relativeResultsDirectory="f9b8071a-25e7-4ab3-90fc-8f8a2cb5ebf1" />
    <UnitTestResult executionId="19a2fe7a-58af-4141-a718-ae4e474a46eb" testId="88fde139-dea0-187e-d5da-5bf77e5c9fc2" testName="Microsoft.AspNetCore.Components.ParameterViewTest.EnumerationIncludesCascadingParameters" computerName="pkrvmbietmlfzoi" duration="00:00:00.0057818" startTime="2025-07-02T22:04:17.4875580+00:00" endTime="2025-07-02T22:04:17.4910147+00:00" testType="13cdc9d9-ddb5-4fa4-a97d-d965ccfc6d4b" outcome="Passed" testListId="8c84fa94-04c1-424b-9868-57a2d4851a1d" relativeResultsDirectory="19a2fe7a-58af-4141-a718-ae4e474a46eb" />
    <UnitTestResult executionId="41faa644-e8dc-4937-934b-304f3eec0d20" testId="cd8997ba-625f-ef13-00bd-c2f23ac49194" testName="Microsoft.AspNetCore.Components.Rendering.RenderTreeBuilderTest.CannotAddAttributeAtRoot" computerName="pkrvmbietmlfzoi" duration="00:00:00.0003176" startTime="2025-07-02T22:04:17.7315441+00:00" endTime="2025-07-02T22:04:17.7316515+00:00" testType="13cdc9d9-ddb5-4fa4-a97d-d965ccfc6d4b" outcome="Passed" testListId="8c84fa94-04c1-424b-9868-57a2d4851a1d" relativeResultsDirectory="41faa644-e8dc-4937-934b-304f3eec0d20" />
    <UnitTestResult executionId="02534567-b36b-4cf5-a315-e95c14c6e9f0" testId="c5d8ae9b-c29c-8b55-6790-e49163237818" testName="Microsoft.AspNetCore.Components.ParameterViewTest.IncomingCascadingValueMatchesNonCascadingParameter_WithCaptureUnmatchedValues_Throws" computerName="pkrvmbietmlfzoi" duration="00:00:00.0034849" startTime="2025-07-02T22:04:17.5219931+00:00" endTime="2025-07-02T22:04:17.5261829+00:00" testType="13cdc9d9-ddb5-4fa4-a97d-d965ccfc6d4b" outcome="Passed" testListId="8c84fa94-04c1-424b-9868-57a2d4851a1d" relativeResultsDirectory="02534567-b36b-4cf5-a315-e95c14c6e9f0" />
    <UnitTestResult executionId="ffcd6fac-81d4-412c-a328-1dea46f32419" testId="f0f2cf6e-e91d-d6e3-e39e-345b40bd28a5" testName="Microsoft.AspNetCore.Components.ComponentStatePersistenceManagerTest.RestoreStateAsync_ThrowsOnDoubleInitialization" computerName="pkrvmbietmlfzoi" duration="00:00:00.0012454" startTime="2025-07-02T22:04:17.9529292+00:00" endTime="2025-07-02T22:04:17.9539806+00:00" testType="13cdc9d9-ddb5-4fa4-a97d-d965ccfc6d4b" outcome="Passed" testListId="8c84fa94-04c1-424b-9868-57a2d4851a1d" relativeResultsDirectory="ffcd6fac-81d4-412c-a328-1dea46f32419" />
    <UnitTestResult executionId="21690c07-d41d-4ed7-b4b5-507bccc235f5" testId="1080a8fb-c4f5-1740-e9b9-cd24db7a0bc9" testName="Microsoft.AspNetCore.Components.PersistentStateValueProviderTests.PersistAsync_CanPersistMultipleComponentsOfSameType_SupportsDifferentKeyTypes(componentKey1: 3.14159012, componentKey2: -3.14159012)" computerName="pkrvmbietmlfzoi" duration="00:00:00.0002893" startTime="2025-07-02T22:04:17.5434229+00:00" endTime="2025-07-02T22:04:17.5459927+00:00" testType="13cdc9d9-ddb5-4fa4-a97d-d965ccfc6d4b" outcome="Passed" testListId="8c84fa94-04c1-424b-9868-57a2d4851a1d" relativeResultsDirectory="21690c07-d41d-4ed7-b4b5-507bccc235f5" />
    <UnitTestResult executionId="1d255889-b5f4-4203-8b6e-a5c0db036c4e" testId="adc37a55-3018-40ec-b3ed-4ed7924c463d" testName="Microsoft.AspNetCore.Components.Routing.QueryParameterValueSupplierTest.SuppliesEmptyArrayForArrayTypesIfNotSpecified(query: &quot;?unrelated=123&quot;)" computerName="pkrvmbietmlfzoi" duration="00:00:00.0029007" startTime="2025-07-02T22:04:17.6567704+00:00" endTime="2025-07-02T22:04:17.6568656+00:00" testType="13cdc9d9-ddb5-4fa4-a97d-d965ccfc6d4b" outcome="Passed" testListId="8c84fa94-04c1-424b-9868-57a2d4851a1d" relativeResultsDirectory="1d255889-b5f4-4203-8b6e-a5c0db036c4e" />
    <UnitTestResult executionId="c2a44d59-5df2-4e73-8ecd-778c5f07ca9a" testId="f2682ae8-cb44-07d9-4b2e-6f7ac7579d66" testName="Microsoft.AspNetCore.Components.Test.RendererTest.EventDispatching_DelegateParameter_NoTargetLambda" computerName="pkrvmbietmlfzoi" duration="00:00:00.0008905" startTime="2025-07-02T22:04:19.3098562+00:00" endTime="2025-07-02T22:04:19.3099648+00:00" testType="13cdc9d9-ddb5-4fa4-a97d-d965ccfc6d4b" outcome="Passed" testListId="8c84fa94-04c1-424b-9868-57a2d4851a1d" relativeResultsDirectory="c2a44d59-5df2-4e73-8ecd-778c5f07ca9a" />
    <UnitTestResult executionId="8aa5774d-2ece-48f4-9695-fbb6eec62c84" testId="cb666151-ca36-d93c-1816-b59b9f13d583" testName="Microsoft.AspNetCore.Components.EventCallbackTest.EventCallback_ActionT_Arg" computerName="pkrvmbietmlfzoi" duration="00:00:00.0011280" startTime="2025-07-02T22:04:17.9019693+00:00" endTime="2025-07-02T22:04:17.9038909+00:00" testType="13cdc9d9-ddb5-4fa4-a97d-d965ccfc6d4b" outcome="Passed" testListId="8c84fa94-04c1-424b-9868-57a2d4851a1d" relativeResultsDirectory="8aa5774d-2ece-48f4-9695-fbb6eec62c84" />
    <UnitTestResult executionId="e9c40258-e582-4c24-9e02-61291a412a92" testId="0654b257-2c98-6e2a-b721-90035e3a4ed3" testName="Microsoft.AspNetCore.Components.NavigationManagerTest.LocationChangingHandlers_CanCancelTheNavigationSynchronously_BeforeReturning_WhenOneHandlerIsRegistered" computerName="pkrvmbietmlfzoi" duration="00:00:00.0015862" startTime="2025-07-02T22:04:17.6531239+00:00" endTime="2025-07-02T22:04:17.6532375+00:00" testType="13cdc9d9-ddb5-4fa4-a97d-d965ccfc6d4b" outcome="Passed" testListId="8c84fa94-04c1-424b-9868-57a2d4851a1d" relativeResultsDirectory="e9c40258-e582-4c24-9e02-61291a412a92" />
    <UnitTestResult executionId="0ff7f56e-35be-4a29-920b-645b2b0a33e7" testId="1080a8fb-c4f5-1740-e9b9-cd24db7a0bc9" testName="Microsoft.AspNetCore.Components.PersistentStateValueProviderTests.PersistAsync_CanPersistMultipleComponentsOfSameType_SupportsDifferentKeyTypes(componentKey1: ca26e439-2b68-485f-a2ac-1cbadd43d09e, componentKey2: acca6df8-1ee8-4f4a-a369-5776421a797c)" computerName="pkrvmbietmlfzoi" duration="00:00:00.0002003" startTime="2025-07-02T22:04:17.5637006+00:00" endTime="2025-07-02T22:04:17.5640231+00:00" testType="13cdc9d9-ddb5-4fa4-a97d-d965ccfc6d4b" outcome="Passed" testListId="8c84fa94-04c1-424b-9868-57a2d4851a1d" relativeResultsDirectory="0ff7f56e-35be-4a29-920b-645b2b0a33e7" />
    <UnitTestResult executionId="5bd75c39-ab9b-445e-ac52-5db1a794c148" testId="7e560910-18ba-7409-cc96-344ad0715c1f" testName="Microsoft.AspNetCore.Components.Test.RendererTest.ReRendersChildComponentsWhenPropertiesChange" computerName="pkrvmbietmlfzoi" duration="00:00:00.0007090" startTime="2025-07-02T22:04:19.3180737+00:00" endTime="2025-07-02T22:04:19.3187349+00:00" testType="13cdc9d9-ddb5-4fa4-a97d-d965ccfc6d4b" outcome="Passed" testListId="8c84fa94-04c1-424b-9868-57a2d4851a1d" relativeResultsDirectory="5bd75c39-ab9b-445e-ac52-5db1a794c148" />
    <UnitTestResult executionId="01ff9052-e4e3-47a0-bdc3-2220685c8254" testId="8a7a7267-5669-4beb-5c25-779a3c4dcb87" testName="Microsoft.AspNetCore.Components.EventCallbackFactoryTest.CreateT_FuncTTask_Null" computerName="pkrvmbietmlfzoi" duration="00:00:00.0002029" startTime="2025-07-02T22:04:17.6267206+00:00" endTime="2025-07-02T22:04:17.6268357+00:00" testType="13cdc9d9-ddb5-4fa4-a97d-d965ccfc6d4b" outcome="Passed" testListId="8c84fa94-04c1-424b-9868-57a2d4851a1d" relativeResultsDirectory="01ff9052-e4e3-47a0-bdc3-2220685c8254" />
    <UnitTestResult executionId="2b91e9ba-47bf-4db7-98f6-cede79019d24" testId="7eb1f97f-5526-479e-4893-8915c761e4d5" testName="Microsoft.AspNetCore.Components.Rendering.RendererSynchronizationContextTest.Send_CapturesContext" computerName="pkrvmbietmlfzoi" duration="00:00:00.0023479" startTime="2025-07-02T22:04:17.9729667+00:00" endTime="2025-07-02T22:04:17.9756820+00:00" testType="13cdc9d9-ddb5-4fa4-a97d-d965ccfc6d4b" outcome="Passed" testListId="8c84fa94-04c1-424b-9868-57a2d4851a1d" relativeResultsDirectory="2b91e9ba-47bf-4db7-98f6-cede79019d24" />
    <UnitTestResult executionId="0550758e-8dc0-43d7-8263-4f8781a125c6" testId="b0eb830d-c891-b7ee-7580-2c6230530ff4" testName="Microsoft.AspNetCore.Components.Test.RendererTest.DispatchEventAsync_Delegate_AsynchronousException" computerName="pkrvmbietmlfzoi" duration="00:00:00.0029438" startTime="2025-07-02T22:04:17.9924938+00:00" endTime="2025-07-02T22:04:17.9925398+00:00" testType="13cdc9d9-ddb5-4fa4-a97d-d965ccfc6d4b" outcome="Passed" testListId="8c84fa94-04c1-424b-9868-57a2d4851a1d" relativeResultsDirectory="0550758e-8dc0-43d7-8263-4f8781a125c6" />
    <UnitTestResult executionId="786fa599-1c8b-4f36-a353-a42a526d71d9" testId="568abae7-0c7c-4063-1172-6b9d29847ede" testName="Microsoft.AspNetCore.Components.EventCallbackFactoryBinderExtensionsTest.CreateBinder_String" computerName="pkrvmbietmlfzoi" duration="00:00:00.0018122" startTime="2025-07-02T22:04:17.7926268+00:00" endTime="2025-07-02T22:04:17.7937780+00:00" testType="13cdc9d9-ddb5-4fa4-a97d-d965ccfc6d4b" outcome="Passed" testListId="8c84fa94-04c1-424b-9868-57a2d4851a1d" relativeResultsDirectory="786fa599-1c8b-4f36-a353-a42a526d71d9" />
    <UnitTestResult executionId="a45e95ad-da7d-4e4c-a92f-360fef57a9d6" testId="b6319510-fc4c-6f7c-a839-534026868c25" testName="Microsoft.AspNetCore.Components.Rendering.RenderTreeBuilderTest.AddComponentParameter_Component_Bool_SetsAttributeValue(value: True)" computerName="pkrvmbietmlfzoi" duration="00:00:00.0006669" startTime="2025-07-02T22:04:17.7401368+00:00" endTime="2025-07-02T22:04:17.7444188+00:00" testType="13cdc9d9-ddb5-4fa4-a97d-d965ccfc6d4b" outcome="Passed" testListId="8c84fa94-04c1-424b-9868-57a2d4851a1d" relativeResultsDirectory="a45e95ad-da7d-4e4c-a92f-360fef57a9d6" />
    <UnitTestResult executionId="f2d10689-37f6-4328-9343-9e2326b36794" testId="d5660f8e-df83-16a9-1ec1-a39dd8975d93" testName="Microsoft.AspNetCore.Components.Rendering.RenderTreeBuilderTest.CanAddChildComponentsUsingTypeArgument" computerName="pkrvmbietmlfzoi" duration="00:00:00.0013940" startTime="2025-07-02T22:04:17.7760633+00:00" endTime="2025-07-02T22:04:17.7796500+00:00" testType="13cdc9d9-ddb5-4fa4-a97d-d965ccfc6d4b" outcome="Passed" testListId="8c84fa94-04c1-424b-9868-57a2d4851a1d" relativeResultsDirectory="f2d10689-37f6-4328-9343-9e2326b36794" />
    <UnitTestResult executionId="4825a6ca-2df5-42d1-a524-d4900917d0c9" testId="58fb35cf-80f9-fb0a-f9a0-0721e6e3edc8" testName="Microsoft.AspNetCore.Components.Routing.RouteTableFactoryTests.DoesNotMatchIfSegmentsDontMatch" computerName="pkrvmbietmlfzoi" duration="00:00:00.0005128" startTime="2025-07-02T22:04:17.8167070+00:00" endTime="2025-07-02T22:04:17.8171748+00:00" testType="13cdc9d9-ddb5-4fa4-a97d-d965ccfc6d4b" outcome="Passed" testListId="8c84fa94-04c1-424b-9868-57a2d4851a1d" relativeResultsDirectory="4825a6ca-2df5-42d1-a524-d4900917d0c9" />
    <UnitTestResult executionId="adb90dbb-577e-4cf7-b2b2-b98d631fe407" testId="00c56986-8112-361d-d786-53486ce4373f" testName="Microsoft.AspNetCore.Components.EventCallbackFactoryTest.CreateT_ActionT_Unbound" computerName="pkrvmbietmlfzoi" duration="00:00:00.0002139" startTime="2025-07-02T22:04:17.6392413+00:00" endTime="2025-07-02T22:04:17.6393399+00:00" testType="13cdc9d9-ddb5-4fa4-a97d-d965ccfc6d4b" outcome="Passed" testListId="8c84fa94-04c1-424b-9868-57a2d4851a1d" relativeResultsDirectory="adb90dbb-577e-4cf7-b2b2-b98d631fe407" />
    <UnitTestResult executionId="423fdf28-536b-47e9-828f-c8b9a3019539" testId="81ac65f1-f0e7-fed7-1e34-0ccd8eedcfa3" testName="Microsoft.AspNetCore.Components.PersistentStateValueProviderTests.PersistAsync_CanPersistValueTypes_NullableIntProperty" computerName="pkrvmbietmlfzoi" duration="00:00:00.0167691" startTime="2025-07-02T22:04:17.5866540+00:00" endTime="2025-07-02T22:04:17.6077787+00:00" testType="13cdc9d9-ddb5-4fa4-a97d-d965ccfc6d4b" outcome="Passed" testListId="8c84fa94-04c1-424b-9868-57a2d4851a1d" relativeResultsDirectory="423fdf28-536b-47e9-828f-c8b9a3019539" />
    <UnitTestResult executionId="9d72ca08-52dc-4498-8ebe-fb75d20a7e82" testId="9679f3b1-d316-e371-a99a-a9db8d077c58" testName="Microsoft.AspNetCore.Components.RenderTree.ArrayBuilderTest.Insert_WhenBufferIsAtCapacity" computerName="pkrvmbietmlfzoi" duration="00:00:00.0008605" startTime="2025-07-02T22:04:17.3466036+00:00" endTime="2025-07-02T22:04:17.3467215+00:00" testType="13cdc9d9-ddb5-4fa4-a97d-d965ccfc6d4b" outcome="Passed" testListId="8c84fa94-04c1-424b-9868-57a2d4851a1d" relativeResultsDirectory="9d72ca08-52dc-4498-8ebe-fb75d20a7e82" />
    <UnitTestResult executionId="13783014-d779-4842-9121-361cf54098fb" testId="4d556cfe-854e-c787-4581-c33346532a5d" testName="Microsoft.AspNetCore.Components.NavigationManagerTest.LocationChangingHandlers_CanContinueTheNavigationSynchronously_WhenOneHandlerIsRegistered" computerName="pkrvmbietmlfzoi" duration="00:00:00.0003752" startTime="2025-07-02T22:04:17.5926912+00:00" endTime="2025-07-02T22:04:17.5928015+00:00" testType="13cdc9d9-ddb5-4fa4-a97d-d965ccfc6d4b" outcome="Passed" testListId="8c84fa94-04c1-424b-9868-57a2d4851a1d" relativeResultsDirectory="13783014-d779-4842-9121-361cf54098fb" />
    <UnitTestResult executionId="33d0ebd5-6f4e-4053-b129-4d9ac2e50146" testId="53de19b7-9b3d-7da9-5b03-41824c463aaa" testName="Microsoft.AspNetCore.Components.Test.RendererTest.ComponentCanTriggerRenderWhenExistingBatchIsInProgress" computerName="pkrvmbietmlfzoi" duration="00:00:00.0016176" startTime="2025-07-02T22:04:19.3047128+00:00" endTime="2025-07-02T22:04:19.3062592+00:00" testType="13cdc9d9-ddb5-4fa4-a97d-d965ccfc6d4b" outcome="Passed" testListId="8c84fa94-04c1-424b-9868-57a2d4851a1d" relativeResultsDirectory="33d0ebd5-6f4e-4053-b129-4d9ac2e50146" />
    <UnitTestResult executionId="a610bea9-4644-49ab-b92e-100b0da6a5ad" testId="0d282eb7-e382-1856-ff88-6ccd607b5c7a" testName="Microsoft.AspNetCore.Components.Rendering.RenderTreeBuilderTest.CannotAddNamedEventWithNullAssignedName" computerName="pkrvmbietmlfzoi" duration="00:00:00.0006759" startTime="2025-07-02T22:04:17.8508313+00:00" endTime="2025-07-02T22:04:17.8513144+00:00" testType="13cdc9d9-ddb5-4fa4-a97d-d965ccfc6d4b" outcome="Passed" testListId="8c84fa94-04c1-424b-9868-57a2d4851a1d" relativeResultsDirectory="a610bea9-4644-49ab-b92e-100b0da6a5ad" />
    <UnitTestResult executionId="a05d2aae-6a01-4b7b-b5cd-4cc184423a2b" testId="073e6733-72fc-7de4-4ef2-bd3101333097" testName="Microsoft.AspNetCore.Components.Test.RendererTest.NoHotReloadListenersAreRegistered_WhenMetadataUpdatesAreNotSupported" computerName="pkrvmbietmlfzoi" duration="00:00:00.0006793" startTime="2025-07-02T22:04:18.2482928+00:00" endTime="2025-07-02T22:04:18.2490043+00:00" testType="13cdc9d9-ddb5-4fa4-a97d-d965ccfc6d4b" outcome="Passed" testListId="8c84fa94-04c1-424b-9868-57a2d4851a1d" relativeResultsDirectory="a05d2aae-6a01-4b7b-b5cd-4cc184423a2b" />
    <UnitTestResult executionId="8a54989c-24a6-4ae4-bcca-3bcfc3c90ad4" testId="c627bc7d-6318-33ed-321f-a2f71de1cac0" testName="Microsoft.AspNetCore.Components.EventCallbackFactoryBinderExtensionsTest.CreateBinder_Decimal" computerName="pkrvmbietmlfzoi" duration="00:00:00.0056597" startTime="2025-07-02T22:04:17.9295180+00:00" endTime="2025-07-02T22:04:17.9361659+00:00" testType="13cdc9d9-ddb5-4fa4-a97d-d965ccfc6d4b" outcome="Passed" testListId="8c84fa94-04c1-424b-9868-57a2d4851a1d" relativeResultsDirectory="8a54989c-24a6-4ae4-bcca-3bcfc3c90ad4" />
    <UnitTestResult executionId="8d9e73e0-cd1f-4067-a630-eddf719387dc" testId="d92da177-70ee-1e79-de32-dfb0eb2ac873" testName="Microsoft.AspNetCore.Components.Routing.QueryParameterValueSupplierTest.EmptyStringValuesAreSuppliedAsEmptyString(queryPart: &quot;=&quot;)" computerName="pkrvmbietmlfzoi" duration="00:00:00.0001711" startTime="2025-07-02T22:04:17.6575413+00:00" endTime="2025-07-02T22:04:17.6576275+00:00" testType="13cdc9d9-ddb5-4fa4-a97d-d965ccfc6d4b" outcome="Passed" testListId="8c84fa94-04c1-424b-9868-57a2d4851a1d" relativeResultsDirectory="8d9e73e0-cd1f-4067-a630-eddf719387dc" />
    <UnitTestResult executionId="e11bc1b1-3101-4270-b283-cca5f4e89013" testId="1f8888d0-974d-1253-c62e-e8da2f6e9380" testName="Microsoft.AspNetCore.Components.BindConverterTest.FormatValue_DateTime" computerName="pkrvmbietmlfzoi" duration="00:00:00.0016361" startTime="2025-07-02T22:04:17.4024202+00:00" endTime="2025-07-02T22:04:17.4032493+00:00" testType="13cdc9d9-ddb5-4fa4-a97d-d965ccfc6d4b" outcome="Passed" testListId="8c84fa94-04c1-424b-9868-57a2d4851a1d" relativeResultsDirectory="e11bc1b1-3101-4270-b283-cca5f4e89013" />
    <UnitTestResult executionId="383a2339-4084-4a80-a08e-4d7ede2970bc" testId="70e076bf-2766-bdd3-83dc-52a251517bb2" testName="Microsoft.AspNetCore.Components.Test.RenderTreeDiffBuilderTest.PreservesIdsOnRetainedElementReferenceCaptures" computerName="pkrvmbietmlfzoi" duration="00:00:00.0013159" startTime="2025-07-02T22:04:17.9561312+00:00" endTime="2025-07-02T22:04:17.9568191+00:00" testType="13cdc9d9-ddb5-4fa4-a97d-d965ccfc6d4b" outcome="Passed" testListId="8c84fa94-04c1-424b-9868-57a2d4851a1d" relativeResultsDirectory="383a2339-4084-4a80-a08e-4d7ede2970bc" />
    <UnitTestResult executionId="96c3a6c8-6443-44a7-a736-602636deab94" testId="01825cc0-b814-cfba-c53d-8448d4f7298c" testName="Microsoft.AspNetCore.Components.ParameterViewTest.CanInitializeUsingElementWithNoDescendants" computerName="pkrvmbietmlfzoi" duration="00:00:00.0003906" startTime="2025-07-02T22:04:17.5774025+00:00" endTime="2025-07-02T22:04:17.5775076+00:00" testType="13cdc9d9-ddb5-4fa4-a97d-d965ccfc6d4b" outcome="Passed" testListId="8c84fa94-04c1-424b-9868-57a2d4851a1d" relativeResultsDirectory="96c3a6c8-6443-44a7-a736-602636deab94" />
    <UnitTestResult executionId="2e3c461f-823a-49dc-8eff-32606af7db70" testId="4a8f4649-d4d3-677c-9d3d-9410c5c92302" testName="Microsoft.AspNetCore.Components.Rendering.RenderTreeBuilderTest.AddAttribute_Element_BoolFalse_IgnoresFrame" computerName="pkrvmbietmlfzoi" duration="00:00:00.0003475" startTime="2025-07-02T22:04:17.9037227+00:00" endTime="2025-07-02T22:04:17.9049999+00:00" testType="13cdc9d9-ddb5-4fa4-a97d-d965ccfc6d4b" outcome="Passed" testListId="8c84fa94-04c1-424b-9868-57a2d4851a1d" relativeResultsDirectory="2e3c461f-823a-49dc-8eff-32606af7db70" />
    <UnitTestResult executionId="26bd6911-6bd3-4255-92f6-091f287c54b7" testId="22eccf0a-789a-6b0f-8cb1-b8eb6843c5ba" testName="Microsoft.AspNetCore.Components.ParameterViewTest.IncomingNonCascadingValueMatchesCascadingParameter_WithCaptureUnmatchedValues_DoesNotThrow" computerName="pkrvmbietmlfzoi" duration="00:00:00.0009233" startTime="2025-07-02T22:04:17.5759169+00:00" endTime="2025-07-02T22:04:17.5760503+00:00" testType="13cdc9d9-ddb5-4fa4-a97d-d965ccfc6d4b" outcome="Passed" testListId="8c84fa94-04c1-424b-9868-57a2d4851a1d" relativeResultsDirectory="26bd6911-6bd3-4255-92f6-091f287c54b7" />
    <UnitTestResult executionId="cde794f4-6853-463d-a7cd-e428fa8a874e" testId="50986544-61b7-2562-ac19-20da1407f754" testName="Microsoft.AspNetCore.Components.Rendering.RenderTreeBuilderTest.CanAddKeyToElement" computerName="pkrvmbietmlfzoi" duration="00:00:00.0009495" startTime="2025-07-02T22:04:17.9217930+00:00" endTime="2025-07-02T22:04:17.9241167+00:00" testType="13cdc9d9-ddb5-4fa4-a97d-d965ccfc6d4b" outcome="Passed" testListId="8c84fa94-04c1-424b-9868-57a2d4851a1d" relativeResultsDirectory="cde794f4-6853-463d-a7cd-e428fa8a874e" />
    <UnitTestResult executionId="65a35c1e-3a9d-40f1-91d5-6b29fca1bc5c" testId="664cc316-db1b-441b-8afe-c25d90e05374" testName="Microsoft.AspNetCore.Components.ParameterViewTest.FromDictionary_CanBeInitializedWithEmptyDictionary" computerName="pkrvmbietmlfzoi" duration="00:00:00.0004089" startTime="2025-07-02T22:04:17.4912336+00:00" endTime="2025-07-02T22:04:17.4913244+00:00" testType="13cdc9d9-ddb5-4fa4-a97d-d965ccfc6d4b" outcome="Passed" testListId="8c84fa94-04c1-424b-9868-57a2d4851a1d" relativeResultsDirectory="65a35c1e-3a9d-40f1-91d5-6b29fca1bc5c" />
    <UnitTestResult executionId="29891d73-645f-4b28-ac21-c134dbb976a0" testId="1f928e90-867b-a003-40e0-af24427d476e" testName="Microsoft.AspNetCore.Components.BindConverterTest.FormatValue_Enum_OutOfRange" computerName="pkrvmbietmlfzoi" duration="00:00:00.0002068" startTime="2025-07-02T22:04:17.4289224+00:00" endTime="2025-07-02T22:04:17.4290509+00:00" testType="13cdc9d9-ddb5-4fa4-a97d-d965ccfc6d4b" outcome="Passed" testListId="8c84fa94-04c1-424b-9868-57a2d4851a1d" relativeResultsDirectory="29891d73-645f-4b28-ac21-c134dbb976a0" />
    <UnitTestResult executionId="3988705c-39b1-4e18-9b78-441a0d2b420e" testId="586a6e9f-1677-db0a-a90b-40e2a4c65a99" testName="Microsoft.AspNetCore.Components.EventCallbackFactoryBinderExtensionsTest.CreateBinder_CustomTypeConverter" computerName="pkrvmbietmlfzoi" duration="00:00:00.0038166" startTime="2025-07-02T22:04:17.8972284+00:00" endTime="2025-07-02T22:04:17.9041441+00:00" testType="13cdc9d9-ddb5-4fa4-a97d-d965ccfc6d4b" outcome="Passed" testListId="8c84fa94-04c1-424b-9868-57a2d4851a1d" relativeResultsDirectory="3988705c-39b1-4e18-9b78-441a0d2b420e" />
    <UnitTestResult executionId="fcb8a19f-aedc-4700-b117-c7d6d117d5e9" testId="d460b2f2-436c-207f-5459-a69c88d875e5" testName="Microsoft.AspNetCore.Components.Routing.RouteTableFactoryTests.DoesNotMatchIfDifferentNumberOfSegments(path: &quot;/some&quot;)" computerName="pkrvmbietmlfzoi" duration="00:00:00.0009255" startTime="2025-07-02T22:04:17.8088485+00:00" endTime="2025-07-02T22:04:17.8089407+00:00" testType="13cdc9d9-ddb5-4fa4-a97d-d965ccfc6d4b" outcome="Passed" testListId="8c84fa94-04c1-424b-9868-57a2d4851a1d" relativeResultsDirectory="fcb8a19f-aedc-4700-b117-c7d6d117d5e9" />
    <UnitTestResult executionId="362cd5bd-a1fa-4f1b-bed4-b648f0d933ba" testId="caa7d380-0133-5adc-94ca-95a6401a066d" testName="Microsoft.AspNetCore.Components.Test.RendererTest.CanAsyncDispatchEventsToNestedComponents" computerName="pkrvmbietmlfzoi" duration="00:00:00.0055907" startTime="2025-07-02T22:04:18.0121889+00:00" endTime="2025-07-02T22:04:18.0122349+00:00" testType="13cdc9d9-ddb5-4fa4-a97d-d965ccfc6d4b" outcome="Passed" testListId="8c84fa94-04c1-424b-9868-57a2d4851a1d" relativeResultsDirectory="362cd5bd-a1fa-4f1b-bed4-b648f0d933ba" />
    <UnitTestResult executionId="969aca72-98c5-4d52-81d7-889379111a5d" testId="ecfc0388-f6bc-da8d-a5b5-d1efa1a611b0" testName="Microsoft.AspNetCore.Components.EventCallbackTest.EventCallback_FuncTTask_Null" computerName="pkrvmbietmlfzoi" duration="00:00:00.0023151" startTime="2025-07-02T22:04:17.9301096+00:00" endTime="2025-07-02T22:04:17.9328015+00:00" testType="13cdc9d9-ddb5-4fa4-a97d-d965ccfc6d4b" outcome="Passed" testListId="8c84fa94-04c1-424b-9868-57a2d4851a1d" relativeResultsDirectory="969aca72-98c5-4d52-81d7-889379111a5d" />
    <UnitTestResult executionId="144ecc2a-26e0-4ca8-ac0c-3fc713f1b02e" testId="d1a21710-705a-475a-808d-65b0aad92f71" testName="Microsoft.AspNetCore.Components.Test.RendererTest.DispatchEventAsync_EventCallbackOfT_AsynchronousCompletion" computerName="pkrvmbietmlfzoi" duration="00:00:00.0023957" startTime="2025-07-02T22:04:18.0086697+00:00" endTime="2025-07-02T22:04:18.0091001+00:00" testType="13cdc9d9-ddb5-4fa4-a97d-d965ccfc6d4b" outcome="Passed" testListId="8c84fa94-04c1-424b-9868-57a2d4851a1d" relativeResultsDirectory="144ecc2a-26e0-4ca8-ac0c-3fc713f1b02e" />
    <UnitTestResult executionId="d1c0cb21-0501-4d43-abb8-1776b20c346c" testId="ed7a6be3-3697-84b7-bfd3-8de02e542b9d" testName="Microsoft.AspNetCore.Components.Test.CascadingParameterTest.StopsNotifyingDescendantsIfTheyAreRemoved" computerName="pkrvmbietmlfzoi" duration="00:00:00.0169970" startTime="2025-07-02T22:04:17.6523085+00:00" endTime="2025-07-02T22:04:17.6607197+00:00" testType="13cdc9d9-ddb5-4fa4-a97d-d965ccfc6d4b" outcome="Passed" testListId="8c84fa94-04c1-424b-9868-57a2d4851a1d" relativeResultsDirectory="d1c0cb21-0501-4d43-abb8-1776b20c346c" />
    <UnitTestResult executionId="00105db6-a2db-43a5-af39-f434ed5702d4" testId="2fd84072-b7ae-5b84-3b19-88f2c791dcf8" testName="Microsoft.AspNetCore.Components.Rendering.RenderTreeBuilderTest.AddAttribute_Element_ObjectEventCallbackOfT_AddsFrame" computerName="pkrvmbietmlfzoi" duration="00:00:00.0069777" startTime="2025-07-02T22:04:17.7045193+00:00" endTime="2025-07-02T22:04:17.7195863+00:00" testType="13cdc9d9-ddb5-4fa4-a97d-d965ccfc6d4b" outcome="Passed" testListId="8c84fa94-04c1-424b-9868-57a2d4851a1d" relativeResultsDirectory="00105db6-a2db-43a5-af39-f434ed5702d4" />
    <UnitTestResult executionId="a36fc37b-33e4-4bb7-ae81-5b15ad49a225" testId="d8bd6005-c7ea-3a5c-6ae9-8ad87ec9e0e1" testName="Microsoft.AspNetCore.Components.Test.RendererTest.CanCombineBindAndConditionalAttribute" computerName="pkrvmbietmlfzoi" duration="00:00:00.0046636" startTime="2025-07-02T22:04:18.0166401+00:00" endTime="2025-07-02T22:04:18.0166865+00:00" testType="13cdc9d9-ddb5-4fa4-a97d-d965ccfc6d4b" outcome="Passed" testListId="8c84fa94-04c1-424b-9868-57a2d4851a1d" relativeResultsDirectory="a36fc37b-33e4-4bb7-ae81-5b15ad49a225" />
    <UnitTestResult executionId="16046640-d854-41b7-8300-28dabfb37b79" testId="23b58f3e-490c-efc8-cd5b-da219b5577a2" testName="Microsoft.AspNetCore.Components.EventCallbackFactoryTest.Create_ActionT_Unbound" computerName="pkrvmbietmlfzoi" duration="00:00:00.0002581" startTime="2025-07-02T22:04:17.6262799+00:00" endTime="2025-07-02T22:04:17.6264277+00:00" testType="13cdc9d9-ddb5-4fa4-a97d-d965ccfc6d4b" outcome="Passed" testListId="8c84fa94-04c1-424b-9868-57a2d4851a1d" relativeResultsDirectory="16046640-d854-41b7-8300-28dabfb37b79" />
    <UnitTestResult executionId="1edaa0c7-59fc-4f1d-83d8-e8717669307c" testId="e42fdbf6-bd35-652f-3b97-233786345edb" testName="Microsoft.AspNetCore.Components.EventCallbackFactoryTest.CreateT_Action_Unbound" computerName="pkrvmbietmlfzoi" duration="00:00:00.0002071" startTime="2025-07-02T22:04:17.6491087+00:00" endTime="2025-07-02T22:04:17.6492267+00:00" testType="13cdc9d9-ddb5-4fa4-a97d-d965ccfc6d4b" outcome="Passed" testListId="8c84fa94-04c1-424b-9868-57a2d4851a1d" relativeResultsDirectory="1edaa0c7-59fc-4f1d-83d8-e8717669307c" />
    <UnitTestResult executionId="998f57ba-98f6-40f5-ab14-4e34e7a9ffd7" testId="745df416-405a-8e60-47a8-866485ad9966" testName="Microsoft.AspNetCore.Components.NavigationManagerTest.GetUriWithQueryParameter_RemovesWhenParameterValueIsNull(baseUri: &quot;scheme://host/?full%20name=Sally%Smith&amp;age=42&amp;FuLl&quot;···, expectedUri: &quot;scheme://host/?age=42&quot;)" computerName="pkrvmbietmlfzoi" duration="00:00:00.0000232" startTime="2025-07-02T22:04:17.4432729+00:00" endTime="2025-07-02T22:04:17.4434024+00:00" testType="13cdc9d9-ddb5-4fa4-a97d-d965ccfc6d4b" outcome="Passed" testListId="8c84fa94-04c1-424b-9868-57a2d4851a1d" relativeResultsDirectory="998f57ba-98f6-40f5-ab14-4e34e7a9ffd7" />
    <UnitTestResult executionId="4026e9cf-47ab-4b12-a9e5-8c8c2d3fa8db" testId="0f1d99dd-fc34-a7f7-a33c-0cab08086d32" testName="Microsoft.AspNetCore.Components.ParameterViewTest.HasRemovedDirectParameters_OldEmpty_NewNonEmpty" computerName="pkrvmbietmlfzoi" duration="00:00:00.0019782" startTime="2025-07-02T22:04:17.4199785+00:00" endTime="2025-07-02T22:04:17.4255268+00:00" testType="13cdc9d9-ddb5-4fa4-a97d-d965ccfc6d4b" outcome="Passed" testListId="8c84fa94-04c1-424b-9868-57a2d4851a1d" relativeResultsDirectory="4026e9cf-47ab-4b12-a9e5-8c8c2d3fa8db" />
    <UnitTestResult executionId="ddd608ed-b6c6-4fbe-829d-7ebc6c5b4ed0" testId="a2b10c00-51e6-a608-ee54-89d010179cf7" testName="Microsoft.AspNetCore.Components.Test.RenderTreeDiffBuilderTest.CanAddNewAttributeAtArrayBuilderSizeBoundary" computerName="pkrvmbietmlfzoi" duration="00:00:00.0007789" startTime="2025-07-02T22:04:17.9869023+00:00" endTime="2025-07-02T22:04:17.9874311+00:00" testType="13cdc9d9-ddb5-4fa4-a97d-d965ccfc6d4b" outcome="Passed" testListId="8c84fa94-04c1-424b-9868-57a2d4851a1d" relativeResultsDirectory="ddd608ed-b6c6-4fbe-829d-7ebc6c5b4ed0" />
    <UnitTestResult executionId="958be566-3516-45da-8dad-8d23f42d4c38" testId="3c89202c-c7df-02ea-1972-90dec8cac352" testName="Microsoft.AspNetCore.Components.Test.ComponentBaseTest.RunsOnInitAsyncAlsoOnBaseClassWhenRendered" computerName="pkrvmbietmlfzoi" duration="00:00:00.0006127" startTime="2025-07-02T22:04:17.8968990+00:00" endTime="2025-07-02T22:04:17.8977104+00:00" testType="13cdc9d9-ddb5-4fa4-a97d-d965ccfc6d4b" outcome="Passed" testListId="8c84fa94-04c1-424b-9868-57a2d4851a1d" relativeResultsDirectory="958be566-3516-45da-8dad-8d23f42d4c38" />
    <UnitTestResult executionId="3c9c1862-9169-4323-8ae0-c7dd6906af80" testId="aa959643-125b-2e92-0909-f1394866ec81" testName="Microsoft.AspNetCore.Components.BindConverterTest.TryConvertTo_Guid_Invalid(incomingValue: &quot;&quot;)" computerName="pkrvmbietmlfzoi" duration="00:00:00.0004638" startTime="2025-07-02T22:04:17.4112601+00:00" endTime="2025-07-02T22:04:17.4116090+00:00" testType="13cdc9d9-ddb5-4fa4-a97d-d965ccfc6d4b" outcome="Passed" testListId="8c84fa94-04c1-424b-9868-57a2d4851a1d" relativeResultsDirectory="3c9c1862-9169-4323-8ae0-c7dd6906af80" />
    <UnitTestResult executionId="0a0040f3-5029-4225-a1cc-017e31a1af31" testId="d0e82e92-dfe8-acb7-56d9-5fb84505031b" testName="Microsoft.AspNetCore.Components.Routing.RouteTableFactoryTests.DoesNotThrowForNonAmbiguousRoutes(first: &quot;{optional?}&quot;, second: &quot;/&quot;)" computerName="pkrvmbietmlfzoi" duration="00:00:00.0002728" startTime="2025-07-02T22:04:17.5667165+00:00" endTime="2025-07-02T22:04:17.5668149+00:00" testType="13cdc9d9-ddb5-4fa4-a97d-d965ccfc6d4b" outcome="Passed" testListId="8c84fa94-04c1-424b-9868-57a2d4851a1d" relativeResultsDirectory="0a0040f3-5029-4225-a1cc-017e31a1af31" />
    <UnitTestResult executionId="7960b9b5-f0a5-416d-961e-6cd18b762791" testId="f3d69de4-39c4-a4ca-8189-6166c88a27ce" testName="Microsoft.AspNetCore.Components.ComponentsActivitySourceTest.StartEventActivity_CreatesAndStartsActivity" computerName="pkrvmbietmlfzoi" duration="00:00:00.0242157" startTime="2025-07-02T22:04:17.7728896+00:00" endTime="2025-07-02T22:04:17.8131986+00:00" testType="13cdc9d9-ddb5-4fa4-a97d-d965ccfc6d4b" outcome="Passed" testListId="8c84fa94-04c1-424b-9868-57a2d4851a1d" relativeResultsDirectory="7960b9b5-f0a5-416d-961e-6cd18b762791" />
    <UnitTestResult executionId="06d66206-382a-463d-a4d8-fa6aaebd21ad" testId="3a5e44e2-5ea1-40ad-27a8-d0a852f610d4" testName="Microsoft.AspNetCore.Components.Test.RenderTreeDiffBuilderTest.SetsUpdatedParametersOnChildComponents" computerName="pkrvmbietmlfzoi" duration="00:00:00.0012890" startTime="2025-07-02T22:04:17.9702829+00:00" endTime="2025-07-02T22:04:17.9703942+00:00" testType="13cdc9d9-ddb5-4fa4-a97d-d965ccfc6d4b" outcome="Passed" testListId="8c84fa94-04c1-424b-9868-57a2d4851a1d" relativeResultsDirectory="06d66206-382a-463d-a4d8-fa6aaebd21ad" />
    <UnitTestResult executionId="4650215c-f033-4dbf-bfe6-a9b8b477fa40" testId="2b32fa55-0f80-fff0-5d46-58560fcdf708" testName="Microsoft.AspNetCore.Components.Routing.RoutePatternParserTests.InvalidTemplate_WithMismatchedBraces(template: &quot;p}&quot;, expectedMessage: &quot;There is an incomplete parameter in the route temp&quot;···)" computerName="pkrvmbietmlfzoi" duration="00:00:00.0000283" startTime="2025-07-02T22:04:17.8435162+00:00" endTime="2025-07-02T22:04:17.8439271+00:00" testType="13cdc9d9-ddb5-4fa4-a97d-d965ccfc6d4b" outcome="Passed" testListId="8c84fa94-04c1-424b-9868-57a2d4851a1d" relativeResultsDirectory="4650215c-f033-4dbf-bfe6-a9b8b477fa40" />
    <UnitTestResult executionId="9678fd62-1512-425d-a183-196808212f51" testId="7c8d8e5b-ceaf-3ef0-a848-11df7f047f49" testName="Microsoft.AspNetCore.Components.Test.RendererTest.DisposesEventHandlersWhenAncestorElementRemoved" computerName="pkrvmbietmlfzoi" duration="00:00:00.0013800" startTime="2025-07-02T22:04:18.2351678+00:00" endTime="2025-07-02T22:04:18.2365643+00:00" testType="13cdc9d9-ddb5-4fa4-a97d-d965ccfc6d4b" outcome="Passed" testListId="8c84fa94-04c1-424b-9868-57a2d4851a1d" relativeResultsDirectory="9678fd62-1512-425d-a183-196808212f51" />
    <UnitTestResult executionId="96c0612a-8804-461d-b073-0049e7c5fe45" testId="4b10b275-a6ee-35e3-a678-bc9fbbb9c15e" testName="Microsoft.AspNetCore.Components.BindConverterTest.FormatValue_NullableBoolNull_Generic" computerName="pkrvmbietmlfzoi" duration="00:00:00.0001444" startTime="2025-07-02T22:04:17.4351304+00:00" endTime="2025-07-02T22:04:17.4357337+00:00" testType="13cdc9d9-ddb5-4fa4-a97d-d965ccfc6d4b" outcome="Passed" testListId="8c84fa94-04c1-424b-9868-57a2d4851a1d" relativeResultsDirectory="96c0612a-8804-461d-b073-0049e7c5fe45" />
    <UnitTestResult executionId="e08e0959-d28f-4ca8-b7bc-7df71a4d7f1d" testId="27516aa1-1f97-1dea-8660-6557bd2a668f" testName="Microsoft.AspNetCore.Components.RenderTree.ArrayBuilderTest.Append_SingleItem" computerName="pkrvmbietmlfzoi" duration="00:00:00.0002580" startTime="2025-07-02T22:04:17.3461835+00:00" endTime="2025-07-02T22:04:17.3462946+00:00" testType="13cdc9d9-ddb5-4fa4-a97d-d965ccfc6d4b" outcome="Passed" testListId="8c84fa94-04c1-424b-9868-57a2d4851a1d" relativeResultsDirectory="e08e0959-d28f-4ca8-b7bc-7df71a4d7f1d" />
    <UnitTestResult executionId="f8e917ef-5fba-49a9-b33f-9b3f39f9f2bb" testId="d6e86050-b635-db1d-8206-c133098cbdc5" testName="Microsoft.AspNetCore.Components.Rendering.RenderTreeBuilderTest.ProcessDuplicateAttributes_DoesNotRemoveDuplicatesInsideChildElement" computerName="pkrvmbietmlfzoi" duration="00:00:00.0010247" startTime="2025-07-02T22:04:17.8869918+00:00" endTime="2025-07-02T22:04:17.8874859+00:00" testType="13cdc9d9-ddb5-4fa4-a97d-d965ccfc6d4b" outcome="Passed" testListId="8c84fa94-04c1-424b-9868-57a2d4851a1d" relativeResultsDirectory="f8e917ef-5fba-49a9-b33f-9b3f39f9f2bb" />
    <UnitTestResult executionId="96b87758-3798-4fbd-a77e-a35ee133138a" testId="167d29eb-9c43-8d4e-3b5a-8f9b799134b4" testName="Microsoft.AspNetCore.Components.EventCallbackFactoryTest.Create_FuncTTask_Unbound" computerName="pkrvmbietmlfzoi" duration="00:00:00.0002408" startTime="2025-07-02T22:04:17.6210257+00:00" endTime="2025-07-02T22:04:17.6213831+00:00" testType="13cdc9d9-ddb5-4fa4-a97d-d965ccfc6d4b" outcome="Passed" testListId="8c84fa94-04c1-424b-9868-57a2d4851a1d" relativeResultsDirectory="96b87758-3798-4fbd-a77e-a35ee133138a" />
    <UnitTestResult executionId="c0ddfe07-0c08-4d9a-b6ad-13e9cfd6f8ca" testId="a3005a1a-8b2c-0502-0368-f3d16f878c68" testName="Microsoft.AspNetCore.Components.Test.RendererTest.ExceptionsThrownSynchronouslyCanBeHandledSynchronously" computerName="pkrvmbietmlfzoi" duration="00:00:00.0009750" startTime="2025-07-02T22:04:18.0033258+00:00" endTime="2025-07-02T22:04:18.0034075+00:00" testType="13cdc9d9-ddb5-4fa4-a97d-d965ccfc6d4b" outcome="Passed" testListId="8c84fa94-04c1-424b-9868-57a2d4851a1d" relativeResultsDirectory="c0ddfe07-0c08-4d9a-b6ad-13e9cfd6f8ca" />
    <UnitTestResult executionId="9ef8568b-a160-49cc-88b0-b23cb4d09900" testId="43bff6e9-1834-16bf-ac8a-f7afadccd92b" testName="Microsoft.AspNetCore.Components.Test.RendererTest.CallsAfterRenderOnEachRender" computerName="pkrvmbietmlfzoi" duration="00:00:00.0004452" startTime="2025-07-02T22:04:18.2173198+00:00" endTime="2025-07-02T22:04:18.2177165+00:00" testType="13cdc9d9-ddb5-4fa4-a97d-d965ccfc6d4b" outcome="Passed" testListId="8c84fa94-04c1-424b-9868-57a2d4851a1d" relativeResultsDirectory="9ef8568b-a160-49cc-88b0-b23cb4d09900" />
    <UnitTestResult executionId="85e82488-dcd1-4778-9b5d-720a25a12a7a" testId="4734019b-b3e6-89a9-11f7-518360565486" testName="Microsoft.AspNetCore.Components.Rendering.RenderTreeBuilderTest.CannotAddComponentReferenceCaptureWithNoParent" computerName="pkrvmbietmlfzoi" duration="00:00:00.0003125" startTime="2025-07-02T22:04:17.9006297+00:00" endTime="2025-07-02T22:04:17.9011056+00:00" testType="13cdc9d9-ddb5-4fa4-a97d-d965ccfc6d4b" outcome="Passed" testListId="8c84fa94-04c1-424b-9868-57a2d4851a1d" relativeResultsDirectory="85e82488-dcd1-4778-9b5d-720a25a12a7a" />
    <UnitTestResult executionId="16a5c62e-8b68-4ea9-a8f5-0ac2b78164e9" testId="87aee4de-60af-df63-f6e2-483edabc57aa" testName="Microsoft.AspNetCore.Components.Routing.RouteTableFactoryTests.DoesNotMatchIfConstraintDoesNotMatch(template: &quot;/{value:float}&quot;, contextUrl: &quot;/0.1.2&quot;)" computerName="pkrvmbietmlfzoi" duration="00:00:00.0004062" startTime="2025-07-02T22:04:17.7801385+00:00" endTime="2025-07-02T22:04:17.7806987+00:00" testType="13cdc9d9-ddb5-4fa4-a97d-d965ccfc6d4b" outcome="Passed" testListId="8c84fa94-04c1-424b-9868-57a2d4851a1d" relativeResultsDirectory="16a5c62e-8b68-4ea9-a8f5-0ac2b78164e9" />
    <UnitTestResult executionId="9090cd1c-b65a-407a-a11f-1bd4ca6a8b9e" testId="f01ff186-ebe5-318c-e5fe-c09f52b654cc" testName="Microsoft.AspNetCore.Components.Test.CascadingParameterTest.ParameterViewSuppliedWithCascadingParametersCannotBeUsedAfterSynchronousReturn" computerName="pkrvmbietmlfzoi" duration="00:00:00.0010409" startTime="2025-07-02T22:04:17.5318012+00:00" endTime="2025-07-02T22:04:17.5346679+00:00" testType="13cdc9d9-ddb5-4fa4-a97d-d965ccfc6d4b" outcome="Passed" testListId="8c84fa94-04c1-424b-9868-57a2d4851a1d" relativeResultsDirectory="9090cd1c-b65a-407a-a11f-1bd4ca6a8b9e" />
    <UnitTestResult executionId="59190963-718b-48ff-84c4-bf1ac593a7c8" testId="1080a8fb-c4f5-1740-e9b9-cd24db7a0bc9" testName="Microsoft.AspNetCore.Components.PersistentStateValueProviderTests.PersistAsync_CanPersistMultipleComponentsOfSameType_SupportsDifferentKeyTypes(componentKey1: 54321, componentKey2: 12345)" computerName="pkrvmbietmlfzoi" duration="00:00:00.0002007" startTime="2025-07-02T22:04:17.5357923+00:00" endTime="2025-07-02T22:04:17.5358839+00:00" testType="13cdc9d9-ddb5-4fa4-a97d-d965ccfc6d4b" outcome="Passed" testListId="8c84fa94-04c1-424b-9868-57a2d4851a1d" relativeResultsDirectory="59190963-718b-48ff-84c4-bf1ac593a7c8" />
    <UnitTestResult executionId="841f7bde-853d-4363-b3e5-3c705f321680" testId="78ec1d94-5126-b998-bdea-4ccf472722de" testName="Microsoft.AspNetCore.Components.NavigationManagerTest.ComputesCorrectBaseUri(baseUri: &quot;scheme://host/path/&quot;, expectedResult: &quot;scheme://host/path/&quot;)" computerName="pkrvmbietmlfzoi" duration="00:00:00.0000073" startTime="2025-07-02T22:04:17.4810994+00:00" endTime="2025-07-02T22:04:17.4811891+00:00" testType="13cdc9d9-ddb5-4fa4-a97d-d965ccfc6d4b" outcome="Passed" testListId="8c84fa94-04c1-424b-9868-57a2d4851a1d" relativeResultsDirectory="841f7bde-853d-4363-b3e5-3c705f321680" />
    <UnitTestResult executionId="f9292a77-3481-45e4-b74d-21e47272b1e7" testId="fd409af4-fedd-b4c3-824e-fd6a6e2b4f77" testName="Microsoft.AspNetCore.Components.Test.RenderTreeDiffBuilderTest.CanChangeFrameTypeWithMatchingKey" computerName="pkrvmbietmlfzoi" duration="00:00:00.0006295" startTime="2025-07-02T22:04:17.9706050+00:00" endTime="2025-07-02T22:04:17.9706862+00:00" testType="13cdc9d9-ddb5-4fa4-a97d-d965ccfc6d4b" outcome="Passed" testListId="8c84fa94-04c1-424b-9868-57a2d4851a1d" relativeResultsDirectory="f9292a77-3481-45e4-b74d-21e47272b1e7" />
    <UnitTestResult executionId="5b85fac2-88f6-4d84-849e-c1d1c343f39f" testId="d4eedd99-b110-4265-f758-a8dd5d74eaea" testName="Microsoft.AspNetCore.Components.Rendering.RenderTreeBuilderTest.ClosedElementsHaveCorrectSubtreeLength" computerName="pkrvmbietmlfzoi" duration="00:00:00.0002660" startTime="2025-07-02T22:04:17.9438248+00:00" endTime="2025-07-02T22:04:17.9442166+00:00" testType="13cdc9d9-ddb5-4fa4-a97d-d965ccfc6d4b" outcome="Passed" testListId="8c84fa94-04c1-424b-9868-57a2d4851a1d" relativeResultsDirectory="5b85fac2-88f6-4d84-849e-c1d1c343f39f" />
    <UnitTestResult executionId="cca62e0d-df05-4592-973f-495f4967dc26" testId="32c961b9-1d62-92ae-43e0-c2211424f76e" testName="Microsoft.AspNetCore.Components.Routing.RouteTableFactoryTests.DoesNotThrowForNonAmbiguousRoutes(first: &quot;{param}/{*catchAll:int}&quot;, second: &quot;{param}/{optional?}&quot;)" computerName="pkrvmbietmlfzoi" duration="00:00:00.0004643" startTime="2025-07-02T22:04:17.5512881+00:00" endTime="2025-07-02T22:04:17.5521621+00:00" testType="13cdc9d9-ddb5-4fa4-a97d-d965ccfc6d4b" outcome="Passed" testListId="8c84fa94-04c1-424b-9868-57a2d4851a1d" relativeResultsDirectory="cca62e0d-df05-4592-973f-495f4967dc26" />
    <UnitTestResult executionId="ae0c4c3c-4e80-4537-ad3f-b6a52478bc01" testId="6e419b7a-f3ee-4ba0-7e1a-a2f6af7ebf42" testName="Microsoft.AspNetCore.Components.Routing.RouteTableFactoryTests.DoesNotThrowIfStableSortComparesRouteWithItself" computerName="pkrvmbietmlfzoi" duration="00:00:00.0009635" startTime="2025-07-02T22:04:17.8610052+00:00" endTime="2025-07-02T22:04:17.8616233+00:00" testType="13cdc9d9-ddb5-4fa4-a97d-d965ccfc6d4b" outcome="Passed" testListId="8c84fa94-04c1-424b-9868-57a2d4851a1d" relativeResultsDirectory="ae0c4c3c-4e80-4537-ad3f-b6a52478bc01" />
    <UnitTestResult executionId="599f2187-7eb0-4e9c-8dba-0f12164d504c" testId="31574c20-fc3c-833c-e5fa-1ea3b10cc841" testName="Microsoft.AspNetCore.Components.Test.RendererTest.ExceptionsThrownAsynchronouslyFromMultipleComponentsCanBeHandled" computerName="pkrvmbietmlfzoi" duration="00:00:00.0064747" startTime="2025-07-02T22:04:17.9926522+00:00" endTime="2025-07-02T22:04:17.9928892+00:00" testType="13cdc9d9-ddb5-4fa4-a97d-d965ccfc6d4b" outcome="Passed" testListId="8c84fa94-04c1-424b-9868-57a2d4851a1d" relativeResultsDirectory="599f2187-7eb0-4e9c-8dba-0f12164d504c" />
    <UnitTestResult executionId="a610e6bc-01a8-424a-bf24-5d6f90d691fd" testId="889cc7ec-d3db-c56c-fae3-36b7956585c4" testName="Microsoft.AspNetCore.Components.CascadingParameterStateTest.FindCascadingParameters_IfHasNoAncestors_ReturnsEmpty" computerName="pkrvmbietmlfzoi" duration="00:00:00.0001551" startTime="2025-07-02T22:04:17.5120558+00:00" endTime="2025-07-02T22:04:17.5121383+00:00" testType="13cdc9d9-ddb5-4fa4-a97d-d965ccfc6d4b" outcome="Passed" testListId="8c84fa94-04c1-424b-9868-57a2d4851a1d" relativeResultsDirectory="a610e6bc-01a8-424a-bf24-5d6f90d691fd" />
    <UnitTestResult executionId="8bed8a50-2e28-48c0-85e1-803195e3947c" testId="27e27187-cc17-5818-666a-779ac7a9cd40" testName="Microsoft.AspNetCore.Components.EventCallbackFactoryTest.CreateT_ActionT_DifferentReceiver" computerName="pkrvmbietmlfzoi" duration="00:00:00.0001925" startTime="2025-07-02T22:04:17.6401356+00:00" endTime="2025-07-02T22:04:17.6401812+00:00" testType="13cdc9d9-ddb5-4fa4-a97d-d965ccfc6d4b" outcome="Passed" testListId="8c84fa94-04c1-424b-9868-57a2d4851a1d" relativeResultsDirectory="8bed8a50-2e28-48c0-85e1-803195e3947c" />
    <UnitTestResult executionId="932eefba-662c-415a-8752-36723ce09275" testId="7e30bead-337f-eb80-0031-cca28a124eaf" testName="Microsoft.AspNetCore.Components.Routing.QueryParameterValueSupplierTest.RejectsUnparseableValues(key: &quot;NullableDateTimeVal&quot;, value: &quot;2020-02-31&quot;, targetType: typeof(DateTime?))" computerName="pkrvmbietmlfzoi" duration="00:00:00.0006614" startTime="2025-07-02T22:04:17.6824286+00:00" endTime="2025-07-02T22:04:17.6826312+00:00" testType="13cdc9d9-ddb5-4fa4-a97d-d965ccfc6d4b" outcome="Passed" testListId="8c84fa94-04c1-424b-9868-57a2d4851a1d" relativeResultsDirectory="932eefba-662c-415a-8752-36723ce09275" />
    <UnitTestResult executionId="26f9cb5b-1bd2-401c-a205-9528756ccea6" testId="f0b9b8f1-cb37-1e7a-57a4-826db8b3ce69" testName="Microsoft.AspNetCore.Components.PersistentState.PersistentServicesRegistryTest.PersistStateAsync_PersistsServiceWithComplexState" computerName="pkrvmbietmlfzoi" duration="00:00:00.0054393" startTime="2025-07-02T22:04:17.4065322+00:00" endTime="2025-07-02T22:04:17.4072298+00:00" testType="13cdc9d9-ddb5-4fa4-a97d-d965ccfc6d4b" outcome="Passed" testListId="8c84fa94-04c1-424b-9868-57a2d4851a1d" relativeResultsDirectory="26f9cb5b-1bd2-401c-a205-9528756ccea6" />
    <UnitTestResult executionId="baa49852-d3c1-46eb-a8fe-75400c416af4" testId="5f92604e-9501-54cb-010b-c8142fddb778" testName="Microsoft.AspNetCore.Components.Rendering.RenderTreeBuilderTest.AddComponentParameter_Component_EventHandlerValue_SetsAttributeValue(value: Action`1 { Method = Void &lt;get_EventHandlerValues&gt;b__60_0(System.EventArgs), Target = &lt;&gt;c { } })" computerName="pkrvmbietmlfzoi" duration="00:00:00.0003478" startTime="2025-07-02T22:04:17.9020684+00:00" endTime="2025-07-02T22:04:17.9021635+00:00" testType="13cdc9d9-ddb5-4fa4-a97d-d965ccfc6d4b" outcome="Passed" testListId="8c84fa94-04c1-424b-9868-57a2d4851a1d" relativeResultsDirectory="baa49852-d3c1-46eb-a8fe-75400c416af4" />
    <UnitTestResult executionId="93121729-5e88-494d-a0d8-78404f457777" testId="f41f58f6-dae1-cb84-f7ce-226792cc9485" testName="Microsoft.AspNetCore.Components.Routing.RouteTableFactoryTests.OptionalParameterPlusCatchAllRoute(template: &quot;/{parameter?}/{*catchAll}&quot;, path: &quot;/parameter&quot;, parameterValue: &quot;parameter&quot;, catchAllValue: null)" computerName="pkrvmbietmlfzoi" duration="00:00:00.0006385" startTime="2025-07-02T22:04:17.6734840+00:00" endTime="2025-07-02T22:04:17.6737317+00:00" testType="13cdc9d9-ddb5-4fa4-a97d-d965ccfc6d4b" outcome="Passed" testListId="8c84fa94-04c1-424b-9868-57a2d4851a1d" relativeResultsDirectory="93121729-5e88-494d-a0d8-78404f457777" />
    <UnitTestResult executionId="970fafd9-2b5c-45aa-8bb5-423e949c1fed" testId="b1c70ff9-286f-152b-218e-f1e925e50502" testName="Microsoft.AspNetCore.Components.PersistentStateValueProviderTests.Subscribe_RegistersPersistenceCallback" computerName="pkrvmbietmlfzoi" duration="00:00:00.0074489" startTime="2025-07-02T22:04:17.4243959+00:00" endTime="2025-07-02T22:04:17.4392443+00:00" testType="13cdc9d9-ddb5-4fa4-a97d-d965ccfc6d4b" outcome="Passed" testListId="8c84fa94-04c1-424b-9868-57a2d4851a1d" relativeResultsDirectory="970fafd9-2b5c-45aa-8bb5-423e949c1fed" />
    <UnitTestResult executionId="5ef390ab-5d73-4ea0-bb91-c1eb8faac1a2" testId="2dcd6984-ca71-e0f2-58f0-317445286deb" testName="Microsoft.AspNetCore.Components.Test.RendererTest.ExceptionsThrownFromHandleAfterRender_Async_AreHandled" computerName="pkrvmbietmlfzoi" duration="00:00:00.0022979" startTime="2025-07-02T22:04:19.2861919+00:00" endTime="2025-07-02T22:04:19.2888116+00:00" testType="13cdc9d9-ddb5-4fa4-a97d-d965ccfc6d4b" outcome="Passed" testListId="8c84fa94-04c1-424b-9868-57a2d4851a1d" relativeResultsDirectory="5ef390ab-5d73-4ea0-bb91-c1eb8faac1a2" />
    <UnitTestResult executionId="da88b143-87a5-4da5-89cb-e0f64179aed6" testId="6f8db2a7-071c-d418-c1ae-5a64ece4fd33" testName="Microsoft.AspNetCore.Components.Routing.RouteTableFactoryTests.PrefersRoutesThatMatchMoreSegments" computerName="pkrvmbietmlfzoi" duration="00:00:00.0046121" startTime="2025-07-02T22:04:17.8745883+00:00" endTime="2025-07-02T22:04:17.8813054+00:00" testType="13cdc9d9-ddb5-4fa4-a97d-d965ccfc6d4b" outcome="Passed" testListId="8c84fa94-04c1-424b-9868-57a2d4851a1d" relativeResultsDirectory="da88b143-87a5-4da5-89cb-e0f64179aed6" />
    <UnitTestResult executionId="c736f357-eb71-44fe-a3b8-f52595309a86" testId="c7260ebc-a696-37ef-e759-c0251b78d7a6" testName="Microsoft.AspNetCore.Components.Routing.RouteTableFactoryTests.CanMatchParameterWithConstraint(template: &quot;/{value:float}&quot;, contextUrl: &quot;/0.1&quot;, convertedValue: 0.100000001)" computerName="pkrvmbietmlfzoi" duration="00:00:00.0061066" startTime="2025-07-02T22:04:17.6499308+00:00" endTime="2025-07-02T22:04:17.6526308+00:00" testType="13cdc9d9-ddb5-4fa4-a97d-d965ccfc6d4b" outcome="Passed" testListId="8c84fa94-04c1-424b-9868-57a2d4851a1d" relativeResultsDirectory="c736f357-eb71-44fe-a3b8-f52595309a86" />
    <UnitTestResult executionId="fd371f76-2388-46a0-8b7a-27ecd0d29f5d" testId="7d28c52d-8a18-7edb-95b2-48155dd86277" testName="Microsoft.AspNetCore.Components.Routing.QueryParameterValueSupplierTest.RejectsBlankValuesWhenNotNullable(key: &quot;FloatVal&quot;, targetType: typeof(float))" computerName="pkrvmbietmlfzoi" duration="00:00:00.0000473" startTime="2025-07-02T22:04:17.7688912+00:00" endTime="2025-07-02T22:04:17.7689920+00:00" testType="13cdc9d9-ddb5-4fa4-a97d-d965ccfc6d4b" outcome="Passed" testListId="8c84fa94-04c1-424b-9868-57a2d4851a1d" relativeResultsDirectory="fd371f76-2388-46a0-8b7a-27ecd0d29f5d" />
    <UnitTestResult executionId="1a1584b0-1314-4e3b-9af7-a8723bfb117b" testId="473bee02-fa7a-b0c3-3935-dd68e1825d93" testName="Microsoft.AspNetCore.Components.Rendering.RenderTreeBuilderTest.CanAddNullMarkup" computerName="pkrvmbietmlfzoi" duration="00:00:00.0003483" startTime="2025-07-02T22:04:17.8817858+00:00" endTime="2025-07-02T22:04:17.8833382+00:00" testType="13cdc9d9-ddb5-4fa4-a97d-d965ccfc6d4b" outcome="Passed" testListId="8c84fa94-04c1-424b-9868-57a2d4851a1d" relativeResultsDirectory="1a1584b0-1314-4e3b-9af7-a8723bfb117b" />
    <UnitTestResult executionId="8c53fb79-e6aa-4e47-826f-0f47b67a5e50" testId="180c60fa-d43e-7c4f-0203-0861dd1e5e80" testName="Microsoft.AspNetCore.Components.Test.RendererTest.ExceptionsThrownSynchronouslyCanBeHandled" computerName="pkrvmbietmlfzoi" duration="00:00:00.0008055" startTime="2025-07-02T22:04:19.2838116+00:00" endTime="2025-07-02T22:04:19.2839037+00:00" testType="13cdc9d9-ddb5-4fa4-a97d-d965ccfc6d4b" outcome="Passed" testListId="8c84fa94-04c1-424b-9868-57a2d4851a1d" relativeResultsDirectory="8c53fb79-e6aa-4e47-826f-0f47b67a5e50" />
    <UnitTestResult executionId="06e9919e-f3f4-4369-9cd9-0974c7e4fe66" testId="2e52a970-533c-2f2d-76b9-7fdb915ef414" testName="Microsoft.AspNetCore.Components.Rendering.RendererSynchronizationContextTest.InvokeAsync_FuncTask_CanRunSynchronously_WhenNotBusy" computerName="pkrvmbietmlfzoi" duration="00:00:00.0008867" startTime="2025-07-02T22:04:17.9639712+00:00" endTime="2025-07-02T22:04:17.9660056+00:00" testType="13cdc9d9-ddb5-4fa4-a97d-d965ccfc6d4b" outcome="Passed" testListId="8c84fa94-04c1-424b-9868-57a2d4851a1d" relativeResultsDirectory="06e9919e-f3f4-4369-9cd9-0974c7e4fe66" />
    <UnitTestResult executionId="864c2791-62e1-48c8-a4ff-ebdf9e647c1a" testId="c7260ebc-a696-37ef-e759-c0251b78d7a6" testName="Microsoft.AspNetCore.Components.Routing.RouteTableFactoryTests.CanMatchParameterWithConstraint(template: &quot;/{value:datetime}&quot;, contextUrl: &quot;/1955-01-30&quot;, convertedValue: 1955-01-30T00:00:00.0000000)" computerName="pkrvmbietmlfzoi" duration="00:00:00.0105758" startTime="2025-07-02T22:04:17.6163316+00:00" endTime="2025-07-02T22:04:17.6181692+00:00" testType="13cdc9d9-ddb5-4fa4-a97d-d965ccfc6d4b" outcome="Passed" testListId="8c84fa94-04c1-424b-9868-57a2d4851a1d" relativeResultsDirectory="864c2791-62e1-48c8-a4ff-ebdf9e647c1a" />
    <UnitTestResult executionId="31398726-3a29-4a74-b7e2-81cde5c114bc" testId="04eaae18-b0fd-9865-13a1-eec2c40b7d89" testName="Microsoft.AspNetCore.Components.Test.RendererTest.SetParametersAsyncExceptionsCanBeHandledByClosestErrorBoundary_Async" computerName="pkrvmbietmlfzoi" duration="00:00:00.0037862" startTime="2025-07-02T22:04:18.1945479+00:00" endTime="2025-07-02T22:04:18.1970036+00:00" testType="13cdc9d9-ddb5-4fa4-a97d-d965ccfc6d4b" outcome="Passed" testListId="8c84fa94-04c1-424b-9868-57a2d4851a1d" relativeResultsDirectory="31398726-3a29-4a74-b7e2-81cde5c114bc" />
    <UnitTestResult executionId="e7d9b7d8-a821-40fe-98f9-80dcc0e14d3e" testId="4d9d8a40-0fea-f11a-342f-66fe09943774" testName="Microsoft.AspNetCore.Components.Test.RendererTest.EventFieldInfoCanPatchTreeSoDiffDoesNotUpdateAttribute(oldValue: null)" computerName="pkrvmbietmlfzoi" duration="00:00:00.0002984" startTime="2025-07-02T22:04:17.9974902+00:00" endTime="2025-07-02T22:04:17.9975528+00:00" testType="13cdc9d9-ddb5-4fa4-a97d-d965ccfc6d4b" outcome="Passed" testListId="8c84fa94-04c1-424b-9868-57a2d4851a1d" relativeResultsDirectory="e7d9b7d8-a821-40fe-98f9-80dcc0e14d3e" />
    <UnitTestResult executionId="b7e5779f-e92d-44d3-bd95-ecef4ecfcba7" testId="128ff9bc-b3cc-3552-a1f4-e92218deb52e" testName="Microsoft.AspNetCore.Components.Routing.QueryParameterValueSupplierTest.RejectsBlankValuesWhenNotNullable(key: &quot;IntVal&quot;, targetType: typeof(int))" computerName="pkrvmbietmlfzoi" duration="00:00:00.0000406" startTime="2025-07-02T22:04:17.7681985+00:00" endTime="2025-07-02T22:04:17.7686882+00:00" testType="13cdc9d9-ddb5-4fa4-a97d-d965ccfc6d4b" outcome="Passed" testListId="8c84fa94-04c1-424b-9868-57a2d4851a1d" relativeResultsDirectory="b7e5779f-e92d-44d3-bd95-ecef4ecfcba7" />
    <UnitTestResult executionId="9d580aa8-d339-4b41-908b-5a980629f2be" testId="80bcd6ba-b2f3-2ca0-060f-328653b77f7e" testName="Microsoft.AspNetCore.Components.Rendering.RenderTreeBuilderTest.AddAttribute_Element_ObjectEventCallback_Default_DoesNotAddFrame" computerName="pkrvmbietmlfzoi" duration="00:00:00.0003541" startTime="2025-07-02T22:04:17.8836176+00:00" endTime="2025-07-02T22:04:17.8840170+00:00" testType="13cdc9d9-ddb5-4fa4-a97d-d965ccfc6d4b" outcome="Passed" testListId="8c84fa94-04c1-424b-9868-57a2d4851a1d" relativeResultsDirectory="9d580aa8-d339-4b41-908b-5a980629f2be" />
    <UnitTestResult executionId="fcead164-3f99-4412-81c1-228410068965" testId="5e30622e-f9d7-e795-9a51-3d6697054200" testName="Microsoft.AspNetCore.Components.Routing.RouteKeyTest.RouteKey_DefaultAgainstNonDefault" computerName="pkrvmbietmlfzoi" duration="00:00:00.0002065" startTime="2025-07-02T22:04:17.8690940+00:00" endTime="2025-07-02T22:04:17.8692026+00:00" testType="13cdc9d9-ddb5-4fa4-a97d-d965ccfc6d4b" outcome="Passed" testListId="8c84fa94-04c1-424b-9868-57a2d4851a1d" relativeResultsDirectory="fcead164-3f99-4412-81c1-228410068965" />
    <UnitTestResult executionId="655cc84e-71a1-4143-83b7-3f3a07061b51" testId="2c565792-9454-6858-6b8f-ed0b4fe92c7f" testName="Microsoft.AspNetCore.Components.DynamicComponentTest.RequiresTypeParameter" computerName="pkrvmbietmlfzoi" duration="00:00:00.0005398" startTime="2025-07-02T22:04:17.5512091+00:00" endTime="2025-07-02T22:04:17.5519299+00:00" testType="13cdc9d9-ddb5-4fa4-a97d-d965ccfc6d4b" outcome="Passed" testListId="8c84fa94-04c1-424b-9868-57a2d4851a1d" relativeResultsDirectory="655cc84e-71a1-4143-83b7-3f3a07061b51" />
    <UnitTestResult executionId="41f6ecdc-3e45-4975-9e9e-38553c051518" testId="84ec3794-ad26-9989-2249-c7a407d234d8" testName="Microsoft.AspNetCore.Components.NavigationManagerTest.GetUriWithQueryParameters_ThrowsWhenAnyParameterNameIsEmpty(baseUri: &quot;scheme://host/?existing-param=test&quot;)" computerName="pkrvmbietmlfzoi" duration="00:00:00.0019703" startTime="2025-07-02T22:04:17.6066886+00:00" endTime="2025-07-02T22:04:17.6074421+00:00" testType="13cdc9d9-ddb5-4fa4-a97d-d965ccfc6d4b" outcome="Passed" testListId="8c84fa94-04c1-424b-9868-57a2d4851a1d" relativeResultsDirectory="41f6ecdc-3e45-4975-9e9e-38553c051518" />
    <UnitTestResult executionId="fd0782dd-b92a-4cff-ab81-c657657597bc" testId="e8183165-5cb2-a4bf-657e-2aae1c6d9ee8" testName="Microsoft.AspNetCore.Components.Test.CascadingParameterTest.NotifiesDescendantsOfUpdatedCascadingParameterValuesAndPreservesDirectParameters" computerName="pkrvmbietmlfzoi" duration="00:00:00.0518925" startTime="2025-07-02T22:04:17.4450827+00:00" endTime="2025-07-02T22:04:17.4966908+00:00" testType="13cdc9d9-ddb5-4fa4-a97d-d965ccfc6d4b" outcome="Passed" testListId="8c84fa94-04c1-424b-9868-57a2d4851a1d" relativeResultsDirectory="fd0782dd-b92a-4cff-ab81-c657657597bc" />
    <UnitTestResult executionId="c67d2e01-00c2-4787-8cb0-1ad236a56c0c" testId="986596bb-7293-785e-9f6e-59417acc5c22" testName="Microsoft.AspNetCore.Components.Routing.RoutePatternParserTests.InvalidTemplate_WithMismatchedBraces(template: &quot;p}/Literal&quot;, expectedMessage: &quot;There is an incomplete parameter in the route temp&quot;···)" computerName="pkrvmbietmlfzoi" duration="00:00:00.0000227" startTime="2025-07-02T22:04:17.8423983+00:00" endTime="2025-07-02T22:04:17.8424988+00:00" testType="13cdc9d9-ddb5-4fa4-a97d-d965ccfc6d4b" outcome="Passed" testListId="8c84fa94-04c1-424b-9868-57a2d4851a1d" relativeResultsDirectory="c67d2e01-00c2-4787-8cb0-1ad236a56c0c" />
    <UnitTestResult executionId="1a8850ff-a0fc-409d-a7d9-e41589d0c138" testId="368df98f-908e-6cc2-43ae-5a5d904e2247" testName="Microsoft.AspNetCore.Components.EventCallbackTest.EventCallbackOfT_Equals_WhenANewDelegateIsCreated" computerName="pkrvmbietmlfzoi" duration="00:00:00.0002544" startTime="2025-07-02T22:04:17.9441624+00:00" endTime="2025-07-02T22:04:17.9455823+00:00" testType="13cdc9d9-ddb5-4fa4-a97d-d965ccfc6d4b" outcome="Passed" testListId="8c84fa94-04c1-424b-9868-57a2d4851a1d" relativeResultsDirectory="1a8850ff-a0fc-409d-a7d9-e41589d0c138" />
    <UnitTestResult executionId="ee9ac6f0-2004-4a52-b6aa-4fd208190852" testId="d7e9df2f-96f9-8f18-408c-5c36c24fb919" testName="Microsoft.AspNetCore.Components.PersistentState.PersistentServicesRegistryTest.PersistStateAsync_PersistsBaseServiceProperties" computerName="pkrvmbietmlfzoi" duration="00:00:00.0034067" startTime="2025-07-02T22:04:17.3923134+00:00" endTime="2025-07-02T22:04:17.3936870+00:00" testType="13cdc9d9-ddb5-4fa4-a97d-d965ccfc6d4b" outcome="Passed" testListId="8c84fa94-04c1-424b-9868-57a2d4851a1d" relativeResultsDirectory="ee9ac6f0-2004-4a52-b6aa-4fd208190852" />
    <UnitTestResult executionId="352dc96a-562e-4445-bbef-7fb978e3f60d" testId="dff29beb-1682-b437-689d-8146683f0b10" testName="Microsoft.AspNetCore.Components.Rendering.RenderTreeBuilderTest.CanAddNullableMarkupViaMarkupString" computerName="pkrvmbietmlfzoi" duration="00:00:00.0009376" startTime="2025-07-02T22:04:17.9324754+00:00" endTime="2025-07-02T22:04:17.9329146+00:00" testType="13cdc9d9-ddb5-4fa4-a97d-d965ccfc6d4b" outcome="Passed" testListId="8c84fa94-04c1-424b-9868-57a2d4851a1d" relativeResultsDirectory="352dc96a-562e-4445-bbef-7fb978e3f60d" />
    <UnitTestResult executionId="4b384e03-6cf3-4232-af0b-e8f3093e0e85" testId="1ff02200-35f6-0b8a-ae2f-39953dccfcf1" testName="Microsoft.AspNetCore.Components.ResourceAssetCollectionTest.ResolvingNonExistentResourceReturnsSameUrl" computerName="pkrvmbietmlfzoi" duration="00:00:00.0001650" startTime="2025-07-02T22:04:17.3882410+00:00" endTime="2025-07-02T22:04:17.3883345+00:00" testType="13cdc9d9-ddb5-4fa4-a97d-d965ccfc6d4b" outcome="Passed" testListId="8c84fa94-04c1-424b-9868-57a2d4851a1d" relativeResultsDirectory="4b384e03-6cf3-4232-af0b-e8f3093e0e85" />
    <UnitTestResult executionId="522fe0b1-3bfc-41e3-bae3-0abf0d8f01ba" testId="8e66c054-8cb0-4ebb-38fd-dd914bad0e3c" testName="Microsoft.AspNetCore.Components.EventCallbackFactoryTest.CreateInferred_ActionT" computerName="pkrvmbietmlfzoi" duration="00:00:00.0026729" startTime="2025-07-02T22:04:17.6434087+00:00" endTime="2025-07-02T22:04:17.6438874+00:00" testType="13cdc9d9-ddb5-4fa4-a97d-d965ccfc6d4b" outcome="Passed" testListId="8c84fa94-04c1-424b-9868-57a2d4851a1d" relativeResultsDirectory="522fe0b1-3bfc-41e3-bae3-0abf0d8f01ba" />
    <UnitTestResult executionId="18483454-e07b-48e5-856d-c7b8979aed29" testId="5c0058ef-61f7-4dc0-b1da-7231b9856ad7" testName="Microsoft.AspNetCore.Components.ParameterViewTest.EnumerationStopsAtEndOfOwnerAttributes" computerName="pkrvmbietmlfzoi" duration="00:00:00.0003582" startTime="2025-07-02T22:04:17.5202432+00:00" endTime="2025-07-02T22:04:17.5203824+00:00" testType="13cdc9d9-ddb5-4fa4-a97d-d965ccfc6d4b" outcome="Passed" testListId="8c84fa94-04c1-424b-9868-57a2d4851a1d" relativeResultsDirectory="18483454-e07b-48e5-856d-c7b8979aed29" />
    <UnitTestResult executionId="cfb015dc-243a-4612-ab5d-f0b1a6cac0a0" testId="9171d650-755f-9c79-b4bd-0bdd2da43918" testName="Microsoft.AspNetCore.Components.EventCallbackTest.EventCallback_Action_IgnoresArg" computerName="pkrvmbietmlfzoi" duration="00:00:00.0010359" startTime="2025-07-02T22:04:17.9461046+00:00" endTime="2025-07-02T22:04:17.9465733+00:00" testType="13cdc9d9-ddb5-4fa4-a97d-d965ccfc6d4b" outcome="Passed" testListId="8c84fa94-04c1-424b-9868-57a2d4851a1d" relativeResultsDirectory="cfb015dc-243a-4612-ab5d-f0b1a6cac0a0" />
    <UnitTestResult executionId="6ddecb42-58f6-4998-be8f-f2311d149910" testId="d25bb6c4-f059-2b0a-c3a7-55a673cee942" testName="Microsoft.AspNetCore.Components.NavigationManagerTest.ToBaseRelativePath_ThrowsForInvalidBaseRelativePaths(baseUri: &quot;scheme://host/&quot;, absoluteUri: &quot;scheme://otherhost/&quot;)" computerName="pkrvmbietmlfzoi" duration="00:00:00.0003775" startTime="2025-07-02T22:04:17.5933088+00:00" endTime="2025-07-02T22:04:17.5941987+00:00" testType="13cdc9d9-ddb5-4fa4-a97d-d965ccfc6d4b" outcome="Passed" testListId="8c84fa94-04c1-424b-9868-57a2d4851a1d" relativeResultsDirectory="6ddecb42-58f6-4998-be8f-f2311d149910" />
    <UnitTestResult executionId="e36cbbbc-42f1-4ed1-b0d5-f21be252c7be" testId="dd2ab46b-7343-ab95-a72d-9713ed8428e3" testName="Microsoft.AspNetCore.Components.Test.RenderTreeDiffBuilderTest.AttributeDiff_WithSequentialSequenceNumber_AttributeAddedAtStart" computerName="pkrvmbietmlfzoi" duration="00:00:00.0005834" startTime="2025-07-02T22:04:17.9731931+00:00" endTime="2025-07-02T22:04:17.9737787+00:00" testType="13cdc9d9-ddb5-4fa4-a97d-d965ccfc6d4b" outcome="Passed" testListId="8c84fa94-04c1-424b-9868-57a2d4851a1d" relativeResultsDirectory="e36cbbbc-42f1-4ed1-b0d5-f21be252c7be" />
    <UnitTestResult executionId="3c8f5751-f722-433a-b4d1-5e51349786f8" testId="0acf8eb4-34bd-388a-8ec8-b0b295cebea3" testName="Microsoft.AspNetCore.Components.CascadingParameterStateTest.FindCascadingParameters_WithoutSingleDelivery" computerName="pkrvmbietmlfzoi" duration="00:00:00.0008091" startTime="2025-07-02T22:04:17.5216959+00:00" endTime="2025-07-02T22:04:17.5222333+00:00" testType="13cdc9d9-ddb5-4fa4-a97d-d965ccfc6d4b" outcome="Passed" testListId="8c84fa94-04c1-424b-9868-57a2d4851a1d" relativeResultsDirectory="3c8f5751-f722-433a-b4d1-5e51349786f8" />
    <UnitTestResult executionId="1cd92273-d127-4d71-bca5-0433a3802c7e" testId="f10dc523-3f30-f3d2-89b3-962135b6cabd" testName="Microsoft.AspNetCore.Components.ResourceAssetCollectionTest.ResourceAsset_CanSerializeAndDeserialize_WithoutRespectRequiredConstructorParameters" computerName="pkrvmbietmlfzoi" duration="00:00:00.0463741" startTime="2025-07-02T22:04:17.2239607+00:00" endTime="2025-07-02T22:04:17.3722562+00:00" testType="13cdc9d9-ddb5-4fa4-a97d-d965ccfc6d4b" outcome="Passed" testListId="8c84fa94-04c1-424b-9868-57a2d4851a1d" relativeResultsDirectory="1cd92273-d127-4d71-bca5-0433a3802c7e" />
    <UnitTestResult executionId="77552a92-0d43-4da2-9ccf-e96d8927083c" testId="79220347-2bdc-d608-3e58-432b022a5ddf" testName="Microsoft.AspNetCore.Components.Test.RendererTest.ComponentCanTriggerRenderWhenNoBatchIsInProgress" computerName="pkrvmbietmlfzoi" duration="00:00:00.0007321" startTime="2025-07-02T22:04:18.0111728+00:00" endTime="2025-07-02T22:04:18.0114411+00:00" testType="13cdc9d9-ddb5-4fa4-a97d-d965ccfc6d4b" outcome="Passed" testListId="8c84fa94-04c1-424b-9868-57a2d4851a1d" relativeResultsDirectory="77552a92-0d43-4da2-9ccf-e96d8927083c" />
    <UnitTestResult executionId="fd7da804-f25b-47ba-9032-aad3c9ecb193" testId="a39a4b78-b6bc-882b-6efa-4348532ef8f1" testName="Microsoft.AspNetCore.Components.Test.RendererTest.CanRenderAsyncComponentsWithAsyncChildInit" computerName="pkrvmbietmlfzoi" duration="00:00:00.0020209" startTime="2025-07-02T22:04:18.2079829+00:00" endTime="2025-07-02T22:04:18.2103401+00:00" testType="13cdc9d9-ddb5-4fa4-a97d-d965ccfc6d4b" outcome="Passed" testListId="8c84fa94-04c1-424b-9868-57a2d4851a1d" relativeResultsDirectory="fd7da804-f25b-47ba-9032-aad3c9ecb193" />
    <UnitTestResult executionId="07de0522-5eaa-46c7-baa9-f2077fc77e1f" testId="1080a8fb-c4f5-1740-e9b9-cd24db7a0bc9" testName="Microsoft.AspNetCore.Components.PersistentStateValueProviderTests.PersistAsync_CanPersistMultipleComponentsOfSameType_SupportsDifferentKeyTypes(componentKey1: 12345, componentKey2: -12345)" computerName="pkrvmbietmlfzoi" duration="00:00:00.0001524" startTime="2025-07-02T22:04:17.5356102+00:00" endTime="2025-07-02T22:04:17.5357078+00:00" testType="13cdc9d9-ddb5-4fa4-a97d-d965ccfc6d4b" outcome="Passed" testListId="8c84fa94-04c1-424b-9868-57a2d4851a1d" relativeResultsDirectory="07de0522-5eaa-46c7-baa9-f2077fc77e1f" />
    <UnitTestResult executionId="91b096aa-4504-4f3c-91ac-7e5761d58351" testId="c7260ebc-a696-37ef-e759-c0251b78d7a6" testName="Microsoft.AspNetCore.Components.Routing.RouteTableFactoryTests.CanMatchParameterWithConstraint(template: &quot;/{value:long}&quot;, contextUrl: &quot;/9223372036854775807&quot;, convertedValue: 9223372036854775807)" computerName="pkrvmbietmlfzoi" duration="00:00:00.0042993" startTime="2025-07-02T22:04:17.6565036+00:00" endTime="2025-07-02T22:04:17.6571755+00:00" testType="13cdc9d9-ddb5-4fa4-a97d-d965ccfc6d4b" outcome="Passed" testListId="8c84fa94-04c1-424b-9868-57a2d4851a1d" relativeResultsDirectory="91b096aa-4504-4f3c-91ac-7e5761d58351" />
    <UnitTestResult executionId="f3fd2c01-baae-4c93-ba23-81c4939d3626" testId="241d8980-738d-491c-f7cc-a1fc0ef0c9e7" testName="Microsoft.AspNetCore.Components.NavigationManagerTest.ComputesCorrectBaseUri(baseUri: &quot;scheme://host:123/&quot;, expectedResult: &quot;scheme://host:123/&quot;)" computerName="pkrvmbietmlfzoi" duration="00:00:00.0000081" startTime="2025-07-02T22:04:17.4814077+00:00" endTime="2025-07-02T22:04:17.4819052+00:00" testType="13cdc9d9-ddb5-4fa4-a97d-d965ccfc6d4b" outcome="Passed" testListId="8c84fa94-04c1-424b-9868-57a2d4851a1d" relativeResultsDirectory="f3fd2c01-baae-4c93-ba23-81c4939d3626" />
    <UnitTestResult executionId="04fd7ba8-28c7-42ed-8211-f788364f96bd" testId="1080a8fb-c4f5-1740-e9b9-cd24db7a0bc9" testName="Microsoft.AspNetCore.Components.PersistentStateValueProviderTests.PersistAsync_CanPersistMultipleComponentsOfSameType_SupportsDifferentKeyTypes(componentKey1: 42, componentKey2: -42)" computerName="pkrvmbietmlfzoi" duration="00:00:00.0001242" startTime="2025-07-02T22:04:17.5390413+00:00" endTime="2025-07-02T22:04:17.5395137+00:00" testType="13cdc9d9-ddb5-4fa4-a97d-d965ccfc6d4b" outcome="Passed" testListId="8c84fa94-04c1-424b-9868-57a2d4851a1d" relativeResultsDirectory="04fd7ba8-28c7-42ed-8211-f788364f96bd" />
    <UnitTestResult executionId="2f5f3e92-3aae-4249-a715-43414c50e651" testId="fef038e5-47db-5676-a6e3-f9525fa89c3f" testName="Microsoft.AspNetCore.Components.NavigationManagerTest.GetUriWithQueryParameter_ReplacesWhenParameterExists(baseUri: &quot;scheme://host/?full%20name=Bob%20Joe#hash&quot;, expectedUri: &quot;scheme://host/?full%20name=John%20Doe#hash&quot;)" computerName="pkrvmbietmlfzoi" duration="00:00:00.0000195" startTime="2025-07-02T22:04:17.4347716+00:00" endTime="2025-07-02T22:04:17.4352400+00:00" testType="13cdc9d9-ddb5-4fa4-a97d-d965ccfc6d4b" outcome="Passed" testListId="8c84fa94-04c1-424b-9868-57a2d4851a1d" relativeResultsDirectory="2f5f3e92-3aae-4249-a715-43414c50e651" />
    <UnitTestResult executionId="0f97af9e-1fef-4990-ac7d-0aeb4affcfc6" testId="dcdacbfb-ca47-8269-e07b-d584187f97f6" testName="Microsoft.AspNetCore.Components.Rendering.RenderTreeBuilderTest.UnclosedElementsHaveNoSubtreeLength" computerName="pkrvmbietmlfzoi" duration="00:00:00.0003838" startTime="2025-07-02T22:04:17.8163303+00:00" endTime="2025-07-02T22:04:17.8167730+00:00" testType="13cdc9d9-ddb5-4fa4-a97d-d965ccfc6d4b" outcome="Passed" testListId="8c84fa94-04c1-424b-9868-57a2d4851a1d" relativeResultsDirectory="0f97af9e-1fef-4990-ac7d-0aeb4affcfc6" />
    <UnitTestResult executionId="35738475-61cc-404a-a622-6430b63a70b3" testId="45d63f8a-6753-ab8c-86f2-506f15b9ffc2" testName="Microsoft.AspNetCore.Components.Rendering.RenderTreeBuilderTest.CannotAddAttributeToElementReferenceCapture" computerName="pkrvmbietmlfzoi" duration="00:00:00.0005277" startTime="2025-07-02T22:04:17.7646506+00:00" endTime="2025-07-02T22:04:17.7651683+00:00" testType="13cdc9d9-ddb5-4fa4-a97d-d965ccfc6d4b" outcome="Passed" testListId="8c84fa94-04c1-424b-9868-57a2d4851a1d" relativeResultsDirectory="35738475-61cc-404a-a622-6430b63a70b3" />
    <UnitTestResult executionId="2bd8b840-bf58-4bda-b064-72aef1cfc158" testId="b2269b89-0bb6-2e61-6341-5af4efbde415" testName="AlwaysTestTests.SuccessfulTests.GuaranteedQuarantinedTest" computerName="pkrvmbietmlfzoi" duration="00:00:00.0001258" startTime="2025-07-02T22:04:17.4156891+00:00" endTime="2025-07-02T22:04:17.4157891+00:00" testType="13cdc9d9-ddb5-4fa4-a97d-d965ccfc6d4b" outcome="Passed" testListId="8c84fa94-04c1-424b-9868-57a2d4851a1d" relativeResultsDirectory="2bd8b840-bf58-4bda-b064-72aef1cfc158" />
    <UnitTestResult executionId="5fd48ffe-0531-4d2b-93fe-faeeed4b1970" testId="3d6324e4-b075-f31e-439d-ba873a83cb0a" testName="Microsoft.AspNetCore.Components.Test.CascadingParameterTest.CascadingValueThrowsIfFixedFlagChangesToTrue" computerName="pkrvmbietmlfzoi" duration="00:00:00.0091342" startTime="2025-07-02T22:04:17.4991885+00:00" endTime="2025-07-02T22:04:17.5082371+00:00" testType="13cdc9d9-ddb5-4fa4-a97d-d965ccfc6d4b" outcome="Passed" testListId="8c84fa94-04c1-424b-9868-57a2d4851a1d" relativeResultsDirectory="5fd48ffe-0531-4d2b-93fe-faeeed4b1970" />
    <UnitTestResult executionId="667655a4-7aa4-4ee7-8691-447ae120aa7e" testId="b39a59a1-4eff-96d6-eb7a-a54ad3b8cb11" testName="Microsoft.AspNetCore.Components.NavigationManagerTest.GetUriWithQueryParameters_CanAddUpdateAndRemove(baseUri: &quot;scheme://host/?age=42&amp;eye%20color=87&quot;, expectedUri: &quot;scheme://host/?age=25&amp;eye%20color=green&quot;)" computerName="pkrvmbietmlfzoi" duration="00:00:00.0002438" startTime="2025-07-02T22:04:17.4574592+00:00" endTime="2025-07-02T22:04:17.4575080+00:00" testType="13cdc9d9-ddb5-4fa4-a97d-d965ccfc6d4b" outcome="Passed" testListId="8c84fa94-04c1-424b-9868-57a2d4851a1d" relativeResultsDirectory="667655a4-7aa4-4ee7-8691-447ae120aa7e" />
    <UnitTestResult executionId="506163dd-7320-42c0-a66a-f69d082580f3" testId="051aaff0-22b3-136f-4c85-bc2d468f4f56" testName="Microsoft.AspNetCore.Components.Rendering.RenderTreeBuilderTest.AddComponentParameter_Component_StringValue_SetsAttributeValue(value: &quot;hi&quot;)" computerName="pkrvmbietmlfzoi" duration="00:00:00.0002708" startTime="2025-07-02T22:04:17.7041352+00:00" endTime="2025-07-02T22:04:17.7043886+00:00" testType="13cdc9d9-ddb5-4fa4-a97d-d965ccfc6d4b" outcome="Passed" testListId="8c84fa94-04c1-424b-9868-57a2d4851a1d" relativeResultsDirectory="506163dd-7320-42c0-a66a-f69d082580f3" />
    <UnitTestResult executionId="11ece3c5-838b-4cf4-8684-112fc959e526" testId="55cd5cf7-3e3b-d0e7-0f08-81397b9bba36" testName="Microsoft.AspNetCore.Components.Test.RendererTest.RenderModeResolverCanSupplyComponent_CallSiteRenderMode" computerName="pkrvmbietmlfzoi" duration="00:00:00.0003597" startTime="2025-07-02T22:04:19.3168436+00:00" endTime="2025-07-02T22:04:19.3171358+00:00" testType="13cdc9d9-ddb5-4fa4-a97d-d965ccfc6d4b" outcome="Passed" testListId="8c84fa94-04c1-424b-9868-57a2d4851a1d" relativeResultsDirectory="11ece3c5-838b-4cf4-8684-112fc959e526" />
    <UnitTestResult executionId="cdfec77f-6600-4fa9-b8e7-538181256f28" testId="777b4233-f4ef-2355-4688-3f77c21a4c3d" testName="Microsoft.AspNetCore.Components.Routing.QueryParameterValueSupplierTest.RejectsUnparseableArrayEntries(key: &quot;LongVals&quot;, validValue: &quot;-1234&quot;, invalidValue: &quot;this+is+a+long+value&quot;, targetType: typeof(long))" computerName="pkrvmbietmlfzoi" duration="00:00:00.0000542" startTime="2025-07-02T22:04:17.7397949+00:00" endTime="2025-07-02T22:04:17.7402461+00:00" testType="13cdc9d9-ddb5-4fa4-a97d-d965ccfc6d4b" outcome="Passed" testListId="8c84fa94-04c1-424b-9868-57a2d4851a1d" relativeResultsDirectory="cdfec77f-6600-4fa9-b8e7-538181256f28" />
    <UnitTestResult executionId="dffacbb1-4564-4089-bd08-a733b1d0fb48" testId="dbc1eaf3-3264-f455-406d-6da8ccabb029" testName="Microsoft.AspNetCore.Components.Test.RendererTest.EventDispatching_DelegateParameter_MethodToDelegateConversion" computerName="pkrvmbietmlfzoi" duration="00:00:00.0010689" startTime="2025-07-02T22:04:18.2367617+00:00" endTime="2025-07-02T22:04:18.2378177+00:00" testType="13cdc9d9-ddb5-4fa4-a97d-d965ccfc6d4b" outcome="Passed" testListId="8c84fa94-04c1-424b-9868-57a2d4851a1d" relativeResultsDirectory="dffacbb1-4564-4089-bd08-a733b1d0fb48" />
    <UnitTestResult executionId="29b13841-e5a4-4d31-bf30-39041f112955" testId="a09e58b9-f292-7b89-9ffb-a77d2ea10ba4" testName="Microsoft.AspNetCore.Components.Test.RendererTest.DispatchEventAsync_EventCallback_SynchronousCancellation" computerName="pkrvmbietmlfzoi" duration="00:00:00.0015443" startTime="2025-07-02T22:04:17.9930010+00:00" endTime="2025-07-02T22:04:17.9946542+00:00" testType="13cdc9d9-ddb5-4fa4-a97d-d965ccfc6d4b" outcome="Passed" testListId="8c84fa94-04c1-424b-9868-57a2d4851a1d" relativeResultsDirectory="29b13841-e5a4-4d31-bf30-39041f112955" />
    <UnitTestResult executionId="6d7ab684-10f2-42d8-96de-a376b0511507" testId="6d32942d-9c52-9778-f1fe-7c848aabd0ab" testName="Microsoft.AspNetCore.Components.EventCallbackTest.EventCallbackOfT_NullReceiver" computerName="pkrvmbietmlfzoi" duration="00:00:00.0008573" startTime="2025-07-02T22:04:17.9069576+00:00" endTime="2025-07-02T22:04:17.9081141+00:00" testType="13cdc9d9-ddb5-4fa4-a97d-d965ccfc6d4b" outcome="Passed" testListId="8c84fa94-04c1-424b-9868-57a2d4851a1d" relativeResultsDirectory="6d7ab684-10f2-42d8-96de-a376b0511507" />
    <UnitTestResult executionId="db8c0091-689f-47da-ae02-4ab29ba03266" testId="7472422d-3b90-9c77-80cd-68eb64dc292c" testName="Microsoft.AspNetCore.Components.Routing.RoutePatternParserTests.ParseRouteParameter_ThrowsIf_ParameterContainsSpecialCharacters(template: &quot;{.}&quot;, expectedMessage: &quot;The route parameter name '.' is invalid. Route par&quot;···)" computerName="pkrvmbietmlfzoi" duration="00:00:00.0010000" startTime="2025-07-02T22:04:17.8204036+00:00" endTime="2025-07-02T22:04:17.8204505+00:00" testType="13cdc9d9-ddb5-4fa4-a97d-d965ccfc6d4b" outcome="NotExecuted" testListId="8c84fa94-04c1-424b-9868-57a2d4851a1d" relativeResultsDirectory="db8c0091-689f-47da-ae02-4ab29ba03266">
      <Output>
        <ErrorInfo>
          <Message>{.} is allowed</Message>
        </ErrorInfo>
      </Output>
    </UnitTestResult>
    <UnitTestResult executionId="3c1ac085-6ef4-442f-aae8-25621d30647e" testId="2cddd469-a0f2-9264-213a-2de34700270e" testName="Microsoft.AspNetCore.Components.ComponentsMetricsTest.FailEventSync_RecordsErrorMetric" computerName="pkrvmbietmlfzoi" duration="00:00:00.0045197" startTime="2025-07-02T22:04:17.6108588+00:00" endTime="2025-07-02T22:04:17.6123827+00:00" testType="13cdc9d9-ddb5-4fa4-a97d-d965ccfc6d4b" outcome="Passed" testListId="8c84fa94-04c1-424b-9868-57a2d4851a1d" relativeResultsDirectory="3c1ac085-6ef4-442f-aae8-25621d30647e" />
    <UnitTestResult executionId="d4a4cb07-882e-4d8e-9a0d-67d49a4d06bc" testId="ee779f3e-7df3-bd8a-7c62-57caa0d24085" testName="Microsoft.AspNetCore.Components.Rendering.RenderTreeBuilderTest.ClosedEmptyElementsHaveSubtreeLengthOne" computerName="pkrvmbietmlfzoi" duration="00:00:00.0002005" startTime="2025-07-02T22:04:17.9052622+00:00" endTime="2025-07-02T22:04:17.9053942+00:00" testType="13cdc9d9-ddb5-4fa4-a97d-d965ccfc6d4b" outcome="Passed" testListId="8c84fa94-04c1-424b-9868-57a2d4851a1d" relativeResultsDirectory="d4a4cb07-882e-4d8e-9a0d-67d49a4d06bc" />
    <UnitTestResult executionId="7b952dcb-ff1a-4375-a85c-85bf70bb5b13" testId="63fbe8a8-1093-5f19-3339-a4ab0bbc9f7c" testName="Microsoft.AspNetCore.Components.ComponentsActivitySourceTest.StartRouteActivity_CreatesAndStartsActivity" computerName="pkrvmbietmlfzoi" duration="00:00:00.0102143" startTime="2025-07-02T22:04:17.8384715+00:00" endTime="2025-07-02T22:04:17.8610974+00:00" testType="13cdc9d9-ddb5-4fa4-a97d-d965ccfc6d4b" outcome="Passed" testListId="8c84fa94-04c1-424b-9868-57a2d4851a1d" relativeResultsDirectory="7b952dcb-ff1a-4375-a85c-85bf70bb5b13" />
    <UnitTestResult executionId="62d9cebb-8d5f-47bd-ab42-38641f95660d" testId="ce6a4ff5-99af-bd62-d0d2-6fcb7690b6ab" testName="Microsoft.AspNetCore.Components.Test.RenderTreeDiffBuilderTest.CanChangeFrameTypeWithMatchingSequenceNumber" computerName="pkrvmbietmlfzoi" duration="00:00:00.0006753" startTime="2025-07-02T22:04:18.0088617+00:00" endTime="2025-07-02T22:04:18.0089369+00:00" testType="13cdc9d9-ddb5-4fa4-a97d-d965ccfc6d4b" outcome="Passed" testListId="8c84fa94-04c1-424b-9868-57a2d4851a1d" relativeResultsDirectory="62d9cebb-8d5f-47bd-ab42-38641f95660d" />
    <UnitTestResult executionId="ac382033-30ea-4890-b21b-d31035002f42" testId="c9975773-7b85-8a44-af72-7766f70d35d2" testName="Microsoft.AspNetCore.Components.Rendering.RenderTreeBuilderTest.AddAttribute_Element_ObjectEventCallbackOfT_Default_DoesNotAddFrame" computerName="pkrvmbietmlfzoi" duration="00:00:00.0016563" startTime="2025-07-02T22:04:17.8252342+00:00" endTime="2025-07-02T22:04:17.8304851+00:00" testType="13cdc9d9-ddb5-4fa4-a97d-d965ccfc6d4b" outcome="Passed" testListId="8c84fa94-04c1-424b-9868-57a2d4851a1d" relativeResultsDirectory="ac382033-30ea-4890-b21b-d31035002f42" />
    <UnitTestResult executionId="f7b46e49-35f3-4579-b81c-8ed561b07aa4" testId="1e423626-b1b3-acd3-ee64-66e4478ae98f" testName="Microsoft.AspNetCore.Components.ComponentsMetricsTest.FailBatchSync_RecordsErrorMetric" computerName="pkrvmbietmlfzoi" duration="00:00:00.0007521" startTime="2025-07-02T22:04:17.9737152+00:00" endTime="2025-07-02T22:04:17.9755159+00:00" testType="13cdc9d9-ddb5-4fa4-a97d-d965ccfc6d4b" outcome="Passed" testListId="8c84fa94-04c1-424b-9868-57a2d4851a1d" relativeResultsDirectory="f7b46e49-35f3-4579-b81c-8ed561b07aa4" />
    <UnitTestResult executionId="5ca4b5af-6164-4bd4-9889-8f5a26efe0be" testId="c7260ebc-a696-37ef-e759-c0251b78d7a6" testName="Microsoft.AspNetCore.Components.Routing.RouteTableFactoryTests.CanMatchParameterWithConstraint(template: &quot;/{value:int}&quot;, contextUrl: &quot;/-123&quot;, convertedValue: -123)" computerName="pkrvmbietmlfzoi" duration="00:00:00.0004722" startTime="2025-07-02T22:04:17.6539315+00:00" endTime="2025-07-02T22:04:17.6563818+00:00" testType="13cdc9d9-ddb5-4fa4-a97d-d965ccfc6d4b" outcome="Passed" testListId="8c84fa94-04c1-424b-9868-57a2d4851a1d" relativeResultsDirectory="5ca4b5af-6164-4bd4-9889-8f5a26efe0be" />
    <UnitTestResult executionId="866741c1-c061-43e4-9f9d-389b90fe1ac9" testId="a70f5413-6006-3a94-1740-0cadbd3f730c" testName="Microsoft.AspNetCore.Components.BindConverterTest.FormatValue_NullableBool" computerName="pkrvmbietmlfzoi" duration="00:00:00.0030483" startTime="2025-07-02T22:04:17.4494573+00:00" endTime="2025-07-02T22:04:17.4519257+00:00" testType="13cdc9d9-ddb5-4fa4-a97d-d965ccfc6d4b" outcome="Passed" testListId="8c84fa94-04c1-424b-9868-57a2d4851a1d" relativeResultsDirectory="866741c1-c061-43e4-9f9d-389b90fe1ac9" />
    <UnitTestResult executionId="3706f658-ed6e-47e4-987a-c2f8e9c52c88" testId="71f44d20-bf10-f1a9-f29a-5c7a0568a5a2" testName="Microsoft.AspNetCore.Components.Test.RendererTest.RenderBatch_CanDisposeAsynchronousAsyncDisposables" computerName="pkrvmbietmlfzoi" duration="00:00:00.0110750" startTime="2025-07-02T22:04:19.2645546+00:00" endTime="2025-07-02T22:04:19.2756774+00:00" testType="13cdc9d9-ddb5-4fa4-a97d-d965ccfc6d4b" outcome="Passed" testListId="8c84fa94-04c1-424b-9868-57a2d4851a1d" relativeResultsDirectory="3706f658-ed6e-47e4-987a-c2f8e9c52c88" />
    <UnitTestResult executionId="5d7b1473-64fc-43de-98f8-888864d067ab" testId="0c264617-5f59-b8e9-5af0-07f9d6fd3abd" testName="Microsoft.AspNetCore.Components.Test.RenderTreeDiffBuilderTest.RejectsClashingKeysInNewTree" computerName="pkrvmbietmlfzoi" duration="00:00:00.0003959" startTime="2025-07-02T22:04:17.9784321+00:00" endTime="2025-07-02T22:04:17.9797937+00:00" testType="13cdc9d9-ddb5-4fa4-a97d-d965ccfc6d4b" outcome="Passed" testListId="8c84fa94-04c1-424b-9868-57a2d4851a1d" relativeResultsDirectory="5d7b1473-64fc-43de-98f8-888864d067ab" />
    <UnitTestResult executionId="6d0211d3-77c4-4ef5-8103-f349bdbe022f" testId="23c2b77c-eb2f-50fb-3ae6-f5a8ad9954fc" testName="Microsoft.AspNetCore.Components.Rendering.RendererSynchronizationContextTest.InvokeAsync_Action_CanRunAsynchronously_WhenBusy" computerName="pkrvmbietmlfzoi" duration="00:00:00.0028787" startTime="2025-07-02T22:04:17.9700576+00:00" endTime="2025-07-02T22:04:17.9708591+00:00" testType="13cdc9d9-ddb5-4fa4-a97d-d965ccfc6d4b" outcome="Passed" testListId="8c84fa94-04c1-424b-9868-57a2d4851a1d" relativeResultsDirectory="6d0211d3-77c4-4ef5-8103-f349bdbe022f" />
    <UnitTestResult executionId="e8528859-53ca-424d-b2be-ec80f292c1f5" testId="a360e344-9a40-88fd-0c0e-4ab261f56ed7" testName="Microsoft.AspNetCore.Components.NavigationManagerTest.ToBaseRelativePath_ThrowsForInvalidBaseRelativePaths(baseUri: &quot;scheme://host/&quot;, absoluteUri: &quot;otherscheme://host/&quot;)" computerName="pkrvmbietmlfzoi" duration="00:00:00.0000409" startTime="2025-07-02T22:04:17.5981478+00:00" endTime="2025-07-02T22:04:17.5986935+00:00" testType="13cdc9d9-ddb5-4fa4-a97d-d965ccfc6d4b" outcome="Passed" testListId="8c84fa94-04c1-424b-9868-57a2d4851a1d" relativeResultsDirectory="e8528859-53ca-424d-b2be-ec80f292c1f5" />
    <UnitTestResult executionId="2faf1ce9-1421-4241-acf5-3c30da8de384" testId="86db1bc3-7981-1087-1825-b78cfa50a59a" testName="Microsoft.AspNetCore.Components.CascadingParameterStateTest.FindCascadingParameters_ComponentRequestsDerivedType_ReturnsEmpty" computerName="pkrvmbietmlfzoi" duration="00:00:00.0003196" startTime="2025-07-02T22:04:17.5123331+00:00" endTime="2025-07-02T22:04:17.5124394+00:00" testType="13cdc9d9-ddb5-4fa4-a97d-d965ccfc6d4b" outcome="Passed" testListId="8c84fa94-04c1-424b-9868-57a2d4851a1d" relativeResultsDirectory="2faf1ce9-1421-4241-acf5-3c30da8de384" />
    <UnitTestResult executionId="4f8d35f1-5799-412b-bdf6-7807fbdd26c6" testId="94a81240-e8ee-1fd0-6ba9-374b081fbc95" testName="Microsoft.AspNetCore.Components.Test.CascadingParameterTest.CanSupplyCascadingValueFromServiceProvider" computerName="pkrvmbietmlfzoi" duration="00:00:00.0016510" startTime="2025-07-02T22:04:17.6437733+00:00" endTime="2025-07-02T22:04:17.6442654+00:00" testType="13cdc9d9-ddb5-4fa4-a97d-d965ccfc6d4b" outcome="Passed" testListId="8c84fa94-04c1-424b-9868-57a2d4851a1d" relativeResultsDirectory="4f8d35f1-5799-412b-bdf6-7807fbdd26c6" />
    <UnitTestResult executionId="634ec98a-cb78-4bc6-960e-f5ec160f3427" testId="bab04e10-c94b-9238-d16e-331a49cba8a1" testName="Microsoft.AspNetCore.Components.BindConverterTest.TryConvertTo_Guid_Invalid(incomingValue: &quot;invalidguid&quot;)" computerName="pkrvmbietmlfzoi" duration="00:00:00.0000393" startTime="2025-07-02T22:04:17.4118361+00:00" endTime="2025-07-02T22:04:17.4119704+00:00" testType="13cdc9d9-ddb5-4fa4-a97d-d965ccfc6d4b" outcome="Passed" testListId="8c84fa94-04c1-424b-9868-57a2d4851a1d" relativeResultsDirectory="634ec98a-cb78-4bc6-960e-f5ec160f3427" />
    <UnitTestResult executionId="821b5f95-f4ee-4ead-a3b5-379faec0c420" testId="a30ec4e1-e141-fbc7-e02e-c3494c21699f" testName="Microsoft.AspNetCore.Components.Routing.RouteTableFactoryTests.MultipleOptionalParametersWithPrefix(path: &quot;/prefix/1/2&quot;, segments: 2)" computerName="pkrvmbietmlfzoi" duration="00:00:00.0003699" startTime="2025-07-02T22:04:17.8296274+00:00" endTime="2025-07-02T22:04:17.8307224+00:00" testType="13cdc9d9-ddb5-4fa4-a97d-d965ccfc6d4b" outcome="Passed" testListId="8c84fa94-04c1-424b-9868-57a2d4851a1d" relativeResultsDirectory="821b5f95-f4ee-4ead-a3b5-379faec0c420" />
    <UnitTestResult executionId="33f4ca83-5fb2-4ec0-9551-763318e3a83f" testId="5b9b34c7-0016-78ae-c940-5b0874601740" testName="Microsoft.AspNetCore.Components.Routing.RoutePatternParserTests.InvalidTemplate_ConsecutiveSeparatorsSlashSlashThrows" computerName="pkrvmbietmlfzoi" duration="00:00:00.0003251" startTime="2025-07-02T22:04:17.8467709+00:00" endTime="2025-07-02T22:04:17.8469090+00:00" testType="13cdc9d9-ddb5-4fa4-a97d-d965ccfc6d4b" outcome="Passed" testListId="8c84fa94-04c1-424b-9868-57a2d4851a1d" relativeResultsDirectory="33f4ca83-5fb2-4ec0-9551-763318e3a83f" />
    <UnitTestResult executionId="127764fd-a004-4558-8c0d-a7ec8ec64c4d" testId="5a799c89-7bfc-057e-b75b-36f82e8287df" testName="Microsoft.AspNetCore.Components.Rendering.ArrayBuilderSegmentTest.BasicPropertiesWork" computerName="pkrvmbietmlfzoi" duration="00:00:00.0050611" startTime="2025-07-02T22:04:17.4250227+00:00" endTime="2025-07-02T22:04:17.4341944+00:00" testType="13cdc9d9-ddb5-4fa4-a97d-d965ccfc6d4b" outcome="Passed" testListId="8c84fa94-04c1-424b-9868-57a2d4851a1d" relativeResultsDirectory="127764fd-a004-4558-8c0d-a7ec8ec64c4d" />
    <UnitTestResult executionId="4733420f-528c-4a95-a6a0-6e223d618575" testId="7179ca30-eb08-1973-f624-fea8f3355f0a" testName="Microsoft.AspNetCore.Components.PersistentStateValueProviderTests.PersistAsync_CanPersistValueTypes_IntProperty" computerName="pkrvmbietmlfzoi" duration="00:00:00.0037375" startTime="2025-07-02T22:04:17.4562501+00:00" endTime="2025-07-02T22:04:17.4739381+00:00" testType="13cdc9d9-ddb5-4fa4-a97d-d965ccfc6d4b" outcome="Passed" testListId="8c84fa94-04c1-424b-9868-57a2d4851a1d" relativeResultsDirectory="4733420f-528c-4a95-a6a0-6e223d618575" />
    <UnitTestResult executionId="23312f8a-3c00-4c25-96d3-5bd2cd37963a" testId="40f6e8f1-c463-9404-0bb3-59fd831ade56" testName="Microsoft.AspNetCore.Components.Rendering.RenderTreeBuilderTest.CanAddChildComponentsUsingGenericParam" computerName="pkrvmbietmlfzoi" duration="00:00:00.0017534" startTime="2025-07-02T22:04:17.8849991+00:00" endTime="2025-07-02T22:04:17.8853465+00:00" testType="13cdc9d9-ddb5-4fa4-a97d-d965ccfc6d4b" outcome="Passed" testListId="8c84fa94-04c1-424b-9868-57a2d4851a1d" relativeResultsDirectory="23312f8a-3c00-4c25-96d3-5bd2cd37963a" />
    <UnitTestResult executionId="db0a0c1e-dc6f-4918-8ffc-a11bee893b2a" testId="72291666-445d-d494-2de9-cb072fe4d74d" testName="Microsoft.AspNetCore.Components.Routing.RouteTableFactoryTests.DoesNotThrowForNonAmbiguousRoutes(first: &quot;{param1?}/{param2?}/{param3?}/{optional?}&quot;, second: &quot;{param1?}/{param2?}/{param3?}/{optional:int?}&quot;)" computerName="pkrvmbietmlfzoi" duration="00:00:00.0003081" startTime="2025-07-02T22:04:17.5682327+00:00" endTime="2025-07-02T22:04:17.5691239+00:00" testType="13cdc9d9-ddb5-4fa4-a97d-d965ccfc6d4b" outcome="Passed" testListId="8c84fa94-04c1-424b-9868-57a2d4851a1d" relativeResultsDirectory="db0a0c1e-dc6f-4918-8ffc-a11bee893b2a" />
    <UnitTestResult executionId="cf985c31-b0fd-4f87-bb17-ed67ade709e8" testId="69276199-5bbc-9449-0bf2-f99bf6e1714c" testName="Microsoft.AspNetCore.Components.Test.RendererTest.DisposingRenderer_DisregardsAttemptsToStartMoreRenderBatches" computerName="pkrvmbietmlfzoi" duration="00:00:00.0003293" startTime="2025-07-02T22:04:19.2857018+00:00" endTime="2025-07-02T22:04:19.2859765+00:00" testType="13cdc9d9-ddb5-4fa4-a97d-d965ccfc6d4b" outcome="Passed" testListId="8c84fa94-04c1-424b-9868-57a2d4851a1d" relativeResultsDirectory="cf985c31-b0fd-4f87-bb17-ed67ade709e8" />
    <UnitTestResult executionId="858daa31-dd1b-4b61-aecc-b3c6acf354b8" testId="150fbe30-c8ae-5a0f-d543-a739498df3bc" testName="Microsoft.AspNetCore.Components.Routing.RouteTableFactoryTests.MoreSpecificRoutesPrecedeMoreGeneralRoutes" computerName="pkrvmbietmlfzoi" duration="00:00:00.0008191" startTime="2025-07-02T22:04:17.6797187+00:00" endTime="2025-07-02T22:04:17.6799620+00:00" testType="13cdc9d9-ddb5-4fa4-a97d-d965ccfc6d4b" outcome="Passed" testListId="8c84fa94-04c1-424b-9868-57a2d4851a1d" relativeResultsDirectory="858daa31-dd1b-4b61-aecc-b3c6acf354b8" />
    <UnitTestResult executionId="ebd40eec-53a5-4742-9d1f-0f429f23ea1a" testId="a5d34642-3f85-ffed-4cf6-5d74eabc891f" testName="Microsoft.AspNetCore.Components.Test.RendererTest.ExceptionsThrownFromHandleAfterRender_Sync_AreHandled" computerName="pkrvmbietmlfzoi" duration="00:00:00.0013316" startTime="2025-07-02T22:04:19.2623073+00:00" endTime="2025-07-02T22:04:19.2634863+00:00" testType="13cdc9d9-ddb5-4fa4-a97d-d965ccfc6d4b" outcome="Passed" testListId="8c84fa94-04c1-424b-9868-57a2d4851a1d" relativeResultsDirectory="ebd40eec-53a5-4742-9d1f-0f429f23ea1a" />
    <UnitTestResult executionId="a0620add-0e77-4ff1-980d-f0521e00ca57" testId="6a0527d5-9a0e-d172-b3aa-5c4ab85ae39a" testName="Microsoft.AspNetCore.Components.EventCallbackFactoryBinderExtensionsTest.CreateBinder_Long" computerName="pkrvmbietmlfzoi" duration="00:00:00.0102660" startTime="2025-07-02T22:04:17.7390874+00:00" endTime="2025-07-02T22:04:17.7499287+00:00" testType="13cdc9d9-ddb5-4fa4-a97d-d965ccfc6d4b" outcome="Passed" testListId="8c84fa94-04c1-424b-9868-57a2d4851a1d" relativeResultsDirectory="a0620add-0e77-4ff1-980d-f0521e00ca57" />
    <UnitTestResult executionId="fc43404c-e145-4a64-9bda-8201a066857a" testId="b07d9005-6f9b-f364-4b2f-f628f6d89448" testName="Microsoft.AspNetCore.Components.EventCallbackFactoryBinderExtensionsTest.CreateBinder_SwallowsConversionException" computerName="pkrvmbietmlfzoi" duration="00:00:00.0008037" startTime="2025-07-02T22:04:17.8905237+00:00" endTime="2025-07-02T22:04:17.8913390+00:00" testType="13cdc9d9-ddb5-4fa4-a97d-d965ccfc6d4b" outcome="Passed" testListId="8c84fa94-04c1-424b-9868-57a2d4851a1d" relativeResultsDirectory="fc43404c-e145-4a64-9bda-8201a066857a" />
    <UnitTestResult executionId="64c74b1e-a131-4c75-96f5-242bd4d4a14d" testId="8631ac2b-a4f0-7451-f5d6-c315253da478" testName="Microsoft.AspNetCore.Components.Rendering.RendererSynchronizationContextTest.InvokeAsync_FuncTaskT_CanRunSynchronously_WhenNotBusy" computerName="pkrvmbietmlfzoi" duration="00:00:00.0012991" startTime="2025-07-02T22:04:17.9685757+00:00" endTime="2025-07-02T22:04:17.9699238+00:00" testType="13cdc9d9-ddb5-4fa4-a97d-d965ccfc6d4b" outcome="Passed" testListId="8c84fa94-04c1-424b-9868-57a2d4851a1d" relativeResultsDirectory="64c74b1e-a131-4c75-96f5-242bd4d4a14d" />
    <UnitTestResult executionId="97cc762b-c260-4df9-83f1-14b61ea4dc64" testId="6c885341-b58d-cdac-7ebe-9347c940dd6b" testName="Microsoft.AspNetCore.Components.Routing.RouteTableFactoryTests.DetectsAmbiguousRoutes(left: &quot;/{parameter}/literal/{something}&quot;, right: &quot;{param}/Literal/{else}&quot;)" computerName="pkrvmbietmlfzoi" duration="00:00:00.0035025" startTime="2025-07-02T22:04:17.7988523+00:00" endTime="2025-07-02T22:04:17.8028557+00:00" testType="13cdc9d9-ddb5-4fa4-a97d-d965ccfc6d4b" outcome="Passed" testListId="8c84fa94-04c1-424b-9868-57a2d4851a1d" relativeResultsDirectory="97cc762b-c260-4df9-83f1-14b61ea4dc64" />
    <UnitTestResult executionId="9f119e20-d0ce-4911-b579-99e980667116" testId="1675d0e0-ae6b-aee1-34e4-f29cb80adbf0" testName="Microsoft.AspNetCore.Components.Test.ComponentBaseTest.RenderRootComponentAsync_ReportsErrorDuringOnInitAsync" computerName="pkrvmbietmlfzoi" duration="00:00:00.0029964" startTime="2025-07-02T22:04:17.9381895+00:00" endTime="2025-07-02T22:04:17.9389863+00:00" testType="13cdc9d9-ddb5-4fa4-a97d-d965ccfc6d4b" outcome="Passed" testListId="8c84fa94-04c1-424b-9868-57a2d4851a1d" relativeResultsDirectory="9f119e20-d0ce-4911-b579-99e980667116" />
    <UnitTestResult executionId="953a28ed-3dc6-4c58-bbd6-60621a8400e6" testId="6a2e4886-53da-2fe5-e75a-da400dfb166e" testName="Microsoft.AspNetCore.Components.Test.RendererTest.EventDispatching_EventCallbackOfT_NoTargetLambda" computerName="pkrvmbietmlfzoi" duration="00:00:00.0016474" startTime="2025-07-02T22:04:18.0164396+00:00" endTime="2025-07-02T22:04:18.0165160+00:00" testType="13cdc9d9-ddb5-4fa4-a97d-d965ccfc6d4b" outcome="Passed" testListId="8c84fa94-04c1-424b-9868-57a2d4851a1d" relativeResultsDirectory="953a28ed-3dc6-4c58-bbd6-60621a8400e6" />
    <UnitTestResult executionId="db83ab3c-8a55-4212-82b7-d93450806471" testId="b600b96b-9d59-7f36-9831-7cd15d5a48ba" testName="Microsoft.AspNetCore.Components.ParameterViewTest.CanGetValueOrDefault_WithExistingValue" computerName="pkrvmbietmlfzoi" duration="00:00:00.0003317" startTime="2025-07-02T22:04:17.5832269+00:00" endTime="2025-07-02T22:04:17.5833369+00:00" testType="13cdc9d9-ddb5-4fa4-a97d-d965ccfc6d4b" outcome="Passed" testListId="8c84fa94-04c1-424b-9868-57a2d4851a1d" relativeResultsDirectory="db83ab3c-8a55-4212-82b7-d93450806471" />
    <UnitTestResult executionId="a97711d0-db15-4eeb-b092-82809d92700c" testId="d76112f0-37cb-1ff2-48b0-6ab9a848ef7a" testName="Microsoft.AspNetCore.Components.Test.LayoutViewTest.RendersContentInsideLayout" computerName="pkrvmbietmlfzoi" duration="00:00:00.0032536" startTime="2025-07-02T22:04:17.9150451+00:00" endTime="2025-07-02T22:04:17.9192536+00:00" testType="13cdc9d9-ddb5-4fa4-a97d-d965ccfc6d4b" outcome="Passed" testListId="8c84fa94-04c1-424b-9868-57a2d4851a1d" relativeResultsDirectory="a97711d0-db15-4eeb-b092-82809d92700c" />
    <UnitTestResult executionId="ac10dfdd-9dbb-4615-8d54-8dd90053649e" testId="dfe8b480-aac2-fb25-40ae-0ac59e718385" testName="Microsoft.AspNetCore.Components.Routing.QueryParameterValueSupplierTest.RejectsUnparseableValues(key: &quot;NullableIntVal&quot;, value: &quot;5000000000&quot;, targetType: typeof(int?))" computerName="pkrvmbietmlfzoi" duration="00:00:00.0036287" startTime="2025-07-02T22:04:17.6865586+00:00" endTime="2025-07-02T22:04:17.7034105+00:00" testType="13cdc9d9-ddb5-4fa4-a97d-d965ccfc6d4b" outcome="Passed" testListId="8c84fa94-04c1-424b-9868-57a2d4851a1d" relativeResultsDirectory="ac10dfdd-9dbb-4615-8d54-8dd90053649e" />
    <UnitTestResult executionId="439a2607-bff6-4ae9-94dc-a08455d514f7" testId="ad9d863b-28da-e219-d455-917f22373b9a" testName="Microsoft.AspNetCore.Components.ComponentFactoryTest.InstantiateComponent_IgnoresPropertiesWithoutInjectAttribute" computerName="pkrvmbietmlfzoi" duration="00:00:00.0011023" startTime="2025-07-02T22:04:17.7766525+00:00" endTime="2025-07-02T22:04:17.7774088+00:00" testType="13cdc9d9-ddb5-4fa4-a97d-d965ccfc6d4b" outcome="Passed" testListId="8c84fa94-04c1-424b-9868-57a2d4851a1d" relativeResultsDirectory="439a2607-bff6-4ae9-94dc-a08455d514f7" />
    <UnitTestResult executionId="6757ae3f-9f43-4c79-afc9-85a13f5d5eda" testId="5ca47bb4-42a5-7c90-6f0f-6e1a35b407bf" testName="Microsoft.AspNetCore.Components.Test.RendererTest.CanGetEventArgsTypeForHandler" computerName="pkrvmbietmlfzoi" duration="00:00:00.0003800" startTime="2025-07-02T22:04:19.3016196+00:00" endTime="2025-07-02T22:04:19.3019308+00:00" testType="13cdc9d9-ddb5-4fa4-a97d-d965ccfc6d4b" outcome="Passed" testListId="8c84fa94-04c1-424b-9868-57a2d4851a1d" relativeResultsDirectory="6757ae3f-9f43-4c79-afc9-85a13f5d5eda" />
    <UnitTestResult executionId="04f476a4-4be8-4b4a-ac17-4a59a2a5882e" testId="95acfdec-608c-57ba-251e-496c7c8efc83" testName="Microsoft.AspNetCore.Components.EventCallbackTest.EventCallback_ActionT_Null" computerName="pkrvmbietmlfzoi" duration="00:00:00.0013789" startTime="2025-07-02T22:04:17.9002047+00:00" endTime="2025-07-02T22:04:17.9018344+00:00" testType="13cdc9d9-ddb5-4fa4-a97d-d965ccfc6d4b" outcome="Passed" testListId="8c84fa94-04c1-424b-9868-57a2d4851a1d" relativeResultsDirectory="04f476a4-4be8-4b4a-ac17-4a59a2a5882e" />
    <UnitTestResult executionId="d0708424-4e5e-47c1-b8a7-e51d0ee96d34" testId="033f5ed5-1dd5-056d-7acc-6cdfc7b5d88b" testName="Microsoft.AspNetCore.Components.Rendering.RendererSynchronizationContextTest.InvokeAsync_Action_CanRunSynchronously_WhenNotBusy" computerName="pkrvmbietmlfzoi" duration="00:00:00.0021757" startTime="2025-07-02T22:04:17.3975305+00:00" endTime="2025-07-02T22:04:17.3988581+00:00" testType="13cdc9d9-ddb5-4fa4-a97d-d965ccfc6d4b" outcome="Passed" testListId="8c84fa94-04c1-424b-9868-57a2d4851a1d" relativeResultsDirectory="d0708424-4e5e-47c1-b8a7-e51d0ee96d34" />
    <UnitTestResult executionId="99d0cb7f-6cdb-4fbb-9546-bf3a5943fbd6" testId="5dd6b440-ce0f-4340-2e06-b28fc92ac339" testName="Microsoft.AspNetCore.Components.Routing.QueryParameterValueSupplierTest.RejectsUnparseableValues(key: &quot;NullableDecimalVal&quot;, value: &quot;1.2.3&quot;, targetType: typeof(decimal?))" computerName="pkrvmbietmlfzoi" duration="00:00:00.0030810" startTime="2025-07-02T22:04:17.7184690+00:00" endTime="2025-07-02T22:04:17.7198956+00:00" testType="13cdc9d9-ddb5-4fa4-a97d-d965ccfc6d4b" outcome="Passed" testListId="8c84fa94-04c1-424b-9868-57a2d4851a1d" relativeResultsDirectory="99d0cb7f-6cdb-4fbb-9546-bf3a5943fbd6" />
    <UnitTestResult executionId="0ed3d8e1-2532-4827-97b5-f4b5559a9b1b" testId="ebbd48e3-e772-1518-0903-28121c43749b" testName="Microsoft.AspNetCore.Components.NavigationManagerTest.GetUriWithQueryParameter_AppendsWhenParameterDoesNotExist(baseUri: &quot;scheme://host/?&quot;, expectedUri: &quot;scheme://host/?name=John%20Doe&quot;)" computerName="pkrvmbietmlfzoi" duration="00:00:00.0002435" startTime="2025-07-02T22:04:17.5046357+00:00" endTime="2025-07-02T22:04:17.5047577+00:00" testType="13cdc9d9-ddb5-4fa4-a97d-d965ccfc6d4b" outcome="Passed" testListId="8c84fa94-04c1-424b-9868-57a2d4851a1d" relativeResultsDirectory="0ed3d8e1-2532-4827-97b5-f4b5559a9b1b" />
    <UnitTestResult executionId="36afeadb-5dc0-4947-8dd2-eb27f8d78427" testId="d6ce2fbe-fee7-ba01-b076-812fc1c5f4e6" testName="Microsoft.AspNetCore.Components.Test.CascadingParameterTest.AfterSupplyingValueThroughNotifyChanged_InitialValueFactoryIsNotUsed" computerName="pkrvmbietmlfzoi" duration="00:00:00.0041778" startTime="2025-07-02T22:04:17.6779492+00:00" endTime="2025-07-02T22:04:17.6828724+00:00" testType="13cdc9d9-ddb5-4fa4-a97d-d965ccfc6d4b" outcome="Passed" testListId="8c84fa94-04c1-424b-9868-57a2d4851a1d" relativeResultsDirectory="36afeadb-5dc0-4947-8dd2-eb27f8d78427" />
    <UnitTestResult executionId="cef51a57-c1ea-4f92-bbe0-5fdc0b7e835c" testId="58fd7f3c-cfd3-8b56-1e4a-aa6a5818b24e" testName="Microsoft.AspNetCore.Components.Test.RenderTreeDiffBuilderTest.DiffsElementsHierarchically" computerName="pkrvmbietmlfzoi" duration="00:00:00.0011797" startTime="2025-07-02T22:04:18.0090513+00:00" endTime="2025-07-02T22:04:18.0092952+00:00" testType="13cdc9d9-ddb5-4fa4-a97d-d965ccfc6d4b" outcome="Passed" testListId="8c84fa94-04c1-424b-9868-57a2d4851a1d" relativeResultsDirectory="cef51a57-c1ea-4f92-bbe0-5fdc0b7e835c" />
    <UnitTestResult executionId="e44d43f3-d41f-4bb6-a2e6-f0a259faaeb2" testId="a4eefc75-4bc7-7bb9-1e37-b607901cf423" testName="Microsoft.AspNetCore.Components.Test.RenderTreeDiffBuilderTest.SkipsUnmodifiedTrailingSiblings" computerName="pkrvmbietmlfzoi" duration="00:00:00.0004464" startTime="2025-07-02T22:04:17.9875497+00:00" endTime="2025-07-02T22:04:17.9877874+00:00" testType="13cdc9d9-ddb5-4fa4-a97d-d965ccfc6d4b" outcome="Passed" testListId="8c84fa94-04c1-424b-9868-57a2d4851a1d" relativeResultsDirectory="e44d43f3-d41f-4bb6-a2e6-f0a259faaeb2" />
    <UnitTestResult executionId="4ae982dd-4812-4b35-ad71-d0fdc34d986c" testId="e35cdee5-7b44-d822-fca5-f437ad2620dd" testName="Microsoft.AspNetCore.Components.EventCallbackFactoryTest.Create_FuncTask_DifferentReceiver" computerName="pkrvmbietmlfzoi" duration="00:00:00.0003480" startTime="2025-07-02T22:04:17.6487554+00:00" endTime="2025-07-02T22:04:17.6488576+00:00" testType="13cdc9d9-ddb5-4fa4-a97d-d965ccfc6d4b" outcome="Passed" testListId="8c84fa94-04c1-424b-9868-57a2d4851a1d" relativeResultsDirectory="4ae982dd-4812-4b35-ad71-d0fdc34d986c" />
    <UnitTestResult executionId="b9c22743-412c-482b-92f8-5e4f9583dfc6" testId="e5dea385-4e9e-d881-94da-aed424a556b4" testName="Microsoft.AspNetCore.Components.Test.LayoutViewTest.CanChangeLayout" computerName="pkrvmbietmlfzoi" duration="00:00:00.0138646" startTime="2025-07-02T22:04:17.8901865+00:00" endTime="2025-07-02T22:04:17.9123142+00:00" testType="13cdc9d9-ddb5-4fa4-a97d-d965ccfc6d4b" outcome="Passed" testListId="8c84fa94-04c1-424b-9868-57a2d4851a1d" relativeResultsDirectory="b9c22743-412c-482b-92f8-5e4f9583dfc6" />
    <UnitTestResult executionId="94094d92-d8c5-478e-bc1d-3bbd51635653" testId="b592ff5b-117b-3d29-921a-e2c6bc20586c" testName="Microsoft.AspNetCore.Components.Routing.QueryParameterValueSupplierTest.RejectsUnparseableValues(key: &quot;NullableLongVal&quot;, value: &quot;this+is+a+long+value&quot;, targetType: typeof(long?))" computerName="pkrvmbietmlfzoi" duration="00:00:00.0005391" startTime="2025-07-02T22:04:17.7036048+00:00" endTime="2025-07-02T22:04:17.7045754+00:00" testType="13cdc9d9-ddb5-4fa4-a97d-d965ccfc6d4b" outcome="Passed" testListId="8c84fa94-04c1-424b-9868-57a2d4851a1d" relativeResultsDirectory="94094d92-d8c5-478e-bc1d-3bbd51635653" />
    <UnitTestResult executionId="65c11063-10fa-46dd-a9c8-75021db35a99" testId="5c0e0a2c-fd50-1d97-ca4a-31ee3018343f" testName="Microsoft.AspNetCore.Components.Rendering.RenderTreeBuilderTest.AddAttribute_Component_ObjectBoolValue_SetsAttributeValue(value: True)" computerName="pkrvmbietmlfzoi" duration="00:00:00.0030530" startTime="2025-07-02T22:04:17.7654496+00:00" endTime="2025-07-02T22:04:17.7729549+00:00" testType="13cdc9d9-ddb5-4fa4-a97d-d965ccfc6d4b" outcome="Passed" testListId="8c84fa94-04c1-424b-9868-57a2d4851a1d" relativeResultsDirectory="65c11063-10fa-46dd-a9c8-75021db35a99" />
    <UnitTestResult executionId="50c9831b-87f2-48f7-8122-d0c6541dba3c" testId="480f9733-0ddc-5740-a286-03420d7c4578" testName="Microsoft.AspNetCore.Components.EventCallbackFactoryTest.Create_ActionT_AlreadyBoundToReceiver" computerName="pkrvmbietmlfzoi" duration="00:00:00.0003914" startTime="2025-07-02T22:04:17.6177032+00:00" endTime="2025-07-02T22:04:17.6178135+00:00" testType="13cdc9d9-ddb5-4fa4-a97d-d965ccfc6d4b" outcome="Passed" testListId="8c84fa94-04c1-424b-9868-57a2d4851a1d" relativeResultsDirectory="50c9831b-87f2-48f7-8122-d0c6541dba3c" />
    <UnitTestResult executionId="177ce640-877d-4eaa-be61-3ef3ad588178" testId="500dbc99-e95a-d4b0-2d96-db8e4c25db0c" testName="Microsoft.AspNetCore.Components.Test.CascadingParameterTest.PassesCascadingParametersToNestedComponents" computerName="pkrvmbietmlfzoi" duration="00:00:00.0022307" startTime="2025-07-02T22:04:17.6681420+00:00" endTime="2025-07-02T22:04:17.6698781+00:00" testType="13cdc9d9-ddb5-4fa4-a97d-d965ccfc6d4b" outcome="Passed" testListId="8c84fa94-04c1-424b-9868-57a2d4851a1d" relativeResultsDirectory="177ce640-877d-4eaa-be61-3ef3ad588178" />
    <UnitTestResult executionId="d740115a-c9ea-40f5-b788-c975c2b328a7" testId="422290ba-018c-eb05-d111-7eee71308506" testName="Microsoft.AspNetCore.Components.Routing.QueryParameterValueSupplierTest.RejectsBlankArrayEntriesWhenNotNullable(key: &quot;FloatVals&quot;, targetType: typeof(float))" computerName="pkrvmbietmlfzoi" duration="00:00:00.0000433" startTime="2025-07-02T22:04:17.7296626+00:00" endTime="2025-07-02T22:04:17.7297643+00:00" testType="13cdc9d9-ddb5-4fa4-a97d-d965ccfc6d4b" outcome="Passed" testListId="8c84fa94-04c1-424b-9868-57a2d4851a1d" relativeResultsDirectory="d740115a-c9ea-40f5-b788-c975c2b328a7" />
    <UnitTestResult executionId="859c42dc-017e-4e81-9b9b-7b6ee6c28a7b" testId="5b0fc521-3b4d-3a22-8cb9-8fd014e13f91" testName="Microsoft.AspNetCore.Components.Routing.RouteTableFactoryTests.ThrowsWhenCatchAllIsNotTheLastSegment(template: &quot;{*catchall}/literal&quot;)" computerName="pkrvmbietmlfzoi" duration="00:00:00.0003862" startTime="2025-07-02T22:04:17.6886876+00:00" endTime="2025-07-02T22:04:17.6891113+00:00" testType="13cdc9d9-ddb5-4fa4-a97d-d965ccfc6d4b" outcome="Passed" testListId="8c84fa94-04c1-424b-9868-57a2d4851a1d" relativeResultsDirectory="859c42dc-017e-4e81-9b9b-7b6ee6c28a7b" />
    <UnitTestResult executionId="35233366-62a0-4c06-9010-51619f0cb9ab" testId="9f64104c-b2ff-d85c-5ec2-5f6f9ad18573" testName="Microsoft.AspNetCore.Components.NavigationManagerTest.GetUriWithQueryParameter_ReplacesWhenParameterExists(baseUri: &quot;scheme://host/?full%20name=Sally%20Smith&amp;age=42&amp;fu&quot;···, expectedUri: &quot;scheme://host/?full%20name=John%20Doe&amp;age=42&amp;full%&quot;···)" computerName="pkrvmbietmlfzoi" duration="00:00:00.0000213" startTime="2025-07-02T22:04:17.4341024+00:00" endTime="2025-07-02T22:04:17.4345852+00:00" testType="13cdc9d9-ddb5-4fa4-a97d-d965ccfc6d4b" outcome="Passed" testListId="8c84fa94-04c1-424b-9868-57a2d4851a1d" relativeResultsDirectory="35233366-62a0-4c06-9010-51619f0cb9ab" />
    <UnitTestResult executionId="cda8b0f1-c788-438b-a17e-e962c4b82b06" testId="c8b608c7-3097-d3d9-2961-baebb1a1cc1e" testName="Microsoft.AspNetCore.Components.ParameterViewTest.CanGetValueOrDefault_WithMultipleMatchingValues" computerName="pkrvmbietmlfzoi" duration="00:00:00.0002903" startTime="2025-07-02T22:04:17.7485168+00:00" endTime="2025-07-02T22:04:17.7486222+00:00" testType="13cdc9d9-ddb5-4fa4-a97d-d965ccfc6d4b" outcome="Passed" testListId="8c84fa94-04c1-424b-9868-57a2d4851a1d" relativeResultsDirectory="cda8b0f1-c788-438b-a17e-e962c4b82b06" />
    <UnitTestResult executionId="bb68e2ea-71c5-44f8-9c85-d8129e0d9b72" testId="974ef38e-3f12-31ea-eb28-dcd86bf10c0a" testName="Microsoft.AspNetCore.Components.Test.RendererTest.CanGetEventArgsTypeForParameterlessHandler" computerName="pkrvmbietmlfzoi" duration="00:00:00.0012276" startTime="2025-07-02T22:04:17.9981864+00:00" endTime="2025-07-02T22:04:17.9984585+00:00" testType="13cdc9d9-ddb5-4fa4-a97d-d965ccfc6d4b" outcome="Passed" testListId="8c84fa94-04c1-424b-9868-57a2d4851a1d" relativeResultsDirectory="bb68e2ea-71c5-44f8-9c85-d8129e0d9b72" />
    <UnitTestResult executionId="55a197bc-7a5e-463c-a9d5-9347c053ff59" testId="b57df1b3-43cd-e375-40b3-3e876d836d2b" testName="Microsoft.AspNetCore.Components.Rendering.RenderTreeBuilderTest.AddAttribute_Element_NullEventHandler_IgnoresFrame" computerName="pkrvmbietmlfzoi" duration="00:00:00.0035057" startTime="2025-07-02T22:04:17.9462903+00:00" endTime="2025-07-02T22:04:17.9491354+00:00" testType="13cdc9d9-ddb5-4fa4-a97d-d965ccfc6d4b" outcome="Passed" testListId="8c84fa94-04c1-424b-9868-57a2d4851a1d" relativeResultsDirectory="55a197bc-7a5e-463c-a9d5-9347c053ff59" />
    <UnitTestResult executionId="12f93526-f1c0-4fff-9601-ae1f225ca452" testId="d1ba6488-e46b-c137-7209-d24a9cd97d05" testName="Microsoft.AspNetCore.Components.Routing.RouteTableFactoryTests.CanMatchOptionalParameterWithoutConstraints" computerName="pkrvmbietmlfzoi" duration="00:00:00.0011224" startTime="2025-07-02T22:04:17.8376110+00:00" endTime="2025-07-02T22:04:17.8388027+00:00" testType="13cdc9d9-ddb5-4fa4-a97d-d965ccfc6d4b" outcome="Passed" testListId="8c84fa94-04c1-424b-9868-57a2d4851a1d" relativeResultsDirectory="12f93526-f1c0-4fff-9601-ae1f225ca452" />
    <UnitTestResult executionId="499b07b0-35aa-4278-99ef-419fd4812676" testId="9db56dfb-3231-b225-df86-79071f935e79" testName="Microsoft.AspNetCore.Components.Routing.RouteTableFactoryTests.DoesNotMatchIfConstraintDoesNotMatch(template: &quot;/{value:int}&quot;, contextUrl: &quot;/3.141&quot;)" computerName="pkrvmbietmlfzoi" duration="00:00:00.0003792" startTime="2025-07-02T22:04:17.7815088+00:00" endTime="2025-07-02T22:04:17.7815629+00:00" testType="13cdc9d9-ddb5-4fa4-a97d-d965ccfc6d4b" outcome="Passed" testListId="8c84fa94-04c1-424b-9868-57a2d4851a1d" relativeResultsDirectory="499b07b0-35aa-4278-99ef-419fd4812676" />
    <UnitTestResult executionId="678efa64-9ce6-4ce8-a5e2-e2da118fcd32" testId="766c74f2-51f3-39cf-70e6-52bfabe49e02" testName="Microsoft.AspNetCore.Components.Test.RenderTreeDiffBuilderTest.RecognizesNamedEventChangingAssignedName" computerName="pkrvmbietmlfzoi" duration="00:00:00.0008990" startTime="2025-07-02T22:04:17.9942939+00:00" endTime="2025-07-02T22:04:17.9944441+00:00" testType="13cdc9d9-ddb5-4fa4-a97d-d965ccfc6d4b" outcome="Passed" testListId="8c84fa94-04c1-424b-9868-57a2d4851a1d" relativeResultsDirectory="678efa64-9ce6-4ce8-a5e2-e2da118fcd32" />
    <UnitTestResult executionId="bff7dc46-9cf6-418f-9f13-e0ec176fd409" testId="59d801d5-0795-e645-9e32-80a7c6115651" testName="Microsoft.AspNetCore.Components.NavigationManagerTest.GetUriWithQueryParameters_CanAddUpdateAndRemove(baseUri: &quot;scheme://host/?name=Bob%20Joe&amp;age=42&amp;keepme=true&quot;, expectedUri: &quot;scheme://host/?age=25&amp;keepme=true&amp;eye%20color=gree&quot;···)" computerName="pkrvmbietmlfzoi" duration="00:00:00.0000307" startTime="2025-07-02T22:04:17.4595111+00:00" endTime="2025-07-02T22:04:17.4596064+00:00" testType="13cdc9d9-ddb5-4fa4-a97d-d965ccfc6d4b" outcome="Passed" testListId="8c84fa94-04c1-424b-9868-57a2d4851a1d" relativeResultsDirectory="bff7dc46-9cf6-418f-9f13-e0ec176fd409" />
    <UnitTestResult executionId="85f15e42-a110-44d0-9f97-80592f30770d" testId="fffcaa45-10e6-e235-96a4-946f89707570" testName="Microsoft.AspNetCore.Components.Routing.RouteTableFactoryTests.MultipleOptionalParameters(path: &quot;/1&quot;, segments: 1)" computerName="pkrvmbietmlfzoi" duration="00:00:00.0003619" startTime="2025-07-02T22:04:17.6122894+00:00" endTime="2025-07-02T22:04:17.6127884+00:00" testType="13cdc9d9-ddb5-4fa4-a97d-d965ccfc6d4b" outcome="Passed" testListId="8c84fa94-04c1-424b-9868-57a2d4851a1d" relativeResultsDirectory="85f15e42-a110-44d0-9f97-80592f30770d" />
    <UnitTestResult executionId="0c4eb515-7460-43a0-8fde-4673d05ec6ba" testId="0ff4db9f-5f38-5efa-de90-1ce1219075c7" testName="Microsoft.AspNetCore.Components.EventCallbackFactoryBinderExtensionsTest.CreateBinder_NullableFloat" computerName="pkrvmbietmlfzoi" duration="00:00:00.0094827" startTime="2025-07-02T22:04:17.7940860+00:00" endTime="2025-07-02T22:04:17.8082160+00:00" testType="13cdc9d9-ddb5-4fa4-a97d-d965ccfc6d4b" outcome="Passed" testListId="8c84fa94-04c1-424b-9868-57a2d4851a1d" relativeResultsDirectory="0c4eb515-7460-43a0-8fde-4673d05ec6ba" />
    <UnitTestResult executionId="0b12a569-5a30-4672-b4ab-576b8b011e09" testId="624010cb-e67e-634e-33bd-676b208306b2" testName="Microsoft.AspNetCore.Components.Routing.RouteTableFactoryTests.DoesNotMatchIfConstraintDoesNotMatch(template: &quot;/{value:bool}&quot;, contextUrl: &quot;/maybe&quot;)" computerName="pkrvmbietmlfzoi" duration="00:00:00.0006733" startTime="2025-07-02T22:04:17.7763329+00:00" endTime="2025-07-02T22:04:17.7770943+00:00" testType="13cdc9d9-ddb5-4fa4-a97d-d965ccfc6d4b" outcome="Passed" testListId="8c84fa94-04c1-424b-9868-57a2d4851a1d" relativeResultsDirectory="0b12a569-5a30-4672-b4ab-576b8b011e09" />
    <UnitTestResult executionId="af70345f-53b5-4c7f-99e0-b38d5b2ca659" testId="ec7d19ad-ade8-9765-2912-b94ec23659ea" testName="Microsoft.AspNetCore.Components.NavigationManagerTest.GetUriWithQueryParameter_ReplacesWhenParameterExists(baseUri: &quot;scheme://host/?fUlL%20nAmE=Bob%20Joe&amp;AgE=42&quot;, expectedUri: &quot;scheme://host/?full%20name=John%20Doe&amp;AgE=42&quot;)" computerName="pkrvmbietmlfzoi" duration="00:00:00.0068738" startTime="2025-07-02T22:04:17.4188141+00:00" endTime="2025-07-02T22:04:17.4302362+00:00" testType="13cdc9d9-ddb5-4fa4-a97d-d965ccfc6d4b" outcome="Passed" testListId="8c84fa94-04c1-424b-9868-57a2d4851a1d" relativeResultsDirectory="af70345f-53b5-4c7f-99e0-b38d5b2ca659" />
    <UnitTestResult executionId="bbccf53d-8061-4f27-a3c3-31b4c5d86a40" testId="7fe5e5b3-bcc6-86b9-837f-5b45aa17a552" testName="Microsoft.AspNetCore.Components.Routing.QueryParameterValueSupplierTest.RejectsUnparseableArrayEntries(key: &quot;DoubleVals&quot;, validValue: &quot;1&quot;, invalidValue: &quot;1x&quot;, targetType: typeof(double))" computerName="pkrvmbietmlfzoi" duration="00:00:00.0000580" startTime="2025-07-02T22:04:17.7592612+00:00" endTime="2025-07-02T22:04:17.7601907+00:00" testType="13cdc9d9-ddb5-4fa4-a97d-d965ccfc6d4b" outcome="Passed" testListId="8c84fa94-04c1-424b-9868-57a2d4851a1d" relativeResultsDirectory="bbccf53d-8061-4f27-a3c3-31b4c5d86a40" />
    <UnitTestResult executionId="921a0cde-8d88-4850-a316-f1adba697b21" testId="143f041c-80a7-9ed5-9f87-f1d012b09e0b" testName="Microsoft.AspNetCore.Components.Routing.QueryParameterValueSupplierTest.RejectsUnparseableArrayEntries(key: &quot;BoolVals&quot;, validValue: &quot;true&quot;, invalidValue: &quot;abc&quot;, targetType: typeof(bool))" computerName="pkrvmbietmlfzoi" duration="00:00:00.0000577" startTime="2025-07-02T22:04:17.7498580+00:00" endTime="2025-07-02T22:04:17.7522117+00:00" testType="13cdc9d9-ddb5-4fa4-a97d-d965ccfc6d4b" outcome="Passed" testListId="8c84fa94-04c1-424b-9868-57a2d4851a1d" relativeResultsDirectory="921a0cde-8d88-4850-a316-f1adba697b21" />
    <UnitTestResult executionId="9e0318f9-80db-44b8-91f7-b3cbe0f5be55" testId="1080a8fb-c4f5-1740-e9b9-cd24db7a0bc9" testName="Microsoft.AspNetCore.Components.PersistentStateValueProviderTests.PersistAsync_CanPersistMultipleComponentsOfSameType_SupportsDifferentKeyTypes(componentKey1: 01/01/2023, componentKey2: 12/31/2023)" computerName="pkrvmbietmlfzoi" duration="00:00:00.0010751" startTime="2025-07-02T22:04:17.5641060+00:00" endTime="2025-07-02T22:04:17.5669958+00:00" testType="13cdc9d9-ddb5-4fa4-a97d-d965ccfc6d4b" outcome="Passed" testListId="8c84fa94-04c1-424b-9868-57a2d4851a1d" relativeResultsDirectory="9e0318f9-80db-44b8-91f7-b3cbe0f5be55" />
    <UnitTestResult executionId="471841d6-5942-47f4-9bd9-57af681e3810" testId="3e67406e-2ea1-e907-7790-c945fbc51991" testName="Microsoft.AspNetCore.Components.Routing.RouteTableFactoryTests.DoesNotThrowForNonAmbiguousRoutes(first: &quot;literal/{*catchAll:int}&quot;, second: &quot;literal/{optional?}&quot;)" computerName="pkrvmbietmlfzoi" duration="00:00:00.0003104" startTime="2025-07-02T22:04:17.5634762+00:00" endTime="2025-07-02T22:04:17.5637823+00:00" testType="13cdc9d9-ddb5-4fa4-a97d-d965ccfc6d4b" outcome="Passed" testListId="8c84fa94-04c1-424b-9868-57a2d4851a1d" relativeResultsDirectory="471841d6-5942-47f4-9bd9-57af681e3810" />
    <UnitTestResult executionId="eb906142-9939-4362-b794-7ebceb364a0e" testId="108d1b64-f5ba-9b7c-332e-aa9a7556c688" testName="Microsoft.AspNetCore.Components.Rendering.SimplifiedStringHashComparerTest.EqualityIsCaseInsensitive" computerName="pkrvmbietmlfzoi" duration="00:00:00.0006080" startTime="2025-07-02T22:04:17.7679343+00:00" endTime="2025-07-02T22:04:17.7695872+00:00" testType="13cdc9d9-ddb5-4fa4-a97d-d965ccfc6d4b" outcome="Passed" testListId="8c84fa94-04c1-424b-9868-57a2d4851a1d" relativeResultsDirectory="eb906142-9939-4362-b794-7ebceb364a0e" />
    <UnitTestResult executionId="f08bcb9f-b0d3-4731-b82e-79de4fd61e1d" testId="52d0cf70-e123-cab3-7572-b4333267a111" testName="Microsoft.AspNetCore.Components.Routing.RouteTableFactoryTests.CorrectlyMatchesVariableLengthSegments(path: &quot;/literal/value&quot;, expectedValue: &quot;value&quot;, first: &quot;literal/{parameter?}&quot;, second: &quot;literal/{*parameter}&quot;, handler: typeof(Microsoft.AspNetCore.Components.Routing.RouteTableFactoryTests+TestHandler1))" computerName="pkrvmbietmlfzoi" duration="00:00:00.0006070" startTime="2025-07-02T22:04:17.7188200+00:00" endTime="2025-07-02T22:04:17.7189301+00:00" testType="13cdc9d9-ddb5-4fa4-a97d-d965ccfc6d4b" outcome="Passed" testListId="8c84fa94-04c1-424b-9868-57a2d4851a1d" relativeResultsDirectory="f08bcb9f-b0d3-4731-b82e-79de4fd61e1d" />
    <UnitTestResult executionId="c0fd877f-161e-41ce-83ff-f2948f99ecca" testId="81ce516b-61af-f7c6-0950-d181cffbf745" testName="Microsoft.AspNetCore.Components.Test.RendererTest.EventDispatching_EventCallback_MethodToDelegateConversion" computerName="pkrvmbietmlfzoi" duration="00:00:00.0011813" startTime="2025-07-02T22:04:18.0035288+00:00" endTime="2025-07-02T22:04:18.0038258+00:00" testType="13cdc9d9-ddb5-4fa4-a97d-d965ccfc6d4b" outcome="Passed" testListId="8c84fa94-04c1-424b-9868-57a2d4851a1d" relativeResultsDirectory="c0fd877f-161e-41ce-83ff-f2948f99ecca" />
    <UnitTestResult executionId="d4655ee0-f065-46e9-8829-16124535d798" testId="db96f8a4-33f9-e292-2d82-aa435d5e7060" testName="Microsoft.AspNetCore.Components.Test.RendererTest.ExceptionsThrownAsynchronouslyAfterFirstRenderCanBeHandled" computerName="pkrvmbietmlfzoi" duration="00:00:00.0023203" startTime="2025-07-02T22:04:19.3021469+00:00" endTime="2025-07-02T22:04:19.3044884+00:00" testType="13cdc9d9-ddb5-4fa4-a97d-d965ccfc6d4b" outcome="Passed" testListId="8c84fa94-04c1-424b-9868-57a2d4851a1d" relativeResultsDirectory="d4655ee0-f065-46e9-8829-16124535d798" />
    <UnitTestResult executionId="b63cf6bc-88a0-4a90-8e2b-eefcbe2ae22a" testId="5a60e50d-87c6-70b1-f7aa-adc2b3186bdc" testName="Microsoft.AspNetCore.Components.Test.DependencyInjectionTest.IgnoresPropertiesWithoutInjectAttribute" computerName="pkrvmbietmlfzoi" duration="00:00:00.0010941" startTime="2025-07-02T22:04:17.2708053+00:00" endTime="2025-07-02T22:04:17.2709154+00:00" testType="13cdc9d9-ddb5-4fa4-a97d-d965ccfc6d4b" outcome="Passed" testListId="8c84fa94-04c1-424b-9868-57a2d4851a1d" relativeResultsDirectory="b63cf6bc-88a0-4a90-8e2b-eefcbe2ae22a" />
    <UnitTestResult executionId="59fbdcf4-9d3f-4297-a507-8b973df0f97f" testId="969cda19-9c41-5b6a-5c18-9bf98cad04e4" testName="Microsoft.AspNetCore.Components.Routing.QueryParameterValueSupplierTest.RejectsBlankValuesWhenNotNullable(key: &quot;BoolVal&quot;, targetType: typeof(bool))" computerName="pkrvmbietmlfzoi" duration="00:00:00.0026187" startTime="2025-07-02T22:04:17.7608124+00:00" endTime="2025-07-02T22:04:17.7655588+00:00" testType="13cdc9d9-ddb5-4fa4-a97d-d965ccfc6d4b" outcome="Passed" testListId="8c84fa94-04c1-424b-9868-57a2d4851a1d" relativeResultsDirectory="59fbdcf4-9d3f-4297-a507-8b973df0f97f" />
    <UnitTestResult executionId="84bf37ee-0821-41be-9821-543187b181ee" testId="3ba6ad00-da20-b6b3-3b93-0428a44fab1d" testName="Microsoft.AspNetCore.Components.Routing.QueryParameterValueSupplierTest.DecodesKeysAndValues" computerName="pkrvmbietmlfzoi" duration="00:00:00.0010889" startTime="2025-07-02T22:04:17.9017421+00:00" endTime="2025-07-02T22:04:17.9021175+00:00" testType="13cdc9d9-ddb5-4fa4-a97d-d965ccfc6d4b" outcome="Passed" testListId="8c84fa94-04c1-424b-9868-57a2d4851a1d" relativeResultsDirectory="84bf37ee-0821-41be-9821-543187b181ee" />
    <UnitTestResult executionId="6a044d4a-5449-4fd6-aad8-6622ebeb4ef4" testId="4bb18c1e-d4d8-f1ea-e294-dea295978c68" testName="Microsoft.AspNetCore.Components.Routing.RouteTableFactoryTests.DoesNotThrowForNonAmbiguousRoutes(first: &quot;{param1?}/{param2?}/{param3?}/{optional?}&quot;, second: &quot;/&quot;)" computerName="pkrvmbietmlfzoi" duration="00:00:00.0032339" startTime="2025-07-02T22:04:17.5428585+00:00" endTime="2025-07-02T22:04:17.5467930+00:00" testType="13cdc9d9-ddb5-4fa4-a97d-d965ccfc6d4b" outcome="Passed" testListId="8c84fa94-04c1-424b-9868-57a2d4851a1d" relativeResultsDirectory="6a044d4a-5449-4fd6-aad8-6622ebeb4ef4" />
    <UnitTestResult executionId="5ded21e3-7650-4adb-b309-7b6c0f0750af" testId="27d3de46-4cc2-3f4c-576a-24dd3e6884a3" testName="Microsoft.AspNetCore.Components.NavigationManagerTest.LocationChangingHandlers_CanCancelTheNavigationAsynchronously_WhenOneHandlerIsRegistered" computerName="pkrvmbietmlfzoi" duration="00:00:00.0076959" startTime="2025-07-02T22:04:17.7124277+00:00" endTime="2025-07-02T22:04:17.7222303+00:00" testType="13cdc9d9-ddb5-4fa4-a97d-d965ccfc6d4b" outcome="Passed" testListId="8c84fa94-04c1-424b-9868-57a2d4851a1d" relativeResultsDirectory="5ded21e3-7650-4adb-b309-7b6c0f0750af" />
    <UnitTestResult executionId="c160eb1a-5d79-4d50-9c49-2011507e7385" testId="e3834107-1002-0c7d-0bb1-807688cf83fa" testName="Microsoft.AspNetCore.Components.Test.ComponentBaseTest.RunsOnParametersSetAsyncWhenRendered" computerName="pkrvmbietmlfzoi" duration="00:00:00.0016702" startTime="2025-07-02T22:04:17.9584447+00:00" endTime="2025-07-02T22:04:17.9655691+00:00" testType="13cdc9d9-ddb5-4fa4-a97d-d965ccfc6d4b" outcome="Passed" testListId="8c84fa94-04c1-424b-9868-57a2d4851a1d" relativeResultsDirectory="c160eb1a-5d79-4d50-9c49-2011507e7385" />
    <UnitTestResult executionId="cfcadbaa-1544-4e5f-b4cc-ae889a7ae72c" testId="f32a3c0c-5937-45b9-26d0-a8b8a9739e3b" testName="Microsoft.AspNetCore.Components.Rendering.RenderTreeBuilderTest.CannotAddComponentParameterToElement" computerName="pkrvmbietmlfzoi" duration="00:00:00.0003011" startTime="2025-07-02T22:04:17.8950434+00:00" endTime="2025-07-02T22:04:17.8951449+00:00" testType="13cdc9d9-ddb5-4fa4-a97d-d965ccfc6d4b" outcome="Passed" testListId="8c84fa94-04c1-424b-9868-57a2d4851a1d" relativeResultsDirectory="cfcadbaa-1544-4e5f-b4cc-ae889a7ae72c" />
    <UnitTestResult executionId="116f4346-aa97-476d-9cc8-1306f676ca7b" testId="fbc3ef76-537d-0f89-3759-d889bd742fc4" testName="Microsoft.AspNetCore.Components.Routing.RouteTableFactoryTests.OptionalParameterEmpty" computerName="pkrvmbietmlfzoi" duration="00:00:00.0005524" startTime="2025-07-02T22:04:17.8091798+00:00" endTime="2025-07-02T22:04:17.8092860+00:00" testType="13cdc9d9-ddb5-4fa4-a97d-d965ccfc6d4b" outcome="Passed" testListId="8c84fa94-04c1-424b-9868-57a2d4851a1d" relativeResultsDirectory="116f4346-aa97-476d-9cc8-1306f676ca7b" />
    <UnitTestResult executionId="b55e2fb3-6643-4de1-b661-079727669571" testId="d4d1dc49-5e06-af2a-81b7-443bbb8d03d9" testName="Microsoft.AspNetCore.Components.Test.CascadingParameterTest.CanHaveManySubscribers(numSubscribers: 0)" computerName="pkrvmbietmlfzoi" duration="00:00:00.0003919" startTime="2025-07-02T22:04:17.5937853+00:00" endTime="2025-07-02T22:04:17.5945176+00:00" testType="13cdc9d9-ddb5-4fa4-a97d-d965ccfc6d4b" outcome="Passed" testListId="8c84fa94-04c1-424b-9868-57a2d4851a1d" relativeResultsDirectory="b55e2fb3-6643-4de1-b661-079727669571" />
    <UnitTestResult executionId="f6fc53a9-05e2-452f-9606-e3cfe2f086bc" testId="578e4937-09fb-d108-a077-30407429910a" testName="Microsoft.AspNetCore.Components.ComponentFactoryTest.InstantiateComponent_ThrowsForNullInstance" computerName="pkrvmbietmlfzoi" duration="00:00:00.0043727" startTime="2025-07-02T22:04:17.7930044+00:00" endTime="2025-07-02T22:04:17.7999764+00:00" testType="13cdc9d9-ddb5-4fa4-a97d-d965ccfc6d4b" outcome="Passed" testListId="8c84fa94-04c1-424b-9868-57a2d4851a1d" relativeResultsDirectory="f6fc53a9-05e2-452f-9606-e3cfe2f086bc" />
    <UnitTestResult executionId="4322179d-6881-4ab1-bc38-19dda8c013c4" testId="b10f248a-72b4-80bc-d772-2a647c32a39f" testName="Microsoft.AspNetCore.Components.Routing.RoutePatternParserTests.InvalidTemplate_CatchAllParamWithIncorrectPlacedAsterisks(template: &quot;/test/{a}/{*b*c}&quot;, lastParameter: &quot;b*c&quot;)" computerName="pkrvmbietmlfzoi" duration="00:00:00.0033634" startTime="2025-07-02T22:04:17.8471589+00:00" endTime="2025-07-02T22:04:17.8520455+00:00" testType="13cdc9d9-ddb5-4fa4-a97d-d965ccfc6d4b" outcome="Passed" testListId="8c84fa94-04c1-424b-9868-57a2d4851a1d" relativeResultsDirectory="4322179d-6881-4ab1-bc38-19dda8c013c4" />
    <UnitTestResult executionId="d35e6bfe-9289-4f83-9798-d8628d29111a" testId="74489b6f-6a60-3cac-09a1-637aa644b304" testName="Microsoft.AspNetCore.Components.EventCallbackFactoryTest.Create_ActionT_Null" computerName="pkrvmbietmlfzoi" duration="00:00:00.0001650" startTime="2025-07-02T22:04:17.6398141+00:00" endTime="2025-07-02T22:04:17.6398614+00:00" testType="13cdc9d9-ddb5-4fa4-a97d-d965ccfc6d4b" outcome="Passed" testListId="8c84fa94-04c1-424b-9868-57a2d4851a1d" relativeResultsDirectory="d35e6bfe-9289-4f83-9798-d8628d29111a" />
    <UnitTestResult executionId="60149f76-100e-4d47-bd29-68959b2296a2" testId="40d40f77-630f-6bc1-faa6-5dd5d4e7aa98" testName="Microsoft.AspNetCore.Components.BindConverterTest.TryConvertTo_Guid_Valid" computerName="pkrvmbietmlfzoi" duration="00:00:00.0001568" startTime="2025-07-02T22:04:17.4260794+00:00" endTime="2025-07-02T22:04:17.4262391+00:00" testType="13cdc9d9-ddb5-4fa4-a97d-d965ccfc6d4b" outcome="Passed" testListId="8c84fa94-04c1-424b-9868-57a2d4851a1d" relativeResultsDirectory="60149f76-100e-4d47-bd29-68959b2296a2" />
    <UnitTestResult executionId="759a4076-f69d-461b-9fa5-2314db9ecfdb" testId="cda822f6-4456-727b-bf51-447549fca060" testName="Microsoft.AspNetCore.Components.Test.RendererTest.RenderBatch_CanDisposeSynchronousAsyncDisposableImplementations" computerName="pkrvmbietmlfzoi" duration="00:00:00.0005482" startTime="2025-07-02T22:04:19.3262551+00:00" endTime="2025-07-02T22:04:19.3267407+00:00" testType="13cdc9d9-ddb5-4fa4-a97d-d965ccfc6d4b" outcome="Passed" testListId="8c84fa94-04c1-424b-9868-57a2d4851a1d" relativeResultsDirectory="759a4076-f69d-461b-9fa5-2314db9ecfdb" />
    <UnitTestResult executionId="aacb56c4-aacb-4ceb-afb2-b8d3930a147f" testId="ee2eff19-a4f6-77ed-5f14-b80ab30eba9b" testName="Microsoft.AspNetCore.Components.Rendering.RenderTreeBuilderTest.CanAddMarkup" computerName="pkrvmbietmlfzoi" duration="00:00:00.0018266" startTime="2025-07-02T22:04:17.8687264+00:00" endTime="2025-07-02T22:04:17.8699339+00:00" testType="13cdc9d9-ddb5-4fa4-a97d-d965ccfc6d4b" outcome="Passed" testListId="8c84fa94-04c1-424b-9868-57a2d4851a1d" relativeResultsDirectory="aacb56c4-aacb-4ceb-afb2-b8d3930a147f" />
    <UnitTestResult executionId="a5e80cf7-4d04-41d0-8ec5-0166db4744cd" testId="a8e0a087-1889-f19a-72a7-a9ab2395453f" testName="Microsoft.AspNetCore.Components.Routing.RouteTableFactoryTests.MultipleOptionalParameters(path: &quot;/1/2&quot;, segments: 2)" computerName="pkrvmbietmlfzoi" duration="00:00:00.0023225" startTime="2025-07-02T22:04:17.6114103+00:00" endTime="2025-07-02T22:04:17.6118899+00:00" testType="13cdc9d9-ddb5-4fa4-a97d-d965ccfc6d4b" outcome="Passed" testListId="8c84fa94-04c1-424b-9868-57a2d4851a1d" relativeResultsDirectory="a5e80cf7-4d04-41d0-8ec5-0166db4744cd" />
    <UnitTestResult executionId="285d657c-5ffc-4042-9c26-ee77fb7ecd8a" testId="c429a811-ada0-279b-f942-ed2dc5748843" testName="Microsoft.AspNetCore.Components.Test.RendererTest.CanceledTasksInHandleAfterRender_AreIgnored" computerName="pkrvmbietmlfzoi" duration="00:00:00.0017363" startTime="2025-07-02T22:04:17.9997059+00:00" endTime="2025-07-02T22:04:18.0002771+00:00" testType="13cdc9d9-ddb5-4fa4-a97d-d965ccfc6d4b" outcome="Passed" testListId="8c84fa94-04c1-424b-9868-57a2d4851a1d" relativeResultsDirectory="285d657c-5ffc-4042-9c26-ee77fb7ecd8a" />
    <UnitTestResult executionId="576c6c9d-68d6-41e0-9caa-13647e4ae581" testId="8d654c0e-d220-fe90-bc9a-e710794c02a6" testName="Microsoft.AspNetCore.Components.Routing.RouteTableFactoryTests.DetectsAmbiguousRoutes(left: &quot;/{parameter}&quot;, right: &quot;/{parameter}/&quot;)" computerName="pkrvmbietmlfzoi" duration="00:00:00.0004151" startTime="2025-07-02T22:04:17.8034229+00:00" endTime="2025-07-02T22:04:17.8035220+00:00" testType="13cdc9d9-ddb5-4fa4-a97d-d965ccfc6d4b" outcome="Passed" testListId="8c84fa94-04c1-424b-9868-57a2d4851a1d" relativeResultsDirectory="576c6c9d-68d6-41e0-9caa-13647e4ae581" />
    <UnitTestResult executionId="9e93e61a-eae5-4b3a-86f4-d92764aae5c1" testId="71982f3c-d391-aa39-6c4a-f038e894ea9f" testName="Microsoft.AspNetCore.Components.EventCallbackFactoryTest.CreateT_Action_DifferentReceiver" computerName="pkrvmbietmlfzoi" duration="00:00:00.0002150" startTime="2025-07-02T22:04:17.6405004+00:00" endTime="2025-07-02T22:04:17.6428578+00:00" testType="13cdc9d9-ddb5-4fa4-a97d-d965ccfc6d4b" outcome="Passed" testListId="8c84fa94-04c1-424b-9868-57a2d4851a1d" relativeResultsDirectory="9e93e61a-eae5-4b3a-86f4-d92764aae5c1" />
    <UnitTestResult executionId="058ceaa6-e9a8-4b73-8936-693505f110fa" testId="299c5a36-3968-be44-74d0-d4e6b6518e26" testName="Microsoft.AspNetCore.Components.Test.RenderTreeDiffBuilderTest.AttributeDiff_WithSequentialSequenceNumber_AttributeRemovedAtStart" computerName="pkrvmbietmlfzoi" duration="00:00:00.0004629" startTime="2025-07-02T22:04:17.9537662+00:00" endTime="2025-07-02T22:04:17.9543131+00:00" testType="13cdc9d9-ddb5-4fa4-a97d-d965ccfc6d4b" outcome="Passed" testListId="8c84fa94-04c1-424b-9868-57a2d4851a1d" relativeResultsDirectory="058ceaa6-e9a8-4b73-8936-693505f110fa" />
    <UnitTestResult executionId="1ede2f19-8562-4d22-9235-c795a44480e5" testId="f869bd33-ed56-8614-a383-9028900f9a06" testName="Microsoft.AspNetCore.Components.Routing.RouteTableFactoryTests.RespectsExcludeFromInteractiveRoutingAttribute" computerName="pkrvmbietmlfzoi" duration="00:00:00.0028708" startTime="2025-07-02T22:04:17.8814475+00:00" endTime="2025-07-02T22:04:17.8837206+00:00" testType="13cdc9d9-ddb5-4fa4-a97d-d965ccfc6d4b" outcome="Passed" testListId="8c84fa94-04c1-424b-9868-57a2d4851a1d" relativeResultsDirectory="1ede2f19-8562-4d22-9235-c795a44480e5" />
    <UnitTestResult executionId="34720de9-544a-4312-8a6b-fe4fbb3d7c09" testId="a4ef2135-fa43-e2cd-3a1b-4e08a0d3d59d" testName="Microsoft.AspNetCore.Components.Routing.RouteTableFactoryTests.MultipleOptionalParameters(path: &quot;/1/2/3&quot;, segments: 3)" computerName="pkrvmbietmlfzoi" duration="00:00:00.0011601" startTime="2025-07-02T22:04:17.6087294+00:00" endTime="2025-07-02T22:04:17.6111922+00:00" testType="13cdc9d9-ddb5-4fa4-a97d-d965ccfc6d4b" outcome="Passed" testListId="8c84fa94-04c1-424b-9868-57a2d4851a1d" relativeResultsDirectory="34720de9-544a-4312-8a6b-fe4fbb3d7c09" />
    <UnitTestResult executionId="0b419a5f-2af5-4293-a5e7-01632a29926f" testId="d5a1b061-2809-0610-fa7b-2bdf5d153d5a" testName="Microsoft.AspNetCore.Components.Test.RouteViewTest.ThrowsIfNoRouteDataSupplied" computerName="pkrvmbietmlfzoi" duration="00:00:00.0400009" startTime="2025-07-02T22:04:17.2238525+00:00" endTime="2025-07-02T22:04:17.3477794+00:00" testType="13cdc9d9-ddb5-4fa4-a97d-d965ccfc6d4b" outcome="Passed" testListId="8c84fa94-04c1-424b-9868-57a2d4851a1d" relativeResultsDirectory="0b419a5f-2af5-4293-a5e7-01632a29926f" />
    <UnitTestResult executionId="e18c738a-5c1a-4c41-bc95-2a683be40026" testId="648737fe-386c-c2ea-b1de-531710f33395" testName="Microsoft.AspNetCore.Components.Test.RenderTreeDiffBuilderTest.RecognizesKeyedComponentInsertions" computerName="pkrvmbietmlfzoi" duration="00:00:00.0020770" startTime="2025-07-02T22:04:17.9899838+00:00" endTime="2025-07-02T22:04:17.9900598+00:00" testType="13cdc9d9-ddb5-4fa4-a97d-d965ccfc6d4b" outcome="Passed" testListId="8c84fa94-04c1-424b-9868-57a2d4851a1d" relativeResultsDirectory="e18c738a-5c1a-4c41-bc95-2a683be40026" />
    <UnitTestResult executionId="4f0ecbd3-acbe-4f12-b9e2-ac480acee97c" testId="c212f440-7b46-cb8e-5eb3-cc3bf3530739" testName="Microsoft.AspNetCore.Components.BindConverterTest.FormatValue_NullableBool_Generic" computerName="pkrvmbietmlfzoi" duration="00:00:00.0035137" startTime="2025-07-02T22:04:17.4293336+00:00" endTime="2025-07-02T22:04:17.4348659+00:00" testType="13cdc9d9-ddb5-4fa4-a97d-d965ccfc6d4b" outcome="Passed" testListId="8c84fa94-04c1-424b-9868-57a2d4851a1d" relativeResultsDirectory="4f0ecbd3-acbe-4f12-b9e2-ac480acee97c" />
    <UnitTestResult executionId="5ce8e974-33fb-40df-8090-d566f30890ef" testId="5d6e755c-8e48-63c5-4ff6-5c87a82269d4" testName="Microsoft.AspNetCore.Components.Routing.RouteTableFactoryTests.CatchAllEmpty" computerName="pkrvmbietmlfzoi" duration="00:00:00.0005737" startTime="2025-07-02T22:04:17.6790622+00:00" endTime="2025-07-02T22:04:17.6794618+00:00" testType="13cdc9d9-ddb5-4fa4-a97d-d965ccfc6d4b" outcome="Passed" testListId="8c84fa94-04c1-424b-9868-57a2d4851a1d" relativeResultsDirectory="5ce8e974-33fb-40df-8090-d566f30890ef" />
    <UnitTestResult executionId="2d18ecae-2693-4407-a3aa-6513ad540dad" testId="1506ab79-d31a-d54b-1312-24eb0a40dcb2" testName="Microsoft.AspNetCore.Components.EventCallbackFactoryBinderExtensionsTest.CreateBinder_ThrowsSetterException" computerName="pkrvmbietmlfzoi" duration="00:00:00.0072984" startTime="2025-07-02T22:04:17.9379259+00:00" endTime="2025-07-02T22:04:17.9416332+00:00" testType="13cdc9d9-ddb5-4fa4-a97d-d965ccfc6d4b" outcome="Passed" testListId="8c84fa94-04c1-424b-9868-57a2d4851a1d" relativeResultsDirectory="2d18ecae-2693-4407-a3aa-6513ad540dad" />
    <UnitTestResult executionId="6729313d-ab0b-4acb-a78b-ec29603f91ad" testId="111476bf-346a-58ec-381d-22dcdea64d00" testName="Microsoft.AspNetCore.Components.Test.RenderTreeDiffBuilderTest.RecognizesKeyedComponentDeletions" computerName="pkrvmbietmlfzoi" duration="00:00:00.0006806" startTime="2025-07-02T22:04:17.9951635+00:00" endTime="2025-07-02T22:04:17.9952395+00:00" testType="13cdc9d9-ddb5-4fa4-a97d-d965ccfc6d4b" outcome="Passed" testListId="8c84fa94-04c1-424b-9868-57a2d4851a1d" relativeResultsDirectory="6729313d-ab0b-4acb-a78b-ec29603f91ad" />
    <UnitTestResult executionId="b23d0fc6-10dc-41ac-aab4-f5cf74343565" testId="f28f2a6c-fe4a-fdeb-0a10-f738e162e835" testName="Microsoft.AspNetCore.Components.Test.RendererTest.DispatchEventAsync_Delegate_AsynchronousCancellation" computerName="pkrvmbietmlfzoi" duration="00:00:00.0023876" startTime="2025-07-02T22:04:18.0057403+00:00" endTime="2025-07-02T22:04:18.0061721+00:00" testType="13cdc9d9-ddb5-4fa4-a97d-d965ccfc6d4b" outcome="Passed" testListId="8c84fa94-04c1-424b-9868-57a2d4851a1d" relativeResultsDirectory="b23d0fc6-10dc-41ac-aab4-f5cf74343565" />
    <UnitTestResult executionId="9c00d8bf-ac20-4bd8-9fb1-f1624c6649a2" testId="bf90e99c-02b8-7b25-1edd-a995c83fcbdd" testName="Microsoft.AspNetCore.Components.NavigationManagerTest.GetUriWithQueryParameters_ThrowsWhenParameterValueTypeIsUnsupported" computerName="pkrvmbietmlfzoi" duration="00:00:00.0007290" startTime="2025-07-02T22:04:17.7450430+00:00" endTime="2025-07-02T22:04:17.7458448+00:00" testType="13cdc9d9-ddb5-4fa4-a97d-d965ccfc6d4b" outcome="Passed" testListId="8c84fa94-04c1-424b-9868-57a2d4851a1d" relativeResultsDirectory="9c00d8bf-ac20-4bd8-9fb1-f1624c6649a2" />
    <UnitTestResult executionId="e0a44381-1168-4a2a-8ba4-a9b2a035764b" testId="dcae67fe-646e-469d-b9d5-fb8dfdd538a2" testName="Microsoft.AspNetCore.Components.PersistentStateValueProviderTests.PersistentceFails_IfMultipleComponentsOfSameType_TryToPersistDataWithParentComponentOfSameType" computerName="pkrvmbietmlfzoi" duration="00:00:00.0148487" startTime="2025-07-02T22:04:17.4397047+00:00" endTime="2025-07-02T22:04:17.4495545+00:00" testType="13cdc9d9-ddb5-4fa4-a97d-d965ccfc6d4b" outcome="Passed" testListId="8c84fa94-04c1-424b-9868-57a2d4851a1d" relativeResultsDirectory="e0a44381-1168-4a2a-8ba4-a9b2a035764b" />
    <UnitTestResult executionId="9d58ca1e-5a1b-4aa1-ad3d-8f7280cd8040" testId="72cc5b50-54c9-3c8a-ddf0-28c5c8ad5f24" testName="Microsoft.AspNetCore.Components.PersistentState.PersistentServicesRegistryTest.PersistStateAsync_RestoresStateForPersistedRegistrations" computerName="pkrvmbietmlfzoi" duration="00:00:00.0021582" startTime="2025-07-02T22:04:17.4061558+00:00" endTime="2025-07-02T22:04:17.4062525+00:00" testType="13cdc9d9-ddb5-4fa4-a97d-d965ccfc6d4b" outcome="Passed" testListId="8c84fa94-04c1-424b-9868-57a2d4851a1d" relativeResultsDirectory="9d58ca1e-5a1b-4aa1-ad3d-8f7280cd8040" />
    <UnitTestResult executionId="45d0be73-7743-4247-bd80-660632e5983c" testId="f414ac7c-1b9c-04b6-8195-2c0ad1e018c2" testName="Microsoft.AspNetCore.Components.Test.CascadingParameterTest.PrefersComponentHierarchyCascadingValuesOverServiceProviderValues" computerName="pkrvmbietmlfzoi" duration="00:00:00.0148098" startTime="2025-07-02T22:04:17.6028466+00:00" endTime="2025-07-02T22:04:17.6156392+00:00" testType="13cdc9d9-ddb5-4fa4-a97d-d965ccfc6d4b" outcome="Passed" testListId="8c84fa94-04c1-424b-9868-57a2d4851a1d" relativeResultsDirectory="45d0be73-7743-4247-bd80-660632e5983c" />
    <UnitTestResult executionId="d30a08b4-897c-4701-8814-adce9b9b4bef" testId="5f92604e-9501-54cb-010b-c8142fddb778" testName="Microsoft.AspNetCore.Components.Rendering.RenderTreeBuilderTest.AddComponentParameter_Component_EventHandlerValue_SetsAttributeValue(value: null)" computerName="pkrvmbietmlfzoi" duration="00:00:00.0006125" startTime="2025-07-02T22:04:17.9013874+00:00" endTime="2025-07-02T22:04:17.9020196+00:00" testType="13cdc9d9-ddb5-4fa4-a97d-d965ccfc6d4b" outcome="Passed" testListId="8c84fa94-04c1-424b-9868-57a2d4851a1d" relativeResultsDirectory="d30a08b4-897c-4701-8814-adce9b9b4bef" />
    <UnitTestResult executionId="a11d7d40-b579-4c49-8a9e-bc88ca64a682" testId="d9999ca4-91d2-e7d7-4adc-17f0a648d688" testName="Microsoft.AspNetCore.Components.Routing.RouterTest.SetParametersAsyncRefreshesOnce" computerName="pkrvmbietmlfzoi" duration="00:00:00.0011907" startTime="2025-07-02T22:04:17.7127668+00:00" endTime="2025-07-02T22:04:17.7131659+00:00" testType="13cdc9d9-ddb5-4fa4-a97d-d965ccfc6d4b" outcome="Passed" testListId="8c84fa94-04c1-424b-9868-57a2d4851a1d" relativeResultsDirectory="a11d7d40-b579-4c49-8a9e-bc88ca64a682" />
    <UnitTestResult executionId="05dd44a0-94bb-44b9-8ac8-048cf2702477" testId="cb3e2cc2-98fe-4dd6-bd1e-0dcde34bd83e" testName="Microsoft.AspNetCore.Components.BindConverterTest.TryConvertTo_NullableGuid__Invalid" computerName="pkrvmbietmlfzoi" duration="00:00:00.0001654" startTime="2025-07-02T22:04:17.4488258+00:00" endTime="2025-07-02T22:04:17.4489194+00:00" testType="13cdc9d9-ddb5-4fa4-a97d-d965ccfc6d4b" outcome="Passed" testListId="8c84fa94-04c1-424b-9868-57a2d4851a1d" relativeResultsDirectory="05dd44a0-94bb-44b9-8ac8-048cf2702477" />
    <UnitTestResult executionId="a66ecb63-cc2a-4187-8e5a-868c066e387a" testId="68898528-75c3-7060-38b9-142e0edf22d5" testName="Microsoft.AspNetCore.Components.RenderTree.ArrayBuilderTest.AppendArray_LargerThanBuffer(size: 1024)" computerName="pkrvmbietmlfzoi" duration="00:00:00.0010862" startTime="2025-07-02T22:04:17.3476680+00:00" endTime="2025-07-02T22:04:17.3518151+00:00" testType="13cdc9d9-ddb5-4fa4-a97d-d965ccfc6d4b" outcome="Passed" testListId="8c84fa94-04c1-424b-9868-57a2d4851a1d" relativeResultsDirectory="a66ecb63-cc2a-4187-8e5a-868c066e387a" />
    <UnitTestResult executionId="5f26d982-7be0-4bcb-be32-e3c2ac99c123" testId="e550075f-ec03-582a-ae35-c5745bd8c000" testName="Microsoft.AspNetCore.Components.NavigationManagerTest.GetUriWithQueryParameters_SupportsEnumerableValues(baseUri: &quot;scheme://host/?ping=8&amp;ping=300&amp;ping=50&amp;ping=68&amp;pin&quot;···, expectedUri: &quot;scheme://host/?ping=35&amp;ping=16&amp;ping=87&amp;ping=240&amp;fu&quot;···)" computerName="pkrvmbietmlfzoi" duration="00:00:00.0000413" startTime="2025-07-02T22:04:17.4536117+00:00" endTime="2025-07-02T22:04:17.4536964+00:00" testType="13cdc9d9-ddb5-4fa4-a97d-d965ccfc6d4b" outcome="Passed" testListId="8c84fa94-04c1-424b-9868-57a2d4851a1d" relativeResultsDirectory="5f26d982-7be0-4bcb-be32-e3c2ac99c123" />
    <UnitTestResult executionId="93639519-a770-4210-a3eb-91247f88b9ec" testId="c7260ebc-a696-37ef-e759-c0251b78d7a6" testName="Microsoft.AspNetCore.Components.Routing.RouteTableFactoryTests.CanMatchParameterWithConstraint(template: &quot;/{value:bool}&quot;, contextUrl: &quot;/true&quot;, convertedValue: True)" computerName="pkrvmbietmlfzoi" duration="00:00:00.0076320" startTime="2025-07-02T22:04:17.6155362+00:00" endTime="2025-07-02T22:04:17.6160417+00:00" testType="13cdc9d9-ddb5-4fa4-a97d-d965ccfc6d4b" outcome="Passed" testListId="8c84fa94-04c1-424b-9868-57a2d4851a1d" relativeResultsDirectory="93639519-a770-4210-a3eb-91247f88b9ec" />
    <UnitTestResult executionId="0d08e56c-9442-41de-b556-f5b7dbf5fb2c" testId="c7b5f0c0-c409-93a6-a5b6-ade3fce2ad11" testName="Microsoft.AspNetCore.Components.NavigationManagerTest.LocationChangingHandlers_CanContinueTheNavigationAsynchronously_WhenOneHandlerIsRegistered" computerName="pkrvmbietmlfzoi" duration="00:00:00.0015104" startTime="2025-07-02T22:04:17.7348912+00:00" endTime="2025-07-02T22:04:17.7357857+00:00" testType="13cdc9d9-ddb5-4fa4-a97d-d965ccfc6d4b" outcome="Passed" testListId="8c84fa94-04c1-424b-9868-57a2d4851a1d" relativeResultsDirectory="0d08e56c-9442-41de-b556-f5b7dbf5fb2c" />
    <UnitTestResult executionId="cd065282-8e54-4596-978c-ba0b5085f036" testId="5ce7a314-1554-ba75-14aa-f57c4a8483e6" testName="Microsoft.AspNetCore.Components.NavigationManagerTest.ComputesCorrectValidBaseRelativePaths(baseUri: &quot;scheme://host/path/&quot;, uri: &quot;scheme://host/path/#hash&quot;, expectedResult: &quot;#hash&quot;)" computerName="pkrvmbietmlfzoi" duration="00:00:00.0000160" startTime="2025-07-02T22:04:17.4959446+00:00" endTime="2025-07-02T22:04:17.4961324+00:00" testType="13cdc9d9-ddb5-4fa4-a97d-d965ccfc6d4b" outcome="Passed" testListId="8c84fa94-04c1-424b-9868-57a2d4851a1d" relativeResultsDirectory="cd065282-8e54-4596-978c-ba0b5085f036" />
    <UnitTestResult executionId="0b754842-b4ea-444b-af0f-66308b9a827e" testId="0e3652d5-121c-9134-4024-f2896c1d566c" testName="Microsoft.AspNetCore.Components.CascadingParameterStateTest.FindCascadingParameters_ComponentRequestsImplementedInterface_ReturnsMatches" computerName="pkrvmbietmlfzoi" duration="00:00:00.0041892" startTime="2025-07-02T22:04:17.5136244+00:00" endTime="2025-07-02T22:04:17.5214638+00:00" testType="13cdc9d9-ddb5-4fa4-a97d-d965ccfc6d4b" outcome="Passed" testListId="8c84fa94-04c1-424b-9868-57a2d4851a1d" relativeResultsDirectory="0b754842-b4ea-444b-af0f-66308b9a827e" />
    <UnitTestResult executionId="d0f8e9dd-92f7-470d-970d-7a38c03fb77b" testId="43a803fc-b906-cb5a-2a97-dbb10c59afbe" testName="Microsoft.AspNetCore.Components.Rendering.RenderTreeBuilderTest.CanAddMultipleReferenceCapturesToSameComponent" computerName="pkrvmbietmlfzoi" duration="00:00:00.0012186" startTime="2025-07-02T22:04:17.8954198+00:00" endTime="2025-07-02T22:04:17.8977609+00:00" testType="13cdc9d9-ddb5-4fa4-a97d-d965ccfc6d4b" outcome="Passed" testListId="8c84fa94-04c1-424b-9868-57a2d4851a1d" relativeResultsDirectory="d0f8e9dd-92f7-470d-970d-7a38c03fb77b" />
    <UnitTestResult executionId="1252c1f6-146a-4dcd-be26-f7cbaaa23309" testId="b9cc6e73-fd02-ca09-262a-4e2c29db07b3" testName="Microsoft.AspNetCore.Components.Rendering.RenderTreeBuilderTest.ReportsUnclosedComponentAsInvalid" computerName="pkrvmbietmlfzoi" duration="00:00:00.0009000" startTime="2025-07-02T22:04:17.8701863+00:00" endTime="2025-07-02T22:04:17.8710057+00:00" testType="13cdc9d9-ddb5-4fa4-a97d-d965ccfc6d4b" outcome="Passed" testListId="8c84fa94-04c1-424b-9868-57a2d4851a1d" relativeResultsDirectory="1252c1f6-146a-4dcd-be26-f7cbaaa23309" />
    <UnitTestResult executionId="dec7d47f-045f-4eeb-a5db-b713a226fd97" testId="363c1433-7ce2-4b32-c297-72a1e853157b" testName="Microsoft.AspNetCore.Components.Routing.RouteTableFactoryTests.DetectsAmbiguousRoutesNoFalsePositives(left: &quot;/literal/part{parameter}part&quot;, right: &quot;/literal/part{parameter}&quot;)" computerName="pkrvmbietmlfzoi" duration="00:00:00.0008797" startTime="2025-07-02T22:04:17.8525367+00:00" endTime="2025-07-02T22:04:17.8552098+00:00" testType="13cdc9d9-ddb5-4fa4-a97d-d965ccfc6d4b" outcome="Passed" testListId="8c84fa94-04c1-424b-9868-57a2d4851a1d" relativeResultsDirectory="dec7d47f-045f-4eeb-a5db-b713a226fd97" />
    <UnitTestResult executionId="b1b27d7c-c7fc-4bab-8c37-67c44a23d055" testId="7cca54b3-329a-711d-4174-4576115c7e55" testName="Microsoft.AspNetCore.Components.Test.CascadingParameterTest.CanUseTryAddPatternForCascadingValuesInServiceCollection_NamedValueFactory" computerName="pkrvmbietmlfzoi" duration="00:00:00.0009385" startTime="2025-07-02T22:04:17.5348979+00:00" endTime="2025-07-02T22:04:17.5389482+00:00" testType="13cdc9d9-ddb5-4fa4-a97d-d965ccfc6d4b" outcome="Passed" testListId="8c84fa94-04c1-424b-9868-57a2d4851a1d" relativeResultsDirectory="b1b27d7c-c7fc-4bab-8c37-67c44a23d055" />
    <UnitTestResult executionId="a4a39007-2f97-4f6b-b86f-19ba092a19a6" testId="1ea3d6c3-5796-4623-e893-9b8c6a95e32d" testName="Microsoft.AspNetCore.Components.Routing.RouteTableFactoryTests.DoesNotMatchIfDifferentNumberOfSegments(path: &quot;/some/awesome/route/with/extra/segments&quot;)" computerName="pkrvmbietmlfzoi" duration="00:00:00.0004985" startTime="2025-07-02T22:04:17.8080993+00:00" endTime="2025-07-02T22:04:17.8086452+00:00" testType="13cdc9d9-ddb5-4fa4-a97d-d965ccfc6d4b" outcome="Passed" testListId="8c84fa94-04c1-424b-9868-57a2d4851a1d" relativeResultsDirectory="a4a39007-2f97-4f6b-b86f-19ba092a19a6" />
    <UnitTestResult executionId="08edeffe-5584-4869-870b-5e79423ab737" testId="ec9464fa-54e9-5e57-2c0c-f67ca173717c" testName="Microsoft.AspNetCore.Components.Test.RenderTreeDiffBuilderTest.RecognizesLeadingLoopBlockItemsBeingRemoved" computerName="pkrvmbietmlfzoi" duration="00:00:00.0004721" startTime="2025-07-02T22:04:17.9659559+00:00" endTime="2025-07-02T22:04:17.9665618+00:00" testType="13cdc9d9-ddb5-4fa4-a97d-d965ccfc6d4b" outcome="Passed" testListId="8c84fa94-04c1-424b-9868-57a2d4851a1d" relativeResultsDirectory="08edeffe-5584-4869-870b-5e79423ab737" />
    <UnitTestResult executionId="bee144f7-6319-40fc-b2c9-40cd5e17ed4c" testId="0dbcccb5-c0f3-ea14-a0cd-d30007cef0b2" testName="Microsoft.AspNetCore.Components.ComponentsMetricsTest.CaptureParametersDuration_RecordsErrorMetric" computerName="pkrvmbietmlfzoi" duration="00:00:00.0165669" startTime="2025-07-02T22:04:17.9662940+00:00" endTime="2025-07-02T22:04:17.9732417+00:00" testType="13cdc9d9-ddb5-4fa4-a97d-d965ccfc6d4b" outcome="Passed" testListId="8c84fa94-04c1-424b-9868-57a2d4851a1d" relativeResultsDirectory="bee144f7-6319-40fc-b2c9-40cd5e17ed4c" />
    <UnitTestResult executionId="ce00a584-5da5-4d8a-9b6e-c6d508b37580" testId="1dbfac0d-6921-9fa7-0a13-4278be6b0a57" testName="Microsoft.AspNetCore.Components.Test.RenderTreeUpdaterTest.IgnoresUnknownEventHandlerId" computerName="pkrvmbietmlfzoi" duration="00:00:00.0009333" startTime="2025-07-02T22:04:17.4117650+00:00" endTime="2025-07-02T22:04:17.4148330+00:00" testType="13cdc9d9-ddb5-4fa4-a97d-d965ccfc6d4b" outcome="Passed" testListId="8c84fa94-04c1-424b-9868-57a2d4851a1d" relativeResultsDirectory="ce00a584-5da5-4d8a-9b6e-c6d508b37580" />
    <UnitTestResult executionId="a55a5623-ee29-439d-a0c1-4994cf29b189" testId="56495ced-8f70-9ecf-2fda-94fd4a0bb119" testName="Microsoft.AspNetCore.Components.NavigationManagerTest.LocationChangingHandlers_CanContinueTheNavigationAsynchronously_WhenMultipleHandlersAreRegistered" computerName="pkrvmbietmlfzoi" duration="00:00:00.0346042" startTime="2025-07-02T22:04:17.6218846+00:00" endTime="2025-07-02T22:04:17.6528609+00:00" testType="13cdc9d9-ddb5-4fa4-a97d-d965ccfc6d4b" outcome="Passed" testListId="8c84fa94-04c1-424b-9868-57a2d4851a1d" relativeResultsDirectory="a55a5623-ee29-439d-a0c1-4994cf29b189" />
    <UnitTestResult executionId="b12a2d5b-3049-40cc-b9c1-f474f1e5df43" testId="23d531b0-ed45-f304-17ab-a31a547c6b8e" testName="Microsoft.AspNetCore.Components.Test.RendererTest.CanDispatchEventsToNestedComponents" computerName="pkrvmbietmlfzoi" duration="00:00:00.0007144" startTime="2025-07-02T22:04:19.2637374+00:00" endTime="2025-07-02T22:04:19.2643346+00:00" testType="13cdc9d9-ddb5-4fa4-a97d-d965ccfc6d4b" outcome="Passed" testListId="8c84fa94-04c1-424b-9868-57a2d4851a1d" relativeResultsDirectory="b12a2d5b-3049-40cc-b9c1-f474f1e5df43" />
    <UnitTestResult executionId="188d952b-ae4f-437f-82ce-c779bae9047d" testId="afc3fae3-132c-7e62-823b-4cb1c5692e93" testName="Microsoft.AspNetCore.Components.Rendering.RenderTreeBuilderTest.ProcessDuplicateAttributes_StopsAtFirstNonAttributeFrame_Content" computerName="pkrvmbietmlfzoi" duration="00:00:00.0032897" startTime="2025-07-02T22:04:17.8386815+00:00" endTime="2025-07-02T22:04:17.8472588+00:00" testType="13cdc9d9-ddb5-4fa4-a97d-d965ccfc6d4b" outcome="Passed" testListId="8c84fa94-04c1-424b-9868-57a2d4851a1d" relativeResultsDirectory="188d952b-ae4f-437f-82ce-c779bae9047d" />
    <UnitTestResult executionId="9b1ff6dc-bb40-4b4c-8253-67f298009b82" testId="28a1b1bc-5f93-a8a0-f928-b85f6a685f03" testName="Microsoft.AspNetCore.Components.Test.DependencyInjectionTest.SetsKeyedInjectablePropertyValueIfKeyedServiceIsRegistered" computerName="pkrvmbietmlfzoi" duration="00:00:00.0002429" startTime="2025-07-02T22:04:17.3544970+00:00" endTime="2025-07-02T22:04:17.3546031+00:00" testType="13cdc9d9-ddb5-4fa4-a97d-d965ccfc6d4b" outcome="Passed" testListId="8c84fa94-04c1-424b-9868-57a2d4851a1d" relativeResultsDirectory="9b1ff6dc-bb40-4b4c-8253-67f298009b82" />
    <UnitTestResult executionId="865dff57-cedb-4391-920d-4f7d16fff418" testId="63ddb946-cae0-491a-3ac5-3cef15baa68e" testName="Microsoft.AspNetCore.Components.Rendering.RenderTreeBuilderTest.AddAttribute_Component_ObjectStringValue_SetsAttributeValue" computerName="pkrvmbietmlfzoi" duration="00:00:00.0006209" startTime="2025-07-02T22:04:17.9508491+00:00" endTime="2025-07-02T22:04:17.9508958+00:00" testType="13cdc9d9-ddb5-4fa4-a97d-d965ccfc6d4b" outcome="Passed" testListId="8c84fa94-04c1-424b-9868-57a2d4851a1d" relativeResultsDirectory="865dff57-cedb-4391-920d-4f7d16fff418" />
    <UnitTestResult executionId="40eefbe5-3067-4b00-bca2-8d79489a43bc" testId="135da1e3-af3a-1f52-42c8-cdd786c6db9c" testName="Microsoft.AspNetCore.Components.CascadingParameterStateTest.FindCascadingParameters_WithSingleDelivery" computerName="pkrvmbietmlfzoi" duration="00:00:00.0002450" startTime="2025-07-02T22:04:17.5129791+00:00" endTime="2025-07-02T22:04:17.5130775+00:00" testType="13cdc9d9-ddb5-4fa4-a97d-d965ccfc6d4b" outcome="Passed" testListId="8c84fa94-04c1-424b-9868-57a2d4851a1d" relativeResultsDirectory="40eefbe5-3067-4b00-bca2-8d79489a43bc" />
    <UnitTestResult executionId="6ecd733d-4ed2-400c-b4c7-48b20780384f" testId="d30029b3-462f-1a3d-d6b9-688bd70870b2" testName="Microsoft.AspNetCore.Components.Test.RenderTreeDiffBuilderTest.QueuesRemovedChildComponentsForDisposal" computerName="pkrvmbietmlfzoi" duration="00:00:00.0020768" startTime="2025-07-02T22:04:18.0085081+00:00" endTime="2025-07-02T22:04:18.0087481+00:00" testType="13cdc9d9-ddb5-4fa4-a97d-d965ccfc6d4b" outcome="Passed" testListId="8c84fa94-04c1-424b-9868-57a2d4851a1d" relativeResultsDirectory="6ecd733d-4ed2-400c-b4c7-48b20780384f" />
    <UnitTestResult executionId="408a1af6-0472-4e21-b820-805975527926" testId="15f13652-48ef-f054-6db9-ee15c6fd93f0" testName="Microsoft.AspNetCore.Components.Test.RendererTest.DoesNotCallOnAfterRenderForComponentsNotRendered" computerName="pkrvmbietmlfzoi" duration="00:00:00.0021196" startTime="2025-07-02T22:04:18.2026407+00:00" endTime="2025-07-02T22:04:18.2046638+00:00" testType="13cdc9d9-ddb5-4fa4-a97d-d965ccfc6d4b" outcome="Passed" testListId="8c84fa94-04c1-424b-9868-57a2d4851a1d" relativeResultsDirectory="408a1af6-0472-4e21-b820-805975527926" />
    <UnitTestResult executionId="7198c433-a4e6-4286-baa7-d8cf7ae8a6aa" testId="a81ed9ce-ff94-90b8-5f77-b50421c198af" testName="Microsoft.AspNetCore.Components.ParameterViewTest.IncomingNonCascadingValueMatchesCascadingParameter_Throws" computerName="pkrvmbietmlfzoi" duration="00:00:00.0089133" startTime="2025-07-02T22:04:17.7394796+00:00" endTime="2025-07-02T22:04:17.7482203+00:00" testType="13cdc9d9-ddb5-4fa4-a97d-d965ccfc6d4b" outcome="Passed" testListId="8c84fa94-04c1-424b-9868-57a2d4851a1d" relativeResultsDirectory="7198c433-a4e6-4286-baa7-d8cf7ae8a6aa" />
    <UnitTestResult executionId="4b9662df-e505-4eb4-b916-5aec38af8b7b" testId="dee3657e-3cef-cc92-0d4f-81b1ad10d57b" testName="Microsoft.AspNetCore.Components.Test.DependencyInjectionTest.SetsPrivateInheritedInjectableProperties" computerName="pkrvmbietmlfzoi" duration="00:00:00.0011329" startTime="2025-07-02T22:04:17.3541087+00:00" endTime="2025-07-02T22:04:17.3542175+00:00" testType="13cdc9d9-ddb5-4fa4-a97d-d965ccfc6d4b" outcome="Passed" testListId="8c84fa94-04c1-424b-9868-57a2d4851a1d" relativeResultsDirectory="4b9662df-e505-4eb4-b916-5aec38af8b7b" />
    <UnitTestResult executionId="16cf2987-0554-4925-b86e-d3cef92a4f38" testId="7052eae4-3b89-c069-a48e-5b820af28a6a" testName="Microsoft.AspNetCore.Components.Rendering.RenderTreeBuilderTest.CanAddMultipleAttributes_DictionaryObject" computerName="pkrvmbietmlfzoi" duration="00:00:00.0021671" startTime="2025-07-02T22:04:17.7229562+00:00" endTime="2025-07-02T22:04:17.7266853+00:00" testType="13cdc9d9-ddb5-4fa4-a97d-d965ccfc6d4b" outcome="Passed" testListId="8c84fa94-04c1-424b-9868-57a2d4851a1d" relativeResultsDirectory="16cf2987-0554-4925-b86e-d3cef92a4f38" />
    <UnitTestResult executionId="3ba05bc3-e219-42fb-a5ec-8bfaade53992" testId="b7023af3-ab43-2a63-fe34-f8e6978eba33" testName="Microsoft.AspNetCore.Components.Test.RendererTest.DispatchEventAsync_Delegate_SynchronousCancellation" computerName="pkrvmbietmlfzoi" duration="00:00:00.0010870" startTime="2025-07-02T22:04:19.2841130+00:00" endTime="2025-07-02T22:04:19.2844867+00:00" testType="13cdc9d9-ddb5-4fa4-a97d-d965ccfc6d4b" outcome="Passed" testListId="8c84fa94-04c1-424b-9868-57a2d4851a1d" relativeResultsDirectory="3ba05bc3-e219-42fb-a5ec-8bfaade53992" />
    <UnitTestResult executionId="be99e16c-d487-4742-acbb-9c7745a7875e" testId="0f48a21b-1e86-63a2-d0ee-bcb5b2715fdb" testName="Microsoft.AspNetCore.Components.EventCallbackTest.EventCallbackOfT_FuncTTask_Null" computerName="pkrvmbietmlfzoi" duration="00:00:00.0017813" startTime="2025-07-02T22:04:17.9292277+00:00" endTime="2025-07-02T22:04:17.9299883+00:00" testType="13cdc9d9-ddb5-4fa4-a97d-d965ccfc6d4b" outcome="Passed" testListId="8c84fa94-04c1-424b-9868-57a2d4851a1d" relativeResultsDirectory="be99e16c-d487-4742-acbb-9c7745a7875e" />
    <UnitTestResult executionId="72ba35cf-439b-4d49-a641-98b6758f928e" testId="87cea312-be19-2fa4-f742-5323e715114e" testName="Microsoft.AspNetCore.Components.NavigationManagerTest.GetUriWithQueryParameter_RemovesWhenParameterValueIsNull(baseUri: &quot;scheme://host/#hash&quot;, expectedUri: &quot;scheme://host/#hash&quot;)" computerName="pkrvmbietmlfzoi" duration="00:00:00.0003311" startTime="2025-07-02T22:04:17.4388619+00:00" endTime="2025-07-02T22:04:17.4389650+00:00" testType="13cdc9d9-ddb5-4fa4-a97d-d965ccfc6d4b" outcome="Passed" testListId="8c84fa94-04c1-424b-9868-57a2d4851a1d" relativeResultsDirectory="72ba35cf-439b-4d49-a641-98b6758f928e" />
    <UnitTestResult executionId="fdb3b683-515a-488d-b5e1-db0314122c27" testId="6be97f92-4505-aedc-f92b-2bcaf8783730" testName="Microsoft.AspNetCore.Components.Rendering.RendererSynchronizationContextTest.InvokeAsync_FuncT_CanReportCancellation" computerName="pkrvmbietmlfzoi" duration="00:00:00.0027449" startTime="2025-07-02T22:04:17.9564295+00:00" endTime="2025-07-02T22:04:17.9591745+00:00" testType="13cdc9d9-ddb5-4fa4-a97d-d965ccfc6d4b" outcome="Passed" testListId="8c84fa94-04c1-424b-9868-57a2d4851a1d" relativeResultsDirectory="fdb3b683-515a-488d-b5e1-db0314122c27" />
    <UnitTestResult executionId="583ac0c2-ddcf-49fb-bed9-b9aeeee05c0a" testId="a8d9421e-717c-4446-5700-f3c737afbfcf" testName="Microsoft.AspNetCore.Components.Test.RendererTest.CanUseCustomComponentActivatorFromServiceProvider" computerName="pkrvmbietmlfzoi" duration="00:00:00.0023623" startTime="2025-07-02T22:04:18.2204678+00:00" endTime="2025-07-02T22:04:18.2210004+00:00" testType="13cdc9d9-ddb5-4fa4-a97d-d965ccfc6d4b" outcome="Passed" testListId="8c84fa94-04c1-424b-9868-57a2d4851a1d" relativeResultsDirectory="583ac0c2-ddcf-49fb-bed9-b9aeeee05c0a" />
    <UnitTestResult executionId="488ba65f-5aaa-4416-bed6-1beaf5e43a79" testId="a3919ee8-13c2-696b-4f7f-2281c4b990e7" testName="Microsoft.AspNetCore.Components.Rendering.RenderTreeBuilderTest.CanAddComponentRenderMode" computerName="pkrvmbietmlfzoi" duration="00:00:00.0033420" startTime="2025-07-02T22:04:17.9431371+00:00" endTime="2025-07-02T22:04:17.9437124+00:00" testType="13cdc9d9-ddb5-4fa4-a97d-d965ccfc6d4b" outcome="Passed" testListId="8c84fa94-04c1-424b-9868-57a2d4851a1d" relativeResultsDirectory="488ba65f-5aaa-4416-bed6-1beaf5e43a79" />
    <UnitTestResult executionId="21d2b764-d626-4730-b1fb-1acc9c594015" testId="131a353d-64dc-1d2e-161a-4a477c98bbc2" testName="Microsoft.AspNetCore.Components.Test.CascadingParameterTest.CascadingValueThrowsIfFixedFlagChangesToFalse" computerName="pkrvmbietmlfzoi" duration="00:00:00.0006936" startTime="2025-07-02T22:04:17.6609671+00:00" endTime="2025-07-02T22:04:17.6614381+00:00" testType="13cdc9d9-ddb5-4fa4-a97d-d965ccfc6d4b" outcome="Passed" testListId="8c84fa94-04c1-424b-9868-57a2d4851a1d" relativeResultsDirectory="21d2b764-d626-4730-b1fb-1acc9c594015" />
    <UnitTestResult executionId="3e30b7a2-7d62-4947-9b1c-87350c8d9957" testId="b4e4a47f-33b4-e773-6373-e489b9e1d137" testName="Microsoft.AspNetCore.Components.ParameterViewTest.CanGetValueOrDefault_WithNonExistingValue" computerName="pkrvmbietmlfzoi" duration="00:00:00.0065889" startTime="2025-07-02T22:04:17.5477228+00:00" endTime="2025-07-02T22:04:17.5673212+00:00" testType="13cdc9d9-ddb5-4fa4-a97d-d965ccfc6d4b" outcome="Passed" testListId="8c84fa94-04c1-424b-9868-57a2d4851a1d" relativeResultsDirectory="3e30b7a2-7d62-4947-9b1c-87350c8d9957" />
    <UnitTestResult executionId="49e81049-a0ba-4d3d-8ed6-c9cfc017f9a8" testId="fed95506-dc57-5bbb-71e8-49b7176ef9e2" testName="Microsoft.AspNetCore.Components.EventCallbackTest.EventCallback_Default" computerName="pkrvmbietmlfzoi" duration="00:00:00.0005790" startTime="2025-07-02T22:04:17.8976106+00:00" endTime="2025-07-02T22:04:17.8999753+00:00" testType="13cdc9d9-ddb5-4fa4-a97d-d965ccfc6d4b" outcome="Passed" testListId="8c84fa94-04c1-424b-9868-57a2d4851a1d" relativeResultsDirectory="49e81049-a0ba-4d3d-8ed6-c9cfc017f9a8" />
    <UnitTestResult executionId="144eb733-bee5-413a-a7dd-22c84d07b158" testId="93a5281a-ebfb-eeca-fee9-aebbcf88224e" testName="Microsoft.AspNetCore.Components.NavigationManagerTest.GetUriWithQueryParameters_SupportsEnumerableValues(baseUri: &quot;scheme://host/?full%20name=Bob%20Joe&amp;ping=8&amp;ping=3&quot;···, expectedUri: &quot;scheme://host/?full%20name=John%20Doe&amp;ping=35&amp;ping&quot;···)" computerName="pkrvmbietmlfzoi" duration="00:00:00.0003123" startTime="2025-07-02T22:04:17.4529781+00:00" endTime="2025-07-02T22:04:17.4534511+00:00" testType="13cdc9d9-ddb5-4fa4-a97d-d965ccfc6d4b" outcome="Passed" testListId="8c84fa94-04c1-424b-9868-57a2d4851a1d" relativeResultsDirectory="144eb733-bee5-413a-a7dd-22c84d07b158" />
    <UnitTestResult executionId="16d9c323-f95a-4e2e-9755-b89c6a00daa7" testId="4014b687-87a8-f47b-a5bf-18159f68d17f" testName="Microsoft.AspNetCore.Components.ComponentFactoryTest.InstantiateComponent_CreatesInstance" computerName="pkrvmbietmlfzoi" duration="00:00:00.0004847" startTime="2025-07-02T22:04:17.7795344+00:00" endTime="2025-07-02T22:04:17.7802975+00:00" testType="13cdc9d9-ddb5-4fa4-a97d-d965ccfc6d4b" outcome="Passed" testListId="8c84fa94-04c1-424b-9868-57a2d4851a1d" relativeResultsDirectory="16d9c323-f95a-4e2e-9755-b89c6a00daa7" />
    <UnitTestResult executionId="a626b106-1dcc-46d7-9be6-dfe452a419ab" testId="ee7a6465-468b-1371-f40e-94774f069558" testName="Microsoft.AspNetCore.Components.Test.RendererTest.CallsAfterRenderAfterTheUIHasFinishedUpdatingAsynchronously" computerName="pkrvmbietmlfzoi" duration="00:00:00.0022643" startTime="2025-07-02T22:04:18.1980667+00:00" endTime="2025-07-02T22:04:18.2003202+00:00" testType="13cdc9d9-ddb5-4fa4-a97d-d965ccfc6d4b" outcome="Passed" testListId="8c84fa94-04c1-424b-9868-57a2d4851a1d" relativeResultsDirectory="a626b106-1dcc-46d7-9be6-dfe452a419ab" />
    <UnitTestResult executionId="775f780e-d8e5-46c0-8d91-2188ad51856d" testId="40b64cb7-a0ad-328d-3438-891a5dc934e6" testName="Microsoft.AspNetCore.Components.Test.CascadingParameterTest.CanHaveManySubscribers(numSubscribers: 128)" computerName="pkrvmbietmlfzoi" duration="00:00:00.0024581" startTime="2025-07-02T22:04:17.5869663+00:00" endTime="2025-07-02T22:04:17.5900434+00:00" testType="13cdc9d9-ddb5-4fa4-a97d-d965ccfc6d4b" outcome="Passed" testListId="8c84fa94-04c1-424b-9868-57a2d4851a1d" relativeResultsDirectory="775f780e-d8e5-46c0-8d91-2188ad51856d" />
    <UnitTestResult executionId="fc871bdc-a0d6-4029-88d2-60db55f3a84b" testId="f914b333-ca83-9dd1-5387-b0a814579343" testName="Microsoft.AspNetCore.Components.Routing.RouteTableFactoryTests.OptionalParameterPlusCatchAllRoute(template: &quot;/{parameter?}/{*catchAll}&quot;, path: &quot;/value/1/2/3/4/5&quot;, parameterValue: &quot;value&quot;, catchAllValue: &quot;1/2/3/4/5&quot;)" computerName="pkrvmbietmlfzoi" duration="00:00:00.0003290" startTime="2025-07-02T22:04:17.6782270+00:00" endTime="2025-07-02T22:04:17.6783156+00:00" testType="13cdc9d9-ddb5-4fa4-a97d-d965ccfc6d4b" outcome="Passed" testListId="8c84fa94-04c1-424b-9868-57a2d4851a1d" relativeResultsDirectory="fc871bdc-a0d6-4029-88d2-60db55f3a84b" />
    <UnitTestResult executionId="ade38de3-dc13-4207-b9fe-337961750fe3" testId="e109a630-ae72-b70c-3980-38878814d6df" testName="Microsoft.AspNetCore.Components.Test.RenderTreeDiffBuilderTest.RecognizesRemovedRegions" computerName="pkrvmbietmlfzoi" duration="00:00:00.0005017" startTime="2025-07-02T22:04:17.9847892+00:00" endTime="2025-07-02T22:04:17.9851476+00:00" testType="13cdc9d9-ddb5-4fa4-a97d-d965ccfc6d4b" outcome="Passed" testListId="8c84fa94-04c1-424b-9868-57a2d4851a1d" relativeResultsDirectory="ade38de3-dc13-4207-b9fe-337961750fe3" />
    <UnitTestResult executionId="034477e1-8a6f-42d6-a857-dee5b194be66" testId="60aa4840-4143-aeb1-78fe-2a2944d095ab" testName="Microsoft.AspNetCore.Components.ComponentApplicationStateTest.PersistAsJson_SerializesTheDataToJsonAsync" computerName="pkrvmbietmlfzoi" duration="00:00:00.0006072" startTime="2025-07-02T22:04:17.5941345+00:00" endTime="2025-07-02T22:04:17.5982719+00:00" testType="13cdc9d9-ddb5-4fa4-a97d-d965ccfc6d4b" outcome="Passed" testListId="8c84fa94-04c1-424b-9868-57a2d4851a1d" relativeResultsDirectory="034477e1-8a6f-42d6-a857-dee5b194be66" />
    <UnitTestResult executionId="4637db85-5632-44c5-95a1-79bb07734624" testId="ec1de2be-046a-f8f0-02fd-4f851a3a270b" testName="Microsoft.AspNetCore.Components.EventCallbackFactoryBinderExtensionsTest.CreateBinder_BindsEmpty_DoesNotCallSetter" computerName="pkrvmbietmlfzoi" duration="00:00:00.0017559" startTime="2025-07-02T22:04:17.8916307+00:00" endTime="2025-07-02T22:04:17.8940670+00:00" testType="13cdc9d9-ddb5-4fa4-a97d-d965ccfc6d4b" outcome="Passed" testListId="8c84fa94-04c1-424b-9868-57a2d4851a1d" relativeResultsDirectory="4637db85-5632-44c5-95a1-79bb07734624" />
    <UnitTestResult executionId="ce82fa00-ac05-416d-995f-6535ea31ad7e" testId="7821208d-102d-ef4d-0f0f-99e896338732" testName="Microsoft.AspNetCore.Components.NavigationManagerTest.Initialize_ThrowsForInvalidBaseRelativePaths(baseUri: &quot;scheme://host/&quot;, absoluteUri: &quot;otherscheme://host/&quot;)" computerName="pkrvmbietmlfzoi" duration="00:00:00.0000412" startTime="2025-07-02T22:04:17.4767031+00:00" endTime="2025-07-02T22:04:17.4768197+00:00" testType="13cdc9d9-ddb5-4fa4-a97d-d965ccfc6d4b" outcome="Passed" testListId="8c84fa94-04c1-424b-9868-57a2d4851a1d" relativeResultsDirectory="ce82fa00-ac05-416d-995f-6535ea31ad7e" />
    <UnitTestResult executionId="db3b84c3-f1d4-4abb-8cd7-4579f424e727" testId="f2bea136-9b06-0068-8ee1-74a52d5766ca" testName="Microsoft.AspNetCore.Components.Test.CascadingParameterTest.ThrowsIfAttemptingToSubscribeToCascadingValueSourceOutsideSyncContext" computerName="pkrvmbietmlfzoi" duration="00:00:00.0051414" startTime="2025-07-02T22:04:17.6644997+00:00" endTime="2025-07-02T22:04:17.6658995+00:00" testType="13cdc9d9-ddb5-4fa4-a97d-d965ccfc6d4b" outcome="Passed" testListId="8c84fa94-04c1-424b-9868-57a2d4851a1d" relativeResultsDirectory="db3b84c3-f1d4-4abb-8cd7-4579f424e727" />
    <UnitTestResult executionId="ba748d6c-54b4-4b93-b446-101b4bc4c883" testId="44d887a3-564f-84c7-4e8c-59b8b5d9d6ce" testName="Microsoft.AspNetCore.Components.Rendering.RendererSynchronizationContextTest.InvokeAsync_Action_CanReportCancellation" computerName="pkrvmbietmlfzoi" duration="00:00:00.0016915" startTime="2025-07-02T22:04:17.9819015+00:00" endTime="2025-07-02T22:04:17.9825045+00:00" testType="13cdc9d9-ddb5-4fa4-a97d-d965ccfc6d4b" outcome="Passed" testListId="8c84fa94-04c1-424b-9868-57a2d4851a1d" relativeResultsDirectory="ba748d6c-54b4-4b93-b446-101b4bc4c883" />
    <UnitTestResult executionId="e283b8e3-bec9-4b32-ae1e-4e9de0c71e95" testId="28c54b65-ba6d-244c-23c3-4502fd483c04" testName="Microsoft.AspNetCore.Components.NavigationManagerTest.ComputesCorrectValidBaseRelativePaths(baseUri: &quot;scheme://host/&quot;, uri: &quot;scheme://host/&quot;, expectedResult: &quot;&quot;)" computerName="pkrvmbietmlfzoi" duration="00:00:00.0000154" startTime="2025-07-02T22:04:17.4951062+00:00" endTime="2025-07-02T22:04:17.4951917+00:00" testType="13cdc9d9-ddb5-4fa4-a97d-d965ccfc6d4b" outcome="Passed" testListId="8c84fa94-04c1-424b-9868-57a2d4851a1d" relativeResultsDirectory="e283b8e3-bec9-4b32-ae1e-4e9de0c71e95" />
    <UnitTestResult executionId="19634ba9-b61e-4c2c-b793-7fb46ad66a81" testId="d5d32426-e95a-984a-42df-3a4d43c5ee4b" testName="Microsoft.AspNetCore.Components.Routing.RouteTableFactoryTests.DoesNotMatchIfConstraintDoesNotMatch(template: &quot;/{value:guid}&quot;, contextUrl: &quot;/not-a-guid&quot;)" computerName="pkrvmbietmlfzoi" duration="00:00:00.0007866" startTime="2025-07-02T22:04:17.7732621+00:00" endTime="2025-07-02T22:04:17.7761303+00:00" testType="13cdc9d9-ddb5-4fa4-a97d-d965ccfc6d4b" outcome="Passed" testListId="8c84fa94-04c1-424b-9868-57a2d4851a1d" relativeResultsDirectory="19634ba9-b61e-4c2c-b793-7fb46ad66a81" />
    <UnitTestResult executionId="97b299d6-f4f0-46bf-9f16-e0ebf06fec69" testId="2d0f0ca9-5f3c-50cc-c88f-ee47fe286b84" testName="Microsoft.AspNetCore.Components.Routing.RouteTableFactoryTests.DoesNotCacheRouteTableForDifferentAssemblies" computerName="pkrvmbietmlfzoi" duration="00:00:00.0015829" startTime="2025-07-02T22:04:17.8438554+00:00" endTime="2025-07-02T22:04:17.8477092+00:00" testType="13cdc9d9-ddb5-4fa4-a97d-d965ccfc6d4b" outcome="Passed" testListId="8c84fa94-04c1-424b-9868-57a2d4851a1d" relativeResultsDirectory="97b299d6-f4f0-46bf-9f16-e0ebf06fec69" />
    <UnitTestResult executionId="99d30d2d-35f2-4cd0-8dd7-584807fca082" testId="945b847a-cb6b-65f9-aef5-025cfe6ea6f3" testName="Microsoft.AspNetCore.Components.Test.RendererTest.AsyncComponentTriggeringRootReRenderDoesNotDeadlock" computerName="pkrvmbietmlfzoi" duration="00:00:00.0035665" startTime="2025-07-02T22:04:17.9891192+00:00" endTime="2025-07-02T22:04:17.9902180+00:00" testType="13cdc9d9-ddb5-4fa4-a97d-d965ccfc6d4b" outcome="Passed" testListId="8c84fa94-04c1-424b-9868-57a2d4851a1d" relativeResultsDirectory="99d30d2d-35f2-4cd0-8dd7-584807fca082" />
    <UnitTestResult executionId="91069e7a-312a-4c11-bb16-be50e0dd045a" testId="94f886e0-ac98-223a-7793-64a9c2010d23" testName="Microsoft.AspNetCore.Components.ComponentApplicationStateTest.TryRetrieveFromJson_NullValue" computerName="pkrvmbietmlfzoi" duration="00:00:00.0002157" startTime="2025-07-02T22:04:17.5985840+00:00" endTime="2025-07-02T22:04:17.5990655+00:00" testType="13cdc9d9-ddb5-4fa4-a97d-d965ccfc6d4b" outcome="Passed" testListId="8c84fa94-04c1-424b-9868-57a2d4851a1d" relativeResultsDirectory="91069e7a-312a-4c11-bb16-be50e0dd045a" />
    <UnitTestResult executionId="0e849483-1ef5-4965-9bc7-e19c28b1c6db" testId="cb12c13a-86c2-25e6-f696-1cdf57c984ed" testName="Microsoft.AspNetCore.Components.Rendering.RenderTreeBuilderTest.AddAttribute_Element_ObjectAction_AddsFrame" computerName="pkrvmbietmlfzoi" duration="00:00:00.0016048" startTime="2025-07-02T22:04:17.9354498+00:00" endTime="2025-07-02T22:04:17.9384501+00:00" testType="13cdc9d9-ddb5-4fa4-a97d-d965ccfc6d4b" outcome="Passed" testListId="8c84fa94-04c1-424b-9868-57a2d4851a1d" relativeResultsDirectory="0e849483-1ef5-4965-9bc7-e19c28b1c6db" />
    <UnitTestResult executionId="695a0f59-df43-4590-af4f-e0a2aa768b50" testId="a9e42b53-9333-9189-881e-217025c9e45b" testName="Microsoft.AspNetCore.Components.Test.RenderTreeDiffBuilderTest.RecognizesElementNameChangesAtSameSequenceNumber" computerName="pkrvmbietmlfzoi" duration="00:00:00.0004709" startTime="2025-07-02T22:04:17.9897835+00:00" endTime="2025-07-02T22:04:17.9898690+00:00" testType="13cdc9d9-ddb5-4fa4-a97d-d965ccfc6d4b" outcome="Passed" testListId="8c84fa94-04c1-424b-9868-57a2d4851a1d" relativeResultsDirectory="695a0f59-df43-4590-af4f-e0a2aa768b50" />
    <UnitTestResult executionId="7efd097c-1c48-40b0-870f-9884b753cb68" testId="abe52657-6fba-beee-55a1-cb8340e11ce8" testName="Microsoft.AspNetCore.Components.Test.RendererTest.DispatchEventAsync_Delegate_AsynchronousCompletion" computerName="pkrvmbietmlfzoi" duration="00:00:00.0047985" startTime="2025-07-02T22:04:17.9806753+00:00" endTime="2025-07-02T22:04:17.9853429+00:00" testType="13cdc9d9-ddb5-4fa4-a97d-d965ccfc6d4b" outcome="Passed" testListId="8c84fa94-04c1-424b-9868-57a2d4851a1d" relativeResultsDirectory="7efd097c-1c48-40b0-870f-9884b753cb68" />
    <UnitTestResult executionId="bb83c208-c3d1-42c0-a034-5b0bcb0b2112" testId="a1201979-858f-687a-3bc7-caebde6e1939" testName="Microsoft.AspNetCore.Components.EventCallbackFactoryTest.Create_Action_AlreadyBoundToReceiver" computerName="pkrvmbietmlfzoi" duration="00:00:00.0022830" startTime="2025-07-02T22:04:17.6165799+00:00" endTime="2025-07-02T22:04:17.6166849+00:00" testType="13cdc9d9-ddb5-4fa4-a97d-d965ccfc6d4b" outcome="Passed" testListId="8c84fa94-04c1-424b-9868-57a2d4851a1d" relativeResultsDirectory="bb83c208-c3d1-42c0-a034-5b0bcb0b2112" />
    <UnitTestResult executionId="6837f414-6f65-43d4-a75b-c1b7df655ceb" testId="1a1aed9b-aef6-582d-60b1-f14cc20bf88a" testName="Microsoft.AspNetCore.Components.ComponentsMetricsTest.Constructor_CreatesMetersCorrectly" computerName="pkrvmbietmlfzoi" duration="00:00:00.0014032" startTime="2025-07-02T22:04:17.9756342+00:00" endTime="2025-07-02T22:04:17.9760329+00:00" testType="13cdc9d9-ddb5-4fa4-a97d-d965ccfc6d4b" outcome="Passed" testListId="8c84fa94-04c1-424b-9868-57a2d4851a1d" relativeResultsDirectory="6837f414-6f65-43d4-a75b-c1b7df655ceb" />
    <UnitTestResult executionId="4539d8b2-4289-4c49-b4e9-a947c6271ec0" testId="ed05224e-7352-3fba-455f-32ff240fd7b3" testName="Microsoft.AspNetCore.Components.ComponentsMetricsTest.FailParametersSync_RecordsErrorMetric" computerName="pkrvmbietmlfzoi" duration="00:00:00.0006142" startTime="2025-07-02T22:04:17.9484797+00:00" endTime="2025-07-02T22:04:17.9487024+00:00" testType="13cdc9d9-ddb5-4fa4-a97d-d965ccfc6d4b" outcome="Passed" testListId="8c84fa94-04c1-424b-9868-57a2d4851a1d" relativeResultsDirectory="4539d8b2-4289-4c49-b4e9-a947c6271ec0" />
    <UnitTestResult executionId="56565dcb-dd8c-42c6-84b2-f0e2d3da7269" testId="fd183794-75d0-1337-52c6-3655b93eaa37" testName="Microsoft.AspNetCore.Components.Routing.RoutePatternParserTests.ParseRouteParameter_ThrowsIf_ParameterContainsSpecialCharacters(template: &quot;{p*}&quot;, expectedMessage: &quot;The route parameter name 'p*' is invalid. Route pa&quot;···)" computerName="pkrvmbietmlfzoi" duration="00:00:00.0003401" startTime="2025-07-02T22:04:17.8245841+00:00" endTime="2025-07-02T22:04:17.8246937+00:00" testType="13cdc9d9-ddb5-4fa4-a97d-d965ccfc6d4b" outcome="Passed" testListId="8c84fa94-04c1-424b-9868-57a2d4851a1d" relativeResultsDirectory="56565dcb-dd8c-42c6-84b2-f0e2d3da7269" />
    <UnitTestResult executionId="f87ccbde-e070-488a-a75d-635f019ace14" testId="6a79e669-6653-7cf7-75e0-3215fd55990d" testName="Microsoft.AspNetCore.Components.ComponentsMetricsTest.CaptureBatchDuration_RecordsSuccessMetric" computerName="pkrvmbietmlfzoi" duration="00:00:00.0235488" startTime="2025-07-02T22:04:17.7720792+00:00" endTime="2025-07-02T22:04:17.8125385+00:00" testType="13cdc9d9-ddb5-4fa4-a97d-d965ccfc6d4b" outcome="Passed" testListId="8c84fa94-04c1-424b-9868-57a2d4851a1d" relativeResultsDirectory="f87ccbde-e070-488a-a75d-635f019ace14" />
    <UnitTestResult executionId="d54072a7-8a7e-4c15-930d-4c283ed136b4" testId="c11563d1-2be0-0ad9-4361-0977edde7b30" testName="Microsoft.AspNetCore.Components.Rendering.RenderTreeBuilderTest.CanAddRegions" computerName="pkrvmbietmlfzoi" duration="00:00:00.0023540" startTime="2025-07-02T22:04:17.8810781+00:00" endTime="2025-07-02T22:04:17.8816664+00:00" testType="13cdc9d9-ddb5-4fa4-a97d-d965ccfc6d4b" outcome="Passed" testListId="8c84fa94-04c1-424b-9868-57a2d4851a1d" relativeResultsDirectory="d54072a7-8a7e-4c15-930d-4c283ed136b4" />
    <UnitTestResult executionId="d043b5d9-f63b-4523-9855-31fcaa4b8336" testId="ff5a250b-c009-aaa9-7fac-f42a0c60cffd" testName="Microsoft.AspNetCore.Components.Rendering.RendererSynchronizationContextTest.Post_CapturesContext" computerName="pkrvmbietmlfzoi" duration="00:00:00.0014702" startTime="2025-07-02T22:04:17.9778415+00:00" endTime="2025-07-02T22:04:17.9778892+00:00" testType="13cdc9d9-ddb5-4fa4-a97d-d965ccfc6d4b" outcome="Passed" testListId="8c84fa94-04c1-424b-9868-57a2d4851a1d" relativeResultsDirectory="d043b5d9-f63b-4523-9855-31fcaa4b8336" />
    <UnitTestResult executionId="08207acb-6722-49cb-9b4a-a59b986668f7" testId="9bfb982f-77b4-df3c-1634-2de98daacf5b" testName="Microsoft.AspNetCore.Components.Test.RenderTreeDiffBuilderTest.RecognizesNamedEventBeingAdded" computerName="pkrvmbietmlfzoi" duration="00:00:00.0009866" startTime="2025-07-02T22:04:18.0059350+00:00" endTime="2025-07-02T22:04:18.0060107+00:00" testType="13cdc9d9-ddb5-4fa4-a97d-d965ccfc6d4b" outcome="Passed" testListId="8c84fa94-04c1-424b-9868-57a2d4851a1d" relativeResultsDirectory="08207acb-6722-49cb-9b4a-a59b986668f7" />
    <UnitTestResult executionId="243eab1d-24c3-48c0-8213-fa7359ec6327" testId="25ff83fc-6352-765d-4797-3e5622dc453a" testName="Microsoft.AspNetCore.Components.Test.RenderTreeDiffBuilderTest.RecognizesLeadingLoopBlockItemsBeingAdded" computerName="pkrvmbietmlfzoi" duration="00:00:00.0006916" startTime="2025-07-02T22:04:17.9831354+00:00" endTime="2025-07-02T22:04:17.9833958+00:00" testType="13cdc9d9-ddb5-4fa4-a97d-d965ccfc6d4b" outcome="Passed" testListId="8c84fa94-04c1-424b-9868-57a2d4851a1d" relativeResultsDirectory="243eab1d-24c3-48c0-8213-fa7359ec6327" />
    <UnitTestResult executionId="2c6bbe32-c9bc-4593-9219-ffbd037246e1" testId="daeec1e1-cfc9-7590-8989-30104087c3ae" testName="Microsoft.AspNetCore.Components.Test.RendererTest.EventFieldInfoWorksWhenEventHandlerIdWasSuperseded" computerName="pkrvmbietmlfzoi" duration="00:00:00.0024560" startTime="2025-07-02T22:04:18.2538834+00:00" endTime="2025-07-02T22:04:18.2563181+00:00" testType="13cdc9d9-ddb5-4fa4-a97d-d965ccfc6d4b" outcome="Passed" testListId="8c84fa94-04c1-424b-9868-57a2d4851a1d" relativeResultsDirectory="2c6bbe32-c9bc-4593-9219-ffbd037246e1" />
    <UnitTestResult executionId="aaa08cb0-6e6c-474f-8266-348c8d2c0b20" testId="aad7b082-ad36-2151-bf4b-62d03ef63fe9" testName="Microsoft.AspNetCore.Components.Test.RenderTreeDiffBuilderTest.HandlesKeyBeingRemoved" computerName="pkrvmbietmlfzoi" duration="00:00:00.0007043" startTime="2025-07-02T22:04:17.9591559+00:00" endTime="2025-07-02T22:04:17.9658231+00:00" testType="13cdc9d9-ddb5-4fa4-a97d-d965ccfc6d4b" outcome="Passed" testListId="8c84fa94-04c1-424b-9868-57a2d4851a1d" relativeResultsDirectory="aaa08cb0-6e6c-474f-8266-348c8d2c0b20" />
    <UnitTestResult executionId="950fd8a8-65af-484a-98ac-9b0141065bb8" testId="a6fc0933-771a-6ef6-bbdf-3ccc2b4e96db" testName="Microsoft.AspNetCore.Components.ComponentApplicationStateTest.RegisterOnPersisting_ThrowsIfCalledDuringOnPersisting" computerName="pkrvmbietmlfzoi" duration="00:00:00.0015409" startTime="2025-07-02T22:04:17.5899050+00:00" endTime="2025-07-02T22:04:17.5930708+00:00" testType="13cdc9d9-ddb5-4fa4-a97d-d965ccfc6d4b" outcome="Passed" testListId="8c84fa94-04c1-424b-9868-57a2d4851a1d" relativeResultsDirectory="950fd8a8-65af-484a-98ac-9b0141065bb8" />
    <UnitTestResult executionId="421a778b-f1e6-466b-bea6-0f289523aa1c" testId="19cd3930-c392-4095-d9b1-320c19a9b03d" testName="Microsoft.AspNetCore.Components.Routing.RouteTableFactoryTests.OptionalParameterPlusCatchAllRoute(template: &quot;prefix/{parameter?}/{*catchAll}&quot;, path: &quot;/prefix/value/1&quot;, parameterValue: &quot;value&quot;, catchAllValue: &quot;1&quot;)" computerName="pkrvmbietmlfzoi" duration="00:00:00.0003610" startTime="2025-07-02T22:04:17.6785027+00:00" endTime="2025-07-02T22:04:17.6788406+00:00" testType="13cdc9d9-ddb5-4fa4-a97d-d965ccfc6d4b" outcome="Passed" testListId="8c84fa94-04c1-424b-9868-57a2d4851a1d" relativeResultsDirectory="421a778b-f1e6-466b-bea6-0f289523aa1c" />
    <UnitTestResult executionId="199b3a68-b848-4d3c-b302-1e9f878bb22c" testId="255e4e07-2980-c85f-2575-8b2746034581" testName="Microsoft.AspNetCore.Components.Test.CascadingParameterTest.RetainsCascadingParametersWhenUpdatingDirectParameters" computerName="pkrvmbietmlfzoi" duration="00:00:00.0024180" startTime="2025-07-02T22:04:17.6736138+00:00" endTime="2025-07-02T22:04:17.6755644+00:00" testType="13cdc9d9-ddb5-4fa4-a97d-d965ccfc6d4b" outcome="Passed" testListId="8c84fa94-04c1-424b-9868-57a2d4851a1d" relativeResultsDirectory="199b3a68-b848-4d3c-b302-1e9f878bb22c" />
    <UnitTestResult executionId="45dcf779-9222-4218-a339-7f81b6a07612" testId="ee1c6a0c-d6c1-a859-c280-05f10bd0a166" testName="Microsoft.AspNetCore.Components.Test.CascadingParameterTest.CanSupplyCascadingValuesForSpecificCascadingParameterAttributeType" computerName="pkrvmbietmlfzoi" duration="00:00:00.0147814" startTime="2025-07-02T22:04:17.6445656+00:00" endTime="2025-07-02T22:04:17.6500202+00:00" testType="13cdc9d9-ddb5-4fa4-a97d-d965ccfc6d4b" outcome="Passed" testListId="8c84fa94-04c1-424b-9868-57a2d4851a1d" relativeResultsDirectory="45dcf779-9222-4218-a339-7f81b6a07612" />
    <UnitTestResult executionId="81d3b3af-28c7-4be7-b056-ea64c196ae58" testId="1ebcf50f-3294-b90a-993d-26baa2fccb53" testName="Microsoft.AspNetCore.Components.NavigationManagerTest.LocationChangingHandlers_CanCancelTheNavigationSynchronously_BeforeReturning_WhenMultipleHandlersAreRegistered" computerName="pkrvmbietmlfzoi" duration="00:00:00.0060909" startTime="2025-07-02T22:04:17.4905696+00:00" endTime="2025-07-02T22:04:17.4920849+00:00" testType="13cdc9d9-ddb5-4fa4-a97d-d965ccfc6d4b" outcome="Passed" testListId="8c84fa94-04c1-424b-9868-57a2d4851a1d" relativeResultsDirectory="81d3b3af-28c7-4be7-b056-ea64c196ae58" />
    <UnitTestResult executionId="5f191c2d-f52b-4809-97ea-fb476271a0ae" testId="c7260ebc-a696-37ef-e759-c0251b78d7a6" testName="Microsoft.AspNetCore.Components.Routing.RouteTableFactoryTests.CanMatchParameterWithConstraint(template: &quot;/{value:decimal}&quot;, contextUrl: &quot;/5.3&quot;, convertedValue: 5.3)" computerName="pkrvmbietmlfzoi" duration="00:00:00.0114786" startTime="2025-07-02T22:04:17.6202003+00:00" endTime="2025-07-02T22:04:17.6253852+00:00" testType="13cdc9d9-ddb5-4fa4-a97d-d965ccfc6d4b" outcome="Passed" testListId="8c84fa94-04c1-424b-9868-57a2d4851a1d" relativeResultsDirectory="5f191c2d-f52b-4809-97ea-fb476271a0ae" />
    <UnitTestResult executionId="ce4b8a26-ff14-49d3-81a8-a025da74321d" testId="2e244d6d-f149-02a5-c330-275c38ec6450" testName="Microsoft.AspNetCore.Components.Rendering.RenderTreeBuilderTest.ProcessDuplicateAttributes_SilentFrameFollowedBySameAttribute" computerName="pkrvmbietmlfzoi" duration="00:00:00.0023468" startTime="2025-07-02T22:04:17.7221185+00:00" endTime="2025-07-02T22:04:17.7226897+00:00" testType="13cdc9d9-ddb5-4fa4-a97d-d965ccfc6d4b" outcome="Passed" testListId="8c84fa94-04c1-424b-9868-57a2d4851a1d" relativeResultsDirectory="ce4b8a26-ff14-49d3-81a8-a025da74321d" />
    <UnitTestResult executionId="b193921c-353f-46ef-8114-b4de8969a3af" testId="78758eba-eae5-42cc-60c9-e7329bb692cd" testName="Microsoft.AspNetCore.Components.NavigationManagerTest.GetUriWithQueryParameters_SupportsEnumerableValues(baseUri: &quot;scheme://host/?full%20name=Bob%20Joe&amp;ping=8&amp;ping=3&quot;···, expectedUri: &quot;scheme://host/?full%20name=John%20Doe&amp;ping=35&amp;ping&quot;···)" computerName="pkrvmbietmlfzoi" duration="00:00:00.0000393" startTime="2025-07-02T22:04:17.4558444+00:00" endTime="2025-07-02T22:04:17.4562941+00:00" testType="13cdc9d9-ddb5-4fa4-a97d-d965ccfc6d4b" outcome="Passed" testListId="8c84fa94-04c1-424b-9868-57a2d4851a1d" relativeResultsDirectory="b193921c-353f-46ef-8114-b4de8969a3af" />
    <UnitTestResult executionId="76f09274-7e54-4434-a4b7-000de89b51e5" testId="bb804751-e35b-1383-438c-81158f47394e" testName="Microsoft.AspNetCore.Components.Test.ComponentBaseTest.RunsOnInitWhenRendered" computerName="pkrvmbietmlfzoi" duration="00:00:00.0115343" startTime="2025-07-02T22:04:17.8754136+00:00" endTime="2025-07-02T22:04:17.8920945+00:00" testType="13cdc9d9-ddb5-4fa4-a97d-d965ccfc6d4b" outcome="Passed" testListId="8c84fa94-04c1-424b-9868-57a2d4851a1d" relativeResultsDirectory="76f09274-7e54-4434-a4b7-000de89b51e5" />
    <UnitTestResult executionId="875c7e29-c34c-4b3f-9046-a5de0dda0b2a" testId="5cf972f2-b538-396a-f043-7116e483cc74" testName="Microsoft.AspNetCore.Components.Test.RenderTreeDiffBuilderTest.RecognizesInsertedRegions" computerName="pkrvmbietmlfzoi" duration="00:00:00.0006468" startTime="2025-07-02T22:04:17.9698453+00:00" endTime="2025-07-02T22:04:17.9701574+00:00" testType="13cdc9d9-ddb5-4fa4-a97d-d965ccfc6d4b" outcome="Passed" testListId="8c84fa94-04c1-424b-9868-57a2d4851a1d" relativeResultsDirectory="875c7e29-c34c-4b3f-9046-a5de0dda0b2a" />
    <UnitTestResult executionId="2039a691-58f7-41d4-8493-d975105121a4" testId="343a9c4b-56cf-4c89-e571-a22806aea95e" testName="Microsoft.AspNetCore.Components.Test.LayoutViewTest.GivenContentButNoLayout_RendersContent" computerName="pkrvmbietmlfzoi" duration="00:00:00.0010281" startTime="2025-07-02T22:04:17.9137837+00:00" endTime="2025-07-02T22:04:17.9147874+00:00" testType="13cdc9d9-ddb5-4fa4-a97d-d965ccfc6d4b" outcome="Passed" testListId="8c84fa94-04c1-424b-9868-57a2d4851a1d" relativeResultsDirectory="2039a691-58f7-41d4-8493-d975105121a4" />
    <UnitTestResult executionId="bca1492e-7488-4849-8d27-f9dc358535da" testId="b32fbca2-fd96-6801-df4d-5e05fbbf16cd" testName="Microsoft.AspNetCore.Components.Rendering.RenderTreeBuilderTest.AddAttribute_Element_ObjectEventCallbackWithReceiver_AddsFrame" computerName="pkrvmbietmlfzoi" duration="00:00:00.0035201" startTime="2025-07-02T22:04:17.7491699+00:00" endTime="2025-07-02T22:04:17.7556690+00:00" testType="13cdc9d9-ddb5-4fa4-a97d-d965ccfc6d4b" outcome="Passed" testListId="8c84fa94-04c1-424b-9868-57a2d4851a1d" relativeResultsDirectory="bca1492e-7488-4849-8d27-f9dc358535da" />
    <UnitTestResult executionId="14695f9b-bc36-4b2b-8e0e-9dbe0656ee02" testId="efdf10ad-ff1d-0372-6e29-924d8f59f26f" testName="Microsoft.AspNetCore.Components.Routing.RouterTest.CanCancelPreviousOnNavigateAsync" computerName="pkrvmbietmlfzoi" duration="00:00:00.0023984" startTime="2025-07-02T22:04:17.6581376+00:00" endTime="2025-07-02T22:04:17.6610559+00:00" testType="13cdc9d9-ddb5-4fa4-a97d-d965ccfc6d4b" outcome="Passed" testListId="8c84fa94-04c1-424b-9868-57a2d4851a1d" relativeResultsDirectory="14695f9b-bc36-4b2b-8e0e-9dbe0656ee02" />
    <UnitTestResult executionId="5ed19cc7-53cf-48c4-bcb1-6c2493775781" testId="c7260ebc-a696-37ef-e759-c0251b78d7a6" testName="Microsoft.AspNetCore.Components.Routing.RouteTableFactoryTests.CanMatchParameterWithConstraint(template: &quot;/{value:guid}&quot;, contextUrl: &quot;/1FCEF085-884F-416E-B0A1-71B15F3E206B&quot;, convertedValue: 1fcef085-884f-416e-b0a1-71b15f3e206b)" computerName="pkrvmbietmlfzoi" duration="00:00:00.0047912" startTime="2025-07-02T22:04:17.6527484+00:00" endTime="2025-07-02T22:04:17.6536260+00:00" testType="13cdc9d9-ddb5-4fa4-a97d-d965ccfc6d4b" outcome="Passed" testListId="8c84fa94-04c1-424b-9868-57a2d4851a1d" relativeResultsDirectory="5ed19cc7-53cf-48c4-bcb1-6c2493775781" />
    <UnitTestResult executionId="c2ba74dd-6295-4b74-bdd3-e36f1c3fa468" testId="82af7b2a-73d0-b8d4-1f6b-6e92f5eadad4" testName="Microsoft.AspNetCore.Components.Rendering.RenderTreeBuilderTest.CannotAddNamedEventWithEmptyAssignedName" computerName="pkrvmbietmlfzoi" duration="00:00:00.0005526" startTime="2025-07-02T22:04:17.9242436+00:00" endTime="2025-07-02T22:04:17.9245034+00:00" testType="13cdc9d9-ddb5-4fa4-a97d-d965ccfc6d4b" outcome="Passed" testListId="8c84fa94-04c1-424b-9868-57a2d4851a1d" relativeResultsDirectory="c2ba74dd-6295-4b74-bdd3-e36f1c3fa468" />
    <UnitTestResult executionId="1dcd1926-6964-4c55-9303-6480dc39a503" testId="f91e0c9e-d619-e37a-3c56-d24e6f6ed939" testName="AlwaysTestTests.SuccessfulTests.GuaranteedUnquarantinedTest" computerName="pkrvmbietmlfzoi" duration="00:00:00.0000969" startTime="2025-07-02T22:04:17.4160321+00:00" endTime="2025-07-02T22:04:17.4161352+00:00" testType="13cdc9d9-ddb5-4fa4-a97d-d965ccfc6d4b" outcome="Passed" testListId="8c84fa94-04c1-424b-9868-57a2d4851a1d" relativeResultsDirectory="1dcd1926-6964-4c55-9303-6480dc39a503" />
    <UnitTestResult executionId="2e79539b-27f6-4f79-b2d5-14df05c29e12" testId="ce19970c-89c6-247b-5f9d-7ca92d5da0a2" testName="Microsoft.AspNetCore.Components.Test.RendererTest.DisposesEventHandlersWhenAttributeRemoved" computerName="pkrvmbietmlfzoi" duration="00:00:00.0011172" startTime="2025-07-02T22:04:19.3340446+00:00" endTime="2025-07-02T22:04:19.3341616+00:00" testType="13cdc9d9-ddb5-4fa4-a97d-d965ccfc6d4b" outcome="Passed" testListId="8c84fa94-04c1-424b-9868-57a2d4851a1d" relativeResultsDirectory="2e79539b-27f6-4f79-b2d5-14df05c29e12" />
    <UnitTestResult executionId="36476e29-2cb2-46f7-be80-3e4ce83c5dc0" testId="cf549936-52a3-4b21-d1d1-628304e30406" testName="Microsoft.AspNetCore.Components.EventCallbackTest.EventCallbackOfT_Default" computerName="pkrvmbietmlfzoi" duration="00:00:00.0028950" startTime="2025-07-02T22:04:17.9383995+00:00" endTime="2025-07-02T22:04:17.9404166+00:00" testType="13cdc9d9-ddb5-4fa4-a97d-d965ccfc6d4b" outcome="Passed" testListId="8c84fa94-04c1-424b-9868-57a2d4851a1d" relativeResultsDirectory="36476e29-2cb2-46f7-be80-3e4ce83c5dc0" />
    <UnitTestResult executionId="96dd1ac4-cdc5-4b0b-9d45-80da49149eb5" testId="59bb740e-62bd-14a9-cba6-69f8641edd15" testName="Microsoft.AspNetCore.Components.ParameterViewTest.IncomingParameterMatchesInheritedDeclaredParameter_SetsValue" computerName="pkrvmbietmlfzoi" duration="00:00:00.0009976" startTime="2025-07-02T22:04:17.5725804+00:00" endTime="2025-07-02T22:04:17.5756412+00:00" testType="13cdc9d9-ddb5-4fa4-a97d-d965ccfc6d4b" outcome="Passed" testListId="8c84fa94-04c1-424b-9868-57a2d4851a1d" relativeResultsDirectory="96dd1ac4-cdc5-4b0b-9d45-80da49149eb5" />
    <UnitTestResult executionId="0b2cb73f-60f2-4271-b394-b86114515023" testId="2ebc00b9-91b7-bb71-2558-ae98f538fcea" testName="Microsoft.AspNetCore.Components.Routing.RouteTableFactoryTests.DoesNotThrowForNonAmbiguousRoutes(first: &quot;{optional?}&quot;, second: &quot;{optional:int?}&quot;)" computerName="pkrvmbietmlfzoi" duration="00:00:00.0002888" startTime="2025-07-02T22:04:17.5592336+00:00" endTime="2025-07-02T22:04:17.5595196+00:00" testType="13cdc9d9-ddb5-4fa4-a97d-d965ccfc6d4b" outcome="Passed" testListId="8c84fa94-04c1-424b-9868-57a2d4851a1d" relativeResultsDirectory="0b2cb73f-60f2-4271-b394-b86114515023" />
    <UnitTestResult executionId="a9a3f991-a055-42a3-a982-db7617700293" testId="4f08908f-6f68-d8e0-d4e8-a1ffc5e1e134" testName="Microsoft.AspNetCore.Components.Rendering.RendererSynchronizationContextTest.InvokeAsync_FuncT_CanRunAsynchronously_WhenBusy" computerName="pkrvmbietmlfzoi" duration="00:00:00.0025442" startTime="2025-07-02T22:04:17.9709773+00:00" endTime="2025-07-02T22:04:17.9728353+00:00" testType="13cdc9d9-ddb5-4fa4-a97d-d965ccfc6d4b" outcome="Passed" testListId="8c84fa94-04c1-424b-9868-57a2d4851a1d" relativeResultsDirectory="a9a3f991-a055-42a3-a982-db7617700293" />
    <UnitTestResult executionId="7787ceb8-dffa-43a7-838a-d4b1fc4c0e0c" testId="bb8878dc-e145-9d91-744b-958cc0c47ea9" testName="Microsoft.AspNetCore.Components.ComponentStatePersistenceManagerTest.PersistStateAsync_InvokesPauseCallbacksDuringPersist" computerName="pkrvmbietmlfzoi" duration="00:00:00.0016449" startTime="2025-07-02T22:04:17.9848716+00:00" endTime="2025-07-02T22:04:17.9855317+00:00" testType="13cdc9d9-ddb5-4fa4-a97d-d965ccfc6d4b" outcome="Passed" testListId="8c84fa94-04c1-424b-9868-57a2d4851a1d" relativeResultsDirectory="7787ceb8-dffa-43a7-838a-d4b1fc4c0e0c" />
    <UnitTestResult executionId="19f22f82-905d-45d2-a567-ec8a9c4b5469" testId="414507dc-3be0-3ccc-90b9-ff4da80f144d" testName="Microsoft.AspNetCore.Components.Routing.RouteTableFactoryTests.DoesNotThrowForNonAmbiguousRoutes(first: &quot;literal/{optional?}&quot;, second: &quot;literal&quot;)" computerName="pkrvmbietmlfzoi" duration="00:00:00.0012037" startTime="2025-07-02T22:04:17.5597295+00:00" endTime="2025-07-02T22:04:17.5631942+00:00" testType="13cdc9d9-ddb5-4fa4-a97d-d965ccfc6d4b" outcome="Passed" testListId="8c84fa94-04c1-424b-9868-57a2d4851a1d" relativeResultsDirectory="19f22f82-905d-45d2-a567-ec8a9c4b5469" />
    <UnitTestResult executionId="9a41476a-90b2-4f14-a0e9-74c8437f9bc3" testId="cbde4861-efff-1a21-e3b8-4a68847e0b93" testName="Microsoft.AspNetCore.Components.Routing.QueryParameterValueSupplierTest.RejectsUnparseableValues(key: &quot;LongVal&quot;, value: &quot;this+is+a+long+value&quot;, targetType: typeof(long))" computerName="pkrvmbietmlfzoi" duration="00:00:00.0010665" startTime="2025-07-02T22:04:17.6754854+00:00" endTime="2025-07-02T22:04:17.6785980+00:00" testType="13cdc9d9-ddb5-4fa4-a97d-d965ccfc6d4b" outcome="Passed" testListId="8c84fa94-04c1-424b-9868-57a2d4851a1d" relativeResultsDirectory="9a41476a-90b2-4f14-a0e9-74c8437f9bc3" />
    <UnitTestResult executionId="10410890-789e-4a89-b623-89969fe38c32" testId="1250b667-e1e8-611a-db40-3781e90cd16f" testName="Microsoft.AspNetCore.Components.Routing.QueryParameterValueSupplierTest.RejectsUnparseableValues(key: &quot;BoolVal&quot;, value: &quot;abc&quot;, targetType: typeof(bool))" computerName="pkrvmbietmlfzoi" duration="00:00:00.0039266" startTime="2025-07-02T22:04:17.6642048+00:00" endTime="2025-07-02T22:04:17.6656141+00:00" testType="13cdc9d9-ddb5-4fa4-a97d-d965ccfc6d4b" outcome="Passed" testListId="8c84fa94-04c1-424b-9868-57a2d4851a1d" relativeResultsDirectory="10410890-789e-4a89-b623-89969fe38c32" />
    <UnitTestResult executionId="4cb2fcf7-9d8e-4071-82a1-e97055f7989c" testId="45a6eb62-602a-ab67-92d5-7f8fcb36b8a6" testName="Microsoft.AspNetCore.Components.Test.CascadingParameterTest.OmitsSingleDeliveryCascadingParametersWhenUpdatingDirectParameters" computerName="pkrvmbietmlfzoi" duration="00:00:00.0281377" startTime="2025-07-02T22:04:17.6832542+00:00" endTime="2025-07-02T22:04:17.7439317+00:00" testType="13cdc9d9-ddb5-4fa4-a97d-d965ccfc6d4b" outcome="Passed" testListId="8c84fa94-04c1-424b-9868-57a2d4851a1d" relativeResultsDirectory="4cb2fcf7-9d8e-4071-82a1-e97055f7989c" />
    <UnitTestResult executionId="df883ebb-370f-4b93-abed-de8a8ae09507" testId="db18bf83-7d08-becd-54cd-4a4d5b90a1ef" testName="Microsoft.AspNetCore.Components.Test.ComponentBaseTest.RunsOnAfterRenderAsync_AfterRenderingCompletes" computerName="pkrvmbietmlfzoi" duration="00:00:00.0125157" startTime="2025-07-02T22:04:17.9681377+00:00" endTime="2025-07-02T22:04:17.9750796+00:00" testType="13cdc9d9-ddb5-4fa4-a97d-d965ccfc6d4b" outcome="Passed" testListId="8c84fa94-04c1-424b-9868-57a2d4851a1d" relativeResultsDirectory="df883ebb-370f-4b93-abed-de8a8ae09507" />
    <UnitTestResult executionId="4e63af14-cc50-4a9f-b6b8-906e0051425c" testId="2943dfdf-2f06-d9ad-1778-0311c3a01625" testName="Microsoft.AspNetCore.Components.BindConverterTest.FormatValue_NullableEnum" computerName="pkrvmbietmlfzoi" duration="00:00:00.0024741" startTime="2025-07-02T22:04:17.4448546+00:00" endTime="2025-07-02T22:04:17.4451906+00:00" testType="13cdc9d9-ddb5-4fa4-a97d-d965ccfc6d4b" outcome="Passed" testListId="8c84fa94-04c1-424b-9868-57a2d4851a1d" relativeResultsDirectory="4e63af14-cc50-4a9f-b6b8-906e0051425c" />
    <UnitTestResult executionId="2003a489-e0bb-45ef-a514-f87c48216b0f" testId="4d50b4bc-fb20-4b15-c696-86312cc6655b" testName="Microsoft.AspNetCore.Components.Rendering.RenderTreeBuilderTest.CannotAddDelegateAttributeAtRoot" computerName="pkrvmbietmlfzoi" duration="00:00:00.0003667" startTime="2025-07-02T22:04:17.7303349+00:00" endTime="2025-07-02T22:04:17.7312285+00:00" testType="13cdc9d9-ddb5-4fa4-a97d-d965ccfc6d4b" outcome="Passed" testListId="8c84fa94-04c1-424b-9868-57a2d4851a1d" relativeResultsDirectory="2003a489-e0bb-45ef-a514-f87c48216b0f" />
    <UnitTestResult executionId="0e7fffcf-5e20-45c0-8123-401c372571fb" testId="2d0ea633-5488-4931-b804-e7b6590d4f90" testName="Microsoft.AspNetCore.Components.Test.RenderTreeDiffBuilderTest.RecognizesTrailingLoopBlockBeingRemoved" computerName="pkrvmbietmlfzoi" duration="00:00:00.0005383" startTime="2025-07-02T22:04:17.9535227+00:00" endTime="2025-07-02T22:04:17.9536356+00:00" testType="13cdc9d9-ddb5-4fa4-a97d-d965ccfc6d4b" outcome="Passed" testListId="8c84fa94-04c1-424b-9868-57a2d4851a1d" relativeResultsDirectory="0e7fffcf-5e20-45c0-8123-401c372571fb" />
    <UnitTestResult executionId="a4765819-cfc9-456e-b422-872ac2d508c8" testId="c11dedad-15e2-9e12-a188-c6cb13823fc3" testName="Microsoft.AspNetCore.Components.Test.RendererTest.EventDispatching_EventCallbackOfT_AsyncNoTargetLambda" computerName="pkrvmbietmlfzoi" duration="00:00:00.0010315" startTime="2025-07-02T22:04:19.2831495+00:00" endTime="2025-07-02T22:04:19.2832668+00:00" testType="13cdc9d9-ddb5-4fa4-a97d-d965ccfc6d4b" outcome="Passed" testListId="8c84fa94-04c1-424b-9868-57a2d4851a1d" relativeResultsDirectory="a4765819-cfc9-456e-b422-872ac2d508c8" />
    <UnitTestResult executionId="ba6bcb8a-3757-4271-8fd0-bbbbc027ee9a" testId="6eaa29cd-811f-a088-f961-9aa873e71333" testName="Microsoft.AspNetCore.Components.EventCallbackFactoryBinderExtensionsTest.CreateBinder_NumericType_WithCurrentCulture" computerName="pkrvmbietmlfzoi" duration="00:00:00.0010000" startTime="2025-07-02T22:04:17.9185950+00:00" endTime="2025-07-02T22:04:17.9186367+00:00" testType="13cdc9d9-ddb5-4fa4-a97d-d965ccfc6d4b" outcome="NotExecuted" testListId="8c84fa94-04c1-424b-9868-57a2d4851a1d" relativeResultsDirectory="ba6bcb8a-3757-4271-8fd0-bbbbc027ee9a">
      <Output>
        <ErrorInfo>
          <Message>https://github.com/dotnet/aspnetcore/issues/30312</Message>
        </ErrorInfo>
      </Output>
    </UnitTestResult>
    <UnitTestResult executionId="91fb02ee-3e16-43a1-ba1e-f0e21f117a1a" testId="3698c6b7-6630-413e-1b3f-319af5a7b08f" testName="Microsoft.AspNetCore.Components.RenderTree.StackObjectPoolTest.CannotReturnWhenEmpty" computerName="pkrvmbietmlfzoi" duration="00:00:00.0010853" startTime="2025-07-02T22:04:17.3987597+00:00" endTime="2025-07-02T22:04:17.4017659+00:00" testType="13cdc9d9-ddb5-4fa4-a97d-d965ccfc6d4b" outcome="Passed" testListId="8c84fa94-04c1-424b-9868-57a2d4851a1d" relativeResultsDirectory="91fb02ee-3e16-43a1-ba1e-f0e21f117a1a" />
    <UnitTestResult executionId="3da9478e-f665-4071-9f2b-96534e8fc649" testId="ca99137b-df68-d280-f2c9-882df5bb713d" testName="Microsoft.AspNetCore.Components.Test.RendererTest.DisposingRenderer_DisposesNestedComponents" computerName="pkrvmbietmlfzoi" duration="00:00:00.0009683" startTime="2025-07-02T22:04:17.9873292+00:00" endTime="2025-07-02T22:04:17.9879466+00:00" testType="13cdc9d9-ddb5-4fa4-a97d-d965ccfc6d4b" outcome="Passed" testListId="8c84fa94-04c1-424b-9868-57a2d4851a1d" relativeResultsDirectory="3da9478e-f665-4071-9f2b-96534e8fc649" />
    <UnitTestResult executionId="527bf9c4-e43c-4159-877a-fe2c71d846f7" testId="144e5bca-3bfc-6367-398d-edab10c2d420" testName="Microsoft.AspNetCore.Components.Rendering.RenderTreeBuilderTest.ProcessDuplicateAttributes_CanRemoveOverwrittenAttributes" computerName="pkrvmbietmlfzoi" duration="00:00:00.0007951" startTime="2025-07-02T22:04:17.9539322+00:00" endTime="2025-07-02T22:04:17.9545790+00:00" testType="13cdc9d9-ddb5-4fa4-a97d-d965ccfc6d4b" outcome="Passed" testListId="8c84fa94-04c1-424b-9868-57a2d4851a1d" relativeResultsDirectory="527bf9c4-e43c-4159-877a-fe2c71d846f7" />
    <UnitTestResult executionId="9984d77a-2dff-4012-b666-1bbf5ed14591" testId="0ca21471-e267-80e4-d04f-8d936d7fe489" testName="Microsoft.AspNetCore.Components.RenderTree.ArrayBuilderTest.Append_FillBuffer" computerName="pkrvmbietmlfzoi" duration="00:00:00.0006868" startTime="2025-07-02T22:04:17.3533710+00:00" endTime="2025-07-02T22:04:17.3534822+00:00" testType="13cdc9d9-ddb5-4fa4-a97d-d965ccfc6d4b" outcome="Passed" testListId="8c84fa94-04c1-424b-9868-57a2d4851a1d" relativeResultsDirectory="9984d77a-2dff-4012-b666-1bbf5ed14591" />
    <UnitTestResult executionId="98d68b86-dd30-40f3-aea6-b94ab0572b79" testId="c680db2f-0852-0119-fe23-410188617f76" testName="Microsoft.AspNetCore.Components.PersistentState.PersistentServicesRegistryTest.PersistStateAsync_PersistsServiceProperties" computerName="pkrvmbietmlfzoi" duration="00:00:00.0012844" startTime="2025-07-02T22:04:17.4074542+00:00" endTime="2025-07-02T22:04:17.4078385+00:00" testType="13cdc9d9-ddb5-4fa4-a97d-d965ccfc6d4b" outcome="Passed" testListId="8c84fa94-04c1-424b-9868-57a2d4851a1d" relativeResultsDirectory="98d68b86-dd30-40f3-aea6-b94ab0572b79" />
    <UnitTestResult executionId="dd9e0bba-195f-4e5d-9ae8-89b5820d3c99" testId="740b1f60-e42d-66de-0684-ebbdaabbfdda" testName="Microsoft.AspNetCore.Components.Test.RendererTest.ExceptionsDispatchedOffSyncContextCanBeHandledAsync" computerName="pkrvmbietmlfzoi" duration="00:00:00.0020435" startTime="2025-07-02T22:04:19.3120433+00:00" endTime="2025-07-02T22:04:19.3143845+00:00" testType="13cdc9d9-ddb5-4fa4-a97d-d965ccfc6d4b" outcome="Passed" testListId="8c84fa94-04c1-424b-9868-57a2d4851a1d" relativeResultsDirectory="dd9e0bba-195f-4e5d-9ae8-89b5820d3c99" />
    <UnitTestResult executionId="af330c9a-f57b-49b1-b907-3c196602bb93" testId="07425356-3fde-058a-6d9d-00d12485716f" testName="Microsoft.AspNetCore.Components.Test.RendererTest.DispatchEventAsync_EventCallback_AsynchronousCancellation" computerName="pkrvmbietmlfzoi" duration="00:00:00.0021762" startTime="2025-07-02T22:04:18.2052149+00:00" endTime="2025-07-02T22:04:18.2077851+00:00" testType="13cdc9d9-ddb5-4fa4-a97d-d965ccfc6d4b" outcome="Passed" testListId="8c84fa94-04c1-424b-9868-57a2d4851a1d" relativeResultsDirectory="af330c9a-f57b-49b1-b907-3c196602bb93" />
    <UnitTestResult executionId="d0deed60-b8e8-4112-aa84-a5f0ef27682c" testId="857ab7bb-3ad0-7e08-c32d-813858211a68" testName="Microsoft.AspNetCore.Components.Routing.RouteTableFactoryTests.DoesNotThrowForNonAmbiguousRoutes(first: &quot;literal/{optional?}&quot;, second: &quot;/&quot;)" computerName="pkrvmbietmlfzoi" duration="00:00:00.0003249" startTime="2025-07-02T22:04:17.5678004+00:00" endTime="2025-07-02T22:04:17.5680358+00:00" testType="13cdc9d9-ddb5-4fa4-a97d-d965ccfc6d4b" outcome="Passed" testListId="8c84fa94-04c1-424b-9868-57a2d4851a1d" relativeResultsDirectory="d0deed60-b8e8-4112-aa84-a5f0ef27682c" />
    <UnitTestResult executionId="62b275e9-3926-473f-9e45-1a3831744da5" testId="5e406764-b5e8-cb5c-9f62-c70a353e7da5" testName="Microsoft.AspNetCore.Components.Routing.QueryParameterValueSupplierTest.MatchesKeysCaseInsensitively" computerName="pkrvmbietmlfzoi" duration="00:00:00.0001444" startTime="2025-07-02T22:04:17.9080140+00:00" endTime="2025-07-02T22:04:17.9085003+00:00" testType="13cdc9d9-ddb5-4fa4-a97d-d965ccfc6d4b" outcome="Passed" testListId="8c84fa94-04c1-424b-9868-57a2d4851a1d" relativeResultsDirectory="62b275e9-3926-473f-9e45-1a3831744da5" />
    <UnitTestResult executionId="4d918915-d5b2-41bf-bab0-250d3af1cf4f" testId="5d3d84cf-038c-4965-b983-fb6337668672" testName="Microsoft.AspNetCore.Components.Routing.RoutePatternParserTests.Parse_SingleLiteral" computerName="pkrvmbietmlfzoi" duration="00:00:00.0040526" startTime="2025-07-02T22:04:17.8602376+00:00" endTime="2025-07-02T22:04:17.8654616+00:00" testType="13cdc9d9-ddb5-4fa4-a97d-d965ccfc6d4b" outcome="Passed" testListId="8c84fa94-04c1-424b-9868-57a2d4851a1d" relativeResultsDirectory="4d918915-d5b2-41bf-bab0-250d3af1cf4f" />
    <UnitTestResult executionId="12be6058-0f08-4d6b-b9b7-3ba63c010554" testId="455deff3-36a6-ac26-6b9e-60f872099d3b" testName="Microsoft.AspNetCore.Components.Rendering.RendererSynchronizationContextTest.Send_CanRunSynchronously_Exception" computerName="pkrvmbietmlfzoi" duration="00:00:00.0006079" startTime="2025-07-02T22:04:17.4481030+00:00" endTime="2025-07-02T22:04:17.4482005+00:00" testType="13cdc9d9-ddb5-4fa4-a97d-d965ccfc6d4b" outcome="Passed" testListId="8c84fa94-04c1-424b-9868-57a2d4851a1d" relativeResultsDirectory="12be6058-0f08-4d6b-b9b7-3ba63c010554" />
    <UnitTestResult executionId="e6ae73fb-8c89-4c4c-ab5a-2ebd036f4821" testId="bfa96954-1ade-7432-e2dc-f4228361eb7e" testName="Microsoft.AspNetCore.Components.Test.RendererTest.CanReRenderTopLevelComponents" computerName="pkrvmbietmlfzoi" duration="00:00:00.0008412" startTime="2025-07-02T22:04:17.9977872+00:00" endTime="2025-07-02T22:04:17.9980729+00:00" testType="13cdc9d9-ddb5-4fa4-a97d-d965ccfc6d4b" outcome="Passed" testListId="8c84fa94-04c1-424b-9868-57a2d4851a1d" relativeResultsDirectory="e6ae73fb-8c89-4c4c-ab5a-2ebd036f4821" />
    <UnitTestResult executionId="dff1a372-ae86-4796-bcb7-31e12f9451be" testId="2213bde3-f5cd-cd4e-100a-68f771ca1d40" testName="Microsoft.AspNetCore.Components.RenderTree.ArrayBuilderTest.Dispose_ThrowsOnReuse" computerName="pkrvmbietmlfzoi" duration="00:00:00.0008805" startTime="2025-07-02T22:04:17.3656789+00:00" endTime="2025-07-02T22:04:17.3684439+00:00" testType="13cdc9d9-ddb5-4fa4-a97d-d965ccfc6d4b" outcome="Passed" testListId="8c84fa94-04c1-424b-9868-57a2d4851a1d" relativeResultsDirectory="dff1a372-ae86-4796-bcb7-31e12f9451be" />
    <UnitTestResult executionId="df9c9421-a4df-406d-9e8e-d130418cddff" testId="1e7170e4-ab6a-5b56-5e8c-459d5697bd4d" testName="Microsoft.AspNetCore.Components.Test.RendererTest.BindWithAfter" computerName="pkrvmbietmlfzoi" duration="00:00:00.0010536" startTime="2025-07-02T22:04:19.3336485+00:00" endTime="2025-07-02T22:04:19.3337727+00:00" testType="13cdc9d9-ddb5-4fa4-a97d-d965ccfc6d4b" outcome="Passed" testListId="8c84fa94-04c1-424b-9868-57a2d4851a1d" relativeResultsDirectory="df9c9421-a4df-406d-9e8e-d130418cddff" />
    <UnitTestResult executionId="5eff64f6-39be-4bd7-90db-299a33edb139" testId="51ef1f70-2175-71d2-bd28-ab21ba2bf2f6" testName="Microsoft.AspNetCore.Components.Routing.QueryParameterValueSupplierTest.RejectsBlankArrayEntriesWhenNotNullable(key: &quot;IntVals&quot;, targetType: typeof(int))" computerName="pkrvmbietmlfzoi" duration="00:00:00.0000405" startTime="2025-07-02T22:04:17.7264859+00:00" endTime="2025-07-02T22:04:17.7267669+00:00" testType="13cdc9d9-ddb5-4fa4-a97d-d965ccfc6d4b" outcome="Passed" testListId="8c84fa94-04c1-424b-9868-57a2d4851a1d" relativeResultsDirectory="5eff64f6-39be-4bd7-90db-299a33edb139" />
    <UnitTestResult executionId="c1a0d687-34ca-4378-b314-448e570f493a" testId="80702847-7610-090e-ea03-2730d2b1ccc6" testName="Microsoft.AspNetCore.Components.Rendering.RenderTreeBuilderTest.AddAttribute_Element_EventCallbackWithReceiverOfT_AddsFrame" computerName="pkrvmbietmlfzoi" duration="00:00:00.0007646" startTime="2025-07-02T22:04:17.9535002+00:00" endTime="2025-07-02T22:04:17.9538153+00:00" testType="13cdc9d9-ddb5-4fa4-a97d-d965ccfc6d4b" outcome="Passed" testListId="8c84fa94-04c1-424b-9868-57a2d4851a1d" relativeResultsDirectory="c1a0d687-34ca-4378-b314-448e570f493a" />
    <UnitTestResult executionId="962a9384-b2e0-4778-92e8-7991b0ea2aa4" testId="9b225c63-356b-e16a-fc81-e64c040fb2d2" testName="Microsoft.AspNetCore.Components.BindConverterTest.FormatValue_DateOnly" computerName="pkrvmbietmlfzoi" duration="00:00:00.0005151" startTime="2025-07-02T22:04:17.4147291+00:00" endTime="2025-07-02T22:04:17.4151785+00:00" testType="13cdc9d9-ddb5-4fa4-a97d-d965ccfc6d4b" outcome="Passed" testListId="8c84fa94-04c1-424b-9868-57a2d4851a1d" relativeResultsDirectory="962a9384-b2e0-4778-92e8-7991b0ea2aa4" />
    <UnitTestResult executionId="27b5cf27-959c-4260-a5ce-9f800de2bc78" testId="0f48d723-a81b-fecc-2322-8b85ba6e23e5" testName="Microsoft.AspNetCore.Components.CascadingParameterStateTest.FindCascadingParameters_MatchingNameAndType_ReturnsMatches" computerName="pkrvmbietmlfzoi" duration="00:00:00.0005325" startTime="2025-07-02T22:04:17.4959007+00:00" endTime="2025-07-02T22:04:17.4995412+00:00" testType="13cdc9d9-ddb5-4fa4-a97d-d965ccfc6d4b" outcome="Passed" testListId="8c84fa94-04c1-424b-9868-57a2d4851a1d" relativeResultsDirectory="27b5cf27-959c-4260-a5ce-9f800de2bc78" />
    <UnitTestResult executionId="2528ffc4-e465-4054-9fd0-755fa15b85d0" testId="f7e32a31-f56c-1976-c253-135477df6b1a" testName="Microsoft.AspNetCore.Components.CascadingParameterStateTest.FindCascadingParameters_IfHasNoCascadingParameters_ReturnsEmpty" computerName="pkrvmbietmlfzoi" duration="00:00:00.0031091" startTime="2025-07-02T22:04:17.5041557+00:00" endTime="2025-07-02T22:04:17.5086002+00:00" testType="13cdc9d9-ddb5-4fa4-a97d-d965ccfc6d4b" outcome="Passed" testListId="8c84fa94-04c1-424b-9868-57a2d4851a1d" relativeResultsDirectory="2528ffc4-e465-4054-9fd0-755fa15b85d0" />
    <UnitTestResult executionId="2b979916-7cb7-4265-80ae-aa8bf63b432b" testId="613e6019-e82f-f557-0d4e-4161a7225b12" testName="Microsoft.AspNetCore.Components.Rendering.RenderTreeBuilderTest.CannotAddAttributeToRegion" computerName="pkrvmbietmlfzoi" duration="00:00:00.0003457" startTime="2025-07-02T22:04:17.8877336+00:00" endTime="2025-07-02T22:04:17.8883142+00:00" testType="13cdc9d9-ddb5-4fa4-a97d-d965ccfc6d4b" outcome="Passed" testListId="8c84fa94-04c1-424b-9868-57a2d4851a1d" relativeResultsDirectory="2b979916-7cb7-4265-80ae-aa8bf63b432b" />
    <UnitTestResult executionId="47c46ffc-09b0-4df9-9d35-d72cdb9b5a82" testId="a53cdb8f-0eeb-bbc0-8bdb-0a81a10f20f1" testName="Microsoft.AspNetCore.Components.Routing.QueryParameterValueSupplierTest.RejectsBlankArrayEntriesWhenNotNullable(key: &quot;LongVals&quot;, targetType: typeof(long))" computerName="pkrvmbietmlfzoi" duration="00:00:00.0000402" startTime="2025-07-02T22:04:17.7299687+00:00" endTime="2025-07-02T22:04:17.7304785+00:00" testType="13cdc9d9-ddb5-4fa4-a97d-d965ccfc6d4b" outcome="Passed" testListId="8c84fa94-04c1-424b-9868-57a2d4851a1d" relativeResultsDirectory="47c46ffc-09b0-4df9-9d35-d72cdb9b5a82" />
    <UnitTestResult executionId="62d2db76-2a74-4ef8-8354-431302cafa2a" testId="2fc54058-f464-97bf-4a82-d4ba6aff7f34" testName="Microsoft.AspNetCore.Components.RenderTree.ArrayBuilderTest.Dispose_NonEmptyBufferIsReturned" computerName="pkrvmbietmlfzoi" duration="00:00:00.0004443" startTime="2025-07-02T22:04:17.3579336+00:00" endTime="2025-07-02T22:04:17.3649398+00:00" testType="13cdc9d9-ddb5-4fa4-a97d-d965ccfc6d4b" outcome="Passed" testListId="8c84fa94-04c1-424b-9868-57a2d4851a1d" relativeResultsDirectory="62d2db76-2a74-4ef8-8354-431302cafa2a" />
    <UnitTestResult executionId="c9f4c48f-b10b-4bed-90b7-ae4d6e42a861" testId="d1b803ed-41f9-6daf-3119-a33a83bf72ba" testName="Microsoft.AspNetCore.Components.Test.CascadingParameterTest.DoesNotNotifyDescendantsOfUpdatedCascadingParameterValuesWhenFixed" computerName="pkrvmbietmlfzoi" duration="00:00:00.0057000" startTime="2025-07-02T22:04:17.6204853+00:00" endTime="2025-07-02T22:04:17.6211021+00:00" testType="13cdc9d9-ddb5-4fa4-a97d-d965ccfc6d4b" outcome="Passed" testListId="8c84fa94-04c1-424b-9868-57a2d4851a1d" relativeResultsDirectory="c9f4c48f-b10b-4bed-90b7-ae4d6e42a861" />
    <UnitTestResult executionId="d08fa921-6d05-4aa8-a80d-44abbdb885c1" testId="1520d318-c5d5-7cb9-aea5-f24056a340d4" testName="Microsoft.AspNetCore.Components.ComponentApplicationStateTest.PersistState_SavesDataToTheStoreAsync" computerName="pkrvmbietmlfzoi" duration="00:00:00.0307887" startTime="2025-07-02T22:04:17.5818474+00:00" endTime="2025-07-02T22:04:17.5870827+00:00" testType="13cdc9d9-ddb5-4fa4-a97d-d965ccfc6d4b" outcome="Passed" testListId="8c84fa94-04c1-424b-9868-57a2d4851a1d" relativeResultsDirectory="d08fa921-6d05-4aa8-a80d-44abbdb885c1" />
    <UnitTestResult executionId="b188e52f-bfa0-4659-87a1-f2c53ae48094" testId="44b7d3e3-203a-30d8-5239-484d4606593c" testName="Microsoft.AspNetCore.Components.Routing.RouterTest.CanRunOnNavigateAsync" computerName="pkrvmbietmlfzoi" duration="00:00:00.0050651" startTime="2025-07-02T22:04:17.6890173+00:00" endTime="2025-07-02T22:04:17.7125178+00:00" testType="13cdc9d9-ddb5-4fa4-a97d-d965ccfc6d4b" outcome="Passed" testListId="8c84fa94-04c1-424b-9868-57a2d4851a1d" relativeResultsDirectory="b188e52f-bfa0-4659-87a1-f2c53ae48094" />
    <UnitTestResult executionId="67a627c4-e6af-4261-94bb-7c0a8e31d9e2" testId="c35a814e-9384-7acc-ddbe-abf15dd24711" testName="Microsoft.AspNetCore.Components.Rendering.RenderTreeBuilderTest.ProcessDuplicateAttributes_DoesNotRemoveDuplicatesWithoutAddMultipleAttributes" computerName="pkrvmbietmlfzoi" duration="00:00:00.0007153" startTime="2025-07-02T22:04:17.9119735+00:00" endTime="2025-07-02T22:04:17.9139256+00:00" testType="13cdc9d9-ddb5-4fa4-a97d-d965ccfc6d4b" outcome="Passed" testListId="8c84fa94-04c1-424b-9868-57a2d4851a1d" relativeResultsDirectory="67a627c4-e6af-4261-94bb-7c0a8e31d9e2" />
    <UnitTestResult executionId="7933ecaa-bf45-456c-8df5-31bd4321360c" testId="07b9b62b-6ccb-9e5f-65bf-12a815afe446" testName="Microsoft.AspNetCore.Components.Routing.QueryParameterValueSupplierTest.RejectsUnparseableArrayEntries(key: &quot;NullableLongVals&quot;, validValue: &quot;-1234&quot;, invalidValue: &quot;this+is+a+long+value&quot;, targetType: typeof(long?))" computerName="pkrvmbietmlfzoi" duration="00:00:00.0000552" startTime="2025-07-02T22:04:17.7565378+00:00" endTime="2025-07-02T22:04:17.7572865+00:00" testType="13cdc9d9-ddb5-4fa4-a97d-d965ccfc6d4b" outcome="Passed" testListId="8c84fa94-04c1-424b-9868-57a2d4851a1d" relativeResultsDirectory="7933ecaa-bf45-456c-8df5-31bd4321360c" />
    <UnitTestResult executionId="7b0b84bf-86aa-42f4-9a9b-4a44b47569e7" testId="67768116-f076-e001-d8f2-271ba84d3cfa" testName="Microsoft.AspNetCore.Components.Test.RenderTreeDiffBuilderTest.RecognizesAttributeEventHandlerValuesChanged" computerName="pkrvmbietmlfzoi" duration="00:00:00.0201804" startTime="2025-07-02T22:04:17.9319900+00:00" endTime="2025-07-02T22:04:17.9469233+00:00" testType="13cdc9d9-ddb5-4fa4-a97d-d965ccfc6d4b" outcome="Passed" testListId="8c84fa94-04c1-424b-9868-57a2d4851a1d" relativeResultsDirectory="7b0b84bf-86aa-42f4-9a9b-4a44b47569e7" />
    <UnitTestResult executionId="f6a9c5d5-247c-478a-850c-695dbb0aa87f" testId="2e57ef53-c2e9-8040-187f-67a50519993b" testName="Microsoft.AspNetCore.Components.Rendering.RendererSynchronizationContextTest.InvokeAsync_FuncT_CanRethrowExceptions" computerName="pkrvmbietmlfzoi" duration="00:00:00.0018224" startTime="2025-07-02T22:04:17.9781005+00:00" endTime="2025-07-02T22:04:17.9800020+00:00" testType="13cdc9d9-ddb5-4fa4-a97d-d965ccfc6d4b" outcome="Passed" testListId="8c84fa94-04c1-424b-9868-57a2d4851a1d" relativeResultsDirectory="f6a9c5d5-247c-478a-850c-695dbb0aa87f" />
    <UnitTestResult executionId="d23c2003-2b17-4ed5-9d48-88664a4503df" testId="9c89cd6d-d0ec-0e61-e3f4-1bacae62a4a6" testName="Microsoft.AspNetCore.Components.Routing.QueryParameterValueSupplierTest.SuppliesEmptyArrayForArrayTypesIfNotSpecified(query: &quot;?&quot;)" computerName="pkrvmbietmlfzoi" duration="00:00:00.0737387" startTime="2025-07-02T22:04:17.6111236+00:00" endTime="2025-07-02T22:04:17.6540323+00:00" testType="13cdc9d9-ddb5-4fa4-a97d-d965ccfc6d4b" outcome="Passed" testListId="8c84fa94-04c1-424b-9868-57a2d4851a1d" relativeResultsDirectory="d23c2003-2b17-4ed5-9d48-88664a4503df" />
    <UnitTestResult executionId="c5052f02-317b-4507-a6f4-af5abfb57612" testId="6db8271f-c9b5-a6ce-d08a-ae04c8c1e851" testName="Microsoft.AspNetCore.Components.PersistentStateValueProviderTests.PersistAsync_UsesParentComponentType_WhenAvailable" computerName="pkrvmbietmlfzoi" duration="00:00:00.0016299" startTime="2025-07-02T22:04:17.3929758+00:00" endTime="2025-07-02T22:04:17.3931808+00:00" testType="13cdc9d9-ddb5-4fa4-a97d-d965ccfc6d4b" outcome="Passed" testListId="8c84fa94-04c1-424b-9868-57a2d4851a1d" relativeResultsDirectory="c5052f02-317b-4507-a6f4-af5abfb57612" />
    <UnitTestResult executionId="1fc91a65-d81d-4504-abe7-76a147346624" testId="6e7b248d-c90d-f81a-ea63-9c387347b88e" testName="Microsoft.AspNetCore.Components.Routing.QueryParameterValueSupplierTest.RejectsUnparseableArrayEntries(key: &quot;NullableBoolVals&quot;, validValue: &quot;true&quot;, invalidValue: &quot;abc&quot;, targetType: typeof(bool?))" computerName="pkrvmbietmlfzoi" duration="00:00:00.0000538" startTime="2025-07-02T22:04:17.7530559+00:00" endTime="2025-07-02T22:04:17.7531057+00:00" testType="13cdc9d9-ddb5-4fa4-a97d-d965ccfc6d4b" outcome="Passed" testListId="8c84fa94-04c1-424b-9868-57a2d4851a1d" relativeResultsDirectory="1fc91a65-d81d-4504-abe7-76a147346624" />
    <UnitTestResult executionId="1c4b12ee-c2ee-4fe4-948d-a19b8344989d" testId="bafc1b18-901e-604e-9096-697e3b69b6aa" testName="Microsoft.AspNetCore.Components.Routing.RouteTableFactoryTests.DetectsAmbiguousRoutes(left: &quot;/literal/{parameter}&quot;, right: &quot;/Literal/{something}&quot;)" computerName="pkrvmbietmlfzoi" duration="00:00:00.0003681" startTime="2025-07-02T22:04:17.8039517+00:00" endTime="2025-07-02T22:04:17.8040446+00:00" testType="13cdc9d9-ddb5-4fa4-a97d-d965ccfc6d4b" outcome="Passed" testListId="8c84fa94-04c1-424b-9868-57a2d4851a1d" relativeResultsDirectory="1c4b12ee-c2ee-4fe4-948d-a19b8344989d" />
    <UnitTestResult executionId="f9c8ad0c-f5c0-49b0-87fd-768c9d695e5f" testId="0bbf1396-b361-3879-3d26-d14ab5966a80" testName="Microsoft.AspNetCore.Components.BindConverterTest.FormatValue_Bool" computerName="pkrvmbietmlfzoi" duration="00:00:00.0043501" startTime="2025-07-02T22:04:17.4384525+00:00" endTime="2025-07-02T22:04:17.4446241+00:00" testType="13cdc9d9-ddb5-4fa4-a97d-d965ccfc6d4b" outcome="Passed" testListId="8c84fa94-04c1-424b-9868-57a2d4851a1d" relativeResultsDirectory="f9c8ad0c-f5c0-49b0-87fd-768c9d695e5f" />
    <UnitTestResult executionId="f307ecdb-ba4d-47e8-bd1b-c281549ff37d" testId="b8dcf423-9f57-c2d8-bffc-8be3bb05cf27" testName="Microsoft.AspNetCore.Components.Rendering.RenderTreeBuilderTest.AddAttribute_Component_Bool_SetsAttributeValue(value: False)" computerName="pkrvmbietmlfzoi" duration="00:00:00.0023234" startTime="2025-07-02T22:04:17.7559254+00:00" endTime="2025-07-02T22:04:17.7593942+00:00" testType="13cdc9d9-ddb5-4fa4-a97d-d965ccfc6d4b" outcome="Passed" testListId="8c84fa94-04c1-424b-9868-57a2d4851a1d" relativeResultsDirectory="f307ecdb-ba4d-47e8-bd1b-c281549ff37d" />
    <UnitTestResult executionId="2f599036-c84e-4b1e-b926-11bc86785b80" testId="b7389056-e54c-e5e6-60df-713f01be5ae7" testName="Microsoft.AspNetCore.Components.Test.RendererTest.DispatchEventAsync_EventCallbackOfT_AsynchronousCancellation" computerName="pkrvmbietmlfzoi" duration="00:00:00.0022382" startTime="2025-07-02T22:04:18.0079852+00:00" endTime="2025-07-02T22:04:18.0085551+00:00" testType="13cdc9d9-ddb5-4fa4-a97d-d965ccfc6d4b" outcome="Passed" testListId="8c84fa94-04c1-424b-9868-57a2d4851a1d" relativeResultsDirectory="2f599036-c84e-4b1e-b926-11bc86785b80" />
    <UnitTestResult executionId="cefb8853-54b3-47ce-820a-c88a4dde3f12" testId="ae0b7b88-d28a-0c6a-d7b5-b6074453b325" testName="Microsoft.AspNetCore.Components.Test.RenderTreeDiffBuilderTest.RecognizesOldItemsBeingRemoved" computerName="pkrvmbietmlfzoi" duration="00:00:00.0005424" startTime="2025-07-02T22:04:17.9749882+00:00" endTime="2025-07-02T22:04:17.9753147+00:00" testType="13cdc9d9-ddb5-4fa4-a97d-d965ccfc6d4b" outcome="Passed" testListId="8c84fa94-04c1-424b-9868-57a2d4851a1d" relativeResultsDirectory="cefb8853-54b3-47ce-820a-c88a4dde3f12" />
    <UnitTestResult executionId="20fd38c6-c665-465a-9820-a7d084f4d526" testId="dd3aa683-a087-9abc-3c49-f63b0f664e93" testName="Microsoft.AspNetCore.Components.Rendering.RenderTreeBuilderTest.CanAddMultipleAttributes_ArrayKvpObject" computerName="pkrvmbietmlfzoi" duration="00:00:00.0005046" startTime="2025-07-02T22:04:17.9514567+00:00" endTime="2025-07-02T22:04:17.9530878+00:00" testType="13cdc9d9-ddb5-4fa4-a97d-d965ccfc6d4b" outcome="Passed" testListId="8c84fa94-04c1-424b-9868-57a2d4851a1d" relativeResultsDirectory="20fd38c6-c665-465a-9820-a7d084f4d526" />
    <UnitTestResult executionId="d6e705b5-e09c-4cbd-9bbb-e7c3794b5da0" testId="639b6493-3922-85ca-561c-da1c1afcbd53" testName="Microsoft.AspNetCore.Components.ParameterViewTest.CannotReadAfterLifetimeExpiry" computerName="pkrvmbietmlfzoi" duration="00:00:00.0010131" startTime="2025-07-02T22:04:17.5345466+00:00" endTime="2025-07-02T22:04:17.5351789+00:00" testType="13cdc9d9-ddb5-4fa4-a97d-d965ccfc6d4b" outcome="Passed" testListId="8c84fa94-04c1-424b-9868-57a2d4851a1d" relativeResultsDirectory="d6e705b5-e09c-4cbd-9bbb-e7c3794b5da0" />
    <UnitTestResult executionId="3e4a3f24-d010-4a91-9187-c39364b2fd85" testId="a104a9d0-b4e9-9ca0-b603-eed356ac123f" testName="Microsoft.AspNetCore.Components.Test.RenderTreeDiffBuilderTest.PreservesEventHandlerIdsForRetainedEventHandlers" computerName="pkrvmbietmlfzoi" duration="00:00:00.0005291" startTime="2025-07-02T22:04:18.0064907+00:00" endTime="2025-07-02T22:04:18.0065947+00:00" testType="13cdc9d9-ddb5-4fa4-a97d-d965ccfc6d4b" outcome="Passed" testListId="8c84fa94-04c1-424b-9868-57a2d4851a1d" relativeResultsDirectory="3e4a3f24-d010-4a91-9187-c39364b2fd85" />
    <UnitTestResult executionId="f234ad5a-4536-44c2-8305-21bd72c3a8bd" testId="2e3265ca-ff0c-d0a3-213a-36e37782dcf7" testName="Microsoft.AspNetCore.Components.Test.RendererTest.UpdatesPropertiesOnRetainedChildComponentInstances" computerName="pkrvmbietmlfzoi" duration="00:00:00.0019177" startTime="2025-07-02T22:04:18.0039461+00:00" endTime="2025-07-02T22:04:18.0056131+00:00" testType="13cdc9d9-ddb5-4fa4-a97d-d965ccfc6d4b" outcome="Passed" testListId="8c84fa94-04c1-424b-9868-57a2d4851a1d" relativeResultsDirectory="f234ad5a-4536-44c2-8305-21bd72c3a8bd" />
    <UnitTestResult executionId="094e3344-b5f9-4405-9dab-553a333ad0d0" testId="b3406b45-4f3c-1725-423d-8e8cda3fd2f3" testName="Microsoft.AspNetCore.Components.Rendering.RenderTreeBuilderTest.AddAttribute_Component_EventCallbackOfT_AddsFrame" computerName="pkrvmbietmlfzoi" duration="00:00:00.0039023" startTime="2025-07-02T22:04:17.7800958+00:00" endTime="2025-07-02T22:04:17.7902014+00:00" testType="13cdc9d9-ddb5-4fa4-a97d-d965ccfc6d4b" outcome="Passed" testListId="8c84fa94-04c1-424b-9868-57a2d4851a1d" relativeResultsDirectory="094e3344-b5f9-4405-9dab-553a333ad0d0" />
    <UnitTestResult executionId="f3a51318-0e6a-44a6-af3d-64ef1214967e" testId="9c519711-bd54-8221-1195-949eacd1eb87" testName="Microsoft.AspNetCore.Components.RenderTree.ArrayBuilderTest.Insert_Works" computerName="pkrvmbietmlfzoi" duration="00:00:00.0003066" startTime="2025-07-02T22:04:17.3652792+00:00" endTime="2025-07-02T22:04:17.3654226+00:00" testType="13cdc9d9-ddb5-4fa4-a97d-d965ccfc6d4b" outcome="Passed" testListId="8c84fa94-04c1-424b-9868-57a2d4851a1d" relativeResultsDirectory="f3a51318-0e6a-44a6-af3d-64ef1214967e" />
    <UnitTestResult executionId="3acf0724-6cd4-4d90-99bb-7de8985d17f1" testId="d8cec6a4-98e7-0d31-7b0f-f4d0fcde94ee" testName="Microsoft.AspNetCore.Components.Routing.RouterTest.UsesDefaultNotFoundContentIfNotSpecified" computerName="pkrvmbietmlfzoi" duration="00:00:00.0505131" startTime="2025-07-02T22:04:17.6039922+00:00" endTime="2025-07-02T22:04:17.6405529+00:00" testType="13cdc9d9-ddb5-4fa4-a97d-d965ccfc6d4b" outcome="Passed" testListId="8c84fa94-04c1-424b-9868-57a2d4851a1d" relativeResultsDirectory="3acf0724-6cd4-4d90-99bb-7de8985d17f1" />
    <UnitTestResult executionId="27dd5b8d-0cc2-43aa-bfe5-98fa0339302f" testId="6bd1caa1-a69e-87f9-5b93-e34f3c28efd8" testName="Microsoft.AspNetCore.Components.Routing.RouteTableFactoryTests.DetectsAmbiguousRoutesNoFalsePositives(left: &quot;/literal/literal2/{parameter}&quot;, right: &quot;/literal/literal3/{parameter}&quot;)" computerName="pkrvmbietmlfzoi" duration="00:00:00.0003495" startTime="2025-07-02T22:04:17.8554268+00:00" endTime="2025-07-02T22:04:17.8562721+00:00" testType="13cdc9d9-ddb5-4fa4-a97d-d965ccfc6d4b" outcome="Passed" testListId="8c84fa94-04c1-424b-9868-57a2d4851a1d" relativeResultsDirectory="27dd5b8d-0cc2-43aa-bfe5-98fa0339302f" />
    <UnitTestResult executionId="35347e5e-cd1f-44f4-ac53-8d6ec38cffd0" testId="9638fdd5-3d71-527f-bc37-d7b1340bcf44" testName="Microsoft.AspNetCore.Components.EventCallbackTest.EventCallbackOf_Equals_WhenANewDelegateIsCreated" computerName="pkrvmbietmlfzoi" duration="00:00:00.0013522" startTime="2025-07-02T22:04:17.9436657+00:00" endTime="2025-07-02T22:04:17.9439044+00:00" testType="13cdc9d9-ddb5-4fa4-a97d-d965ccfc6d4b" outcome="Passed" testListId="8c84fa94-04c1-424b-9868-57a2d4851a1d" relativeResultsDirectory="35347e5e-cd1f-44f4-ac53-8d6ec38cffd0" />
    <UnitTestResult executionId="fb859d4b-87d0-44fa-b978-5d067c3cf8cf" testId="5da27f0d-f2ac-d56a-a84b-ce10548e3199" testName="Microsoft.AspNetCore.Components.Routing.RoutePatternParserTests.Parse_SingleParameter" computerName="pkrvmbietmlfzoi" duration="00:00:00.0057091" startTime="2025-07-02T22:04:17.8105055+00:00" endTime="2025-07-02T22:04:17.8175670+00:00" testType="13cdc9d9-ddb5-4fa4-a97d-d965ccfc6d4b" outcome="Passed" testListId="8c84fa94-04c1-424b-9868-57a2d4851a1d" relativeResultsDirectory="fb859d4b-87d0-44fa-b978-5d067c3cf8cf" />
    <UnitTestResult executionId="c0a5fb64-863e-4697-8444-97f217c05757" testId="bfb4a4ab-f219-f9d5-e9a2-9005ca01f77f" testName="Microsoft.AspNetCore.Components.Test.RenderTreeDiffBuilderTest.AttributeDiff_WithSequentialSequenceNumber_AttributeAddedAtEnd" computerName="pkrvmbietmlfzoi" duration="00:00:00.0005694" startTime="2025-07-02T22:04:18.0001998+00:00" endTime="2025-07-02T22:04:18.0003228+00:00" testType="13cdc9d9-ddb5-4fa4-a97d-d965ccfc6d4b" outcome="Passed" testListId="8c84fa94-04c1-424b-9868-57a2d4851a1d" relativeResultsDirectory="c0a5fb64-863e-4697-8444-97f217c05757" />
    <UnitTestResult executionId="b23ef4cf-e5d1-4356-9cbb-bdabbf259a21" testId="63cc9b17-12aa-a95f-34cb-4755c2085c67" testName="Microsoft.AspNetCore.Components.Test.DependencyInjectionTest.ThrowsIfNoSuchKeyedServiceIsRegistered" computerName="pkrvmbietmlfzoi" duration="00:00:00.0027081" startTime="2025-07-02T22:04:17.3455300+00:00" endTime="2025-07-02T22:04:17.3470838+00:00" testType="13cdc9d9-ddb5-4fa4-a97d-d965ccfc6d4b" outcome="Passed" testListId="8c84fa94-04c1-424b-9868-57a2d4851a1d" relativeResultsDirectory="b23ef4cf-e5d1-4356-9cbb-bdabbf259a21" />
    <UnitTestResult executionId="12643b4c-e242-42cf-b7e9-312800b17b9b" testId="6c0220b6-5678-ede2-bd06-2929b0963682" testName="Microsoft.AspNetCore.Components.Rendering.RendererSynchronizationContextTest.InvokeAsync_FuncT_CanRunSynchronously_WhenNotBusy" computerName="pkrvmbietmlfzoi" duration="00:00:00.0007685" startTime="2025-07-02T22:04:17.9801247+00:00" endTime="2025-07-02T22:04:17.9806932+00:00" testType="13cdc9d9-ddb5-4fa4-a97d-d965ccfc6d4b" outcome="Passed" testListId="8c84fa94-04c1-424b-9868-57a2d4851a1d" relativeResultsDirectory="12643b4c-e242-42cf-b7e9-312800b17b9b" />
    <UnitTestResult executionId="53a4d3a3-ecf5-4738-aece-5171ea34009d" testId="1f9d8d4e-bdd5-1045-c046-294402fb07ab" testName="Microsoft.AspNetCore.Components.Routing.RoutePatternParserTests.InvalidTemplate_LiteralAfterOptionalParam" computerName="pkrvmbietmlfzoi" duration="00:00:00.0010000" startTime="2025-07-02T22:04:17.8441820+00:00" endTime="2025-07-02T22:04:17.8442209+00:00" testType="13cdc9d9-ddb5-4fa4-a97d-d965ccfc6d4b" outcome="NotExecuted" testListId="8c84fa94-04c1-424b-9868-57a2d4851a1d" relativeResultsDirectory="53a4d3a3-ecf5-4738-aece-5171ea34009d">
      <Output>
        <ErrorInfo>
          <Message>It's ok to have literals after optional parameters. They just aren't optional.</Message>
        </ErrorInfo>
      </Output>
    </UnitTestResult>
    <UnitTestResult executionId="2f7d115e-a013-4e05-ae82-83fd5856f872" testId="66b737fb-baa7-6ff9-32a4-aa649c9a1a69" testName="Microsoft.AspNetCore.Components.Rendering.RenderTreeBuilderTest.ProcessDuplicateAttributes_StopsAtFirstNonAttributeFrame_Capture" computerName="pkrvmbietmlfzoi" duration="00:00:00.0007586" startTime="2025-07-02T22:04:17.8842965+00:00" endTime="2025-07-02T22:04:17.8846582+00:00" testType="13cdc9d9-ddb5-4fa4-a97d-d965ccfc6d4b" outcome="Passed" testListId="8c84fa94-04c1-424b-9868-57a2d4851a1d" relativeResultsDirectory="2f7d115e-a013-4e05-ae82-83fd5856f872" />
    <UnitTestResult executionId="5c8c0848-a3ec-43a6-a65b-f57abbdecf6c" testId="e8b93970-dfc8-7f76-1183-62f96878b264" testName="Microsoft.AspNetCore.Components.Rendering.RenderTreeBuilderTest.CannotAddKeyOutsideComponentOrElement_TreeRoot" computerName="pkrvmbietmlfzoi" duration="00:00:00.0003875" startTime="2025-07-02T22:04:17.8919916+00:00" endTime="2025-07-02T22:04:17.8923399+00:00" testType="13cdc9d9-ddb5-4fa4-a97d-d965ccfc6d4b" outcome="Passed" testListId="8c84fa94-04c1-424b-9868-57a2d4851a1d" relativeResultsDirectory="5c8c0848-a3ec-43a6-a65b-f57abbdecf6c" />
    <UnitTestResult executionId="01668ee6-a5e6-49c4-827c-fd458ccb56ef" testId="ec336f4c-688d-a70b-f869-a979e649d734" testName="Microsoft.AspNetCore.Components.Test.RendererTest.EventDispatching_EventCallback_AsyncNoTargetLambda" computerName="pkrvmbietmlfzoi" duration="00:00:00.0010950" startTime="2025-07-02T22:04:18.0134829+00:00" endTime="2025-07-02T22:04:18.0135692+00:00" testType="13cdc9d9-ddb5-4fa4-a97d-d965ccfc6d4b" outcome="Passed" testListId="8c84fa94-04c1-424b-9868-57a2d4851a1d" relativeResultsDirectory="01668ee6-a5e6-49c4-827c-fd458ccb56ef" />
    <UnitTestResult executionId="8dcd49b0-99e7-4551-b163-7833a220641a" testId="12848722-5022-72a1-02cb-e7303451a096" testName="Microsoft.AspNetCore.Components.ParameterViewTest.IncomingNonCascadingValueMatchesParameterThatIsBothCascadingAndNonCascading_Throws" computerName="pkrvmbietmlfzoi" duration="00:00:00.0023829" startTime="2025-07-02T22:04:17.7572646+00:00" endTime="2025-07-02T22:04:17.7609252+00:00" testType="13cdc9d9-ddb5-4fa4-a97d-d965ccfc6d4b" outcome="Passed" testListId="8c84fa94-04c1-424b-9868-57a2d4851a1d" relativeResultsDirectory="8dcd49b0-99e7-4551-b163-7833a220641a" />
    <UnitTestResult executionId="98494135-fd07-42c1-bc90-cdc4db1dbe44" testId="8711884e-02d6-84da-2a3c-72030d6d92dd" testName="Microsoft.AspNetCore.Components.NavigationManagerTest.GetUriWithQueryParameter_ThrowsWhenNameIsNullOrEmpty(name: null)" computerName="pkrvmbietmlfzoi" duration="00:00:00.0005382" startTime="2025-07-02T22:04:17.7237383+00:00" endTime="2025-07-02T22:04:17.7265903+00:00" testType="13cdc9d9-ddb5-4fa4-a97d-d965ccfc6d4b" outcome="Passed" testListId="8c84fa94-04c1-424b-9868-57a2d4851a1d" relativeResultsDirectory="98494135-fd07-42c1-bc90-cdc4db1dbe44" />
    <UnitTestResult executionId="0e34ad01-20fe-4455-9591-be3e3539db52" testId="42b1972a-b9da-de79-1389-0fe2762fc9a2" testName="Microsoft.AspNetCore.Components.Routing.RoutePatternParserTests.ParseRouteParameter_ThrowsIf_ParameterContainsSpecialCharacters(template: &quot;{{}&quot;, expectedMessage: &quot;There is an incomplete parameter in the route temp&quot;···)" computerName="pkrvmbietmlfzoi" duration="00:00:00.0010894" startTime="2025-07-02T22:04:17.8208524+00:00" endTime="2025-07-02T22:04:17.8224710+00:00" testType="13cdc9d9-ddb5-4fa4-a97d-d965ccfc6d4b" outcome="Passed" testListId="8c84fa94-04c1-424b-9868-57a2d4851a1d" relativeResultsDirectory="0e34ad01-20fe-4455-9591-be3e3539db52" />
    <UnitTestResult executionId="4c9e09a9-ffed-4c43-9d3a-6a269f3863e0" testId="8595e9c2-3abd-e3a4-a13a-44c55b609405" testName="Microsoft.AspNetCore.Components.ComponentFactoryTest.InstantiateComponent_WithDerivedRenderModeOnDerivedComponent_CausesAmbiguousMatchException" computerName="pkrvmbietmlfzoi" duration="00:00:00.0009592" startTime="2025-07-02T22:04:17.7900913+00:00" endTime="2025-07-02T22:04:17.7927452+00:00" testType="13cdc9d9-ddb5-4fa4-a97d-d965ccfc6d4b" outcome="Passed" testListId="8c84fa94-04c1-424b-9868-57a2d4851a1d" relativeResultsDirectory="4c9e09a9-ffed-4c43-9d3a-6a269f3863e0" />
    <UnitTestResult executionId="33e88ed1-7c24-4e91-9c2e-6be44fd3448d" testId="d2893880-1b00-be8c-93ae-ca6d2eaf84f6" testName="Microsoft.AspNetCore.Components.Test.CascadingParameterTest.CanTriggerUpdatesOnCascadingValuesFromServiceProvider" computerName="pkrvmbietmlfzoi" duration="00:00:00.0190696" startTime="2025-07-02T22:04:17.6159388+00:00" endTime="2025-07-02T22:04:17.6202641+00:00" testType="13cdc9d9-ddb5-4fa4-a97d-d965ccfc6d4b" outcome="Passed" testListId="8c84fa94-04c1-424b-9868-57a2d4851a1d" relativeResultsDirectory="33e88ed1-7c24-4e91-9c2e-6be44fd3448d" />
    <UnitTestResult executionId="e86fa435-0d72-46f9-98f7-4fb1a352bf83" testId="c90cffb8-7886-9206-0f6d-ae5f6e2d2db8" testName="Microsoft.AspNetCore.Components.Test.RendererTest.RenderModeResolverCanSupplyComponent_WithComponentTypeRenderMode" computerName="pkrvmbietmlfzoi" duration="00:00:00.0008137" startTime="2025-07-02T22:04:18.2316276+00:00" endTime="2025-07-02T22:04:18.2323215+00:00" testType="13cdc9d9-ddb5-4fa4-a97d-d965ccfc6d4b" outcome="Passed" testListId="8c84fa94-04c1-424b-9868-57a2d4851a1d" relativeResultsDirectory="e86fa435-0d72-46f9-98f7-4fb1a352bf83" />
    <UnitTestResult executionId="dbdbf68c-5a32-4498-8d44-2667059d4167" testId="71dcb4c0-9b4b-30a5-ccdc-962fe349147d" testName="Microsoft.AspNetCore.Components.Routing.QueryParameterValueSupplierTest.RejectsUnparseableArrayEntries(key: &quot;NullableFloatVals&quot;, validValue: &quot;1000&quot;, invalidValue: &quot;1e1000&quot;, targetType: typeof(float?))" computerName="pkrvmbietmlfzoi" duration="00:00:00.0066338" startTime="2025-07-02T22:04:17.7457365+00:00" endTime="2025-07-02T22:04:17.7496669+00:00" testType="13cdc9d9-ddb5-4fa4-a97d-d965ccfc6d4b" outcome="Passed" testListId="8c84fa94-04c1-424b-9868-57a2d4851a1d" relativeResultsDirectory="dbdbf68c-5a32-4498-8d44-2667059d4167" />
    <UnitTestResult executionId="1903619a-d967-4ba9-872c-5632026a9ce2" testId="430aa0c8-617c-dddc-2ea3-ec2d79e7c917" testName="Microsoft.AspNetCore.Components.NavigationManagerTest.ComputesCorrectBaseUri(baseUri: &quot;scheme://host/path/page?query=string&amp;another=here#&quot;···, expectedResult: &quot;scheme://host/path/&quot;)" computerName="pkrvmbietmlfzoi" duration="00:00:00.0000087" startTime="2025-07-02T22:04:17.4775779+00:00" endTime="2025-07-02T22:04:17.4776666+00:00" testType="13cdc9d9-ddb5-4fa4-a97d-d965ccfc6d4b" outcome="Passed" testListId="8c84fa94-04c1-424b-9868-57a2d4851a1d" relativeResultsDirectory="1903619a-d967-4ba9-872c-5632026a9ce2" />
    <UnitTestResult executionId="ee9d758e-77c5-4854-aacc-dab7afa910fd" testId="d69ea769-776f-cbe5-49b4-4fd448ad0738" testName="Microsoft.AspNetCore.Components.Test.ComponentBaseTest.RendersAfterParametersSetAsyncTaskIsCompleted" computerName="pkrvmbietmlfzoi" duration="00:00:00.0020513" startTime="2025-07-02T22:04:17.9773816+00:00" endTime="2025-07-02T22:04:17.9784794+00:00" testType="13cdc9d9-ddb5-4fa4-a97d-d965ccfc6d4b" outcome="Passed" testListId="8c84fa94-04c1-424b-9868-57a2d4851a1d" relativeResultsDirectory="ee9d758e-77c5-4854-aacc-dab7afa910fd" />
    <UnitTestResult executionId="6bd438fe-c427-4ba8-a62b-946d07814b28" testId="b59a8f28-25e5-48e2-28f6-0bbcde1cabde" testName="Microsoft.AspNetCore.Components.Test.RenderTreeUpdaterTest.ExpandsAllAncestorsWhenAddingAttribute" computerName="pkrvmbietmlfzoi" duration="00:00:00.0018371" startTime="2025-07-02T22:04:17.4107996+00:00" endTime="2025-07-02T22:04:17.4113831+00:00" testType="13cdc9d9-ddb5-4fa4-a97d-d965ccfc6d4b" outcome="Passed" testListId="8c84fa94-04c1-424b-9868-57a2d4851a1d" relativeResultsDirectory="6bd438fe-c427-4ba8-a62b-946d07814b28" />
    <UnitTestResult executionId="22a9ac81-b50b-4cd3-8958-d91392798f5e" testId="8ac382fb-edcd-3fed-41e3-7f22ed7119ae" testName="Microsoft.AspNetCore.Components.Routing.RouteTableFactoryTests.ThrowsWhenCatchAllIsNotTheLastSegment(template: &quot;{*catchall}/{parameter}&quot;)" computerName="pkrvmbietmlfzoi" duration="00:00:00.0003103" startTime="2025-07-02T22:04:17.7038995+00:00" endTime="2025-07-02T22:04:17.7041875+00:00" testType="13cdc9d9-ddb5-4fa4-a97d-d965ccfc6d4b" outcome="Passed" testListId="8c84fa94-04c1-424b-9868-57a2d4851a1d" relativeResultsDirectory="22a9ac81-b50b-4cd3-8958-d91392798f5e" />
    <UnitTestResult executionId="b6f16118-5968-4115-bffc-a7906bda8ee7" testId="ebbeec40-03aa-d53f-99f0-a29f86d53fe3" testName="Microsoft.AspNetCore.Components.EventCallbackFactoryBinderExtensionsTest.CreateBinder_DateTimeOffset" computerName="pkrvmbietmlfzoi" duration="00:00:00.0036075" startTime="2025-07-02T22:04:17.9104895+00:00" endTime="2025-07-02T22:04:17.9183140+00:00" testType="13cdc9d9-ddb5-4fa4-a97d-d965ccfc6d4b" outcome="Passed" testListId="8c84fa94-04c1-424b-9868-57a2d4851a1d" relativeResultsDirectory="b6f16118-5968-4115-bffc-a7906bda8ee7" />
    <UnitTestResult executionId="33a22196-704b-4590-be05-5e1d3c53c957" testId="c23a43ff-da51-f073-82fc-74b6b5bd55d3" testName="Microsoft.AspNetCore.Components.NavigationManagerTest.GetUriWithQueryParameter_ReplacesWhenParameterExists(baseUri: &quot;scheme://host/?full%20name=Bob%20Joe&amp;age=42&quot;, expectedUri: &quot;scheme://host/?full%20name=John%20Doe&amp;age=42&quot;)" computerName="pkrvmbietmlfzoi" duration="00:00:00.0000213" startTime="2025-07-02T22:04:17.4310245+00:00" endTime="2025-07-02T22:04:17.4336280+00:00" testType="13cdc9d9-ddb5-4fa4-a97d-d965ccfc6d4b" outcome="Passed" testListId="8c84fa94-04c1-424b-9868-57a2d4851a1d" relativeResultsDirectory="33a22196-704b-4590-be05-5e1d3c53c957" />
    <UnitTestResult executionId="57f447ce-a65a-4280-80d6-2ae8bf4fe174" testId="ec5d73b7-1bad-9588-4c3a-96c51b850227" testName="Microsoft.AspNetCore.Components.Routing.RoutePatternParserTests.InvalidTemplate_WithMismatchedBraces(template: &quot;Another/p}/Literal&quot;, expectedMessage: &quot;There is an incomplete parameter in the route temp&quot;···)" computerName="pkrvmbietmlfzoi" duration="00:00:00.0000246" startTime="2025-07-02T22:04:17.8426769+00:00" endTime="2025-07-02T22:04:17.8427737+00:00" testType="13cdc9d9-ddb5-4fa4-a97d-d965ccfc6d4b" outcome="Passed" testListId="8c84fa94-04c1-424b-9868-57a2d4851a1d" relativeResultsDirectory="57f447ce-a65a-4280-80d6-2ae8bf4fe174" />
    <UnitTestResult executionId="77f2ff6b-da64-4aad-8757-51a4b4d650ae" testId="e7ea2e46-43cd-6a42-6f69-fdd4da8a8f09" testName="Microsoft.AspNetCore.Components.Rendering.RenderTreeBuilderTest.CannotAddComponentParameterAtRoot" computerName="pkrvmbietmlfzoi" duration="00:00:00.0141546" startTime="2025-07-02T22:04:17.4826204+00:00" endTime="2025-07-02T22:04:17.4831299+00:00" testType="13cdc9d9-ddb5-4fa4-a97d-d965ccfc6d4b" outcome="Passed" testListId="8c84fa94-04c1-424b-9868-57a2d4851a1d" relativeResultsDirectory="77f2ff6b-da64-4aad-8757-51a4b4d650ae" />
    <UnitTestResult executionId="fa5bf46f-3f9e-4afd-961a-e436b8e20441" testId="c4a71f90-a1b5-33db-47e1-d661fe488bfd" testName="Microsoft.AspNetCore.Components.Test.DependencyInjectionTest.SetsInheritedInjectableProperties" computerName="pkrvmbietmlfzoi" duration="00:00:00.0019671" startTime="2025-07-02T22:04:17.3473334+00:00" endTime="2025-07-02T22:04:17.3481571+00:00" testType="13cdc9d9-ddb5-4fa4-a97d-d965ccfc6d4b" outcome="Passed" testListId="8c84fa94-04c1-424b-9868-57a2d4851a1d" relativeResultsDirectory="fa5bf46f-3f9e-4afd-961a-e436b8e20441" />
    <UnitTestResult executionId="afa1509d-8358-4326-a95e-282b2e6b8333" testId="0091b289-0660-dba3-f682-4d4e6849e1ae" testName="Microsoft.AspNetCore.Components.Routing.RoutePatternParserTests.InvalidTemplate_NonOptionalParamAfterOptionalParam" computerName="pkrvmbietmlfzoi" duration="00:00:00.0010000" startTime="2025-07-02T22:04:17.8337964+00:00" endTime="2025-07-02T22:04:17.8338405+00:00" testType="13cdc9d9-ddb5-4fa4-a97d-d965ccfc6d4b" outcome="NotExecuted" testListId="8c84fa94-04c1-424b-9868-57a2d4851a1d" relativeResultsDirectory="afa1509d-8358-4326-a95e-282b2e6b8333">
      <Output>
        <ErrorInfo>
          <Message>It's ok to have literals after optional parameters. They just aren't optional.</Message>
        </ErrorInfo>
      </Output>
    </UnitTestResult>
    <UnitTestResult executionId="5d8a7444-1af2-4ff5-a8fd-f941230bfea3" testId="004e2533-e0d1-128f-7566-581332560c49" testName="Microsoft.AspNetCore.Components.Routing.RouteTableFactoryTests.RouteMatchingIsCaseInsensitive" computerName="pkrvmbietmlfzoi" duration="00:00:00.0013397" startTime="2025-07-02T22:04:17.6043390+00:00" endTime="2025-07-02T22:04:17.6067973+00:00" testType="13cdc9d9-ddb5-4fa4-a97d-d965ccfc6d4b" outcome="Passed" testListId="8c84fa94-04c1-424b-9868-57a2d4851a1d" relativeResultsDirectory="5d8a7444-1af2-4ff5-a8fd-f941230bfea3" />
    <UnitTestResult executionId="c5f6ba77-3624-4cec-adff-c0531b15f827" testId="992bec01-afaa-865d-6185-24098986100e" testName="Microsoft.AspNetCore.Components.NavigationManagerTest.GetUriWithQueryParameters_ThrowsWhenAnyParameterNameIsEmpty(baseUri: &quot;scheme://host/&quot;)" computerName="pkrvmbietmlfzoi" duration="00:00:00.0031055" startTime="2025-07-02T22:04:17.6076715+00:00" endTime="2025-07-02T22:04:17.6115420+00:00" testType="13cdc9d9-ddb5-4fa4-a97d-d965ccfc6d4b" outcome="Passed" testListId="8c84fa94-04c1-424b-9868-57a2d4851a1d" relativeResultsDirectory="c5f6ba77-3624-4cec-adff-c0531b15f827" />
    <UnitTestResult executionId="7a19c43a-5077-429f-b04f-f7f04ad0a118" testId="b7387a12-f84a-26ca-0854-0faaaf266bb1" testName="Microsoft.AspNetCore.Components.Routing.RouteKeyTest.RouteKey_WithNoAdditionalAssemblies_DifferentAssemblies" computerName="pkrvmbietmlfzoi" duration="00:00:00.0019508" startTime="2025-07-02T22:04:17.8615177+00:00" endTime="2025-07-02T22:04:17.8650821+00:00" testType="13cdc9d9-ddb5-4fa4-a97d-d965ccfc6d4b" outcome="Passed" testListId="8c84fa94-04c1-424b-9868-57a2d4851a1d" relativeResultsDirectory="7a19c43a-5077-429f-b04f-f7f04ad0a118" />
    <UnitTestResult executionId="51c3454b-c753-4513-a8d0-ac5f76d5e0e0" testId="3b0ff113-6126-a3c4-a31b-f6af15beb342" testName="Microsoft.AspNetCore.Components.NavigationManagerTest.GetUriWithQueryParameter_RemovesWhenParameterValueIsNull(baseUri: &quot;scheme://host/?full%20name=Sally%Smith&amp;age=42&amp;full&quot;···, expectedUri: &quot;scheme://host/?age=42&quot;)" computerName="pkrvmbietmlfzoi" duration="00:00:00.0000174" startTime="2025-07-02T22:04:17.4427519+00:00" endTime="2025-07-02T22:04:17.4430378+00:00" testType="13cdc9d9-ddb5-4fa4-a97d-d965ccfc6d4b" outcome="Passed" testListId="8c84fa94-04c1-424b-9868-57a2d4851a1d" relativeResultsDirectory="51c3454b-c753-4513-a8d0-ac5f76d5e0e0" />
    <UnitTestResult executionId="4cb54a60-8d97-4fb5-a5c9-6dca0c3e4c3c" testId="44e414ab-403a-b228-d779-01d5c572e556" testName="Microsoft.AspNetCore.Components.Test.RenderTreeDiffBuilderTest.RecognizesKeyedElementDeletions" computerName="pkrvmbietmlfzoi" duration="00:00:00.0004149" startTime="2025-07-02T22:04:18.0007668+00:00" endTime="2025-07-02T22:04:18.0008429+00:00" testType="13cdc9d9-ddb5-4fa4-a97d-d965ccfc6d4b" outcome="Passed" testListId="8c84fa94-04c1-424b-9868-57a2d4851a1d" relativeResultsDirectory="4cb54a60-8d97-4fb5-a5c9-6dca0c3e4c3c" />
    <UnitTestResult executionId="f02460ad-8c7a-41e8-ae8b-9b2a1bd90269" testId="4db05b65-95d2-4185-fbb8-ddb16d4e61d8" testName="Microsoft.AspNetCore.Components.Test.ComponentBaseTest.RenderRootComponentAsync_ReportsErrorDuringOnParameterSet" computerName="pkrvmbietmlfzoi" duration="00:00:00.0010531" startTime="2025-07-02T22:04:17.9796709+00:00" endTime="2025-07-02T22:04:17.9803744+00:00" testType="13cdc9d9-ddb5-4fa4-a97d-d965ccfc6d4b" outcome="Passed" testListId="8c84fa94-04c1-424b-9868-57a2d4851a1d" relativeResultsDirectory="f02460ad-8c7a-41e8-ae8b-9b2a1bd90269" />
    <UnitTestResult executionId="cf58d3fd-cfce-4317-9c00-d9c75a1cd9bf" testId="abcfdaf8-80a5-c0d3-91a9-45b74201817f" testName="Microsoft.AspNetCore.Components.PersistentStateValueProviderTests.PersistenceFails_MultipleComponentsUseInvalidKeyTypes(componentKeyType1: Object { }, componentKeyType2: Object { })" computerName="pkrvmbietmlfzoi" duration="00:00:00.0030219" startTime="2025-07-02T22:04:17.5828669+00:00" endTime="2025-07-02T22:04:17.5860806+00:00" testType="13cdc9d9-ddb5-4fa4-a97d-d965ccfc6d4b" outcome="Passed" testListId="8c84fa94-04c1-424b-9868-57a2d4851a1d" relativeResultsDirectory="cf58d3fd-cfce-4317-9c00-d9c75a1cd9bf" />
    <UnitTestResult executionId="1e08a079-ff51-47f3-a191-be216109b55c" testId="4ad9e53c-ff4b-0056-56b1-87e62b8cc632" testName="Microsoft.AspNetCore.Components.Rendering.RenderTreeBuilderTest.CanAddNamedEvent" computerName="pkrvmbietmlfzoi" duration="00:00:00.0038598" startTime="2025-07-02T22:04:17.9387326+00:00" endTime="2025-07-02T22:04:17.9409719+00:00" testType="13cdc9d9-ddb5-4fa4-a97d-d965ccfc6d4b" outcome="Passed" testListId="8c84fa94-04c1-424b-9868-57a2d4851a1d" relativeResultsDirectory="1e08a079-ff51-47f3-a191-be216109b55c" />
    <UnitTestResult executionId="f530719d-297f-46a0-add4-dde06fb9519f" testId="7db44fff-c010-6e1f-c591-b0c7b45efced" testName="Microsoft.AspNetCore.Components.NavigationManagerTest.LocationChangingHandlers_CanCancelTheNavigationSynchronously_WhenOneHandlerIsRegistered" computerName="pkrvmbietmlfzoi" duration="00:00:00.0029464" startTime="2025-07-02T22:04:17.7481007+00:00" endTime="2025-07-02T22:04:17.7531927+00:00" testType="13cdc9d9-ddb5-4fa4-a97d-d965ccfc6d4b" outcome="Passed" testListId="8c84fa94-04c1-424b-9868-57a2d4851a1d" relativeResultsDirectory="f530719d-297f-46a0-add4-dde06fb9519f" />
    <UnitTestResult executionId="c450c492-d279-45f2-8d29-6866a0d46d28" testId="fb2135a0-ff45-a87e-0da9-0499fca0f6e3" testName="Microsoft.AspNetCore.Components.Test.RendererTest.DispatchEventAsync_EventCallback_AsynchronousCompletion" computerName="pkrvmbietmlfzoi" duration="00:00:00.0021246" startTime="2025-07-02T22:04:18.2326983+00:00" endTime="2025-07-02T22:04:18.2349732+00:00" testType="13cdc9d9-ddb5-4fa4-a97d-d965ccfc6d4b" outcome="Passed" testListId="8c84fa94-04c1-424b-9868-57a2d4851a1d" relativeResultsDirectory="c450c492-d279-45f2-8d29-6866a0d46d28" />
    <UnitTestResult executionId="4a6d4f6c-a2b7-421b-a762-ad09efdae6df" testId="924b97b4-012e-51a4-5c98-ecd0816a4f62" testName="Microsoft.AspNetCore.Components.Routing.QueryParameterValueSupplierTest.RejectsUnparseableValues(key: &quot;FloatVal&quot;, value: &quot;1e1000&quot;, targetType: typeof(float))" computerName="pkrvmbietmlfzoi" duration="00:00:00.0002882" startTime="2025-07-02T22:04:17.6787582+00:00" endTime="2025-07-02T22:04:17.6791559+00:00" testType="13cdc9d9-ddb5-4fa4-a97d-d965ccfc6d4b" outcome="Passed" testListId="8c84fa94-04c1-424b-9868-57a2d4851a1d" relativeResultsDirectory="4a6d4f6c-a2b7-421b-a762-ad09efdae6df" />
    <UnitTestResult executionId="e071a9f5-c780-4b35-ba2f-7c2ca63a01ea" testId="c5b91782-e1f7-2774-701f-5275edeb9108" testName="Microsoft.AspNetCore.Components.ComponentsMetricsTest.CaptureEventDuration_RecordsErrorMetric" computerName="pkrvmbietmlfzoi" duration="00:00:00.0132030" startTime="2025-07-02T22:04:17.9488158+00:00" endTime="2025-07-02T22:04:17.9661754+00:00" testType="13cdc9d9-ddb5-4fa4-a97d-d965ccfc6d4b" outcome="Passed" testListId="8c84fa94-04c1-424b-9868-57a2d4851a1d" relativeResultsDirectory="e071a9f5-c780-4b35-ba2f-7c2ca63a01ea" />
    <UnitTestResult executionId="2a2dd7e2-fac8-4ad1-9841-f0e066d9baef" testId="fa3cedf8-56a5-48eb-3e47-bf4e3d09a5b7" testName="Microsoft.AspNetCore.Components.ComponentsMetricsTest.CaptureBatchDuration_RecordsErrorMetric" computerName="pkrvmbietmlfzoi" duration="00:00:00.0291331" startTime="2025-07-02T22:04:17.8128013+00:00" endTime="2025-07-02T22:04:17.8755246+00:00" testType="13cdc9d9-ddb5-4fa4-a97d-d965ccfc6d4b" outcome="Passed" testListId="8c84fa94-04c1-424b-9868-57a2d4851a1d" relativeResultsDirectory="2a2dd7e2-fac8-4ad1-9841-f0e066d9baef" />
    <UnitTestResult executionId="51eee5ed-bd44-41da-b9dc-c4c7e5ea919e" testId="e52b4f59-8085-c3b1-d6bd-43341fa8895b" testName="Microsoft.AspNetCore.Components.Test.RendererTest.DisposingRenderer_UnsubsribesFromHotReloadManager" computerName="pkrvmbietmlfzoi" duration="00:00:00.0011227" startTime="2025-07-02T22:04:18.0092181+00:00" endTime="2025-07-02T22:04:18.0094797+00:00" testType="13cdc9d9-ddb5-4fa4-a97d-d965ccfc6d4b" outcome="Passed" testListId="8c84fa94-04c1-424b-9868-57a2d4851a1d" relativeResultsDirectory="51eee5ed-bd44-41da-b9dc-c4c7e5ea919e" />
    <UnitTestResult executionId="8218f45a-2f71-4306-86fb-6ef70c792a8c" testId="ddba84f0-f8c6-7f68-67dd-172ed32d6a5f" testName="Microsoft.AspNetCore.Components.RenderTree.ArrayBuilderTest.Dispose_WithEmptyBuffer_DoesNotReturnIt" computerName="pkrvmbietmlfzoi" duration="00:00:00.0007779" startTime="2025-07-02T22:04:17.3714544+00:00" endTime="2025-07-02T22:04:17.3715635+00:00" testType="13cdc9d9-ddb5-4fa4-a97d-d965ccfc6d4b" outcome="Passed" testListId="8c84fa94-04c1-424b-9868-57a2d4851a1d" relativeResultsDirectory="8218f45a-2f71-4306-86fb-6ef70c792a8c" />
    <UnitTestResult executionId="9c108d02-2770-42dd-aa48-eac60dba2c8b" testId="69f53fe6-6d7e-82e7-0c5a-f10fa6dd7af6" testName="Microsoft.AspNetCore.Components.EventCallbackTest.EventCallbackOfT_FuncTTask_Arg" computerName="pkrvmbietmlfzoi" duration="00:00:00.0012054" startTime="2025-07-02T22:04:17.9405752+00:00" endTime="2025-07-02T22:04:17.9408057+00:00" testType="13cdc9d9-ddb5-4fa4-a97d-d965ccfc6d4b" outcome="Passed" testListId="8c84fa94-04c1-424b-9868-57a2d4851a1d" relativeResultsDirectory="9c108d02-2770-42dd-aa48-eac60dba2c8b" />
    <UnitTestResult executionId="d001e02b-fb2d-4181-8d67-820a1cccc071" testId="5cbb49db-c4c4-d869-7712-02a4cb98a9c5" testName="Microsoft.AspNetCore.Components.RenderTree.ArrayBuilderTest.AppendArray_LargerThanBuffer(size: 1025)" computerName="pkrvmbietmlfzoi" duration="00:00:00.0008649" startTime="2025-07-02T22:04:17.3520294+00:00" endTime="2025-07-02T22:04:17.3525511+00:00" testType="13cdc9d9-ddb5-4fa4-a97d-d965ccfc6d4b" outcome="Passed" testListId="8c84fa94-04c1-424b-9868-57a2d4851a1d" relativeResultsDirectory="d001e02b-fb2d-4181-8d67-820a1cccc071" />
    <UnitTestResult executionId="dd77eaa0-501b-4e8d-9187-66178d62159a" testId="d961c699-7fb4-7a7b-8fa3-59b1d8ea7137" testName="Microsoft.AspNetCore.Components.ComponentFactoryTest.InstantiateComponent_CreatesInstance_NonComponent" computerName="pkrvmbietmlfzoi" duration="00:00:00.0075671" startTime="2025-07-02T22:04:17.7217833+00:00" endTime="2025-07-02T22:04:17.7320255+00:00" testType="13cdc9d9-ddb5-4fa4-a97d-d965ccfc6d4b" outcome="Passed" testListId="8c84fa94-04c1-424b-9868-57a2d4851a1d" relativeResultsDirectory="dd77eaa0-501b-4e8d-9187-66178d62159a" />
    <UnitTestResult executionId="7fcc53c8-1564-4ab4-89bd-b5fde779a843" testId="ebfc03d2-499c-1b10-ff46-55e56ed1053c" testName="Microsoft.AspNetCore.Components.NavigationManagerTest.LocationChangingHandlers_AreCanceledBySuccessiveNavigations_WhenMultipleHandlersAreRegistered" computerName="pkrvmbietmlfzoi" duration="00:00:00.0245510" startTime="2025-07-02T22:04:17.6606092+00:00" endTime="2025-07-02T22:04:17.7121668+00:00" testType="13cdc9d9-ddb5-4fa4-a97d-d965ccfc6d4b" outcome="Passed" testListId="8c84fa94-04c1-424b-9868-57a2d4851a1d" relativeResultsDirectory="7fcc53c8-1564-4ab4-89bd-b5fde779a843" />
    <UnitTestResult executionId="452f1d27-43b3-41b6-aabd-03be46bf5456" testId="7df1a36a-e864-373e-7a24-c1742d37a733" testName="Microsoft.AspNetCore.Components.NavigationManagerTest.GetUriWithQueryParameters_CanAddUpdateAndRemove(baseUri: &quot;scheme://host/?name=Bob%20Joe&amp;age=42#hash&quot;, expectedUri: &quot;scheme://host/?age=25&amp;eye%20color=green#hash&quot;)" computerName="pkrvmbietmlfzoi" duration="00:00:00.0000353" startTime="2025-07-02T22:04:17.4575930+00:00" endTime="2025-07-02T22:04:17.4576394+00:00" testType="13cdc9d9-ddb5-4fa4-a97d-d965ccfc6d4b" outcome="Passed" testListId="8c84fa94-04c1-424b-9868-57a2d4851a1d" relativeResultsDirectory="452f1d27-43b3-41b6-aabd-03be46bf5456" />
    <UnitTestResult executionId="f98dc628-a086-4dac-8c2f-ecd06cc491a6" testId="5504f349-886e-364d-1fc2-a3566c2bdac1" testName="Microsoft.AspNetCore.Components.ParameterViewTest.IncomingCascadingValueMatchesNonCascadingParameter_Throws" computerName="pkrvmbietmlfzoi" duration="00:00:00.0005476" startTime="2025-07-02T22:04:17.5827549+00:00" endTime="2025-07-02T22:04:17.5829638+00:00" testType="13cdc9d9-ddb5-4fa4-a97d-d965ccfc6d4b" outcome="Passed" testListId="8c84fa94-04c1-424b-9868-57a2d4851a1d" relativeResultsDirectory="f98dc628-a086-4dac-8c2f-ecd06cc491a6" />
    <UnitTestResult executionId="41164b13-e537-41f2-9aee-f03e0c1c575a" testId="2ea2195b-b7a5-1314-2954-98a12fc50d14" testName="Microsoft.AspNetCore.Components.Test.RendererTest.CanAsyncDispatchActionEventsToTopLevelComponents" computerName="pkrvmbietmlfzoi" duration="00:00:00.0017625" startTime="2025-07-02T22:04:18.0138896+00:00" endTime="2025-07-02T22:04:18.0139355+00:00" testType="13cdc9d9-ddb5-4fa4-a97d-d965ccfc6d4b" outcome="Passed" testListId="8c84fa94-04c1-424b-9868-57a2d4851a1d" relativeResultsDirectory="41164b13-e537-41f2-9aee-f03e0c1c575a" />
    <UnitTestResult executionId="f97d459f-b38c-4ee5-986f-9a0620a1424b" testId="948469eb-fad2-d910-de2c-bb9c901b6626" testName="Microsoft.AspNetCore.Components.Rendering.RenderTreeBuilderTest.ProcessDuplicateAttributes_CanRemoveDuplicateInsideComponent" computerName="pkrvmbietmlfzoi" duration="00:00:00.0012476" startTime="2025-07-02T22:04:17.9090304+00:00" endTime="2025-07-02T22:04:17.9112083+00:00" testType="13cdc9d9-ddb5-4fa4-a97d-d965ccfc6d4b" outcome="Passed" testListId="8c84fa94-04c1-424b-9868-57a2d4851a1d" relativeResultsDirectory="f97d459f-b38c-4ee5-986f-9a0620a1424b" />
    <UnitTestResult executionId="2d6076e2-9fa9-4d08-8349-1f11da3e835c" testId="1080a8fb-c4f5-1740-e9b9-cd24db7a0bc9" testName="Microsoft.AspNetCore.Components.PersistentStateValueProviderTests.PersistAsync_CanPersistMultipleComponentsOfSameType_SupportsDifferentKeyTypes(componentKey1: &quot;aaaaaaaaaaaaaaaaaaaaaaaaaaaaaaaaaaaaaaaaaaaaaaaaaa&quot;···, componentKey2: &quot;bbbbbbbbbbbbbbbbbbbbbbbbbbbbbbbbbbbbbbbbbbbbbbbbbb&quot;···)" computerName="pkrvmbietmlfzoi" duration="00:00:00.0004906" startTime="2025-07-02T22:04:17.5627654+00:00" endTime="2025-07-02T22:04:17.5635998+00:00" testType="13cdc9d9-ddb5-4fa4-a97d-d965ccfc6d4b" outcome="Passed" testListId="8c84fa94-04c1-424b-9868-57a2d4851a1d" relativeResultsDirectory="2d6076e2-9fa9-4d08-8349-1f11da3e835c" />
    <UnitTestResult executionId="2545369f-cef2-4937-b733-f242c5eab2d2" testId="78035143-1854-e0c6-6a36-f00d4c9fb132" testName="Microsoft.AspNetCore.Components.Routing.QueryParameterValueSupplierTest.SuppliesNullForValueTypesIfNotSpecified(query: &quot;?&quot;)" computerName="pkrvmbietmlfzoi" duration="00:00:00.0000184" startTime="2025-07-02T22:04:17.7995239+00:00" endTime="2025-07-02T22:04:17.7996153+00:00" testType="13cdc9d9-ddb5-4fa4-a97d-d965ccfc6d4b" outcome="Passed" testListId="8c84fa94-04c1-424b-9868-57a2d4851a1d" relativeResultsDirectory="2545369f-cef2-4937-b733-f242c5eab2d2" />
    <UnitTestResult executionId="29eed72d-965b-4df1-af28-4d0fc3f95116" testId="98ac3c5d-c0d0-f78a-4080-5f1e368b87ba" testName="Microsoft.AspNetCore.Components.ParameterViewTest.IncomingParameterValueMismatchesDeclaredParameterType_Throws" computerName="pkrvmbietmlfzoi" duration="00:00:00.0021909" startTime="2025-07-02T22:04:17.4525592+00:00" endTime="2025-07-02T22:04:17.4567301+00:00" testType="13cdc9d9-ddb5-4fa4-a97d-d965ccfc6d4b" outcome="Passed" testListId="8c84fa94-04c1-424b-9868-57a2d4851a1d" relativeResultsDirectory="29eed72d-965b-4df1-af28-4d0fc3f95116" />
    <UnitTestResult executionId="b998bb4a-bc13-48c3-baf7-fdde0e300153" testId="fba00691-80a3-ac87-20b7-7fa0c9794f87" testName="Microsoft.AspNetCore.Components.Routing.RoutePatternParserTests.InvalidTemplate_WithMismatchedBraces(template: &quot;Another/{p/Literal&quot;, expectedMessage: &quot;There is an incomplete parameter in the route temp&quot;···)" computerName="pkrvmbietmlfzoi" duration="00:00:00.0024395" startTime="2025-07-02T22:04:17.8344149+00:00" endTime="2025-07-02T22:04:17.8395700+00:00" testType="13cdc9d9-ddb5-4fa4-a97d-d965ccfc6d4b" outcome="Passed" testListId="8c84fa94-04c1-424b-9868-57a2d4851a1d" relativeResultsDirectory="b998bb4a-bc13-48c3-baf7-fdde0e300153" />
    <UnitTestResult executionId="90c013f4-cfeb-4aad-8b77-9f1bd22220ce" testId="826ee6e6-4d1c-76cd-bf32-6207fb5cf7fc" testName="Microsoft.AspNetCore.Components.Routing.RouteTableFactoryTests.DoesNotThrowForNonAmbiguousRoutes(first: &quot;literal/{*catchAll}&quot;, second: &quot;literal/{optional?}&quot;)" computerName="pkrvmbietmlfzoi" duration="00:00:00.0004003" startTime="2025-07-02T22:04:17.5728671+00:00" endTime="2025-07-02T22:04:17.5729802+00:00" testType="13cdc9d9-ddb5-4fa4-a97d-d965ccfc6d4b" outcome="Passed" testListId="8c84fa94-04c1-424b-9868-57a2d4851a1d" relativeResultsDirectory="90c013f4-cfeb-4aad-8b77-9f1bd22220ce" />
    <UnitTestResult executionId="7b25d21d-4ab1-4bcd-9970-d53b74effc9b" testId="977c73f4-fd1b-0456-8ef8-c349ad80659c" testName="Microsoft.AspNetCore.Components.Rendering.RenderTreeBuilderTest.AddAttribute_Element_ObjectEventHandler_AddsFrame" computerName="pkrvmbietmlfzoi" duration="00:00:00.0013779" startTime="2025-07-02T22:04:17.8309731+00:00" endTime="2025-07-02T22:04:17.8351899+00:00" testType="13cdc9d9-ddb5-4fa4-a97d-d965ccfc6d4b" outcome="Passed" testListId="8c84fa94-04c1-424b-9868-57a2d4851a1d" relativeResultsDirectory="7b25d21d-4ab1-4bcd-9970-d53b74effc9b" />
    <UnitTestResult executionId="25c12ca3-d440-42bd-b87b-7bbcc02c8811" testId="23ff1577-039b-db16-677b-d224ba8171aa" testName="Microsoft.AspNetCore.Components.NavigationManagerTest.GetUriWithQueryParameter_ReplacesWhenParameterExists(baseUri: &quot;scheme://host/?full%20name=&quot;, expectedUri: &quot;scheme://host/?full%20name=John%20Doe&quot;)" computerName="pkrvmbietmlfzoi" duration="00:00:00.0000204" startTime="2025-07-02T22:04:17.4338248+00:00" endTime="2025-07-02T22:04:17.4339327+00:00" testType="13cdc9d9-ddb5-4fa4-a97d-d965ccfc6d4b" outcome="Passed" testListId="8c84fa94-04c1-424b-9868-57a2d4851a1d" relativeResultsDirectory="25c12ca3-d440-42bd-b87b-7bbcc02c8811" />
    <UnitTestResult executionId="16bf3115-938c-4b64-a0d2-827d175dd72e" testId="a7211da6-38c1-6a10-8718-2db24db31e1a" testName="Microsoft.AspNetCore.Components.Rendering.RendererSynchronizationContextTest.Post_RunsAsynchronously_WhenNotBusy" computerName="pkrvmbietmlfzoi" duration="00:00:00.0018748" startTime="2025-07-02T22:04:17.3945966+00:00" endTime="2025-07-02T22:04:17.3971056+00:00" testType="13cdc9d9-ddb5-4fa4-a97d-d965ccfc6d4b" outcome="Passed" testListId="8c84fa94-04c1-424b-9868-57a2d4851a1d" relativeResultsDirectory="16bf3115-938c-4b64-a0d2-827d175dd72e" />
    <UnitTestResult executionId="cbc05c49-98bb-408e-8b84-724363ea5c96" testId="f3b91825-9802-c600-dc0a-be3fc8429f84" testName="Microsoft.AspNetCore.Components.Test.LayoutViewTest.GivenLayoutButNoContent_RendersLayoutWithEmptyBody" computerName="pkrvmbietmlfzoi" duration="00:00:00.0030532" startTime="2025-07-02T22:04:17.9234074+00:00" endTime="2025-07-02T22:04:17.9270859+00:00" testType="13cdc9d9-ddb5-4fa4-a97d-d965ccfc6d4b" outcome="Passed" testListId="8c84fa94-04c1-424b-9868-57a2d4851a1d" relativeResultsDirectory="cbc05c49-98bb-408e-8b84-724363ea5c96" />
    <UnitTestResult executionId="117d4c3f-fe35-44da-a082-c6d86a0f1256" testId="841bccef-6ccb-fbbf-a261-9a6b9d007115" testName="Microsoft.AspNetCore.Components.BindConverterTest.TryConvertTo_NullableGuid_Valid" computerName="pkrvmbietmlfzoi" duration="00:00:00.0002776" startTime="2025-07-02T22:04:17.4218383+00:00" endTime="2025-07-02T22:04:17.4245072+00:00" testType="13cdc9d9-ddb5-4fa4-a97d-d965ccfc6d4b" outcome="Passed" testListId="8c84fa94-04c1-424b-9868-57a2d4851a1d" relativeResultsDirectory="117d4c3f-fe35-44da-a082-c6d86a0f1256" />
    <UnitTestResult executionId="8854318f-25a3-452c-bad2-d89e5a699547" testId="94253c8f-2996-7cd3-28d1-c527e3d1e4f5" testName="Microsoft.AspNetCore.Components.ParameterViewTest.HasCaptureUnmatchedValuesParameterWithWrongType_Throws" computerName="pkrvmbietmlfzoi" duration="00:00:00.0047892" startTime="2025-07-02T22:04:17.4830226+00:00" endTime="2025-07-02T22:04:17.4872647+00:00" testType="13cdc9d9-ddb5-4fa4-a97d-d965ccfc6d4b" outcome="Passed" testListId="8c84fa94-04c1-424b-9868-57a2d4851a1d" relativeResultsDirectory="8854318f-25a3-452c-bad2-d89e5a699547" />
    <UnitTestResult executionId="77d0cae2-0bfb-4b65-8eea-861f8dfdc573" testId="8821d8f0-6f93-764c-e58d-7410f30a46e2" testName="Microsoft.AspNetCore.Components.Test.RenderTreeDiffBuilderTest.AttributeDiff_WithSequentialSequenceNumber_AttributeRemovedAtEnd" computerName="pkrvmbietmlfzoi" duration="00:00:00.0004030" startTime="2025-07-02T22:04:17.9945936+00:00" endTime="2025-07-02T22:04:17.9948567+00:00" testType="13cdc9d9-ddb5-4fa4-a97d-d965ccfc6d4b" outcome="Passed" testListId="8c84fa94-04c1-424b-9868-57a2d4851a1d" relativeResultsDirectory="77d0cae2-0bfb-4b65-8eea-861f8dfdc573" />
    <UnitTestResult executionId="f9490ab8-4743-4aa3-a78b-0c1c062ea5fd" testId="5d0bf66b-24bb-d4a9-e3db-a387379e075b" testName="Microsoft.AspNetCore.Components.Rendering.RendererSynchronizationContextTest.InvokeAsync_FuncTaskT_CanReportCancellation" computerName="pkrvmbietmlfzoi" duration="00:00:00.0089394" startTime="2025-07-02T22:04:17.4484788+00:00" endTime="2025-07-02T22:04:17.4530776+00:00" testType="13cdc9d9-ddb5-4fa4-a97d-d965ccfc6d4b" outcome="Passed" testListId="8c84fa94-04c1-424b-9868-57a2d4851a1d" relativeResultsDirectory="f9490ab8-4743-4aa3-a78b-0c1c062ea5fd" />
    <UnitTestResult executionId="6297c20d-f3b2-439f-9e27-f54f5fd762f2" testId="b650292d-7608-730d-1109-e36b9cc5667b" testName="Microsoft.AspNetCore.Components.Rendering.RenderTreeBuilderTest.AddComponentParameter_Component_EventCallback_AddsFrame" computerName="pkrvmbietmlfzoi" duration="00:00:00.0007669" startTime="2025-07-02T22:04:17.9213226+00:00" endTime="2025-07-02T22:04:17.9216776+00:00" testType="13cdc9d9-ddb5-4fa4-a97d-d965ccfc6d4b" outcome="Passed" testListId="8c84fa94-04c1-424b-9868-57a2d4851a1d" relativeResultsDirectory="6297c20d-f3b2-439f-9e27-f54f5fd762f2" />
    <UnitTestResult executionId="cc375b98-7548-437b-bc05-57e86efb407a" testId="aa905d4f-80a3-c73d-f6a4-4f70a58f2dbb" testName="Microsoft.AspNetCore.Components.Test.RenderTreeDiffBuilderTest.RecognizesMarkupChanges" computerName="pkrvmbietmlfzoi" duration="00:00:00.0009808" startTime="2025-07-02T22:04:17.9297689+00:00" endTime="2025-07-02T22:04:17.9303393+00:00" testType="13cdc9d9-ddb5-4fa4-a97d-d965ccfc6d4b" outcome="Passed" testListId="8c84fa94-04c1-424b-9868-57a2d4851a1d" relativeResultsDirectory="cc375b98-7548-437b-bc05-57e86efb407a" />
    <UnitTestResult executionId="2495895d-e0a2-4326-9581-21875338c647" testId="b0099555-5384-29c3-792d-dc5199b6490d" testName="Microsoft.AspNetCore.Components.Test.RouteViewTest.UsesNoLayoutIfNoneSetOnPageAndNoDefaultSet" computerName="pkrvmbietmlfzoi" duration="00:00:00.0046812" startTime="2025-07-02T22:04:17.4166980+00:00" endTime="2025-07-02T22:04:17.4294118+00:00" testType="13cdc9d9-ddb5-4fa4-a97d-d965ccfc6d4b" outcome="Passed" testListId="8c84fa94-04c1-424b-9868-57a2d4851a1d" relativeResultsDirectory="2495895d-e0a2-4326-9581-21875338c647" />
    <UnitTestResult executionId="9f44d476-5f59-435c-a80b-555f0a64e324" testId="caeae9d0-db52-6a30-6126-163d3940de00" testName="Microsoft.AspNetCore.Components.Rendering.RenderTreeBuilderTest.CannotAddComponentParameterToComponentReferenceCapture" computerName="pkrvmbietmlfzoi" duration="00:00:00.0015620" startTime="2025-07-02T22:04:17.7934047+00:00" endTime="2025-07-02T22:04:17.7989702+00:00" testType="13cdc9d9-ddb5-4fa4-a97d-d965ccfc6d4b" outcome="Passed" testListId="8c84fa94-04c1-424b-9868-57a2d4851a1d" relativeResultsDirectory="9f44d476-5f59-435c-a80b-555f0a64e324" />
    <UnitTestResult executionId="b4b121ad-54ec-44e2-9798-626b412ac749" testId="d01fbeb5-21af-a8ef-f2b1-8fc582aadf7e" testName="Microsoft.AspNetCore.Components.Routing.RouteTableFactoryTests.DoesNotThrowForNonAmbiguousRoutes(first: &quot;{param1?}/{param2?}/{param3?}/{*catchAll:int}&quot;, second: &quot;{param1?}/{param2?}/{param3?}/{optional?}&quot;)" computerName="pkrvmbietmlfzoi" duration="00:00:00.0013907" startTime="2025-07-02T22:04:17.5766681+00:00" endTime="2025-07-02T22:04:17.5778726+00:00" testType="13cdc9d9-ddb5-4fa4-a97d-d965ccfc6d4b" outcome="Passed" testListId="8c84fa94-04c1-424b-9868-57a2d4851a1d" relativeResultsDirectory="b4b121ad-54ec-44e2-9798-626b412ac749" />
    <UnitTestResult executionId="d6042e69-65e4-4a12-9e22-2e66bd8931fa" testId="853dfa14-b552-e552-161d-83c5bd6239d4" testName="Microsoft.AspNetCore.Components.Routing.RouteTableFactoryTests.ProducesAStableOrderForNonAmbiguousRoutes" computerName="pkrvmbietmlfzoi" duration="00:00:00.0011903" startTime="2025-07-02T22:04:17.8852979+00:00" endTime="2025-07-02T22:04:17.8870960+00:00" testType="13cdc9d9-ddb5-4fa4-a97d-d965ccfc6d4b" outcome="Passed" testListId="8c84fa94-04c1-424b-9868-57a2d4851a1d" relativeResultsDirectory="d6042e69-65e4-4a12-9e22-2e66bd8931fa" />
    <UnitTestResult executionId="9599a26f-018e-44c2-a901-80693676ab97" testId="4ce7167a-79f4-919c-bb47-9794f52f4f6b" testName="Microsoft.AspNetCore.Components.Test.RendererTest.ComponentsCanBeAssociatedWithMultipleRenderers" computerName="pkrvmbietmlfzoi" duration="00:00:00.0023642" startTime="2025-07-02T22:04:19.2890865+00:00" endTime="2025-07-02T22:04:19.2914155+00:00" testType="13cdc9d9-ddb5-4fa4-a97d-d965ccfc6d4b" outcome="Passed" testListId="8c84fa94-04c1-424b-9868-57a2d4851a1d" relativeResultsDirectory="9599a26f-018e-44c2-a901-80693676ab97" />
    <UnitTestResult executionId="0a1d0bc9-0fa7-44c6-a901-ad12c9646f18" testId="abcfdaf8-80a5-c0d3-91a9-45b74201817f" testName="Microsoft.AspNetCore.Components.PersistentStateValueProviderTests.PersistenceFails_MultipleComponentsUseInvalidKeyTypes(componentKeyType1: TestComponent { State = null }, componentKeyType2: TestComponent { State = null })" computerName="pkrvmbietmlfzoi" duration="00:00:00.0006079" startTime="2025-07-02T22:04:17.5861932+00:00" endTime="2025-07-02T22:04:17.5863788+00:00" testType="13cdc9d9-ddb5-4fa4-a97d-d965ccfc6d4b" outcome="Passed" testListId="8c84fa94-04c1-424b-9868-57a2d4851a1d" relativeResultsDirectory="0a1d0bc9-0fa7-44c6-a901-ad12c9646f18" />
    <UnitTestResult executionId="3794d291-598d-4815-9d35-2a8ea33c1090" testId="0754fb65-8880-86b8-0230-8db442906bae" testName="Microsoft.AspNetCore.Components.ComponentStatePersistenceManagerTest.PersistStateAsync_SavesPersistedStateToTheStore" computerName="pkrvmbietmlfzoi" duration="00:00:00.0071045" startTime="2025-07-02T22:04:17.9326682+00:00" endTime="2025-07-02T22:04:17.9406287+00:00" testType="13cdc9d9-ddb5-4fa4-a97d-d965ccfc6d4b" outcome="Passed" testListId="8c84fa94-04c1-424b-9868-57a2d4851a1d" relativeResultsDirectory="3794d291-598d-4815-9d35-2a8ea33c1090" />
    <UnitTestResult executionId="9b0054ff-39ce-429c-a305-9ca9ea115f29" testId="e908bf31-d0e9-ac6a-01b3-7340fa63fddf" testName="Microsoft.AspNetCore.Components.Test.RendererTest.SynchronousCancelledTasks_HandleAfterRender_Works" computerName="pkrvmbietmlfzoi" duration="00:00:00.0010016" startTime="2025-07-02T22:04:18.0145824+00:00" endTime="2025-07-02T22:04:18.0146276+00:00" testType="13cdc9d9-ddb5-4fa4-a97d-d965ccfc6d4b" outcome="Passed" testListId="8c84fa94-04c1-424b-9868-57a2d4851a1d" relativeResultsDirectory="9b0054ff-39ce-429c-a305-9ca9ea115f29" />
    <UnitTestResult executionId="f9d71830-8d37-4563-9256-3362f86be27a" testId="c22027e3-8847-cee4-cb92-5716c9338f13" testName="Microsoft.AspNetCore.Components.CascadingParameterStateTest.FindCascadingParameters_ComponentRequestsBaseType_ReturnsMatches" computerName="pkrvmbietmlfzoi" duration="00:00:00.0005402" startTime="2025-07-02T22:04:17.5035502+00:00" endTime="2025-07-02T22:04:17.5036392+00:00" testType="13cdc9d9-ddb5-4fa4-a97d-d965ccfc6d4b" outcome="Passed" testListId="8c84fa94-04c1-424b-9868-57a2d4851a1d" relativeResultsDirectory="f9d71830-8d37-4563-9256-3362f86be27a" />
    <UnitTestResult executionId="8436c768-d8d0-4522-9a59-dbba7bf95c9d" testId="0c5d354b-d444-9e37-afe4-38b9ea9dc1a1" testName="Microsoft.AspNetCore.Components.Rendering.RenderTreeBuilderTest.CanAddMultipleAttributes_WithChildRegion" computerName="pkrvmbietmlfzoi" duration="00:00:00.0080510" startTime="2025-07-02T22:04:17.4526196+00:00" endTime="2025-07-02T22:04:17.4784625+00:00" testType="13cdc9d9-ddb5-4fa4-a97d-d965ccfc6d4b" outcome="Passed" testListId="8c84fa94-04c1-424b-9868-57a2d4851a1d" relativeResultsDirectory="8436c768-d8d0-4522-9a59-dbba7bf95c9d" />
    <UnitTestResult executionId="db227915-5053-4fda-b115-0f24702a7df9" testId="1a4444f2-447d-8040-adb9-0973a289c373" testName="Microsoft.AspNetCore.Components.Rendering.RenderTreeBuilderTest.CanAddNonStringValueAsText" computerName="pkrvmbietmlfzoi" duration="00:00:00.0006897" startTime="2025-07-02T22:04:17.7198435+00:00" endTime="2025-07-02T22:04:17.7218831+00:00" testType="13cdc9d9-ddb5-4fa4-a97d-d965ccfc6d4b" outcome="Passed" testListId="8c84fa94-04c1-424b-9868-57a2d4851a1d" relativeResultsDirectory="db227915-5053-4fda-b115-0f24702a7df9" />
    <UnitTestResult executionId="00056bcb-372e-41c0-837a-af09c1bcca86" testId="e12883d9-f2a1-8f1d-81a5-d6874a69e61c" testName="Microsoft.AspNetCore.Components.Routing.RouteTableFactoryTests.PrefersLiteralTemplateOverParameterizedTemplates" computerName="pkrvmbietmlfzoi" duration="00:00:00.0010758" startTime="2025-07-02T22:04:17.8049468+00:00" endTime="2025-07-02T22:04:17.8052806+00:00" testType="13cdc9d9-ddb5-4fa4-a97d-d965ccfc6d4b" outcome="Passed" testListId="8c84fa94-04c1-424b-9868-57a2d4851a1d" relativeResultsDirectory="00056bcb-372e-41c0-837a-af09c1bcca86" />
    <UnitTestResult executionId="049007eb-d8ea-4cb4-bbe5-ab098c06440b" testId="703459f9-2e51-91e2-8f91-2086dd3c6666" testName="Microsoft.AspNetCore.Components.Test.RenderTreeDiffBuilderTest.AttributeDiff_WithSameSequenceNumber_AttributeRemovedAtEnd" computerName="pkrvmbietmlfzoi" duration="00:00:00.0004239" startTime="2025-07-02T22:04:18.0011474+00:00" endTime="2025-07-02T22:04:18.0012226+00:00" testType="13cdc9d9-ddb5-4fa4-a97d-d965ccfc6d4b" outcome="Passed" testListId="8c84fa94-04c1-424b-9868-57a2d4851a1d" relativeResultsDirectory="049007eb-d8ea-4cb4-bbe5-ab098c06440b" />
    <UnitTestResult executionId="fb26e8ef-7175-4581-b6e3-55661347146e" testId="be8294a6-a301-88fb-ae9b-6b208a5f3ec3" testName="Microsoft.AspNetCore.Components.Routing.RouteTableFactoryTests.DoesNotThrowForNonAmbiguousRoutes(first: &quot;{param1?}/{param2?}/{param3:int?}/{optional?}&quot;, second: &quot;{param1?}/{param2?}&quot;)" computerName="pkrvmbietmlfzoi" duration="00:00:00.0003378" startTime="2025-07-02T22:04:17.5639337+00:00" endTime="2025-07-02T22:04:17.5641885+00:00" testType="13cdc9d9-ddb5-4fa4-a97d-d965ccfc6d4b" outcome="Passed" testListId="8c84fa94-04c1-424b-9868-57a2d4851a1d" relativeResultsDirectory="fb26e8ef-7175-4581-b6e3-55661347146e" />
    <UnitTestResult executionId="8ca345e2-457b-4076-84ee-262290695986" testId="8778cd5e-de62-3262-9f3e-8ab7171cb29b" testName="Microsoft.AspNetCore.Components.EventCallbackFactoryTest.Create_FuncTTask_Null" computerName="pkrvmbietmlfzoi" duration="00:00:00.0007364" startTime="2025-07-02T22:04:17.6476389+00:00" endTime="2025-07-02T22:04:17.6477688+00:00" testType="13cdc9d9-ddb5-4fa4-a97d-d965ccfc6d4b" outcome="Passed" testListId="8c84fa94-04c1-424b-9868-57a2d4851a1d" relativeResultsDirectory="8ca345e2-457b-4076-84ee-262290695986" />
    <UnitTestResult executionId="8b5665f1-24bf-43be-bf96-257f720677b5" testId="7b6483b7-b933-1c4e-ecb1-6b13dd9fb812" testName="Microsoft.AspNetCore.Components.ComponentFactoryTest.InstantiateComponent_WithRenderModeOnCallSite_UsesRenderModeResolver" computerName="pkrvmbietmlfzoi" duration="00:00:00.0005444" startTime="2025-07-02T22:04:17.7805944+00:00" endTime="2025-07-02T22:04:17.7809983+00:00" testType="13cdc9d9-ddb5-4fa4-a97d-d965ccfc6d4b" outcome="Passed" testListId="8c84fa94-04c1-424b-9868-57a2d4851a1d" relativeResultsDirectory="8b5665f1-24bf-43be-bf96-257f720677b5" />
    <UnitTestResult executionId="ed08c8b8-32b0-47df-b706-da8438bd8330" testId="84c71a67-f626-81b7-73d2-d813713fab8c" testName="Microsoft.AspNetCore.Components.CascadingParameterStateTest.FindCascadingParameters_TypeAssignmentIsInvalidForNullValue_ReturnsEmpty" computerName="pkrvmbietmlfzoi" duration="00:00:00.0003133" startTime="2025-07-02T22:04:17.5251055+00:00" endTime="2025-07-02T22:04:17.5251944+00:00" testType="13cdc9d9-ddb5-4fa4-a97d-d965ccfc6d4b" outcome="Passed" testListId="8c84fa94-04c1-424b-9868-57a2d4851a1d" relativeResultsDirectory="ed08c8b8-32b0-47df-b706-da8438bd8330" />
    <UnitTestResult executionId="af8acd6e-0b45-4e31-bdae-a1a4a2db1841" testId="4781b651-73e0-3002-a676-132ebaaa0a2d" testName="Microsoft.AspNetCore.Components.Test.RenderTreeDiffBuilderTest.CanMoveBeforeDeletedItem" computerName="pkrvmbietmlfzoi" duration="00:00:00.0007839" startTime="2025-07-02T22:04:17.9928432+00:00" endTime="2025-07-02T22:04:17.9930765+00:00" testType="13cdc9d9-ddb5-4fa4-a97d-d965ccfc6d4b" outcome="Passed" testListId="8c84fa94-04c1-424b-9868-57a2d4851a1d" relativeResultsDirectory="af8acd6e-0b45-4e31-bdae-a1a4a2db1841" />
    <UnitTestResult executionId="f4fa6285-7bf3-4008-94a8-dac10d06d246" testId="d3ec738c-dc58-8329-14a1-a4f37b7c052c" testName="Microsoft.AspNetCore.Components.Routing.QueryParameterValueSupplierTest.RejectsUnparseableValues(key: &quot;DateTimeVal&quot;, value: &quot;2020-02-31&quot;, targetType: typeof(System.DateTime))" computerName="pkrvmbietmlfzoi" duration="00:00:00.0040611" startTime="2025-07-02T22:04:17.6690300+00:00" endTime="2025-07-02T22:04:17.6752488+00:00" testType="13cdc9d9-ddb5-4fa4-a97d-d965ccfc6d4b" outcome="Passed" testListId="8c84fa94-04c1-424b-9868-57a2d4851a1d" relativeResultsDirectory="f4fa6285-7bf3-4008-94a8-dac10d06d246" />
    <UnitTestResult executionId="e73ec364-5413-483a-b868-f4f6cd4a9e3a" testId="f1c2d53d-76bf-0e33-f757-63962806c42e" testName="Microsoft.AspNetCore.Components.NavigationManagerTest.ToBaseRelativePath_ThrowsForInvalidBaseRelativePaths(baseUri: &quot;scheme://host/path/&quot;, absoluteUri: &quot;scheme://host/&quot;)" computerName="pkrvmbietmlfzoi" duration="00:00:00.0003252" startTime="2025-07-02T22:04:17.5944257+00:00" endTime="2025-07-02T22:04:17.5948393+00:00" testType="13cdc9d9-ddb5-4fa4-a97d-d965ccfc6d4b" outcome="Passed" testListId="8c84fa94-04c1-424b-9868-57a2d4851a1d" relativeResultsDirectory="e73ec364-5413-483a-b868-f4f6cd4a9e3a" />
    <UnitTestResult executionId="59f40573-de98-4854-814c-4d6109322ae9" testId="f2be85e0-6529-13c2-75b2-7fd800b37ce0" testName="Microsoft.AspNetCore.Components.Test.RendererTest.DispatchEventAsync_Delegate_SynchronousCompletion" computerName="pkrvmbietmlfzoi" duration="00:00:00.0008968" startTime="2025-07-02T22:04:19.3102359+00:00" endTime="2025-07-02T22:04:19.3103731+00:00" testType="13cdc9d9-ddb5-4fa4-a97d-d965ccfc6d4b" outcome="Passed" testListId="8c84fa94-04c1-424b-9868-57a2d4851a1d" relativeResultsDirectory="59f40573-de98-4854-814c-4d6109322ae9" />
    <UnitTestResult executionId="3fc53411-4cf5-43de-9238-2a80ca8bce9a" testId="e8f94d2d-fca6-e6c8-ae9d-d530e83c8c48" testName="Microsoft.AspNetCore.Components.Test.RenderTreeDiffBuilderTest.RecognizesSimultaneousKeyedComponentInsertionsAndDeletions" computerName="pkrvmbietmlfzoi" duration="00:00:00.0007459" startTime="2025-07-02T22:04:17.9973223+00:00" endTime="2025-07-02T22:04:17.9976418+00:00" testType="13cdc9d9-ddb5-4fa4-a97d-d965ccfc6d4b" outcome="Passed" testListId="8c84fa94-04c1-424b-9868-57a2d4851a1d" relativeResultsDirectory="3fc53411-4cf5-43de-9238-2a80ca8bce9a" />
    <UnitTestResult executionId="f51b11db-a083-4c20-92ba-48d4d8afdeae" testId="0e6b444f-caf5-2e44-d828-090e28b657d2" testName="Microsoft.AspNetCore.Components.Test.RendererTest.DispatchEventAsync_EventCallbackOfT_AsynchronousException" computerName="pkrvmbietmlfzoi" duration="00:00:00.0025802" startTime="2025-07-02T22:04:18.2427133+00:00" endTime="2025-07-02T22:04:18.2439869+00:00" testType="13cdc9d9-ddb5-4fa4-a97d-d965ccfc6d4b" outcome="Passed" testListId="8c84fa94-04c1-424b-9868-57a2d4851a1d" relativeResultsDirectory="f51b11db-a083-4c20-92ba-48d4d8afdeae" />
    <UnitTestResult executionId="5871cfe5-6d25-4f08-96b4-7ff3d8aed33b" testId="f08b1b5d-ddd3-162e-a4a0-bd5ee2673da8" testName="Microsoft.AspNetCore.Components.Test.RenderTreeDiffBuilderTest.InvokesAssignerForComponentReferenceCapturesOnInsertion" computerName="pkrvmbietmlfzoi" duration="00:00:00.0012705" startTime="2025-07-02T22:04:17.9803204+00:00" endTime="2025-07-02T22:04:17.9820283+00:00" testType="13cdc9d9-ddb5-4fa4-a97d-d965ccfc6d4b" outcome="Passed" testListId="8c84fa94-04c1-424b-9868-57a2d4851a1d" relativeResultsDirectory="5871cfe5-6d25-4f08-96b4-7ff3d8aed33b" />
    <UnitTestResult executionId="da7c18f7-0573-4325-a8b2-85b9a96c3824" testId="1c907111-d455-c840-0d07-587e7beaf1de" testName="Microsoft.AspNetCore.Components.ParameterViewTest.DeclaredParameterClashesWithInheritedParameter_Throws" computerName="pkrvmbietmlfzoi" duration="00:00:00.0011609" startTime="2025-07-02T22:04:17.5836284+00:00" endTime="2025-07-02T22:04:17.5837271+00:00" testType="13cdc9d9-ddb5-4fa4-a97d-d965ccfc6d4b" outcome="Passed" testListId="8c84fa94-04c1-424b-9868-57a2d4851a1d" relativeResultsDirectory="da7c18f7-0573-4325-a8b2-85b9a96c3824" />
    <UnitTestResult executionId="7d4d4cf2-aef1-45ad-b93d-5a839a10233a" testId="b6e6b523-694e-75c6-dd7d-b9344edeb2fb" testName="Microsoft.AspNetCore.Components.Routing.QueryParameterValueSupplierTest.RejectsBlankValuesWhenNotNullable(key: &quot;GuidVal&quot;, targetType: typeof(System.Guid))" computerName="pkrvmbietmlfzoi" duration="00:00:00.0000426" startTime="2025-07-02T22:04:17.7724196+00:00" endTime="2025-07-02T22:04:17.7730033+00:00" testType="13cdc9d9-ddb5-4fa4-a97d-d965ccfc6d4b" outcome="Passed" testListId="8c84fa94-04c1-424b-9868-57a2d4851a1d" relativeResultsDirectory="7d4d4cf2-aef1-45ad-b93d-5a839a10233a" />
    <UnitTestResult executionId="1e5a390e-6d53-47e7-ad37-198154b9cd69" testId="38ea0647-de16-d68e-efd2-38377faab21a" testName="Microsoft.AspNetCore.Components.Test.RendererTest.CanTriggerRenderingSynchronouslyFromInsideAfterRenderCallback" computerName="pkrvmbietmlfzoi" duration="00:00:00.0008606" startTime="2025-07-02T22:04:18.0142134+00:00" endTime="2025-07-02T22:04:18.0142592+00:00" testType="13cdc9d9-ddb5-4fa4-a97d-d965ccfc6d4b" outcome="Passed" testListId="8c84fa94-04c1-424b-9868-57a2d4851a1d" relativeResultsDirectory="1e5a390e-6d53-47e7-ad37-198154b9cd69" />
    <UnitTestResult executionId="6f34b7af-b9cc-47f6-bde7-34d1aad8bc3f" testId="224121b0-bd55-b0f9-b633-9c4a8af584c9" testName="Microsoft.AspNetCore.Components.NavigationManagerTest.LocationChangingHandlers_AreCanceledBySuccessiveNavigations_WhenOneHandlerIsRegistered" computerName="pkrvmbietmlfzoi" duration="00:00:00.0131331" startTime="2025-07-02T22:04:17.5078650+00:00" endTime="2025-07-02T22:04:17.5220889+00:00" testType="13cdc9d9-ddb5-4fa4-a97d-d965ccfc6d4b" outcome="Passed" testListId="8c84fa94-04c1-424b-9868-57a2d4851a1d" relativeResultsDirectory="6f34b7af-b9cc-47f6-bde7-34d1aad8bc3f" />
    <UnitTestResult executionId="476d0618-8b00-4595-a170-926e6069b27f" testId="51ccd957-d985-433f-b36c-6d5b994d808c" testName="Microsoft.AspNetCore.Components.EventCallbackTest.EventCallbackOfT_FuncTask_Null" computerName="pkrvmbietmlfzoi" duration="00:00:00.0039395" startTime="2025-07-02T22:04:17.9409218+00:00" endTime="2025-07-02T22:04:17.9431870+00:00" testType="13cdc9d9-ddb5-4fa4-a97d-d965ccfc6d4b" outcome="Passed" testListId="8c84fa94-04c1-424b-9868-57a2d4851a1d" relativeResultsDirectory="476d0618-8b00-4595-a170-926e6069b27f" />
    <UnitTestResult executionId="b79aa275-c191-44c2-ada1-826c7c677b88" testId="031d0fd0-f8b2-5e1c-4482-86c9b8e73d65" testName="Microsoft.AspNetCore.Components.EventCallbackFactoryBinderExtensionsTest.CreateBinder_NullableDouble" computerName="pkrvmbietmlfzoi" duration="00:00:00.0063029" startTime="2025-07-02T22:04:17.8832517+00:00" endTime="2025-07-02T22:04:17.8902266+00:00" testType="13cdc9d9-ddb5-4fa4-a97d-d965ccfc6d4b" outcome="Passed" testListId="8c84fa94-04c1-424b-9868-57a2d4851a1d" relativeResultsDirectory="b79aa275-c191-44c2-ada1-826c7c677b88" />
    <UnitTestResult executionId="14513e94-7d83-49b1-a523-8675c1e22e0f" testId="6614e17b-bc62-8541-4092-f82acac83ebf" testName="Microsoft.AspNetCore.Components.BindConverterTest.FormatValue_DateTime_Format" computerName="pkrvmbietmlfzoi" duration="00:00:00.0003229" startTime="2025-07-02T22:04:17.4121707+00:00" endTime="2025-07-02T22:04:17.4144418+00:00" testType="13cdc9d9-ddb5-4fa4-a97d-d965ccfc6d4b" outcome="Passed" testListId="8c84fa94-04c1-424b-9868-57a2d4851a1d" relativeResultsDirectory="14513e94-7d83-49b1-a523-8675c1e22e0f" />
    <UnitTestResult executionId="62952637-db99-42e4-874c-ba5dcd3e9c52" testId="6e0ac853-b27b-527e-ab8c-d8280aa08f66" testName="Microsoft.AspNetCore.Components.Test.RenderTreeDiffBuilderTest.HandlesInsertionOfUnkeyedItemsAroundKey" computerName="pkrvmbietmlfzoi" duration="00:00:00.0006072" startTime="2025-07-02T22:04:17.9781881+00:00" endTime="2025-07-02T22:04:17.9782775+00:00" testType="13cdc9d9-ddb5-4fa4-a97d-d965ccfc6d4b" outcome="Passed" testListId="8c84fa94-04c1-424b-9868-57a2d4851a1d" relativeResultsDirectory="62952637-db99-42e4-874c-ba5dcd3e9c52" />
    <UnitTestResult executionId="c6fc3389-28cf-4f1f-8d6f-b47b2e8f292f" testId="19dc1cf3-4704-ad67-94aa-288e5e6c6b35" testName="Microsoft.AspNetCore.Components.Routing.RoutePatternParserTests.InvalidTemplate_WithMismatchedBraces(template: &quot;{p/Literal&quot;, expectedMessage: &quot;There is an incomplete parameter in the route temp&quot;···)" computerName="pkrvmbietmlfzoi" duration="00:00:00.0000247" startTime="2025-07-02T22:04:17.8420867+00:00" endTime="2025-07-02T22:04:17.8421860+00:00" testType="13cdc9d9-ddb5-4fa4-a97d-d965ccfc6d4b" outcome="Passed" testListId="8c84fa94-04c1-424b-9868-57a2d4851a1d" relativeResultsDirectory="c6fc3389-28cf-4f1f-8d6f-b47b2e8f292f" />
    <UnitTestResult executionId="281cd058-2f5d-40b8-8bcf-b4d3480d947e" testId="85f76405-06c4-616c-b073-efe786c40b62" testName="Microsoft.AspNetCore.Components.Rendering.RenderTreeBuilderTest.CanAddNullComponentRenderMode" computerName="pkrvmbietmlfzoi" duration="00:00:00.0015272" startTime="2025-07-02T22:04:17.8649740+00:00" endTime="2025-07-02T22:04:17.8665634+00:00" testType="13cdc9d9-ddb5-4fa4-a97d-d965ccfc6d4b" outcome="Passed" testListId="8c84fa94-04c1-424b-9868-57a2d4851a1d" relativeResultsDirectory="281cd058-2f5d-40b8-8bcf-b4d3480d947e" />
    <UnitTestResult executionId="4d1dbf6d-a4c4-4478-94e8-bdbf60f01ea9" testId="f29c0848-a7ca-f136-1dcd-7586e9ef800e" testName="Microsoft.AspNetCore.Components.Test.RendererTest.SetParametersAsyncExceptionsCanBeHandledByClosestErrorBoundary_Sync" computerName="pkrvmbietmlfzoi" duration="00:00:00.0011040" startTime="2025-07-02T22:04:18.2441832+00:00" endTime="2025-07-02T22:04:18.2452699+00:00" testType="13cdc9d9-ddb5-4fa4-a97d-d965ccfc6d4b" outcome="Passed" testListId="8c84fa94-04c1-424b-9868-57a2d4851a1d" relativeResultsDirectory="4d1dbf6d-a4c4-4478-94e8-bdbf60f01ea9" />
    <UnitTestResult executionId="aafb7677-e9ed-4933-849d-cf51d997b7cc" testId="08f25456-1c66-a071-fe5d-652bad4ee49f" testName="Microsoft.AspNetCore.Components.EventCallbackFactoryBinderExtensionsTest.CreateBinder_NullableDateTimeOffset" computerName="pkrvmbietmlfzoi" duration="00:00:00.0071859" startTime="2025-07-02T22:04:17.8737701+00:00" endTime="2025-07-02T22:04:17.8818345+00:00" testType="13cdc9d9-ddb5-4fa4-a97d-d965ccfc6d4b" outcome="Passed" testListId="8c84fa94-04c1-424b-9868-57a2d4851a1d" relativeResultsDirectory="aafb7677-e9ed-4933-849d-cf51d997b7cc" />
    <UnitTestResult executionId="64005afd-af0f-4d34-b706-f592565bae72" testId="d4ebb818-3d73-36c8-00c0-19cf2def6827" testName="Microsoft.AspNetCore.Components.BindConverterTest.FormatValue_Bool_Generic" computerName="pkrvmbietmlfzoi" duration="00:00:00.0050498" startTime="2025-07-02T22:04:17.3943282+00:00" endTime="2025-07-02T22:04:17.3981088+00:00" testType="13cdc9d9-ddb5-4fa4-a97d-d965ccfc6d4b" outcome="Passed" testListId="8c84fa94-04c1-424b-9868-57a2d4851a1d" relativeResultsDirectory="64005afd-af0f-4d34-b706-f592565bae72" />
    <UnitTestResult executionId="1bbe1925-eaed-4401-9ddf-cd12a235960d" testId="febca7d2-42e6-1d75-e68e-53b2a645e318" testName="Microsoft.AspNetCore.Components.Routing.RouteTableFactoryTests.CanMatchRootTemplate" computerName="pkrvmbietmlfzoi" duration="00:00:00.0005215" startTime="2025-07-02T22:04:17.7685832+00:00" endTime="2025-07-02T22:04:17.7691624+00:00" testType="13cdc9d9-ddb5-4fa4-a97d-d965ccfc6d4b" outcome="Passed" testListId="8c84fa94-04c1-424b-9868-57a2d4851a1d" relativeResultsDirectory="1bbe1925-eaed-4401-9ddf-cd12a235960d" />
    <UnitTestResult executionId="6f826908-ed26-4186-89c4-3101fa4efb7d" testId="e4d0db74-56e0-0bee-d09b-6adcfb4cd190" testName="Microsoft.AspNetCore.Components.BindConverterTest.FormatValue_TimeOnly_Format" computerName="pkrvmbietmlfzoi" duration="00:00:00.0025533" startTime="2025-07-02T22:04:17.3984055+00:00" endTime="2025-07-02T22:04:17.4021332+00:00" testType="13cdc9d9-ddb5-4fa4-a97d-d965ccfc6d4b" outcome="Passed" testListId="8c84fa94-04c1-424b-9868-57a2d4851a1d" relativeResultsDirectory="6f826908-ed26-4186-89c4-3101fa4efb7d" />
    <UnitTestResult executionId="40aea8e2-c054-45d3-ad4f-21a3c545e19e" testId="2321d162-3ee9-2646-4041-1d981536d2bc" testName="Microsoft.AspNetCore.Components.Test.RenderTreeUpdaterTest.AddsAttributeIfNotFound" computerName="pkrvmbietmlfzoi" duration="00:00:00.0018950" startTime="2025-07-02T22:04:17.4150878+00:00" endTime="2025-07-02T22:04:17.4189437+00:00" testType="13cdc9d9-ddb5-4fa4-a97d-d965ccfc6d4b" outcome="Passed" testListId="8c84fa94-04c1-424b-9868-57a2d4851a1d" relativeResultsDirectory="40aea8e2-c054-45d3-ad4f-21a3c545e19e" />
    <UnitTestResult executionId="1e92db6a-9a1c-474d-b254-d004d7a0ecbf" testId="407c04f9-1da3-1372-6fb6-868c7e7c0961" testName="Microsoft.AspNetCore.Components.Test.RendererTest.ExceptionsReturnedUsingTaskFromExceptionCanBeHandled" computerName="pkrvmbietmlfzoi" duration="00:00:00.0006995" startTime="2025-07-02T22:04:19.3224202+00:00" endTime="2025-07-02T22:04:19.3230237+00:00" testType="13cdc9d9-ddb5-4fa4-a97d-d965ccfc6d4b" outcome="Passed" testListId="8c84fa94-04c1-424b-9868-57a2d4851a1d" relativeResultsDirectory="1e92db6a-9a1c-474d-b254-d004d7a0ecbf" />
    <UnitTestResult executionId="84a78aad-21e4-4af4-adb9-78af4742cf2d" testId="bb2c4065-5432-4767-1497-99410be3a63a" testName="Microsoft.AspNetCore.Components.Test.RenderTreeDiffBuilderTest.RecognizesNamedEventBeingMoved" computerName="pkrvmbietmlfzoi" duration="00:00:00.0008622" startTime="2025-07-02T22:04:18.0113901+00:00" endTime="2025-07-02T22:04:18.0117245+00:00" testType="13cdc9d9-ddb5-4fa4-a97d-d965ccfc6d4b" outcome="Passed" testListId="8c84fa94-04c1-424b-9868-57a2d4851a1d" relativeResultsDirectory="84a78aad-21e4-4af4-adb9-78af4742cf2d" />
    <UnitTestResult executionId="7aa49c5e-582d-4066-8a0c-d8e865c34d5d" testId="390041a8-330d-eda4-14e7-d1c2f194f98b" testName="Microsoft.AspNetCore.Components.EventCallbackFactoryBinderExtensionsTest.CreateBinder_DateTimeOffset_Format" computerName="pkrvmbietmlfzoi" duration="00:00:00.0085879" startTime="2025-07-02T22:04:17.7521101+00:00" endTime="2025-07-02T22:04:17.7647677+00:00" testType="13cdc9d9-ddb5-4fa4-a97d-d965ccfc6d4b" outcome="Passed" testListId="8c84fa94-04c1-424b-9868-57a2d4851a1d" relativeResultsDirectory="7aa49c5e-582d-4066-8a0c-d8e865c34d5d" />
    <UnitTestResult executionId="12e314a1-4e86-4219-9e20-ea552a27540d" testId="d920aa55-aba6-f502-79ed-eb08727df687" testName="Microsoft.AspNetCore.Components.Test.RendererTest.CanTriggerEventHandlerDisposedInEarlierPendingBatchAsync" computerName="pkrvmbietmlfzoi" duration="00:00:01.0038605" startTime="2025-07-02T22:04:18.2584039+00:00" endTime="2025-07-02T22:04:19.2618528+00:00" testType="13cdc9d9-ddb5-4fa4-a97d-d965ccfc6d4b" outcome="Passed" testListId="8c84fa94-04c1-424b-9868-57a2d4851a1d" relativeResultsDirectory="12e314a1-4e86-4219-9e20-ea552a27540d" />
    <UnitTestResult executionId="aed56de0-9ec1-418c-ae4b-17ea441fdd13" testId="8c66ed6a-c142-f4bf-b68a-07f6fe8c7b21" testName="Microsoft.AspNetCore.Components.Test.RendererTest.AsynchronousCancelledTasks_HandleAfterRender_Works" computerName="pkrvmbietmlfzoi" duration="00:00:00.0005719" startTime="2025-07-02T22:04:19.3173907+00:00" endTime="2025-07-02T22:04:19.3178622+00:00" testType="13cdc9d9-ddb5-4fa4-a97d-d965ccfc6d4b" outcome="Passed" testListId="8c84fa94-04c1-424b-9868-57a2d4851a1d" relativeResultsDirectory="aed56de0-9ec1-418c-ae4b-17ea441fdd13" />
    <UnitTestResult executionId="9245a3a6-6d4c-46ab-a0c2-6849bec59953" testId="6dcb3b51-98c4-1b8d-3c1e-b4bc3b6aed8a" testName="Microsoft.AspNetCore.Components.Test.RenderTreeDiffBuilderTest.RetainsChildComponentsForExistingFrames" computerName="pkrvmbietmlfzoi" duration="00:00:00.0007324" startTime="2025-07-02T22:04:17.9879006+00:00" endTime="2025-07-02T22:04:17.9896289+00:00" testType="13cdc9d9-ddb5-4fa4-a97d-d965ccfc6d4b" outcome="Passed" testListId="8c84fa94-04c1-424b-9868-57a2d4851a1d" relativeResultsDirectory="9245a3a6-6d4c-46ab-a0c2-6849bec59953" />
    <UnitTestResult executionId="d1e42c41-2118-400d-b35d-5e31bf51e8ba" testId="12e548d2-14a5-3439-dd11-0471d30fc9c8" testName="Microsoft.AspNetCore.Components.Rendering.RenderTreeBuilderTest.AddAttribute_Element_EventCallbackOfT_Default_DoesNotAddFrame" computerName="pkrvmbietmlfzoi" duration="00:00:00.0003243" startTime="2025-07-02T22:04:17.9175023+00:00" endTime="2025-07-02T22:04:17.9176028+00:00" testType="13cdc9d9-ddb5-4fa4-a97d-d965ccfc6d4b" outcome="Passed" testListId="8c84fa94-04c1-424b-9868-57a2d4851a1d" relativeResultsDirectory="d1e42c41-2118-400d-b35d-5e31bf51e8ba" />
    <UnitTestResult executionId="89dbcd59-47db-4be7-ae30-9df4bbe92748" testId="4daa5902-1ee6-c35c-487c-06b757ca7fa5" testName="Microsoft.AspNetCore.Components.ComponentFactoryTest.InstantiateComponent_WithNoRenderMode_DoesNotUseRenderModeResolver" computerName="pkrvmbietmlfzoi" duration="00:00:00.0006698" startTime="2025-07-02T22:04:17.7842225+00:00" endTime="2025-07-02T22:04:17.7898139+00:00" testType="13cdc9d9-ddb5-4fa4-a97d-d965ccfc6d4b" outcome="Passed" testListId="8c84fa94-04c1-424b-9868-57a2d4851a1d" relativeResultsDirectory="89dbcd59-47db-4be7-ae30-9df4bbe92748" />
    <UnitTestResult executionId="f9492fce-4a11-4d74-8828-6012fd7f32e9" testId="d0a990d1-0d36-df2e-10b3-4a1dd8cefbda" testName="Microsoft.AspNetCore.Components.Routing.RouteTableFactoryTests.OptionalParameterPlusCatchAllRoute(template: &quot;prefix/{parameter?}/{*catchAll}&quot;, path: &quot;/prefix/value/1/2/3/4/5&quot;, parameterValue: &quot;value&quot;, catchAllValue: &quot;1/2/3/4/5&quot;)" computerName="pkrvmbietmlfzoi" duration="00:00:00.0008510" startTime="2025-07-02T22:04:17.6751438+00:00" endTime="2025-07-02T22:04:17.6780527+00:00" testType="13cdc9d9-ddb5-4fa4-a97d-d965ccfc6d4b" outcome="Passed" testListId="8c84fa94-04c1-424b-9868-57a2d4851a1d" relativeResultsDirectory="f9492fce-4a11-4d74-8828-6012fd7f32e9" />
    <UnitTestResult executionId="859fcc57-1d41-41ad-a500-e88ffbfe3293" testId="871613c3-73ac-6af9-8fa3-26046d31030f" testName="Microsoft.AspNetCore.Components.Rendering.RendererSynchronizationContextTest.Post_CanRunAsynchronously_CaptureExecutionContext" computerName="pkrvmbietmlfzoi" duration="00:00:00.0016465" startTime="2025-07-02T22:04:17.9757967+00:00" endTime="2025-07-02T22:04:17.9777116+00:00" testType="13cdc9d9-ddb5-4fa4-a97d-d965ccfc6d4b" outcome="Passed" testListId="8c84fa94-04c1-424b-9868-57a2d4851a1d" relativeResultsDirectory="859fcc57-1d41-41ad-a500-e88ffbfe3293" />
    <UnitTestResult executionId="db4dcd5f-3446-4e40-92ac-426c6bea8b37" testId="bfe0045e-ee59-78a3-78a7-244d016d887c" testName="Microsoft.AspNetCore.Components.Test.RenderTreeDiffBuilderTest.CanMoveAfterInsertedItem" computerName="pkrvmbietmlfzoi" duration="00:00:00.0007725" startTime="2025-07-02T22:04:18.0055370+00:00" endTime="2025-07-02T22:04:18.0058193+00:00" testType="13cdc9d9-ddb5-4fa4-a97d-d965ccfc6d4b" outcome="Passed" testListId="8c84fa94-04c1-424b-9868-57a2d4851a1d" relativeResultsDirectory="db4dcd5f-3446-4e40-92ac-426c6bea8b37" />
    <UnitTestResult executionId="1081fbc7-e36d-4d6f-8482-f79ae200f703" testId="dbe6b303-e830-164b-9628-dd218ddee864" testName="Microsoft.AspNetCore.Components.Routing.QueryParameterValueSupplierTest.RejectsUnparseableArrayEntries(key: &quot;NullableDateTimeVals&quot;, validValue: &quot;2020-02-28&quot;, invalidValue: &quot;2020-02-31&quot;, targetType: typeof(DateTime?))" computerName="pkrvmbietmlfzoi" duration="00:00:00.0000801" startTime="2025-07-02T22:04:17.7438266+00:00" endTime="2025-07-02T22:04:17.7441497+00:00" testType="13cdc9d9-ddb5-4fa4-a97d-d965ccfc6d4b" outcome="Passed" testListId="8c84fa94-04c1-424b-9868-57a2d4851a1d" relativeResultsDirectory="1081fbc7-e36d-4d6f-8482-f79ae200f703" />
    <UnitTestResult executionId="0ab07961-394d-4390-9378-ba44f0df20fa" testId="0af89d2f-3c16-7d42-a0f5-a711e4c2d4f9" testName="Microsoft.AspNetCore.Components.EventCallbackFactoryBinderExtensionsTest.CreateBinder_Enum" computerName="pkrvmbietmlfzoi" duration="00:00:00.0131690" startTime="2025-07-02T22:04:17.6988035+00:00" endTime="2025-07-02T22:04:17.7230721+00:00" testType="13cdc9d9-ddb5-4fa4-a97d-d965ccfc6d4b" outcome="Passed" testListId="8c84fa94-04c1-424b-9868-57a2d4851a1d" relativeResultsDirectory="0ab07961-394d-4390-9378-ba44f0df20fa" />
    <UnitTestResult executionId="00be45cd-0449-4504-9052-9878af89e080" testId="6dfabc01-8554-4ccb-feac-c4dd52956441" testName="Microsoft.AspNetCore.Components.Routing.RouteTableFactoryTests.ThrowsForAmbiguousRoutes(first: &quot;{parameter}&quot;, second: &quot;{parameter?}&quot;)" computerName="pkrvmbietmlfzoi" duration="00:00:00.0009232" startTime="2025-07-02T22:04:17.5260653+00:00" endTime="2025-07-02T22:04:17.5269164+00:00" testType="13cdc9d9-ddb5-4fa4-a97d-d965ccfc6d4b" outcome="Passed" testListId="8c84fa94-04c1-424b-9868-57a2d4851a1d" relativeResultsDirectory="00be45cd-0449-4504-9052-9878af89e080" />
    <UnitTestResult executionId="5005b9dd-b8b1-40cd-9f39-32c3ea8c6771" testId="44a5b8cd-9e86-4a99-cab2-91b045fbf8b3" testName="Microsoft.AspNetCore.Components.Rendering.RenderTreeBuilderTest.CanAddText" computerName="pkrvmbietmlfzoi" duration="00:00:00.0039699" startTime="2025-07-02T22:04:17.8749245+00:00" endTime="2025-07-02T22:04:17.8809153+00:00" testType="13cdc9d9-ddb5-4fa4-a97d-d965ccfc6d4b" outcome="Passed" testListId="8c84fa94-04c1-424b-9868-57a2d4851a1d" relativeResultsDirectory="5005b9dd-b8b1-40cd-9f39-32c3ea8c6771" />
    <UnitTestResult executionId="44d22585-fc17-433c-9cb1-2397a291eebf" testId="cee55200-ca43-f89d-d226-dc0dce2d369d" testName="Microsoft.AspNetCore.Components.RenderTree.ArrayBuilderTest.AppendArray_LargerThanBuffer(size: 1023)" computerName="pkrvmbietmlfzoi" duration="00:00:00.0013348" startTime="2025-07-02T22:04:17.3469833+00:00" endTime="2025-07-02T22:04:17.3474741+00:00" testType="13cdc9d9-ddb5-4fa4-a97d-d965ccfc6d4b" outcome="Passed" testListId="8c84fa94-04c1-424b-9868-57a2d4851a1d" relativeResultsDirectory="44d22585-fc17-433c-9cb1-2397a291eebf" />
    <UnitTestResult executionId="9e461020-e917-4174-8b84-8c6c2c20e3cd" testId="e32f0b81-e73e-a007-e00c-d45b206f7160" testName="Microsoft.AspNetCore.Components.ComponentsActivitySourceTest.CaptureEventStopAsync_StopsActivityOnSuccessfulTask" computerName="pkrvmbietmlfzoi" duration="00:00:00.0006306" startTime="2025-07-02T22:04:17.8342863+00:00" endTime="2025-07-02T22:04:17.8345823+00:00" testType="13cdc9d9-ddb5-4fa4-a97d-d965ccfc6d4b" outcome="Passed" testListId="8c84fa94-04c1-424b-9868-57a2d4851a1d" relativeResultsDirectory="9e461020-e917-4174-8b84-8c6c2c20e3cd" />
    <UnitTestResult executionId="13b42c0a-6203-4a39-8dd7-1220749c27db" testId="b7df37af-0c80-61e1-5e4d-6d36ed7ff295" testName="Microsoft.AspNetCore.Components.Test.RendererTest.ThrowsForUnknownRenderMode_OnComponentType" computerName="pkrvmbietmlfzoi" duration="00:00:00.0005640" startTime="2025-07-02T22:04:19.2835160+00:00" endTime="2025-07-02T22:04:19.2836031+00:00" testType="13cdc9d9-ddb5-4fa4-a97d-d965ccfc6d4b" outcome="Passed" testListId="8c84fa94-04c1-424b-9868-57a2d4851a1d" relativeResultsDirectory="13b42c0a-6203-4a39-8dd7-1220749c27db" />
    <UnitTestResult executionId="f8dd2177-1a67-478c-9aa2-de4337d90420" testId="88de2572-1741-7a45-90ad-56ddedd73101" testName="Microsoft.AspNetCore.Components.ParameterViewTest.HasRemovedDirectParameters_OldNonEmpty_NewEmpty" computerName="pkrvmbietmlfzoi" duration="00:00:00.0002747" startTime="2025-07-02T22:04:17.5679235+00:00" endTime="2025-07-02T22:04:17.5683371+00:00" testType="13cdc9d9-ddb5-4fa4-a97d-d965ccfc6d4b" outcome="Passed" testListId="8c84fa94-04c1-424b-9868-57a2d4851a1d" relativeResultsDirectory="f8dd2177-1a67-478c-9aa2-de4337d90420" />
    <UnitTestResult executionId="0156a68d-1f23-42d1-bc8d-c01ec81367f9" testId="5d46a66c-72c0-889f-687a-d6d75134e2dc" testName="Microsoft.AspNetCore.Components.Test.RendererTest.RenderBatchIncludesListOfDisposedComponents" computerName="pkrvmbietmlfzoi" duration="00:00:00.0038754" startTime="2025-07-02T22:04:18.0147386+00:00" endTime="2025-07-02T22:04:18.0147842+00:00" testType="13cdc9d9-ddb5-4fa4-a97d-d965ccfc6d4b" outcome="Passed" testListId="8c84fa94-04c1-424b-9868-57a2d4851a1d" relativeResultsDirectory="0156a68d-1f23-42d1-bc8d-c01ec81367f9" />
    <UnitTestResult executionId="b24f7efe-5e3c-4f32-aafa-da7144265f56" testId="a144a834-f4a0-0a8d-9433-27998d1058a1" testName="Microsoft.AspNetCore.Components.Routing.RouteTableFactoryTests.DetectsAmbiguousRoutesNoFalsePositives(left: &quot;/{parameter}&quot;, right: &quot;/{{parameter}}&quot;)" computerName="pkrvmbietmlfzoi" duration="00:00:00.0004486" startTime="2025-07-02T22:04:17.8519146+00:00" endTime="2025-07-02T22:04:17.8522661+00:00" testType="13cdc9d9-ddb5-4fa4-a97d-d965ccfc6d4b" outcome="Passed" testListId="8c84fa94-04c1-424b-9868-57a2d4851a1d" relativeResultsDirectory="b24f7efe-5e3c-4f32-aafa-da7144265f56" />
    <UnitTestResult executionId="c3bf5c44-7f8b-4faf-889f-7684311aca70" testId="13f70ca0-df3a-1cbe-aaed-fa77112d156e" testName="Microsoft.AspNetCore.Components.Test.RendererTest.DispatchEventAsync_Delegate_SynchronousException" computerName="pkrvmbietmlfzoi" duration="00:00:00.0011030" startTime="2025-07-02T22:04:18.2470022+00:00" endTime="2025-07-02T22:04:18.2481223+00:00" testType="13cdc9d9-ddb5-4fa4-a97d-d965ccfc6d4b" outcome="Passed" testListId="8c84fa94-04c1-424b-9868-57a2d4851a1d" relativeResultsDirectory="c3bf5c44-7f8b-4faf-889f-7684311aca70" />
    <UnitTestResult executionId="c1944320-ca5a-4ab6-8f95-e3de6cd5d2bf" testId="4522da56-4d84-3792-605d-c84c61cc10a3" testName="Microsoft.AspNetCore.Components.Test.RenderTreeDiffBuilderTest.AssignsDistinctIdToNewElementReferenceCaptures" computerName="pkrvmbietmlfzoi" duration="00:00:00.0031901" startTime="2025-07-02T22:04:18.0031597+00:00" endTime="2025-07-02T22:04:18.0036067+00:00" testType="13cdc9d9-ddb5-4fa4-a97d-d965ccfc6d4b" outcome="Passed" testListId="8c84fa94-04c1-424b-9868-57a2d4851a1d" relativeResultsDirectory="c1944320-ca5a-4ab6-8f95-e3de6cd5d2bf" />
    <UnitTestResult executionId="581a6ba7-e15c-4d08-abec-7986e05b26c1" testId="3a943fc5-bd2d-6d2e-3b7f-72da9b065854" testName="Microsoft.AspNetCore.Components.NavigationManagerTest.LocationChangingHandlers_DoNotBubbleExceptionsThroughNotifyLocationChangingAsync_WhenOneHandlerIsRegistered" computerName="pkrvmbietmlfzoi" duration="00:00:00.0018667" startTime="2025-07-02T22:04:17.7311257+00:00" endTime="2025-07-02T22:04:17.7344107+00:00" testType="13cdc9d9-ddb5-4fa4-a97d-d965ccfc6d4b" outcome="Passed" testListId="8c84fa94-04c1-424b-9868-57a2d4851a1d" relativeResultsDirectory="581a6ba7-e15c-4d08-abec-7986e05b26c1" />
    <UnitTestResult executionId="7239dbac-b8ed-4ac2-bb7e-3aa75c613163" testId="c7ed20c4-55fa-6d9e-0bbb-de95715d635b" testName="Microsoft.AspNetCore.Components.Routing.RouteTableFactoryTests.CanMatchCatchAllParametersWithConstraints_NotMatchingRoute" computerName="pkrvmbietmlfzoi" duration="00:00:00.0005677" startTime="2025-07-02T22:04:17.8873828+00:00" endTime="2025-07-02T22:04:17.8878437+00:00" testType="13cdc9d9-ddb5-4fa4-a97d-d965ccfc6d4b" outcome="Passed" testListId="8c84fa94-04c1-424b-9868-57a2d4851a1d" relativeResultsDirectory="7239dbac-b8ed-4ac2-bb7e-3aa75c613163" />
    <UnitTestResult executionId="7c328983-b315-4949-a8cd-e2c3938188d1" testId="927cf6ea-fd09-23b0-55cc-ec26a94cec18" testName="Microsoft.AspNetCore.Components.Routing.QueryParameterValueSupplierTest.RejectsUnparseableValues(key: &quot;DecimalVal&quot;, value: &quot;1.2.3&quot;, targetType: typeof(decimal))" computerName="pkrvmbietmlfzoi" duration="00:00:00.0006912" startTime="2025-07-02T22:04:17.6657985+00:00" endTime="2025-07-02T22:04:17.6682636+00:00" testType="13cdc9d9-ddb5-4fa4-a97d-d965ccfc6d4b" outcome="Passed" testListId="8c84fa94-04c1-424b-9868-57a2d4851a1d" relativeResultsDirectory="7c328983-b315-4949-a8cd-e2c3938188d1" />
    <UnitTestResult executionId="5484366d-34cb-42a9-a8c2-4eb2b9333b81" testId="1080a8fb-c4f5-1740-e9b9-cd24db7a0bc9" testName="Microsoft.AspNetCore.Components.PersistentStateValueProviderTests.PersistAsync_CanPersistMultipleComponentsOfSameType_SupportsDifferentKeyTypes(componentKey1: 240, componentKey2: 15)" computerName="pkrvmbietmlfzoi" duration="00:00:00.0001930" startTime="2025-07-02T22:04:17.5350401+00:00" endTime="2025-07-02T22:04:17.5355242+00:00" testType="13cdc9d9-ddb5-4fa4-a97d-d965ccfc6d4b" outcome="Passed" testListId="8c84fa94-04c1-424b-9868-57a2d4851a1d" relativeResultsDirectory="5484366d-34cb-42a9-a8c2-4eb2b9333b81" />
    <UnitTestResult executionId="d34061c4-6a22-45ca-bd51-9eb9c3b39d2a" testId="d5de9f83-2f57-b974-7739-faa0c4f2faf2" testName="Microsoft.AspNetCore.Components.Rendering.RendererSynchronizationContextTest.InvokeAsync_Action_CanRethrowExceptions" computerName="pkrvmbietmlfzoi" duration="00:00:00.0090740" startTime="2025-07-02T22:04:17.2221983+00:00" endTime="2025-07-02T22:04:17.2512128+00:00" testType="13cdc9d9-ddb5-4fa4-a97d-d965ccfc6d4b" outcome="Passed" testListId="8c84fa94-04c1-424b-9868-57a2d4851a1d" relativeResultsDirectory="d34061c4-6a22-45ca-bd51-9eb9c3b39d2a" />
    <UnitTestResult executionId="b9a80d52-3bfb-40ab-8863-eb072094b108" testId="0105ab61-b4ce-b60c-0a0f-26130cf6e624" testName="Microsoft.AspNetCore.Components.RenderTree.ArrayBuilderTest.AppendArray_CopySubset" computerName="pkrvmbietmlfzoi" duration="00:00:00.0003170" startTime="2025-07-02T22:04:17.3687832+00:00" endTime="2025-07-02T22:04:17.3711459+00:00" testType="13cdc9d9-ddb5-4fa4-a97d-d965ccfc6d4b" outcome="Passed" testListId="8c84fa94-04c1-424b-9868-57a2d4851a1d" relativeResultsDirectory="b9a80d52-3bfb-40ab-8863-eb072094b108" />
    <UnitTestResult executionId="e7f34227-607b-4518-accb-63273a7c881c" testId="43d4320b-e5b8-c712-f626-0c1dbfa7b3d2" testName="Microsoft.AspNetCore.Components.Rendering.RenderTreeBuilderTest.AddAttribute_Component_ObjectEventCallback_AddsFrame" computerName="pkrvmbietmlfzoi" duration="00:00:00.0059863" startTime="2025-07-02T22:04:17.8517287+00:00" endTime="2025-07-02T22:04:17.8643124+00:00" testType="13cdc9d9-ddb5-4fa4-a97d-d965ccfc6d4b" outcome="Passed" testListId="8c84fa94-04c1-424b-9868-57a2d4851a1d" relativeResultsDirectory="e7f34227-607b-4518-accb-63273a7c881c" />
    <UnitTestResult executionId="3757946c-663e-4afb-9a02-b25605e2f376" testId="33bbdc2d-92fa-0698-cd73-1b7154d3d161" testName="Microsoft.AspNetCore.Components.Test.RendererTest.DispatchingEventsWithoutAsyncWorkShouldCompleteSynchronously" computerName="pkrvmbietmlfzoi" duration="00:00:00.0005238" startTime="2025-07-02T22:04:19.2978671+00:00" endTime="2025-07-02T22:04:19.2982981+00:00" testType="13cdc9d9-ddb5-4fa4-a97d-d965ccfc6d4b" outcome="Passed" testListId="8c84fa94-04c1-424b-9868-57a2d4851a1d" relativeResultsDirectory="3757946c-663e-4afb-9a02-b25605e2f376" />
    <UnitTestResult executionId="9bffed16-84cc-4b16-8773-56aa5fe7de9f" testId="087483bd-57c2-5232-4239-d7fa7bba02f0" testName="Microsoft.AspNetCore.Components.CascadingParameterStateTest.FindCascadingParameters_ConsumerSpecifiesNameButSupplierDoesNot_ReturnsEmpty" computerName="pkrvmbietmlfzoi" duration="00:00:00.0002598" startTime="2025-07-02T22:04:17.5247290+00:00" endTime="2025-07-02T22:04:17.5248747+00:00" testType="13cdc9d9-ddb5-4fa4-a97d-d965ccfc6d4b" outcome="Passed" testListId="8c84fa94-04c1-424b-9868-57a2d4851a1d" relativeResultsDirectory="9bffed16-84cc-4b16-8773-56aa5fe7de9f" />
    <UnitTestResult executionId="25db4646-fc15-4a07-9458-c2180ee90422" testId="341ffe2c-5a65-beea-7a5e-0bcf886d5f61" testName="Microsoft.AspNetCore.Components.Test.RendererTest.ExceptionThrownFromConstructor" computerName="pkrvmbietmlfzoi" duration="00:00:00.0011447" startTime="2025-07-02T22:04:18.2011667+00:00" endTime="2025-07-02T22:04:18.2023687+00:00" testType="13cdc9d9-ddb5-4fa4-a97d-d965ccfc6d4b" outcome="Passed" testListId="8c84fa94-04c1-424b-9868-57a2d4851a1d" relativeResultsDirectory="25db4646-fc15-4a07-9458-c2180ee90422" />
    <UnitTestResult executionId="54adbbc6-d847-4206-bdb7-92065b461d3c" testId="4d85beb5-b3cf-f79f-2298-16e1a3592899" testName="Microsoft.AspNetCore.Components.Test.RenderTreeDiffBuilderTest.RecognizesAttributesRemoved" computerName="pkrvmbietmlfzoi" duration="00:00:00.0004123" startTime="2025-07-02T22:04:18.0118897+00:00" endTime="2025-07-02T22:04:18.0119788+00:00" testType="13cdc9d9-ddb5-4fa4-a97d-d965ccfc6d4b" outcome="Passed" testListId="8c84fa94-04c1-424b-9868-57a2d4851a1d" relativeResultsDirectory="54adbbc6-d847-4206-bdb7-92065b461d3c" />
    <UnitTestResult executionId="4b3f8cc9-d98e-4c5d-997b-37e21d2b1e78" testId="1080a8fb-c4f5-1740-e9b9-cd24db7a0bc9" testName="Microsoft.AspNetCore.Components.PersistentStateValueProviderTests.PersistAsync_CanPersistMultipleComponentsOfSameType_SupportsDifferentKeyTypes(componentKey1: 123456.789, componentKey2: -123456.789)" computerName="pkrvmbietmlfzoi" duration="00:00:00.0010655" startTime="2025-07-02T22:04:17.5466775+00:00" endTime="2025-07-02T22:04:17.5479380+00:00" testType="13cdc9d9-ddb5-4fa4-a97d-d965ccfc6d4b" outcome="Passed" testListId="8c84fa94-04c1-424b-9868-57a2d4851a1d" relativeResultsDirectory="4b3f8cc9-d98e-4c5d-997b-37e21d2b1e78" />
    <UnitTestResult executionId="691f7fe6-f850-441c-930f-2ee95da8f331" testId="445fe214-f5e7-12a9-5342-bad235a2e291" testName="Microsoft.AspNetCore.Components.Routing.RouteTableFactoryTests.CanDiscoverRoutes_WithInheritance" computerName="pkrvmbietmlfzoi" duration="00:00:00.0030080" startTime="2025-07-02T22:04:17.7896872+00:00" endTime="2025-07-02T22:04:17.7941952+00:00" testType="13cdc9d9-ddb5-4fa4-a97d-d965ccfc6d4b" outcome="Passed" testListId="8c84fa94-04c1-424b-9868-57a2d4851a1d" relativeResultsDirectory="691f7fe6-f850-441c-930f-2ee95da8f331" />
    <UnitTestResult executionId="6ed8e547-a936-4e34-849f-f20d6d4a88ac" testId="15350bfc-6592-689c-6fc1-f72c5466fc9b" testName="Microsoft.AspNetCore.Components.Test.RenderTreeDiffBuilderTest.RecognizesAttributeStringValuesChanged" computerName="pkrvmbietmlfzoi" duration="00:00:00.0004708" startTime="2025-07-02T22:04:17.9727555+00:00" endTime="2025-07-02T22:04:17.9730663+00:00" testType="13cdc9d9-ddb5-4fa4-a97d-d965ccfc6d4b" outcome="Passed" testListId="8c84fa94-04c1-424b-9868-57a2d4851a1d" relativeResultsDirectory="6ed8e547-a936-4e34-849f-f20d6d4a88ac" />
    <UnitTestResult executionId="4b061d24-7fae-41e4-8deb-de0447e69c9d" testId="48ce432d-3a8c-36ef-40cb-40950264d0e0" testName="Microsoft.AspNetCore.Components.Routing.RouteTableFactoryTests.DetectsAmbiguousRoutesNoFalsePositives(left: &quot;/literal/{parameter}&quot;, right: &quot;/Literal/&quot;)" computerName="pkrvmbietmlfzoi" duration="00:00:00.0003412" startTime="2025-07-02T22:04:17.8564824+00:00" endTime="2025-07-02T22:04:17.8569371+00:00" testType="13cdc9d9-ddb5-4fa4-a97d-d965ccfc6d4b" outcome="Passed" testListId="8c84fa94-04c1-424b-9868-57a2d4851a1d" relativeResultsDirectory="4b061d24-7fae-41e4-8deb-de0447e69c9d" />
    <UnitTestResult executionId="8cc334f1-dc2b-4cfd-8d92-39405d6a051b" testId="15174ecc-e8e7-9804-ed43-c550532b51d6" testName="Microsoft.AspNetCore.Components.EventCallbackTest.EventCallbackOfT_ActionT_Arg" computerName="pkrvmbietmlfzoi" duration="00:00:00.0007605" startTime="2025-07-02T22:04:17.9042108+00:00" endTime="2025-07-02T22:04:17.9057049+00:00" testType="13cdc9d9-ddb5-4fa4-a97d-d965ccfc6d4b" outcome="Passed" testListId="8c84fa94-04c1-424b-9868-57a2d4851a1d" relativeResultsDirectory="8cc334f1-dc2b-4cfd-8d92-39405d6a051b" />
    <UnitTestResult executionId="a4594a4c-d530-4384-b635-bb1533f6ff5a" testId="3ec0d1ee-648d-7ea9-e514-26db9f4958a3" testName="Microsoft.AspNetCore.Components.Routing.RouteTableFactoryTests.CanMatchTemplateWithMultipleParametersAndCatchAllParameter" computerName="pkrvmbietmlfzoi" duration="00:00:00.0007584" startTime="2025-07-02T22:04:17.8839763+00:00" endTime="2025-07-02T22:04:17.8844563+00:00" testType="13cdc9d9-ddb5-4fa4-a97d-d965ccfc6d4b" outcome="Passed" testListId="8c84fa94-04c1-424b-9868-57a2d4851a1d" relativeResultsDirectory="a4594a4c-d530-4384-b635-bb1533f6ff5a" />
    <UnitTestResult executionId="38485b41-38b9-4411-9e51-239c2775b333" testId="5ea0ae64-cd16-806b-6a2a-03ea7decf6dc" testName="Microsoft.AspNetCore.Components.EventCallbackFactoryBinderExtensionsTest.CreateBinder_NullableDateTimeOffset_Format" computerName="pkrvmbietmlfzoi" duration="00:00:00.0162964" startTime="2025-07-02T22:04:17.6651329+00:00" endTime="2025-07-02T22:04:17.6893861+00:00" testType="13cdc9d9-ddb5-4fa4-a97d-d965ccfc6d4b" outcome="Passed" testListId="8c84fa94-04c1-424b-9868-57a2d4851a1d" relativeResultsDirectory="38485b41-38b9-4411-9e51-239c2775b333" />
    <UnitTestResult executionId="dada91e4-2109-4a16-8e20-37b5e9f0cf63" testId="048f892b-5fca-ad87-8ead-5d8bd0cce142" testName="Microsoft.AspNetCore.Components.Rendering.SimplifiedStringHashComparerTest.HashCodesAreCaseInsensitive" computerName="pkrvmbietmlfzoi" duration="00:00:00.0001415" startTime="2025-07-02T22:04:17.7698751+00:00" endTime="2025-07-02T22:04:17.7724658+00:00" testType="13cdc9d9-ddb5-4fa4-a97d-d965ccfc6d4b" outcome="Passed" testListId="8c84fa94-04c1-424b-9868-57a2d4851a1d" relativeResultsDirectory="dada91e4-2109-4a16-8e20-37b5e9f0cf63" />
    <UnitTestResult executionId="24269107-5e94-4fcf-9429-76df4ba7c76f" testId="733827a3-0c42-f54e-39ac-687f767b99f8" testName="Microsoft.AspNetCore.Components.Routing.RouteTableFactoryTests.CanMatchCatchAllParametersWithConstraints" computerName="pkrvmbietmlfzoi" duration="00:00:00.0010000" startTime="2025-07-02T22:04:17.8390649+00:00" endTime="2025-07-02T22:04:17.8391075+00:00" testType="13cdc9d9-ddb5-4fa4-a97d-d965ccfc6d4b" outcome="NotExecuted" testListId="8c84fa94-04c1-424b-9868-57a2d4851a1d" relativeResultsDirectory="24269107-5e94-4fcf-9429-76df4ba7c76f">
      <Output>
        <ErrorInfo>
          <Message>Matching on a per segment basis in ASP.NET is not supported for catch-alls</Message>
        </ErrorInfo>
      </Output>
    </UnitTestResult>
    <UnitTestResult executionId="3cbf2675-3516-4a7a-8889-ddd7c5918025" testId="bce2d6d3-d6e9-4a28-b02a-873c89117904" testName="Microsoft.AspNetCore.Components.ParameterViewTest.WorksWhenDynamicCodeNotSupported" computerName="pkrvmbietmlfzoi" duration="00:00:00.1483729" startTime="2025-07-02T22:04:17.5859550+00:00" endTime="2025-07-02T22:04:17.7392000+00:00" testType="13cdc9d9-ddb5-4fa4-a97d-d965ccfc6d4b" outcome="Passed" testListId="8c84fa94-04c1-424b-9868-57a2d4851a1d" relativeResultsDirectory="3cbf2675-3516-4a7a-8889-ddd7c5918025" />
    <UnitTestResult executionId="9252aeb1-c0b3-434b-a128-3765a2373aac" testId="b9427513-0672-b7bb-3974-a55b64eef8a9" testName="Microsoft.AspNetCore.Components.Test.RendererTest.BindWithAsynchronousSetter_MethodGroupToDelegate" computerName="pkrvmbietmlfzoi" duration="00:00:00.0039022" startTime="2025-07-02T22:04:17.9854845+00:00" endTime="2025-07-02T22:04:17.9872014+00:00" testType="13cdc9d9-ddb5-4fa4-a97d-d965ccfc6d4b" outcome="Passed" testListId="8c84fa94-04c1-424b-9868-57a2d4851a1d" relativeResultsDirectory="9252aeb1-c0b3-434b-a128-3765a2373aac" />
    <UnitTestResult executionId="ee85bf33-4300-438d-861a-ae7d5f011f14" testId="beaeebef-85e4-296b-fa59-603a5d4647c8" testName="Microsoft.AspNetCore.Components.Test.RenderTreeDiffBuilderTest.SkipsUnmodifiedSubtrees" computerName="pkrvmbietmlfzoi" duration="00:00:00.0006992" startTime="2025-07-02T22:04:17.9824565+00:00" endTime="2025-07-02T22:04:17.9828143+00:00" testType="13cdc9d9-ddb5-4fa4-a97d-d965ccfc6d4b" outcome="Passed" testListId="8c84fa94-04c1-424b-9868-57a2d4851a1d" relativeResultsDirectory="ee85bf33-4300-438d-861a-ae7d5f011f14" />
    <UnitTestResult executionId="89f4b05a-0163-41ba-8f53-55970ed54d7f" testId="4c1cf6ec-8f60-ec67-63a7-4e5375d7f9ea" testName="Microsoft.AspNetCore.Components.ParameterViewTest.IncomingParameterMatchesAnnotatedPrivateProperty_SetsValue" computerName="pkrvmbietmlfzoi" duration="00:00:00.0003071" startTime="2025-07-02T22:04:17.5206596+00:00" endTime="2025-07-02T22:04:17.5207727+00:00" testType="13cdc9d9-ddb5-4fa4-a97d-d965ccfc6d4b" outcome="Passed" testListId="8c84fa94-04c1-424b-9868-57a2d4851a1d" relativeResultsDirectory="89f4b05a-0163-41ba-8f53-55970ed54d7f" />
    <UnitTestResult executionId="4142210b-2f5b-44de-8ab8-00854b0faadc" testId="5e7178a5-bceb-2752-a237-12e45fbef457" testName="Microsoft.AspNetCore.Components.Test.CascadingParameterTest.CanSupplyCascadingValueFromServiceProviderUsingName" computerName="pkrvmbietmlfzoi" duration="00:00:00.0199089" startTime="2025-07-02T22:04:17.5084514+00:00" endTime="2025-07-02T22:04:17.5314933+00:00" testType="13cdc9d9-ddb5-4fa4-a97d-d965ccfc6d4b" outcome="Passed" testListId="8c84fa94-04c1-424b-9868-57a2d4851a1d" relativeResultsDirectory="4142210b-2f5b-44de-8ab8-00854b0faadc" />
    <UnitTestResult executionId="b5b57bac-561b-4535-954f-dc2a093cea73" testId="8c255e8a-9be7-62b5-6cf0-b53daa657b4c" testName="Microsoft.AspNetCore.Components.Test.RendererTest.PreservesChildComponentInstancesWithNoAttributes" computerName="pkrvmbietmlfzoi" duration="00:00:00.0015201" startTime="2025-07-02T22:04:17.9916377+00:00" endTime="2025-07-02T22:04:17.9921841+00:00" testType="13cdc9d9-ddb5-4fa4-a97d-d965ccfc6d4b" outcome="Passed" testListId="8c84fa94-04c1-424b-9868-57a2d4851a1d" relativeResultsDirectory="b5b57bac-561b-4535-954f-dc2a093cea73" />
    <UnitTestResult executionId="67dba545-383c-4ba5-8c0e-22847802b54e" testId="f98074d2-3b8b-29f1-c246-0726c93127e7" testName="Microsoft.AspNetCore.Components.ResourceAssetCollectionTest.ResolvingNoFingerprintedResourcesReturnsSameUrl" computerName="pkrvmbietmlfzoi" duration="00:00:00.0003110" startTime="2025-07-02T22:04:17.3878951+00:00" endTime="2025-07-02T22:04:17.3879930+00:00" testType="13cdc9d9-ddb5-4fa4-a97d-d965ccfc6d4b" outcome="Passed" testListId="8c84fa94-04c1-424b-9868-57a2d4851a1d" relativeResultsDirectory="67dba545-383c-4ba5-8c0e-22847802b54e" />
    <UnitTestResult executionId="f96ce05d-2748-4bb9-b914-5cc761cae36c" testId="1080a8fb-c4f5-1740-e9b9-cd24db7a0bc9" testName="Microsoft.AspNetCore.Components.PersistentStateValueProviderTests.PersistAsync_CanPersistMultipleComponentsOfSameType_SupportsDifferentKeyTypes(componentKey1: 2023-01-01T00:00:00.0000000, componentKey2: 2023-12-31T00:00:00.0000000)" computerName="pkrvmbietmlfzoi" duration="00:00:00.0023580" startTime="2025-07-02T22:04:17.5480930+00:00" endTime="2025-07-02T22:04:17.5601514+00:00" testType="13cdc9d9-ddb5-4fa4-a97d-d965ccfc6d4b" outcome="Passed" testListId="8c84fa94-04c1-424b-9868-57a2d4851a1d" relativeResultsDirectory="f96ce05d-2748-4bb9-b914-5cc761cae36c" />
    <UnitTestResult executionId="c1ac6087-8cb6-4f3a-ae92-37d05759444a" testId="f4ab9703-6ef6-e663-52f0-542ec15f2250" testName="Microsoft.AspNetCore.Components.Routing.RoutePatternParserTests.Parse_MultipleParameters" computerName="pkrvmbietmlfzoi" duration="00:00:00.0001847" startTime="2025-07-02T22:04:17.8598783+00:00" endTime="2025-07-02T22:04:17.8599706+00:00" testType="13cdc9d9-ddb5-4fa4-a97d-d965ccfc6d4b" outcome="Passed" testListId="8c84fa94-04c1-424b-9868-57a2d4851a1d" relativeResultsDirectory="c1ac6087-8cb6-4f3a-ae92-37d05759444a" />
    <UnitTestResult executionId="9910411e-4ada-4d5e-ac83-546f09b1498e" testId="53e250cc-3093-fbfb-a08c-ff13ad5482d9" testName="Microsoft.AspNetCore.Components.Routing.QueryParameterValueSupplierTest.AcceptsBlankValuesWhenNullable" computerName="pkrvmbietmlfzoi" duration="00:00:00.0002369" startTime="2025-07-02T22:04:17.8998758+00:00" endTime="2025-07-02T22:04:17.9007335+00:00" testType="13cdc9d9-ddb5-4fa4-a97d-d965ccfc6d4b" outcome="Passed" testListId="8c84fa94-04c1-424b-9868-57a2d4851a1d" relativeResultsDirectory="9910411e-4ada-4d5e-ac83-546f09b1498e" />
    <UnitTestResult executionId="a439bf8a-a6fe-49d5-9b03-5e2cfecfa965" testId="c47cd642-011d-92d4-7b02-291c36331e0f" testName="Microsoft.AspNetCore.Components.ResourceAssetCollectionTest.CanDetermineContentSpecificUrls" computerName="pkrvmbietmlfzoi" duration="00:00:00.0048256" startTime="2025-07-02T22:04:17.3869487+00:00" endTime="2025-07-02T22:04:17.3876361+00:00" testType="13cdc9d9-ddb5-4fa4-a97d-d965ccfc6d4b" outcome="Passed" testListId="8c84fa94-04c1-424b-9868-57a2d4851a1d" relativeResultsDirectory="a439bf8a-a6fe-49d5-9b03-5e2cfecfa965" />
    <UnitTestResult executionId="79406506-304d-4acc-88b9-7b7e93409fac" testId="9e45bbf7-9b38-a56c-d6b6-0921e2c45ca2" testName="Microsoft.AspNetCore.Components.Routing.QueryParameterValueSupplierTest.RejectsBlankValuesWhenNotNullable(key: &quot;DateTimeVal&quot;, targetType: typeof(System.DateTime))" computerName="pkrvmbietmlfzoi" duration="00:00:00.0000401" startTime="2025-07-02T22:04:17.7693196+00:00" endTime="2025-07-02T22:04:17.7721901+00:00" testType="13cdc9d9-ddb5-4fa4-a97d-d965ccfc6d4b" outcome="Passed" testListId="8c84fa94-04c1-424b-9868-57a2d4851a1d" relativeResultsDirectory="79406506-304d-4acc-88b9-7b7e93409fac" />
    <UnitTestResult executionId="77b02f77-329b-4b61-aaf9-90237c741cf7" testId="83689a74-853d-0bdd-638e-aafb982eedcb" testName="Microsoft.AspNetCore.Components.ParameterViewTest.IncomingCascadingParameterMatchesPropertyNotPublic_Works" computerName="pkrvmbietmlfzoi" duration="00:00:00.0004368" startTime="2025-07-02T22:04:17.5210387+00:00" endTime="2025-07-02T22:04:17.5211333+00:00" testType="13cdc9d9-ddb5-4fa4-a97d-d965ccfc6d4b" outcome="Passed" testListId="8c84fa94-04c1-424b-9868-57a2d4851a1d" relativeResultsDirectory="77b02f77-329b-4b61-aaf9-90237c741cf7" />
    <UnitTestResult executionId="3bd341f9-9ce9-4e6f-ba57-ee91144f7b1d" testId="1094b05a-c72e-1463-9b80-0a4701a83541" testName="Microsoft.AspNetCore.Components.Test.RendererTest.CannotAccessParameterViewAfterSynchronousReturn" computerName="pkrvmbietmlfzoi" duration="00:00:00.0020356" startTime="2025-07-02T22:04:18.2126784+00:00" endTime="2025-07-02T22:04:18.2135914+00:00" testType="13cdc9d9-ddb5-4fa4-a97d-d965ccfc6d4b" outcome="Passed" testListId="8c84fa94-04c1-424b-9868-57a2d4851a1d" relativeResultsDirectory="3bd341f9-9ce9-4e6f-ba57-ee91144f7b1d" />
    <UnitTestResult executionId="47fbed17-37e6-4f08-bac4-d13c6f0afd32" testId="1080a8fb-c4f5-1740-e9b9-cd24db7a0bc9" testName="Microsoft.AspNetCore.Components.PersistentStateValueProviderTests.PersistAsync_CanPersistMultipleComponentsOfSameType_SupportsDifferentKeyTypes(componentKey1: 3000000000, componentKey2: 1000000000)" computerName="pkrvmbietmlfzoi" duration="00:00:00.0010433" startTime="2025-07-02T22:04:17.5416939+00:00" endTime="2025-07-02T22:04:17.5429559+00:00" testType="13cdc9d9-ddb5-4fa4-a97d-d965ccfc6d4b" outcome="Passed" testListId="8c84fa94-04c1-424b-9868-57a2d4851a1d" relativeResultsDirectory="47fbed17-37e6-4f08-bac4-d13c6f0afd32" />
    <UnitTestResult executionId="ebb6ea78-1232-4520-957e-9669e774b802" testId="1fa5fbf1-63a6-d7c4-6c8c-69a791cf8b51" testName="Microsoft.AspNetCore.Components.Test.CascadingParameterTest.CanHaveManySubscribers(numSubscribers: 65)" computerName="pkrvmbietmlfzoi" duration="00:00:00.0476781" startTime="2025-07-02T22:04:17.5420402+00:00" endTime="2025-07-02T22:04:17.5867583+00:00" testType="13cdc9d9-ddb5-4fa4-a97d-d965ccfc6d4b" outcome="Passed" testListId="8c84fa94-04c1-424b-9868-57a2d4851a1d" relativeResultsDirectory="ebb6ea78-1232-4520-957e-9669e774b802" />
    <UnitTestResult executionId="5f3daaff-c750-4a65-b6d9-5d2b6b18aabb" testId="d3d53410-422a-1c14-c027-c0915287fc82" testName="Microsoft.AspNetCore.Components.ComponentsActivitySourceTest.StartEventActivity_HandlesNullValues" computerName="pkrvmbietmlfzoi" duration="00:00:00.0001903" startTime="2025-07-02T22:04:17.8304182+00:00" endTime="2025-07-02T22:04:17.8334351+00:00" testType="13cdc9d9-ddb5-4fa4-a97d-d965ccfc6d4b" outcome="Passed" testListId="8c84fa94-04c1-424b-9868-57a2d4851a1d" relativeResultsDirectory="5f3daaff-c750-4a65-b6d9-5d2b6b18aabb" />
    <UnitTestResult executionId="d30f9581-feb8-4d38-af70-c8e7edbda670" testId="5ac978f3-6caf-0d7e-a362-f33d3c6fcb75" testName="Microsoft.AspNetCore.Components.Routing.RoutePatternParserTests.Parse_MultipleOptionalParameters" computerName="pkrvmbietmlfzoi" duration="00:00:00.0002058" startTime="2025-07-02T22:04:17.8575842+00:00" endTime="2025-07-02T22:04:17.8576785+00:00" testType="13cdc9d9-ddb5-4fa4-a97d-d965ccfc6d4b" outcome="Passed" testListId="8c84fa94-04c1-424b-9868-57a2d4851a1d" relativeResultsDirectory="d30f9581-feb8-4d38-af70-c8e7edbda670" />
    <UnitTestResult executionId="0fd1e91a-293c-4e07-bd7e-74557596c236" testId="8fbd8a0a-574b-04d8-be31-f1dd7753151e" testName="Microsoft.AspNetCore.Components.Test.RendererTest.CannotDispatchEventsWithUnknownEventHandlers" computerName="pkrvmbietmlfzoi" duration="00:00:00.0005942" startTime="2025-07-02T22:04:18.0115593+00:00" endTime="2025-07-02T22:04:18.0116206+00:00" testType="13cdc9d9-ddb5-4fa4-a97d-d965ccfc6d4b" outcome="Passed" testListId="8c84fa94-04c1-424b-9868-57a2d4851a1d" relativeResultsDirectory="0fd1e91a-293c-4e07-bd7e-74557596c236" />
    <UnitTestResult executionId="136999cd-17f2-436e-9f9a-85ef810aea15" testId="1080a8fb-c4f5-1740-e9b9-cd24db7a0bc9" testName="Microsoft.AspNetCore.Components.PersistentStateValueProviderTests.PersistAsync_CanPersistMultipleComponentsOfSameType_SupportsDifferentKeyTypes(componentKey1: 2023-01-01T00:00:00.0000000+00:00, componentKey2: 2023-12-31T00:00:00.0000000+00:00)" computerName="pkrvmbietmlfzoi" duration="00:00:00.0001521" startTime="2025-07-02T22:04:17.5622994+00:00" endTime="2025-07-02T22:04:17.5624438+00:00" testType="13cdc9d9-ddb5-4fa4-a97d-d965ccfc6d4b" outcome="Passed" testListId="8c84fa94-04c1-424b-9868-57a2d4851a1d" relativeResultsDirectory="136999cd-17f2-436e-9f9a-85ef810aea15" />
    <UnitTestResult executionId="797776c9-934a-47c0-a847-5b5ad2e91bc4" testId="46283aee-1692-fc12-8d62-a4120659cd53" testName="Microsoft.AspNetCore.Components.Test.RendererTest.EventDispatching_EventCallback_NoTargetLambda" computerName="pkrvmbietmlfzoi" duration="00:00:00.0014689" startTime="2025-07-02T22:04:17.9903299+00:00" endTime="2025-07-02T22:04:17.9904018+00:00" testType="13cdc9d9-ddb5-4fa4-a97d-d965ccfc6d4b" outcome="Passed" testListId="8c84fa94-04c1-424b-9868-57a2d4851a1d" relativeResultsDirectory="797776c9-934a-47c0-a847-5b5ad2e91bc4" />
    <UnitTestResult executionId="7299c0c5-99dc-4440-a27b-ecd058609451" testId="62fa1efb-e140-139a-0624-9c7d6df06c4e" testName="Microsoft.AspNetCore.Components.Rendering.RendererSynchronizationContextTest.Send_CanRunSynchronously" computerName="pkrvmbietmlfzoi" duration="00:00:00.0003273" startTime="2025-07-02T22:04:17.9893645+00:00" endTime="2025-07-02T22:04:17.9895872+00:00" testType="13cdc9d9-ddb5-4fa4-a97d-d965ccfc6d4b" outcome="Passed" testListId="8c84fa94-04c1-424b-9868-57a2d4851a1d" relativeResultsDirectory="7299c0c5-99dc-4440-a27b-ecd058609451" />
    <UnitTestResult executionId="7edd15ff-8cd2-444c-9425-68908d4802b5" testId="8482b377-00a0-4ea8-3f72-6eb94a495858" testName="Microsoft.AspNetCore.Components.Rendering.RenderTreeBuilderTest.IgnoresNullElementKey" computerName="pkrvmbietmlfzoi" duration="00:00:00.0003836" startTime="2025-07-02T22:04:17.8736564+00:00" endTime="2025-07-02T22:04:17.8746685+00:00" testType="13cdc9d9-ddb5-4fa4-a97d-d965ccfc6d4b" outcome="Passed" testListId="8c84fa94-04c1-424b-9868-57a2d4851a1d" relativeResultsDirectory="7edd15ff-8cd2-444c-9425-68908d4802b5" />
    <UnitTestResult executionId="2cfd7fc5-f39e-45d3-bbf1-08d0365ec5b8" testId="ab060d23-8fbc-a0c9-48be-62a77b16a0f3" testName="Microsoft.AspNetCore.Components.EventCallbackFactoryTest.CreateT_FuncTask_DifferentReceiver" computerName="pkrvmbietmlfzoi" duration="00:00:00.0002405" startTime="2025-07-02T22:04:17.6480182+00:00" endTime="2025-07-02T22:04:17.6481235+00:00" testType="13cdc9d9-ddb5-4fa4-a97d-d965ccfc6d4b" outcome="Passed" testListId="8c84fa94-04c1-424b-9868-57a2d4851a1d" relativeResultsDirectory="2cfd7fc5-f39e-45d3-bbf1-08d0365ec5b8" />
    <UnitTestResult executionId="1d4e13ab-630a-4ad0-b403-0c2f0c090f75" testId="b65d77de-a8df-0e3b-cf09-5e3d22c2cb8f" testName="Microsoft.AspNetCore.Components.Routing.RouteTableFactoryTests.ThrowsWhenCatchAllIsNotTheLastSegment(template: &quot;{*catchall}/{parameter?}&quot;)" computerName="pkrvmbietmlfzoi" duration="00:00:00.0003231" startTime="2025-07-02T22:04:17.6990889+00:00" endTime="2025-07-02T22:04:17.6991783+00:00" testType="13cdc9d9-ddb5-4fa4-a97d-d965ccfc6d4b" outcome="Passed" testListId="8c84fa94-04c1-424b-9868-57a2d4851a1d" relativeResultsDirectory="1d4e13ab-630a-4ad0-b403-0c2f0c090f75" />
    <UnitTestResult executionId="65028c18-94d6-4813-94ae-d7b89db95dd3" testId="38adab21-fb23-2c8d-2eea-cf1eafb03982" testName="Microsoft.AspNetCore.Components.Rendering.RenderTreeBuilderTest.AddAttribute_Element_StringValue_AddsFrame" computerName="pkrvmbietmlfzoi" duration="00:00:00.0003882" startTime="2025-07-02T22:04:17.4817954+00:00" endTime="2025-07-02T22:04:17.4823154+00:00" testType="13cdc9d9-ddb5-4fa4-a97d-d965ccfc6d4b" outcome="Passed" testListId="8c84fa94-04c1-424b-9868-57a2d4851a1d" relativeResultsDirectory="65028c18-94d6-4813-94ae-d7b89db95dd3" />
    <UnitTestResult executionId="80e94827-9adc-48c1-9874-08ebe82667fc" testId="025a149b-7aca-8565-8491-c98419688333" testName="Microsoft.AspNetCore.Components.NavigationManagerTest.GetUriWithQueryParameter_AppendsWhenParameterDoesNotExist(baseUri: &quot;scheme://host/?age=42#hash&quot;, expectedUri: &quot;scheme://host/?age=42&amp;name=John%20Doe#hash&quot;)" computerName="pkrvmbietmlfzoi" duration="00:00:00.0000203" startTime="2025-07-02T22:04:17.5048947+00:00" endTime="2025-07-02T22:04:17.5049775+00:00" testType="13cdc9d9-ddb5-4fa4-a97d-d965ccfc6d4b" outcome="Passed" testListId="8c84fa94-04c1-424b-9868-57a2d4851a1d" relativeResultsDirectory="80e94827-9adc-48c1-9874-08ebe82667fc" />
    <UnitTestResult executionId="e3de16cf-828d-48c2-a9ef-7a5ab0f21ec6" testId="f07e0260-7c4e-b3c7-977a-304866560796" testName="Microsoft.AspNetCore.Components.Routing.QueryParameterValueSupplierTest.RejectsUnparseableArrayEntries(key: &quot;NullableGuidVals&quot;, validValue: &quot;9e7257ad-03aa-42c7-9819-be08b177fef9&quot;, invalidValue: &quot;123456-789-0&quot;, targetType: typeof(Guid?))" computerName="pkrvmbietmlfzoi" duration="00:00:00.0000517" startTime="2025-07-02T22:04:17.7443721+00:00" endTime="2025-07-02T22:04:17.7454813+00:00" testType="13cdc9d9-ddb5-4fa4-a97d-d965ccfc6d4b" outcome="Passed" testListId="8c84fa94-04c1-424b-9868-57a2d4851a1d" relativeResultsDirectory="e3de16cf-828d-48c2-a9ef-7a5ab0f21ec6" />
    <UnitTestResult executionId="1e772392-672b-49e6-bf0d-8bc8c8055254" testId="1080a8fb-c4f5-1740-e9b9-cd24db7a0bc9" testName="Microsoft.AspNetCore.Components.PersistentStateValueProviderTests.PersistAsync_CanPersistMultipleComponentsOfSameType_SupportsDifferentKeyTypes(componentKey1: 18446744073709551615, componentKey2: 1)" computerName="pkrvmbietmlfzoi" duration="00:00:00.0001873" startTime="2025-07-02T22:04:17.5432290+00:00" endTime="2025-07-02T22:04:17.5433159+00:00" testType="13cdc9d9-ddb5-4fa4-a97d-d965ccfc6d4b" outcome="Passed" testListId="8c84fa94-04c1-424b-9868-57a2d4851a1d" relativeResultsDirectory="1e772392-672b-49e6-bf0d-8bc8c8055254" />
    <UnitTestResult executionId="2660e0ac-aa52-4260-bf42-a8be4d465bef" testId="1ec0b590-f07f-8c5e-783d-abcfa6676d4e" testName="Microsoft.AspNetCore.Components.Routing.RouteTableFactoryTests.ThrowsForAmbiguousRoutes(first: &quot;{parameter:int}&quot;, second: &quot;{parameter:bool?}&quot;)" computerName="pkrvmbietmlfzoi" duration="00:00:00.0885544" startTime="2025-07-02T22:04:17.4220421+00:00" endTime="2025-07-02T22:04:17.5259131+00:00" testType="13cdc9d9-ddb5-4fa4-a97d-d965ccfc6d4b" outcome="Passed" testListId="8c84fa94-04c1-424b-9868-57a2d4851a1d" relativeResultsDirectory="2660e0ac-aa52-4260-bf42-a8be4d465bef" />
    <UnitTestResult executionId="74db96bb-55a1-4be3-a5de-b40ced8024b3" testId="bd9d6bfc-12a0-dcd7-3d5c-9eb15f677bf4" testName="Microsoft.AspNetCore.Components.Rendering.RenderTreeBuilderTest.AddAttribute_Element_NullAction_IgnoresFrame" computerName="pkrvmbietmlfzoi" duration="00:00:00.0003665" startTime="2025-07-02T22:04:17.9072741+00:00" endTime="2025-07-02T22:04:17.9074034+00:00" testType="13cdc9d9-ddb5-4fa4-a97d-d965ccfc6d4b" outcome="Passed" testListId="8c84fa94-04c1-424b-9868-57a2d4851a1d" relativeResultsDirectory="74db96bb-55a1-4be3-a5de-b40ced8024b3" />
    <UnitTestResult executionId="5616a279-2f90-4506-98ca-8b7acf74bc04" testId="216e9fac-e2de-b0ba-3476-e578302ac035" testName="Microsoft.AspNetCore.Components.Rendering.RenderTreeBuilderTest.AddAttribute_Component_ObjectAction_SetsAttributeValue" computerName="pkrvmbietmlfzoi" duration="00:00:00.0005776" startTime="2025-07-02T22:04:17.9246250+00:00" endTime="2025-07-02T22:04:17.9263925+00:00" testType="13cdc9d9-ddb5-4fa4-a97d-d965ccfc6d4b" outcome="Passed" testListId="8c84fa94-04c1-424b-9868-57a2d4851a1d" relativeResultsDirectory="5616a279-2f90-4506-98ca-8b7acf74bc04" />
    <UnitTestResult executionId="3fa5e48b-3c3e-4444-8048-ccb6f9a73f7f" testId="5797148e-1243-f07f-740f-e334ef9d064d" testName="Microsoft.AspNetCore.Components.ParameterViewTest.CanTryGetNonExistingValue" computerName="pkrvmbietmlfzoi" duration="00:00:00.0002293" startTime="2025-07-02T22:04:17.5770298+00:00" endTime="2025-07-02T22:04:17.5771236+00:00" testType="13cdc9d9-ddb5-4fa4-a97d-d965ccfc6d4b" outcome="Passed" testListId="8c84fa94-04c1-424b-9868-57a2d4851a1d" relativeResultsDirectory="3fa5e48b-3c3e-4444-8048-ccb6f9a73f7f" />
    <UnitTestResult executionId="e65410d1-d727-4bfb-b656-31faa2b6b5ed" testId="8fcc0e5f-ae1b-78c2-45ea-f52e1f28f54e" testName="Microsoft.AspNetCore.Components.ComponentsMetricsTest.ComponentLifecycle_RecordsAllMetricsCorrectly" computerName="pkrvmbietmlfzoi" duration="00:00:00.1427816" startTime="2025-07-02T22:04:17.6153820+00:00" endTime="2025-07-02T22:04:17.7700053+00:00" testType="13cdc9d9-ddb5-4fa4-a97d-d965ccfc6d4b" outcome="Passed" testListId="8c84fa94-04c1-424b-9868-57a2d4851a1d" relativeResultsDirectory="e65410d1-d727-4bfb-b656-31faa2b6b5ed" />
    <UnitTestResult executionId="f93f9c65-c799-4cfa-9288-edad04f1d0d8" testId="fe703ec9-27b6-a4ed-366d-0f45e834770f" testName="Microsoft.AspNetCore.Components.NavigationManagerTest.LocationChangingHandlers_CanCancelTheNavigationSynchronously_WhenMultipleHandlersAreRegistered" computerName="pkrvmbietmlfzoi" duration="00:00:00.0032237" startTime="2025-07-02T22:04:17.6035533+00:00" endTime="2025-07-02T22:04:17.6044535+00:00" testType="13cdc9d9-ddb5-4fa4-a97d-d965ccfc6d4b" outcome="Passed" testListId="8c84fa94-04c1-424b-9868-57a2d4851a1d" relativeResultsDirectory="f93f9c65-c799-4cfa-9288-edad04f1d0d8" />
    <UnitTestResult executionId="03ba0fe3-c297-4d1c-8cff-50598562e69a" testId="eb9d99b6-0ee8-72f2-6b24-e2170bc33e9c" testName="Microsoft.AspNetCore.Components.Routing.RoutePatternParserTests.InvalidTemplate_InvalidParameterNameWithEmptyNameThrows" computerName="pkrvmbietmlfzoi" duration="00:00:00.0002636" startTime="2025-07-02T22:04:17.8557717+00:00" endTime="2025-07-02T22:04:17.8558973+00:00" testType="13cdc9d9-ddb5-4fa4-a97d-d965ccfc6d4b" outcome="Passed" testListId="8c84fa94-04c1-424b-9868-57a2d4851a1d" relativeResultsDirectory="03ba0fe3-c297-4d1c-8cff-50598562e69a" />
    <UnitTestResult executionId="756a8bb8-30a6-45ea-af58-5e9ca40e84e4" testId="85419654-c790-2540-dde0-ac744e0ba38f" testName="Microsoft.AspNetCore.Components.Routing.QueryParameterValueSupplierTest.EmptyStringArrayValuesAreSuppliedAsEmptyStrings" computerName="pkrvmbietmlfzoi" duration="00:00:00.0015885" startTime="2025-07-02T22:04:17.9048410+00:00" endTime="2025-07-02T22:04:17.9076961+00:00" testType="13cdc9d9-ddb5-4fa4-a97d-d965ccfc6d4b" outcome="Passed" testListId="8c84fa94-04c1-424b-9868-57a2d4851a1d" relativeResultsDirectory="756a8bb8-30a6-45ea-af58-5e9ca40e84e4" />
    <UnitTestResult executionId="d8b4a61e-1a01-4683-9063-a2682b6050a8" testId="7cc66c2f-1389-fe70-0939-361d757d3492" testName="Microsoft.AspNetCore.Components.ComponentStatePersistenceManagerTest.PersistStateAsync_ContinuesInvokingPauseCallbacksDuringPersistIfACallbackThrows" computerName="pkrvmbietmlfzoi" duration="00:00:00.0011720" startTime="2025-07-02T22:04:17.9871291+00:00" endTime="2025-07-02T22:04:17.9894416+00:00" testType="13cdc9d9-ddb5-4fa4-a97d-d965ccfc6d4b" outcome="Passed" testListId="8c84fa94-04c1-424b-9868-57a2d4851a1d" relativeResultsDirectory="d8b4a61e-1a01-4683-9063-a2682b6050a8" />
    <UnitTestResult executionId="12bf1ca2-20c9-414e-bf1a-12b3bb5524c6" testId="a33bb911-4a24-8977-e71d-e3b8ace029c2" testName="Microsoft.AspNetCore.Components.Test.RenderTreeDiffBuilderTest.RecognizesSimultaneousKeyedElementInsertionsAndDeletions" computerName="pkrvmbietmlfzoi" duration="00:00:00.0006362" startTime="2025-07-02T22:04:17.9999967+00:00" endTime="2025-07-02T22:04:18.0000778+00:00" testType="13cdc9d9-ddb5-4fa4-a97d-d965ccfc6d4b" outcome="Passed" testListId="8c84fa94-04c1-424b-9868-57a2d4851a1d" relativeResultsDirectory="12bf1ca2-20c9-414e-bf1a-12b3bb5524c6" />
    <UnitTestResult executionId="ee5507d6-69d8-4d82-adc1-7b10c4d228b2" testId="35ceb303-ff3d-80e6-3119-27b1e508a879" testName="Microsoft.AspNetCore.Components.ParameterViewTest.HasRemovedDirectParameters_ParameterReplacedAndAdded" computerName="pkrvmbietmlfzoi" duration="00:00:00.0004532" startTime="2025-07-02T22:04:17.5763812+00:00" endTime="2025-07-02T22:04:17.5767669+00:00" testType="13cdc9d9-ddb5-4fa4-a97d-d965ccfc6d4b" outcome="Passed" testListId="8c84fa94-04c1-424b-9868-57a2d4851a1d" relativeResultsDirectory="ee5507d6-69d8-4d82-adc1-7b10c4d228b2" />
    <UnitTestResult executionId="f45b0567-5f66-48de-8fc9-2012f4af3aad" testId="4ffe5b63-7ff2-196f-6471-65315e48ce9f" testName="Microsoft.AspNetCore.Components.Test.RouteViewTest.PageLayoutSupersedesDefaultLayout" computerName="pkrvmbietmlfzoi" duration="00:00:00.0017512" startTime="2025-07-02T22:04:17.4143168+00:00" endTime="2025-07-02T22:04:17.4164576+00:00" testType="13cdc9d9-ddb5-4fa4-a97d-d965ccfc6d4b" outcome="Passed" testListId="8c84fa94-04c1-424b-9868-57a2d4851a1d" relativeResultsDirectory="f45b0567-5f66-48de-8fc9-2012f4af3aad" />
    <UnitTestResult executionId="b9ca862d-e243-4273-a2fb-1e56eb00f8d9" testId="b388759f-a49d-99d5-8209-71e56f780616" testName="Microsoft.AspNetCore.Components.Rendering.RenderTreeBuilderTest.AddAttribute_Component_EventHandlerValue_SetsAttributeValue(value: Action`1 { Method = Void &lt;get_EventHandlerValues&gt;b__60_0(System.EventArgs), Target = &lt;&gt;c { } })" computerName="pkrvmbietmlfzoi" duration="00:00:00.0002433" startTime="2025-07-02T22:04:17.9506928+00:00" endTime="2025-07-02T22:04:17.9507385+00:00" testType="13cdc9d9-ddb5-4fa4-a97d-d965ccfc6d4b" outcome="Passed" testListId="8c84fa94-04c1-424b-9868-57a2d4851a1d" relativeResultsDirectory="b9ca862d-e243-4273-a2fb-1e56eb00f8d9" />
    <UnitTestResult executionId="1ab0be88-f8c9-421b-b559-7b2cad07944a" testId="6b98b11a-8ccf-6f7d-4eb5-1584f44c69bf" testName="Microsoft.AspNetCore.Components.Test.RenderTreeUpdaterTest.OmitsAttributeIfNotFoundButValueIsOmissible" computerName="pkrvmbietmlfzoi" duration="00:00:00.0122648" startTime="2025-07-02T22:04:17.4039820+00:00" endTime="2025-07-02T22:04:17.4083443+00:00" testType="13cdc9d9-ddb5-4fa4-a97d-d965ccfc6d4b" outcome="Passed" testListId="8c84fa94-04c1-424b-9868-57a2d4851a1d" relativeResultsDirectory="1ab0be88-f8c9-421b-b559-7b2cad07944a" />
    <UnitTestResult executionId="7b5e0cf3-a725-414b-9e36-ed399fddae74" testId="6f5bab29-d127-b76d-8e6a-1c83edea3a67" testName="Microsoft.AspNetCore.Components.Test.RendererTest.CanRenderAsyncComponentsWithSyncChildComponents" computerName="pkrvmbietmlfzoi" duration="00:00:00.0018193" startTime="2025-07-02T22:04:19.3348550+00:00" endTime="2025-07-02T22:04:19.3367354+00:00" testType="13cdc9d9-ddb5-4fa4-a97d-d965ccfc6d4b" outcome="Passed" testListId="8c84fa94-04c1-424b-9868-57a2d4851a1d" relativeResultsDirectory="7b5e0cf3-a725-414b-9e36-ed399fddae74" />
    <UnitTestResult executionId="b0b32363-6857-41ac-ac25-f7e0124d6671" testId="1080a8fb-c4f5-1740-e9b9-cd24db7a0bc9" testName="Microsoft.AspNetCore.Components.PersistentStateValueProviderTests.PersistAsync_CanPersistMultipleComponentsOfSameType_SupportsDifferentKeyTypes(componentKey1: 3.1415926535897931, componentKey2: -3.1415926535897931)" computerName="pkrvmbietmlfzoi" duration="00:00:00.0001706" startTime="2025-07-02T22:04:17.5460844+00:00" endTime="2025-07-02T22:04:17.5465500+00:00" testType="13cdc9d9-ddb5-4fa4-a97d-d965ccfc6d4b" outcome="Passed" testListId="8c84fa94-04c1-424b-9868-57a2d4851a1d" relativeResultsDirectory="b0b32363-6857-41ac-ac25-f7e0124d6671" />
    <UnitTestResult executionId="69acee5d-37f5-4e40-85b4-5f3332579362" testId="423f9afa-c05a-5d5f-21f6-0f8e6db246cc" testName="Microsoft.AspNetCore.Components.Routing.RouteTableFactoryTests.CanCacheRouteTable" computerName="pkrvmbietmlfzoi" duration="00:00:00.0007207" startTime="2025-07-02T22:04:17.8046273+00:00" endTime="2025-07-02T22:04:17.8047174+00:00" testType="13cdc9d9-ddb5-4fa4-a97d-d965ccfc6d4b" outcome="Passed" testListId="8c84fa94-04c1-424b-9868-57a2d4851a1d" relativeResultsDirectory="69acee5d-37f5-4e40-85b4-5f3332579362" />
    <UnitTestResult executionId="e562bc10-1a28-442d-99ba-1f53ef1d204f" testId="99a569d2-9071-9f63-e184-d4a7bcd2446c" testName="Microsoft.AspNetCore.Components.Routing.RouteTableFactoryTests.CanMatchParameterTemplate(path: &quot;/d%C3%A9j%C3%A0%20vu/&quot;, expectedValue: &quot;déjà vu&quot;)" computerName="pkrvmbietmlfzoi" duration="00:00:00.0003453" startTime="2025-07-02T22:04:17.8137701+00:00" endTime="2025-07-02T22:04:17.8138708+00:00" testType="13cdc9d9-ddb5-4fa4-a97d-d965ccfc6d4b" outcome="Passed" testListId="8c84fa94-04c1-424b-9868-57a2d4851a1d" relativeResultsDirectory="e562bc10-1a28-442d-99ba-1f53ef1d204f" />
    <UnitTestResult executionId="548153e2-7979-4341-972d-c2834d1a0ec2" testId="0c3e8352-e59e-5e9d-2482-66bbd824a79d" testName="Microsoft.AspNetCore.Components.Test.RenderTreeDiffBuilderTest.AttributeDiff_WithSameSequenceNumber_AttributeRemovedInMiddle" computerName="pkrvmbietmlfzoi" duration="00:00:00.0010550" startTime="2025-07-02T22:04:17.9512506+00:00" endTime="2025-07-02T22:04:17.9532900+00:00" testType="13cdc9d9-ddb5-4fa4-a97d-d965ccfc6d4b" outcome="Passed" testListId="8c84fa94-04c1-424b-9868-57a2d4851a1d" relativeResultsDirectory="548153e2-7979-4341-972d-c2834d1a0ec2" />
    <UnitTestResult executionId="fa0930a5-6c65-4205-aa23-06665c2b6a3d" testId="4b295c11-bb0f-eb9d-22f7-da3873ab67a6" testName="Microsoft.AspNetCore.Components.Routing.RouterTest.CanceledFailedOnNavigateAsyncDoesNothing" computerName="pkrvmbietmlfzoi" duration="00:00:00.0083305" startTime="2025-07-02T22:04:17.6613189+00:00" endTime="2025-07-02T22:04:17.6695311+00:00" testType="13cdc9d9-ddb5-4fa4-a97d-d965ccfc6d4b" outcome="Passed" testListId="8c84fa94-04c1-424b-9868-57a2d4851a1d" relativeResultsDirectory="fa0930a5-6c65-4205-aa23-06665c2b6a3d" />
    <UnitTestResult executionId="40436f11-9ee1-42ca-8fcd-21dd7e87c51b" testId="7af25eb2-7127-3e21-cc65-c83fed2a5810" testName="Microsoft.AspNetCore.Components.Routing.RouteTableFactoryTests.SuppliesNullForUnusedHandlerParameters" computerName="pkrvmbietmlfzoi" duration="00:00:00.0025293" startTime="2025-07-02T22:04:17.7642836+00:00" endTime="2025-07-02T22:04:17.7682394+00:00" testType="13cdc9d9-ddb5-4fa4-a97d-d965ccfc6d4b" outcome="Passed" testListId="8c84fa94-04c1-424b-9868-57a2d4851a1d" relativeResultsDirectory="40436f11-9ee1-42ca-8fcd-21dd7e87c51b" />
    <UnitTestResult executionId="a6b664ad-4cd9-4484-8fb7-688c78fcf494" testId="ac1b378f-ea1b-5563-d90b-94229e535c08" testName="Microsoft.AspNetCore.Components.Test.ComponentBaseTest.DoesNotRenderAfterOnInitAsyncTaskIsCancelledUsingCancellationToken" computerName="pkrvmbietmlfzoi" duration="00:00:00.0125019" startTime="2025-07-02T22:04:17.8982302+00:00" endTime="2025-07-02T22:04:17.9212094+00:00" testType="13cdc9d9-ddb5-4fa4-a97d-d965ccfc6d4b" outcome="Passed" testListId="8c84fa94-04c1-424b-9868-57a2d4851a1d" relativeResultsDirectory="a6b664ad-4cd9-4484-8fb7-688c78fcf494" />
  </Results>
  <TestDefinitions>
    <UnitTest name="Microsoft.AspNetCore.Components.Rendering.RenderTreeBuilderTest.AddAttribute_Component_ObjectBoolValue_SetsAttributeValue(value: True)" storage="/home/runner/work/aspnetcore/aspnetcore/artifacts/bin/microsoft.aspnetcore.components.tests/debug/net10.0/microsoft.aspnetcore.components.tests.dll" id="5c0e0a2c-fd50-1d97-ca4a-31ee3018343f">
      <Execution id="65c11063-10fa-46dd-a9c8-75021db35a99" />
      <TestMethod codeBase="/home/runner/work/aspnetcore/aspnetcore/artifacts/bin/Microsoft.AspNetCore.Components.Tests/Debug/net10.0/Microsoft.AspNetCore.Components.Tests.dll" adapterTypeName="executor://xunit/VsTestRunner3/netcore/" className="Microsoft.AspNetCore.Components.Rendering.RenderTreeBuilderTest" name="AddAttribute_Component_ObjectBoolValue_SetsAttributeValue" />
    </UnitTest>
    <UnitTest name="Microsoft.AspNetCore.Components.PersistentState.PersistentServicesRegistryTest.PersistStateAsync_PersistsMultipleServicesWithDifferentStates" storage="/home/runner/work/aspnetcore/aspnetcore/artifacts/bin/microsoft.aspnetcore.components.tests/debug/net10.0/microsoft.aspnetcore.components.tests.dll" id="658b1943-844d-e105-68ef-805617447f21">
      <Execution id="c6cff4fb-f2b9-419a-be6e-72938a9a49fb" />
      <TestMethod codeBase="/home/runner/work/aspnetcore/aspnetcore/artifacts/bin/Microsoft.AspNetCore.Components.Tests/Debug/net10.0/Microsoft.AspNetCore.Components.Tests.dll" adapterTypeName="executor://xunit/VsTestRunner3/netcore/" className="Microsoft.AspNetCore.Components.PersistentState.PersistentServicesRegistryTest" name="PersistStateAsync_PersistsMultipleServicesWithDifferentStates" />
    </UnitTest>
    <UnitTest name="Microsoft.AspNetCore.Components.Test.RendererTest.HandlesNestedElementCapturesDuringRefresh" storage="/home/runner/work/aspnetcore/aspnetcore/artifacts/bin/microsoft.aspnetcore.components.tests/debug/net10.0/microsoft.aspnetcore.components.tests.dll" id="9a7d5f40-4e7e-6a86-547c-7a257976cbd9">
      <Execution id="1a107199-0dbc-49cf-ae5d-79e728a02c3c" />
      <TestMethod codeBase="/home/runner/work/aspnetcore/aspnetcore/artifacts/bin/Microsoft.AspNetCore.Components.Tests/Debug/net10.0/Microsoft.AspNetCore.Components.Tests.dll" adapterTypeName="executor://xunit/VsTestRunner3/netcore/" className="Microsoft.AspNetCore.Components.Test.RendererTest" name="HandlesNestedElementCapturesDuringRefresh" />
    </UnitTest>
    <UnitTest name="Microsoft.AspNetCore.Components.ComponentStatePersistenceManagerTest.PersistStateAsync_CallbacksAreRemovedWhenSubscriptionsAreDisposed" storage="/home/runner/work/aspnetcore/aspnetcore/artifacts/bin/microsoft.aspnetcore.components.tests/debug/net10.0/microsoft.aspnetcore.components.tests.dll" id="1f54398c-5f12-90e2-7cb6-f40a4a03dee3">
      <Execution id="362d1f05-e17e-4708-ad1e-05d111d4082a" />
      <TestMethod codeBase="/home/runner/work/aspnetcore/aspnetcore/artifacts/bin/Microsoft.AspNetCore.Components.Tests/Debug/net10.0/Microsoft.AspNetCore.Components.Tests.dll" adapterTypeName="executor://xunit/VsTestRunner3/netcore/" className="Microsoft.AspNetCore.Components.ComponentStatePersistenceManagerTest" name="PersistStateAsync_CallbacksAreRemovedWhenSubscriptionsAreDisposed" />
    </UnitTest>
    <UnitTest name="Microsoft.AspNetCore.Components.PersistentStateValueProviderTests.PersistenceFails_MultipleComponentsUseTheSameKey" storage="/home/runner/work/aspnetcore/aspnetcore/artifacts/bin/microsoft.aspnetcore.components.tests/debug/net10.0/microsoft.aspnetcore.components.tests.dll" id="70b68c71-c725-c145-d0bc-b23c5ed740fe">
      <Execution id="19a224aa-e703-4a55-98f8-7db9daade979" />
      <TestMethod codeBase="/home/runner/work/aspnetcore/aspnetcore/artifacts/bin/Microsoft.AspNetCore.Components.Tests/Debug/net10.0/Microsoft.AspNetCore.Components.Tests.dll" adapterTypeName="executor://xunit/VsTestRunner3/netcore/" className="Microsoft.AspNetCore.Components.PersistentStateValueProviderTests" name="PersistenceFails_MultipleComponentsUseTheSameKey" />
    </UnitTest>
    <UnitTest name="Microsoft.AspNetCore.Components.EventCallbackFactoryBinderExtensionsTest.CreateBinder_DateTime_Format" storage="/home/runner/work/aspnetcore/aspnetcore/artifacts/bin/microsoft.aspnetcore.components.tests/debug/net10.0/microsoft.aspnetcore.components.tests.dll" id="402d9547-53c6-8a37-1073-086800375532">
      <Execution id="58f62141-e1fa-4495-96ce-6cfcf8b21def" />
      <TestMethod codeBase="/home/runner/work/aspnetcore/aspnetcore/artifacts/bin/Microsoft.AspNetCore.Components.Tests/Debug/net10.0/Microsoft.AspNetCore.Components.Tests.dll" adapterTypeName="executor://xunit/VsTestRunner3/netcore/" className="Microsoft.AspNetCore.Components.EventCallbackFactoryBinderExtensionsTest" name="CreateBinder_DateTime_Format" />
    </UnitTest>
    <UnitTest name="Microsoft.AspNetCore.Components.Test.ComponentBaseTest.RunsOnParametersSetAsyncWhenRendered" storage="/home/runner/work/aspnetcore/aspnetcore/artifacts/bin/microsoft.aspnetcore.components.tests/debug/net10.0/microsoft.aspnetcore.components.tests.dll" id="e3834107-1002-0c7d-0bb1-807688cf83fa">
      <Execution id="c160eb1a-5d79-4d50-9c49-2011507e7385" />
      <TestMethod codeBase="/home/runner/work/aspnetcore/aspnetcore/artifacts/bin/Microsoft.AspNetCore.Components.Tests/Debug/net10.0/Microsoft.AspNetCore.Components.Tests.dll" adapterTypeName="executor://xunit/VsTestRunner3/netcore/" className="Microsoft.AspNetCore.Components.Test.ComponentBaseTest" name="RunsOnParametersSetAsyncWhenRendered" />
    </UnitTest>
    <UnitTest name="Microsoft.AspNetCore.Components.Test.RendererTest.DisposingRenderer_CapturesSyncExceptionsFromAllRegisteredAsyncDisposableComponents" storage="/home/runner/work/aspnetcore/aspnetcore/artifacts/bin/microsoft.aspnetcore.components.tests/debug/net10.0/microsoft.aspnetcore.components.tests.dll" id="52028100-daec-53fd-7697-fb89481a0b86">
      <Execution id="0a164040-2d36-4c51-a03c-dce424142745" />
      <TestMethod codeBase="/home/runner/work/aspnetcore/aspnetcore/artifacts/bin/Microsoft.AspNetCore.Components.Tests/Debug/net10.0/Microsoft.AspNetCore.Components.Tests.dll" adapterTypeName="executor://xunit/VsTestRunner3/netcore/" className="Microsoft.AspNetCore.Components.Test.RendererTest" name="DisposingRenderer_CapturesSyncExceptionsFromAllRegisteredAsyncDisposableComponents" />
    </UnitTest>
    <UnitTest name="Microsoft.AspNetCore.Components.Test.RendererTest.CanUseCustomComponentActivatorFromConstructorParameter" storage="/home/runner/work/aspnetcore/aspnetcore/artifacts/bin/microsoft.aspnetcore.components.tests/debug/net10.0/microsoft.aspnetcore.components.tests.dll" id="d87c4b0f-ddc1-c20d-88d0-00503a7a2d64">
      <Execution id="47f96ec3-0f64-4ce9-afa1-235c5c269ab8" />
      <TestMethod codeBase="/home/runner/work/aspnetcore/aspnetcore/artifacts/bin/Microsoft.AspNetCore.Components.Tests/Debug/net10.0/Microsoft.AspNetCore.Components.Tests.dll" adapterTypeName="executor://xunit/VsTestRunner3/netcore/" className="Microsoft.AspNetCore.Components.Test.RendererTest" name="CanUseCustomComponentActivatorFromConstructorParameter" />
    </UnitTest>
    <UnitTest name="Microsoft.AspNetCore.Components.EventCallbackFactoryTest.CreateT_Action_Null" storage="/home/runner/work/aspnetcore/aspnetcore/artifacts/bin/microsoft.aspnetcore.components.tests/debug/net10.0/microsoft.aspnetcore.components.tests.dll" id="889fe951-3001-b0db-fec2-a74857ae13de">
      <Execution id="47ed232f-59ad-4673-8ba5-0ecece748ae0" />
      <TestMethod codeBase="/home/runner/work/aspnetcore/aspnetcore/artifacts/bin/Microsoft.AspNetCore.Components.Tests/Debug/net10.0/Microsoft.AspNetCore.Components.Tests.dll" adapterTypeName="executor://xunit/VsTestRunner3/netcore/" className="Microsoft.AspNetCore.Components.EventCallbackFactoryTest" name="CreateT_Action_Null" />
    </UnitTest>
    <UnitTest name="Microsoft.AspNetCore.Components.Rendering.RendererSynchronizationContextTest.InvokeAsync_FuncT_CanRunAsynchronously_WhenBusy" storage="/home/runner/work/aspnetcore/aspnetcore/artifacts/bin/microsoft.aspnetcore.components.tests/debug/net10.0/microsoft.aspnetcore.components.tests.dll" id="4f08908f-6f68-d8e0-d4e8-a1ffc5e1e134">
      <Execution id="a9a3f991-a055-42a3-a982-db7617700293" />
      <TestMethod codeBase="/home/runner/work/aspnetcore/aspnetcore/artifacts/bin/Microsoft.AspNetCore.Components.Tests/Debug/net10.0/Microsoft.AspNetCore.Components.Tests.dll" adapterTypeName="executor://xunit/VsTestRunner3/netcore/" className="Microsoft.AspNetCore.Components.Rendering.RendererSynchronizationContextTest" name="InvokeAsync_FuncT_CanRunAsynchronously_WhenBusy" />
    </UnitTest>
    <UnitTest name="Microsoft.AspNetCore.Components.NavigationManagerTest.GetUriWithQueryParameters_CanAddUpdateAndRemove(baseUri: &quot;scheme://host/?NaMe=Bob%20Joe&amp;AgE=42&quot;, expectedUri: &quot;scheme://host/?age=25&amp;eye%20color=green&quot;)" storage="/home/runner/work/aspnetcore/aspnetcore/artifacts/bin/microsoft.aspnetcore.components.tests/debug/net10.0/microsoft.aspnetcore.components.tests.dll" id="85f0d7a2-50f5-3f55-25f3-10293ac1284a">
      <Execution id="c7dd65dc-508e-41f0-8a0b-4be4b816f7a2" />
      <TestMethod codeBase="/home/runner/work/aspnetcore/aspnetcore/artifacts/bin/Microsoft.AspNetCore.Components.Tests/Debug/net10.0/Microsoft.AspNetCore.Components.Tests.dll" adapterTypeName="executor://xunit/VsTestRunner3/netcore/" className="Microsoft.AspNetCore.Components.NavigationManagerTest" name="GetUriWithQueryParameters_CanAddUpdateAndRemove" />
    </UnitTest>
    <UnitTest name="Microsoft.AspNetCore.Components.ComponentsMetricsTest.FailParametersSync_RecordsErrorMetric" storage="/home/runner/work/aspnetcore/aspnetcore/artifacts/bin/microsoft.aspnetcore.components.tests/debug/net10.0/microsoft.aspnetcore.components.tests.dll" id="ed05224e-7352-3fba-455f-32ff240fd7b3">
      <Execution id="4539d8b2-4289-4c49-b4e9-a947c6271ec0" />
      <TestMethod codeBase="/home/runner/work/aspnetcore/aspnetcore/artifacts/bin/Microsoft.AspNetCore.Components.Tests/Debug/net10.0/Microsoft.AspNetCore.Components.Tests.dll" adapterTypeName="executor://xunit/VsTestRunner3/netcore/" className="Microsoft.AspNetCore.Components.ComponentsMetricsTest" name="FailParametersSync_RecordsErrorMetric" />
    </UnitTest>
    <UnitTest name="Microsoft.AspNetCore.Components.Routing.RouteTableFactoryTests.MultipleOptionalParametersWithPrefix(path: &quot;/prefix/1/2/3&quot;, segments: 3)" storage="/home/runner/work/aspnetcore/aspnetcore/artifacts/bin/microsoft.aspnetcore.components.tests/debug/net10.0/microsoft.aspnetcore.components.tests.dll" id="246ae732-b112-c56a-b42d-e6f0adfc89e8">
      <Execution id="a9067b0a-2c84-4550-91a1-e99f0cc87540" />
      <TestMethod codeBase="/home/runner/work/aspnetcore/aspnetcore/artifacts/bin/Microsoft.AspNetCore.Components.Tests/Debug/net10.0/Microsoft.AspNetCore.Components.Tests.dll" adapterTypeName="executor://xunit/VsTestRunner3/netcore/" className="Microsoft.AspNetCore.Components.Routing.RouteTableFactoryTests" name="MultipleOptionalParametersWithPrefix" />
    </UnitTest>
    <UnitTest name="Microsoft.AspNetCore.Components.Test.LayoutViewTest.RendersContentInsideNestedLayout" storage="/home/runner/work/aspnetcore/aspnetcore/artifacts/bin/microsoft.aspnetcore.components.tests/debug/net10.0/microsoft.aspnetcore.components.tests.dll" id="dc75768b-bcb0-a380-746a-7f31d2bd783c">
      <Execution id="1f3cd360-097c-4d9f-8a60-578223e692de" />
      <TestMethod codeBase="/home/runner/work/aspnetcore/aspnetcore/artifacts/bin/Microsoft.AspNetCore.Components.Tests/Debug/net10.0/Microsoft.AspNetCore.Components.Tests.dll" adapterTypeName="executor://xunit/VsTestRunner3/netcore/" className="Microsoft.AspNetCore.Components.Test.LayoutViewTest" name="RendersContentInsideNestedLayout" />
    </UnitTest>
    <UnitTest name="Microsoft.AspNetCore.Components.Test.RouteViewTest.UsesDefaultLayoutIfNoneSetOnPage" storage="/home/runner/work/aspnetcore/aspnetcore/artifacts/bin/microsoft.aspnetcore.components.tests/debug/net10.0/microsoft.aspnetcore.components.tests.dll" id="37cb8f64-b643-98d9-682e-7ccc15e1c186">
      <Execution id="a851440d-47b3-4882-8d36-e5cfb0146978" />
      <TestMethod codeBase="/home/runner/work/aspnetcore/aspnetcore/artifacts/bin/Microsoft.AspNetCore.Components.Tests/Debug/net10.0/Microsoft.AspNetCore.Components.Tests.dll" adapterTypeName="executor://xunit/VsTestRunner3/netcore/" className="Microsoft.AspNetCore.Components.Test.RouteViewTest" name="UsesDefaultLayoutIfNoneSetOnPage" />
    </UnitTest>
    <UnitTest name="Microsoft.AspNetCore.Components.Test.RouteViewTest.UsesNoLayoutIfNoneSetOnPageAndNoDefaultSet" storage="/home/runner/work/aspnetcore/aspnetcore/artifacts/bin/microsoft.aspnetcore.components.tests/debug/net10.0/microsoft.aspnetcore.components.tests.dll" id="b0099555-5384-29c3-792d-dc5199b6490d">
      <Execution id="2495895d-e0a2-4326-9581-21875338c647" />
      <TestMethod codeBase="/home/runner/work/aspnetcore/aspnetcore/artifacts/bin/Microsoft.AspNetCore.Components.Tests/Debug/net10.0/Microsoft.AspNetCore.Components.Tests.dll" adapterTypeName="executor://xunit/VsTestRunner3/netcore/" className="Microsoft.AspNetCore.Components.Test.RouteViewTest" name="UsesNoLayoutIfNoneSetOnPageAndNoDefaultSet" />
    </UnitTest>
    <UnitTest name="Microsoft.AspNetCore.Components.PersistentStateValueProviderTests.PersistAsync_CanPersistValueTypes_IntProperty" storage="/home/runner/work/aspnetcore/aspnetcore/artifacts/bin/microsoft.aspnetcore.components.tests/debug/net10.0/microsoft.aspnetcore.components.tests.dll" id="7179ca30-eb08-1973-f624-fea8f3355f0a">
      <Execution id="4733420f-528c-4a95-a6a0-6e223d618575" />
      <TestMethod codeBase="/home/runner/work/aspnetcore/aspnetcore/artifacts/bin/Microsoft.AspNetCore.Components.Tests/Debug/net10.0/Microsoft.AspNetCore.Components.Tests.dll" adapterTypeName="executor://xunit/VsTestRunner3/netcore/" className="Microsoft.AspNetCore.Components.PersistentStateValueProviderTests" name="PersistAsync_CanPersistValueTypes_IntProperty" />
    </UnitTest>
    <UnitTest name="Microsoft.AspNetCore.Components.Routing.QueryParameterValueSupplierTest.RejectsBlankArrayEntriesWhenNotNullable(key: &quot;BoolVals&quot;, targetType: typeof(bool))" storage="/home/runner/work/aspnetcore/aspnetcore/artifacts/bin/microsoft.aspnetcore.components.tests/debug/net10.0/microsoft.aspnetcore.components.tests.dll" id="1dae9299-e709-a0bc-65b3-c33d38656a39">
      <Execution id="bb20f276-7496-4acf-a7c9-e13dbe33fdb8" />
      <TestMethod codeBase="/home/runner/work/aspnetcore/aspnetcore/artifacts/bin/Microsoft.AspNetCore.Components.Tests/Debug/net10.0/Microsoft.AspNetCore.Components.Tests.dll" adapterTypeName="executor://xunit/VsTestRunner3/netcore/" className="Microsoft.AspNetCore.Components.Routing.QueryParameterValueSupplierTest" name="RejectsBlankArrayEntriesWhenNotNullable" />
    </UnitTest>
    <UnitTest name="Microsoft.AspNetCore.Components.ParameterViewTest.Clone_ParameterPreservesOrder" storage="/home/runner/work/aspnetcore/aspnetcore/artifacts/bin/microsoft.aspnetcore.components.tests/debug/net10.0/microsoft.aspnetcore.components.tests.dll" id="c0a10c5d-987b-cbeb-19c6-612af8b241de">
      <Execution id="c9e3d250-a9d4-4d0c-9c99-faa8fd7f9bd1" />
      <TestMethod codeBase="/home/runner/work/aspnetcore/aspnetcore/artifacts/bin/Microsoft.AspNetCore.Components.Tests/Debug/net10.0/Microsoft.AspNetCore.Components.Tests.dll" adapterTypeName="executor://xunit/VsTestRunner3/netcore/" className="Microsoft.AspNetCore.Components.ParameterViewTest" name="Clone_ParameterPreservesOrder" />
    </UnitTest>
    <UnitTest name="Microsoft.AspNetCore.Components.NavigationManagerTest.LocationChangingHandlers_DoNotBubbleExceptionsThroughNotifyLocationChangingAsync_WhenOneHandlerIsRegistered" storage="/home/runner/work/aspnetcore/aspnetcore/artifacts/bin/microsoft.aspnetcore.components.tests/debug/net10.0/microsoft.aspnetcore.components.tests.dll" id="3a943fc5-bd2d-6d2e-3b7f-72da9b065854">
      <Execution id="581a6ba7-e15c-4d08-abec-7986e05b26c1" />
      <TestMethod codeBase="/home/runner/work/aspnetcore/aspnetcore/artifacts/bin/Microsoft.AspNetCore.Components.Tests/Debug/net10.0/Microsoft.AspNetCore.Components.Tests.dll" adapterTypeName="executor://xunit/VsTestRunner3/netcore/" className="Microsoft.AspNetCore.Components.NavigationManagerTest" name="LocationChangingHandlers_DoNotBubbleExceptionsThroughNotifyLocationChangingAsync_WhenOneHandlerIsRegistered" />
    </UnitTest>
    <UnitTest name="Microsoft.AspNetCore.Components.Test.RenderTreeDiffBuilderTest.RecognizesAttributeStringValuesChanged" storage="/home/runner/work/aspnetcore/aspnetcore/artifacts/bin/microsoft.aspnetcore.components.tests/debug/net10.0/microsoft.aspnetcore.components.tests.dll" id="15350bfc-6592-689c-6fc1-f72c5466fc9b">
      <Execution id="6ed8e547-a936-4e34-849f-f20d6d4a88ac" />
      <TestMethod codeBase="/home/runner/work/aspnetcore/aspnetcore/artifacts/bin/Microsoft.AspNetCore.Components.Tests/Debug/net10.0/Microsoft.AspNetCore.Components.Tests.dll" adapterTypeName="executor://xunit/VsTestRunner3/netcore/" className="Microsoft.AspNetCore.Components.Test.RenderTreeDiffBuilderTest" name="RecognizesAttributeStringValuesChanged" />
    </UnitTest>
    <UnitTest name="Microsoft.AspNetCore.Components.Routing.RouteTableFactoryTests.DoesNotThrowForNonAmbiguousRoutes(first: &quot;{param}/{optional?}&quot;, second: &quot;{param}&quot;)" storage="/home/runner/work/aspnetcore/aspnetcore/artifacts/bin/microsoft.aspnetcore.components.tests/debug/net10.0/microsoft.aspnetcore.components.tests.dll" id="f34f0f7d-03ec-64be-efba-40af2e4c3f10">
      <Execution id="0ff1bf20-72cb-46e5-afa3-dff3b37112e2" />
      <TestMethod codeBase="/home/runner/work/aspnetcore/aspnetcore/artifacts/bin/Microsoft.AspNetCore.Components.Tests/Debug/net10.0/Microsoft.AspNetCore.Components.Tests.dll" adapterTypeName="executor://xunit/VsTestRunner3/netcore/" className="Microsoft.AspNetCore.Components.Routing.RouteTableFactoryTests" name="DoesNotThrowForNonAmbiguousRoutes" />
    </UnitTest>
    <UnitTest name="Microsoft.AspNetCore.Components.EventCallbackFactoryTest.CreateT_FuncTask_Null" storage="/home/runner/work/aspnetcore/aspnetcore/artifacts/bin/microsoft.aspnetcore.components.tests/debug/net10.0/microsoft.aspnetcore.components.tests.dll" id="eb80b2cc-f0aa-f4c7-9b3a-65fe81ed350c">
      <Execution id="1b107a21-6215-41f0-a2a6-df2ee82b4525" />
      <TestMethod codeBase="/home/runner/work/aspnetcore/aspnetcore/artifacts/bin/Microsoft.AspNetCore.Components.Tests/Debug/net10.0/Microsoft.AspNetCore.Components.Tests.dll" adapterTypeName="executor://xunit/VsTestRunner3/netcore/" className="Microsoft.AspNetCore.Components.EventCallbackFactoryTest" name="CreateT_FuncTask_Null" />
    </UnitTest>
    <UnitTest name="Microsoft.AspNetCore.Components.Test.LayoutViewTest.CanChangeLayout" storage="/home/runner/work/aspnetcore/aspnetcore/artifacts/bin/microsoft.aspnetcore.components.tests/debug/net10.0/microsoft.aspnetcore.components.tests.dll" id="e5dea385-4e9e-d881-94da-aed424a556b4">
      <Execution id="b9c22743-412c-482b-92f8-5e4f9583dfc6" />
      <TestMethod codeBase="/home/runner/work/aspnetcore/aspnetcore/artifacts/bin/Microsoft.AspNetCore.Components.Tests/Debug/net10.0/Microsoft.AspNetCore.Components.Tests.dll" adapterTypeName="executor://xunit/VsTestRunner3/netcore/" className="Microsoft.AspNetCore.Components.Test.LayoutViewTest" name="CanChangeLayout" />
    </UnitTest>
    <UnitTest name="Microsoft.AspNetCore.Components.Routing.QueryParameterValueSupplierTest.EmptyStringArrayValuesAreSuppliedAsEmptyStrings" storage="/home/runner/work/aspnetcore/aspnetcore/artifacts/bin/microsoft.aspnetcore.components.tests/debug/net10.0/microsoft.aspnetcore.components.tests.dll" id="85419654-c790-2540-dde0-ac744e0ba38f">
      <Execution id="756a8bb8-30a6-45ea-af58-5e9ca40e84e4" />
      <TestMethod codeBase="/home/runner/work/aspnetcore/aspnetcore/artifacts/bin/Microsoft.AspNetCore.Components.Tests/Debug/net10.0/Microsoft.AspNetCore.Components.Tests.dll" adapterTypeName="executor://xunit/VsTestRunner3/netcore/" className="Microsoft.AspNetCore.Components.Routing.QueryParameterValueSupplierTest" name="EmptyStringArrayValuesAreSuppliedAsEmptyStrings" />
    </UnitTest>
    <UnitTest name="Microsoft.AspNetCore.Components.ResourceAssetCollectionTest.ResolvingNonExistentResourceReturnsSameUrl" storage="/home/runner/work/aspnetcore/aspnetcore/artifacts/bin/microsoft.aspnetcore.components.tests/debug/net10.0/microsoft.aspnetcore.components.tests.dll" id="1ff02200-35f6-0b8a-ae2f-39953dccfcf1">
      <Execution id="4b384e03-6cf3-4232-af0b-e8f3093e0e85" />
      <TestMethod codeBase="/home/runner/work/aspnetcore/aspnetcore/artifacts/bin/Microsoft.AspNetCore.Components.Tests/Debug/net10.0/Microsoft.AspNetCore.Components.Tests.dll" adapterTypeName="executor://xunit/VsTestRunner3/netcore/" className="Microsoft.AspNetCore.Components.ResourceAssetCollectionTest" name="ResolvingNonExistentResourceReturnsSameUrl" />
    </UnitTest>
    <UnitTest name="Microsoft.AspNetCore.Components.ParameterViewTest.CanGetValueOrDefault_WithMatchingCascadingParameter" storage="/home/runner/work/aspnetcore/aspnetcore/artifacts/bin/microsoft.aspnetcore.components.tests/debug/net10.0/microsoft.aspnetcore.components.tests.dll" id="eec1540c-4dc8-47d0-79a9-17a50f4017a4">
      <Execution id="c0b2f718-f120-4cfe-934c-5ffb523e14d1" />
      <TestMethod codeBase="/home/runner/work/aspnetcore/aspnetcore/artifacts/bin/Microsoft.AspNetCore.Components.Tests/Debug/net10.0/Microsoft.AspNetCore.Components.Tests.dll" adapterTypeName="executor://xunit/VsTestRunner3/netcore/" className="Microsoft.AspNetCore.Components.ParameterViewTest" name="CanGetValueOrDefault_WithMatchingCascadingParameter" />
    </UnitTest>
    <UnitTest name="Microsoft.AspNetCore.Components.EventCallbackFactoryBinderExtensionsTest.CreateBinder_NullableEnum" storage="/home/runner/work/aspnetcore/aspnetcore/artifacts/bin/microsoft.aspnetcore.components.tests/debug/net10.0/microsoft.aspnetcore.components.tests.dll" id="8be4c463-cb5a-6514-541c-31baa72d5804">
      <Execution id="eca45d6f-70ca-4f62-b944-c66cf01de9d4" />
      <TestMethod codeBase="/home/runner/work/aspnetcore/aspnetcore/artifacts/bin/Microsoft.AspNetCore.Components.Tests/Debug/net10.0/Microsoft.AspNetCore.Components.Tests.dll" adapterTypeName="executor://xunit/VsTestRunner3/netcore/" className="Microsoft.AspNetCore.Components.EventCallbackFactoryBinderExtensionsTest" name="CreateBinder_NullableEnum" />
    </UnitTest>
    <UnitTest name="Microsoft.AspNetCore.Components.NavigationManagerTest.ToBaseRelativePath_ThrowsForInvalidBaseRelativePaths(baseUri: &quot;scheme://host/path/&quot;, absoluteUri: &quot;scheme://host/&quot;)" storage="/home/runner/work/aspnetcore/aspnetcore/artifacts/bin/microsoft.aspnetcore.components.tests/debug/net10.0/microsoft.aspnetcore.components.tests.dll" id="f1c2d53d-76bf-0e33-f757-63962806c42e">
      <Execution id="e73ec364-5413-483a-b868-f4f6cd4a9e3a" />
      <TestMethod codeBase="/home/runner/work/aspnetcore/aspnetcore/artifacts/bin/Microsoft.AspNetCore.Components.Tests/Debug/net10.0/Microsoft.AspNetCore.Components.Tests.dll" adapterTypeName="executor://xunit/VsTestRunner3/netcore/" className="Microsoft.AspNetCore.Components.NavigationManagerTest" name="ToBaseRelativePath_ThrowsForInvalidBaseRelativePaths" />
    </UnitTest>
    <UnitTest name="Microsoft.AspNetCore.Components.Rendering.RendererSynchronizationContextTest.Post_BackgroundWorkItem_CanProcessMoreItemsInline" storage="/home/runner/work/aspnetcore/aspnetcore/artifacts/bin/microsoft.aspnetcore.components.tests/debug/net10.0/microsoft.aspnetcore.components.tests.dll" id="e57b50d1-b22a-680b-49f3-004c8133d930">
      <Execution id="e9864d22-c422-4ad9-8d35-0d6cedb89231" />
      <TestMethod codeBase="/home/runner/work/aspnetcore/aspnetcore/artifacts/bin/Microsoft.AspNetCore.Components.Tests/Debug/net10.0/Microsoft.AspNetCore.Components.Tests.dll" adapterTypeName="executor://xunit/VsTestRunner3/netcore/" className="Microsoft.AspNetCore.Components.Rendering.RendererSynchronizationContextTest" name="Post_BackgroundWorkItem_CanProcessMoreItemsInline" />
    </UnitTest>
    <UnitTest name="Microsoft.AspNetCore.Components.EventCallbackFactoryBinderExtensionsTest.CreateBinder_Decimal" storage="/home/runner/work/aspnetcore/aspnetcore/artifacts/bin/microsoft.aspnetcore.components.tests/debug/net10.0/microsoft.aspnetcore.components.tests.dll" id="c627bc7d-6318-33ed-321f-a2f71de1cac0">
      <Execution id="8a54989c-24a6-4ae4-bcca-3bcfc3c90ad4" />
      <TestMethod codeBase="/home/runner/work/aspnetcore/aspnetcore/artifacts/bin/Microsoft.AspNetCore.Components.Tests/Debug/net10.0/Microsoft.AspNetCore.Components.Tests.dll" adapterTypeName="executor://xunit/VsTestRunner3/netcore/" className="Microsoft.AspNetCore.Components.EventCallbackFactoryBinderExtensionsTest" name="CreateBinder_Decimal" />
    </UnitTest>
    <UnitTest name="Microsoft.AspNetCore.Components.NavigationManagerTest.ComputesCorrectBaseUri(baseUri: &quot;scheme://host/path&quot;, expectedResult: &quot;scheme://host/&quot;)" storage="/home/runner/work/aspnetcore/aspnetcore/artifacts/bin/microsoft.aspnetcore.components.tests/debug/net10.0/microsoft.aspnetcore.components.tests.dll" id="4104636b-2a4c-5c40-8626-be7e671ed5c4">
      <Execution id="1af9040e-8da8-4efd-9a5d-3cf3b0c02473" />
      <TestMethod codeBase="/home/runner/work/aspnetcore/aspnetcore/artifacts/bin/Microsoft.AspNetCore.Components.Tests/Debug/net10.0/Microsoft.AspNetCore.Components.Tests.dll" adapterTypeName="executor://xunit/VsTestRunner3/netcore/" className="Microsoft.AspNetCore.Components.NavigationManagerTest" name="ComputesCorrectBaseUri" />
    </UnitTest>
    <UnitTest name="Microsoft.AspNetCore.Components.Test.RendererTest.DispatchEventAsync_EventCallback_SynchronousCancellation" storage="/home/runner/work/aspnetcore/aspnetcore/artifacts/bin/microsoft.aspnetcore.components.tests/debug/net10.0/microsoft.aspnetcore.components.tests.dll" id="a09e58b9-f292-7b89-9ffb-a77d2ea10ba4">
      <Execution id="29b13841-e5a4-4d31-bf30-39041f112955" />
      <TestMethod codeBase="/home/runner/work/aspnetcore/aspnetcore/artifacts/bin/Microsoft.AspNetCore.Components.Tests/Debug/net10.0/Microsoft.AspNetCore.Components.Tests.dll" adapterTypeName="executor://xunit/VsTestRunner3/netcore/" className="Microsoft.AspNetCore.Components.Test.RendererTest" name="DispatchEventAsync_EventCallback_SynchronousCancellation" />
    </UnitTest>
    <UnitTest name="Microsoft.AspNetCore.Components.Rendering.RenderTreeBuilderTest.CanAddNullComponentRenderMode" storage="/home/runner/work/aspnetcore/aspnetcore/artifacts/bin/microsoft.aspnetcore.components.tests/debug/net10.0/microsoft.aspnetcore.components.tests.dll" id="85f76405-06c4-616c-b073-efe786c40b62">
      <Execution id="281cd058-2f5d-40b8-8bcf-b4d3480d947e" />
      <TestMethod codeBase="/home/runner/work/aspnetcore/aspnetcore/artifacts/bin/Microsoft.AspNetCore.Components.Tests/Debug/net10.0/Microsoft.AspNetCore.Components.Tests.dll" adapterTypeName="executor://xunit/VsTestRunner3/netcore/" className="Microsoft.AspNetCore.Components.Rendering.RenderTreeBuilderTest" name="CanAddNullComponentRenderMode" />
    </UnitTest>
    <UnitTest name="Microsoft.AspNetCore.Components.ComponentFactoryTest.InstantiateComponent_CreatesInstance_WithCustomActivator" storage="/home/runner/work/aspnetcore/aspnetcore/artifacts/bin/microsoft.aspnetcore.components.tests/debug/net10.0/microsoft.aspnetcore.components.tests.dll" id="bc1d743c-a713-9956-587a-90ce63485ccd">
      <Execution id="3736c229-c794-4e47-bcaa-1ed12a39da1c" />
      <TestMethod codeBase="/home/runner/work/aspnetcore/aspnetcore/artifacts/bin/Microsoft.AspNetCore.Components.Tests/Debug/net10.0/Microsoft.AspNetCore.Components.Tests.dll" adapterTypeName="executor://xunit/VsTestRunner3/netcore/" className="Microsoft.AspNetCore.Components.ComponentFactoryTest" name="InstantiateComponent_CreatesInstance_WithCustomActivator" />
    </UnitTest>
    <UnitTest name="Microsoft.AspNetCore.Components.RenderTree.ArrayBuilderTest.AppendArray_AfterPriorInsertion" storage="/home/runner/work/aspnetcore/aspnetcore/artifacts/bin/microsoft.aspnetcore.components.tests/debug/net10.0/microsoft.aspnetcore.components.tests.dll" id="48315743-7a51-7df7-28b3-cb841fa5cdb2">
      <Execution id="ab496995-f8c8-4374-9235-9241345cb48d" />
      <TestMethod codeBase="/home/runner/work/aspnetcore/aspnetcore/artifacts/bin/Microsoft.AspNetCore.Components.Tests/Debug/net10.0/Microsoft.AspNetCore.Components.Tests.dll" adapterTypeName="executor://xunit/VsTestRunner3/netcore/" className="Microsoft.AspNetCore.Components.RenderTree.ArrayBuilderTest" name="AppendArray_AfterPriorInsertion" />
    </UnitTest>
    <UnitTest name="Microsoft.AspNetCore.Components.Rendering.RendererSynchronizationContextTest.InvokeAsync_FuncTaskT_CanReportCancellation" storage="/home/runner/work/aspnetcore/aspnetcore/artifacts/bin/microsoft.aspnetcore.components.tests/debug/net10.0/microsoft.aspnetcore.components.tests.dll" id="5d0bf66b-24bb-d4a9-e3db-a387379e075b">
      <Execution id="f9490ab8-4743-4aa3-a78b-0c1c062ea5fd" />
      <TestMethod codeBase="/home/runner/work/aspnetcore/aspnetcore/artifacts/bin/Microsoft.AspNetCore.Components.Tests/Debug/net10.0/Microsoft.AspNetCore.Components.Tests.dll" adapterTypeName="executor://xunit/VsTestRunner3/netcore/" className="Microsoft.AspNetCore.Components.Rendering.RendererSynchronizationContextTest" name="InvokeAsync_FuncTaskT_CanReportCancellation" />
    </UnitTest>
    <UnitTest name="Microsoft.AspNetCore.Components.Test.RendererTest.ComponentCanTriggerRenderWhenNoBatchIsInProgress" storage="/home/runner/work/aspnetcore/aspnetcore/artifacts/bin/microsoft.aspnetcore.components.tests/debug/net10.0/microsoft.aspnetcore.components.tests.dll" id="79220347-2bdc-d608-3e58-432b022a5ddf">
      <Execution id="77552a92-0d43-4da2-9ccf-e96d8927083c" />
      <TestMethod codeBase="/home/runner/work/aspnetcore/aspnetcore/artifacts/bin/Microsoft.AspNetCore.Components.Tests/Debug/net10.0/Microsoft.AspNetCore.Components.Tests.dll" adapterTypeName="executor://xunit/VsTestRunner3/netcore/" className="Microsoft.AspNetCore.Components.Test.RendererTest" name="ComponentCanTriggerRenderWhenNoBatchIsInProgress" />
    </UnitTest>
    <UnitTest name="Microsoft.AspNetCore.Components.NavigationManagerTest.GetUriWithQueryParameter_AppendsWhenParameterDoesNotExist(baseUri: &quot;scheme://host/?age=42&quot;, expectedUri: &quot;scheme://host/?age=42&amp;name=John%20Doe&quot;)" storage="/home/runner/work/aspnetcore/aspnetcore/artifacts/bin/microsoft.aspnetcore.components.tests/debug/net10.0/microsoft.aspnetcore.components.tests.dll" id="e37fc82a-fafc-e05f-c580-cc4b262f3e6b">
      <Execution id="7b3f342d-874e-42c0-bba2-bfd085b038ee" />
      <TestMethod codeBase="/home/runner/work/aspnetcore/aspnetcore/artifacts/bin/Microsoft.AspNetCore.Components.Tests/Debug/net10.0/Microsoft.AspNetCore.Components.Tests.dll" adapterTypeName="executor://xunit/VsTestRunner3/netcore/" className="Microsoft.AspNetCore.Components.NavigationManagerTest" name="GetUriWithQueryParameter_AppendsWhenParameterDoesNotExist" />
    </UnitTest>
    <UnitTest name="Microsoft.AspNetCore.Components.CascadingParameterStateTest.FindCascadingParameters_ComponentRequestsBaseType_ReturnsMatches" storage="/home/runner/work/aspnetcore/aspnetcore/artifacts/bin/microsoft.aspnetcore.components.tests/debug/net10.0/microsoft.aspnetcore.components.tests.dll" id="c22027e3-8847-cee4-cb92-5716c9338f13">
      <Execution id="f9d71830-8d37-4563-9256-3362f86be27a" />
      <TestMethod codeBase="/home/runner/work/aspnetcore/aspnetcore/artifacts/bin/Microsoft.AspNetCore.Components.Tests/Debug/net10.0/Microsoft.AspNetCore.Components.Tests.dll" adapterTypeName="executor://xunit/VsTestRunner3/netcore/" className="Microsoft.AspNetCore.Components.CascadingParameterStateTest" name="FindCascadingParameters_ComponentRequestsBaseType_ReturnsMatches" />
    </UnitTest>
    <UnitTest name="Microsoft.AspNetCore.Components.Routing.QueryParameterValueSupplierTest.RejectsUnparseableValues(key: &quot;NullableDecimalVal&quot;, value: &quot;1.2.3&quot;, targetType: typeof(decimal?))" storage="/home/runner/work/aspnetcore/aspnetcore/artifacts/bin/microsoft.aspnetcore.components.tests/debug/net10.0/microsoft.aspnetcore.components.tests.dll" id="5dd6b440-ce0f-4340-2e06-b28fc92ac339">
      <Execution id="99d0cb7f-6cdb-4fbb-9546-bf3a5943fbd6" />
      <TestMethod codeBase="/home/runner/work/aspnetcore/aspnetcore/artifacts/bin/Microsoft.AspNetCore.Components.Tests/Debug/net10.0/Microsoft.AspNetCore.Components.Tests.dll" adapterTypeName="executor://xunit/VsTestRunner3/netcore/" className="Microsoft.AspNetCore.Components.Routing.QueryParameterValueSupplierTest" name="RejectsUnparseableValues" />
    </UnitTest>
    <UnitTest name="Microsoft.AspNetCore.Components.Routing.RoutePatternParserTests.InvalidTemplate_WithMismatchedBraces(template: &quot;Literal/{p&quot;, expectedMessage: &quot;There is an incomplete parameter in the route temp&quot;···)" storage="/home/runner/work/aspnetcore/aspnetcore/artifacts/bin/microsoft.aspnetcore.components.tests/debug/net10.0/microsoft.aspnetcore.components.tests.dll" id="16a3a029-2253-a7fb-b931-957fa142a5f8">
      <Execution id="31c981b9-80be-4763-9956-219805278bdb" />
      <TestMethod codeBase="/home/runner/work/aspnetcore/aspnetcore/artifacts/bin/Microsoft.AspNetCore.Components.Tests/Debug/net10.0/Microsoft.AspNetCore.Components.Tests.dll" adapterTypeName="executor://xunit/VsTestRunner3/netcore/" className="Microsoft.AspNetCore.Components.Routing.RoutePatternParserTests" name="InvalidTemplate_WithMismatchedBraces" />
    </UnitTest>
    <UnitTest name="Microsoft.AspNetCore.Components.ComponentsMetricsTest.Navigation_RecordsMetric" storage="/home/runner/work/aspnetcore/aspnetcore/artifacts/bin/microsoft.aspnetcore.components.tests/debug/net10.0/microsoft.aspnetcore.components.tests.dll" id="8a9f9b07-b161-9145-5cc4-080caeb6b9a6">
      <Execution id="1f94a6fe-bf35-47b9-aef2-576d48524fc2" />
      <TestMethod codeBase="/home/runner/work/aspnetcore/aspnetcore/artifacts/bin/Microsoft.AspNetCore.Components.Tests/Debug/net10.0/Microsoft.AspNetCore.Components.Tests.dll" adapterTypeName="executor://xunit/VsTestRunner3/netcore/" className="Microsoft.AspNetCore.Components.ComponentsMetricsTest" name="Navigation_RecordsMetric" />
    </UnitTest>
    <UnitTest name="Microsoft.AspNetCore.Components.EventCallbackTest.EventCallbackOfT_FuncTTask_Null" storage="/home/runner/work/aspnetcore/aspnetcore/artifacts/bin/microsoft.aspnetcore.components.tests/debug/net10.0/microsoft.aspnetcore.components.tests.dll" id="0f48a21b-1e86-63a2-d0ee-bcb5b2715fdb">
      <Execution id="be99e16c-d487-4742-acbb-9c7745a7875e" />
      <TestMethod codeBase="/home/runner/work/aspnetcore/aspnetcore/artifacts/bin/Microsoft.AspNetCore.Components.Tests/Debug/net10.0/Microsoft.AspNetCore.Components.Tests.dll" adapterTypeName="executor://xunit/VsTestRunner3/netcore/" className="Microsoft.AspNetCore.Components.EventCallbackTest" name="EventCallbackOfT_FuncTTask_Null" />
    </UnitTest>
    <UnitTest name="Microsoft.AspNetCore.Components.ComponentApplicationStateTest.PersistState_SavesDataToTheStoreAsync" storage="/home/runner/work/aspnetcore/aspnetcore/artifacts/bin/microsoft.aspnetcore.components.tests/debug/net10.0/microsoft.aspnetcore.components.tests.dll" id="1520d318-c5d5-7cb9-aea5-f24056a340d4">
      <Execution id="d08fa921-6d05-4aa8-a80d-44abbdb885c1" />
      <TestMethod codeBase="/home/runner/work/aspnetcore/aspnetcore/artifacts/bin/Microsoft.AspNetCore.Components.Tests/Debug/net10.0/Microsoft.AspNetCore.Components.Tests.dll" adapterTypeName="executor://xunit/VsTestRunner3/netcore/" className="Microsoft.AspNetCore.Components.ComponentApplicationStateTest" name="PersistState_SavesDataToTheStoreAsync" />
    </UnitTest>
    <UnitTest name="Microsoft.AspNetCore.Components.ParameterViewTest.IncomingCascadingValueMatchesNoDeclaredParameter_Throws" storage="/home/runner/work/aspnetcore/aspnetcore/artifacts/bin/microsoft.aspnetcore.components.tests/debug/net10.0/microsoft.aspnetcore.components.tests.dll" id="eee99d7e-704a-7e7c-1cc7-2964fa44d9e5">
      <Execution id="6bad79db-899e-4217-b011-2a6fc528ed96" />
      <TestMethod codeBase="/home/runner/work/aspnetcore/aspnetcore/artifacts/bin/Microsoft.AspNetCore.Components.Tests/Debug/net10.0/Microsoft.AspNetCore.Components.Tests.dll" adapterTypeName="executor://xunit/VsTestRunner3/netcore/" className="Microsoft.AspNetCore.Components.ParameterViewTest" name="IncomingCascadingValueMatchesNoDeclaredParameter_Throws" />
    </UnitTest>
    <UnitTest name="Microsoft.AspNetCore.Components.EventCallbackFactoryBinderExtensionsTest.CreateBinder_DateTimeOffset" storage="/home/runner/work/aspnetcore/aspnetcore/artifacts/bin/microsoft.aspnetcore.components.tests/debug/net10.0/microsoft.aspnetcore.components.tests.dll" id="ebbeec40-03aa-d53f-99f0-a29f86d53fe3">
      <Execution id="b6f16118-5968-4115-bffc-a7906bda8ee7" />
      <TestMethod codeBase="/home/runner/work/aspnetcore/aspnetcore/artifacts/bin/Microsoft.AspNetCore.Components.Tests/Debug/net10.0/Microsoft.AspNetCore.Components.Tests.dll" adapterTypeName="executor://xunit/VsTestRunner3/netcore/" className="Microsoft.AspNetCore.Components.EventCallbackFactoryBinderExtensionsTest" name="CreateBinder_DateTimeOffset" />
    </UnitTest>
    <UnitTest name="Microsoft.AspNetCore.Components.Test.RenderTreeDiffBuilderTest.CanChangeFrameTypeWithMatchingKey" storage="/home/runner/work/aspnetcore/aspnetcore/artifacts/bin/microsoft.aspnetcore.components.tests/debug/net10.0/microsoft.aspnetcore.components.tests.dll" id="fd409af4-fedd-b4c3-824e-fd6a6e2b4f77">
      <Execution id="f9292a77-3481-45e4-b74d-21e47272b1e7" />
      <TestMethod codeBase="/home/runner/work/aspnetcore/aspnetcore/artifacts/bin/Microsoft.AspNetCore.Components.Tests/Debug/net10.0/Microsoft.AspNetCore.Components.Tests.dll" adapterTypeName="executor://xunit/VsTestRunner3/netcore/" className="Microsoft.AspNetCore.Components.Test.RenderTreeDiffBuilderTest" name="CanChangeFrameTypeWithMatchingKey" />
    </UnitTest>
    <UnitTest name="Microsoft.AspNetCore.Components.Routing.QueryParameterValueSupplierTest.RejectsBlankValuesWhenNotNullable(key: &quot;LongVal&quot;, targetType: typeof(long))" storage="/home/runner/work/aspnetcore/aspnetcore/artifacts/bin/microsoft.aspnetcore.components.tests/debug/net10.0/microsoft.aspnetcore.components.tests.dll" id="1e0e7bf3-2075-dd8c-e2b6-e77d289e78b6">
      <Execution id="6516b3cb-4180-4c57-aed8-d5275bdd675b" />
      <TestMethod codeBase="/home/runner/work/aspnetcore/aspnetcore/artifacts/bin/Microsoft.AspNetCore.Components.Tests/Debug/net10.0/Microsoft.AspNetCore.Components.Tests.dll" adapterTypeName="executor://xunit/VsTestRunner3/netcore/" className="Microsoft.AspNetCore.Components.Routing.QueryParameterValueSupplierTest" name="RejectsBlankValuesWhenNotNullable" />
    </UnitTest>
    <UnitTest name="Microsoft.AspNetCore.Components.Test.ComponentBaseTest.RunsOnInitAsyncAlsoOnBaseClassWhenRendered" storage="/home/runner/work/aspnetcore/aspnetcore/artifacts/bin/microsoft.aspnetcore.components.tests/debug/net10.0/microsoft.aspnetcore.components.tests.dll" id="3c89202c-c7df-02ea-1972-90dec8cac352">
      <Execution id="958be566-3516-45da-8dad-8d23f42d4c38" />
      <TestMethod codeBase="/home/runner/work/aspnetcore/aspnetcore/artifacts/bin/Microsoft.AspNetCore.Components.Tests/Debug/net10.0/Microsoft.AspNetCore.Components.Tests.dll" adapterTypeName="executor://xunit/VsTestRunner3/netcore/" className="Microsoft.AspNetCore.Components.Test.ComponentBaseTest" name="RunsOnInitAsyncAlsoOnBaseClassWhenRendered" />
    </UnitTest>
    <UnitTest name="Microsoft.AspNetCore.Components.Test.RendererTest.DispatchEventAsync_Delegate_SynchronousException" storage="/home/runner/work/aspnetcore/aspnetcore/artifacts/bin/microsoft.aspnetcore.components.tests/debug/net10.0/microsoft.aspnetcore.components.tests.dll" id="13f70ca0-df3a-1cbe-aaed-fa77112d156e">
      <Execution id="c3bf5c44-7f8b-4faf-889f-7684311aca70" />
      <TestMethod codeBase="/home/runner/work/aspnetcore/aspnetcore/artifacts/bin/Microsoft.AspNetCore.Components.Tests/Debug/net10.0/Microsoft.AspNetCore.Components.Tests.dll" adapterTypeName="executor://xunit/VsTestRunner3/netcore/" className="Microsoft.AspNetCore.Components.Test.RendererTest" name="DispatchEventAsync_Delegate_SynchronousException" />
    </UnitTest>
    <UnitTest name="Microsoft.AspNetCore.Components.Test.CascadingParameterTest.CanHaveManySubscribers(numSubscribers: 65)" storage="/home/runner/work/aspnetcore/aspnetcore/artifacts/bin/microsoft.aspnetcore.components.tests/debug/net10.0/microsoft.aspnetcore.components.tests.dll" id="1fa5fbf1-63a6-d7c4-6c8c-69a791cf8b51">
      <Execution id="ebb6ea78-1232-4520-957e-9669e774b802" />
      <TestMethod codeBase="/home/runner/work/aspnetcore/aspnetcore/artifacts/bin/Microsoft.AspNetCore.Components.Tests/Debug/net10.0/Microsoft.AspNetCore.Components.Tests.dll" adapterTypeName="executor://xunit/VsTestRunner3/netcore/" className="Microsoft.AspNetCore.Components.Test.CascadingParameterTest" name="CanHaveManySubscribers" />
    </UnitTest>
    <UnitTest name="Microsoft.AspNetCore.Components.ComponentFactoryTest.InstantiateComponent_WithDerivedRenderModeOnDerivedComponent_CausesAmbiguousMatchException" storage="/home/runner/work/aspnetcore/aspnetcore/artifacts/bin/microsoft.aspnetcore.components.tests/debug/net10.0/microsoft.aspnetcore.components.tests.dll" id="8595e9c2-3abd-e3a4-a13a-44c55b609405">
      <Execution id="4c9e09a9-ffed-4c43-9d3a-6a269f3863e0" />
      <TestMethod codeBase="/home/runner/work/aspnetcore/aspnetcore/artifacts/bin/Microsoft.AspNetCore.Components.Tests/Debug/net10.0/Microsoft.AspNetCore.Components.Tests.dll" adapterTypeName="executor://xunit/VsTestRunner3/netcore/" className="Microsoft.AspNetCore.Components.ComponentFactoryTest" name="InstantiateComponent_WithDerivedRenderModeOnDerivedComponent_CausesAmbiguousMatchException" />
    </UnitTest>
    <UnitTest name="Microsoft.AspNetCore.Components.EventCallbackFactoryTest.CreateT_Action_AlreadyBoundToReceiver" storage="/home/runner/work/aspnetcore/aspnetcore/artifacts/bin/microsoft.aspnetcore.components.tests/debug/net10.0/microsoft.aspnetcore.components.tests.dll" id="0ce2cbd6-1772-13c1-3afe-14dfc1e76a0c">
      <Execution id="1bce634e-9b60-4505-8f6b-f1ce4baf8f56" />
      <TestMethod codeBase="/home/runner/work/aspnetcore/aspnetcore/artifacts/bin/Microsoft.AspNetCore.Components.Tests/Debug/net10.0/Microsoft.AspNetCore.Components.Tests.dll" adapterTypeName="executor://xunit/VsTestRunner3/netcore/" className="Microsoft.AspNetCore.Components.EventCallbackFactoryTest" name="CreateT_Action_AlreadyBoundToReceiver" />
    </UnitTest>
    <UnitTest name="Microsoft.AspNetCore.Components.Test.RenderTreeDiffBuilderTest.RecognizesTrailingSequenceWithinLoopBlockBeingRemoved" storage="/home/runner/work/aspnetcore/aspnetcore/artifacts/bin/microsoft.aspnetcore.components.tests/debug/net10.0/microsoft.aspnetcore.components.tests.dll" id="0ecc3b00-0c6e-1b62-fced-abc05fd09b65">
      <Execution id="a69132ba-00c6-45e4-a294-8c6fea47f5ed" />
      <TestMethod codeBase="/home/runner/work/aspnetcore/aspnetcore/artifacts/bin/Microsoft.AspNetCore.Components.Tests/Debug/net10.0/Microsoft.AspNetCore.Components.Tests.dll" adapterTypeName="executor://xunit/VsTestRunner3/netcore/" className="Microsoft.AspNetCore.Components.Test.RenderTreeDiffBuilderTest" name="RecognizesTrailingSequenceWithinLoopBlockBeingRemoved" />
    </UnitTest>
    <UnitTest name="Microsoft.AspNetCore.Components.Routing.RouteTableFactoryTests.OptionalParameterPlusCatchAllRoute(template: &quot;/{parameter?}/{*catchAll}&quot;, path: &quot;/parameter&quot;, parameterValue: &quot;parameter&quot;, catchAllValue: null)" storage="/home/runner/work/aspnetcore/aspnetcore/artifacts/bin/microsoft.aspnetcore.components.tests/debug/net10.0/microsoft.aspnetcore.components.tests.dll" id="f41f58f6-dae1-cb84-f7ce-226792cc9485">
      <Execution id="93121729-5e88-494d-a0d8-78404f457777" />
      <TestMethod codeBase="/home/runner/work/aspnetcore/aspnetcore/artifacts/bin/Microsoft.AspNetCore.Components.Tests/Debug/net10.0/Microsoft.AspNetCore.Components.Tests.dll" adapterTypeName="executor://xunit/VsTestRunner3/netcore/" className="Microsoft.AspNetCore.Components.Routing.RouteTableFactoryTests" name="OptionalParameterPlusCatchAllRoute" />
    </UnitTest>
    <UnitTest name="Microsoft.AspNetCore.Components.Routing.RouteTableFactoryTests.CanMatchParameterTemplate(path: &quot;/d%C3%A9j%C3%A0+vu&quot;, expectedValue: &quot;déjà+vu&quot;)" storage="/home/runner/work/aspnetcore/aspnetcore/artifacts/bin/microsoft.aspnetcore.components.tests/debug/net10.0/microsoft.aspnetcore.components.tests.dll" id="bcbeba50-3efd-0ed9-f0d0-bc0242b36ead">
      <Execution id="d2af74fd-fdd0-42c9-ad4f-aff48abba323" />
      <TestMethod codeBase="/home/runner/work/aspnetcore/aspnetcore/artifacts/bin/Microsoft.AspNetCore.Components.Tests/Debug/net10.0/Microsoft.AspNetCore.Components.Tests.dll" adapterTypeName="executor://xunit/VsTestRunner3/netcore/" className="Microsoft.AspNetCore.Components.Routing.RouteTableFactoryTests" name="CanMatchParameterTemplate" />
    </UnitTest>
    <UnitTest name="Microsoft.AspNetCore.Components.Test.CascadingParameterTest.CanHaveManySubscribers(numSubscribers: 0)" storage="/home/runner/work/aspnetcore/aspnetcore/artifacts/bin/microsoft.aspnetcore.components.tests/debug/net10.0/microsoft.aspnetcore.components.tests.dll" id="d4d1dc49-5e06-af2a-81b7-443bbb8d03d9">
      <Execution id="b55e2fb3-6643-4de1-b661-079727669571" />
      <TestMethod codeBase="/home/runner/work/aspnetcore/aspnetcore/artifacts/bin/Microsoft.AspNetCore.Components.Tests/Debug/net10.0/Microsoft.AspNetCore.Components.Tests.dll" adapterTypeName="executor://xunit/VsTestRunner3/netcore/" className="Microsoft.AspNetCore.Components.Test.CascadingParameterTest" name="CanHaveManySubscribers" />
    </UnitTest>
    <UnitTest name="Microsoft.AspNetCore.Components.Routing.QueryParameterValueSupplierTest.RejectsUnparseableArrayEntries(key: &quot;DoubleVals&quot;, validValue: &quot;1&quot;, invalidValue: &quot;1x&quot;, targetType: typeof(double))" storage="/home/runner/work/aspnetcore/aspnetcore/artifacts/bin/microsoft.aspnetcore.components.tests/debug/net10.0/microsoft.aspnetcore.components.tests.dll" id="7fe5e5b3-bcc6-86b9-837f-5b45aa17a552">
      <Execution id="bbccf53d-8061-4f27-a3c3-31b4c5d86a40" />
      <TestMethod codeBase="/home/runner/work/aspnetcore/aspnetcore/artifacts/bin/Microsoft.AspNetCore.Components.Tests/Debug/net10.0/Microsoft.AspNetCore.Components.Tests.dll" adapterTypeName="executor://xunit/VsTestRunner3/netcore/" className="Microsoft.AspNetCore.Components.Routing.QueryParameterValueSupplierTest" name="RejectsUnparseableArrayEntries" />
    </UnitTest>
    <UnitTest name="Microsoft.AspNetCore.Components.NavigationManagerTest.GetUriWithQueryParameter_ReplacesWhenParameterExists(baseUri: &quot;scheme://host/?full%20name=&quot;, expectedUri: &quot;scheme://host/?full%20name=John%20Doe&quot;)" storage="/home/runner/work/aspnetcore/aspnetcore/artifacts/bin/microsoft.aspnetcore.components.tests/debug/net10.0/microsoft.aspnetcore.components.tests.dll" id="23ff1577-039b-db16-677b-d224ba8171aa">
      <Execution id="25c12ca3-d440-42bd-b87b-7bbcc02c8811" />
      <TestMethod codeBase="/home/runner/work/aspnetcore/aspnetcore/artifacts/bin/Microsoft.AspNetCore.Components.Tests/Debug/net10.0/Microsoft.AspNetCore.Components.Tests.dll" adapterTypeName="executor://xunit/VsTestRunner3/netcore/" className="Microsoft.AspNetCore.Components.NavigationManagerTest" name="GetUriWithQueryParameter_ReplacesWhenParameterExists" />
    </UnitTest>
    <UnitTest name="Microsoft.AspNetCore.Components.RenderTree.StackObjectPoolTest.ReusesInstancesInPoolUpToCapacity" storage="/home/runner/work/aspnetcore/aspnetcore/artifacts/bin/microsoft.aspnetcore.components.tests/debug/net10.0/microsoft.aspnetcore.components.tests.dll" id="8833ef68-544f-629e-ba62-4c0492854b3a">
      <Execution id="6b6b598b-b1d8-49ee-8dbf-cfbde8f978c7" />
      <TestMethod codeBase="/home/runner/work/aspnetcore/aspnetcore/artifacts/bin/Microsoft.AspNetCore.Components.Tests/Debug/net10.0/Microsoft.AspNetCore.Components.Tests.dll" adapterTypeName="executor://xunit/VsTestRunner3/netcore/" className="Microsoft.AspNetCore.Components.RenderTree.StackObjectPoolTest" name="ReusesInstancesInPoolUpToCapacity" />
    </UnitTest>
    <UnitTest name="Microsoft.AspNetCore.Components.Test.RenderTreeDiffBuilderTest.AttributeDiff_WithSameSequenceNumber_AttributeRemovedAtStart" storage="/home/runner/work/aspnetcore/aspnetcore/artifacts/bin/microsoft.aspnetcore.components.tests/debug/net10.0/microsoft.aspnetcore.components.tests.dll" id="be8fb651-f0db-2481-37f7-dabddb88ecfb">
      <Execution id="cb28aaec-824d-4812-869d-6974a8abac69" />
      <TestMethod codeBase="/home/runner/work/aspnetcore/aspnetcore/artifacts/bin/Microsoft.AspNetCore.Components.Tests/Debug/net10.0/Microsoft.AspNetCore.Components.Tests.dll" adapterTypeName="executor://xunit/VsTestRunner3/netcore/" className="Microsoft.AspNetCore.Components.Test.RenderTreeDiffBuilderTest" name="AttributeDiff_WithSameSequenceNumber_AttributeRemovedAtStart" />
    </UnitTest>
    <UnitTest name="Microsoft.AspNetCore.Components.Routing.RouteTableFactoryTests.CanMatchCatchAllParameterTemplate(path: &quot;/blog/value1/foo%20bar&quot;, expectedValue: &quot;value1/foo bar&quot;)" storage="/home/runner/work/aspnetcore/aspnetcore/artifacts/bin/microsoft.aspnetcore.components.tests/debug/net10.0/microsoft.aspnetcore.components.tests.dll" id="e678fbaa-7323-aa6f-5bb0-13e375e0cb85">
      <Execution id="4f993b3d-5ab7-4d5c-bf1d-9a589d21b091" />
      <TestMethod codeBase="/home/runner/work/aspnetcore/aspnetcore/artifacts/bin/Microsoft.AspNetCore.Components.Tests/Debug/net10.0/Microsoft.AspNetCore.Components.Tests.dll" adapterTypeName="executor://xunit/VsTestRunner3/netcore/" className="Microsoft.AspNetCore.Components.Routing.RouteTableFactoryTests" name="CanMatchCatchAllParameterTemplate" />
    </UnitTest>
    <UnitTest name="Microsoft.AspNetCore.Components.RenderTree.ArrayBuilderTest.Dispose_ThrowsOnReuse" storage="/home/runner/work/aspnetcore/aspnetcore/artifacts/bin/microsoft.aspnetcore.components.tests/debug/net10.0/microsoft.aspnetcore.components.tests.dll" id="2213bde3-f5cd-cd4e-100a-68f771ca1d40">
      <Execution id="dff1a372-ae86-4796-bcb7-31e12f9451be" />
      <TestMethod codeBase="/home/runner/work/aspnetcore/aspnetcore/artifacts/bin/Microsoft.AspNetCore.Components.Tests/Debug/net10.0/Microsoft.AspNetCore.Components.Tests.dll" adapterTypeName="executor://xunit/VsTestRunner3/netcore/" className="Microsoft.AspNetCore.Components.RenderTree.ArrayBuilderTest" name="Dispose_ThrowsOnReuse" />
    </UnitTest>
    <UnitTest name="Microsoft.AspNetCore.Components.Routing.RoutePatternParserTests.InvalidTemplate_WithMismatchedBraces(template: &quot;Literal/p}&quot;, expectedMessage: &quot;There is an incomplete parameter in the route temp&quot;···)" storage="/home/runner/work/aspnetcore/aspnetcore/artifacts/bin/microsoft.aspnetcore.components.tests/debug/net10.0/microsoft.aspnetcore.components.tests.dll" id="762f6126-3d62-e3f9-92cb-54086f5b0e20">
      <Execution id="db3e6753-6c5d-44e2-85af-8934f1cea495" />
      <TestMethod codeBase="/home/runner/work/aspnetcore/aspnetcore/artifacts/bin/Microsoft.AspNetCore.Components.Tests/Debug/net10.0/Microsoft.AspNetCore.Components.Tests.dll" adapterTypeName="executor://xunit/VsTestRunner3/netcore/" className="Microsoft.AspNetCore.Components.Routing.RoutePatternParserTests" name="InvalidTemplate_WithMismatchedBraces" />
    </UnitTest>
    <UnitTest name="Microsoft.AspNetCore.Components.CascadingParameterStateTest.FindCascadingParameters_SupplierSpecifiesNameButConsumerDoesNot_ReturnsEmpty" storage="/home/runner/work/aspnetcore/aspnetcore/artifacts/bin/microsoft.aspnetcore.components.tests/debug/net10.0/microsoft.aspnetcore.components.tests.dll" id="014275d6-c2f3-5fcd-dd48-1fcd8dc4d9e0">
      <Execution id="10d8fb21-0a76-4088-8bc5-667e68beb132" />
      <TestMethod codeBase="/home/runner/work/aspnetcore/aspnetcore/artifacts/bin/Microsoft.AspNetCore.Components.Tests/Debug/net10.0/Microsoft.AspNetCore.Components.Tests.dll" adapterTypeName="executor://xunit/VsTestRunner3/netcore/" className="Microsoft.AspNetCore.Components.CascadingParameterStateTest" name="FindCascadingParameters_SupplierSpecifiesNameButConsumerDoesNot_ReturnsEmpty" />
    </UnitTest>
    <UnitTest name="Microsoft.AspNetCore.Components.EventCallbackFactoryBinderExtensionsTest.CreateBinder_NullableDateTime" storage="/home/runner/work/aspnetcore/aspnetcore/artifacts/bin/microsoft.aspnetcore.components.tests/debug/net10.0/microsoft.aspnetcore.components.tests.dll" id="f981ef23-60f4-612d-88c7-df81d7933025">
      <Execution id="3caedef4-e12d-4dfe-963e-9d0dfe7ca793" />
      <TestMethod codeBase="/home/runner/work/aspnetcore/aspnetcore/artifacts/bin/Microsoft.AspNetCore.Components.Tests/Debug/net10.0/Microsoft.AspNetCore.Components.Tests.dll" adapterTypeName="executor://xunit/VsTestRunner3/netcore/" className="Microsoft.AspNetCore.Components.EventCallbackFactoryBinderExtensionsTest" name="CreateBinder_NullableDateTime" />
    </UnitTest>
    <UnitTest name="Microsoft.AspNetCore.Components.ParameterViewTest.FromDictionary_RoundTrips" storage="/home/runner/work/aspnetcore/aspnetcore/artifacts/bin/microsoft.aspnetcore.components.tests/debug/net10.0/microsoft.aspnetcore.components.tests.dll" id="0e1c07e6-369a-2f69-1299-cf762b3a0f30">
      <Execution id="ad7c5ad8-1325-425e-8728-7d219173c9b1" />
      <TestMethod codeBase="/home/runner/work/aspnetcore/aspnetcore/artifacts/bin/Microsoft.AspNetCore.Components.Tests/Debug/net10.0/Microsoft.AspNetCore.Components.Tests.dll" adapterTypeName="executor://xunit/VsTestRunner3/netcore/" className="Microsoft.AspNetCore.Components.ParameterViewTest" name="FromDictionary_RoundTrips" />
    </UnitTest>
    <UnitTest name="Microsoft.AspNetCore.Components.Test.RenderTreeDiffBuilderTest.SetsUpdatedParametersOnChildComponents" storage="/home/runner/work/aspnetcore/aspnetcore/artifacts/bin/microsoft.aspnetcore.components.tests/debug/net10.0/microsoft.aspnetcore.components.tests.dll" id="3a5e44e2-5ea1-40ad-27a8-d0a852f610d4">
      <Execution id="06d66206-382a-463d-a4d8-fa6aaebd21ad" />
      <TestMethod codeBase="/home/runner/work/aspnetcore/aspnetcore/artifacts/bin/Microsoft.AspNetCore.Components.Tests/Debug/net10.0/Microsoft.AspNetCore.Components.Tests.dll" adapterTypeName="executor://xunit/VsTestRunner3/netcore/" className="Microsoft.AspNetCore.Components.Test.RenderTreeDiffBuilderTest" name="SetsUpdatedParametersOnChildComponents" />
    </UnitTest>
    <UnitTest name="Microsoft.AspNetCore.Components.Routing.RouteTableFactoryTests.DetectsAmbiguousRoutes(left: &quot;/{parameter}&quot;, right: &quot;/{parameter}/&quot;)" storage="/home/runner/work/aspnetcore/aspnetcore/artifacts/bin/microsoft.aspnetcore.components.tests/debug/net10.0/microsoft.aspnetcore.components.tests.dll" id="8d654c0e-d220-fe90-bc9a-e710794c02a6">
      <Execution id="576c6c9d-68d6-41e0-9caa-13647e4ae581" />
      <TestMethod codeBase="/home/runner/work/aspnetcore/aspnetcore/artifacts/bin/Microsoft.AspNetCore.Components.Tests/Debug/net10.0/Microsoft.AspNetCore.Components.Tests.dll" adapterTypeName="executor://xunit/VsTestRunner3/netcore/" className="Microsoft.AspNetCore.Components.Routing.RouteTableFactoryTests" name="DetectsAmbiguousRoutes" />
    </UnitTest>
    <UnitTest name="Microsoft.AspNetCore.Components.EventCallbackFactoryTest.Create_FuncTask_DifferentReceiver" storage="/home/runner/work/aspnetcore/aspnetcore/artifacts/bin/microsoft.aspnetcore.components.tests/debug/net10.0/microsoft.aspnetcore.components.tests.dll" id="e35cdee5-7b44-d822-fca5-f437ad2620dd">
      <Execution id="4ae982dd-4812-4b35-ad71-d0fdc34d986c" />
      <TestMethod codeBase="/home/runner/work/aspnetcore/aspnetcore/artifacts/bin/Microsoft.AspNetCore.Components.Tests/Debug/net10.0/Microsoft.AspNetCore.Components.Tests.dll" adapterTypeName="executor://xunit/VsTestRunner3/netcore/" className="Microsoft.AspNetCore.Components.EventCallbackFactoryTest" name="Create_FuncTask_DifferentReceiver" />
    </UnitTest>
    <UnitTest name="Microsoft.AspNetCore.Components.Routing.QueryParameterValueSupplierTest.RejectsUnparseableArrayEntries(key: &quot;NullableDoubleVals&quot;, validValue: &quot;1&quot;, invalidValue: &quot;1x&quot;, targetType: typeof(double?))" storage="/home/runner/work/aspnetcore/aspnetcore/artifacts/bin/microsoft.aspnetcore.components.tests/debug/net10.0/microsoft.aspnetcore.components.tests.dll" id="c04fd714-3415-3208-f83e-aceca130e046">
      <Execution id="5eb2499d-20ad-4027-8553-0949c4cfb0ad" />
      <TestMethod codeBase="/home/runner/work/aspnetcore/aspnetcore/artifacts/bin/Microsoft.AspNetCore.Components.Tests/Debug/net10.0/Microsoft.AspNetCore.Components.Tests.dll" adapterTypeName="executor://xunit/VsTestRunner3/netcore/" className="Microsoft.AspNetCore.Components.Routing.QueryParameterValueSupplierTest" name="RejectsUnparseableArrayEntries" />
    </UnitTest>
    <UnitTest name="Microsoft.AspNetCore.Components.Test.RendererTest.CannotGetEventArgsTypeForMultiParameterHandler" storage="/home/runner/work/aspnetcore/aspnetcore/artifacts/bin/microsoft.aspnetcore.components.tests/debug/net10.0/microsoft.aspnetcore.components.tests.dll" id="76a97bf5-b168-bc08-c10b-09b63899e038">
      <Execution id="888053d5-9676-434f-a16e-1f02ceb7db6f" />
      <TestMethod codeBase="/home/runner/work/aspnetcore/aspnetcore/artifacts/bin/Microsoft.AspNetCore.Components.Tests/Debug/net10.0/Microsoft.AspNetCore.Components.Tests.dll" adapterTypeName="executor://xunit/VsTestRunner3/netcore/" className="Microsoft.AspNetCore.Components.Test.RendererTest" name="CannotGetEventArgsTypeForMultiParameterHandler" />
    </UnitTest>
    <UnitTest name="Microsoft.AspNetCore.Components.EventCallbackFactoryBinderExtensionsTest.CreateBinder_NumericType_WithCurrentCulture" storage="/home/runner/work/aspnetcore/aspnetcore/artifacts/bin/microsoft.aspnetcore.components.tests/debug/net10.0/microsoft.aspnetcore.components.tests.dll" id="6eaa29cd-811f-a088-f961-9aa873e71333">
      <Execution id="ba6bcb8a-3757-4271-8fd0-bbbbc027ee9a" />
      <TestMethod codeBase="/home/runner/work/aspnetcore/aspnetcore/artifacts/bin/Microsoft.AspNetCore.Components.Tests/Debug/net10.0/Microsoft.AspNetCore.Components.Tests.dll" adapterTypeName="executor://xunit/VsTestRunner3/netcore/" className="Microsoft.AspNetCore.Components.EventCallbackFactoryBinderExtensionsTest" name="CreateBinder_NumericType_WithCurrentCulture" />
    </UnitTest>
    <UnitTest name="Microsoft.AspNetCore.Components.ParameterViewTest.SupplyingNullWritesDefaultForType" storage="/home/runner/work/aspnetcore/aspnetcore/artifacts/bin/microsoft.aspnetcore.components.tests/debug/net10.0/microsoft.aspnetcore.components.tests.dll" id="0e54297b-7133-9dc9-c07f-f9c90a1229d6">
      <Execution id="95a63f46-39bf-437b-84ea-c635b575f32d" />
      <TestMethod codeBase="/home/runner/work/aspnetcore/aspnetcore/artifacts/bin/Microsoft.AspNetCore.Components.Tests/Debug/net10.0/Microsoft.AspNetCore.Components.Tests.dll" adapterTypeName="executor://xunit/VsTestRunner3/netcore/" className="Microsoft.AspNetCore.Components.ParameterViewTest" name="SupplyingNullWritesDefaultForType" />
    </UnitTest>
    <UnitTest name="Microsoft.AspNetCore.Components.ParameterViewTest.IncomingParameterMatchesPropertyNotPublic_Throws" storage="/home/runner/work/aspnetcore/aspnetcore/artifacts/bin/microsoft.aspnetcore.components.tests/debug/net10.0/microsoft.aspnetcore.components.tests.dll" id="7719aeda-4511-e7e0-e7a6-f72d0152e7ba">
      <Execution id="567979dd-aab0-47b9-8d85-e11b99b0093c" />
      <TestMethod codeBase="/home/runner/work/aspnetcore/aspnetcore/artifacts/bin/Microsoft.AspNetCore.Components.Tests/Debug/net10.0/Microsoft.AspNetCore.Components.Tests.dll" adapterTypeName="executor://xunit/VsTestRunner3/netcore/" className="Microsoft.AspNetCore.Components.ParameterViewTest" name="IncomingParameterMatchesPropertyNotPublic_Throws" />
    </UnitTest>
    <UnitTest name="Microsoft.AspNetCore.Components.Routing.RouteTableFactoryTests.CanDiscoverRoute" storage="/home/runner/work/aspnetcore/aspnetcore/artifacts/bin/microsoft.aspnetcore.components.tests/debug/net10.0/microsoft.aspnetcore.components.tests.dll" id="a342ad7c-db31-f021-0e50-50a2a5a072bd">
      <Execution id="1fbf0a6b-15e1-443f-8efc-bcfb5afa9a7a" />
      <TestMethod codeBase="/home/runner/work/aspnetcore/aspnetcore/artifacts/bin/Microsoft.AspNetCore.Components.Tests/Debug/net10.0/Microsoft.AspNetCore.Components.Tests.dll" adapterTypeName="executor://xunit/VsTestRunner3/netcore/" className="Microsoft.AspNetCore.Components.Routing.RouteTableFactoryTests" name="CanDiscoverRoute" />
    </UnitTest>
    <UnitTest name="Microsoft.AspNetCore.Components.Routing.RouteTableFactoryTests.DetectsAmbiguousRoutesNoFalsePositives(left: &quot;/{parameter}&quot;, right: &quot;/{{parameter}}&quot;)" storage="/home/runner/work/aspnetcore/aspnetcore/artifacts/bin/microsoft.aspnetcore.components.tests/debug/net10.0/microsoft.aspnetcore.components.tests.dll" id="a144a834-f4a0-0a8d-9433-27998d1058a1">
      <Execution id="b24f7efe-5e3c-4f32-aafa-da7144265f56" />
      <TestMethod codeBase="/home/runner/work/aspnetcore/aspnetcore/artifacts/bin/Microsoft.AspNetCore.Components.Tests/Debug/net10.0/Microsoft.AspNetCore.Components.Tests.dll" adapterTypeName="executor://xunit/VsTestRunner3/netcore/" className="Microsoft.AspNetCore.Components.Routing.RouteTableFactoryTests" name="DetectsAmbiguousRoutesNoFalsePositives" />
    </UnitTest>
    <UnitTest name="Microsoft.AspNetCore.Components.Routing.QueryParameterValueSupplierTest.SuppliesNullForValueTypesIfNotSpecified(query: &quot;&quot;)" storage="/home/runner/work/aspnetcore/aspnetcore/artifacts/bin/microsoft.aspnetcore.components.tests/debug/net10.0/microsoft.aspnetcore.components.tests.dll" id="18ab6519-8e78-4ae0-2836-31bcbe5e86b8">
      <Execution id="068fb721-a68b-4028-b5e0-d7c9f2f70efb" />
      <TestMethod codeBase="/home/runner/work/aspnetcore/aspnetcore/artifacts/bin/Microsoft.AspNetCore.Components.Tests/Debug/net10.0/Microsoft.AspNetCore.Components.Tests.dll" adapterTypeName="executor://xunit/VsTestRunner3/netcore/" className="Microsoft.AspNetCore.Components.Routing.QueryParameterValueSupplierTest" name="SuppliesNullForValueTypesIfNotSpecified" />
    </UnitTest>
    <UnitTest name="Microsoft.AspNetCore.Components.Test.RendererTest.DisposeAsyncCallsComponentDisposeAsyncOnSyncContext" storage="/home/runner/work/aspnetcore/aspnetcore/artifacts/bin/microsoft.aspnetcore.components.tests/debug/net10.0/microsoft.aspnetcore.components.tests.dll" id="4ed0ae28-42dd-4646-c727-bd15f8ff9c6e">
      <Execution id="d207f050-98bd-4b98-b38c-6b0914c7e11a" />
      <TestMethod codeBase="/home/runner/work/aspnetcore/aspnetcore/artifacts/bin/Microsoft.AspNetCore.Components.Tests/Debug/net10.0/Microsoft.AspNetCore.Components.Tests.dll" adapterTypeName="executor://xunit/VsTestRunner3/netcore/" className="Microsoft.AspNetCore.Components.Test.RendererTest" name="DisposeAsyncCallsComponentDisposeAsyncOnSyncContext" />
    </UnitTest>
    <UnitTest name="Microsoft.AspNetCore.Components.NavigationManagerTest.GetUriWithQueryParameters_CanAddUpdateAndRemove(baseUri: &quot;scheme://host/?name=Bob%20Joe&amp;age=42#hash&quot;, expectedUri: &quot;scheme://host/?age=25&amp;eye%20color=green#hash&quot;)" storage="/home/runner/work/aspnetcore/aspnetcore/artifacts/bin/microsoft.aspnetcore.components.tests/debug/net10.0/microsoft.aspnetcore.components.tests.dll" id="7df1a36a-e864-373e-7a24-c1742d37a733">
      <Execution id="452f1d27-43b3-41b6-aabd-03be46bf5456" />
      <TestMethod codeBase="/home/runner/work/aspnetcore/aspnetcore/artifacts/bin/Microsoft.AspNetCore.Components.Tests/Debug/net10.0/Microsoft.AspNetCore.Components.Tests.dll" adapterTypeName="executor://xunit/VsTestRunner3/netcore/" className="Microsoft.AspNetCore.Components.NavigationManagerTest" name="GetUriWithQueryParameters_CanAddUpdateAndRemove" />
    </UnitTest>
    <UnitTest name="Microsoft.AspNetCore.Components.NavigationManagerTest.ComputesCorrectBaseUri(baseUri: &quot;scheme://host/path/page?query=string&amp;another=here#&quot;···, expectedResult: &quot;scheme://host/path/&quot;)" storage="/home/runner/work/aspnetcore/aspnetcore/artifacts/bin/microsoft.aspnetcore.components.tests/debug/net10.0/microsoft.aspnetcore.components.tests.dll" id="430aa0c8-617c-dddc-2ea3-ec2d79e7c917">
      <Execution id="1903619a-d967-4ba9-872c-5632026a9ce2" />
      <TestMethod codeBase="/home/runner/work/aspnetcore/aspnetcore/artifacts/bin/Microsoft.AspNetCore.Components.Tests/Debug/net10.0/Microsoft.AspNetCore.Components.Tests.dll" adapterTypeName="executor://xunit/VsTestRunner3/netcore/" className="Microsoft.AspNetCore.Components.NavigationManagerTest" name="ComputesCorrectBaseUri" />
    </UnitTest>
    <UnitTest name="Microsoft.AspNetCore.Components.Test.RendererTest.ExceptionsThrownSynchronouslyCanBeHandledSynchronously" storage="/home/runner/work/aspnetcore/aspnetcore/artifacts/bin/microsoft.aspnetcore.components.tests/debug/net10.0/microsoft.aspnetcore.components.tests.dll" id="a3005a1a-8b2c-0502-0368-f3d16f878c68">
      <Execution id="c0ddfe07-0c08-4d9a-b6ad-13e9cfd6f8ca" />
      <TestMethod codeBase="/home/runner/work/aspnetcore/aspnetcore/artifacts/bin/Microsoft.AspNetCore.Components.Tests/Debug/net10.0/Microsoft.AspNetCore.Components.Tests.dll" adapterTypeName="executor://xunit/VsTestRunner3/netcore/" className="Microsoft.AspNetCore.Components.Test.RendererTest" name="ExceptionsThrownSynchronouslyCanBeHandledSynchronously" />
    </UnitTest>
    <UnitTest name="Microsoft.AspNetCore.Components.Test.RendererTest.CanGetEventArgsTypeForHandler" storage="/home/runner/work/aspnetcore/aspnetcore/artifacts/bin/microsoft.aspnetcore.components.tests/debug/net10.0/microsoft.aspnetcore.components.tests.dll" id="5ca47bb4-42a5-7c90-6f0f-6e1a35b407bf">
      <Execution id="6757ae3f-9f43-4c79-afc9-85a13f5d5eda" />
      <TestMethod codeBase="/home/runner/work/aspnetcore/aspnetcore/artifacts/bin/Microsoft.AspNetCore.Components.Tests/Debug/net10.0/Microsoft.AspNetCore.Components.Tests.dll" adapterTypeName="executor://xunit/VsTestRunner3/netcore/" className="Microsoft.AspNetCore.Components.Test.RendererTest" name="CanGetEventArgsTypeForHandler" />
    </UnitTest>
    <UnitTest name="Microsoft.AspNetCore.Components.Routing.RouteTableFactoryTests.DoesNotThrowForNonAmbiguousRoutes(first: &quot;literal/{*catchAll:int}&quot;, second: &quot;literal/{optional?}&quot;)" storage="/home/runner/work/aspnetcore/aspnetcore/artifacts/bin/microsoft.aspnetcore.components.tests/debug/net10.0/microsoft.aspnetcore.components.tests.dll" id="3e67406e-2ea1-e907-7790-c945fbc51991">
      <Execution id="471841d6-5942-47f4-9bd9-57af681e3810" />
      <TestMethod codeBase="/home/runner/work/aspnetcore/aspnetcore/artifacts/bin/Microsoft.AspNetCore.Components.Tests/Debug/net10.0/Microsoft.AspNetCore.Components.Tests.dll" adapterTypeName="executor://xunit/VsTestRunner3/netcore/" className="Microsoft.AspNetCore.Components.Routing.RouteTableFactoryTests" name="DoesNotThrowForNonAmbiguousRoutes" />
    </UnitTest>
    <UnitTest name="Microsoft.AspNetCore.Components.Test.RendererTest.CallsAfterRenderAfterTheUIHasFinishedUpdatingSynchronously" storage="/home/runner/work/aspnetcore/aspnetcore/artifacts/bin/microsoft.aspnetcore.components.tests/debug/net10.0/microsoft.aspnetcore.components.tests.dll" id="091a29da-0dab-acd1-eb77-2d71716f3ea4">
      <Execution id="9de8bab8-fe60-4544-8282-73c772cb6703" />
      <TestMethod codeBase="/home/runner/work/aspnetcore/aspnetcore/artifacts/bin/Microsoft.AspNetCore.Components.Tests/Debug/net10.0/Microsoft.AspNetCore.Components.Tests.dll" adapterTypeName="executor://xunit/VsTestRunner3/netcore/" className="Microsoft.AspNetCore.Components.Test.RendererTest" name="CallsAfterRenderAfterTheUIHasFinishedUpdatingSynchronously" />
    </UnitTest>
    <UnitTest name="Microsoft.AspNetCore.Components.EventCallbackFactoryBinderExtensionsTest.CreateBinder_NullableBool" storage="/home/runner/work/aspnetcore/aspnetcore/artifacts/bin/microsoft.aspnetcore.components.tests/debug/net10.0/microsoft.aspnetcore.components.tests.dll" id="1b941564-9443-a0d0-72fe-46969b83763a">
      <Execution id="fe496eaf-0536-42dd-b534-f91a7625af67" />
      <TestMethod codeBase="/home/runner/work/aspnetcore/aspnetcore/artifacts/bin/Microsoft.AspNetCore.Components.Tests/Debug/net10.0/Microsoft.AspNetCore.Components.Tests.dll" adapterTypeName="executor://xunit/VsTestRunner3/netcore/" className="Microsoft.AspNetCore.Components.EventCallbackFactoryBinderExtensionsTest" name="CreateBinder_NullableBool" />
    </UnitTest>
    <UnitTest name="Microsoft.AspNetCore.Components.BindConverterTest.FormatValue_NullableBoolNull_Generic" storage="/home/runner/work/aspnetcore/aspnetcore/artifacts/bin/microsoft.aspnetcore.components.tests/debug/net10.0/microsoft.aspnetcore.components.tests.dll" id="4b10b275-a6ee-35e3-a678-bc9fbbb9c15e">
      <Execution id="96c0612a-8804-461d-b073-0049e7c5fe45" />
      <TestMethod codeBase="/home/runner/work/aspnetcore/aspnetcore/artifacts/bin/Microsoft.AspNetCore.Components.Tests/Debug/net10.0/Microsoft.AspNetCore.Components.Tests.dll" adapterTypeName="executor://xunit/VsTestRunner3/netcore/" className="Microsoft.AspNetCore.Components.BindConverterTest" name="FormatValue_NullableBoolNull_Generic" />
    </UnitTest>
    <UnitTest name="Microsoft.AspNetCore.Components.Routing.RouterTest.CanRunOnNavigateAsync" storage="/home/runner/work/aspnetcore/aspnetcore/artifacts/bin/microsoft.aspnetcore.components.tests/debug/net10.0/microsoft.aspnetcore.components.tests.dll" id="44b7d3e3-203a-30d8-5239-484d4606593c">
      <Execution id="b188e52f-bfa0-4659-87a1-f2c53ae48094" />
      <TestMethod codeBase="/home/runner/work/aspnetcore/aspnetcore/artifacts/bin/Microsoft.AspNetCore.Components.Tests/Debug/net10.0/Microsoft.AspNetCore.Components.Tests.dll" adapterTypeName="executor://xunit/VsTestRunner3/netcore/" className="Microsoft.AspNetCore.Components.Routing.RouterTest" name="CanRunOnNavigateAsync" />
    </UnitTest>
    <UnitTest name="Microsoft.AspNetCore.Components.Routing.RouteTableFactoryTests.PrefersLiteralTemplateOverTemplateWithOptionalParameters" storage="/home/runner/work/aspnetcore/aspnetcore/artifacts/bin/microsoft.aspnetcore.components.tests/debug/net10.0/microsoft.aspnetcore.components.tests.dll" id="b928554e-d373-e92d-e58b-95283075b97f">
      <Execution id="c56d2300-50db-45ae-8049-dedda6d443c0" />
      <TestMethod codeBase="/home/runner/work/aspnetcore/aspnetcore/artifacts/bin/Microsoft.AspNetCore.Components.Tests/Debug/net10.0/Microsoft.AspNetCore.Components.Tests.dll" adapterTypeName="executor://xunit/VsTestRunner3/netcore/" className="Microsoft.AspNetCore.Components.Routing.RouteTableFactoryTests" name="PrefersLiteralTemplateOverTemplateWithOptionalParameters" />
    </UnitTest>
    <UnitTest name="Microsoft.AspNetCore.Components.Rendering.RenderTreeBuilderTest.CanAddMultipleAttributes_InterspersedWithOtherAttributes" storage="/home/runner/work/aspnetcore/aspnetcore/artifacts/bin/microsoft.aspnetcore.components.tests/debug/net10.0/microsoft.aspnetcore.components.tests.dll" id="bb892bb2-eeca-3757-fd24-3801e2ec3e5e">
      <Execution id="7d5e29f3-1362-4738-960a-ad9d8dea071b" />
      <TestMethod codeBase="/home/runner/work/aspnetcore/aspnetcore/artifacts/bin/Microsoft.AspNetCore.Components.Tests/Debug/net10.0/Microsoft.AspNetCore.Components.Tests.dll" adapterTypeName="executor://xunit/VsTestRunner3/netcore/" className="Microsoft.AspNetCore.Components.Rendering.RenderTreeBuilderTest" name="CanAddMultipleAttributes_InterspersedWithOtherAttributes" />
    </UnitTest>
    <UnitTest name="Microsoft.AspNetCore.Components.Routing.RouteTableFactoryTests.PrefersShorterRoutesOverLongerRoutes" storage="/home/runner/work/aspnetcore/aspnetcore/artifacts/bin/microsoft.aspnetcore.components.tests/debug/net10.0/microsoft.aspnetcore.components.tests.dll" id="e2ae4437-b94f-5fa2-0628-78f91a702d49">
      <Execution id="3c408812-b397-4c3e-b3a2-a5dcf20bcf22" />
      <TestMethod codeBase="/home/runner/work/aspnetcore/aspnetcore/artifacts/bin/Microsoft.AspNetCore.Components.Tests/Debug/net10.0/Microsoft.AspNetCore.Components.Tests.dll" adapterTypeName="executor://xunit/VsTestRunner3/netcore/" className="Microsoft.AspNetCore.Components.Routing.RouteTableFactoryTests" name="PrefersShorterRoutesOverLongerRoutes" />
    </UnitTest>
    <UnitTest name="Microsoft.AspNetCore.Components.BindConverterTest.FormatValue_NullableEnum" storage="/home/runner/work/aspnetcore/aspnetcore/artifacts/bin/microsoft.aspnetcore.components.tests/debug/net10.0/microsoft.aspnetcore.components.tests.dll" id="2943dfdf-2f06-d9ad-1778-0311c3a01625">
      <Execution id="4e63af14-cc50-4a9f-b6b8-906e0051425c" />
      <TestMethod codeBase="/home/runner/work/aspnetcore/aspnetcore/artifacts/bin/Microsoft.AspNetCore.Components.Tests/Debug/net10.0/Microsoft.AspNetCore.Components.Tests.dll" adapterTypeName="executor://xunit/VsTestRunner3/netcore/" className="Microsoft.AspNetCore.Components.BindConverterTest" name="FormatValue_NullableEnum" />
    </UnitTest>
    <UnitTest name="Microsoft.AspNetCore.Components.Routing.RouteTableFactoryTests.MultipleOptionalParametersWithPrefix(path: &quot;/prefix/&quot;, segments: 0)" storage="/home/runner/work/aspnetcore/aspnetcore/artifacts/bin/microsoft.aspnetcore.components.tests/debug/net10.0/microsoft.aspnetcore.components.tests.dll" id="d5fbed4c-984c-9727-4ce6-34c3d9e1c637">
      <Execution id="2f93ae6a-45ae-477b-8051-4a4b7735794a" />
      <TestMethod codeBase="/home/runner/work/aspnetcore/aspnetcore/artifacts/bin/Microsoft.AspNetCore.Components.Tests/Debug/net10.0/Microsoft.AspNetCore.Components.Tests.dll" adapterTypeName="executor://xunit/VsTestRunner3/netcore/" className="Microsoft.AspNetCore.Components.Routing.RouteTableFactoryTests" name="MultipleOptionalParametersWithPrefix" />
    </UnitTest>
    <UnitTest name="Microsoft.AspNetCore.Components.Rendering.RenderTreeBuilderTest.AddAttribute_Element_ObjectNull_IgnoresFrame" storage="/home/runner/work/aspnetcore/aspnetcore/artifacts/bin/microsoft.aspnetcore.components.tests/debug/net10.0/microsoft.aspnetcore.components.tests.dll" id="c0289689-7433-164e-3634-e12ec9d84c28">
      <Execution id="7be385ab-829e-4773-8774-dc43f1d6672d" />
      <TestMethod codeBase="/home/runner/work/aspnetcore/aspnetcore/artifacts/bin/Microsoft.AspNetCore.Components.Tests/Debug/net10.0/Microsoft.AspNetCore.Components.Tests.dll" adapterTypeName="executor://xunit/VsTestRunner3/netcore/" className="Microsoft.AspNetCore.Components.Rendering.RenderTreeBuilderTest" name="AddAttribute_Element_ObjectNull_IgnoresFrame" />
    </UnitTest>
    <UnitTest name="Microsoft.AspNetCore.Components.PersistentStateValueProviderTests.PersistAsync_CanPersistMultipleComponentsOfSameType_WhenParentProvidesDifferentKeys" storage="/home/runner/work/aspnetcore/aspnetcore/artifacts/bin/microsoft.aspnetcore.components.tests/debug/net10.0/microsoft.aspnetcore.components.tests.dll" id="34939270-3f3b-163c-6f65-dbb13bcbaa0e">
      <Execution id="15937902-3757-43d4-aaf1-5c60242e54f3" />
      <TestMethod codeBase="/home/runner/work/aspnetcore/aspnetcore/artifacts/bin/Microsoft.AspNetCore.Components.Tests/Debug/net10.0/Microsoft.AspNetCore.Components.Tests.dll" adapterTypeName="executor://xunit/VsTestRunner3/netcore/" className="Microsoft.AspNetCore.Components.PersistentStateValueProviderTests" name="PersistAsync_CanPersistMultipleComponentsOfSameType_WhenParentProvidesDifferentKeys" />
    </UnitTest>
    <UnitTest name="Microsoft.AspNetCore.Components.Test.RenderTreeDiffBuilderTest.PreservesEventHandlerIdsForRetainedEventHandlers_SlowPath" storage="/home/runner/work/aspnetcore/aspnetcore/artifacts/bin/microsoft.aspnetcore.components.tests/debug/net10.0/microsoft.aspnetcore.components.tests.dll" id="edd21920-869c-107d-11c4-f8070a7ffe76">
      <Execution id="56a60e18-60d7-4eeb-bede-dfc2ec6d2907" />
      <TestMethod codeBase="/home/runner/work/aspnetcore/aspnetcore/artifacts/bin/Microsoft.AspNetCore.Components.Tests/Debug/net10.0/Microsoft.AspNetCore.Components.Tests.dll" adapterTypeName="executor://xunit/VsTestRunner3/netcore/" className="Microsoft.AspNetCore.Components.Test.RenderTreeDiffBuilderTest" name="PreservesEventHandlerIdsForRetainedEventHandlers_SlowPath" />
    </UnitTest>
    <UnitTest name="Microsoft.AspNetCore.Components.Test.RenderTreeDiffBuilderTest.AttributeDiff_WithSequentialSequenceNumber_AttributeAddedAtStart" storage="/home/runner/work/aspnetcore/aspnetcore/artifacts/bin/microsoft.aspnetcore.components.tests/debug/net10.0/microsoft.aspnetcore.components.tests.dll" id="dd2ab46b-7343-ab95-a72d-9713ed8428e3">
      <Execution id="e36cbbbc-42f1-4ed1-b0d5-f21be252c7be" />
      <TestMethod codeBase="/home/runner/work/aspnetcore/aspnetcore/artifacts/bin/Microsoft.AspNetCore.Components.Tests/Debug/net10.0/Microsoft.AspNetCore.Components.Tests.dll" adapterTypeName="executor://xunit/VsTestRunner3/netcore/" className="Microsoft.AspNetCore.Components.Test.RenderTreeDiffBuilderTest" name="AttributeDiff_WithSequentialSequenceNumber_AttributeAddedAtStart" />
    </UnitTest>
    <UnitTest name="Microsoft.AspNetCore.Components.NavigationManagerTest.LocationChangingHandlers_CanCancelTheNavigationSynchronously_WhenOneHandlerIsRegistered" storage="/home/runner/work/aspnetcore/aspnetcore/artifacts/bin/microsoft.aspnetcore.components.tests/debug/net10.0/microsoft.aspnetcore.components.tests.dll" id="7db44fff-c010-6e1f-c591-b0c7b45efced">
      <Execution id="f530719d-297f-46a0-add4-dde06fb9519f" />
      <TestMethod codeBase="/home/runner/work/aspnetcore/aspnetcore/artifacts/bin/Microsoft.AspNetCore.Components.Tests/Debug/net10.0/Microsoft.AspNetCore.Components.Tests.dll" adapterTypeName="executor://xunit/VsTestRunner3/netcore/" className="Microsoft.AspNetCore.Components.NavigationManagerTest" name="LocationChangingHandlers_CanCancelTheNavigationSynchronously_WhenOneHandlerIsRegistered" />
    </UnitTest>
    <UnitTest name="Microsoft.AspNetCore.Components.Rendering.RenderTreeBuilderTest.CannotAddNamedEventToComponent" storage="/home/runner/work/aspnetcore/aspnetcore/artifacts/bin/microsoft.aspnetcore.components.tests/debug/net10.0/microsoft.aspnetcore.components.tests.dll" id="c8588eb8-3e03-7bb0-2d9c-2b8ea6384b10">
      <Execution id="80fdbb55-e795-4336-9ad9-176d6af08aa5" />
      <TestMethod codeBase="/home/runner/work/aspnetcore/aspnetcore/artifacts/bin/Microsoft.AspNetCore.Components.Tests/Debug/net10.0/Microsoft.AspNetCore.Components.Tests.dll" adapterTypeName="executor://xunit/VsTestRunner3/netcore/" className="Microsoft.AspNetCore.Components.Rendering.RenderTreeBuilderTest" name="CannotAddNamedEventToComponent" />
    </UnitTest>
    <UnitTest name="Microsoft.AspNetCore.Components.Test.RendererTest.DispatchEventAsync_EventCallbackOfT_AsynchronousCancellation" storage="/home/runner/work/aspnetcore/aspnetcore/artifacts/bin/microsoft.aspnetcore.components.tests/debug/net10.0/microsoft.aspnetcore.components.tests.dll" id="b7389056-e54c-e5e6-60df-713f01be5ae7">
      <Execution id="2f599036-c84e-4b1e-b926-11bc86785b80" />
      <TestMethod codeBase="/home/runner/work/aspnetcore/aspnetcore/artifacts/bin/Microsoft.AspNetCore.Components.Tests/Debug/net10.0/Microsoft.AspNetCore.Components.Tests.dll" adapterTypeName="executor://xunit/VsTestRunner3/netcore/" className="Microsoft.AspNetCore.Components.Test.RendererTest" name="DispatchEventAsync_EventCallbackOfT_AsynchronousCancellation" />
    </UnitTest>
    <UnitTest name="Microsoft.AspNetCore.Components.ParameterViewTest.CanInitializeUsingElementWithNoDescendants" storage="/home/runner/work/aspnetcore/aspnetcore/artifacts/bin/microsoft.aspnetcore.components.tests/debug/net10.0/microsoft.aspnetcore.components.tests.dll" id="01825cc0-b814-cfba-c53d-8448d4f7298c">
      <Execution id="96c3a6c8-6443-44a7-a736-602636deab94" />
      <TestMethod codeBase="/home/runner/work/aspnetcore/aspnetcore/artifacts/bin/Microsoft.AspNetCore.Components.Tests/Debug/net10.0/Microsoft.AspNetCore.Components.Tests.dll" adapterTypeName="executor://xunit/VsTestRunner3/netcore/" className="Microsoft.AspNetCore.Components.ParameterViewTest" name="CanInitializeUsingElementWithNoDescendants" />
    </UnitTest>
    <UnitTest name="Microsoft.AspNetCore.Components.Rendering.RenderTreeBuilderTest.AddAttribute_Component_ObjectBoolValue_SetsAttributeValue(value: False)" storage="/home/runner/work/aspnetcore/aspnetcore/artifacts/bin/microsoft.aspnetcore.components.tests/debug/net10.0/microsoft.aspnetcore.components.tests.dll" id="43f4be32-cbbc-5755-6456-88c09b5c4b80">
      <Execution id="ccefcea0-3675-42ab-b99e-652ebaaf336c" />
      <TestMethod codeBase="/home/runner/work/aspnetcore/aspnetcore/artifacts/bin/Microsoft.AspNetCore.Components.Tests/Debug/net10.0/Microsoft.AspNetCore.Components.Tests.dll" adapterTypeName="executor://xunit/VsTestRunner3/netcore/" className="Microsoft.AspNetCore.Components.Rendering.RenderTreeBuilderTest" name="AddAttribute_Component_ObjectBoolValue_SetsAttributeValue" />
    </UnitTest>
    <UnitTest name="Microsoft.AspNetCore.Components.Test.RenderTreeDiffBuilderTest.RecognizesKeyedComponentDeletions" storage="/home/runner/work/aspnetcore/aspnetcore/artifacts/bin/microsoft.aspnetcore.components.tests/debug/net10.0/microsoft.aspnetcore.components.tests.dll" id="111476bf-346a-58ec-381d-22dcdea64d00">
      <Execution id="6729313d-ab0b-4acb-a78b-ec29603f91ad" />
      <TestMethod codeBase="/home/runner/work/aspnetcore/aspnetcore/artifacts/bin/Microsoft.AspNetCore.Components.Tests/Debug/net10.0/Microsoft.AspNetCore.Components.Tests.dll" adapterTypeName="executor://xunit/VsTestRunner3/netcore/" className="Microsoft.AspNetCore.Components.Test.RenderTreeDiffBuilderTest" name="RecognizesKeyedComponentDeletions" />
    </UnitTest>
    <UnitTest name="Microsoft.AspNetCore.Components.Routing.RouteTableFactoryTests.DoesNotThrowForNonAmbiguousRoutes(first: &quot;{optional?}&quot;, second: &quot;/&quot;)" storage="/home/runner/work/aspnetcore/aspnetcore/artifacts/bin/microsoft.aspnetcore.components.tests/debug/net10.0/microsoft.aspnetcore.components.tests.dll" id="d0e82e92-dfe8-acb7-56d9-5fb84505031b">
      <Execution id="0a0040f3-5029-4225-a1cc-017e31a1af31" />
      <TestMethod codeBase="/home/runner/work/aspnetcore/aspnetcore/artifacts/bin/Microsoft.AspNetCore.Components.Tests/Debug/net10.0/Microsoft.AspNetCore.Components.Tests.dll" adapterTypeName="executor://xunit/VsTestRunner3/netcore/" className="Microsoft.AspNetCore.Components.Routing.RouteTableFactoryTests" name="DoesNotThrowForNonAmbiguousRoutes" />
    </UnitTest>
    <UnitTest name="Microsoft.AspNetCore.Components.Rendering.RenderTreeBuilderTest.CannotAddKeyOutsideComponentOrElement_TreeRoot" storage="/home/runner/work/aspnetcore/aspnetcore/artifacts/bin/microsoft.aspnetcore.components.tests/debug/net10.0/microsoft.aspnetcore.components.tests.dll" id="e8b93970-dfc8-7f76-1183-62f96878b264">
      <Execution id="5c8c0848-a3ec-43a6-a65b-f57abbdecf6c" />
      <TestMethod codeBase="/home/runner/work/aspnetcore/aspnetcore/artifacts/bin/Microsoft.AspNetCore.Components.Tests/Debug/net10.0/Microsoft.AspNetCore.Components.Tests.dll" adapterTypeName="executor://xunit/VsTestRunner3/netcore/" className="Microsoft.AspNetCore.Components.Rendering.RenderTreeBuilderTest" name="CannotAddKeyOutsideComponentOrElement_TreeRoot" />
    </UnitTest>
    <UnitTest name="Microsoft.AspNetCore.Components.Test.ComponentBaseTest.RenderRootComponentAsync_ReportsErrorDuringOnParameterSet" storage="/home/runner/work/aspnetcore/aspnetcore/artifacts/bin/microsoft.aspnetcore.components.tests/debug/net10.0/microsoft.aspnetcore.components.tests.dll" id="4db05b65-95d2-4185-fbb8-ddb16d4e61d8">
      <Execution id="f02460ad-8c7a-41e8-ae8b-9b2a1bd90269" />
      <TestMethod codeBase="/home/runner/work/aspnetcore/aspnetcore/artifacts/bin/Microsoft.AspNetCore.Components.Tests/Debug/net10.0/Microsoft.AspNetCore.Components.Tests.dll" adapterTypeName="executor://xunit/VsTestRunner3/netcore/" className="Microsoft.AspNetCore.Components.Test.ComponentBaseTest" name="RenderRootComponentAsync_ReportsErrorDuringOnParameterSet" />
    </UnitTest>
    <UnitTest name="Microsoft.AspNetCore.Components.Test.RenderTreeDiffBuilderTest.RecognizesTrailingLoopBlockBeingAdded" storage="/home/runner/work/aspnetcore/aspnetcore/artifacts/bin/microsoft.aspnetcore.components.tests/debug/net10.0/microsoft.aspnetcore.components.tests.dll" id="071c4da0-53ce-4753-d397-31a5a35bb3b8">
      <Execution id="1f192d45-8c12-4fd5-b9da-c0e5a014e3fc" />
      <TestMethod codeBase="/home/runner/work/aspnetcore/aspnetcore/artifacts/bin/Microsoft.AspNetCore.Components.Tests/Debug/net10.0/Microsoft.AspNetCore.Components.Tests.dll" adapterTypeName="executor://xunit/VsTestRunner3/netcore/" className="Microsoft.AspNetCore.Components.Test.RenderTreeDiffBuilderTest" name="RecognizesTrailingLoopBlockBeingAdded" />
    </UnitTest>
    <UnitTest name="Microsoft.AspNetCore.Components.CascadingParameterStateTest.FindCascadingParameters_ComponentRequestsImplementedInterface_ReturnsMatches" storage="/home/runner/work/aspnetcore/aspnetcore/artifacts/bin/microsoft.aspnetcore.components.tests/debug/net10.0/microsoft.aspnetcore.components.tests.dll" id="0e3652d5-121c-9134-4024-f2896c1d566c">
      <Execution id="0b754842-b4ea-444b-af0f-66308b9a827e" />
      <TestMethod codeBase="/home/runner/work/aspnetcore/aspnetcore/artifacts/bin/Microsoft.AspNetCore.Components.Tests/Debug/net10.0/Microsoft.AspNetCore.Components.Tests.dll" adapterTypeName="executor://xunit/VsTestRunner3/netcore/" className="Microsoft.AspNetCore.Components.CascadingParameterStateTest" name="FindCascadingParameters_ComponentRequestsImplementedInterface_ReturnsMatches" />
    </UnitTest>
    <UnitTest name="Microsoft.AspNetCore.Components.Test.RenderTreeDiffBuilderTest.AlwaysRegardsRenderFragmentAsPossiblyChanged" storage="/home/runner/work/aspnetcore/aspnetcore/artifacts/bin/microsoft.aspnetcore.components.tests/debug/net10.0/microsoft.aspnetcore.components.tests.dll" id="88354a6f-d720-5764-a22d-c9d108a1961d">
      <Execution id="227d61de-d423-4458-8bb6-c0f111a72f6b" />
      <TestMethod codeBase="/home/runner/work/aspnetcore/aspnetcore/artifacts/bin/Microsoft.AspNetCore.Components.Tests/Debug/net10.0/Microsoft.AspNetCore.Components.Tests.dll" adapterTypeName="executor://xunit/VsTestRunner3/netcore/" className="Microsoft.AspNetCore.Components.Test.RenderTreeDiffBuilderTest" name="AlwaysRegardsRenderFragmentAsPossiblyChanged" />
    </UnitTest>
    <UnitTest name="Microsoft.AspNetCore.Components.Rendering.RenderTreeBuilderTest.UnclosedElementsHaveNoSubtreeLength" storage="/home/runner/work/aspnetcore/aspnetcore/artifacts/bin/microsoft.aspnetcore.components.tests/debug/net10.0/microsoft.aspnetcore.components.tests.dll" id="dcdacbfb-ca47-8269-e07b-d584187f97f6">
      <Execution id="0f97af9e-1fef-4990-ac7d-0aeb4affcfc6" />
      <TestMethod codeBase="/home/runner/work/aspnetcore/aspnetcore/artifacts/bin/Microsoft.AspNetCore.Components.Tests/Debug/net10.0/Microsoft.AspNetCore.Components.Tests.dll" adapterTypeName="executor://xunit/VsTestRunner3/netcore/" className="Microsoft.AspNetCore.Components.Rendering.RenderTreeBuilderTest" name="UnclosedElementsHaveNoSubtreeLength" />
    </UnitTest>
    <UnitTest name="Microsoft.AspNetCore.Components.Rendering.RendererSynchronizationContextTest.Send_CapturesContext" storage="/home/runner/work/aspnetcore/aspnetcore/artifacts/bin/microsoft.aspnetcore.components.tests/debug/net10.0/microsoft.aspnetcore.components.tests.dll" id="7eb1f97f-5526-479e-4893-8915c761e4d5">
      <Execution id="2b91e9ba-47bf-4db7-98f6-cede79019d24" />
      <TestMethod codeBase="/home/runner/work/aspnetcore/aspnetcore/artifacts/bin/Microsoft.AspNetCore.Components.Tests/Debug/net10.0/Microsoft.AspNetCore.Components.Tests.dll" adapterTypeName="executor://xunit/VsTestRunner3/netcore/" className="Microsoft.AspNetCore.Components.Rendering.RendererSynchronizationContextTest" name="Send_CapturesContext" />
    </UnitTest>
    <UnitTest name="Microsoft.AspNetCore.Components.Routing.RoutePatternParserTests.Parse_MultipleOptionalParameters" storage="/home/runner/work/aspnetcore/aspnetcore/artifacts/bin/microsoft.aspnetcore.components.tests/debug/net10.0/microsoft.aspnetcore.components.tests.dll" id="5ac978f3-6caf-0d7e-a362-f33d3c6fcb75">
      <Execution id="d30f9581-feb8-4d38-af70-c8e7edbda670" />
      <TestMethod codeBase="/home/runner/work/aspnetcore/aspnetcore/artifacts/bin/Microsoft.AspNetCore.Components.Tests/Debug/net10.0/Microsoft.AspNetCore.Components.Tests.dll" adapterTypeName="executor://xunit/VsTestRunner3/netcore/" className="Microsoft.AspNetCore.Components.Routing.RoutePatternParserTests" name="Parse_MultipleOptionalParameters" />
    </UnitTest>
    <UnitTest name="Microsoft.AspNetCore.Components.EventCallbackFactoryTest.Create_Action_Unbound" storage="/home/runner/work/aspnetcore/aspnetcore/artifacts/bin/microsoft.aspnetcore.components.tests/debug/net10.0/microsoft.aspnetcore.components.tests.dll" id="6f388a62-ea37-d152-9b19-2d0b2de051dc">
      <Execution id="2e3a6eee-19cf-4abb-9d01-f6910b7b1f64" />
      <TestMethod codeBase="/home/runner/work/aspnetcore/aspnetcore/artifacts/bin/Microsoft.AspNetCore.Components.Tests/Debug/net10.0/Microsoft.AspNetCore.Components.Tests.dll" adapterTypeName="executor://xunit/VsTestRunner3/netcore/" className="Microsoft.AspNetCore.Components.EventCallbackFactoryTest" name="Create_Action_Unbound" />
    </UnitTest>
    <UnitTest name="Microsoft.AspNetCore.Components.NavigationManagerTest.GetUriWithQueryParameters_CanAddUpdateAndRemove(baseUri: &quot;scheme://host/?name=Bob%20Joe&amp;age=42&amp;keepme=true&quot;, expectedUri: &quot;scheme://host/?age=25&amp;keepme=true&amp;eye%20color=gree&quot;···)" storage="/home/runner/work/aspnetcore/aspnetcore/artifacts/bin/microsoft.aspnetcore.components.tests/debug/net10.0/microsoft.aspnetcore.components.tests.dll" id="59d801d5-0795-e645-9e32-80a7c6115651">
      <Execution id="bff7dc46-9cf6-418f-9f13-e0ec176fd409" />
      <TestMethod codeBase="/home/runner/work/aspnetcore/aspnetcore/artifacts/bin/Microsoft.AspNetCore.Components.Tests/Debug/net10.0/Microsoft.AspNetCore.Components.Tests.dll" adapterTypeName="executor://xunit/VsTestRunner3/netcore/" className="Microsoft.AspNetCore.Components.NavigationManagerTest" name="GetUriWithQueryParameters_CanAddUpdateAndRemove" />
    </UnitTest>
    <UnitTest name="Microsoft.AspNetCore.Components.Test.RendererTest.CallsAfterRenderAfterTheUIHasFinishedUpdatingAsynchronously" storage="/home/runner/work/aspnetcore/aspnetcore/artifacts/bin/microsoft.aspnetcore.components.tests/debug/net10.0/microsoft.aspnetcore.components.tests.dll" id="ee7a6465-468b-1371-f40e-94774f069558">
      <Execution id="a626b106-1dcc-46d7-9be6-dfe452a419ab" />
      <TestMethod codeBase="/home/runner/work/aspnetcore/aspnetcore/artifacts/bin/Microsoft.AspNetCore.Components.Tests/Debug/net10.0/Microsoft.AspNetCore.Components.Tests.dll" adapterTypeName="executor://xunit/VsTestRunner3/netcore/" className="Microsoft.AspNetCore.Components.Test.RendererTest" name="CallsAfterRenderAfterTheUIHasFinishedUpdatingAsynchronously" />
    </UnitTest>
    <UnitTest name="Microsoft.AspNetCore.Components.EventCallbackFactoryTest.CreateT_FuncTask_AlreadyBoundToReceiver" storage="/home/runner/work/aspnetcore/aspnetcore/artifacts/bin/microsoft.aspnetcore.components.tests/debug/net10.0/microsoft.aspnetcore.components.tests.dll" id="6eb5bf9b-9651-6d1d-3a82-885bce2195f2">
      <Execution id="165bad8a-8013-4e3b-8467-8d0eb48be48b" />
      <TestMethod codeBase="/home/runner/work/aspnetcore/aspnetcore/artifacts/bin/Microsoft.AspNetCore.Components.Tests/Debug/net10.0/Microsoft.AspNetCore.Components.Tests.dll" adapterTypeName="executor://xunit/VsTestRunner3/netcore/" className="Microsoft.AspNetCore.Components.EventCallbackFactoryTest" name="CreateT_FuncTask_AlreadyBoundToReceiver" />
    </UnitTest>
    <UnitTest name="Microsoft.AspNetCore.Components.Routing.RouteTableFactoryTests.ThrowsForAmbiguousRoutes(first: &quot;{parameter}&quot;, second: &quot;{parameter?}&quot;)" storage="/home/runner/work/aspnetcore/aspnetcore/artifacts/bin/microsoft.aspnetcore.components.tests/debug/net10.0/microsoft.aspnetcore.components.tests.dll" id="6dfabc01-8554-4ccb-feac-c4dd52956441">
      <Execution id="00be45cd-0449-4504-9052-9878af89e080" />
      <TestMethod codeBase="/home/runner/work/aspnetcore/aspnetcore/artifacts/bin/Microsoft.AspNetCore.Components.Tests/Debug/net10.0/Microsoft.AspNetCore.Components.Tests.dll" adapterTypeName="executor://xunit/VsTestRunner3/netcore/" className="Microsoft.AspNetCore.Components.Routing.RouteTableFactoryTests" name="ThrowsForAmbiguousRoutes" />
    </UnitTest>
    <UnitTest name="Microsoft.AspNetCore.Components.Routing.RouteTableFactoryTests.DoesNotMatchIfConstraintDoesNotMatch(template: &quot;/{value:float}&quot;, contextUrl: &quot;/0.1.2&quot;)" storage="/home/runner/work/aspnetcore/aspnetcore/artifacts/bin/microsoft.aspnetcore.components.tests/debug/net10.0/microsoft.aspnetcore.components.tests.dll" id="87aee4de-60af-df63-f6e2-483edabc57aa">
      <Execution id="16a5c62e-8b68-4ea9-a8f5-0ac2b78164e9" />
      <TestMethod codeBase="/home/runner/work/aspnetcore/aspnetcore/artifacts/bin/Microsoft.AspNetCore.Components.Tests/Debug/net10.0/Microsoft.AspNetCore.Components.Tests.dll" adapterTypeName="executor://xunit/VsTestRunner3/netcore/" className="Microsoft.AspNetCore.Components.Routing.RouteTableFactoryTests" name="DoesNotMatchIfConstraintDoesNotMatch" />
    </UnitTest>
    <UnitTest name="Microsoft.AspNetCore.Components.Routing.QueryParameterValueSupplierTest.RejectsUnparseableValues(key: &quot;FloatVal&quot;, value: &quot;1e1000&quot;, targetType: typeof(float))" storage="/home/runner/work/aspnetcore/aspnetcore/artifacts/bin/microsoft.aspnetcore.components.tests/debug/net10.0/microsoft.aspnetcore.components.tests.dll" id="924b97b4-012e-51a4-5c98-ecd0816a4f62">
      <Execution id="4a6d4f6c-a2b7-421b-a762-ad09efdae6df" />
      <TestMethod codeBase="/home/runner/work/aspnetcore/aspnetcore/artifacts/bin/Microsoft.AspNetCore.Components.Tests/Debug/net10.0/Microsoft.AspNetCore.Components.Tests.dll" adapterTypeName="executor://xunit/VsTestRunner3/netcore/" className="Microsoft.AspNetCore.Components.Routing.QueryParameterValueSupplierTest" name="RejectsUnparseableValues" />
    </UnitTest>
    <UnitTest name="Microsoft.AspNetCore.Components.BindConverterTest.FormatValue_Bool" storage="/home/runner/work/aspnetcore/aspnetcore/artifacts/bin/microsoft.aspnetcore.components.tests/debug/net10.0/microsoft.aspnetcore.components.tests.dll" id="0bbf1396-b361-3879-3d26-d14ab5966a80">
      <Execution id="f9c8ad0c-f5c0-49b0-87fd-768c9d695e5f" />
      <TestMethod codeBase="/home/runner/work/aspnetcore/aspnetcore/artifacts/bin/Microsoft.AspNetCore.Components.Tests/Debug/net10.0/Microsoft.AspNetCore.Components.Tests.dll" adapterTypeName="executor://xunit/VsTestRunner3/netcore/" className="Microsoft.AspNetCore.Components.BindConverterTest" name="FormatValue_Bool" />
    </UnitTest>
    <UnitTest name="Microsoft.AspNetCore.Components.ComponentApplicationStateTest.InitializeExistingState_SetupsState" storage="/home/runner/work/aspnetcore/aspnetcore/artifacts/bin/microsoft.aspnetcore.components.tests/debug/net10.0/microsoft.aspnetcore.components.tests.dll" id="41ab5ca1-d34d-635f-80e1-4bdec291c5b4">
      <Execution id="e4fac748-a251-4d1a-85fc-593b5bbd57bd" />
      <TestMethod codeBase="/home/runner/work/aspnetcore/aspnetcore/artifacts/bin/Microsoft.AspNetCore.Components.Tests/Debug/net10.0/Microsoft.AspNetCore.Components.Tests.dll" adapterTypeName="executor://xunit/VsTestRunner3/netcore/" className="Microsoft.AspNetCore.Components.ComponentApplicationStateTest" name="InitializeExistingState_SetupsState" />
    </UnitTest>
    <UnitTest name="Microsoft.AspNetCore.Components.ParameterViewTest.IncomingNonCascadingValueMatchesParameterThatIsBothCascadingAndNonCascading_Throws" storage="/home/runner/work/aspnetcore/aspnetcore/artifacts/bin/microsoft.aspnetcore.components.tests/debug/net10.0/microsoft.aspnetcore.components.tests.dll" id="12848722-5022-72a1-02cb-e7303451a096">
      <Execution id="8dcd49b0-99e7-4551-b163-7833a220641a" />
      <TestMethod codeBase="/home/runner/work/aspnetcore/aspnetcore/artifacts/bin/Microsoft.AspNetCore.Components.Tests/Debug/net10.0/Microsoft.AspNetCore.Components.Tests.dll" adapterTypeName="executor://xunit/VsTestRunner3/netcore/" className="Microsoft.AspNetCore.Components.ParameterViewTest" name="IncomingNonCascadingValueMatchesParameterThatIsBothCascadingAndNonCascading_Throws" />
    </UnitTest>
    <UnitTest name="Microsoft.AspNetCore.Components.Rendering.RenderTreeBuilderTest.AddAttribute_Element_EventCallbackOfT_Default_DoesNotAddFrame" storage="/home/runner/work/aspnetcore/aspnetcore/artifacts/bin/microsoft.aspnetcore.components.tests/debug/net10.0/microsoft.aspnetcore.components.tests.dll" id="12e548d2-14a5-3439-dd11-0471d30fc9c8">
      <Execution id="d1e42c41-2118-400d-b35d-5e31bf51e8ba" />
      <TestMethod codeBase="/home/runner/work/aspnetcore/aspnetcore/artifacts/bin/Microsoft.AspNetCore.Components.Tests/Debug/net10.0/Microsoft.AspNetCore.Components.Tests.dll" adapterTypeName="executor://xunit/VsTestRunner3/netcore/" className="Microsoft.AspNetCore.Components.Rendering.RenderTreeBuilderTest" name="AddAttribute_Element_EventCallbackOfT_Default_DoesNotAddFrame" />
    </UnitTest>
    <UnitTest name="Microsoft.AspNetCore.Components.Test.DependencyInjectionTest.SetsPrivateInheritedInjectableProperties" storage="/home/runner/work/aspnetcore/aspnetcore/artifacts/bin/microsoft.aspnetcore.components.tests/debug/net10.0/microsoft.aspnetcore.components.tests.dll" id="dee3657e-3cef-cc92-0d4f-81b1ad10d57b">
      <Execution id="4b9662df-e505-4eb4-b916-5aec38af8b7b" />
      <TestMethod codeBase="/home/runner/work/aspnetcore/aspnetcore/artifacts/bin/Microsoft.AspNetCore.Components.Tests/Debug/net10.0/Microsoft.AspNetCore.Components.Tests.dll" adapterTypeName="executor://xunit/VsTestRunner3/netcore/" className="Microsoft.AspNetCore.Components.Test.DependencyInjectionTest" name="SetsPrivateInheritedInjectableProperties" />
    </UnitTest>
    <UnitTest name="Microsoft.AspNetCore.Components.Routing.QueryParameterValueSupplierTest.RejectsUnparseableArrayEntries(key: &quot;NullableDecimalVals&quot;, validValue: &quot;1.23&quot;, invalidValue: &quot;1.2.3&quot;, targetType: typeof(decimal?))" storage="/home/runner/work/aspnetcore/aspnetcore/artifacts/bin/microsoft.aspnetcore.components.tests/debug/net10.0/microsoft.aspnetcore.components.tests.dll" id="50874e2c-fd97-904a-d5b1-82b9239ca804">
      <Execution id="27cf5c26-b076-476b-b616-45b2862420b9" />
      <TestMethod codeBase="/home/runner/work/aspnetcore/aspnetcore/artifacts/bin/Microsoft.AspNetCore.Components.Tests/Debug/net10.0/Microsoft.AspNetCore.Components.Tests.dll" adapterTypeName="executor://xunit/VsTestRunner3/netcore/" className="Microsoft.AspNetCore.Components.Routing.QueryParameterValueSupplierTest" name="RejectsUnparseableArrayEntries" />
    </UnitTest>
    <UnitTest name="Microsoft.AspNetCore.Components.ParameterViewTest.SettingCaptureUnmatchedValuesParameterExplicitlyWorks" storage="/home/runner/work/aspnetcore/aspnetcore/artifacts/bin/microsoft.aspnetcore.components.tests/debug/net10.0/microsoft.aspnetcore.components.tests.dll" id="7a5c5fca-2850-ba37-238f-51475a3a9734">
      <Execution id="b4557e98-276f-42bd-87b3-51a3fe201cab" />
      <TestMethod codeBase="/home/runner/work/aspnetcore/aspnetcore/artifacts/bin/Microsoft.AspNetCore.Components.Tests/Debug/net10.0/Microsoft.AspNetCore.Components.Tests.dll" adapterTypeName="executor://xunit/VsTestRunner3/netcore/" className="Microsoft.AspNetCore.Components.ParameterViewTest" name="SettingCaptureUnmatchedValuesParameterExplicitlyWorks" />
    </UnitTest>
    <UnitTest name="Microsoft.AspNetCore.Components.Routing.RoutePatternParserTests.Parse_MultipleLiterals" storage="/home/runner/work/aspnetcore/aspnetcore/artifacts/bin/microsoft.aspnetcore.components.tests/debug/net10.0/microsoft.aspnetcore.components.tests.dll" id="e07c5cba-d6df-bd00-c179-205a1a08fcd7">
      <Execution id="4a190d4f-7b42-4b28-a142-f0013b828736" />
      <TestMethod codeBase="/home/runner/work/aspnetcore/aspnetcore/artifacts/bin/Microsoft.AspNetCore.Components.Tests/Debug/net10.0/Microsoft.AspNetCore.Components.Tests.dll" adapterTypeName="executor://xunit/VsTestRunner3/netcore/" className="Microsoft.AspNetCore.Components.Routing.RoutePatternParserTests" name="Parse_MultipleLiterals" />
    </UnitTest>
    <UnitTest name="Microsoft.AspNetCore.Components.Routing.RouteTableFactoryTests.OptionalParameterPlusCatchAllRoute(template: &quot;prefix/{parameter?}/{*catchAll}&quot;, path: &quot;/prefix/&quot;, parameterValue: null, catchAllValue: null)" storage="/home/runner/work/aspnetcore/aspnetcore/artifacts/bin/microsoft.aspnetcore.components.tests/debug/net10.0/microsoft.aspnetcore.components.tests.dll" id="09bc19cc-a6c7-1d3e-9533-163f4c777c4e">
      <Execution id="242a0cc3-de6d-4621-9f73-c01a46964543" />
      <TestMethod codeBase="/home/runner/work/aspnetcore/aspnetcore/artifacts/bin/Microsoft.AspNetCore.Components.Tests/Debug/net10.0/Microsoft.AspNetCore.Components.Tests.dll" adapterTypeName="executor://xunit/VsTestRunner3/netcore/" className="Microsoft.AspNetCore.Components.Routing.RouteTableFactoryTests" name="OptionalParameterPlusCatchAllRoute" />
    </UnitTest>
    <UnitTest name="Microsoft.AspNetCore.Components.NavigationManagerTest.GetUriWithQueryParameters_SupportsEnumerableValues(baseUri: &quot;scheme://host/?full%20name=Bob%20Joe&amp;ping=8&amp;ping=3&quot;···, expectedUri: &quot;scheme://host/?full%20name=John%20Doe&amp;ping=35&amp;ping&quot;···)" storage="/home/runner/work/aspnetcore/aspnetcore/artifacts/bin/microsoft.aspnetcore.components.tests/debug/net10.0/microsoft.aspnetcore.components.tests.dll" id="78758eba-eae5-42cc-60c9-e7329bb692cd">
      <Execution id="b193921c-353f-46ef-8114-b4de8969a3af" />
      <TestMethod codeBase="/home/runner/work/aspnetcore/aspnetcore/artifacts/bin/Microsoft.AspNetCore.Components.Tests/Debug/net10.0/Microsoft.AspNetCore.Components.Tests.dll" adapterTypeName="executor://xunit/VsTestRunner3/netcore/" className="Microsoft.AspNetCore.Components.NavigationManagerTest" name="GetUriWithQueryParameters_SupportsEnumerableValues" />
    </UnitTest>
    <UnitTest name="Microsoft.AspNetCore.Components.Test.LayoutViewTest.RendersContentInsideLayout" storage="/home/runner/work/aspnetcore/aspnetcore/artifacts/bin/microsoft.aspnetcore.components.tests/debug/net10.0/microsoft.aspnetcore.components.tests.dll" id="d76112f0-37cb-1ff2-48b0-6ab9a848ef7a">
      <Execution id="a97711d0-db15-4eeb-b092-82809d92700c" />
      <TestMethod codeBase="/home/runner/work/aspnetcore/aspnetcore/artifacts/bin/Microsoft.AspNetCore.Components.Tests/Debug/net10.0/Microsoft.AspNetCore.Components.Tests.dll" adapterTypeName="executor://xunit/VsTestRunner3/netcore/" className="Microsoft.AspNetCore.Components.Test.LayoutViewTest" name="RendersContentInsideLayout" />
    </UnitTest>
    <UnitTest name="Microsoft.AspNetCore.Components.Routing.RoutePatternParserTests.InvalidTemplate_CatchAllParamWithIncorrectPlacedAsterisks(template: &quot;/test/{a}/{***b}&quot;, lastParameter: &quot;*b&quot;)" storage="/home/runner/work/aspnetcore/aspnetcore/artifacts/bin/microsoft.aspnetcore.components.tests/debug/net10.0/microsoft.aspnetcore.components.tests.dll" id="935978cb-3997-3ead-a1bf-63d5358efa0b">
      <Execution id="18fcdece-f1a4-4934-a125-8c64b848a3a9" />
      <TestMethod codeBase="/home/runner/work/aspnetcore/aspnetcore/artifacts/bin/Microsoft.AspNetCore.Components.Tests/Debug/net10.0/Microsoft.AspNetCore.Components.Tests.dll" adapterTypeName="executor://xunit/VsTestRunner3/netcore/" className="Microsoft.AspNetCore.Components.Routing.RoutePatternParserTests" name="InvalidTemplate_CatchAllParamWithIncorrectPlacedAsterisks" />
    </UnitTest>
    <UnitTest name="Microsoft.AspNetCore.Components.EventCallbackFactoryTest.CreateT_ActionT_Unbound" storage="/home/runner/work/aspnetcore/aspnetcore/artifacts/bin/microsoft.aspnetcore.components.tests/debug/net10.0/microsoft.aspnetcore.components.tests.dll" id="00c56986-8112-361d-d786-53486ce4373f">
      <Execution id="adb90dbb-577e-4cf7-b2b2-b98d631fe407" />
      <TestMethod codeBase="/home/runner/work/aspnetcore/aspnetcore/artifacts/bin/Microsoft.AspNetCore.Components.Tests/Debug/net10.0/Microsoft.AspNetCore.Components.Tests.dll" adapterTypeName="executor://xunit/VsTestRunner3/netcore/" className="Microsoft.AspNetCore.Components.EventCallbackFactoryTest" name="CreateT_ActionT_Unbound" />
    </UnitTest>
    <UnitTest name="Microsoft.AspNetCore.Components.Test.RendererTest.CanceledTasksInHandleAfterRender_AreIgnored" storage="/home/runner/work/aspnetcore/aspnetcore/artifacts/bin/microsoft.aspnetcore.components.tests/debug/net10.0/microsoft.aspnetcore.components.tests.dll" id="c429a811-ada0-279b-f942-ed2dc5748843">
      <Execution id="285d657c-5ffc-4042-9c26-ee77fb7ecd8a" />
      <TestMethod codeBase="/home/runner/work/aspnetcore/aspnetcore/artifacts/bin/Microsoft.AspNetCore.Components.Tests/Debug/net10.0/Microsoft.AspNetCore.Components.Tests.dll" adapterTypeName="executor://xunit/VsTestRunner3/netcore/" className="Microsoft.AspNetCore.Components.Test.RendererTest" name="CanceledTasksInHandleAfterRender_AreIgnored" />
    </UnitTest>
    <UnitTest name="Microsoft.AspNetCore.Components.NavigationManagerTest.GetUriWithQueryParameter_RemovesWhenParameterValueIsNull(baseUri: &quot;scheme://host/?full%20name=Bob%20Joe&amp;age=42&quot;, expectedUri: &quot;scheme://host/?age=42&quot;)" storage="/home/runner/work/aspnetcore/aspnetcore/artifacts/bin/microsoft.aspnetcore.components.tests/debug/net10.0/microsoft.aspnetcore.components.tests.dll" id="a8a5bee3-2e70-6feb-a0c7-be8576864121">
      <Execution id="21686250-690c-4f5d-a520-1d7ccbc364ea" />
      <TestMethod codeBase="/home/runner/work/aspnetcore/aspnetcore/artifacts/bin/Microsoft.AspNetCore.Components.Tests/Debug/net10.0/Microsoft.AspNetCore.Components.Tests.dll" adapterTypeName="executor://xunit/VsTestRunner3/netcore/" className="Microsoft.AspNetCore.Components.NavigationManagerTest" name="GetUriWithQueryParameter_RemovesWhenParameterValueIsNull" />
    </UnitTest>
    <UnitTest name="Microsoft.AspNetCore.Components.NavigationManagerTest.GetUriWithQueryParameter_ThrowsWhenNameIsNullOrEmpty(name: &quot;&quot;)" storage="/home/runner/work/aspnetcore/aspnetcore/artifacts/bin/microsoft.aspnetcore.components.tests/debug/net10.0/microsoft.aspnetcore.components.tests.dll" id="4917cd25-e71b-1938-7d12-0763a170235e">
      <Execution id="6e04fc9a-45a5-40e9-ad69-1fce9849f16f" />
      <TestMethod codeBase="/home/runner/work/aspnetcore/aspnetcore/artifacts/bin/Microsoft.AspNetCore.Components.Tests/Debug/net10.0/Microsoft.AspNetCore.Components.Tests.dll" adapterTypeName="executor://xunit/VsTestRunner3/netcore/" className="Microsoft.AspNetCore.Components.NavigationManagerTest" name="GetUriWithQueryParameter_ThrowsWhenNameIsNullOrEmpty" />
    </UnitTest>
    <UnitTest name="Microsoft.AspNetCore.Components.DynamicComponentTest.RequiresTypeParameter" storage="/home/runner/work/aspnetcore/aspnetcore/artifacts/bin/microsoft.aspnetcore.components.tests/debug/net10.0/microsoft.aspnetcore.components.tests.dll" id="2c565792-9454-6858-6b8f-ed0b4fe92c7f">
      <Execution id="655cc84e-71a1-4143-83b7-3f3a07061b51" />
      <TestMethod codeBase="/home/runner/work/aspnetcore/aspnetcore/artifacts/bin/Microsoft.AspNetCore.Components.Tests/Debug/net10.0/Microsoft.AspNetCore.Components.Tests.dll" adapterTypeName="executor://xunit/VsTestRunner3/netcore/" className="Microsoft.AspNetCore.Components.DynamicComponentTest" name="RequiresTypeParameter" />
    </UnitTest>
    <UnitTest name="Microsoft.AspNetCore.Components.ParameterViewTest.HasRemovedDirectParameters_ParameterReplaced" storage="/home/runner/work/aspnetcore/aspnetcore/artifacts/bin/microsoft.aspnetcore.components.tests/debug/net10.0/microsoft.aspnetcore.components.tests.dll" id="cd2125a8-dd28-e8ad-cef1-fab6282540fa">
      <Execution id="75dcb2c4-cf72-456b-8c84-b07839ff8c24" />
      <TestMethod codeBase="/home/runner/work/aspnetcore/aspnetcore/artifacts/bin/Microsoft.AspNetCore.Components.Tests/Debug/net10.0/Microsoft.AspNetCore.Components.Tests.dll" adapterTypeName="executor://xunit/VsTestRunner3/netcore/" className="Microsoft.AspNetCore.Components.ParameterViewTest" name="HasRemovedDirectParameters_ParameterReplaced" />
    </UnitTest>
    <UnitTest name="Microsoft.AspNetCore.Components.NavigationManagerTest.LocationChangingHandlers_CanContinueTheNavigationSynchronously_WhenOneHandlerIsRegistered" storage="/home/runner/work/aspnetcore/aspnetcore/artifacts/bin/microsoft.aspnetcore.components.tests/debug/net10.0/microsoft.aspnetcore.components.tests.dll" id="4d556cfe-854e-c787-4581-c33346532a5d">
      <Execution id="13783014-d779-4842-9121-361cf54098fb" />
      <TestMethod codeBase="/home/runner/work/aspnetcore/aspnetcore/artifacts/bin/Microsoft.AspNetCore.Components.Tests/Debug/net10.0/Microsoft.AspNetCore.Components.Tests.dll" adapterTypeName="executor://xunit/VsTestRunner3/netcore/" className="Microsoft.AspNetCore.Components.NavigationManagerTest" name="LocationChangingHandlers_CanContinueTheNavigationSynchronously_WhenOneHandlerIsRegistered" />
    </UnitTest>
    <UnitTest name="Microsoft.AspNetCore.Components.Test.RendererTest.DisposesEventHandlersWhenAttributeRemoved" storage="/home/runner/work/aspnetcore/aspnetcore/artifacts/bin/microsoft.aspnetcore.components.tests/debug/net10.0/microsoft.aspnetcore.components.tests.dll" id="ce19970c-89c6-247b-5f9d-7ca92d5da0a2">
      <Execution id="2e79539b-27f6-4f79-b2d5-14df05c29e12" />
      <TestMethod codeBase="/home/runner/work/aspnetcore/aspnetcore/artifacts/bin/Microsoft.AspNetCore.Components.Tests/Debug/net10.0/Microsoft.AspNetCore.Components.Tests.dll" adapterTypeName="executor://xunit/VsTestRunner3/netcore/" className="Microsoft.AspNetCore.Components.Test.RendererTest" name="DisposesEventHandlersWhenAttributeRemoved" />
    </UnitTest>
    <UnitTest name="Microsoft.AspNetCore.Components.EventCallbackFactoryTest.CreateT_FuncTTask_DifferentReceiver" storage="/home/runner/work/aspnetcore/aspnetcore/artifacts/bin/microsoft.aspnetcore.components.tests/debug/net10.0/microsoft.aspnetcore.components.tests.dll" id="dee5be13-8574-2848-e367-924fc939b9d3">
      <Execution id="e772019d-1137-44c5-bf95-337d7b83d5ff" />
      <TestMethod codeBase="/home/runner/work/aspnetcore/aspnetcore/artifacts/bin/Microsoft.AspNetCore.Components.Tests/Debug/net10.0/Microsoft.AspNetCore.Components.Tests.dll" adapterTypeName="executor://xunit/VsTestRunner3/netcore/" className="Microsoft.AspNetCore.Components.EventCallbackFactoryTest" name="CreateT_FuncTTask_DifferentReceiver" />
    </UnitTest>
    <UnitTest name="Microsoft.AspNetCore.Components.Routing.RouteKeyTest.RouteKey_WithNoAdditionalAssemblies_Equality" storage="/home/runner/work/aspnetcore/aspnetcore/artifacts/bin/microsoft.aspnetcore.components.tests/debug/net10.0/microsoft.aspnetcore.components.tests.dll" id="c64a07fc-3501-ed10-ae92-cc0de02708b5">
      <Execution id="8f8aed5f-9c62-4526-93ea-b9caae7bcadd" />
      <TestMethod codeBase="/home/runner/work/aspnetcore/aspnetcore/artifacts/bin/Microsoft.AspNetCore.Components.Tests/Debug/net10.0/Microsoft.AspNetCore.Components.Tests.dll" adapterTypeName="executor://xunit/VsTestRunner3/netcore/" className="Microsoft.AspNetCore.Components.Routing.RouteKeyTest" name="RouteKey_WithNoAdditionalAssemblies_Equality" />
    </UnitTest>
    <UnitTest name="Microsoft.AspNetCore.Components.Test.RendererTest.ComponentCanTriggerRenderWhenExistingBatchIsInProgress" storage="/home/runner/work/aspnetcore/aspnetcore/artifacts/bin/microsoft.aspnetcore.components.tests/debug/net10.0/microsoft.aspnetcore.components.tests.dll" id="53de19b7-9b3d-7da9-5b03-41824c463aaa">
      <Execution id="33d0ebd5-6f4e-4053-b129-4d9ac2e50146" />
      <TestMethod codeBase="/home/runner/work/aspnetcore/aspnetcore/artifacts/bin/Microsoft.AspNetCore.Components.Tests/Debug/net10.0/Microsoft.AspNetCore.Components.Tests.dll" adapterTypeName="executor://xunit/VsTestRunner3/netcore/" className="Microsoft.AspNetCore.Components.Test.RendererTest" name="ComponentCanTriggerRenderWhenExistingBatchIsInProgress" />
    </UnitTest>
    <UnitTest name="Microsoft.AspNetCore.Components.Rendering.RenderTreeBuilderTest.CannotAddComponentParameterToElement" storage="/home/runner/work/aspnetcore/aspnetcore/artifacts/bin/microsoft.aspnetcore.components.tests/debug/net10.0/microsoft.aspnetcore.components.tests.dll" id="f32a3c0c-5937-45b9-26d0-a8b8a9739e3b">
      <Execution id="cfcadbaa-1544-4e5f-b4cc-ae889a7ae72c" />
      <TestMethod codeBase="/home/runner/work/aspnetcore/aspnetcore/artifacts/bin/Microsoft.AspNetCore.Components.Tests/Debug/net10.0/Microsoft.AspNetCore.Components.Tests.dll" adapterTypeName="executor://xunit/VsTestRunner3/netcore/" className="Microsoft.AspNetCore.Components.Rendering.RenderTreeBuilderTest" name="CannotAddComponentParameterToElement" />
    </UnitTest>
    <UnitTest name="Microsoft.AspNetCore.Components.Routing.RouteTableFactoryTests.ThrowsForOptionalParametersAndNonOptionalParameters" storage="/home/runner/work/aspnetcore/aspnetcore/artifacts/bin/microsoft.aspnetcore.components.tests/debug/net10.0/microsoft.aspnetcore.components.tests.dll" id="b336db5d-f6da-7cab-6086-6339920ab8dc">
      <Execution id="263fb716-cf14-4be0-a112-96b16486623e" />
      <TestMethod codeBase="/home/runner/work/aspnetcore/aspnetcore/artifacts/bin/Microsoft.AspNetCore.Components.Tests/Debug/net10.0/Microsoft.AspNetCore.Components.Tests.dll" adapterTypeName="executor://xunit/VsTestRunner3/netcore/" className="Microsoft.AspNetCore.Components.Routing.RouteTableFactoryTests" name="ThrowsForOptionalParametersAndNonOptionalParameters" />
    </UnitTest>
    <UnitTest name="Microsoft.AspNetCore.Components.Routing.RouteTableFactoryTests.DoesNotThrowForNonAmbiguousRoutes(first: &quot;literal/{optional?}&quot;, second: &quot;literal&quot;)" storage="/home/runner/work/aspnetcore/aspnetcore/artifacts/bin/microsoft.aspnetcore.components.tests/debug/net10.0/microsoft.aspnetcore.components.tests.dll" id="414507dc-3be0-3ccc-90b9-ff4da80f144d">
      <Execution id="19f22f82-905d-45d2-a567-ec8a9c4b5469" />
      <TestMethod codeBase="/home/runner/work/aspnetcore/aspnetcore/artifacts/bin/Microsoft.AspNetCore.Components.Tests/Debug/net10.0/Microsoft.AspNetCore.Components.Tests.dll" adapterTypeName="executor://xunit/VsTestRunner3/netcore/" className="Microsoft.AspNetCore.Components.Routing.RouteTableFactoryTests" name="DoesNotThrowForNonAmbiguousRoutes" />
    </UnitTest>
    <UnitTest name="Microsoft.AspNetCore.Components.Test.RenderTreeDiffBuilderTest.RecognizesKeyedComponentInsertionsBeforeUnchangedNonKeyedComponent" storage="/home/runner/work/aspnetcore/aspnetcore/artifacts/bin/microsoft.aspnetcore.components.tests/debug/net10.0/microsoft.aspnetcore.components.tests.dll" id="1846f0e2-ad28-cf26-458d-b7afdec0a603">
      <Execution id="0b3e5906-e4c4-470d-8e88-ea5f52a1dfb2" />
      <TestMethod codeBase="/home/runner/work/aspnetcore/aspnetcore/artifacts/bin/Microsoft.AspNetCore.Components.Tests/Debug/net10.0/Microsoft.AspNetCore.Components.Tests.dll" adapterTypeName="executor://xunit/VsTestRunner3/netcore/" className="Microsoft.AspNetCore.Components.Test.RenderTreeDiffBuilderTest" name="RecognizesKeyedComponentInsertionsBeforeUnchangedNonKeyedComponent" />
    </UnitTest>
    <UnitTest name="Microsoft.AspNetCore.Components.ResourceAssetCollectionTest.CanResolveFingerprintedResources" storage="/home/runner/work/aspnetcore/aspnetcore/artifacts/bin/microsoft.aspnetcore.components.tests/debug/net10.0/microsoft.aspnetcore.components.tests.dll" id="0738b170-60fd-6df7-dab2-bcc13677a20e">
      <Execution id="ed907daa-0820-44fc-823d-9bedb08024d1" />
      <TestMethod codeBase="/home/runner/work/aspnetcore/aspnetcore/artifacts/bin/Microsoft.AspNetCore.Components.Tests/Debug/net10.0/Microsoft.AspNetCore.Components.Tests.dll" adapterTypeName="executor://xunit/VsTestRunner3/netcore/" className="Microsoft.AspNetCore.Components.ResourceAssetCollectionTest" name="CanResolveFingerprintedResources" />
    </UnitTest>
    <UnitTest name="Microsoft.AspNetCore.Components.Routing.RouteTableFactoryTests.ThrowsWhenCatchAllIsNotTheLastSegment(template: &quot;prefix/{*catchall}/literal&quot;)" storage="/home/runner/work/aspnetcore/aspnetcore/artifacts/bin/microsoft.aspnetcore.components.tests/debug/net10.0/microsoft.aspnetcore.components.tests.dll" id="a32372ed-d0a8-5aa1-7910-a3a506cdc47e">
      <Execution id="2d37e520-15cf-4758-9ea5-d8c58aa311c3" />
      <TestMethod codeBase="/home/runner/work/aspnetcore/aspnetcore/artifacts/bin/Microsoft.AspNetCore.Components.Tests/Debug/net10.0/Microsoft.AspNetCore.Components.Tests.dll" adapterTypeName="executor://xunit/VsTestRunner3/netcore/" className="Microsoft.AspNetCore.Components.Routing.RouteTableFactoryTests" name="ThrowsWhenCatchAllIsNotTheLastSegment" />
    </UnitTest>
    <UnitTest name="Microsoft.AspNetCore.Components.Test.RendererTest.ReRendersChildComponentWhenUnmatchedValuesChange" storage="/home/runner/work/aspnetcore/aspnetcore/artifacts/bin/microsoft.aspnetcore.components.tests/debug/net10.0/microsoft.aspnetcore.components.tests.dll" id="e10ea7c3-757f-6d51-f40f-4cc73bcc55f0">
      <Execution id="a2596510-0b2c-4eca-a2b2-7f22c805b7e3" />
      <TestMethod codeBase="/home/runner/work/aspnetcore/aspnetcore/artifacts/bin/Microsoft.AspNetCore.Components.Tests/Debug/net10.0/Microsoft.AspNetCore.Components.Tests.dll" adapterTypeName="executor://xunit/VsTestRunner3/netcore/" className="Microsoft.AspNetCore.Components.Test.RendererTest" name="ReRendersChildComponentWhenUnmatchedValuesChange" />
    </UnitTest>
    <UnitTest name="Microsoft.AspNetCore.Components.RenderTree.ArrayBuilderTest.Append_FillBuffer" storage="/home/runner/work/aspnetcore/aspnetcore/artifacts/bin/microsoft.aspnetcore.components.tests/debug/net10.0/microsoft.aspnetcore.components.tests.dll" id="0ca21471-e267-80e4-d04f-8d936d7fe489">
      <Execution id="9984d77a-2dff-4012-b666-1bbf5ed14591" />
      <TestMethod codeBase="/home/runner/work/aspnetcore/aspnetcore/artifacts/bin/Microsoft.AspNetCore.Components.Tests/Debug/net10.0/Microsoft.AspNetCore.Components.Tests.dll" adapterTypeName="executor://xunit/VsTestRunner3/netcore/" className="Microsoft.AspNetCore.Components.RenderTree.ArrayBuilderTest" name="Append_FillBuffer" />
    </UnitTest>
    <UnitTest name="Microsoft.AspNetCore.Components.Routing.RouteTableFactoryTests.DoesNotCacheRouteTableForDifferentAssemblies" storage="/home/runner/work/aspnetcore/aspnetcore/artifacts/bin/microsoft.aspnetcore.components.tests/debug/net10.0/microsoft.aspnetcore.components.tests.dll" id="2d0f0ca9-5f3c-50cc-c88f-ee47fe286b84">
      <Execution id="97b299d6-f4f0-46bf-9f16-e0ebf06fec69" />
      <TestMethod codeBase="/home/runner/work/aspnetcore/aspnetcore/artifacts/bin/Microsoft.AspNetCore.Components.Tests/Debug/net10.0/Microsoft.AspNetCore.Components.Tests.dll" adapterTypeName="executor://xunit/VsTestRunner3/netcore/" className="Microsoft.AspNetCore.Components.Routing.RouteTableFactoryTests" name="DoesNotCacheRouteTableForDifferentAssemblies" />
    </UnitTest>
    <UnitTest name="Microsoft.AspNetCore.Components.CascadingParameterStateTest.FindCascadingParameters_CanOverrideNonNullValueWithNull" storage="/home/runner/work/aspnetcore/aspnetcore/artifacts/bin/microsoft.aspnetcore.components.tests/debug/net10.0/microsoft.aspnetcore.components.tests.dll" id="79fc2826-52f9-58ea-3898-5f27a103d06b">
      <Execution id="a808be8a-aae4-4d79-8d17-6042df036221" />
      <TestMethod codeBase="/home/runner/work/aspnetcore/aspnetcore/artifacts/bin/Microsoft.AspNetCore.Components.Tests/Debug/net10.0/Microsoft.AspNetCore.Components.Tests.dll" adapterTypeName="executor://xunit/VsTestRunner3/netcore/" className="Microsoft.AspNetCore.Components.CascadingParameterStateTest" name="FindCascadingParameters_CanOverrideNonNullValueWithNull" />
    </UnitTest>
    <UnitTest name="Microsoft.AspNetCore.Components.Routing.RouteTableFactoryTests.CorrectlyMatchesVariableLengthSegments(path: &quot;/literal/value&quot;, expectedValue: &quot;value&quot;, first: &quot;literal/{parameter?}&quot;, second: &quot;literal/{*parameter}&quot;, handler: typeof(Microsoft.AspNetCore.Components.Routing.RouteTableFactoryTests+TestHandler1))" storage="/home/runner/work/aspnetcore/aspnetcore/artifacts/bin/microsoft.aspnetcore.components.tests/debug/net10.0/microsoft.aspnetcore.components.tests.dll" id="52d0cf70-e123-cab3-7572-b4333267a111">
      <Execution id="f08bcb9f-b0d3-4731-b82e-79de4fd61e1d" />
      <TestMethod codeBase="/home/runner/work/aspnetcore/aspnetcore/artifacts/bin/Microsoft.AspNetCore.Components.Tests/Debug/net10.0/Microsoft.AspNetCore.Components.Tests.dll" adapterTypeName="executor://xunit/VsTestRunner3/netcore/" className="Microsoft.AspNetCore.Components.Routing.RouteTableFactoryTests" name="CorrectlyMatchesVariableLengthSegments" />
    </UnitTest>
    <UnitTest name="Microsoft.AspNetCore.Components.Rendering.RenderTreeBuilderTest.CannotAddComponentParameterAtRoot" storage="/home/runner/work/aspnetcore/aspnetcore/artifacts/bin/microsoft.aspnetcore.components.tests/debug/net10.0/microsoft.aspnetcore.components.tests.dll" id="e7ea2e46-43cd-6a42-6f69-fdd4da8a8f09">
      <Execution id="77f2ff6b-da64-4aad-8757-51a4b4d650ae" />
      <TestMethod codeBase="/home/runner/work/aspnetcore/aspnetcore/artifacts/bin/Microsoft.AspNetCore.Components.Tests/Debug/net10.0/Microsoft.AspNetCore.Components.Tests.dll" adapterTypeName="executor://xunit/VsTestRunner3/netcore/" className="Microsoft.AspNetCore.Components.Rendering.RenderTreeBuilderTest" name="CannotAddComponentParameterAtRoot" />
    </UnitTest>
    <UnitTest name="Microsoft.AspNetCore.Components.Routing.RouteTableFactoryTests.CanMatchCatchAllParametersWithConstraints_NotMatchingRoute" storage="/home/runner/work/aspnetcore/aspnetcore/artifacts/bin/microsoft.aspnetcore.components.tests/debug/net10.0/microsoft.aspnetcore.components.tests.dll" id="c7ed20c4-55fa-6d9e-0bbb-de95715d635b">
      <Execution id="7239dbac-b8ed-4ac2-bb7e-3aa75c613163" />
      <TestMethod codeBase="/home/runner/work/aspnetcore/aspnetcore/artifacts/bin/Microsoft.AspNetCore.Components.Tests/Debug/net10.0/Microsoft.AspNetCore.Components.Tests.dll" adapterTypeName="executor://xunit/VsTestRunner3/netcore/" className="Microsoft.AspNetCore.Components.Routing.RouteTableFactoryTests" name="CanMatchCatchAllParametersWithConstraints_NotMatchingRoute" />
    </UnitTest>
    <UnitTest name="Microsoft.AspNetCore.Components.ParameterViewTest.IncomingNonCascadingValueMatchesCascadingParameter_Throws" storage="/home/runner/work/aspnetcore/aspnetcore/artifacts/bin/microsoft.aspnetcore.components.tests/debug/net10.0/microsoft.aspnetcore.components.tests.dll" id="a81ed9ce-ff94-90b8-5f77-b50421c198af">
      <Execution id="7198c433-a4e6-4286-baa7-d8cf7ae8a6aa" />
      <TestMethod codeBase="/home/runner/work/aspnetcore/aspnetcore/artifacts/bin/Microsoft.AspNetCore.Components.Tests/Debug/net10.0/Microsoft.AspNetCore.Components.Tests.dll" adapterTypeName="executor://xunit/VsTestRunner3/netcore/" className="Microsoft.AspNetCore.Components.ParameterViewTest" name="IncomingNonCascadingValueMatchesCascadingParameter_Throws" />
    </UnitTest>
    <UnitTest name="Microsoft.AspNetCore.Components.Routing.RouteTableFactoryTests.DoesNotMatchIfConstraintDoesNotMatch(template: &quot;/{value:decimal}&quot;, contextUrl: &quot;/hello&quot;)" storage="/home/runner/work/aspnetcore/aspnetcore/artifacts/bin/microsoft.aspnetcore.components.tests/debug/net10.0/microsoft.aspnetcore.components.tests.dll" id="cf4f6490-f2bf-763e-2790-78b013980152">
      <Execution id="8fc696a0-9b5a-466b-bd7f-dc4502b0ea37" />
      <TestMethod codeBase="/home/runner/work/aspnetcore/aspnetcore/artifacts/bin/Microsoft.AspNetCore.Components.Tests/Debug/net10.0/Microsoft.AspNetCore.Components.Tests.dll" adapterTypeName="executor://xunit/VsTestRunner3/netcore/" className="Microsoft.AspNetCore.Components.Routing.RouteTableFactoryTests" name="DoesNotMatchIfConstraintDoesNotMatch" />
    </UnitTest>
    <UnitTest name="Microsoft.AspNetCore.Components.ParameterViewTest.IncomingParameterMatchesInheritedDeclaredParameter_SetsValue" storage="/home/runner/work/aspnetcore/aspnetcore/artifacts/bin/microsoft.aspnetcore.components.tests/debug/net10.0/microsoft.aspnetcore.components.tests.dll" id="59bb740e-62bd-14a9-cba6-69f8641edd15">
      <Execution id="96dd1ac4-cdc5-4b0b-9d45-80da49149eb5" />
      <TestMethod codeBase="/home/runner/work/aspnetcore/aspnetcore/artifacts/bin/Microsoft.AspNetCore.Components.Tests/Debug/net10.0/Microsoft.AspNetCore.Components.Tests.dll" adapterTypeName="executor://xunit/VsTestRunner3/netcore/" className="Microsoft.AspNetCore.Components.ParameterViewTest" name="IncomingParameterMatchesInheritedDeclaredParameter_SetsValue" />
    </UnitTest>
    <UnitTest name="Microsoft.AspNetCore.Components.EventCallbackFactoryTest.Create_FuncTTask_AlreadyBoundToReceiver" storage="/home/runner/work/aspnetcore/aspnetcore/artifacts/bin/microsoft.aspnetcore.components.tests/debug/net10.0/microsoft.aspnetcore.components.tests.dll" id="a69b75f0-b266-97b1-d1d6-739d52dc643a">
      <Execution id="d0f3e7d7-d4b3-41cd-b7ee-7c175667a329" />
      <TestMethod codeBase="/home/runner/work/aspnetcore/aspnetcore/artifacts/bin/Microsoft.AspNetCore.Components.Tests/Debug/net10.0/Microsoft.AspNetCore.Components.Tests.dll" adapterTypeName="executor://xunit/VsTestRunner3/netcore/" className="Microsoft.AspNetCore.Components.EventCallbackFactoryTest" name="Create_FuncTTask_AlreadyBoundToReceiver" />
    </UnitTest>
    <UnitTest name="Microsoft.AspNetCore.Components.EventCallbackTest.EventCallback_FuncTask_IgnoresArg" storage="/home/runner/work/aspnetcore/aspnetcore/artifacts/bin/microsoft.aspnetcore.components.tests/debug/net10.0/microsoft.aspnetcore.components.tests.dll" id="0f26f69b-7b4d-0553-8ed7-248b685fe2fb">
      <Execution id="78ec13b2-22ad-4551-8917-c72953f9ac60" />
      <TestMethod codeBase="/home/runner/work/aspnetcore/aspnetcore/artifacts/bin/Microsoft.AspNetCore.Components.Tests/Debug/net10.0/Microsoft.AspNetCore.Components.Tests.dll" adapterTypeName="executor://xunit/VsTestRunner3/netcore/" className="Microsoft.AspNetCore.Components.EventCallbackTest" name="EventCallback_FuncTask_IgnoresArg" />
    </UnitTest>
    <UnitTest name="Microsoft.AspNetCore.Components.ParameterViewTest.IncomingParameterMatchesAnnotatedPrivateProperty_SetsValue" storage="/home/runner/work/aspnetcore/aspnetcore/artifacts/bin/microsoft.aspnetcore.components.tests/debug/net10.0/microsoft.aspnetcore.components.tests.dll" id="4c1cf6ec-8f60-ec67-63a7-4e5375d7f9ea">
      <Execution id="89f4b05a-0163-41ba-8f53-55970ed54d7f" />
      <TestMethod codeBase="/home/runner/work/aspnetcore/aspnetcore/artifacts/bin/Microsoft.AspNetCore.Components.Tests/Debug/net10.0/Microsoft.AspNetCore.Components.Tests.dll" adapterTypeName="executor://xunit/VsTestRunner3/netcore/" className="Microsoft.AspNetCore.Components.ParameterViewTest" name="IncomingParameterMatchesAnnotatedPrivateProperty_SetsValue" />
    </UnitTest>
    <UnitTest name="Microsoft.AspNetCore.Components.Test.RenderTreeDiffBuilderTest.AttributeDiff_WithSameSequenceNumber_AttributeRemovedAtEnd" storage="/home/runner/work/aspnetcore/aspnetcore/artifacts/bin/microsoft.aspnetcore.components.tests/debug/net10.0/microsoft.aspnetcore.components.tests.dll" id="703459f9-2e51-91e2-8f91-2086dd3c6666">
      <Execution id="049007eb-d8ea-4cb4-bbe5-ab098c06440b" />
      <TestMethod codeBase="/home/runner/work/aspnetcore/aspnetcore/artifacts/bin/Microsoft.AspNetCore.Components.Tests/Debug/net10.0/Microsoft.AspNetCore.Components.Tests.dll" adapterTypeName="executor://xunit/VsTestRunner3/netcore/" className="Microsoft.AspNetCore.Components.Test.RenderTreeDiffBuilderTest" name="AttributeDiff_WithSameSequenceNumber_AttributeRemovedAtEnd" />
    </UnitTest>
    <UnitTest name="Microsoft.AspNetCore.Components.Test.RendererTest.ExceptionThrownFromConstructor" storage="/home/runner/work/aspnetcore/aspnetcore/artifacts/bin/microsoft.aspnetcore.components.tests/debug/net10.0/microsoft.aspnetcore.components.tests.dll" id="341ffe2c-5a65-beea-7a5e-0bcf886d5f61">
      <Execution id="25db4646-fc15-4a07-9458-c2180ee90422" />
      <TestMethod codeBase="/home/runner/work/aspnetcore/aspnetcore/artifacts/bin/Microsoft.AspNetCore.Components.Tests/Debug/net10.0/Microsoft.AspNetCore.Components.Tests.dll" adapterTypeName="executor://xunit/VsTestRunner3/netcore/" className="Microsoft.AspNetCore.Components.Test.RendererTest" name="ExceptionThrownFromConstructor" />
    </UnitTest>
    <UnitTest name="Microsoft.AspNetCore.Components.EventCallbackTest.EventCallbackOfT_ActionT_Arg" storage="/home/runner/work/aspnetcore/aspnetcore/artifacts/bin/microsoft.aspnetcore.components.tests/debug/net10.0/microsoft.aspnetcore.components.tests.dll" id="15174ecc-e8e7-9804-ed43-c550532b51d6">
      <Execution id="8cc334f1-dc2b-4cfd-8d92-39405d6a051b" />
      <TestMethod codeBase="/home/runner/work/aspnetcore/aspnetcore/artifacts/bin/Microsoft.AspNetCore.Components.Tests/Debug/net10.0/Microsoft.AspNetCore.Components.Tests.dll" adapterTypeName="executor://xunit/VsTestRunner3/netcore/" className="Microsoft.AspNetCore.Components.EventCallbackTest" name="EventCallbackOfT_ActionT_Arg" />
    </UnitTest>
    <UnitTest name="Microsoft.AspNetCore.Components.Test.RendererTest.DisposingRenderer_CapturesAsyncExceptionsFromAllRegisteredAsyncDisposableComponents" storage="/home/runner/work/aspnetcore/aspnetcore/artifacts/bin/microsoft.aspnetcore.components.tests/debug/net10.0/microsoft.aspnetcore.components.tests.dll" id="f1b60189-ccc9-b1e7-ab08-7356b894ec44">
      <Execution id="1f60d5a8-1d3a-4eab-a72d-bb08fd0b6727" />
      <TestMethod codeBase="/home/runner/work/aspnetcore/aspnetcore/artifacts/bin/Microsoft.AspNetCore.Components.Tests/Debug/net10.0/Microsoft.AspNetCore.Components.Tests.dll" adapterTypeName="executor://xunit/VsTestRunner3/netcore/" className="Microsoft.AspNetCore.Components.Test.RendererTest" name="DisposingRenderer_CapturesAsyncExceptionsFromAllRegisteredAsyncDisposableComponents" />
    </UnitTest>
    <UnitTest name="Microsoft.AspNetCore.Components.EventCallbackFactoryTest.Create_ActionT_DifferentReceiver" storage="/home/runner/work/aspnetcore/aspnetcore/artifacts/bin/microsoft.aspnetcore.components.tests/debug/net10.0/microsoft.aspnetcore.components.tests.dll" id="4e74a8ed-032b-65ec-4aad-fdfafaa866e9">
      <Execution id="72516989-6c76-48b5-932c-ff9102599b93" />
      <TestMethod codeBase="/home/runner/work/aspnetcore/aspnetcore/artifacts/bin/Microsoft.AspNetCore.Components.Tests/Debug/net10.0/Microsoft.AspNetCore.Components.Tests.dll" adapterTypeName="executor://xunit/VsTestRunner3/netcore/" className="Microsoft.AspNetCore.Components.EventCallbackFactoryTest" name="Create_ActionT_DifferentReceiver" />
    </UnitTest>
    <UnitTest name="Microsoft.AspNetCore.Components.Routing.RoutePatternParserTests.InvalidTemplate_ConsecutiveSeparatorsSlashSlashThrows" storage="/home/runner/work/aspnetcore/aspnetcore/artifacts/bin/microsoft.aspnetcore.components.tests/debug/net10.0/microsoft.aspnetcore.components.tests.dll" id="5b9b34c7-0016-78ae-c940-5b0874601740">
      <Execution id="33f4ca83-5fb2-4ec0-9551-763318e3a83f" />
      <TestMethod codeBase="/home/runner/work/aspnetcore/aspnetcore/artifacts/bin/Microsoft.AspNetCore.Components.Tests/Debug/net10.0/Microsoft.AspNetCore.Components.Tests.dll" adapterTypeName="executor://xunit/VsTestRunner3/netcore/" className="Microsoft.AspNetCore.Components.Routing.RoutePatternParserTests" name="InvalidTemplate_ConsecutiveSeparatorsSlashSlashThrows" />
    </UnitTest>
    <UnitTest name="Microsoft.AspNetCore.Components.Routing.RoutePatternParserTests.InvalidTemplate_CatchAllParamNotLast" storage="/home/runner/work/aspnetcore/aspnetcore/artifacts/bin/microsoft.aspnetcore.components.tests/debug/net10.0/microsoft.aspnetcore.components.tests.dll" id="eeb97c06-e44b-ac06-8efc-e431edd8c15c">
      <Execution id="cbcbf0b2-eb1a-4c6d-a5c2-15b262fc701d" />
      <TestMethod codeBase="/home/runner/work/aspnetcore/aspnetcore/artifacts/bin/Microsoft.AspNetCore.Components.Tests/Debug/net10.0/Microsoft.AspNetCore.Components.Tests.dll" adapterTypeName="executor://xunit/VsTestRunner3/netcore/" className="Microsoft.AspNetCore.Components.Routing.RoutePatternParserTests" name="InvalidTemplate_CatchAllParamNotLast" />
    </UnitTest>
    <UnitTest name="Microsoft.AspNetCore.Components.Routing.QueryParameterValueSupplierTest.RejectsUnparseableValues(key: &quot;NullableLongVal&quot;, value: &quot;this+is+a+long+value&quot;, targetType: typeof(long?))" storage="/home/runner/work/aspnetcore/aspnetcore/artifacts/bin/microsoft.aspnetcore.components.tests/debug/net10.0/microsoft.aspnetcore.components.tests.dll" id="b592ff5b-117b-3d29-921a-e2c6bc20586c">
      <Execution id="94094d92-d8c5-478e-bc1d-3bbd51635653" />
      <TestMethod codeBase="/home/runner/work/aspnetcore/aspnetcore/artifacts/bin/Microsoft.AspNetCore.Components.Tests/Debug/net10.0/Microsoft.AspNetCore.Components.Tests.dll" adapterTypeName="executor://xunit/VsTestRunner3/netcore/" className="Microsoft.AspNetCore.Components.Routing.QueryParameterValueSupplierTest" name="RejectsUnparseableValues" />
    </UnitTest>
    <UnitTest name="Microsoft.AspNetCore.Components.EventCallbackTest.EventCallback_FuncTask_Null" storage="/home/runner/work/aspnetcore/aspnetcore/artifacts/bin/microsoft.aspnetcore.components.tests/debug/net10.0/microsoft.aspnetcore.components.tests.dll" id="b086f1f6-864e-454e-bc1d-508c6a9d4e8e">
      <Execution id="ac443f94-0f28-47d4-8652-0766a0f91d81" />
      <TestMethod codeBase="/home/runner/work/aspnetcore/aspnetcore/artifacts/bin/Microsoft.AspNetCore.Components.Tests/Debug/net10.0/Microsoft.AspNetCore.Components.Tests.dll" adapterTypeName="executor://xunit/VsTestRunner3/netcore/" className="Microsoft.AspNetCore.Components.EventCallbackTest" name="EventCallback_FuncTask_Null" />
    </UnitTest>
    <UnitTest name="Microsoft.AspNetCore.Components.Routing.RouteTableFactoryTests.DoesNotMatchIfConstraintDoesNotMatch(template: &quot;/{value:bool}&quot;, contextUrl: &quot;/maybe&quot;)" storage="/home/runner/work/aspnetcore/aspnetcore/artifacts/bin/microsoft.aspnetcore.components.tests/debug/net10.0/microsoft.aspnetcore.components.tests.dll" id="624010cb-e67e-634e-33bd-676b208306b2">
      <Execution id="0b12a569-5a30-4672-b4ab-576b8b011e09" />
      <TestMethod codeBase="/home/runner/work/aspnetcore/aspnetcore/artifacts/bin/Microsoft.AspNetCore.Components.Tests/Debug/net10.0/Microsoft.AspNetCore.Components.Tests.dll" adapterTypeName="executor://xunit/VsTestRunner3/netcore/" className="Microsoft.AspNetCore.Components.Routing.RouteTableFactoryTests" name="DoesNotMatchIfConstraintDoesNotMatch" />
    </UnitTest>
    <UnitTest name="Microsoft.AspNetCore.Components.CascadingParameterStateTest.FindCascadingParameters_DisallowsSingleDeliveryWhenIsFixedIsFalse" storage="/home/runner/work/aspnetcore/aspnetcore/artifacts/bin/microsoft.aspnetcore.components.tests/debug/net10.0/microsoft.aspnetcore.components.tests.dll" id="3df8a494-eead-e839-5bee-82a9a6d124ae">
      <Execution id="fb038942-4977-419a-b490-a81443074d27" />
      <TestMethod codeBase="/home/runner/work/aspnetcore/aspnetcore/artifacts/bin/Microsoft.AspNetCore.Components.Tests/Debug/net10.0/Microsoft.AspNetCore.Components.Tests.dll" adapterTypeName="executor://xunit/VsTestRunner3/netcore/" className="Microsoft.AspNetCore.Components.CascadingParameterStateTest" name="FindCascadingParameters_DisallowsSingleDeliveryWhenIsFixedIsFalse" />
    </UnitTest>
    <UnitTest name="Microsoft.AspNetCore.Components.ComponentsMetricsTest.CaptureParametersDuration_RecordsSuccessMetric" storage="/home/runner/work/aspnetcore/aspnetcore/artifacts/bin/microsoft.aspnetcore.components.tests/debug/net10.0/microsoft.aspnetcore.components.tests.dll" id="c994bb6f-14a8-65df-f119-9ace1596043b">
      <Execution id="14b499e6-7c79-4411-8e22-cc6af539c6ec" />
      <TestMethod codeBase="/home/runner/work/aspnetcore/aspnetcore/artifacts/bin/Microsoft.AspNetCore.Components.Tests/Debug/net10.0/Microsoft.AspNetCore.Components.Tests.dll" adapterTypeName="executor://xunit/VsTestRunner3/netcore/" className="Microsoft.AspNetCore.Components.ComponentsMetricsTest" name="CaptureParametersDuration_RecordsSuccessMetric" />
    </UnitTest>
    <UnitTest name="Microsoft.AspNetCore.Components.ParameterViewTest.HasRemovedDirectParameters_ParameterReplacedAndAdded" storage="/home/runner/work/aspnetcore/aspnetcore/artifacts/bin/microsoft.aspnetcore.components.tests/debug/net10.0/microsoft.aspnetcore.components.tests.dll" id="35ceb303-ff3d-80e6-3119-27b1e508a879">
      <Execution id="ee5507d6-69d8-4d82-adc1-7b10c4d228b2" />
      <TestMethod codeBase="/home/runner/work/aspnetcore/aspnetcore/artifacts/bin/Microsoft.AspNetCore.Components.Tests/Debug/net10.0/Microsoft.AspNetCore.Components.Tests.dll" adapterTypeName="executor://xunit/VsTestRunner3/netcore/" className="Microsoft.AspNetCore.Components.ParameterViewTest" name="HasRemovedDirectParameters_ParameterReplacedAndAdded" />
    </UnitTest>
    <UnitTest name="Microsoft.AspNetCore.Components.Rendering.RenderTreeBuilderTest.AddAttribute_Element_StringNull_IgnoresFrame" storage="/home/runner/work/aspnetcore/aspnetcore/artifacts/bin/microsoft.aspnetcore.components.tests/debug/net10.0/microsoft.aspnetcore.components.tests.dll" id="e2e25697-2304-4ccf-7dd2-dfd8a53841fd">
      <Execution id="cecb5f9d-32ec-439a-b53b-70d566ba7ee4" />
      <TestMethod codeBase="/home/runner/work/aspnetcore/aspnetcore/artifacts/bin/Microsoft.AspNetCore.Components.Tests/Debug/net10.0/Microsoft.AspNetCore.Components.Tests.dll" adapterTypeName="executor://xunit/VsTestRunner3/netcore/" className="Microsoft.AspNetCore.Components.Rendering.RenderTreeBuilderTest" name="AddAttribute_Element_StringNull_IgnoresFrame" />
    </UnitTest>
    <UnitTest name="Microsoft.AspNetCore.Components.Rendering.RenderTreeBuilderTest.CanAddFragments" storage="/home/runner/work/aspnetcore/aspnetcore/artifacts/bin/microsoft.aspnetcore.components.tests/debug/net10.0/microsoft.aspnetcore.components.tests.dll" id="a5a68e33-c134-f61b-ad7a-9c316bb5c6f3">
      <Execution id="c98e4d52-0526-43f7-b5f1-711f3c6d0159" />
      <TestMethod codeBase="/home/runner/work/aspnetcore/aspnetcore/artifacts/bin/Microsoft.AspNetCore.Components.Tests/Debug/net10.0/Microsoft.AspNetCore.Components.Tests.dll" adapterTypeName="executor://xunit/VsTestRunner3/netcore/" className="Microsoft.AspNetCore.Components.Rendering.RenderTreeBuilderTest" name="CanAddFragments" />
    </UnitTest>
    <UnitTest name="Microsoft.AspNetCore.Components.OwningComponentBaseTest.CreatesScopeAndService" storage="/home/runner/work/aspnetcore/aspnetcore/artifacts/bin/microsoft.aspnetcore.components.tests/debug/net10.0/microsoft.aspnetcore.components.tests.dll" id="6e668264-e363-e2af-c9e8-b013fdced82a">
      <Execution id="8eb51b3f-e526-4ee4-ab52-cc64019d5489" />
      <TestMethod codeBase="/home/runner/work/aspnetcore/aspnetcore/artifacts/bin/Microsoft.AspNetCore.Components.Tests/Debug/net10.0/Microsoft.AspNetCore.Components.Tests.dll" adapterTypeName="executor://xunit/VsTestRunner3/netcore/" className="Microsoft.AspNetCore.Components.OwningComponentBaseTest" name="CreatesScopeAndService" />
    </UnitTest>
    <UnitTest name="Microsoft.AspNetCore.Components.EventCallbackFactoryTest.Create_EventCallback_ReturnsInput" storage="/home/runner/work/aspnetcore/aspnetcore/artifacts/bin/microsoft.aspnetcore.components.tests/debug/net10.0/microsoft.aspnetcore.components.tests.dll" id="25b8c987-17f0-8136-c477-a0befcd62e7f">
      <Execution id="6dff5d04-2737-4fae-af9d-a3694e446c1b" />
      <TestMethod codeBase="/home/runner/work/aspnetcore/aspnetcore/artifacts/bin/Microsoft.AspNetCore.Components.Tests/Debug/net10.0/Microsoft.AspNetCore.Components.Tests.dll" adapterTypeName="executor://xunit/VsTestRunner3/netcore/" className="Microsoft.AspNetCore.Components.EventCallbackFactoryTest" name="Create_EventCallback_ReturnsInput" />
    </UnitTest>
    <UnitTest name="Microsoft.AspNetCore.Components.Rendering.SimplifiedStringHashComparerTest.EqualityIsCaseInsensitive" storage="/home/runner/work/aspnetcore/aspnetcore/artifacts/bin/microsoft.aspnetcore.components.tests/debug/net10.0/microsoft.aspnetcore.components.tests.dll" id="108d1b64-f5ba-9b7c-332e-aa9a7556c688">
      <Execution id="eb906142-9939-4362-b794-7ebceb364a0e" />
      <TestMethod codeBase="/home/runner/work/aspnetcore/aspnetcore/artifacts/bin/Microsoft.AspNetCore.Components.Tests/Debug/net10.0/Microsoft.AspNetCore.Components.Tests.dll" adapterTypeName="executor://xunit/VsTestRunner3/netcore/" className="Microsoft.AspNetCore.Components.Rendering.SimplifiedStringHashComparerTest" name="EqualityIsCaseInsensitive" />
    </UnitTest>
    <UnitTest name="Microsoft.AspNetCore.Components.Test.RendererTest.ExceptionsThrownSynchronouslyCanBeHandled" storage="/home/runner/work/aspnetcore/aspnetcore/artifacts/bin/microsoft.aspnetcore.components.tests/debug/net10.0/microsoft.aspnetcore.components.tests.dll" id="180c60fa-d43e-7c4f-0203-0861dd1e5e80">
      <Execution id="8c53fb79-e6aa-4e47-826f-0f47b67a5e50" />
      <TestMethod codeBase="/home/runner/work/aspnetcore/aspnetcore/artifacts/bin/Microsoft.AspNetCore.Components.Tests/Debug/net10.0/Microsoft.AspNetCore.Components.Tests.dll" adapterTypeName="executor://xunit/VsTestRunner3/netcore/" className="Microsoft.AspNetCore.Components.Test.RendererTest" name="ExceptionsThrownSynchronouslyCanBeHandled" />
    </UnitTest>
    <UnitTest name="Microsoft.AspNetCore.Components.ParameterViewTest.EnumerationStopsAtEndOfOwnerDescendants" storage="/home/runner/work/aspnetcore/aspnetcore/artifacts/bin/microsoft.aspnetcore.components.tests/debug/net10.0/microsoft.aspnetcore.components.tests.dll" id="b9d0b4e5-54e6-b0eb-1dc1-b2b36b844cca">
      <Execution id="4374ba7f-5235-400b-8ccd-988496613d81" />
      <TestMethod codeBase="/home/runner/work/aspnetcore/aspnetcore/artifacts/bin/Microsoft.AspNetCore.Components.Tests/Debug/net10.0/Microsoft.AspNetCore.Components.Tests.dll" adapterTypeName="executor://xunit/VsTestRunner3/netcore/" className="Microsoft.AspNetCore.Components.ParameterViewTest" name="EnumerationStopsAtEndOfOwnerDescendants" />
    </UnitTest>
    <UnitTest name="Microsoft.AspNetCore.Components.RenderTree.StackObjectPoolTest.SuppliesTransientInstancesWhenExceedingCapacity" storage="/home/runner/work/aspnetcore/aspnetcore/artifacts/bin/microsoft.aspnetcore.components.tests/debug/net10.0/microsoft.aspnetcore.components.tests.dll" id="ab7b0608-358d-cb13-c578-93b2655562a7">
      <Execution id="37a7c32d-8ff5-43e9-9d4b-d655b419f1a6" />
      <TestMethod codeBase="/home/runner/work/aspnetcore/aspnetcore/artifacts/bin/Microsoft.AspNetCore.Components.Tests/Debug/net10.0/Microsoft.AspNetCore.Components.Tests.dll" adapterTypeName="executor://xunit/VsTestRunner3/netcore/" className="Microsoft.AspNetCore.Components.RenderTree.StackObjectPoolTest" name="SuppliesTransientInstancesWhenExceedingCapacity" />
    </UnitTest>
    <UnitTest name="Microsoft.AspNetCore.Components.Routing.RouteKeyTest.RouteKey_WithAdditionalAssemblies_DifferentOrder" storage="/home/runner/work/aspnetcore/aspnetcore/artifacts/bin/microsoft.aspnetcore.components.tests/debug/net10.0/microsoft.aspnetcore.components.tests.dll" id="b2b7cb61-79b5-ddd6-9ba1-bac08263a28d">
      <Execution id="0f5d2197-3fb1-4944-9cc9-d6c01a7b7abe" />
      <TestMethod codeBase="/home/runner/work/aspnetcore/aspnetcore/artifacts/bin/Microsoft.AspNetCore.Components.Tests/Debug/net10.0/Microsoft.AspNetCore.Components.Tests.dll" adapterTypeName="executor://xunit/VsTestRunner3/netcore/" className="Microsoft.AspNetCore.Components.Routing.RouteKeyTest" name="RouteKey_WithAdditionalAssemblies_DifferentOrder" />
    </UnitTest>
    <UnitTest name="Microsoft.AspNetCore.Components.ComponentStatePersistenceManagerTest.PersistStateAsync_PersistsRegistry" storage="/home/runner/work/aspnetcore/aspnetcore/artifacts/bin/microsoft.aspnetcore.components.tests/debug/net10.0/microsoft.aspnetcore.components.tests.dll" id="3fc6f3b9-3cfb-3631-1d07-b2f8af01e39e">
      <Execution id="a35bb9c6-217d-4cf2-8409-72fc24676534" />
      <TestMethod codeBase="/home/runner/work/aspnetcore/aspnetcore/artifacts/bin/Microsoft.AspNetCore.Components.Tests/Debug/net10.0/Microsoft.AspNetCore.Components.Tests.dll" adapterTypeName="executor://xunit/VsTestRunner3/netcore/" className="Microsoft.AspNetCore.Components.ComponentStatePersistenceManagerTest" name="PersistStateAsync_PersistsRegistry" />
    </UnitTest>
    <UnitTest name="Microsoft.AspNetCore.Components.NavigationManagerTest.GetUriWithQueryParameter_AppendsWhenParameterDoesNotExist(baseUri: &quot;scheme://host/&quot;, expectedUri: &quot;scheme://host/?name=John%20Doe&quot;)" storage="/home/runner/work/aspnetcore/aspnetcore/artifacts/bin/microsoft.aspnetcore.components.tests/debug/net10.0/microsoft.aspnetcore.components.tests.dll" id="28caeaf1-655d-4c9d-0406-88750d1f5507">
      <Execution id="d80fcd2c-7c56-4f24-b6c7-26bdf91923b8" />
      <TestMethod codeBase="/home/runner/work/aspnetcore/aspnetcore/artifacts/bin/Microsoft.AspNetCore.Components.Tests/Debug/net10.0/Microsoft.AspNetCore.Components.Tests.dll" adapterTypeName="executor://xunit/VsTestRunner3/netcore/" className="Microsoft.AspNetCore.Components.NavigationManagerTest" name="GetUriWithQueryParameter_AppendsWhenParameterDoesNotExist" />
    </UnitTest>
    <UnitTest name="Microsoft.AspNetCore.Components.BindConverterTest.FormatValue_DateTime_Format" storage="/home/runner/work/aspnetcore/aspnetcore/artifacts/bin/microsoft.aspnetcore.components.tests/debug/net10.0/microsoft.aspnetcore.components.tests.dll" id="6614e17b-bc62-8541-4092-f82acac83ebf">
      <Execution id="14513e94-7d83-49b1-a523-8675c1e22e0f" />
      <TestMethod codeBase="/home/runner/work/aspnetcore/aspnetcore/artifacts/bin/Microsoft.AspNetCore.Components.Tests/Debug/net10.0/Microsoft.AspNetCore.Components.Tests.dll" adapterTypeName="executor://xunit/VsTestRunner3/netcore/" className="Microsoft.AspNetCore.Components.BindConverterTest" name="FormatValue_DateTime_Format" />
    </UnitTest>
    <UnitTest name="Microsoft.AspNetCore.Components.NavigationManagerTest.ToBaseRelativePath_ThrowsForInvalidBaseRelativePaths(baseUri: &quot;scheme://host/&quot;, absoluteUri: &quot;otherscheme://host/&quot;)" storage="/home/runner/work/aspnetcore/aspnetcore/artifacts/bin/microsoft.aspnetcore.components.tests/debug/net10.0/microsoft.aspnetcore.components.tests.dll" id="a360e344-9a40-88fd-0c0e-4ab261f56ed7">
      <Execution id="e8528859-53ca-424d-b2be-ec80f292c1f5" />
      <TestMethod codeBase="/home/runner/work/aspnetcore/aspnetcore/artifacts/bin/Microsoft.AspNetCore.Components.Tests/Debug/net10.0/Microsoft.AspNetCore.Components.Tests.dll" adapterTypeName="executor://xunit/VsTestRunner3/netcore/" className="Microsoft.AspNetCore.Components.NavigationManagerTest" name="ToBaseRelativePath_ThrowsForInvalidBaseRelativePaths" />
    </UnitTest>
    <UnitTest name="Microsoft.AspNetCore.Components.Routing.RouteTableFactoryTests.DetectsAmbiguousRoutes(left: &quot;/{parameter}/literal/{something}&quot;, right: &quot;{param}/Literal/{else}&quot;)" storage="/home/runner/work/aspnetcore/aspnetcore/artifacts/bin/microsoft.aspnetcore.components.tests/debug/net10.0/microsoft.aspnetcore.components.tests.dll" id="6c885341-b58d-cdac-7ebe-9347c940dd6b">
      <Execution id="97cc762b-c260-4df9-83f1-14b61ea4dc64" />
      <TestMethod codeBase="/home/runner/work/aspnetcore/aspnetcore/artifacts/bin/Microsoft.AspNetCore.Components.Tests/Debug/net10.0/Microsoft.AspNetCore.Components.Tests.dll" adapterTypeName="executor://xunit/VsTestRunner3/netcore/" className="Microsoft.AspNetCore.Components.Routing.RouteTableFactoryTests" name="DetectsAmbiguousRoutes" />
    </UnitTest>
    <UnitTest name="Microsoft.AspNetCore.Components.ParameterViewTest.FromDictionary_CanBeInitializedWithEmptyDictionary" storage="/home/runner/work/aspnetcore/aspnetcore/artifacts/bin/microsoft.aspnetcore.components.tests/debug/net10.0/microsoft.aspnetcore.components.tests.dll" id="664cc316-db1b-441b-8afe-c25d90e05374">
      <Execution id="65a35c1e-3a9d-40f1-91d5-6b29fca1bc5c" />
      <TestMethod codeBase="/home/runner/work/aspnetcore/aspnetcore/artifacts/bin/Microsoft.AspNetCore.Components.Tests/Debug/net10.0/Microsoft.AspNetCore.Components.Tests.dll" adapterTypeName="executor://xunit/VsTestRunner3/netcore/" className="Microsoft.AspNetCore.Components.ParameterViewTest" name="FromDictionary_CanBeInitializedWithEmptyDictionary" />
    </UnitTest>
    <UnitTest name="Microsoft.AspNetCore.Components.Test.RenderTreeDiffBuilderTest.RejectsClashingKeysInOldTree" storage="/home/runner/work/aspnetcore/aspnetcore/artifacts/bin/microsoft.aspnetcore.components.tests/debug/net10.0/microsoft.aspnetcore.components.tests.dll" id="f2bccee4-a989-c5b9-6b55-dde082ab3b1b">
      <Execution id="7beccb5c-d726-4707-a957-e3304564b9f6" />
      <TestMethod codeBase="/home/runner/work/aspnetcore/aspnetcore/artifacts/bin/Microsoft.AspNetCore.Components.Tests/Debug/net10.0/Microsoft.AspNetCore.Components.Tests.dll" adapterTypeName="executor://xunit/VsTestRunner3/netcore/" className="Microsoft.AspNetCore.Components.Test.RenderTreeDiffBuilderTest" name="RejectsClashingKeysInOldTree" />
    </UnitTest>
    <UnitTest name="Microsoft.AspNetCore.Components.Routing.RoutePatternParserTests.InvalidTemplate_InvalidParameterNameWithEmptyNameThrows" storage="/home/runner/work/aspnetcore/aspnetcore/artifacts/bin/microsoft.aspnetcore.components.tests/debug/net10.0/microsoft.aspnetcore.components.tests.dll" id="eb9d99b6-0ee8-72f2-6b24-e2170bc33e9c">
      <Execution id="03ba0fe3-c297-4d1c-8cff-50598562e69a" />
      <TestMethod codeBase="/home/runner/work/aspnetcore/aspnetcore/artifacts/bin/Microsoft.AspNetCore.Components.Tests/Debug/net10.0/Microsoft.AspNetCore.Components.Tests.dll" adapterTypeName="executor://xunit/VsTestRunner3/netcore/" className="Microsoft.AspNetCore.Components.Routing.RoutePatternParserTests" name="InvalidTemplate_InvalidParameterNameWithEmptyNameThrows" />
    </UnitTest>
    <UnitTest name="Microsoft.AspNetCore.Components.Test.RenderTreeDiffBuilderTest.RecognizesNamedEventChangingAssignedName" storage="/home/runner/work/aspnetcore/aspnetcore/artifacts/bin/microsoft.aspnetcore.components.tests/debug/net10.0/microsoft.aspnetcore.components.tests.dll" id="766c74f2-51f3-39cf-70e6-52bfabe49e02">
      <Execution id="678efa64-9ce6-4ce8-a5e2-e2da118fcd32" />
      <TestMethod codeBase="/home/runner/work/aspnetcore/aspnetcore/artifacts/bin/Microsoft.AspNetCore.Components.Tests/Debug/net10.0/Microsoft.AspNetCore.Components.Tests.dll" adapterTypeName="executor://xunit/VsTestRunner3/netcore/" className="Microsoft.AspNetCore.Components.Test.RenderTreeDiffBuilderTest" name="RecognizesNamedEventChangingAssignedName" />
    </UnitTest>
    <UnitTest name="Microsoft.AspNetCore.Components.Routing.RouteTableFactoryTests.ThrowsWhenCatchAllIsNotTheLastSegment(template: &quot;prefix/{*catchall}/{parameter}&quot;)" storage="/home/runner/work/aspnetcore/aspnetcore/artifacts/bin/microsoft.aspnetcore.components.tests/debug/net10.0/microsoft.aspnetcore.components.tests.dll" id="ee4a139b-64d6-aff9-926b-67f81984161d">
      <Execution id="d333f9f7-2b2a-4266-87e8-a8fd0c3c03cf" />
      <TestMethod codeBase="/home/runner/work/aspnetcore/aspnetcore/artifacts/bin/Microsoft.AspNetCore.Components.Tests/Debug/net10.0/Microsoft.AspNetCore.Components.Tests.dll" adapterTypeName="executor://xunit/VsTestRunner3/netcore/" className="Microsoft.AspNetCore.Components.Routing.RouteTableFactoryTests" name="ThrowsWhenCatchAllIsNotTheLastSegment" />
    </UnitTest>
    <UnitTest name="Microsoft.AspNetCore.Components.Test.RendererTest.EventFieldInfoCanPatchTreeSoDiffDoesNotUpdateAttribute(oldValue: null)" storage="/home/runner/work/aspnetcore/aspnetcore/artifacts/bin/microsoft.aspnetcore.components.tests/debug/net10.0/microsoft.aspnetcore.components.tests.dll" id="4d9d8a40-0fea-f11a-342f-66fe09943774">
      <Execution id="e7d9b7d8-a821-40fe-98f9-80dcc0e14d3e" />
      <TestMethod codeBase="/home/runner/work/aspnetcore/aspnetcore/artifacts/bin/Microsoft.AspNetCore.Components.Tests/Debug/net10.0/Microsoft.AspNetCore.Components.Tests.dll" adapterTypeName="executor://xunit/VsTestRunner3/netcore/" className="Microsoft.AspNetCore.Components.Test.RendererTest" name="EventFieldInfoCanPatchTreeSoDiffDoesNotUpdateAttribute" />
    </UnitTest>
    <UnitTest name="Microsoft.AspNetCore.Components.Test.RendererTest.CanRenderAsyncComponentsWithAsyncChildInit" storage="/home/runner/work/aspnetcore/aspnetcore/artifacts/bin/microsoft.aspnetcore.components.tests/debug/net10.0/microsoft.aspnetcore.components.tests.dll" id="a39a4b78-b6bc-882b-6efa-4348532ef8f1">
      <Execution id="fd7da804-f25b-47ba-9032-aad3c9ecb193" />
      <TestMethod codeBase="/home/runner/work/aspnetcore/aspnetcore/artifacts/bin/Microsoft.AspNetCore.Components.Tests/Debug/net10.0/Microsoft.AspNetCore.Components.Tests.dll" adapterTypeName="executor://xunit/VsTestRunner3/netcore/" className="Microsoft.AspNetCore.Components.Test.RendererTest" name="CanRenderAsyncComponentsWithAsyncChildInit" />
    </UnitTest>
    <UnitTest name="Microsoft.AspNetCore.Components.Test.RendererTest.CanGetEventArgsTypeForParameterlessHandler" storage="/home/runner/work/aspnetcore/aspnetcore/artifacts/bin/microsoft.aspnetcore.components.tests/debug/net10.0/microsoft.aspnetcore.components.tests.dll" id="974ef38e-3f12-31ea-eb28-dcd86bf10c0a">
      <Execution id="bb68e2ea-71c5-44f8-9c85-d8129e0d9b72" />
      <TestMethod codeBase="/home/runner/work/aspnetcore/aspnetcore/artifacts/bin/Microsoft.AspNetCore.Components.Tests/Debug/net10.0/Microsoft.AspNetCore.Components.Tests.dll" adapterTypeName="executor://xunit/VsTestRunner3/netcore/" className="Microsoft.AspNetCore.Components.Test.RendererTest" name="CanGetEventArgsTypeForParameterlessHandler" />
    </UnitTest>
    <UnitTest name="Microsoft.AspNetCore.Components.Test.LayoutViewTest.GivenContentButNoLayout_RendersContent" storage="/home/runner/work/aspnetcore/aspnetcore/artifacts/bin/microsoft.aspnetcore.components.tests/debug/net10.0/microsoft.aspnetcore.components.tests.dll" id="343a9c4b-56cf-4c89-e571-a22806aea95e">
      <Execution id="2039a691-58f7-41d4-8493-d975105121a4" />
      <TestMethod codeBase="/home/runner/work/aspnetcore/aspnetcore/artifacts/bin/Microsoft.AspNetCore.Components.Tests/Debug/net10.0/Microsoft.AspNetCore.Components.Tests.dll" adapterTypeName="executor://xunit/VsTestRunner3/netcore/" className="Microsoft.AspNetCore.Components.Test.LayoutViewTest" name="GivenContentButNoLayout_RendersContent" />
    </UnitTest>
    <UnitTest name="Microsoft.AspNetCore.Components.Test.RenderTreeDiffBuilderTest.HandlesInsertionOfUnkeyedItemsAroundKey" storage="/home/runner/work/aspnetcore/aspnetcore/artifacts/bin/microsoft.aspnetcore.components.tests/debug/net10.0/microsoft.aspnetcore.components.tests.dll" id="6e0ac853-b27b-527e-ab8c-d8280aa08f66">
      <Execution id="62952637-db99-42e4-874c-ba5dcd3e9c52" />
      <TestMethod codeBase="/home/runner/work/aspnetcore/aspnetcore/artifacts/bin/Microsoft.AspNetCore.Components.Tests/Debug/net10.0/Microsoft.AspNetCore.Components.Tests.dll" adapterTypeName="executor://xunit/VsTestRunner3/netcore/" className="Microsoft.AspNetCore.Components.Test.RenderTreeDiffBuilderTest" name="HandlesInsertionOfUnkeyedItemsAroundKey" />
    </UnitTest>
    <UnitTest name="Microsoft.AspNetCore.Components.RenderTree.StackObjectPoolTest.CanGetInstances" storage="/home/runner/work/aspnetcore/aspnetcore/artifacts/bin/microsoft.aspnetcore.components.tests/debug/net10.0/microsoft.aspnetcore.components.tests.dll" id="543520d4-f7dd-b167-e245-b9bf6e804b67">
      <Execution id="15d86e93-6aeb-4f6b-a7a9-d4146ef1b7bb" />
      <TestMethod codeBase="/home/runner/work/aspnetcore/aspnetcore/artifacts/bin/Microsoft.AspNetCore.Components.Tests/Debug/net10.0/Microsoft.AspNetCore.Components.Tests.dll" adapterTypeName="executor://xunit/VsTestRunner3/netcore/" className="Microsoft.AspNetCore.Components.RenderTree.StackObjectPoolTest" name="CanGetInstances" />
    </UnitTest>
    <UnitTest name="Microsoft.AspNetCore.Components.Test.RendererTest.RemoveRootComponentHandlesDisposalExceptions" storage="/home/runner/work/aspnetcore/aspnetcore/artifacts/bin/microsoft.aspnetcore.components.tests/debug/net10.0/microsoft.aspnetcore.components.tests.dll" id="dd2288d4-43b0-da99-ab1e-b93a67cfd46f">
      <Execution id="a648d951-431b-4965-a055-e9e4dfa7f911" />
      <TestMethod codeBase="/home/runner/work/aspnetcore/aspnetcore/artifacts/bin/Microsoft.AspNetCore.Components.Tests/Debug/net10.0/Microsoft.AspNetCore.Components.Tests.dll" adapterTypeName="executor://xunit/VsTestRunner3/netcore/" className="Microsoft.AspNetCore.Components.Test.RendererTest" name="RemoveRootComponentHandlesDisposalExceptions" />
    </UnitTest>
    <UnitTest name="Microsoft.AspNetCore.Components.Rendering.RendererSynchronizationContextTest.InvokeAsync_Action_CanRunSynchronously_WhenNotBusy" storage="/home/runner/work/aspnetcore/aspnetcore/artifacts/bin/microsoft.aspnetcore.components.tests/debug/net10.0/microsoft.aspnetcore.components.tests.dll" id="033f5ed5-1dd5-056d-7acc-6cdfc7b5d88b">
      <Execution id="d0708424-4e5e-47c1-b8a7-e51d0ee96d34" />
      <TestMethod codeBase="/home/runner/work/aspnetcore/aspnetcore/artifacts/bin/Microsoft.AspNetCore.Components.Tests/Debug/net10.0/Microsoft.AspNetCore.Components.Tests.dll" adapterTypeName="executor://xunit/VsTestRunner3/netcore/" className="Microsoft.AspNetCore.Components.Rendering.RendererSynchronizationContextTest" name="InvokeAsync_Action_CanRunSynchronously_WhenNotBusy" />
    </UnitTest>
    <UnitTest name="Microsoft.AspNetCore.Components.Test.DependencyInjectionTest.HandlesInjectablePropertyScenarios" storage="/home/runner/work/aspnetcore/aspnetcore/artifacts/bin/microsoft.aspnetcore.components.tests/debug/net10.0/microsoft.aspnetcore.components.tests.dll" id="05b68737-e2a8-4864-f836-dc209e28cb13">
      <Execution id="9863f209-caa1-4878-a3f8-072c48b27591" />
      <TestMethod codeBase="/home/runner/work/aspnetcore/aspnetcore/artifacts/bin/Microsoft.AspNetCore.Components.Tests/Debug/net10.0/Microsoft.AspNetCore.Components.Tests.dll" adapterTypeName="executor://xunit/VsTestRunner3/netcore/" className="Microsoft.AspNetCore.Components.Test.DependencyInjectionTest" name="HandlesInjectablePropertyScenarios" />
    </UnitTest>
    <UnitTest name="Microsoft.AspNetCore.Components.ParameterViewTest.ParameterThatCanBeSuppliedFromQueryOrNonCascadingValue_PrefersNonCascadingValue" storage="/home/runner/work/aspnetcore/aspnetcore/artifacts/bin/microsoft.aspnetcore.components.tests/debug/net10.0/microsoft.aspnetcore.components.tests.dll" id="8d0f703f-1d55-a448-a53f-03b176545140">
      <Execution id="43358cfb-efcb-4e83-8938-9769960ad8df" />
      <TestMethod codeBase="/home/runner/work/aspnetcore/aspnetcore/artifacts/bin/Microsoft.AspNetCore.Components.Tests/Debug/net10.0/Microsoft.AspNetCore.Components.Tests.dll" adapterTypeName="executor://xunit/VsTestRunner3/netcore/" className="Microsoft.AspNetCore.Components.ParameterViewTest" name="ParameterThatCanBeSuppliedFromQueryOrNonCascadingValue_PrefersNonCascadingValue" />
    </UnitTest>
    <UnitTest name="Microsoft.AspNetCore.Components.Test.ComponentBaseTest.RunsOnAfterRenderAsync_AfterRenderingCompletes" storage="/home/runner/work/aspnetcore/aspnetcore/artifacts/bin/microsoft.aspnetcore.components.tests/debug/net10.0/microsoft.aspnetcore.components.tests.dll" id="db18bf83-7d08-becd-54cd-4a4d5b90a1ef">
      <Execution id="df883ebb-370f-4b93-abed-de8a8ae09507" />
      <TestMethod codeBase="/home/runner/work/aspnetcore/aspnetcore/artifacts/bin/Microsoft.AspNetCore.Components.Tests/Debug/net10.0/Microsoft.AspNetCore.Components.Tests.dll" adapterTypeName="executor://xunit/VsTestRunner3/netcore/" className="Microsoft.AspNetCore.Components.Test.ComponentBaseTest" name="RunsOnAfterRenderAsync_AfterRenderingCompletes" />
    </UnitTest>
    <UnitTest name="Microsoft.AspNetCore.Components.EventCallbackFactoryTest.CreateT_Action_Unbound" storage="/home/runner/work/aspnetcore/aspnetcore/artifacts/bin/microsoft.aspnetcore.components.tests/debug/net10.0/microsoft.aspnetcore.components.tests.dll" id="e42fdbf6-bd35-652f-3b97-233786345edb">
      <Execution id="1edaa0c7-59fc-4f1d-83d8-e8717669307c" />
      <TestMethod codeBase="/home/runner/work/aspnetcore/aspnetcore/artifacts/bin/Microsoft.AspNetCore.Components.Tests/Debug/net10.0/Microsoft.AspNetCore.Components.Tests.dll" adapterTypeName="executor://xunit/VsTestRunner3/netcore/" className="Microsoft.AspNetCore.Components.EventCallbackFactoryTest" name="CreateT_Action_Unbound" />
    </UnitTest>
    <UnitTest name="Microsoft.AspNetCore.Components.Routing.RouteTableFactoryTests.ThrowsWhenCatchAllIsNotTheLastSegment(template: &quot;{*catchall}/literal&quot;)" storage="/home/runner/work/aspnetcore/aspnetcore/artifacts/bin/microsoft.aspnetcore.components.tests/debug/net10.0/microsoft.aspnetcore.components.tests.dll" id="5b0fc521-3b4d-3a22-8cb9-8fd014e13f91">
      <Execution id="859c42dc-017e-4e81-9b9b-7b6ee6c28a7b" />
      <TestMethod codeBase="/home/runner/work/aspnetcore/aspnetcore/artifacts/bin/Microsoft.AspNetCore.Components.Tests/Debug/net10.0/Microsoft.AspNetCore.Components.Tests.dll" adapterTypeName="executor://xunit/VsTestRunner3/netcore/" className="Microsoft.AspNetCore.Components.Routing.RouteTableFactoryTests" name="ThrowsWhenCatchAllIsNotTheLastSegment" />
    </UnitTest>
    <UnitTest name="Microsoft.AspNetCore.Components.ComponentApplicationStateTest.TryRetrieveFromJson_NullValue" storage="/home/runner/work/aspnetcore/aspnetcore/artifacts/bin/microsoft.aspnetcore.components.tests/debug/net10.0/microsoft.aspnetcore.components.tests.dll" id="94f886e0-ac98-223a-7793-64a9c2010d23">
      <Execution id="91069e7a-312a-4c11-bb16-be50e0dd045a" />
      <TestMethod codeBase="/home/runner/work/aspnetcore/aspnetcore/artifacts/bin/Microsoft.AspNetCore.Components.Tests/Debug/net10.0/Microsoft.AspNetCore.Components.Tests.dll" adapterTypeName="executor://xunit/VsTestRunner3/netcore/" className="Microsoft.AspNetCore.Components.ComponentApplicationStateTest" name="TryRetrieveFromJson_NullValue" />
    </UnitTest>
    <UnitTest name="Microsoft.AspNetCore.Components.Rendering.RenderTreeBuilderTest.CannotAddNamedEventWithNullEventType" storage="/home/runner/work/aspnetcore/aspnetcore/artifacts/bin/microsoft.aspnetcore.components.tests/debug/net10.0/microsoft.aspnetcore.components.tests.dll" id="d382518d-ac2b-8268-6b41-67aad5d08128">
      <Execution id="77ee3713-fc54-4e6b-b410-3c19978eabe0" />
      <TestMethod codeBase="/home/runner/work/aspnetcore/aspnetcore/artifacts/bin/Microsoft.AspNetCore.Components.Tests/Debug/net10.0/Microsoft.AspNetCore.Components.Tests.dll" adapterTypeName="executor://xunit/VsTestRunner3/netcore/" className="Microsoft.AspNetCore.Components.Rendering.RenderTreeBuilderTest" name="CannotAddNamedEventWithNullEventType" />
    </UnitTest>
    <UnitTest name="Microsoft.AspNetCore.Components.Routing.QueryParameterValueSupplierTest.SupportsExpectedArrayTypes" storage="/home/runner/work/aspnetcore/aspnetcore/artifacts/bin/microsoft.aspnetcore.components.tests/debug/net10.0/microsoft.aspnetcore.components.tests.dll" id="1399327c-3b4c-e3a2-679b-5038749a13be">
      <Execution id="58a15d49-2a13-487c-908c-963d9ffa9860" />
      <TestMethod codeBase="/home/runner/work/aspnetcore/aspnetcore/artifacts/bin/Microsoft.AspNetCore.Components.Tests/Debug/net10.0/Microsoft.AspNetCore.Components.Tests.dll" adapterTypeName="executor://xunit/VsTestRunner3/netcore/" className="Microsoft.AspNetCore.Components.Routing.QueryParameterValueSupplierTest" name="SupportsExpectedArrayTypes" />
    </UnitTest>
    <UnitTest name="Microsoft.AspNetCore.Components.Test.RendererTest.EventDispatching_DelegateParameter_NoTargetLambda" storage="/home/runner/work/aspnetcore/aspnetcore/artifacts/bin/microsoft.aspnetcore.components.tests/debug/net10.0/microsoft.aspnetcore.components.tests.dll" id="f2682ae8-cb44-07d9-4b2e-6f7ac7579d66">
      <Execution id="c2a44d59-5df2-4e73-8ecd-778c5f07ca9a" />
      <TestMethod codeBase="/home/runner/work/aspnetcore/aspnetcore/artifacts/bin/Microsoft.AspNetCore.Components.Tests/Debug/net10.0/Microsoft.AspNetCore.Components.Tests.dll" adapterTypeName="executor://xunit/VsTestRunner3/netcore/" className="Microsoft.AspNetCore.Components.Test.RendererTest" name="EventDispatching_DelegateParameter_NoTargetLambda" />
    </UnitTest>
    <UnitTest name="Microsoft.AspNetCore.Components.Rendering.RenderTreeBuilderTest.CanAddNullMarkup" storage="/home/runner/work/aspnetcore/aspnetcore/artifacts/bin/microsoft.aspnetcore.components.tests/debug/net10.0/microsoft.aspnetcore.components.tests.dll" id="473bee02-fa7a-b0c3-3935-dd68e1825d93">
      <Execution id="1a1584b0-1314-4e3b-9af7-a8723bfb117b" />
      <TestMethod codeBase="/home/runner/work/aspnetcore/aspnetcore/artifacts/bin/Microsoft.AspNetCore.Components.Tests/Debug/net10.0/Microsoft.AspNetCore.Components.Tests.dll" adapterTypeName="executor://xunit/VsTestRunner3/netcore/" className="Microsoft.AspNetCore.Components.Rendering.RenderTreeBuilderTest" name="CanAddNullMarkup" />
    </UnitTest>
    <UnitTest name="Microsoft.AspNetCore.Components.Test.RenderTreeDiffBuilderTest.CanRemoveOldAttributeAtArrayBuilderSizeBoundary" storage="/home/runner/work/aspnetcore/aspnetcore/artifacts/bin/microsoft.aspnetcore.components.tests/debug/net10.0/microsoft.aspnetcore.components.tests.dll" id="e9450c59-b118-fb16-4680-827acfe5a390">
      <Execution id="6db881ab-1a05-490c-90eb-23a742a11472" />
      <TestMethod codeBase="/home/runner/work/aspnetcore/aspnetcore/artifacts/bin/Microsoft.AspNetCore.Components.Tests/Debug/net10.0/Microsoft.AspNetCore.Components.Tests.dll" adapterTypeName="executor://xunit/VsTestRunner3/netcore/" className="Microsoft.AspNetCore.Components.Test.RenderTreeDiffBuilderTest" name="CanRemoveOldAttributeAtArrayBuilderSizeBoundary" />
    </UnitTest>
    <UnitTest name="Microsoft.AspNetCore.Components.DynamicComponentTest.CanAccessToChildComponentInstance" storage="/home/runner/work/aspnetcore/aspnetcore/artifacts/bin/microsoft.aspnetcore.components.tests/debug/net10.0/microsoft.aspnetcore.components.tests.dll" id="7152a2cf-6cba-3e79-17bd-cee74002931a">
      <Execution id="17440d20-6576-465b-af36-b2b3bda2911f" />
      <TestMethod codeBase="/home/runner/work/aspnetcore/aspnetcore/artifacts/bin/Microsoft.AspNetCore.Components.Tests/Debug/net10.0/Microsoft.AspNetCore.Components.Tests.dll" adapterTypeName="executor://xunit/VsTestRunner3/netcore/" className="Microsoft.AspNetCore.Components.DynamicComponentTest" name="CanAccessToChildComponentInstance" />
    </UnitTest>
    <UnitTest name="Microsoft.AspNetCore.Components.ComponentApplicationStateTest.InitializeExistingState_ThrowsIfAlreadyInitialized" storage="/home/runner/work/aspnetcore/aspnetcore/artifacts/bin/microsoft.aspnetcore.components.tests/debug/net10.0/microsoft.aspnetcore.components.tests.dll" id="ac2e8896-c884-fbb9-8d56-af1fdcb2107c">
      <Execution id="55210685-b045-4fc8-981f-7a0b958e056a" />
      <TestMethod codeBase="/home/runner/work/aspnetcore/aspnetcore/artifacts/bin/Microsoft.AspNetCore.Components.Tests/Debug/net10.0/Microsoft.AspNetCore.Components.Tests.dll" adapterTypeName="executor://xunit/VsTestRunner3/netcore/" className="Microsoft.AspNetCore.Components.ComponentApplicationStateTest" name="InitializeExistingState_ThrowsIfAlreadyInitialized" />
    </UnitTest>
    <UnitTest name="Microsoft.AspNetCore.Components.ComponentsMetricsTest.ComponentLifecycle_RecordsAllMetricsCorrectly" storage="/home/runner/work/aspnetcore/aspnetcore/artifacts/bin/microsoft.aspnetcore.components.tests/debug/net10.0/microsoft.aspnetcore.components.tests.dll" id="8fcc0e5f-ae1b-78c2-45ea-f52e1f28f54e">
      <Execution id="e65410d1-d727-4bfb-b656-31faa2b6b5ed" />
      <TestMethod codeBase="/home/runner/work/aspnetcore/aspnetcore/artifacts/bin/Microsoft.AspNetCore.Components.Tests/Debug/net10.0/Microsoft.AspNetCore.Components.Tests.dll" adapterTypeName="executor://xunit/VsTestRunner3/netcore/" className="Microsoft.AspNetCore.Components.ComponentsMetricsTest" name="ComponentLifecycle_RecordsAllMetricsCorrectly" />
    </UnitTest>
    <UnitTest name="Microsoft.AspNetCore.Components.Rendering.RenderTreeBuilderTest.CannotAddComponentReferenceCaptureWithNoParent" storage="/home/runner/work/aspnetcore/aspnetcore/artifacts/bin/microsoft.aspnetcore.components.tests/debug/net10.0/microsoft.aspnetcore.components.tests.dll" id="4734019b-b3e6-89a9-11f7-518360565486">
      <Execution id="85e82488-dcd1-4778-9b5d-720a25a12a7a" />
      <TestMethod codeBase="/home/runner/work/aspnetcore/aspnetcore/artifacts/bin/Microsoft.AspNetCore.Components.Tests/Debug/net10.0/Microsoft.AspNetCore.Components.Tests.dll" adapterTypeName="executor://xunit/VsTestRunner3/netcore/" className="Microsoft.AspNetCore.Components.Rendering.RenderTreeBuilderTest" name="CannotAddComponentReferenceCaptureWithNoParent" />
    </UnitTest>
    <UnitTest name="Microsoft.AspNetCore.Components.Routing.RoutePatternParserTests.InvalidTemplate_WithMismatchedBraces(template: &quot;{p/Literal&quot;, expectedMessage: &quot;There is an incomplete parameter in the route temp&quot;···)" storage="/home/runner/work/aspnetcore/aspnetcore/artifacts/bin/microsoft.aspnetcore.components.tests/debug/net10.0/microsoft.aspnetcore.components.tests.dll" id="19dc1cf3-4704-ad67-94aa-288e5e6c6b35">
      <Execution id="c6fc3389-28cf-4f1f-8d6f-b47b2e8f292f" />
      <TestMethod codeBase="/home/runner/work/aspnetcore/aspnetcore/artifacts/bin/Microsoft.AspNetCore.Components.Tests/Debug/net10.0/Microsoft.AspNetCore.Components.Tests.dll" adapterTypeName="executor://xunit/VsTestRunner3/netcore/" className="Microsoft.AspNetCore.Components.Routing.RoutePatternParserTests" name="InvalidTemplate_WithMismatchedBraces" />
    </UnitTest>
    <UnitTest name="Microsoft.AspNetCore.Components.Routing.QueryParameterValueSupplierTest.RejectsBlankArrayEntriesWhenNotNullable(key: &quot;IntVals&quot;, targetType: typeof(int))" storage="/home/runner/work/aspnetcore/aspnetcore/artifacts/bin/microsoft.aspnetcore.components.tests/debug/net10.0/microsoft.aspnetcore.components.tests.dll" id="51ef1f70-2175-71d2-bd28-ab21ba2bf2f6">
      <Execution id="5eff64f6-39be-4bd7-90db-299a33edb139" />
      <TestMethod codeBase="/home/runner/work/aspnetcore/aspnetcore/artifacts/bin/Microsoft.AspNetCore.Components.Tests/Debug/net10.0/Microsoft.AspNetCore.Components.Tests.dll" adapterTypeName="executor://xunit/VsTestRunner3/netcore/" className="Microsoft.AspNetCore.Components.Routing.QueryParameterValueSupplierTest" name="RejectsBlankArrayEntriesWhenNotNullable" />
    </UnitTest>
    <UnitTest name="Microsoft.AspNetCore.Components.BindConverterTest.FormatValue_NullableBoolNull" storage="/home/runner/work/aspnetcore/aspnetcore/artifacts/bin/microsoft.aspnetcore.components.tests/debug/net10.0/microsoft.aspnetcore.components.tests.dll" id="a9698f6c-27a8-f8bf-21ae-915a84a6589e">
      <Execution id="b058f0e8-0b2e-44e4-b7fb-220044f6c36a" />
      <TestMethod codeBase="/home/runner/work/aspnetcore/aspnetcore/artifacts/bin/Microsoft.AspNetCore.Components.Tests/Debug/net10.0/Microsoft.AspNetCore.Components.Tests.dll" adapterTypeName="executor://xunit/VsTestRunner3/netcore/" className="Microsoft.AspNetCore.Components.BindConverterTest" name="FormatValue_NullableBoolNull" />
    </UnitTest>
    <UnitTest name="Microsoft.AspNetCore.Components.NavigationManagerTest.ComputesCorrectValidBaseRelativePaths(baseUri: &quot;scheme://host/path/&quot;, uri: &quot;scheme://host/path/more&quot;, expectedResult: &quot;more&quot;)" storage="/home/runner/work/aspnetcore/aspnetcore/artifacts/bin/microsoft.aspnetcore.components.tests/debug/net10.0/microsoft.aspnetcore.components.tests.dll" id="7616343e-c8e4-8480-cc79-56d6843e930e">
      <Execution id="d525a002-e2c9-4bac-82c1-ddbaf9bdf02d" />
      <TestMethod codeBase="/home/runner/work/aspnetcore/aspnetcore/artifacts/bin/Microsoft.AspNetCore.Components.Tests/Debug/net10.0/Microsoft.AspNetCore.Components.Tests.dll" adapterTypeName="executor://xunit/VsTestRunner3/netcore/" className="Microsoft.AspNetCore.Components.NavigationManagerTest" name="ComputesCorrectValidBaseRelativePaths" />
    </UnitTest>
    <UnitTest name="Microsoft.AspNetCore.Components.Test.CascadingParameterTest.ParameterViewSuppliedWithCascadingParametersCannotBeUsedAfterSynchronousReturn" storage="/home/runner/work/aspnetcore/aspnetcore/artifacts/bin/microsoft.aspnetcore.components.tests/debug/net10.0/microsoft.aspnetcore.components.tests.dll" id="f01ff186-ebe5-318c-e5fe-c09f52b654cc">
      <Execution id="9090cd1c-b65a-407a-a11f-1bd4ca6a8b9e" />
      <TestMethod codeBase="/home/runner/work/aspnetcore/aspnetcore/artifacts/bin/Microsoft.AspNetCore.Components.Tests/Debug/net10.0/Microsoft.AspNetCore.Components.Tests.dll" adapterTypeName="executor://xunit/VsTestRunner3/netcore/" className="Microsoft.AspNetCore.Components.Test.CascadingParameterTest" name="ParameterViewSuppliedWithCascadingParametersCannotBeUsedAfterSynchronousReturn" />
    </UnitTest>
    <UnitTest name="Microsoft.AspNetCore.Components.Test.RendererTest.ExceptionsThrownAsynchronouslyFromMultipleComponentsCanBeHandled" storage="/home/runner/work/aspnetcore/aspnetcore/artifacts/bin/microsoft.aspnetcore.components.tests/debug/net10.0/microsoft.aspnetcore.components.tests.dll" id="31574c20-fc3c-833c-e5fa-1ea3b10cc841">
      <Execution id="599f2187-7eb0-4e9c-8dba-0f12164d504c" />
      <TestMethod codeBase="/home/runner/work/aspnetcore/aspnetcore/artifacts/bin/Microsoft.AspNetCore.Components.Tests/Debug/net10.0/Microsoft.AspNetCore.Components.Tests.dll" adapterTypeName="executor://xunit/VsTestRunner3/netcore/" className="Microsoft.AspNetCore.Components.Test.RendererTest" name="ExceptionsThrownAsynchronouslyFromMultipleComponentsCanBeHandled" />
    </UnitTest>
    <UnitTest name="Microsoft.AspNetCore.Components.Test.RendererTest.QueuedRenderIsSkippedIfComponentWasAlreadyDisposedInSameBatch" storage="/home/runner/work/aspnetcore/aspnetcore/artifacts/bin/microsoft.aspnetcore.components.tests/debug/net10.0/microsoft.aspnetcore.components.tests.dll" id="cfceecf7-849b-3831-977c-cf0ad4a601b4">
      <Execution id="520618f5-b4c9-4e71-8f5d-965ca9a3196c" />
      <TestMethod codeBase="/home/runner/work/aspnetcore/aspnetcore/artifacts/bin/Microsoft.AspNetCore.Components.Tests/Debug/net10.0/Microsoft.AspNetCore.Components.Tests.dll" adapterTypeName="executor://xunit/VsTestRunner3/netcore/" className="Microsoft.AspNetCore.Components.Test.RendererTest" name="QueuedRenderIsSkippedIfComponentWasAlreadyDisposedInSameBatch" />
    </UnitTest>
    <UnitTest name="Microsoft.AspNetCore.Components.ComponentsMetricsTest.CaptureParametersDuration_RecordsErrorMetric" storage="/home/runner/work/aspnetcore/aspnetcore/artifacts/bin/microsoft.aspnetcore.components.tests/debug/net10.0/microsoft.aspnetcore.components.tests.dll" id="0dbcccb5-c0f3-ea14-a0cd-d30007cef0b2">
      <Execution id="bee144f7-6319-40fc-b2c9-40cd5e17ed4c" />
      <TestMethod codeBase="/home/runner/work/aspnetcore/aspnetcore/artifacts/bin/Microsoft.AspNetCore.Components.Tests/Debug/net10.0/Microsoft.AspNetCore.Components.Tests.dll" adapterTypeName="executor://xunit/VsTestRunner3/netcore/" className="Microsoft.AspNetCore.Components.ComponentsMetricsTest" name="CaptureParametersDuration_RecordsErrorMetric" />
    </UnitTest>
    <UnitTest name="Microsoft.AspNetCore.Components.ComponentFactoryTest.InstantiateComponent_IgnoresPropertiesWithoutInjectAttribute" storage="/home/runner/work/aspnetcore/aspnetcore/artifacts/bin/microsoft.aspnetcore.components.tests/debug/net10.0/microsoft.aspnetcore.components.tests.dll" id="ad9d863b-28da-e219-d455-917f22373b9a">
      <Execution id="439a2607-bff6-4ae9-94dc-a08455d514f7" />
      <TestMethod codeBase="/home/runner/work/aspnetcore/aspnetcore/artifacts/bin/Microsoft.AspNetCore.Components.Tests/Debug/net10.0/Microsoft.AspNetCore.Components.Tests.dll" adapterTypeName="executor://xunit/VsTestRunner3/netcore/" className="Microsoft.AspNetCore.Components.ComponentFactoryTest" name="InstantiateComponent_IgnoresPropertiesWithoutInjectAttribute" />
    </UnitTest>
    <UnitTest name="Microsoft.AspNetCore.Components.Test.RenderTreeDiffBuilderTest.RejectsClashingKeysInNewTree" storage="/home/runner/work/aspnetcore/aspnetcore/artifacts/bin/microsoft.aspnetcore.components.tests/debug/net10.0/microsoft.aspnetcore.components.tests.dll" id="0c264617-5f59-b8e9-5af0-07f9d6fd3abd">
      <Execution id="5d7b1473-64fc-43de-98f8-888864d067ab" />
      <TestMethod codeBase="/home/runner/work/aspnetcore/aspnetcore/artifacts/bin/Microsoft.AspNetCore.Components.Tests/Debug/net10.0/Microsoft.AspNetCore.Components.Tests.dll" adapterTypeName="executor://xunit/VsTestRunner3/netcore/" className="Microsoft.AspNetCore.Components.Test.RenderTreeDiffBuilderTest" name="RejectsClashingKeysInNewTree" />
    </UnitTest>
    <UnitTest name="Microsoft.AspNetCore.Components.CascadingParameterStateTest.FindCascadingParameters_InheritedParameters_ReturnsMatches" storage="/home/runner/work/aspnetcore/aspnetcore/artifacts/bin/microsoft.aspnetcore.components.tests/debug/net10.0/microsoft.aspnetcore.components.tests.dll" id="1b2bff83-5c37-3650-c63c-30a0a581e523">
      <Execution id="75bbfddb-c652-4a2c-acc2-32798b2d151a" />
      <TestMethod codeBase="/home/runner/work/aspnetcore/aspnetcore/artifacts/bin/Microsoft.AspNetCore.Components.Tests/Debug/net10.0/Microsoft.AspNetCore.Components.Tests.dll" adapterTypeName="executor://xunit/VsTestRunner3/netcore/" className="Microsoft.AspNetCore.Components.CascadingParameterStateTest" name="FindCascadingParameters_InheritedParameters_ReturnsMatches" />
    </UnitTest>
    <UnitTest name="Microsoft.AspNetCore.Components.EventCallbackTest.EventCallbackOfT_FuncTask_Null" storage="/home/runner/work/aspnetcore/aspnetcore/artifacts/bin/microsoft.aspnetcore.components.tests/debug/net10.0/microsoft.aspnetcore.components.tests.dll" id="51ccd957-d985-433f-b36c-6d5b994d808c">
      <Execution id="476d0618-8b00-4595-a170-926e6069b27f" />
      <TestMethod codeBase="/home/runner/work/aspnetcore/aspnetcore/artifacts/bin/Microsoft.AspNetCore.Components.Tests/Debug/net10.0/Microsoft.AspNetCore.Components.Tests.dll" adapterTypeName="executor://xunit/VsTestRunner3/netcore/" className="Microsoft.AspNetCore.Components.EventCallbackTest" name="EventCallbackOfT_FuncTask_Null" />
    </UnitTest>
    <UnitTest name="Microsoft.AspNetCore.Components.BindConverterTest.FormatValue_Int" storage="/home/runner/work/aspnetcore/aspnetcore/artifacts/bin/microsoft.aspnetcore.components.tests/debug/net10.0/microsoft.aspnetcore.components.tests.dll" id="f2471a80-917a-1f7f-dc7f-a6cfdf7bdc83">
      <Execution id="fb8690cd-54d5-449b-8a32-364e5a553b39" />
      <TestMethod codeBase="/home/runner/work/aspnetcore/aspnetcore/artifacts/bin/Microsoft.AspNetCore.Components.Tests/Debug/net10.0/Microsoft.AspNetCore.Components.Tests.dll" adapterTypeName="executor://xunit/VsTestRunner3/netcore/" className="Microsoft.AspNetCore.Components.BindConverterTest" name="FormatValue_Int" />
    </UnitTest>
    <UnitTest name="Microsoft.AspNetCore.Components.NavigationManagerTest.LocationChangingHandlers_CanContinueTheNavigationAsynchronously_WhenOneHandlerIsRegistered" storage="/home/runner/work/aspnetcore/aspnetcore/artifacts/bin/microsoft.aspnetcore.components.tests/debug/net10.0/microsoft.aspnetcore.components.tests.dll" id="c7b5f0c0-c409-93a6-a5b6-ade3fce2ad11">
      <Execution id="0d08e56c-9442-41de-b556-f5b7dbf5fb2c" />
      <TestMethod codeBase="/home/runner/work/aspnetcore/aspnetcore/artifacts/bin/Microsoft.AspNetCore.Components.Tests/Debug/net10.0/Microsoft.AspNetCore.Components.Tests.dll" adapterTypeName="executor://xunit/VsTestRunner3/netcore/" className="Microsoft.AspNetCore.Components.NavigationManagerTest" name="LocationChangingHandlers_CanContinueTheNavigationAsynchronously_WhenOneHandlerIsRegistered" />
    </UnitTest>
    <UnitTest name="Microsoft.AspNetCore.Components.ParameterViewTest.DeclaredParametersVaryOnlyByCase_Throws" storage="/home/runner/work/aspnetcore/aspnetcore/artifacts/bin/microsoft.aspnetcore.components.tests/debug/net10.0/microsoft.aspnetcore.components.tests.dll" id="1d7aadf5-b89e-4339-1fde-0186b7646a6b">
      <Execution id="5234ee87-03fd-45f6-9cc1-f0f1c89ee3e9" />
      <TestMethod codeBase="/home/runner/work/aspnetcore/aspnetcore/artifacts/bin/Microsoft.AspNetCore.Components.Tests/Debug/net10.0/Microsoft.AspNetCore.Components.Tests.dll" adapterTypeName="executor://xunit/VsTestRunner3/netcore/" className="Microsoft.AspNetCore.Components.ParameterViewTest" name="DeclaredParametersVaryOnlyByCase_Throws" />
    </UnitTest>
    <UnitTest name="Microsoft.AspNetCore.Components.Rendering.RenderTreeBuilderTest.ProcessDuplicateAttributes_DoesNotRemoveDuplicatesWithoutAddMultipleAttributes" storage="/home/runner/work/aspnetcore/aspnetcore/artifacts/bin/microsoft.aspnetcore.components.tests/debug/net10.0/microsoft.aspnetcore.components.tests.dll" id="c35a814e-9384-7acc-ddbe-abf15dd24711">
      <Execution id="67a627c4-e6af-4261-94bb-7c0a8e31d9e2" />
      <TestMethod codeBase="/home/runner/work/aspnetcore/aspnetcore/artifacts/bin/Microsoft.AspNetCore.Components.Tests/Debug/net10.0/Microsoft.AspNetCore.Components.Tests.dll" adapterTypeName="executor://xunit/VsTestRunner3/netcore/" className="Microsoft.AspNetCore.Components.Rendering.RenderTreeBuilderTest" name="ProcessDuplicateAttributes_DoesNotRemoveDuplicatesWithoutAddMultipleAttributes" />
    </UnitTest>
    <UnitTest name="Microsoft.AspNetCore.Components.Routing.RouteTableFactoryTests.PrefersRoutesThatMatchMoreSegments" storage="/home/runner/work/aspnetcore/aspnetcore/artifacts/bin/microsoft.aspnetcore.components.tests/debug/net10.0/microsoft.aspnetcore.components.tests.dll" id="6f8db2a7-071c-d418-c1ae-5a64ece4fd33">
      <Execution id="da88b143-87a5-4da5-89cb-e0f64179aed6" />
      <TestMethod codeBase="/home/runner/work/aspnetcore/aspnetcore/artifacts/bin/Microsoft.AspNetCore.Components.Tests/Debug/net10.0/Microsoft.AspNetCore.Components.Tests.dll" adapterTypeName="executor://xunit/VsTestRunner3/netcore/" className="Microsoft.AspNetCore.Components.Routing.RouteTableFactoryTests" name="PrefersRoutesThatMatchMoreSegments" />
    </UnitTest>
    <UnitTest name="Microsoft.AspNetCore.Components.Rendering.RendererSynchronizationContextTest.InvokeAsync_Action_CanRethrowExceptions" storage="/home/runner/work/aspnetcore/aspnetcore/artifacts/bin/microsoft.aspnetcore.components.tests/debug/net10.0/microsoft.aspnetcore.components.tests.dll" id="d5de9f83-2f57-b974-7739-faa0c4f2faf2">
      <Execution id="d34061c4-6a22-45ca-bd51-9eb9c3b39d2a" />
      <TestMethod codeBase="/home/runner/work/aspnetcore/aspnetcore/artifacts/bin/Microsoft.AspNetCore.Components.Tests/Debug/net10.0/Microsoft.AspNetCore.Components.Tests.dll" adapterTypeName="executor://xunit/VsTestRunner3/netcore/" className="Microsoft.AspNetCore.Components.Rendering.RendererSynchronizationContextTest" name="InvokeAsync_Action_CanRethrowExceptions" />
    </UnitTest>
    <UnitTest name="Microsoft.AspNetCore.Components.ComponentFactoryTest.InstantiateComponent_WithRenderModeOnCallSite_UsesRenderModeResolver" storage="/home/runner/work/aspnetcore/aspnetcore/artifacts/bin/microsoft.aspnetcore.components.tests/debug/net10.0/microsoft.aspnetcore.components.tests.dll" id="7b6483b7-b933-1c4e-ecb1-6b13dd9fb812">
      <Execution id="8b5665f1-24bf-43be-bf96-257f720677b5" />
      <TestMethod codeBase="/home/runner/work/aspnetcore/aspnetcore/artifacts/bin/Microsoft.AspNetCore.Components.Tests/Debug/net10.0/Microsoft.AspNetCore.Components.Tests.dll" adapterTypeName="executor://xunit/VsTestRunner3/netcore/" className="Microsoft.AspNetCore.Components.ComponentFactoryTest" name="InstantiateComponent_WithRenderModeOnCallSite_UsesRenderModeResolver" />
    </UnitTest>
    <UnitTest name="Microsoft.AspNetCore.Components.Routing.RouteTableFactoryTests.ThrowsWhenCatchAllIsNotTheLastSegment(template: &quot;prefix/{*catchall}/{*other}&quot;)" storage="/home/runner/work/aspnetcore/aspnetcore/artifacts/bin/microsoft.aspnetcore.components.tests/debug/net10.0/microsoft.aspnetcore.components.tests.dll" id="3bd5f0e6-a898-4764-8e91-93aad44dad43">
      <Execution id="1b94ef56-b699-483b-85e2-37ab7c8d1c44" />
      <TestMethod codeBase="/home/runner/work/aspnetcore/aspnetcore/artifacts/bin/Microsoft.AspNetCore.Components.Tests/Debug/net10.0/Microsoft.AspNetCore.Components.Tests.dll" adapterTypeName="executor://xunit/VsTestRunner3/netcore/" className="Microsoft.AspNetCore.Components.Routing.RouteTableFactoryTests" name="ThrowsWhenCatchAllIsNotTheLastSegment" />
    </UnitTest>
    <UnitTest name="Microsoft.AspNetCore.Components.DynamicComponentTest.CanRenderComponentByType" storage="/home/runner/work/aspnetcore/aspnetcore/artifacts/bin/microsoft.aspnetcore.components.tests/debug/net10.0/microsoft.aspnetcore.components.tests.dll" id="933a3406-64f7-b6d0-698f-b5a2ef13ba18">
      <Execution id="5f0a5557-c3f8-42c1-8a68-ce9b06c9a783" />
      <TestMethod codeBase="/home/runner/work/aspnetcore/aspnetcore/artifacts/bin/Microsoft.AspNetCore.Components.Tests/Debug/net10.0/Microsoft.AspNetCore.Components.Tests.dll" adapterTypeName="executor://xunit/VsTestRunner3/netcore/" className="Microsoft.AspNetCore.Components.DynamicComponentTest" name="CanRenderComponentByType" />
    </UnitTest>
    <UnitTest name="Microsoft.AspNetCore.Components.ComponentStatePersistenceManagerTest.PersistStateAsync_InvokesAllCallbacksEvenIfACallbackIsRemovedAsPartOfRunningIt" storage="/home/runner/work/aspnetcore/aspnetcore/artifacts/bin/microsoft.aspnetcore.components.tests/debug/net10.0/microsoft.aspnetcore.components.tests.dll" id="77104ad1-2a19-a3b9-6573-66b01e87eaa0">
      <Execution id="b407b375-2a3b-4245-ad18-db1e4ca16b64" />
      <TestMethod codeBase="/home/runner/work/aspnetcore/aspnetcore/artifacts/bin/Microsoft.AspNetCore.Components.Tests/Debug/net10.0/Microsoft.AspNetCore.Components.Tests.dll" adapterTypeName="executor://xunit/VsTestRunner3/netcore/" className="Microsoft.AspNetCore.Components.ComponentStatePersistenceManagerTest" name="PersistStateAsync_InvokesAllCallbacksEvenIfACallbackIsRemovedAsPartOfRunningIt" />
    </UnitTest>
    <UnitTest name="Microsoft.AspNetCore.Components.Routing.RouteTableFactoryTests.CanMatchOptionalParameterWithoutConstraints" storage="/home/runner/work/aspnetcore/aspnetcore/artifacts/bin/microsoft.aspnetcore.components.tests/debug/net10.0/microsoft.aspnetcore.components.tests.dll" id="d1ba6488-e46b-c137-7209-d24a9cd97d05">
      <Execution id="12f93526-f1c0-4fff-9601-ae1f225ca452" />
      <TestMethod codeBase="/home/runner/work/aspnetcore/aspnetcore/artifacts/bin/Microsoft.AspNetCore.Components.Tests/Debug/net10.0/Microsoft.AspNetCore.Components.Tests.dll" adapterTypeName="executor://xunit/VsTestRunner3/netcore/" className="Microsoft.AspNetCore.Components.Routing.RouteTableFactoryTests" name="CanMatchOptionalParameterWithoutConstraints" />
    </UnitTest>
    <UnitTest name="Microsoft.AspNetCore.Components.PersistentState.PersistentServicesRegistryTest.PersistStateAsync_PersistsServiceProperties" storage="/home/runner/work/aspnetcore/aspnetcore/artifacts/bin/microsoft.aspnetcore.components.tests/debug/net10.0/microsoft.aspnetcore.components.tests.dll" id="c680db2f-0852-0119-fe23-410188617f76">
      <Execution id="98d68b86-dd30-40f3-aea6-b94ab0572b79" />
      <TestMethod codeBase="/home/runner/work/aspnetcore/aspnetcore/artifacts/bin/Microsoft.AspNetCore.Components.Tests/Debug/net10.0/Microsoft.AspNetCore.Components.Tests.dll" adapterTypeName="executor://xunit/VsTestRunner3/netcore/" className="Microsoft.AspNetCore.Components.PersistentState.PersistentServicesRegistryTest" name="PersistStateAsync_PersistsServiceProperties" />
    </UnitTest>
    <UnitTest name="Microsoft.AspNetCore.Components.Test.RenderTreeUpdaterTest.OmitsAttributeIfNotFoundButValueIsOmissible" storage="/home/runner/work/aspnetcore/aspnetcore/artifacts/bin/microsoft.aspnetcore.components.tests/debug/net10.0/microsoft.aspnetcore.components.tests.dll" id="6b98b11a-8ccf-6f7d-4eb5-1584f44c69bf">
      <Execution id="1ab0be88-f8c9-421b-b559-7b2cad07944a" />
      <TestMethod codeBase="/home/runner/work/aspnetcore/aspnetcore/artifacts/bin/Microsoft.AspNetCore.Components.Tests/Debug/net10.0/Microsoft.AspNetCore.Components.Tests.dll" adapterTypeName="executor://xunit/VsTestRunner3/netcore/" className="Microsoft.AspNetCore.Components.Test.RenderTreeUpdaterTest" name="OmitsAttributeIfNotFoundButValueIsOmissible" />
    </UnitTest>
    <UnitTest name="Microsoft.AspNetCore.Components.Test.RenderTreeDiffBuilderTest.RecognizesRemovedRegions" storage="/home/runner/work/aspnetcore/aspnetcore/artifacts/bin/microsoft.aspnetcore.components.tests/debug/net10.0/microsoft.aspnetcore.components.tests.dll" id="e109a630-ae72-b70c-3980-38878814d6df">
      <Execution id="ade38de3-dc13-4207-b9fe-337961750fe3" />
      <TestMethod codeBase="/home/runner/work/aspnetcore/aspnetcore/artifacts/bin/Microsoft.AspNetCore.Components.Tests/Debug/net10.0/Microsoft.AspNetCore.Components.Tests.dll" adapterTypeName="executor://xunit/VsTestRunner3/netcore/" className="Microsoft.AspNetCore.Components.Test.RenderTreeDiffBuilderTest" name="RecognizesRemovedRegions" />
    </UnitTest>
    <UnitTest name="Microsoft.AspNetCore.Components.Rendering.RenderTreeBuilderTest.CannotAddComponentReferenceCaptureInsideElement" storage="/home/runner/work/aspnetcore/aspnetcore/artifacts/bin/microsoft.aspnetcore.components.tests/debug/net10.0/microsoft.aspnetcore.components.tests.dll" id="bca2ad5c-47df-5e28-1972-71afed63384f">
      <Execution id="ee4d875b-0ff7-4e15-b58c-56189e9b6d03" />
      <TestMethod codeBase="/home/runner/work/aspnetcore/aspnetcore/artifacts/bin/Microsoft.AspNetCore.Components.Tests/Debug/net10.0/Microsoft.AspNetCore.Components.Tests.dll" adapterTypeName="executor://xunit/VsTestRunner3/netcore/" className="Microsoft.AspNetCore.Components.Rendering.RenderTreeBuilderTest" name="CannotAddComponentReferenceCaptureInsideElement" />
    </UnitTest>
    <UnitTest name="Microsoft.AspNetCore.Components.CascadingParameterStateTest.FindCascadingParameters_MultipleMatchingAncestors_ReturnsClosestMatches" storage="/home/runner/work/aspnetcore/aspnetcore/artifacts/bin/microsoft.aspnetcore.components.tests/debug/net10.0/microsoft.aspnetcore.components.tests.dll" id="854f00f2-309c-74d6-c1a4-72f0ffde0b08">
      <Execution id="4e83cfdf-a97a-424c-91cc-bb040e4ab2e7" />
      <TestMethod codeBase="/home/runner/work/aspnetcore/aspnetcore/artifacts/bin/Microsoft.AspNetCore.Components.Tests/Debug/net10.0/Microsoft.AspNetCore.Components.Tests.dll" adapterTypeName="executor://xunit/VsTestRunner3/netcore/" className="Microsoft.AspNetCore.Components.CascadingParameterStateTest" name="FindCascadingParameters_MultipleMatchingAncestors_ReturnsClosestMatches" />
    </UnitTest>
    <UnitTest name="Microsoft.AspNetCore.Components.NavigationManagerTest.ComputesCorrectBaseUri(baseUri: &quot;scheme://host/&quot;, expectedResult: &quot;scheme://host/&quot;)" storage="/home/runner/work/aspnetcore/aspnetcore/artifacts/bin/microsoft.aspnetcore.components.tests/debug/net10.0/microsoft.aspnetcore.components.tests.dll" id="4bbfaaba-c4b8-91ea-5798-d4e2df29aa20">
      <Execution id="0c5fc146-755e-4cfe-9a35-543f6368c0cc" />
      <TestMethod codeBase="/home/runner/work/aspnetcore/aspnetcore/artifacts/bin/Microsoft.AspNetCore.Components.Tests/Debug/net10.0/Microsoft.AspNetCore.Components.Tests.dll" adapterTypeName="executor://xunit/VsTestRunner3/netcore/" className="Microsoft.AspNetCore.Components.NavigationManagerTest" name="ComputesCorrectBaseUri" />
    </UnitTest>
    <UnitTest name="Microsoft.AspNetCore.Components.Test.RendererTest.DispatchEventAsync_EventCallback_SynchronousCompletion" storage="/home/runner/work/aspnetcore/aspnetcore/artifacts/bin/microsoft.aspnetcore.components.tests/debug/net10.0/microsoft.aspnetcore.components.tests.dll" id="4a38998d-a3b2-0927-4ef3-f88ed0f19696">
      <Execution id="c993be26-9573-4dc8-a820-1e6892a91ada" />
      <TestMethod codeBase="/home/runner/work/aspnetcore/aspnetcore/artifacts/bin/Microsoft.AspNetCore.Components.Tests/Debug/net10.0/Microsoft.AspNetCore.Components.Tests.dll" adapterTypeName="executor://xunit/VsTestRunner3/netcore/" className="Microsoft.AspNetCore.Components.Test.RendererTest" name="DispatchEventAsync_EventCallback_SynchronousCompletion" />
    </UnitTest>
    <UnitTest name="Microsoft.AspNetCore.Components.Routing.RouteTableFactoryTests.DoesNotThrowForNonAmbiguousRoutes(first: &quot;{param}/{*catchAll}&quot;, second: &quot;{param}/{optional?}&quot;)" storage="/home/runner/work/aspnetcore/aspnetcore/artifacts/bin/microsoft.aspnetcore.components.tests/debug/net10.0/microsoft.aspnetcore.components.tests.dll" id="fb6a888f-3f0e-5222-cc4c-163e04022e10">
      <Execution id="86cbf8b7-d0a8-4d5f-91e7-f4432fcbbf17" />
      <TestMethod codeBase="/home/runner/work/aspnetcore/aspnetcore/artifacts/bin/Microsoft.AspNetCore.Components.Tests/Debug/net10.0/Microsoft.AspNetCore.Components.Tests.dll" adapterTypeName="executor://xunit/VsTestRunner3/netcore/" className="Microsoft.AspNetCore.Components.Routing.RouteTableFactoryTests" name="DoesNotThrowForNonAmbiguousRoutes" />
    </UnitTest>
    <UnitTest name="Microsoft.AspNetCore.Components.EventCallbackFactoryTest.CreateT_FuncTTask_Null" storage="/home/runner/work/aspnetcore/aspnetcore/artifacts/bin/microsoft.aspnetcore.components.tests/debug/net10.0/microsoft.aspnetcore.components.tests.dll" id="8a7a7267-5669-4beb-5c25-779a3c4dcb87">
      <Execution id="01ff9052-e4e3-47a0-bdc3-2220685c8254" />
      <TestMethod codeBase="/home/runner/work/aspnetcore/aspnetcore/artifacts/bin/Microsoft.AspNetCore.Components.Tests/Debug/net10.0/Microsoft.AspNetCore.Components.Tests.dll" adapterTypeName="executor://xunit/VsTestRunner3/netcore/" className="Microsoft.AspNetCore.Components.EventCallbackFactoryTest" name="CreateT_FuncTTask_Null" />
    </UnitTest>
    <UnitTest name="Microsoft.AspNetCore.Components.BindConverterTest.FormatValue_DateTime" storage="/home/runner/work/aspnetcore/aspnetcore/artifacts/bin/microsoft.aspnetcore.components.tests/debug/net10.0/microsoft.aspnetcore.components.tests.dll" id="1f8888d0-974d-1253-c62e-e8da2f6e9380">
      <Execution id="e11bc1b1-3101-4270-b283-cca5f4e89013" />
      <TestMethod codeBase="/home/runner/work/aspnetcore/aspnetcore/artifacts/bin/Microsoft.AspNetCore.Components.Tests/Debug/net10.0/Microsoft.AspNetCore.Components.Tests.dll" adapterTypeName="executor://xunit/VsTestRunner3/netcore/" className="Microsoft.AspNetCore.Components.BindConverterTest" name="FormatValue_DateTime" />
    </UnitTest>
    <UnitTest name="Microsoft.AspNetCore.Components.Test.RenderTreeDiffBuilderTest.RecognizesKeyedComponentInsertions" storage="/home/runner/work/aspnetcore/aspnetcore/artifacts/bin/microsoft.aspnetcore.components.tests/debug/net10.0/microsoft.aspnetcore.components.tests.dll" id="648737fe-386c-c2ea-b1de-531710f33395">
      <Execution id="e18c738a-5c1a-4c41-bc95-2a683be40026" />
      <TestMethod codeBase="/home/runner/work/aspnetcore/aspnetcore/artifacts/bin/Microsoft.AspNetCore.Components.Tests/Debug/net10.0/Microsoft.AspNetCore.Components.Tests.dll" adapterTypeName="executor://xunit/VsTestRunner3/netcore/" className="Microsoft.AspNetCore.Components.Test.RenderTreeDiffBuilderTest" name="RecognizesKeyedComponentInsertions" />
    </UnitTest>
    <UnitTest name="Microsoft.AspNetCore.Components.ParameterViewTest.CanGetValueOrDefault_WithMultipleMatchingValues" storage="/home/runner/work/aspnetcore/aspnetcore/artifacts/bin/microsoft.aspnetcore.components.tests/debug/net10.0/microsoft.aspnetcore.components.tests.dll" id="c8b608c7-3097-d3d9-2961-baebb1a1cc1e">
      <Execution id="cda8b0f1-c788-438b-a17e-e962c4b82b06" />
      <TestMethod codeBase="/home/runner/work/aspnetcore/aspnetcore/artifacts/bin/Microsoft.AspNetCore.Components.Tests/Debug/net10.0/Microsoft.AspNetCore.Components.Tests.dll" adapterTypeName="executor://xunit/VsTestRunner3/netcore/" className="Microsoft.AspNetCore.Components.ParameterViewTest" name="CanGetValueOrDefault_WithMultipleMatchingValues" />
    </UnitTest>
    <UnitTest name="Microsoft.AspNetCore.Components.Rendering.RenderTreeBuilderTest.CanAddMultipleAttributes_WithChildRegion" storage="/home/runner/work/aspnetcore/aspnetcore/artifacts/bin/microsoft.aspnetcore.components.tests/debug/net10.0/microsoft.aspnetcore.components.tests.dll" id="0c5d354b-d444-9e37-afe4-38b9ea9dc1a1">
      <Execution id="8436c768-d8d0-4522-9a59-dbba7bf95c9d" />
      <TestMethod codeBase="/home/runner/work/aspnetcore/aspnetcore/artifacts/bin/Microsoft.AspNetCore.Components.Tests/Debug/net10.0/Microsoft.AspNetCore.Components.Tests.dll" adapterTypeName="executor://xunit/VsTestRunner3/netcore/" className="Microsoft.AspNetCore.Components.Rendering.RenderTreeBuilderTest" name="CanAddMultipleAttributes_WithChildRegion" />
    </UnitTest>
    <UnitTest name="Microsoft.AspNetCore.Components.Rendering.RenderTreeBuilderTest.CanAddMultipleAttributes_AllowsNull" storage="/home/runner/work/aspnetcore/aspnetcore/artifacts/bin/microsoft.aspnetcore.components.tests/debug/net10.0/microsoft.aspnetcore.components.tests.dll" id="9c40fd8b-8ed6-80e2-e886-3cdff6a03bcc">
      <Execution id="18d5b069-5894-40a9-a511-4e1e5c82d9db" />
      <TestMethod codeBase="/home/runner/work/aspnetcore/aspnetcore/artifacts/bin/Microsoft.AspNetCore.Components.Tests/Debug/net10.0/Microsoft.AspNetCore.Components.Tests.dll" adapterTypeName="executor://xunit/VsTestRunner3/netcore/" className="Microsoft.AspNetCore.Components.Rendering.RenderTreeBuilderTest" name="CanAddMultipleAttributes_AllowsNull" />
    </UnitTest>
    <UnitTest name="Microsoft.AspNetCore.Components.BindConverterTest.FormatValue_NullableBool_Generic" storage="/home/runner/work/aspnetcore/aspnetcore/artifacts/bin/microsoft.aspnetcore.components.tests/debug/net10.0/microsoft.aspnetcore.components.tests.dll" id="c212f440-7b46-cb8e-5eb3-cc3bf3530739">
      <Execution id="4f0ecbd3-acbe-4f12-b9e2-ac480acee97c" />
      <TestMethod codeBase="/home/runner/work/aspnetcore/aspnetcore/artifacts/bin/Microsoft.AspNetCore.Components.Tests/Debug/net10.0/Microsoft.AspNetCore.Components.Tests.dll" adapterTypeName="executor://xunit/VsTestRunner3/netcore/" className="Microsoft.AspNetCore.Components.BindConverterTest" name="FormatValue_NullableBool_Generic" />
    </UnitTest>
    <UnitTest name="Microsoft.AspNetCore.Components.Test.CascadingParameterTest.CanHaveManySubscribers(numSubscribers: 128)" storage="/home/runner/work/aspnetcore/aspnetcore/artifacts/bin/microsoft.aspnetcore.components.tests/debug/net10.0/microsoft.aspnetcore.components.tests.dll" id="40b64cb7-a0ad-328d-3438-891a5dc934e6">
      <Execution id="775f780e-d8e5-46c0-8d91-2188ad51856d" />
      <TestMethod codeBase="/home/runner/work/aspnetcore/aspnetcore/artifacts/bin/Microsoft.AspNetCore.Components.Tests/Debug/net10.0/Microsoft.AspNetCore.Components.Tests.dll" adapterTypeName="executor://xunit/VsTestRunner3/netcore/" className="Microsoft.AspNetCore.Components.Test.CascadingParameterTest" name="CanHaveManySubscribers" />
    </UnitTest>
    <UnitTest name="Microsoft.AspNetCore.Components.Rendering.RenderTreeBuilderTest.CanNestElements" storage="/home/runner/work/aspnetcore/aspnetcore/artifacts/bin/microsoft.aspnetcore.components.tests/debug/net10.0/microsoft.aspnetcore.components.tests.dll" id="827ca186-0c29-b61e-9e2f-035ce5286d39">
      <Execution id="189a1ac4-51a8-47b7-bf7d-12e55c6d9140" />
      <TestMethod codeBase="/home/runner/work/aspnetcore/aspnetcore/artifacts/bin/Microsoft.AspNetCore.Components.Tests/Debug/net10.0/Microsoft.AspNetCore.Components.Tests.dll" adapterTypeName="executor://xunit/VsTestRunner3/netcore/" className="Microsoft.AspNetCore.Components.Rendering.RenderTreeBuilderTest" name="CanNestElements" />
    </UnitTest>
    <UnitTest name="Microsoft.AspNetCore.Components.PersistentStateValueProviderTests.PersistenceFails_IfMultipleComponentsOfSameType_TryToPersistDataWithoutParentComponents" storage="/home/runner/work/aspnetcore/aspnetcore/artifacts/bin/microsoft.aspnetcore.components.tests/debug/net10.0/microsoft.aspnetcore.components.tests.dll" id="d71dfa1b-c4fc-3a36-d676-61bb46c12419">
      <Execution id="9dc33516-afad-46db-98fa-050e3770b864" />
      <TestMethod codeBase="/home/runner/work/aspnetcore/aspnetcore/artifacts/bin/Microsoft.AspNetCore.Components.Tests/Debug/net10.0/Microsoft.AspNetCore.Components.Tests.dll" adapterTypeName="executor://xunit/VsTestRunner3/netcore/" className="Microsoft.AspNetCore.Components.PersistentStateValueProviderTests" name="PersistenceFails_IfMultipleComponentsOfSameType_TryToPersistDataWithoutParentComponents" />
    </UnitTest>
    <UnitTest name="Microsoft.AspNetCore.Components.EventCallbackTest.EventCallback_Action_Null" storage="/home/runner/work/aspnetcore/aspnetcore/artifacts/bin/microsoft.aspnetcore.components.tests/debug/net10.0/microsoft.aspnetcore.components.tests.dll" id="8ca6541e-14e1-938e-2c32-f43036649250">
      <Execution id="e2215768-43d9-4817-b3df-45ba4fbd30da" />
      <TestMethod codeBase="/home/runner/work/aspnetcore/aspnetcore/artifacts/bin/Microsoft.AspNetCore.Components.Tests/Debug/net10.0/Microsoft.AspNetCore.Components.Tests.dll" adapterTypeName="executor://xunit/VsTestRunner3/netcore/" className="Microsoft.AspNetCore.Components.EventCallbackTest" name="EventCallback_Action_Null" />
    </UnitTest>
    <UnitTest name="Microsoft.AspNetCore.Components.Rendering.RenderTreeBuilderTest.ClosedElementsHaveCorrectSubtreeLength" storage="/home/runner/work/aspnetcore/aspnetcore/artifacts/bin/microsoft.aspnetcore.components.tests/debug/net10.0/microsoft.aspnetcore.components.tests.dll" id="d4eedd99-b110-4265-f758-a8dd5d74eaea">
      <Execution id="5b85fac2-88f6-4d84-849e-c1d1c343f39f" />
      <TestMethod codeBase="/home/runner/work/aspnetcore/aspnetcore/artifacts/bin/Microsoft.AspNetCore.Components.Tests/Debug/net10.0/Microsoft.AspNetCore.Components.Tests.dll" adapterTypeName="executor://xunit/VsTestRunner3/netcore/" className="Microsoft.AspNetCore.Components.Rendering.RenderTreeBuilderTest" name="ClosedElementsHaveCorrectSubtreeLength" />
    </UnitTest>
    <UnitTest name="Microsoft.AspNetCore.Components.EventCallbackTest.EventCallback_ActionT_ArgMismatch" storage="/home/runner/work/aspnetcore/aspnetcore/artifacts/bin/microsoft.aspnetcore.components.tests/debug/net10.0/microsoft.aspnetcore.components.tests.dll" id="a3818f0a-ee32-0fd4-3965-1c946a2f4bbe">
      <Execution id="87e48604-4e1f-42c8-b355-ec416b65227e" />
      <TestMethod codeBase="/home/runner/work/aspnetcore/aspnetcore/artifacts/bin/Microsoft.AspNetCore.Components.Tests/Debug/net10.0/Microsoft.AspNetCore.Components.Tests.dll" adapterTypeName="executor://xunit/VsTestRunner3/netcore/" className="Microsoft.AspNetCore.Components.EventCallbackTest" name="EventCallback_ActionT_ArgMismatch" />
    </UnitTest>
    <UnitTest name="Microsoft.AspNetCore.Components.Routing.QueryParameterValueSupplierTest.RejectsUnparseableArrayEntries(key: &quot;BoolVals&quot;, validValue: &quot;true&quot;, invalidValue: &quot;abc&quot;, targetType: typeof(bool))" storage="/home/runner/work/aspnetcore/aspnetcore/artifacts/bin/microsoft.aspnetcore.components.tests/debug/net10.0/microsoft.aspnetcore.components.tests.dll" id="143f041c-80a7-9ed5-9f87-f1d012b09e0b">
      <Execution id="921a0cde-8d88-4850-a316-f1adba697b21" />
      <TestMethod codeBase="/home/runner/work/aspnetcore/aspnetcore/artifacts/bin/Microsoft.AspNetCore.Components.Tests/Debug/net10.0/Microsoft.AspNetCore.Components.Tests.dll" adapterTypeName="executor://xunit/VsTestRunner3/netcore/" className="Microsoft.AspNetCore.Components.Routing.QueryParameterValueSupplierTest" name="RejectsUnparseableArrayEntries" />
    </UnitTest>
    <UnitTest name="Microsoft.AspNetCore.Components.Rendering.RenderTreeBuilderTest.CanAddMultipleAttributes_ListKvpObject" storage="/home/runner/work/aspnetcore/aspnetcore/artifacts/bin/microsoft.aspnetcore.components.tests/debug/net10.0/microsoft.aspnetcore.components.tests.dll" id="dbff81b8-932a-53eb-0e70-56d8723fbce2">
      <Execution id="13d03bc5-4ff5-4439-b028-f5eb661c5e60" />
      <TestMethod codeBase="/home/runner/work/aspnetcore/aspnetcore/artifacts/bin/Microsoft.AspNetCore.Components.Tests/Debug/net10.0/Microsoft.AspNetCore.Components.Tests.dll" adapterTypeName="executor://xunit/VsTestRunner3/netcore/" className="Microsoft.AspNetCore.Components.Rendering.RenderTreeBuilderTest" name="CanAddMultipleAttributes_ListKvpObject" />
    </UnitTest>
    <UnitTest name="Microsoft.AspNetCore.Components.NavigationManagerTest.GetUriWithQueryParameters_CanAddUpdateAndRemove(baseUri: &quot;scheme://host/&quot;, expectedUri: &quot;scheme://host/?age=25&amp;eye%20color=green&quot;)" storage="/home/runner/work/aspnetcore/aspnetcore/artifacts/bin/microsoft.aspnetcore.components.tests/debug/net10.0/microsoft.aspnetcore.components.tests.dll" id="b9302f12-001c-def8-159b-dfab6e7b9b4a">
      <Execution id="1274fab5-7aff-47cd-a749-13403f95f270" />
      <TestMethod codeBase="/home/runner/work/aspnetcore/aspnetcore/artifacts/bin/Microsoft.AspNetCore.Components.Tests/Debug/net10.0/Microsoft.AspNetCore.Components.Tests.dll" adapterTypeName="executor://xunit/VsTestRunner3/netcore/" className="Microsoft.AspNetCore.Components.NavigationManagerTest" name="GetUriWithQueryParameters_CanAddUpdateAndRemove" />
    </UnitTest>
    <UnitTest name="Microsoft.AspNetCore.Components.Test.RenderTreeDiffBuilderTest.RecognizesNamedEventBeingAdded" storage="/home/runner/work/aspnetcore/aspnetcore/artifacts/bin/microsoft.aspnetcore.components.tests/debug/net10.0/microsoft.aspnetcore.components.tests.dll" id="9bfb982f-77b4-df3c-1634-2de98daacf5b">
      <Execution id="08207acb-6722-49cb-9b4a-a59b986668f7" />
      <TestMethod codeBase="/home/runner/work/aspnetcore/aspnetcore/artifacts/bin/Microsoft.AspNetCore.Components.Tests/Debug/net10.0/Microsoft.AspNetCore.Components.Tests.dll" adapterTypeName="executor://xunit/VsTestRunner3/netcore/" className="Microsoft.AspNetCore.Components.Test.RenderTreeDiffBuilderTest" name="RecognizesNamedEventBeingAdded" />
    </UnitTest>
    <UnitTest name="Microsoft.AspNetCore.Components.Routing.RouteTableFactoryTests.CorrectlyMatchesVariableLengthSegments(path: &quot;/literal&quot;, expectedValue: null, first: &quot;literal&quot;, second: &quot;literal/{parameter?}&quot;, handler: typeof(Microsoft.AspNetCore.Components.Routing.RouteTableFactoryTests+TestHandler1))" storage="/home/runner/work/aspnetcore/aspnetcore/artifacts/bin/microsoft.aspnetcore.components.tests/debug/net10.0/microsoft.aspnetcore.components.tests.dll" id="7874ddcf-b9f0-18bf-6f93-3e77bd0ad0fa">
      <Execution id="9c6dfcfc-741a-472b-bed7-b358abe7a8fb" />
      <TestMethod codeBase="/home/runner/work/aspnetcore/aspnetcore/artifacts/bin/Microsoft.AspNetCore.Components.Tests/Debug/net10.0/Microsoft.AspNetCore.Components.Tests.dll" adapterTypeName="executor://xunit/VsTestRunner3/netcore/" className="Microsoft.AspNetCore.Components.Routing.RouteTableFactoryTests" name="CorrectlyMatchesVariableLengthSegments" />
    </UnitTest>
    <UnitTest name="Microsoft.AspNetCore.Components.Test.RendererTest.CanRenderAsyncNestedComponents" storage="/home/runner/work/aspnetcore/aspnetcore/artifacts/bin/microsoft.aspnetcore.components.tests/debug/net10.0/microsoft.aspnetcore.components.tests.dll" id="73fdf9a4-1f47-879d-e4aa-389a3f9e2139">
      <Execution id="2cb40dca-8802-4720-b672-ef110330b120" />
      <TestMethod codeBase="/home/runner/work/aspnetcore/aspnetcore/artifacts/bin/Microsoft.AspNetCore.Components.Tests/Debug/net10.0/Microsoft.AspNetCore.Components.Tests.dll" adapterTypeName="executor://xunit/VsTestRunner3/netcore/" className="Microsoft.AspNetCore.Components.Test.RendererTest" name="CanRenderAsyncNestedComponents" />
    </UnitTest>
    <UnitTest name="Microsoft.AspNetCore.Components.Test.RenderTreeUpdaterTest.IgnoresUnknownEventHandlerId" storage="/home/runner/work/aspnetcore/aspnetcore/artifacts/bin/microsoft.aspnetcore.components.tests/debug/net10.0/microsoft.aspnetcore.components.tests.dll" id="1dbfac0d-6921-9fa7-0a13-4278be6b0a57">
      <Execution id="ce00a584-5da5-4d8a-9b6e-c6d508b37580" />
      <TestMethod codeBase="/home/runner/work/aspnetcore/aspnetcore/artifacts/bin/Microsoft.AspNetCore.Components.Tests/Debug/net10.0/Microsoft.AspNetCore.Components.Tests.dll" adapterTypeName="executor://xunit/VsTestRunner3/netcore/" className="Microsoft.AspNetCore.Components.Test.RenderTreeUpdaterTest" name="IgnoresUnknownEventHandlerId" />
    </UnitTest>
    <UnitTest name="Microsoft.AspNetCore.Components.Rendering.RendererSynchronizationContextTest.InvokeAsync_FuncTask_CanRunAsynchronously_WhenBusy" storage="/home/runner/work/aspnetcore/aspnetcore/artifacts/bin/microsoft.aspnetcore.components.tests/debug/net10.0/microsoft.aspnetcore.components.tests.dll" id="17ea524f-1ea7-e888-4526-761ea396984a">
      <Execution id="d421d785-b40b-450b-9021-279cc902a3dc" />
      <TestMethod codeBase="/home/runner/work/aspnetcore/aspnetcore/artifacts/bin/Microsoft.AspNetCore.Components.Tests/Debug/net10.0/Microsoft.AspNetCore.Components.Tests.dll" adapterTypeName="executor://xunit/VsTestRunner3/netcore/" className="Microsoft.AspNetCore.Components.Rendering.RendererSynchronizationContextTest" name="InvokeAsync_FuncTask_CanRunAsynchronously_WhenBusy" />
    </UnitTest>
    <UnitTest name="Microsoft.AspNetCore.Components.Test.RendererTest.DispatchEventAsync_Delegate_AsynchronousCompletion" storage="/home/runner/work/aspnetcore/aspnetcore/artifacts/bin/microsoft.aspnetcore.components.tests/debug/net10.0/microsoft.aspnetcore.components.tests.dll" id="abe52657-6fba-beee-55a1-cb8340e11ce8">
      <Execution id="7efd097c-1c48-40b0-870f-9884b753cb68" />
      <TestMethod codeBase="/home/runner/work/aspnetcore/aspnetcore/artifacts/bin/Microsoft.AspNetCore.Components.Tests/Debug/net10.0/Microsoft.AspNetCore.Components.Tests.dll" adapterTypeName="executor://xunit/VsTestRunner3/netcore/" className="Microsoft.AspNetCore.Components.Test.RendererTest" name="DispatchEventAsync_Delegate_AsynchronousCompletion" />
    </UnitTest>
    <UnitTest name="Microsoft.AspNetCore.Components.Routing.RouteTableFactoryTests.OptionalParameterEmpty" storage="/home/runner/work/aspnetcore/aspnetcore/artifacts/bin/microsoft.aspnetcore.components.tests/debug/net10.0/microsoft.aspnetcore.components.tests.dll" id="fbc3ef76-537d-0f89-3759-d889bd742fc4">
      <Execution id="116f4346-aa97-476d-9cc8-1306f676ca7b" />
      <TestMethod codeBase="/home/runner/work/aspnetcore/aspnetcore/artifacts/bin/Microsoft.AspNetCore.Components.Tests/Debug/net10.0/Microsoft.AspNetCore.Components.Tests.dll" adapterTypeName="executor://xunit/VsTestRunner3/netcore/" className="Microsoft.AspNetCore.Components.Routing.RouteTableFactoryTests" name="OptionalParameterEmpty" />
    </UnitTest>
    <UnitTest name="Microsoft.AspNetCore.Components.Routing.QueryParameterValueSupplierTest.RejectsUnparseableValues(key: &quot;NullableDateTimeVal&quot;, value: &quot;2020-02-31&quot;, targetType: typeof(DateTime?))" storage="/home/runner/work/aspnetcore/aspnetcore/artifacts/bin/microsoft.aspnetcore.components.tests/debug/net10.0/microsoft.aspnetcore.components.tests.dll" id="7e30bead-337f-eb80-0031-cca28a124eaf">
      <Execution id="932eefba-662c-415a-8752-36723ce09275" />
      <TestMethod codeBase="/home/runner/work/aspnetcore/aspnetcore/artifacts/bin/Microsoft.AspNetCore.Components.Tests/Debug/net10.0/Microsoft.AspNetCore.Components.Tests.dll" adapterTypeName="executor://xunit/VsTestRunner3/netcore/" className="Microsoft.AspNetCore.Components.Routing.QueryParameterValueSupplierTest" name="RejectsUnparseableValues" />
    </UnitTest>
    <UnitTest name="Microsoft.AspNetCore.Components.Routing.RouteTableFactoryTests.CanMatchRootTemplate" storage="/home/runner/work/aspnetcore/aspnetcore/artifacts/bin/microsoft.aspnetcore.components.tests/debug/net10.0/microsoft.aspnetcore.components.tests.dll" id="febca7d2-42e6-1d75-e68e-53b2a645e318">
      <Execution id="1bbe1925-eaed-4401-9ddf-cd12a235960d" />
      <TestMethod codeBase="/home/runner/work/aspnetcore/aspnetcore/artifacts/bin/Microsoft.AspNetCore.Components.Tests/Debug/net10.0/Microsoft.AspNetCore.Components.Tests.dll" adapterTypeName="executor://xunit/VsTestRunner3/netcore/" className="Microsoft.AspNetCore.Components.Routing.RouteTableFactoryTests" name="CanMatchRootTemplate" />
    </UnitTest>
    <UnitTest name="Microsoft.AspNetCore.Components.RenderTree.ArrayBuilderTest.Insert_WhenBufferIsAtCapacity" storage="/home/runner/work/aspnetcore/aspnetcore/artifacts/bin/microsoft.aspnetcore.components.tests/debug/net10.0/microsoft.aspnetcore.components.tests.dll" id="9679f3b1-d316-e371-a99a-a9db8d077c58">
      <Execution id="9d72ca08-52dc-4498-8ebe-fb75d20a7e82" />
      <TestMethod codeBase="/home/runner/work/aspnetcore/aspnetcore/artifacts/bin/Microsoft.AspNetCore.Components.Tests/Debug/net10.0/Microsoft.AspNetCore.Components.Tests.dll" adapterTypeName="executor://xunit/VsTestRunner3/netcore/" className="Microsoft.AspNetCore.Components.RenderTree.ArrayBuilderTest" name="Insert_WhenBufferIsAtCapacity" />
    </UnitTest>
    <UnitTest name="Microsoft.AspNetCore.Components.EventCallbackFactoryBinderExtensionsTest.CreateBinder_NullableInt" storage="/home/runner/work/aspnetcore/aspnetcore/artifacts/bin/microsoft.aspnetcore.components.tests/debug/net10.0/microsoft.aspnetcore.components.tests.dll" id="042e4b06-e811-fabf-dcfa-e5dde6ab6f37">
      <Execution id="e64bc298-8092-4826-b8c4-b0ab80cf8d5c" />
      <TestMethod codeBase="/home/runner/work/aspnetcore/aspnetcore/artifacts/bin/Microsoft.AspNetCore.Components.Tests/Debug/net10.0/Microsoft.AspNetCore.Components.Tests.dll" adapterTypeName="executor://xunit/VsTestRunner3/netcore/" className="Microsoft.AspNetCore.Components.EventCallbackFactoryBinderExtensionsTest" name="CreateBinder_NullableInt" />
    </UnitTest>
    <UnitTest name="Microsoft.AspNetCore.Components.Test.RenderTreeDiffBuilderTest.AttributeDiff_WithSameSequenceNumber_AttributeAddedAtEnd" storage="/home/runner/work/aspnetcore/aspnetcore/artifacts/bin/microsoft.aspnetcore.components.tests/debug/net10.0/microsoft.aspnetcore.components.tests.dll" id="759f574e-cc95-e392-b25f-48e7b507e965">
      <Execution id="bc363015-255e-4620-9353-bd6f2fbe6371" />
      <TestMethod codeBase="/home/runner/work/aspnetcore/aspnetcore/artifacts/bin/Microsoft.AspNetCore.Components.Tests/Debug/net10.0/Microsoft.AspNetCore.Components.Tests.dll" adapterTypeName="executor://xunit/VsTestRunner3/netcore/" className="Microsoft.AspNetCore.Components.Test.RenderTreeDiffBuilderTest" name="AttributeDiff_WithSameSequenceNumber_AttributeAddedAtEnd" />
    </UnitTest>
    <UnitTest name="Microsoft.AspNetCore.Components.ParameterViewTest.CannotReadAfterLifetimeExpiry" storage="/home/runner/work/aspnetcore/aspnetcore/artifacts/bin/microsoft.aspnetcore.components.tests/debug/net10.0/microsoft.aspnetcore.components.tests.dll" id="639b6493-3922-85ca-561c-da1c1afcbd53">
      <Execution id="d6e705b5-e09c-4cbd-9bbb-e7c3794b5da0" />
      <TestMethod codeBase="/home/runner/work/aspnetcore/aspnetcore/artifacts/bin/Microsoft.AspNetCore.Components.Tests/Debug/net10.0/Microsoft.AspNetCore.Components.Tests.dll" adapterTypeName="executor://xunit/VsTestRunner3/netcore/" className="Microsoft.AspNetCore.Components.ParameterViewTest" name="CannotReadAfterLifetimeExpiry" />
    </UnitTest>
    <UnitTest name="Microsoft.AspNetCore.Components.Test.RendererTest.CallsAfterRenderOnEachRender" storage="/home/runner/work/aspnetcore/aspnetcore/artifacts/bin/microsoft.aspnetcore.components.tests/debug/net10.0/microsoft.aspnetcore.components.tests.dll" id="43bff6e9-1834-16bf-ac8a-f7afadccd92b">
      <Execution id="9ef8568b-a160-49cc-88b0-b23cb4d09900" />
      <TestMethod codeBase="/home/runner/work/aspnetcore/aspnetcore/artifacts/bin/Microsoft.AspNetCore.Components.Tests/Debug/net10.0/Microsoft.AspNetCore.Components.Tests.dll" adapterTypeName="executor://xunit/VsTestRunner3/netcore/" className="Microsoft.AspNetCore.Components.Test.RendererTest" name="CallsAfterRenderOnEachRender" />
    </UnitTest>
    <UnitTest name="Microsoft.AspNetCore.Components.Test.ComponentBaseTest.RunsOnInitAsyncWhenRendered" storage="/home/runner/work/aspnetcore/aspnetcore/artifacts/bin/microsoft.aspnetcore.components.tests/debug/net10.0/microsoft.aspnetcore.components.tests.dll" id="72f93f36-eb3d-9323-b919-1fd39fe47c7a">
      <Execution id="009e6a27-debd-41de-8b49-be6b1f3c7249" />
      <TestMethod codeBase="/home/runner/work/aspnetcore/aspnetcore/artifacts/bin/Microsoft.AspNetCore.Components.Tests/Debug/net10.0/Microsoft.AspNetCore.Components.Tests.dll" adapterTypeName="executor://xunit/VsTestRunner3/netcore/" className="Microsoft.AspNetCore.Components.Test.ComponentBaseTest" name="RunsOnInitAsyncWhenRendered" />
    </UnitTest>
    <UnitTest name="Microsoft.AspNetCore.Components.Routing.RouteTableFactoryTests.ThrowsForOptionalParametersFollowedByNonOptionalParameters" storage="/home/runner/work/aspnetcore/aspnetcore/artifacts/bin/microsoft.aspnetcore.components.tests/debug/net10.0/microsoft.aspnetcore.components.tests.dll" id="6da18163-322a-a311-a61e-335ac02db98a">
      <Execution id="2931b4bb-24d1-4901-9348-2724a6222185" />
      <TestMethod codeBase="/home/runner/work/aspnetcore/aspnetcore/artifacts/bin/Microsoft.AspNetCore.Components.Tests/Debug/net10.0/Microsoft.AspNetCore.Components.Tests.dll" adapterTypeName="executor://xunit/VsTestRunner3/netcore/" className="Microsoft.AspNetCore.Components.Routing.RouteTableFactoryTests" name="ThrowsForOptionalParametersFollowedByNonOptionalParameters" />
    </UnitTest>
    <UnitTest name="Microsoft.AspNetCore.Components.Rendering.RendererSynchronizationContextTest.InvokeAsync_FuncT_CanRethrowExceptions" storage="/home/runner/work/aspnetcore/aspnetcore/artifacts/bin/microsoft.aspnetcore.components.tests/debug/net10.0/microsoft.aspnetcore.components.tests.dll" id="2e57ef53-c2e9-8040-187f-67a50519993b">
      <Execution id="f6a9c5d5-247c-478a-850c-695dbb0aa87f" />
      <TestMethod codeBase="/home/runner/work/aspnetcore/aspnetcore/artifacts/bin/Microsoft.AspNetCore.Components.Tests/Debug/net10.0/Microsoft.AspNetCore.Components.Tests.dll" adapterTypeName="executor://xunit/VsTestRunner3/netcore/" className="Microsoft.AspNetCore.Components.Rendering.RendererSynchronizationContextTest" name="InvokeAsync_FuncT_CanRethrowExceptions" />
    </UnitTest>
    <UnitTest name="Microsoft.AspNetCore.Components.Test.RendererTest.DispatchEventAsync_Delegate_SynchronousCompletion" storage="/home/runner/work/aspnetcore/aspnetcore/artifacts/bin/microsoft.aspnetcore.components.tests/debug/net10.0/microsoft.aspnetcore.components.tests.dll" id="f2be85e0-6529-13c2-75b2-7fd800b37ce0">
      <Execution id="59f40573-de98-4854-814c-4d6109322ae9" />
      <TestMethod codeBase="/home/runner/work/aspnetcore/aspnetcore/artifacts/bin/Microsoft.AspNetCore.Components.Tests/Debug/net10.0/Microsoft.AspNetCore.Components.Tests.dll" adapterTypeName="executor://xunit/VsTestRunner3/netcore/" className="Microsoft.AspNetCore.Components.Test.RendererTest" name="DispatchEventAsync_Delegate_SynchronousCompletion" />
    </UnitTest>
    <UnitTest name="Microsoft.AspNetCore.Components.Routing.RoutePatternParserTests.InvalidTemplate_WithMismatchedBraces(template: &quot;Another/p}/Literal&quot;, expectedMessage: &quot;There is an incomplete parameter in the route temp&quot;···)" storage="/home/runner/work/aspnetcore/aspnetcore/artifacts/bin/microsoft.aspnetcore.components.tests/debug/net10.0/microsoft.aspnetcore.components.tests.dll" id="ec5d73b7-1bad-9588-4c3a-96c51b850227">
      <Execution id="57f447ce-a65a-4280-80d6-2ae8bf4fe174" />
      <TestMethod codeBase="/home/runner/work/aspnetcore/aspnetcore/artifacts/bin/Microsoft.AspNetCore.Components.Tests/Debug/net10.0/Microsoft.AspNetCore.Components.Tests.dll" adapterTypeName="executor://xunit/VsTestRunner3/netcore/" className="Microsoft.AspNetCore.Components.Routing.RoutePatternParserTests" name="InvalidTemplate_WithMismatchedBraces" />
    </UnitTest>
    <UnitTest name="Microsoft.AspNetCore.Components.Rendering.ArrayBuilderSegmentTest.BasicPropertiesWork" storage="/home/runner/work/aspnetcore/aspnetcore/artifacts/bin/microsoft.aspnetcore.components.tests/debug/net10.0/microsoft.aspnetcore.components.tests.dll" id="5a799c89-7bfc-057e-b75b-36f82e8287df">
      <Execution id="127764fd-a004-4558-8c0d-a7ec8ec64c4d" />
      <TestMethod codeBase="/home/runner/work/aspnetcore/aspnetcore/artifacts/bin/Microsoft.AspNetCore.Components.Tests/Debug/net10.0/Microsoft.AspNetCore.Components.Tests.dll" adapterTypeName="executor://xunit/VsTestRunner3/netcore/" className="Microsoft.AspNetCore.Components.Rendering.ArrayBuilderSegmentTest" name="BasicPropertiesWork" />
    </UnitTest>
    <UnitTest name="Microsoft.AspNetCore.Components.Test.RendererTest.RenderBatch_ReportsSynchronousCancelationsAsErrors" storage="/home/runner/work/aspnetcore/aspnetcore/artifacts/bin/microsoft.aspnetcore.components.tests/debug/net10.0/microsoft.aspnetcore.components.tests.dll" id="a9f7def6-0d13-f066-9e7a-f4a1eb9afe32">
      <Execution id="68d6d19c-a754-407a-ba84-1e1eb63d3bc7" />
      <TestMethod codeBase="/home/runner/work/aspnetcore/aspnetcore/artifacts/bin/Microsoft.AspNetCore.Components.Tests/Debug/net10.0/Microsoft.AspNetCore.Components.Tests.dll" adapterTypeName="executor://xunit/VsTestRunner3/netcore/" className="Microsoft.AspNetCore.Components.Test.RendererTest" name="RenderBatch_ReportsSynchronousCancelationsAsErrors" />
    </UnitTest>
    <UnitTest name="Microsoft.AspNetCore.Components.Routing.RouteTableFactoryTests.ThrowsWhenCatchAllIsNotTheLastSegment(template: &quot;prefix/{*catchall}/{parameter?}&quot;)" storage="/home/runner/work/aspnetcore/aspnetcore/artifacts/bin/microsoft.aspnetcore.components.tests/debug/net10.0/microsoft.aspnetcore.components.tests.dll" id="857ea273-55fb-35b8-c39d-7ec2d5a3ddd8">
      <Execution id="fc7b8c98-f2c6-41f1-8941-034cef918a55" />
      <TestMethod codeBase="/home/runner/work/aspnetcore/aspnetcore/artifacts/bin/Microsoft.AspNetCore.Components.Tests/Debug/net10.0/Microsoft.AspNetCore.Components.Tests.dll" adapterTypeName="executor://xunit/VsTestRunner3/netcore/" className="Microsoft.AspNetCore.Components.Routing.RouteTableFactoryTests" name="ThrowsWhenCatchAllIsNotTheLastSegment" />
    </UnitTest>
    <UnitTest name="Microsoft.AspNetCore.Components.Test.RendererTest.RenderingExceptionsCanBeHandledByClosestErrorBoundary" storage="/home/runner/work/aspnetcore/aspnetcore/artifacts/bin/microsoft.aspnetcore.components.tests/debug/net10.0/microsoft.aspnetcore.components.tests.dll" id="fb1ea6d3-ed55-3e3c-01db-435ecf109149">
      <Execution id="2456d923-cf97-4194-bd37-99bd5c94450d" />
      <TestMethod codeBase="/home/runner/work/aspnetcore/aspnetcore/artifacts/bin/Microsoft.AspNetCore.Components.Tests/Debug/net10.0/Microsoft.AspNetCore.Components.Tests.dll" adapterTypeName="executor://xunit/VsTestRunner3/netcore/" className="Microsoft.AspNetCore.Components.Test.RendererTest" name="RenderingExceptionsCanBeHandledByClosestErrorBoundary" />
    </UnitTest>
    <UnitTest name="Microsoft.AspNetCore.Components.Rendering.RenderTreeBuilderTest.CannotAddComponentRenderModeToElement" storage="/home/runner/work/aspnetcore/aspnetcore/artifacts/bin/microsoft.aspnetcore.components.tests/debug/net10.0/microsoft.aspnetcore.components.tests.dll" id="a1a7aee5-e924-432d-2aee-ffbafa0cfc0d">
      <Execution id="16d1960a-f19c-469d-801c-450ec6721fb3" />
      <TestMethod codeBase="/home/runner/work/aspnetcore/aspnetcore/artifacts/bin/Microsoft.AspNetCore.Components.Tests/Debug/net10.0/Microsoft.AspNetCore.Components.Tests.dll" adapterTypeName="executor://xunit/VsTestRunner3/netcore/" className="Microsoft.AspNetCore.Components.Rendering.RenderTreeBuilderTest" name="CannotAddComponentRenderModeToElement" />
    </UnitTest>
    <UnitTest name="Microsoft.AspNetCore.Components.BindConverterTest.FormatValue_DateOnly" storage="/home/runner/work/aspnetcore/aspnetcore/artifacts/bin/microsoft.aspnetcore.components.tests/debug/net10.0/microsoft.aspnetcore.components.tests.dll" id="9b225c63-356b-e16a-fc81-e64c040fb2d2">
      <Execution id="962a9384-b2e0-4778-92e8-7991b0ea2aa4" />
      <TestMethod codeBase="/home/runner/work/aspnetcore/aspnetcore/artifacts/bin/Microsoft.AspNetCore.Components.Tests/Debug/net10.0/Microsoft.AspNetCore.Components.Tests.dll" adapterTypeName="executor://xunit/VsTestRunner3/netcore/" className="Microsoft.AspNetCore.Components.BindConverterTest" name="FormatValue_DateOnly" />
    </UnitTest>
    <UnitTest name="Microsoft.AspNetCore.Components.Test.RenderTreeDiffBuilderTest.AttributeDiff_WithSequentialSequenceNumber_AttributeRemovedAtEnd" storage="/home/runner/work/aspnetcore/aspnetcore/artifacts/bin/microsoft.aspnetcore.components.tests/debug/net10.0/microsoft.aspnetcore.components.tests.dll" id="8821d8f0-6f93-764c-e58d-7410f30a46e2">
      <Execution id="77d0cae2-0bfb-4b65-8eea-861f8dfdc573" />
      <TestMethod codeBase="/home/runner/work/aspnetcore/aspnetcore/artifacts/bin/Microsoft.AspNetCore.Components.Tests/Debug/net10.0/Microsoft.AspNetCore.Components.Tests.dll" adapterTypeName="executor://xunit/VsTestRunner3/netcore/" className="Microsoft.AspNetCore.Components.Test.RenderTreeDiffBuilderTest" name="AttributeDiff_WithSequentialSequenceNumber_AttributeRemovedAtEnd" />
    </UnitTest>
    <UnitTest name="Microsoft.AspNetCore.Components.Test.ComponentBaseTest.DoesNotRenderAfterOnInitAsyncTaskIsCancelled" storage="/home/runner/work/aspnetcore/aspnetcore/artifacts/bin/microsoft.aspnetcore.components.tests/debug/net10.0/microsoft.aspnetcore.components.tests.dll" id="4d7bffe4-2a22-3aee-6e80-fc4697376ea5">
      <Execution id="73fa6f1c-ff5b-47d9-a929-84a078d499cb" />
      <TestMethod codeBase="/home/runner/work/aspnetcore/aspnetcore/artifacts/bin/Microsoft.AspNetCore.Components.Tests/Debug/net10.0/Microsoft.AspNetCore.Components.Tests.dll" adapterTypeName="executor://xunit/VsTestRunner3/netcore/" className="Microsoft.AspNetCore.Components.Test.ComponentBaseTest" name="DoesNotRenderAfterOnInitAsyncTaskIsCancelled" />
    </UnitTest>
    <UnitTest name="Microsoft.AspNetCore.Components.Rendering.RenderTreeBuilderTest.AddAttribute_Element_EventCallbackOfT_AddsFrame" storage="/home/runner/work/aspnetcore/aspnetcore/artifacts/bin/microsoft.aspnetcore.components.tests/debug/net10.0/microsoft.aspnetcore.components.tests.dll" id="8404fed0-a171-4088-f3ff-794d8813a57b">
      <Execution id="344f6f01-2106-4e67-9406-82fc9bde03a6" />
      <TestMethod codeBase="/home/runner/work/aspnetcore/aspnetcore/artifacts/bin/Microsoft.AspNetCore.Components.Tests/Debug/net10.0/Microsoft.AspNetCore.Components.Tests.dll" adapterTypeName="executor://xunit/VsTestRunner3/netcore/" className="Microsoft.AspNetCore.Components.Rendering.RenderTreeBuilderTest" name="AddAttribute_Element_EventCallbackOfT_AddsFrame" />
    </UnitTest>
    <UnitTest name="Microsoft.AspNetCore.Components.Test.DependencyInjectionTest.ThrowsIfNoSuchKeyedServiceIsRegistered" storage="/home/runner/work/aspnetcore/aspnetcore/artifacts/bin/microsoft.aspnetcore.components.tests/debug/net10.0/microsoft.aspnetcore.components.tests.dll" id="63cc9b17-12aa-a95f-34cb-4755c2085c67">
      <Execution id="b23ef4cf-e5d1-4356-9cbb-bdabbf259a21" />
      <TestMethod codeBase="/home/runner/work/aspnetcore/aspnetcore/artifacts/bin/Microsoft.AspNetCore.Components.Tests/Debug/net10.0/Microsoft.AspNetCore.Components.Tests.dll" adapterTypeName="executor://xunit/VsTestRunner3/netcore/" className="Microsoft.AspNetCore.Components.Test.DependencyInjectionTest" name="ThrowsIfNoSuchKeyedServiceIsRegistered" />
    </UnitTest>
    <UnitTest name="Microsoft.AspNetCore.Components.Rendering.RenderTreeBuilderTest.ProcessDuplicateAttributes_DoesNotRemoveDuplicatesInsideChildElement" storage="/home/runner/work/aspnetcore/aspnetcore/artifacts/bin/microsoft.aspnetcore.components.tests/debug/net10.0/microsoft.aspnetcore.components.tests.dll" id="d6e86050-b635-db1d-8206-c133098cbdc5">
      <Execution id="f8e917ef-5fba-49a9-b33f-9b3f39f9f2bb" />
      <TestMethod codeBase="/home/runner/work/aspnetcore/aspnetcore/artifacts/bin/Microsoft.AspNetCore.Components.Tests/Debug/net10.0/Microsoft.AspNetCore.Components.Tests.dll" adapterTypeName="executor://xunit/VsTestRunner3/netcore/" className="Microsoft.AspNetCore.Components.Rendering.RenderTreeBuilderTest" name="ProcessDuplicateAttributes_DoesNotRemoveDuplicatesInsideChildElement" />
    </UnitTest>
    <UnitTest name="Microsoft.AspNetCore.Components.Routing.RouteTableFactoryTests.DetectsAmbiguousRoutes(left: &quot;/literal/{parameter}&quot;, right: &quot;/Literal/{something}&quot;)" storage="/home/runner/work/aspnetcore/aspnetcore/artifacts/bin/microsoft.aspnetcore.components.tests/debug/net10.0/microsoft.aspnetcore.components.tests.dll" id="bafc1b18-901e-604e-9096-697e3b69b6aa">
      <Execution id="1c4b12ee-c2ee-4fe4-948d-a19b8344989d" />
      <TestMethod codeBase="/home/runner/work/aspnetcore/aspnetcore/artifacts/bin/Microsoft.AspNetCore.Components.Tests/Debug/net10.0/Microsoft.AspNetCore.Components.Tests.dll" adapterTypeName="executor://xunit/VsTestRunner3/netcore/" className="Microsoft.AspNetCore.Components.Routing.RouteTableFactoryTests" name="DetectsAmbiguousRoutes" />
    </UnitTest>
    <UnitTest name="Microsoft.AspNetCore.Components.CascadingParameterStateTest.FindCascadingParameters_MismatchingNameButMatchingType_ReturnsEmpty" storage="/home/runner/work/aspnetcore/aspnetcore/artifacts/bin/microsoft.aspnetcore.components.tests/debug/net10.0/microsoft.aspnetcore.components.tests.dll" id="048ee76e-4526-84d4-4b45-a3f7292105d4">
      <Execution id="c6a138be-aeab-4c2a-bccf-449ac4d476fe" />
      <TestMethod codeBase="/home/runner/work/aspnetcore/aspnetcore/artifacts/bin/Microsoft.AspNetCore.Components.Tests/Debug/net10.0/Microsoft.AspNetCore.Components.Tests.dll" adapterTypeName="executor://xunit/VsTestRunner3/netcore/" className="Microsoft.AspNetCore.Components.CascadingParameterStateTest" name="FindCascadingParameters_MismatchingNameButMatchingType_ReturnsEmpty" />
    </UnitTest>
    <UnitTest name="Microsoft.AspNetCore.Components.NavigationManagerTest.ComputesCorrectBaseUri(baseUri: &quot;scheme://host/path/#hash&quot;, expectedResult: &quot;scheme://host/path/&quot;)" storage="/home/runner/work/aspnetcore/aspnetcore/artifacts/bin/microsoft.aspnetcore.components.tests/debug/net10.0/microsoft.aspnetcore.components.tests.dll" id="a4f43c6c-07d4-6e2c-8522-84c6a5f7a046">
      <Execution id="7893b10e-f89e-447d-8409-2e01c46bf512" />
      <TestMethod codeBase="/home/runner/work/aspnetcore/aspnetcore/artifacts/bin/Microsoft.AspNetCore.Components.Tests/Debug/net10.0/Microsoft.AspNetCore.Components.Tests.dll" adapterTypeName="executor://xunit/VsTestRunner3/netcore/" className="Microsoft.AspNetCore.Components.NavigationManagerTest" name="ComputesCorrectBaseUri" />
    </UnitTest>
    <UnitTest name="Microsoft.AspNetCore.Components.Routing.RoutePatternParserTests.ParseRouteParameter_ThrowsIf_ParameterContainsSpecialCharacters(template: &quot;{{}&quot;, expectedMessage: &quot;There is an incomplete parameter in the route temp&quot;···)" storage="/home/runner/work/aspnetcore/aspnetcore/artifacts/bin/microsoft.aspnetcore.components.tests/debug/net10.0/microsoft.aspnetcore.components.tests.dll" id="42b1972a-b9da-de79-1389-0fe2762fc9a2">
      <Execution id="0e34ad01-20fe-4455-9591-be3e3539db52" />
      <TestMethod codeBase="/home/runner/work/aspnetcore/aspnetcore/artifacts/bin/Microsoft.AspNetCore.Components.Tests/Debug/net10.0/Microsoft.AspNetCore.Components.Tests.dll" adapterTypeName="executor://xunit/VsTestRunner3/netcore/" className="Microsoft.AspNetCore.Components.Routing.RoutePatternParserTests" name="ParseRouteParameter_ThrowsIf_ParameterContainsSpecialCharacters" />
    </UnitTest>
    <UnitTest name="Microsoft.AspNetCore.Components.ParameterViewTest.HasRemovedDirectParameters_ParametersSwapped" storage="/home/runner/work/aspnetcore/aspnetcore/artifacts/bin/microsoft.aspnetcore.components.tests/debug/net10.0/microsoft.aspnetcore.components.tests.dll" id="3b6631f8-8bd0-ec75-5602-eb1173cdb6a6">
      <Execution id="c7f159f7-a4e4-46e8-aed4-5b56ad8ebc56" />
      <TestMethod codeBase="/home/runner/work/aspnetcore/aspnetcore/artifacts/bin/Microsoft.AspNetCore.Components.Tests/Debug/net10.0/Microsoft.AspNetCore.Components.Tests.dll" adapterTypeName="executor://xunit/VsTestRunner3/netcore/" className="Microsoft.AspNetCore.Components.ParameterViewTest" name="HasRemovedDirectParameters_ParametersSwapped" />
    </UnitTest>
    <UnitTest name="Microsoft.AspNetCore.Components.Test.CascadingParameterTest.OmitsSingleDeliveryCascadingParametersWhenUpdatingDirectParameters" storage="/home/runner/work/aspnetcore/aspnetcore/artifacts/bin/microsoft.aspnetcore.components.tests/debug/net10.0/microsoft.aspnetcore.components.tests.dll" id="45a6eb62-602a-ab67-92d5-7f8fcb36b8a6">
      <Execution id="4cb2fcf7-9d8e-4071-82a1-e97055f7989c" />
      <TestMethod codeBase="/home/runner/work/aspnetcore/aspnetcore/artifacts/bin/Microsoft.AspNetCore.Components.Tests/Debug/net10.0/Microsoft.AspNetCore.Components.Tests.dll" adapterTypeName="executor://xunit/VsTestRunner3/netcore/" className="Microsoft.AspNetCore.Components.Test.CascadingParameterTest" name="OmitsSingleDeliveryCascadingParametersWhenUpdatingDirectParameters" />
    </UnitTest>
    <UnitTest name="Microsoft.AspNetCore.Components.EventCallbackFactoryBinderExtensionsTest.CreateBinder_String" storage="/home/runner/work/aspnetcore/aspnetcore/artifacts/bin/microsoft.aspnetcore.components.tests/debug/net10.0/microsoft.aspnetcore.components.tests.dll" id="568abae7-0c7c-4063-1172-6b9d29847ede">
      <Execution id="786fa599-1c8b-4f36-a353-a42a526d71d9" />
      <TestMethod codeBase="/home/runner/work/aspnetcore/aspnetcore/artifacts/bin/Microsoft.AspNetCore.Components.Tests/Debug/net10.0/Microsoft.AspNetCore.Components.Tests.dll" adapterTypeName="executor://xunit/VsTestRunner3/netcore/" className="Microsoft.AspNetCore.Components.EventCallbackFactoryBinderExtensionsTest" name="CreateBinder_String" />
    </UnitTest>
    <UnitTest name="Microsoft.AspNetCore.Components.Test.RenderTreeDiffBuilderTest.SkipsUnmodifiedSubtrees" storage="/home/runner/work/aspnetcore/aspnetcore/artifacts/bin/microsoft.aspnetcore.components.tests/debug/net10.0/microsoft.aspnetcore.components.tests.dll" id="beaeebef-85e4-296b-fa59-603a5d4647c8">
      <Execution id="ee85bf33-4300-438d-861a-ae7d5f011f14" />
      <TestMethod codeBase="/home/runner/work/aspnetcore/aspnetcore/artifacts/bin/Microsoft.AspNetCore.Components.Tests/Debug/net10.0/Microsoft.AspNetCore.Components.Tests.dll" adapterTypeName="executor://xunit/VsTestRunner3/netcore/" className="Microsoft.AspNetCore.Components.Test.RenderTreeDiffBuilderTest" name="SkipsUnmodifiedSubtrees" />
    </UnitTest>
    <UnitTest name="Microsoft.AspNetCore.Components.Test.ComponentBaseTest.DoesNotRenderAfterOnInitAsyncTaskIsCancelledUsingCancellationToken" storage="/home/runner/work/aspnetcore/aspnetcore/artifacts/bin/microsoft.aspnetcore.components.tests/debug/net10.0/microsoft.aspnetcore.components.tests.dll" id="ac1b378f-ea1b-5563-d90b-94229e535c08">
      <Execution id="a6b664ad-4cd9-4484-8fb7-688c78fcf494" />
      <TestMethod codeBase="/home/runner/work/aspnetcore/aspnetcore/artifacts/bin/Microsoft.AspNetCore.Components.Tests/Debug/net10.0/Microsoft.AspNetCore.Components.Tests.dll" adapterTypeName="executor://xunit/VsTestRunner3/netcore/" className="Microsoft.AspNetCore.Components.Test.ComponentBaseTest" name="DoesNotRenderAfterOnInitAsyncTaskIsCancelledUsingCancellationToken" />
    </UnitTest>
    <UnitTest name="Microsoft.AspNetCore.Components.EventCallbackFactoryBinderExtensionsTest.CreateBinder_Guid" storage="/home/runner/work/aspnetcore/aspnetcore/artifacts/bin/microsoft.aspnetcore.components.tests/debug/net10.0/microsoft.aspnetcore.components.tests.dll" id="e6e5b157-c426-8a1d-a8cf-8fbc7a7f4ed4">
      <Execution id="c0afb761-fe45-427f-9cac-6b657626dd2f" />
      <TestMethod codeBase="/home/runner/work/aspnetcore/aspnetcore/artifacts/bin/Microsoft.AspNetCore.Components.Tests/Debug/net10.0/Microsoft.AspNetCore.Components.Tests.dll" adapterTypeName="executor://xunit/VsTestRunner3/netcore/" className="Microsoft.AspNetCore.Components.EventCallbackFactoryBinderExtensionsTest" name="CreateBinder_Guid" />
    </UnitTest>
    <UnitTest name="Microsoft.AspNetCore.Components.Rendering.RenderTreeBuilderTest.AddComponentParameter_Component_Bool_SetsAttributeValue(value: True)" storage="/home/runner/work/aspnetcore/aspnetcore/artifacts/bin/microsoft.aspnetcore.components.tests/debug/net10.0/microsoft.aspnetcore.components.tests.dll" id="b6319510-fc4c-6f7c-a839-534026868c25">
      <Execution id="a45e95ad-da7d-4e4c-a92f-360fef57a9d6" />
      <TestMethod codeBase="/home/runner/work/aspnetcore/aspnetcore/artifacts/bin/Microsoft.AspNetCore.Components.Tests/Debug/net10.0/Microsoft.AspNetCore.Components.Tests.dll" adapterTypeName="executor://xunit/VsTestRunner3/netcore/" className="Microsoft.AspNetCore.Components.Rendering.RenderTreeBuilderTest" name="AddComponentParameter_Component_Bool_SetsAttributeValue" />
    </UnitTest>
    <UnitTest name="Microsoft.AspNetCore.Components.Rendering.RenderTreeBuilderTest.AddAttribute_Element_ObjectEventCallbackOfT_AddsFrame" storage="/home/runner/work/aspnetcore/aspnetcore/artifacts/bin/microsoft.aspnetcore.components.tests/debug/net10.0/microsoft.aspnetcore.components.tests.dll" id="2fd84072-b7ae-5b84-3b19-88f2c791dcf8">
      <Execution id="00105db6-a2db-43a5-af39-f434ed5702d4" />
      <TestMethod codeBase="/home/runner/work/aspnetcore/aspnetcore/artifacts/bin/Microsoft.AspNetCore.Components.Tests/Debug/net10.0/Microsoft.AspNetCore.Components.Tests.dll" adapterTypeName="executor://xunit/VsTestRunner3/netcore/" className="Microsoft.AspNetCore.Components.Rendering.RenderTreeBuilderTest" name="AddAttribute_Element_ObjectEventCallbackOfT_AddsFrame" />
    </UnitTest>
    <UnitTest name="Microsoft.AspNetCore.Components.Rendering.RenderTreeBuilderTest.AddAttribute_Element_BoolTrue_AddsFrame" storage="/home/runner/work/aspnetcore/aspnetcore/artifacts/bin/microsoft.aspnetcore.components.tests/debug/net10.0/microsoft.aspnetcore.components.tests.dll" id="fa0c4b80-5b9e-c7ae-fe8b-263a9286d40b">
      <Execution id="2b39dbe6-7c78-4efc-9524-e889a7133331" />
      <TestMethod codeBase="/home/runner/work/aspnetcore/aspnetcore/artifacts/bin/Microsoft.AspNetCore.Components.Tests/Debug/net10.0/Microsoft.AspNetCore.Components.Tests.dll" adapterTypeName="executor://xunit/VsTestRunner3/netcore/" className="Microsoft.AspNetCore.Components.Rendering.RenderTreeBuilderTest" name="AddAttribute_Element_BoolTrue_AddsFrame" />
    </UnitTest>
    <UnitTest name="Microsoft.AspNetCore.Components.Routing.QueryParameterValueSupplierTest.RejectsUnparseableArrayEntries(key: &quot;NullableGuidVals&quot;, validValue: &quot;9e7257ad-03aa-42c7-9819-be08b177fef9&quot;, invalidValue: &quot;123456-789-0&quot;, targetType: typeof(Guid?))" storage="/home/runner/work/aspnetcore/aspnetcore/artifacts/bin/microsoft.aspnetcore.components.tests/debug/net10.0/microsoft.aspnetcore.components.tests.dll" id="f07e0260-7c4e-b3c7-977a-304866560796">
      <Execution id="e3de16cf-828d-48c2-a9ef-7a5ab0f21ec6" />
      <TestMethod codeBase="/home/runner/work/aspnetcore/aspnetcore/artifacts/bin/Microsoft.AspNetCore.Components.Tests/Debug/net10.0/Microsoft.AspNetCore.Components.Tests.dll" adapterTypeName="executor://xunit/VsTestRunner3/netcore/" className="Microsoft.AspNetCore.Components.Routing.QueryParameterValueSupplierTest" name="RejectsUnparseableArrayEntries" />
    </UnitTest>
    <UnitTest name="Microsoft.AspNetCore.Components.PersistentStateValueProviderTests.PersistAsync_PersistsStateForSubscribedComponentProperties" storage="/home/runner/work/aspnetcore/aspnetcore/artifacts/bin/microsoft.aspnetcore.components.tests/debug/net10.0/microsoft.aspnetcore.components.tests.dll" id="493e214b-5ba1-0616-a351-0dbac3dcd27c">
      <Execution id="c3c7a10d-01f6-4d46-b110-5b1643096259" />
      <TestMethod codeBase="/home/runner/work/aspnetcore/aspnetcore/artifacts/bin/Microsoft.AspNetCore.Components.Tests/Debug/net10.0/Microsoft.AspNetCore.Components.Tests.dll" adapterTypeName="executor://xunit/VsTestRunner3/netcore/" className="Microsoft.AspNetCore.Components.PersistentStateValueProviderTests" name="PersistAsync_PersistsStateForSubscribedComponentProperties" />
    </UnitTest>
    <UnitTest name="Microsoft.AspNetCore.Components.NavigationManagerTest.LocationChangingHandlers_CanCancelTheNavigationAsynchronously_WhenMultipleHandlersAreRegistered" storage="/home/runner/work/aspnetcore/aspnetcore/artifacts/bin/microsoft.aspnetcore.components.tests/debug/net10.0/microsoft.aspnetcore.components.tests.dll" id="f92b64fc-c600-e866-594f-6beed616abf0">
      <Execution id="21129929-7036-411e-a0a5-a0a87779a079" />
      <TestMethod codeBase="/home/runner/work/aspnetcore/aspnetcore/artifacts/bin/Microsoft.AspNetCore.Components.Tests/Debug/net10.0/Microsoft.AspNetCore.Components.Tests.dll" adapterTypeName="executor://xunit/VsTestRunner3/netcore/" className="Microsoft.AspNetCore.Components.NavigationManagerTest" name="LocationChangingHandlers_CanCancelTheNavigationAsynchronously_WhenMultipleHandlersAreRegistered" />
    </UnitTest>
    <UnitTest name="Microsoft.AspNetCore.Components.EventCallbackFactoryTest.CreateT_FuncTTask_Unbound" storage="/home/runner/work/aspnetcore/aspnetcore/artifacts/bin/microsoft.aspnetcore.components.tests/debug/net10.0/microsoft.aspnetcore.components.tests.dll" id="7fd4a501-472d-0628-de76-e06cc5af1298">
      <Execution id="3a118889-c15e-472c-85f5-0d44d7f071e0" />
      <TestMethod codeBase="/home/runner/work/aspnetcore/aspnetcore/artifacts/bin/Microsoft.AspNetCore.Components.Tests/Debug/net10.0/Microsoft.AspNetCore.Components.Tests.dll" adapterTypeName="executor://xunit/VsTestRunner3/netcore/" className="Microsoft.AspNetCore.Components.EventCallbackFactoryTest" name="CreateT_FuncTTask_Unbound" />
    </UnitTest>
    <UnitTest name="Microsoft.AspNetCore.Components.Test.RenderTreeDiffBuilderTest.RecognizesNamedEventBeingRemoved" storage="/home/runner/work/aspnetcore/aspnetcore/artifacts/bin/microsoft.aspnetcore.components.tests/debug/net10.0/microsoft.aspnetcore.components.tests.dll" id="2c3826bd-537f-23d7-b074-0f1c3fe00c74">
      <Execution id="d09c7511-4b10-49ca-93d3-5742ec75ee63" />
      <TestMethod codeBase="/home/runner/work/aspnetcore/aspnetcore/artifacts/bin/Microsoft.AspNetCore.Components.Tests/Debug/net10.0/Microsoft.AspNetCore.Components.Tests.dll" adapterTypeName="executor://xunit/VsTestRunner3/netcore/" className="Microsoft.AspNetCore.Components.Test.RenderTreeDiffBuilderTest" name="RecognizesNamedEventBeingRemoved" />
    </UnitTest>
    <UnitTest name="Microsoft.AspNetCore.Components.Rendering.RenderTreeBuilderTest.CannotAddAttributeToElementReferenceCapture" storage="/home/runner/work/aspnetcore/aspnetcore/artifacts/bin/microsoft.aspnetcore.components.tests/debug/net10.0/microsoft.aspnetcore.components.tests.dll" id="45d63f8a-6753-ab8c-86f2-506f15b9ffc2">
      <Execution id="35738475-61cc-404a-a622-6430b63a70b3" />
      <TestMethod codeBase="/home/runner/work/aspnetcore/aspnetcore/artifacts/bin/Microsoft.AspNetCore.Components.Tests/Debug/net10.0/Microsoft.AspNetCore.Components.Tests.dll" adapterTypeName="executor://xunit/VsTestRunner3/netcore/" className="Microsoft.AspNetCore.Components.Rendering.RenderTreeBuilderTest" name="CannotAddAttributeToElementReferenceCapture" />
    </UnitTest>
    <UnitTest name="Microsoft.AspNetCore.Components.RenderTree.StackObjectPoolTest.CannotReturnWhenEmpty" storage="/home/runner/work/aspnetcore/aspnetcore/artifacts/bin/microsoft.aspnetcore.components.tests/debug/net10.0/microsoft.aspnetcore.components.tests.dll" id="3698c6b7-6630-413e-1b3f-319af5a7b08f">
      <Execution id="91fb02ee-3e16-43a1-ba1e-f0e21f117a1a" />
      <TestMethod codeBase="/home/runner/work/aspnetcore/aspnetcore/artifacts/bin/Microsoft.AspNetCore.Components.Tests/Debug/net10.0/Microsoft.AspNetCore.Components.Tests.dll" adapterTypeName="executor://xunit/VsTestRunner3/netcore/" className="Microsoft.AspNetCore.Components.RenderTree.StackObjectPoolTest" name="CannotReturnWhenEmpty" />
    </UnitTest>
    <UnitTest name="Microsoft.AspNetCore.Components.ParameterViewTest.NoIncomingParameterMatchesDeclaredParameter_LeavesValueUnchanged" storage="/home/runner/work/aspnetcore/aspnetcore/artifacts/bin/microsoft.aspnetcore.components.tests/debug/net10.0/microsoft.aspnetcore.components.tests.dll" id="e0223052-f40e-90bb-44ff-bfaca7443ea2">
      <Execution id="044795db-79d1-4420-bb36-c4b05c7ac66e" />
      <TestMethod codeBase="/home/runner/work/aspnetcore/aspnetcore/artifacts/bin/Microsoft.AspNetCore.Components.Tests/Debug/net10.0/Microsoft.AspNetCore.Components.Tests.dll" adapterTypeName="executor://xunit/VsTestRunner3/netcore/" className="Microsoft.AspNetCore.Components.ParameterViewTest" name="NoIncomingParameterMatchesDeclaredParameter_LeavesValueUnchanged" />
    </UnitTest>
    <UnitTest name="Microsoft.AspNetCore.Components.Test.RendererTest.DisposingRenderer_DisregardsAttemptsToStartMoreRenderBatches" storage="/home/runner/work/aspnetcore/aspnetcore/artifacts/bin/microsoft.aspnetcore.components.tests/debug/net10.0/microsoft.aspnetcore.components.tests.dll" id="69276199-5bbc-9449-0bf2-f99bf6e1714c">
      <Execution id="cf985c31-b0fd-4f87-bb17-ed67ade709e8" />
      <TestMethod codeBase="/home/runner/work/aspnetcore/aspnetcore/artifacts/bin/Microsoft.AspNetCore.Components.Tests/Debug/net10.0/Microsoft.AspNetCore.Components.Tests.dll" adapterTypeName="executor://xunit/VsTestRunner3/netcore/" className="Microsoft.AspNetCore.Components.Test.RendererTest" name="DisposingRenderer_DisregardsAttemptsToStartMoreRenderBatches" />
    </UnitTest>
    <UnitTest name="Microsoft.AspNetCore.Components.Test.RenderTreeDiffBuilderTest.RecognizesEquivalentRegions" storage="/home/runner/work/aspnetcore/aspnetcore/artifacts/bin/microsoft.aspnetcore.components.tests/debug/net10.0/microsoft.aspnetcore.components.tests.dll" id="4279c44e-c272-4a8a-acd8-3f166f075cc8">
      <Execution id="b7a67857-1e84-4c7d-8a11-a2331b0c6a81" />
      <TestMethod codeBase="/home/runner/work/aspnetcore/aspnetcore/artifacts/bin/Microsoft.AspNetCore.Components.Tests/Debug/net10.0/Microsoft.AspNetCore.Components.Tests.dll" adapterTypeName="executor://xunit/VsTestRunner3/netcore/" className="Microsoft.AspNetCore.Components.Test.RenderTreeDiffBuilderTest" name="RecognizesEquivalentRegions" />
    </UnitTest>
    <UnitTest name="Microsoft.AspNetCore.Components.Routing.RouteTableFactoryTests.DetectsAmbiguousRoutes(left: &quot;/{parameter}part&quot;, right: &quot;/part{parameter}&quot;)" storage="/home/runner/work/aspnetcore/aspnetcore/artifacts/bin/microsoft.aspnetcore.components.tests/debug/net10.0/microsoft.aspnetcore.components.tests.dll" id="167cf0fe-7602-b7e4-e958-ca23fdcc7ea8">
      <Execution id="f3d6a683-c150-41aa-9f6b-ea68f6f4c84b" />
      <TestMethod codeBase="/home/runner/work/aspnetcore/aspnetcore/artifacts/bin/Microsoft.AspNetCore.Components.Tests/Debug/net10.0/Microsoft.AspNetCore.Components.Tests.dll" adapterTypeName="executor://xunit/VsTestRunner3/netcore/" className="Microsoft.AspNetCore.Components.Routing.RouteTableFactoryTests" name="DetectsAmbiguousRoutes" />
    </UnitTest>
    <UnitTest name="Microsoft.AspNetCore.Components.Rendering.RenderTreeBuilderTest.CannotAddEventHandlerAttributeToText" storage="/home/runner/work/aspnetcore/aspnetcore/artifacts/bin/microsoft.aspnetcore.components.tests/debug/net10.0/microsoft.aspnetcore.components.tests.dll" id="0e5b3705-4dae-2181-2558-00a8f7b1941e">
      <Execution id="3af27c84-b398-4dad-acdf-c5b9f24dadb8" />
      <TestMethod codeBase="/home/runner/work/aspnetcore/aspnetcore/artifacts/bin/Microsoft.AspNetCore.Components.Tests/Debug/net10.0/Microsoft.AspNetCore.Components.Tests.dll" adapterTypeName="executor://xunit/VsTestRunner3/netcore/" className="Microsoft.AspNetCore.Components.Rendering.RenderTreeBuilderTest" name="CannotAddEventHandlerAttributeToText" />
    </UnitTest>
    <UnitTest name="Microsoft.AspNetCore.Components.Test.DependencyInjectionTest.IgnoresStaticProperties" storage="/home/runner/work/aspnetcore/aspnetcore/artifacts/bin/microsoft.aspnetcore.components.tests/debug/net10.0/microsoft.aspnetcore.components.tests.dll" id="c5f2250f-29c1-c03e-6f58-08ea480d74e6">
      <Execution id="5ef5b3fc-de7b-4a74-be6a-4892ef03911b" />
      <TestMethod codeBase="/home/runner/work/aspnetcore/aspnetcore/artifacts/bin/Microsoft.AspNetCore.Components.Tests/Debug/net10.0/Microsoft.AspNetCore.Components.Tests.dll" adapterTypeName="executor://xunit/VsTestRunner3/netcore/" className="Microsoft.AspNetCore.Components.Test.DependencyInjectionTest" name="IgnoresStaticProperties" />
    </UnitTest>
    <UnitTest name="Microsoft.AspNetCore.Components.Test.RenderTreeDiffBuilderTest.RecognizesNamedEventBeingMoved" storage="/home/runner/work/aspnetcore/aspnetcore/artifacts/bin/microsoft.aspnetcore.components.tests/debug/net10.0/microsoft.aspnetcore.components.tests.dll" id="bb2c4065-5432-4767-1497-99410be3a63a">
      <Execution id="84a78aad-21e4-4af4-adb9-78af4742cf2d" />
      <TestMethod codeBase="/home/runner/work/aspnetcore/aspnetcore/artifacts/bin/Microsoft.AspNetCore.Components.Tests/Debug/net10.0/Microsoft.AspNetCore.Components.Tests.dll" adapterTypeName="executor://xunit/VsTestRunner3/netcore/" className="Microsoft.AspNetCore.Components.Test.RenderTreeDiffBuilderTest" name="RecognizesNamedEventBeingMoved" />
    </UnitTest>
    <UnitTest name="Microsoft.AspNetCore.Components.Rendering.RenderTreeBuilderTest.CannotAddElementReferenceCaptureInsideComponent" storage="/home/runner/work/aspnetcore/aspnetcore/artifacts/bin/microsoft.aspnetcore.components.tests/debug/net10.0/microsoft.aspnetcore.components.tests.dll" id="1e6887f7-d6e0-ff10-8138-aae4dcb4b007">
      <Execution id="ce77ea6f-8f6f-43a8-96bc-271dd0f4f17e" />
      <TestMethod codeBase="/home/runner/work/aspnetcore/aspnetcore/artifacts/bin/Microsoft.AspNetCore.Components.Tests/Debug/net10.0/Microsoft.AspNetCore.Components.Tests.dll" adapterTypeName="executor://xunit/VsTestRunner3/netcore/" className="Microsoft.AspNetCore.Components.Rendering.RenderTreeBuilderTest" name="CannotAddElementReferenceCaptureInsideComponent" />
    </UnitTest>
    <UnitTest name="Microsoft.AspNetCore.Components.ResourceAssetCollectionTest.ResourceAsset_CanSerializeAndDeserialize_WithRespectRequiredConstructorParameters" storage="/home/runner/work/aspnetcore/aspnetcore/artifacts/bin/microsoft.aspnetcore.components.tests/debug/net10.0/microsoft.aspnetcore.components.tests.dll" id="c1fdeac6-c0ce-41c9-b650-4ce7e72544da">
      <Execution id="b0301e53-a174-47e6-9b10-96413c42555f" />
      <TestMethod codeBase="/home/runner/work/aspnetcore/aspnetcore/artifacts/bin/Microsoft.AspNetCore.Components.Tests/Debug/net10.0/Microsoft.AspNetCore.Components.Tests.dll" adapterTypeName="executor://xunit/VsTestRunner3/netcore/" className="Microsoft.AspNetCore.Components.ResourceAssetCollectionTest" name="ResourceAsset_CanSerializeAndDeserialize_WithRespectRequiredConstructorParameters" />
    </UnitTest>
    <UnitTest name="Microsoft.AspNetCore.Components.EventCallbackTest.EventCallback_ActionT_Arg" storage="/home/runner/work/aspnetcore/aspnetcore/artifacts/bin/microsoft.aspnetcore.components.tests/debug/net10.0/microsoft.aspnetcore.components.tests.dll" id="cb666151-ca36-d93c-1816-b59b9f13d583">
      <Execution id="8aa5774d-2ece-48f4-9695-fbb6eec62c84" />
      <TestMethod codeBase="/home/runner/work/aspnetcore/aspnetcore/artifacts/bin/Microsoft.AspNetCore.Components.Tests/Debug/net10.0/Microsoft.AspNetCore.Components.Tests.dll" adapterTypeName="executor://xunit/VsTestRunner3/netcore/" className="Microsoft.AspNetCore.Components.EventCallbackTest" name="EventCallback_ActionT_Arg" />
    </UnitTest>
    <UnitTest name="Microsoft.AspNetCore.Components.ParameterViewTest.IncomingCascadingValueMatchesNonCascadingParameter_Throws" storage="/home/runner/work/aspnetcore/aspnetcore/artifacts/bin/microsoft.aspnetcore.components.tests/debug/net10.0/microsoft.aspnetcore.components.tests.dll" id="5504f349-886e-364d-1fc2-a3566c2bdac1">
      <Execution id="f98dc628-a086-4dac-8c2f-ecd06cc491a6" />
      <TestMethod codeBase="/home/runner/work/aspnetcore/aspnetcore/artifacts/bin/Microsoft.AspNetCore.Components.Tests/Debug/net10.0/Microsoft.AspNetCore.Components.Tests.dll" adapterTypeName="executor://xunit/VsTestRunner3/netcore/" className="Microsoft.AspNetCore.Components.ParameterViewTest" name="IncomingCascadingValueMatchesNonCascadingParameter_Throws" />
    </UnitTest>
    <UnitTest name="Microsoft.AspNetCore.Components.PersistentStateValueProviderTests.PersistAsync_CanPersistValueTypes_NullableIntProperty" storage="/home/runner/work/aspnetcore/aspnetcore/artifacts/bin/microsoft.aspnetcore.components.tests/debug/net10.0/microsoft.aspnetcore.components.tests.dll" id="81ac65f1-f0e7-fed7-1e34-0ccd8eedcfa3">
      <Execution id="423fdf28-536b-47e9-828f-c8b9a3019539" />
      <TestMethod codeBase="/home/runner/work/aspnetcore/aspnetcore/artifacts/bin/Microsoft.AspNetCore.Components.Tests/Debug/net10.0/Microsoft.AspNetCore.Components.Tests.dll" adapterTypeName="executor://xunit/VsTestRunner3/netcore/" className="Microsoft.AspNetCore.Components.PersistentStateValueProviderTests" name="PersistAsync_CanPersistValueTypes_NullableIntProperty" />
    </UnitTest>
    <UnitTest name="Microsoft.AspNetCore.Components.EventCallbackTest.EventCallback_FuncTTask_Arg" storage="/home/runner/work/aspnetcore/aspnetcore/artifacts/bin/microsoft.aspnetcore.components.tests/debug/net10.0/microsoft.aspnetcore.components.tests.dll" id="593be9dc-60fc-2229-6010-519b94c318da">
      <Execution id="11f8c083-868f-4146-9d91-77eebc27acf2" />
      <TestMethod codeBase="/home/runner/work/aspnetcore/aspnetcore/artifacts/bin/Microsoft.AspNetCore.Components.Tests/Debug/net10.0/Microsoft.AspNetCore.Components.Tests.dll" adapterTypeName="executor://xunit/VsTestRunner3/netcore/" className="Microsoft.AspNetCore.Components.EventCallbackTest" name="EventCallback_FuncTTask_Arg" />
    </UnitTest>
    <UnitTest name="Microsoft.AspNetCore.Components.Routing.RouteTableFactoryTests.DoesNotThrowForNonAmbiguousRoutes(first: &quot;{param}/{*catchAll:int}&quot;, second: &quot;{param}/{optional?}&quot;)" storage="/home/runner/work/aspnetcore/aspnetcore/artifacts/bin/microsoft.aspnetcore.components.tests/debug/net10.0/microsoft.aspnetcore.components.tests.dll" id="32c961b9-1d62-92ae-43e0-c2211424f76e">
      <Execution id="cca62e0d-df05-4592-973f-495f4967dc26" />
      <TestMethod codeBase="/home/runner/work/aspnetcore/aspnetcore/artifacts/bin/Microsoft.AspNetCore.Components.Tests/Debug/net10.0/Microsoft.AspNetCore.Components.Tests.dll" adapterTypeName="executor://xunit/VsTestRunner3/netcore/" className="Microsoft.AspNetCore.Components.Routing.RouteTableFactoryTests" name="DoesNotThrowForNonAmbiguousRoutes" />
    </UnitTest>
    <UnitTest name="Microsoft.AspNetCore.Components.ComponentStatePersistenceManagerTest.Constructor_InitializesPersistentServicesRegistry" storage="/home/runner/work/aspnetcore/aspnetcore/artifacts/bin/microsoft.aspnetcore.components.tests/debug/net10.0/microsoft.aspnetcore.components.tests.dll" id="6e0758e3-231e-8e4a-2c91-88949ecd029a">
      <Execution id="36a48c00-e397-4513-a6f2-a1cdb5022da0" />
      <TestMethod codeBase="/home/runner/work/aspnetcore/aspnetcore/artifacts/bin/Microsoft.AspNetCore.Components.Tests/Debug/net10.0/Microsoft.AspNetCore.Components.Tests.dll" adapterTypeName="executor://xunit/VsTestRunner3/netcore/" className="Microsoft.AspNetCore.Components.ComponentStatePersistenceManagerTest" name="Constructor_InitializesPersistentServicesRegistry" />
    </UnitTest>
    <UnitTest name="Microsoft.AspNetCore.Components.Routing.QueryParameterValueSupplierTest.RejectsUnparseableValues(key: &quot;NullableFloatVal&quot;, value: &quot;1e1000&quot;, targetType: typeof(float?))" storage="/home/runner/work/aspnetcore/aspnetcore/artifacts/bin/microsoft.aspnetcore.components.tests/debug/net10.0/microsoft.aspnetcore.components.tests.dll" id="daf2b54e-d30b-d6e1-7014-f6cdfd81b7b0">
      <Execution id="0f2a2eeb-76fe-4aa6-96f9-71a64b4be28e" />
      <TestMethod codeBase="/home/runner/work/aspnetcore/aspnetcore/artifacts/bin/Microsoft.AspNetCore.Components.Tests/Debug/net10.0/Microsoft.AspNetCore.Components.Tests.dll" adapterTypeName="executor://xunit/VsTestRunner3/netcore/" className="Microsoft.AspNetCore.Components.Routing.QueryParameterValueSupplierTest" name="RejectsUnparseableValues" />
    </UnitTest>
    <UnitTest name="Microsoft.AspNetCore.Components.Routing.QueryParameterValueSupplierTest.RejectsUnparseableValues(key: &quot;IntVal&quot;, value: &quot;5000000000&quot;, targetType: typeof(int))" storage="/home/runner/work/aspnetcore/aspnetcore/artifacts/bin/microsoft.aspnetcore.components.tests/debug/net10.0/microsoft.aspnetcore.components.tests.dll" id="53f44629-fbd7-6f80-e2b4-f1d092aa221c">
      <Execution id="d5f452e2-a8f8-43f1-8fb2-f73e37d81c9b" />
      <TestMethod codeBase="/home/runner/work/aspnetcore/aspnetcore/artifacts/bin/Microsoft.AspNetCore.Components.Tests/Debug/net10.0/Microsoft.AspNetCore.Components.Tests.dll" adapterTypeName="executor://xunit/VsTestRunner3/netcore/" className="Microsoft.AspNetCore.Components.Routing.QueryParameterValueSupplierTest" name="RejectsUnparseableValues" />
    </UnitTest>
    <UnitTest name="Microsoft.AspNetCore.Components.CascadingParameterStateTest.FindCascadingParameters_IfHasNoParameters_ReturnsEmpty" storage="/home/runner/work/aspnetcore/aspnetcore/artifacts/bin/microsoft.aspnetcore.components.tests/debug/net10.0/microsoft.aspnetcore.components.tests.dll" id="734f9863-940c-6f02-4bab-fe88b38a76bc">
      <Execution id="346fc274-92aa-4e92-92e0-aa9d3c7bb52e" />
      <TestMethod codeBase="/home/runner/work/aspnetcore/aspnetcore/artifacts/bin/Microsoft.AspNetCore.Components.Tests/Debug/net10.0/Microsoft.AspNetCore.Components.Tests.dll" adapterTypeName="executor://xunit/VsTestRunner3/netcore/" className="Microsoft.AspNetCore.Components.CascadingParameterStateTest" name="FindCascadingParameters_IfHasNoParameters_ReturnsEmpty" />
    </UnitTest>
    <UnitTest name="Microsoft.AspNetCore.Components.Test.RendererTest.CanReRenderNestedComponents" storage="/home/runner/work/aspnetcore/aspnetcore/artifacts/bin/microsoft.aspnetcore.components.tests/debug/net10.0/microsoft.aspnetcore.components.tests.dll" id="8e4376ef-b57b-86ef-3cda-751524f60597">
      <Execution id="a6607eea-aefb-47d4-aad7-130915de6b92" />
      <TestMethod codeBase="/home/runner/work/aspnetcore/aspnetcore/artifacts/bin/Microsoft.AspNetCore.Components.Tests/Debug/net10.0/Microsoft.AspNetCore.Components.Tests.dll" adapterTypeName="executor://xunit/VsTestRunner3/netcore/" className="Microsoft.AspNetCore.Components.Test.RendererTest" name="CanReRenderNestedComponents" />
    </UnitTest>
    <UnitTest name="Microsoft.AspNetCore.Components.Test.RendererTest.WhenRendererIsDisposed_ComponentRenderRequestsAreSkipped" storage="/home/runner/work/aspnetcore/aspnetcore/artifacts/bin/microsoft.aspnetcore.components.tests/debug/net10.0/microsoft.aspnetcore.components.tests.dll" id="6d02614c-cec9-5583-bb32-266d0999f988">
      <Execution id="ed730cfc-11eb-4b52-b9de-ad245a76e830" />
      <TestMethod codeBase="/home/runner/work/aspnetcore/aspnetcore/artifacts/bin/Microsoft.AspNetCore.Components.Tests/Debug/net10.0/Microsoft.AspNetCore.Components.Tests.dll" adapterTypeName="executor://xunit/VsTestRunner3/netcore/" className="Microsoft.AspNetCore.Components.Test.RendererTest" name="WhenRendererIsDisposed_ComponentRenderRequestsAreSkipped" />
    </UnitTest>
    <UnitTest name="Microsoft.AspNetCore.Components.EventCallbackFactoryBinderExtensionsTest.CreateBinder_NullableDouble" storage="/home/runner/work/aspnetcore/aspnetcore/artifacts/bin/microsoft.aspnetcore.components.tests/debug/net10.0/microsoft.aspnetcore.components.tests.dll" id="031d0fd0-f8b2-5e1c-4482-86c9b8e73d65">
      <Execution id="b79aa275-c191-44c2-ada1-826c7c677b88" />
      <TestMethod codeBase="/home/runner/work/aspnetcore/aspnetcore/artifacts/bin/Microsoft.AspNetCore.Components.Tests/Debug/net10.0/Microsoft.AspNetCore.Components.Tests.dll" adapterTypeName="executor://xunit/VsTestRunner3/netcore/" className="Microsoft.AspNetCore.Components.EventCallbackFactoryBinderExtensionsTest" name="CreateBinder_NullableDouble" />
    </UnitTest>
    <UnitTest name="Microsoft.AspNetCore.Components.Routing.RouteKeyTest.RouteKey_DefaultAgainstNonDefault" storage="/home/runner/work/aspnetcore/aspnetcore/artifacts/bin/microsoft.aspnetcore.components.tests/debug/net10.0/microsoft.aspnetcore.components.tests.dll" id="5e30622e-f9d7-e795-9a51-3d6697054200">
      <Execution id="fcead164-3f99-4412-81c1-228410068965" />
      <TestMethod codeBase="/home/runner/work/aspnetcore/aspnetcore/artifacts/bin/Microsoft.AspNetCore.Components.Tests/Debug/net10.0/Microsoft.AspNetCore.Components.Tests.dll" adapterTypeName="executor://xunit/VsTestRunner3/netcore/" className="Microsoft.AspNetCore.Components.Routing.RouteKeyTest" name="RouteKey_DefaultAgainstNonDefault" />
    </UnitTest>
    <UnitTest name="Microsoft.AspNetCore.Components.Routing.RouteTableFactoryTests.MultipleOptionalParameters(path: &quot;/&quot;, segments: 0)" storage="/home/runner/work/aspnetcore/aspnetcore/artifacts/bin/microsoft.aspnetcore.components.tests/debug/net10.0/microsoft.aspnetcore.components.tests.dll" id="ad6b6ed2-be61-6eba-3ee9-cc5d8ec2fc87">
      <Execution id="6f3fc155-2095-4f34-be10-bf3afd735991" />
      <TestMethod codeBase="/home/runner/work/aspnetcore/aspnetcore/artifacts/bin/Microsoft.AspNetCore.Components.Tests/Debug/net10.0/Microsoft.AspNetCore.Components.Tests.dll" adapterTypeName="executor://xunit/VsTestRunner3/netcore/" className="Microsoft.AspNetCore.Components.Routing.RouteTableFactoryTests" name="MultipleOptionalParameters" />
    </UnitTest>
    <UnitTest name="Microsoft.AspNetCore.Components.Rendering.RenderTreeBuilderTest.IgnoresNullElementKey" storage="/home/runner/work/aspnetcore/aspnetcore/artifacts/bin/microsoft.aspnetcore.components.tests/debug/net10.0/microsoft.aspnetcore.components.tests.dll" id="8482b377-00a0-4ea8-3f72-6eb94a495858">
      <Execution id="7edd15ff-8cd2-444c-9425-68908d4802b5" />
      <TestMethod codeBase="/home/runner/work/aspnetcore/aspnetcore/artifacts/bin/Microsoft.AspNetCore.Components.Tests/Debug/net10.0/Microsoft.AspNetCore.Components.Tests.dll" adapterTypeName="executor://xunit/VsTestRunner3/netcore/" className="Microsoft.AspNetCore.Components.Rendering.RenderTreeBuilderTest" name="IgnoresNullElementKey" />
    </UnitTest>
    <UnitTest name="Microsoft.AspNetCore.Components.ParameterViewTest.IncomingCascadingValueMatchesParameterThatIsBothCascadingAndNonCascading_Works" storage="/home/runner/work/aspnetcore/aspnetcore/artifacts/bin/microsoft.aspnetcore.components.tests/debug/net10.0/microsoft.aspnetcore.components.tests.dll" id="b8aa6190-ac38-078a-59c3-02a925616ede">
      <Execution id="45f66bcd-2e19-4017-8e45-3c942cf7fe59" />
      <TestMethod codeBase="/home/runner/work/aspnetcore/aspnetcore/artifacts/bin/Microsoft.AspNetCore.Components.Tests/Debug/net10.0/Microsoft.AspNetCore.Components.Tests.dll" adapterTypeName="executor://xunit/VsTestRunner3/netcore/" className="Microsoft.AspNetCore.Components.ParameterViewTest" name="IncomingCascadingValueMatchesParameterThatIsBothCascadingAndNonCascading_Works" />
    </UnitTest>
    <UnitTest name="Microsoft.AspNetCore.Components.Test.RenderTreeDiffBuilderTest.RecognizesKeyedElementDeletions" storage="/home/runner/work/aspnetcore/aspnetcore/artifacts/bin/microsoft.aspnetcore.components.tests/debug/net10.0/microsoft.aspnetcore.components.tests.dll" id="44e414ab-403a-b228-d779-01d5c572e556">
      <Execution id="4cb54a60-8d97-4fb5-a5c9-6dca0c3e4c3c" />
      <TestMethod codeBase="/home/runner/work/aspnetcore/aspnetcore/artifacts/bin/Microsoft.AspNetCore.Components.Tests/Debug/net10.0/Microsoft.AspNetCore.Components.Tests.dll" adapterTypeName="executor://xunit/VsTestRunner3/netcore/" className="Microsoft.AspNetCore.Components.Test.RenderTreeDiffBuilderTest" name="RecognizesKeyedElementDeletions" />
    </UnitTest>
    <UnitTest name="Microsoft.AspNetCore.Components.Rendering.RenderTreeBuilderTest.AcceptsClosedFramesAsValid" storage="/home/runner/work/aspnetcore/aspnetcore/artifacts/bin/microsoft.aspnetcore.components.tests/debug/net10.0/microsoft.aspnetcore.components.tests.dll" id="c0a799d8-5826-b968-4341-7c02b523342d">
      <Execution id="69ac2245-15d2-4b03-b16d-4ade1accf5fb" />
      <TestMethod codeBase="/home/runner/work/aspnetcore/aspnetcore/artifacts/bin/Microsoft.AspNetCore.Components.Tests/Debug/net10.0/Microsoft.AspNetCore.Components.Tests.dll" adapterTypeName="executor://xunit/VsTestRunner3/netcore/" className="Microsoft.AspNetCore.Components.Rendering.RenderTreeBuilderTest" name="AcceptsClosedFramesAsValid" />
    </UnitTest>
    <UnitTest name="Microsoft.AspNetCore.Components.Test.RendererTest.CannotAccessParameterViewAfterSynchronousReturn" storage="/home/runner/work/aspnetcore/aspnetcore/artifacts/bin/microsoft.aspnetcore.components.tests/debug/net10.0/microsoft.aspnetcore.components.tests.dll" id="1094b05a-c72e-1463-9b80-0a4701a83541">
      <Execution id="3bd341f9-9ce9-4e6f-ba57-ee91144f7b1d" />
      <TestMethod codeBase="/home/runner/work/aspnetcore/aspnetcore/artifacts/bin/Microsoft.AspNetCore.Components.Tests/Debug/net10.0/Microsoft.AspNetCore.Components.Tests.dll" adapterTypeName="executor://xunit/VsTestRunner3/netcore/" className="Microsoft.AspNetCore.Components.Test.RendererTest" name="CannotAccessParameterViewAfterSynchronousReturn" />
    </UnitTest>
    <UnitTest name="Microsoft.AspNetCore.Components.ParameterViewTest.IncomingParameterMatchesPropertyNotDeclaredAsParameter_Throws" storage="/home/runner/work/aspnetcore/aspnetcore/artifacts/bin/microsoft.aspnetcore.components.tests/debug/net10.0/microsoft.aspnetcore.components.tests.dll" id="3eaa411e-2e30-6c5c-3ceb-1535b3784fdf">
      <Execution id="fed022a2-2679-4ccc-89f7-67bbdcc73dae" />
      <TestMethod codeBase="/home/runner/work/aspnetcore/aspnetcore/artifacts/bin/Microsoft.AspNetCore.Components.Tests/Debug/net10.0/Microsoft.AspNetCore.Components.Tests.dll" adapterTypeName="executor://xunit/VsTestRunner3/netcore/" className="Microsoft.AspNetCore.Components.ParameterViewTest" name="IncomingParameterMatchesPropertyNotDeclaredAsParameter_Throws" />
    </UnitTest>
    <UnitTest name="Microsoft.AspNetCore.Components.Routing.RouteTableFactoryTests.ProducesAStableOrderForNonAmbiguousRoutes" storage="/home/runner/work/aspnetcore/aspnetcore/artifacts/bin/microsoft.aspnetcore.components.tests/debug/net10.0/microsoft.aspnetcore.components.tests.dll" id="853dfa14-b552-e552-161d-83c5bd6239d4">
      <Execution id="d6042e69-65e4-4a12-9e22-2e66bd8931fa" />
      <TestMethod codeBase="/home/runner/work/aspnetcore/aspnetcore/artifacts/bin/Microsoft.AspNetCore.Components.Tests/Debug/net10.0/Microsoft.AspNetCore.Components.Tests.dll" adapterTypeName="executor://xunit/VsTestRunner3/netcore/" className="Microsoft.AspNetCore.Components.Routing.RouteTableFactoryTests" name="ProducesAStableOrderForNonAmbiguousRoutes" />
    </UnitTest>
    <UnitTest name="Microsoft.AspNetCore.Components.Rendering.RendererSynchronizationContextTest.InvokeAsync_FuncTask_CanReportCancellation" storage="/home/runner/work/aspnetcore/aspnetcore/artifacts/bin/microsoft.aspnetcore.components.tests/debug/net10.0/microsoft.aspnetcore.components.tests.dll" id="65cfcda5-99bb-d8e0-6d73-26d319d71a90">
      <Execution id="14481dfa-0526-4bc1-8b46-868be626f206" />
      <TestMethod codeBase="/home/runner/work/aspnetcore/aspnetcore/artifacts/bin/Microsoft.AspNetCore.Components.Tests/Debug/net10.0/Microsoft.AspNetCore.Components.Tests.dll" adapterTypeName="executor://xunit/VsTestRunner3/netcore/" className="Microsoft.AspNetCore.Components.Rendering.RendererSynchronizationContextTest" name="InvokeAsync_FuncTask_CanReportCancellation" />
    </UnitTest>
    <UnitTest name="Microsoft.AspNetCore.Components.Test.RenderTreeDiffBuilderTest.RetainsChildComponentsForExistingFrames" storage="/home/runner/work/aspnetcore/aspnetcore/artifacts/bin/microsoft.aspnetcore.components.tests/debug/net10.0/microsoft.aspnetcore.components.tests.dll" id="6dcb3b51-98c4-1b8d-3c1e-b4bc3b6aed8a">
      <Execution id="9245a3a6-6d4c-46ab-a0c2-6849bec59953" />
      <TestMethod codeBase="/home/runner/work/aspnetcore/aspnetcore/artifacts/bin/Microsoft.AspNetCore.Components.Tests/Debug/net10.0/Microsoft.AspNetCore.Components.Tests.dll" adapterTypeName="executor://xunit/VsTestRunner3/netcore/" className="Microsoft.AspNetCore.Components.Test.RenderTreeDiffBuilderTest" name="RetainsChildComponentsForExistingFrames" />
    </UnitTest>
    <UnitTest name="Microsoft.AspNetCore.Components.Test.RendererTest.PreservesChildComponentInstancesWithNoAttributes" storage="/home/runner/work/aspnetcore/aspnetcore/artifacts/bin/microsoft.aspnetcore.components.tests/debug/net10.0/microsoft.aspnetcore.components.tests.dll" id="8c255e8a-9be7-62b5-6cf0-b53daa657b4c">
      <Execution id="b5b57bac-561b-4535-954f-dc2a093cea73" />
      <TestMethod codeBase="/home/runner/work/aspnetcore/aspnetcore/artifacts/bin/Microsoft.AspNetCore.Components.Tests/Debug/net10.0/Microsoft.AspNetCore.Components.Tests.dll" adapterTypeName="executor://xunit/VsTestRunner3/netcore/" className="Microsoft.AspNetCore.Components.Test.RendererTest" name="PreservesChildComponentInstancesWithNoAttributes" />
    </UnitTest>
    <UnitTest name="Microsoft.AspNetCore.Components.ComponentStatePersistenceManagerTest.PersistStateAsync_ContinuesInvokingPauseCallbacksDuringPersistIfACallbackThrows" storage="/home/runner/work/aspnetcore/aspnetcore/artifacts/bin/microsoft.aspnetcore.components.tests/debug/net10.0/microsoft.aspnetcore.components.tests.dll" id="7cc66c2f-1389-fe70-0939-361d757d3492">
      <Execution id="d8b4a61e-1a01-4683-9063-a2682b6050a8" />
      <TestMethod codeBase="/home/runner/work/aspnetcore/aspnetcore/artifacts/bin/Microsoft.AspNetCore.Components.Tests/Debug/net10.0/Microsoft.AspNetCore.Components.Tests.dll" adapterTypeName="executor://xunit/VsTestRunner3/netcore/" className="Microsoft.AspNetCore.Components.ComponentStatePersistenceManagerTest" name="PersistStateAsync_ContinuesInvokingPauseCallbacksDuringPersistIfACallbackThrows" />
    </UnitTest>
    <UnitTest name="Microsoft.AspNetCore.Components.Test.RendererTest.DispatchEventAsync_EventCallback_AsynchronousCancellation" storage="/home/runner/work/aspnetcore/aspnetcore/artifacts/bin/microsoft.aspnetcore.components.tests/debug/net10.0/microsoft.aspnetcore.components.tests.dll" id="07425356-3fde-058a-6d9d-00d12485716f">
      <Execution id="af330c9a-f57b-49b1-b907-3c196602bb93" />
      <TestMethod codeBase="/home/runner/work/aspnetcore/aspnetcore/artifacts/bin/Microsoft.AspNetCore.Components.Tests/Debug/net10.0/Microsoft.AspNetCore.Components.Tests.dll" adapterTypeName="executor://xunit/VsTestRunner3/netcore/" className="Microsoft.AspNetCore.Components.Test.RendererTest" name="DispatchEventAsync_EventCallback_AsynchronousCancellation" />
    </UnitTest>
    <UnitTest name="Microsoft.AspNetCore.Components.Routing.RouteTableFactoryTests.CanCacheRouteTable" storage="/home/runner/work/aspnetcore/aspnetcore/artifacts/bin/microsoft.aspnetcore.components.tests/debug/net10.0/microsoft.aspnetcore.components.tests.dll" id="423f9afa-c05a-5d5f-21f6-0f8e6db246cc">
      <Execution id="69acee5d-37f5-4e40-85b4-5f3332579362" />
      <TestMethod codeBase="/home/runner/work/aspnetcore/aspnetcore/artifacts/bin/Microsoft.AspNetCore.Components.Tests/Debug/net10.0/Microsoft.AspNetCore.Components.Tests.dll" adapterTypeName="executor://xunit/VsTestRunner3/netcore/" className="Microsoft.AspNetCore.Components.Routing.RouteTableFactoryTests" name="CanCacheRouteTable" />
    </UnitTest>
    <UnitTest name="Microsoft.AspNetCore.Components.ComponentFactoryTest.InstantiateComponent_AssignsPropertiesWithInjectAttributeOnBaseType" storage="/home/runner/work/aspnetcore/aspnetcore/artifacts/bin/microsoft.aspnetcore.components.tests/debug/net10.0/microsoft.aspnetcore.components.tests.dll" id="5adae277-ec5c-7242-22db-278f9a54cb4f">
      <Execution id="06685646-8380-421f-8af9-a80e651b3cb4" />
      <TestMethod codeBase="/home/runner/work/aspnetcore/aspnetcore/artifacts/bin/Microsoft.AspNetCore.Components.Tests/Debug/net10.0/Microsoft.AspNetCore.Components.Tests.dll" adapterTypeName="executor://xunit/VsTestRunner3/netcore/" className="Microsoft.AspNetCore.Components.ComponentFactoryTest" name="InstantiateComponent_AssignsPropertiesWithInjectAttributeOnBaseType" />
    </UnitTest>
    <UnitTest name="Microsoft.AspNetCore.Components.Test.CascadingParameterTest.CanHaveManySubscribers(numSubscribers: 63)" storage="/home/runner/work/aspnetcore/aspnetcore/artifacts/bin/microsoft.aspnetcore.components.tests/debug/net10.0/microsoft.aspnetcore.components.tests.dll" id="f6a999f9-f352-34fb-0fa9-9f15dd428a27">
      <Execution id="4176de41-f178-4e0d-b356-ae873ac7870a" />
      <TestMethod codeBase="/home/runner/work/aspnetcore/aspnetcore/artifacts/bin/Microsoft.AspNetCore.Components.Tests/Debug/net10.0/Microsoft.AspNetCore.Components.Tests.dll" adapterTypeName="executor://xunit/VsTestRunner3/netcore/" className="Microsoft.AspNetCore.Components.Test.CascadingParameterTest" name="CanHaveManySubscribers" />
    </UnitTest>
    <UnitTest name="Microsoft.AspNetCore.Components.Routing.RouteTableFactoryTests.IgnoresIdenticalTypes" storage="/home/runner/work/aspnetcore/aspnetcore/artifacts/bin/microsoft.aspnetcore.components.tests/debug/net10.0/microsoft.aspnetcore.components.tests.dll" id="e56e0359-2305-d945-ce6d-0ae846957140">
      <Execution id="5040da97-f78f-4d27-8e87-a878c8b83ed8" />
      <TestMethod codeBase="/home/runner/work/aspnetcore/aspnetcore/artifacts/bin/Microsoft.AspNetCore.Components.Tests/Debug/net10.0/Microsoft.AspNetCore.Components.Tests.dll" adapterTypeName="executor://xunit/VsTestRunner3/netcore/" className="Microsoft.AspNetCore.Components.Routing.RouteTableFactoryTests" name="IgnoresIdenticalTypes" />
    </UnitTest>
    <UnitTest name="Microsoft.AspNetCore.Components.Test.RenderTreeDiffBuilderTest.PreservesIdsOnRetainedElementReferenceCaptures" storage="/home/runner/work/aspnetcore/aspnetcore/artifacts/bin/microsoft.aspnetcore.components.tests/debug/net10.0/microsoft.aspnetcore.components.tests.dll" id="70e076bf-2766-bdd3-83dc-52a251517bb2">
      <Execution id="383a2339-4084-4a80-a08e-4d7ede2970bc" />
      <TestMethod codeBase="/home/runner/work/aspnetcore/aspnetcore/artifacts/bin/Microsoft.AspNetCore.Components.Tests/Debug/net10.0/Microsoft.AspNetCore.Components.Tests.dll" adapterTypeName="executor://xunit/VsTestRunner3/netcore/" className="Microsoft.AspNetCore.Components.Test.RenderTreeDiffBuilderTest" name="PreservesIdsOnRetainedElementReferenceCaptures" />
    </UnitTest>
    <UnitTest name="Microsoft.AspNetCore.Components.NavigationManagerTest.GetUriWithQueryParameter_AppendsWhenParameterDoesNotExist(baseUri: &quot;scheme://host/?&quot;, expectedUri: &quot;scheme://host/?name=John%20Doe&quot;)" storage="/home/runner/work/aspnetcore/aspnetcore/artifacts/bin/microsoft.aspnetcore.components.tests/debug/net10.0/microsoft.aspnetcore.components.tests.dll" id="ebbd48e3-e772-1518-0903-28121c43749b">
      <Execution id="0ed3d8e1-2532-4827-97b5-f4b5559a9b1b" />
      <TestMethod codeBase="/home/runner/work/aspnetcore/aspnetcore/artifacts/bin/Microsoft.AspNetCore.Components.Tests/Debug/net10.0/Microsoft.AspNetCore.Components.Tests.dll" adapterTypeName="executor://xunit/VsTestRunner3/netcore/" className="Microsoft.AspNetCore.Components.NavigationManagerTest" name="GetUriWithQueryParameter_AppendsWhenParameterDoesNotExist" />
    </UnitTest>
    <UnitTest name="Microsoft.AspNetCore.Components.Test.RendererTest.ComponentsCanBeAssociatedWithMultipleRenderers" storage="/home/runner/work/aspnetcore/aspnetcore/artifacts/bin/microsoft.aspnetcore.components.tests/debug/net10.0/microsoft.aspnetcore.components.tests.dll" id="4ce7167a-79f4-919c-bb47-9794f52f4f6b">
      <Execution id="9599a26f-018e-44c2-a901-80693676ab97" />
      <TestMethod codeBase="/home/runner/work/aspnetcore/aspnetcore/artifacts/bin/Microsoft.AspNetCore.Components.Tests/Debug/net10.0/Microsoft.AspNetCore.Components.Tests.dll" adapterTypeName="executor://xunit/VsTestRunner3/netcore/" className="Microsoft.AspNetCore.Components.Test.RendererTest" name="ComponentsCanBeAssociatedWithMultipleRenderers" />
    </UnitTest>
    <UnitTest name="Microsoft.AspNetCore.Components.NavigationManagerTest.LocationChangingHandlers_AreCanceledBySuccessiveNavigations_WhenMultipleHandlersAreRegistered" storage="/home/runner/work/aspnetcore/aspnetcore/artifacts/bin/microsoft.aspnetcore.components.tests/debug/net10.0/microsoft.aspnetcore.components.tests.dll" id="ebfc03d2-499c-1b10-ff46-55e56ed1053c">
      <Execution id="7fcc53c8-1564-4ab4-89bd-b5fde779a843" />
      <TestMethod codeBase="/home/runner/work/aspnetcore/aspnetcore/artifacts/bin/Microsoft.AspNetCore.Components.Tests/Debug/net10.0/Microsoft.AspNetCore.Components.Tests.dll" adapterTypeName="executor://xunit/VsTestRunner3/netcore/" className="Microsoft.AspNetCore.Components.NavigationManagerTest" name="LocationChangingHandlers_AreCanceledBySuccessiveNavigations_WhenMultipleHandlersAreRegistered" />
    </UnitTest>
    <UnitTest name="AlwaysTestTests.SuccessfulTests.GuaranteedQuarantinedTest" storage="/home/runner/work/aspnetcore/aspnetcore/artifacts/bin/microsoft.aspnetcore.components.tests/debug/net10.0/microsoft.aspnetcore.components.tests.dll" id="b2269b89-0bb6-2e61-6341-5af4efbde415">
      <Execution id="2bd8b840-bf58-4bda-b064-72aef1cfc158" />
      <TestMethod codeBase="/home/runner/work/aspnetcore/aspnetcore/artifacts/bin/Microsoft.AspNetCore.Components.Tests/Debug/net10.0/Microsoft.AspNetCore.Components.Tests.dll" adapterTypeName="executor://xunit/VsTestRunner3/netcore/" className="AlwaysTestTests.SuccessfulTests" name="GuaranteedQuarantinedTest" />
    </UnitTest>
    <UnitTest name="Microsoft.AspNetCore.Components.Routing.RouteTableFactoryTests.OptionalParameterPlusCatchAllRoute(template: &quot;prefix/{parameter?}/{*catchAll}&quot;, path: &quot;/prefix/value/1/2/3/4/5&quot;, parameterValue: &quot;value&quot;, catchAllValue: &quot;1/2/3/4/5&quot;)" storage="/home/runner/work/aspnetcore/aspnetcore/artifacts/bin/microsoft.aspnetcore.components.tests/debug/net10.0/microsoft.aspnetcore.components.tests.dll" id="d0a990d1-0d36-df2e-10b3-4a1dd8cefbda">
      <Execution id="f9492fce-4a11-4d74-8828-6012fd7f32e9" />
      <TestMethod codeBase="/home/runner/work/aspnetcore/aspnetcore/artifacts/bin/Microsoft.AspNetCore.Components.Tests/Debug/net10.0/Microsoft.AspNetCore.Components.Tests.dll" adapterTypeName="executor://xunit/VsTestRunner3/netcore/" className="Microsoft.AspNetCore.Components.Routing.RouteTableFactoryTests" name="OptionalParameterPlusCatchAllRoute" />
    </UnitTest>
    <UnitTest name="Microsoft.AspNetCore.Components.RenderTree.StackObjectPoolTest.CanReturnInstances" storage="/home/runner/work/aspnetcore/aspnetcore/artifacts/bin/microsoft.aspnetcore.components.tests/debug/net10.0/microsoft.aspnetcore.components.tests.dll" id="40b0e75f-9565-2fa4-a311-34c27eab4a03">
      <Execution id="49451756-eec4-4863-94fa-178dee310b83" />
      <TestMethod codeBase="/home/runner/work/aspnetcore/aspnetcore/artifacts/bin/Microsoft.AspNetCore.Components.Tests/Debug/net10.0/Microsoft.AspNetCore.Components.Tests.dll" adapterTypeName="executor://xunit/VsTestRunner3/netcore/" className="Microsoft.AspNetCore.Components.RenderTree.StackObjectPoolTest" name="CanReturnInstances" />
    </UnitTest>
    <UnitTest name="Microsoft.AspNetCore.Components.Rendering.RenderTreeBuilderTest.CanAddMarkup" storage="/home/runner/work/aspnetcore/aspnetcore/artifacts/bin/microsoft.aspnetcore.components.tests/debug/net10.0/microsoft.aspnetcore.components.tests.dll" id="ee2eff19-a4f6-77ed-5f14-b80ab30eba9b">
      <Execution id="aacb56c4-aacb-4ceb-afb2-b8d3930a147f" />
      <TestMethod codeBase="/home/runner/work/aspnetcore/aspnetcore/artifacts/bin/Microsoft.AspNetCore.Components.Tests/Debug/net10.0/Microsoft.AspNetCore.Components.Tests.dll" adapterTypeName="executor://xunit/VsTestRunner3/netcore/" className="Microsoft.AspNetCore.Components.Rendering.RenderTreeBuilderTest" name="CanAddMarkup" />
    </UnitTest>
    <UnitTest name="Microsoft.AspNetCore.Components.Routing.RouteTableFactoryTests.DoesNotThrowForNonAmbiguousRoutes(first: &quot;{*catchAll}&quot;, second: &quot;{optional?}&quot;)" storage="/home/runner/work/aspnetcore/aspnetcore/artifacts/bin/microsoft.aspnetcore.components.tests/debug/net10.0/microsoft.aspnetcore.components.tests.dll" id="df22ee67-fe35-3b38-4b54-4df7d29979ff">
      <Execution id="7db1c437-757d-4a17-9f83-a189ae13a339" />
      <TestMethod codeBase="/home/runner/work/aspnetcore/aspnetcore/artifacts/bin/Microsoft.AspNetCore.Components.Tests/Debug/net10.0/Microsoft.AspNetCore.Components.Tests.dll" adapterTypeName="executor://xunit/VsTestRunner3/netcore/" className="Microsoft.AspNetCore.Components.Routing.RouteTableFactoryTests" name="DoesNotThrowForNonAmbiguousRoutes" />
    </UnitTest>
    <UnitTest name="Microsoft.AspNetCore.Components.BindConverterTest.TryConvertTo_Guid_Invalid(incomingValue: null)" storage="/home/runner/work/aspnetcore/aspnetcore/artifacts/bin/microsoft.aspnetcore.components.tests/debug/net10.0/microsoft.aspnetcore.components.tests.dll" id="b9ee6c48-2df3-ca00-0e3d-ce63ba3738f9">
      <Execution id="9be83ef0-d9f5-4f86-88aa-ee48d5563f68" />
      <TestMethod codeBase="/home/runner/work/aspnetcore/aspnetcore/artifacts/bin/Microsoft.AspNetCore.Components.Tests/Debug/net10.0/Microsoft.AspNetCore.Components.Tests.dll" adapterTypeName="executor://xunit/VsTestRunner3/netcore/" className="Microsoft.AspNetCore.Components.BindConverterTest" name="TryConvertTo_Guid_Invalid" />
    </UnitTest>
    <UnitTest name="Microsoft.AspNetCore.Components.EventCallbackTest.EventCallbackOf_Equals_WhenANewDelegateIsCreated" storage="/home/runner/work/aspnetcore/aspnetcore/artifacts/bin/microsoft.aspnetcore.components.tests/debug/net10.0/microsoft.aspnetcore.components.tests.dll" id="9638fdd5-3d71-527f-bc37-d7b1340bcf44">
      <Execution id="35347e5e-cd1f-44f4-ac53-8d6ec38cffd0" />
      <TestMethod codeBase="/home/runner/work/aspnetcore/aspnetcore/artifacts/bin/Microsoft.AspNetCore.Components.Tests/Debug/net10.0/Microsoft.AspNetCore.Components.Tests.dll" adapterTypeName="executor://xunit/VsTestRunner3/netcore/" className="Microsoft.AspNetCore.Components.EventCallbackTest" name="EventCallbackOf_Equals_WhenANewDelegateIsCreated" />
    </UnitTest>
    <UnitTest name="Microsoft.AspNetCore.Components.Rendering.RenderTreeBuilderTest.CanAddRegions" storage="/home/runner/work/aspnetcore/aspnetcore/artifacts/bin/microsoft.aspnetcore.components.tests/debug/net10.0/microsoft.aspnetcore.components.tests.dll" id="c11563d1-2be0-0ad9-4361-0977edde7b30">
      <Execution id="d54072a7-8a7e-4c15-930d-4c283ed136b4" />
      <TestMethod codeBase="/home/runner/work/aspnetcore/aspnetcore/artifacts/bin/Microsoft.AspNetCore.Components.Tests/Debug/net10.0/Microsoft.AspNetCore.Components.Tests.dll" adapterTypeName="executor://xunit/VsTestRunner3/netcore/" className="Microsoft.AspNetCore.Components.Rendering.RenderTreeBuilderTest" name="CanAddRegions" />
    </UnitTest>
    <UnitTest name="Microsoft.AspNetCore.Components.ParameterViewTest.DeclaredParameterClashesWithInheritedParameter_Throws" storage="/home/runner/work/aspnetcore/aspnetcore/artifacts/bin/microsoft.aspnetcore.components.tests/debug/net10.0/microsoft.aspnetcore.components.tests.dll" id="1c907111-d455-c840-0d07-587e7beaf1de">
      <Execution id="da7c18f7-0573-4325-a8b2-85b9a96c3824" />
      <TestMethod codeBase="/home/runner/work/aspnetcore/aspnetcore/artifacts/bin/Microsoft.AspNetCore.Components.Tests/Debug/net10.0/Microsoft.AspNetCore.Components.Tests.dll" adapterTypeName="executor://xunit/VsTestRunner3/netcore/" className="Microsoft.AspNetCore.Components.ParameterViewTest" name="DeclaredParameterClashesWithInheritedParameter_Throws" />
    </UnitTest>
    <UnitTest name="Microsoft.AspNetCore.Components.ParameterViewTest.SettingCaptureUnmatchedValuesParameterExplicitlyAndImplicitly_Throws" storage="/home/runner/work/aspnetcore/aspnetcore/artifacts/bin/microsoft.aspnetcore.components.tests/debug/net10.0/microsoft.aspnetcore.components.tests.dll" id="39a23e01-ef3e-5aed-b416-4f5e71ddf4c5">
      <Execution id="41526c3d-668e-4cc5-bb16-70e64302c524" />
      <TestMethod codeBase="/home/runner/work/aspnetcore/aspnetcore/artifacts/bin/Microsoft.AspNetCore.Components.Tests/Debug/net10.0/Microsoft.AspNetCore.Components.Tests.dll" adapterTypeName="executor://xunit/VsTestRunner3/netcore/" className="Microsoft.AspNetCore.Components.ParameterViewTest" name="SettingCaptureUnmatchedValuesParameterExplicitlyAndImplicitly_Throws" />
    </UnitTest>
    <UnitTest name="Microsoft.AspNetCore.Components.ComponentsMetricsTest.Constructor_CreatesMetersCorrectly" storage="/home/runner/work/aspnetcore/aspnetcore/artifacts/bin/microsoft.aspnetcore.components.tests/debug/net10.0/microsoft.aspnetcore.components.tests.dll" id="1a1aed9b-aef6-582d-60b1-f14cc20bf88a">
      <Execution id="6837f414-6f65-43d4-a75b-c1b7df655ceb" />
      <TestMethod codeBase="/home/runner/work/aspnetcore/aspnetcore/artifacts/bin/Microsoft.AspNetCore.Components.Tests/Debug/net10.0/Microsoft.AspNetCore.Components.Tests.dll" adapterTypeName="executor://xunit/VsTestRunner3/netcore/" className="Microsoft.AspNetCore.Components.ComponentsMetricsTest" name="Constructor_CreatesMetersCorrectly" />
    </UnitTest>
    <UnitTest name="Microsoft.AspNetCore.Components.ParameterViewTest.EnumerationStopsAtEndOfOwnerAttributes" storage="/home/runner/work/aspnetcore/aspnetcore/artifacts/bin/microsoft.aspnetcore.components.tests/debug/net10.0/microsoft.aspnetcore.components.tests.dll" id="5c0058ef-61f7-4dc0-b1da-7231b9856ad7">
      <Execution id="18483454-e07b-48e5-856d-c7b8979aed29" />
      <TestMethod codeBase="/home/runner/work/aspnetcore/aspnetcore/artifacts/bin/Microsoft.AspNetCore.Components.Tests/Debug/net10.0/Microsoft.AspNetCore.Components.Tests.dll" adapterTypeName="executor://xunit/VsTestRunner3/netcore/" className="Microsoft.AspNetCore.Components.ParameterViewTest" name="EnumerationStopsAtEndOfOwnerAttributes" />
    </UnitTest>
    <UnitTest name="Microsoft.AspNetCore.Components.Test.RendererTest.ReRendersDoesNotReRenderChildComponentWhenUnmatchedValuesDoNotChange" storage="/home/runner/work/aspnetcore/aspnetcore/artifacts/bin/microsoft.aspnetcore.components.tests/debug/net10.0/microsoft.aspnetcore.components.tests.dll" id="751bd0d0-981a-ad0a-aebf-27f11ea2b83e">
      <Execution id="befe4f8b-3178-49bc-b750-988fda981077" />
      <TestMethod codeBase="/home/runner/work/aspnetcore/aspnetcore/artifacts/bin/Microsoft.AspNetCore.Components.Tests/Debug/net10.0/Microsoft.AspNetCore.Components.Tests.dll" adapterTypeName="executor://xunit/VsTestRunner3/netcore/" className="Microsoft.AspNetCore.Components.Test.RendererTest" name="ReRendersDoesNotReRenderChildComponentWhenUnmatchedValuesDoNotChange" />
    </UnitTest>
    <UnitTest name="Microsoft.AspNetCore.Components.Test.ComponentBaseTest.RenderRootComponentAsync_ReportsErrorDuringOnParameterSetAsync" storage="/home/runner/work/aspnetcore/aspnetcore/artifacts/bin/microsoft.aspnetcore.components.tests/debug/net10.0/microsoft.aspnetcore.components.tests.dll" id="a43c6a7d-2b17-4359-3e27-294e9252f9fc">
      <Execution id="cc7243e5-a92f-475c-97cd-64363a7f6e9b" />
      <TestMethod codeBase="/home/runner/work/aspnetcore/aspnetcore/artifacts/bin/Microsoft.AspNetCore.Components.Tests/Debug/net10.0/Microsoft.AspNetCore.Components.Tests.dll" adapterTypeName="executor://xunit/VsTestRunner3/netcore/" className="Microsoft.AspNetCore.Components.Test.ComponentBaseTest" name="RenderRootComponentAsync_ReportsErrorDuringOnParameterSetAsync" />
    </UnitTest>
    <UnitTest name="Microsoft.AspNetCore.Components.ComponentsActivitySourceTest.Constructor_CreatesActivitySourceCorrectly" storage="/home/runner/work/aspnetcore/aspnetcore/artifacts/bin/microsoft.aspnetcore.components.tests/debug/net10.0/microsoft.aspnetcore.components.tests.dll" id="5f92ffc8-636b-989a-07e0-7d959ce6724e">
      <Execution id="aedc91be-71e5-4e24-b60e-105acac128d2" />
      <TestMethod codeBase="/home/runner/work/aspnetcore/aspnetcore/artifacts/bin/Microsoft.AspNetCore.Components.Tests/Debug/net10.0/Microsoft.AspNetCore.Components.Tests.dll" adapterTypeName="executor://xunit/VsTestRunner3/netcore/" className="Microsoft.AspNetCore.Components.ComponentsActivitySourceTest" name="Constructor_CreatesActivitySourceCorrectly" />
    </UnitTest>
    <UnitTest name="Microsoft.AspNetCore.Components.Routing.QueryParameterValueSupplierTest.RejectsUnparseableValues(key: &quot;GuidVal&quot;, value: &quot;123456-789-0&quot;, targetType: typeof(System.Guid))" storage="/home/runner/work/aspnetcore/aspnetcore/artifacts/bin/microsoft.aspnetcore.components.tests/debug/net10.0/microsoft.aspnetcore.components.tests.dll" id="197b697b-0386-3b6a-3e1b-6dce58ce3798">
      <Execution id="dd28374f-f55f-4f08-80a2-e58d9690785f" />
      <TestMethod codeBase="/home/runner/work/aspnetcore/aspnetcore/artifacts/bin/Microsoft.AspNetCore.Components.Tests/Debug/net10.0/Microsoft.AspNetCore.Components.Tests.dll" adapterTypeName="executor://xunit/VsTestRunner3/netcore/" className="Microsoft.AspNetCore.Components.Routing.QueryParameterValueSupplierTest" name="RejectsUnparseableValues" />
    </UnitTest>
    <UnitTest name="Microsoft.AspNetCore.Components.Rendering.RenderTreeBuilderTest.CannotAddAttributeToText" storage="/home/runner/work/aspnetcore/aspnetcore/artifacts/bin/microsoft.aspnetcore.components.tests/debug/net10.0/microsoft.aspnetcore.components.tests.dll" id="3fc5a52c-8846-42f7-3966-356ee186784e">
      <Execution id="905ec4b3-5ec0-44cf-abeb-b968ee1a708e" />
      <TestMethod codeBase="/home/runner/work/aspnetcore/aspnetcore/artifacts/bin/Microsoft.AspNetCore.Components.Tests/Debug/net10.0/Microsoft.AspNetCore.Components.Tests.dll" adapterTypeName="executor://xunit/VsTestRunner3/netcore/" className="Microsoft.AspNetCore.Components.Rendering.RenderTreeBuilderTest" name="CannotAddAttributeToText" />
    </UnitTest>
    <UnitTest name="Microsoft.AspNetCore.Components.CascadingParameterStateTest.FindCascadingParameters_MatchingNameButMismatchingType_ReturnsEmpty" storage="/home/runner/work/aspnetcore/aspnetcore/artifacts/bin/microsoft.aspnetcore.components.tests/debug/net10.0/microsoft.aspnetcore.components.tests.dll" id="a73905fb-778c-6032-c776-99bfe07cbf6b">
      <Execution id="b80c6c93-4252-46bc-a617-efd56603b85e" />
      <TestMethod codeBase="/home/runner/work/aspnetcore/aspnetcore/artifacts/bin/Microsoft.AspNetCore.Components.Tests/Debug/net10.0/Microsoft.AspNetCore.Components.Tests.dll" adapterTypeName="executor://xunit/VsTestRunner3/netcore/" className="Microsoft.AspNetCore.Components.CascadingParameterStateTest" name="FindCascadingParameters_MatchingNameButMismatchingType_ReturnsEmpty" />
    </UnitTest>
    <UnitTest name="Microsoft.AspNetCore.Components.Test.RenderTreeDiffBuilderTest.DiffsElementsHierarchically" storage="/home/runner/work/aspnetcore/aspnetcore/artifacts/bin/microsoft.aspnetcore.components.tests/debug/net10.0/microsoft.aspnetcore.components.tests.dll" id="58fd7f3c-cfd3-8b56-1e4a-aa6a5818b24e">
      <Execution id="cef51a57-c1ea-4f92-bbe0-5fdc0b7e835c" />
      <TestMethod codeBase="/home/runner/work/aspnetcore/aspnetcore/artifacts/bin/Microsoft.AspNetCore.Components.Tests/Debug/net10.0/Microsoft.AspNetCore.Components.Tests.dll" adapterTypeName="executor://xunit/VsTestRunner3/netcore/" className="Microsoft.AspNetCore.Components.Test.RenderTreeDiffBuilderTest" name="DiffsElementsHierarchically" />
    </UnitTest>
    <UnitTest name="Microsoft.AspNetCore.Components.Rendering.RenderTreeBuilderTest.AddAttribute_Element_NullAction_IgnoresFrame" storage="/home/runner/work/aspnetcore/aspnetcore/artifacts/bin/microsoft.aspnetcore.components.tests/debug/net10.0/microsoft.aspnetcore.components.tests.dll" id="bd9d6bfc-12a0-dcd7-3d5c-9eb15f677bf4">
      <Execution id="74db96bb-55a1-4be3-a5de-b40ced8024b3" />
      <TestMethod codeBase="/home/runner/work/aspnetcore/aspnetcore/artifacts/bin/Microsoft.AspNetCore.Components.Tests/Debug/net10.0/Microsoft.AspNetCore.Components.Tests.dll" adapterTypeName="executor://xunit/VsTestRunner3/netcore/" className="Microsoft.AspNetCore.Components.Rendering.RenderTreeBuilderTest" name="AddAttribute_Element_NullAction_IgnoresFrame" />
    </UnitTest>
    <UnitTest name="Microsoft.AspNetCore.Components.RenderTree.StackObjectPoolTest.CannotReturnMismatchingTrackedItem" storage="/home/runner/work/aspnetcore/aspnetcore/artifacts/bin/microsoft.aspnetcore.components.tests/debug/net10.0/microsoft.aspnetcore.components.tests.dll" id="5a8268a4-4752-8999-8cbb-fa75a5459e1c">
      <Execution id="b98ea774-e6ea-4885-988a-27508214350a" />
      <TestMethod codeBase="/home/runner/work/aspnetcore/aspnetcore/artifacts/bin/Microsoft.AspNetCore.Components.Tests/Debug/net10.0/Microsoft.AspNetCore.Components.Tests.dll" adapterTypeName="executor://xunit/VsTestRunner3/netcore/" className="Microsoft.AspNetCore.Components.RenderTree.StackObjectPoolTest" name="CannotReturnMismatchingTrackedItem" />
    </UnitTest>
    <UnitTest name="Microsoft.AspNetCore.Components.Rendering.RendererSynchronizationContextTest.Post_CanRunAsynchronously_CaptureExecutionContext" storage="/home/runner/work/aspnetcore/aspnetcore/artifacts/bin/microsoft.aspnetcore.components.tests/debug/net10.0/microsoft.aspnetcore.components.tests.dll" id="871613c3-73ac-6af9-8fa3-26046d31030f">
      <Execution id="859fcc57-1d41-41ad-a500-e88ffbfe3293" />
      <TestMethod codeBase="/home/runner/work/aspnetcore/aspnetcore/artifacts/bin/Microsoft.AspNetCore.Components.Tests/Debug/net10.0/Microsoft.AspNetCore.Components.Tests.dll" adapterTypeName="executor://xunit/VsTestRunner3/netcore/" className="Microsoft.AspNetCore.Components.Rendering.RendererSynchronizationContextTest" name="Post_CanRunAsynchronously_CaptureExecutionContext" />
    </UnitTest>
    <UnitTest name="Microsoft.AspNetCore.Components.Routing.RouteTableFactoryTests.CanMatchParameterTemplate(path: &quot;/value2/&quot;, expectedValue: &quot;value2&quot;)" storage="/home/runner/work/aspnetcore/aspnetcore/artifacts/bin/microsoft.aspnetcore.components.tests/debug/net10.0/microsoft.aspnetcore.components.tests.dll" id="6beec7e0-e80d-a608-377e-259f10065421">
      <Execution id="3fced5da-ac48-472a-8ffc-866b7da7d036" />
      <TestMethod codeBase="/home/runner/work/aspnetcore/aspnetcore/artifacts/bin/Microsoft.AspNetCore.Components.Tests/Debug/net10.0/Microsoft.AspNetCore.Components.Tests.dll" adapterTypeName="executor://xunit/VsTestRunner3/netcore/" className="Microsoft.AspNetCore.Components.Routing.RouteTableFactoryTests" name="CanMatchParameterTemplate" />
    </UnitTest>
    <UnitTest name="Microsoft.AspNetCore.Components.Routing.QueryParameterValueSupplierTest.SuppliesEmptyArrayForArrayTypesIfNotSpecified(query: &quot;&quot;)" storage="/home/runner/work/aspnetcore/aspnetcore/artifacts/bin/microsoft.aspnetcore.components.tests/debug/net10.0/microsoft.aspnetcore.components.tests.dll" id="70dd68d1-e333-f471-5ea3-6b0f098649cb">
      <Execution id="b1a3cc77-97a1-447b-8505-abd4e4e041ac" />
      <TestMethod codeBase="/home/runner/work/aspnetcore/aspnetcore/artifacts/bin/Microsoft.AspNetCore.Components.Tests/Debug/net10.0/Microsoft.AspNetCore.Components.Tests.dll" adapterTypeName="executor://xunit/VsTestRunner3/netcore/" className="Microsoft.AspNetCore.Components.Routing.QueryParameterValueSupplierTest" name="SuppliesEmptyArrayForArrayTypesIfNotSpecified" />
    </UnitTest>
    <UnitTest name="Microsoft.AspNetCore.Components.Routing.RoutePatternParserTests.Parse_SingleParameter" storage="/home/runner/work/aspnetcore/aspnetcore/artifacts/bin/microsoft.aspnetcore.components.tests/debug/net10.0/microsoft.aspnetcore.components.tests.dll" id="5da27f0d-f2ac-d56a-a84b-ce10548e3199">
      <Execution id="fb859d4b-87d0-44fa-b978-5d067c3cf8cf" />
      <TestMethod codeBase="/home/runner/work/aspnetcore/aspnetcore/artifacts/bin/Microsoft.AspNetCore.Components.Tests/Debug/net10.0/Microsoft.AspNetCore.Components.Tests.dll" adapterTypeName="executor://xunit/VsTestRunner3/netcore/" className="Microsoft.AspNetCore.Components.Routing.RoutePatternParserTests" name="Parse_SingleParameter" />
    </UnitTest>
    <UnitTest name="Microsoft.AspNetCore.Components.Rendering.RenderTreeBuilderTest.CannotAddAttributeAtRoot" storage="/home/runner/work/aspnetcore/aspnetcore/artifacts/bin/microsoft.aspnetcore.components.tests/debug/net10.0/microsoft.aspnetcore.components.tests.dll" id="cd8997ba-625f-ef13-00bd-c2f23ac49194">
      <Execution id="41faa644-e8dc-4937-934b-304f3eec0d20" />
      <TestMethod codeBase="/home/runner/work/aspnetcore/aspnetcore/artifacts/bin/Microsoft.AspNetCore.Components.Tests/Debug/net10.0/Microsoft.AspNetCore.Components.Tests.dll" adapterTypeName="executor://xunit/VsTestRunner3/netcore/" className="Microsoft.AspNetCore.Components.Rendering.RenderTreeBuilderTest" name="CannotAddAttributeAtRoot" />
    </UnitTest>
    <UnitTest name="Microsoft.AspNetCore.Components.EventCallbackFactoryBinderExtensionsTest.CreateBinder_NullableDecimal" storage="/home/runner/work/aspnetcore/aspnetcore/artifacts/bin/microsoft.aspnetcore.components.tests/debug/net10.0/microsoft.aspnetcore.components.tests.dll" id="c61c6866-8332-5392-7f67-bf35fe3054b9">
      <Execution id="1e8fa278-1506-44a1-8e9d-60c3ca78f66e" />
      <TestMethod codeBase="/home/runner/work/aspnetcore/aspnetcore/artifacts/bin/Microsoft.AspNetCore.Components.Tests/Debug/net10.0/Microsoft.AspNetCore.Components.Tests.dll" adapterTypeName="executor://xunit/VsTestRunner3/netcore/" className="Microsoft.AspNetCore.Components.EventCallbackFactoryBinderExtensionsTest" name="CreateBinder_NullableDecimal" />
    </UnitTest>
    <UnitTest name="Microsoft.AspNetCore.Components.Rendering.RenderTreeBuilderTest.CannotAddKeyOutsideComponentOrElement_RegionRoot" storage="/home/runner/work/aspnetcore/aspnetcore/artifacts/bin/microsoft.aspnetcore.components.tests/debug/net10.0/microsoft.aspnetcore.components.tests.dll" id="e1a33abc-d0d6-40df-7cba-b407e634c025">
      <Execution id="c9bfe700-b788-46a2-887e-1f28cee7b7b8" />
      <TestMethod codeBase="/home/runner/work/aspnetcore/aspnetcore/artifacts/bin/Microsoft.AspNetCore.Components.Tests/Debug/net10.0/Microsoft.AspNetCore.Components.Tests.dll" adapterTypeName="executor://xunit/VsTestRunner3/netcore/" className="Microsoft.AspNetCore.Components.Rendering.RenderTreeBuilderTest" name="CannotAddKeyOutsideComponentOrElement_RegionRoot" />
    </UnitTest>
    <UnitTest name="Microsoft.AspNetCore.Components.Routing.RouterTest.CanceledFailedOnNavigateAsyncDoesNothing" storage="/home/runner/work/aspnetcore/aspnetcore/artifacts/bin/microsoft.aspnetcore.components.tests/debug/net10.0/microsoft.aspnetcore.components.tests.dll" id="4b295c11-bb0f-eb9d-22f7-da3873ab67a6">
      <Execution id="fa0930a5-6c65-4205-aa23-06665c2b6a3d" />
      <TestMethod codeBase="/home/runner/work/aspnetcore/aspnetcore/artifacts/bin/Microsoft.AspNetCore.Components.Tests/Debug/net10.0/Microsoft.AspNetCore.Components.Tests.dll" adapterTypeName="executor://xunit/VsTestRunner3/netcore/" className="Microsoft.AspNetCore.Components.Routing.RouterTest" name="CanceledFailedOnNavigateAsyncDoesNothing" />
    </UnitTest>
    <UnitTest name="Microsoft.AspNetCore.Components.Routing.RouteTableFactoryTests.PrefersLiteralTemplateOverTemplateWithParameters" storage="/home/runner/work/aspnetcore/aspnetcore/artifacts/bin/microsoft.aspnetcore.components.tests/debug/net10.0/microsoft.aspnetcore.components.tests.dll" id="1ce90b87-815c-8390-5886-b9f392f35378">
      <Execution id="5e970d45-ae31-49bb-8b41-9a31275c326a" />
      <TestMethod codeBase="/home/runner/work/aspnetcore/aspnetcore/artifacts/bin/Microsoft.AspNetCore.Components.Tests/Debug/net10.0/Microsoft.AspNetCore.Components.Tests.dll" adapterTypeName="executor://xunit/VsTestRunner3/netcore/" className="Microsoft.AspNetCore.Components.Routing.RouteTableFactoryTests" name="PrefersLiteralTemplateOverTemplateWithParameters" />
    </UnitTest>
    <UnitTest name="Microsoft.AspNetCore.Components.Rendering.RendererSynchronizationContextTest.InvokeAsync_FuncTaskT_CanRethrowExceptions" storage="/home/runner/work/aspnetcore/aspnetcore/artifacts/bin/microsoft.aspnetcore.components.tests/debug/net10.0/microsoft.aspnetcore.components.tests.dll" id="b3592a3a-da3c-9af8-ea55-3f9f51b527c1">
      <Execution id="f115a6f1-3bd5-4440-875a-0d15ddebf681" />
      <TestMethod codeBase="/home/runner/work/aspnetcore/aspnetcore/artifacts/bin/Microsoft.AspNetCore.Components.Tests/Debug/net10.0/Microsoft.AspNetCore.Components.Tests.dll" adapterTypeName="executor://xunit/VsTestRunner3/netcore/" className="Microsoft.AspNetCore.Components.Rendering.RendererSynchronizationContextTest" name="InvokeAsync_FuncTaskT_CanRethrowExceptions" />
    </UnitTest>
    <UnitTest name="Microsoft.AspNetCore.Components.Test.RendererTest.ThrowsForUnknownRenderMode_OnComponentType" storage="/home/runner/work/aspnetcore/aspnetcore/artifacts/bin/microsoft.aspnetcore.components.tests/debug/net10.0/microsoft.aspnetcore.components.tests.dll" id="b7df37af-0c80-61e1-5e4d-6d36ed7ff295">
      <Execution id="13b42c0a-6203-4a39-8dd7-1220749c27db" />
      <TestMethod codeBase="/home/runner/work/aspnetcore/aspnetcore/artifacts/bin/Microsoft.AspNetCore.Components.Tests/Debug/net10.0/Microsoft.AspNetCore.Components.Tests.dll" adapterTypeName="executor://xunit/VsTestRunner3/netcore/" className="Microsoft.AspNetCore.Components.Test.RendererTest" name="ThrowsForUnknownRenderMode_OnComponentType" />
    </UnitTest>
    <UnitTest name="Microsoft.AspNetCore.Components.Rendering.RenderTreeBuilderTest.CanAddNonStringValueAsText" storage="/home/runner/work/aspnetcore/aspnetcore/artifacts/bin/microsoft.aspnetcore.components.tests/debug/net10.0/microsoft.aspnetcore.components.tests.dll" id="1a4444f2-447d-8040-adb9-0973a289c373">
      <Execution id="db227915-5053-4fda-b115-0f24702a7df9" />
      <TestMethod codeBase="/home/runner/work/aspnetcore/aspnetcore/artifacts/bin/Microsoft.AspNetCore.Components.Tests/Debug/net10.0/Microsoft.AspNetCore.Components.Tests.dll" adapterTypeName="executor://xunit/VsTestRunner3/netcore/" className="Microsoft.AspNetCore.Components.Rendering.RenderTreeBuilderTest" name="CanAddNonStringValueAsText" />
    </UnitTest>
    <UnitTest name="Microsoft.AspNetCore.Components.BindConverterTest.FormatValue_Int_Generic" storage="/home/runner/work/aspnetcore/aspnetcore/artifacts/bin/microsoft.aspnetcore.components.tests/debug/net10.0/microsoft.aspnetcore.components.tests.dll" id="6af6673e-8981-5deb-5b4f-18b4a3501729">
      <Execution id="f461edc3-b7f3-40f3-9b41-9a900753b497" />
      <TestMethod codeBase="/home/runner/work/aspnetcore/aspnetcore/artifacts/bin/Microsoft.AspNetCore.Components.Tests/Debug/net10.0/Microsoft.AspNetCore.Components.Tests.dll" adapterTypeName="executor://xunit/VsTestRunner3/netcore/" className="Microsoft.AspNetCore.Components.BindConverterTest" name="FormatValue_Int_Generic" />
    </UnitTest>
    <UnitTest name="Microsoft.AspNetCore.Components.Routing.QueryParameterValueSupplierTest.RejectsBlankArrayEntriesWhenNotNullable(key: &quot;DateTimeVals&quot;, targetType: typeof(System.DateTime))" storage="/home/runner/work/aspnetcore/aspnetcore/artifacts/bin/microsoft.aspnetcore.components.tests/debug/net10.0/microsoft.aspnetcore.components.tests.dll" id="d2bf099c-2df9-f520-c8db-64c87406737a">
      <Execution id="f7e2916f-14fa-42c2-98ef-d93098844e4a" />
      <TestMethod codeBase="/home/runner/work/aspnetcore/aspnetcore/artifacts/bin/Microsoft.AspNetCore.Components.Tests/Debug/net10.0/Microsoft.AspNetCore.Components.Tests.dll" adapterTypeName="executor://xunit/VsTestRunner3/netcore/" className="Microsoft.AspNetCore.Components.Routing.QueryParameterValueSupplierTest" name="RejectsBlankArrayEntriesWhenNotNullable" />
    </UnitTest>
    <UnitTest name="Microsoft.AspNetCore.Components.BindConverterTest.FormatValue_NullableInt" storage="/home/runner/work/aspnetcore/aspnetcore/artifacts/bin/microsoft.aspnetcore.components.tests/debug/net10.0/microsoft.aspnetcore.components.tests.dll" id="c7707d26-49ac-496b-58e0-b76d3ec8ffb9">
      <Execution id="d32882e0-c087-4ce1-8467-1799c651b100" />
      <TestMethod codeBase="/home/runner/work/aspnetcore/aspnetcore/artifacts/bin/Microsoft.AspNetCore.Components.Tests/Debug/net10.0/Microsoft.AspNetCore.Components.Tests.dll" adapterTypeName="executor://xunit/VsTestRunner3/netcore/" className="Microsoft.AspNetCore.Components.BindConverterTest" name="FormatValue_NullableInt" />
    </UnitTest>
    <UnitTest name="Microsoft.AspNetCore.Components.ComponentStatePersistenceManagerTest.PersistStateAsync_FiresCallbacksInParallel" storage="/home/runner/work/aspnetcore/aspnetcore/artifacts/bin/microsoft.aspnetcore.components.tests/debug/net10.0/microsoft.aspnetcore.components.tests.dll" id="d0f2f235-e339-4989-7619-dec82338f8de">
      <Execution id="c1f106e5-923c-430c-95d4-23edc7390050" />
      <TestMethod codeBase="/home/runner/work/aspnetcore/aspnetcore/artifacts/bin/Microsoft.AspNetCore.Components.Tests/Debug/net10.0/Microsoft.AspNetCore.Components.Tests.dll" adapterTypeName="executor://xunit/VsTestRunner3/netcore/" className="Microsoft.AspNetCore.Components.ComponentStatePersistenceManagerTest" name="PersistStateAsync_FiresCallbacksInParallel" />
    </UnitTest>
    <UnitTest name="Microsoft.AspNetCore.Components.NavigationManagerTest.LocationChangingHandlers_CanCancelTheNavigationSynchronously_WhenMultipleHandlersAreRegistered" storage="/home/runner/work/aspnetcore/aspnetcore/artifacts/bin/microsoft.aspnetcore.components.tests/debug/net10.0/microsoft.aspnetcore.components.tests.dll" id="fe703ec9-27b6-a4ed-366d-0f45e834770f">
      <Execution id="f93f9c65-c799-4cfa-9288-edad04f1d0d8" />
      <TestMethod codeBase="/home/runner/work/aspnetcore/aspnetcore/artifacts/bin/Microsoft.AspNetCore.Components.Tests/Debug/net10.0/Microsoft.AspNetCore.Components.Tests.dll" adapterTypeName="executor://xunit/VsTestRunner3/netcore/" className="Microsoft.AspNetCore.Components.NavigationManagerTest" name="LocationChangingHandlers_CanCancelTheNavigationSynchronously_WhenMultipleHandlersAreRegistered" />
    </UnitTest>
    <UnitTest name="Microsoft.AspNetCore.Components.Test.RendererTest.CannotDispatchEventsWithUnknownEventHandlers" storage="/home/runner/work/aspnetcore/aspnetcore/artifacts/bin/microsoft.aspnetcore.components.tests/debug/net10.0/microsoft.aspnetcore.components.tests.dll" id="8fbd8a0a-574b-04d8-be31-f1dd7753151e">
      <Execution id="0fd1e91a-293c-4e07-bd7e-74557596c236" />
      <TestMethod codeBase="/home/runner/work/aspnetcore/aspnetcore/artifacts/bin/Microsoft.AspNetCore.Components.Tests/Debug/net10.0/Microsoft.AspNetCore.Components.Tests.dll" adapterTypeName="executor://xunit/VsTestRunner3/netcore/" className="Microsoft.AspNetCore.Components.Test.RendererTest" name="CannotDispatchEventsWithUnknownEventHandlers" />
    </UnitTest>
    <UnitTest name="Microsoft.AspNetCore.Components.NavigationManagerTest.LocationChangingHandlers_CannotCancelTheNavigationAsynchronously_UntilReturning" storage="/home/runner/work/aspnetcore/aspnetcore/artifacts/bin/microsoft.aspnetcore.components.tests/debug/net10.0/microsoft.aspnetcore.components.tests.dll" id="c3e840bb-971e-5bd2-3acf-7f44fe050f0a">
      <Execution id="8f4c407a-9bef-43ac-90de-d4541167c67f" />
      <TestMethod codeBase="/home/runner/work/aspnetcore/aspnetcore/artifacts/bin/Microsoft.AspNetCore.Components.Tests/Debug/net10.0/Microsoft.AspNetCore.Components.Tests.dll" adapterTypeName="executor://xunit/VsTestRunner3/netcore/" className="Microsoft.AspNetCore.Components.NavigationManagerTest" name="LocationChangingHandlers_CannotCancelTheNavigationAsynchronously_UntilReturning" />
    </UnitTest>
    <UnitTest name="Microsoft.AspNetCore.Components.Routing.QueryParameterValueSupplierTest.RejectsUnparseableValues(key: &quot;BoolVal&quot;, value: &quot;abc&quot;, targetType: typeof(bool))" storage="/home/runner/work/aspnetcore/aspnetcore/artifacts/bin/microsoft.aspnetcore.components.tests/debug/net10.0/microsoft.aspnetcore.components.tests.dll" id="1250b667-e1e8-611a-db40-3781e90cd16f">
      <Execution id="10410890-789e-4a89-b623-89969fe38c32" />
      <TestMethod codeBase="/home/runner/work/aspnetcore/aspnetcore/artifacts/bin/Microsoft.AspNetCore.Components.Tests/Debug/net10.0/Microsoft.AspNetCore.Components.Tests.dll" adapterTypeName="executor://xunit/VsTestRunner3/netcore/" className="Microsoft.AspNetCore.Components.Routing.QueryParameterValueSupplierTest" name="RejectsUnparseableValues" />
    </UnitTest>
    <UnitTest name="Microsoft.AspNetCore.Components.Test.RenderTreeDiffBuilderTest.RecognizesTrailingSequenceWithinLoopBlockBeingAppended" storage="/home/runner/work/aspnetcore/aspnetcore/artifacts/bin/microsoft.aspnetcore.components.tests/debug/net10.0/microsoft.aspnetcore.components.tests.dll" id="26440f56-b1d5-bf71-6850-73d01d65d17f">
      <Execution id="12997622-0b57-469b-b5ef-d49073ccb49a" />
      <TestMethod codeBase="/home/runner/work/aspnetcore/aspnetcore/artifacts/bin/Microsoft.AspNetCore.Components.Tests/Debug/net10.0/Microsoft.AspNetCore.Components.Tests.dll" adapterTypeName="executor://xunit/VsTestRunner3/netcore/" className="Microsoft.AspNetCore.Components.Test.RenderTreeDiffBuilderTest" name="RecognizesTrailingSequenceWithinLoopBlockBeingAppended" />
    </UnitTest>
    <UnitTest name="Microsoft.AspNetCore.Components.Test.LayoutViewTest.GivenLayoutButNoContent_RendersLayoutWithEmptyBody" storage="/home/runner/work/aspnetcore/aspnetcore/artifacts/bin/microsoft.aspnetcore.components.tests/debug/net10.0/microsoft.aspnetcore.components.tests.dll" id="f3b91825-9802-c600-dc0a-be3fc8429f84">
      <Execution id="cbc05c49-98bb-408e-8b84-724363ea5c96" />
      <TestMethod codeBase="/home/runner/work/aspnetcore/aspnetcore/artifacts/bin/Microsoft.AspNetCore.Components.Tests/Debug/net10.0/Microsoft.AspNetCore.Components.Tests.dll" adapterTypeName="executor://xunit/VsTestRunner3/netcore/" className="Microsoft.AspNetCore.Components.Test.LayoutViewTest" name="GivenLayoutButNoContent_RendersLayoutWithEmptyBody" />
    </UnitTest>
    <UnitTest name="Microsoft.AspNetCore.Components.Test.CascadingParameterTest.CanSupplyCascadingValueFromServiceProvider" storage="/home/runner/work/aspnetcore/aspnetcore/artifacts/bin/microsoft.aspnetcore.components.tests/debug/net10.0/microsoft.aspnetcore.components.tests.dll" id="94a81240-e8ee-1fd0-6ba9-374b081fbc95">
      <Execution id="4f8d35f1-5799-412b-bdf6-7807fbdd26c6" />
      <TestMethod codeBase="/home/runner/work/aspnetcore/aspnetcore/artifacts/bin/Microsoft.AspNetCore.Components.Tests/Debug/net10.0/Microsoft.AspNetCore.Components.Tests.dll" adapterTypeName="executor://xunit/VsTestRunner3/netcore/" className="Microsoft.AspNetCore.Components.Test.CascadingParameterTest" name="CanSupplyCascadingValueFromServiceProvider" />
    </UnitTest>
    <UnitTest name="Microsoft.AspNetCore.Components.Routing.RouteTableFactoryTests.CorrectlyMatchesVariableLengthSegments(path: &quot;/literal/value&quot;, expectedValue: &quot;value&quot;, first: &quot;literal&quot;, second: &quot;literal/{parameter?}&quot;, handler: typeof(Microsoft.AspNetCore.Components.Routing.RouteTableFactoryTests+TestHandler2))" storage="/home/runner/work/aspnetcore/aspnetcore/artifacts/bin/microsoft.aspnetcore.components.tests/debug/net10.0/microsoft.aspnetcore.components.tests.dll" id="3949041a-d779-e1c3-707b-e4975ba46750">
      <Execution id="ee6033cc-6c6b-43aa-906c-dc0635e5ba93" />
      <TestMethod codeBase="/home/runner/work/aspnetcore/aspnetcore/artifacts/bin/Microsoft.AspNetCore.Components.Tests/Debug/net10.0/Microsoft.AspNetCore.Components.Tests.dll" adapterTypeName="executor://xunit/VsTestRunner3/netcore/" className="Microsoft.AspNetCore.Components.Routing.RouteTableFactoryTests" name="CorrectlyMatchesVariableLengthSegments" />
    </UnitTest>
    <UnitTest name="Microsoft.AspNetCore.Components.Rendering.RenderTreeBuilderTest.CannotAddComponentParameterToComponentReferenceCapture" storage="/home/runner/work/aspnetcore/aspnetcore/artifacts/bin/microsoft.aspnetcore.components.tests/debug/net10.0/microsoft.aspnetcore.components.tests.dll" id="caeae9d0-db52-6a30-6126-163d3940de00">
      <Execution id="9f44d476-5f59-435c-a80b-555f0a64e324" />
      <TestMethod codeBase="/home/runner/work/aspnetcore/aspnetcore/artifacts/bin/Microsoft.AspNetCore.Components.Tests/Debug/net10.0/Microsoft.AspNetCore.Components.Tests.dll" adapterTypeName="executor://xunit/VsTestRunner3/netcore/" className="Microsoft.AspNetCore.Components.Rendering.RenderTreeBuilderTest" name="CannotAddComponentParameterToComponentReferenceCapture" />
    </UnitTest>
    <UnitTest name="Microsoft.AspNetCore.Components.Test.RenderTreeDiffBuilderTest.RejectsClashingKeysEvenIfAllPairsMatch" storage="/home/runner/work/aspnetcore/aspnetcore/artifacts/bin/microsoft.aspnetcore.components.tests/debug/net10.0/microsoft.aspnetcore.components.tests.dll" id="078c0616-478d-1187-05e3-c8567a9159a6">
      <Execution id="40781363-508e-4303-b93c-4b72b9c68e4c" />
      <TestMethod codeBase="/home/runner/work/aspnetcore/aspnetcore/artifacts/bin/Microsoft.AspNetCore.Components.Tests/Debug/net10.0/Microsoft.AspNetCore.Components.Tests.dll" adapterTypeName="executor://xunit/VsTestRunner3/netcore/" className="Microsoft.AspNetCore.Components.Test.RenderTreeDiffBuilderTest" name="RejectsClashingKeysEvenIfAllPairsMatch" />
    </UnitTest>
    <UnitTest name="Microsoft.AspNetCore.Components.Test.RenderTreeDiffBuilderTest.AttributeDiff_WithSameSequenceNumber_AttributeAddedAtStart" storage="/home/runner/work/aspnetcore/aspnetcore/artifacts/bin/microsoft.aspnetcore.components.tests/debug/net10.0/microsoft.aspnetcore.components.tests.dll" id="2cad99bf-06a6-ea62-b2e9-31b4cc727bdf">
      <Execution id="95144e61-8b11-47ad-9f78-7456ca25fe2a" />
      <TestMethod codeBase="/home/runner/work/aspnetcore/aspnetcore/artifacts/bin/Microsoft.AspNetCore.Components.Tests/Debug/net10.0/Microsoft.AspNetCore.Components.Tests.dll" adapterTypeName="executor://xunit/VsTestRunner3/netcore/" className="Microsoft.AspNetCore.Components.Test.RenderTreeDiffBuilderTest" name="AttributeDiff_WithSameSequenceNumber_AttributeAddedAtStart" />
    </UnitTest>
    <UnitTest name="Microsoft.AspNetCore.Components.ComponentStatePersistenceManagerTest.PersistStateAsync_ThrowsWhenCallbackRenerModeCannotBeInferred" storage="/home/runner/work/aspnetcore/aspnetcore/artifacts/bin/microsoft.aspnetcore.components.tests/debug/net10.0/microsoft.aspnetcore.components.tests.dll" id="85d1b9b9-1b52-3575-aa9c-00930e047e18">
      <Execution id="49b70b39-7f84-4704-ab94-4651cfa348fc" />
      <TestMethod codeBase="/home/runner/work/aspnetcore/aspnetcore/artifacts/bin/Microsoft.AspNetCore.Components.Tests/Debug/net10.0/Microsoft.AspNetCore.Components.Tests.dll" adapterTypeName="executor://xunit/VsTestRunner3/netcore/" className="Microsoft.AspNetCore.Components.ComponentStatePersistenceManagerTest" name="PersistStateAsync_ThrowsWhenCallbackRenerModeCannotBeInferred" />
    </UnitTest>
    <UnitTest name="Microsoft.AspNetCore.Components.Test.RendererTest.CanSetComponentParameter_WhenParameterTypeHasImplicitConversionToString" storage="/home/runner/work/aspnetcore/aspnetcore/artifacts/bin/microsoft.aspnetcore.components.tests/debug/net10.0/microsoft.aspnetcore.components.tests.dll" id="66907170-3c34-6824-84fb-9a66563b2b94">
      <Execution id="6131e5e6-9d9d-446b-b06f-08c8f812ccc6" />
      <TestMethod codeBase="/home/runner/work/aspnetcore/aspnetcore/artifacts/bin/Microsoft.AspNetCore.Components.Tests/Debug/net10.0/Microsoft.AspNetCore.Components.Tests.dll" adapterTypeName="executor://xunit/VsTestRunner3/netcore/" className="Microsoft.AspNetCore.Components.Test.RendererTest" name="CanSetComponentParameter_WhenParameterTypeHasImplicitConversionToString" />
    </UnitTest>
    <UnitTest name="Microsoft.AspNetCore.Components.Rendering.RenderTreeBuilderTest.AddAttribute_Component_EventHandlerValue_SetsAttributeValue" storage="/home/runner/work/aspnetcore/aspnetcore/artifacts/bin/microsoft.aspnetcore.components.tests/debug/net10.0/microsoft.aspnetcore.components.tests.dll" id="b388759f-a49d-99d5-8209-71e56f780616">
      <Execution id="f470d3fa-8ec5-472d-9704-bd76bf969078" />
      <TestMethod codeBase="/home/runner/work/aspnetcore/aspnetcore/artifacts/bin/Microsoft.AspNetCore.Components.Tests/Debug/net10.0/Microsoft.AspNetCore.Components.Tests.dll" adapterTypeName="executor://xunit/VsTestRunner3/netcore/" className="Microsoft.AspNetCore.Components.Rendering.RenderTreeBuilderTest" name="AddAttribute_Component_EventHandlerValue_SetsAttributeValue" />
    </UnitTest>
    <UnitTest name="Microsoft.AspNetCore.Components.Rendering.RenderTreeBuilderTest.IgnoresNullComponentKey" storage="/home/runner/work/aspnetcore/aspnetcore/artifacts/bin/microsoft.aspnetcore.components.tests/debug/net10.0/microsoft.aspnetcore.components.tests.dll" id="b88c0c34-4ca2-6d36-f115-0a0e4f142984">
      <Execution id="d71bb3db-9f34-4996-94bf-2da4fd335d54" />
      <TestMethod codeBase="/home/runner/work/aspnetcore/aspnetcore/artifacts/bin/Microsoft.AspNetCore.Components.Tests/Debug/net10.0/Microsoft.AspNetCore.Components.Tests.dll" adapterTypeName="executor://xunit/VsTestRunner3/netcore/" className="Microsoft.AspNetCore.Components.Rendering.RenderTreeBuilderTest" name="IgnoresNullComponentKey" />
    </UnitTest>
    <UnitTest name="Microsoft.AspNetCore.Components.Rendering.RenderTreeBuilderTest.StartsEmpty" storage="/home/runner/work/aspnetcore/aspnetcore/artifacts/bin/microsoft.aspnetcore.components.tests/debug/net10.0/microsoft.aspnetcore.components.tests.dll" id="8b422a60-fe88-f77d-1f35-c2b273eb392c">
      <Execution id="b100337b-2782-4688-8bf8-ec7f183692bd" />
      <TestMethod codeBase="/home/runner/work/aspnetcore/aspnetcore/artifacts/bin/Microsoft.AspNetCore.Components.Tests/Debug/net10.0/Microsoft.AspNetCore.Components.Tests.dll" adapterTypeName="executor://xunit/VsTestRunner3/netcore/" className="Microsoft.AspNetCore.Components.Rendering.RenderTreeBuilderTest" name="StartsEmpty" />
    </UnitTest>
    <UnitTest name="Microsoft.AspNetCore.Components.BindConverterTest.FormatValue_TimeOnly_Format" storage="/home/runner/work/aspnetcore/aspnetcore/artifacts/bin/microsoft.aspnetcore.components.tests/debug/net10.0/microsoft.aspnetcore.components.tests.dll" id="e4d0db74-56e0-0bee-d09b-6adcfb4cd190">
      <Execution id="6f826908-ed26-4186-89c4-3101fa4efb7d" />
      <TestMethod codeBase="/home/runner/work/aspnetcore/aspnetcore/artifacts/bin/Microsoft.AspNetCore.Components.Tests/Debug/net10.0/Microsoft.AspNetCore.Components.Tests.dll" adapterTypeName="executor://xunit/VsTestRunner3/netcore/" className="Microsoft.AspNetCore.Components.BindConverterTest" name="FormatValue_TimeOnly_Format" />
    </UnitTest>
    <UnitTest name="Microsoft.AspNetCore.Components.Rendering.RenderTreeBuilderTest.AddComponentParameter_Component_StringValue_SetsAttributeValue(value: null)" storage="/home/runner/work/aspnetcore/aspnetcore/artifacts/bin/microsoft.aspnetcore.components.tests/debug/net10.0/microsoft.aspnetcore.components.tests.dll" id="de82b09f-cead-b05e-4518-4fa1ae50fe71">
      <Execution id="94816b45-d1e7-476b-8d22-ad2763cca2d3" />
      <TestMethod codeBase="/home/runner/work/aspnetcore/aspnetcore/artifacts/bin/Microsoft.AspNetCore.Components.Tests/Debug/net10.0/Microsoft.AspNetCore.Components.Tests.dll" adapterTypeName="executor://xunit/VsTestRunner3/netcore/" className="Microsoft.AspNetCore.Components.Rendering.RenderTreeBuilderTest" name="AddComponentParameter_Component_StringValue_SetsAttributeValue" />
    </UnitTest>
    <UnitTest name="Microsoft.AspNetCore.Components.Test.ComponentBaseTest.RunsOnInitWhenRendered" storage="/home/runner/work/aspnetcore/aspnetcore/artifacts/bin/microsoft.aspnetcore.components.tests/debug/net10.0/microsoft.aspnetcore.components.tests.dll" id="bb804751-e35b-1383-438c-81158f47394e">
      <Execution id="76f09274-7e54-4434-a4b7-000de89b51e5" />
      <TestMethod codeBase="/home/runner/work/aspnetcore/aspnetcore/artifacts/bin/Microsoft.AspNetCore.Components.Tests/Debug/net10.0/Microsoft.AspNetCore.Components.Tests.dll" adapterTypeName="executor://xunit/VsTestRunner3/netcore/" className="Microsoft.AspNetCore.Components.Test.ComponentBaseTest" name="RunsOnInitWhenRendered" />
    </UnitTest>
    <UnitTest name="Microsoft.AspNetCore.Components.Routing.QueryParameterValueSupplierTest.AcceptsBlankArrayEntriesWhenNullable" storage="/home/runner/work/aspnetcore/aspnetcore/artifacts/bin/microsoft.aspnetcore.components.tests/debug/net10.0/microsoft.aspnetcore.components.tests.dll" id="115722bf-16e6-a803-eb2d-de5e86639f73">
      <Execution id="9de5cb98-5b1e-44d8-8a3c-bc3a015ac5aa" />
      <TestMethod codeBase="/home/runner/work/aspnetcore/aspnetcore/artifacts/bin/Microsoft.AspNetCore.Components.Tests/Debug/net10.0/Microsoft.AspNetCore.Components.Tests.dll" adapterTypeName="executor://xunit/VsTestRunner3/netcore/" className="Microsoft.AspNetCore.Components.Routing.QueryParameterValueSupplierTest" name="AcceptsBlankArrayEntriesWhenNullable" />
    </UnitTest>
    <UnitTest name="Microsoft.AspNetCore.Components.Rendering.ArrayBuilderSegmentTest.StillWorksAfterUnderlyingCapacityChange" storage="/home/runner/work/aspnetcore/aspnetcore/artifacts/bin/microsoft.aspnetcore.components.tests/debug/net10.0/microsoft.aspnetcore.components.tests.dll" id="52aee1a2-31a0-f3c6-6395-196c2c9cc229">
      <Execution id="a181e721-09f4-474d-9add-c46b0fc9d55f" />
      <TestMethod codeBase="/home/runner/work/aspnetcore/aspnetcore/artifacts/bin/Microsoft.AspNetCore.Components.Tests/Debug/net10.0/Microsoft.AspNetCore.Components.Tests.dll" adapterTypeName="executor://xunit/VsTestRunner3/netcore/" className="Microsoft.AspNetCore.Components.Rendering.ArrayBuilderSegmentTest" name="StillWorksAfterUnderlyingCapacityChange" />
    </UnitTest>
    <UnitTest name="Microsoft.AspNetCore.Components.Rendering.RenderTreeBuilderTest.CannotAddAttributeToComponentReferenceCapture" storage="/home/runner/work/aspnetcore/aspnetcore/artifacts/bin/microsoft.aspnetcore.components.tests/debug/net10.0/microsoft.aspnetcore.components.tests.dll" id="72123054-14a1-e3c5-e878-65c6f5c8e047">
      <Execution id="da84f6f8-063c-487a-8245-a76c7ca6efb1" />
      <TestMethod codeBase="/home/runner/work/aspnetcore/aspnetcore/artifacts/bin/Microsoft.AspNetCore.Components.Tests/Debug/net10.0/Microsoft.AspNetCore.Components.Tests.dll" adapterTypeName="executor://xunit/VsTestRunner3/netcore/" className="Microsoft.AspNetCore.Components.Rendering.RenderTreeBuilderTest" name="CannotAddAttributeToComponentReferenceCapture" />
    </UnitTest>
    <UnitTest name="Microsoft.AspNetCore.Components.Test.RenderTreeDiffBuilderTest.AttributeDiff_WithSequentialSequenceNumber_AttributeAddedAtEnd" storage="/home/runner/work/aspnetcore/aspnetcore/artifacts/bin/microsoft.aspnetcore.components.tests/debug/net10.0/microsoft.aspnetcore.components.tests.dll" id="bfb4a4ab-f219-f9d5-e9a2-9005ca01f77f">
      <Execution id="c0a5fb64-863e-4697-8444-97f217c05757" />
      <TestMethod codeBase="/home/runner/work/aspnetcore/aspnetcore/artifacts/bin/Microsoft.AspNetCore.Components.Tests/Debug/net10.0/Microsoft.AspNetCore.Components.Tests.dll" adapterTypeName="executor://xunit/VsTestRunner3/netcore/" className="Microsoft.AspNetCore.Components.Test.RenderTreeDiffBuilderTest" name="AttributeDiff_WithSequentialSequenceNumber_AttributeAddedAtEnd" />
    </UnitTest>
    <UnitTest name="Microsoft.AspNetCore.Components.Routing.QueryParameterValueSupplierTest.RejectsUnparseableArrayEntries(key: &quot;NullableDateTimeVals&quot;, validValue: &quot;2020-02-28&quot;, invalidValue: &quot;2020-02-31&quot;, targetType: typeof(DateTime?))" storage="/home/runner/work/aspnetcore/aspnetcore/artifacts/bin/microsoft.aspnetcore.components.tests/debug/net10.0/microsoft.aspnetcore.components.tests.dll" id="dbe6b303-e830-164b-9628-dd218ddee864">
      <Execution id="1081fbc7-e36d-4d6f-8482-f79ae200f703" />
      <TestMethod codeBase="/home/runner/work/aspnetcore/aspnetcore/artifacts/bin/Microsoft.AspNetCore.Components.Tests/Debug/net10.0/Microsoft.AspNetCore.Components.Tests.dll" adapterTypeName="executor://xunit/VsTestRunner3/netcore/" className="Microsoft.AspNetCore.Components.Routing.QueryParameterValueSupplierTest" name="RejectsUnparseableArrayEntries" />
    </UnitTest>
    <UnitTest name="Microsoft.AspNetCore.Components.PersistentStateValueProviderTests.PersistAsync_CanPersistValueTypes_TupleProperty" storage="/home/runner/work/aspnetcore/aspnetcore/artifacts/bin/microsoft.aspnetcore.components.tests/debug/net10.0/microsoft.aspnetcore.components.tests.dll" id="ef189c2c-f825-4298-fcb8-eb216f9c869d">
      <Execution id="f0272749-7374-430e-b789-0ca5e318e13f" />
      <TestMethod codeBase="/home/runner/work/aspnetcore/aspnetcore/artifacts/bin/Microsoft.AspNetCore.Components.Tests/Debug/net10.0/Microsoft.AspNetCore.Components.Tests.dll" adapterTypeName="executor://xunit/VsTestRunner3/netcore/" className="Microsoft.AspNetCore.Components.PersistentStateValueProviderTests" name="PersistAsync_CanPersistValueTypes_TupleProperty" />
    </UnitTest>
    <UnitTest name="Microsoft.AspNetCore.Components.Test.LayoutViewTest.GivenNoParameters_RendersNothing" storage="/home/runner/work/aspnetcore/aspnetcore/artifacts/bin/microsoft.aspnetcore.components.tests/debug/net10.0/microsoft.aspnetcore.components.tests.dll" id="b7fa2b84-2964-592a-59c7-32071a593067">
      <Execution id="27b69a5c-15d5-40dd-a36e-22a994135772" />
      <TestMethod codeBase="/home/runner/work/aspnetcore/aspnetcore/artifacts/bin/Microsoft.AspNetCore.Components.Tests/Debug/net10.0/Microsoft.AspNetCore.Components.Tests.dll" adapterTypeName="executor://xunit/VsTestRunner3/netcore/" className="Microsoft.AspNetCore.Components.Test.LayoutViewTest" name="GivenNoParameters_RendersNothing" />
    </UnitTest>
    <UnitTest name="Microsoft.AspNetCore.Components.Routing.QueryParameterValueSupplierTest.RejectsBlankValuesWhenNotNullable(key: &quot;BoolVal&quot;, targetType: typeof(bool))" storage="/home/runner/work/aspnetcore/aspnetcore/artifacts/bin/microsoft.aspnetcore.components.tests/debug/net10.0/microsoft.aspnetcore.components.tests.dll" id="969cda19-9c41-5b6a-5c18-9bf98cad04e4">
      <Execution id="59fbdcf4-9d3f-4297-a507-8b973df0f97f" />
      <TestMethod codeBase="/home/runner/work/aspnetcore/aspnetcore/artifacts/bin/Microsoft.AspNetCore.Components.Tests/Debug/net10.0/Microsoft.AspNetCore.Components.Tests.dll" adapterTypeName="executor://xunit/VsTestRunner3/netcore/" className="Microsoft.AspNetCore.Components.Routing.QueryParameterValueSupplierTest" name="RejectsBlankValuesWhenNotNullable" />
    </UnitTest>
    <UnitTest name="Microsoft.AspNetCore.Components.ComponentFactoryTest.InstantiateComponent_WithRenderModeOnComponentAndCallSite_Throws" storage="/home/runner/work/aspnetcore/aspnetcore/artifacts/bin/microsoft.aspnetcore.components.tests/debug/net10.0/microsoft.aspnetcore.components.tests.dll" id="45bfcba3-622d-bcdc-761e-f0bfa66d2fdb">
      <Execution id="1acf92a1-cfbb-4fb6-bb14-9798f1d93b16" />
      <TestMethod codeBase="/home/runner/work/aspnetcore/aspnetcore/artifacts/bin/Microsoft.AspNetCore.Components.Tests/Debug/net10.0/Microsoft.AspNetCore.Components.Tests.dll" adapterTypeName="executor://xunit/VsTestRunner3/netcore/" className="Microsoft.AspNetCore.Components.ComponentFactoryTest" name="InstantiateComponent_WithRenderModeOnComponentAndCallSite_Throws" />
    </UnitTest>
    <UnitTest name="Microsoft.AspNetCore.Components.Routing.QueryParameterValueSupplierTest.EmptyStringValuesAreSuppliedAsEmptyString(queryPart: &quot;=&quot;)" storage="/home/runner/work/aspnetcore/aspnetcore/artifacts/bin/microsoft.aspnetcore.components.tests/debug/net10.0/microsoft.aspnetcore.components.tests.dll" id="d92da177-70ee-1e79-de32-dfb0eb2ac873">
      <Execution id="8d9e73e0-cd1f-4067-a630-eddf719387dc" />
      <TestMethod codeBase="/home/runner/work/aspnetcore/aspnetcore/artifacts/bin/Microsoft.AspNetCore.Components.Tests/Debug/net10.0/Microsoft.AspNetCore.Components.Tests.dll" adapterTypeName="executor://xunit/VsTestRunner3/netcore/" className="Microsoft.AspNetCore.Components.Routing.QueryParameterValueSupplierTest" name="EmptyStringValuesAreSuppliedAsEmptyString" />
    </UnitTest>
    <UnitTest name="Microsoft.AspNetCore.Components.PersistentStateValueProviderTests.PersistenceFails_MultipleComponentsUseInvalidKeyTypes" storage="/home/runner/work/aspnetcore/aspnetcore/artifacts/bin/microsoft.aspnetcore.components.tests/debug/net10.0/microsoft.aspnetcore.components.tests.dll" id="abcfdaf8-80a5-c0d3-91a9-45b74201817f">
      <Execution id="cf58d3fd-cfce-4317-9c00-d9c75a1cd9bf" />
      <TestMethod codeBase="/home/runner/work/aspnetcore/aspnetcore/artifacts/bin/Microsoft.AspNetCore.Components.Tests/Debug/net10.0/Microsoft.AspNetCore.Components.Tests.dll" adapterTypeName="executor://xunit/VsTestRunner3/netcore/" className="Microsoft.AspNetCore.Components.PersistentStateValueProviderTests" name="PersistenceFails_MultipleComponentsUseInvalidKeyTypes" />
    </UnitTest>
    <UnitTest name="Microsoft.AspNetCore.Components.PersistentState.PersistentServicesRegistryTest.PersistStateAsync_PersistsBaseServiceProperties" storage="/home/runner/work/aspnetcore/aspnetcore/artifacts/bin/microsoft.aspnetcore.components.tests/debug/net10.0/microsoft.aspnetcore.components.tests.dll" id="d7e9df2f-96f9-8f18-408c-5c36c24fb919">
      <Execution id="ee9ac6f0-2004-4a52-b6aa-4fd208190852" />
      <TestMethod codeBase="/home/runner/work/aspnetcore/aspnetcore/artifacts/bin/Microsoft.AspNetCore.Components.Tests/Debug/net10.0/Microsoft.AspNetCore.Components.Tests.dll" adapterTypeName="executor://xunit/VsTestRunner3/netcore/" className="Microsoft.AspNetCore.Components.PersistentState.PersistentServicesRegistryTest" name="PersistStateAsync_PersistsBaseServiceProperties" />
    </UnitTest>
    <UnitTest name="Microsoft.AspNetCore.Components.BindConverterTest.FormatValue_NullableInt_Generic" storage="/home/runner/work/aspnetcore/aspnetcore/artifacts/bin/microsoft.aspnetcore.components.tests/debug/net10.0/microsoft.aspnetcore.components.tests.dll" id="333c236c-2b93-8a92-aecf-d05dfcdc24b2">
      <Execution id="cfa3a5c0-403a-4ae9-ae23-f63ae5b5adba" />
      <TestMethod codeBase="/home/runner/work/aspnetcore/aspnetcore/artifacts/bin/Microsoft.AspNetCore.Components.Tests/Debug/net10.0/Microsoft.AspNetCore.Components.Tests.dll" adapterTypeName="executor://xunit/VsTestRunner3/netcore/" className="Microsoft.AspNetCore.Components.BindConverterTest" name="FormatValue_NullableInt_Generic" />
    </UnitTest>
    <UnitTest name="Microsoft.AspNetCore.Components.Routing.RouteKeyTest.RouteKey_WithNoAdditionalAssemblies_DifferentAssemblies" storage="/home/runner/work/aspnetcore/aspnetcore/artifacts/bin/microsoft.aspnetcore.components.tests/debug/net10.0/microsoft.aspnetcore.components.tests.dll" id="b7387a12-f84a-26ca-0854-0faaaf266bb1">
      <Execution id="7a19c43a-5077-429f-b04f-f7f04ad0a118" />
      <TestMethod codeBase="/home/runner/work/aspnetcore/aspnetcore/artifacts/bin/Microsoft.AspNetCore.Components.Tests/Debug/net10.0/Microsoft.AspNetCore.Components.Tests.dll" adapterTypeName="executor://xunit/VsTestRunner3/netcore/" className="Microsoft.AspNetCore.Components.Routing.RouteKeyTest" name="RouteKey_WithNoAdditionalAssemblies_DifferentAssemblies" />
    </UnitTest>
    <UnitTest name="Microsoft.AspNetCore.Components.Routing.RouteTableFactoryTests.PrefersMoreConstraintsOverFewer" storage="/home/runner/work/aspnetcore/aspnetcore/artifacts/bin/microsoft.aspnetcore.components.tests/debug/net10.0/microsoft.aspnetcore.components.tests.dll" id="b35c0fe3-5d73-47a3-154c-132bd9ec249f">
      <Execution id="a5d0d471-5b59-4162-907f-1edfa3f66413" />
      <TestMethod codeBase="/home/runner/work/aspnetcore/aspnetcore/artifacts/bin/Microsoft.AspNetCore.Components.Tests/Debug/net10.0/Microsoft.AspNetCore.Components.Tests.dll" adapterTypeName="executor://xunit/VsTestRunner3/netcore/" className="Microsoft.AspNetCore.Components.Routing.RouteTableFactoryTests" name="PrefersMoreConstraintsOverFewer" />
    </UnitTest>
    <UnitTest name="Microsoft.AspNetCore.Components.CascadingParameterStateTest.FindCascadingParameters_WithSingleDelivery" storage="/home/runner/work/aspnetcore/aspnetcore/artifacts/bin/microsoft.aspnetcore.components.tests/debug/net10.0/microsoft.aspnetcore.components.tests.dll" id="135da1e3-af3a-1f52-42c8-cdd786c6db9c">
      <Execution id="40eefbe5-3067-4b00-bca2-8d79489a43bc" />
      <TestMethod codeBase="/home/runner/work/aspnetcore/aspnetcore/artifacts/bin/Microsoft.AspNetCore.Components.Tests/Debug/net10.0/Microsoft.AspNetCore.Components.Tests.dll" adapterTypeName="executor://xunit/VsTestRunner3/netcore/" className="Microsoft.AspNetCore.Components.CascadingParameterStateTest" name="FindCascadingParameters_WithSingleDelivery" />
    </UnitTest>
    <UnitTest name="Microsoft.AspNetCore.Components.Rendering.RendererSynchronizationContextTest.InvokeAsync_Action_CanReportCancellation" storage="/home/runner/work/aspnetcore/aspnetcore/artifacts/bin/microsoft.aspnetcore.components.tests/debug/net10.0/microsoft.aspnetcore.components.tests.dll" id="44d887a3-564f-84c7-4e8c-59b8b5d9d6ce">
      <Execution id="ba748d6c-54b4-4b93-b446-101b4bc4c883" />
      <TestMethod codeBase="/home/runner/work/aspnetcore/aspnetcore/artifacts/bin/Microsoft.AspNetCore.Components.Tests/Debug/net10.0/Microsoft.AspNetCore.Components.Tests.dll" adapterTypeName="executor://xunit/VsTestRunner3/netcore/" className="Microsoft.AspNetCore.Components.Rendering.RendererSynchronizationContextTest" name="InvokeAsync_Action_CanReportCancellation" />
    </UnitTest>
    <UnitTest name="Microsoft.AspNetCore.Components.Test.RendererTest.EventDispatching_DelegateParameter_MethodToDelegateConversion" storage="/home/runner/work/aspnetcore/aspnetcore/artifacts/bin/microsoft.aspnetcore.components.tests/debug/net10.0/microsoft.aspnetcore.components.tests.dll" id="dbc1eaf3-3264-f455-406d-6da8ccabb029">
      <Execution id="dffacbb1-4564-4089-bd08-a733b1d0fb48" />
      <TestMethod codeBase="/home/runner/work/aspnetcore/aspnetcore/artifacts/bin/Microsoft.AspNetCore.Components.Tests/Debug/net10.0/Microsoft.AspNetCore.Components.Tests.dll" adapterTypeName="executor://xunit/VsTestRunner3/netcore/" className="Microsoft.AspNetCore.Components.Test.RendererTest" name="EventDispatching_DelegateParameter_MethodToDelegateConversion" />
    </UnitTest>
    <UnitTest name="Microsoft.AspNetCore.Components.EventCallbackFactoryTest.CreateT_FuncTTask_AlreadyBoundToReceiver" storage="/home/runner/work/aspnetcore/aspnetcore/artifacts/bin/microsoft.aspnetcore.components.tests/debug/net10.0/microsoft.aspnetcore.components.tests.dll" id="4f3a0d39-f52c-69ba-8d47-bd76f1e2941f">
      <Execution id="6377ef22-9a46-471c-bb2a-7b93b70f7dba" />
      <TestMethod codeBase="/home/runner/work/aspnetcore/aspnetcore/artifacts/bin/Microsoft.AspNetCore.Components.Tests/Debug/net10.0/Microsoft.AspNetCore.Components.Tests.dll" adapterTypeName="executor://xunit/VsTestRunner3/netcore/" className="Microsoft.AspNetCore.Components.EventCallbackFactoryTest" name="CreateT_FuncTTask_AlreadyBoundToReceiver" />
    </UnitTest>
    <UnitTest name="Microsoft.AspNetCore.Components.PersistentState.PersistentServicesRegistryTest.ResolveRegistrations_RemovesDuplicateRegistrations" storage="/home/runner/work/aspnetcore/aspnetcore/artifacts/bin/microsoft.aspnetcore.components.tests/debug/net10.0/microsoft.aspnetcore.components.tests.dll" id="3db6146b-8753-2f6f-7e63-f3f5ffe3108c">
      <Execution id="2f7cb27a-47fc-46cf-a905-500e35461cdd" />
      <TestMethod codeBase="/home/runner/work/aspnetcore/aspnetcore/artifacts/bin/Microsoft.AspNetCore.Components.Tests/Debug/net10.0/Microsoft.AspNetCore.Components.Tests.dll" adapterTypeName="executor://xunit/VsTestRunner3/netcore/" className="Microsoft.AspNetCore.Components.PersistentState.PersistentServicesRegistryTest" name="ResolveRegistrations_RemovesDuplicateRegistrations" />
    </UnitTest>
    <UnitTest name="Microsoft.AspNetCore.Components.Routing.QueryParameterValueSupplierTest.RejectsUnparseableValues(key: &quot;LongVal&quot;, value: &quot;this+is+a+long+value&quot;, targetType: typeof(long))" storage="/home/runner/work/aspnetcore/aspnetcore/artifacts/bin/microsoft.aspnetcore.components.tests/debug/net10.0/microsoft.aspnetcore.components.tests.dll" id="cbde4861-efff-1a21-e3b8-4a68847e0b93">
      <Execution id="9a41476a-90b2-4f14-a0e9-74c8437f9bc3" />
      <TestMethod codeBase="/home/runner/work/aspnetcore/aspnetcore/artifacts/bin/Microsoft.AspNetCore.Components.Tests/Debug/net10.0/Microsoft.AspNetCore.Components.Tests.dll" adapterTypeName="executor://xunit/VsTestRunner3/netcore/" className="Microsoft.AspNetCore.Components.Routing.QueryParameterValueSupplierTest" name="RejectsUnparseableValues" />
    </UnitTest>
    <UnitTest name="Microsoft.AspNetCore.Components.ComponentsMetricsTest.IsBatchEnabled_ReturnsCorrectState" storage="/home/runner/work/aspnetcore/aspnetcore/artifacts/bin/microsoft.aspnetcore.components.tests/debug/net10.0/microsoft.aspnetcore.components.tests.dll" id="93aff1d6-6c12-f6a4-01a8-c74bab96ef88">
      <Execution id="d0f347bd-1950-4522-90c1-ef021b693f2b" />
      <TestMethod codeBase="/home/runner/work/aspnetcore/aspnetcore/artifacts/bin/Microsoft.AspNetCore.Components.Tests/Debug/net10.0/Microsoft.AspNetCore.Components.Tests.dll" adapterTypeName="executor://xunit/VsTestRunner3/netcore/" className="Microsoft.AspNetCore.Components.ComponentsMetricsTest" name="IsBatchEnabled_ReturnsCorrectState" />
    </UnitTest>
    <UnitTest name="Microsoft.AspNetCore.Components.Test.RendererTest.ExceptionsThrownAsynchronouslyDuringFirstRenderCanBeHandled" storage="/home/runner/work/aspnetcore/aspnetcore/artifacts/bin/microsoft.aspnetcore.components.tests/debug/net10.0/microsoft.aspnetcore.components.tests.dll" id="a1966e14-6367-baf1-7df0-add3f329d6ee">
      <Execution id="ba05495d-2a9b-48b5-b66d-0333f0e9b133" />
      <TestMethod codeBase="/home/runner/work/aspnetcore/aspnetcore/artifacts/bin/Microsoft.AspNetCore.Components.Tests/Debug/net10.0/Microsoft.AspNetCore.Components.Tests.dll" adapterTypeName="executor://xunit/VsTestRunner3/netcore/" className="Microsoft.AspNetCore.Components.Test.RendererTest" name="ExceptionsThrownAsynchronouslyDuringFirstRenderCanBeHandled" />
    </UnitTest>
    <UnitTest name="Microsoft.AspNetCore.Components.PersistentStateValueProviderTests.Subscribe_RegistersPersistenceCallback" storage="/home/runner/work/aspnetcore/aspnetcore/artifacts/bin/microsoft.aspnetcore.components.tests/debug/net10.0/microsoft.aspnetcore.components.tests.dll" id="b1c70ff9-286f-152b-218e-f1e925e50502">
      <Execution id="970fafd9-2b5c-45aa-8bb5-423e949c1fed" />
      <TestMethod codeBase="/home/runner/work/aspnetcore/aspnetcore/artifacts/bin/Microsoft.AspNetCore.Components.Tests/Debug/net10.0/Microsoft.AspNetCore.Components.Tests.dll" adapterTypeName="executor://xunit/VsTestRunner3/netcore/" className="Microsoft.AspNetCore.Components.PersistentStateValueProviderTests" name="Subscribe_RegistersPersistenceCallback" />
    </UnitTest>
    <UnitTest name="Microsoft.AspNetCore.Components.Test.DependencyInjectionTest.ThrowsIfNoSuchServiceIsRegistered" storage="/home/runner/work/aspnetcore/aspnetcore/artifacts/bin/microsoft.aspnetcore.components.tests/debug/net10.0/microsoft.aspnetcore.components.tests.dll" id="3f3faa4d-9dcc-024e-97a0-c6f2335fff9a">
      <Execution id="388feb7d-ee02-4e0a-a9c0-fa7216772edb" />
      <TestMethod codeBase="/home/runner/work/aspnetcore/aspnetcore/artifacts/bin/Microsoft.AspNetCore.Components.Tests/Debug/net10.0/Microsoft.AspNetCore.Components.Tests.dll" adapterTypeName="executor://xunit/VsTestRunner3/netcore/" className="Microsoft.AspNetCore.Components.Test.DependencyInjectionTest" name="ThrowsIfNoSuchServiceIsRegistered" />
    </UnitTest>
    <UnitTest name="Microsoft.AspNetCore.Components.Rendering.RendererSynchronizationContextTest.InvokeAsync_FuncTaskT_CanRunSynchronously_WhenNotBusy" storage="/home/runner/work/aspnetcore/aspnetcore/artifacts/bin/microsoft.aspnetcore.components.tests/debug/net10.0/microsoft.aspnetcore.components.tests.dll" id="8631ac2b-a4f0-7451-f5d6-c315253da478">
      <Execution id="64c74b1e-a131-4c75-96f5-242bd4d4a14d" />
      <TestMethod codeBase="/home/runner/work/aspnetcore/aspnetcore/artifacts/bin/Microsoft.AspNetCore.Components.Tests/Debug/net10.0/Microsoft.AspNetCore.Components.Tests.dll" adapterTypeName="executor://xunit/VsTestRunner3/netcore/" className="Microsoft.AspNetCore.Components.Rendering.RendererSynchronizationContextTest" name="InvokeAsync_FuncTaskT_CanRunSynchronously_WhenNotBusy" />
    </UnitTest>
    <UnitTest name="Microsoft.AspNetCore.Components.EventCallbackFactoryTest.Create_ActionT_Unbound" storage="/home/runner/work/aspnetcore/aspnetcore/artifacts/bin/microsoft.aspnetcore.components.tests/debug/net10.0/microsoft.aspnetcore.components.tests.dll" id="23b58f3e-490c-efc8-cd5b-da219b5577a2">
      <Execution id="16046640-d854-41b7-8300-28dabfb37b79" />
      <TestMethod codeBase="/home/runner/work/aspnetcore/aspnetcore/artifacts/bin/Microsoft.AspNetCore.Components.Tests/Debug/net10.0/Microsoft.AspNetCore.Components.Tests.dll" adapterTypeName="executor://xunit/VsTestRunner3/netcore/" className="Microsoft.AspNetCore.Components.EventCallbackFactoryTest" name="Create_ActionT_Unbound" />
    </UnitTest>
    <UnitTest name="Microsoft.AspNetCore.Components.Test.RenderTreeDiffBuilderTest.AssignsDistinctIdToNewElementReferenceCaptures" storage="/home/runner/work/aspnetcore/aspnetcore/artifacts/bin/microsoft.aspnetcore.components.tests/debug/net10.0/microsoft.aspnetcore.components.tests.dll" id="4522da56-4d84-3792-605d-c84c61cc10a3">
      <Execution id="c1944320-ca5a-4ab6-8f95-e3de6cd5d2bf" />
      <TestMethod codeBase="/home/runner/work/aspnetcore/aspnetcore/artifacts/bin/Microsoft.AspNetCore.Components.Tests/Debug/net10.0/Microsoft.AspNetCore.Components.Tests.dll" adapterTypeName="executor://xunit/VsTestRunner3/netcore/" className="Microsoft.AspNetCore.Components.Test.RenderTreeDiffBuilderTest" name="AssignsDistinctIdToNewElementReferenceCaptures" />
    </UnitTest>
    <UnitTest name="Microsoft.AspNetCore.Components.Routing.RouteTableFactoryTests.ThrowsForLiteralWithQuestionMark" storage="/home/runner/work/aspnetcore/aspnetcore/artifacts/bin/microsoft.aspnetcore.components.tests/debug/net10.0/microsoft.aspnetcore.components.tests.dll" id="a7f9f6b1-d415-3e22-23b3-e762fc255390">
      <Execution id="29a543c7-4fe5-4c16-b53c-6e6b2c68f228" />
      <TestMethod codeBase="/home/runner/work/aspnetcore/aspnetcore/artifacts/bin/Microsoft.AspNetCore.Components.Tests/Debug/net10.0/Microsoft.AspNetCore.Components.Tests.dll" adapterTypeName="executor://xunit/VsTestRunner3/netcore/" className="Microsoft.AspNetCore.Components.Routing.RouteTableFactoryTests" name="ThrowsForLiteralWithQuestionMark" />
    </UnitTest>
    <UnitTest name="Microsoft.AspNetCore.Components.ComponentApplicationStateTest.PersistAsJson_SerializesTheDataToJsonAsync" storage="/home/runner/work/aspnetcore/aspnetcore/artifacts/bin/microsoft.aspnetcore.components.tests/debug/net10.0/microsoft.aspnetcore.components.tests.dll" id="60aa4840-4143-aeb1-78fe-2a2944d095ab">
      <Execution id="034477e1-8a6f-42d6-a857-dee5b194be66" />
      <TestMethod codeBase="/home/runner/work/aspnetcore/aspnetcore/artifacts/bin/Microsoft.AspNetCore.Components.Tests/Debug/net10.0/Microsoft.AspNetCore.Components.Tests.dll" adapterTypeName="executor://xunit/VsTestRunner3/netcore/" className="Microsoft.AspNetCore.Components.ComponentApplicationStateTest" name="PersistAsJson_SerializesTheDataToJsonAsync" />
    </UnitTest>
    <UnitTest name="Microsoft.AspNetCore.Components.Routing.RoutePatternParserTests.InvalidTemplate_CatchAllParamWithIncorrectPlacedAsterisks(template: &quot;/test/{a}/{*b*c}&quot;, lastParameter: &quot;b*c&quot;)" storage="/home/runner/work/aspnetcore/aspnetcore/artifacts/bin/microsoft.aspnetcore.components.tests/debug/net10.0/microsoft.aspnetcore.components.tests.dll" id="b10f248a-72b4-80bc-d772-2a647c32a39f">
      <Execution id="4322179d-6881-4ab1-bc38-19dda8c013c4" />
      <TestMethod codeBase="/home/runner/work/aspnetcore/aspnetcore/artifacts/bin/Microsoft.AspNetCore.Components.Tests/Debug/net10.0/Microsoft.AspNetCore.Components.Tests.dll" adapterTypeName="executor://xunit/VsTestRunner3/netcore/" className="Microsoft.AspNetCore.Components.Routing.RoutePatternParserTests" name="InvalidTemplate_CatchAllParamWithIncorrectPlacedAsterisks" />
    </UnitTest>
    <UnitTest name="Microsoft.AspNetCore.Components.Routing.RouteTableFactoryTests.DetectsAmbiguousRoutesNoFalsePositives(left: &quot;/literal/literal2/{parameter}&quot;, right: &quot;/literal/literal3/{parameter}&quot;)" storage="/home/runner/work/aspnetcore/aspnetcore/artifacts/bin/microsoft.aspnetcore.components.tests/debug/net10.0/microsoft.aspnetcore.components.tests.dll" id="6bd1caa1-a69e-87f9-5b93-e34f3c28efd8">
      <Execution id="27dd5b8d-0cc2-43aa-bfe5-98fa0339302f" />
      <TestMethod codeBase="/home/runner/work/aspnetcore/aspnetcore/artifacts/bin/Microsoft.AspNetCore.Components.Tests/Debug/net10.0/Microsoft.AspNetCore.Components.Tests.dll" adapterTypeName="executor://xunit/VsTestRunner3/netcore/" className="Microsoft.AspNetCore.Components.Routing.RouteTableFactoryTests" name="DetectsAmbiguousRoutesNoFalsePositives" />
    </UnitTest>
    <UnitTest name="Microsoft.AspNetCore.Components.Test.RendererTest.CannotRemoveSameRootComponentMultipleTimesSynchronously" storage="/home/runner/work/aspnetcore/aspnetcore/artifacts/bin/microsoft.aspnetcore.components.tests/debug/net10.0/microsoft.aspnetcore.components.tests.dll" id="df8c9b95-a255-3a68-4e47-6b2613e469f6">
      <Execution id="c148ddb4-aaa3-4c2c-851f-82443987ae7e" />
      <TestMethod codeBase="/home/runner/work/aspnetcore/aspnetcore/artifacts/bin/Microsoft.AspNetCore.Components.Tests/Debug/net10.0/Microsoft.AspNetCore.Components.Tests.dll" adapterTypeName="executor://xunit/VsTestRunner3/netcore/" className="Microsoft.AspNetCore.Components.Test.RendererTest" name="CannotRemoveSameRootComponentMultipleTimesSynchronously" />
    </UnitTest>
    <UnitTest name="Microsoft.AspNetCore.Components.Routing.QueryParameterValueSupplierTest.RejectsUnparseableArrayEntries(key: &quot;IntVals&quot;, validValue: &quot;5000000&quot;, invalidValue: &quot;5000000000&quot;, targetType: typeof(int))" storage="/home/runner/work/aspnetcore/aspnetcore/artifacts/bin/microsoft.aspnetcore.components.tests/debug/net10.0/microsoft.aspnetcore.components.tests.dll" id="9ac88fac-570d-d8ee-d408-62790ae958c8">
      <Execution id="a2cfd37c-2855-4292-bdc7-0a51919a564b" />
      <TestMethod codeBase="/home/runner/work/aspnetcore/aspnetcore/artifacts/bin/Microsoft.AspNetCore.Components.Tests/Debug/net10.0/Microsoft.AspNetCore.Components.Tests.dll" adapterTypeName="executor://xunit/VsTestRunner3/netcore/" className="Microsoft.AspNetCore.Components.Routing.QueryParameterValueSupplierTest" name="RejectsUnparseableArrayEntries" />
    </UnitTest>
    <UnitTest name="Microsoft.AspNetCore.Components.BindConverterTest.TryConvertTo_NullableGuid__Invalid" storage="/home/runner/work/aspnetcore/aspnetcore/artifacts/bin/microsoft.aspnetcore.components.tests/debug/net10.0/microsoft.aspnetcore.components.tests.dll" id="cb3e2cc2-98fe-4dd6-bd1e-0dcde34bd83e">
      <Execution id="05dd44a0-94bb-44b9-8ac8-048cf2702477" />
      <TestMethod codeBase="/home/runner/work/aspnetcore/aspnetcore/artifacts/bin/Microsoft.AspNetCore.Components.Tests/Debug/net10.0/Microsoft.AspNetCore.Components.Tests.dll" adapterTypeName="executor://xunit/VsTestRunner3/netcore/" className="Microsoft.AspNetCore.Components.BindConverterTest" name="TryConvertTo_NullableGuid__Invalid" />
    </UnitTest>
    <UnitTest name="Microsoft.AspNetCore.Components.EventCallbackFactoryBinderExtensionsTest.CreateBinder_NullableGuid" storage="/home/runner/work/aspnetcore/aspnetcore/artifacts/bin/microsoft.aspnetcore.components.tests/debug/net10.0/microsoft.aspnetcore.components.tests.dll" id="f32f6b07-5072-5325-a166-780485e63476">
      <Execution id="4051c239-3fd1-4010-9112-76f6e2a650a6" />
      <TestMethod codeBase="/home/runner/work/aspnetcore/aspnetcore/artifacts/bin/Microsoft.AspNetCore.Components.Tests/Debug/net10.0/Microsoft.AspNetCore.Components.Tests.dll" adapterTypeName="executor://xunit/VsTestRunner3/netcore/" className="Microsoft.AspNetCore.Components.EventCallbackFactoryBinderExtensionsTest" name="CreateBinder_NullableGuid" />
    </UnitTest>
    <UnitTest name="Microsoft.AspNetCore.Components.Test.RendererTest.DispatchEventAsync_EventCallback_AsynchronousException" storage="/home/runner/work/aspnetcore/aspnetcore/artifacts/bin/microsoft.aspnetcore.components.tests/debug/net10.0/microsoft.aspnetcore.components.tests.dll" id="ac8a09f0-5e61-decb-d06b-aadb102dc985">
      <Execution id="407b885c-ce1e-49c3-aae5-cadbf7eb4759" />
      <TestMethod codeBase="/home/runner/work/aspnetcore/aspnetcore/artifacts/bin/Microsoft.AspNetCore.Components.Tests/Debug/net10.0/Microsoft.AspNetCore.Components.Tests.dll" adapterTypeName="executor://xunit/VsTestRunner3/netcore/" className="Microsoft.AspNetCore.Components.Test.RendererTest" name="DispatchEventAsync_EventCallback_AsynchronousException" />
    </UnitTest>
    <UnitTest name="Microsoft.AspNetCore.Components.ComponentsActivitySourceTest.StartRouteActivity_CreatesAndStartsActivity" storage="/home/runner/work/aspnetcore/aspnetcore/artifacts/bin/microsoft.aspnetcore.components.tests/debug/net10.0/microsoft.aspnetcore.components.tests.dll" id="63fbe8a8-1093-5f19-3339-a4ab0bbc9f7c">
      <Execution id="7b952dcb-ff1a-4375-a85c-85bf70bb5b13" />
      <TestMethod codeBase="/home/runner/work/aspnetcore/aspnetcore/artifacts/bin/Microsoft.AspNetCore.Components.Tests/Debug/net10.0/Microsoft.AspNetCore.Components.Tests.dll" adapterTypeName="executor://xunit/VsTestRunner3/netcore/" className="Microsoft.AspNetCore.Components.ComponentsActivitySourceTest" name="StartRouteActivity_CreatesAndStartsActivity" />
    </UnitTest>
    <UnitTest name="Microsoft.AspNetCore.Components.NavigationManagerTest.GetUriWithQueryParameters_ThrowsWhenAnyParameterNameIsEmpty(baseUri: &quot;scheme://host/&quot;)" storage="/home/runner/work/aspnetcore/aspnetcore/artifacts/bin/microsoft.aspnetcore.components.tests/debug/net10.0/microsoft.aspnetcore.components.tests.dll" id="992bec01-afaa-865d-6185-24098986100e">
      <Execution id="c5f6ba77-3624-4cec-adff-c0531b15f827" />
      <TestMethod codeBase="/home/runner/work/aspnetcore/aspnetcore/artifacts/bin/Microsoft.AspNetCore.Components.Tests/Debug/net10.0/Microsoft.AspNetCore.Components.Tests.dll" adapterTypeName="executor://xunit/VsTestRunner3/netcore/" className="Microsoft.AspNetCore.Components.NavigationManagerTest" name="GetUriWithQueryParameters_ThrowsWhenAnyParameterNameIsEmpty" />
    </UnitTest>
    <UnitTest name="Microsoft.AspNetCore.Components.BindConverterTest.FormatValue_Enum" storage="/home/runner/work/aspnetcore/aspnetcore/artifacts/bin/microsoft.aspnetcore.components.tests/debug/net10.0/microsoft.aspnetcore.components.tests.dll" id="006b894d-7068-832e-cacb-752c42f3ccb1">
      <Execution id="3c74953c-1441-4c52-ae07-8975dd03a32e" />
      <TestMethod codeBase="/home/runner/work/aspnetcore/aspnetcore/artifacts/bin/Microsoft.AspNetCore.Components.Tests/Debug/net10.0/Microsoft.AspNetCore.Components.Tests.dll" adapterTypeName="executor://xunit/VsTestRunner3/netcore/" className="Microsoft.AspNetCore.Components.BindConverterTest" name="FormatValue_Enum" />
    </UnitTest>
    <UnitTest name="Microsoft.AspNetCore.Components.Rendering.RenderTreeBuilderTest.ProcessDuplicateAttributes_CanRemoveDuplicateInsideElement" storage="/home/runner/work/aspnetcore/aspnetcore/artifacts/bin/microsoft.aspnetcore.components.tests/debug/net10.0/microsoft.aspnetcore.components.tests.dll" id="cccea001-0fd4-8a8c-2ed3-d5353b49df15">
      <Execution id="1f6ee66f-6d96-4a8a-b740-b3d2ae66a291" />
      <TestMethod codeBase="/home/runner/work/aspnetcore/aspnetcore/artifacts/bin/Microsoft.AspNetCore.Components.Tests/Debug/net10.0/Microsoft.AspNetCore.Components.Tests.dll" adapterTypeName="executor://xunit/VsTestRunner3/netcore/" className="Microsoft.AspNetCore.Components.Rendering.RenderTreeBuilderTest" name="ProcessDuplicateAttributes_CanRemoveDuplicateInsideElement" />
    </UnitTest>
    <UnitTest name="Microsoft.AspNetCore.Components.ComponentsActivitySourceTest.StartEventActivity_CreatesAndStartsActivity" storage="/home/runner/work/aspnetcore/aspnetcore/artifacts/bin/microsoft.aspnetcore.components.tests/debug/net10.0/microsoft.aspnetcore.components.tests.dll" id="f3d69de4-39c4-a4ca-8189-6166c88a27ce">
      <Execution id="7960b9b5-f0a5-416d-961e-6cd18b762791" />
      <TestMethod codeBase="/home/runner/work/aspnetcore/aspnetcore/artifacts/bin/Microsoft.AspNetCore.Components.Tests/Debug/net10.0/Microsoft.AspNetCore.Components.Tests.dll" adapterTypeName="executor://xunit/VsTestRunner3/netcore/" className="Microsoft.AspNetCore.Components.ComponentsActivitySourceTest" name="StartEventActivity_CreatesAndStartsActivity" />
    </UnitTest>
    <UnitTest name="Microsoft.AspNetCore.Components.EventCallbackFactoryBinderExtensionsTest.CreateBinder_NullableFloat" storage="/home/runner/work/aspnetcore/aspnetcore/artifacts/bin/microsoft.aspnetcore.components.tests/debug/net10.0/microsoft.aspnetcore.components.tests.dll" id="0ff4db9f-5f38-5efa-de90-1ce1219075c7">
      <Execution id="0c4eb515-7460-43a0-8fde-4673d05ec6ba" />
      <TestMethod codeBase="/home/runner/work/aspnetcore/aspnetcore/artifacts/bin/Microsoft.AspNetCore.Components.Tests/Debug/net10.0/Microsoft.AspNetCore.Components.Tests.dll" adapterTypeName="executor://xunit/VsTestRunner3/netcore/" className="Microsoft.AspNetCore.Components.EventCallbackFactoryBinderExtensionsTest" name="CreateBinder_NullableFloat" />
    </UnitTest>
    <UnitTest name="Microsoft.AspNetCore.Components.BindConverterTest.TryConvertTo_NullableGuid_ValidEmptyOrNull(incomingValue: &quot;&quot;)" storage="/home/runner/work/aspnetcore/aspnetcore/artifacts/bin/microsoft.aspnetcore.components.tests/debug/net10.0/microsoft.aspnetcore.components.tests.dll" id="28374e96-3231-6de2-97b5-ed5b9d438372">
      <Execution id="42eda672-38fb-4ea0-bf0c-6b755a675919" />
      <TestMethod codeBase="/home/runner/work/aspnetcore/aspnetcore/artifacts/bin/Microsoft.AspNetCore.Components.Tests/Debug/net10.0/Microsoft.AspNetCore.Components.Tests.dll" adapterTypeName="executor://xunit/VsTestRunner3/netcore/" className="Microsoft.AspNetCore.Components.BindConverterTest" name="TryConvertTo_NullableGuid_ValidEmptyOrNull" />
    </UnitTest>
    <UnitTest name="Microsoft.AspNetCore.Components.Routing.RoutePatternParserTests.Parse_SingleCatchAllParameter(parsedTemplate: &quot;p&quot;, template: &quot;{**p}&quot;)" storage="/home/runner/work/aspnetcore/aspnetcore/artifacts/bin/microsoft.aspnetcore.components.tests/debug/net10.0/microsoft.aspnetcore.components.tests.dll" id="493eac30-9a2e-c0a5-b279-4d707c07c29c">
      <Execution id="229255b5-e491-4efe-8046-c3ef77815804" />
      <TestMethod codeBase="/home/runner/work/aspnetcore/aspnetcore/artifacts/bin/Microsoft.AspNetCore.Components.Tests/Debug/net10.0/Microsoft.AspNetCore.Components.Tests.dll" adapterTypeName="executor://xunit/VsTestRunner3/netcore/" className="Microsoft.AspNetCore.Components.Routing.RoutePatternParserTests" name="Parse_SingleCatchAllParameter" />
    </UnitTest>
    <UnitTest name="Microsoft.AspNetCore.Components.Test.RendererTest.SetParametersAsyncExceptionsCanBeHandledByClosestErrorBoundary_Sync" storage="/home/runner/work/aspnetcore/aspnetcore/artifacts/bin/microsoft.aspnetcore.components.tests/debug/net10.0/microsoft.aspnetcore.components.tests.dll" id="f29c0848-a7ca-f136-1dcd-7586e9ef800e">
      <Execution id="4d1dbf6d-a4c4-4478-94e8-bdbf60f01ea9" />
      <TestMethod codeBase="/home/runner/work/aspnetcore/aspnetcore/artifacts/bin/Microsoft.AspNetCore.Components.Tests/Debug/net10.0/Microsoft.AspNetCore.Components.Tests.dll" adapterTypeName="executor://xunit/VsTestRunner3/netcore/" className="Microsoft.AspNetCore.Components.Test.RendererTest" name="SetParametersAsyncExceptionsCanBeHandledByClosestErrorBoundary_Sync" />
    </UnitTest>
    <UnitTest name="Microsoft.AspNetCore.Components.Routing.RouteTableFactoryTests.DoesNotMatchIfConstraintDoesNotMatch(template: &quot;/{value:datetime}&quot;, contextUrl: &quot;/1955-01-32&quot;)" storage="/home/runner/work/aspnetcore/aspnetcore/artifacts/bin/microsoft.aspnetcore.components.tests/debug/net10.0/microsoft.aspnetcore.components.tests.dll" id="393e481b-158c-75bb-3e76-8ea5ce6b7bcb">
      <Execution id="0f7e0c45-0670-4e34-b1a2-d10738b120b3" />
      <TestMethod codeBase="/home/runner/work/aspnetcore/aspnetcore/artifacts/bin/Microsoft.AspNetCore.Components.Tests/Debug/net10.0/Microsoft.AspNetCore.Components.Tests.dll" adapterTypeName="executor://xunit/VsTestRunner3/netcore/" className="Microsoft.AspNetCore.Components.Routing.RouteTableFactoryTests" name="DoesNotMatchIfConstraintDoesNotMatch" />
    </UnitTest>
    <UnitTest name="Microsoft.AspNetCore.Components.EventCallbackFactoryTest.Create_ActionT_Null" storage="/home/runner/work/aspnetcore/aspnetcore/artifacts/bin/microsoft.aspnetcore.components.tests/debug/net10.0/microsoft.aspnetcore.components.tests.dll" id="74489b6f-6a60-3cac-09a1-637aa644b304">
      <Execution id="d35e6bfe-9289-4f83-9798-d8628d29111a" />
      <TestMethod codeBase="/home/runner/work/aspnetcore/aspnetcore/artifacts/bin/Microsoft.AspNetCore.Components.Tests/Debug/net10.0/Microsoft.AspNetCore.Components.Tests.dll" adapterTypeName="executor://xunit/VsTestRunner3/netcore/" className="Microsoft.AspNetCore.Components.EventCallbackFactoryTest" name="Create_ActionT_Null" />
    </UnitTest>
    <UnitTest name="Microsoft.AspNetCore.Components.Rendering.SimplifiedStringHashComparerTest.HashCodesAreCaseInsensitive" storage="/home/runner/work/aspnetcore/aspnetcore/artifacts/bin/microsoft.aspnetcore.components.tests/debug/net10.0/microsoft.aspnetcore.components.tests.dll" id="048f892b-5fca-ad87-8ead-5d8bd0cce142">
      <Execution id="dada91e4-2109-4a16-8e20-37b5e9f0cf63" />
      <TestMethod codeBase="/home/runner/work/aspnetcore/aspnetcore/artifacts/bin/Microsoft.AspNetCore.Components.Tests/Debug/net10.0/Microsoft.AspNetCore.Components.Tests.dll" adapterTypeName="executor://xunit/VsTestRunner3/netcore/" className="Microsoft.AspNetCore.Components.Rendering.SimplifiedStringHashComparerTest" name="HashCodesAreCaseInsensitive" />
    </UnitTest>
    <UnitTest name="AlwaysTestTests.SuccessfulTests.GuaranteedUnquarantinedTest" storage="/home/runner/work/aspnetcore/aspnetcore/artifacts/bin/microsoft.aspnetcore.components.tests/debug/net10.0/microsoft.aspnetcore.components.tests.dll" id="f91e0c9e-d619-e37a-3c56-d24e6f6ed939">
      <Execution id="1dcd1926-6964-4c55-9303-6480dc39a503" />
      <TestMethod codeBase="/home/runner/work/aspnetcore/aspnetcore/artifacts/bin/Microsoft.AspNetCore.Components.Tests/Debug/net10.0/Microsoft.AspNetCore.Components.Tests.dll" adapterTypeName="executor://xunit/VsTestRunner3/netcore/" className="AlwaysTestTests.SuccessfulTests" name="GuaranteedUnquarantinedTest" />
    </UnitTest>
    <UnitTest name="Microsoft.AspNetCore.Components.EventCallbackFactoryBinderExtensionsTest.CreateBinder_NullableDateTimeOffset" storage="/home/runner/work/aspnetcore/aspnetcore/artifacts/bin/microsoft.aspnetcore.components.tests/debug/net10.0/microsoft.aspnetcore.components.tests.dll" id="08f25456-1c66-a071-fe5d-652bad4ee49f">
      <Execution id="aafb7677-e9ed-4933-849d-cf51d997b7cc" />
      <TestMethod codeBase="/home/runner/work/aspnetcore/aspnetcore/artifacts/bin/Microsoft.AspNetCore.Components.Tests/Debug/net10.0/Microsoft.AspNetCore.Components.Tests.dll" adapterTypeName="executor://xunit/VsTestRunner3/netcore/" className="Microsoft.AspNetCore.Components.EventCallbackFactoryBinderExtensionsTest" name="CreateBinder_NullableDateTimeOffset" />
    </UnitTest>
    <UnitTest name="Microsoft.AspNetCore.Components.Routing.RouterTest.AlreadyCanceledOnNavigateAsyncDoesNothing" storage="/home/runner/work/aspnetcore/aspnetcore/artifacts/bin/microsoft.aspnetcore.components.tests/debug/net10.0/microsoft.aspnetcore.components.tests.dll" id="3c833b0f-7562-cd20-cdba-54fcf6f967ba">
      <Execution id="4b767f7b-d354-4ce3-94cf-2fb5b05f454a" />
      <TestMethod codeBase="/home/runner/work/aspnetcore/aspnetcore/artifacts/bin/Microsoft.AspNetCore.Components.Tests/Debug/net10.0/Microsoft.AspNetCore.Components.Tests.dll" adapterTypeName="executor://xunit/VsTestRunner3/netcore/" className="Microsoft.AspNetCore.Components.Routing.RouterTest" name="AlreadyCanceledOnNavigateAsyncDoesNothing" />
    </UnitTest>
    <UnitTest name="Microsoft.AspNetCore.Components.Routing.RouteTableFactoryTests.CanDiscoverRoutes_WithInheritance" storage="/home/runner/work/aspnetcore/aspnetcore/artifacts/bin/microsoft.aspnetcore.components.tests/debug/net10.0/microsoft.aspnetcore.components.tests.dll" id="445fe214-f5e7-12a9-5342-bad235a2e291">
      <Execution id="691f7fe6-f850-441c-930f-2ee95da8f331" />
      <TestMethod codeBase="/home/runner/work/aspnetcore/aspnetcore/artifacts/bin/Microsoft.AspNetCore.Components.Tests/Debug/net10.0/Microsoft.AspNetCore.Components.Tests.dll" adapterTypeName="executor://xunit/VsTestRunner3/netcore/" className="Microsoft.AspNetCore.Components.Routing.RouteTableFactoryTests" name="CanDiscoverRoutes_WithInheritance" />
    </UnitTest>
    <UnitTest name="Microsoft.AspNetCore.Components.Routing.QueryParameterValueSupplierTest.RejectsUnparseableValues(key: &quot;NullableIntVal&quot;, value: &quot;5000000000&quot;, targetType: typeof(int?))" storage="/home/runner/work/aspnetcore/aspnetcore/artifacts/bin/microsoft.aspnetcore.components.tests/debug/net10.0/microsoft.aspnetcore.components.tests.dll" id="dfe8b480-aac2-fb25-40ae-0ac59e718385">
      <Execution id="ac10dfdd-9dbb-4615-8d54-8dd90053649e" />
      <TestMethod codeBase="/home/runner/work/aspnetcore/aspnetcore/artifacts/bin/Microsoft.AspNetCore.Components.Tests/Debug/net10.0/Microsoft.AspNetCore.Components.Tests.dll" adapterTypeName="executor://xunit/VsTestRunner3/netcore/" className="Microsoft.AspNetCore.Components.Routing.QueryParameterValueSupplierTest" name="RejectsUnparseableValues" />
    </UnitTest>
    <UnitTest name="Microsoft.AspNetCore.Components.BindConverterTest.TryConvertTo_NullableGuid_Valid" storage="/home/runner/work/aspnetcore/aspnetcore/artifacts/bin/microsoft.aspnetcore.components.tests/debug/net10.0/microsoft.aspnetcore.components.tests.dll" id="841bccef-6ccb-fbbf-a261-9a6b9d007115">
      <Execution id="117d4c3f-fe35-44da-a082-c6d86a0f1256" />
      <TestMethod codeBase="/home/runner/work/aspnetcore/aspnetcore/artifacts/bin/Microsoft.AspNetCore.Components.Tests/Debug/net10.0/Microsoft.AspNetCore.Components.Tests.dll" adapterTypeName="executor://xunit/VsTestRunner3/netcore/" className="Microsoft.AspNetCore.Components.BindConverterTest" name="TryConvertTo_NullableGuid_Valid" />
    </UnitTest>
    <UnitTest name="Microsoft.AspNetCore.Components.Routing.RoutePatternParserTests.ParseRouteParameter_ThrowsIf_ParameterContainsSpecialCharacters(template: &quot;{p*}&quot;, expectedMessage: &quot;The route parameter name 'p*' is invalid. Route pa&quot;···)" storage="/home/runner/work/aspnetcore/aspnetcore/artifacts/bin/microsoft.aspnetcore.components.tests/debug/net10.0/microsoft.aspnetcore.components.tests.dll" id="fd183794-75d0-1337-52c6-3655b93eaa37">
      <Execution id="56565dcb-dd8c-42c6-84b2-f0e2d3da7269" />
      <TestMethod codeBase="/home/runner/work/aspnetcore/aspnetcore/artifacts/bin/Microsoft.AspNetCore.Components.Tests/Debug/net10.0/Microsoft.AspNetCore.Components.Tests.dll" adapterTypeName="executor://xunit/VsTestRunner3/netcore/" className="Microsoft.AspNetCore.Components.Routing.RoutePatternParserTests" name="ParseRouteParameter_ThrowsIf_ParameterContainsSpecialCharacters" />
    </UnitTest>
    <UnitTest name="Microsoft.AspNetCore.Components.Test.RendererTest.ThrowsIfComponentProducesInvalidRenderTree" storage="/home/runner/work/aspnetcore/aspnetcore/artifacts/bin/microsoft.aspnetcore.components.tests/debug/net10.0/microsoft.aspnetcore.components.tests.dll" id="6fc57d16-1bbc-f8a1-b3f7-9c7fca46a84b">
      <Execution id="6ca75718-1748-4548-b7f7-bdff6c5f314a" />
      <TestMethod codeBase="/home/runner/work/aspnetcore/aspnetcore/artifacts/bin/Microsoft.AspNetCore.Components.Tests/Debug/net10.0/Microsoft.AspNetCore.Components.Tests.dll" adapterTypeName="executor://xunit/VsTestRunner3/netcore/" className="Microsoft.AspNetCore.Components.Test.RendererTest" name="ThrowsIfComponentProducesInvalidRenderTree" />
    </UnitTest>
    <UnitTest name="Microsoft.AspNetCore.Components.Test.RenderTreeDiffBuilderTest.InstantiatesChildComponentsForInsertedFrames" storage="/home/runner/work/aspnetcore/aspnetcore/artifacts/bin/microsoft.aspnetcore.components.tests/debug/net10.0/microsoft.aspnetcore.components.tests.dll" id="10ea75e5-1086-70be-114d-0a29818ef28d">
      <Execution id="ad4982db-c2dd-4c5c-871c-51c2da3285c9" />
      <TestMethod codeBase="/home/runner/work/aspnetcore/aspnetcore/artifacts/bin/Microsoft.AspNetCore.Components.Tests/Debug/net10.0/Microsoft.AspNetCore.Components.Tests.dll" adapterTypeName="executor://xunit/VsTestRunner3/netcore/" className="Microsoft.AspNetCore.Components.Test.RenderTreeDiffBuilderTest" name="InstantiatesChildComponentsForInsertedFrames" />
    </UnitTest>
    <UnitTest name="Microsoft.AspNetCore.Components.Test.RendererTest.CanDispatchTypedEventsToTopLevelComponents" storage="/home/runner/work/aspnetcore/aspnetcore/artifacts/bin/microsoft.aspnetcore.components.tests/debug/net10.0/microsoft.aspnetcore.components.tests.dll" id="7e522537-41c5-2350-467c-16610047dbcc">
      <Execution id="3e8c8e7b-abde-4979-8f0b-20ff9d22c44d" />
      <TestMethod codeBase="/home/runner/work/aspnetcore/aspnetcore/artifacts/bin/Microsoft.AspNetCore.Components.Tests/Debug/net10.0/Microsoft.AspNetCore.Components.Tests.dll" adapterTypeName="executor://xunit/VsTestRunner3/netcore/" className="Microsoft.AspNetCore.Components.Test.RendererTest" name="CanDispatchTypedEventsToTopLevelComponents" />
    </UnitTest>
    <UnitTest name="Microsoft.AspNetCore.Components.Test.RendererTest.ThrowsForUnknownRenderMode_AtCallSite" storage="/home/runner/work/aspnetcore/aspnetcore/artifacts/bin/microsoft.aspnetcore.components.tests/debug/net10.0/microsoft.aspnetcore.components.tests.dll" id="0a7cf376-32f4-f2f3-2805-ce0ea3a902d5">
      <Execution id="d74ee279-0d3b-4543-a978-6b34d10e9102" />
      <TestMethod codeBase="/home/runner/work/aspnetcore/aspnetcore/artifacts/bin/Microsoft.AspNetCore.Components.Tests/Debug/net10.0/Microsoft.AspNetCore.Components.Tests.dll" adapterTypeName="executor://xunit/VsTestRunner3/netcore/" className="Microsoft.AspNetCore.Components.Test.RendererTest" name="ThrowsForUnknownRenderMode_AtCallSite" />
    </UnitTest>
    <UnitTest name="Microsoft.AspNetCore.Components.Rendering.RenderTreeBuilderTest.CanAddChildComponentsUsingGenericParam" storage="/home/runner/work/aspnetcore/aspnetcore/artifacts/bin/microsoft.aspnetcore.components.tests/debug/net10.0/microsoft.aspnetcore.components.tests.dll" id="40f6e8f1-c463-9404-0bb3-59fd831ade56">
      <Execution id="23312f8a-3c00-4c25-96d3-5bd2cd37963a" />
      <TestMethod codeBase="/home/runner/work/aspnetcore/aspnetcore/artifacts/bin/Microsoft.AspNetCore.Components.Tests/Debug/net10.0/Microsoft.AspNetCore.Components.Tests.dll" adapterTypeName="executor://xunit/VsTestRunner3/netcore/" className="Microsoft.AspNetCore.Components.Rendering.RenderTreeBuilderTest" name="CanAddChildComponentsUsingGenericParam" />
    </UnitTest>
    <UnitTest name="Microsoft.AspNetCore.Components.Rendering.RenderTreeBuilderTest.ProcessDuplicateAttributes_CanRemoveOverwrittenAttributes" storage="/home/runner/work/aspnetcore/aspnetcore/artifacts/bin/microsoft.aspnetcore.components.tests/debug/net10.0/microsoft.aspnetcore.components.tests.dll" id="144e5bca-3bfc-6367-398d-edab10c2d420">
      <Execution id="527bf9c4-e43c-4159-877a-fe2c71d846f7" />
      <TestMethod codeBase="/home/runner/work/aspnetcore/aspnetcore/artifacts/bin/Microsoft.AspNetCore.Components.Tests/Debug/net10.0/Microsoft.AspNetCore.Components.Tests.dll" adapterTypeName="executor://xunit/VsTestRunner3/netcore/" className="Microsoft.AspNetCore.Components.Rendering.RenderTreeBuilderTest" name="ProcessDuplicateAttributes_CanRemoveOverwrittenAttributes" />
    </UnitTest>
    <UnitTest name="Microsoft.AspNetCore.Components.Routing.RouteKeyTest.RouteKey_WithAdditionalAssemblies" storage="/home/runner/work/aspnetcore/aspnetcore/artifacts/bin/microsoft.aspnetcore.components.tests/debug/net10.0/microsoft.aspnetcore.components.tests.dll" id="92eebf8a-d742-7edb-c8d7-cec559535ed0">
      <Execution id="c463c3ea-ebb1-4344-88e9-26731f406e47" />
      <TestMethod codeBase="/home/runner/work/aspnetcore/aspnetcore/artifacts/bin/Microsoft.AspNetCore.Components.Tests/Debug/net10.0/Microsoft.AspNetCore.Components.Tests.dll" adapterTypeName="executor://xunit/VsTestRunner3/netcore/" className="Microsoft.AspNetCore.Components.Routing.RouteKeyTest" name="RouteKey_WithAdditionalAssemblies" />
    </UnitTest>
    <UnitTest name="Microsoft.AspNetCore.Components.Test.RenderTreeDiffBuilderTest.RecognizesOldItemsBeingRemoved" storage="/home/runner/work/aspnetcore/aspnetcore/artifacts/bin/microsoft.aspnetcore.components.tests/debug/net10.0/microsoft.aspnetcore.components.tests.dll" id="ae0b7b88-d28a-0c6a-d7b5-b6074453b325">
      <Execution id="cefb8853-54b3-47ce-820a-c88a4dde3f12" />
      <TestMethod codeBase="/home/runner/work/aspnetcore/aspnetcore/artifacts/bin/Microsoft.AspNetCore.Components.Tests/Debug/net10.0/Microsoft.AspNetCore.Components.Tests.dll" adapterTypeName="executor://xunit/VsTestRunner3/netcore/" className="Microsoft.AspNetCore.Components.Test.RenderTreeDiffBuilderTest" name="RecognizesOldItemsBeingRemoved" />
    </UnitTest>
    <UnitTest name="Microsoft.AspNetCore.Components.NavigationManagerTest.ComputesCorrectValidBaseRelativePaths(baseUri: &quot;scheme://host/path/&quot;, uri: &quot;scheme://host/path&quot;, expectedResult: &quot;&quot;)" storage="/home/runner/work/aspnetcore/aspnetcore/artifacts/bin/microsoft.aspnetcore.components.tests/debug/net10.0/microsoft.aspnetcore.components.tests.dll" id="452d884b-ac05-1868-5528-0f831d9a3142">
      <Execution id="2a508912-981a-4eb8-9479-974adc7cb1db" />
      <TestMethod codeBase="/home/runner/work/aspnetcore/aspnetcore/artifacts/bin/Microsoft.AspNetCore.Components.Tests/Debug/net10.0/Microsoft.AspNetCore.Components.Tests.dll" adapterTypeName="executor://xunit/VsTestRunner3/netcore/" className="Microsoft.AspNetCore.Components.NavigationManagerTest" name="ComputesCorrectValidBaseRelativePaths" />
    </UnitTest>
    <UnitTest name="Microsoft.AspNetCore.Components.Test.CascadingParameterTest.CanUseTryAddPatternForCascadingValuesInServiceCollection_ValueFactory" storage="/home/runner/work/aspnetcore/aspnetcore/artifacts/bin/microsoft.aspnetcore.components.tests/debug/net10.0/microsoft.aspnetcore.components.tests.dll" id="313388aa-300e-4ea4-2b25-efd63fb97fae">
      <Execution id="12597995-d68d-4bbe-90e9-f69b7e8b7dc9" />
      <TestMethod codeBase="/home/runner/work/aspnetcore/aspnetcore/artifacts/bin/Microsoft.AspNetCore.Components.Tests/Debug/net10.0/Microsoft.AspNetCore.Components.Tests.dll" adapterTypeName="executor://xunit/VsTestRunner3/netcore/" className="Microsoft.AspNetCore.Components.Test.CascadingParameterTest" name="CanUseTryAddPatternForCascadingValuesInServiceCollection_ValueFactory" />
    </UnitTest>
    <UnitTest name="Microsoft.AspNetCore.Components.Routing.RouteTableFactoryTests.MoreSpecificRoutesPrecedeMoreGeneralRoutes" storage="/home/runner/work/aspnetcore/aspnetcore/artifacts/bin/microsoft.aspnetcore.components.tests/debug/net10.0/microsoft.aspnetcore.components.tests.dll" id="150fbe30-c8ae-5a0f-d543-a739498df3bc">
      <Execution id="858daa31-dd1b-4b61-aecc-b3c6acf354b8" />
      <TestMethod codeBase="/home/runner/work/aspnetcore/aspnetcore/artifacts/bin/Microsoft.AspNetCore.Components.Tests/Debug/net10.0/Microsoft.AspNetCore.Components.Tests.dll" adapterTypeName="executor://xunit/VsTestRunner3/netcore/" className="Microsoft.AspNetCore.Components.Routing.RouteTableFactoryTests" name="MoreSpecificRoutesPrecedeMoreGeneralRoutes" />
    </UnitTest>
    <UnitTest name="Microsoft.AspNetCore.Components.Routing.RoutePatternParserTests.ParseRouteParameter_ThrowsIf_ParameterContainsSpecialCharacters(template: &quot;{}}&quot;, expectedMessage: &quot;There is an incomplete parameter in the route temp&quot;···)" storage="/home/runner/work/aspnetcore/aspnetcore/artifacts/bin/microsoft.aspnetcore.components.tests/debug/net10.0/microsoft.aspnetcore.components.tests.dll" id="f0751a27-d37c-06b5-8da7-d8f602dae3ef">
      <Execution id="baf683fd-3673-4744-a8c8-90a8eb012156" />
      <TestMethod codeBase="/home/runner/work/aspnetcore/aspnetcore/artifacts/bin/Microsoft.AspNetCore.Components.Tests/Debug/net10.0/Microsoft.AspNetCore.Components.Tests.dll" adapterTypeName="executor://xunit/VsTestRunner3/netcore/" className="Microsoft.AspNetCore.Components.Routing.RoutePatternParserTests" name="ParseRouteParameter_ThrowsIf_ParameterContainsSpecialCharacters" />
    </UnitTest>
    <UnitTest name="Microsoft.AspNetCore.Components.EventCallbackFactoryBinderExtensionsTest.CreateBinder_Long" storage="/home/runner/work/aspnetcore/aspnetcore/artifacts/bin/microsoft.aspnetcore.components.tests/debug/net10.0/microsoft.aspnetcore.components.tests.dll" id="6a0527d5-9a0e-d172-b3aa-5c4ab85ae39a">
      <Execution id="a0620add-0e77-4ff1-980d-f0521e00ca57" />
      <TestMethod codeBase="/home/runner/work/aspnetcore/aspnetcore/artifacts/bin/Microsoft.AspNetCore.Components.Tests/Debug/net10.0/Microsoft.AspNetCore.Components.Tests.dll" adapterTypeName="executor://xunit/VsTestRunner3/netcore/" className="Microsoft.AspNetCore.Components.EventCallbackFactoryBinderExtensionsTest" name="CreateBinder_Long" />
    </UnitTest>
    <UnitTest name="Microsoft.AspNetCore.Components.Test.RendererTest.ExceptionsThrownFromHandleAfterRender_Sync_AreHandled" storage="/home/runner/work/aspnetcore/aspnetcore/artifacts/bin/microsoft.aspnetcore.components.tests/debug/net10.0/microsoft.aspnetcore.components.tests.dll" id="a5d34642-3f85-ffed-4cf6-5d74eabc891f">
      <Execution id="ebd40eec-53a5-4742-9d1f-0f429f23ea1a" />
      <TestMethod codeBase="/home/runner/work/aspnetcore/aspnetcore/artifacts/bin/Microsoft.AspNetCore.Components.Tests/Debug/net10.0/Microsoft.AspNetCore.Components.Tests.dll" adapterTypeName="executor://xunit/VsTestRunner3/netcore/" className="Microsoft.AspNetCore.Components.Test.RendererTest" name="ExceptionsThrownFromHandleAfterRender_Sync_AreHandled" />
    </UnitTest>
    <UnitTest name="Microsoft.AspNetCore.Components.Test.RendererTest.CanUseCustomComponentActivatorFromServiceProvider" storage="/home/runner/work/aspnetcore/aspnetcore/artifacts/bin/microsoft.aspnetcore.components.tests/debug/net10.0/microsoft.aspnetcore.components.tests.dll" id="a8d9421e-717c-4446-5700-f3c737afbfcf">
      <Execution id="583ac0c2-ddcf-49fb-bed9-b9aeeee05c0a" />
      <TestMethod codeBase="/home/runner/work/aspnetcore/aspnetcore/artifacts/bin/Microsoft.AspNetCore.Components.Tests/Debug/net10.0/Microsoft.AspNetCore.Components.Tests.dll" adapterTypeName="executor://xunit/VsTestRunner3/netcore/" className="Microsoft.AspNetCore.Components.Test.RendererTest" name="CanUseCustomComponentActivatorFromServiceProvider" />
    </UnitTest>
    <UnitTest name="Microsoft.AspNetCore.Components.ComponentFactoryTest.InstantiateComponent_ThrowsForNullInstance" storage="/home/runner/work/aspnetcore/aspnetcore/artifacts/bin/microsoft.aspnetcore.components.tests/debug/net10.0/microsoft.aspnetcore.components.tests.dll" id="578e4937-09fb-d108-a077-30407429910a">
      <Execution id="f6fc53a9-05e2-452f-9606-e3cfe2f086bc" />
      <TestMethod codeBase="/home/runner/work/aspnetcore/aspnetcore/artifacts/bin/Microsoft.AspNetCore.Components.Tests/Debug/net10.0/Microsoft.AspNetCore.Components.Tests.dll" adapterTypeName="executor://xunit/VsTestRunner3/netcore/" className="Microsoft.AspNetCore.Components.ComponentFactoryTest" name="InstantiateComponent_ThrowsForNullInstance" />
    </UnitTest>
    <UnitTest name="Microsoft.AspNetCore.Components.BindConverterTest.TryConvertTo_Guid_Invalid(incomingValue: &quot;&quot;)" storage="/home/runner/work/aspnetcore/aspnetcore/artifacts/bin/microsoft.aspnetcore.components.tests/debug/net10.0/microsoft.aspnetcore.components.tests.dll" id="aa959643-125b-2e92-0909-f1394866ec81">
      <Execution id="3c9c1862-9169-4323-8ae0-c7dd6906af80" />
      <TestMethod codeBase="/home/runner/work/aspnetcore/aspnetcore/artifacts/bin/Microsoft.AspNetCore.Components.Tests/Debug/net10.0/Microsoft.AspNetCore.Components.Tests.dll" adapterTypeName="executor://xunit/VsTestRunner3/netcore/" className="Microsoft.AspNetCore.Components.BindConverterTest" name="TryConvertTo_Guid_Invalid" />
    </UnitTest>
    <UnitTest name="Microsoft.AspNetCore.Components.Test.RendererTest.EventDispatchExceptionsCanBeHandledByClosestErrorBoundary_Sync" storage="/home/runner/work/aspnetcore/aspnetcore/artifacts/bin/microsoft.aspnetcore.components.tests/debug/net10.0/microsoft.aspnetcore.components.tests.dll" id="c0dc3b2e-8a29-76fe-77e5-627e925655c0">
      <Execution id="b516a323-9678-4a50-b5cb-ba73e61147e3" />
      <TestMethod codeBase="/home/runner/work/aspnetcore/aspnetcore/artifacts/bin/Microsoft.AspNetCore.Components.Tests/Debug/net10.0/Microsoft.AspNetCore.Components.Tests.dll" adapterTypeName="executor://xunit/VsTestRunner3/netcore/" className="Microsoft.AspNetCore.Components.Test.RendererTest" name="EventDispatchExceptionsCanBeHandledByClosestErrorBoundary_Sync" />
    </UnitTest>
    <UnitTest name="Microsoft.AspNetCore.Components.Routing.RouteTableFactoryTests.MultipleOptionalParameters(path: &quot;/1/2&quot;, segments: 2)" storage="/home/runner/work/aspnetcore/aspnetcore/artifacts/bin/microsoft.aspnetcore.components.tests/debug/net10.0/microsoft.aspnetcore.components.tests.dll" id="a8e0a087-1889-f19a-72a7-a9ab2395453f">
      <Execution id="a5e80cf7-4d04-41d0-8ec5-0166db4744cd" />
      <TestMethod codeBase="/home/runner/work/aspnetcore/aspnetcore/artifacts/bin/Microsoft.AspNetCore.Components.Tests/Debug/net10.0/Microsoft.AspNetCore.Components.Tests.dll" adapterTypeName="executor://xunit/VsTestRunner3/netcore/" className="Microsoft.AspNetCore.Components.Routing.RouteTableFactoryTests" name="MultipleOptionalParameters" />
    </UnitTest>
    <UnitTest name="Microsoft.AspNetCore.Components.Test.RenderTreeDiffBuilderTest.RecognizesSimultaneousKeyedElementInsertionsAndDeletions" storage="/home/runner/work/aspnetcore/aspnetcore/artifacts/bin/microsoft.aspnetcore.components.tests/debug/net10.0/microsoft.aspnetcore.components.tests.dll" id="a33bb911-4a24-8977-e71d-e3b8ace029c2">
      <Execution id="12bf1ca2-20c9-414e-bf1a-12b3bb5524c6" />
      <TestMethod codeBase="/home/runner/work/aspnetcore/aspnetcore/artifacts/bin/Microsoft.AspNetCore.Components.Tests/Debug/net10.0/Microsoft.AspNetCore.Components.Tests.dll" adapterTypeName="executor://xunit/VsTestRunner3/netcore/" className="Microsoft.AspNetCore.Components.Test.RenderTreeDiffBuilderTest" name="RecognizesSimultaneousKeyedElementInsertionsAndDeletions" />
    </UnitTest>
    <UnitTest name="Microsoft.AspNetCore.Components.NavigationManagerTest.GetUriWithQueryParameters_CanAddUpdateAndRemove(baseUri: &quot;scheme://host/#hash&quot;, expectedUri: &quot;scheme://host/?age=25&amp;eye%20color=green#hash&quot;)" storage="/home/runner/work/aspnetcore/aspnetcore/artifacts/bin/microsoft.aspnetcore.components.tests/debug/net10.0/microsoft.aspnetcore.components.tests.dll" id="5edf6e6b-eb50-12f8-2e02-5d9b1d4c44ee">
      <Execution id="edc7d9b5-e594-4f3c-87ff-cd6be58b1230" />
      <TestMethod codeBase="/home/runner/work/aspnetcore/aspnetcore/artifacts/bin/Microsoft.AspNetCore.Components.Tests/Debug/net10.0/Microsoft.AspNetCore.Components.Tests.dll" adapterTypeName="executor://xunit/VsTestRunner3/netcore/" className="Microsoft.AspNetCore.Components.NavigationManagerTest" name="GetUriWithQueryParameters_CanAddUpdateAndRemove" />
    </UnitTest>
    <UnitTest name="Microsoft.AspNetCore.Components.ParameterViewTest.IncomingCascadingParameterMatchesPropertyNotPublic_Works" storage="/home/runner/work/aspnetcore/aspnetcore/artifacts/bin/microsoft.aspnetcore.components.tests/debug/net10.0/microsoft.aspnetcore.components.tests.dll" id="83689a74-853d-0bdd-638e-aafb982eedcb">
      <Execution id="77b02f77-329b-4b61-aaf9-90237c741cf7" />
      <TestMethod codeBase="/home/runner/work/aspnetcore/aspnetcore/artifacts/bin/Microsoft.AspNetCore.Components.Tests/Debug/net10.0/Microsoft.AspNetCore.Components.Tests.dll" adapterTypeName="executor://xunit/VsTestRunner3/netcore/" className="Microsoft.AspNetCore.Components.ParameterViewTest" name="IncomingCascadingParameterMatchesPropertyNotPublic_Works" />
    </UnitTest>
    <UnitTest name="Microsoft.AspNetCore.Components.NavigationManagerTest.GetUriWithQueryParameter_ThrowsWhenNameIsNullOrEmpty(name: null)" storage="/home/runner/work/aspnetcore/aspnetcore/artifacts/bin/microsoft.aspnetcore.components.tests/debug/net10.0/microsoft.aspnetcore.components.tests.dll" id="8711884e-02d6-84da-2a3c-72030d6d92dd">
      <Execution id="98494135-fd07-42c1-bc90-cdc4db1dbe44" />
      <TestMethod codeBase="/home/runner/work/aspnetcore/aspnetcore/artifacts/bin/Microsoft.AspNetCore.Components.Tests/Debug/net10.0/Microsoft.AspNetCore.Components.Tests.dll" adapterTypeName="executor://xunit/VsTestRunner3/netcore/" className="Microsoft.AspNetCore.Components.NavigationManagerTest" name="GetUriWithQueryParameter_ThrowsWhenNameIsNullOrEmpty" />
    </UnitTest>
    <UnitTest name="Microsoft.AspNetCore.Components.NavigationManagerTest.LocationChangingAsync_Throws_WithoutHandleLocationChangingHandlerOverride_WhenALocationChangingHandlerThrows_WhenMultipleHandlersAreRegistered" storage="/home/runner/work/aspnetcore/aspnetcore/artifacts/bin/microsoft.aspnetcore.components.tests/debug/net10.0/microsoft.aspnetcore.components.tests.dll" id="ec726cff-5923-7d31-a7a9-dbbb22338bbc">
      <Execution id="793bd03b-0a3d-4041-8928-98341291172d" />
      <TestMethod codeBase="/home/runner/work/aspnetcore/aspnetcore/artifacts/bin/Microsoft.AspNetCore.Components.Tests/Debug/net10.0/Microsoft.AspNetCore.Components.Tests.dll" adapterTypeName="executor://xunit/VsTestRunner3/netcore/" className="Microsoft.AspNetCore.Components.NavigationManagerTest" name="LocationChangingAsync_Throws_WithoutHandleLocationChangingHandlerOverride_WhenALocationChangingHandlerThrows_WhenMultipleHandlersAreRegistered" />
    </UnitTest>
    <UnitTest name="Microsoft.AspNetCore.Components.BindConverterTest.FormatValue_Bool_Generic" storage="/home/runner/work/aspnetcore/aspnetcore/artifacts/bin/microsoft.aspnetcore.components.tests/debug/net10.0/microsoft.aspnetcore.components.tests.dll" id="d4ebb818-3d73-36c8-00c0-19cf2def6827">
      <Execution id="64005afd-af0f-4d34-b706-f592565bae72" />
      <TestMethod codeBase="/home/runner/work/aspnetcore/aspnetcore/artifacts/bin/Microsoft.AspNetCore.Components.Tests/Debug/net10.0/Microsoft.AspNetCore.Components.Tests.dll" adapterTypeName="executor://xunit/VsTestRunner3/netcore/" className="Microsoft.AspNetCore.Components.BindConverterTest" name="FormatValue_Bool_Generic" />
    </UnitTest>
    <UnitTest name="Microsoft.AspNetCore.Components.EventCallbackFactoryBinderExtensionsTest.CreateBinder_SwallowsConversionException" storage="/home/runner/work/aspnetcore/aspnetcore/artifacts/bin/microsoft.aspnetcore.components.tests/debug/net10.0/microsoft.aspnetcore.components.tests.dll" id="b07d9005-6f9b-f364-4b2f-f628f6d89448">
      <Execution id="fc43404c-e145-4a64-9bda-8201a066857a" />
      <TestMethod codeBase="/home/runner/work/aspnetcore/aspnetcore/artifacts/bin/Microsoft.AspNetCore.Components.Tests/Debug/net10.0/Microsoft.AspNetCore.Components.Tests.dll" adapterTypeName="executor://xunit/VsTestRunner3/netcore/" className="Microsoft.AspNetCore.Components.EventCallbackFactoryBinderExtensionsTest" name="CreateBinder_SwallowsConversionException" />
    </UnitTest>
    <UnitTest name="Microsoft.AspNetCore.Components.Test.RendererTest.DispatchEventAsync_EventCallbackOfT_SynchronousCancellation" storage="/home/runner/work/aspnetcore/aspnetcore/artifacts/bin/microsoft.aspnetcore.components.tests/debug/net10.0/microsoft.aspnetcore.components.tests.dll" id="65ad676c-dd88-bb31-291b-5381cf857c90">
      <Execution id="a8411534-7816-4e2d-b517-c8b1cd362da7" />
      <TestMethod codeBase="/home/runner/work/aspnetcore/aspnetcore/artifacts/bin/Microsoft.AspNetCore.Components.Tests/Debug/net10.0/Microsoft.AspNetCore.Components.Tests.dll" adapterTypeName="executor://xunit/VsTestRunner3/netcore/" className="Microsoft.AspNetCore.Components.Test.RendererTest" name="DispatchEventAsync_EventCallbackOfT_SynchronousCancellation" />
    </UnitTest>
    <UnitTest name="Microsoft.AspNetCore.Components.Test.ComponentBaseTest.RunsOnParametersSetWhenRendered" storage="/home/runner/work/aspnetcore/aspnetcore/artifacts/bin/microsoft.aspnetcore.components.tests/debug/net10.0/microsoft.aspnetcore.components.tests.dll" id="4586b572-c1be-31af-92a2-3c11f0c75a90">
      <Execution id="a340cbc0-be55-46e4-aec7-aaf8d7002657" />
      <TestMethod codeBase="/home/runner/work/aspnetcore/aspnetcore/artifacts/bin/Microsoft.AspNetCore.Components.Tests/Debug/net10.0/Microsoft.AspNetCore.Components.Tests.dll" adapterTypeName="executor://xunit/VsTestRunner3/netcore/" className="Microsoft.AspNetCore.Components.Test.ComponentBaseTest" name="RunsOnParametersSetWhenRendered" />
    </UnitTest>
    <UnitTest name="Microsoft.AspNetCore.Components.NavigationManagerTest.GetUriWithQueryParameter_RemovesWhenParameterValueIsNull(baseUri: &quot;scheme://host/?full%20name=&amp;age=42&quot;, expectedUri: &quot;scheme://host/?age=42&quot;)" storage="/home/runner/work/aspnetcore/aspnetcore/artifacts/bin/microsoft.aspnetcore.components.tests/debug/net10.0/microsoft.aspnetcore.components.tests.dll" id="eb93954a-ccc3-8abb-c6fc-2786206276ad">
      <Execution id="2a7b9c1b-f890-4fc2-93b9-cab3084c032c" />
      <TestMethod codeBase="/home/runner/work/aspnetcore/aspnetcore/artifacts/bin/Microsoft.AspNetCore.Components.Tests/Debug/net10.0/Microsoft.AspNetCore.Components.Tests.dll" adapterTypeName="executor://xunit/VsTestRunner3/netcore/" className="Microsoft.AspNetCore.Components.NavigationManagerTest" name="GetUriWithQueryParameter_RemovesWhenParameterValueIsNull" />
    </UnitTest>
    <UnitTest name="Microsoft.AspNetCore.Components.Test.RendererTest.EventDispatching_EventCallback_MethodToDelegateConversion" storage="/home/runner/work/aspnetcore/aspnetcore/artifacts/bin/microsoft.aspnetcore.components.tests/debug/net10.0/microsoft.aspnetcore.components.tests.dll" id="81ce516b-61af-f7c6-0950-d181cffbf745">
      <Execution id="c0fd877f-161e-41ce-83ff-f2948f99ecca" />
      <TestMethod codeBase="/home/runner/work/aspnetcore/aspnetcore/artifacts/bin/Microsoft.AspNetCore.Components.Tests/Debug/net10.0/Microsoft.AspNetCore.Components.Tests.dll" adapterTypeName="executor://xunit/VsTestRunner3/netcore/" className="Microsoft.AspNetCore.Components.Test.RendererTest" name="EventDispatching_EventCallback_MethodToDelegateConversion" />
    </UnitTest>
    <UnitTest name="Microsoft.AspNetCore.Components.Rendering.RenderTreeBuilderTest.AddAttribute_Element_ObjectEventCallbackWithReceiverOfT_AddsFrame" storage="/home/runner/work/aspnetcore/aspnetcore/artifacts/bin/microsoft.aspnetcore.components.tests/debug/net10.0/microsoft.aspnetcore.components.tests.dll" id="8666ce26-5e0a-7fff-aef1-9509852f5f61">
      <Execution id="6e639258-27e5-45ce-baa8-58ed3742aad6" />
      <TestMethod codeBase="/home/runner/work/aspnetcore/aspnetcore/artifacts/bin/Microsoft.AspNetCore.Components.Tests/Debug/net10.0/Microsoft.AspNetCore.Components.Tests.dll" adapterTypeName="executor://xunit/VsTestRunner3/netcore/" className="Microsoft.AspNetCore.Components.Rendering.RenderTreeBuilderTest" name="AddAttribute_Element_ObjectEventCallbackWithReceiverOfT_AddsFrame" />
    </UnitTest>
    <UnitTest name="Microsoft.AspNetCore.Components.Rendering.RenderTreeBuilderTest.CanAddMultipleAttributes_DictionaryObject" storage="/home/runner/work/aspnetcore/aspnetcore/artifacts/bin/microsoft.aspnetcore.components.tests/debug/net10.0/microsoft.aspnetcore.components.tests.dll" id="7052eae4-3b89-c069-a48e-5b820af28a6a">
      <Execution id="16cf2987-0554-4925-b86e-d3cef92a4f38" />
      <TestMethod codeBase="/home/runner/work/aspnetcore/aspnetcore/artifacts/bin/Microsoft.AspNetCore.Components.Tests/Debug/net10.0/Microsoft.AspNetCore.Components.Tests.dll" adapterTypeName="executor://xunit/VsTestRunner3/netcore/" className="Microsoft.AspNetCore.Components.Rendering.RenderTreeBuilderTest" name="CanAddMultipleAttributes_DictionaryObject" />
    </UnitTest>
    <UnitTest name="Microsoft.AspNetCore.Components.NavigationManagerTest.ComputesCorrectBaseUri(baseUri: &quot;scheme://host:123/&quot;, expectedResult: &quot;scheme://host:123/&quot;)" storage="/home/runner/work/aspnetcore/aspnetcore/artifacts/bin/microsoft.aspnetcore.components.tests/debug/net10.0/microsoft.aspnetcore.components.tests.dll" id="241d8980-738d-491c-f7cc-a1fc0ef0c9e7">
      <Execution id="f3fd2c01-baae-4c93-ba23-81c4939d3626" />
      <TestMethod codeBase="/home/runner/work/aspnetcore/aspnetcore/artifacts/bin/Microsoft.AspNetCore.Components.Tests/Debug/net10.0/Microsoft.AspNetCore.Components.Tests.dll" adapterTypeName="executor://xunit/VsTestRunner3/netcore/" className="Microsoft.AspNetCore.Components.NavigationManagerTest" name="ComputesCorrectBaseUri" />
    </UnitTest>
    <UnitTest name="Microsoft.AspNetCore.Components.Test.RendererTest.DispatchEventHandlesSynchronousExceptionsFromEventHandlers" storage="/home/runner/work/aspnetcore/aspnetcore/artifacts/bin/microsoft.aspnetcore.components.tests/debug/net10.0/microsoft.aspnetcore.components.tests.dll" id="1c9be97d-a705-15da-10a8-aa99be611b5c">
      <Execution id="ef9bbd9a-0032-4424-b408-bffee2fc074b" />
      <TestMethod codeBase="/home/runner/work/aspnetcore/aspnetcore/artifacts/bin/Microsoft.AspNetCore.Components.Tests/Debug/net10.0/Microsoft.AspNetCore.Components.Tests.dll" adapterTypeName="executor://xunit/VsTestRunner3/netcore/" className="Microsoft.AspNetCore.Components.Test.RendererTest" name="DispatchEventHandlesSynchronousExceptionsFromEventHandlers" />
    </UnitTest>
    <UnitTest name="Microsoft.AspNetCore.Components.RenderTree.ArrayBuilderTest.Append_SingleItem" storage="/home/runner/work/aspnetcore/aspnetcore/artifacts/bin/microsoft.aspnetcore.components.tests/debug/net10.0/microsoft.aspnetcore.components.tests.dll" id="27516aa1-1f97-1dea-8660-6557bd2a668f">
      <Execution id="e08e0959-d28f-4ca8-b7bc-7df71a4d7f1d" />
      <TestMethod codeBase="/home/runner/work/aspnetcore/aspnetcore/artifacts/bin/Microsoft.AspNetCore.Components.Tests/Debug/net10.0/Microsoft.AspNetCore.Components.Tests.dll" adapterTypeName="executor://xunit/VsTestRunner3/netcore/" className="Microsoft.AspNetCore.Components.RenderTree.ArrayBuilderTest" name="Append_SingleItem" />
    </UnitTest>
    <UnitTest name="Microsoft.AspNetCore.Components.EventCallbackFactoryBinderExtensionsTest.CreateBinder_CustomTypeConverter" storage="/home/runner/work/aspnetcore/aspnetcore/artifacts/bin/microsoft.aspnetcore.components.tests/debug/net10.0/microsoft.aspnetcore.components.tests.dll" id="586a6e9f-1677-db0a-a90b-40e2a4c65a99">
      <Execution id="3988705c-39b1-4e18-9b78-441a0d2b420e" />
      <TestMethod codeBase="/home/runner/work/aspnetcore/aspnetcore/artifacts/bin/Microsoft.AspNetCore.Components.Tests/Debug/net10.0/Microsoft.AspNetCore.Components.Tests.dll" adapterTypeName="executor://xunit/VsTestRunner3/netcore/" className="Microsoft.AspNetCore.Components.EventCallbackFactoryBinderExtensionsTest" name="CreateBinder_CustomTypeConverter" />
    </UnitTest>
    <UnitTest name="Microsoft.AspNetCore.Components.EventCallbackFactoryBinderExtensionsTest.CreateBinder_BindsEmpty_CallsSetterForNullable" storage="/home/runner/work/aspnetcore/aspnetcore/artifacts/bin/microsoft.aspnetcore.components.tests/debug/net10.0/microsoft.aspnetcore.components.tests.dll" id="5f15552d-6595-dcf5-ef51-efe930a16e57">
      <Execution id="dd27c449-6c19-4026-b854-50ac43b0fd72" />
      <TestMethod codeBase="/home/runner/work/aspnetcore/aspnetcore/artifacts/bin/Microsoft.AspNetCore.Components.Tests/Debug/net10.0/Microsoft.AspNetCore.Components.Tests.dll" adapterTypeName="executor://xunit/VsTestRunner3/netcore/" className="Microsoft.AspNetCore.Components.EventCallbackFactoryBinderExtensionsTest" name="CreateBinder_BindsEmpty_CallsSetterForNullable" />
    </UnitTest>
    <UnitTest name="Microsoft.AspNetCore.Components.Routing.RouterTest.SetParametersAsyncRefreshesOnce" storage="/home/runner/work/aspnetcore/aspnetcore/artifacts/bin/microsoft.aspnetcore.components.tests/debug/net10.0/microsoft.aspnetcore.components.tests.dll" id="d9999ca4-91d2-e7d7-4adc-17f0a648d688">
      <Execution id="a11d7d40-b579-4c49-8a9e-bc88ca64a682" />
      <TestMethod codeBase="/home/runner/work/aspnetcore/aspnetcore/artifacts/bin/Microsoft.AspNetCore.Components.Tests/Debug/net10.0/Microsoft.AspNetCore.Components.Tests.dll" adapterTypeName="executor://xunit/VsTestRunner3/netcore/" className="Microsoft.AspNetCore.Components.Routing.RouterTest" name="SetParametersAsyncRefreshesOnce" />
    </UnitTest>
    <UnitTest name="Microsoft.AspNetCore.Components.Routing.QueryParameterValueSupplierTest.MatchesKeysCaseInsensitively" storage="/home/runner/work/aspnetcore/aspnetcore/artifacts/bin/microsoft.aspnetcore.components.tests/debug/net10.0/microsoft.aspnetcore.components.tests.dll" id="5e406764-b5e8-cb5c-9f62-c70a353e7da5">
      <Execution id="62b275e9-3926-473f-9e45-1a3831744da5" />
      <TestMethod codeBase="/home/runner/work/aspnetcore/aspnetcore/artifacts/bin/Microsoft.AspNetCore.Components.Tests/Debug/net10.0/Microsoft.AspNetCore.Components.Tests.dll" adapterTypeName="executor://xunit/VsTestRunner3/netcore/" className="Microsoft.AspNetCore.Components.Routing.QueryParameterValueSupplierTest" name="MatchesKeysCaseInsensitively" />
    </UnitTest>
    <UnitTest name="Microsoft.AspNetCore.Components.Routing.RoutePatternParserTests.Parse_MixedLiteralParameterAndCatchAllParameter" storage="/home/runner/work/aspnetcore/aspnetcore/artifacts/bin/microsoft.aspnetcore.components.tests/debug/net10.0/microsoft.aspnetcore.components.tests.dll" id="bc22ce3e-f4f8-d01e-aaad-f263a7472c7b">
      <Execution id="1c67b18a-d534-41e9-a440-fb9192641461" />
      <TestMethod codeBase="/home/runner/work/aspnetcore/aspnetcore/artifacts/bin/Microsoft.AspNetCore.Components.Tests/Debug/net10.0/Microsoft.AspNetCore.Components.Tests.dll" adapterTypeName="executor://xunit/VsTestRunner3/netcore/" className="Microsoft.AspNetCore.Components.Routing.RoutePatternParserTests" name="Parse_MixedLiteralParameterAndCatchAllParameter" />
    </UnitTest>
    <UnitTest name="Microsoft.AspNetCore.Components.Routing.RoutePatternParserTests.InvalidTemplate_WithMismatchedBraces(template: &quot;p}/Literal&quot;, expectedMessage: &quot;There is an incomplete parameter in the route temp&quot;···)" storage="/home/runner/work/aspnetcore/aspnetcore/artifacts/bin/microsoft.aspnetcore.components.tests/debug/net10.0/microsoft.aspnetcore.components.tests.dll" id="986596bb-7293-785e-9f6e-59417acc5c22">
      <Execution id="c67d2e01-00c2-4787-8cb0-1ad236a56c0c" />
      <TestMethod codeBase="/home/runner/work/aspnetcore/aspnetcore/artifacts/bin/Microsoft.AspNetCore.Components.Tests/Debug/net10.0/Microsoft.AspNetCore.Components.Tests.dll" adapterTypeName="executor://xunit/VsTestRunner3/netcore/" className="Microsoft.AspNetCore.Components.Routing.RoutePatternParserTests" name="InvalidTemplate_WithMismatchedBraces" />
    </UnitTest>
    <UnitTest name="Microsoft.AspNetCore.Components.Routing.RouteTableFactoryTests.DetectsAmbiguousRoutesNoFalsePositives(left: &quot;/literal/{parameter}&quot;, right: &quot;/Literal/&quot;)" storage="/home/runner/work/aspnetcore/aspnetcore/artifacts/bin/microsoft.aspnetcore.components.tests/debug/net10.0/microsoft.aspnetcore.components.tests.dll" id="48ce432d-3a8c-36ef-40cb-40950264d0e0">
      <Execution id="4b061d24-7fae-41e4-8deb-de0447e69c9d" />
      <TestMethod codeBase="/home/runner/work/aspnetcore/aspnetcore/artifacts/bin/Microsoft.AspNetCore.Components.Tests/Debug/net10.0/Microsoft.AspNetCore.Components.Tests.dll" adapterTypeName="executor://xunit/VsTestRunner3/netcore/" className="Microsoft.AspNetCore.Components.Routing.RouteTableFactoryTests" name="DetectsAmbiguousRoutesNoFalsePositives" />
    </UnitTest>
    <UnitTest name="Microsoft.AspNetCore.Components.Test.DependencyInjectionTest.SetsInjectablePropertyValueIfServiceIsRegistered" storage="/home/runner/work/aspnetcore/aspnetcore/artifacts/bin/microsoft.aspnetcore.components.tests/debug/net10.0/microsoft.aspnetcore.components.tests.dll" id="d3f0edac-7bec-8d13-6a13-d93b3ab4f6c1">
      <Execution id="ee37d236-57f0-4322-8651-9a28c6d7e7a8" />
      <TestMethod codeBase="/home/runner/work/aspnetcore/aspnetcore/artifacts/bin/Microsoft.AspNetCore.Components.Tests/Debug/net10.0/Microsoft.AspNetCore.Components.Tests.dll" adapterTypeName="executor://xunit/VsTestRunner3/netcore/" className="Microsoft.AspNetCore.Components.Test.DependencyInjectionTest" name="SetsInjectablePropertyValueIfServiceIsRegistered" />
    </UnitTest>
    <UnitTest name="Microsoft.AspNetCore.Components.Rendering.RenderTreeBuilderTest.CanAddChildComponentsUsingTypeArgument" storage="/home/runner/work/aspnetcore/aspnetcore/artifacts/bin/microsoft.aspnetcore.components.tests/debug/net10.0/microsoft.aspnetcore.components.tests.dll" id="d5660f8e-df83-16a9-1ec1-a39dd8975d93">
      <Execution id="f2d10689-37f6-4328-9343-9e2326b36794" />
      <TestMethod codeBase="/home/runner/work/aspnetcore/aspnetcore/artifacts/bin/Microsoft.AspNetCore.Components.Tests/Debug/net10.0/Microsoft.AspNetCore.Components.Tests.dll" adapterTypeName="executor://xunit/VsTestRunner3/netcore/" className="Microsoft.AspNetCore.Components.Rendering.RenderTreeBuilderTest" name="CanAddChildComponentsUsingTypeArgument" />
    </UnitTest>
    <UnitTest name="Microsoft.AspNetCore.Components.CascadingParameterStateTest.FindCascadingParameters_ConsumerSpecifiesNameButSupplierDoesNot_ReturnsEmpty" storage="/home/runner/work/aspnetcore/aspnetcore/artifacts/bin/microsoft.aspnetcore.components.tests/debug/net10.0/microsoft.aspnetcore.components.tests.dll" id="087483bd-57c2-5232-4239-d7fa7bba02f0">
      <Execution id="9bffed16-84cc-4b16-8773-56aa5fe7de9f" />
      <TestMethod codeBase="/home/runner/work/aspnetcore/aspnetcore/artifacts/bin/Microsoft.AspNetCore.Components.Tests/Debug/net10.0/Microsoft.AspNetCore.Components.Tests.dll" adapterTypeName="executor://xunit/VsTestRunner3/netcore/" className="Microsoft.AspNetCore.Components.CascadingParameterStateTest" name="FindCascadingParameters_ConsumerSpecifiesNameButSupplierDoesNot_ReturnsEmpty" />
    </UnitTest>
    <UnitTest name="Microsoft.AspNetCore.Components.Test.ComponentBaseTest.RunsOnAfterRender_AfterRenderingCompletes" storage="/home/runner/work/aspnetcore/aspnetcore/artifacts/bin/microsoft.aspnetcore.components.tests/debug/net10.0/microsoft.aspnetcore.components.tests.dll" id="9e61a264-82a4-bfa1-64cd-a2c2159339ad">
      <Execution id="e787835c-e915-40ac-a65b-803865f20d48" />
      <TestMethod codeBase="/home/runner/work/aspnetcore/aspnetcore/artifacts/bin/Microsoft.AspNetCore.Components.Tests/Debug/net10.0/Microsoft.AspNetCore.Components.Tests.dll" adapterTypeName="executor://xunit/VsTestRunner3/netcore/" className="Microsoft.AspNetCore.Components.Test.ComponentBaseTest" name="RunsOnAfterRender_AfterRenderingCompletes" />
    </UnitTest>
    <UnitTest name="Microsoft.AspNetCore.Components.Routing.QueryParameterValueSupplierTest.RejectsBlankValuesWhenNotNullable(key: &quot;DecimalVal&quot;, targetType: typeof(decimal))" storage="/home/runner/work/aspnetcore/aspnetcore/artifacts/bin/microsoft.aspnetcore.components.tests/debug/net10.0/microsoft.aspnetcore.components.tests.dll" id="f87737b6-0ea4-d085-5eac-870e8d1cf8f4">
      <Execution id="a0f7706f-7a27-4cbf-b6e9-db534f7362aa" />
      <TestMethod codeBase="/home/runner/work/aspnetcore/aspnetcore/artifacts/bin/Microsoft.AspNetCore.Components.Tests/Debug/net10.0/Microsoft.AspNetCore.Components.Tests.dll" adapterTypeName="executor://xunit/VsTestRunner3/netcore/" className="Microsoft.AspNetCore.Components.Routing.QueryParameterValueSupplierTest" name="RejectsBlankValuesWhenNotNullable" />
    </UnitTest>
    <UnitTest name="Microsoft.AspNetCore.Components.NavigationManagerTest.LocationChangingHandlers_CanContinueTheNavigationAsynchronously_WhenMultipleHandlersAreRegistered" storage="/home/runner/work/aspnetcore/aspnetcore/artifacts/bin/microsoft.aspnetcore.components.tests/debug/net10.0/microsoft.aspnetcore.components.tests.dll" id="56495ced-8f70-9ecf-2fda-94fd4a0bb119">
      <Execution id="a55a5623-ee29-439d-a0c1-4994cf29b189" />
      <TestMethod codeBase="/home/runner/work/aspnetcore/aspnetcore/artifacts/bin/Microsoft.AspNetCore.Components.Tests/Debug/net10.0/Microsoft.AspNetCore.Components.Tests.dll" adapterTypeName="executor://xunit/VsTestRunner3/netcore/" className="Microsoft.AspNetCore.Components.NavigationManagerTest" name="LocationChangingHandlers_CanContinueTheNavigationAsynchronously_WhenMultipleHandlersAreRegistered" />
    </UnitTest>
    <UnitTest name="Microsoft.AspNetCore.Components.Test.RenderTreeDiffBuilderTest.RecognizesKeyedElementInsertions" storage="/home/runner/work/aspnetcore/aspnetcore/artifacts/bin/microsoft.aspnetcore.components.tests/debug/net10.0/microsoft.aspnetcore.components.tests.dll" id="5ceb19d9-ff49-0c14-8746-40f7adbdf2d3">
      <Execution id="e39fefed-3644-4da3-8a19-65a94064bfa0" />
      <TestMethod codeBase="/home/runner/work/aspnetcore/aspnetcore/artifacts/bin/Microsoft.AspNetCore.Components.Tests/Debug/net10.0/Microsoft.AspNetCore.Components.Tests.dll" adapterTypeName="executor://xunit/VsTestRunner3/netcore/" className="Microsoft.AspNetCore.Components.Test.RenderTreeDiffBuilderTest" name="RecognizesKeyedElementInsertions" />
    </UnitTest>
    <UnitTest name="Microsoft.AspNetCore.Components.ParameterViewTest.CanGetValueOrDefault_WithNonExistingValueAndExplicitDefault" storage="/home/runner/work/aspnetcore/aspnetcore/artifacts/bin/microsoft.aspnetcore.components.tests/debug/net10.0/microsoft.aspnetcore.components.tests.dll" id="cdb6966b-89e3-061a-b57d-77961a42fecd">
      <Execution id="4fed72b8-09fb-43f5-82ae-5d5d20598acc" />
      <TestMethod codeBase="/home/runner/work/aspnetcore/aspnetcore/artifacts/bin/Microsoft.AspNetCore.Components.Tests/Debug/net10.0/Microsoft.AspNetCore.Components.Tests.dll" adapterTypeName="executor://xunit/VsTestRunner3/netcore/" className="Microsoft.AspNetCore.Components.ParameterViewTest" name="CanGetValueOrDefault_WithNonExistingValueAndExplicitDefault" />
    </UnitTest>
    <UnitTest name="Microsoft.AspNetCore.Components.Test.RendererTest.DisposesEventHandlersWhenAttributeValueChanged" storage="/home/runner/work/aspnetcore/aspnetcore/artifacts/bin/microsoft.aspnetcore.components.tests/debug/net10.0/microsoft.aspnetcore.components.tests.dll" id="5778d31d-a5ce-c377-7f1a-1dc8ef313cae">
      <Execution id="88520a20-3ade-4ec0-9d78-d764e618444b" />
      <TestMethod codeBase="/home/runner/work/aspnetcore/aspnetcore/artifacts/bin/Microsoft.AspNetCore.Components.Tests/Debug/net10.0/Microsoft.AspNetCore.Components.Tests.dll" adapterTypeName="executor://xunit/VsTestRunner3/netcore/" className="Microsoft.AspNetCore.Components.Test.RendererTest" name="DisposesEventHandlersWhenAttributeValueChanged" />
    </UnitTest>
    <UnitTest name="Microsoft.AspNetCore.Components.Routing.RouteKeyTest.RouteKey_WithAdditionalAssemblies_DifferentAppAssemblies" storage="/home/runner/work/aspnetcore/aspnetcore/artifacts/bin/microsoft.aspnetcore.components.tests/debug/net10.0/microsoft.aspnetcore.components.tests.dll" id="f480a864-40bc-ce21-db2b-46e6d9e6c305">
      <Execution id="d44f8355-4566-4818-9489-632deeccdbfb" />
      <TestMethod codeBase="/home/runner/work/aspnetcore/aspnetcore/artifacts/bin/Microsoft.AspNetCore.Components.Tests/Debug/net10.0/Microsoft.AspNetCore.Components.Tests.dll" adapterTypeName="executor://xunit/VsTestRunner3/netcore/" className="Microsoft.AspNetCore.Components.Routing.RouteKeyTest" name="RouteKey_WithAdditionalAssemblies_DifferentAppAssemblies" />
    </UnitTest>
    <UnitTest name="Microsoft.AspNetCore.Components.EventCallbackFactoryBinderExtensionsTest.CreateBinder_IfConverterThrows_ConvertsEmptyStringToDefault" storage="/home/runner/work/aspnetcore/aspnetcore/artifacts/bin/microsoft.aspnetcore.components.tests/debug/net10.0/microsoft.aspnetcore.components.tests.dll" id="12cfcfbc-e213-6789-73ae-4ebb8787b382">
      <Execution id="783deb27-81ca-498b-aa53-eb345d398543" />
      <TestMethod codeBase="/home/runner/work/aspnetcore/aspnetcore/artifacts/bin/Microsoft.AspNetCore.Components.Tests/Debug/net10.0/Microsoft.AspNetCore.Components.Tests.dll" adapterTypeName="executor://xunit/VsTestRunner3/netcore/" className="Microsoft.AspNetCore.Components.EventCallbackFactoryBinderExtensionsTest" name="CreateBinder_IfConverterThrows_ConvertsEmptyStringToDefault" />
    </UnitTest>
    <UnitTest name="Microsoft.AspNetCore.Components.Routing.RouteTableFactoryTests.CanMatchTemplateWithMultipleLiterals" storage="/home/runner/work/aspnetcore/aspnetcore/artifacts/bin/microsoft.aspnetcore.components.tests/debug/net10.0/microsoft.aspnetcore.components.tests.dll" id="4969df24-d955-5128-1372-65359e322b50">
      <Execution id="85d0e9d0-a439-4aa7-b39a-343b2ecb332c" />
      <TestMethod codeBase="/home/runner/work/aspnetcore/aspnetcore/artifacts/bin/Microsoft.AspNetCore.Components.Tests/Debug/net10.0/Microsoft.AspNetCore.Components.Tests.dll" adapterTypeName="executor://xunit/VsTestRunner3/netcore/" className="Microsoft.AspNetCore.Components.Routing.RouteTableFactoryTests" name="CanMatchTemplateWithMultipleLiterals" />
    </UnitTest>
    <UnitTest name="Microsoft.AspNetCore.Components.ParameterViewTest.HasRemovedDirectParameters_OldNonEmpty_NewEmpty" storage="/home/runner/work/aspnetcore/aspnetcore/artifacts/bin/microsoft.aspnetcore.components.tests/debug/net10.0/microsoft.aspnetcore.components.tests.dll" id="88de2572-1741-7a45-90ad-56ddedd73101">
      <Execution id="f8dd2177-1a67-478c-9aa2-de4337d90420" />
      <TestMethod codeBase="/home/runner/work/aspnetcore/aspnetcore/artifacts/bin/Microsoft.AspNetCore.Components.Tests/Debug/net10.0/Microsoft.AspNetCore.Components.Tests.dll" adapterTypeName="executor://xunit/VsTestRunner3/netcore/" className="Microsoft.AspNetCore.Components.ParameterViewTest" name="HasRemovedDirectParameters_OldNonEmpty_NewEmpty" />
    </UnitTest>
    <UnitTest name="Microsoft.AspNetCore.Components.Test.RendererTest.DisposingRenderer_UnsubsribesFromHotReloadManager" storage="/home/runner/work/aspnetcore/aspnetcore/artifacts/bin/microsoft.aspnetcore.components.tests/debug/net10.0/microsoft.aspnetcore.components.tests.dll" id="e52b4f59-8085-c3b1-d6bd-43341fa8895b">
      <Execution id="51eee5ed-bd44-41da-b9dc-c4c7e5ea919e" />
      <TestMethod codeBase="/home/runner/work/aspnetcore/aspnetcore/artifacts/bin/Microsoft.AspNetCore.Components.Tests/Debug/net10.0/Microsoft.AspNetCore.Components.Tests.dll" adapterTypeName="executor://xunit/VsTestRunner3/netcore/" className="Microsoft.AspNetCore.Components.Test.RendererTest" name="DisposingRenderer_UnsubsribesFromHotReloadManager" />
    </UnitTest>
    <UnitTest name="Microsoft.AspNetCore.Components.Test.RendererTest.DispatchEventAsync_EventCallbackOfT_SynchronousException" storage="/home/runner/work/aspnetcore/aspnetcore/artifacts/bin/microsoft.aspnetcore.components.tests/debug/net10.0/microsoft.aspnetcore.components.tests.dll" id="eac6d3f8-7143-a5f1-242b-ac3081b96c1b">
      <Execution id="c76b8ac3-3e2d-4054-b136-08ba0d2b5a50" />
      <TestMethod codeBase="/home/runner/work/aspnetcore/aspnetcore/artifacts/bin/Microsoft.AspNetCore.Components.Tests/Debug/net10.0/Microsoft.AspNetCore.Components.Tests.dll" adapterTypeName="executor://xunit/VsTestRunner3/netcore/" className="Microsoft.AspNetCore.Components.Test.RendererTest" name="DispatchEventAsync_EventCallbackOfT_SynchronousException" />
    </UnitTest>
    <UnitTest name="Microsoft.AspNetCore.Components.Routing.RouteTableFactoryTests.DoesNotThrowForNonAmbiguousRoutes(first: &quot;{param1?}/{param2?}/{param3?}/{*catchAll:int}&quot;, second: &quot;{param1?}/{param2?}/{param3?}/{optional?}&quot;)" storage="/home/runner/work/aspnetcore/aspnetcore/artifacts/bin/microsoft.aspnetcore.components.tests/debug/net10.0/microsoft.aspnetcore.components.tests.dll" id="d01fbeb5-21af-a8ef-f2b1-8fc582aadf7e">
      <Execution id="b4b121ad-54ec-44e2-9798-626b412ac749" />
      <TestMethod codeBase="/home/runner/work/aspnetcore/aspnetcore/artifacts/bin/Microsoft.AspNetCore.Components.Tests/Debug/net10.0/Microsoft.AspNetCore.Components.Tests.dll" adapterTypeName="executor://xunit/VsTestRunner3/netcore/" className="Microsoft.AspNetCore.Components.Routing.RouteTableFactoryTests" name="DoesNotThrowForNonAmbiguousRoutes" />
    </UnitTest>
    <UnitTest name="Microsoft.AspNetCore.Components.Routing.RouteTableFactoryTests.CanMatchEncodedSegments" storage="/home/runner/work/aspnetcore/aspnetcore/artifacts/bin/microsoft.aspnetcore.components.tests/debug/net10.0/microsoft.aspnetcore.components.tests.dll" id="0c7ba82c-3458-246c-5e54-67468f7649e5">
      <Execution id="399e8311-03f5-4266-b292-00e73ca32c85" />
      <TestMethod codeBase="/home/runner/work/aspnetcore/aspnetcore/artifacts/bin/Microsoft.AspNetCore.Components.Tests/Debug/net10.0/Microsoft.AspNetCore.Components.Tests.dll" adapterTypeName="executor://xunit/VsTestRunner3/netcore/" className="Microsoft.AspNetCore.Components.Routing.RouteTableFactoryTests" name="CanMatchEncodedSegments" />
    </UnitTest>
    <UnitTest name="Microsoft.AspNetCore.Components.EventCallbackFactoryBinderExtensionsTest.CreateBinder_Int" storage="/home/runner/work/aspnetcore/aspnetcore/artifacts/bin/microsoft.aspnetcore.components.tests/debug/net10.0/microsoft.aspnetcore.components.tests.dll" id="28dc8c8a-f9de-52d7-a050-534d0f33f030">
      <Execution id="ba83d42b-6255-41d1-8d15-f106d9d070fe" />
      <TestMethod codeBase="/home/runner/work/aspnetcore/aspnetcore/artifacts/bin/Microsoft.AspNetCore.Components.Tests/Debug/net10.0/Microsoft.AspNetCore.Components.Tests.dll" adapterTypeName="executor://xunit/VsTestRunner3/netcore/" className="Microsoft.AspNetCore.Components.EventCallbackFactoryBinderExtensionsTest" name="CreateBinder_Int" />
    </UnitTest>
    <UnitTest name="Microsoft.AspNetCore.Components.Test.RenderTreeDiffBuilderTest.RecognizesKeyedElementMoves" storage="/home/runner/work/aspnetcore/aspnetcore/artifacts/bin/microsoft.aspnetcore.components.tests/debug/net10.0/microsoft.aspnetcore.components.tests.dll" id="ea36e14f-372d-197a-9c21-e8d64d28aa3e">
      <Execution id="e7e02226-c420-402e-aa1d-c23fd5deba84" />
      <TestMethod codeBase="/home/runner/work/aspnetcore/aspnetcore/artifacts/bin/Microsoft.AspNetCore.Components.Tests/Debug/net10.0/Microsoft.AspNetCore.Components.Tests.dll" adapterTypeName="executor://xunit/VsTestRunner3/netcore/" className="Microsoft.AspNetCore.Components.Test.RenderTreeDiffBuilderTest" name="RecognizesKeyedElementMoves" />
    </UnitTest>
    <UnitTest name="Microsoft.AspNetCore.Components.NavigationManagerTest.GetUriWithQueryParameter_ReplacesWhenParameterExists(baseUri: &quot;scheme://host/?full%20name=Bob%20Joe&amp;age=42&quot;, expectedUri: &quot;scheme://host/?full%20name=John%20Doe&amp;age=42&quot;)" storage="/home/runner/work/aspnetcore/aspnetcore/artifacts/bin/microsoft.aspnetcore.components.tests/debug/net10.0/microsoft.aspnetcore.components.tests.dll" id="c23a43ff-da51-f073-82fc-74b6b5bd55d3">
      <Execution id="33a22196-704b-4590-be05-5e1d3c53c957" />
      <TestMethod codeBase="/home/runner/work/aspnetcore/aspnetcore/artifacts/bin/Microsoft.AspNetCore.Components.Tests/Debug/net10.0/Microsoft.AspNetCore.Components.Tests.dll" adapterTypeName="executor://xunit/VsTestRunner3/netcore/" className="Microsoft.AspNetCore.Components.NavigationManagerTest" name="GetUriWithQueryParameter_ReplacesWhenParameterExists" />
    </UnitTest>
    <UnitTest name="Microsoft.AspNetCore.Components.EventCallbackFactoryBinderExtensionsTest.CreateBinder_NumericType_WithInvariantCulture" storage="/home/runner/work/aspnetcore/aspnetcore/artifacts/bin/microsoft.aspnetcore.components.tests/debug/net10.0/microsoft.aspnetcore.components.tests.dll" id="5eed8b2d-86c7-2bab-76f3-81386fb29154">
      <Execution id="e97876c6-2471-427e-85b0-99cb30993fd1" />
      <TestMethod codeBase="/home/runner/work/aspnetcore/aspnetcore/artifacts/bin/Microsoft.AspNetCore.Components.Tests/Debug/net10.0/Microsoft.AspNetCore.Components.Tests.dll" adapterTypeName="executor://xunit/VsTestRunner3/netcore/" className="Microsoft.AspNetCore.Components.EventCallbackFactoryBinderExtensionsTest" name="CreateBinder_NumericType_WithInvariantCulture" />
    </UnitTest>
    <UnitTest name="Microsoft.AspNetCore.Components.Routing.RouteTableFactoryTests.OptionalParameterPlusCatchAllRoute(template: &quot;/{parameter?}/{*catchAll}&quot;, path: &quot;/value/1/2/3/4/5&quot;, parameterValue: &quot;value&quot;, catchAllValue: &quot;1/2/3/4/5&quot;)" storage="/home/runner/work/aspnetcore/aspnetcore/artifacts/bin/microsoft.aspnetcore.components.tests/debug/net10.0/microsoft.aspnetcore.components.tests.dll" id="f914b333-ca83-9dd1-5387-b0a814579343">
      <Execution id="fc871bdc-a0d6-4029-88d2-60db55f3a84b" />
      <TestMethod codeBase="/home/runner/work/aspnetcore/aspnetcore/artifacts/bin/Microsoft.AspNetCore.Components.Tests/Debug/net10.0/Microsoft.AspNetCore.Components.Tests.dll" adapterTypeName="executor://xunit/VsTestRunner3/netcore/" className="Microsoft.AspNetCore.Components.Routing.RouteTableFactoryTests" name="OptionalParameterPlusCatchAllRoute" />
    </UnitTest>
    <UnitTest name="Microsoft.AspNetCore.Components.Test.RendererTest.EventDispatching_EventCallbackOfT_NoTargetLambda" storage="/home/runner/work/aspnetcore/aspnetcore/artifacts/bin/microsoft.aspnetcore.components.tests/debug/net10.0/microsoft.aspnetcore.components.tests.dll" id="6a2e4886-53da-2fe5-e75a-da400dfb166e">
      <Execution id="953a28ed-3dc6-4c58-bbd6-60621a8400e6" />
      <TestMethod codeBase="/home/runner/work/aspnetcore/aspnetcore/artifacts/bin/Microsoft.AspNetCore.Components.Tests/Debug/net10.0/Microsoft.AspNetCore.Components.Tests.dll" adapterTypeName="executor://xunit/VsTestRunner3/netcore/" className="Microsoft.AspNetCore.Components.Test.RendererTest" name="EventDispatching_EventCallbackOfT_NoTargetLambda" />
    </UnitTest>
    <UnitTest name="Microsoft.AspNetCore.Components.NavigationManagerTest.ComputesCorrectBaseUri(baseUri: &quot;scheme://host/path/&quot;, expectedResult: &quot;scheme://host/path/&quot;)" storage="/home/runner/work/aspnetcore/aspnetcore/artifacts/bin/microsoft.aspnetcore.components.tests/debug/net10.0/microsoft.aspnetcore.components.tests.dll" id="78ec1d94-5126-b998-bdea-4ccf472722de">
      <Execution id="841f7bde-853d-4363-b3e5-3c705f321680" />
      <TestMethod codeBase="/home/runner/work/aspnetcore/aspnetcore/artifacts/bin/Microsoft.AspNetCore.Components.Tests/Debug/net10.0/Microsoft.AspNetCore.Components.Tests.dll" adapterTypeName="executor://xunit/VsTestRunner3/netcore/" className="Microsoft.AspNetCore.Components.NavigationManagerTest" name="ComputesCorrectBaseUri" />
    </UnitTest>
    <UnitTest name="Microsoft.AspNetCore.Components.Test.RendererTest.DispatchEventAsync_Delegate_AsynchronousCancellation" storage="/home/runner/work/aspnetcore/aspnetcore/artifacts/bin/microsoft.aspnetcore.components.tests/debug/net10.0/microsoft.aspnetcore.components.tests.dll" id="f28f2a6c-fe4a-fdeb-0a10-f738e162e835">
      <Execution id="b23d0fc6-10dc-41ac-aab4-f5cf74343565" />
      <TestMethod codeBase="/home/runner/work/aspnetcore/aspnetcore/artifacts/bin/Microsoft.AspNetCore.Components.Tests/Debug/net10.0/Microsoft.AspNetCore.Components.Tests.dll" adapterTypeName="executor://xunit/VsTestRunner3/netcore/" className="Microsoft.AspNetCore.Components.Test.RendererTest" name="DispatchEventAsync_Delegate_AsynchronousCancellation" />
    </UnitTest>
    <UnitTest name="Microsoft.AspNetCore.Components.Test.RendererTest.CanDispatchEventsToNestedComponents" storage="/home/runner/work/aspnetcore/aspnetcore/artifacts/bin/microsoft.aspnetcore.components.tests/debug/net10.0/microsoft.aspnetcore.components.tests.dll" id="23d531b0-ed45-f304-17ab-a31a547c6b8e">
      <Execution id="b12a2d5b-3049-40cc-b9c1-f474f1e5df43" />
      <TestMethod codeBase="/home/runner/work/aspnetcore/aspnetcore/artifacts/bin/Microsoft.AspNetCore.Components.Tests/Debug/net10.0/Microsoft.AspNetCore.Components.Tests.dll" adapterTypeName="executor://xunit/VsTestRunner3/netcore/" className="Microsoft.AspNetCore.Components.Test.RendererTest" name="CanDispatchEventsToNestedComponents" />
    </UnitTest>
    <UnitTest name="Microsoft.AspNetCore.Components.Test.RendererTest.RenderBatch_HandlesAsynchronousExceptionsInAsyncDisposableComponents" storage="/home/runner/work/aspnetcore/aspnetcore/artifacts/bin/microsoft.aspnetcore.components.tests/debug/net10.0/microsoft.aspnetcore.components.tests.dll" id="93e6ece0-287d-aa76-a5d5-c4eafc9770cf">
      <Execution id="02f54884-b646-400f-a06f-52415d62aac6" />
      <TestMethod codeBase="/home/runner/work/aspnetcore/aspnetcore/artifacts/bin/Microsoft.AspNetCore.Components.Tests/Debug/net10.0/Microsoft.AspNetCore.Components.Tests.dll" adapterTypeName="executor://xunit/VsTestRunner3/netcore/" className="Microsoft.AspNetCore.Components.Test.RendererTest" name="RenderBatch_HandlesAsynchronousExceptionsInAsyncDisposableComponents" />
    </UnitTest>
    <UnitTest name="Microsoft.AspNetCore.Components.EventCallbackFactoryTest.Create_FuncTTask_Unbound" storage="/home/runner/work/aspnetcore/aspnetcore/artifacts/bin/microsoft.aspnetcore.components.tests/debug/net10.0/microsoft.aspnetcore.components.tests.dll" id="167d29eb-9c43-8d4e-3b5a-8f9b799134b4">
      <Execution id="96b87758-3798-4fbd-a77e-a35ee133138a" />
      <TestMethod codeBase="/home/runner/work/aspnetcore/aspnetcore/artifacts/bin/Microsoft.AspNetCore.Components.Tests/Debug/net10.0/Microsoft.AspNetCore.Components.Tests.dll" adapterTypeName="executor://xunit/VsTestRunner3/netcore/" className="Microsoft.AspNetCore.Components.EventCallbackFactoryTest" name="Create_FuncTTask_Unbound" />
    </UnitTest>
    <UnitTest name="Microsoft.AspNetCore.Components.Routing.RouteTableFactoryTests.RouteMatchingIsCaseInsensitive" storage="/home/runner/work/aspnetcore/aspnetcore/artifacts/bin/microsoft.aspnetcore.components.tests/debug/net10.0/microsoft.aspnetcore.components.tests.dll" id="004e2533-e0d1-128f-7566-581332560c49">
      <Execution id="5d8a7444-1af2-4ff5-a8fd-f941230bfea3" />
      <TestMethod codeBase="/home/runner/work/aspnetcore/aspnetcore/artifacts/bin/Microsoft.AspNetCore.Components.Tests/Debug/net10.0/Microsoft.AspNetCore.Components.Tests.dll" adapterTypeName="executor://xunit/VsTestRunner3/netcore/" className="Microsoft.AspNetCore.Components.Routing.RouteTableFactoryTests" name="RouteMatchingIsCaseInsensitive" />
    </UnitTest>
    <UnitTest name="Microsoft.AspNetCore.Components.Test.RenderTreeDiffBuilderTest.RecognizesAttributesRemoved" storage="/home/runner/work/aspnetcore/aspnetcore/artifacts/bin/microsoft.aspnetcore.components.tests/debug/net10.0/microsoft.aspnetcore.components.tests.dll" id="4d85beb5-b3cf-f79f-2298-16e1a3592899">
      <Execution id="54adbbc6-d847-4206-bdb7-92065b461d3c" />
      <TestMethod codeBase="/home/runner/work/aspnetcore/aspnetcore/artifacts/bin/Microsoft.AspNetCore.Components.Tests/Debug/net10.0/Microsoft.AspNetCore.Components.Tests.dll" adapterTypeName="executor://xunit/VsTestRunner3/netcore/" className="Microsoft.AspNetCore.Components.Test.RenderTreeDiffBuilderTest" name="RecognizesAttributesRemoved" />
    </UnitTest>
    <UnitTest name="Microsoft.AspNetCore.Components.Routing.QueryParameterValueSupplierTest.RejectsBlankArrayEntriesWhenNotNullable(key: &quot;FloatVals&quot;, targetType: typeof(float))" storage="/home/runner/work/aspnetcore/aspnetcore/artifacts/bin/microsoft.aspnetcore.components.tests/debug/net10.0/microsoft.aspnetcore.components.tests.dll" id="422290ba-018c-eb05-d111-7eee71308506">
      <Execution id="d740115a-c9ea-40f5-b788-c975c2b328a7" />
      <TestMethod codeBase="/home/runner/work/aspnetcore/aspnetcore/artifacts/bin/Microsoft.AspNetCore.Components.Tests/Debug/net10.0/Microsoft.AspNetCore.Components.Tests.dll" adapterTypeName="executor://xunit/VsTestRunner3/netcore/" className="Microsoft.AspNetCore.Components.Routing.QueryParameterValueSupplierTest" name="RejectsBlankArrayEntriesWhenNotNullable" />
    </UnitTest>
    <UnitTest name="Microsoft.AspNetCore.Components.Routing.RouteTableFactoryTests.DetectsAmbiguousRoutes(left: &quot;/literal&quot;, right: &quot;/Literal/&quot;)" storage="/home/runner/work/aspnetcore/aspnetcore/artifacts/bin/microsoft.aspnetcore.components.tests/debug/net10.0/microsoft.aspnetcore.components.tests.dll" id="333c1019-8059-91cd-cd8a-ffa8f067c19b">
      <Execution id="c0eea6bf-3cac-4b76-af59-20f8f4941d54" />
      <TestMethod codeBase="/home/runner/work/aspnetcore/aspnetcore/artifacts/bin/Microsoft.AspNetCore.Components.Tests/Debug/net10.0/Microsoft.AspNetCore.Components.Tests.dll" adapterTypeName="executor://xunit/VsTestRunner3/netcore/" className="Microsoft.AspNetCore.Components.Routing.RouteTableFactoryTests" name="DetectsAmbiguousRoutes" />
    </UnitTest>
    <UnitTest name="Microsoft.AspNetCore.Components.PersistentState.PersistentServicesRegistryTest.PersistStateAsync_DoesNotThrow_WhenTypeCantBeFoundForPersistedRegistrations" storage="/home/runner/work/aspnetcore/aspnetcore/artifacts/bin/microsoft.aspnetcore.components.tests/debug/net10.0/microsoft.aspnetcore.components.tests.dll" id="fcb4482f-293e-49e1-2ace-5e47fc3c89f2">
      <Execution id="ea9e9c8a-78ff-4b1a-9092-f0075bf23664" />
      <TestMethod codeBase="/home/runner/work/aspnetcore/aspnetcore/artifacts/bin/Microsoft.AspNetCore.Components.Tests/Debug/net10.0/Microsoft.AspNetCore.Components.Tests.dll" adapterTypeName="executor://xunit/VsTestRunner3/netcore/" className="Microsoft.AspNetCore.Components.PersistentState.PersistentServicesRegistryTest" name="PersistStateAsync_DoesNotThrow_WhenTypeCantBeFoundForPersistedRegistrations" />
    </UnitTest>
    <UnitTest name="Microsoft.AspNetCore.Components.Rendering.RenderTreeBuilderTest.AddComponentParameter_Component_EventHandlerValue_SetsAttributeValue" storage="/home/runner/work/aspnetcore/aspnetcore/artifacts/bin/microsoft.aspnetcore.components.tests/debug/net10.0/microsoft.aspnetcore.components.tests.dll" id="5f92604e-9501-54cb-010b-c8142fddb778">
      <Execution id="d30a08b4-897c-4701-8814-adce9b9b4bef" />
      <TestMethod codeBase="/home/runner/work/aspnetcore/aspnetcore/artifacts/bin/Microsoft.AspNetCore.Components.Tests/Debug/net10.0/Microsoft.AspNetCore.Components.Tests.dll" adapterTypeName="executor://xunit/VsTestRunner3/netcore/" className="Microsoft.AspNetCore.Components.Rendering.RenderTreeBuilderTest" name="AddComponentParameter_Component_EventHandlerValue_SetsAttributeValue" />
    </UnitTest>
    <UnitTest name="Microsoft.AspNetCore.Components.BindConverterTest.TryConvertTo_Guid_Valid" storage="/home/runner/work/aspnetcore/aspnetcore/artifacts/bin/microsoft.aspnetcore.components.tests/debug/net10.0/microsoft.aspnetcore.components.tests.dll" id="40d40f77-630f-6bc1-faa6-5dd5d4e7aa98">
      <Execution id="60149f76-100e-4d47-bd29-68959b2296a2" />
      <TestMethod codeBase="/home/runner/work/aspnetcore/aspnetcore/artifacts/bin/Microsoft.AspNetCore.Components.Tests/Debug/net10.0/Microsoft.AspNetCore.Components.Tests.dll" adapterTypeName="executor://xunit/VsTestRunner3/netcore/" className="Microsoft.AspNetCore.Components.BindConverterTest" name="TryConvertTo_Guid_Valid" />
    </UnitTest>
    <UnitTest name="Microsoft.AspNetCore.Components.Test.RendererTest.RenderBatch_HandlesExceptionsFromAllDisposedComponents" storage="/home/runner/work/aspnetcore/aspnetcore/artifacts/bin/microsoft.aspnetcore.components.tests/debug/net10.0/microsoft.aspnetcore.components.tests.dll" id="023fc0a7-e204-6a99-5a90-0a5c19894c6e">
      <Execution id="169db9b8-8c41-4622-bc9b-6d8756396ae3" />
      <TestMethod codeBase="/home/runner/work/aspnetcore/aspnetcore/artifacts/bin/Microsoft.AspNetCore.Components.Tests/Debug/net10.0/Microsoft.AspNetCore.Components.Tests.dll" adapterTypeName="executor://xunit/VsTestRunner3/netcore/" className="Microsoft.AspNetCore.Components.Test.RendererTest" name="RenderBatch_HandlesExceptionsFromAllDisposedComponents" />
    </UnitTest>
    <UnitTest name="Microsoft.AspNetCore.Components.Test.RendererTest.CannotRemoveNonRootComponentsDirectly" storage="/home/runner/work/aspnetcore/aspnetcore/artifacts/bin/microsoft.aspnetcore.components.tests/debug/net10.0/microsoft.aspnetcore.components.tests.dll" id="78b75ed4-8429-21f9-9592-505525d763b8">
      <Execution id="8c684d0f-7d11-4d28-a7d4-a148753d6895" />
      <TestMethod codeBase="/home/runner/work/aspnetcore/aspnetcore/artifacts/bin/Microsoft.AspNetCore.Components.Tests/Debug/net10.0/Microsoft.AspNetCore.Components.Tests.dll" adapterTypeName="executor://xunit/VsTestRunner3/netcore/" className="Microsoft.AspNetCore.Components.Test.RendererTest" name="CannotRemoveNonRootComponentsDirectly" />
    </UnitTest>
    <UnitTest name="Microsoft.AspNetCore.Components.ComponentFactoryTest.InstantiateComponent_WithRenderModeOnComponent_UsesRenderModeResolver" storage="/home/runner/work/aspnetcore/aspnetcore/artifacts/bin/microsoft.aspnetcore.components.tests/debug/net10.0/microsoft.aspnetcore.components.tests.dll" id="3d921b53-9756-73d5-54e4-d6b7dff875d5">
      <Execution id="415f11d2-c337-4cae-b7c1-d3fe500fa644" />
      <TestMethod codeBase="/home/runner/work/aspnetcore/aspnetcore/artifacts/bin/Microsoft.AspNetCore.Components.Tests/Debug/net10.0/Microsoft.AspNetCore.Components.Tests.dll" adapterTypeName="executor://xunit/VsTestRunner3/netcore/" className="Microsoft.AspNetCore.Components.ComponentFactoryTest" name="InstantiateComponent_WithRenderModeOnComponent_UsesRenderModeResolver" />
    </UnitTest>
    <UnitTest name="Microsoft.AspNetCore.Components.Routing.QueryParameterValueSupplierTest.RejectsUnparseableArrayEntries(key: &quot;DecimalVals&quot;, validValue: &quot;1.23&quot;, invalidValue: &quot;1.2.3&quot;, targetType: typeof(decimal))" storage="/home/runner/work/aspnetcore/aspnetcore/artifacts/bin/microsoft.aspnetcore.components.tests/debug/net10.0/microsoft.aspnetcore.components.tests.dll" id="c0ea6c78-235b-2eb3-3fcc-01a2d57402d0">
      <Execution id="b0b9f053-cf5b-42fe-8244-a6a53e05c33f" />
      <TestMethod codeBase="/home/runner/work/aspnetcore/aspnetcore/artifacts/bin/Microsoft.AspNetCore.Components.Tests/Debug/net10.0/Microsoft.AspNetCore.Components.Tests.dll" adapterTypeName="executor://xunit/VsTestRunner3/netcore/" className="Microsoft.AspNetCore.Components.Routing.QueryParameterValueSupplierTest" name="RejectsUnparseableArrayEntries" />
    </UnitTest>
    <UnitTest name="Microsoft.AspNetCore.Components.Routing.RouteTableFactoryTests.CanMatchParameterTemplate(path: &quot;/d%C3%A9j%C3%A0%20vu&quot;, expectedValue: &quot;déjà vu&quot;)" storage="/home/runner/work/aspnetcore/aspnetcore/artifacts/bin/microsoft.aspnetcore.components.tests/debug/net10.0/microsoft.aspnetcore.components.tests.dll" id="374fc6a1-5637-e8a3-5147-97e7fdba7d9c">
      <Execution id="345a61b7-428f-40df-ba2a-7269e175b0ab" />
      <TestMethod codeBase="/home/runner/work/aspnetcore/aspnetcore/artifacts/bin/Microsoft.AspNetCore.Components.Tests/Debug/net10.0/Microsoft.AspNetCore.Components.Tests.dll" adapterTypeName="executor://xunit/VsTestRunner3/netcore/" className="Microsoft.AspNetCore.Components.Routing.RouteTableFactoryTests" name="CanMatchParameterTemplate" />
    </UnitTest>
    <UnitTest name="Microsoft.AspNetCore.Components.ComponentFactoryTest.InstantiateComponent_CreatesInstance" storage="/home/runner/work/aspnetcore/aspnetcore/artifacts/bin/microsoft.aspnetcore.components.tests/debug/net10.0/microsoft.aspnetcore.components.tests.dll" id="4014b687-87a8-f47b-a5bf-18159f68d17f">
      <Execution id="16d9c323-f95a-4e2e-9755-b89c6a00daa7" />
      <TestMethod codeBase="/home/runner/work/aspnetcore/aspnetcore/artifacts/bin/Microsoft.AspNetCore.Components.Tests/Debug/net10.0/Microsoft.AspNetCore.Components.Tests.dll" adapterTypeName="executor://xunit/VsTestRunner3/netcore/" className="Microsoft.AspNetCore.Components.ComponentFactoryTest" name="InstantiateComponent_CreatesInstance" />
    </UnitTest>
    <UnitTest name="Microsoft.AspNetCore.Components.Test.CascadingParameterTest.RetainsCascadingParametersWhenUpdatingDirectParameters" storage="/home/runner/work/aspnetcore/aspnetcore/artifacts/bin/microsoft.aspnetcore.components.tests/debug/net10.0/microsoft.aspnetcore.components.tests.dll" id="255e4e07-2980-c85f-2575-8b2746034581">
      <Execution id="199b3a68-b848-4d3c-b302-1e9f878bb22c" />
      <TestMethod codeBase="/home/runner/work/aspnetcore/aspnetcore/artifacts/bin/Microsoft.AspNetCore.Components.Tests/Debug/net10.0/Microsoft.AspNetCore.Components.Tests.dll" adapterTypeName="executor://xunit/VsTestRunner3/netcore/" className="Microsoft.AspNetCore.Components.Test.CascadingParameterTest" name="RetainsCascadingParametersWhenUpdatingDirectParameters" />
    </UnitTest>
    <UnitTest name="Microsoft.AspNetCore.Components.Rendering.RendererSynchronizationContextTest.Post_RunsAsynchronously_WhenNotBusy" storage="/home/runner/work/aspnetcore/aspnetcore/artifacts/bin/microsoft.aspnetcore.components.tests/debug/net10.0/microsoft.aspnetcore.components.tests.dll" id="a7211da6-38c1-6a10-8718-2db24db31e1a">
      <Execution id="16bf3115-938c-4b64-a0d2-827d175dd72e" />
      <TestMethod codeBase="/home/runner/work/aspnetcore/aspnetcore/artifacts/bin/Microsoft.AspNetCore.Components.Tests/Debug/net10.0/Microsoft.AspNetCore.Components.Tests.dll" adapterTypeName="executor://xunit/VsTestRunner3/netcore/" className="Microsoft.AspNetCore.Components.Rendering.RendererSynchronizationContextTest" name="Post_RunsAsynchronously_WhenNotBusy" />
    </UnitTest>
    <UnitTest name="Microsoft.AspNetCore.Components.Routing.RouteTableFactoryTests.DoesNotMatchIfDifferentNumberOfSegments(path: &quot;/some/awesome/route/with/extra/segments&quot;)" storage="/home/runner/work/aspnetcore/aspnetcore/artifacts/bin/microsoft.aspnetcore.components.tests/debug/net10.0/microsoft.aspnetcore.components.tests.dll" id="1ea3d6c3-5796-4623-e893-9b8c6a95e32d">
      <Execution id="a4a39007-2f97-4f6b-b86f-19ba092a19a6" />
      <TestMethod codeBase="/home/runner/work/aspnetcore/aspnetcore/artifacts/bin/Microsoft.AspNetCore.Components.Tests/Debug/net10.0/Microsoft.AspNetCore.Components.Tests.dll" adapterTypeName="executor://xunit/VsTestRunner3/netcore/" className="Microsoft.AspNetCore.Components.Routing.RouteTableFactoryTests" name="DoesNotMatchIfDifferentNumberOfSegments" />
    </UnitTest>
    <UnitTest name="Microsoft.AspNetCore.Components.NavigationManagerTest.OnNotFoundSubscriptionIsTriggeredWhenNotFoundCalled" storage="/home/runner/work/aspnetcore/aspnetcore/artifacts/bin/microsoft.aspnetcore.components.tests/debug/net10.0/microsoft.aspnetcore.components.tests.dll" id="0d93b3c7-2720-e406-00c5-c086e5dbbaf8">
      <Execution id="375d82d5-ff9a-4ee5-81c5-eaeae1c9ff94" />
      <TestMethod codeBase="/home/runner/work/aspnetcore/aspnetcore/artifacts/bin/Microsoft.AspNetCore.Components.Tests/Debug/net10.0/Microsoft.AspNetCore.Components.Tests.dll" adapterTypeName="executor://xunit/VsTestRunner3/netcore/" className="Microsoft.AspNetCore.Components.NavigationManagerTest" name="OnNotFoundSubscriptionIsTriggeredWhenNotFoundCalled" />
    </UnitTest>
    <UnitTest name="Microsoft.AspNetCore.Components.EventCallbackFactoryTest.Create_FuncTask_Null" storage="/home/runner/work/aspnetcore/aspnetcore/artifacts/bin/microsoft.aspnetcore.components.tests/debug/net10.0/microsoft.aspnetcore.components.tests.dll" id="d009849c-8b8f-6d99-13f2-ef4249e361b2">
      <Execution id="bd098837-c22c-4f94-a280-8f1b64629f68" />
      <TestMethod codeBase="/home/runner/work/aspnetcore/aspnetcore/artifacts/bin/Microsoft.AspNetCore.Components.Tests/Debug/net10.0/Microsoft.AspNetCore.Components.Tests.dll" adapterTypeName="executor://xunit/VsTestRunner3/netcore/" className="Microsoft.AspNetCore.Components.EventCallbackFactoryTest" name="Create_FuncTask_Null" />
    </UnitTest>
    <UnitTest name="Microsoft.AspNetCore.Components.Test.RendererTest.ExceptionsDispatchedOffSyncContextCanBeHandledAsync" storage="/home/runner/work/aspnetcore/aspnetcore/artifacts/bin/microsoft.aspnetcore.components.tests/debug/net10.0/microsoft.aspnetcore.components.tests.dll" id="740b1f60-e42d-66de-0684-ebbdaabbfdda">
      <Execution id="dd9e0bba-195f-4e5d-9ae8-89b5820d3c99" />
      <TestMethod codeBase="/home/runner/work/aspnetcore/aspnetcore/artifacts/bin/Microsoft.AspNetCore.Components.Tests/Debug/net10.0/Microsoft.AspNetCore.Components.Tests.dll" adapterTypeName="executor://xunit/VsTestRunner3/netcore/" className="Microsoft.AspNetCore.Components.Test.RendererTest" name="ExceptionsDispatchedOffSyncContextCanBeHandledAsync" />
    </UnitTest>
    <UnitTest name="Microsoft.AspNetCore.Components.Rendering.RenderTreeBuilderTest.AddAttribute_Element_BoolFalse_IgnoresFrame" storage="/home/runner/work/aspnetcore/aspnetcore/artifacts/bin/microsoft.aspnetcore.components.tests/debug/net10.0/microsoft.aspnetcore.components.tests.dll" id="4a8f4649-d4d3-677c-9d3d-9410c5c92302">
      <Execution id="2e3c461f-823a-49dc-8eff-32606af7db70" />
      <TestMethod codeBase="/home/runner/work/aspnetcore/aspnetcore/artifacts/bin/Microsoft.AspNetCore.Components.Tests/Debug/net10.0/Microsoft.AspNetCore.Components.Tests.dll" adapterTypeName="executor://xunit/VsTestRunner3/netcore/" className="Microsoft.AspNetCore.Components.Rendering.RenderTreeBuilderTest" name="AddAttribute_Element_BoolFalse_IgnoresFrame" />
    </UnitTest>
    <UnitTest name="Microsoft.AspNetCore.Components.Routing.RouteTableFactoryTests.CanMatchSegmentWithMultipleConstraints(template: &quot;/{value:double:int}/&quot;, contextUrl: &quot;/15&quot;, convertedValue: 15)" storage="/home/runner/work/aspnetcore/aspnetcore/artifacts/bin/microsoft.aspnetcore.components.tests/debug/net10.0/microsoft.aspnetcore.components.tests.dll" id="cfe36dc5-f3f8-055b-4367-1b992d378f1b">
      <Execution id="b3aec3a5-ebe6-4eee-8622-877fc771076a" />
      <TestMethod codeBase="/home/runner/work/aspnetcore/aspnetcore/artifacts/bin/Microsoft.AspNetCore.Components.Tests/Debug/net10.0/Microsoft.AspNetCore.Components.Tests.dll" adapterTypeName="executor://xunit/VsTestRunner3/netcore/" className="Microsoft.AspNetCore.Components.Routing.RouteTableFactoryTests" name="CanMatchSegmentWithMultipleConstraints" />
    </UnitTest>
    <UnitTest name="Microsoft.AspNetCore.Components.Routing.RouteTableFactoryTests.CanMatchTemplateWithMultipleParametersAndCatchAllParameter" storage="/home/runner/work/aspnetcore/aspnetcore/artifacts/bin/microsoft.aspnetcore.components.tests/debug/net10.0/microsoft.aspnetcore.components.tests.dll" id="3ec0d1ee-648d-7ea9-e514-26db9f4958a3">
      <Execution id="a4594a4c-d530-4384-b635-bb1533f6ff5a" />
      <TestMethod codeBase="/home/runner/work/aspnetcore/aspnetcore/artifacts/bin/Microsoft.AspNetCore.Components.Tests/Debug/net10.0/Microsoft.AspNetCore.Components.Tests.dll" adapterTypeName="executor://xunit/VsTestRunner3/netcore/" className="Microsoft.AspNetCore.Components.Routing.RouteTableFactoryTests" name="CanMatchTemplateWithMultipleParametersAndCatchAllParameter" />
    </UnitTest>
    <UnitTest name="Microsoft.AspNetCore.Components.Test.RendererTest.DoesNotDispatchEventsAfterOwnerComponentIsDisposed" storage="/home/runner/work/aspnetcore/aspnetcore/artifacts/bin/microsoft.aspnetcore.components.tests/debug/net10.0/microsoft.aspnetcore.components.tests.dll" id="2ad9c2a2-ff47-f9ea-aefc-784a106907f1">
      <Execution id="40618ec5-a3b3-4d27-8628-265dc2b06b13" />
      <TestMethod codeBase="/home/runner/work/aspnetcore/aspnetcore/artifacts/bin/Microsoft.AspNetCore.Components.Tests/Debug/net10.0/Microsoft.AspNetCore.Components.Tests.dll" adapterTypeName="executor://xunit/VsTestRunner3/netcore/" className="Microsoft.AspNetCore.Components.Test.RendererTest" name="DoesNotDispatchEventsAfterOwnerComponentIsDisposed" />
    </UnitTest>
    <UnitTest name="Microsoft.AspNetCore.Components.Test.RendererTest.DispatchEventAsync_EventCallbackOfT_AsynchronousException" storage="/home/runner/work/aspnetcore/aspnetcore/artifacts/bin/microsoft.aspnetcore.components.tests/debug/net10.0/microsoft.aspnetcore.components.tests.dll" id="0e6b444f-caf5-2e44-d828-090e28b657d2">
      <Execution id="f51b11db-a083-4c20-92ba-48d4d8afdeae" />
      <TestMethod codeBase="/home/runner/work/aspnetcore/aspnetcore/artifacts/bin/Microsoft.AspNetCore.Components.Tests/Debug/net10.0/Microsoft.AspNetCore.Components.Tests.dll" adapterTypeName="executor://xunit/VsTestRunner3/netcore/" className="Microsoft.AspNetCore.Components.Test.RendererTest" name="DispatchEventAsync_EventCallbackOfT_AsynchronousException" />
    </UnitTest>
    <UnitTest name="Microsoft.AspNetCore.Components.RenderTree.ArrayBuilderTest.Dispose_WithEmptyBuffer_DoesNotReturnIt" storage="/home/runner/work/aspnetcore/aspnetcore/artifacts/bin/microsoft.aspnetcore.components.tests/debug/net10.0/microsoft.aspnetcore.components.tests.dll" id="ddba84f0-f8c6-7f68-67dd-172ed32d6a5f">
      <Execution id="8218f45a-2f71-4306-86fb-6ef70c792a8c" />
      <TestMethod codeBase="/home/runner/work/aspnetcore/aspnetcore/artifacts/bin/Microsoft.AspNetCore.Components.Tests/Debug/net10.0/Microsoft.AspNetCore.Components.Tests.dll" adapterTypeName="executor://xunit/VsTestRunner3/netcore/" className="Microsoft.AspNetCore.Components.RenderTree.ArrayBuilderTest" name="Dispose_WithEmptyBuffer_DoesNotReturnIt" />
    </UnitTest>
    <UnitTest name="Microsoft.AspNetCore.Components.Routing.RouteKeyTest.RouteKey_WithAdditionalAssemblies_DifferentAdditionalAssemblies" storage="/home/runner/work/aspnetcore/aspnetcore/artifacts/bin/microsoft.aspnetcore.components.tests/debug/net10.0/microsoft.aspnetcore.components.tests.dll" id="9000728a-3a9f-07e0-b415-31a7c48348e1">
      <Execution id="f5c2fc44-5855-4745-9084-036d6a56b3cf" />
      <TestMethod codeBase="/home/runner/work/aspnetcore/aspnetcore/artifacts/bin/Microsoft.AspNetCore.Components.Tests/Debug/net10.0/Microsoft.AspNetCore.Components.Tests.dll" adapterTypeName="executor://xunit/VsTestRunner3/netcore/" className="Microsoft.AspNetCore.Components.Routing.RouteKeyTest" name="RouteKey_WithAdditionalAssemblies_DifferentAdditionalAssemblies" />
    </UnitTest>
    <UnitTest name="Microsoft.AspNetCore.Components.Routing.RouteTableFactoryTests.ThrowsWhenCatchAllIsNotTheLastSegment(template: &quot;{*catchall}/{parameter}&quot;)" storage="/home/runner/work/aspnetcore/aspnetcore/artifacts/bin/microsoft.aspnetcore.components.tests/debug/net10.0/microsoft.aspnetcore.components.tests.dll" id="8ac382fb-edcd-3fed-41e3-7f22ed7119ae">
      <Execution id="22a9ac81-b50b-4cd3-8958-d91392798f5e" />
      <TestMethod codeBase="/home/runner/work/aspnetcore/aspnetcore/artifacts/bin/Microsoft.AspNetCore.Components.Tests/Debug/net10.0/Microsoft.AspNetCore.Components.Tests.dll" adapterTypeName="executor://xunit/VsTestRunner3/netcore/" className="Microsoft.AspNetCore.Components.Routing.RouteTableFactoryTests" name="ThrowsWhenCatchAllIsNotTheLastSegment" />
    </UnitTest>
    <UnitTest name="Microsoft.AspNetCore.Components.ComponentsMetricsTest.CaptureBatchDuration_RecordsErrorMetric" storage="/home/runner/work/aspnetcore/aspnetcore/artifacts/bin/microsoft.aspnetcore.components.tests/debug/net10.0/microsoft.aspnetcore.components.tests.dll" id="fa3cedf8-56a5-48eb-3e47-bf4e3d09a5b7">
      <Execution id="2a2dd7e2-fac8-4ad1-9841-f0e066d9baef" />
      <TestMethod codeBase="/home/runner/work/aspnetcore/aspnetcore/artifacts/bin/Microsoft.AspNetCore.Components.Tests/Debug/net10.0/Microsoft.AspNetCore.Components.Tests.dll" adapterTypeName="executor://xunit/VsTestRunner3/netcore/" className="Microsoft.AspNetCore.Components.ComponentsMetricsTest" name="CaptureBatchDuration_RecordsErrorMetric" />
    </UnitTest>
    <UnitTest name="Microsoft.AspNetCore.Components.RenderTree.ArrayBuilderTest.Overwrite_Works" storage="/home/runner/work/aspnetcore/aspnetcore/artifacts/bin/microsoft.aspnetcore.components.tests/debug/net10.0/microsoft.aspnetcore.components.tests.dll" id="69de5064-9530-8522-5aca-3f925924187c">
      <Execution id="121eff36-0988-449f-bd30-402579253038" />
      <TestMethod codeBase="/home/runner/work/aspnetcore/aspnetcore/artifacts/bin/Microsoft.AspNetCore.Components.Tests/Debug/net10.0/Microsoft.AspNetCore.Components.Tests.dll" adapterTypeName="executor://xunit/VsTestRunner3/netcore/" className="Microsoft.AspNetCore.Components.RenderTree.ArrayBuilderTest" name="Overwrite_Works" />
    </UnitTest>
    <UnitTest name="Microsoft.AspNetCore.Components.ComponentsMetricsTest.IsEventEnabled_ReturnsCorrectState" storage="/home/runner/work/aspnetcore/aspnetcore/artifacts/bin/microsoft.aspnetcore.components.tests/debug/net10.0/microsoft.aspnetcore.components.tests.dll" id="40e9e5d4-1c18-ecc2-e66c-2236d1053683">
      <Execution id="24d91d7d-0550-49c5-9556-04ed7559e5a1" />
      <TestMethod codeBase="/home/runner/work/aspnetcore/aspnetcore/artifacts/bin/Microsoft.AspNetCore.Components.Tests/Debug/net10.0/Microsoft.AspNetCore.Components.Tests.dll" adapterTypeName="executor://xunit/VsTestRunner3/netcore/" className="Microsoft.AspNetCore.Components.ComponentsMetricsTest" name="IsEventEnabled_ReturnsCorrectState" />
    </UnitTest>
    <UnitTest name="Microsoft.AspNetCore.Components.ParameterViewTest.CanConvertToReadOnlyDictionary" storage="/home/runner/work/aspnetcore/aspnetcore/artifacts/bin/microsoft.aspnetcore.components.tests/debug/net10.0/microsoft.aspnetcore.components.tests.dll" id="7b0e6520-1427-6b8d-b421-60c6eb71a855">
      <Execution id="45c690f8-e148-4c35-9f5d-e452665f035f" />
      <TestMethod codeBase="/home/runner/work/aspnetcore/aspnetcore/artifacts/bin/Microsoft.AspNetCore.Components.Tests/Debug/net10.0/Microsoft.AspNetCore.Components.Tests.dll" adapterTypeName="executor://xunit/VsTestRunner3/netcore/" className="Microsoft.AspNetCore.Components.ParameterViewTest" name="CanConvertToReadOnlyDictionary" />
    </UnitTest>
    <UnitTest name="Microsoft.AspNetCore.Components.ParameterViewTest.CanInitializeUsingComponentWithNoDescendants" storage="/home/runner/work/aspnetcore/aspnetcore/artifacts/bin/microsoft.aspnetcore.components.tests/debug/net10.0/microsoft.aspnetcore.components.tests.dll" id="5c336b24-f4a8-d7c8-8fd0-90d7800190ff">
      <Execution id="e2ac5536-8e2d-453c-bc26-122a55600eb0" />
      <TestMethod codeBase="/home/runner/work/aspnetcore/aspnetcore/artifacts/bin/Microsoft.AspNetCore.Components.Tests/Debug/net10.0/Microsoft.AspNetCore.Components.Tests.dll" adapterTypeName="executor://xunit/VsTestRunner3/netcore/" className="Microsoft.AspNetCore.Components.ParameterViewTest" name="CanInitializeUsingComponentWithNoDescendants" />
    </UnitTest>
    <UnitTest name="Microsoft.AspNetCore.Components.ComponentApplicationStateTest.PersistState_ThrowsForDuplicateKeys" storage="/home/runner/work/aspnetcore/aspnetcore/artifacts/bin/microsoft.aspnetcore.components.tests/debug/net10.0/microsoft.aspnetcore.components.tests.dll" id="e6b88262-b433-6d9d-2054-00efe550437a">
      <Execution id="d9ae9990-ce5c-433b-b708-8f0336dce2ae" />
      <TestMethod codeBase="/home/runner/work/aspnetcore/aspnetcore/artifacts/bin/Microsoft.AspNetCore.Components.Tests/Debug/net10.0/Microsoft.AspNetCore.Components.Tests.dll" adapterTypeName="executor://xunit/VsTestRunner3/netcore/" className="Microsoft.AspNetCore.Components.ComponentApplicationStateTest" name="PersistState_ThrowsForDuplicateKeys" />
    </UnitTest>
    <UnitTest name="Microsoft.AspNetCore.Components.Test.RenderTreeDiffBuilderTest.CanMoveBeforeDeletedItem" storage="/home/runner/work/aspnetcore/aspnetcore/artifacts/bin/microsoft.aspnetcore.components.tests/debug/net10.0/microsoft.aspnetcore.components.tests.dll" id="4781b651-73e0-3002-a676-132ebaaa0a2d">
      <Execution id="af8acd6e-0b45-4e31-bdae-a1a4a2db1841" />
      <TestMethod codeBase="/home/runner/work/aspnetcore/aspnetcore/artifacts/bin/Microsoft.AspNetCore.Components.Tests/Debug/net10.0/Microsoft.AspNetCore.Components.Tests.dll" adapterTypeName="executor://xunit/VsTestRunner3/netcore/" className="Microsoft.AspNetCore.Components.Test.RenderTreeDiffBuilderTest" name="CanMoveBeforeDeletedItem" />
    </UnitTest>
    <UnitTest name="Microsoft.AspNetCore.Components.Rendering.RenderTreeBuilderTest.CanAddMultipleAttributes_ArrayKvpObject" storage="/home/runner/work/aspnetcore/aspnetcore/artifacts/bin/microsoft.aspnetcore.components.tests/debug/net10.0/microsoft.aspnetcore.components.tests.dll" id="dd3aa683-a087-9abc-3c49-f63b0f664e93">
      <Execution id="20fd38c6-c665-465a-9820-a7d084f4d526" />
      <TestMethod codeBase="/home/runner/work/aspnetcore/aspnetcore/artifacts/bin/Microsoft.AspNetCore.Components.Tests/Debug/net10.0/Microsoft.AspNetCore.Components.Tests.dll" adapterTypeName="executor://xunit/VsTestRunner3/netcore/" className="Microsoft.AspNetCore.Components.Rendering.RenderTreeBuilderTest" name="CanAddMultipleAttributes_ArrayKvpObject" />
    </UnitTest>
    <UnitTest name="Microsoft.AspNetCore.Components.Test.LayoutViewTest.CanChangeContentWithSameLayout" storage="/home/runner/work/aspnetcore/aspnetcore/artifacts/bin/microsoft.aspnetcore.components.tests/debug/net10.0/microsoft.aspnetcore.components.tests.dll" id="c70b4fb2-8ef3-65ba-069e-288c3fbbf72d">
      <Execution id="44da13f4-6fdd-4611-aa49-93a0b8d7f46a" />
      <TestMethod codeBase="/home/runner/work/aspnetcore/aspnetcore/artifacts/bin/Microsoft.AspNetCore.Components.Tests/Debug/net10.0/Microsoft.AspNetCore.Components.Tests.dll" adapterTypeName="executor://xunit/VsTestRunner3/netcore/" className="Microsoft.AspNetCore.Components.Test.LayoutViewTest" name="CanChangeContentWithSameLayout" />
    </UnitTest>
    <UnitTest name="Microsoft.AspNetCore.Components.NavigationManagerTest.LocationChangingHandlers_CanCancelTheNavigationAsynchronously_WhenOneHandlerIsRegistered" storage="/home/runner/work/aspnetcore/aspnetcore/artifacts/bin/microsoft.aspnetcore.components.tests/debug/net10.0/microsoft.aspnetcore.components.tests.dll" id="27d3de46-4cc2-3f4c-576a-24dd3e6884a3">
      <Execution id="5ded21e3-7650-4adb-b309-7b6c0f0750af" />
      <TestMethod codeBase="/home/runner/work/aspnetcore/aspnetcore/artifacts/bin/Microsoft.AspNetCore.Components.Tests/Debug/net10.0/Microsoft.AspNetCore.Components.Tests.dll" adapterTypeName="executor://xunit/VsTestRunner3/netcore/" className="Microsoft.AspNetCore.Components.NavigationManagerTest" name="LocationChangingHandlers_CanCancelTheNavigationAsynchronously_WhenOneHandlerIsRegistered" />
    </UnitTest>
    <UnitTest name="Microsoft.AspNetCore.Components.Test.RendererTest.DisposingRenderer_CapturesExceptionsFromAllRegisteredComponents" storage="/home/runner/work/aspnetcore/aspnetcore/artifacts/bin/microsoft.aspnetcore.components.tests/debug/net10.0/microsoft.aspnetcore.components.tests.dll" id="26f706b2-b0e6-bc2b-a670-abcd95d20de6">
      <Execution id="151fe50d-a541-41a4-baa5-87154211d79b" />
      <TestMethod codeBase="/home/runner/work/aspnetcore/aspnetcore/artifacts/bin/Microsoft.AspNetCore.Components.Tests/Debug/net10.0/Microsoft.AspNetCore.Components.Tests.dll" adapterTypeName="executor://xunit/VsTestRunner3/netcore/" className="Microsoft.AspNetCore.Components.Test.RendererTest" name="DisposingRenderer_CapturesExceptionsFromAllRegisteredComponents" />
    </UnitTest>
    <UnitTest name="Microsoft.AspNetCore.Components.ParameterViewTest.HasRemovedDirectParameters_ParameterRemoved" storage="/home/runner/work/aspnetcore/aspnetcore/artifacts/bin/microsoft.aspnetcore.components.tests/debug/net10.0/microsoft.aspnetcore.components.tests.dll" id="0794b4a5-77fc-3c58-06ea-aaa090968881">
      <Execution id="cf58c903-226f-411e-9ac5-1e825504abf0" />
      <TestMethod codeBase="/home/runner/work/aspnetcore/aspnetcore/artifacts/bin/Microsoft.AspNetCore.Components.Tests/Debug/net10.0/Microsoft.AspNetCore.Components.Tests.dll" adapterTypeName="executor://xunit/VsTestRunner3/netcore/" className="Microsoft.AspNetCore.Components.ParameterViewTest" name="HasRemovedDirectParameters_ParameterRemoved" />
    </UnitTest>
    <UnitTest name="Microsoft.AspNetCore.Components.NavigationManagerTest.GetUriWithQueryParameter_AppendsWhenParameterDoesNotExist(baseUri: &quot;scheme://host/?age=42#hash&quot;, expectedUri: &quot;scheme://host/?age=42&amp;name=John%20Doe#hash&quot;)" storage="/home/runner/work/aspnetcore/aspnetcore/artifacts/bin/microsoft.aspnetcore.components.tests/debug/net10.0/microsoft.aspnetcore.components.tests.dll" id="025a149b-7aca-8565-8491-c98419688333">
      <Execution id="80e94827-9adc-48c1-9874-08ebe82667fc" />
      <TestMethod codeBase="/home/runner/work/aspnetcore/aspnetcore/artifacts/bin/Microsoft.AspNetCore.Components.Tests/Debug/net10.0/Microsoft.AspNetCore.Components.Tests.dll" adapterTypeName="executor://xunit/VsTestRunner3/netcore/" className="Microsoft.AspNetCore.Components.NavigationManagerTest" name="GetUriWithQueryParameter_AppendsWhenParameterDoesNotExist" />
    </UnitTest>
    <UnitTest name="Microsoft.AspNetCore.Components.Test.RendererTest.EventDispatching_EventCallbackOfT_AsyncNoTargetLambda" storage="/home/runner/work/aspnetcore/aspnetcore/artifacts/bin/microsoft.aspnetcore.components.tests/debug/net10.0/microsoft.aspnetcore.components.tests.dll" id="c11dedad-15e2-9e12-a188-c6cb13823fc3">
      <Execution id="a4765819-cfc9-456e-b422-872ac2d508c8" />
      <TestMethod codeBase="/home/runner/work/aspnetcore/aspnetcore/artifacts/bin/Microsoft.AspNetCore.Components.Tests/Debug/net10.0/Microsoft.AspNetCore.Components.Tests.dll" adapterTypeName="executor://xunit/VsTestRunner3/netcore/" className="Microsoft.AspNetCore.Components.Test.RendererTest" name="EventDispatching_EventCallbackOfT_AsyncNoTargetLambda" />
    </UnitTest>
    <UnitTest name="Microsoft.AspNetCore.Components.Routing.RouteTableFactoryTests.MultipleOptionalParametersWithPrefix(path: &quot;/prefix/1/2&quot;, segments: 2)" storage="/home/runner/work/aspnetcore/aspnetcore/artifacts/bin/microsoft.aspnetcore.components.tests/debug/net10.0/microsoft.aspnetcore.components.tests.dll" id="a30ec4e1-e141-fbc7-e02e-c3494c21699f">
      <Execution id="821b5f95-f4ee-4ead-a3b5-379faec0c420" />
      <TestMethod codeBase="/home/runner/work/aspnetcore/aspnetcore/artifacts/bin/Microsoft.AspNetCore.Components.Tests/Debug/net10.0/Microsoft.AspNetCore.Components.Tests.dll" adapterTypeName="executor://xunit/VsTestRunner3/netcore/" className="Microsoft.AspNetCore.Components.Routing.RouteTableFactoryTests" name="MultipleOptionalParametersWithPrefix" />
    </UnitTest>
    <UnitTest name="Microsoft.AspNetCore.Components.Test.RendererTest.EventFieldInfoWorksWhenEventHandlerIdWasSuperseded" storage="/home/runner/work/aspnetcore/aspnetcore/artifacts/bin/microsoft.aspnetcore.components.tests/debug/net10.0/microsoft.aspnetcore.components.tests.dll" id="daeec1e1-cfc9-7590-8989-30104087c3ae">
      <Execution id="2c6bbe32-c9bc-4593-9219-ffbd037246e1" />
      <TestMethod codeBase="/home/runner/work/aspnetcore/aspnetcore/artifacts/bin/Microsoft.AspNetCore.Components.Tests/Debug/net10.0/Microsoft.AspNetCore.Components.Tests.dll" adapterTypeName="executor://xunit/VsTestRunner3/netcore/" className="Microsoft.AspNetCore.Components.Test.RendererTest" name="EventFieldInfoWorksWhenEventHandlerIdWasSuperseded" />
    </UnitTest>
    <UnitTest name="Microsoft.AspNetCore.Components.Test.RendererTest.RenderBatch_CanDisposeAsynchronousAsyncDisposables" storage="/home/runner/work/aspnetcore/aspnetcore/artifacts/bin/microsoft.aspnetcore.components.tests/debug/net10.0/microsoft.aspnetcore.components.tests.dll" id="71f44d20-bf10-f1a9-f29a-5c7a0568a5a2">
      <Execution id="3706f658-ed6e-47e4-987a-c2f8e9c52c88" />
      <TestMethod codeBase="/home/runner/work/aspnetcore/aspnetcore/artifacts/bin/Microsoft.AspNetCore.Components.Tests/Debug/net10.0/Microsoft.AspNetCore.Components.Tests.dll" adapterTypeName="executor://xunit/VsTestRunner3/netcore/" className="Microsoft.AspNetCore.Components.Test.RendererTest" name="RenderBatch_CanDisposeAsynchronousAsyncDisposables" />
    </UnitTest>
    <UnitTest name="Microsoft.AspNetCore.Components.NavigationManagerTest.LocationChangingHandlers_CanCancelTheNavigationSynchronously_BeforeReturning_WhenOneHandlerIsRegistered" storage="/home/runner/work/aspnetcore/aspnetcore/artifacts/bin/microsoft.aspnetcore.components.tests/debug/net10.0/microsoft.aspnetcore.components.tests.dll" id="0654b257-2c98-6e2a-b721-90035e3a4ed3">
      <Execution id="e9c40258-e582-4c24-9e02-61291a412a92" />
      <TestMethod codeBase="/home/runner/work/aspnetcore/aspnetcore/artifacts/bin/Microsoft.AspNetCore.Components.Tests/Debug/net10.0/Microsoft.AspNetCore.Components.Tests.dll" adapterTypeName="executor://xunit/VsTestRunner3/netcore/" className="Microsoft.AspNetCore.Components.NavigationManagerTest" name="LocationChangingHandlers_CanCancelTheNavigationSynchronously_BeforeReturning_WhenOneHandlerIsRegistered" />
    </UnitTest>
    <UnitTest name="Microsoft.AspNetCore.Components.Test.RenderTreeDiffBuilderTest.DoesNotInvokeAssignerAgainForRetainedComponents" storage="/home/runner/work/aspnetcore/aspnetcore/artifacts/bin/microsoft.aspnetcore.components.tests/debug/net10.0/microsoft.aspnetcore.components.tests.dll" id="1e403474-a2fe-4fa9-22f4-0ab4289adc79">
      <Execution id="621db72d-b33a-4cc4-83f8-7c471ce3559a" />
      <TestMethod codeBase="/home/runner/work/aspnetcore/aspnetcore/artifacts/bin/Microsoft.AspNetCore.Components.Tests/Debug/net10.0/Microsoft.AspNetCore.Components.Tests.dll" adapterTypeName="executor://xunit/VsTestRunner3/netcore/" className="Microsoft.AspNetCore.Components.Test.RenderTreeDiffBuilderTest" name="DoesNotInvokeAssignerAgainForRetainedComponents" />
    </UnitTest>
    <UnitTest name="Microsoft.AspNetCore.Components.ComponentsMetricsTest.FailEventSync_RecordsErrorMetric" storage="/home/runner/work/aspnetcore/aspnetcore/artifacts/bin/microsoft.aspnetcore.components.tests/debug/net10.0/microsoft.aspnetcore.components.tests.dll" id="2cddd469-a0f2-9264-213a-2de34700270e">
      <Execution id="3c1ac085-6ef4-442f-aae8-25621d30647e" />
      <TestMethod codeBase="/home/runner/work/aspnetcore/aspnetcore/artifacts/bin/Microsoft.AspNetCore.Components.Tests/Debug/net10.0/Microsoft.AspNetCore.Components.Tests.dll" adapterTypeName="executor://xunit/VsTestRunner3/netcore/" className="Microsoft.AspNetCore.Components.ComponentsMetricsTest" name="FailEventSync_RecordsErrorMetric" />
    </UnitTest>
    <UnitTest name="Microsoft.AspNetCore.Components.Routing.RouteTableFactoryTests.MultipleOptionalParameters(path: &quot;/1&quot;, segments: 1)" storage="/home/runner/work/aspnetcore/aspnetcore/artifacts/bin/microsoft.aspnetcore.components.tests/debug/net10.0/microsoft.aspnetcore.components.tests.dll" id="fffcaa45-10e6-e235-96a4-946f89707570">
      <Execution id="85f15e42-a110-44d0-9f97-80592f30770d" />
      <TestMethod codeBase="/home/runner/work/aspnetcore/aspnetcore/artifacts/bin/Microsoft.AspNetCore.Components.Tests/Debug/net10.0/Microsoft.AspNetCore.Components.Tests.dll" adapterTypeName="executor://xunit/VsTestRunner3/netcore/" className="Microsoft.AspNetCore.Components.Routing.RouteTableFactoryTests" name="MultipleOptionalParameters" />
    </UnitTest>
    <UnitTest name="Microsoft.AspNetCore.Components.CascadingParameterStateTest.FindCascadingParameters_IfHasNoAncestors_ReturnsEmpty" storage="/home/runner/work/aspnetcore/aspnetcore/artifacts/bin/microsoft.aspnetcore.components.tests/debug/net10.0/microsoft.aspnetcore.components.tests.dll" id="889cc7ec-d3db-c56c-fae3-36b7956585c4">
      <Execution id="a610e6bc-01a8-424a-bf24-5d6f90d691fd" />
      <TestMethod codeBase="/home/runner/work/aspnetcore/aspnetcore/artifacts/bin/Microsoft.AspNetCore.Components.Tests/Debug/net10.0/Microsoft.AspNetCore.Components.Tests.dll" adapterTypeName="executor://xunit/VsTestRunner3/netcore/" className="Microsoft.AspNetCore.Components.CascadingParameterStateTest" name="FindCascadingParameters_IfHasNoAncestors_ReturnsEmpty" />
    </UnitTest>
    <UnitTest name="Microsoft.AspNetCore.Components.Rendering.RendererSynchronizationContextTest.Send_CanRunSynchronously" storage="/home/runner/work/aspnetcore/aspnetcore/artifacts/bin/microsoft.aspnetcore.components.tests/debug/net10.0/microsoft.aspnetcore.components.tests.dll" id="62fa1efb-e140-139a-0624-9c7d6df06c4e">
      <Execution id="7299c0c5-99dc-4440-a27b-ecd058609451" />
      <TestMethod codeBase="/home/runner/work/aspnetcore/aspnetcore/artifacts/bin/Microsoft.AspNetCore.Components.Tests/Debug/net10.0/Microsoft.AspNetCore.Components.Tests.dll" adapterTypeName="executor://xunit/VsTestRunner3/netcore/" className="Microsoft.AspNetCore.Components.Rendering.RendererSynchronizationContextTest" name="Send_CanRunSynchronously" />
    </UnitTest>
    <UnitTest name="Microsoft.AspNetCore.Components.Rendering.RenderTreeBuilderTest.AddAttribute_Component_EventCallbackOfT_AddsFrame" storage="/home/runner/work/aspnetcore/aspnetcore/artifacts/bin/microsoft.aspnetcore.components.tests/debug/net10.0/microsoft.aspnetcore.components.tests.dll" id="b3406b45-4f3c-1725-423d-8e8cda3fd2f3">
      <Execution id="094e3344-b5f9-4405-9dab-553a333ad0d0" />
      <TestMethod codeBase="/home/runner/work/aspnetcore/aspnetcore/artifacts/bin/Microsoft.AspNetCore.Components.Tests/Debug/net10.0/Microsoft.AspNetCore.Components.Tests.dll" adapterTypeName="executor://xunit/VsTestRunner3/netcore/" className="Microsoft.AspNetCore.Components.Rendering.RenderTreeBuilderTest" name="AddAttribute_Component_EventCallbackOfT_AddsFrame" />
    </UnitTest>
    <UnitTest name="Microsoft.AspNetCore.Components.Test.RendererTest.DispatchingEventsWithoutAsyncWorkShouldCompleteSynchronously" storage="/home/runner/work/aspnetcore/aspnetcore/artifacts/bin/microsoft.aspnetcore.components.tests/debug/net10.0/microsoft.aspnetcore.components.tests.dll" id="33bbdc2d-92fa-0698-cd73-1b7154d3d161">
      <Execution id="3757946c-663e-4afb-9a02-b25605e2f376" />
      <TestMethod codeBase="/home/runner/work/aspnetcore/aspnetcore/artifacts/bin/Microsoft.AspNetCore.Components.Tests/Debug/net10.0/Microsoft.AspNetCore.Components.Tests.dll" adapterTypeName="executor://xunit/VsTestRunner3/netcore/" className="Microsoft.AspNetCore.Components.Test.RendererTest" name="DispatchingEventsWithoutAsyncWorkShouldCompleteSynchronously" />
    </UnitTest>
    <UnitTest name="Microsoft.AspNetCore.Components.ComponentsMetricsTest.CaptureEventDuration_RecordsErrorMetric" storage="/home/runner/work/aspnetcore/aspnetcore/artifacts/bin/microsoft.aspnetcore.components.tests/debug/net10.0/microsoft.aspnetcore.components.tests.dll" id="c5b91782-e1f7-2774-701f-5275edeb9108">
      <Execution id="e071a9f5-c780-4b35-ba2f-7c2ca63a01ea" />
      <TestMethod codeBase="/home/runner/work/aspnetcore/aspnetcore/artifacts/bin/Microsoft.AspNetCore.Components.Tests/Debug/net10.0/Microsoft.AspNetCore.Components.Tests.dll" adapterTypeName="executor://xunit/VsTestRunner3/netcore/" className="Microsoft.AspNetCore.Components.ComponentsMetricsTest" name="CaptureEventDuration_RecordsErrorMetric" />
    </UnitTest>
    <UnitTest name="Microsoft.AspNetCore.Components.EventCallbackFactoryTest.Create_Action_AlreadyBoundToReceiver" storage="/home/runner/work/aspnetcore/aspnetcore/artifacts/bin/microsoft.aspnetcore.components.tests/debug/net10.0/microsoft.aspnetcore.components.tests.dll" id="a1201979-858f-687a-3bc7-caebde6e1939">
      <Execution id="bb83c208-c3d1-42c0-a034-5b0bcb0b2112" />
      <TestMethod codeBase="/home/runner/work/aspnetcore/aspnetcore/artifacts/bin/Microsoft.AspNetCore.Components.Tests/Debug/net10.0/Microsoft.AspNetCore.Components.Tests.dll" adapterTypeName="executor://xunit/VsTestRunner3/netcore/" className="Microsoft.AspNetCore.Components.EventCallbackFactoryTest" name="Create_Action_AlreadyBoundToReceiver" />
    </UnitTest>
    <UnitTest name="Microsoft.AspNetCore.Components.PersistentState.PersistentServicesRegistryTest.PersistStateAsync_DoesNotPersistNullServiceProperties" storage="/home/runner/work/aspnetcore/aspnetcore/artifacts/bin/microsoft.aspnetcore.components.tests/debug/net10.0/microsoft.aspnetcore.components.tests.dll" id="f924c660-2650-22d4-6c50-0bedfdbb1a74">
      <Execution id="d4e6b715-f205-41f0-a70a-fb65ffeb13fe" />
      <TestMethod codeBase="/home/runner/work/aspnetcore/aspnetcore/artifacts/bin/Microsoft.AspNetCore.Components.Tests/Debug/net10.0/Microsoft.AspNetCore.Components.Tests.dll" adapterTypeName="executor://xunit/VsTestRunner3/netcore/" className="Microsoft.AspNetCore.Components.PersistentState.PersistentServicesRegistryTest" name="PersistStateAsync_DoesNotPersistNullServiceProperties" />
    </UnitTest>
    <UnitTest name="Microsoft.AspNetCore.Components.Test.RendererTest.EventDispatchExceptionsCanBeHandledByClosestErrorBoundary_AfterDisposal" storage="/home/runner/work/aspnetcore/aspnetcore/artifacts/bin/microsoft.aspnetcore.components.tests/debug/net10.0/microsoft.aspnetcore.components.tests.dll" id="221a9f87-b670-a768-d998-0091c0594c81">
      <Execution id="7ebb831e-7a23-46d4-b52d-7184984c1b1a" />
      <TestMethod codeBase="/home/runner/work/aspnetcore/aspnetcore/artifacts/bin/Microsoft.AspNetCore.Components.Tests/Debug/net10.0/Microsoft.AspNetCore.Components.Tests.dll" adapterTypeName="executor://xunit/VsTestRunner3/netcore/" className="Microsoft.AspNetCore.Components.Test.RendererTest" name="EventDispatchExceptionsCanBeHandledByClosestErrorBoundary_AfterDisposal" />
    </UnitTest>
    <UnitTest name="Microsoft.AspNetCore.Components.Routing.RoutePatternParserTests.InvalidTemplate_WithMismatchedBraces(template: &quot;p}&quot;, expectedMessage: &quot;There is an incomplete parameter in the route temp&quot;···)" storage="/home/runner/work/aspnetcore/aspnetcore/artifacts/bin/microsoft.aspnetcore.components.tests/debug/net10.0/microsoft.aspnetcore.components.tests.dll" id="2b32fa55-0f80-fff0-5d46-58560fcdf708">
      <Execution id="4650215c-f033-4dbf-bfe6-a9b8b477fa40" />
      <TestMethod codeBase="/home/runner/work/aspnetcore/aspnetcore/artifacts/bin/Microsoft.AspNetCore.Components.Tests/Debug/net10.0/Microsoft.AspNetCore.Components.Tests.dll" adapterTypeName="executor://xunit/VsTestRunner3/netcore/" className="Microsoft.AspNetCore.Components.Routing.RoutePatternParserTests" name="InvalidTemplate_WithMismatchedBraces" />
    </UnitTest>
    <UnitTest name="Microsoft.AspNetCore.Components.Rendering.RenderTreeBuilderTest.AddAttribute_Element_NullEventHandler_IgnoresFrame" storage="/home/runner/work/aspnetcore/aspnetcore/artifacts/bin/microsoft.aspnetcore.components.tests/debug/net10.0/microsoft.aspnetcore.components.tests.dll" id="b57df1b3-43cd-e375-40b3-3e876d836d2b">
      <Execution id="55a197bc-7a5e-463c-a9d5-9347c053ff59" />
      <TestMethod codeBase="/home/runner/work/aspnetcore/aspnetcore/artifacts/bin/Microsoft.AspNetCore.Components.Tests/Debug/net10.0/Microsoft.AspNetCore.Components.Tests.dll" adapterTypeName="executor://xunit/VsTestRunner3/netcore/" className="Microsoft.AspNetCore.Components.Rendering.RenderTreeBuilderTest" name="AddAttribute_Element_NullEventHandler_IgnoresFrame" />
    </UnitTest>
    <UnitTest name="Microsoft.AspNetCore.Components.Routing.RouterTest.CanCancelPreviousOnNavigateAsync" storage="/home/runner/work/aspnetcore/aspnetcore/artifacts/bin/microsoft.aspnetcore.components.tests/debug/net10.0/microsoft.aspnetcore.components.tests.dll" id="efdf10ad-ff1d-0372-6e29-924d8f59f26f">
      <Execution id="14695f9b-bc36-4b2b-8e0e-9dbe0656ee02" />
      <TestMethod codeBase="/home/runner/work/aspnetcore/aspnetcore/artifacts/bin/Microsoft.AspNetCore.Components.Tests/Debug/net10.0/Microsoft.AspNetCore.Components.Tests.dll" adapterTypeName="executor://xunit/VsTestRunner3/netcore/" className="Microsoft.AspNetCore.Components.Routing.RouterTest" name="CanCancelPreviousOnNavigateAsync" />
    </UnitTest>
    <UnitTest name="Microsoft.AspNetCore.Components.ComponentApplicationStateTest.RegisterOnPersisting_ThrowsIfCalledDuringOnPersisting" storage="/home/runner/work/aspnetcore/aspnetcore/artifacts/bin/microsoft.aspnetcore.components.tests/debug/net10.0/microsoft.aspnetcore.components.tests.dll" id="a6fc0933-771a-6ef6-bbdf-3ccc2b4e96db">
      <Execution id="950fd8a8-65af-484a-98ac-9b0141065bb8" />
      <TestMethod codeBase="/home/runner/work/aspnetcore/aspnetcore/artifacts/bin/Microsoft.AspNetCore.Components.Tests/Debug/net10.0/Microsoft.AspNetCore.Components.Tests.dll" adapterTypeName="executor://xunit/VsTestRunner3/netcore/" className="Microsoft.AspNetCore.Components.ComponentApplicationStateTest" name="RegisterOnPersisting_ThrowsIfCalledDuringOnPersisting" />
    </UnitTest>
    <UnitTest name="Microsoft.AspNetCore.Components.Test.RenderTreeDiffBuilderTest.RecognizesLeadingLoopBlockItemsBeingAdded" storage="/home/runner/work/aspnetcore/aspnetcore/artifacts/bin/microsoft.aspnetcore.components.tests/debug/net10.0/microsoft.aspnetcore.components.tests.dll" id="25ff83fc-6352-765d-4797-3e5622dc453a">
      <Execution id="243eab1d-24c3-48c0-8213-fa7359ec6327" />
      <TestMethod codeBase="/home/runner/work/aspnetcore/aspnetcore/artifacts/bin/Microsoft.AspNetCore.Components.Tests/Debug/net10.0/Microsoft.AspNetCore.Components.Tests.dll" adapterTypeName="executor://xunit/VsTestRunner3/netcore/" className="Microsoft.AspNetCore.Components.Test.RenderTreeDiffBuilderTest" name="RecognizesLeadingLoopBlockItemsBeingAdded" />
    </UnitTest>
    <UnitTest name="Microsoft.AspNetCore.Components.Rendering.RenderTreeBuilderTest.AddAttribute_Element_ObjectStringValue_AddsFrame" storage="/home/runner/work/aspnetcore/aspnetcore/artifacts/bin/microsoft.aspnetcore.components.tests/debug/net10.0/microsoft.aspnetcore.components.tests.dll" id="d5e058d0-ffd7-7a34-3ef2-816c05dc18ac">
      <Execution id="259191eb-54cc-4404-8959-461b55778355" />
      <TestMethod codeBase="/home/runner/work/aspnetcore/aspnetcore/artifacts/bin/Microsoft.AspNetCore.Components.Tests/Debug/net10.0/Microsoft.AspNetCore.Components.Tests.dll" adapterTypeName="executor://xunit/VsTestRunner3/netcore/" className="Microsoft.AspNetCore.Components.Rendering.RenderTreeBuilderTest" name="AddAttribute_Element_ObjectStringValue_AddsFrame" />
    </UnitTest>
    <UnitTest name="Microsoft.AspNetCore.Components.Routing.QueryParameterValueSupplierTest.RejectsBlankValuesWhenNotNullable(key: &quot;IntVal&quot;, targetType: typeof(int))" storage="/home/runner/work/aspnetcore/aspnetcore/artifacts/bin/microsoft.aspnetcore.components.tests/debug/net10.0/microsoft.aspnetcore.components.tests.dll" id="128ff9bc-b3cc-3552-a1f4-e92218deb52e">
      <Execution id="b7e5779f-e92d-44d3-bd95-ecef4ecfcba7" />
      <TestMethod codeBase="/home/runner/work/aspnetcore/aspnetcore/artifacts/bin/Microsoft.AspNetCore.Components.Tests/Debug/net10.0/Microsoft.AspNetCore.Components.Tests.dll" adapterTypeName="executor://xunit/VsTestRunner3/netcore/" className="Microsoft.AspNetCore.Components.Routing.QueryParameterValueSupplierTest" name="RejectsBlankValuesWhenNotNullable" />
    </UnitTest>
    <UnitTest name="Microsoft.AspNetCore.Components.Test.RendererTest.CanRenderAsyncComponentsWithSyncChildComponents" storage="/home/runner/work/aspnetcore/aspnetcore/artifacts/bin/microsoft.aspnetcore.components.tests/debug/net10.0/microsoft.aspnetcore.components.tests.dll" id="6f5bab29-d127-b76d-8e6a-1c83edea3a67">
      <Execution id="7b5e0cf3-a725-414b-9e36-ed399fddae74" />
      <TestMethod codeBase="/home/runner/work/aspnetcore/aspnetcore/artifacts/bin/Microsoft.AspNetCore.Components.Tests/Debug/net10.0/Microsoft.AspNetCore.Components.Tests.dll" adapterTypeName="executor://xunit/VsTestRunner3/netcore/" className="Microsoft.AspNetCore.Components.Test.RendererTest" name="CanRenderAsyncComponentsWithSyncChildComponents" />
    </UnitTest>
    <UnitTest name="Microsoft.AspNetCore.Components.EventCallbackTest.EventCallbackOfT_FuncTask_IgnoresArg" storage="/home/runner/work/aspnetcore/aspnetcore/artifacts/bin/microsoft.aspnetcore.components.tests/debug/net10.0/microsoft.aspnetcore.components.tests.dll" id="01bd5546-fb96-53ce-a3d3-3ee337c925f8">
      <Execution id="093b25c1-2b4a-4ec6-af99-59f2fe2a6f27" />
      <TestMethod codeBase="/home/runner/work/aspnetcore/aspnetcore/artifacts/bin/Microsoft.AspNetCore.Components.Tests/Debug/net10.0/Microsoft.AspNetCore.Components.Tests.dll" adapterTypeName="executor://xunit/VsTestRunner3/netcore/" className="Microsoft.AspNetCore.Components.EventCallbackTest" name="EventCallbackOfT_FuncTask_IgnoresArg" />
    </UnitTest>
    <UnitTest name="Microsoft.AspNetCore.Components.Test.RouteViewTest.ThrowsIfNoRouteDataSupplied" storage="/home/runner/work/aspnetcore/aspnetcore/artifacts/bin/microsoft.aspnetcore.components.tests/debug/net10.0/microsoft.aspnetcore.components.tests.dll" id="d5a1b061-2809-0610-fa7b-2bdf5d153d5a">
      <Execution id="0b419a5f-2af5-4293-a5e7-01632a29926f" />
      <TestMethod codeBase="/home/runner/work/aspnetcore/aspnetcore/artifacts/bin/Microsoft.AspNetCore.Components.Tests/Debug/net10.0/Microsoft.AspNetCore.Components.Tests.dll" adapterTypeName="executor://xunit/VsTestRunner3/netcore/" className="Microsoft.AspNetCore.Components.Test.RouteViewTest" name="ThrowsIfNoRouteDataSupplied" />
    </UnitTest>
    <UnitTest name="Microsoft.AspNetCore.Components.RenderTree.ArrayBuilderTest.AppendArray_CopyArray" storage="/home/runner/work/aspnetcore/aspnetcore/artifacts/bin/microsoft.aspnetcore.components.tests/debug/net10.0/microsoft.aspnetcore.components.tests.dll" id="09b9383b-e330-b562-081b-5bb10ce53d2e">
      <Execution id="14c78f82-9f09-4f1f-a8ee-21b8f17e641c" />
      <TestMethod codeBase="/home/runner/work/aspnetcore/aspnetcore/artifacts/bin/Microsoft.AspNetCore.Components.Tests/Debug/net10.0/Microsoft.AspNetCore.Components.Tests.dll" adapterTypeName="executor://xunit/VsTestRunner3/netcore/" className="Microsoft.AspNetCore.Components.RenderTree.ArrayBuilderTest" name="AppendArray_CopyArray" />
    </UnitTest>
    <UnitTest name="Microsoft.AspNetCore.Components.Routing.RouteTableFactoryTests.OptionalParameterPlusCatchAllRoute(template: &quot;prefix/{parameter?}/{*catchAll}&quot;, path: &quot;/prefix/value/1&quot;, parameterValue: &quot;value&quot;, catchAllValue: &quot;1&quot;)" storage="/home/runner/work/aspnetcore/aspnetcore/artifacts/bin/microsoft.aspnetcore.components.tests/debug/net10.0/microsoft.aspnetcore.components.tests.dll" id="19cd3930-c392-4095-d9b1-320c19a9b03d">
      <Execution id="421a778b-f1e6-466b-bea6-0f289523aa1c" />
      <TestMethod codeBase="/home/runner/work/aspnetcore/aspnetcore/artifacts/bin/Microsoft.AspNetCore.Components.Tests/Debug/net10.0/Microsoft.AspNetCore.Components.Tests.dll" adapterTypeName="executor://xunit/VsTestRunner3/netcore/" className="Microsoft.AspNetCore.Components.Routing.RouteTableFactoryTests" name="OptionalParameterPlusCatchAllRoute" />
    </UnitTest>
    <UnitTest name="Microsoft.AspNetCore.Components.EventCallbackFactoryTest.CreateT_Action_DifferentReceiver" storage="/home/runner/work/aspnetcore/aspnetcore/artifacts/bin/microsoft.aspnetcore.components.tests/debug/net10.0/microsoft.aspnetcore.components.tests.dll" id="71982f3c-d391-aa39-6c4a-f038e894ea9f">
      <Execution id="9e93e61a-eae5-4b3a-86f4-d92764aae5c1" />
      <TestMethod codeBase="/home/runner/work/aspnetcore/aspnetcore/artifacts/bin/Microsoft.AspNetCore.Components.Tests/Debug/net10.0/Microsoft.AspNetCore.Components.Tests.dll" adapterTypeName="executor://xunit/VsTestRunner3/netcore/" className="Microsoft.AspNetCore.Components.EventCallbackFactoryTest" name="CreateT_Action_DifferentReceiver" />
    </UnitTest>
    <UnitTest name="Microsoft.AspNetCore.Components.Test.RendererTest.CanRenderAsyncTopLevelComponents" storage="/home/runner/work/aspnetcore/aspnetcore/artifacts/bin/microsoft.aspnetcore.components.tests/debug/net10.0/microsoft.aspnetcore.components.tests.dll" id="44fd4c01-fabe-78a1-bed7-931b9311ea1f">
      <Execution id="319839e6-d3a7-4dff-bae6-9385856b186b" />
      <TestMethod codeBase="/home/runner/work/aspnetcore/aspnetcore/artifacts/bin/Microsoft.AspNetCore.Components.Tests/Debug/net10.0/Microsoft.AspNetCore.Components.Tests.dll" adapterTypeName="executor://xunit/VsTestRunner3/netcore/" className="Microsoft.AspNetCore.Components.Test.RendererTest" name="CanRenderAsyncTopLevelComponents" />
    </UnitTest>
    <UnitTest name="Microsoft.AspNetCore.Components.EventCallbackFactoryBinderExtensionsTest.CreateBinder_GenericWithoutTypeConverter_Throws" storage="/home/runner/work/aspnetcore/aspnetcore/artifacts/bin/microsoft.aspnetcore.components.tests/debug/net10.0/microsoft.aspnetcore.components.tests.dll" id="0a0b7cc3-ab82-d686-c852-682f38411a59">
      <Execution id="48e222f7-2baa-4c4f-9cc7-445d7ed4ff40" />
      <TestMethod codeBase="/home/runner/work/aspnetcore/aspnetcore/artifacts/bin/Microsoft.AspNetCore.Components.Tests/Debug/net10.0/Microsoft.AspNetCore.Components.Tests.dll" adapterTypeName="executor://xunit/VsTestRunner3/netcore/" className="Microsoft.AspNetCore.Components.EventCallbackFactoryBinderExtensionsTest" name="CreateBinder_GenericWithoutTypeConverter_Throws" />
    </UnitTest>
    <UnitTest name="Microsoft.AspNetCore.Components.CascadingParameterStateTest.FindCascadingParameters_MatchingNameAndType_ReturnsMatches" storage="/home/runner/work/aspnetcore/aspnetcore/artifacts/bin/microsoft.aspnetcore.components.tests/debug/net10.0/microsoft.aspnetcore.components.tests.dll" id="0f48d723-a81b-fecc-2322-8b85ba6e23e5">
      <Execution id="27b5cf27-959c-4260-a5ce-9f800de2bc78" />
      <TestMethod codeBase="/home/runner/work/aspnetcore/aspnetcore/artifacts/bin/Microsoft.AspNetCore.Components.Tests/Debug/net10.0/Microsoft.AspNetCore.Components.Tests.dll" adapterTypeName="executor://xunit/VsTestRunner3/netcore/" className="Microsoft.AspNetCore.Components.CascadingParameterStateTest" name="FindCascadingParameters_MatchingNameAndType_ReturnsMatches" />
    </UnitTest>
    <UnitTest name="Microsoft.AspNetCore.Components.EventCallbackFactoryBinderExtensionsTest.CreateBinder_NullableDateTimeOffset_Format" storage="/home/runner/work/aspnetcore/aspnetcore/artifacts/bin/microsoft.aspnetcore.components.tests/debug/net10.0/microsoft.aspnetcore.components.tests.dll" id="5ea0ae64-cd16-806b-6a2a-03ea7decf6dc">
      <Execution id="38485b41-38b9-4411-9e51-239c2775b333" />
      <TestMethod codeBase="/home/runner/work/aspnetcore/aspnetcore/artifacts/bin/Microsoft.AspNetCore.Components.Tests/Debug/net10.0/Microsoft.AspNetCore.Components.Tests.dll" adapterTypeName="executor://xunit/VsTestRunner3/netcore/" className="Microsoft.AspNetCore.Components.EventCallbackFactoryBinderExtensionsTest" name="CreateBinder_NullableDateTimeOffset_Format" />
    </UnitTest>
    <UnitTest name="Microsoft.AspNetCore.Components.Routing.QueryParameterValueSupplierTest.EmptyStringValuesAreSuppliedAsEmptyString(queryPart: &quot;&quot;)" storage="/home/runner/work/aspnetcore/aspnetcore/artifacts/bin/microsoft.aspnetcore.components.tests/debug/net10.0/microsoft.aspnetcore.components.tests.dll" id="85111466-f419-f1ea-fb4c-ba5f19f5b76d">
      <Execution id="54cfb577-984e-49d6-aea5-b25a5a28f69b" />
      <TestMethod codeBase="/home/runner/work/aspnetcore/aspnetcore/artifacts/bin/Microsoft.AspNetCore.Components.Tests/Debug/net10.0/Microsoft.AspNetCore.Components.Tests.dll" adapterTypeName="executor://xunit/VsTestRunner3/netcore/" className="Microsoft.AspNetCore.Components.Routing.QueryParameterValueSupplierTest" name="EmptyStringValuesAreSuppliedAsEmptyString" />
    </UnitTest>
    <UnitTest name="Microsoft.AspNetCore.Components.ParameterViewTest.CanTryGetExistingValueWithCorrectType" storage="/home/runner/work/aspnetcore/aspnetcore/artifacts/bin/microsoft.aspnetcore.components.tests/debug/net10.0/microsoft.aspnetcore.components.tests.dll" id="fb776401-1cc0-1e5c-b578-f5f3aad47f33">
      <Execution id="2ab6d242-32e8-48e2-8fb1-9b4e1d612e22" />
      <TestMethod codeBase="/home/runner/work/aspnetcore/aspnetcore/artifacts/bin/Microsoft.AspNetCore.Components.Tests/Debug/net10.0/Microsoft.AspNetCore.Components.Tests.dll" adapterTypeName="executor://xunit/VsTestRunner3/netcore/" className="Microsoft.AspNetCore.Components.ParameterViewTest" name="CanTryGetExistingValueWithCorrectType" />
    </UnitTest>
    <UnitTest name="Microsoft.AspNetCore.Components.Routing.QueryParameterValueSupplierTest.RejectsUnparseableValues(key: &quot;NullableGuidVal&quot;, value: &quot;123456-789-0&quot;, targetType: typeof(Guid?))" storage="/home/runner/work/aspnetcore/aspnetcore/artifacts/bin/microsoft.aspnetcore.components.tests/debug/net10.0/microsoft.aspnetcore.components.tests.dll" id="3b9fadf8-d8e5-ca46-67cb-fbf18bb3b022">
      <Execution id="3abef3ce-be9e-4490-98f1-7586220669fc" />
      <TestMethod codeBase="/home/runner/work/aspnetcore/aspnetcore/artifacts/bin/Microsoft.AspNetCore.Components.Tests/Debug/net10.0/Microsoft.AspNetCore.Components.Tests.dll" adapterTypeName="executor://xunit/VsTestRunner3/netcore/" className="Microsoft.AspNetCore.Components.Routing.QueryParameterValueSupplierTest" name="RejectsUnparseableValues" />
    </UnitTest>
    <UnitTest name="Microsoft.AspNetCore.Components.Routing.RouteTableFactoryTests.DetectsAmbiguousRoutesNoFalsePositives(left: &quot;/literal/part{parameter}part&quot;, right: &quot;/literal/part{parameter}&quot;)" storage="/home/runner/work/aspnetcore/aspnetcore/artifacts/bin/microsoft.aspnetcore.components.tests/debug/net10.0/microsoft.aspnetcore.components.tests.dll" id="363c1433-7ce2-4b32-c297-72a1e853157b">
      <Execution id="dec7d47f-045f-4eeb-a5db-b713a226fd97" />
      <TestMethod codeBase="/home/runner/work/aspnetcore/aspnetcore/artifacts/bin/Microsoft.AspNetCore.Components.Tests/Debug/net10.0/Microsoft.AspNetCore.Components.Tests.dll" adapterTypeName="executor://xunit/VsTestRunner3/netcore/" className="Microsoft.AspNetCore.Components.Routing.RouteTableFactoryTests" name="DetectsAmbiguousRoutesNoFalsePositives" />
    </UnitTest>
    <UnitTest name="Microsoft.AspNetCore.Components.NavigationManagerTest.GetUriWithQueryParameters_CanAddUpdateAndRemove(baseUri: &quot;scheme://host/?age=42&amp;eye%20color=87&quot;, expectedUri: &quot;scheme://host/?age=25&amp;eye%20color=green&quot;)" storage="/home/runner/work/aspnetcore/aspnetcore/artifacts/bin/microsoft.aspnetcore.components.tests/debug/net10.0/microsoft.aspnetcore.components.tests.dll" id="b39a59a1-4eff-96d6-eb7a-a54ad3b8cb11">
      <Execution id="667655a4-7aa4-4ee7-8691-447ae120aa7e" />
      <TestMethod codeBase="/home/runner/work/aspnetcore/aspnetcore/artifacts/bin/Microsoft.AspNetCore.Components.Tests/Debug/net10.0/Microsoft.AspNetCore.Components.Tests.dll" adapterTypeName="executor://xunit/VsTestRunner3/netcore/" className="Microsoft.AspNetCore.Components.NavigationManagerTest" name="GetUriWithQueryParameters_CanAddUpdateAndRemove" />
    </UnitTest>
    <UnitTest name="Microsoft.AspNetCore.Components.Rendering.RenderTreeBuilderTest.AddAttribute_Element_ObjectBoolTrue_AddsFrame" storage="/home/runner/work/aspnetcore/aspnetcore/artifacts/bin/microsoft.aspnetcore.components.tests/debug/net10.0/microsoft.aspnetcore.components.tests.dll" id="e4312186-e6e6-5722-2d06-1fe95a294390">
      <Execution id="fb94f0b6-4c37-4cd8-aef3-cc38b89ad8b9" />
      <TestMethod codeBase="/home/runner/work/aspnetcore/aspnetcore/artifacts/bin/Microsoft.AspNetCore.Components.Tests/Debug/net10.0/Microsoft.AspNetCore.Components.Tests.dll" adapterTypeName="executor://xunit/VsTestRunner3/netcore/" className="Microsoft.AspNetCore.Components.Rendering.RenderTreeBuilderTest" name="AddAttribute_Element_ObjectBoolTrue_AddsFrame" />
    </UnitTest>
    <UnitTest name="Microsoft.AspNetCore.Components.Test.RendererTest.DispatchEventAsync_Delegate_SynchronousCancellation" storage="/home/runner/work/aspnetcore/aspnetcore/artifacts/bin/microsoft.aspnetcore.components.tests/debug/net10.0/microsoft.aspnetcore.components.tests.dll" id="b7023af3-ab43-2a63-fe34-f8e6978eba33">
      <Execution id="3ba05bc3-e219-42fb-a5ec-8bfaade53992" />
      <TestMethod codeBase="/home/runner/work/aspnetcore/aspnetcore/artifacts/bin/Microsoft.AspNetCore.Components.Tests/Debug/net10.0/Microsoft.AspNetCore.Components.Tests.dll" adapterTypeName="executor://xunit/VsTestRunner3/netcore/" className="Microsoft.AspNetCore.Components.Test.RendererTest" name="DispatchEventAsync_Delegate_SynchronousCancellation" />
    </UnitTest>
    <UnitTest name="Microsoft.AspNetCore.Components.Test.RenderTreeDiffBuilderTest.RecognizesAttributesAdded" storage="/home/runner/work/aspnetcore/aspnetcore/artifacts/bin/microsoft.aspnetcore.components.tests/debug/net10.0/microsoft.aspnetcore.components.tests.dll" id="31b0bba9-afe2-39d5-f6be-7a3d9635195e">
      <Execution id="5c2ecc28-2059-452b-b3fd-9f389a6000b4" />
      <TestMethod codeBase="/home/runner/work/aspnetcore/aspnetcore/artifacts/bin/Microsoft.AspNetCore.Components.Tests/Debug/net10.0/Microsoft.AspNetCore.Components.Tests.dll" adapterTypeName="executor://xunit/VsTestRunner3/netcore/" className="Microsoft.AspNetCore.Components.Test.RenderTreeDiffBuilderTest" name="RecognizesAttributesAdded" />
    </UnitTest>
    <UnitTest name="Microsoft.AspNetCore.Components.Routing.QueryParameterValueSupplierTest.RejectsUnparseableValues(key: &quot;DoubleVal&quot;, value: &quot;1x&quot;, targetType: typeof(double))" storage="/home/runner/work/aspnetcore/aspnetcore/artifacts/bin/microsoft.aspnetcore.components.tests/debug/net10.0/microsoft.aspnetcore.components.tests.dll" id="1906a1be-3bab-eb07-1600-dbe6840a96ec">
      <Execution id="4f230517-bbc3-4417-b06d-fd104d180d35" />
      <TestMethod codeBase="/home/runner/work/aspnetcore/aspnetcore/artifacts/bin/Microsoft.AspNetCore.Components.Tests/Debug/net10.0/Microsoft.AspNetCore.Components.Tests.dll" adapterTypeName="executor://xunit/VsTestRunner3/netcore/" className="Microsoft.AspNetCore.Components.Routing.QueryParameterValueSupplierTest" name="RejectsUnparseableValues" />
    </UnitTest>
    <UnitTest name="Microsoft.AspNetCore.Components.PersistentState.PersistentServicesRegistryTest.PersistStateAsync_PersistsServiceWithComplexState" storage="/home/runner/work/aspnetcore/aspnetcore/artifacts/bin/microsoft.aspnetcore.components.tests/debug/net10.0/microsoft.aspnetcore.components.tests.dll" id="f0b9b8f1-cb37-1e7a-57a4-826db8b3ce69">
      <Execution id="26f9cb5b-1bd2-401c-a205-9528756ccea6" />
      <TestMethod codeBase="/home/runner/work/aspnetcore/aspnetcore/artifacts/bin/Microsoft.AspNetCore.Components.Tests/Debug/net10.0/Microsoft.AspNetCore.Components.Tests.dll" adapterTypeName="executor://xunit/VsTestRunner3/netcore/" className="Microsoft.AspNetCore.Components.PersistentState.PersistentServicesRegistryTest" name="PersistStateAsync_PersistsServiceWithComplexState" />
    </UnitTest>
    <UnitTest name="Microsoft.AspNetCore.Components.EventCallbackTest.EventCallback_FuncTTask_Arg_ValueType" storage="/home/runner/work/aspnetcore/aspnetcore/artifacts/bin/microsoft.aspnetcore.components.tests/debug/net10.0/microsoft.aspnetcore.components.tests.dll" id="5dfd0924-30fb-e241-4081-0266b6f4c8ea">
      <Execution id="64d91a52-1550-4790-a787-bc44def7280b" />
      <TestMethod codeBase="/home/runner/work/aspnetcore/aspnetcore/artifacts/bin/Microsoft.AspNetCore.Components.Tests/Debug/net10.0/Microsoft.AspNetCore.Components.Tests.dll" adapterTypeName="executor://xunit/VsTestRunner3/netcore/" className="Microsoft.AspNetCore.Components.EventCallbackTest" name="EventCallback_FuncTTask_Arg_ValueType" />
    </UnitTest>
    <UnitTest name="Microsoft.AspNetCore.Components.Test.ComponentBaseTest.RunsOnParametersSetAsyncAlsoOnBaseClassWhenRendered" storage="/home/runner/work/aspnetcore/aspnetcore/artifacts/bin/microsoft.aspnetcore.components.tests/debug/net10.0/microsoft.aspnetcore.components.tests.dll" id="ef499aef-42f7-0728-6a9f-31627f63d83a">
      <Execution id="28dbc96d-66bc-4a25-8ac9-0dfdc99647ff" />
      <TestMethod codeBase="/home/runner/work/aspnetcore/aspnetcore/artifacts/bin/Microsoft.AspNetCore.Components.Tests/Debug/net10.0/Microsoft.AspNetCore.Components.Tests.dll" adapterTypeName="executor://xunit/VsTestRunner3/netcore/" className="Microsoft.AspNetCore.Components.Test.ComponentBaseTest" name="RunsOnParametersSetAsyncAlsoOnBaseClassWhenRendered" />
    </UnitTest>
    <UnitTest name="Microsoft.AspNetCore.Components.Test.RendererTest.BindWithAfter_Action" storage="/home/runner/work/aspnetcore/aspnetcore/artifacts/bin/microsoft.aspnetcore.components.tests/debug/net10.0/microsoft.aspnetcore.components.tests.dll" id="eab1726c-60be-51af-68e5-eb627280a04a">
      <Execution id="f523cfc5-fb5b-4761-abaa-692a64167b5e" />
      <TestMethod codeBase="/home/runner/work/aspnetcore/aspnetcore/artifacts/bin/Microsoft.AspNetCore.Components.Tests/Debug/net10.0/Microsoft.AspNetCore.Components.Tests.dll" adapterTypeName="executor://xunit/VsTestRunner3/netcore/" className="Microsoft.AspNetCore.Components.Test.RendererTest" name="BindWithAfter_Action" />
    </UnitTest>
    <UnitTest name="Microsoft.AspNetCore.Components.Routing.RouteTableFactoryTests.CanMatchLiteralTemplate" storage="/home/runner/work/aspnetcore/aspnetcore/artifacts/bin/microsoft.aspnetcore.components.tests/debug/net10.0/microsoft.aspnetcore.components.tests.dll" id="9ab7236c-4d4d-2d95-4d74-5d6c3d30a216">
      <Execution id="ed143ce6-fc56-428e-9bc0-185667acea0b" />
      <TestMethod codeBase="/home/runner/work/aspnetcore/aspnetcore/artifacts/bin/Microsoft.AspNetCore.Components.Tests/Debug/net10.0/Microsoft.AspNetCore.Components.Tests.dll" adapterTypeName="executor://xunit/VsTestRunner3/netcore/" className="Microsoft.AspNetCore.Components.Routing.RouteTableFactoryTests" name="CanMatchLiteralTemplate" />
    </UnitTest>
    <UnitTest name="Microsoft.AspNetCore.Components.Rendering.RenderTreeBuilderTest.AddAttribute_Element_Action_AddsFrame" storage="/home/runner/work/aspnetcore/aspnetcore/artifacts/bin/microsoft.aspnetcore.components.tests/debug/net10.0/microsoft.aspnetcore.components.tests.dll" id="5e007768-5fbf-30e3-d7e7-67774ed17a80">
      <Execution id="f9b8071a-25e7-4ab3-90fc-8f8a2cb5ebf1" />
      <TestMethod codeBase="/home/runner/work/aspnetcore/aspnetcore/artifacts/bin/Microsoft.AspNetCore.Components.Tests/Debug/net10.0/Microsoft.AspNetCore.Components.Tests.dll" adapterTypeName="executor://xunit/VsTestRunner3/netcore/" className="Microsoft.AspNetCore.Components.Rendering.RenderTreeBuilderTest" name="AddAttribute_Element_Action_AddsFrame" />
    </UnitTest>
    <UnitTest name="Microsoft.AspNetCore.Components.ComponentsActivitySourceTest.CaptureEventStopAsync_FailsActivityOnException" storage="/home/runner/work/aspnetcore/aspnetcore/artifacts/bin/microsoft.aspnetcore.components.tests/debug/net10.0/microsoft.aspnetcore.components.tests.dll" id="f269b2ff-cf72-e8a5-816a-3d76032f18f3">
      <Execution id="cd9fb24e-9e71-4c97-86d6-88d22643a5a0" />
      <TestMethod codeBase="/home/runner/work/aspnetcore/aspnetcore/artifacts/bin/Microsoft.AspNetCore.Components.Tests/Debug/net10.0/Microsoft.AspNetCore.Components.Tests.dll" adapterTypeName="executor://xunit/VsTestRunner3/netcore/" className="Microsoft.AspNetCore.Components.ComponentsActivitySourceTest" name="CaptureEventStopAsync_FailsActivityOnException" />
    </UnitTest>
    <UnitTest name="Microsoft.AspNetCore.Components.PersistentStateValueProviderTests.PersistentceFails_IfMultipleComponentsOfSameType_TryToPersistDataWithParentComponentOfSameType" storage="/home/runner/work/aspnetcore/aspnetcore/artifacts/bin/microsoft.aspnetcore.components.tests/debug/net10.0/microsoft.aspnetcore.components.tests.dll" id="dcae67fe-646e-469d-b9d5-fb8dfdd538a2">
      <Execution id="e0a44381-1168-4a2a-8ba4-a9b2a035764b" />
      <TestMethod codeBase="/home/runner/work/aspnetcore/aspnetcore/artifacts/bin/Microsoft.AspNetCore.Components.Tests/Debug/net10.0/Microsoft.AspNetCore.Components.Tests.dll" adapterTypeName="executor://xunit/VsTestRunner3/netcore/" className="Microsoft.AspNetCore.Components.PersistentStateValueProviderTests" name="PersistentceFails_IfMultipleComponentsOfSameType_TryToPersistDataWithParentComponentOfSameType" />
    </UnitTest>
    <UnitTest name="Microsoft.AspNetCore.Components.Test.CascadingParameterTest.CascadingValueThrowsIfFixedFlagChangesToTrue" storage="/home/runner/work/aspnetcore/aspnetcore/artifacts/bin/microsoft.aspnetcore.components.tests/debug/net10.0/microsoft.aspnetcore.components.tests.dll" id="3d6324e4-b075-f31e-439d-ba873a83cb0a">
      <Execution id="5fd48ffe-0531-4d2b-93fe-faeeed4b1970" />
      <TestMethod codeBase="/home/runner/work/aspnetcore/aspnetcore/artifacts/bin/Microsoft.AspNetCore.Components.Tests/Debug/net10.0/Microsoft.AspNetCore.Components.Tests.dll" adapterTypeName="executor://xunit/VsTestRunner3/netcore/" className="Microsoft.AspNetCore.Components.Test.CascadingParameterTest" name="CascadingValueThrowsIfFixedFlagChangesToTrue" />
    </UnitTest>
    <UnitTest name="Microsoft.AspNetCore.Components.EventCallbackFactoryBinderExtensionsTest.CreateBinder_NullableLong" storage="/home/runner/work/aspnetcore/aspnetcore/artifacts/bin/microsoft.aspnetcore.components.tests/debug/net10.0/microsoft.aspnetcore.components.tests.dll" id="54d6a947-90e9-ab76-47fb-328272737220">
      <Execution id="1667be62-be28-4ea2-8a9b-103aa70b3e91" />
      <TestMethod codeBase="/home/runner/work/aspnetcore/aspnetcore/artifacts/bin/Microsoft.AspNetCore.Components.Tests/Debug/net10.0/Microsoft.AspNetCore.Components.Tests.dll" adapterTypeName="executor://xunit/VsTestRunner3/netcore/" className="Microsoft.AspNetCore.Components.EventCallbackFactoryBinderExtensionsTest" name="CreateBinder_NullableLong" />
    </UnitTest>
    <UnitTest name="Microsoft.AspNetCore.Components.Test.RendererTest.DisposingRenderer_DisposesTopLevelComponents" storage="/home/runner/work/aspnetcore/aspnetcore/artifacts/bin/microsoft.aspnetcore.components.tests/debug/net10.0/microsoft.aspnetcore.components.tests.dll" id="9af0e739-10c8-ed25-a494-9aef814426a0">
      <Execution id="892aec05-90ee-4e5b-8acd-c350dfb1d18a" />
      <TestMethod codeBase="/home/runner/work/aspnetcore/aspnetcore/artifacts/bin/Microsoft.AspNetCore.Components.Tests/Debug/net10.0/Microsoft.AspNetCore.Components.Tests.dll" adapterTypeName="executor://xunit/VsTestRunner3/netcore/" className="Microsoft.AspNetCore.Components.Test.RendererTest" name="DisposingRenderer_DisposesTopLevelComponents" />
    </UnitTest>
    <UnitTest name="Microsoft.AspNetCore.Components.Routing.RouteTableFactoryTests.DoesNotThrowForNonAmbiguousRoutes(first: &quot;{param1?}/{param2?}/{param3?}/{optional?}&quot;, second: &quot;/&quot;)" storage="/home/runner/work/aspnetcore/aspnetcore/artifacts/bin/microsoft.aspnetcore.components.tests/debug/net10.0/microsoft.aspnetcore.components.tests.dll" id="4bb18c1e-d4d8-f1ea-e294-dea295978c68">
      <Execution id="6a044d4a-5449-4fd6-aad8-6622ebeb4ef4" />
      <TestMethod codeBase="/home/runner/work/aspnetcore/aspnetcore/artifacts/bin/Microsoft.AspNetCore.Components.Tests/Debug/net10.0/Microsoft.AspNetCore.Components.Tests.dll" adapterTypeName="executor://xunit/VsTestRunner3/netcore/" className="Microsoft.AspNetCore.Components.Routing.RouteTableFactoryTests" name="DoesNotThrowForNonAmbiguousRoutes" />
    </UnitTest>
    <UnitTest name="Microsoft.AspNetCore.Components.Rendering.RendererSynchronizationContextTest.InvokeAsync_FuncTask_CanRethrowExceptions" storage="/home/runner/work/aspnetcore/aspnetcore/artifacts/bin/microsoft.aspnetcore.components.tests/debug/net10.0/microsoft.aspnetcore.components.tests.dll" id="4bef2d58-0bc1-6e55-6c25-8aef1ed7e352">
      <Execution id="2cde9a55-4059-4b33-a5cb-fa01ecf5c371" />
      <TestMethod codeBase="/home/runner/work/aspnetcore/aspnetcore/artifacts/bin/Microsoft.AspNetCore.Components.Tests/Debug/net10.0/Microsoft.AspNetCore.Components.Tests.dll" adapterTypeName="executor://xunit/VsTestRunner3/netcore/" className="Microsoft.AspNetCore.Components.Rendering.RendererSynchronizationContextTest" name="InvokeAsync_FuncTask_CanRethrowExceptions" />
    </UnitTest>
    <UnitTest name="Microsoft.AspNetCore.Components.Routing.RouteTableFactoryTests.DoesNotThrowForNonAmbiguousRoutes(first: &quot;{optional?}&quot;, second: &quot;literal&quot;)" storage="/home/runner/work/aspnetcore/aspnetcore/artifacts/bin/microsoft.aspnetcore.components.tests/debug/net10.0/microsoft.aspnetcore.components.tests.dll" id="9eee4cc3-3b2e-3cc9-55c3-605dbb760f04">
      <Execution id="cb2d8823-e2dd-4a9b-9f71-4df0193a81e8" />
      <TestMethod codeBase="/home/runner/work/aspnetcore/aspnetcore/artifacts/bin/Microsoft.AspNetCore.Components.Tests/Debug/net10.0/Microsoft.AspNetCore.Components.Tests.dll" adapterTypeName="executor://xunit/VsTestRunner3/netcore/" className="Microsoft.AspNetCore.Components.Routing.RouteTableFactoryTests" name="DoesNotThrowForNonAmbiguousRoutes" />
    </UnitTest>
    <UnitTest name="Microsoft.AspNetCore.Components.Rendering.RenderTreeBuilderTest.AddAttribute_Component_StringValue_SetsAttributeValue(value: null)" storage="/home/runner/work/aspnetcore/aspnetcore/artifacts/bin/microsoft.aspnetcore.components.tests/debug/net10.0/microsoft.aspnetcore.components.tests.dll" id="eab7ec8c-2863-28f6-dbe3-96225050d1a0">
      <Execution id="9d255875-e976-4ff7-afb7-8ac9d49d1e2d" />
      <TestMethod codeBase="/home/runner/work/aspnetcore/aspnetcore/artifacts/bin/Microsoft.AspNetCore.Components.Tests/Debug/net10.0/Microsoft.AspNetCore.Components.Tests.dll" adapterTypeName="executor://xunit/VsTestRunner3/netcore/" className="Microsoft.AspNetCore.Components.Rendering.RenderTreeBuilderTest" name="AddAttribute_Component_StringValue_SetsAttributeValue" />
    </UnitTest>
    <UnitTest name="Microsoft.AspNetCore.Components.Routing.RouteTableFactoryTests.OptionalParameterPlusCatchAllRoute(template: &quot;prefix/{parameter?}/{*catchAll}&quot;, path: &quot;/prefix/parameter&quot;, parameterValue: &quot;parameter&quot;, catchAllValue: null)" storage="/home/runner/work/aspnetcore/aspnetcore/artifacts/bin/microsoft.aspnetcore.components.tests/debug/net10.0/microsoft.aspnetcore.components.tests.dll" id="c13500df-fc11-19fb-b7b7-036bbc6390a3">
      <Execution id="4461f295-d791-449f-bdb5-98305fe0abe3" />
      <TestMethod codeBase="/home/runner/work/aspnetcore/aspnetcore/artifacts/bin/Microsoft.AspNetCore.Components.Tests/Debug/net10.0/Microsoft.AspNetCore.Components.Tests.dll" adapterTypeName="executor://xunit/VsTestRunner3/netcore/" className="Microsoft.AspNetCore.Components.Routing.RouteTableFactoryTests" name="OptionalParameterPlusCatchAllRoute" />
    </UnitTest>
    <UnitTest name="Microsoft.AspNetCore.Components.Rendering.RendererSynchronizationContextTest.InvokeAsync_FuncTask_CanRunSynchronously_WhenNotBusy" storage="/home/runner/work/aspnetcore/aspnetcore/artifacts/bin/microsoft.aspnetcore.components.tests/debug/net10.0/microsoft.aspnetcore.components.tests.dll" id="2e52a970-533c-2f2d-76b9-7fdb915ef414">
      <Execution id="06e9919e-f3f4-4369-9cd9-0974c7e4fe66" />
      <TestMethod codeBase="/home/runner/work/aspnetcore/aspnetcore/artifacts/bin/Microsoft.AspNetCore.Components.Tests/Debug/net10.0/Microsoft.AspNetCore.Components.Tests.dll" adapterTypeName="executor://xunit/VsTestRunner3/netcore/" className="Microsoft.AspNetCore.Components.Rendering.RendererSynchronizationContextTest" name="InvokeAsync_FuncTask_CanRunSynchronously_WhenNotBusy" />
    </UnitTest>
    <UnitTest name="Microsoft.AspNetCore.Components.NavigationManagerTest.ComputesCorrectValidBaseRelativePaths(baseUri: &quot;scheme://host/path/&quot;, uri: &quot;scheme://host/path/more#hash&quot;, expectedResult: &quot;more#hash&quot;)" storage="/home/runner/work/aspnetcore/aspnetcore/artifacts/bin/microsoft.aspnetcore.components.tests/debug/net10.0/microsoft.aspnetcore.components.tests.dll" id="9e53424c-7b82-7974-6d12-ebccbeb830ee">
      <Execution id="14747462-25dd-4454-997c-8a851799e7fa" />
      <TestMethod codeBase="/home/runner/work/aspnetcore/aspnetcore/artifacts/bin/Microsoft.AspNetCore.Components.Tests/Debug/net10.0/Microsoft.AspNetCore.Components.Tests.dll" adapterTypeName="executor://xunit/VsTestRunner3/netcore/" className="Microsoft.AspNetCore.Components.NavigationManagerTest" name="ComputesCorrectValidBaseRelativePaths" />
    </UnitTest>
    <UnitTest name="Microsoft.AspNetCore.Components.Test.RendererTest.RenderBatch_ReportsAsynchronousCancelationsAsErrors" storage="/home/runner/work/aspnetcore/aspnetcore/artifacts/bin/microsoft.aspnetcore.components.tests/debug/net10.0/microsoft.aspnetcore.components.tests.dll" id="ed3d3649-5c65-1f1c-6637-1cd1f7bf31b9">
      <Execution id="569cbfd5-2b3e-43d2-9afb-641a2709447b" />
      <TestMethod codeBase="/home/runner/work/aspnetcore/aspnetcore/artifacts/bin/Microsoft.AspNetCore.Components.Tests/Debug/net10.0/Microsoft.AspNetCore.Components.Tests.dll" adapterTypeName="executor://xunit/VsTestRunner3/netcore/" className="Microsoft.AspNetCore.Components.Test.RendererTest" name="RenderBatch_ReportsAsynchronousCancelationsAsErrors" />
    </UnitTest>
    <UnitTest name="Microsoft.AspNetCore.Components.EventCallbackTest.EventCallback_NullReceiver" storage="/home/runner/work/aspnetcore/aspnetcore/artifacts/bin/microsoft.aspnetcore.components.tests/debug/net10.0/microsoft.aspnetcore.components.tests.dll" id="c3947147-a646-06ba-97e1-e241f4112e7b">
      <Execution id="fa236ca8-24ed-426b-8d1e-eb93076eca4c" />
      <TestMethod codeBase="/home/runner/work/aspnetcore/aspnetcore/artifacts/bin/Microsoft.AspNetCore.Components.Tests/Debug/net10.0/Microsoft.AspNetCore.Components.Tests.dll" adapterTypeName="executor://xunit/VsTestRunner3/netcore/" className="Microsoft.AspNetCore.Components.EventCallbackTest" name="EventCallback_NullReceiver" />
    </UnitTest>
    <UnitTest name="Microsoft.AspNetCore.Components.ComponentsActivitySourceTest.StartEventActivity_HandlesNullValues" storage="/home/runner/work/aspnetcore/aspnetcore/artifacts/bin/microsoft.aspnetcore.components.tests/debug/net10.0/microsoft.aspnetcore.components.tests.dll" id="d3d53410-422a-1c14-c027-c0915287fc82">
      <Execution id="5f3daaff-c750-4a65-b6d9-5d2b6b18aabb" />
      <TestMethod codeBase="/home/runner/work/aspnetcore/aspnetcore/artifacts/bin/Microsoft.AspNetCore.Components.Tests/Debug/net10.0/Microsoft.AspNetCore.Components.Tests.dll" adapterTypeName="executor://xunit/VsTestRunner3/netcore/" className="Microsoft.AspNetCore.Components.ComponentsActivitySourceTest" name="StartEventActivity_HandlesNullValues" />
    </UnitTest>
    <UnitTest name="Microsoft.AspNetCore.Components.DynamicComponentTest.RejectsUnknownParameters" storage="/home/runner/work/aspnetcore/aspnetcore/artifacts/bin/microsoft.aspnetcore.components.tests/debug/net10.0/microsoft.aspnetcore.components.tests.dll" id="9ef5bce8-20a6-e21f-e520-2849b285356f">
      <Execution id="3c076bdc-7506-48ed-aa09-a8d234ddac83" />
      <TestMethod codeBase="/home/runner/work/aspnetcore/aspnetcore/artifacts/bin/Microsoft.AspNetCore.Components.Tests/Debug/net10.0/Microsoft.AspNetCore.Components.Tests.dll" adapterTypeName="executor://xunit/VsTestRunner3/netcore/" className="Microsoft.AspNetCore.Components.DynamicComponentTest" name="RejectsUnknownParameters" />
    </UnitTest>
    <UnitTest name="Microsoft.AspNetCore.Components.Test.RenderTreeDiffBuilderTest.PassesThroughRegionsInsidePrependedElements" storage="/home/runner/work/aspnetcore/aspnetcore/artifacts/bin/microsoft.aspnetcore.components.tests/debug/net10.0/microsoft.aspnetcore.components.tests.dll" id="0298b022-55a4-94ab-fa1b-f509bc9dd554">
      <Execution id="059e8630-b08b-445f-a9df-0cc34ef3bae9" />
      <TestMethod codeBase="/home/runner/work/aspnetcore/aspnetcore/artifacts/bin/Microsoft.AspNetCore.Components.Tests/Debug/net10.0/Microsoft.AspNetCore.Components.Tests.dll" adapterTypeName="executor://xunit/VsTestRunner3/netcore/" className="Microsoft.AspNetCore.Components.Test.RenderTreeDiffBuilderTest" name="PassesThroughRegionsInsidePrependedElements" />
    </UnitTest>
    <UnitTest name="Microsoft.AspNetCore.Components.Routing.RouteTableFactoryTests.PrefersLiteralTemplateOverParameterizedTemplates" storage="/home/runner/work/aspnetcore/aspnetcore/artifacts/bin/microsoft.aspnetcore.components.tests/debug/net10.0/microsoft.aspnetcore.components.tests.dll" id="e12883d9-f2a1-8f1d-81a5-d6874a69e61c">
      <Execution id="00056bcb-372e-41c0-837a-af09c1bcca86" />
      <TestMethod codeBase="/home/runner/work/aspnetcore/aspnetcore/artifacts/bin/Microsoft.AspNetCore.Components.Tests/Debug/net10.0/Microsoft.AspNetCore.Components.Tests.dll" adapterTypeName="executor://xunit/VsTestRunner3/netcore/" className="Microsoft.AspNetCore.Components.Routing.RouteTableFactoryTests" name="PrefersLiteralTemplateOverParameterizedTemplates" />
    </UnitTest>
    <UnitTest name="Microsoft.AspNetCore.Components.PersistentStateValueProviderTests.Unsubscribe_RemovesCallbackFromRegisteredCallbacks" storage="/home/runner/work/aspnetcore/aspnetcore/artifacts/bin/microsoft.aspnetcore.components.tests/debug/net10.0/microsoft.aspnetcore.components.tests.dll" id="547e16e6-b4e4-b7dc-2721-5de4a2e1c2fa">
      <Execution id="bb9edb52-b761-4246-8153-bbff08803720" />
      <TestMethod codeBase="/home/runner/work/aspnetcore/aspnetcore/artifacts/bin/Microsoft.AspNetCore.Components.Tests/Debug/net10.0/Microsoft.AspNetCore.Components.Tests.dll" adapterTypeName="executor://xunit/VsTestRunner3/netcore/" className="Microsoft.AspNetCore.Components.PersistentStateValueProviderTests" name="Unsubscribe_RemovesCallbackFromRegisteredCallbacks" />
    </UnitTest>
    <UnitTest name="Microsoft.AspNetCore.Components.NavigationManagerTest.GetUriWithQueryParameter_RemovesWhenParameterValueIsNull(baseUri: &quot;scheme://host/?full%20name=Sally%Smith&amp;age=42&amp;full&quot;···, expectedUri: &quot;scheme://host/?age=42&quot;)" storage="/home/runner/work/aspnetcore/aspnetcore/artifacts/bin/microsoft.aspnetcore.components.tests/debug/net10.0/microsoft.aspnetcore.components.tests.dll" id="3b0ff113-6126-a3c4-a31b-f6af15beb342">
      <Execution id="51c3454b-c753-4513-a8d0-ac5f76d5e0e0" />
      <TestMethod codeBase="/home/runner/work/aspnetcore/aspnetcore/artifacts/bin/Microsoft.AspNetCore.Components.Tests/Debug/net10.0/Microsoft.AspNetCore.Components.Tests.dll" adapterTypeName="executor://xunit/VsTestRunner3/netcore/" className="Microsoft.AspNetCore.Components.NavigationManagerTest" name="GetUriWithQueryParameter_RemovesWhenParameterValueIsNull" />
    </UnitTest>
    <UnitTest name="Microsoft.AspNetCore.Components.PersistentStateValueProviderTests.PersistAsync_UsesParentComponentType_WhenAvailable" storage="/home/runner/work/aspnetcore/aspnetcore/artifacts/bin/microsoft.aspnetcore.components.tests/debug/net10.0/microsoft.aspnetcore.components.tests.dll" id="6db8271f-c9b5-a6ce-d08a-ae04c8c1e851">
      <Execution id="c5052f02-317b-4507-a6f4-af5abfb57612" />
      <TestMethod codeBase="/home/runner/work/aspnetcore/aspnetcore/artifacts/bin/Microsoft.AspNetCore.Components.Tests/Debug/net10.0/Microsoft.AspNetCore.Components.Tests.dll" adapterTypeName="executor://xunit/VsTestRunner3/netcore/" className="Microsoft.AspNetCore.Components.PersistentStateValueProviderTests" name="PersistAsync_UsesParentComponentType_WhenAvailable" />
    </UnitTest>
    <UnitTest name="Microsoft.AspNetCore.Components.EventCallbackFactoryBinderExtensionsTest.CreateBinder_Enum" storage="/home/runner/work/aspnetcore/aspnetcore/artifacts/bin/microsoft.aspnetcore.components.tests/debug/net10.0/microsoft.aspnetcore.components.tests.dll" id="0af89d2f-3c16-7d42-a0f5-a711e4c2d4f9">
      <Execution id="0ab07961-394d-4390-9378-ba44f0df20fa" />
      <TestMethod codeBase="/home/runner/work/aspnetcore/aspnetcore/artifacts/bin/Microsoft.AspNetCore.Components.Tests/Debug/net10.0/Microsoft.AspNetCore.Components.Tests.dll" adapterTypeName="executor://xunit/VsTestRunner3/netcore/" className="Microsoft.AspNetCore.Components.EventCallbackFactoryBinderExtensionsTest" name="CreateBinder_Enum" />
    </UnitTest>
    <UnitTest name="Microsoft.AspNetCore.Components.NavigationManagerTest.GetUriWithQueryParameter_RemovesWhenParameterValueIsNull(baseUri: &quot;scheme://host/#hash&quot;, expectedUri: &quot;scheme://host/#hash&quot;)" storage="/home/runner/work/aspnetcore/aspnetcore/artifacts/bin/microsoft.aspnetcore.components.tests/debug/net10.0/microsoft.aspnetcore.components.tests.dll" id="87cea312-be19-2fa4-f742-5323e715114e">
      <Execution id="72ba35cf-439b-4d49-a641-98b6758f928e" />
      <TestMethod codeBase="/home/runner/work/aspnetcore/aspnetcore/artifacts/bin/Microsoft.AspNetCore.Components.Tests/Debug/net10.0/Microsoft.AspNetCore.Components.Tests.dll" adapterTypeName="executor://xunit/VsTestRunner3/netcore/" className="Microsoft.AspNetCore.Components.NavigationManagerTest" name="GetUriWithQueryParameter_RemovesWhenParameterValueIsNull" />
    </UnitTest>
    <UnitTest name="Microsoft.AspNetCore.Components.ParameterViewTest.IncomingCascadingValueMatchesCascadingParameter_SetsValue" storage="/home/runner/work/aspnetcore/aspnetcore/artifacts/bin/microsoft.aspnetcore.components.tests/debug/net10.0/microsoft.aspnetcore.components.tests.dll" id="c71b2994-4608-52a3-7d71-f3ac12c59294">
      <Execution id="6e8b7843-aff0-41f5-91df-7f8ac414404a" />
      <TestMethod codeBase="/home/runner/work/aspnetcore/aspnetcore/artifacts/bin/Microsoft.AspNetCore.Components.Tests/Debug/net10.0/Microsoft.AspNetCore.Components.Tests.dll" adapterTypeName="executor://xunit/VsTestRunner3/netcore/" className="Microsoft.AspNetCore.Components.ParameterViewTest" name="IncomingCascadingValueMatchesCascadingParameter_SetsValue" />
    </UnitTest>
    <UnitTest name="Microsoft.AspNetCore.Components.Routing.RoutePatternParserTests.InvalidTemplate_NonOptionalParamAfterOptionalParam" storage="/home/runner/work/aspnetcore/aspnetcore/artifacts/bin/microsoft.aspnetcore.components.tests/debug/net10.0/microsoft.aspnetcore.components.tests.dll" id="0091b289-0660-dba3-f682-4d4e6849e1ae">
      <Execution id="afa1509d-8358-4326-a95e-282b2e6b8333" />
      <TestMethod codeBase="/home/runner/work/aspnetcore/aspnetcore/artifacts/bin/Microsoft.AspNetCore.Components.Tests/Debug/net10.0/Microsoft.AspNetCore.Components.Tests.dll" adapterTypeName="executor://xunit/VsTestRunner3/netcore/" className="Microsoft.AspNetCore.Components.Routing.RoutePatternParserTests" name="InvalidTemplate_NonOptionalParamAfterOptionalParam" />
    </UnitTest>
    <UnitTest name="Microsoft.AspNetCore.Components.Rendering.RendererSynchronizationContextTest.Post_CanRunAsynchronously_WhenBusy" storage="/home/runner/work/aspnetcore/aspnetcore/artifacts/bin/microsoft.aspnetcore.components.tests/debug/net10.0/microsoft.aspnetcore.components.tests.dll" id="8d5cbeab-4a4b-b492-2d44-19c118deac86">
      <Execution id="3acef19f-ac35-416f-8c1a-dea35469d841" />
      <TestMethod codeBase="/home/runner/work/aspnetcore/aspnetcore/artifacts/bin/Microsoft.AspNetCore.Components.Tests/Debug/net10.0/Microsoft.AspNetCore.Components.Tests.dll" adapterTypeName="executor://xunit/VsTestRunner3/netcore/" className="Microsoft.AspNetCore.Components.Rendering.RendererSynchronizationContextTest" name="Post_CanRunAsynchronously_WhenBusy" />
    </UnitTest>
    <UnitTest name="Microsoft.AspNetCore.Components.Routing.RouteTableFactoryTests.CanMatchCatchAllParametersWithConstraints" storage="/home/runner/work/aspnetcore/aspnetcore/artifacts/bin/microsoft.aspnetcore.components.tests/debug/net10.0/microsoft.aspnetcore.components.tests.dll" id="733827a3-0c42-f54e-39ac-687f767b99f8">
      <Execution id="24269107-5e94-4fcf-9429-76df4ba7c76f" />
      <TestMethod codeBase="/home/runner/work/aspnetcore/aspnetcore/artifacts/bin/Microsoft.AspNetCore.Components.Tests/Debug/net10.0/Microsoft.AspNetCore.Components.Tests.dll" adapterTypeName="executor://xunit/VsTestRunner3/netcore/" className="Microsoft.AspNetCore.Components.Routing.RouteTableFactoryTests" name="CanMatchCatchAllParametersWithConstraints" />
    </UnitTest>
    <UnitTest name="Microsoft.AspNetCore.Components.ResourceAssetCollectionTest.CanCreateResourceCollection" storage="/home/runner/work/aspnetcore/aspnetcore/artifacts/bin/microsoft.aspnetcore.components.tests/debug/net10.0/microsoft.aspnetcore.components.tests.dll" id="dd2e5684-c705-e9a6-3ec2-10a48716f86a">
      <Execution id="726dd715-b185-488d-b5c1-c020c0e390e5" />
      <TestMethod codeBase="/home/runner/work/aspnetcore/aspnetcore/artifacts/bin/Microsoft.AspNetCore.Components.Tests/Debug/net10.0/Microsoft.AspNetCore.Components.Tests.dll" adapterTypeName="executor://xunit/VsTestRunner3/netcore/" className="Microsoft.AspNetCore.Components.ResourceAssetCollectionTest" name="CanCreateResourceCollection" />
    </UnitTest>
    <UnitTest name="Microsoft.AspNetCore.Components.EventCallbackTest.EventCallback_ActionT_Arg_ValueType" storage="/home/runner/work/aspnetcore/aspnetcore/artifacts/bin/microsoft.aspnetcore.components.tests/debug/net10.0/microsoft.aspnetcore.components.tests.dll" id="93c81460-f45a-eebe-781b-aac4218ce5db">
      <Execution id="3f137e13-b671-4b27-849e-499160e04951" />
      <TestMethod codeBase="/home/runner/work/aspnetcore/aspnetcore/artifacts/bin/Microsoft.AspNetCore.Components.Tests/Debug/net10.0/Microsoft.AspNetCore.Components.Tests.dll" adapterTypeName="executor://xunit/VsTestRunner3/netcore/" className="Microsoft.AspNetCore.Components.EventCallbackTest" name="EventCallback_ActionT_Arg_ValueType" />
    </UnitTest>
    <UnitTest name="Microsoft.AspNetCore.Components.Test.RenderTreeDiffBuilderTest.CanChangeFrameTypeWithMatchingSequenceNumber" storage="/home/runner/work/aspnetcore/aspnetcore/artifacts/bin/microsoft.aspnetcore.components.tests/debug/net10.0/microsoft.aspnetcore.components.tests.dll" id="ce6a4ff5-99af-bd62-d0d2-6fcb7690b6ab">
      <Execution id="62d9cebb-8d5f-47bd-ab42-38641f95660d" />
      <TestMethod codeBase="/home/runner/work/aspnetcore/aspnetcore/artifacts/bin/Microsoft.AspNetCore.Components.Tests/Debug/net10.0/Microsoft.AspNetCore.Components.Tests.dll" adapterTypeName="executor://xunit/VsTestRunner3/netcore/" className="Microsoft.AspNetCore.Components.Test.RenderTreeDiffBuilderTest" name="CanChangeFrameTypeWithMatchingSequenceNumber" />
    </UnitTest>
    <UnitTest name="Microsoft.AspNetCore.Components.Routing.QueryParameterValueSupplierTest.RejectsUnparseableValues(key: &quot;NullableBoolVal&quot;, value: &quot;abc&quot;, targetType: typeof(bool?))" storage="/home/runner/work/aspnetcore/aspnetcore/artifacts/bin/microsoft.aspnetcore.components.tests/debug/net10.0/microsoft.aspnetcore.components.tests.dll" id="ea740c46-55ff-040b-d2aa-c02d600745bd">
      <Execution id="dd95a128-2962-4f90-ba5a-543ef91d5774" />
      <TestMethod codeBase="/home/runner/work/aspnetcore/aspnetcore/artifacts/bin/Microsoft.AspNetCore.Components.Tests/Debug/net10.0/Microsoft.AspNetCore.Components.Tests.dll" adapterTypeName="executor://xunit/VsTestRunner3/netcore/" className="Microsoft.AspNetCore.Components.Routing.QueryParameterValueSupplierTest" name="RejectsUnparseableValues" />
    </UnitTest>
    <UnitTest name="Microsoft.AspNetCore.Components.ParameterViewTest.IncomingParameterValueMismatchesDeclaredParameterType_Throws" storage="/home/runner/work/aspnetcore/aspnetcore/artifacts/bin/microsoft.aspnetcore.components.tests/debug/net10.0/microsoft.aspnetcore.components.tests.dll" id="98ac3c5d-c0d0-f78a-4080-5f1e368b87ba">
      <Execution id="29eed72d-965b-4df1-af28-4d0fc3f95116" />
      <TestMethod codeBase="/home/runner/work/aspnetcore/aspnetcore/artifacts/bin/Microsoft.AspNetCore.Components.Tests/Debug/net10.0/Microsoft.AspNetCore.Components.Tests.dll" adapterTypeName="executor://xunit/VsTestRunner3/netcore/" className="Microsoft.AspNetCore.Components.ParameterViewTest" name="IncomingParameterValueMismatchesDeclaredParameterType_Throws" />
    </UnitTest>
    <UnitTest name="Microsoft.AspNetCore.Components.Rendering.RenderTreeBuilderTest.AddAttribute_Element_StringValue_AddsFrame" storage="/home/runner/work/aspnetcore/aspnetcore/artifacts/bin/microsoft.aspnetcore.components.tests/debug/net10.0/microsoft.aspnetcore.components.tests.dll" id="38adab21-fb23-2c8d-2eea-cf1eafb03982">
      <Execution id="65028c18-94d6-4813-94ae-d7b89db95dd3" />
      <TestMethod codeBase="/home/runner/work/aspnetcore/aspnetcore/artifacts/bin/Microsoft.AspNetCore.Components.Tests/Debug/net10.0/Microsoft.AspNetCore.Components.Tests.dll" adapterTypeName="executor://xunit/VsTestRunner3/netcore/" className="Microsoft.AspNetCore.Components.Rendering.RenderTreeBuilderTest" name="AddAttribute_Element_StringValue_AddsFrame" />
    </UnitTest>
    <UnitTest name="Microsoft.AspNetCore.Components.PersistentStateValueProviderTests.PersistAsync_CanPersistValueTypes_NullableTupleProperty" storage="/home/runner/work/aspnetcore/aspnetcore/artifacts/bin/microsoft.aspnetcore.components.tests/debug/net10.0/microsoft.aspnetcore.components.tests.dll" id="204ec68e-f4d9-ea5a-48a6-fd1ffb82ba4a">
      <Execution id="ea29f80c-c901-4234-a96d-67c2d33a90d8" />
      <TestMethod codeBase="/home/runner/work/aspnetcore/aspnetcore/artifacts/bin/Microsoft.AspNetCore.Components.Tests/Debug/net10.0/Microsoft.AspNetCore.Components.Tests.dll" adapterTypeName="executor://xunit/VsTestRunner3/netcore/" className="Microsoft.AspNetCore.Components.PersistentStateValueProviderTests" name="PersistAsync_CanPersistValueTypes_NullableTupleProperty" />
    </UnitTest>
    <UnitTest name="Microsoft.AspNetCore.Components.Rendering.RenderTreeBuilderTest.CanAddComponentReferenceCaptureInsideComponent" storage="/home/runner/work/aspnetcore/aspnetcore/artifacts/bin/microsoft.aspnetcore.components.tests/debug/net10.0/microsoft.aspnetcore.components.tests.dll" id="2e10f293-2d1b-d96d-5956-1f1b02add547">
      <Execution id="716e19a9-9c5a-420a-b038-48adbe70ae1c" />
      <TestMethod codeBase="/home/runner/work/aspnetcore/aspnetcore/artifacts/bin/Microsoft.AspNetCore.Components.Tests/Debug/net10.0/Microsoft.AspNetCore.Components.Tests.dll" adapterTypeName="executor://xunit/VsTestRunner3/netcore/" className="Microsoft.AspNetCore.Components.Rendering.RenderTreeBuilderTest" name="CanAddComponentReferenceCaptureInsideComponent" />
    </UnitTest>
    <UnitTest name="Microsoft.AspNetCore.Components.Routing.QueryParameterValueSupplierTest.RejectsUnparseableArrayEntries(key: &quot;DateTimeVals&quot;, validValue: &quot;2020-02-28&quot;, invalidValue: &quot;2020-02-31&quot;, targetType: typeof(System.DateTime))" storage="/home/runner/work/aspnetcore/aspnetcore/artifacts/bin/microsoft.aspnetcore.components.tests/debug/net10.0/microsoft.aspnetcore.components.tests.dll" id="8d1ec54f-6f2e-8913-a64b-6938483c7bdf">
      <Execution id="d5edf064-3540-4874-bd04-6bba38114a31" />
      <TestMethod codeBase="/home/runner/work/aspnetcore/aspnetcore/artifacts/bin/Microsoft.AspNetCore.Components.Tests/Debug/net10.0/Microsoft.AspNetCore.Components.Tests.dll" adapterTypeName="executor://xunit/VsTestRunner3/netcore/" className="Microsoft.AspNetCore.Components.Routing.QueryParameterValueSupplierTest" name="RejectsUnparseableArrayEntries" />
    </UnitTest>
    <UnitTest name="Microsoft.AspNetCore.Components.Test.RendererTest.EventDispatching_EventCallbackOfT_MethodToDelegateConversion" storage="/home/runner/work/aspnetcore/aspnetcore/artifacts/bin/microsoft.aspnetcore.components.tests/debug/net10.0/microsoft.aspnetcore.components.tests.dll" id="f3b64202-f4c6-04cb-5f74-c90582389df6">
      <Execution id="98dfeef7-8be1-4c40-96fa-ff9d6e02fb8e" />
      <TestMethod codeBase="/home/runner/work/aspnetcore/aspnetcore/artifacts/bin/Microsoft.AspNetCore.Components.Tests/Debug/net10.0/Microsoft.AspNetCore.Components.Tests.dll" adapterTypeName="executor://xunit/VsTestRunner3/netcore/" className="Microsoft.AspNetCore.Components.Test.RendererTest" name="EventDispatching_EventCallbackOfT_MethodToDelegateConversion" />
    </UnitTest>
    <UnitTest name="Microsoft.AspNetCore.Components.EventCallbackFactoryTest.CreateT_ActionT_Null" storage="/home/runner/work/aspnetcore/aspnetcore/artifacts/bin/microsoft.aspnetcore.components.tests/debug/net10.0/microsoft.aspnetcore.components.tests.dll" id="e14ecc4d-cd25-f90a-8302-d41af63d51ae">
      <Execution id="ff55474a-f202-43cd-b544-453e7e75a657" />
      <TestMethod codeBase="/home/runner/work/aspnetcore/aspnetcore/artifacts/bin/Microsoft.AspNetCore.Components.Tests/Debug/net10.0/Microsoft.AspNetCore.Components.Tests.dll" adapterTypeName="executor://xunit/VsTestRunner3/netcore/" className="Microsoft.AspNetCore.Components.EventCallbackFactoryTest" name="CreateT_ActionT_Null" />
    </UnitTest>
    <UnitTest name="Microsoft.AspNetCore.Components.Test.RenderTreeDiffBuilderTest.RecognizesMarkupChanges" storage="/home/runner/work/aspnetcore/aspnetcore/artifacts/bin/microsoft.aspnetcore.components.tests/debug/net10.0/microsoft.aspnetcore.components.tests.dll" id="aa905d4f-80a3-c73d-f6a4-4f70a58f2dbb">
      <Execution id="cc375b98-7548-437b-bc05-57e86efb407a" />
      <TestMethod codeBase="/home/runner/work/aspnetcore/aspnetcore/artifacts/bin/Microsoft.AspNetCore.Components.Tests/Debug/net10.0/Microsoft.AspNetCore.Components.Tests.dll" adapterTypeName="executor://xunit/VsTestRunner3/netcore/" className="Microsoft.AspNetCore.Components.Test.RenderTreeDiffBuilderTest" name="RecognizesMarkupChanges" />
    </UnitTest>
    <UnitTest name="Microsoft.AspNetCore.Components.ParameterViewTest.NoIncomingCascadingValueMatchesDeclaredCascadingParameter_LeavesValueUnchanged" storage="/home/runner/work/aspnetcore/aspnetcore/artifacts/bin/microsoft.aspnetcore.components.tests/debug/net10.0/microsoft.aspnetcore.components.tests.dll" id="b0dcd56d-f1d6-d2ef-63cf-8ece759737e8">
      <Execution id="687e7328-4981-4f38-aa51-89de03b1c51d" />
      <TestMethod codeBase="/home/runner/work/aspnetcore/aspnetcore/artifacts/bin/Microsoft.AspNetCore.Components.Tests/Debug/net10.0/Microsoft.AspNetCore.Components.Tests.dll" adapterTypeName="executor://xunit/VsTestRunner3/netcore/" className="Microsoft.AspNetCore.Components.ParameterViewTest" name="NoIncomingCascadingValueMatchesDeclaredCascadingParameter_LeavesValueUnchanged" />
    </UnitTest>
    <UnitTest name="Microsoft.AspNetCore.Components.ParameterViewTest.IncomingParameterMatchesOverriddenParameter_ThatDoesNotHaveAttribute" storage="/home/runner/work/aspnetcore/aspnetcore/artifacts/bin/microsoft.aspnetcore.components.tests/debug/net10.0/microsoft.aspnetcore.components.tests.dll" id="683ec77b-946e-dd93-a0e4-b34828a13580">
      <Execution id="d1b0b14d-e5e5-439e-92b8-1f0b4309ce57" />
      <TestMethod codeBase="/home/runner/work/aspnetcore/aspnetcore/artifacts/bin/Microsoft.AspNetCore.Components.Tests/Debug/net10.0/Microsoft.AspNetCore.Components.Tests.dll" adapterTypeName="executor://xunit/VsTestRunner3/netcore/" className="Microsoft.AspNetCore.Components.ParameterViewTest" name="IncomingParameterMatchesOverriddenParameter_ThatDoesNotHaveAttribute" />
    </UnitTest>
    <UnitTest name="Microsoft.AspNetCore.Components.CascadingParameterStateTest.FindCascadingParameters_IfHasNoCascadingParameters_ReturnsEmpty" storage="/home/runner/work/aspnetcore/aspnetcore/artifacts/bin/microsoft.aspnetcore.components.tests/debug/net10.0/microsoft.aspnetcore.components.tests.dll" id="f7e32a31-f56c-1976-c253-135477df6b1a">
      <Execution id="2528ffc4-e465-4054-9fd0-755fa15b85d0" />
      <TestMethod codeBase="/home/runner/work/aspnetcore/aspnetcore/artifacts/bin/Microsoft.AspNetCore.Components.Tests/Debug/net10.0/Microsoft.AspNetCore.Components.Tests.dll" adapterTypeName="executor://xunit/VsTestRunner3/netcore/" className="Microsoft.AspNetCore.Components.CascadingParameterStateTest" name="FindCascadingParameters_IfHasNoCascadingParameters_ReturnsEmpty" />
    </UnitTest>
    <UnitTest name="Microsoft.AspNetCore.Components.ComponentsMetricsTest.FailBatchSync_RecordsErrorMetric" storage="/home/runner/work/aspnetcore/aspnetcore/artifacts/bin/microsoft.aspnetcore.components.tests/debug/net10.0/microsoft.aspnetcore.components.tests.dll" id="1e423626-b1b3-acd3-ee64-66e4478ae98f">
      <Execution id="f7b46e49-35f3-4579-b81c-8ed561b07aa4" />
      <TestMethod codeBase="/home/runner/work/aspnetcore/aspnetcore/artifacts/bin/Microsoft.AspNetCore.Components.Tests/Debug/net10.0/Microsoft.AspNetCore.Components.Tests.dll" adapterTypeName="executor://xunit/VsTestRunner3/netcore/" className="Microsoft.AspNetCore.Components.ComponentsMetricsTest" name="FailBatchSync_RecordsErrorMetric" />
    </UnitTest>
    <UnitTest name="Microsoft.AspNetCore.Components.NavigationManagerTest.ComputesCorrectValidBaseRelativePaths(baseUri: &quot;scheme://host/path/&quot;, uri: &quot;scheme://host/path/#hash&quot;, expectedResult: &quot;#hash&quot;)" storage="/home/runner/work/aspnetcore/aspnetcore/artifacts/bin/microsoft.aspnetcore.components.tests/debug/net10.0/microsoft.aspnetcore.components.tests.dll" id="5ce7a314-1554-ba75-14aa-f57c4a8483e6">
      <Execution id="cd065282-8e54-4596-978c-ba0b5085f036" />
      <TestMethod codeBase="/home/runner/work/aspnetcore/aspnetcore/artifacts/bin/Microsoft.AspNetCore.Components.Tests/Debug/net10.0/Microsoft.AspNetCore.Components.Tests.dll" adapterTypeName="executor://xunit/VsTestRunner3/netcore/" className="Microsoft.AspNetCore.Components.NavigationManagerTest" name="ComputesCorrectValidBaseRelativePaths" />
    </UnitTest>
    <UnitTest name="Microsoft.AspNetCore.Components.Test.RendererTest.CanRenderAsyncComponentsWithMultipleAsyncChildren" storage="/home/runner/work/aspnetcore/aspnetcore/artifacts/bin/microsoft.aspnetcore.components.tests/debug/net10.0/microsoft.aspnetcore.components.tests.dll" id="0bf22924-5791-18ec-46eb-e9c337cff9c1">
      <Execution id="a2ae7d8d-16d2-444b-8c89-e7829cc17d65" />
      <TestMethod codeBase="/home/runner/work/aspnetcore/aspnetcore/artifacts/bin/Microsoft.AspNetCore.Components.Tests/Debug/net10.0/Microsoft.AspNetCore.Components.Tests.dll" adapterTypeName="executor://xunit/VsTestRunner3/netcore/" className="Microsoft.AspNetCore.Components.Test.RendererTest" name="CanRenderAsyncComponentsWithMultipleAsyncChildren" />
    </UnitTest>
    <UnitTest name="Microsoft.AspNetCore.Components.Rendering.RenderTreeBuilderTest.ProcessDuplicateAttributes_SilentFrameFollowedBySameAttribute" storage="/home/runner/work/aspnetcore/aspnetcore/artifacts/bin/microsoft.aspnetcore.components.tests/debug/net10.0/microsoft.aspnetcore.components.tests.dll" id="2e244d6d-f149-02a5-c330-275c38ec6450">
      <Execution id="ce4b8a26-ff14-49d3-81a8-a025da74321d" />
      <TestMethod codeBase="/home/runner/work/aspnetcore/aspnetcore/artifacts/bin/Microsoft.AspNetCore.Components.Tests/Debug/net10.0/Microsoft.AspNetCore.Components.Tests.dll" adapterTypeName="executor://xunit/VsTestRunner3/netcore/" className="Microsoft.AspNetCore.Components.Rendering.RenderTreeBuilderTest" name="ProcessDuplicateAttributes_SilentFrameFollowedBySameAttribute" />
    </UnitTest>
    <UnitTest name="Microsoft.AspNetCore.Components.BindConverterTest.FormatValue_Enum_OutOfRange" storage="/home/runner/work/aspnetcore/aspnetcore/artifacts/bin/microsoft.aspnetcore.components.tests/debug/net10.0/microsoft.aspnetcore.components.tests.dll" id="1f928e90-867b-a003-40e0-af24427d476e">
      <Execution id="29891d73-645f-4b28-ac21-c134dbb976a0" />
      <TestMethod codeBase="/home/runner/work/aspnetcore/aspnetcore/artifacts/bin/Microsoft.AspNetCore.Components.Tests/Debug/net10.0/Microsoft.AspNetCore.Components.Tests.dll" adapterTypeName="executor://xunit/VsTestRunner3/netcore/" className="Microsoft.AspNetCore.Components.BindConverterTest" name="FormatValue_Enum_OutOfRange" />
    </UnitTest>
    <UnitTest name="Microsoft.AspNetCore.Components.Test.RendererTest.RenderModeResolverCanSupplyComponent_WithComponentTypeRenderMode" storage="/home/runner/work/aspnetcore/aspnetcore/artifacts/bin/microsoft.aspnetcore.components.tests/debug/net10.0/microsoft.aspnetcore.components.tests.dll" id="c90cffb8-7886-9206-0f6d-ae5f6e2d2db8">
      <Execution id="e86fa435-0d72-46f9-98f7-4fb1a352bf83" />
      <TestMethod codeBase="/home/runner/work/aspnetcore/aspnetcore/artifacts/bin/Microsoft.AspNetCore.Components.Tests/Debug/net10.0/Microsoft.AspNetCore.Components.Tests.dll" adapterTypeName="executor://xunit/VsTestRunner3/netcore/" className="Microsoft.AspNetCore.Components.Test.RendererTest" name="RenderModeResolverCanSupplyComponent_WithComponentTypeRenderMode" />
    </UnitTest>
    <UnitTest name="Microsoft.AspNetCore.Components.Test.RendererTest.NoHotReloadListenersAreRegistered_WhenMetadataUpdatesAreNotSupported" storage="/home/runner/work/aspnetcore/aspnetcore/artifacts/bin/microsoft.aspnetcore.components.tests/debug/net10.0/microsoft.aspnetcore.components.tests.dll" id="073e6733-72fc-7de4-4ef2-bd3101333097">
      <Execution id="a05d2aae-6a01-4b7b-b5cd-4cc184423a2b" />
      <TestMethod codeBase="/home/runner/work/aspnetcore/aspnetcore/artifacts/bin/Microsoft.AspNetCore.Components.Tests/Debug/net10.0/Microsoft.AspNetCore.Components.Tests.dll" adapterTypeName="executor://xunit/VsTestRunner3/netcore/" className="Microsoft.AspNetCore.Components.Test.RendererTest" name="NoHotReloadListenersAreRegistered_WhenMetadataUpdatesAreNotSupported" />
    </UnitTest>
    <UnitTest name="Microsoft.AspNetCore.Components.Routing.RouteTableFactoryTests.CanMatchSegmentWithMultipleConstraints(template: &quot;/{value:double:int?}/&quot;, contextUrl: &quot;/&quot;, convertedValue: null)" storage="/home/runner/work/aspnetcore/aspnetcore/artifacts/bin/microsoft.aspnetcore.components.tests/debug/net10.0/microsoft.aspnetcore.components.tests.dll" id="89641d7d-69df-219c-d49a-eeeef2f6e5bd">
      <Execution id="785e955f-6306-4eaa-99f6-e05bd5b1da03" />
      <TestMethod codeBase="/home/runner/work/aspnetcore/aspnetcore/artifacts/bin/Microsoft.AspNetCore.Components.Tests/Debug/net10.0/Microsoft.AspNetCore.Components.Tests.dll" adapterTypeName="executor://xunit/VsTestRunner3/netcore/" className="Microsoft.AspNetCore.Components.Routing.RouteTableFactoryTests" name="CanMatchSegmentWithMultipleConstraints" />
    </UnitTest>
    <UnitTest name="Microsoft.AspNetCore.Components.RenderTree.ArrayBuilderTest.Insert_Works" storage="/home/runner/work/aspnetcore/aspnetcore/artifacts/bin/microsoft.aspnetcore.components.tests/debug/net10.0/microsoft.aspnetcore.components.tests.dll" id="9c519711-bd54-8221-1195-949eacd1eb87">
      <Execution id="f3a51318-0e6a-44a6-af3d-64ef1214967e" />
      <TestMethod codeBase="/home/runner/work/aspnetcore/aspnetcore/artifacts/bin/Microsoft.AspNetCore.Components.Tests/Debug/net10.0/Microsoft.AspNetCore.Components.Tests.dll" adapterTypeName="executor://xunit/VsTestRunner3/netcore/" className="Microsoft.AspNetCore.Components.RenderTree.ArrayBuilderTest" name="Insert_Works" />
    </UnitTest>
    <UnitTest name="Microsoft.AspNetCore.Components.Rendering.RenderTreeBuilderTest.AddAttribute_Element_ObjectAction_AddsFrame" storage="/home/runner/work/aspnetcore/aspnetcore/artifacts/bin/microsoft.aspnetcore.components.tests/debug/net10.0/microsoft.aspnetcore.components.tests.dll" id="cb12c13a-86c2-25e6-f696-1cdf57c984ed">
      <Execution id="0e849483-1ef5-4965-9bc7-e19c28b1c6db" />
      <TestMethod codeBase="/home/runner/work/aspnetcore/aspnetcore/artifacts/bin/Microsoft.AspNetCore.Components.Tests/Debug/net10.0/Microsoft.AspNetCore.Components.Tests.dll" adapterTypeName="executor://xunit/VsTestRunner3/netcore/" className="Microsoft.AspNetCore.Components.Rendering.RenderTreeBuilderTest" name="AddAttribute_Element_ObjectAction_AddsFrame" />
    </UnitTest>
    <UnitTest name="Microsoft.AspNetCore.Components.Test.CascadingParameterTest.StopsNotifyingDescendantsIfTheyAreRemoved" storage="/home/runner/work/aspnetcore/aspnetcore/artifacts/bin/microsoft.aspnetcore.components.tests/debug/net10.0/microsoft.aspnetcore.components.tests.dll" id="ed7a6be3-3697-84b7-bfd3-8de02e542b9d">
      <Execution id="d1c0cb21-0501-4d43-abb8-1776b20c346c" />
      <TestMethod codeBase="/home/runner/work/aspnetcore/aspnetcore/artifacts/bin/Microsoft.AspNetCore.Components.Tests/Debug/net10.0/Microsoft.AspNetCore.Components.Tests.dll" adapterTypeName="executor://xunit/VsTestRunner3/netcore/" className="Microsoft.AspNetCore.Components.Test.CascadingParameterTest" name="StopsNotifyingDescendantsIfTheyAreRemoved" />
    </UnitTest>
    <UnitTest name="Microsoft.AspNetCore.Components.Routing.QueryParameterValueSupplierTest.RejectsBlankValuesWhenNotNullable(key: &quot;FloatVal&quot;, targetType: typeof(float))" storage="/home/runner/work/aspnetcore/aspnetcore/artifacts/bin/microsoft.aspnetcore.components.tests/debug/net10.0/microsoft.aspnetcore.components.tests.dll" id="7d28c52d-8a18-7edb-95b2-48155dd86277">
      <Execution id="fd371f76-2388-46a0-8b7a-27ecd0d29f5d" />
      <TestMethod codeBase="/home/runner/work/aspnetcore/aspnetcore/artifacts/bin/Microsoft.AspNetCore.Components.Tests/Debug/net10.0/Microsoft.AspNetCore.Components.Tests.dll" adapterTypeName="executor://xunit/VsTestRunner3/netcore/" className="Microsoft.AspNetCore.Components.Routing.QueryParameterValueSupplierTest" name="RejectsBlankValuesWhenNotNullable" />
    </UnitTest>
    <UnitTest name="Microsoft.AspNetCore.Components.ComponentStatePersistenceManagerTest.RestoreStateAsync_ThrowsOnDoubleInitialization" storage="/home/runner/work/aspnetcore/aspnetcore/artifacts/bin/microsoft.aspnetcore.components.tests/debug/net10.0/microsoft.aspnetcore.components.tests.dll" id="f0f2cf6e-e91d-d6e3-e39e-345b40bd28a5">
      <Execution id="ffcd6fac-81d4-412c-a328-1dea46f32419" />
      <TestMethod codeBase="/home/runner/work/aspnetcore/aspnetcore/artifacts/bin/Microsoft.AspNetCore.Components.Tests/Debug/net10.0/Microsoft.AspNetCore.Components.Tests.dll" adapterTypeName="executor://xunit/VsTestRunner3/netcore/" className="Microsoft.AspNetCore.Components.ComponentStatePersistenceManagerTest" name="RestoreStateAsync_ThrowsOnDoubleInitialization" />
    </UnitTest>
    <UnitTest name="Microsoft.AspNetCore.Components.Routing.QueryParameterValueSupplierTest.RejectsBlankValuesWhenNotNullable(key: &quot;GuidVal&quot;, targetType: typeof(System.Guid))" storage="/home/runner/work/aspnetcore/aspnetcore/artifacts/bin/microsoft.aspnetcore.components.tests/debug/net10.0/microsoft.aspnetcore.components.tests.dll" id="b6e6b523-694e-75c6-dd7d-b9344edeb2fb">
      <Execution id="7d4d4cf2-aef1-45ad-b93d-5a839a10233a" />
      <TestMethod codeBase="/home/runner/work/aspnetcore/aspnetcore/artifacts/bin/Microsoft.AspNetCore.Components.Tests/Debug/net10.0/Microsoft.AspNetCore.Components.Tests.dll" adapterTypeName="executor://xunit/VsTestRunner3/netcore/" className="Microsoft.AspNetCore.Components.Routing.QueryParameterValueSupplierTest" name="RejectsBlankValuesWhenNotNullable" />
    </UnitTest>
    <UnitTest name="Microsoft.AspNetCore.Components.Test.RendererTest.CanDispatchActionEventsToTopLevelComponents" storage="/home/runner/work/aspnetcore/aspnetcore/artifacts/bin/microsoft.aspnetcore.components.tests/debug/net10.0/microsoft.aspnetcore.components.tests.dll" id="a8679e2b-eb4c-db49-2910-f062c807e91e">
      <Execution id="684650f0-afc0-4332-ade8-b052c58f7570" />
      <TestMethod codeBase="/home/runner/work/aspnetcore/aspnetcore/artifacts/bin/Microsoft.AspNetCore.Components.Tests/Debug/net10.0/Microsoft.AspNetCore.Components.Tests.dll" adapterTypeName="executor://xunit/VsTestRunner3/netcore/" className="Microsoft.AspNetCore.Components.Test.RendererTest" name="CanDispatchActionEventsToTopLevelComponents" />
    </UnitTest>
    <UnitTest name="Microsoft.AspNetCore.Components.Rendering.RendererSynchronizationContextTest.Send_BlocksWhenOtherWorkRunning" storage="/home/runner/work/aspnetcore/aspnetcore/artifacts/bin/microsoft.aspnetcore.components.tests/debug/net10.0/microsoft.aspnetcore.components.tests.dll" id="ebd3a8e8-2309-ba7d-aa7a-ee01ab8f7c1c">
      <Execution id="b4c7efae-fa07-43e0-baf1-c4b82a69df76" />
      <TestMethod codeBase="/home/runner/work/aspnetcore/aspnetcore/artifacts/bin/Microsoft.AspNetCore.Components.Tests/Debug/net10.0/Microsoft.AspNetCore.Components.Tests.dll" adapterTypeName="executor://xunit/VsTestRunner3/netcore/" className="Microsoft.AspNetCore.Components.Rendering.RendererSynchronizationContextTest" name="Send_BlocksWhenOtherWorkRunning" />
    </UnitTest>
    <UnitTest name="Microsoft.AspNetCore.Components.Test.RendererTest.CannotStartOverlappingBatches" storage="/home/runner/work/aspnetcore/aspnetcore/artifacts/bin/microsoft.aspnetcore.components.tests/debug/net10.0/microsoft.aspnetcore.components.tests.dll" id="d2f1f98f-3678-8cc2-c5ce-77210d53b79d">
      <Execution id="ef721c14-832f-4b33-9420-1008ef5ab0cb" />
      <TestMethod codeBase="/home/runner/work/aspnetcore/aspnetcore/artifacts/bin/Microsoft.AspNetCore.Components.Tests/Debug/net10.0/Microsoft.AspNetCore.Components.Tests.dll" adapterTypeName="executor://xunit/VsTestRunner3/netcore/" className="Microsoft.AspNetCore.Components.Test.RendererTest" name="CannotStartOverlappingBatches" />
    </UnitTest>
    <UnitTest name="Microsoft.AspNetCore.Components.Rendering.RenderTreeBuilderTest.AddAttribute_Element_ObjectEventCallbackWithReceiver_AddsFrame" storage="/home/runner/work/aspnetcore/aspnetcore/artifacts/bin/microsoft.aspnetcore.components.tests/debug/net10.0/microsoft.aspnetcore.components.tests.dll" id="b32fbca2-fd96-6801-df4d-5e05fbbf16cd">
      <Execution id="bca1492e-7488-4849-8d27-f9dc358535da" />
      <TestMethod codeBase="/home/runner/work/aspnetcore/aspnetcore/artifacts/bin/Microsoft.AspNetCore.Components.Tests/Debug/net10.0/Microsoft.AspNetCore.Components.Tests.dll" adapterTypeName="executor://xunit/VsTestRunner3/netcore/" className="Microsoft.AspNetCore.Components.Rendering.RenderTreeBuilderTest" name="AddAttribute_Element_ObjectEventCallbackWithReceiver_AddsFrame" />
    </UnitTest>
    <UnitTest name="Microsoft.AspNetCore.Components.EventCallbackTest.EventCallbackOfT_ActionT_Null" storage="/home/runner/work/aspnetcore/aspnetcore/artifacts/bin/microsoft.aspnetcore.components.tests/debug/net10.0/microsoft.aspnetcore.components.tests.dll" id="de5a6185-bea1-cb52-01da-a42f801ea264">
      <Execution id="f76b9757-4bf6-43ea-a389-b07716ae0ce4" />
      <TestMethod codeBase="/home/runner/work/aspnetcore/aspnetcore/artifacts/bin/Microsoft.AspNetCore.Components.Tests/Debug/net10.0/Microsoft.AspNetCore.Components.Tests.dll" adapterTypeName="executor://xunit/VsTestRunner3/netcore/" className="Microsoft.AspNetCore.Components.EventCallbackTest" name="EventCallbackOfT_ActionT_Null" />
    </UnitTest>
    <UnitTest name="Microsoft.AspNetCore.Components.Test.RenderTreeDiffBuilderTest.RecognizesKeyedComponentDeletionsBeforeUnchangedNonKeyedComponent" storage="/home/runner/work/aspnetcore/aspnetcore/artifacts/bin/microsoft.aspnetcore.components.tests/debug/net10.0/microsoft.aspnetcore.components.tests.dll" id="9fd87f60-c659-68d5-7045-a42249c2539d">
      <Execution id="fe14ab5a-bc18-4813-afdd-8095f1a95c03" />
      <TestMethod codeBase="/home/runner/work/aspnetcore/aspnetcore/artifacts/bin/Microsoft.AspNetCore.Components.Tests/Debug/net10.0/Microsoft.AspNetCore.Components.Tests.dll" adapterTypeName="executor://xunit/VsTestRunner3/netcore/" className="Microsoft.AspNetCore.Components.Test.RenderTreeDiffBuilderTest" name="RecognizesKeyedComponentDeletionsBeforeUnchangedNonKeyedComponent" />
    </UnitTest>
    <UnitTest name="Microsoft.AspNetCore.Components.NavigationManagerTest.ComputesCorrectBaseUri(baseUri: &quot;scheme://host/path/page?query=string&amp;another=here&quot;, expectedResult: &quot;scheme://host/path/&quot;)" storage="/home/runner/work/aspnetcore/aspnetcore/artifacts/bin/microsoft.aspnetcore.components.tests/debug/net10.0/microsoft.aspnetcore.components.tests.dll" id="254d1888-b1e4-8f66-038c-d8db9de763c0">
      <Execution id="ab133788-3c37-4d56-ba5c-cf322517706d" />
      <TestMethod codeBase="/home/runner/work/aspnetcore/aspnetcore/artifacts/bin/Microsoft.AspNetCore.Components.Tests/Debug/net10.0/Microsoft.AspNetCore.Components.Tests.dll" adapterTypeName="executor://xunit/VsTestRunner3/netcore/" className="Microsoft.AspNetCore.Components.NavigationManagerTest" name="ComputesCorrectBaseUri" />
    </UnitTest>
    <UnitTest name="Microsoft.AspNetCore.Components.RenderTree.ArrayBuilderTest.Append_ThreeItem" storage="/home/runner/work/aspnetcore/aspnetcore/artifacts/bin/microsoft.aspnetcore.components.tests/debug/net10.0/microsoft.aspnetcore.components.tests.dll" id="80e10096-6405-0c56-1ed1-8d76341a3748">
      <Execution id="6ff9f8be-706b-4323-b301-1c7a782d9dc7" />
      <TestMethod codeBase="/home/runner/work/aspnetcore/aspnetcore/artifacts/bin/Microsoft.AspNetCore.Components.Tests/Debug/net10.0/Microsoft.AspNetCore.Components.Tests.dll" adapterTypeName="executor://xunit/VsTestRunner3/netcore/" className="Microsoft.AspNetCore.Components.RenderTree.ArrayBuilderTest" name="Append_ThreeItem" />
    </UnitTest>
    <UnitTest name="Microsoft.AspNetCore.Components.Test.RenderTreeDiffBuilderTest.RecognizesElementNameChangesAtSameSequenceNumber" storage="/home/runner/work/aspnetcore/aspnetcore/artifacts/bin/microsoft.aspnetcore.components.tests/debug/net10.0/microsoft.aspnetcore.components.tests.dll" id="a9e42b53-9333-9189-881e-217025c9e45b">
      <Execution id="695a0f59-df43-4590-af4f-e0a2aa768b50" />
      <TestMethod codeBase="/home/runner/work/aspnetcore/aspnetcore/artifacts/bin/Microsoft.AspNetCore.Components.Tests/Debug/net10.0/Microsoft.AspNetCore.Components.Tests.dll" adapterTypeName="executor://xunit/VsTestRunner3/netcore/" className="Microsoft.AspNetCore.Components.Test.RenderTreeDiffBuilderTest" name="RecognizesElementNameChangesAtSameSequenceNumber" />
    </UnitTest>
    <UnitTest name="Microsoft.AspNetCore.Components.Test.RenderTreeDiffBuilderTest.RecognizesKeyedComponentMoves" storage="/home/runner/work/aspnetcore/aspnetcore/artifacts/bin/microsoft.aspnetcore.components.tests/debug/net10.0/microsoft.aspnetcore.components.tests.dll" id="15678ccf-64e7-2783-8f0a-7b6798d23401">
      <Execution id="4b73e81d-cf5e-41a7-ac14-61adf80c1ee6" />
      <TestMethod codeBase="/home/runner/work/aspnetcore/aspnetcore/artifacts/bin/Microsoft.AspNetCore.Components.Tests/Debug/net10.0/Microsoft.AspNetCore.Components.Tests.dll" adapterTypeName="executor://xunit/VsTestRunner3/netcore/" className="Microsoft.AspNetCore.Components.Test.RenderTreeDiffBuilderTest" name="RecognizesKeyedComponentMoves" />
    </UnitTest>
    <UnitTest name="Microsoft.AspNetCore.Components.NavigationManagerTest.GetUriWithQueryParameter_RemovesWhenParameterValueIsNull(baseUri: &quot;scheme://host/?full%20name=&quot;, expectedUri: &quot;scheme://host/&quot;)" storage="/home/runner/work/aspnetcore/aspnetcore/artifacts/bin/microsoft.aspnetcore.components.tests/debug/net10.0/microsoft.aspnetcore.components.tests.dll" id="b153c943-ecdf-3976-30b9-5de80d0b0611">
      <Execution id="953dafc5-6cea-4538-9868-86ff48fe7592" />
      <TestMethod codeBase="/home/runner/work/aspnetcore/aspnetcore/artifacts/bin/Microsoft.AspNetCore.Components.Tests/Debug/net10.0/Microsoft.AspNetCore.Components.Tests.dll" adapterTypeName="executor://xunit/VsTestRunner3/netcore/" className="Microsoft.AspNetCore.Components.NavigationManagerTest" name="GetUriWithQueryParameter_RemovesWhenParameterValueIsNull" />
    </UnitTest>
    <UnitTest name="Microsoft.AspNetCore.Components.Test.RenderTreeDiffBuilderTest.AttributeDiff_WithSameSequenceNumber_AttributeRemovedInMiddle" storage="/home/runner/work/aspnetcore/aspnetcore/artifacts/bin/microsoft.aspnetcore.components.tests/debug/net10.0/microsoft.aspnetcore.components.tests.dll" id="0c3e8352-e59e-5e9d-2482-66bbd824a79d">
      <Execution id="548153e2-7979-4341-972d-c2834d1a0ec2" />
      <TestMethod codeBase="/home/runner/work/aspnetcore/aspnetcore/artifacts/bin/Microsoft.AspNetCore.Components.Tests/Debug/net10.0/Microsoft.AspNetCore.Components.Tests.dll" adapterTypeName="executor://xunit/VsTestRunner3/netcore/" className="Microsoft.AspNetCore.Components.Test.RenderTreeDiffBuilderTest" name="AttributeDiff_WithSameSequenceNumber_AttributeRemovedInMiddle" />
    </UnitTest>
    <UnitTest name="Microsoft.AspNetCore.Components.Test.RenderTreeDiffBuilderTest.AttributeDiff_WithSequentialSequenceNumber_AttributeAddedInMiddle" storage="/home/runner/work/aspnetcore/aspnetcore/artifacts/bin/microsoft.aspnetcore.components.tests/debug/net10.0/microsoft.aspnetcore.components.tests.dll" id="1f55550d-79ec-9cbc-d258-412fde4e2031">
      <Execution id="d40ce006-44f1-491d-bf4b-4c4efffd8cf6" />
      <TestMethod codeBase="/home/runner/work/aspnetcore/aspnetcore/artifacts/bin/Microsoft.AspNetCore.Components.Tests/Debug/net10.0/Microsoft.AspNetCore.Components.Tests.dll" adapterTypeName="executor://xunit/VsTestRunner3/netcore/" className="Microsoft.AspNetCore.Components.Test.RenderTreeDiffBuilderTest" name="AttributeDiff_WithSequentialSequenceNumber_AttributeAddedInMiddle" />
    </UnitTest>
    <UnitTest name="Microsoft.AspNetCore.Components.Test.RenderTreeDiffBuilderTest.CanMoveBeforeInsertedItem" storage="/home/runner/work/aspnetcore/aspnetcore/artifacts/bin/microsoft.aspnetcore.components.tests/debug/net10.0/microsoft.aspnetcore.components.tests.dll" id="ff61cd54-4209-a5c2-bf2c-efe14c9d2d6f">
      <Execution id="7bfb76c2-4585-4d0d-ab7a-bc3465f79078" />
      <TestMethod codeBase="/home/runner/work/aspnetcore/aspnetcore/artifacts/bin/Microsoft.AspNetCore.Components.Tests/Debug/net10.0/Microsoft.AspNetCore.Components.Tests.dll" adapterTypeName="executor://xunit/VsTestRunner3/netcore/" className="Microsoft.AspNetCore.Components.Test.RenderTreeDiffBuilderTest" name="CanMoveBeforeInsertedItem" />
    </UnitTest>
    <UnitTest name="Microsoft.AspNetCore.Components.EventCallbackFactoryTest.Create_Action_Null" storage="/home/runner/work/aspnetcore/aspnetcore/artifacts/bin/microsoft.aspnetcore.components.tests/debug/net10.0/microsoft.aspnetcore.components.tests.dll" id="90b706b5-a0e9-4c9f-9dc3-e3cc9454f3ef">
      <Execution id="b0473a2b-5ab3-4913-93da-10cf0253fd40" />
      <TestMethod codeBase="/home/runner/work/aspnetcore/aspnetcore/artifacts/bin/Microsoft.AspNetCore.Components.Tests/Debug/net10.0/Microsoft.AspNetCore.Components.Tests.dll" adapterTypeName="executor://xunit/VsTestRunner3/netcore/" className="Microsoft.AspNetCore.Components.EventCallbackFactoryTest" name="Create_Action_Null" />
    </UnitTest>
    <UnitTest name="Microsoft.AspNetCore.Components.Test.CascadingParameterTest.CanUseTryAddPatternForCascadingValuesInServiceCollection_CascadingValueSource" storage="/home/runner/work/aspnetcore/aspnetcore/artifacts/bin/microsoft.aspnetcore.components.tests/debug/net10.0/microsoft.aspnetcore.components.tests.dll" id="bbbbbdcd-8874-a9b9-ab2b-ef3843ecf39f">
      <Execution id="2734c462-f8bb-442f-b42b-1622005534e9" />
      <TestMethod codeBase="/home/runner/work/aspnetcore/aspnetcore/artifacts/bin/Microsoft.AspNetCore.Components.Tests/Debug/net10.0/Microsoft.AspNetCore.Components.Tests.dll" adapterTypeName="executor://xunit/VsTestRunner3/netcore/" className="Microsoft.AspNetCore.Components.Test.CascadingParameterTest" name="CanUseTryAddPatternForCascadingValuesInServiceCollection_CascadingValueSource" />
    </UnitTest>
    <UnitTest name="Microsoft.AspNetCore.Components.DynamicComponentTest.CanRenderComponentByTypeWithParameters" storage="/home/runner/work/aspnetcore/aspnetcore/artifacts/bin/microsoft.aspnetcore.components.tests/debug/net10.0/microsoft.aspnetcore.components.tests.dll" id="1c5263d3-f97a-e400-bb9e-490fdd53a2e7">
      <Execution id="13f504b7-8327-49f4-a500-80a130d7c93d" />
      <TestMethod codeBase="/home/runner/work/aspnetcore/aspnetcore/artifacts/bin/Microsoft.AspNetCore.Components.Tests/Debug/net10.0/Microsoft.AspNetCore.Components.Tests.dll" adapterTypeName="executor://xunit/VsTestRunner3/netcore/" className="Microsoft.AspNetCore.Components.DynamicComponentTest" name="CanRenderComponentByTypeWithParameters" />
    </UnitTest>
    <UnitTest name="Microsoft.AspNetCore.Components.Test.RendererTest.ExceptionsThrownSynchronouslyFromMultipleComponentsCanBeHandled" storage="/home/runner/work/aspnetcore/aspnetcore/artifacts/bin/microsoft.aspnetcore.components.tests/debug/net10.0/microsoft.aspnetcore.components.tests.dll" id="698be713-7c8c-a4d5-ca15-109742b446a6">
      <Execution id="c0216373-f1c5-4b20-9459-c3c0016a3ca5" />
      <TestMethod codeBase="/home/runner/work/aspnetcore/aspnetcore/artifacts/bin/Microsoft.AspNetCore.Components.Tests/Debug/net10.0/Microsoft.AspNetCore.Components.Tests.dll" adapterTypeName="executor://xunit/VsTestRunner3/netcore/" className="Microsoft.AspNetCore.Components.Test.RendererTest" name="ExceptionsThrownSynchronouslyFromMultipleComponentsCanBeHandled" />
    </UnitTest>
    <UnitTest name="Microsoft.AspNetCore.Components.Test.RendererTest.ReRendersChildComponentsWhenPropertiesChange" storage="/home/runner/work/aspnetcore/aspnetcore/artifacts/bin/microsoft.aspnetcore.components.tests/debug/net10.0/microsoft.aspnetcore.components.tests.dll" id="7e560910-18ba-7409-cc96-344ad0715c1f">
      <Execution id="5bd75c39-ab9b-445e-ac52-5db1a794c148" />
      <TestMethod codeBase="/home/runner/work/aspnetcore/aspnetcore/artifacts/bin/Microsoft.AspNetCore.Components.Tests/Debug/net10.0/Microsoft.AspNetCore.Components.Tests.dll" adapterTypeName="executor://xunit/VsTestRunner3/netcore/" className="Microsoft.AspNetCore.Components.Test.RendererTest" name="ReRendersChildComponentsWhenPropertiesChange" />
    </UnitTest>
    <UnitTest name="Microsoft.AspNetCore.Components.ParameterViewTest.HasDuplicateCaptureUnmatchedValuesParameters_Throws" storage="/home/runner/work/aspnetcore/aspnetcore/artifacts/bin/microsoft.aspnetcore.components.tests/debug/net10.0/microsoft.aspnetcore.components.tests.dll" id="c6a29e9c-75e6-4688-a5b4-390c4a86d531">
      <Execution id="3c571124-e1b0-441d-996d-94681b7bccea" />
      <TestMethod codeBase="/home/runner/work/aspnetcore/aspnetcore/artifacts/bin/Microsoft.AspNetCore.Components.Tests/Debug/net10.0/Microsoft.AspNetCore.Components.Tests.dll" adapterTypeName="executor://xunit/VsTestRunner3/netcore/" className="Microsoft.AspNetCore.Components.ParameterViewTest" name="HasDuplicateCaptureUnmatchedValuesParameters_Throws" />
    </UnitTest>
    <UnitTest name="Microsoft.AspNetCore.Components.NavigationManagerTest.Initialize_ThrowsForInvalidBaseRelativePaths(baseUri: &quot;scheme://host/path/&quot;, absoluteUri: &quot;scheme://host/&quot;)" storage="/home/runner/work/aspnetcore/aspnetcore/artifacts/bin/microsoft.aspnetcore.components.tests/debug/net10.0/microsoft.aspnetcore.components.tests.dll" id="c2186276-e9c1-54a2-1d03-21beb3a481da">
      <Execution id="b69f4df9-49cf-47a3-8f9b-c5ee5758989c" />
      <TestMethod codeBase="/home/runner/work/aspnetcore/aspnetcore/artifacts/bin/Microsoft.AspNetCore.Components.Tests/Debug/net10.0/Microsoft.AspNetCore.Components.Tests.dll" adapterTypeName="executor://xunit/VsTestRunner3/netcore/" className="Microsoft.AspNetCore.Components.NavigationManagerTest" name="Initialize_ThrowsForInvalidBaseRelativePaths" />
    </UnitTest>
    <UnitTest name="Microsoft.AspNetCore.Components.Rendering.RenderTreeBuilderTest.ProcessDuplicateAttributes_StopsAtFirstNonAttributeFrame_Content" storage="/home/runner/work/aspnetcore/aspnetcore/artifacts/bin/microsoft.aspnetcore.components.tests/debug/net10.0/microsoft.aspnetcore.components.tests.dll" id="afc3fae3-132c-7e62-823b-4cb1c5692e93">
      <Execution id="188d952b-ae4f-437f-82ce-c779bae9047d" />
      <TestMethod codeBase="/home/runner/work/aspnetcore/aspnetcore/artifacts/bin/Microsoft.AspNetCore.Components.Tests/Debug/net10.0/Microsoft.AspNetCore.Components.Tests.dll" adapterTypeName="executor://xunit/VsTestRunner3/netcore/" className="Microsoft.AspNetCore.Components.Rendering.RenderTreeBuilderTest" name="ProcessDuplicateAttributes_StopsAtFirstNonAttributeFrame_Content" />
    </UnitTest>
    <UnitTest name="Microsoft.AspNetCore.Components.Test.RenderTreeDiffBuilderTest.RecognizesAttributeNamesChangedAtSameSourceSequence" storage="/home/runner/work/aspnetcore/aspnetcore/artifacts/bin/microsoft.aspnetcore.components.tests/debug/net10.0/microsoft.aspnetcore.components.tests.dll" id="af511287-7726-fcbe-aa8b-a5ad524834fb">
      <Execution id="e618f310-1b20-4966-a5b1-fc8ac4cf26c1" />
      <TestMethod codeBase="/home/runner/work/aspnetcore/aspnetcore/artifacts/bin/Microsoft.AspNetCore.Components.Tests/Debug/net10.0/Microsoft.AspNetCore.Components.Tests.dll" adapterTypeName="executor://xunit/VsTestRunner3/netcore/" className="Microsoft.AspNetCore.Components.Test.RenderTreeDiffBuilderTest" name="RecognizesAttributeNamesChangedAtSameSourceSequence" />
    </UnitTest>
    <UnitTest name="Microsoft.AspNetCore.Components.NavigationManagerTest.ComputesCorrectValidBaseRelativePaths(baseUri: &quot;scheme://host/path/&quot;, uri: &quot;scheme://host/path/&quot;, expectedResult: &quot;&quot;)" storage="/home/runner/work/aspnetcore/aspnetcore/artifacts/bin/microsoft.aspnetcore.components.tests/debug/net10.0/microsoft.aspnetcore.components.tests.dll" id="9a0df7ab-2eac-e0f0-703a-55195e1442f8">
      <Execution id="e5c182a4-a107-49e7-a7b2-f02cef7d207c" />
      <TestMethod codeBase="/home/runner/work/aspnetcore/aspnetcore/artifacts/bin/Microsoft.AspNetCore.Components.Tests/Debug/net10.0/Microsoft.AspNetCore.Components.Tests.dll" adapterTypeName="executor://xunit/VsTestRunner3/netcore/" className="Microsoft.AspNetCore.Components.NavigationManagerTest" name="ComputesCorrectValidBaseRelativePaths" />
    </UnitTest>
    <UnitTest name="Microsoft.AspNetCore.Components.NavigationManagerTest.GetUriWithQueryParameters_SupportsEnumerableValues(baseUri: &quot;scheme://host/?full%20name=Bob%20Joe&amp;ping=8&amp;ping=3&quot;···, expectedUri: &quot;scheme://host/?full%20name=John%20Doe&amp;ping=35&amp;ping&quot;···)" storage="/home/runner/work/aspnetcore/aspnetcore/artifacts/bin/microsoft.aspnetcore.components.tests/debug/net10.0/microsoft.aspnetcore.components.tests.dll" id="93a5281a-ebfb-eeca-fee9-aebbcf88224e">
      <Execution id="144eb733-bee5-413a-a7dd-22c84d07b158" />
      <TestMethod codeBase="/home/runner/work/aspnetcore/aspnetcore/artifacts/bin/Microsoft.AspNetCore.Components.Tests/Debug/net10.0/Microsoft.AspNetCore.Components.Tests.dll" adapterTypeName="executor://xunit/VsTestRunner3/netcore/" className="Microsoft.AspNetCore.Components.NavigationManagerTest" name="GetUriWithQueryParameters_SupportsEnumerableValues" />
    </UnitTest>
    <UnitTest name="Microsoft.AspNetCore.Components.Test.RenderTreeDiffBuilderTest.CanMoveAfterInsertedItem" storage="/home/runner/work/aspnetcore/aspnetcore/artifacts/bin/microsoft.aspnetcore.components.tests/debug/net10.0/microsoft.aspnetcore.components.tests.dll" id="bfe0045e-ee59-78a3-78a7-244d016d887c">
      <Execution id="db4dcd5f-3446-4e40-92ac-426c6bea8b37" />
      <TestMethod codeBase="/home/runner/work/aspnetcore/aspnetcore/artifacts/bin/Microsoft.AspNetCore.Components.Tests/Debug/net10.0/Microsoft.AspNetCore.Components.Tests.dll" adapterTypeName="executor://xunit/VsTestRunner3/netcore/" className="Microsoft.AspNetCore.Components.Test.RenderTreeDiffBuilderTest" name="CanMoveAfterInsertedItem" />
    </UnitTest>
    <UnitTest name="Microsoft.AspNetCore.Components.Routing.RouteTableFactoryTests.CanMatchParameterTemplate(path: &quot;/value1&quot;, expectedValue: &quot;value1&quot;)" storage="/home/runner/work/aspnetcore/aspnetcore/artifacts/bin/microsoft.aspnetcore.components.tests/debug/net10.0/microsoft.aspnetcore.components.tests.dll" id="a90615ce-8d14-43c7-0c2e-bace075f37d3">
      <Execution id="5c52dc7c-ab70-43e7-b1d2-0195fbf6abbe" />
      <TestMethod codeBase="/home/runner/work/aspnetcore/aspnetcore/artifacts/bin/Microsoft.AspNetCore.Components.Tests/Debug/net10.0/Microsoft.AspNetCore.Components.Tests.dll" adapterTypeName="executor://xunit/VsTestRunner3/netcore/" className="Microsoft.AspNetCore.Components.Routing.RouteTableFactoryTests" name="CanMatchParameterTemplate" />
    </UnitTest>
    <UnitTest name="Microsoft.AspNetCore.Components.NavigationManagerTest.GetUriWithQueryParameter_RemovesWhenParameterValueIsNull(baseUri: &quot;scheme://host/?full%20name=Bob#hash&quot;, expectedUri: &quot;scheme://host/#hash&quot;)" storage="/home/runner/work/aspnetcore/aspnetcore/artifacts/bin/microsoft.aspnetcore.components.tests/debug/net10.0/microsoft.aspnetcore.components.tests.dll" id="d65cdade-16b8-3c1d-fc9e-9c61c103b970">
      <Execution id="40e6b4cc-3217-4d4e-aad4-11958fa1fc42" />
      <TestMethod codeBase="/home/runner/work/aspnetcore/aspnetcore/artifacts/bin/Microsoft.AspNetCore.Components.Tests/Debug/net10.0/Microsoft.AspNetCore.Components.Tests.dll" adapterTypeName="executor://xunit/VsTestRunner3/netcore/" className="Microsoft.AspNetCore.Components.NavigationManagerTest" name="GetUriWithQueryParameter_RemovesWhenParameterValueIsNull" />
    </UnitTest>
    <UnitTest name="Microsoft.AspNetCore.Components.CascadingParameterStateTest.FindCascadingParameters_TypeAssignmentIsInvalidForNullValue_ReturnsEmpty" storage="/home/runner/work/aspnetcore/aspnetcore/artifacts/bin/microsoft.aspnetcore.components.tests/debug/net10.0/microsoft.aspnetcore.components.tests.dll" id="84c71a67-f626-81b7-73d2-d813713fab8c">
      <Execution id="ed08c8b8-32b0-47df-b706-da8438bd8330" />
      <TestMethod codeBase="/home/runner/work/aspnetcore/aspnetcore/artifacts/bin/Microsoft.AspNetCore.Components.Tests/Debug/net10.0/Microsoft.AspNetCore.Components.Tests.dll" adapterTypeName="executor://xunit/VsTestRunner3/netcore/" className="Microsoft.AspNetCore.Components.CascadingParameterStateTest" name="FindCascadingParameters_TypeAssignmentIsInvalidForNullValue_ReturnsEmpty" />
    </UnitTest>
    <UnitTest name="Microsoft.AspNetCore.Components.Rendering.RenderTreeBuilderTest.AddComponentParameter_Component_EventCallback_AddsFrame" storage="/home/runner/work/aspnetcore/aspnetcore/artifacts/bin/microsoft.aspnetcore.components.tests/debug/net10.0/microsoft.aspnetcore.components.tests.dll" id="b650292d-7608-730d-1109-e36b9cc5667b">
      <Execution id="6297c20d-f3b2-439f-9e27-f54f5fd762f2" />
      <TestMethod codeBase="/home/runner/work/aspnetcore/aspnetcore/artifacts/bin/Microsoft.AspNetCore.Components.Tests/Debug/net10.0/Microsoft.AspNetCore.Components.Tests.dll" adapterTypeName="executor://xunit/VsTestRunner3/netcore/" className="Microsoft.AspNetCore.Components.Rendering.RenderTreeBuilderTest" name="AddComponentParameter_Component_EventCallback_AddsFrame" />
    </UnitTest>
    <UnitTest name="Microsoft.AspNetCore.Components.EventCallbackTest.EventCallback_ActionT_Null" storage="/home/runner/work/aspnetcore/aspnetcore/artifacts/bin/microsoft.aspnetcore.components.tests/debug/net10.0/microsoft.aspnetcore.components.tests.dll" id="95acfdec-608c-57ba-251e-496c7c8efc83">
      <Execution id="04f476a4-4be8-4b4a-ac17-4a59a2a5882e" />
      <TestMethod codeBase="/home/runner/work/aspnetcore/aspnetcore/artifacts/bin/Microsoft.AspNetCore.Components.Tests/Debug/net10.0/Microsoft.AspNetCore.Components.Tests.dll" adapterTypeName="executor://xunit/VsTestRunner3/netcore/" className="Microsoft.AspNetCore.Components.EventCallbackTest" name="EventCallback_ActionT_Null" />
    </UnitTest>
    <UnitTest name="Microsoft.AspNetCore.Components.Routing.QueryParameterValueSupplierTest.RejectsBlankValuesWhenNotNullable(key: &quot;DateTimeVal&quot;, targetType: typeof(System.DateTime))" storage="/home/runner/work/aspnetcore/aspnetcore/artifacts/bin/microsoft.aspnetcore.components.tests/debug/net10.0/microsoft.aspnetcore.components.tests.dll" id="9e45bbf7-9b38-a56c-d6b6-0921e2c45ca2">
      <Execution id="79406506-304d-4acc-88b9-7b7e93409fac" />
      <TestMethod codeBase="/home/runner/work/aspnetcore/aspnetcore/artifacts/bin/Microsoft.AspNetCore.Components.Tests/Debug/net10.0/Microsoft.AspNetCore.Components.Tests.dll" adapterTypeName="executor://xunit/VsTestRunner3/netcore/" className="Microsoft.AspNetCore.Components.Routing.QueryParameterValueSupplierTest" name="RejectsBlankValuesWhenNotNullable" />
    </UnitTest>
    <UnitTest name="Microsoft.AspNetCore.Components.Rendering.RendererSynchronizationContextTest.InvokeAsync_FuncT_CanReportCancellation" storage="/home/runner/work/aspnetcore/aspnetcore/artifacts/bin/microsoft.aspnetcore.components.tests/debug/net10.0/microsoft.aspnetcore.components.tests.dll" id="6be97f92-4505-aedc-f92b-2bcaf8783730">
      <Execution id="fdb3b683-515a-488d-b5e1-db0314122c27" />
      <TestMethod codeBase="/home/runner/work/aspnetcore/aspnetcore/artifacts/bin/Microsoft.AspNetCore.Components.Tests/Debug/net10.0/Microsoft.AspNetCore.Components.Tests.dll" adapterTypeName="executor://xunit/VsTestRunner3/netcore/" className="Microsoft.AspNetCore.Components.Rendering.RendererSynchronizationContextTest" name="InvokeAsync_FuncT_CanReportCancellation" />
    </UnitTest>
    <UnitTest name="Microsoft.AspNetCore.Components.Test.RendererTest.CanAsyncDispatchTypedEventsToTopLevelComponents" storage="/home/runner/work/aspnetcore/aspnetcore/artifacts/bin/microsoft.aspnetcore.components.tests/debug/net10.0/microsoft.aspnetcore.components.tests.dll" id="d39bdf3c-43fa-e887-837f-eeed130461ea">
      <Execution id="900f41bf-bddd-4b0e-b818-5f82cd14cc41" />
      <TestMethod codeBase="/home/runner/work/aspnetcore/aspnetcore/artifacts/bin/Microsoft.AspNetCore.Components.Tests/Debug/net10.0/Microsoft.AspNetCore.Components.Tests.dll" adapterTypeName="executor://xunit/VsTestRunner3/netcore/" className="Microsoft.AspNetCore.Components.Test.RendererTest" name="CanAsyncDispatchTypedEventsToTopLevelComponents" />
    </UnitTest>
    <UnitTest name="Microsoft.AspNetCore.Components.Rendering.RenderTreeBuilderTest.CanAddElementReferenceCaptureInsideElement" storage="/home/runner/work/aspnetcore/aspnetcore/artifacts/bin/microsoft.aspnetcore.components.tests/debug/net10.0/microsoft.aspnetcore.components.tests.dll" id="fa5582aa-0969-8329-ed20-a544bc2493f0">
      <Execution id="50a056d3-9602-4435-8be7-bd9e4ad1c44e" />
      <TestMethod codeBase="/home/runner/work/aspnetcore/aspnetcore/artifacts/bin/Microsoft.AspNetCore.Components.Tests/Debug/net10.0/Microsoft.AspNetCore.Components.Tests.dll" adapterTypeName="executor://xunit/VsTestRunner3/netcore/" className="Microsoft.AspNetCore.Components.Rendering.RenderTreeBuilderTest" name="CanAddElementReferenceCaptureInsideElement" />
    </UnitTest>
    <UnitTest name="Microsoft.AspNetCore.Components.Test.ComponentBaseTest.RendersAfterParametersSetAsyncTaskIsCompleted" storage="/home/runner/work/aspnetcore/aspnetcore/artifacts/bin/microsoft.aspnetcore.components.tests/debug/net10.0/microsoft.aspnetcore.components.tests.dll" id="d69ea769-776f-cbe5-49b4-4fd448ad0738">
      <Execution id="ee9d758e-77c5-4854-aacc-dab7afa910fd" />
      <TestMethod codeBase="/home/runner/work/aspnetcore/aspnetcore/artifacts/bin/Microsoft.AspNetCore.Components.Tests/Debug/net10.0/Microsoft.AspNetCore.Components.Tests.dll" adapterTypeName="executor://xunit/VsTestRunner3/netcore/" className="Microsoft.AspNetCore.Components.Test.ComponentBaseTest" name="RendersAfterParametersSetAsyncTaskIsCompleted" />
    </UnitTest>
    <UnitTest name="Microsoft.AspNetCore.Components.Rendering.RenderTreeBuilderTest.ReportsUnclosedElementAsInvalid" storage="/home/runner/work/aspnetcore/aspnetcore/artifacts/bin/microsoft.aspnetcore.components.tests/debug/net10.0/microsoft.aspnetcore.components.tests.dll" id="f02dc63b-ead9-3c5e-d37a-8d294dbfd3e9">
      <Execution id="d4c63fb3-c815-416d-a138-24848461df1e" />
      <TestMethod codeBase="/home/runner/work/aspnetcore/aspnetcore/artifacts/bin/Microsoft.AspNetCore.Components.Tests/Debug/net10.0/Microsoft.AspNetCore.Components.Tests.dll" adapterTypeName="executor://xunit/VsTestRunner3/netcore/" className="Microsoft.AspNetCore.Components.Rendering.RenderTreeBuilderTest" name="ReportsUnclosedElementAsInvalid" />
    </UnitTest>
    <UnitTest name="Microsoft.AspNetCore.Components.NavigationManagerTest.GetUriWithQueryParameters_SupportsEnumerableValues(baseUri: &quot;scheme://host/?ping=8&amp;ping=300&amp;ping=50&amp;ping=68&amp;pin&quot;···, expectedUri: &quot;scheme://host/?ping=35&amp;ping=16&amp;ping=87&amp;ping=240&amp;fu&quot;···)" storage="/home/runner/work/aspnetcore/aspnetcore/artifacts/bin/microsoft.aspnetcore.components.tests/debug/net10.0/microsoft.aspnetcore.components.tests.dll" id="e550075f-ec03-582a-ae35-c5745bd8c000">
      <Execution id="5f26d982-7be0-4bcb-be32-e3c2ac99c123" />
      <TestMethod codeBase="/home/runner/work/aspnetcore/aspnetcore/artifacts/bin/Microsoft.AspNetCore.Components.Tests/Debug/net10.0/Microsoft.AspNetCore.Components.Tests.dll" adapterTypeName="executor://xunit/VsTestRunner3/netcore/" className="Microsoft.AspNetCore.Components.NavigationManagerTest" name="GetUriWithQueryParameters_SupportsEnumerableValues" />
    </UnitTest>
    <UnitTest name="Microsoft.AspNetCore.Components.EventCallbackFactoryTest.Create_FuncTTask_DifferentReceiver" storage="/home/runner/work/aspnetcore/aspnetcore/artifacts/bin/microsoft.aspnetcore.components.tests/debug/net10.0/microsoft.aspnetcore.components.tests.dll" id="1cf648e1-78bd-98ec-46ff-0da29754143a">
      <Execution id="38c25e92-10a1-451e-b92f-7a1672bed3f0" />
      <TestMethod codeBase="/home/runner/work/aspnetcore/aspnetcore/artifacts/bin/Microsoft.AspNetCore.Components.Tests/Debug/net10.0/Microsoft.AspNetCore.Components.Tests.dll" adapterTypeName="executor://xunit/VsTestRunner3/netcore/" className="Microsoft.AspNetCore.Components.EventCallbackFactoryTest" name="Create_FuncTTask_DifferentReceiver" />
    </UnitTest>
    <UnitTest name="Microsoft.AspNetCore.Components.EventCallbackFactoryBinderExtensionsTest.CreateBinder_Double" storage="/home/runner/work/aspnetcore/aspnetcore/artifacts/bin/microsoft.aspnetcore.components.tests/debug/net10.0/microsoft.aspnetcore.components.tests.dll" id="84aaef3e-848b-89c6-f120-0b3bbfa75f5f">
      <Execution id="b2b71325-1e95-4d46-8ee5-de66b5ef77bc" />
      <TestMethod codeBase="/home/runner/work/aspnetcore/aspnetcore/artifacts/bin/Microsoft.AspNetCore.Components.Tests/Debug/net10.0/Microsoft.AspNetCore.Components.Tests.dll" adapterTypeName="executor://xunit/VsTestRunner3/netcore/" className="Microsoft.AspNetCore.Components.EventCallbackFactoryBinderExtensionsTest" name="CreateBinder_Double" />
    </UnitTest>
    <UnitTest name="Microsoft.AspNetCore.Components.Test.RenderTreeDiffBuilderTest.CanMoveAfterDeletedItem" storage="/home/runner/work/aspnetcore/aspnetcore/artifacts/bin/microsoft.aspnetcore.components.tests/debug/net10.0/microsoft.aspnetcore.components.tests.dll" id="b9a276e6-46d2-7847-5571-499e8bbd6878">
      <Execution id="8bb36910-4d2c-4cea-bfc9-788904f860c7" />
      <TestMethod codeBase="/home/runner/work/aspnetcore/aspnetcore/artifacts/bin/Microsoft.AspNetCore.Components.Tests/Debug/net10.0/Microsoft.AspNetCore.Components.Tests.dll" adapterTypeName="executor://xunit/VsTestRunner3/netcore/" className="Microsoft.AspNetCore.Components.Test.RenderTreeDiffBuilderTest" name="CanMoveAfterDeletedItem" />
    </UnitTest>
    <UnitTest name="Microsoft.AspNetCore.Components.Routing.RoutePatternParserTests.Parse_MultipleParameters" storage="/home/runner/work/aspnetcore/aspnetcore/artifacts/bin/microsoft.aspnetcore.components.tests/debug/net10.0/microsoft.aspnetcore.components.tests.dll" id="f4ab9703-6ef6-e663-52f0-542ec15f2250">
      <Execution id="c1ac6087-8cb6-4f3a-ae92-37d05759444a" />
      <TestMethod codeBase="/home/runner/work/aspnetcore/aspnetcore/artifacts/bin/Microsoft.AspNetCore.Components.Tests/Debug/net10.0/Microsoft.AspNetCore.Components.Tests.dll" adapterTypeName="executor://xunit/VsTestRunner3/netcore/" className="Microsoft.AspNetCore.Components.Routing.RoutePatternParserTests" name="Parse_MultipleParameters" />
    </UnitTest>
    <UnitTest name="Microsoft.AspNetCore.Components.Test.RenderTreeDiffBuilderTest.PreservesEventHandlerIdsForRetainedEventHandlers" storage="/home/runner/work/aspnetcore/aspnetcore/artifacts/bin/microsoft.aspnetcore.components.tests/debug/net10.0/microsoft.aspnetcore.components.tests.dll" id="a104a9d0-b4e9-9ca0-b603-eed356ac123f">
      <Execution id="3e4a3f24-d010-4a91-9187-c39364b2fd85" />
      <TestMethod codeBase="/home/runner/work/aspnetcore/aspnetcore/artifacts/bin/Microsoft.AspNetCore.Components.Tests/Debug/net10.0/Microsoft.AspNetCore.Components.Tests.dll" adapterTypeName="executor://xunit/VsTestRunner3/netcore/" className="Microsoft.AspNetCore.Components.Test.RenderTreeDiffBuilderTest" name="PreservesEventHandlerIdsForRetainedEventHandlers" />
    </UnitTest>
    <UnitTest name="Microsoft.AspNetCore.Components.Routing.RouteTableFactoryTests.MultipleOptionalParametersWithPrefix(path: &quot;/prefix/1&quot;, segments: 1)" storage="/home/runner/work/aspnetcore/aspnetcore/artifacts/bin/microsoft.aspnetcore.components.tests/debug/net10.0/microsoft.aspnetcore.components.tests.dll" id="0e54a547-8d2e-09f6-45c2-dbf373b8c068">
      <Execution id="17665f74-0d8e-483f-8f6e-5813fe1b09b3" />
      <TestMethod codeBase="/home/runner/work/aspnetcore/aspnetcore/artifacts/bin/Microsoft.AspNetCore.Components.Tests/Debug/net10.0/Microsoft.AspNetCore.Components.Tests.dll" adapterTypeName="executor://xunit/VsTestRunner3/netcore/" className="Microsoft.AspNetCore.Components.Routing.RouteTableFactoryTests" name="MultipleOptionalParametersWithPrefix" />
    </UnitTest>
    <UnitTest name="Microsoft.AspNetCore.Components.Routing.RouteTableFactoryTests.DoesNotThrowForNonAmbiguousRoutes(first: &quot;{param1?}/{param2?}/{param3?}/{optional?}&quot;, second: &quot;{param1?}/{param2?}/{param3?}/{optional:int?}&quot;)" storage="/home/runner/work/aspnetcore/aspnetcore/artifacts/bin/microsoft.aspnetcore.components.tests/debug/net10.0/microsoft.aspnetcore.components.tests.dll" id="72291666-445d-d494-2de9-cb072fe4d74d">
      <Execution id="db0a0c1e-dc6f-4918-8ffc-a11bee893b2a" />
      <TestMethod codeBase="/home/runner/work/aspnetcore/aspnetcore/artifacts/bin/Microsoft.AspNetCore.Components.Tests/Debug/net10.0/Microsoft.AspNetCore.Components.Tests.dll" adapterTypeName="executor://xunit/VsTestRunner3/netcore/" className="Microsoft.AspNetCore.Components.Routing.RouteTableFactoryTests" name="DoesNotThrowForNonAmbiguousRoutes" />
    </UnitTest>
    <UnitTest name="Microsoft.AspNetCore.Components.EventCallbackFactoryBinderExtensionsTest.CreateBinder_Float" storage="/home/runner/work/aspnetcore/aspnetcore/artifacts/bin/microsoft.aspnetcore.components.tests/debug/net10.0/microsoft.aspnetcore.components.tests.dll" id="dd10cb28-d6e4-ea8c-d462-fda602ca1e88">
      <Execution id="4e772251-b9cc-46f2-91c4-ae1c649b7f43" />
      <TestMethod codeBase="/home/runner/work/aspnetcore/aspnetcore/artifacts/bin/Microsoft.AspNetCore.Components.Tests/Debug/net10.0/Microsoft.AspNetCore.Components.Tests.dll" adapterTypeName="executor://xunit/VsTestRunner3/netcore/" className="Microsoft.AspNetCore.Components.EventCallbackFactoryBinderExtensionsTest" name="CreateBinder_Float" />
    </UnitTest>
    <UnitTest name="Microsoft.AspNetCore.Components.ComponentFactoryTest.InstantiateComponent_CreatesInstance_NonComponent" storage="/home/runner/work/aspnetcore/aspnetcore/artifacts/bin/microsoft.aspnetcore.components.tests/debug/net10.0/microsoft.aspnetcore.components.tests.dll" id="d961c699-7fb4-7a7b-8fa3-59b1d8ea7137">
      <Execution id="dd77eaa0-501b-4e8d-9187-66178d62159a" />
      <TestMethod codeBase="/home/runner/work/aspnetcore/aspnetcore/artifacts/bin/Microsoft.AspNetCore.Components.Tests/Debug/net10.0/Microsoft.AspNetCore.Components.Tests.dll" adapterTypeName="executor://xunit/VsTestRunner3/netcore/" className="Microsoft.AspNetCore.Components.ComponentFactoryTest" name="InstantiateComponent_CreatesInstance_NonComponent" />
    </UnitTest>
    <UnitTest name="Microsoft.AspNetCore.Components.Routing.RouteTableFactoryTests.RespectsExcludeFromInteractiveRoutingAttribute" storage="/home/runner/work/aspnetcore/aspnetcore/artifacts/bin/microsoft.aspnetcore.components.tests/debug/net10.0/microsoft.aspnetcore.components.tests.dll" id="f869bd33-ed56-8614-a383-9028900f9a06">
      <Execution id="1ede2f19-8562-4d22-9235-c795a44480e5" />
      <TestMethod codeBase="/home/runner/work/aspnetcore/aspnetcore/artifacts/bin/Microsoft.AspNetCore.Components.Tests/Debug/net10.0/Microsoft.AspNetCore.Components.Tests.dll" adapterTypeName="executor://xunit/VsTestRunner3/netcore/" className="Microsoft.AspNetCore.Components.Routing.RouteTableFactoryTests" name="RespectsExcludeFromInteractiveRoutingAttribute" />
    </UnitTest>
    <UnitTest name="Microsoft.AspNetCore.Components.ComponentsMetricsTest.Dispose_DisposesAllMeters" storage="/home/runner/work/aspnetcore/aspnetcore/artifacts/bin/microsoft.aspnetcore.components.tests/debug/net10.0/microsoft.aspnetcore.components.tests.dll" id="e2284ed6-b273-5106-69cd-65123e28e093">
      <Execution id="7c276207-a3db-466e-b711-ddd77f39edf7" />
      <TestMethod codeBase="/home/runner/work/aspnetcore/aspnetcore/artifacts/bin/Microsoft.AspNetCore.Components.Tests/Debug/net10.0/Microsoft.AspNetCore.Components.Tests.dll" adapterTypeName="executor://xunit/VsTestRunner3/netcore/" className="Microsoft.AspNetCore.Components.ComponentsMetricsTest" name="Dispose_DisposesAllMeters" />
    </UnitTest>
    <UnitTest name="Microsoft.AspNetCore.Components.EventCallbackFactoryTest.CreateT_FuncTask_Unbound" storage="/home/runner/work/aspnetcore/aspnetcore/artifacts/bin/microsoft.aspnetcore.components.tests/debug/net10.0/microsoft.aspnetcore.components.tests.dll" id="ac410a5f-7cda-131f-44ee-18d781928622">
      <Execution id="83ab1d22-61cf-46d9-be92-8131895788d6" />
      <TestMethod codeBase="/home/runner/work/aspnetcore/aspnetcore/artifacts/bin/Microsoft.AspNetCore.Components.Tests/Debug/net10.0/Microsoft.AspNetCore.Components.Tests.dll" adapterTypeName="executor://xunit/VsTestRunner3/netcore/" className="Microsoft.AspNetCore.Components.EventCallbackFactoryTest" name="CreateT_FuncTask_Unbound" />
    </UnitTest>
    <UnitTest name="Microsoft.AspNetCore.Components.Routing.RouteTableFactoryTests.ThrowsForAmbiguousRoutes(first: &quot;{parameter:int}&quot;, second: &quot;{parameter:bool?}&quot;)" storage="/home/runner/work/aspnetcore/aspnetcore/artifacts/bin/microsoft.aspnetcore.components.tests/debug/net10.0/microsoft.aspnetcore.components.tests.dll" id="1ec0b590-f07f-8c5e-783d-abcfa6676d4e">
      <Execution id="2660e0ac-aa52-4260-bf42-a8be4d465bef" />
      <TestMethod codeBase="/home/runner/work/aspnetcore/aspnetcore/artifacts/bin/Microsoft.AspNetCore.Components.Tests/Debug/net10.0/Microsoft.AspNetCore.Components.Tests.dll" adapterTypeName="executor://xunit/VsTestRunner3/netcore/" className="Microsoft.AspNetCore.Components.Routing.RouteTableFactoryTests" name="ThrowsForAmbiguousRoutes" />
    </UnitTest>
    <UnitTest name="Microsoft.AspNetCore.Components.EventCallbackTest.EventCallback_Action_IgnoresArg" storage="/home/runner/work/aspnetcore/aspnetcore/artifacts/bin/microsoft.aspnetcore.components.tests/debug/net10.0/microsoft.aspnetcore.components.tests.dll" id="9171d650-755f-9c79-b4bd-0bdd2da43918">
      <Execution id="cfb015dc-243a-4612-ab5d-f0b1a6cac0a0" />
      <TestMethod codeBase="/home/runner/work/aspnetcore/aspnetcore/artifacts/bin/Microsoft.AspNetCore.Components.Tests/Debug/net10.0/Microsoft.AspNetCore.Components.Tests.dll" adapterTypeName="executor://xunit/VsTestRunner3/netcore/" className="Microsoft.AspNetCore.Components.EventCallbackTest" name="EventCallback_Action_IgnoresArg" />
    </UnitTest>
    <UnitTest name="Microsoft.AspNetCore.Components.Test.RendererTest.CanRenderNestedComponents" storage="/home/runner/work/aspnetcore/aspnetcore/artifacts/bin/microsoft.aspnetcore.components.tests/debug/net10.0/microsoft.aspnetcore.components.tests.dll" id="4ed83c5c-4dd0-01ce-78f5-bebf1374b931">
      <Execution id="6811d11f-1e08-417c-b4d2-fbf7b83d9644" />
      <TestMethod codeBase="/home/runner/work/aspnetcore/aspnetcore/artifacts/bin/Microsoft.AspNetCore.Components.Tests/Debug/net10.0/Microsoft.AspNetCore.Components.Tests.dll" adapterTypeName="executor://xunit/VsTestRunner3/netcore/" className="Microsoft.AspNetCore.Components.Test.RendererTest" name="CanRenderNestedComponents" />
    </UnitTest>
    <UnitTest name="Microsoft.AspNetCore.Components.Routing.RouteTableFactoryTests.DoesNotThrowIfStableSortComparesRouteWithItself" storage="/home/runner/work/aspnetcore/aspnetcore/artifacts/bin/microsoft.aspnetcore.components.tests/debug/net10.0/microsoft.aspnetcore.components.tests.dll" id="6e419b7a-f3ee-4ba0-7e1a-a2f6af7ebf42">
      <Execution id="ae0c4c3c-4e80-4537-ad3f-b6a52478bc01" />
      <TestMethod codeBase="/home/runner/work/aspnetcore/aspnetcore/artifacts/bin/Microsoft.AspNetCore.Components.Tests/Debug/net10.0/Microsoft.AspNetCore.Components.Tests.dll" adapterTypeName="executor://xunit/VsTestRunner3/netcore/" className="Microsoft.AspNetCore.Components.Routing.RouteTableFactoryTests" name="DoesNotThrowIfStableSortComparesRouteWithItself" />
    </UnitTest>
    <UnitTest name="Microsoft.AspNetCore.Components.Routing.RouteTableFactoryTests.CanMatchParameterWithConstraint" storage="/home/runner/work/aspnetcore/aspnetcore/artifacts/bin/microsoft.aspnetcore.components.tests/debug/net10.0/microsoft.aspnetcore.components.tests.dll" id="c7260ebc-a696-37ef-e759-c0251b78d7a6">
      <Execution id="93639519-a770-4210-a3eb-91247f88b9ec" />
      <TestMethod codeBase="/home/runner/work/aspnetcore/aspnetcore/artifacts/bin/Microsoft.AspNetCore.Components.Tests/Debug/net10.0/Microsoft.AspNetCore.Components.Tests.dll" adapterTypeName="executor://xunit/VsTestRunner3/netcore/" className="Microsoft.AspNetCore.Components.Routing.RouteTableFactoryTests" name="CanMatchParameterWithConstraint" />
    </UnitTest>
    <UnitTest name="Microsoft.AspNetCore.Components.ParameterViewTest.HasRemovedDirectParameters_OldEmpty_NewNonEmpty" storage="/home/runner/work/aspnetcore/aspnetcore/artifacts/bin/microsoft.aspnetcore.components.tests/debug/net10.0/microsoft.aspnetcore.components.tests.dll" id="0f1d99dd-fc34-a7f7-a33c-0cab08086d32">
      <Execution id="4026e9cf-47ab-4b12-a9e5-8c8c2d3fa8db" />
      <TestMethod codeBase="/home/runner/work/aspnetcore/aspnetcore/artifacts/bin/Microsoft.AspNetCore.Components.Tests/Debug/net10.0/Microsoft.AspNetCore.Components.Tests.dll" adapterTypeName="executor://xunit/VsTestRunner3/netcore/" className="Microsoft.AspNetCore.Components.ParameterViewTest" name="HasRemovedDirectParameters_OldEmpty_NewNonEmpty" />
    </UnitTest>
    <UnitTest name="Microsoft.AspNetCore.Components.Test.RendererTest.CanDispatchEventsToTopLevelComponents" storage="/home/runner/work/aspnetcore/aspnetcore/artifacts/bin/microsoft.aspnetcore.components.tests/debug/net10.0/microsoft.aspnetcore.components.tests.dll" id="62c1ead4-9e21-b168-f1af-ae1e69d17cc2">
      <Execution id="836d97dc-b77a-4768-b9e2-dcbae4dbc652" />
      <TestMethod codeBase="/home/runner/work/aspnetcore/aspnetcore/artifacts/bin/Microsoft.AspNetCore.Components.Tests/Debug/net10.0/Microsoft.AspNetCore.Components.Tests.dll" adapterTypeName="executor://xunit/VsTestRunner3/netcore/" className="Microsoft.AspNetCore.Components.Test.RendererTest" name="CanDispatchEventsToTopLevelComponents" />
    </UnitTest>
    <UnitTest name="Microsoft.AspNetCore.Components.Rendering.RenderTreeBuilderTest.AddComponentParameter_Component_Bool_SetsAttributeValue(value: False)" storage="/home/runner/work/aspnetcore/aspnetcore/artifacts/bin/microsoft.aspnetcore.components.tests/debug/net10.0/microsoft.aspnetcore.components.tests.dll" id="7cdb2c21-ed56-fbbf-76e7-6ed40e8c13f8">
      <Execution id="41b3bf48-e3ae-4eb4-be62-66a1bcdfc1ea" />
      <TestMethod codeBase="/home/runner/work/aspnetcore/aspnetcore/artifacts/bin/Microsoft.AspNetCore.Components.Tests/Debug/net10.0/Microsoft.AspNetCore.Components.Tests.dll" adapterTypeName="executor://xunit/VsTestRunner3/netcore/" className="Microsoft.AspNetCore.Components.Rendering.RenderTreeBuilderTest" name="AddComponentParameter_Component_Bool_SetsAttributeValue" />
    </UnitTest>
    <UnitTest name="Microsoft.AspNetCore.Components.Test.RendererTest.BindWithAsynchronousSetter_MethodGroupToDelegate" storage="/home/runner/work/aspnetcore/aspnetcore/artifacts/bin/microsoft.aspnetcore.components.tests/debug/net10.0/microsoft.aspnetcore.components.tests.dll" id="b9427513-0672-b7bb-3974-a55b64eef8a9">
      <Execution id="9252aeb1-c0b3-434b-a128-3765a2373aac" />
      <TestMethod codeBase="/home/runner/work/aspnetcore/aspnetcore/artifacts/bin/Microsoft.AspNetCore.Components.Tests/Debug/net10.0/Microsoft.AspNetCore.Components.Tests.dll" adapterTypeName="executor://xunit/VsTestRunner3/netcore/" className="Microsoft.AspNetCore.Components.Test.RendererTest" name="BindWithAsynchronousSetter_MethodGroupToDelegate" />
    </UnitTest>
    <UnitTest name="Microsoft.AspNetCore.Components.PersistentState.PersistentServicesRegistryTest.PersistStateAsync_PersistsBaseClassPropertiesInDerivedInstance" storage="/home/runner/work/aspnetcore/aspnetcore/artifacts/bin/microsoft.aspnetcore.components.tests/debug/net10.0/microsoft.aspnetcore.components.tests.dll" id="d5e25b28-79cd-0d3a-98a9-3f97a78e0991">
      <Execution id="3a004411-c714-4f8e-a391-8b2c45f46927" />
      <TestMethod codeBase="/home/runner/work/aspnetcore/aspnetcore/artifacts/bin/Microsoft.AspNetCore.Components.Tests/Debug/net10.0/Microsoft.AspNetCore.Components.Tests.dll" adapterTypeName="executor://xunit/VsTestRunner3/netcore/" className="Microsoft.AspNetCore.Components.PersistentState.PersistentServicesRegistryTest" name="PersistStateAsync_PersistsBaseClassPropertiesInDerivedInstance" />
    </UnitTest>
    <UnitTest name="Microsoft.AspNetCore.Components.Rendering.RendererSynchronizationContextTest.Post_CapturesContext" storage="/home/runner/work/aspnetcore/aspnetcore/artifacts/bin/microsoft.aspnetcore.components.tests/debug/net10.0/microsoft.aspnetcore.components.tests.dll" id="ff5a250b-c009-aaa9-7fac-f42a0c60cffd">
      <Execution id="d043b5d9-f63b-4523-9855-31fcaa4b8336" />
      <TestMethod codeBase="/home/runner/work/aspnetcore/aspnetcore/artifacts/bin/Microsoft.AspNetCore.Components.Tests/Debug/net10.0/Microsoft.AspNetCore.Components.Tests.dll" adapterTypeName="executor://xunit/VsTestRunner3/netcore/" className="Microsoft.AspNetCore.Components.Rendering.RendererSynchronizationContextTest" name="Post_CapturesContext" />
    </UnitTest>
    <UnitTest name="Microsoft.AspNetCore.Components.Routing.QueryParameterValueSupplierTest.MatchesKeysWithNonAsciiChars" storage="/home/runner/work/aspnetcore/aspnetcore/artifacts/bin/microsoft.aspnetcore.components.tests/debug/net10.0/microsoft.aspnetcore.components.tests.dll" id="48246a8a-ac8e-a193-1e89-47f3431568b0">
      <Execution id="b052e4f8-74ae-490a-b702-3f217317c061" />
      <TestMethod codeBase="/home/runner/work/aspnetcore/aspnetcore/artifacts/bin/Microsoft.AspNetCore.Components.Tests/Debug/net10.0/Microsoft.AspNetCore.Components.Tests.dll" adapterTypeName="executor://xunit/VsTestRunner3/netcore/" className="Microsoft.AspNetCore.Components.Routing.QueryParameterValueSupplierTest" name="MatchesKeysWithNonAsciiChars" />
    </UnitTest>
    <UnitTest name="Microsoft.AspNetCore.Components.BindConverterTest.FormatValue_TypeConverter" storage="/home/runner/work/aspnetcore/aspnetcore/artifacts/bin/microsoft.aspnetcore.components.tests/debug/net10.0/microsoft.aspnetcore.components.tests.dll" id="2998b75b-5b76-2da6-6663-0c4d1b29b513">
      <Execution id="86be9773-1631-4ac0-bedb-4a16fcf3d4a3" />
      <TestMethod codeBase="/home/runner/work/aspnetcore/aspnetcore/artifacts/bin/Microsoft.AspNetCore.Components.Tests/Debug/net10.0/Microsoft.AspNetCore.Components.Tests.dll" adapterTypeName="executor://xunit/VsTestRunner3/netcore/" className="Microsoft.AspNetCore.Components.BindConverterTest" name="FormatValue_TypeConverter" />
    </UnitTest>
    <UnitTest name="Microsoft.AspNetCore.Components.Test.RendererTest.RenderBatch_HandlesSynchronousExceptionsInAsyncDisposableComponents" storage="/home/runner/work/aspnetcore/aspnetcore/artifacts/bin/microsoft.aspnetcore.components.tests/debug/net10.0/microsoft.aspnetcore.components.tests.dll" id="a14badbb-38db-c81b-bdbd-dad11350daca">
      <Execution id="8c4d6771-3dbf-4215-84d0-a490ca3d3833" />
      <TestMethod codeBase="/home/runner/work/aspnetcore/aspnetcore/artifacts/bin/Microsoft.AspNetCore.Components.Tests/Debug/net10.0/Microsoft.AspNetCore.Components.Tests.dll" adapterTypeName="executor://xunit/VsTestRunner3/netcore/" className="Microsoft.AspNetCore.Components.Test.RendererTest" name="RenderBatch_HandlesSynchronousExceptionsInAsyncDisposableComponents" />
    </UnitTest>
    <UnitTest name="Microsoft.AspNetCore.Components.Routing.RoutePatternParserTests.InvalidTemplate_WithMismatchedBraces(template: &quot;{p&quot;, expectedMessage: &quot;There is an incomplete parameter in the route temp&quot;···)" storage="/home/runner/work/aspnetcore/aspnetcore/artifacts/bin/microsoft.aspnetcore.components.tests/debug/net10.0/microsoft.aspnetcore.components.tests.dll" id="b648bf31-77ef-264d-19e5-63d2e7afc6f7">
      <Execution id="3593c11c-4190-48e5-b59c-b724b883df09" />
      <TestMethod codeBase="/home/runner/work/aspnetcore/aspnetcore/artifacts/bin/Microsoft.AspNetCore.Components.Tests/Debug/net10.0/Microsoft.AspNetCore.Components.Tests.dll" adapterTypeName="executor://xunit/VsTestRunner3/netcore/" className="Microsoft.AspNetCore.Components.Routing.RoutePatternParserTests" name="InvalidTemplate_WithMismatchedBraces" />
    </UnitTest>
    <UnitTest name="Microsoft.AspNetCore.Components.Routing.QueryParameterValueSupplierTest.AcceptsBlankValuesWhenNullable" storage="/home/runner/work/aspnetcore/aspnetcore/artifacts/bin/microsoft.aspnetcore.components.tests/debug/net10.0/microsoft.aspnetcore.components.tests.dll" id="53e250cc-3093-fbfb-a08c-ff13ad5482d9">
      <Execution id="9910411e-4ada-4d5e-ac83-546f09b1498e" />
      <TestMethod codeBase="/home/runner/work/aspnetcore/aspnetcore/artifacts/bin/Microsoft.AspNetCore.Components.Tests/Debug/net10.0/Microsoft.AspNetCore.Components.Tests.dll" adapterTypeName="executor://xunit/VsTestRunner3/netcore/" className="Microsoft.AspNetCore.Components.Routing.QueryParameterValueSupplierTest" name="AcceptsBlankValuesWhenNullable" />
    </UnitTest>
    <UnitTest name="Microsoft.AspNetCore.Components.Test.RendererTest.UpdatesPropertiesOnRetainedChildComponentInstances" storage="/home/runner/work/aspnetcore/aspnetcore/artifacts/bin/microsoft.aspnetcore.components.tests/debug/net10.0/microsoft.aspnetcore.components.tests.dll" id="2e3265ca-ff0c-d0a3-213a-36e37782dcf7">
      <Execution id="f234ad5a-4536-44c2-8305-21bd72c3a8bd" />
      <TestMethod codeBase="/home/runner/work/aspnetcore/aspnetcore/artifacts/bin/Microsoft.AspNetCore.Components.Tests/Debug/net10.0/Microsoft.AspNetCore.Components.Tests.dll" adapterTypeName="executor://xunit/VsTestRunner3/netcore/" className="Microsoft.AspNetCore.Components.Test.RendererTest" name="UpdatesPropertiesOnRetainedChildComponentInstances" />
    </UnitTest>
    <UnitTest name="Microsoft.AspNetCore.Components.ResourceAssetCollectionTest.ResourceAsset_CanSerializeAndDeserialize_WithoutRespectRequiredConstructorParameters" storage="/home/runner/work/aspnetcore/aspnetcore/artifacts/bin/microsoft.aspnetcore.components.tests/debug/net10.0/microsoft.aspnetcore.components.tests.dll" id="f10dc523-3f30-f3d2-89b3-962135b6cabd">
      <Execution id="1cd92273-d127-4d71-bca5-0433a3802c7e" />
      <TestMethod codeBase="/home/runner/work/aspnetcore/aspnetcore/artifacts/bin/Microsoft.AspNetCore.Components.Tests/Debug/net10.0/Microsoft.AspNetCore.Components.Tests.dll" adapterTypeName="executor://xunit/VsTestRunner3/netcore/" className="Microsoft.AspNetCore.Components.ResourceAssetCollectionTest" name="ResourceAsset_CanSerializeAndDeserialize_WithoutRespectRequiredConstructorParameters" />
    </UnitTest>
    <UnitTest name="Microsoft.AspNetCore.Components.Test.ComponentBaseTest.RendersAfterParametersSetAndInitAsyncTasksAreCompleted" storage="/home/runner/work/aspnetcore/aspnetcore/artifacts/bin/microsoft.aspnetcore.components.tests/debug/net10.0/microsoft.aspnetcore.components.tests.dll" id="db019b87-d4bd-8c86-40cc-877e4c588e7e">
      <Execution id="914aedbb-9c40-46d9-ba26-ae5a28093128" />
      <TestMethod codeBase="/home/runner/work/aspnetcore/aspnetcore/artifacts/bin/Microsoft.AspNetCore.Components.Tests/Debug/net10.0/Microsoft.AspNetCore.Components.Tests.dll" adapterTypeName="executor://xunit/VsTestRunner3/netcore/" className="Microsoft.AspNetCore.Components.Test.ComponentBaseTest" name="RendersAfterParametersSetAndInitAsyncTasksAreCompleted" />
    </UnitTest>
    <UnitTest name="Microsoft.AspNetCore.Components.Routing.QueryParameterValueSupplierTest.RejectsUnparseableArrayEntries(key: &quot;GuidVals&quot;, validValue: &quot;9e7257ad-03aa-42c7-9819-be08b177fef9&quot;, invalidValue: &quot;123456-789-0&quot;, targetType: typeof(System.Guid))" storage="/home/runner/work/aspnetcore/aspnetcore/artifacts/bin/microsoft.aspnetcore.components.tests/debug/net10.0/microsoft.aspnetcore.components.tests.dll" id="a2b02af3-abc2-e858-0213-a877daa90475">
      <Execution id="a86db82d-6e19-4401-8cc0-ae330ad8c750" />
      <TestMethod codeBase="/home/runner/work/aspnetcore/aspnetcore/artifacts/bin/Microsoft.AspNetCore.Components.Tests/Debug/net10.0/Microsoft.AspNetCore.Components.Tests.dll" adapterTypeName="executor://xunit/VsTestRunner3/netcore/" className="Microsoft.AspNetCore.Components.Routing.QueryParameterValueSupplierTest" name="RejectsUnparseableArrayEntries" />
    </UnitTest>
    <UnitTest name="Microsoft.AspNetCore.Components.Routing.QueryParameterValueSupplierTest.RejectsUnparseableValues(key: &quot;DecimalVal&quot;, value: &quot;1.2.3&quot;, targetType: typeof(decimal))" storage="/home/runner/work/aspnetcore/aspnetcore/artifacts/bin/microsoft.aspnetcore.components.tests/debug/net10.0/microsoft.aspnetcore.components.tests.dll" id="927cf6ea-fd09-23b0-55cc-ec26a94cec18">
      <Execution id="7c328983-b315-4949-a8cd-e2c3938188d1" />
      <TestMethod codeBase="/home/runner/work/aspnetcore/aspnetcore/artifacts/bin/Microsoft.AspNetCore.Components.Tests/Debug/net10.0/Microsoft.AspNetCore.Components.Tests.dll" adapterTypeName="executor://xunit/VsTestRunner3/netcore/" className="Microsoft.AspNetCore.Components.Routing.QueryParameterValueSupplierTest" name="RejectsUnparseableValues" />
    </UnitTest>
    <UnitTest name="Microsoft.AspNetCore.Components.EventCallbackFactoryTest.Create_Action_DifferentReceiver" storage="/home/runner/work/aspnetcore/aspnetcore/artifacts/bin/microsoft.aspnetcore.components.tests/debug/net10.0/microsoft.aspnetcore.components.tests.dll" id="44952ada-cc58-51d3-c651-3f4752ba8f48">
      <Execution id="a48d0c69-ac56-4c7c-b355-6f816b9219cd" />
      <TestMethod codeBase="/home/runner/work/aspnetcore/aspnetcore/artifacts/bin/Microsoft.AspNetCore.Components.Tests/Debug/net10.0/Microsoft.AspNetCore.Components.Tests.dll" adapterTypeName="executor://xunit/VsTestRunner3/netcore/" className="Microsoft.AspNetCore.Components.EventCallbackFactoryTest" name="Create_Action_DifferentReceiver" />
    </UnitTest>
    <UnitTest name="Microsoft.AspNetCore.Components.Routing.QueryParameterValueSupplierTest.RejectsUnparseableArrayEntries(key: &quot;NullableLongVals&quot;, validValue: &quot;-1234&quot;, invalidValue: &quot;this+is+a+long+value&quot;, targetType: typeof(long?))" storage="/home/runner/work/aspnetcore/aspnetcore/artifacts/bin/microsoft.aspnetcore.components.tests/debug/net10.0/microsoft.aspnetcore.components.tests.dll" id="07b9b62b-6ccb-9e5f-65bf-12a815afe446">
      <Execution id="7933ecaa-bf45-456c-8df5-31bd4321360c" />
      <TestMethod codeBase="/home/runner/work/aspnetcore/aspnetcore/artifacts/bin/Microsoft.AspNetCore.Components.Tests/Debug/net10.0/Microsoft.AspNetCore.Components.Tests.dll" adapterTypeName="executor://xunit/VsTestRunner3/netcore/" className="Microsoft.AspNetCore.Components.Routing.QueryParameterValueSupplierTest" name="RejectsUnparseableArrayEntries" />
    </UnitTest>
    <UnitTest name="Microsoft.AspNetCore.Components.Routing.RouteTableFactoryTests.DoesNotMatchIfConstraintDoesNotMatch(template: &quot;/{value:long}&quot;, contextUrl: &quot;/3.141&quot;)" storage="/home/runner/work/aspnetcore/aspnetcore/artifacts/bin/microsoft.aspnetcore.components.tests/debug/net10.0/microsoft.aspnetcore.components.tests.dll" id="c89a7e78-1147-1717-297d-9655fffafaba">
      <Execution id="10fc715d-2ac6-4559-9c74-6c2fe78f827a" />
      <TestMethod codeBase="/home/runner/work/aspnetcore/aspnetcore/artifacts/bin/Microsoft.AspNetCore.Components.Tests/Debug/net10.0/Microsoft.AspNetCore.Components.Tests.dll" adapterTypeName="executor://xunit/VsTestRunner3/netcore/" className="Microsoft.AspNetCore.Components.Routing.RouteTableFactoryTests" name="DoesNotMatchIfConstraintDoesNotMatch" />
    </UnitTest>
    <UnitTest name="Microsoft.AspNetCore.Components.Test.CascadingParameterTest.CanSupplyCascadingValueFromServiceProviderUsingName" storage="/home/runner/work/aspnetcore/aspnetcore/artifacts/bin/microsoft.aspnetcore.components.tests/debug/net10.0/microsoft.aspnetcore.components.tests.dll" id="5e7178a5-bceb-2752-a237-12e45fbef457">
      <Execution id="4142210b-2f5b-44de-8ab8-00854b0faadc" />
      <TestMethod codeBase="/home/runner/work/aspnetcore/aspnetcore/artifacts/bin/Microsoft.AspNetCore.Components.Tests/Debug/net10.0/Microsoft.AspNetCore.Components.Tests.dll" adapterTypeName="executor://xunit/VsTestRunner3/netcore/" className="Microsoft.AspNetCore.Components.Test.CascadingParameterTest" name="CanSupplyCascadingValueFromServiceProviderUsingName" />
    </UnitTest>
    <UnitTest name="Microsoft.AspNetCore.Components.NavigationManagerTest.GetUriWithQueryParameter_RemovesWhenParameterValueIsNull(baseUri: &quot;scheme://host/&quot;, expectedUri: &quot;scheme://host/&quot;)" storage="/home/runner/work/aspnetcore/aspnetcore/artifacts/bin/microsoft.aspnetcore.components.tests/debug/net10.0/microsoft.aspnetcore.components.tests.dll" id="b64577ee-9df6-449c-7efa-f76a4257ee8f">
      <Execution id="f35432a6-8993-4d39-8446-3bfdf6b1e5f1" />
      <TestMethod codeBase="/home/runner/work/aspnetcore/aspnetcore/artifacts/bin/Microsoft.AspNetCore.Components.Tests/Debug/net10.0/Microsoft.AspNetCore.Components.Tests.dll" adapterTypeName="executor://xunit/VsTestRunner3/netcore/" className="Microsoft.AspNetCore.Components.NavigationManagerTest" name="GetUriWithQueryParameter_RemovesWhenParameterValueIsNull" />
    </UnitTest>
    <UnitTest name="Microsoft.AspNetCore.Components.Test.RendererTest.BindWithSynchronousSetter_Lambda" storage="/home/runner/work/aspnetcore/aspnetcore/artifacts/bin/microsoft.aspnetcore.components.tests/debug/net10.0/microsoft.aspnetcore.components.tests.dll" id="e5d4de92-500a-b270-2ca4-bf8b6c07fb09">
      <Execution id="ba48652c-82cc-4f5e-8204-257826ff4db3" />
      <TestMethod codeBase="/home/runner/work/aspnetcore/aspnetcore/artifacts/bin/Microsoft.AspNetCore.Components.Tests/Debug/net10.0/Microsoft.AspNetCore.Components.Tests.dll" adapterTypeName="executor://xunit/VsTestRunner3/netcore/" className="Microsoft.AspNetCore.Components.Test.RendererTest" name="BindWithSynchronousSetter_Lambda" />
    </UnitTest>
    <UnitTest name="Microsoft.AspNetCore.Components.CascadingParameterStateTest.FindCascadingParameters_IfHasMultipleMatchesInAncestors_ReturnsMatches" storage="/home/runner/work/aspnetcore/aspnetcore/artifacts/bin/microsoft.aspnetcore.components.tests/debug/net10.0/microsoft.aspnetcore.components.tests.dll" id="2a2f5c47-5abd-d992-bf42-8b02392ef058">
      <Execution id="8c36e0dd-f909-4736-9b1f-dc7a17e84a28" />
      <TestMethod codeBase="/home/runner/work/aspnetcore/aspnetcore/artifacts/bin/Microsoft.AspNetCore.Components.Tests/Debug/net10.0/Microsoft.AspNetCore.Components.Tests.dll" adapterTypeName="executor://xunit/VsTestRunner3/netcore/" className="Microsoft.AspNetCore.Components.CascadingParameterStateTest" name="FindCascadingParameters_IfHasMultipleMatchesInAncestors_ReturnsMatches" />
    </UnitTest>
    <UnitTest name="Microsoft.AspNetCore.Components.ParameterViewTest.CanGetValueOrDefault_WithNonExistingValue" storage="/home/runner/work/aspnetcore/aspnetcore/artifacts/bin/microsoft.aspnetcore.components.tests/debug/net10.0/microsoft.aspnetcore.components.tests.dll" id="b4e4a47f-33b4-e773-6373-e489b9e1d137">
      <Execution id="3e30b7a2-7d62-4947-9b1c-87350c8d9957" />
      <TestMethod codeBase="/home/runner/work/aspnetcore/aspnetcore/artifacts/bin/Microsoft.AspNetCore.Components.Tests/Debug/net10.0/Microsoft.AspNetCore.Components.Tests.dll" adapterTypeName="executor://xunit/VsTestRunner3/netcore/" className="Microsoft.AspNetCore.Components.ParameterViewTest" name="CanGetValueOrDefault_WithNonExistingValue" />
    </UnitTest>
    <UnitTest name="Microsoft.AspNetCore.Components.CascadingParameterStateTest.FindCascadingParameters_IfHasNoMatchesInAncestors_ReturnsEmpty" storage="/home/runner/work/aspnetcore/aspnetcore/artifacts/bin/microsoft.aspnetcore.components.tests/debug/net10.0/microsoft.aspnetcore.components.tests.dll" id="a709b858-1241-aff8-5339-04e048214dd5">
      <Execution id="fad09097-dff2-4cfe-9caf-553ebc12cc03" />
      <TestMethod codeBase="/home/runner/work/aspnetcore/aspnetcore/artifacts/bin/Microsoft.AspNetCore.Components.Tests/Debug/net10.0/Microsoft.AspNetCore.Components.Tests.dll" adapterTypeName="executor://xunit/VsTestRunner3/netcore/" className="Microsoft.AspNetCore.Components.CascadingParameterStateTest" name="FindCascadingParameters_IfHasNoMatchesInAncestors_ReturnsEmpty" />
    </UnitTest>
    <UnitTest name="Microsoft.AspNetCore.Components.Rendering.RenderTreeBuilderTest.CannotAddElementReferenceCaptureInsideRegion" storage="/home/runner/work/aspnetcore/aspnetcore/artifacts/bin/microsoft.aspnetcore.components.tests/debug/net10.0/microsoft.aspnetcore.components.tests.dll" id="0688cbfa-a80c-2fdc-03e4-77c4b3859f8b">
      <Execution id="dc4f10a9-3cf9-472e-ad65-42efad3049fd" />
      <TestMethod codeBase="/home/runner/work/aspnetcore/aspnetcore/artifacts/bin/Microsoft.AspNetCore.Components.Tests/Debug/net10.0/Microsoft.AspNetCore.Components.Tests.dll" adapterTypeName="executor://xunit/VsTestRunner3/netcore/" className="Microsoft.AspNetCore.Components.Rendering.RenderTreeBuilderTest" name="CannotAddElementReferenceCaptureInsideRegion" />
    </UnitTest>
    <UnitTest name="Microsoft.AspNetCore.Components.Test.RenderTreeDiffBuilderTest.RecognizesTextUpdates" storage="/home/runner/work/aspnetcore/aspnetcore/artifacts/bin/microsoft.aspnetcore.components.tests/debug/net10.0/microsoft.aspnetcore.components.tests.dll" id="da782e47-b50d-c480-06e3-643ac620ad7c">
      <Execution id="1068fd45-a097-41bc-ac01-adb791afc30f" />
      <TestMethod codeBase="/home/runner/work/aspnetcore/aspnetcore/artifacts/bin/Microsoft.AspNetCore.Components.Tests/Debug/net10.0/Microsoft.AspNetCore.Components.Tests.dll" adapterTypeName="executor://xunit/VsTestRunner3/netcore/" className="Microsoft.AspNetCore.Components.Test.RenderTreeDiffBuilderTest" name="RecognizesTextUpdates" />
    </UnitTest>
    <UnitTest name="Microsoft.AspNetCore.Components.BindConverterTest.TryConvertTo_NullableGuid_ValidEmptyOrNull(incomingValue: null)" storage="/home/runner/work/aspnetcore/aspnetcore/artifacts/bin/microsoft.aspnetcore.components.tests/debug/net10.0/microsoft.aspnetcore.components.tests.dll" id="a9b5fb0c-fdd1-e756-f5a2-4dd9aa3afd91">
      <Execution id="37548ccc-bb5b-4610-87ac-b449e119f22a" />
      <TestMethod codeBase="/home/runner/work/aspnetcore/aspnetcore/artifacts/bin/Microsoft.AspNetCore.Components.Tests/Debug/net10.0/Microsoft.AspNetCore.Components.Tests.dll" adapterTypeName="executor://xunit/VsTestRunner3/netcore/" className="Microsoft.AspNetCore.Components.BindConverterTest" name="TryConvertTo_NullableGuid_ValidEmptyOrNull" />
    </UnitTest>
    <UnitTest name="Microsoft.AspNetCore.Components.Rendering.RenderTreeBuilderTest.ProcessDuplicateAttributes_CanRemoveDuplicateInsideComponent" storage="/home/runner/work/aspnetcore/aspnetcore/artifacts/bin/microsoft.aspnetcore.components.tests/debug/net10.0/microsoft.aspnetcore.components.tests.dll" id="948469eb-fad2-d910-de2c-bb9c901b6626">
      <Execution id="f97d459f-b38c-4ee5-986f-9a0620a1424b" />
      <TestMethod codeBase="/home/runner/work/aspnetcore/aspnetcore/artifacts/bin/Microsoft.AspNetCore.Components.Tests/Debug/net10.0/Microsoft.AspNetCore.Components.Tests.dll" adapterTypeName="executor://xunit/VsTestRunner3/netcore/" className="Microsoft.AspNetCore.Components.Rendering.RenderTreeBuilderTest" name="ProcessDuplicateAttributes_CanRemoveDuplicateInsideComponent" />
    </UnitTest>
    <UnitTest name="Microsoft.AspNetCore.Components.EventCallbackTest.EventCallback_FuncTTask_Null" storage="/home/runner/work/aspnetcore/aspnetcore/artifacts/bin/microsoft.aspnetcore.components.tests/debug/net10.0/microsoft.aspnetcore.components.tests.dll" id="ecfc0388-f6bc-da8d-a5b5-d1efa1a611b0">
      <Execution id="969aca72-98c5-4d52-81d7-889379111a5d" />
      <TestMethod codeBase="/home/runner/work/aspnetcore/aspnetcore/artifacts/bin/Microsoft.AspNetCore.Components.Tests/Debug/net10.0/Microsoft.AspNetCore.Components.Tests.dll" adapterTypeName="executor://xunit/VsTestRunner3/netcore/" className="Microsoft.AspNetCore.Components.EventCallbackTest" name="EventCallback_FuncTTask_Null" />
    </UnitTest>
    <UnitTest name="Microsoft.AspNetCore.Components.Routing.QueryParameterValueSupplierTest.RejectsUnparseableValues(key: &quot;NullableDoubleVal&quot;, value: &quot;1x&quot;, targetType: typeof(double?))" storage="/home/runner/work/aspnetcore/aspnetcore/artifacts/bin/microsoft.aspnetcore.components.tests/debug/net10.0/microsoft.aspnetcore.components.tests.dll" id="1965af59-0911-dff8-a4e4-d38176c7b206">
      <Execution id="3048ee6e-dda4-4991-892c-c8223bb10a54" />
      <TestMethod codeBase="/home/runner/work/aspnetcore/aspnetcore/artifacts/bin/Microsoft.AspNetCore.Components.Tests/Debug/net10.0/Microsoft.AspNetCore.Components.Tests.dll" adapterTypeName="executor://xunit/VsTestRunner3/netcore/" className="Microsoft.AspNetCore.Components.Routing.QueryParameterValueSupplierTest" name="RejectsUnparseableValues" />
    </UnitTest>
    <UnitTest name="Microsoft.AspNetCore.Components.Test.RenderTreeDiffBuilderTest.SkipsUpdatingParametersOnChildComponentsIfAllAreDefinitelyImmutableAndUnchanged" storage="/home/runner/work/aspnetcore/aspnetcore/artifacts/bin/microsoft.aspnetcore.components.tests/debug/net10.0/microsoft.aspnetcore.components.tests.dll" id="667666f4-71a8-3da2-109b-dc8c955f4787">
      <Execution id="3b773a09-1718-441a-8bae-080ddeecd11a" />
      <TestMethod codeBase="/home/runner/work/aspnetcore/aspnetcore/artifacts/bin/Microsoft.AspNetCore.Components.Tests/Debug/net10.0/Microsoft.AspNetCore.Components.Tests.dll" adapterTypeName="executor://xunit/VsTestRunner3/netcore/" className="Microsoft.AspNetCore.Components.Test.RenderTreeDiffBuilderTest" name="SkipsUpdatingParametersOnChildComponentsIfAllAreDefinitelyImmutableAndUnchanged" />
    </UnitTest>
    <UnitTest name="Microsoft.AspNetCore.Components.Test.RenderTreeDiffBuilderTest.InvokesAssignerForComponentReferenceCapturesOnInsertion" storage="/home/runner/work/aspnetcore/aspnetcore/artifacts/bin/microsoft.aspnetcore.components.tests/debug/net10.0/microsoft.aspnetcore.components.tests.dll" id="f08b1b5d-ddd3-162e-a4a0-bd5ee2673da8">
      <Execution id="5871cfe5-6d25-4f08-96b4-7ff3d8aed33b" />
      <TestMethod codeBase="/home/runner/work/aspnetcore/aspnetcore/artifacts/bin/Microsoft.AspNetCore.Components.Tests/Debug/net10.0/Microsoft.AspNetCore.Components.Tests.dll" adapterTypeName="executor://xunit/VsTestRunner3/netcore/" className="Microsoft.AspNetCore.Components.Test.RenderTreeDiffBuilderTest" name="InvokesAssignerForComponentReferenceCapturesOnInsertion" />
    </UnitTest>
    <UnitTest name="Microsoft.AspNetCore.Components.NavigationManagerTest.ComputesCorrectValidBaseRelativePaths(baseUri: &quot;scheme://host/path/&quot;, uri: &quot;scheme://host/path#hash&quot;, expectedResult: &quot;#hash&quot;)" storage="/home/runner/work/aspnetcore/aspnetcore/artifacts/bin/microsoft.aspnetcore.components.tests/debug/net10.0/microsoft.aspnetcore.components.tests.dll" id="782226bb-6266-7780-352b-d5ba57f9bb79">
      <Execution id="120fc6b8-a28e-4576-aa08-e42dc6121c2b" />
      <TestMethod codeBase="/home/runner/work/aspnetcore/aspnetcore/artifacts/bin/Microsoft.AspNetCore.Components.Tests/Debug/net10.0/Microsoft.AspNetCore.Components.Tests.dll" adapterTypeName="executor://xunit/VsTestRunner3/netcore/" className="Microsoft.AspNetCore.Components.NavigationManagerTest" name="ComputesCorrectValidBaseRelativePaths" />
    </UnitTest>
    <UnitTest name="Microsoft.AspNetCore.Components.Test.RendererTest.EventDispatchExceptionsCanBeHandledByClosestErrorBoundary_Async" storage="/home/runner/work/aspnetcore/aspnetcore/artifacts/bin/microsoft.aspnetcore.components.tests/debug/net10.0/microsoft.aspnetcore.components.tests.dll" id="dbba9f29-3ff1-0c52-21d9-b16ed90cc835">
      <Execution id="5dfb4c11-a2fe-4b6f-bd68-f656072b7c75" />
      <TestMethod codeBase="/home/runner/work/aspnetcore/aspnetcore/artifacts/bin/Microsoft.AspNetCore.Components.Tests/Debug/net10.0/Microsoft.AspNetCore.Components.Tests.dll" adapterTypeName="executor://xunit/VsTestRunner3/netcore/" className="Microsoft.AspNetCore.Components.Test.RendererTest" name="EventDispatchExceptionsCanBeHandledByClosestErrorBoundary_Async" />
    </UnitTest>
    <UnitTest name="Microsoft.AspNetCore.Components.Routing.RouteTableFactoryTests.DoesNotThrowForNonAmbiguousRoutes(first: &quot;literal/{*catchAll}&quot;, second: &quot;literal/{optional?}&quot;)" storage="/home/runner/work/aspnetcore/aspnetcore/artifacts/bin/microsoft.aspnetcore.components.tests/debug/net10.0/microsoft.aspnetcore.components.tests.dll" id="826ee6e6-4d1c-76cd-bf32-6207fb5cf7fc">
      <Execution id="90c013f4-cfeb-4aad-8b77-9f1bd22220ce" />
      <TestMethod codeBase="/home/runner/work/aspnetcore/aspnetcore/artifacts/bin/Microsoft.AspNetCore.Components.Tests/Debug/net10.0/Microsoft.AspNetCore.Components.Tests.dll" adapterTypeName="executor://xunit/VsTestRunner3/netcore/" className="Microsoft.AspNetCore.Components.Routing.RouteTableFactoryTests" name="DoesNotThrowForNonAmbiguousRoutes" />
    </UnitTest>
    <UnitTest name="Microsoft.AspNetCore.Components.Test.RenderTreeDiffBuilderTest.SkipsUnmodifiedTrailingSiblings" storage="/home/runner/work/aspnetcore/aspnetcore/artifacts/bin/microsoft.aspnetcore.components.tests/debug/net10.0/microsoft.aspnetcore.components.tests.dll" id="a4eefc75-4bc7-7bb9-1e37-b607901cf423">
      <Execution id="e44d43f3-d41f-4bb6-a2e6-f0a259faaeb2" />
      <TestMethod codeBase="/home/runner/work/aspnetcore/aspnetcore/artifacts/bin/Microsoft.AspNetCore.Components.Tests/Debug/net10.0/Microsoft.AspNetCore.Components.Tests.dll" adapterTypeName="executor://xunit/VsTestRunner3/netcore/" className="Microsoft.AspNetCore.Components.Test.RenderTreeDiffBuilderTest" name="SkipsUnmodifiedTrailingSiblings" />
    </UnitTest>
    <UnitTest name="Microsoft.AspNetCore.Components.EventCallbackTest.EventCallbackOfT_FuncTTask_Arg" storage="/home/runner/work/aspnetcore/aspnetcore/artifacts/bin/microsoft.aspnetcore.components.tests/debug/net10.0/microsoft.aspnetcore.components.tests.dll" id="69f53fe6-6d7e-82e7-0c5a-f10fa6dd7af6">
      <Execution id="9c108d02-2770-42dd-aa48-eac60dba2c8b" />
      <TestMethod codeBase="/home/runner/work/aspnetcore/aspnetcore/artifacts/bin/Microsoft.AspNetCore.Components.Tests/Debug/net10.0/Microsoft.AspNetCore.Components.Tests.dll" adapterTypeName="executor://xunit/VsTestRunner3/netcore/" className="Microsoft.AspNetCore.Components.EventCallbackTest" name="EventCallbackOfT_FuncTTask_Arg" />
    </UnitTest>
    <UnitTest name="Microsoft.AspNetCore.Components.NavigationManagerTest.GetUriWithQueryParameters_SupportsEnumerableValues(baseUri: &quot;scheme://host/?ping=8&amp;full%20name=Bob%20Joe&amp;ping=3&quot;···, expectedUri: &quot;scheme://host/?ping=35&amp;full%20name=John%20Doe&amp;ping&quot;···)" storage="/home/runner/work/aspnetcore/aspnetcore/artifacts/bin/microsoft.aspnetcore.components.tests/debug/net10.0/microsoft.aspnetcore.components.tests.dll" id="3009c012-ecdc-c216-9767-93f5464c9db5">
      <Execution id="f1a4704e-8e1a-477c-8829-b44d84847d8e" />
      <TestMethod codeBase="/home/runner/work/aspnetcore/aspnetcore/artifacts/bin/Microsoft.AspNetCore.Components.Tests/Debug/net10.0/Microsoft.AspNetCore.Components.Tests.dll" adapterTypeName="executor://xunit/VsTestRunner3/netcore/" className="Microsoft.AspNetCore.Components.NavigationManagerTest" name="GetUriWithQueryParameters_SupportsEnumerableValues" />
    </UnitTest>
    <UnitTest name="Microsoft.AspNetCore.Components.Test.CascadingParameterTest.PrefersComponentHierarchyCascadingValuesOverServiceProviderValues" storage="/home/runner/work/aspnetcore/aspnetcore/artifacts/bin/microsoft.aspnetcore.components.tests/debug/net10.0/microsoft.aspnetcore.components.tests.dll" id="f414ac7c-1b9c-04b6-8195-2c0ad1e018c2">
      <Execution id="45d0be73-7743-4247-bd80-660632e5983c" />
      <TestMethod codeBase="/home/runner/work/aspnetcore/aspnetcore/artifacts/bin/Microsoft.AspNetCore.Components.Tests/Debug/net10.0/Microsoft.AspNetCore.Components.Tests.dll" adapterTypeName="executor://xunit/VsTestRunner3/netcore/" className="Microsoft.AspNetCore.Components.Test.CascadingParameterTest" name="PrefersComponentHierarchyCascadingValuesOverServiceProviderValues" />
    </UnitTest>
    <UnitTest name="Microsoft.AspNetCore.Components.ResourceAssetCollectionTest.CanDetermineContentSpecificUrls" storage="/home/runner/work/aspnetcore/aspnetcore/artifacts/bin/microsoft.aspnetcore.components.tests/debug/net10.0/microsoft.aspnetcore.components.tests.dll" id="c47cd642-011d-92d4-7b02-291c36331e0f">
      <Execution id="a439bf8a-a6fe-49d5-9b03-5e2cfecfa965" />
      <TestMethod codeBase="/home/runner/work/aspnetcore/aspnetcore/artifacts/bin/Microsoft.AspNetCore.Components.Tests/Debug/net10.0/Microsoft.AspNetCore.Components.Tests.dll" adapterTypeName="executor://xunit/VsTestRunner3/netcore/" className="Microsoft.AspNetCore.Components.ResourceAssetCollectionTest" name="CanDetermineContentSpecificUrls" />
    </UnitTest>
    <UnitTest name="Microsoft.AspNetCore.Components.Test.CascadingParameterTest.DoesNotNotifyDescendantsIfCascadingParameterValuesAreImmutableAndUnchanged" storage="/home/runner/work/aspnetcore/aspnetcore/artifacts/bin/microsoft.aspnetcore.components.tests/debug/net10.0/microsoft.aspnetcore.components.tests.dll" id="25c245ec-000c-b8b0-753a-0d4f262033b6">
      <Execution id="b8f36eef-c27b-438d-b45f-3c3c36e2154a" />
      <TestMethod codeBase="/home/runner/work/aspnetcore/aspnetcore/artifacts/bin/Microsoft.AspNetCore.Components.Tests/Debug/net10.0/Microsoft.AspNetCore.Components.Tests.dll" adapterTypeName="executor://xunit/VsTestRunner3/netcore/" className="Microsoft.AspNetCore.Components.Test.CascadingParameterTest" name="DoesNotNotifyDescendantsIfCascadingParameterValuesAreImmutableAndUnchanged" />
    </UnitTest>
    <UnitTest name="Microsoft.AspNetCore.Components.Routing.QueryParameterValueSupplierTest.RejectsBlankArrayEntriesWhenNotNullable(key: &quot;DoubleVals&quot;, targetType: typeof(double))" storage="/home/runner/work/aspnetcore/aspnetcore/artifacts/bin/microsoft.aspnetcore.components.tests/debug/net10.0/microsoft.aspnetcore.components.tests.dll" id="c97782fa-97da-7fc4-0401-e5add9386ec0">
      <Execution id="912ff9ed-f902-48ea-8370-6acb4a185dbe" />
      <TestMethod codeBase="/home/runner/work/aspnetcore/aspnetcore/artifacts/bin/Microsoft.AspNetCore.Components.Tests/Debug/net10.0/Microsoft.AspNetCore.Components.Tests.dll" adapterTypeName="executor://xunit/VsTestRunner3/netcore/" className="Microsoft.AspNetCore.Components.Routing.QueryParameterValueSupplierTest" name="RejectsBlankArrayEntriesWhenNotNullable" />
    </UnitTest>
    <UnitTest name="Microsoft.AspNetCore.Components.NavigationManagerTest.LocationChangingHandlers_DoNotBubbleExceptionsThroughNotifyLocationChangingAsync_WhenMultipleHandlersAreRegistered" storage="/home/runner/work/aspnetcore/aspnetcore/artifacts/bin/microsoft.aspnetcore.components.tests/debug/net10.0/microsoft.aspnetcore.components.tests.dll" id="9bdc6241-3bb4-1b5a-c2b5-156869ab7854">
      <Execution id="c176a6da-4215-413c-a0fb-f6d720f41474" />
      <TestMethod codeBase="/home/runner/work/aspnetcore/aspnetcore/artifacts/bin/Microsoft.AspNetCore.Components.Tests/Debug/net10.0/Microsoft.AspNetCore.Components.Tests.dll" adapterTypeName="executor://xunit/VsTestRunner3/netcore/" className="Microsoft.AspNetCore.Components.NavigationManagerTest" name="LocationChangingHandlers_DoNotBubbleExceptionsThroughNotifyLocationChangingAsync_WhenMultipleHandlersAreRegistered" />
    </UnitTest>
    <UnitTest name="Microsoft.AspNetCore.Components.Routing.QueryParameterValueSupplierTest.RejectsBlankArrayEntriesWhenNotNullable(key: &quot;DecimalVals&quot;, targetType: typeof(decimal))" storage="/home/runner/work/aspnetcore/aspnetcore/artifacts/bin/microsoft.aspnetcore.components.tests/debug/net10.0/microsoft.aspnetcore.components.tests.dll" id="5480f7b1-3654-ffee-c98b-6ebbcc60e5ec">
      <Execution id="5806d61b-37f7-48e0-8402-3746a3feef2d" />
      <TestMethod codeBase="/home/runner/work/aspnetcore/aspnetcore/artifacts/bin/Microsoft.AspNetCore.Components.Tests/Debug/net10.0/Microsoft.AspNetCore.Components.Tests.dll" adapterTypeName="executor://xunit/VsTestRunner3/netcore/" className="Microsoft.AspNetCore.Components.Routing.QueryParameterValueSupplierTest" name="RejectsBlankArrayEntriesWhenNotNullable" />
    </UnitTest>
    <UnitTest name="Microsoft.AspNetCore.Components.NavigationManagerTest.GetUriWithQueryParameters_CanAddUpdateAndRemove(baseUri: &quot;scheme://host/?&quot;, expectedUri: &quot;scheme://host/?age=25&amp;eye%20color=green&quot;)" storage="/home/runner/work/aspnetcore/aspnetcore/artifacts/bin/microsoft.aspnetcore.components.tests/debug/net10.0/microsoft.aspnetcore.components.tests.dll" id="5d5d2aba-5c18-1e10-0f72-04cd0c208f80">
      <Execution id="9b9da63f-a1a2-42f6-8097-14d17953f881" />
      <TestMethod codeBase="/home/runner/work/aspnetcore/aspnetcore/artifacts/bin/Microsoft.AspNetCore.Components.Tests/Debug/net10.0/Microsoft.AspNetCore.Components.Tests.dll" adapterTypeName="executor://xunit/VsTestRunner3/netcore/" className="Microsoft.AspNetCore.Components.NavigationManagerTest" name="GetUriWithQueryParameters_CanAddUpdateAndRemove" />
    </UnitTest>
    <UnitTest name="Microsoft.AspNetCore.Components.ComponentsActivitySourceTest.CaptureEventStopAsync_StopsActivityOnSuccessfulTask" storage="/home/runner/work/aspnetcore/aspnetcore/artifacts/bin/microsoft.aspnetcore.components.tests/debug/net10.0/microsoft.aspnetcore.components.tests.dll" id="e32f0b81-e73e-a007-e00c-d45b206f7160">
      <Execution id="9e461020-e917-4174-8b84-8c6c2c20e3cd" />
      <TestMethod codeBase="/home/runner/work/aspnetcore/aspnetcore/artifacts/bin/Microsoft.AspNetCore.Components.Tests/Debug/net10.0/Microsoft.AspNetCore.Components.Tests.dll" adapterTypeName="executor://xunit/VsTestRunner3/netcore/" className="Microsoft.AspNetCore.Components.ComponentsActivitySourceTest" name="CaptureEventStopAsync_StopsActivityOnSuccessfulTask" />
    </UnitTest>
    <UnitTest name="Microsoft.AspNetCore.Components.Routing.RouteTableFactoryTests.CanMatchTemplateWithMultipleParameters" storage="/home/runner/work/aspnetcore/aspnetcore/artifacts/bin/microsoft.aspnetcore.components.tests/debug/net10.0/microsoft.aspnetcore.components.tests.dll" id="23a2ce8c-229c-f736-7e1f-b6a40812b241">
      <Execution id="7916eea6-86f6-4bac-bad4-c5e3e1c99da8" />
      <TestMethod codeBase="/home/runner/work/aspnetcore/aspnetcore/artifacts/bin/Microsoft.AspNetCore.Components.Tests/Debug/net10.0/Microsoft.AspNetCore.Components.Tests.dll" adapterTypeName="executor://xunit/VsTestRunner3/netcore/" className="Microsoft.AspNetCore.Components.Routing.RouteTableFactoryTests" name="CanMatchTemplateWithMultipleParameters" />
    </UnitTest>
    <UnitTest name="Microsoft.AspNetCore.Components.Test.RendererTest.RenderModeResolverCanSupplyComponent_CallSiteRenderMode" storage="/home/runner/work/aspnetcore/aspnetcore/artifacts/bin/microsoft.aspnetcore.components.tests/debug/net10.0/microsoft.aspnetcore.components.tests.dll" id="55cd5cf7-3e3b-d0e7-0f08-81397b9bba36">
      <Execution id="11ece3c5-838b-4cf4-8684-112fc959e526" />
      <TestMethod codeBase="/home/runner/work/aspnetcore/aspnetcore/artifacts/bin/Microsoft.AspNetCore.Components.Tests/Debug/net10.0/Microsoft.AspNetCore.Components.Tests.dll" adapterTypeName="executor://xunit/VsTestRunner3/netcore/" className="Microsoft.AspNetCore.Components.Test.RendererTest" name="RenderModeResolverCanSupplyComponent_CallSiteRenderMode" />
    </UnitTest>
    <UnitTest name="Microsoft.AspNetCore.Components.RenderTree.ArrayBuilderTest.Clear_ReturnsBuffer" storage="/home/runner/work/aspnetcore/aspnetcore/artifacts/bin/microsoft.aspnetcore.components.tests/debug/net10.0/microsoft.aspnetcore.components.tests.dll" id="3f4ab3c6-c31b-06ef-404d-209e89ccfff8">
      <Execution id="417c0133-6736-4fd8-9da1-2995b9e6ab4e" />
      <TestMethod codeBase="/home/runner/work/aspnetcore/aspnetcore/artifacts/bin/Microsoft.AspNetCore.Components.Tests/Debug/net10.0/Microsoft.AspNetCore.Components.Tests.dll" adapterTypeName="executor://xunit/VsTestRunner3/netcore/" className="Microsoft.AspNetCore.Components.RenderTree.ArrayBuilderTest" name="Clear_ReturnsBuffer" />
    </UnitTest>
    <UnitTest name="Microsoft.AspNetCore.Components.Test.RenderTreeUpdaterTest.IgnoresUpdatesToAttributesIfUnexpectedValueTypeSupplied" storage="/home/runner/work/aspnetcore/aspnetcore/artifacts/bin/microsoft.aspnetcore.components.tests/debug/net10.0/microsoft.aspnetcore.components.tests.dll" id="9e3f27a6-59c2-db03-8c89-df0fbdc5a2f0">
      <Execution id="96207d43-a08d-4a88-9efc-d55782666473" />
      <TestMethod codeBase="/home/runner/work/aspnetcore/aspnetcore/artifacts/bin/Microsoft.AspNetCore.Components.Tests/Debug/net10.0/Microsoft.AspNetCore.Components.Tests.dll" adapterTypeName="executor://xunit/VsTestRunner3/netcore/" className="Microsoft.AspNetCore.Components.Test.RenderTreeUpdaterTest" name="IgnoresUpdatesToAttributesIfUnexpectedValueTypeSupplied" />
    </UnitTest>
    <UnitTest name="Microsoft.AspNetCore.Components.Routing.RouteTableFactoryTests.DoesNotThrowForNonAmbiguousRoutes(first: &quot;{param1?}/{param2?}/{param3?}/{*catchAll}&quot;, second: &quot;{param1?}/{param2?}/{param3?}/{optional?}&quot;)" storage="/home/runner/work/aspnetcore/aspnetcore/artifacts/bin/microsoft.aspnetcore.components.tests/debug/net10.0/microsoft.aspnetcore.components.tests.dll" id="edb2bbac-8d2a-40d8-a098-edaded11052b">
      <Execution id="709de979-eee0-49b8-84cc-222a737ec97e" />
      <TestMethod codeBase="/home/runner/work/aspnetcore/aspnetcore/artifacts/bin/Microsoft.AspNetCore.Components.Tests/Debug/net10.0/Microsoft.AspNetCore.Components.Tests.dll" adapterTypeName="executor://xunit/VsTestRunner3/netcore/" className="Microsoft.AspNetCore.Components.Routing.RouteTableFactoryTests" name="DoesNotThrowForNonAmbiguousRoutes" />
    </UnitTest>
    <UnitTest name="Microsoft.AspNetCore.Components.ParameterViewTest.Clone_EmptyParameterView" storage="/home/runner/work/aspnetcore/aspnetcore/artifacts/bin/microsoft.aspnetcore.components.tests/debug/net10.0/microsoft.aspnetcore.components.tests.dll" id="af21394a-886f-4baa-5c2f-a0e77f67e3ce">
      <Execution id="dacd4e65-d091-4405-9a02-d0ac2da6325e" />
      <TestMethod codeBase="/home/runner/work/aspnetcore/aspnetcore/artifacts/bin/Microsoft.AspNetCore.Components.Tests/Debug/net10.0/Microsoft.AspNetCore.Components.Tests.dll" adapterTypeName="executor://xunit/VsTestRunner3/netcore/" className="Microsoft.AspNetCore.Components.ParameterViewTest" name="Clone_EmptyParameterView" />
    </UnitTest>
    <UnitTest name="Microsoft.AspNetCore.Components.Routing.RouteTableFactoryTests.DoesNotThrowForNonAmbiguousRoutes(first: &quot;{param1?}/{param2?}/{param3?}/{optional?}&quot;, second: &quot;{param1?}/{param2?}/{param3:int?}/{optional?}&quot;)" storage="/home/runner/work/aspnetcore/aspnetcore/artifacts/bin/microsoft.aspnetcore.components.tests/debug/net10.0/microsoft.aspnetcore.components.tests.dll" id="18230c43-6e0e-39f4-d516-e85545e19098">
      <Execution id="57c698f8-a69a-46a0-920f-be81bec99819" />
      <TestMethod codeBase="/home/runner/work/aspnetcore/aspnetcore/artifacts/bin/Microsoft.AspNetCore.Components.Tests/Debug/net10.0/Microsoft.AspNetCore.Components.Tests.dll" adapterTypeName="executor://xunit/VsTestRunner3/netcore/" className="Microsoft.AspNetCore.Components.Routing.RouteTableFactoryTests" name="DoesNotThrowForNonAmbiguousRoutes" />
    </UnitTest>
    <UnitTest name="Microsoft.AspNetCore.Components.Routing.RouteTableFactoryTests.MultipleOptionalParameters(path: &quot;/1/2/3&quot;, segments: 3)" storage="/home/runner/work/aspnetcore/aspnetcore/artifacts/bin/microsoft.aspnetcore.components.tests/debug/net10.0/microsoft.aspnetcore.components.tests.dll" id="a4ef2135-fa43-e2cd-3a1b-4e08a0d3d59d">
      <Execution id="34720de9-544a-4312-8a6b-fe4fbb3d7c09" />
      <TestMethod codeBase="/home/runner/work/aspnetcore/aspnetcore/artifacts/bin/Microsoft.AspNetCore.Components.Tests/Debug/net10.0/Microsoft.AspNetCore.Components.Tests.dll" adapterTypeName="executor://xunit/VsTestRunner3/netcore/" className="Microsoft.AspNetCore.Components.Routing.RouteTableFactoryTests" name="MultipleOptionalParameters" />
    </UnitTest>
    <UnitTest name="Microsoft.AspNetCore.Components.Rendering.RenderTreeBuilderTest.ProcessDuplicateAttributes_StopsAtFirstNonAttributeFrame_Capture" storage="/home/runner/work/aspnetcore/aspnetcore/artifacts/bin/microsoft.aspnetcore.components.tests/debug/net10.0/microsoft.aspnetcore.components.tests.dll" id="66b737fb-baa7-6ff9-32a4-aa649c9a1a69">
      <Execution id="2f7d115e-a013-4e05-ae82-83fd5856f872" />
      <TestMethod codeBase="/home/runner/work/aspnetcore/aspnetcore/artifacts/bin/Microsoft.AspNetCore.Components.Tests/Debug/net10.0/Microsoft.AspNetCore.Components.Tests.dll" adapterTypeName="executor://xunit/VsTestRunner3/netcore/" className="Microsoft.AspNetCore.Components.Rendering.RenderTreeBuilderTest" name="ProcessDuplicateAttributes_StopsAtFirstNonAttributeFrame_Capture" />
    </UnitTest>
    <UnitTest name="Microsoft.AspNetCore.Components.EventCallbackFactoryTest.Create_FuncTask_Unbound" storage="/home/runner/work/aspnetcore/aspnetcore/artifacts/bin/microsoft.aspnetcore.components.tests/debug/net10.0/microsoft.aspnetcore.components.tests.dll" id="9aecfd5e-2fa6-a6bb-36c6-3f8db459d4e7">
      <Execution id="2bc1e3ca-bf4b-4999-8b26-8ac81e51953a" />
      <TestMethod codeBase="/home/runner/work/aspnetcore/aspnetcore/artifacts/bin/Microsoft.AspNetCore.Components.Tests/Debug/net10.0/Microsoft.AspNetCore.Components.Tests.dll" adapterTypeName="executor://xunit/VsTestRunner3/netcore/" className="Microsoft.AspNetCore.Components.EventCallbackFactoryTest" name="Create_FuncTask_Unbound" />
    </UnitTest>
    <UnitTest name="Microsoft.AspNetCore.Components.Test.CascadingParameterTest.CanSupplyCascadingValuesForSpecificCascadingParameterAttributeType" storage="/home/runner/work/aspnetcore/aspnetcore/artifacts/bin/microsoft.aspnetcore.components.tests/debug/net10.0/microsoft.aspnetcore.components.tests.dll" id="ee1c6a0c-d6c1-a859-c280-05f10bd0a166">
      <Execution id="45dcf779-9222-4218-a339-7f81b6a07612" />
      <TestMethod codeBase="/home/runner/work/aspnetcore/aspnetcore/artifacts/bin/Microsoft.AspNetCore.Components.Tests/Debug/net10.0/Microsoft.AspNetCore.Components.Tests.dll" adapterTypeName="executor://xunit/VsTestRunner3/netcore/" className="Microsoft.AspNetCore.Components.Test.CascadingParameterTest" name="CanSupplyCascadingValuesForSpecificCascadingParameterAttributeType" />
    </UnitTest>
    <UnitTest name="Microsoft.AspNetCore.Components.Test.RenderTreeDiffBuilderTest.RecognizesAttributeEventHandlerValuesChanged" storage="/home/runner/work/aspnetcore/aspnetcore/artifacts/bin/microsoft.aspnetcore.components.tests/debug/net10.0/microsoft.aspnetcore.components.tests.dll" id="67768116-f076-e001-d8f2-271ba84d3cfa">
      <Execution id="7b0b84bf-86aa-42f4-9a9b-4a44b47569e7" />
      <TestMethod codeBase="/home/runner/work/aspnetcore/aspnetcore/artifacts/bin/Microsoft.AspNetCore.Components.Tests/Debug/net10.0/Microsoft.AspNetCore.Components.Tests.dll" adapterTypeName="executor://xunit/VsTestRunner3/netcore/" className="Microsoft.AspNetCore.Components.Test.RenderTreeDiffBuilderTest" name="RecognizesAttributeEventHandlerValuesChanged" />
    </UnitTest>
    <UnitTest name="Microsoft.AspNetCore.Components.EventCallbackFactoryBinderExtensionsTest.CreateBinder_DateTimeOffset_Format" storage="/home/runner/work/aspnetcore/aspnetcore/artifacts/bin/microsoft.aspnetcore.components.tests/debug/net10.0/microsoft.aspnetcore.components.tests.dll" id="390041a8-330d-eda4-14e7-d1c2f194f98b">
      <Execution id="7aa49c5e-582d-4066-8a0c-d8e865c34d5d" />
      <TestMethod codeBase="/home/runner/work/aspnetcore/aspnetcore/artifacts/bin/Microsoft.AspNetCore.Components.Tests/Debug/net10.0/Microsoft.AspNetCore.Components.Tests.dll" adapterTypeName="executor://xunit/VsTestRunner3/netcore/" className="Microsoft.AspNetCore.Components.EventCallbackFactoryBinderExtensionsTest" name="CreateBinder_DateTimeOffset_Format" />
    </UnitTest>
    <UnitTest name="Microsoft.AspNetCore.Components.NavigationManagerTest.LocationChangingHandlers_AreCanceledBySuccessiveNavigations_WhenOneHandlerIsRegistered" storage="/home/runner/work/aspnetcore/aspnetcore/artifacts/bin/microsoft.aspnetcore.components.tests/debug/net10.0/microsoft.aspnetcore.components.tests.dll" id="224121b0-bd55-b0f9-b633-9c4a8af584c9">
      <Execution id="6f34b7af-b9cc-47f6-bde7-34d1aad8bc3f" />
      <TestMethod codeBase="/home/runner/work/aspnetcore/aspnetcore/artifacts/bin/Microsoft.AspNetCore.Components.Tests/Debug/net10.0/Microsoft.AspNetCore.Components.Tests.dll" adapterTypeName="executor://xunit/VsTestRunner3/netcore/" className="Microsoft.AspNetCore.Components.NavigationManagerTest" name="LocationChangingHandlers_AreCanceledBySuccessiveNavigations_WhenOneHandlerIsRegistered" />
    </UnitTest>
    <UnitTest name="Microsoft.AspNetCore.Components.Routing.RoutePatternParserTests.Parse_MixedLiteralAndCatchAllParameter" storage="/home/runner/work/aspnetcore/aspnetcore/artifacts/bin/microsoft.aspnetcore.components.tests/debug/net10.0/microsoft.aspnetcore.components.tests.dll" id="e3184b48-eb0e-2245-afd4-a8e08abf3d07">
      <Execution id="33b5862f-ebe0-4c33-b733-b06004896c39" />
      <TestMethod codeBase="/home/runner/work/aspnetcore/aspnetcore/artifacts/bin/Microsoft.AspNetCore.Components.Tests/Debug/net10.0/Microsoft.AspNetCore.Components.Tests.dll" adapterTypeName="executor://xunit/VsTestRunner3/netcore/" className="Microsoft.AspNetCore.Components.Routing.RoutePatternParserTests" name="Parse_MixedLiteralAndCatchAllParameter" />
    </UnitTest>
    <UnitTest name="Microsoft.AspNetCore.Components.Rendering.RenderTreeBuilderTest.CannotAddDelegateAttributeAtRoot" storage="/home/runner/work/aspnetcore/aspnetcore/artifacts/bin/microsoft.aspnetcore.components.tests/debug/net10.0/microsoft.aspnetcore.components.tests.dll" id="4d50b4bc-fb20-4b15-c696-86312cc6655b">
      <Execution id="2003a489-e0bb-45ef-a514-f87c48216b0f" />
      <TestMethod codeBase="/home/runner/work/aspnetcore/aspnetcore/artifacts/bin/Microsoft.AspNetCore.Components.Tests/Debug/net10.0/Microsoft.AspNetCore.Components.Tests.dll" adapterTypeName="executor://xunit/VsTestRunner3/netcore/" className="Microsoft.AspNetCore.Components.Rendering.RenderTreeBuilderTest" name="CannotAddDelegateAttributeAtRoot" />
    </UnitTest>
    <UnitTest name="Microsoft.AspNetCore.Components.Test.RendererTest.CanAsyncDispatchActionEventsToTopLevelComponents" storage="/home/runner/work/aspnetcore/aspnetcore/artifacts/bin/microsoft.aspnetcore.components.tests/debug/net10.0/microsoft.aspnetcore.components.tests.dll" id="2ea2195b-b7a5-1314-2954-98a12fc50d14">
      <Execution id="41164b13-e537-41f2-9aee-f03e0c1c575a" />
      <TestMethod codeBase="/home/runner/work/aspnetcore/aspnetcore/artifacts/bin/Microsoft.AspNetCore.Components.Tests/Debug/net10.0/Microsoft.AspNetCore.Components.Tests.dll" adapterTypeName="executor://xunit/VsTestRunner3/netcore/" className="Microsoft.AspNetCore.Components.Test.RendererTest" name="CanAsyncDispatchActionEventsToTopLevelComponents" />
    </UnitTest>
    <UnitTest name="Microsoft.AspNetCore.Components.RenderTree.ArrayBuilderTest.DoubleDispose_DoesNotReturnBufferTwice" storage="/home/runner/work/aspnetcore/aspnetcore/artifacts/bin/microsoft.aspnetcore.components.tests/debug/net10.0/microsoft.aspnetcore.components.tests.dll" id="126e9b27-9086-add0-76df-2e01519124fe">
      <Execution id="7a027aca-6262-4ddb-8638-8267da1f63ae" />
      <TestMethod codeBase="/home/runner/work/aspnetcore/aspnetcore/artifacts/bin/Microsoft.AspNetCore.Components.Tests/Debug/net10.0/Microsoft.AspNetCore.Components.Tests.dll" adapterTypeName="executor://xunit/VsTestRunner3/netcore/" className="Microsoft.AspNetCore.Components.RenderTree.ArrayBuilderTest" name="DoubleDispose_DoesNotReturnBufferTwice" />
    </UnitTest>
    <UnitTest name="Microsoft.AspNetCore.Components.Test.RenderTreeDiffBuilderTest.AttributeDiff_WithSameSequenceNumber_AttributeAddedInMiddle" storage="/home/runner/work/aspnetcore/aspnetcore/artifacts/bin/microsoft.aspnetcore.components.tests/debug/net10.0/microsoft.aspnetcore.components.tests.dll" id="ec66d659-3f65-d6bb-0884-6e3826c8864e">
      <Execution id="02380f16-3922-452b-9c58-60db52bc6ffa" />
      <TestMethod codeBase="/home/runner/work/aspnetcore/aspnetcore/artifacts/bin/Microsoft.AspNetCore.Components.Tests/Debug/net10.0/Microsoft.AspNetCore.Components.Tests.dll" adapterTypeName="executor://xunit/VsTestRunner3/netcore/" className="Microsoft.AspNetCore.Components.Test.RenderTreeDiffBuilderTest" name="AttributeDiff_WithSameSequenceNumber_AttributeAddedInMiddle" />
    </UnitTest>
    <UnitTest name="Microsoft.AspNetCore.Components.ParameterViewTest.SettingCaptureUnmatchedValuesParameterWithUnmatchedValuesWorks" storage="/home/runner/work/aspnetcore/aspnetcore/artifacts/bin/microsoft.aspnetcore.components.tests/debug/net10.0/microsoft.aspnetcore.components.tests.dll" id="ff7cf126-3f50-6353-bdb8-6e1a4f043d22">
      <Execution id="6c464d17-1eb8-46f3-8bc6-9d4a7202197d" />
      <TestMethod codeBase="/home/runner/work/aspnetcore/aspnetcore/artifacts/bin/Microsoft.AspNetCore.Components.Tests/Debug/net10.0/Microsoft.AspNetCore.Components.Tests.dll" adapterTypeName="executor://xunit/VsTestRunner3/netcore/" className="Microsoft.AspNetCore.Components.ParameterViewTest" name="SettingCaptureUnmatchedValuesParameterWithUnmatchedValuesWorks" />
    </UnitTest>
    <UnitTest name="Microsoft.AspNetCore.Components.Test.RenderTreeDiffBuilderTest.HandlesAdjacentItemsBeingRemovedAndInsertedAtOnce" storage="/home/runner/work/aspnetcore/aspnetcore/artifacts/bin/microsoft.aspnetcore.components.tests/debug/net10.0/microsoft.aspnetcore.components.tests.dll" id="e3421d6f-c005-7ae0-7267-75090d5d450a">
      <Execution id="17a097bf-c7a9-44f7-8922-1387106ebfd7" />
      <TestMethod codeBase="/home/runner/work/aspnetcore/aspnetcore/artifacts/bin/Microsoft.AspNetCore.Components.Tests/Debug/net10.0/Microsoft.AspNetCore.Components.Tests.dll" adapterTypeName="executor://xunit/VsTestRunner3/netcore/" className="Microsoft.AspNetCore.Components.Test.RenderTreeDiffBuilderTest" name="HandlesAdjacentItemsBeingRemovedAndInsertedAtOnce" />
    </UnitTest>
    <UnitTest name="Microsoft.AspNetCore.Components.NavigationManagerTest.GetUriWithQueryParameter_RemovesWhenParameterValueIsNull(baseUri: &quot;scheme://host/?full%20name=&amp;age=42#hash&quot;, expectedUri: &quot;scheme://host/?age=42#hash&quot;)" storage="/home/runner/work/aspnetcore/aspnetcore/artifacts/bin/microsoft.aspnetcore.components.tests/debug/net10.0/microsoft.aspnetcore.components.tests.dll" id="c817fb59-16a0-5c16-2dac-873ea13914d3">
      <Execution id="3b5804c0-c780-435f-9100-f29e2e5d991b" />
      <TestMethod codeBase="/home/runner/work/aspnetcore/aspnetcore/artifacts/bin/Microsoft.AspNetCore.Components.Tests/Debug/net10.0/Microsoft.AspNetCore.Components.Tests.dll" adapterTypeName="executor://xunit/VsTestRunner3/netcore/" className="Microsoft.AspNetCore.Components.NavigationManagerTest" name="GetUriWithQueryParameter_RemovesWhenParameterValueIsNull" />
    </UnitTest>
    <UnitTest name="Microsoft.AspNetCore.Components.RenderTree.ArrayBuilderTest.AppendArray_CopySubset" storage="/home/runner/work/aspnetcore/aspnetcore/artifacts/bin/microsoft.aspnetcore.components.tests/debug/net10.0/microsoft.aspnetcore.components.tests.dll" id="0105ab61-b4ce-b60c-0a0f-26130cf6e624">
      <Execution id="b9a80d52-3bfb-40ab-8863-eb072094b108" />
      <TestMethod codeBase="/home/runner/work/aspnetcore/aspnetcore/artifacts/bin/Microsoft.AspNetCore.Components.Tests/Debug/net10.0/Microsoft.AspNetCore.Components.Tests.dll" adapterTypeName="executor://xunit/VsTestRunner3/netcore/" className="Microsoft.AspNetCore.Components.RenderTree.ArrayBuilderTest" name="AppendArray_CopySubset" />
    </UnitTest>
    <UnitTest name="Microsoft.AspNetCore.Components.Routing.QueryParameterValueSupplierTest.SuppliesNullForValueTypesIfNotSpecified(query: &quot;?unrelated=123&quot;)" storage="/home/runner/work/aspnetcore/aspnetcore/artifacts/bin/microsoft.aspnetcore.components.tests/debug/net10.0/microsoft.aspnetcore.components.tests.dll" id="f3ddd03e-1411-577c-cba1-497543af4d7a">
      <Execution id="e48ca167-ae2a-4741-906e-f2595ff575f1" />
      <TestMethod codeBase="/home/runner/work/aspnetcore/aspnetcore/artifacts/bin/Microsoft.AspNetCore.Components.Tests/Debug/net10.0/Microsoft.AspNetCore.Components.Tests.dll" adapterTypeName="executor://xunit/VsTestRunner3/netcore/" className="Microsoft.AspNetCore.Components.Routing.QueryParameterValueSupplierTest" name="SuppliesNullForValueTypesIfNotSpecified" />
    </UnitTest>
    <UnitTest name="Microsoft.AspNetCore.Components.ComponentsMetricsTest.CaptureEventDuration_RecordsSuccessMetric" storage="/home/runner/work/aspnetcore/aspnetcore/artifacts/bin/microsoft.aspnetcore.components.tests/debug/net10.0/microsoft.aspnetcore.components.tests.dll" id="a3c8ed5d-3a6e-a49a-1e69-d3d0339835de">
      <Execution id="fa142182-572b-47f8-be7f-38602aff0650" />
      <TestMethod codeBase="/home/runner/work/aspnetcore/aspnetcore/artifacts/bin/Microsoft.AspNetCore.Components.Tests/Debug/net10.0/Microsoft.AspNetCore.Components.Tests.dll" adapterTypeName="executor://xunit/VsTestRunner3/netcore/" className="Microsoft.AspNetCore.Components.ComponentsMetricsTest" name="CaptureEventDuration_RecordsSuccessMetric" />
    </UnitTest>
    <UnitTest name="Microsoft.AspNetCore.Components.Test.CascadingParameterTest.CanAddSubscriberDuringChangeNotification" storage="/home/runner/work/aspnetcore/aspnetcore/artifacts/bin/microsoft.aspnetcore.components.tests/debug/net10.0/microsoft.aspnetcore.components.tests.dll" id="a06fb1af-0392-bf35-0380-de619cf9d5fe">
      <Execution id="434e97b5-abdd-4a7d-9523-c54c20f71345" />
      <TestMethod codeBase="/home/runner/work/aspnetcore/aspnetcore/artifacts/bin/Microsoft.AspNetCore.Components.Tests/Debug/net10.0/Microsoft.AspNetCore.Components.Tests.dll" adapterTypeName="executor://xunit/VsTestRunner3/netcore/" className="Microsoft.AspNetCore.Components.Test.CascadingParameterTest" name="CanAddSubscriberDuringChangeNotification" />
    </UnitTest>
    <UnitTest name="Microsoft.AspNetCore.Components.Rendering.RendererSynchronizationContextTest.Send_CanRunSynchronously_Exception" storage="/home/runner/work/aspnetcore/aspnetcore/artifacts/bin/microsoft.aspnetcore.components.tests/debug/net10.0/microsoft.aspnetcore.components.tests.dll" id="455deff3-36a6-ac26-6b9e-60f872099d3b">
      <Execution id="12be6058-0f08-4d6b-b9b7-3ba63c010554" />
      <TestMethod codeBase="/home/runner/work/aspnetcore/aspnetcore/artifacts/bin/Microsoft.AspNetCore.Components.Tests/Debug/net10.0/Microsoft.AspNetCore.Components.Tests.dll" adapterTypeName="executor://xunit/VsTestRunner3/netcore/" className="Microsoft.AspNetCore.Components.Rendering.RendererSynchronizationContextTest" name="Send_CanRunSynchronously_Exception" />
    </UnitTest>
    <UnitTest name="Microsoft.AspNetCore.Components.Test.RendererTest.CanTriggerRenderingSynchronouslyFromInsideAfterRenderCallback" storage="/home/runner/work/aspnetcore/aspnetcore/artifacts/bin/microsoft.aspnetcore.components.tests/debug/net10.0/microsoft.aspnetcore.components.tests.dll" id="38ea0647-de16-d68e-efd2-38377faab21a">
      <Execution id="1e5a390e-6d53-47e7-ad37-198154b9cd69" />
      <TestMethod codeBase="/home/runner/work/aspnetcore/aspnetcore/artifacts/bin/Microsoft.AspNetCore.Components.Tests/Debug/net10.0/Microsoft.AspNetCore.Components.Tests.dll" adapterTypeName="executor://xunit/VsTestRunner3/netcore/" className="Microsoft.AspNetCore.Components.Test.RendererTest" name="CanTriggerRenderingSynchronouslyFromInsideAfterRenderCallback" />
    </UnitTest>
    <UnitTest name="Microsoft.AspNetCore.Components.NavigationManagerTest.LocationChangingHandlers_CanContinueTheNavigationSynchronously_WhenMultipleHandlersAreRegistered" storage="/home/runner/work/aspnetcore/aspnetcore/artifacts/bin/microsoft.aspnetcore.components.tests/debug/net10.0/microsoft.aspnetcore.components.tests.dll" id="259d84d8-a34e-7098-bac3-954163732a30">
      <Execution id="d2eb6c72-e520-4793-8410-74e1b5843ec2" />
      <TestMethod codeBase="/home/runner/work/aspnetcore/aspnetcore/artifacts/bin/Microsoft.AspNetCore.Components.Tests/Debug/net10.0/Microsoft.AspNetCore.Components.Tests.dll" adapterTypeName="executor://xunit/VsTestRunner3/netcore/" className="Microsoft.AspNetCore.Components.NavigationManagerTest" name="LocationChangingHandlers_CanContinueTheNavigationSynchronously_WhenMultipleHandlersAreRegistered" />
    </UnitTest>
    <UnitTest name="Microsoft.AspNetCore.Components.Test.RendererTest.CanAddAndRenderNewRootComponentsWhileNotQuiescent" storage="/home/runner/work/aspnetcore/aspnetcore/artifacts/bin/microsoft.aspnetcore.components.tests/debug/net10.0/microsoft.aspnetcore.components.tests.dll" id="df1d38e9-4604-acb5-a80e-7be7bf8c947c">
      <Execution id="c0c02551-2dee-44e0-8407-db7f02dd3ff8" />
      <TestMethod codeBase="/home/runner/work/aspnetcore/aspnetcore/artifacts/bin/Microsoft.AspNetCore.Components.Tests/Debug/net10.0/Microsoft.AspNetCore.Components.Tests.dll" adapterTypeName="executor://xunit/VsTestRunner3/netcore/" className="Microsoft.AspNetCore.Components.Test.RendererTest" name="CanAddAndRenderNewRootComponentsWhileNotQuiescent" />
    </UnitTest>
    <UnitTest name="Microsoft.AspNetCore.Components.Routing.RouteTableFactoryTests.CanMatchOptionalParameterWithConstraint(template: &quot;/optional/{value:decimal?}&quot;, contextUrl: &quot;/optional/&quot;, convertedValue: null)" storage="/home/runner/work/aspnetcore/aspnetcore/artifacts/bin/microsoft.aspnetcore.components.tests/debug/net10.0/microsoft.aspnetcore.components.tests.dll" id="536aaee6-86fe-69b6-7612-60a8fd8ec277">
      <Execution id="5ad9eb76-3f8b-49c1-84c9-c3971c3fe3fc" />
      <TestMethod codeBase="/home/runner/work/aspnetcore/aspnetcore/artifacts/bin/Microsoft.AspNetCore.Components.Tests/Debug/net10.0/Microsoft.AspNetCore.Components.Tests.dll" adapterTypeName="executor://xunit/VsTestRunner3/netcore/" className="Microsoft.AspNetCore.Components.Routing.RouteTableFactoryTests" name="CanMatchOptionalParameterWithConstraint" />
    </UnitTest>
    <UnitTest name="Microsoft.AspNetCore.Components.ComponentApplicationStateTest.TryRetrieveState_ReturnsStateWhenItExists" storage="/home/runner/work/aspnetcore/aspnetcore/artifacts/bin/microsoft.aspnetcore.components.tests/debug/net10.0/microsoft.aspnetcore.components.tests.dll" id="3b8c1ae0-931c-1394-7fe4-6b32a66aa0d2">
      <Execution id="8a26aa5f-3a15-4da5-a4de-200d0c62c13e" />
      <TestMethod codeBase="/home/runner/work/aspnetcore/aspnetcore/artifacts/bin/Microsoft.AspNetCore.Components.Tests/Debug/net10.0/Microsoft.AspNetCore.Components.Tests.dll" adapterTypeName="executor://xunit/VsTestRunner3/netcore/" className="Microsoft.AspNetCore.Components.ComponentApplicationStateTest" name="TryRetrieveState_ReturnsStateWhenItExists" />
    </UnitTest>
    <UnitTest name="Microsoft.AspNetCore.Components.Rendering.RendererSynchronizationContextTest.InvokeAsync_SyncWorkInAsyncTaskIsCompletedFirst" storage="/home/runner/work/aspnetcore/aspnetcore/artifacts/bin/microsoft.aspnetcore.components.tests/debug/net10.0/microsoft.aspnetcore.components.tests.dll" id="84668c7d-98a4-7570-225d-d17038a1f1cc">
      <Execution id="bba24749-61aa-49e1-9e57-4655b12d2fd1" />
      <TestMethod codeBase="/home/runner/work/aspnetcore/aspnetcore/artifacts/bin/Microsoft.AspNetCore.Components.Tests/Debug/net10.0/Microsoft.AspNetCore.Components.Tests.dll" adapterTypeName="executor://xunit/VsTestRunner3/netcore/" className="Microsoft.AspNetCore.Components.Rendering.RendererSynchronizationContextTest" name="InvokeAsync_SyncWorkInAsyncTaskIsCompletedFirst" />
    </UnitTest>
    <UnitTest name="Microsoft.AspNetCore.Components.Test.RenderTreeDiffBuilderTest.RecognizesSimultaneousKeyedComponentInsertionsAndDeletions" storage="/home/runner/work/aspnetcore/aspnetcore/artifacts/bin/microsoft.aspnetcore.components.tests/debug/net10.0/microsoft.aspnetcore.components.tests.dll" id="e8f94d2d-fca6-e6c8-ae9d-d530e83c8c48">
      <Execution id="3fc53411-4cf5-43de-9238-2a80ca8bce9a" />
      <TestMethod codeBase="/home/runner/work/aspnetcore/aspnetcore/artifacts/bin/Microsoft.AspNetCore.Components.Tests/Debug/net10.0/Microsoft.AspNetCore.Components.Tests.dll" adapterTypeName="executor://xunit/VsTestRunner3/netcore/" className="Microsoft.AspNetCore.Components.Test.RenderTreeDiffBuilderTest" name="RecognizesSimultaneousKeyedComponentInsertionsAndDeletions" />
    </UnitTest>
    <UnitTest name="Microsoft.AspNetCore.Components.ResourceAssetCollectionTest.ResourceAsset_WithSourceGenerationContext_CanSerializeAndDeserializeWithRespectRequiredConstructorParameters" storage="/home/runner/work/aspnetcore/aspnetcore/artifacts/bin/microsoft.aspnetcore.components.tests/debug/net10.0/microsoft.aspnetcore.components.tests.dll" id="789308f3-c6e9-5304-5359-b6966554d4a2">
      <Execution id="0d758620-b7f8-4f77-a22d-6f5634a06718" />
      <TestMethod codeBase="/home/runner/work/aspnetcore/aspnetcore/artifacts/bin/Microsoft.AspNetCore.Components.Tests/Debug/net10.0/Microsoft.AspNetCore.Components.Tests.dll" adapterTypeName="executor://xunit/VsTestRunner3/netcore/" className="Microsoft.AspNetCore.Components.ResourceAssetCollectionTest" name="ResourceAsset_WithSourceGenerationContext_CanSerializeAndDeserializeWithRespectRequiredConstructorParameters" />
    </UnitTest>
    <UnitTest name="Microsoft.AspNetCore.Components.ComponentApplicationStateTest.TryRetrieveFromJson_DeserializesTheDataFromJson" storage="/home/runner/work/aspnetcore/aspnetcore/artifacts/bin/microsoft.aspnetcore.components.tests/debug/net10.0/microsoft.aspnetcore.components.tests.dll" id="f2be466a-9478-63ea-1859-e5408558f8cc">
      <Execution id="fbdf8602-ce9b-4ae7-924c-a42b7a297078" />
      <TestMethod codeBase="/home/runner/work/aspnetcore/aspnetcore/artifacts/bin/Microsoft.AspNetCore.Components.Tests/Debug/net10.0/Microsoft.AspNetCore.Components.Tests.dll" adapterTypeName="executor://xunit/VsTestRunner3/netcore/" className="Microsoft.AspNetCore.Components.ComponentApplicationStateTest" name="TryRetrieveFromJson_DeserializesTheDataFromJson" />
    </UnitTest>
    <UnitTest name="Microsoft.AspNetCore.Components.Routing.RouteTableFactoryTests.DoesNotThrowForNonAmbiguousRoutes(first: &quot;literal/{optional?}&quot;, second: &quot;literal/{optional:int?}&quot;)" storage="/home/runner/work/aspnetcore/aspnetcore/artifacts/bin/microsoft.aspnetcore.components.tests/debug/net10.0/microsoft.aspnetcore.components.tests.dll" id="9c96bea9-71d6-919f-991b-f09a016aab82">
      <Execution id="320b0f35-b728-427a-be31-5d48c02c6486" />
      <TestMethod codeBase="/home/runner/work/aspnetcore/aspnetcore/artifacts/bin/Microsoft.AspNetCore.Components.Tests/Debug/net10.0/Microsoft.AspNetCore.Components.Tests.dll" adapterTypeName="executor://xunit/VsTestRunner3/netcore/" className="Microsoft.AspNetCore.Components.Routing.RouteTableFactoryTests" name="DoesNotThrowForNonAmbiguousRoutes" />
    </UnitTest>
    <UnitTest name="Microsoft.AspNetCore.Components.Rendering.RenderTreeBuilderTest.CannotAddNamedEventWithEmptyAssignedName" storage="/home/runner/work/aspnetcore/aspnetcore/artifacts/bin/microsoft.aspnetcore.components.tests/debug/net10.0/microsoft.aspnetcore.components.tests.dll" id="82af7b2a-73d0-b8d4-1f6b-6e92f5eadad4">
      <Execution id="c2ba74dd-6295-4b74-bdd3-e36f1c3fa468" />
      <TestMethod codeBase="/home/runner/work/aspnetcore/aspnetcore/artifacts/bin/Microsoft.AspNetCore.Components.Tests/Debug/net10.0/Microsoft.AspNetCore.Components.Tests.dll" adapterTypeName="executor://xunit/VsTestRunner3/netcore/" className="Microsoft.AspNetCore.Components.Rendering.RenderTreeBuilderTest" name="CannotAddNamedEventWithEmptyAssignedName" />
    </UnitTest>
    <UnitTest name="Microsoft.AspNetCore.Components.Test.RendererTest.ComponentCannotTriggerRenderBeforeRenderHandleAssigned" storage="/home/runner/work/aspnetcore/aspnetcore/artifacts/bin/microsoft.aspnetcore.components.tests/debug/net10.0/microsoft.aspnetcore.components.tests.dll" id="75db3207-0c10-13f9-f04f-afdb47730d95">
      <Execution id="831e380f-74a8-4fc1-9e5e-d1bb2a000faf" />
      <TestMethod codeBase="/home/runner/work/aspnetcore/aspnetcore/artifacts/bin/Microsoft.AspNetCore.Components.Tests/Debug/net10.0/Microsoft.AspNetCore.Components.Tests.dll" adapterTypeName="executor://xunit/VsTestRunner3/netcore/" className="Microsoft.AspNetCore.Components.Test.RendererTest" name="ComponentCannotTriggerRenderBeforeRenderHandleAssigned" />
    </UnitTest>
    <UnitTest name="Microsoft.AspNetCore.Components.ComponentFactoryTest.InstantiateComponent_CreatesInstance_WithTypeActivation" storage="/home/runner/work/aspnetcore/aspnetcore/artifacts/bin/microsoft.aspnetcore.components.tests/debug/net10.0/microsoft.aspnetcore.components.tests.dll" id="b5db854b-1b0c-04e8-29d5-c4f5370952c6">
      <Execution id="26b5ce60-c177-4c33-971d-6f5abaeed944" />
      <TestMethod codeBase="/home/runner/work/aspnetcore/aspnetcore/artifacts/bin/Microsoft.AspNetCore.Components.Tests/Debug/net10.0/Microsoft.AspNetCore.Components.Tests.dll" adapterTypeName="executor://xunit/VsTestRunner3/netcore/" className="Microsoft.AspNetCore.Components.ComponentFactoryTest" name="InstantiateComponent_CreatesInstance_WithTypeActivation" />
    </UnitTest>
    <UnitTest name="Microsoft.AspNetCore.Components.Rendering.RenderTreeBuilderTest.AddAttribute_Component_ObjectUIEventHandleValue_SetsAttributeValue" storage="/home/runner/work/aspnetcore/aspnetcore/artifacts/bin/microsoft.aspnetcore.components.tests/debug/net10.0/microsoft.aspnetcore.components.tests.dll" id="691c279d-31ce-a913-a582-b67e5b670a03">
      <Execution id="7f9d8712-fe16-4e20-9702-7adcd4a68c8a" />
      <TestMethod codeBase="/home/runner/work/aspnetcore/aspnetcore/artifacts/bin/Microsoft.AspNetCore.Components.Tests/Debug/net10.0/Microsoft.AspNetCore.Components.Tests.dll" adapterTypeName="executor://xunit/VsTestRunner3/netcore/" className="Microsoft.AspNetCore.Components.Rendering.RenderTreeBuilderTest" name="AddAttribute_Component_ObjectUIEventHandleValue_SetsAttributeValue" />
    </UnitTest>
    <UnitTest name="Microsoft.AspNetCore.Components.NavigationManagerTest.ComputesCorrectValidBaseRelativePaths(baseUri: &quot;scheme://host/&quot;, uri: &quot;scheme://host/path&quot;, expectedResult: &quot;path&quot;)" storage="/home/runner/work/aspnetcore/aspnetcore/artifacts/bin/microsoft.aspnetcore.components.tests/debug/net10.0/microsoft.aspnetcore.components.tests.dll" id="7dc4f63b-e6ce-5ea2-9502-4ee57efab7a9">
      <Execution id="270754d6-8ed2-455a-8f04-78c0d66b411a" />
      <TestMethod codeBase="/home/runner/work/aspnetcore/aspnetcore/artifacts/bin/Microsoft.AspNetCore.Components.Tests/Debug/net10.0/Microsoft.AspNetCore.Components.Tests.dll" adapterTypeName="executor://xunit/VsTestRunner3/netcore/" className="Microsoft.AspNetCore.Components.NavigationManagerTest" name="ComputesCorrectValidBaseRelativePaths" />
    </UnitTest>
    <UnitTest name="Microsoft.AspNetCore.Components.Rendering.RendererSynchronizationContextTest.InvokeAsync_Action_CanRunAsynchronously_WhenBusy" storage="/home/runner/work/aspnetcore/aspnetcore/artifacts/bin/microsoft.aspnetcore.components.tests/debug/net10.0/microsoft.aspnetcore.components.tests.dll" id="23c2b77c-eb2f-50fb-3ae6-f5a8ad9954fc">
      <Execution id="6d0211d3-77c4-4ef5-8103-f349bdbe022f" />
      <TestMethod codeBase="/home/runner/work/aspnetcore/aspnetcore/artifacts/bin/Microsoft.AspNetCore.Components.Tests/Debug/net10.0/Microsoft.AspNetCore.Components.Tests.dll" adapterTypeName="executor://xunit/VsTestRunner3/netcore/" className="Microsoft.AspNetCore.Components.Rendering.RendererSynchronizationContextTest" name="InvokeAsync_Action_CanRunAsynchronously_WhenBusy" />
    </UnitTest>
    <UnitTest name="Microsoft.AspNetCore.Components.ComponentsActivitySourceTest.StartRouteActivity_HandlesNullValues" storage="/home/runner/work/aspnetcore/aspnetcore/artifacts/bin/microsoft.aspnetcore.components.tests/debug/net10.0/microsoft.aspnetcore.components.tests.dll" id="fee316e0-0268-df7c-f4e0-1f6785379901">
      <Execution id="58082be8-fc44-4d39-8fc0-73cfc6e48a72" />
      <TestMethod codeBase="/home/runner/work/aspnetcore/aspnetcore/artifacts/bin/Microsoft.AspNetCore.Components.Tests/Debug/net10.0/Microsoft.AspNetCore.Components.Tests.dll" adapterTypeName="executor://xunit/VsTestRunner3/netcore/" className="Microsoft.AspNetCore.Components.ComponentsActivitySourceTest" name="StartRouteActivity_HandlesNullValues" />
    </UnitTest>
    <UnitTest name="Microsoft.AspNetCore.Components.Test.CascadingParameterTest.AfterSupplyingValueThroughNotifyChanged_InitialValueFactoryIsNotUsed" storage="/home/runner/work/aspnetcore/aspnetcore/artifacts/bin/microsoft.aspnetcore.components.tests/debug/net10.0/microsoft.aspnetcore.components.tests.dll" id="d6ce2fbe-fee7-ba01-b076-812fc1c5f4e6">
      <Execution id="36afeadb-5dc0-4947-8dd2-eb27f8d78427" />
      <TestMethod codeBase="/home/runner/work/aspnetcore/aspnetcore/artifacts/bin/Microsoft.AspNetCore.Components.Tests/Debug/net10.0/Microsoft.AspNetCore.Components.Tests.dll" adapterTypeName="executor://xunit/VsTestRunner3/netcore/" className="Microsoft.AspNetCore.Components.Test.CascadingParameterTest" name="AfterSupplyingValueThroughNotifyChanged_InitialValueFactoryIsNotUsed" />
    </UnitTest>
    <UnitTest name="Microsoft.AspNetCore.Components.Test.RendererTest.DispatchEventAsync_EventCallbackOfT_AsynchronousCompletion" storage="/home/runner/work/aspnetcore/aspnetcore/artifacts/bin/microsoft.aspnetcore.components.tests/debug/net10.0/microsoft.aspnetcore.components.tests.dll" id="d1a21710-705a-475a-808d-65b0aad92f71">
      <Execution id="144ecc2a-26e0-4ca8-ac0c-3fc713f1b02e" />
      <TestMethod codeBase="/home/runner/work/aspnetcore/aspnetcore/artifacts/bin/Microsoft.AspNetCore.Components.Tests/Debug/net10.0/Microsoft.AspNetCore.Components.Tests.dll" adapterTypeName="executor://xunit/VsTestRunner3/netcore/" className="Microsoft.AspNetCore.Components.Test.RendererTest" name="DispatchEventAsync_EventCallbackOfT_AsynchronousCompletion" />
    </UnitTest>
    <UnitTest name="Microsoft.AspNetCore.Components.Test.RendererTest.DisposeCallsComponentDisposeOnSyncContext" storage="/home/runner/work/aspnetcore/aspnetcore/artifacts/bin/microsoft.aspnetcore.components.tests/debug/net10.0/microsoft.aspnetcore.components.tests.dll" id="443efaaf-b912-1dec-a0c1-59798b813375">
      <Execution id="fe1ffe88-cf61-452a-835f-c139d178b089" />
      <TestMethod codeBase="/home/runner/work/aspnetcore/aspnetcore/artifacts/bin/Microsoft.AspNetCore.Components.Tests/Debug/net10.0/Microsoft.AspNetCore.Components.Tests.dll" adapterTypeName="executor://xunit/VsTestRunner3/netcore/" className="Microsoft.AspNetCore.Components.Test.RendererTest" name="DisposeCallsComponentDisposeOnSyncContext" />
    </UnitTest>
    <UnitTest name="Microsoft.AspNetCore.Components.EventCallbackFactoryBinderExtensionsTest.CreateBinder_ThrowsSetterException" storage="/home/runner/work/aspnetcore/aspnetcore/artifacts/bin/microsoft.aspnetcore.components.tests/debug/net10.0/microsoft.aspnetcore.components.tests.dll" id="1506ab79-d31a-d54b-1312-24eb0a40dcb2">
      <Execution id="2d18ecae-2693-4407-a3aa-6513ad540dad" />
      <TestMethod codeBase="/home/runner/work/aspnetcore/aspnetcore/artifacts/bin/Microsoft.AspNetCore.Components.Tests/Debug/net10.0/Microsoft.AspNetCore.Components.Tests.dll" adapterTypeName="executor://xunit/VsTestRunner3/netcore/" className="Microsoft.AspNetCore.Components.EventCallbackFactoryBinderExtensionsTest" name="CreateBinder_ThrowsSetterException" />
    </UnitTest>
    <UnitTest name="Microsoft.AspNetCore.Components.BindConverterTest.FormatValue_DateOnly_Format" storage="/home/runner/work/aspnetcore/aspnetcore/artifacts/bin/microsoft.aspnetcore.components.tests/debug/net10.0/microsoft.aspnetcore.components.tests.dll" id="172844d2-54fa-b2e2-2ae4-a49bd6ecd4f7">
      <Execution id="6dcbda34-3e27-4abb-a72f-4b542b87fedb" />
      <TestMethod codeBase="/home/runner/work/aspnetcore/aspnetcore/artifacts/bin/Microsoft.AspNetCore.Components.Tests/Debug/net10.0/Microsoft.AspNetCore.Components.Tests.dll" adapterTypeName="executor://xunit/VsTestRunner3/netcore/" className="Microsoft.AspNetCore.Components.BindConverterTest" name="FormatValue_DateOnly_Format" />
    </UnitTest>
    <UnitTest name="Microsoft.AspNetCore.Components.Routing.RouteTableFactoryTests.DoesNotThrowForNonAmbiguousRoutes(first: &quot;{param1?}/{param2?}/{param3:int?}/{optional?}&quot;, second: &quot;{param1?}/{param2?}&quot;)" storage="/home/runner/work/aspnetcore/aspnetcore/artifacts/bin/microsoft.aspnetcore.components.tests/debug/net10.0/microsoft.aspnetcore.components.tests.dll" id="be8294a6-a301-88fb-ae9b-6b208a5f3ec3">
      <Execution id="fb26e8ef-7175-4581-b6e3-55661347146e" />
      <TestMethod codeBase="/home/runner/work/aspnetcore/aspnetcore/artifacts/bin/Microsoft.AspNetCore.Components.Tests/Debug/net10.0/Microsoft.AspNetCore.Components.Tests.dll" adapterTypeName="executor://xunit/VsTestRunner3/netcore/" className="Microsoft.AspNetCore.Components.Routing.RouteTableFactoryTests" name="DoesNotThrowForNonAmbiguousRoutes" />
    </UnitTest>
    <UnitTest name="Microsoft.AspNetCore.Components.Routing.RouteTableFactoryTests.OptionalParameterPlusCatchAllRoute(template: &quot;/{parameter?}/{*catchAll}&quot;, path: &quot;/&quot;, parameterValue: null, catchAllValue: null)" storage="/home/runner/work/aspnetcore/aspnetcore/artifacts/bin/microsoft.aspnetcore.components.tests/debug/net10.0/microsoft.aspnetcore.components.tests.dll" id="c3b58f05-f403-9d45-f8b0-3874af07e835">
      <Execution id="37f9edb4-98d0-4682-8f58-cfa6709afd16" />
      <TestMethod codeBase="/home/runner/work/aspnetcore/aspnetcore/artifacts/bin/Microsoft.AspNetCore.Components.Tests/Debug/net10.0/Microsoft.AspNetCore.Components.Tests.dll" adapterTypeName="executor://xunit/VsTestRunner3/netcore/" className="Microsoft.AspNetCore.Components.Routing.RouteTableFactoryTests" name="OptionalParameterPlusCatchAllRoute" />
    </UnitTest>
    <UnitTest name="Microsoft.AspNetCore.Components.Test.RenderTreeDiffBuilderTest.RecognizesLeadingLoopBlockItemsBeingRemoved" storage="/home/runner/work/aspnetcore/aspnetcore/artifacts/bin/microsoft.aspnetcore.components.tests/debug/net10.0/microsoft.aspnetcore.components.tests.dll" id="ec9464fa-54e9-5e57-2c0c-f67ca173717c">
      <Execution id="08edeffe-5584-4869-870b-5e79423ab737" />
      <TestMethod codeBase="/home/runner/work/aspnetcore/aspnetcore/artifacts/bin/Microsoft.AspNetCore.Components.Tests/Debug/net10.0/Microsoft.AspNetCore.Components.Tests.dll" adapterTypeName="executor://xunit/VsTestRunner3/netcore/" className="Microsoft.AspNetCore.Components.Test.RenderTreeDiffBuilderTest" name="RecognizesLeadingLoopBlockItemsBeingRemoved" />
    </UnitTest>
    <UnitTest name="Microsoft.AspNetCore.Components.ParameterViewTest.WorksWhenDynamicCodeNotSupported" storage="/home/runner/work/aspnetcore/aspnetcore/artifacts/bin/microsoft.aspnetcore.components.tests/debug/net10.0/microsoft.aspnetcore.components.tests.dll" id="bce2d6d3-d6e9-4a28-b02a-873c89117904">
      <Execution id="3cbf2675-3516-4a7a-8889-ddd7c5918025" />
      <TestMethod codeBase="/home/runner/work/aspnetcore/aspnetcore/artifacts/bin/Microsoft.AspNetCore.Components.Tests/Debug/net10.0/Microsoft.AspNetCore.Components.Tests.dll" adapterTypeName="executor://xunit/VsTestRunner3/netcore/" className="Microsoft.AspNetCore.Components.ParameterViewTest" name="WorksWhenDynamicCodeNotSupported" />
    </UnitTest>
    <UnitTest name="Microsoft.AspNetCore.Components.Test.RenderTreeDiffBuilderTest.HandlesKeyBeingAdded" storage="/home/runner/work/aspnetcore/aspnetcore/artifacts/bin/microsoft.aspnetcore.components.tests/debug/net10.0/microsoft.aspnetcore.components.tests.dll" id="a4d0914a-fd2b-c5b4-8fe4-d39393b75899">
      <Execution id="b29a9209-c921-4453-9b53-9ea2b3b78c01" />
      <TestMethod codeBase="/home/runner/work/aspnetcore/aspnetcore/artifacts/bin/Microsoft.AspNetCore.Components.Tests/Debug/net10.0/Microsoft.AspNetCore.Components.Tests.dll" adapterTypeName="executor://xunit/VsTestRunner3/netcore/" className="Microsoft.AspNetCore.Components.Test.RenderTreeDiffBuilderTest" name="HandlesKeyBeingAdded" />
    </UnitTest>
    <UnitTest name="Microsoft.AspNetCore.Components.Routing.RouteTableFactoryTests.DoesNotThrowForNonAmbiguousRoutes(first: &quot;literal/{optional?}&quot;, second: &quot;/&quot;)" storage="/home/runner/work/aspnetcore/aspnetcore/artifacts/bin/microsoft.aspnetcore.components.tests/debug/net10.0/microsoft.aspnetcore.components.tests.dll" id="857ab7bb-3ad0-7e08-c32d-813858211a68">
      <Execution id="d0deed60-b8e8-4112-aa84-a5f0ef27682c" />
      <TestMethod codeBase="/home/runner/work/aspnetcore/aspnetcore/artifacts/bin/Microsoft.AspNetCore.Components.Tests/Debug/net10.0/Microsoft.AspNetCore.Components.Tests.dll" adapterTypeName="executor://xunit/VsTestRunner3/netcore/" className="Microsoft.AspNetCore.Components.Routing.RouteTableFactoryTests" name="DoesNotThrowForNonAmbiguousRoutes" />
    </UnitTest>
    <UnitTest name="Microsoft.AspNetCore.Components.Test.RendererTest.CanReRenderRootComponentsWithNewParameters" storage="/home/runner/work/aspnetcore/aspnetcore/artifacts/bin/microsoft.aspnetcore.components.tests/debug/net10.0/microsoft.aspnetcore.components.tests.dll" id="fecbf52a-f700-5648-1517-62af9643fe06">
      <Execution id="4e396f76-8bfc-4882-9664-b68a4901e0bc" />
      <TestMethod codeBase="/home/runner/work/aspnetcore/aspnetcore/artifacts/bin/Microsoft.AspNetCore.Components.Tests/Debug/net10.0/Microsoft.AspNetCore.Components.Tests.dll" adapterTypeName="executor://xunit/VsTestRunner3/netcore/" className="Microsoft.AspNetCore.Components.Test.RendererTest" name="CanReRenderRootComponentsWithNewParameters" />
    </UnitTest>
    <UnitTest name="Microsoft.AspNetCore.Components.Routing.QueryParameterValueSupplierTest.RejectsUnparseableArrayEntries(key: &quot;NullableFloatVals&quot;, validValue: &quot;1000&quot;, invalidValue: &quot;1e1000&quot;, targetType: typeof(float?))" storage="/home/runner/work/aspnetcore/aspnetcore/artifacts/bin/microsoft.aspnetcore.components.tests/debug/net10.0/microsoft.aspnetcore.components.tests.dll" id="71dcb4c0-9b4b-30a5-ccdc-962fe349147d">
      <Execution id="dbdbf68c-5a32-4498-8d44-2667059d4167" />
      <TestMethod codeBase="/home/runner/work/aspnetcore/aspnetcore/artifacts/bin/Microsoft.AspNetCore.Components.Tests/Debug/net10.0/Microsoft.AspNetCore.Components.Tests.dll" adapterTypeName="executor://xunit/VsTestRunner3/netcore/" className="Microsoft.AspNetCore.Components.Routing.QueryParameterValueSupplierTest" name="RejectsUnparseableArrayEntries" />
    </UnitTest>
    <UnitTest name="Microsoft.AspNetCore.Components.EventCallbackFactoryTest.CreateT_EventCallback_ReturnsInput" storage="/home/runner/work/aspnetcore/aspnetcore/artifacts/bin/microsoft.aspnetcore.components.tests/debug/net10.0/microsoft.aspnetcore.components.tests.dll" id="5b90c1d8-8835-03a2-b0d1-18389db2169b">
      <Execution id="6c373cfe-a0b4-4d29-9cb4-61235823c85b" />
      <TestMethod codeBase="/home/runner/work/aspnetcore/aspnetcore/artifacts/bin/Microsoft.AspNetCore.Components.Tests/Debug/net10.0/Microsoft.AspNetCore.Components.Tests.dll" adapterTypeName="executor://xunit/VsTestRunner3/netcore/" className="Microsoft.AspNetCore.Components.EventCallbackFactoryTest" name="CreateT_EventCallback_ReturnsInput" />
    </UnitTest>
    <UnitTest name="Microsoft.AspNetCore.Components.Rendering.RenderTreeBuilderTest.AddAttribute_Element_ObjectBoolFalse_IgnoresFrame" storage="/home/runner/work/aspnetcore/aspnetcore/artifacts/bin/microsoft.aspnetcore.components.tests/debug/net10.0/microsoft.aspnetcore.components.tests.dll" id="5875fd9b-f733-e8be-11e6-9e711dad7bc3">
      <Execution id="7602bb61-1d50-4734-bc2a-3eaf6baaedf7" />
      <TestMethod codeBase="/home/runner/work/aspnetcore/aspnetcore/artifacts/bin/Microsoft.AspNetCore.Components.Tests/Debug/net10.0/Microsoft.AspNetCore.Components.Tests.dll" adapterTypeName="executor://xunit/VsTestRunner3/netcore/" className="Microsoft.AspNetCore.Components.Rendering.RenderTreeBuilderTest" name="AddAttribute_Element_ObjectBoolFalse_IgnoresFrame" />
    </UnitTest>
    <UnitTest name="Microsoft.AspNetCore.Components.Test.ComponentBaseTest.RenderRootComponentAsync_ReportsErrorDuringOnInit" storage="/home/runner/work/aspnetcore/aspnetcore/artifacts/bin/microsoft.aspnetcore.components.tests/debug/net10.0/microsoft.aspnetcore.components.tests.dll" id="813d934d-4518-2b58-6193-ee9927807841">
      <Execution id="be15f533-ae95-48b1-a603-58aa4a21a8a1" />
      <TestMethod codeBase="/home/runner/work/aspnetcore/aspnetcore/artifacts/bin/Microsoft.AspNetCore.Components.Tests/Debug/net10.0/Microsoft.AspNetCore.Components.Tests.dll" adapterTypeName="executor://xunit/VsTestRunner3/netcore/" className="Microsoft.AspNetCore.Components.Test.ComponentBaseTest" name="RenderRootComponentAsync_ReportsErrorDuringOnInit" />
    </UnitTest>
    <UnitTest name="Microsoft.AspNetCore.Components.Routing.QueryParameterValueSupplierTest.DecodesKeysAndValues" storage="/home/runner/work/aspnetcore/aspnetcore/artifacts/bin/microsoft.aspnetcore.components.tests/debug/net10.0/microsoft.aspnetcore.components.tests.dll" id="3ba6ad00-da20-b6b3-3b93-0428a44fab1d">
      <Execution id="84bf37ee-0821-41be-9821-543187b181ee" />
      <TestMethod codeBase="/home/runner/work/aspnetcore/aspnetcore/artifacts/bin/Microsoft.AspNetCore.Components.Tests/Debug/net10.0/Microsoft.AspNetCore.Components.Tests.dll" adapterTypeName="executor://xunit/VsTestRunner3/netcore/" className="Microsoft.AspNetCore.Components.Routing.QueryParameterValueSupplierTest" name="DecodesKeysAndValues" />
    </UnitTest>
    <UnitTest name="Microsoft.AspNetCore.Components.Rendering.RenderTreeBuilderTest.AddAttribute_Element_ObjectEventCallback_Default_DoesNotAddFrame" storage="/home/runner/work/aspnetcore/aspnetcore/artifacts/bin/microsoft.aspnetcore.components.tests/debug/net10.0/microsoft.aspnetcore.components.tests.dll" id="80bcd6ba-b2f3-2ca0-060f-328653b77f7e">
      <Execution id="9d580aa8-d339-4b41-908b-5a980629f2be" />
      <TestMethod codeBase="/home/runner/work/aspnetcore/aspnetcore/artifacts/bin/Microsoft.AspNetCore.Components.Tests/Debug/net10.0/Microsoft.AspNetCore.Components.Tests.dll" adapterTypeName="executor://xunit/VsTestRunner3/netcore/" className="Microsoft.AspNetCore.Components.Rendering.RenderTreeBuilderTest" name="AddAttribute_Element_ObjectEventCallback_Default_DoesNotAddFrame" />
    </UnitTest>
    <UnitTest name="Microsoft.AspNetCore.Components.Test.RendererTest.DoesNotCallOnAfterRenderForComponentsNotRendered" storage="/home/runner/work/aspnetcore/aspnetcore/artifacts/bin/microsoft.aspnetcore.components.tests/debug/net10.0/microsoft.aspnetcore.components.tests.dll" id="15f13652-48ef-f054-6db9-ee15c6fd93f0">
      <Execution id="408a1af6-0472-4e21-b820-805975527926" />
      <TestMethod codeBase="/home/runner/work/aspnetcore/aspnetcore/artifacts/bin/Microsoft.AspNetCore.Components.Tests/Debug/net10.0/Microsoft.AspNetCore.Components.Tests.dll" adapterTypeName="executor://xunit/VsTestRunner3/netcore/" className="Microsoft.AspNetCore.Components.Test.RendererTest" name="DoesNotCallOnAfterRenderForComponentsNotRendered" />
    </UnitTest>
    <UnitTest name="Microsoft.AspNetCore.Components.Test.DependencyInjectionTest.SetsKeyedInjectablePropertyValueIfKeyedServiceIsRegistered" storage="/home/runner/work/aspnetcore/aspnetcore/artifacts/bin/microsoft.aspnetcore.components.tests/debug/net10.0/microsoft.aspnetcore.components.tests.dll" id="28a1b1bc-5f93-a8a0-f928-b85f6a685f03">
      <Execution id="9b1ff6dc-bb40-4b4c-8253-67f298009b82" />
      <TestMethod codeBase="/home/runner/work/aspnetcore/aspnetcore/artifacts/bin/Microsoft.AspNetCore.Components.Tests/Debug/net10.0/Microsoft.AspNetCore.Components.Tests.dll" adapterTypeName="executor://xunit/VsTestRunner3/netcore/" className="Microsoft.AspNetCore.Components.Test.DependencyInjectionTest" name="SetsKeyedInjectablePropertyValueIfKeyedServiceIsRegistered" />
    </UnitTest>
    <UnitTest name="Microsoft.AspNetCore.Components.ParameterViewTest.ThrowsIfTryGetExistingValueWithIncorrectType" storage="/home/runner/work/aspnetcore/aspnetcore/artifacts/bin/microsoft.aspnetcore.components.tests/debug/net10.0/microsoft.aspnetcore.components.tests.dll" id="30fa9209-d066-e423-381b-b8353c5b9b01">
      <Execution id="f1e68da9-d262-46b8-973f-b02c2929f9a3" />
      <TestMethod codeBase="/home/runner/work/aspnetcore/aspnetcore/artifacts/bin/Microsoft.AspNetCore.Components.Tests/Debug/net10.0/Microsoft.AspNetCore.Components.Tests.dll" adapterTypeName="executor://xunit/VsTestRunner3/netcore/" className="Microsoft.AspNetCore.Components.ParameterViewTest" name="ThrowsIfTryGetExistingValueWithIncorrectType" />
    </UnitTest>
    <UnitTest name="Microsoft.AspNetCore.Components.Test.RendererTest.ExceptionThrownFromAttach" storage="/home/runner/work/aspnetcore/aspnetcore/artifacts/bin/microsoft.aspnetcore.components.tests/debug/net10.0/microsoft.aspnetcore.components.tests.dll" id="25d9ea8d-3f77-8d80-8134-a3304da674d8">
      <Execution id="054b4fb2-77bf-4fbc-90cb-768feeb258ad" />
      <TestMethod codeBase="/home/runner/work/aspnetcore/aspnetcore/artifacts/bin/Microsoft.AspNetCore.Components.Tests/Debug/net10.0/Microsoft.AspNetCore.Components.Tests.dll" adapterTypeName="executor://xunit/VsTestRunner3/netcore/" className="Microsoft.AspNetCore.Components.Test.RendererTest" name="ExceptionThrownFromAttach" />
    </UnitTest>
    <UnitTest name="Microsoft.AspNetCore.Components.EventCallbackTest.EventCallback_FuncTTask_ArgMismatch" storage="/home/runner/work/aspnetcore/aspnetcore/artifacts/bin/microsoft.aspnetcore.components.tests/debug/net10.0/microsoft.aspnetcore.components.tests.dll" id="fcf32113-654e-0170-12a1-0fed2884a686">
      <Execution id="6329f56b-1e47-476f-8e74-0a537d9364af" />
      <TestMethod codeBase="/home/runner/work/aspnetcore/aspnetcore/artifacts/bin/Microsoft.AspNetCore.Components.Tests/Debug/net10.0/Microsoft.AspNetCore.Components.Tests.dll" adapterTypeName="executor://xunit/VsTestRunner3/netcore/" className="Microsoft.AspNetCore.Components.EventCallbackTest" name="EventCallback_FuncTTask_ArgMismatch" />
    </UnitTest>
    <UnitTest name="Microsoft.AspNetCore.Components.PersistentState.PersistentServicesRegistryTest.PersistStateAsync_RestoresStateForPersistedRegistrations" storage="/home/runner/work/aspnetcore/aspnetcore/artifacts/bin/microsoft.aspnetcore.components.tests/debug/net10.0/microsoft.aspnetcore.components.tests.dll" id="72cc5b50-54c9-3c8a-ddf0-28c5c8ad5f24">
      <Execution id="9d58ca1e-5a1b-4aa1-ad3d-8f7280cd8040" />
      <TestMethod codeBase="/home/runner/work/aspnetcore/aspnetcore/artifacts/bin/Microsoft.AspNetCore.Components.Tests/Debug/net10.0/Microsoft.AspNetCore.Components.Tests.dll" adapterTypeName="executor://xunit/VsTestRunner3/netcore/" className="Microsoft.AspNetCore.Components.PersistentState.PersistentServicesRegistryTest" name="PersistStateAsync_RestoresStateForPersistedRegistrations" />
    </UnitTest>
    <UnitTest name="Microsoft.AspNetCore.Components.Test.RendererTest.EventDispatching_EventCallback_AsyncNoTargetLambda" storage="/home/runner/work/aspnetcore/aspnetcore/artifacts/bin/microsoft.aspnetcore.components.tests/debug/net10.0/microsoft.aspnetcore.components.tests.dll" id="ec336f4c-688d-a70b-f869-a979e649d734">
      <Execution id="01668ee6-a5e6-49c4-827c-fd458ccb56ef" />
      <TestMethod codeBase="/home/runner/work/aspnetcore/aspnetcore/artifacts/bin/Microsoft.AspNetCore.Components.Tests/Debug/net10.0/Microsoft.AspNetCore.Components.Tests.dll" adapterTypeName="executor://xunit/VsTestRunner3/netcore/" className="Microsoft.AspNetCore.Components.Test.RendererTest" name="EventDispatching_EventCallback_AsyncNoTargetLambda" />
    </UnitTest>
    <UnitTest name="Microsoft.AspNetCore.Components.Rendering.RenderTreeBuilderTest.AddAttribute_Element_ObjectEventHandler_AddsFrame" storage="/home/runner/work/aspnetcore/aspnetcore/artifacts/bin/microsoft.aspnetcore.components.tests/debug/net10.0/microsoft.aspnetcore.components.tests.dll" id="977c73f4-fd1b-0456-8ef8-c349ad80659c">
      <Execution id="7b25d21d-4ab1-4bcd-9970-d53b74effc9b" />
      <TestMethod codeBase="/home/runner/work/aspnetcore/aspnetcore/artifacts/bin/Microsoft.AspNetCore.Components.Tests/Debug/net10.0/Microsoft.AspNetCore.Components.Tests.dll" adapterTypeName="executor://xunit/VsTestRunner3/netcore/" className="Microsoft.AspNetCore.Components.Rendering.RenderTreeBuilderTest" name="AddAttribute_Element_ObjectEventHandler_AddsFrame" />
    </UnitTest>
    <UnitTest name="Microsoft.AspNetCore.Components.NavigationManagerTest.ComputesCorrectValidBaseRelativePaths(baseUri: &quot;scheme://host/&quot;, uri: &quot;scheme://host/&quot;, expectedResult: &quot;&quot;)" storage="/home/runner/work/aspnetcore/aspnetcore/artifacts/bin/microsoft.aspnetcore.components.tests/debug/net10.0/microsoft.aspnetcore.components.tests.dll" id="28c54b65-ba6d-244c-23c3-4502fd483c04">
      <Execution id="e283b8e3-bec9-4b32-ae1e-4e9de0c71e95" />
      <TestMethod codeBase="/home/runner/work/aspnetcore/aspnetcore/artifacts/bin/Microsoft.AspNetCore.Components.Tests/Debug/net10.0/Microsoft.AspNetCore.Components.Tests.dll" adapterTypeName="executor://xunit/VsTestRunner3/netcore/" className="Microsoft.AspNetCore.Components.NavigationManagerTest" name="ComputesCorrectValidBaseRelativePaths" />
    </UnitTest>
    <UnitTest name="Microsoft.AspNetCore.Components.Test.CascadingParameterTest.CascadingValueThrowsIfFixedFlagChangesToFalse" storage="/home/runner/work/aspnetcore/aspnetcore/artifacts/bin/microsoft.aspnetcore.components.tests/debug/net10.0/microsoft.aspnetcore.components.tests.dll" id="131a353d-64dc-1d2e-161a-4a477c98bbc2">
      <Execution id="21d2b764-d626-4730-b1fb-1acc9c594015" />
      <TestMethod codeBase="/home/runner/work/aspnetcore/aspnetcore/artifacts/bin/Microsoft.AspNetCore.Components.Tests/Debug/net10.0/Microsoft.AspNetCore.Components.Tests.dll" adapterTypeName="executor://xunit/VsTestRunner3/netcore/" className="Microsoft.AspNetCore.Components.Test.CascadingParameterTest" name="CascadingValueThrowsIfFixedFlagChangesToFalse" />
    </UnitTest>
    <UnitTest name="Microsoft.AspNetCore.Components.EventCallbackFactoryTest.CreateT_ActionT_AlreadyBoundToReceiver" storage="/home/runner/work/aspnetcore/aspnetcore/artifacts/bin/microsoft.aspnetcore.components.tests/debug/net10.0/microsoft.aspnetcore.components.tests.dll" id="68170cb8-230b-d544-40ee-1225986855a7">
      <Execution id="48138a07-e080-49d0-9298-f864760002af" />
      <TestMethod codeBase="/home/runner/work/aspnetcore/aspnetcore/artifacts/bin/Microsoft.AspNetCore.Components.Tests/Debug/net10.0/Microsoft.AspNetCore.Components.Tests.dll" adapterTypeName="executor://xunit/VsTestRunner3/netcore/" className="Microsoft.AspNetCore.Components.EventCallbackFactoryTest" name="CreateT_ActionT_AlreadyBoundToReceiver" />
    </UnitTest>
    <UnitTest name="Microsoft.AspNetCore.Components.Test.RendererTest.AsynchronousCancelledTasks_HandleAfterRender_Works" storage="/home/runner/work/aspnetcore/aspnetcore/artifacts/bin/microsoft.aspnetcore.components.tests/debug/net10.0/microsoft.aspnetcore.components.tests.dll" id="8c66ed6a-c142-f4bf-b68a-07f6fe8c7b21">
      <Execution id="aed56de0-9ec1-418c-ae4b-17ea441fdd13" />
      <TestMethod codeBase="/home/runner/work/aspnetcore/aspnetcore/artifacts/bin/Microsoft.AspNetCore.Components.Tests/Debug/net10.0/Microsoft.AspNetCore.Components.Tests.dll" adapterTypeName="executor://xunit/VsTestRunner3/netcore/" className="Microsoft.AspNetCore.Components.Test.RendererTest" name="AsynchronousCancelledTasks_HandleAfterRender_Works" />
    </UnitTest>
    <UnitTest name="Microsoft.AspNetCore.Components.ParameterViewTest.HasRemovedDirectParameters_BothEmpty" storage="/home/runner/work/aspnetcore/aspnetcore/artifacts/bin/microsoft.aspnetcore.components.tests/debug/net10.0/microsoft.aspnetcore.components.tests.dll" id="9026d355-a4cc-34e6-d2c3-646d505bdf68">
      <Execution id="1da33185-7bf6-4a69-89c0-5335be586b20" />
      <TestMethod codeBase="/home/runner/work/aspnetcore/aspnetcore/artifacts/bin/Microsoft.AspNetCore.Components.Tests/Debug/net10.0/Microsoft.AspNetCore.Components.Tests.dll" adapterTypeName="executor://xunit/VsTestRunner3/netcore/" className="Microsoft.AspNetCore.Components.ParameterViewTest" name="HasRemovedDirectParameters_BothEmpty" />
    </UnitTest>
    <UnitTest name="Microsoft.AspNetCore.Components.Routing.RouteTableFactoryTests.CorrectlyMatchesVariableLengthSegments(path: &quot;/literal&quot;, expectedValue: null, first: &quot;literal/{parameter?}&quot;, second: &quot;literal/{*parameter}&quot;, handler: typeof(Microsoft.AspNetCore.Components.Routing.RouteTableFactoryTests+TestHandler1))" storage="/home/runner/work/aspnetcore/aspnetcore/artifacts/bin/microsoft.aspnetcore.components.tests/debug/net10.0/microsoft.aspnetcore.components.tests.dll" id="994e55ae-b8a2-a4ca-7402-dce06aeafebb">
      <Execution id="9bb86649-2145-43cb-aec0-b1029d2e7196" />
      <TestMethod codeBase="/home/runner/work/aspnetcore/aspnetcore/artifacts/bin/Microsoft.AspNetCore.Components.Tests/Debug/net10.0/Microsoft.AspNetCore.Components.Tests.dll" adapterTypeName="executor://xunit/VsTestRunner3/netcore/" className="Microsoft.AspNetCore.Components.Routing.RouteTableFactoryTests" name="CorrectlyMatchesVariableLengthSegments" />
    </UnitTest>
    <UnitTest name="Microsoft.AspNetCore.Components.RenderTree.ArrayBuilderTest.AppendArray_LargerThanBuffer(size: 1024)" storage="/home/runner/work/aspnetcore/aspnetcore/artifacts/bin/microsoft.aspnetcore.components.tests/debug/net10.0/microsoft.aspnetcore.components.tests.dll" id="68898528-75c3-7060-38b9-142e0edf22d5">
      <Execution id="a66ecb63-cc2a-4187-8e5a-868c066e387a" />
      <TestMethod codeBase="/home/runner/work/aspnetcore/aspnetcore/artifacts/bin/Microsoft.AspNetCore.Components.Tests/Debug/net10.0/Microsoft.AspNetCore.Components.Tests.dll" adapterTypeName="executor://xunit/VsTestRunner3/netcore/" className="Microsoft.AspNetCore.Components.RenderTree.ArrayBuilderTest" name="AppendArray_LargerThanBuffer" />
    </UnitTest>
    <UnitTest name="Microsoft.AspNetCore.Components.Test.RenderTreeDiffBuilderTest.RecognizesComponentTypeChangesAtSameSequenceNumber" storage="/home/runner/work/aspnetcore/aspnetcore/artifacts/bin/microsoft.aspnetcore.components.tests/debug/net10.0/microsoft.aspnetcore.components.tests.dll" id="5fcac1c4-42bc-fd3a-a7b7-be9c716c0909">
      <Execution id="2b9d9dbf-4afc-40fc-a6ee-2df7c5b774a5" />
      <TestMethod codeBase="/home/runner/work/aspnetcore/aspnetcore/artifacts/bin/Microsoft.AspNetCore.Components.Tests/Debug/net10.0/Microsoft.AspNetCore.Components.Tests.dll" adapterTypeName="executor://xunit/VsTestRunner3/netcore/" className="Microsoft.AspNetCore.Components.Test.RenderTreeDiffBuilderTest" name="RecognizesComponentTypeChangesAtSameSequenceNumber" />
    </UnitTest>
    <UnitTest name="Microsoft.AspNetCore.Components.Routing.QueryParameterValueSupplierTest.SuppliesNullForValueTypesIfNotSpecified(query: &quot;?&quot;)" storage="/home/runner/work/aspnetcore/aspnetcore/artifacts/bin/microsoft.aspnetcore.components.tests/debug/net10.0/microsoft.aspnetcore.components.tests.dll" id="78035143-1854-e0c6-6a36-f00d4c9fb132">
      <Execution id="2545369f-cef2-4937-b733-f242c5eab2d2" />
      <TestMethod codeBase="/home/runner/work/aspnetcore/aspnetcore/artifacts/bin/Microsoft.AspNetCore.Components.Tests/Debug/net10.0/Microsoft.AspNetCore.Components.Tests.dll" adapterTypeName="executor://xunit/VsTestRunner3/netcore/" className="Microsoft.AspNetCore.Components.Routing.QueryParameterValueSupplierTest" name="SuppliesNullForValueTypesIfNotSpecified" />
    </UnitTest>
    <UnitTest name="Microsoft.AspNetCore.Components.ParameterViewTest.SettingCaptureUnmatchedValuesParameterExplicitlyAndImplicitly_ReverseOrder_Throws" storage="/home/runner/work/aspnetcore/aspnetcore/artifacts/bin/microsoft.aspnetcore.components.tests/debug/net10.0/microsoft.aspnetcore.components.tests.dll" id="b53fa018-4b89-6ccd-6693-bf49832b2617">
      <Execution id="d8da19a9-4af8-4fb2-b66a-5273145779d7" />
      <TestMethod codeBase="/home/runner/work/aspnetcore/aspnetcore/artifacts/bin/Microsoft.AspNetCore.Components.Tests/Debug/net10.0/Microsoft.AspNetCore.Components.Tests.dll" adapterTypeName="executor://xunit/VsTestRunner3/netcore/" className="Microsoft.AspNetCore.Components.ParameterViewTest" name="SettingCaptureUnmatchedValuesParameterExplicitlyAndImplicitly_ReverseOrder_Throws" />
    </UnitTest>
    <UnitTest name="Microsoft.AspNetCore.Components.Rendering.RenderTreeBuilderTest.CanAddAttributes" storage="/home/runner/work/aspnetcore/aspnetcore/artifacts/bin/microsoft.aspnetcore.components.tests/debug/net10.0/microsoft.aspnetcore.components.tests.dll" id="79c9cae0-da7c-fba0-4085-e122e6f21619">
      <Execution id="ba34b8ba-2705-44ec-b427-6a1b213139f5" />
      <TestMethod codeBase="/home/runner/work/aspnetcore/aspnetcore/artifacts/bin/Microsoft.AspNetCore.Components.Tests/Debug/net10.0/Microsoft.AspNetCore.Components.Tests.dll" adapterTypeName="executor://xunit/VsTestRunner3/netcore/" className="Microsoft.AspNetCore.Components.Rendering.RenderTreeBuilderTest" name="CanAddAttributes" />
    </UnitTest>
    <UnitTest name="Microsoft.AspNetCore.Components.ComponentStatePersistenceManagerTest.PersistStateAsync_SavesPersistedStateToTheStore" storage="/home/runner/work/aspnetcore/aspnetcore/artifacts/bin/microsoft.aspnetcore.components.tests/debug/net10.0/microsoft.aspnetcore.components.tests.dll" id="0754fb65-8880-86b8-0230-8db442906bae">
      <Execution id="3794d291-598d-4815-9d35-2a8ea33c1090" />
      <TestMethod codeBase="/home/runner/work/aspnetcore/aspnetcore/artifacts/bin/Microsoft.AspNetCore.Components.Tests/Debug/net10.0/Microsoft.AspNetCore.Components.Tests.dll" adapterTypeName="executor://xunit/VsTestRunner3/netcore/" className="Microsoft.AspNetCore.Components.ComponentStatePersistenceManagerTest" name="PersistStateAsync_SavesPersistedStateToTheStore" />
    </UnitTest>
    <UnitTest name="Microsoft.AspNetCore.Components.Rendering.RenderTreeBuilderTest.AddAttribute_Component_Bool_SetsAttributeValue(value: False)" storage="/home/runner/work/aspnetcore/aspnetcore/artifacts/bin/microsoft.aspnetcore.components.tests/debug/net10.0/microsoft.aspnetcore.components.tests.dll" id="b8dcf423-9f57-c2d8-bffc-8be3bb05cf27">
      <Execution id="f307ecdb-ba4d-47e8-bd1b-c281549ff37d" />
      <TestMethod codeBase="/home/runner/work/aspnetcore/aspnetcore/artifacts/bin/Microsoft.AspNetCore.Components.Tests/Debug/net10.0/Microsoft.AspNetCore.Components.Tests.dll" adapterTypeName="executor://xunit/VsTestRunner3/netcore/" className="Microsoft.AspNetCore.Components.Rendering.RenderTreeBuilderTest" name="AddAttribute_Component_Bool_SetsAttributeValue" />
    </UnitTest>
    <UnitTest name="Microsoft.AspNetCore.Components.Rendering.RenderTreeBuilderTest.CannotAddComponentParameterToRegion" storage="/home/runner/work/aspnetcore/aspnetcore/artifacts/bin/microsoft.aspnetcore.components.tests/debug/net10.0/microsoft.aspnetcore.components.tests.dll" id="000d2ffe-c28c-3f02-8a16-d76f8824c706">
      <Execution id="81040ec5-1d8b-4385-8f1e-88b7745a7e0d" />
      <TestMethod codeBase="/home/runner/work/aspnetcore/aspnetcore/artifacts/bin/Microsoft.AspNetCore.Components.Tests/Debug/net10.0/Microsoft.AspNetCore.Components.Tests.dll" adapterTypeName="executor://xunit/VsTestRunner3/netcore/" className="Microsoft.AspNetCore.Components.Rendering.RenderTreeBuilderTest" name="CannotAddComponentParameterToRegion" />
    </UnitTest>
    <UnitTest name="Microsoft.AspNetCore.Components.EventCallbackTest.EventCallbackOfT_NullReceiver" storage="/home/runner/work/aspnetcore/aspnetcore/artifacts/bin/microsoft.aspnetcore.components.tests/debug/net10.0/microsoft.aspnetcore.components.tests.dll" id="6d32942d-9c52-9778-f1fe-7c848aabd0ab">
      <Execution id="6d7ab684-10f2-42d8-96de-a376b0511507" />
      <TestMethod codeBase="/home/runner/work/aspnetcore/aspnetcore/artifacts/bin/Microsoft.AspNetCore.Components.Tests/Debug/net10.0/Microsoft.AspNetCore.Components.Tests.dll" adapterTypeName="executor://xunit/VsTestRunner3/netcore/" className="Microsoft.AspNetCore.Components.EventCallbackTest" name="EventCallbackOfT_NullReceiver" />
    </UnitTest>
    <UnitTest name="Microsoft.AspNetCore.Components.Rendering.RenderTreeBuilderTest.CanClear" storage="/home/runner/work/aspnetcore/aspnetcore/artifacts/bin/microsoft.aspnetcore.components.tests/debug/net10.0/microsoft.aspnetcore.components.tests.dll" id="99afc6da-f4f9-628a-493f-43d945f5eaea">
      <Execution id="d1be4b28-fee6-44b9-825e-8333b2702d60" />
      <TestMethod codeBase="/home/runner/work/aspnetcore/aspnetcore/artifacts/bin/Microsoft.AspNetCore.Components.Tests/Debug/net10.0/Microsoft.AspNetCore.Components.Tests.dll" adapterTypeName="executor://xunit/VsTestRunner3/netcore/" className="Microsoft.AspNetCore.Components.Rendering.RenderTreeBuilderTest" name="CanClear" />
    </UnitTest>
    <UnitTest name="Microsoft.AspNetCore.Components.Routing.RouteTableFactoryTests.CanMatchOptionalParameterWithConstraint(template: &quot;/optional/{value:datetime?}&quot;, contextUrl: &quot;/optional/&quot;, convertedValue: null)" storage="/home/runner/work/aspnetcore/aspnetcore/artifacts/bin/microsoft.aspnetcore.components.tests/debug/net10.0/microsoft.aspnetcore.components.tests.dll" id="19efe6e3-4aba-c760-3a5a-97341f8a1c8d">
      <Execution id="161ddb66-6e2f-40a4-a4e5-b71660f0fadb" />
      <TestMethod codeBase="/home/runner/work/aspnetcore/aspnetcore/artifacts/bin/Microsoft.AspNetCore.Components.Tests/Debug/net10.0/Microsoft.AspNetCore.Components.Tests.dll" adapterTypeName="executor://xunit/VsTestRunner3/netcore/" className="Microsoft.AspNetCore.Components.Routing.RouteTableFactoryTests" name="CanMatchOptionalParameterWithConstraint" />
    </UnitTest>
    <UnitTest name="Microsoft.AspNetCore.Components.CascadingParameterStateTest.FindCascadingParameters_TypeAssignmentIsValidForNullValue_ReturnsMatches" storage="/home/runner/work/aspnetcore/aspnetcore/artifacts/bin/microsoft.aspnetcore.components.tests/debug/net10.0/microsoft.aspnetcore.components.tests.dll" id="85a91969-13ae-1239-28d7-a0ec6378677f">
      <Execution id="ba884a6d-b129-4030-a234-bd39fe595ca1" />
      <TestMethod codeBase="/home/runner/work/aspnetcore/aspnetcore/artifacts/bin/Microsoft.AspNetCore.Components.Tests/Debug/net10.0/Microsoft.AspNetCore.Components.Tests.dll" adapterTypeName="executor://xunit/VsTestRunner3/netcore/" className="Microsoft.AspNetCore.Components.CascadingParameterStateTest" name="FindCascadingParameters_TypeAssignmentIsValidForNullValue_ReturnsMatches" />
    </UnitTest>
    <UnitTest name="Microsoft.AspNetCore.Components.Routing.RouteTableFactoryTests.CanMatchMultipleOptionalParameterWithConstraint" storage="/home/runner/work/aspnetcore/aspnetcore/artifacts/bin/microsoft.aspnetcore.components.tests/debug/net10.0/microsoft.aspnetcore.components.tests.dll" id="fac404be-6320-87f2-facc-6a59183bf4aa">
      <Execution id="94c5f91c-7bac-4f76-b5f4-61fccbb4b4cc" />
      <TestMethod codeBase="/home/runner/work/aspnetcore/aspnetcore/artifacts/bin/Microsoft.AspNetCore.Components.Tests/Debug/net10.0/Microsoft.AspNetCore.Components.Tests.dll" adapterTypeName="executor://xunit/VsTestRunner3/netcore/" className="Microsoft.AspNetCore.Components.Routing.RouteTableFactoryTests" name="CanMatchMultipleOptionalParameterWithConstraint" />
    </UnitTest>
    <UnitTest name="Microsoft.AspNetCore.Components.Test.CascadingParameterTest.CanHaveManySubscribers(numSubscribers: 64)" storage="/home/runner/work/aspnetcore/aspnetcore/artifacts/bin/microsoft.aspnetcore.components.tests/debug/net10.0/microsoft.aspnetcore.components.tests.dll" id="c39998c7-59d1-3884-496a-ced476601085">
      <Execution id="50bd91e7-d8f4-44cd-a0d0-dadbcd40f20e" />
      <TestMethod codeBase="/home/runner/work/aspnetcore/aspnetcore/artifacts/bin/Microsoft.AspNetCore.Components.Tests/Debug/net10.0/Microsoft.AspNetCore.Components.Tests.dll" adapterTypeName="executor://xunit/VsTestRunner3/netcore/" className="Microsoft.AspNetCore.Components.Test.CascadingParameterTest" name="CanHaveManySubscribers" />
    </UnitTest>
    <UnitTest name="Microsoft.AspNetCore.Components.ComponentsMetricsTest.IsNavigationEnabled_ReturnsCorrectState" storage="/home/runner/work/aspnetcore/aspnetcore/artifacts/bin/microsoft.aspnetcore.components.tests/debug/net10.0/microsoft.aspnetcore.components.tests.dll" id="f4465c18-7ddc-1465-e925-f39d3b289931">
      <Execution id="48eeed77-e6ed-4ffa-9326-c1c4ce818c31" />
      <TestMethod codeBase="/home/runner/work/aspnetcore/aspnetcore/artifacts/bin/Microsoft.AspNetCore.Components.Tests/Debug/net10.0/Microsoft.AspNetCore.Components.Tests.dll" adapterTypeName="executor://xunit/VsTestRunner3/netcore/" className="Microsoft.AspNetCore.Components.ComponentsMetricsTest" name="IsNavigationEnabled_ReturnsCorrectState" />
    </UnitTest>
    <UnitTest name="Microsoft.AspNetCore.Components.Routing.RouteTableFactoryTests.DoesNotThrowForNonAmbiguousRoutes(first: &quot;{*catchAll:int}&quot;, second: &quot;{optional?}&quot;)" storage="/home/runner/work/aspnetcore/aspnetcore/artifacts/bin/microsoft.aspnetcore.components.tests/debug/net10.0/microsoft.aspnetcore.components.tests.dll" id="11624a09-d6d0-82b9-3c5b-4336e9420aed">
      <Execution id="5b9242c7-7e37-415f-a37d-4b08dca23a86" />
      <TestMethod codeBase="/home/runner/work/aspnetcore/aspnetcore/artifacts/bin/Microsoft.AspNetCore.Components.Tests/Debug/net10.0/Microsoft.AspNetCore.Components.Tests.dll" adapterTypeName="executor://xunit/VsTestRunner3/netcore/" className="Microsoft.AspNetCore.Components.Routing.RouteTableFactoryTests" name="DoesNotThrowForNonAmbiguousRoutes" />
    </UnitTest>
    <UnitTest name="Microsoft.AspNetCore.Components.ParameterViewTest.CanGetValueOrDefault_WithExistingValue" storage="/home/runner/work/aspnetcore/aspnetcore/artifacts/bin/microsoft.aspnetcore.components.tests/debug/net10.0/microsoft.aspnetcore.components.tests.dll" id="b600b96b-9d59-7f36-9831-7cd15d5a48ba">
      <Execution id="db83ab3c-8a55-4212-82b7-d93450806471" />
      <TestMethod codeBase="/home/runner/work/aspnetcore/aspnetcore/artifacts/bin/Microsoft.AspNetCore.Components.Tests/Debug/net10.0/Microsoft.AspNetCore.Components.Tests.dll" adapterTypeName="executor://xunit/VsTestRunner3/netcore/" className="Microsoft.AspNetCore.Components.ParameterViewTest" name="CanGetValueOrDefault_WithExistingValue" />
    </UnitTest>
    <UnitTest name="Microsoft.AspNetCore.Components.Routing.QueryParameterValueSupplierTest.RejectsUnparseableArrayEntries(key: &quot;FloatVals&quot;, validValue: &quot;1000&quot;, invalidValue: &quot;1e1000&quot;, targetType: typeof(float))" storage="/home/runner/work/aspnetcore/aspnetcore/artifacts/bin/microsoft.aspnetcore.components.tests/debug/net10.0/microsoft.aspnetcore.components.tests.dll" id="5c05525c-a91a-5a95-c392-31322bda4638">
      <Execution id="bccab6bb-0e2c-4348-a8c7-37217416a0dd" />
      <TestMethod codeBase="/home/runner/work/aspnetcore/aspnetcore/artifacts/bin/Microsoft.AspNetCore.Components.Tests/Debug/net10.0/Microsoft.AspNetCore.Components.Tests.dll" adapterTypeName="executor://xunit/VsTestRunner3/netcore/" className="Microsoft.AspNetCore.Components.Routing.QueryParameterValueSupplierTest" name="RejectsUnparseableArrayEntries" />
    </UnitTest>
    <UnitTest name="Microsoft.AspNetCore.Components.Test.RenderTreeDiffBuilderTest.SetsParametersOnChildComponents" storage="/home/runner/work/aspnetcore/aspnetcore/artifacts/bin/microsoft.aspnetcore.components.tests/debug/net10.0/microsoft.aspnetcore.components.tests.dll" id="233e7dcd-9005-7636-7039-3596dad32fc3">
      <Execution id="d5711624-2488-4bbb-8254-65537e625c1b" />
      <TestMethod codeBase="/home/runner/work/aspnetcore/aspnetcore/artifacts/bin/Microsoft.AspNetCore.Components.Tests/Debug/net10.0/Microsoft.AspNetCore.Components.Tests.dll" adapterTypeName="executor://xunit/VsTestRunner3/netcore/" className="Microsoft.AspNetCore.Components.Test.RenderTreeDiffBuilderTest" name="SetsParametersOnChildComponents" />
    </UnitTest>
    <UnitTest name="Microsoft.AspNetCore.Components.ComponentsMetricsTest.IsParametersEnabled_ReturnsCorrectState" storage="/home/runner/work/aspnetcore/aspnetcore/artifacts/bin/microsoft.aspnetcore.components.tests/debug/net10.0/microsoft.aspnetcore.components.tests.dll" id="f57a68b8-550e-d06e-a08f-f698f6b7b611">
      <Execution id="ca65abd5-176e-4d6b-863e-395207ba2bc4" />
      <TestMethod codeBase="/home/runner/work/aspnetcore/aspnetcore/artifacts/bin/Microsoft.AspNetCore.Components.Tests/Debug/net10.0/Microsoft.AspNetCore.Components.Tests.dll" adapterTypeName="executor://xunit/VsTestRunner3/netcore/" className="Microsoft.AspNetCore.Components.ComponentsMetricsTest" name="IsParametersEnabled_ReturnsCorrectState" />
    </UnitTest>
    <UnitTest name="Microsoft.AspNetCore.Components.NavigationManagerTest.GetUriWithQueryParameter_ReplacesWhenParameterExists(baseUri: &quot;scheme://host/?full%20name=&amp;age=42&quot;, expectedUri: &quot;scheme://host/?full%20name=John%20Doe&amp;age=42&quot;)" storage="/home/runner/work/aspnetcore/aspnetcore/artifacts/bin/microsoft.aspnetcore.components.tests/debug/net10.0/microsoft.aspnetcore.components.tests.dll" id="86ce3c86-1c42-2a33-7541-9a4ea50c4d2a">
      <Execution id="c16349af-2ebb-4c01-b470-d049df717021" />
      <TestMethod codeBase="/home/runner/work/aspnetcore/aspnetcore/artifacts/bin/Microsoft.AspNetCore.Components.Tests/Debug/net10.0/Microsoft.AspNetCore.Components.Tests.dll" adapterTypeName="executor://xunit/VsTestRunner3/netcore/" className="Microsoft.AspNetCore.Components.NavigationManagerTest" name="GetUriWithQueryParameter_ReplacesWhenParameterExists" />
    </UnitTest>
    <UnitTest name="Microsoft.AspNetCore.Components.CascadingParameterStateTest.FindCascadingParameters_ComponentRequestsDerivedType_ReturnsEmpty" storage="/home/runner/work/aspnetcore/aspnetcore/artifacts/bin/microsoft.aspnetcore.components.tests/debug/net10.0/microsoft.aspnetcore.components.tests.dll" id="86db1bc3-7981-1087-1825-b78cfa50a59a">
      <Execution id="2faf1ce9-1421-4241-acf5-3c30da8de384" />
      <TestMethod codeBase="/home/runner/work/aspnetcore/aspnetcore/artifacts/bin/Microsoft.AspNetCore.Components.Tests/Debug/net10.0/Microsoft.AspNetCore.Components.Tests.dll" adapterTypeName="executor://xunit/VsTestRunner3/netcore/" className="Microsoft.AspNetCore.Components.CascadingParameterStateTest" name="FindCascadingParameters_ComponentRequestsDerivedType_ReturnsEmpty" />
    </UnitTest>
    <UnitTest name="Microsoft.AspNetCore.Components.Rendering.RenderTreeBuilderTest.CanAddMarkupViaMarkupString" storage="/home/runner/work/aspnetcore/aspnetcore/artifacts/bin/microsoft.aspnetcore.components.tests/debug/net10.0/microsoft.aspnetcore.components.tests.dll" id="45913e0e-7768-b45d-e231-50a77a9a60bc">
      <Execution id="96328492-7ab3-41e1-89a7-aa9d134e7784" />
      <TestMethod codeBase="/home/runner/work/aspnetcore/aspnetcore/artifacts/bin/Microsoft.AspNetCore.Components.Tests/Debug/net10.0/Microsoft.AspNetCore.Components.Tests.dll" adapterTypeName="executor://xunit/VsTestRunner3/netcore/" className="Microsoft.AspNetCore.Components.Rendering.RenderTreeBuilderTest" name="CanAddMarkupViaMarkupString" />
    </UnitTest>
    <UnitTest name="Microsoft.AspNetCore.Components.Test.RendererTest.RenderBatch_CanDisposeSynchronousAsyncDisposableImplementations" storage="/home/runner/work/aspnetcore/aspnetcore/artifacts/bin/microsoft.aspnetcore.components.tests/debug/net10.0/microsoft.aspnetcore.components.tests.dll" id="cda822f6-4456-727b-bf51-447549fca060">
      <Execution id="759a4076-f69d-461b-9fa5-2314db9ecfdb" />
      <TestMethod codeBase="/home/runner/work/aspnetcore/aspnetcore/artifacts/bin/Microsoft.AspNetCore.Components.Tests/Debug/net10.0/Microsoft.AspNetCore.Components.Tests.dll" adapterTypeName="executor://xunit/VsTestRunner3/netcore/" className="Microsoft.AspNetCore.Components.Test.RendererTest" name="RenderBatch_CanDisposeSynchronousAsyncDisposableImplementations" />
    </UnitTest>
    <UnitTest name="Microsoft.AspNetCore.Components.Test.RendererTest.AsyncComponentTriggeringRootReRenderDoesNotDeadlock" storage="/home/runner/work/aspnetcore/aspnetcore/artifacts/bin/microsoft.aspnetcore.components.tests/debug/net10.0/microsoft.aspnetcore.components.tests.dll" id="945b847a-cb6b-65f9-aef5-025cfe6ea6f3">
      <Execution id="99d30d2d-35f2-4cd0-8dd7-584807fca082" />
      <TestMethod codeBase="/home/runner/work/aspnetcore/aspnetcore/artifacts/bin/Microsoft.AspNetCore.Components.Tests/Debug/net10.0/Microsoft.AspNetCore.Components.Tests.dll" adapterTypeName="executor://xunit/VsTestRunner3/netcore/" className="Microsoft.AspNetCore.Components.Test.RendererTest" name="AsyncComponentTriggeringRootReRenderDoesNotDeadlock" />
    </UnitTest>
    <UnitTest name="Microsoft.AspNetCore.Components.Test.RendererTest.AllRendersTriggeredSynchronouslyDuringEventHandlerAreHandledAsSingleBatch" storage="/home/runner/work/aspnetcore/aspnetcore/artifacts/bin/microsoft.aspnetcore.components.tests/debug/net10.0/microsoft.aspnetcore.components.tests.dll" id="6640de24-c7cd-1f9c-87b5-7b50cb6cffe8">
      <Execution id="f358f4ce-ecde-4644-bd4d-691cf72cd0f6" />
      <TestMethod codeBase="/home/runner/work/aspnetcore/aspnetcore/artifacts/bin/Microsoft.AspNetCore.Components.Tests/Debug/net10.0/Microsoft.AspNetCore.Components.Tests.dll" adapterTypeName="executor://xunit/VsTestRunner3/netcore/" className="Microsoft.AspNetCore.Components.Test.RendererTest" name="AllRendersTriggeredSynchronouslyDuringEventHandlerAreHandledAsSingleBatch" />
    </UnitTest>
    <UnitTest name="Microsoft.AspNetCore.Components.Test.RouteViewTest.RendersPageInsideLayoutView" storage="/home/runner/work/aspnetcore/aspnetcore/artifacts/bin/microsoft.aspnetcore.components.tests/debug/net10.0/microsoft.aspnetcore.components.tests.dll" id="4b1d891e-638c-5bdc-ffb0-c1810b2c53c7">
      <Execution id="860bd6f6-2216-448f-a6cc-ed72f979bad8" />
      <TestMethod codeBase="/home/runner/work/aspnetcore/aspnetcore/artifacts/bin/Microsoft.AspNetCore.Components.Tests/Debug/net10.0/Microsoft.AspNetCore.Components.Tests.dll" adapterTypeName="executor://xunit/VsTestRunner3/netcore/" className="Microsoft.AspNetCore.Components.Test.RouteViewTest" name="RendersPageInsideLayoutView" />
    </UnitTest>
    <UnitTest name="Microsoft.AspNetCore.Components.NavigationManagerTest.ToBaseRelativePath_ThrowsForInvalidBaseRelativePaths(baseUri: &quot;scheme://host/&quot;, absoluteUri: &quot;scheme://otherhost/&quot;)" storage="/home/runner/work/aspnetcore/aspnetcore/artifacts/bin/microsoft.aspnetcore.components.tests/debug/net10.0/microsoft.aspnetcore.components.tests.dll" id="d25bb6c4-f059-2b0a-c3a7-55a673cee942">
      <Execution id="6ddecb42-58f6-4998-be8f-f2311d149910" />
      <TestMethod codeBase="/home/runner/work/aspnetcore/aspnetcore/artifacts/bin/Microsoft.AspNetCore.Components.Tests/Debug/net10.0/Microsoft.AspNetCore.Components.Tests.dll" adapterTypeName="executor://xunit/VsTestRunner3/netcore/" className="Microsoft.AspNetCore.Components.NavigationManagerTest" name="ToBaseRelativePath_ThrowsForInvalidBaseRelativePaths" />
    </UnitTest>
    <UnitTest name="Microsoft.AspNetCore.Components.Test.CascadingParameterTest.CanHaveManySubscribers(numSubscribers: 1)" storage="/home/runner/work/aspnetcore/aspnetcore/artifacts/bin/microsoft.aspnetcore.components.tests/debug/net10.0/microsoft.aspnetcore.components.tests.dll" id="f6c474d3-00fd-6ba3-81a0-6a58579bb030">
      <Execution id="0ef3752b-8add-4812-ac80-718746aabe6c" />
      <TestMethod codeBase="/home/runner/work/aspnetcore/aspnetcore/artifacts/bin/Microsoft.AspNetCore.Components.Tests/Debug/net10.0/Microsoft.AspNetCore.Components.Tests.dll" adapterTypeName="executor://xunit/VsTestRunner3/netcore/" className="Microsoft.AspNetCore.Components.Test.CascadingParameterTest" name="CanHaveManySubscribers" />
    </UnitTest>
    <UnitTest name="Microsoft.AspNetCore.Components.Routing.RouteKeyTest.RouteKey_Default_Equality" storage="/home/runner/work/aspnetcore/aspnetcore/artifacts/bin/microsoft.aspnetcore.components.tests/debug/net10.0/microsoft.aspnetcore.components.tests.dll" id="cc930b5f-de32-3dbf-7a94-c0d11614c646">
      <Execution id="9674480b-73ae-44be-877d-454c26978ce2" />
      <TestMethod codeBase="/home/runner/work/aspnetcore/aspnetcore/artifacts/bin/Microsoft.AspNetCore.Components.Tests/Debug/net10.0/Microsoft.AspNetCore.Components.Tests.dll" adapterTypeName="executor://xunit/VsTestRunner3/netcore/" className="Microsoft.AspNetCore.Components.Routing.RouteKeyTest" name="RouteKey_Default_Equality" />
    </UnitTest>
    <UnitTest name="Microsoft.AspNetCore.Components.Routing.QueryParameterValueSupplierTest.RejectsBlankArrayEntriesWhenNotNullable(key: &quot;GuidVals&quot;, targetType: typeof(System.Guid))" storage="/home/runner/work/aspnetcore/aspnetcore/artifacts/bin/microsoft.aspnetcore.components.tests/debug/net10.0/microsoft.aspnetcore.components.tests.dll" id="f549d320-befd-652a-311b-9ab7f554e2b5">
      <Execution id="fb4c4320-5357-43af-b7cf-d8b6210a92ee" />
      <TestMethod codeBase="/home/runner/work/aspnetcore/aspnetcore/artifacts/bin/Microsoft.AspNetCore.Components.Tests/Debug/net10.0/Microsoft.AspNetCore.Components.Tests.dll" adapterTypeName="executor://xunit/VsTestRunner3/netcore/" className="Microsoft.AspNetCore.Components.Routing.QueryParameterValueSupplierTest" name="RejectsBlankArrayEntriesWhenNotNullable" />
    </UnitTest>
    <UnitTest name="Microsoft.AspNetCore.Components.Rendering.RenderTreeBuilderTest.CannotAddAttributesAfterNamedEvent" storage="/home/runner/work/aspnetcore/aspnetcore/artifacts/bin/microsoft.aspnetcore.components.tests/debug/net10.0/microsoft.aspnetcore.components.tests.dll" id="0b1dadfc-5b78-0cad-febf-8fafbe4581b8">
      <Execution id="cc0c5b6d-a8e6-4533-8889-cb1d875604e3" />
      <TestMethod codeBase="/home/runner/work/aspnetcore/aspnetcore/artifacts/bin/Microsoft.AspNetCore.Components.Tests/Debug/net10.0/Microsoft.AspNetCore.Components.Tests.dll" adapterTypeName="executor://xunit/VsTestRunner3/netcore/" className="Microsoft.AspNetCore.Components.Rendering.RenderTreeBuilderTest" name="CannotAddAttributesAfterNamedEvent" />
    </UnitTest>
    <UnitTest name="Microsoft.AspNetCore.Components.ParameterViewTest.IncomingCascadingValueMatchesNonCascadingParameter_WithCaptureUnmatchedValues_Throws" storage="/home/runner/work/aspnetcore/aspnetcore/artifacts/bin/microsoft.aspnetcore.components.tests/debug/net10.0/microsoft.aspnetcore.components.tests.dll" id="c5d8ae9b-c29c-8b55-6790-e49163237818">
      <Execution id="02534567-b36b-4cf5-a315-e95c14c6e9f0" />
      <TestMethod codeBase="/home/runner/work/aspnetcore/aspnetcore/artifacts/bin/Microsoft.AspNetCore.Components.Tests/Debug/net10.0/Microsoft.AspNetCore.Components.Tests.dll" adapterTypeName="executor://xunit/VsTestRunner3/netcore/" className="Microsoft.AspNetCore.Components.ParameterViewTest" name="IncomingCascadingValueMatchesNonCascadingParameter_WithCaptureUnmatchedValues_Throws" />
    </UnitTest>
    <UnitTest name="Microsoft.AspNetCore.Components.Test.DependencyInjectionTest.IgnoresPropertiesWithoutInjectAttribute" storage="/home/runner/work/aspnetcore/aspnetcore/artifacts/bin/microsoft.aspnetcore.components.tests/debug/net10.0/microsoft.aspnetcore.components.tests.dll" id="5a60e50d-87c6-70b1-f7aa-adc2b3186bdc">
      <Execution id="b63cf6bc-88a0-4a90-8e2b-eefcbe2ae22a" />
      <TestMethod codeBase="/home/runner/work/aspnetcore/aspnetcore/artifacts/bin/Microsoft.AspNetCore.Components.Tests/Debug/net10.0/Microsoft.AspNetCore.Components.Tests.dll" adapterTypeName="executor://xunit/VsTestRunner3/netcore/" className="Microsoft.AspNetCore.Components.Test.DependencyInjectionTest" name="IgnoresPropertiesWithoutInjectAttribute" />
    </UnitTest>
    <UnitTest name="Microsoft.AspNetCore.Components.Routing.RouterTest.UsesDefaultNotFoundContentIfNotSpecified" storage="/home/runner/work/aspnetcore/aspnetcore/artifacts/bin/microsoft.aspnetcore.components.tests/debug/net10.0/microsoft.aspnetcore.components.tests.dll" id="d8cec6a4-98e7-0d31-7b0f-f4d0fcde94ee">
      <Execution id="3acf0724-6cd4-4d90-99bb-7de8985d17f1" />
      <TestMethod codeBase="/home/runner/work/aspnetcore/aspnetcore/artifacts/bin/Microsoft.AspNetCore.Components.Tests/Debug/net10.0/Microsoft.AspNetCore.Components.Tests.dll" adapterTypeName="executor://xunit/VsTestRunner3/netcore/" className="Microsoft.AspNetCore.Components.Routing.RouterTest" name="UsesDefaultNotFoundContentIfNotSpecified" />
    </UnitTest>
    <UnitTest name="Microsoft.AspNetCore.Components.Test.RendererTest.DispatchEventAsync_Delegate_AsynchronousException" storage="/home/runner/work/aspnetcore/aspnetcore/artifacts/bin/microsoft.aspnetcore.components.tests/debug/net10.0/microsoft.aspnetcore.components.tests.dll" id="b0eb830d-c891-b7ee-7580-2c6230530ff4">
      <Execution id="0550758e-8dc0-43d7-8263-4f8781a125c6" />
      <TestMethod codeBase="/home/runner/work/aspnetcore/aspnetcore/artifacts/bin/Microsoft.AspNetCore.Components.Tests/Debug/net10.0/Microsoft.AspNetCore.Components.Tests.dll" adapterTypeName="executor://xunit/VsTestRunner3/netcore/" className="Microsoft.AspNetCore.Components.Test.RendererTest" name="DispatchEventAsync_Delegate_AsynchronousException" />
    </UnitTest>
    <UnitTest name="Microsoft.AspNetCore.Components.Rendering.RendererSynchronizationContextTest.InvokeAsync_FuncTaskT_CanRunAsynchronously_WhenBusy" storage="/home/runner/work/aspnetcore/aspnetcore/artifacts/bin/microsoft.aspnetcore.components.tests/debug/net10.0/microsoft.aspnetcore.components.tests.dll" id="b2430c0e-338b-1abd-dd62-bb26e5871d26">
      <Execution id="e88c4ac1-8354-4707-9e64-9be690411f45" />
      <TestMethod codeBase="/home/runner/work/aspnetcore/aspnetcore/artifacts/bin/Microsoft.AspNetCore.Components.Tests/Debug/net10.0/Microsoft.AspNetCore.Components.Tests.dll" adapterTypeName="executor://xunit/VsTestRunner3/netcore/" className="Microsoft.AspNetCore.Components.Rendering.RendererSynchronizationContextTest" name="InvokeAsync_FuncTaskT_CanRunAsynchronously_WhenBusy" />
    </UnitTest>
    <UnitTest name="Microsoft.AspNetCore.Components.ParameterViewTest.IncomingNonCascadingValueMatchesCascadingParameter_WithCaptureUnmatchedValues_DoesNotThrow" storage="/home/runner/work/aspnetcore/aspnetcore/artifacts/bin/microsoft.aspnetcore.components.tests/debug/net10.0/microsoft.aspnetcore.components.tests.dll" id="22eccf0a-789a-6b0f-8cb1-b8eb6843c5ba">
      <Execution id="26bd6911-6bd3-4255-92f6-091f287c54b7" />
      <TestMethod codeBase="/home/runner/work/aspnetcore/aspnetcore/artifacts/bin/Microsoft.AspNetCore.Components.Tests/Debug/net10.0/Microsoft.AspNetCore.Components.Tests.dll" adapterTypeName="executor://xunit/VsTestRunner3/netcore/" className="Microsoft.AspNetCore.Components.ParameterViewTest" name="IncomingNonCascadingValueMatchesCascadingParameter_WithCaptureUnmatchedValues_DoesNotThrow" />
    </UnitTest>
    <UnitTest name="Microsoft.AspNetCore.Components.Rendering.RenderTreeBuilderTest.CannotAddNamedEventWithNullAssignedName" storage="/home/runner/work/aspnetcore/aspnetcore/artifacts/bin/microsoft.aspnetcore.components.tests/debug/net10.0/microsoft.aspnetcore.components.tests.dll" id="0d282eb7-e382-1856-ff88-6ccd607b5c7a">
      <Execution id="a610bea9-4644-49ab-b92e-100b0da6a5ad" />
      <TestMethod codeBase="/home/runner/work/aspnetcore/aspnetcore/artifacts/bin/Microsoft.AspNetCore.Components.Tests/Debug/net10.0/Microsoft.AspNetCore.Components.Tests.dll" adapterTypeName="executor://xunit/VsTestRunner3/netcore/" className="Microsoft.AspNetCore.Components.Rendering.RenderTreeBuilderTest" name="CannotAddNamedEventWithNullAssignedName" />
    </UnitTest>
    <UnitTest name="Microsoft.AspNetCore.Components.NavigationManagerTest.ComputesCorrectValidBaseRelativePaths(baseUri: &quot;scheme://host/&quot;, uri: &quot;scheme://host&quot;, expectedResult: &quot;&quot;)" storage="/home/runner/work/aspnetcore/aspnetcore/artifacts/bin/microsoft.aspnetcore.components.tests/debug/net10.0/microsoft.aspnetcore.components.tests.dll" id="3975845d-d28f-5f42-8ccb-30402ed2e457">
      <Execution id="e277e0fc-0707-496a-aff3-cd3ee91e8182" />
      <TestMethod codeBase="/home/runner/work/aspnetcore/aspnetcore/artifacts/bin/Microsoft.AspNetCore.Components.Tests/Debug/net10.0/Microsoft.AspNetCore.Components.Tests.dll" adapterTypeName="executor://xunit/VsTestRunner3/netcore/" className="Microsoft.AspNetCore.Components.NavigationManagerTest" name="ComputesCorrectValidBaseRelativePaths" />
    </UnitTest>
    <UnitTest name="Microsoft.AspNetCore.Components.Test.ComponentBaseTest.DoesNotRenderAfterOnParametersSetAsyncTaskIsCanceled" storage="/home/runner/work/aspnetcore/aspnetcore/artifacts/bin/microsoft.aspnetcore.components.tests/debug/net10.0/microsoft.aspnetcore.components.tests.dll" id="20980c0c-8d9e-5bed-57d6-a85c57f510fc">
      <Execution id="23742615-24c9-422f-8746-2caf2bf5c2c0" />
      <TestMethod codeBase="/home/runner/work/aspnetcore/aspnetcore/artifacts/bin/Microsoft.AspNetCore.Components.Tests/Debug/net10.0/Microsoft.AspNetCore.Components.Tests.dll" adapterTypeName="executor://xunit/VsTestRunner3/netcore/" className="Microsoft.AspNetCore.Components.Test.ComponentBaseTest" name="DoesNotRenderAfterOnParametersSetAsyncTaskIsCanceled" />
    </UnitTest>
    <UnitTest name="Microsoft.AspNetCore.Components.Routing.RoutePatternParserTests.InvalidTemplate_LiteralAfterOptionalParam" storage="/home/runner/work/aspnetcore/aspnetcore/artifacts/bin/microsoft.aspnetcore.components.tests/debug/net10.0/microsoft.aspnetcore.components.tests.dll" id="1f9d8d4e-bdd5-1045-c046-294402fb07ab">
      <Execution id="53a4d3a3-ecf5-4738-aece-5171ea34009d" />
      <TestMethod codeBase="/home/runner/work/aspnetcore/aspnetcore/artifacts/bin/Microsoft.AspNetCore.Components.Tests/Debug/net10.0/Microsoft.AspNetCore.Components.Tests.dll" adapterTypeName="executor://xunit/VsTestRunner3/netcore/" className="Microsoft.AspNetCore.Components.Routing.RoutePatternParserTests" name="InvalidTemplate_LiteralAfterOptionalParam" />
    </UnitTest>
    <UnitTest name="Microsoft.AspNetCore.Components.Test.RendererTest.DispatchEventAsync_EventCallback_AsynchronousCompletion" storage="/home/runner/work/aspnetcore/aspnetcore/artifacts/bin/microsoft.aspnetcore.components.tests/debug/net10.0/microsoft.aspnetcore.components.tests.dll" id="fb2135a0-ff45-a87e-0da9-0499fca0f6e3">
      <Execution id="c450c492-d279-45f2-8d29-6866a0d46d28" />
      <TestMethod codeBase="/home/runner/work/aspnetcore/aspnetcore/artifacts/bin/Microsoft.AspNetCore.Components.Tests/Debug/net10.0/Microsoft.AspNetCore.Components.Tests.dll" adapterTypeName="executor://xunit/VsTestRunner3/netcore/" className="Microsoft.AspNetCore.Components.Test.RendererTest" name="DispatchEventAsync_EventCallback_AsynchronousCompletion" />
    </UnitTest>
    <UnitTest name="Microsoft.AspNetCore.Components.EventCallbackTest.EventCallbackOfT_Default" storage="/home/runner/work/aspnetcore/aspnetcore/artifacts/bin/microsoft.aspnetcore.components.tests/debug/net10.0/microsoft.aspnetcore.components.tests.dll" id="cf549936-52a3-4b21-d1d1-628304e30406">
      <Execution id="36476e29-2cb2-46f7-be80-3e4ce83c5dc0" />
      <TestMethod codeBase="/home/runner/work/aspnetcore/aspnetcore/artifacts/bin/Microsoft.AspNetCore.Components.Tests/Debug/net10.0/Microsoft.AspNetCore.Components.Tests.dll" adapterTypeName="executor://xunit/VsTestRunner3/netcore/" className="Microsoft.AspNetCore.Components.EventCallbackTest" name="EventCallbackOfT_Default" />
    </UnitTest>
    <UnitTest name="Microsoft.AspNetCore.Components.Test.RendererTest.RenderBatch_DoesNotDisposeComponentMultipleTimes" storage="/home/runner/work/aspnetcore/aspnetcore/artifacts/bin/microsoft.aspnetcore.components.tests/debug/net10.0/microsoft.aspnetcore.components.tests.dll" id="ee45660f-3d9c-095f-8c51-c9372839d9b8">
      <Execution id="939f1070-01ed-4b94-9a56-322cef9edfc7" />
      <TestMethod codeBase="/home/runner/work/aspnetcore/aspnetcore/artifacts/bin/Microsoft.AspNetCore.Components.Tests/Debug/net10.0/Microsoft.AspNetCore.Components.Tests.dll" adapterTypeName="executor://xunit/VsTestRunner3/netcore/" className="Microsoft.AspNetCore.Components.Test.RendererTest" name="RenderBatch_DoesNotDisposeComponentMultipleTimes" />
    </UnitTest>
    <UnitTest name="Microsoft.AspNetCore.Components.Rendering.RenderTreeBuilderTest.CannotAddAttributeToRegion" storage="/home/runner/work/aspnetcore/aspnetcore/artifacts/bin/microsoft.aspnetcore.components.tests/debug/net10.0/microsoft.aspnetcore.components.tests.dll" id="613e6019-e82f-f557-0d4e-4161a7225b12">
      <Execution id="2b979916-7cb7-4265-80ae-aa8bf63b432b" />
      <TestMethod codeBase="/home/runner/work/aspnetcore/aspnetcore/artifacts/bin/Microsoft.AspNetCore.Components.Tests/Debug/net10.0/Microsoft.AspNetCore.Components.Tests.dll" adapterTypeName="executor://xunit/VsTestRunner3/netcore/" className="Microsoft.AspNetCore.Components.Rendering.RenderTreeBuilderTest" name="CannotAddAttributeToRegion" />
    </UnitTest>
    <UnitTest name="Microsoft.AspNetCore.Components.Routing.RoutePatternParserTests.Parse_SingleCatchAllParameter(parsedTemplate: &quot;p&quot;, template: &quot;{*p}&quot;)" storage="/home/runner/work/aspnetcore/aspnetcore/artifacts/bin/microsoft.aspnetcore.components.tests/debug/net10.0/microsoft.aspnetcore.components.tests.dll" id="b7845604-90f4-4c19-c812-15897234630b">
      <Execution id="2527388f-ddf4-40f4-8279-0ca811b10a6b" />
      <TestMethod codeBase="/home/runner/work/aspnetcore/aspnetcore/artifacts/bin/Microsoft.AspNetCore.Components.Tests/Debug/net10.0/Microsoft.AspNetCore.Components.Tests.dll" adapterTypeName="executor://xunit/VsTestRunner3/netcore/" className="Microsoft.AspNetCore.Components.Routing.RoutePatternParserTests" name="Parse_SingleCatchAllParameter" />
    </UnitTest>
    <UnitTest name="Microsoft.AspNetCore.Components.Routing.QueryParameterValueSupplierTest.RejectsBlankArrayEntriesWhenNotNullable(key: &quot;LongVals&quot;, targetType: typeof(long))" storage="/home/runner/work/aspnetcore/aspnetcore/artifacts/bin/microsoft.aspnetcore.components.tests/debug/net10.0/microsoft.aspnetcore.components.tests.dll" id="a53cdb8f-0eeb-bbc0-8bdb-0a81a10f20f1">
      <Execution id="47c46ffc-09b0-4df9-9d35-d72cdb9b5a82" />
      <TestMethod codeBase="/home/runner/work/aspnetcore/aspnetcore/artifacts/bin/Microsoft.AspNetCore.Components.Tests/Debug/net10.0/Microsoft.AspNetCore.Components.Tests.dll" adapterTypeName="executor://xunit/VsTestRunner3/netcore/" className="Microsoft.AspNetCore.Components.Routing.QueryParameterValueSupplierTest" name="RejectsBlankArrayEntriesWhenNotNullable" />
    </UnitTest>
    <UnitTest name="Microsoft.AspNetCore.Components.NavigationManagerTest.GetUriWithQueryParameter_ReplacesWhenParameterExists(baseUri: &quot;scheme://host/?full%20name=Sally%20Smith&amp;age=42&amp;fu&quot;···, expectedUri: &quot;scheme://host/?full%20name=John%20Doe&amp;age=42&amp;full%&quot;···)" storage="/home/runner/work/aspnetcore/aspnetcore/artifacts/bin/microsoft.aspnetcore.components.tests/debug/net10.0/microsoft.aspnetcore.components.tests.dll" id="9f64104c-b2ff-d85c-5ec2-5f6f9ad18573">
      <Execution id="35233366-62a0-4c06-9010-51619f0cb9ab" />
      <TestMethod codeBase="/home/runner/work/aspnetcore/aspnetcore/artifacts/bin/Microsoft.AspNetCore.Components.Tests/Debug/net10.0/Microsoft.AspNetCore.Components.Tests.dll" adapterTypeName="executor://xunit/VsTestRunner3/netcore/" className="Microsoft.AspNetCore.Components.NavigationManagerTest" name="GetUriWithQueryParameter_ReplacesWhenParameterExists" />
    </UnitTest>
    <UnitTest name="Microsoft.AspNetCore.Components.NavigationManagerTest.GetUriWithQueryParameter_RemovesWhenParameterValueIsNull(baseUri: &quot;scheme://host/?full%20name=Sally%Smith&amp;age=42&amp;FuLl&quot;···, expectedUri: &quot;scheme://host/?age=42&quot;)" storage="/home/runner/work/aspnetcore/aspnetcore/artifacts/bin/microsoft.aspnetcore.components.tests/debug/net10.0/microsoft.aspnetcore.components.tests.dll" id="745df416-405a-8e60-47a8-866485ad9966">
      <Execution id="998f57ba-98f6-40f5-ab14-4e34e7a9ffd7" />
      <TestMethod codeBase="/home/runner/work/aspnetcore/aspnetcore/artifacts/bin/Microsoft.AspNetCore.Components.Tests/Debug/net10.0/Microsoft.AspNetCore.Components.Tests.dll" adapterTypeName="executor://xunit/VsTestRunner3/netcore/" className="Microsoft.AspNetCore.Components.NavigationManagerTest" name="GetUriWithQueryParameter_RemovesWhenParameterValueIsNull" />
    </UnitTest>
    <UnitTest name="Microsoft.AspNetCore.Components.Routing.RoutePatternParserTests.InvalidTemplate_BadOptionalCharacterPosition" storage="/home/runner/work/aspnetcore/aspnetcore/artifacts/bin/microsoft.aspnetcore.components.tests/debug/net10.0/microsoft.aspnetcore.components.tests.dll" id="654a8b77-004f-907d-5eda-8be4dea3f7ad">
      <Execution id="ce027add-02c3-4fb1-9d0a-e6e3154a28fb" />
      <TestMethod codeBase="/home/runner/work/aspnetcore/aspnetcore/artifacts/bin/Microsoft.AspNetCore.Components.Tests/Debug/net10.0/Microsoft.AspNetCore.Components.Tests.dll" adapterTypeName="executor://xunit/VsTestRunner3/netcore/" className="Microsoft.AspNetCore.Components.Routing.RoutePatternParserTests" name="InvalidTemplate_BadOptionalCharacterPosition" />
    </UnitTest>
    <UnitTest name="Microsoft.AspNetCore.Components.NavigationManagerTest.LocationChangingHandlers_CanThrowCatchableExceptionsAsynchronously_AfterNavigationEnds" storage="/home/runner/work/aspnetcore/aspnetcore/artifacts/bin/microsoft.aspnetcore.components.tests/debug/net10.0/microsoft.aspnetcore.components.tests.dll" id="ff8577fb-ce84-7fd8-66c7-cb19e42ba466">
      <Execution id="78d8c63c-7184-4312-b41b-f05708491191" />
      <TestMethod codeBase="/home/runner/work/aspnetcore/aspnetcore/artifacts/bin/Microsoft.AspNetCore.Components.Tests/Debug/net10.0/Microsoft.AspNetCore.Components.Tests.dll" adapterTypeName="executor://xunit/VsTestRunner3/netcore/" className="Microsoft.AspNetCore.Components.NavigationManagerTest" name="LocationChangingHandlers_CanThrowCatchableExceptionsAsynchronously_AfterNavigationEnds" />
    </UnitTest>
    <UnitTest name="Microsoft.AspNetCore.Components.Routing.QueryParameterValueSupplierTest.RejectsUnparseableValues(key: &quot;DateTimeVal&quot;, value: &quot;2020-02-31&quot;, targetType: typeof(System.DateTime))" storage="/home/runner/work/aspnetcore/aspnetcore/artifacts/bin/microsoft.aspnetcore.components.tests/debug/net10.0/microsoft.aspnetcore.components.tests.dll" id="d3ec738c-dc58-8329-14a1-a4f37b7c052c">
      <Execution id="f4fa6285-7bf3-4008-94a8-dac10d06d246" />
      <TestMethod codeBase="/home/runner/work/aspnetcore/aspnetcore/artifacts/bin/Microsoft.AspNetCore.Components.Tests/Debug/net10.0/Microsoft.AspNetCore.Components.Tests.dll" adapterTypeName="executor://xunit/VsTestRunner3/netcore/" className="Microsoft.AspNetCore.Components.Routing.QueryParameterValueSupplierTest" name="RejectsUnparseableValues" />
    </UnitTest>
    <UnitTest name="Microsoft.AspNetCore.Components.Routing.RouteTableFactoryTests.DoesNotMatchIfConstraintDoesNotMatch(template: &quot;/{value:guid}&quot;, contextUrl: &quot;/not-a-guid&quot;)" storage="/home/runner/work/aspnetcore/aspnetcore/artifacts/bin/microsoft.aspnetcore.components.tests/debug/net10.0/microsoft.aspnetcore.components.tests.dll" id="d5d32426-e95a-984a-42df-3a4d43c5ee4b">
      <Execution id="19634ba9-b61e-4c2c-b793-7fb46ad66a81" />
      <TestMethod codeBase="/home/runner/work/aspnetcore/aspnetcore/artifacts/bin/Microsoft.AspNetCore.Components.Tests/Debug/net10.0/Microsoft.AspNetCore.Components.Tests.dll" adapterTypeName="executor://xunit/VsTestRunner3/netcore/" className="Microsoft.AspNetCore.Components.Routing.RouteTableFactoryTests" name="DoesNotMatchIfConstraintDoesNotMatch" />
    </UnitTest>
    <UnitTest name="Microsoft.AspNetCore.Components.Routing.RouteTableFactoryTests.CatchAllEmpty" storage="/home/runner/work/aspnetcore/aspnetcore/artifacts/bin/microsoft.aspnetcore.components.tests/debug/net10.0/microsoft.aspnetcore.components.tests.dll" id="5d6e755c-8e48-63c5-4ff6-5c87a82269d4">
      <Execution id="5ce8e974-33fb-40df-8090-d566f30890ef" />
      <TestMethod codeBase="/home/runner/work/aspnetcore/aspnetcore/artifacts/bin/Microsoft.AspNetCore.Components.Tests/Debug/net10.0/Microsoft.AspNetCore.Components.Tests.dll" adapterTypeName="executor://xunit/VsTestRunner3/netcore/" className="Microsoft.AspNetCore.Components.Routing.RouteTableFactoryTests" name="CatchAllEmpty" />
    </UnitTest>
    <UnitTest name="Microsoft.AspNetCore.Components.EventCallbackTest.EventCallbackOfT_Equals_WhenANewDelegateIsCreated" storage="/home/runner/work/aspnetcore/aspnetcore/artifacts/bin/microsoft.aspnetcore.components.tests/debug/net10.0/microsoft.aspnetcore.components.tests.dll" id="368df98f-908e-6cc2-43ae-5a5d904e2247">
      <Execution id="1a8850ff-a0fc-409d-a7d9-e41589d0c138" />
      <TestMethod codeBase="/home/runner/work/aspnetcore/aspnetcore/artifacts/bin/Microsoft.AspNetCore.Components.Tests/Debug/net10.0/Microsoft.AspNetCore.Components.Tests.dll" adapterTypeName="executor://xunit/VsTestRunner3/netcore/" className="Microsoft.AspNetCore.Components.EventCallbackTest" name="EventCallbackOfT_Equals_WhenANewDelegateIsCreated" />
    </UnitTest>
    <UnitTest name="Microsoft.AspNetCore.Components.Routing.RoutePatternParserTests.Parse_SingleLiteral" storage="/home/runner/work/aspnetcore/aspnetcore/artifacts/bin/microsoft.aspnetcore.components.tests/debug/net10.0/microsoft.aspnetcore.components.tests.dll" id="5d3d84cf-038c-4965-b983-fb6337668672">
      <Execution id="4d918915-d5b2-41bf-bab0-250d3af1cf4f" />
      <TestMethod codeBase="/home/runner/work/aspnetcore/aspnetcore/artifacts/bin/Microsoft.AspNetCore.Components.Tests/Debug/net10.0/Microsoft.AspNetCore.Components.Tests.dll" adapterTypeName="executor://xunit/VsTestRunner3/netcore/" className="Microsoft.AspNetCore.Components.Routing.RoutePatternParserTests" name="Parse_SingleLiteral" />
    </UnitTest>
    <UnitTest name="Microsoft.AspNetCore.Components.Routing.RouteTableFactoryTests.DoesNotThrowForNonAmbiguousRoutes(first: &quot;{optional?}&quot;, second: &quot;{optional:int?}&quot;)" storage="/home/runner/work/aspnetcore/aspnetcore/artifacts/bin/microsoft.aspnetcore.components.tests/debug/net10.0/microsoft.aspnetcore.components.tests.dll" id="2ebc00b9-91b7-bb71-2558-ae98f538fcea">
      <Execution id="0b2cb73f-60f2-4271-b394-b86114515023" />
      <TestMethod codeBase="/home/runner/work/aspnetcore/aspnetcore/artifacts/bin/Microsoft.AspNetCore.Components.Tests/Debug/net10.0/Microsoft.AspNetCore.Components.Tests.dll" adapterTypeName="executor://xunit/VsTestRunner3/netcore/" className="Microsoft.AspNetCore.Components.Routing.RouteTableFactoryTests" name="DoesNotThrowForNonAmbiguousRoutes" />
    </UnitTest>
    <UnitTest name="Microsoft.AspNetCore.Components.Routing.RouteTableFactoryTests.CorrectlyMatchesVariableLengthSegments(path: &quot;/literal/value/other&quot;, expectedValue: &quot;value/other&quot;, first: &quot;literal /{parameter?}&quot;, second: &quot;literal/{*parameter}&quot;, handler: typeof(Microsoft.AspNetCore.Components.Routing.RouteTableFactoryTests+TestHandler2))" storage="/home/runner/work/aspnetcore/aspnetcore/artifacts/bin/microsoft.aspnetcore.components.tests/debug/net10.0/microsoft.aspnetcore.components.tests.dll" id="87cc8458-82ab-24eb-f74f-be03af682cd0">
      <Execution id="e3ac9a7f-395c-4f82-a325-49ce72d6cfb8" />
      <TestMethod codeBase="/home/runner/work/aspnetcore/aspnetcore/artifacts/bin/Microsoft.AspNetCore.Components.Tests/Debug/net10.0/Microsoft.AspNetCore.Components.Tests.dll" adapterTypeName="executor://xunit/VsTestRunner3/netcore/" className="Microsoft.AspNetCore.Components.Routing.RouteTableFactoryTests" name="CorrectlyMatchesVariableLengthSegments" />
    </UnitTest>
    <UnitTest name="Microsoft.AspNetCore.Components.Test.CascadingParameterTest.CanTriggerUpdatesOnCascadingValuesFromServiceProvider" storage="/home/runner/work/aspnetcore/aspnetcore/artifacts/bin/microsoft.aspnetcore.components.tests/debug/net10.0/microsoft.aspnetcore.components.tests.dll" id="d2893880-1b00-be8c-93ae-ca6d2eaf84f6">
      <Execution id="33e88ed1-7c24-4e91-9c2e-6be44fd3448d" />
      <TestMethod codeBase="/home/runner/work/aspnetcore/aspnetcore/artifacts/bin/Microsoft.AspNetCore.Components.Tests/Debug/net10.0/Microsoft.AspNetCore.Components.Tests.dll" adapterTypeName="executor://xunit/VsTestRunner3/netcore/" className="Microsoft.AspNetCore.Components.Test.CascadingParameterTest" name="CanTriggerUpdatesOnCascadingValuesFromServiceProvider" />
    </UnitTest>
    <UnitTest name="Microsoft.AspNetCore.Components.Test.RendererTest.SynchronousCancelledTasks_HandleAfterRender_Works" storage="/home/runner/work/aspnetcore/aspnetcore/artifacts/bin/microsoft.aspnetcore.components.tests/debug/net10.0/microsoft.aspnetcore.components.tests.dll" id="e908bf31-d0e9-ac6a-01b3-7340fa63fddf">
      <Execution id="9b0054ff-39ce-429c-a305-9ca9ea115f29" />
      <TestMethod codeBase="/home/runner/work/aspnetcore/aspnetcore/artifacts/bin/Microsoft.AspNetCore.Components.Tests/Debug/net10.0/Microsoft.AspNetCore.Components.Tests.dll" adapterTypeName="executor://xunit/VsTestRunner3/netcore/" className="Microsoft.AspNetCore.Components.Test.RendererTest" name="SynchronousCancelledTasks_HandleAfterRender_Works" />
    </UnitTest>
    <UnitTest name="Microsoft.AspNetCore.Components.Routing.RouteTableFactoryTests.DetectsAmbiguousRoutes(left: &quot;/{parameter}part/literal/part{something}&quot;, right: &quot;{param}Part/Literal/part{else}&quot;)" storage="/home/runner/work/aspnetcore/aspnetcore/artifacts/bin/microsoft.aspnetcore.components.tests/debug/net10.0/microsoft.aspnetcore.components.tests.dll" id="85ddaa4f-3f69-91f1-7a58-f25401165b7d">
      <Execution id="5c19cbc4-b686-4974-b733-d00b09b49e76" />
      <TestMethod codeBase="/home/runner/work/aspnetcore/aspnetcore/artifacts/bin/Microsoft.AspNetCore.Components.Tests/Debug/net10.0/Microsoft.AspNetCore.Components.Tests.dll" adapterTypeName="executor://xunit/VsTestRunner3/netcore/" className="Microsoft.AspNetCore.Components.Routing.RouteTableFactoryTests" name="DetectsAmbiguousRoutes" />
    </UnitTest>
    <UnitTest name="Microsoft.AspNetCore.Components.EventCallbackFactoryTest.CreateInferred_FuncTTask" storage="/home/runner/work/aspnetcore/aspnetcore/artifacts/bin/microsoft.aspnetcore.components.tests/debug/net10.0/microsoft.aspnetcore.components.tests.dll" id="68e1cb8f-726e-8055-f025-3bc54f1b35e6">
      <Execution id="0908cf6b-34c8-4eac-873a-a417ca129213" />
      <TestMethod codeBase="/home/runner/work/aspnetcore/aspnetcore/artifacts/bin/Microsoft.AspNetCore.Components.Tests/Debug/net10.0/Microsoft.AspNetCore.Components.Tests.dll" adapterTypeName="executor://xunit/VsTestRunner3/netcore/" className="Microsoft.AspNetCore.Components.EventCallbackFactoryTest" name="CreateInferred_FuncTTask" />
    </UnitTest>
    <UnitTest name="Microsoft.AspNetCore.Components.EventCallbackTest.EventCallbackOfT_Action_IgnoresArg" storage="/home/runner/work/aspnetcore/aspnetcore/artifacts/bin/microsoft.aspnetcore.components.tests/debug/net10.0/microsoft.aspnetcore.components.tests.dll" id="2a7a5144-ae6a-53c0-7d6e-36d0260f6539">
      <Execution id="96690d15-dba2-46e8-98df-7b1ff27d69a4" />
      <TestMethod codeBase="/home/runner/work/aspnetcore/aspnetcore/artifacts/bin/Microsoft.AspNetCore.Components.Tests/Debug/net10.0/Microsoft.AspNetCore.Components.Tests.dll" adapterTypeName="executor://xunit/VsTestRunner3/netcore/" className="Microsoft.AspNetCore.Components.EventCallbackTest" name="EventCallbackOfT_Action_IgnoresArg" />
    </UnitTest>
    <UnitTest name="Microsoft.AspNetCore.Components.EventCallbackFactoryBinderExtensionsTest.CreateBinder_BindsEmpty_DoesNotCallSetter" storage="/home/runner/work/aspnetcore/aspnetcore/artifacts/bin/microsoft.aspnetcore.components.tests/debug/net10.0/microsoft.aspnetcore.components.tests.dll" id="ec1de2be-046a-f8f0-02fd-4f851a3a270b">
      <Execution id="4637db85-5632-44c5-95a1-79bb07734624" />
      <TestMethod codeBase="/home/runner/work/aspnetcore/aspnetcore/artifacts/bin/Microsoft.AspNetCore.Components.Tests/Debug/net10.0/Microsoft.AspNetCore.Components.Tests.dll" adapterTypeName="executor://xunit/VsTestRunner3/netcore/" className="Microsoft.AspNetCore.Components.EventCallbackFactoryBinderExtensionsTest" name="CreateBinder_BindsEmpty_DoesNotCallSetter" />
    </UnitTest>
    <UnitTest name="Microsoft.AspNetCore.Components.Routing.RouteTableFactoryTests.OptionalParameterPlusCatchAllRoute(template: &quot;/{parameter?}/{*catchAll}&quot;, path: &quot;/value/1&quot;, parameterValue: &quot;value&quot;, catchAllValue: &quot;1&quot;)" storage="/home/runner/work/aspnetcore/aspnetcore/artifacts/bin/microsoft.aspnetcore.components.tests/debug/net10.0/microsoft.aspnetcore.components.tests.dll" id="5c5c39e8-4d1e-8571-9c73-7c5a4e8cc8b9">
      <Execution id="507116df-6ee4-4f19-9dca-20343b093d91" />
      <TestMethod codeBase="/home/runner/work/aspnetcore/aspnetcore/artifacts/bin/Microsoft.AspNetCore.Components.Tests/Debug/net10.0/Microsoft.AspNetCore.Components.Tests.dll" adapterTypeName="executor://xunit/VsTestRunner3/netcore/" className="Microsoft.AspNetCore.Components.Routing.RouteTableFactoryTests" name="OptionalParameterPlusCatchAllRoute" />
    </UnitTest>
    <UnitTest name="Microsoft.AspNetCore.Components.EventCallbackTest.EventCallbackOfT_Action_Null" storage="/home/runner/work/aspnetcore/aspnetcore/artifacts/bin/microsoft.aspnetcore.components.tests/debug/net10.0/microsoft.aspnetcore.components.tests.dll" id="d92999e9-71ec-1caf-9df2-20fb35696860">
      <Execution id="837705e7-3b07-45e2-9f62-1d28c1681a0f" />
      <TestMethod codeBase="/home/runner/work/aspnetcore/aspnetcore/artifacts/bin/Microsoft.AspNetCore.Components.Tests/Debug/net10.0/Microsoft.AspNetCore.Components.Tests.dll" adapterTypeName="executor://xunit/VsTestRunner3/netcore/" className="Microsoft.AspNetCore.Components.EventCallbackTest" name="EventCallbackOfT_Action_Null" />
    </UnitTest>
    <UnitTest name="Microsoft.AspNetCore.Components.PersistentStateValueProviderTests.PersistAsync_CanPersistMultipleComponentsOfSameType_SupportsDifferentKeyTypes" storage="/home/runner/work/aspnetcore/aspnetcore/artifacts/bin/microsoft.aspnetcore.components.tests/debug/net10.0/microsoft.aspnetcore.components.tests.dll" id="1080a8fb-c4f5-1740-e9b9-cd24db7a0bc9">
      <Execution id="a36cb327-e66d-4a88-bccd-539aba2849e2" />
      <TestMethod codeBase="/home/runner/work/aspnetcore/aspnetcore/artifacts/bin/Microsoft.AspNetCore.Components.Tests/Debug/net10.0/Microsoft.AspNetCore.Components.Tests.dll" adapterTypeName="executor://xunit/VsTestRunner3/netcore/" className="Microsoft.AspNetCore.Components.PersistentStateValueProviderTests" name="PersistAsync_CanPersistMultipleComponentsOfSameType_SupportsDifferentKeyTypes" />
    </UnitTest>
    <UnitTest name="Microsoft.AspNetCore.Components.Routing.QueryParameterValueSupplierTest.RejectsUnparseableArrayEntries(key: &quot;NullableIntVals&quot;, validValue: &quot;5000000&quot;, invalidValue: &quot;5000000000&quot;, targetType: typeof(int?))" storage="/home/runner/work/aspnetcore/aspnetcore/artifacts/bin/microsoft.aspnetcore.components.tests/debug/net10.0/microsoft.aspnetcore.components.tests.dll" id="0a300af8-074e-9501-ec6a-975668ca3859">
      <Execution id="6747faad-9971-47f1-a1dc-f668f90cafd7" />
      <TestMethod codeBase="/home/runner/work/aspnetcore/aspnetcore/artifacts/bin/Microsoft.AspNetCore.Components.Tests/Debug/net10.0/Microsoft.AspNetCore.Components.Tests.dll" adapterTypeName="executor://xunit/VsTestRunner3/netcore/" className="Microsoft.AspNetCore.Components.Routing.QueryParameterValueSupplierTest" name="RejectsUnparseableArrayEntries" />
    </UnitTest>
    <UnitTest name="Microsoft.AspNetCore.Components.Test.RendererTest.CanTriggerEventHandlerDisposedInEarlierPendingBatchAsync" storage="/home/runner/work/aspnetcore/aspnetcore/artifacts/bin/microsoft.aspnetcore.components.tests/debug/net10.0/microsoft.aspnetcore.components.tests.dll" id="d920aa55-aba6-f502-79ed-eb08727df687">
      <Execution id="12e314a1-4e86-4219-9e20-ea552a27540d" />
      <TestMethod codeBase="/home/runner/work/aspnetcore/aspnetcore/artifacts/bin/Microsoft.AspNetCore.Components.Tests/Debug/net10.0/Microsoft.AspNetCore.Components.Tests.dll" adapterTypeName="executor://xunit/VsTestRunner3/netcore/" className="Microsoft.AspNetCore.Components.Test.RendererTest" name="CanTriggerEventHandlerDisposedInEarlierPendingBatchAsync" />
    </UnitTest>
    <UnitTest name="Microsoft.AspNetCore.Components.Routing.RouterTest.UsesNotFoundContentIfSpecified" storage="/home/runner/work/aspnetcore/aspnetcore/artifacts/bin/microsoft.aspnetcore.components.tests/debug/net10.0/microsoft.aspnetcore.components.tests.dll" id="c7186a22-56df-6679-bd7a-5e070fbd5941">
      <Execution id="141410c4-ffe0-4839-b792-d6db36dfcb95" />
      <TestMethod codeBase="/home/runner/work/aspnetcore/aspnetcore/artifacts/bin/Microsoft.AspNetCore.Components.Tests/Debug/net10.0/Microsoft.AspNetCore.Components.Tests.dll" adapterTypeName="executor://xunit/VsTestRunner3/netcore/" className="Microsoft.AspNetCore.Components.Routing.RouterTest" name="UsesNotFoundContentIfSpecified" />
    </UnitTest>
    <UnitTest name="Microsoft.AspNetCore.Components.RenderTree.ArrayBuilderTest.UnusedBufferIsReturned_OnResize" storage="/home/runner/work/aspnetcore/aspnetcore/artifacts/bin/microsoft.aspnetcore.components.tests/debug/net10.0/microsoft.aspnetcore.components.tests.dll" id="edccd82f-71b3-2913-24cc-5ca034ec7a2f">
      <Execution id="e3d73078-43c5-4c37-92b9-9736218e343d" />
      <TestMethod codeBase="/home/runner/work/aspnetcore/aspnetcore/artifacts/bin/Microsoft.AspNetCore.Components.Tests/Debug/net10.0/Microsoft.AspNetCore.Components.Tests.dll" adapterTypeName="executor://xunit/VsTestRunner3/netcore/" className="Microsoft.AspNetCore.Components.RenderTree.ArrayBuilderTest" name="UnusedBufferIsReturned_OnResize" />
    </UnitTest>
    <UnitTest name="Microsoft.AspNetCore.Components.Test.RenderTreeDiffBuilderTest.RecognizesInsertedRegions" storage="/home/runner/work/aspnetcore/aspnetcore/artifacts/bin/microsoft.aspnetcore.components.tests/debug/net10.0/microsoft.aspnetcore.components.tests.dll" id="5cf972f2-b538-396a-f043-7116e483cc74">
      <Execution id="875c7e29-c34c-4b3f-9046-a5de0dda0b2a" />
      <TestMethod codeBase="/home/runner/work/aspnetcore/aspnetcore/artifacts/bin/Microsoft.AspNetCore.Components.Tests/Debug/net10.0/Microsoft.AspNetCore.Components.Tests.dll" adapterTypeName="executor://xunit/VsTestRunner3/netcore/" className="Microsoft.AspNetCore.Components.Test.RenderTreeDiffBuilderTest" name="RecognizesInsertedRegions" />
    </UnitTest>
    <UnitTest name="Microsoft.AspNetCore.Components.Routing.RouteTableFactoryTests.DoesNotMatchIfConstraintDoesNotMatch(template: &quot;/{value:int}&quot;, contextUrl: &quot;/3.141&quot;)" storage="/home/runner/work/aspnetcore/aspnetcore/artifacts/bin/microsoft.aspnetcore.components.tests/debug/net10.0/microsoft.aspnetcore.components.tests.dll" id="9db56dfb-3231-b225-df86-79071f935e79">
      <Execution id="499b07b0-35aa-4278-99ef-419fd4812676" />
      <TestMethod codeBase="/home/runner/work/aspnetcore/aspnetcore/artifacts/bin/Microsoft.AspNetCore.Components.Tests/Debug/net10.0/Microsoft.AspNetCore.Components.Tests.dll" adapterTypeName="executor://xunit/VsTestRunner3/netcore/" className="Microsoft.AspNetCore.Components.Routing.RouteTableFactoryTests" name="DoesNotMatchIfConstraintDoesNotMatch" />
    </UnitTest>
    <UnitTest name="Microsoft.AspNetCore.Components.Rendering.RenderTreeBuilderTest.AddAttribute_Component_EventCallback_AddsFrame" storage="/home/runner/work/aspnetcore/aspnetcore/artifacts/bin/microsoft.aspnetcore.components.tests/debug/net10.0/microsoft.aspnetcore.components.tests.dll" id="2607e7d1-ec1e-fa7a-6ed7-51f12749f64c">
      <Execution id="d44f1771-5317-40c2-a828-9f5761957f87" />
      <TestMethod codeBase="/home/runner/work/aspnetcore/aspnetcore/artifacts/bin/Microsoft.AspNetCore.Components.Tests/Debug/net10.0/Microsoft.AspNetCore.Components.Tests.dll" adapterTypeName="executor://xunit/VsTestRunner3/netcore/" className="Microsoft.AspNetCore.Components.Rendering.RenderTreeBuilderTest" name="AddAttribute_Component_EventCallback_AddsFrame" />
    </UnitTest>
    <UnitTest name="Microsoft.AspNetCore.Components.Rendering.RenderTreeBuilderTest.CanAddMultipleReferenceCapturesToSameElement" storage="/home/runner/work/aspnetcore/aspnetcore/artifacts/bin/microsoft.aspnetcore.components.tests/debug/net10.0/microsoft.aspnetcore.components.tests.dll" id="5d010426-f653-c7a7-c535-24423b4e0179">
      <Execution id="a0499944-9550-4ef1-a5f8-7f8f02d4d8db" />
      <TestMethod codeBase="/home/runner/work/aspnetcore/aspnetcore/artifacts/bin/Microsoft.AspNetCore.Components.Tests/Debug/net10.0/Microsoft.AspNetCore.Components.Tests.dll" adapterTypeName="executor://xunit/VsTestRunner3/netcore/" className="Microsoft.AspNetCore.Components.Rendering.RenderTreeBuilderTest" name="CanAddMultipleReferenceCapturesToSameElement" />
    </UnitTest>
    <UnitTest name="Microsoft.AspNetCore.Components.Rendering.RendererSynchronizationContextTest.InvokeAsync_FuncT_CanRunSynchronously_WhenNotBusy" storage="/home/runner/work/aspnetcore/aspnetcore/artifacts/bin/microsoft.aspnetcore.components.tests/debug/net10.0/microsoft.aspnetcore.components.tests.dll" id="6c0220b6-5678-ede2-bd06-2929b0963682">
      <Execution id="12643b4c-e242-42cf-b7e9-312800b17b9b" />
      <TestMethod codeBase="/home/runner/work/aspnetcore/aspnetcore/artifacts/bin/Microsoft.AspNetCore.Components.Tests/Debug/net10.0/Microsoft.AspNetCore.Components.Tests.dll" adapterTypeName="executor://xunit/VsTestRunner3/netcore/" className="Microsoft.AspNetCore.Components.Rendering.RendererSynchronizationContextTest" name="InvokeAsync_FuncT_CanRunSynchronously_WhenNotBusy" />
    </UnitTest>
    <UnitTest name="Microsoft.AspNetCore.Components.Routing.RouterTest.UsesCurrentRouteMatchingIfSpecified" storage="/home/runner/work/aspnetcore/aspnetcore/artifacts/bin/microsoft.aspnetcore.components.tests/debug/net10.0/microsoft.aspnetcore.components.tests.dll" id="bc506b14-1566-4bb6-f2df-faaaccfdbb33">
      <Execution id="b9651da8-ee57-438d-8542-59dd50306c68" />
      <TestMethod codeBase="/home/runner/work/aspnetcore/aspnetcore/artifacts/bin/Microsoft.AspNetCore.Components.Tests/Debug/net10.0/Microsoft.AspNetCore.Components.Tests.dll" adapterTypeName="executor://xunit/VsTestRunner3/netcore/" className="Microsoft.AspNetCore.Components.Routing.RouterTest" name="UsesCurrentRouteMatchingIfSpecified" />
    </UnitTest>
    <UnitTest name="Microsoft.AspNetCore.Components.Routing.RoutePatternParserTests.InvalidTemplate_WithRepeatedParameter" storage="/home/runner/work/aspnetcore/aspnetcore/artifacts/bin/microsoft.aspnetcore.components.tests/debug/net10.0/microsoft.aspnetcore.components.tests.dll" id="8c25d266-0f03-7ae6-7678-beedad642844">
      <Execution id="df639b9a-9845-4e74-bb71-44609b9a563c" />
      <TestMethod codeBase="/home/runner/work/aspnetcore/aspnetcore/artifacts/bin/Microsoft.AspNetCore.Components.Tests/Debug/net10.0/Microsoft.AspNetCore.Components.Tests.dll" adapterTypeName="executor://xunit/VsTestRunner3/netcore/" className="Microsoft.AspNetCore.Components.Routing.RoutePatternParserTests" name="InvalidTemplate_WithRepeatedParameter" />
    </UnitTest>
    <UnitTest name="Microsoft.AspNetCore.Components.Rendering.RenderTreeBuilderTest.CannotAddComponentParameterToText" storage="/home/runner/work/aspnetcore/aspnetcore/artifacts/bin/microsoft.aspnetcore.components.tests/debug/net10.0/microsoft.aspnetcore.components.tests.dll" id="cb7fed50-429e-e286-8103-d78be0428651">
      <Execution id="e664b245-2ce5-4e2e-aaf9-448284cf18ef" />
      <TestMethod codeBase="/home/runner/work/aspnetcore/aspnetcore/artifacts/bin/Microsoft.AspNetCore.Components.Tests/Debug/net10.0/Microsoft.AspNetCore.Components.Tests.dll" adapterTypeName="executor://xunit/VsTestRunner3/netcore/" className="Microsoft.AspNetCore.Components.Rendering.RenderTreeBuilderTest" name="CannotAddComponentParameterToText" />
    </UnitTest>
    <UnitTest name="Microsoft.AspNetCore.Components.Rendering.RenderTreeBuilderTest.AddAttribute_Element_EventCallback_AddsFrame" storage="/home/runner/work/aspnetcore/aspnetcore/artifacts/bin/microsoft.aspnetcore.components.tests/debug/net10.0/microsoft.aspnetcore.components.tests.dll" id="9572a548-ddb6-b4fa-3bd1-287342efdf40">
      <Execution id="71ccbbfa-57c1-4c91-9389-752bf3d6f511" />
      <TestMethod codeBase="/home/runner/work/aspnetcore/aspnetcore/artifacts/bin/Microsoft.AspNetCore.Components.Tests/Debug/net10.0/Microsoft.AspNetCore.Components.Tests.dll" adapterTypeName="executor://xunit/VsTestRunner3/netcore/" className="Microsoft.AspNetCore.Components.Rendering.RenderTreeBuilderTest" name="AddAttribute_Element_EventCallback_AddsFrame" />
    </UnitTest>
    <UnitTest name="Microsoft.AspNetCore.Components.Test.RendererTest.EventDispatching_EventCallback_NoTargetLambda" storage="/home/runner/work/aspnetcore/aspnetcore/artifacts/bin/microsoft.aspnetcore.components.tests/debug/net10.0/microsoft.aspnetcore.components.tests.dll" id="46283aee-1692-fc12-8d62-a4120659cd53">
      <Execution id="797776c9-934a-47c0-a847-5b5ad2e91bc4" />
      <TestMethod codeBase="/home/runner/work/aspnetcore/aspnetcore/artifacts/bin/Microsoft.AspNetCore.Components.Tests/Debug/net10.0/Microsoft.AspNetCore.Components.Tests.dll" adapterTypeName="executor://xunit/VsTestRunner3/netcore/" className="Microsoft.AspNetCore.Components.Test.RendererTest" name="EventDispatching_EventCallback_NoTargetLambda" />
    </UnitTest>
    <UnitTest name="Microsoft.AspNetCore.Components.CascadingParameterStateTest.FindCascadingParameters_IfHasPartialMatchesInAncestors_ReturnsMatches" storage="/home/runner/work/aspnetcore/aspnetcore/artifacts/bin/microsoft.aspnetcore.components.tests/debug/net10.0/microsoft.aspnetcore.components.tests.dll" id="cd43612f-be33-d954-48bd-96e6f5b4c881">
      <Execution id="c8042cfa-2310-4b1a-a261-71ed8fac44ec" />
      <TestMethod codeBase="/home/runner/work/aspnetcore/aspnetcore/artifacts/bin/Microsoft.AspNetCore.Components.Tests/Debug/net10.0/Microsoft.AspNetCore.Components.Tests.dll" adapterTypeName="executor://xunit/VsTestRunner3/netcore/" className="Microsoft.AspNetCore.Components.CascadingParameterStateTest" name="FindCascadingParameters_IfHasPartialMatchesInAncestors_ReturnsMatches" />
    </UnitTest>
    <UnitTest name="Microsoft.AspNetCore.Components.Test.ComponentBaseTest.RenderRootComponentAsync_ReportsErrorDuringOnInitAsync" storage="/home/runner/work/aspnetcore/aspnetcore/artifacts/bin/microsoft.aspnetcore.components.tests/debug/net10.0/microsoft.aspnetcore.components.tests.dll" id="1675d0e0-ae6b-aee1-34e4-f29cb80adbf0">
      <Execution id="9f119e20-d0ce-4911-b579-99e980667116" />
      <TestMethod codeBase="/home/runner/work/aspnetcore/aspnetcore/artifacts/bin/Microsoft.AspNetCore.Components.Tests/Debug/net10.0/Microsoft.AspNetCore.Components.Tests.dll" adapterTypeName="executor://xunit/VsTestRunner3/netcore/" className="Microsoft.AspNetCore.Components.Test.ComponentBaseTest" name="RenderRootComponentAsync_ReportsErrorDuringOnInitAsync" />
    </UnitTest>
    <UnitTest name="Microsoft.AspNetCore.Components.BindConverterTest.FormatValue_NullableBool" storage="/home/runner/work/aspnetcore/aspnetcore/artifacts/bin/microsoft.aspnetcore.components.tests/debug/net10.0/microsoft.aspnetcore.components.tests.dll" id="a70f5413-6006-3a94-1740-0cadbd3f730c">
      <Execution id="866741c1-c061-43e4-9f9d-389b90fe1ac9" />
      <TestMethod codeBase="/home/runner/work/aspnetcore/aspnetcore/artifacts/bin/Microsoft.AspNetCore.Components.Tests/Debug/net10.0/Microsoft.AspNetCore.Components.Tests.dll" adapterTypeName="executor://xunit/VsTestRunner3/netcore/" className="Microsoft.AspNetCore.Components.BindConverterTest" name="FormatValue_NullableBool" />
    </UnitTest>
    <UnitTest name="Microsoft.AspNetCore.Components.Routing.RoutePatternParserTests.ParseRouteParameter_ThrowsIf_ParameterContainsSpecialCharacters(template: &quot;{.}&quot;, expectedMessage: &quot;The route parameter name '.' is invalid. Route par&quot;···)" storage="/home/runner/work/aspnetcore/aspnetcore/artifacts/bin/microsoft.aspnetcore.components.tests/debug/net10.0/microsoft.aspnetcore.components.tests.dll" id="7472422d-3b90-9c77-80cd-68eb64dc292c">
      <Execution id="db8c0091-689f-47da-ae02-4ab29ba03266" />
      <TestMethod codeBase="/home/runner/work/aspnetcore/aspnetcore/artifacts/bin/Microsoft.AspNetCore.Components.Tests/Debug/net10.0/Microsoft.AspNetCore.Components.Tests.dll" adapterTypeName="executor://xunit/VsTestRunner3/netcore/" className="Microsoft.AspNetCore.Components.Routing.RoutePatternParserTests" name="ParseRouteParameter_ThrowsIf_ParameterContainsSpecialCharacters" />
    </UnitTest>
    <UnitTest name="Microsoft.AspNetCore.Components.NavigationManagerTest.GetUriWithQueryParameter_ReplacesWhenParameterExists(baseUri: &quot;scheme://host/?fUlL%20nAmE=Bob%20Joe&amp;AgE=42&quot;, expectedUri: &quot;scheme://host/?full%20name=John%20Doe&amp;AgE=42&quot;)" storage="/home/runner/work/aspnetcore/aspnetcore/artifacts/bin/microsoft.aspnetcore.components.tests/debug/net10.0/microsoft.aspnetcore.components.tests.dll" id="ec7d19ad-ade8-9765-2912-b94ec23659ea">
      <Execution id="af70345f-53b5-4c7f-99e0-b38d5b2ca659" />
      <TestMethod codeBase="/home/runner/work/aspnetcore/aspnetcore/artifacts/bin/Microsoft.AspNetCore.Components.Tests/Debug/net10.0/Microsoft.AspNetCore.Components.Tests.dll" adapterTypeName="executor://xunit/VsTestRunner3/netcore/" className="Microsoft.AspNetCore.Components.NavigationManagerTest" name="GetUriWithQueryParameter_ReplacesWhenParameterExists" />
    </UnitTest>
    <UnitTest name="Microsoft.AspNetCore.Components.Test.RenderTreeUpdaterTest.AddsAttributeIfNotFound" storage="/home/runner/work/aspnetcore/aspnetcore/artifacts/bin/microsoft.aspnetcore.components.tests/debug/net10.0/microsoft.aspnetcore.components.tests.dll" id="2321d162-3ee9-2646-4041-1d981536d2bc">
      <Execution id="40aea8e2-c054-45d3-ad4f-21a3c545e19e" />
      <TestMethod codeBase="/home/runner/work/aspnetcore/aspnetcore/artifacts/bin/Microsoft.AspNetCore.Components.Tests/Debug/net10.0/Microsoft.AspNetCore.Components.Tests.dll" adapterTypeName="executor://xunit/VsTestRunner3/netcore/" className="Microsoft.AspNetCore.Components.Test.RenderTreeUpdaterTest" name="AddsAttributeIfNotFound" />
    </UnitTest>
    <UnitTest name="Microsoft.AspNetCore.Components.NavigationManagerTest.LocationChangingHandlers_CanCancelTheNavigationSynchronously_BeforeReturning_WhenMultipleHandlersAreRegistered" storage="/home/runner/work/aspnetcore/aspnetcore/artifacts/bin/microsoft.aspnetcore.components.tests/debug/net10.0/microsoft.aspnetcore.components.tests.dll" id="1ebcf50f-3294-b90a-993d-26baa2fccb53">
      <Execution id="81d3b3af-28c7-4be7-b056-ea64c196ae58" />
      <TestMethod codeBase="/home/runner/work/aspnetcore/aspnetcore/artifacts/bin/Microsoft.AspNetCore.Components.Tests/Debug/net10.0/Microsoft.AspNetCore.Components.Tests.dll" adapterTypeName="executor://xunit/VsTestRunner3/netcore/" className="Microsoft.AspNetCore.Components.NavigationManagerTest" name="LocationChangingHandlers_CanCancelTheNavigationSynchronously_BeforeReturning_WhenMultipleHandlersAreRegistered" />
    </UnitTest>
    <UnitTest name="Microsoft.AspNetCore.Components.EventCallbackFactoryTest.CreateInferred_ActionT" storage="/home/runner/work/aspnetcore/aspnetcore/artifacts/bin/microsoft.aspnetcore.components.tests/debug/net10.0/microsoft.aspnetcore.components.tests.dll" id="8e66c054-8cb0-4ebb-38fd-dd914bad0e3c">
      <Execution id="522fe0b1-3bfc-41e3-bae3-0abf0d8f01ba" />
      <TestMethod codeBase="/home/runner/work/aspnetcore/aspnetcore/artifacts/bin/Microsoft.AspNetCore.Components.Tests/Debug/net10.0/Microsoft.AspNetCore.Components.Tests.dll" adapterTypeName="executor://xunit/VsTestRunner3/netcore/" className="Microsoft.AspNetCore.Components.EventCallbackFactoryTest" name="CreateInferred_ActionT" />
    </UnitTest>
    <UnitTest name="Microsoft.AspNetCore.Components.Rendering.RenderTreeBuilderTest.ReportsUnclosedRegionAsInvalid" storage="/home/runner/work/aspnetcore/aspnetcore/artifacts/bin/microsoft.aspnetcore.components.tests/debug/net10.0/microsoft.aspnetcore.components.tests.dll" id="a944774e-c819-e8bf-de7d-ffc1f5493272">
      <Execution id="9aa2e527-730b-4319-9e42-4bb599b6f4da" />
      <TestMethod codeBase="/home/runner/work/aspnetcore/aspnetcore/artifacts/bin/Microsoft.AspNetCore.Components.Tests/Debug/net10.0/Microsoft.AspNetCore.Components.Tests.dll" adapterTypeName="executor://xunit/VsTestRunner3/netcore/" className="Microsoft.AspNetCore.Components.Rendering.RenderTreeBuilderTest" name="ReportsUnclosedRegionAsInvalid" />
    </UnitTest>
    <UnitTest name="Microsoft.AspNetCore.Components.Test.RendererTest.CanRemoveRootComponents" storage="/home/runner/work/aspnetcore/aspnetcore/artifacts/bin/microsoft.aspnetcore.components.tests/debug/net10.0/microsoft.aspnetcore.components.tests.dll" id="1d4e397c-0d5e-ade4-d66a-803a9176eb51">
      <Execution id="f861ac6f-0e50-49fb-bc17-e5ec067bfbd8" />
      <TestMethod codeBase="/home/runner/work/aspnetcore/aspnetcore/artifacts/bin/Microsoft.AspNetCore.Components.Tests/Debug/net10.0/Microsoft.AspNetCore.Components.Tests.dll" adapterTypeName="executor://xunit/VsTestRunner3/netcore/" className="Microsoft.AspNetCore.Components.Test.RendererTest" name="CanRemoveRootComponents" />
    </UnitTest>
    <UnitTest name="Microsoft.AspNetCore.Components.Test.RendererTest.BindWithAfter" storage="/home/runner/work/aspnetcore/aspnetcore/artifacts/bin/microsoft.aspnetcore.components.tests/debug/net10.0/microsoft.aspnetcore.components.tests.dll" id="1e7170e4-ab6a-5b56-5e8c-459d5697bd4d">
      <Execution id="df9c9421-a4df-406d-9e8e-d130418cddff" />
      <TestMethod codeBase="/home/runner/work/aspnetcore/aspnetcore/artifacts/bin/Microsoft.AspNetCore.Components.Tests/Debug/net10.0/Microsoft.AspNetCore.Components.Tests.dll" adapterTypeName="executor://xunit/VsTestRunner3/netcore/" className="Microsoft.AspNetCore.Components.Test.RendererTest" name="BindWithAfter" />
    </UnitTest>
    <UnitTest name="Microsoft.AspNetCore.Components.NavigationManagerTest.GetUriWithQueryParameters_ThrowsWhenAnyParameterNameIsEmpty(baseUri: &quot;scheme://host/?existing-param=test&quot;)" storage="/home/runner/work/aspnetcore/aspnetcore/artifacts/bin/microsoft.aspnetcore.components.tests/debug/net10.0/microsoft.aspnetcore.components.tests.dll" id="84ec3794-ad26-9989-2249-c7a407d234d8">
      <Execution id="41f6ecdc-3e45-4975-9e9e-38553c051518" />
      <TestMethod codeBase="/home/runner/work/aspnetcore/aspnetcore/artifacts/bin/Microsoft.AspNetCore.Components.Tests/Debug/net10.0/Microsoft.AspNetCore.Components.Tests.dll" adapterTypeName="executor://xunit/VsTestRunner3/netcore/" className="Microsoft.AspNetCore.Components.NavigationManagerTest" name="GetUriWithQueryParameters_ThrowsWhenAnyParameterNameIsEmpty" />
    </UnitTest>
    <UnitTest name="Microsoft.AspNetCore.Components.ResourceAssetCollectionTest.ResolvingNoFingerprintedResourcesReturnsSameUrl" storage="/home/runner/work/aspnetcore/aspnetcore/artifacts/bin/microsoft.aspnetcore.components.tests/debug/net10.0/microsoft.aspnetcore.components.tests.dll" id="f98074d2-3b8b-29f1-c246-0726c93127e7">
      <Execution id="67dba545-383c-4ba5-8c0e-22847802b54e" />
      <TestMethod codeBase="/home/runner/work/aspnetcore/aspnetcore/artifacts/bin/Microsoft.AspNetCore.Components.Tests/Debug/net10.0/Microsoft.AspNetCore.Components.Tests.dll" adapterTypeName="executor://xunit/VsTestRunner3/netcore/" className="Microsoft.AspNetCore.Components.ResourceAssetCollectionTest" name="ResolvingNoFingerprintedResourcesReturnsSameUrl" />
    </UnitTest>
    <UnitTest name="Microsoft.AspNetCore.Components.Test.RendererTest.ExceptionsThrownAsynchronouslyAfterFirstRenderCanBeHandled" storage="/home/runner/work/aspnetcore/aspnetcore/artifacts/bin/microsoft.aspnetcore.components.tests/debug/net10.0/microsoft.aspnetcore.components.tests.dll" id="db96f8a4-33f9-e292-2d82-aa435d5e7060">
      <Execution id="d4655ee0-f065-46e9-8829-16124535d798" />
      <TestMethod codeBase="/home/runner/work/aspnetcore/aspnetcore/artifacts/bin/Microsoft.AspNetCore.Components.Tests/Debug/net10.0/Microsoft.AspNetCore.Components.Tests.dll" adapterTypeName="executor://xunit/VsTestRunner3/netcore/" className="Microsoft.AspNetCore.Components.Test.RendererTest" name="ExceptionsThrownAsynchronouslyAfterFirstRenderCanBeHandled" />
    </UnitTest>
    <UnitTest name="Microsoft.AspNetCore.Components.Test.RenderTreeDiffBuilderTest.QueuesRemovedChildComponentsForDisposal" storage="/home/runner/work/aspnetcore/aspnetcore/artifacts/bin/microsoft.aspnetcore.components.tests/debug/net10.0/microsoft.aspnetcore.components.tests.dll" id="d30029b3-462f-1a3d-d6b9-688bd70870b2">
      <Execution id="6ecd733d-4ed2-400c-b4c7-48b20780384f" />
      <TestMethod codeBase="/home/runner/work/aspnetcore/aspnetcore/artifacts/bin/Microsoft.AspNetCore.Components.Tests/Debug/net10.0/Microsoft.AspNetCore.Components.Tests.dll" adapterTypeName="executor://xunit/VsTestRunner3/netcore/" className="Microsoft.AspNetCore.Components.Test.RenderTreeDiffBuilderTest" name="QueuesRemovedChildComponentsForDisposal" />
    </UnitTest>
    <UnitTest name="Microsoft.AspNetCore.Components.EventCallbackFactoryTest.CreateT_ActionT_DifferentReceiver" storage="/home/runner/work/aspnetcore/aspnetcore/artifacts/bin/microsoft.aspnetcore.components.tests/debug/net10.0/microsoft.aspnetcore.components.tests.dll" id="27e27187-cc17-5818-666a-779ac7a9cd40">
      <Execution id="8bed8a50-2e28-48c0-85e1-803195e3947c" />
      <TestMethod codeBase="/home/runner/work/aspnetcore/aspnetcore/artifacts/bin/Microsoft.AspNetCore.Components.Tests/Debug/net10.0/Microsoft.AspNetCore.Components.Tests.dll" adapterTypeName="executor://xunit/VsTestRunner3/netcore/" className="Microsoft.AspNetCore.Components.EventCallbackFactoryTest" name="CreateT_ActionT_DifferentReceiver" />
    </UnitTest>
    <UnitTest name="Microsoft.AspNetCore.Components.NavigationManagerTest.LocationChangingAsync_Throws_WithoutHandleLocationChangingHandlerOverride_WhenALocationChangingHandlerThrows_WhenOneHandlerIsRegistered" storage="/home/runner/work/aspnetcore/aspnetcore/artifacts/bin/microsoft.aspnetcore.components.tests/debug/net10.0/microsoft.aspnetcore.components.tests.dll" id="256ec8ee-676d-65e9-5648-6e3012d32600">
      <Execution id="9ef01815-d1db-4921-abcd-5277087b07da" />
      <TestMethod codeBase="/home/runner/work/aspnetcore/aspnetcore/artifacts/bin/Microsoft.AspNetCore.Components.Tests/Debug/net10.0/Microsoft.AspNetCore.Components.Tests.dll" adapterTypeName="executor://xunit/VsTestRunner3/netcore/" className="Microsoft.AspNetCore.Components.NavigationManagerTest" name="LocationChangingAsync_Throws_WithoutHandleLocationChangingHandlerOverride_WhenALocationChangingHandlerThrows_WhenOneHandlerIsRegistered" />
    </UnitTest>
    <UnitTest name="Microsoft.AspNetCore.Components.ComponentStatePersistenceManagerTest.PersistStateAsync_ContinuesInvokingPauseCallbacksDuringPersistIfACallbackThrowsAsynchonously" storage="/home/runner/work/aspnetcore/aspnetcore/artifacts/bin/microsoft.aspnetcore.components.tests/debug/net10.0/microsoft.aspnetcore.components.tests.dll" id="6fc22d5b-0137-2783-ba4a-fc20626fe068">
      <Execution id="c22f57fe-fd65-45d9-944c-34f759ac87e6" />
      <TestMethod codeBase="/home/runner/work/aspnetcore/aspnetcore/artifacts/bin/Microsoft.AspNetCore.Components.Tests/Debug/net10.0/Microsoft.AspNetCore.Components.Tests.dll" adapterTypeName="executor://xunit/VsTestRunner3/netcore/" className="Microsoft.AspNetCore.Components.ComponentStatePersistenceManagerTest" name="PersistStateAsync_ContinuesInvokingPauseCallbacksDuringPersistIfACallbackThrowsAsynchonously" />
    </UnitTest>
    <UnitTest name="Microsoft.AspNetCore.Components.Test.RendererTest.CanAsyncDispatchEventsToNestedComponents" storage="/home/runner/work/aspnetcore/aspnetcore/artifacts/bin/microsoft.aspnetcore.components.tests/debug/net10.0/microsoft.aspnetcore.components.tests.dll" id="caa7d380-0133-5adc-94ca-95a6401a066d">
      <Execution id="362cd5bd-a1fa-4f1b-bed4-b648f0d933ba" />
      <TestMethod codeBase="/home/runner/work/aspnetcore/aspnetcore/artifacts/bin/Microsoft.AspNetCore.Components.Tests/Debug/net10.0/Microsoft.AspNetCore.Components.Tests.dll" adapterTypeName="executor://xunit/VsTestRunner3/netcore/" className="Microsoft.AspNetCore.Components.Test.RendererTest" name="CanAsyncDispatchEventsToNestedComponents" />
    </UnitTest>
    <UnitTest name="Microsoft.AspNetCore.Components.Rendering.RendererSynchronizationContextTest.Post_CanRunAsynchronously_WhenBusy_Exception" storage="/home/runner/work/aspnetcore/aspnetcore/artifacts/bin/microsoft.aspnetcore.components.tests/debug/net10.0/microsoft.aspnetcore.components.tests.dll" id="e54af17f-d257-2ba5-75be-655bc07b8cf2">
      <Execution id="bba78db6-8351-428d-a1c7-a0087ba5e354" />
      <TestMethod codeBase="/home/runner/work/aspnetcore/aspnetcore/artifacts/bin/Microsoft.AspNetCore.Components.Tests/Debug/net10.0/Microsoft.AspNetCore.Components.Tests.dll" adapterTypeName="executor://xunit/VsTestRunner3/netcore/" className="Microsoft.AspNetCore.Components.Rendering.RendererSynchronizationContextTest" name="Post_CanRunAsynchronously_WhenBusy_Exception" />
    </UnitTest>
    <UnitTest name="Microsoft.AspNetCore.Components.Test.CascadingParameterTest.CanUseTryAddPatternForCascadingValuesInServiceCollection_NamedValueFactory" storage="/home/runner/work/aspnetcore/aspnetcore/artifacts/bin/microsoft.aspnetcore.components.tests/debug/net10.0/microsoft.aspnetcore.components.tests.dll" id="7cca54b3-329a-711d-4174-4576115c7e55">
      <Execution id="b1b27d7c-c7fc-4bab-8c37-67c44a23d055" />
      <TestMethod codeBase="/home/runner/work/aspnetcore/aspnetcore/artifacts/bin/Microsoft.AspNetCore.Components.Tests/Debug/net10.0/Microsoft.AspNetCore.Components.Tests.dll" adapterTypeName="executor://xunit/VsTestRunner3/netcore/" className="Microsoft.AspNetCore.Components.Test.CascadingParameterTest" name="CanUseTryAddPatternForCascadingValuesInServiceCollection_NamedValueFactory" />
    </UnitTest>
    <UnitTest name="Microsoft.AspNetCore.Components.Rendering.RenderTreeBuilderTest.AddAttribute_Component_ObjectEventCallback_AddsFrame" storage="/home/runner/work/aspnetcore/aspnetcore/artifacts/bin/microsoft.aspnetcore.components.tests/debug/net10.0/microsoft.aspnetcore.components.tests.dll" id="43d4320b-e5b8-c712-f626-0c1dbfa7b3d2">
      <Execution id="e7f34227-607b-4518-accb-63273a7c881c" />
      <TestMethod codeBase="/home/runner/work/aspnetcore/aspnetcore/artifacts/bin/Microsoft.AspNetCore.Components.Tests/Debug/net10.0/Microsoft.AspNetCore.Components.Tests.dll" adapterTypeName="executor://xunit/VsTestRunner3/netcore/" className="Microsoft.AspNetCore.Components.Rendering.RenderTreeBuilderTest" name="AddAttribute_Component_ObjectEventCallback_AddsFrame" />
    </UnitTest>
    <UnitTest name="Microsoft.AspNetCore.Components.Test.RendererTest.SetParametersAsyncExceptionsCanBeHandledByClosestErrorBoundary_Async" storage="/home/runner/work/aspnetcore/aspnetcore/artifacts/bin/microsoft.aspnetcore.components.tests/debug/net10.0/microsoft.aspnetcore.components.tests.dll" id="04eaae18-b0fd-9865-13a1-eec2c40b7d89">
      <Execution id="31398726-3a29-4a74-b7e2-81cde5c114bc" />
      <TestMethod codeBase="/home/runner/work/aspnetcore/aspnetcore/artifacts/bin/Microsoft.AspNetCore.Components.Tests/Debug/net10.0/Microsoft.AspNetCore.Components.Tests.dll" adapterTypeName="executor://xunit/VsTestRunner3/netcore/" className="Microsoft.AspNetCore.Components.Test.RendererTest" name="SetParametersAsyncExceptionsCanBeHandledByClosestErrorBoundary_Async" />
    </UnitTest>
    <UnitTest name="Microsoft.AspNetCore.Components.RenderTree.ArrayBuilderTest.AppendArray_LargerThanBuffer(size: 1025)" storage="/home/runner/work/aspnetcore/aspnetcore/artifacts/bin/microsoft.aspnetcore.components.tests/debug/net10.0/microsoft.aspnetcore.components.tests.dll" id="5cbb49db-c4c4-d869-7712-02a4cb98a9c5">
      <Execution id="d001e02b-fb2d-4181-8d67-820a1cccc071" />
      <TestMethod codeBase="/home/runner/work/aspnetcore/aspnetcore/artifacts/bin/Microsoft.AspNetCore.Components.Tests/Debug/net10.0/Microsoft.AspNetCore.Components.Tests.dll" adapterTypeName="executor://xunit/VsTestRunner3/netcore/" className="Microsoft.AspNetCore.Components.RenderTree.ArrayBuilderTest" name="AppendArray_LargerThanBuffer" />
    </UnitTest>
    <UnitTest name="Microsoft.AspNetCore.Components.Test.RendererTest.CanCombineBindAndConditionalAttribute" storage="/home/runner/work/aspnetcore/aspnetcore/artifacts/bin/microsoft.aspnetcore.components.tests/debug/net10.0/microsoft.aspnetcore.components.tests.dll" id="d8bd6005-c7ea-3a5c-6ae9-8ad87ec9e0e1">
      <Execution id="a36fc37b-33e4-4bb7-ae81-5b15ad49a225" />
      <TestMethod codeBase="/home/runner/work/aspnetcore/aspnetcore/artifacts/bin/Microsoft.AspNetCore.Components.Tests/Debug/net10.0/Microsoft.AspNetCore.Components.Tests.dll" adapterTypeName="executor://xunit/VsTestRunner3/netcore/" className="Microsoft.AspNetCore.Components.Test.RendererTest" name="CanCombineBindAndConditionalAttribute" />
    </UnitTest>
    <UnitTest name="Microsoft.AspNetCore.Components.Routing.RouteTableFactoryTests.CanCacheRouteTableWithDifferentAssembliesAndOrder" storage="/home/runner/work/aspnetcore/aspnetcore/artifacts/bin/microsoft.aspnetcore.components.tests/debug/net10.0/microsoft.aspnetcore.components.tests.dll" id="bdd242b8-9361-9f1d-34eb-3d7ce4ce4af5">
      <Execution id="3bb65fbd-182d-4107-a951-fe2f064b90a2" />
      <TestMethod codeBase="/home/runner/work/aspnetcore/aspnetcore/artifacts/bin/Microsoft.AspNetCore.Components.Tests/Debug/net10.0/Microsoft.AspNetCore.Components.Tests.dll" adapterTypeName="executor://xunit/VsTestRunner3/netcore/" className="Microsoft.AspNetCore.Components.Routing.RouteTableFactoryTests" name="CanCacheRouteTableWithDifferentAssembliesAndOrder" />
    </UnitTest>
    <UnitTest name="Microsoft.AspNetCore.Components.Rendering.RenderTreeBuilderTest.AddAttribute_Component_ObjectAction_SetsAttributeValue" storage="/home/runner/work/aspnetcore/aspnetcore/artifacts/bin/microsoft.aspnetcore.components.tests/debug/net10.0/microsoft.aspnetcore.components.tests.dll" id="216e9fac-e2de-b0ba-3476-e578302ac035">
      <Execution id="5616a279-2f90-4506-98ca-8b7acf74bc04" />
      <TestMethod codeBase="/home/runner/work/aspnetcore/aspnetcore/artifacts/bin/Microsoft.AspNetCore.Components.Tests/Debug/net10.0/Microsoft.AspNetCore.Components.Tests.dll" adapterTypeName="executor://xunit/VsTestRunner3/netcore/" className="Microsoft.AspNetCore.Components.Rendering.RenderTreeBuilderTest" name="AddAttribute_Component_ObjectAction_SetsAttributeValue" />
    </UnitTest>
    <UnitTest name="Microsoft.AspNetCore.Components.EventCallbackTest.EventCallback_Default" storage="/home/runner/work/aspnetcore/aspnetcore/artifacts/bin/microsoft.aspnetcore.components.tests/debug/net10.0/microsoft.aspnetcore.components.tests.dll" id="fed95506-dc57-5bbb-71e8-49b7176ef9e2">
      <Execution id="49e81049-a0ba-4d3d-8ed6-c9cfc017f9a8" />
      <TestMethod codeBase="/home/runner/work/aspnetcore/aspnetcore/artifacts/bin/Microsoft.AspNetCore.Components.Tests/Debug/net10.0/Microsoft.AspNetCore.Components.Tests.dll" adapterTypeName="executor://xunit/VsTestRunner3/netcore/" className="Microsoft.AspNetCore.Components.EventCallbackTest" name="EventCallback_Default" />
    </UnitTest>
    <UnitTest name="Microsoft.AspNetCore.Components.ParameterViewTest.Clone_ParameterViewSingleParameter" storage="/home/runner/work/aspnetcore/aspnetcore/artifacts/bin/microsoft.aspnetcore.components.tests/debug/net10.0/microsoft.aspnetcore.components.tests.dll" id="740fced9-6282-38dd-0fc6-8b3e84e84d39">
      <Execution id="c279e2a3-5114-47c7-8cd6-6369add9d1bf" />
      <TestMethod codeBase="/home/runner/work/aspnetcore/aspnetcore/artifacts/bin/Microsoft.AspNetCore.Components.Tests/Debug/net10.0/Microsoft.AspNetCore.Components.Tests.dll" adapterTypeName="executor://xunit/VsTestRunner3/netcore/" className="Microsoft.AspNetCore.Components.ParameterViewTest" name="Clone_ParameterViewSingleParameter" />
    </UnitTest>
    <UnitTest name="Microsoft.AspNetCore.Components.ComponentStatePersistenceManagerTest.RestoreStateAsync_InitializesStateWithDataFromTheProvidedStore" storage="/home/runner/work/aspnetcore/aspnetcore/artifacts/bin/microsoft.aspnetcore.components.tests/debug/net10.0/microsoft.aspnetcore.components.tests.dll" id="d46e0468-1201-0469-5c1b-100cd08bac8c">
      <Execution id="ed1d7192-9f24-4fa2-a39d-67dc9edea2bb" />
      <TestMethod codeBase="/home/runner/work/aspnetcore/aspnetcore/artifacts/bin/Microsoft.AspNetCore.Components.Tests/Debug/net10.0/Microsoft.AspNetCore.Components.Tests.dll" adapterTypeName="executor://xunit/VsTestRunner3/netcore/" className="Microsoft.AspNetCore.Components.ComponentStatePersistenceManagerTest" name="RestoreStateAsync_InitializesStateWithDataFromTheProvidedStore" />
    </UnitTest>
    <UnitTest name="Microsoft.AspNetCore.Components.ComponentsMetricsTest.CaptureBatchDuration_RecordsSuccessMetric" storage="/home/runner/work/aspnetcore/aspnetcore/artifacts/bin/microsoft.aspnetcore.components.tests/debug/net10.0/microsoft.aspnetcore.components.tests.dll" id="6a79e669-6653-7cf7-75e0-3215fd55990d">
      <Execution id="f87ccbde-e070-488a-a75d-635f019ace14" />
      <TestMethod codeBase="/home/runner/work/aspnetcore/aspnetcore/artifacts/bin/Microsoft.AspNetCore.Components.Tests/Debug/net10.0/Microsoft.AspNetCore.Components.Tests.dll" adapterTypeName="executor://xunit/VsTestRunner3/netcore/" className="Microsoft.AspNetCore.Components.ComponentsMetricsTest" name="CaptureBatchDuration_RecordsSuccessMetric" />
    </UnitTest>
    <UnitTest name="Microsoft.AspNetCore.Components.Rendering.RendererSynchronizationContextTest.Post_RunsAsynchronously_WhenNotBusy_Exception" storage="/home/runner/work/aspnetcore/aspnetcore/artifacts/bin/microsoft.aspnetcore.components.tests/debug/net10.0/microsoft.aspnetcore.components.tests.dll" id="f5ee6b16-d267-6647-62b4-d9aca7c20b91">
      <Execution id="eb38d6cb-380b-4825-be94-c9e5248f7531" />
      <TestMethod codeBase="/home/runner/work/aspnetcore/aspnetcore/artifacts/bin/Microsoft.AspNetCore.Components.Tests/Debug/net10.0/Microsoft.AspNetCore.Components.Tests.dll" adapterTypeName="executor://xunit/VsTestRunner3/netcore/" className="Microsoft.AspNetCore.Components.Rendering.RendererSynchronizationContextTest" name="Post_RunsAsynchronously_WhenNotBusy_Exception" />
    </UnitTest>
    <UnitTest name="Microsoft.AspNetCore.Components.Test.RendererTest.RenderBatchIncludesListOfDisposedComponents" storage="/home/runner/work/aspnetcore/aspnetcore/artifacts/bin/microsoft.aspnetcore.components.tests/debug/net10.0/microsoft.aspnetcore.components.tests.dll" id="5d46a66c-72c0-889f-687a-d6d75134e2dc">
      <Execution id="0156a68d-1f23-42d1-bc8d-c01ec81367f9" />
      <TestMethod codeBase="/home/runner/work/aspnetcore/aspnetcore/artifacts/bin/Microsoft.AspNetCore.Components.Tests/Debug/net10.0/Microsoft.AspNetCore.Components.Tests.dll" adapterTypeName="executor://xunit/VsTestRunner3/netcore/" className="Microsoft.AspNetCore.Components.Test.RendererTest" name="RenderBatchIncludesListOfDisposedComponents" />
    </UnitTest>
    <UnitTest name="Microsoft.AspNetCore.Components.Rendering.RenderTreeBuilderTest.AddComponentParameter_Component_StringValue_SetsAttributeValue(value: &quot;hi&quot;)" storage="/home/runner/work/aspnetcore/aspnetcore/artifacts/bin/microsoft.aspnetcore.components.tests/debug/net10.0/microsoft.aspnetcore.components.tests.dll" id="051aaff0-22b3-136f-4c85-bc2d468f4f56">
      <Execution id="506163dd-7320-42c0-a66a-f69d082580f3" />
      <TestMethod codeBase="/home/runner/work/aspnetcore/aspnetcore/artifacts/bin/Microsoft.AspNetCore.Components.Tests/Debug/net10.0/Microsoft.AspNetCore.Components.Tests.dll" adapterTypeName="executor://xunit/VsTestRunner3/netcore/" className="Microsoft.AspNetCore.Components.Rendering.RenderTreeBuilderTest" name="AddComponentParameter_Component_StringValue_SetsAttributeValue" />
    </UnitTest>
    <UnitTest name="Microsoft.AspNetCore.Components.RenderTree.ArrayBuilderTest.RemoveLast_Works" storage="/home/runner/work/aspnetcore/aspnetcore/artifacts/bin/microsoft.aspnetcore.components.tests/debug/net10.0/microsoft.aspnetcore.components.tests.dll" id="4b2f3ef2-7fb2-5a93-2514-233028be4ddc">
      <Execution id="ea49d164-592b-4dfc-9a32-7a2a643e8254" />
      <TestMethod codeBase="/home/runner/work/aspnetcore/aspnetcore/artifacts/bin/Microsoft.AspNetCore.Components.Tests/Debug/net10.0/Microsoft.AspNetCore.Components.Tests.dll" adapterTypeName="executor://xunit/VsTestRunner3/netcore/" className="Microsoft.AspNetCore.Components.RenderTree.ArrayBuilderTest" name="RemoveLast_Works" />
    </UnitTest>
    <UnitTest name="Microsoft.AspNetCore.Components.PersistentState.PersistentServicesRegistryTest.PersistStateAsync_DoesNotThrowIfServiceNotResolvedDuringRestore" storage="/home/runner/work/aspnetcore/aspnetcore/artifacts/bin/microsoft.aspnetcore.components.tests/debug/net10.0/microsoft.aspnetcore.components.tests.dll" id="78f88ff1-724e-29cc-05ae-f2636c45d0b3">
      <Execution id="8c033ded-2d4f-4ecb-957d-fe865335ac50" />
      <TestMethod codeBase="/home/runner/work/aspnetcore/aspnetcore/artifacts/bin/Microsoft.AspNetCore.Components.Tests/Debug/net10.0/Microsoft.AspNetCore.Components.Tests.dll" adapterTypeName="executor://xunit/VsTestRunner3/netcore/" className="Microsoft.AspNetCore.Components.PersistentState.PersistentServicesRegistryTest" name="PersistStateAsync_DoesNotThrowIfServiceNotResolvedDuringRestore" />
    </UnitTest>
    <UnitTest name="Microsoft.AspNetCore.Components.ComponentsActivitySourceTest.FailEventActivity_SetsErrorStatusAndStopsActivity" storage="/home/runner/work/aspnetcore/aspnetcore/artifacts/bin/microsoft.aspnetcore.components.tests/debug/net10.0/microsoft.aspnetcore.components.tests.dll" id="e50fc764-e8ce-3541-33fd-735f1c8b313f">
      <Execution id="0561aa1f-f085-4f53-bed3-a0b1d4f9fae2" />
      <TestMethod codeBase="/home/runner/work/aspnetcore/aspnetcore/artifacts/bin/Microsoft.AspNetCore.Components.Tests/Debug/net10.0/Microsoft.AspNetCore.Components.Tests.dll" adapterTypeName="executor://xunit/VsTestRunner3/netcore/" className="Microsoft.AspNetCore.Components.ComponentsActivitySourceTest" name="FailEventActivity_SetsErrorStatusAndStopsActivity" />
    </UnitTest>
    <UnitTest name="Microsoft.AspNetCore.Components.Rendering.RenderTreeBuilderTest.AddAttribute_Element_EventCallbackWithReceiverOfT_AddsFrame" storage="/home/runner/work/aspnetcore/aspnetcore/artifacts/bin/microsoft.aspnetcore.components.tests/debug/net10.0/microsoft.aspnetcore.components.tests.dll" id="80702847-7610-090e-ea03-2730d2b1ccc6">
      <Execution id="c1a0d687-34ca-4378-b314-448e570f493a" />
      <TestMethod codeBase="/home/runner/work/aspnetcore/aspnetcore/artifacts/bin/Microsoft.AspNetCore.Components.Tests/Debug/net10.0/Microsoft.AspNetCore.Components.Tests.dll" adapterTypeName="executor://xunit/VsTestRunner3/netcore/" className="Microsoft.AspNetCore.Components.Rendering.RenderTreeBuilderTest" name="AddAttribute_Element_EventCallbackWithReceiverOfT_AddsFrame" />
    </UnitTest>
    <UnitTest name="Microsoft.AspNetCore.Components.ParameterViewTest.CanTryGetNonExistingValue" storage="/home/runner/work/aspnetcore/aspnetcore/artifacts/bin/microsoft.aspnetcore.components.tests/debug/net10.0/microsoft.aspnetcore.components.tests.dll" id="5797148e-1243-f07f-740f-e334ef9d064d">
      <Execution id="3fa5e48b-3c3e-4444-8048-ccb6f9a73f7f" />
      <TestMethod codeBase="/home/runner/work/aspnetcore/aspnetcore/artifacts/bin/Microsoft.AspNetCore.Components.Tests/Debug/net10.0/Microsoft.AspNetCore.Components.Tests.dll" adapterTypeName="executor://xunit/VsTestRunner3/netcore/" className="Microsoft.AspNetCore.Components.ParameterViewTest" name="CanTryGetNonExistingValue" />
    </UnitTest>
    <UnitTest name="Microsoft.AspNetCore.Components.Routing.RouteTableFactoryTests.ThrowsWhenCatchAllIsNotTheLastSegment(template: &quot;{*catchall}/{parameter?}&quot;)" storage="/home/runner/work/aspnetcore/aspnetcore/artifacts/bin/microsoft.aspnetcore.components.tests/debug/net10.0/microsoft.aspnetcore.components.tests.dll" id="b65d77de-a8df-0e3b-cf09-5e3d22c2cb8f">
      <Execution id="1d4e13ab-630a-4ad0-b403-0c2f0c090f75" />
      <TestMethod codeBase="/home/runner/work/aspnetcore/aspnetcore/artifacts/bin/Microsoft.AspNetCore.Components.Tests/Debug/net10.0/Microsoft.AspNetCore.Components.Tests.dll" adapterTypeName="executor://xunit/VsTestRunner3/netcore/" className="Microsoft.AspNetCore.Components.Routing.RouteTableFactoryTests" name="ThrowsWhenCatchAllIsNotTheLastSegment" />
    </UnitTest>
    <UnitTest name="Microsoft.AspNetCore.Components.Routing.RouteTableFactoryTests.DoesNotMatchIfDifferentNumberOfSegments(path: &quot;/some&quot;)" storage="/home/runner/work/aspnetcore/aspnetcore/artifacts/bin/microsoft.aspnetcore.components.tests/debug/net10.0/microsoft.aspnetcore.components.tests.dll" id="d460b2f2-436c-207f-5459-a69c88d875e5">
      <Execution id="fcb8a19f-aedc-4700-b117-c7d6d117d5e9" />
      <TestMethod codeBase="/home/runner/work/aspnetcore/aspnetcore/artifacts/bin/Microsoft.AspNetCore.Components.Tests/Debug/net10.0/Microsoft.AspNetCore.Components.Tests.dll" adapterTypeName="executor://xunit/VsTestRunner3/netcore/" className="Microsoft.AspNetCore.Components.Routing.RouteTableFactoryTests" name="DoesNotMatchIfDifferentNumberOfSegments" />
    </UnitTest>
    <UnitTest name="Microsoft.AspNetCore.Components.Routing.RouterTest.RefreshesOnceOnCancelledOnNavigateAsync" storage="/home/runner/work/aspnetcore/aspnetcore/artifacts/bin/microsoft.aspnetcore.components.tests/debug/net10.0/microsoft.aspnetcore.components.tests.dll" id="f9ae0af0-1dbd-c575-0c28-ae297b2d1130">
      <Execution id="a4ade8e5-3082-4329-bcfc-8781aba3b3a2" />
      <TestMethod codeBase="/home/runner/work/aspnetcore/aspnetcore/artifacts/bin/Microsoft.AspNetCore.Components.Tests/Debug/net10.0/Microsoft.AspNetCore.Components.Tests.dll" adapterTypeName="executor://xunit/VsTestRunner3/netcore/" className="Microsoft.AspNetCore.Components.Routing.RouterTest" name="RefreshesOnceOnCancelledOnNavigateAsync" />
    </UnitTest>
    <UnitTest name="Microsoft.AspNetCore.Components.Rendering.RenderTreeBuilderTest.AddAttribute_Element_EventCallback_Default_DoesNotAddFrame" storage="/home/runner/work/aspnetcore/aspnetcore/artifacts/bin/microsoft.aspnetcore.components.tests/debug/net10.0/microsoft.aspnetcore.components.tests.dll" id="5081e9cb-18c7-f07d-eb95-d4dd34601f87">
      <Execution id="8d7a6341-71f8-4a52-ac39-839757f99f43" />
      <TestMethod codeBase="/home/runner/work/aspnetcore/aspnetcore/artifacts/bin/Microsoft.AspNetCore.Components.Tests/Debug/net10.0/Microsoft.AspNetCore.Components.Tests.dll" adapterTypeName="executor://xunit/VsTestRunner3/netcore/" className="Microsoft.AspNetCore.Components.Rendering.RenderTreeBuilderTest" name="AddAttribute_Element_EventCallback_Default_DoesNotAddFrame" />
    </UnitTest>
    <UnitTest name="Microsoft.AspNetCore.Components.Test.RenderTreeDiffBuilderTest.HandlesKeyBeingRemoved" storage="/home/runner/work/aspnetcore/aspnetcore/artifacts/bin/microsoft.aspnetcore.components.tests/debug/net10.0/microsoft.aspnetcore.components.tests.dll" id="aad7b082-ad36-2151-bf4b-62d03ef63fe9">
      <Execution id="aaa08cb0-6e6c-474f-8266-348c8d2c0b20" />
      <TestMethod codeBase="/home/runner/work/aspnetcore/aspnetcore/artifacts/bin/Microsoft.AspNetCore.Components.Tests/Debug/net10.0/Microsoft.AspNetCore.Components.Tests.dll" adapterTypeName="executor://xunit/VsTestRunner3/netcore/" className="Microsoft.AspNetCore.Components.Test.RenderTreeDiffBuilderTest" name="HandlesKeyBeingRemoved" />
    </UnitTest>
    <UnitTest name="Microsoft.AspNetCore.Components.ParameterViewTest.EnumerationIncludesCascadingParameters" storage="/home/runner/work/aspnetcore/aspnetcore/artifacts/bin/microsoft.aspnetcore.components.tests/debug/net10.0/microsoft.aspnetcore.components.tests.dll" id="88fde139-dea0-187e-d5da-5bf77e5c9fc2">
      <Execution id="19a2fe7a-58af-4141-a718-ae4e474a46eb" />
      <TestMethod codeBase="/home/runner/work/aspnetcore/aspnetcore/artifacts/bin/Microsoft.AspNetCore.Components.Tests/Debug/net10.0/Microsoft.AspNetCore.Components.Tests.dll" adapterTypeName="executor://xunit/VsTestRunner3/netcore/" className="Microsoft.AspNetCore.Components.ParameterViewTest" name="EnumerationIncludesCascadingParameters" />
    </UnitTest>
    <UnitTest name="Microsoft.AspNetCore.Components.CascadingParameterStateTest.FindCascadingParameters_WithoutSingleDelivery" storage="/home/runner/work/aspnetcore/aspnetcore/artifacts/bin/microsoft.aspnetcore.components.tests/debug/net10.0/microsoft.aspnetcore.components.tests.dll" id="0acf8eb4-34bd-388a-8ec8-b0b295cebea3">
      <Execution id="3c8f5751-f722-433a-b4d1-5e51349786f8" />
      <TestMethod codeBase="/home/runner/work/aspnetcore/aspnetcore/artifacts/bin/Microsoft.AspNetCore.Components.Tests/Debug/net10.0/Microsoft.AspNetCore.Components.Tests.dll" adapterTypeName="executor://xunit/VsTestRunner3/netcore/" className="Microsoft.AspNetCore.Components.CascadingParameterStateTest" name="FindCascadingParameters_WithoutSingleDelivery" />
    </UnitTest>
    <UnitTest name="Microsoft.AspNetCore.Components.Test.RendererTest.CanRenderTopLevelComponents" storage="/home/runner/work/aspnetcore/aspnetcore/artifacts/bin/microsoft.aspnetcore.components.tests/debug/net10.0/microsoft.aspnetcore.components.tests.dll" id="2ee445b8-95a6-d091-7813-4c4e8610a0c0">
      <Execution id="429999a9-2b59-4347-9090-7d1abc9ea879" />
      <TestMethod codeBase="/home/runner/work/aspnetcore/aspnetcore/artifacts/bin/Microsoft.AspNetCore.Components.Tests/Debug/net10.0/Microsoft.AspNetCore.Components.Tests.dll" adapterTypeName="executor://xunit/VsTestRunner3/netcore/" className="Microsoft.AspNetCore.Components.Test.RendererTest" name="CanRenderTopLevelComponents" />
    </UnitTest>
    <UnitTest name="Microsoft.AspNetCore.Components.Routing.RoutePatternParserTests.InvalidTemplate_CatchAllParamWithIncorrectPlacedAsterisks(template: &quot;/test/{a}/{**b*c}&quot;, lastParameter: &quot;b*c&quot;)" storage="/home/runner/work/aspnetcore/aspnetcore/artifacts/bin/microsoft.aspnetcore.components.tests/debug/net10.0/microsoft.aspnetcore.components.tests.dll" id="f9014d6b-492a-bdb0-448e-f3a653852198">
      <Execution id="a4eb9a87-c224-4f3b-9a3a-2dbdb9919e58" />
      <TestMethod codeBase="/home/runner/work/aspnetcore/aspnetcore/artifacts/bin/Microsoft.AspNetCore.Components.Tests/Debug/net10.0/Microsoft.AspNetCore.Components.Tests.dll" adapterTypeName="executor://xunit/VsTestRunner3/netcore/" className="Microsoft.AspNetCore.Components.Routing.RoutePatternParserTests" name="InvalidTemplate_CatchAllParamWithIncorrectPlacedAsterisks" />
    </UnitTest>
    <UnitTest name="Microsoft.AspNetCore.Components.Rendering.RenderTreeBuilderTest.AddAttribute_Element_EventHandler_AddsFrame" storage="/home/runner/work/aspnetcore/aspnetcore/artifacts/bin/microsoft.aspnetcore.components.tests/debug/net10.0/microsoft.aspnetcore.components.tests.dll" id="e1829039-99f0-2782-3ae5-d5309f340c4f">
      <Execution id="1d4b1e7b-8254-44cd-af47-44751b62b865" />
      <TestMethod codeBase="/home/runner/work/aspnetcore/aspnetcore/artifacts/bin/Microsoft.AspNetCore.Components.Tests/Debug/net10.0/Microsoft.AspNetCore.Components.Tests.dll" adapterTypeName="executor://xunit/VsTestRunner3/netcore/" className="Microsoft.AspNetCore.Components.Rendering.RenderTreeBuilderTest" name="AddAttribute_Element_EventHandler_AddsFrame" />
    </UnitTest>
    <UnitTest name="Microsoft.AspNetCore.Components.Rendering.RenderTreeBuilderTest.CannotAddParametersAfterComponentRenderMode" storage="/home/runner/work/aspnetcore/aspnetcore/artifacts/bin/microsoft.aspnetcore.components.tests/debug/net10.0/microsoft.aspnetcore.components.tests.dll" id="97c8ceb2-b49a-96d7-160c-1cda13537619">
      <Execution id="7ba27f68-150d-4b4b-8746-14a9b7a2cfa7" />
      <TestMethod codeBase="/home/runner/work/aspnetcore/aspnetcore/artifacts/bin/Microsoft.AspNetCore.Components.Tests/Debug/net10.0/Microsoft.AspNetCore.Components.Tests.dll" adapterTypeName="executor://xunit/VsTestRunner3/netcore/" className="Microsoft.AspNetCore.Components.Rendering.RenderTreeBuilderTest" name="CannotAddParametersAfterComponentRenderMode" />
    </UnitTest>
    <UnitTest name="Microsoft.AspNetCore.Components.PersistentStateValueProviderTests.CanRestoreState_ForComponentWithProperties" storage="/home/runner/work/aspnetcore/aspnetcore/artifacts/bin/microsoft.aspnetcore.components.tests/debug/net10.0/microsoft.aspnetcore.components.tests.dll" id="d117847d-2ca9-7205-ef26-894d049eebf6">
      <Execution id="35707474-91fd-487c-8c4e-db440b48b4c3" />
      <TestMethod codeBase="/home/runner/work/aspnetcore/aspnetcore/artifacts/bin/Microsoft.AspNetCore.Components.Tests/Debug/net10.0/Microsoft.AspNetCore.Components.Tests.dll" adapterTypeName="executor://xunit/VsTestRunner3/netcore/" className="Microsoft.AspNetCore.Components.PersistentStateValueProviderTests" name="CanRestoreState_ForComponentWithProperties" />
    </UnitTest>
    <UnitTest name="Microsoft.AspNetCore.Components.Test.RenderTreeUpdaterTest.ExpandsAllAncestorsWhenAddingAttribute" storage="/home/runner/work/aspnetcore/aspnetcore/artifacts/bin/microsoft.aspnetcore.components.tests/debug/net10.0/microsoft.aspnetcore.components.tests.dll" id="b59a8f28-25e5-48e2-28f6-0bbcde1cabde">
      <Execution id="6bd438fe-c427-4ba8-a62b-946d07814b28" />
      <TestMethod codeBase="/home/runner/work/aspnetcore/aspnetcore/artifacts/bin/Microsoft.AspNetCore.Components.Tests/Debug/net10.0/Microsoft.AspNetCore.Components.Tests.dll" adapterTypeName="executor://xunit/VsTestRunner3/netcore/" className="Microsoft.AspNetCore.Components.Test.RenderTreeUpdaterTest" name="ExpandsAllAncestorsWhenAddingAttribute" />
    </UnitTest>
    <UnitTest name="Microsoft.AspNetCore.Components.Routing.QueryParameterValueSupplierTest.SuppliesEmptyArrayForArrayTypesIfNotSpecified(query: &quot;?&quot;)" storage="/home/runner/work/aspnetcore/aspnetcore/artifacts/bin/microsoft.aspnetcore.components.tests/debug/net10.0/microsoft.aspnetcore.components.tests.dll" id="9c89cd6d-d0ec-0e61-e3f4-1bacae62a4a6">
      <Execution id="d23c2003-2b17-4ed5-9d48-88664a4503df" />
      <TestMethod codeBase="/home/runner/work/aspnetcore/aspnetcore/artifacts/bin/Microsoft.AspNetCore.Components.Tests/Debug/net10.0/Microsoft.AspNetCore.Components.Tests.dll" adapterTypeName="executor://xunit/VsTestRunner3/netcore/" className="Microsoft.AspNetCore.Components.Routing.QueryParameterValueSupplierTest" name="SuppliesEmptyArrayForArrayTypesIfNotSpecified" />
    </UnitTest>
    <UnitTest name="Microsoft.AspNetCore.Components.Routing.RouteTableFactoryTests.CanMatchOptionalParameterWithConstraint(template: &quot;/optional/{value:bool?}&quot;, contextUrl: &quot;/optional/&quot;, convertedValue: null)" storage="/home/runner/work/aspnetcore/aspnetcore/artifacts/bin/microsoft.aspnetcore.components.tests/debug/net10.0/microsoft.aspnetcore.components.tests.dll" id="eecf0f81-f633-63ac-6e92-b4d96edd6189">
      <Execution id="583e6dc5-e725-47dd-8703-8fa9c9579f63" />
      <TestMethod codeBase="/home/runner/work/aspnetcore/aspnetcore/artifacts/bin/Microsoft.AspNetCore.Components.Tests/Debug/net10.0/Microsoft.AspNetCore.Components.Tests.dll" adapterTypeName="executor://xunit/VsTestRunner3/netcore/" className="Microsoft.AspNetCore.Components.Routing.RouteTableFactoryTests" name="CanMatchOptionalParameterWithConstraint" />
    </UnitTest>
    <UnitTest name="Microsoft.AspNetCore.Components.Rendering.RenderTreeBuilderTest.ClosedEmptyElementsHaveSubtreeLengthOne" storage="/home/runner/work/aspnetcore/aspnetcore/artifacts/bin/microsoft.aspnetcore.components.tests/debug/net10.0/microsoft.aspnetcore.components.tests.dll" id="ee779f3e-7df3-bd8a-7c62-57caa0d24085">
      <Execution id="d4a4cb07-882e-4d8e-9a0d-67d49a4d06bc" />
      <TestMethod codeBase="/home/runner/work/aspnetcore/aspnetcore/artifacts/bin/Microsoft.AspNetCore.Components.Tests/Debug/net10.0/Microsoft.AspNetCore.Components.Tests.dll" adapterTypeName="executor://xunit/VsTestRunner3/netcore/" className="Microsoft.AspNetCore.Components.Rendering.RenderTreeBuilderTest" name="ClosedEmptyElementsHaveSubtreeLengthOne" />
    </UnitTest>
    <UnitTest name="Microsoft.AspNetCore.Components.BindConverterTest.TryConvertTo_Guid_Invalid(incomingValue: &quot;invalidguid&quot;)" storage="/home/runner/work/aspnetcore/aspnetcore/artifacts/bin/microsoft.aspnetcore.components.tests/debug/net10.0/microsoft.aspnetcore.components.tests.dll" id="bab04e10-c94b-9238-d16e-331a49cba8a1">
      <Execution id="634ec98a-cb78-4bc6-960e-f5ec160f3427" />
      <TestMethod codeBase="/home/runner/work/aspnetcore/aspnetcore/artifacts/bin/Microsoft.AspNetCore.Components.Tests/Debug/net10.0/Microsoft.AspNetCore.Components.Tests.dll" adapterTypeName="executor://xunit/VsTestRunner3/netcore/" className="Microsoft.AspNetCore.Components.BindConverterTest" name="TryConvertTo_Guid_Invalid" />
    </UnitTest>
    <UnitTest name="Microsoft.AspNetCore.Components.Rendering.RenderTreeBuilderTest.CanAddNamedEvent" storage="/home/runner/work/aspnetcore/aspnetcore/artifacts/bin/microsoft.aspnetcore.components.tests/debug/net10.0/microsoft.aspnetcore.components.tests.dll" id="4ad9e53c-ff4b-0056-56b1-87e62b8cc632">
      <Execution id="1e08a079-ff51-47f3-a191-be216109b55c" />
      <TestMethod codeBase="/home/runner/work/aspnetcore/aspnetcore/artifacts/bin/Microsoft.AspNetCore.Components.Tests/Debug/net10.0/Microsoft.AspNetCore.Components.Tests.dll" adapterTypeName="executor://xunit/VsTestRunner3/netcore/" className="Microsoft.AspNetCore.Components.Rendering.RenderTreeBuilderTest" name="CanAddNamedEvent" />
    </UnitTest>
    <UnitTest name="Microsoft.AspNetCore.Components.Rendering.RenderTreeBuilderTest.CanAddMultipleReferenceCapturesToSameComponent" storage="/home/runner/work/aspnetcore/aspnetcore/artifacts/bin/microsoft.aspnetcore.components.tests/debug/net10.0/microsoft.aspnetcore.components.tests.dll" id="43a803fc-b906-cb5a-2a97-dbb10c59afbe">
      <Execution id="d0f8e9dd-92f7-470d-970d-7a38c03fb77b" />
      <TestMethod codeBase="/home/runner/work/aspnetcore/aspnetcore/artifacts/bin/Microsoft.AspNetCore.Components.Tests/Debug/net10.0/Microsoft.AspNetCore.Components.Tests.dll" adapterTypeName="executor://xunit/VsTestRunner3/netcore/" className="Microsoft.AspNetCore.Components.Rendering.RenderTreeBuilderTest" name="CanAddMultipleReferenceCapturesToSameComponent" />
    </UnitTest>
    <UnitTest name="Microsoft.AspNetCore.Components.Test.RendererTest.CanAsyncDispatchEventsToTopLevelComponents" storage="/home/runner/work/aspnetcore/aspnetcore/artifacts/bin/microsoft.aspnetcore.components.tests/debug/net10.0/microsoft.aspnetcore.components.tests.dll" id="9d08ca09-20b1-1ef3-6b6d-276b2ca56f66">
      <Execution id="a8422263-592a-49af-b363-263ff31787dc" />
      <TestMethod codeBase="/home/runner/work/aspnetcore/aspnetcore/artifacts/bin/Microsoft.AspNetCore.Components.Tests/Debug/net10.0/Microsoft.AspNetCore.Components.Tests.dll" adapterTypeName="executor://xunit/VsTestRunner3/netcore/" className="Microsoft.AspNetCore.Components.Test.RendererTest" name="CanAsyncDispatchEventsToTopLevelComponents" />
    </UnitTest>
    <UnitTest name="Microsoft.AspNetCore.Components.EventCallbackFactoryTest.Create_FuncTTask_Null" storage="/home/runner/work/aspnetcore/aspnetcore/artifacts/bin/microsoft.aspnetcore.components.tests/debug/net10.0/microsoft.aspnetcore.components.tests.dll" id="8778cd5e-de62-3262-9f3e-8ab7171cb29b">
      <Execution id="8ca345e2-457b-4076-84ee-262290695986" />
      <TestMethod codeBase="/home/runner/work/aspnetcore/aspnetcore/artifacts/bin/Microsoft.AspNetCore.Components.Tests/Debug/net10.0/Microsoft.AspNetCore.Components.Tests.dll" adapterTypeName="executor://xunit/VsTestRunner3/netcore/" className="Microsoft.AspNetCore.Components.EventCallbackFactoryTest" name="Create_FuncTTask_Null" />
    </UnitTest>
    <UnitTest name="Microsoft.AspNetCore.Components.Rendering.RenderTreeBuilderTest.CanAddKeyToComponent" storage="/home/runner/work/aspnetcore/aspnetcore/artifacts/bin/microsoft.aspnetcore.components.tests/debug/net10.0/microsoft.aspnetcore.components.tests.dll" id="9d6c8941-3932-01a3-c934-54ad7e77446b">
      <Execution id="f13c142f-9040-4019-8bbe-bcf81a750efb" />
      <TestMethod codeBase="/home/runner/work/aspnetcore/aspnetcore/artifacts/bin/Microsoft.AspNetCore.Components.Tests/Debug/net10.0/Microsoft.AspNetCore.Components.Tests.dll" adapterTypeName="executor://xunit/VsTestRunner3/netcore/" className="Microsoft.AspNetCore.Components.Rendering.RenderTreeBuilderTest" name="CanAddKeyToComponent" />
    </UnitTest>
    <UnitTest name="Microsoft.AspNetCore.Components.Routing.RouteTableFactoryTests.SuppliesNullForUnusedHandlerParameters" storage="/home/runner/work/aspnetcore/aspnetcore/artifacts/bin/microsoft.aspnetcore.components.tests/debug/net10.0/microsoft.aspnetcore.components.tests.dll" id="7af25eb2-7127-3e21-cc65-c83fed2a5810">
      <Execution id="40436f11-9ee1-42ca-8fcd-21dd7e87c51b" />
      <TestMethod codeBase="/home/runner/work/aspnetcore/aspnetcore/artifacts/bin/Microsoft.AspNetCore.Components.Tests/Debug/net10.0/Microsoft.AspNetCore.Components.Tests.dll" adapterTypeName="executor://xunit/VsTestRunner3/netcore/" className="Microsoft.AspNetCore.Components.Routing.RouteTableFactoryTests" name="SuppliesNullForUnusedHandlerParameters" />
    </UnitTest>
    <UnitTest name="Microsoft.AspNetCore.Components.Rendering.RenderTreeBuilderTest.CanAddMultipleAttributes_IReadOnlyDictionaryObject" storage="/home/runner/work/aspnetcore/aspnetcore/artifacts/bin/microsoft.aspnetcore.components.tests/debug/net10.0/microsoft.aspnetcore.components.tests.dll" id="bac2a662-b37f-7424-7659-7c53d1780970">
      <Execution id="5137e46d-74a6-40b6-a58f-8fdeb5dc57da" />
      <TestMethod codeBase="/home/runner/work/aspnetcore/aspnetcore/artifacts/bin/Microsoft.AspNetCore.Components.Tests/Debug/net10.0/Microsoft.AspNetCore.Components.Tests.dll" adapterTypeName="executor://xunit/VsTestRunner3/netcore/" className="Microsoft.AspNetCore.Components.Rendering.RenderTreeBuilderTest" name="CanAddMultipleAttributes_IReadOnlyDictionaryObject" />
    </UnitTest>
    <UnitTest name="Microsoft.AspNetCore.Components.Test.RenderTreeDiffBuilderTest.AttributeDiff_WithSequentialSequenceNumber_AttributeRemovedAtStart" storage="/home/runner/work/aspnetcore/aspnetcore/artifacts/bin/microsoft.aspnetcore.components.tests/debug/net10.0/microsoft.aspnetcore.components.tests.dll" id="299c5a36-3968-be44-74d0-d4e6b6518e26">
      <Execution id="058ceaa6-e9a8-4b73-8936-693505f110fa" />
      <TestMethod codeBase="/home/runner/work/aspnetcore/aspnetcore/artifacts/bin/Microsoft.AspNetCore.Components.Tests/Debug/net10.0/Microsoft.AspNetCore.Components.Tests.dll" adapterTypeName="executor://xunit/VsTestRunner3/netcore/" className="Microsoft.AspNetCore.Components.Test.RenderTreeDiffBuilderTest" name="AttributeDiff_WithSequentialSequenceNumber_AttributeRemovedAtStart" />
    </UnitTest>
    <UnitTest name="Microsoft.AspNetCore.Components.Routing.QueryParameterValueSupplierTest.RejectsUnparseableArrayEntries(key: &quot;LongVals&quot;, validValue: &quot;-1234&quot;, invalidValue: &quot;this+is+a+long+value&quot;, targetType: typeof(long))" storage="/home/runner/work/aspnetcore/aspnetcore/artifacts/bin/microsoft.aspnetcore.components.tests/debug/net10.0/microsoft.aspnetcore.components.tests.dll" id="777b4233-f4ef-2355-4688-3f77c21a4c3d">
      <Execution id="cdfec77f-6600-4fa9-b8e7-538181256f28" />
      <TestMethod codeBase="/home/runner/work/aspnetcore/aspnetcore/artifacts/bin/Microsoft.AspNetCore.Components.Tests/Debug/net10.0/Microsoft.AspNetCore.Components.Tests.dll" adapterTypeName="executor://xunit/VsTestRunner3/netcore/" className="Microsoft.AspNetCore.Components.Routing.QueryParameterValueSupplierTest" name="RejectsUnparseableArrayEntries" />
    </UnitTest>
    <UnitTest name="Microsoft.AspNetCore.Components.EventCallbackFactoryTest.Create_FuncTask_AlreadyBoundToReceiver" storage="/home/runner/work/aspnetcore/aspnetcore/artifacts/bin/microsoft.aspnetcore.components.tests/debug/net10.0/microsoft.aspnetcore.components.tests.dll" id="98750012-9d32-ec78-a59a-9de3af0fb5ba">
      <Execution id="08afe812-b66f-412c-ab07-ba9b339669da" />
      <TestMethod codeBase="/home/runner/work/aspnetcore/aspnetcore/artifacts/bin/Microsoft.AspNetCore.Components.Tests/Debug/net10.0/Microsoft.AspNetCore.Components.Tests.dll" adapterTypeName="executor://xunit/VsTestRunner3/netcore/" className="Microsoft.AspNetCore.Components.EventCallbackFactoryTest" name="Create_FuncTask_AlreadyBoundToReceiver" />
    </UnitTest>
    <UnitTest name="Microsoft.AspNetCore.Components.NavigationManagerTest.GetUriWithQueryParameter_ReplacesWhenParameterExists(baseUri: &quot;scheme://host/?full%20name=Bob%20Joe&amp;age=42#hash&quot;, expectedUri: &quot;scheme://host/?full%20name=John%20Doe&amp;age=42#hash&quot;)" storage="/home/runner/work/aspnetcore/aspnetcore/artifacts/bin/microsoft.aspnetcore.components.tests/debug/net10.0/microsoft.aspnetcore.components.tests.dll" id="f1c1aed1-8c02-7ed3-ca71-1512f33c940d">
      <Execution id="795be81e-2d5d-4bdd-9dd0-ab31789e7f19" />
      <TestMethod codeBase="/home/runner/work/aspnetcore/aspnetcore/artifacts/bin/Microsoft.AspNetCore.Components.Tests/Debug/net10.0/Microsoft.AspNetCore.Components.Tests.dll" adapterTypeName="executor://xunit/VsTestRunner3/netcore/" className="Microsoft.AspNetCore.Components.NavigationManagerTest" name="GetUriWithQueryParameter_ReplacesWhenParameterExists" />
    </UnitTest>
    <UnitTest name="Microsoft.AspNetCore.Components.NavigationManagerTest.GetUriWithQueryParameters_ThrowsWhenParameterValueTypeIsUnsupported" storage="/home/runner/work/aspnetcore/aspnetcore/artifacts/bin/microsoft.aspnetcore.components.tests/debug/net10.0/microsoft.aspnetcore.components.tests.dll" id="bf90e99c-02b8-7b25-1edd-a995c83fcbdd">
      <Execution id="9c00d8bf-ac20-4bd8-9fb1-f1624c6649a2" />
      <TestMethod codeBase="/home/runner/work/aspnetcore/aspnetcore/artifacts/bin/Microsoft.AspNetCore.Components.Tests/Debug/net10.0/Microsoft.AspNetCore.Components.Tests.dll" adapterTypeName="executor://xunit/VsTestRunner3/netcore/" className="Microsoft.AspNetCore.Components.NavigationManagerTest" name="GetUriWithQueryParameters_ThrowsWhenParameterValueTypeIsUnsupported" />
    </UnitTest>
    <UnitTest name="Microsoft.AspNetCore.Components.Routing.RouteTableFactoryTests.DoesNotThrowForNonAmbiguousRoutes(first: &quot;{param}/{optional?}&quot;, second: &quot;/&quot;)" storage="/home/runner/work/aspnetcore/aspnetcore/artifacts/bin/microsoft.aspnetcore.components.tests/debug/net10.0/microsoft.aspnetcore.components.tests.dll" id="c477a57e-15ab-67bd-1860-8614e5217a42">
      <Execution id="097c0153-d371-4c47-bb15-2d37d51e50da" />
      <TestMethod codeBase="/home/runner/work/aspnetcore/aspnetcore/artifacts/bin/Microsoft.AspNetCore.Components.Tests/Debug/net10.0/Microsoft.AspNetCore.Components.Tests.dll" adapterTypeName="executor://xunit/VsTestRunner3/netcore/" className="Microsoft.AspNetCore.Components.Routing.RouteTableFactoryTests" name="DoesNotThrowForNonAmbiguousRoutes" />
    </UnitTest>
    <UnitTest name="Microsoft.AspNetCore.Components.Routing.RouteTableFactoryTests.CanMatchParameterTemplate(path: &quot;/d%C3%A9j%C3%A0%20vu/&quot;, expectedValue: &quot;déjà vu&quot;)" storage="/home/runner/work/aspnetcore/aspnetcore/artifacts/bin/microsoft.aspnetcore.components.tests/debug/net10.0/microsoft.aspnetcore.components.tests.dll" id="99a569d2-9071-9f63-e184-d4a7bcd2446c">
      <Execution id="e562bc10-1a28-442d-99ba-1f53ef1d204f" />
      <TestMethod codeBase="/home/runner/work/aspnetcore/aspnetcore/artifacts/bin/Microsoft.AspNetCore.Components.Tests/Debug/net10.0/Microsoft.AspNetCore.Components.Tests.dll" adapterTypeName="executor://xunit/VsTestRunner3/netcore/" className="Microsoft.AspNetCore.Components.Routing.RouteTableFactoryTests" name="CanMatchParameterTemplate" />
    </UnitTest>
    <UnitTest name="Microsoft.AspNetCore.Components.NavigationManagerTest.GetUriWithQueryParameters_CanAddUpdateAndRemove(baseUri: &quot;scheme://host/?name=Bob%20Joe&amp;age=42&quot;, expectedUri: &quot;scheme://host/?age=25&amp;eye%20color=green&quot;)" storage="/home/runner/work/aspnetcore/aspnetcore/artifacts/bin/microsoft.aspnetcore.components.tests/debug/net10.0/microsoft.aspnetcore.components.tests.dll" id="ff6b9d2f-e7eb-b731-43bb-645d3e0815bc">
      <Execution id="b60e2758-2a56-4540-9168-80f2854c36bd" />
      <TestMethod codeBase="/home/runner/work/aspnetcore/aspnetcore/artifacts/bin/Microsoft.AspNetCore.Components.Tests/Debug/net10.0/Microsoft.AspNetCore.Components.Tests.dll" adapterTypeName="executor://xunit/VsTestRunner3/netcore/" className="Microsoft.AspNetCore.Components.NavigationManagerTest" name="GetUriWithQueryParameters_CanAddUpdateAndRemove" />
    </UnitTest>
    <UnitTest name="Microsoft.AspNetCore.Components.EventCallbackFactoryTest.CreateT_FuncTask_DifferentReceiver" storage="/home/runner/work/aspnetcore/aspnetcore/artifacts/bin/microsoft.aspnetcore.components.tests/debug/net10.0/microsoft.aspnetcore.components.tests.dll" id="ab060d23-8fbc-a0c9-48be-62a77b16a0f3">
      <Execution id="2cfd7fc5-f39e-45d3-bbf1-08d0365ec5b8" />
      <TestMethod codeBase="/home/runner/work/aspnetcore/aspnetcore/artifacts/bin/Microsoft.AspNetCore.Components.Tests/Debug/net10.0/Microsoft.AspNetCore.Components.Tests.dll" adapterTypeName="executor://xunit/VsTestRunner3/netcore/" className="Microsoft.AspNetCore.Components.EventCallbackFactoryTest" name="CreateT_FuncTask_DifferentReceiver" />
    </UnitTest>
    <UnitTest name="Microsoft.AspNetCore.Components.Test.RenderTreeDiffBuilderTest.CanAddNewAttributeAtArrayBuilderSizeBoundary" storage="/home/runner/work/aspnetcore/aspnetcore/artifacts/bin/microsoft.aspnetcore.components.tests/debug/net10.0/microsoft.aspnetcore.components.tests.dll" id="a2b10c00-51e6-a608-ee54-89d010179cf7">
      <Execution id="ddd608ed-b6c6-4fbe-829d-7ebc6c5b4ed0" />
      <TestMethod codeBase="/home/runner/work/aspnetcore/aspnetcore/artifacts/bin/Microsoft.AspNetCore.Components.Tests/Debug/net10.0/Microsoft.AspNetCore.Components.Tests.dll" adapterTypeName="executor://xunit/VsTestRunner3/netcore/" className="Microsoft.AspNetCore.Components.Test.RenderTreeDiffBuilderTest" name="CanAddNewAttributeAtArrayBuilderSizeBoundary" />
    </UnitTest>
    <UnitTest name="Microsoft.AspNetCore.Components.Routing.RoutePatternParserTests.ParseRouteParameter_ThrowsIf_ParameterContainsSpecialCharacters(template: &quot;{=}&quot;, expectedMessage: &quot;The route parameter name '=' is invalid. Route par&quot;···)" storage="/home/runner/work/aspnetcore/aspnetcore/artifacts/bin/microsoft.aspnetcore.components.tests/debug/net10.0/microsoft.aspnetcore.components.tests.dll" id="86e00b5d-e70a-46ac-749b-1f80006e6df7">
      <Execution id="69cd4891-566a-4043-9622-28eabfacc1f6" />
      <TestMethod codeBase="/home/runner/work/aspnetcore/aspnetcore/artifacts/bin/Microsoft.AspNetCore.Components.Tests/Debug/net10.0/Microsoft.AspNetCore.Components.Tests.dll" adapterTypeName="executor://xunit/VsTestRunner3/netcore/" className="Microsoft.AspNetCore.Components.Routing.RoutePatternParserTests" name="ParseRouteParameter_ThrowsIf_ParameterContainsSpecialCharacters" />
    </UnitTest>
    <UnitTest name="Microsoft.AspNetCore.Components.EventCallbackFactoryTest.Create_ActionT_AlreadyBoundToReceiver" storage="/home/runner/work/aspnetcore/aspnetcore/artifacts/bin/microsoft.aspnetcore.components.tests/debug/net10.0/microsoft.aspnetcore.components.tests.dll" id="480f9733-0ddc-5740-a286-03420d7c4578">
      <Execution id="50c9831b-87f2-48f7-8122-d0c6541dba3c" />
      <TestMethod codeBase="/home/runner/work/aspnetcore/aspnetcore/artifacts/bin/Microsoft.AspNetCore.Components.Tests/Debug/net10.0/Microsoft.AspNetCore.Components.Tests.dll" adapterTypeName="executor://xunit/VsTestRunner3/netcore/" className="Microsoft.AspNetCore.Components.EventCallbackFactoryTest" name="Create_ActionT_AlreadyBoundToReceiver" />
    </UnitTest>
    <UnitTest name="Microsoft.AspNetCore.Components.Test.RenderTreeDiffBuilderTest.RecognizesTrailingLoopBlockBeingRemoved" storage="/home/runner/work/aspnetcore/aspnetcore/artifacts/bin/microsoft.aspnetcore.components.tests/debug/net10.0/microsoft.aspnetcore.components.tests.dll" id="2d0ea633-5488-4931-b804-e7b6590d4f90">
      <Execution id="0e7fffcf-5e20-45c0-8123-401c372571fb" />
      <TestMethod codeBase="/home/runner/work/aspnetcore/aspnetcore/artifacts/bin/Microsoft.AspNetCore.Components.Tests/Debug/net10.0/Microsoft.AspNetCore.Components.Tests.dll" adapterTypeName="executor://xunit/VsTestRunner3/netcore/" className="Microsoft.AspNetCore.Components.Test.RenderTreeDiffBuilderTest" name="RecognizesTrailingLoopBlockBeingRemoved" />
    </UnitTest>
    <UnitTest name="Microsoft.AspNetCore.Components.Test.CascadingParameterTest.ThrowsIfAttemptingToSubscribeToCascadingValueSourceOutsideSyncContext" storage="/home/runner/work/aspnetcore/aspnetcore/artifacts/bin/microsoft.aspnetcore.components.tests/debug/net10.0/microsoft.aspnetcore.components.tests.dll" id="f2bea136-9b06-0068-8ee1-74a52d5766ca">
      <Execution id="db3b84c3-f1d4-4abb-8cd7-4579f424e727" />
      <TestMethod codeBase="/home/runner/work/aspnetcore/aspnetcore/artifacts/bin/Microsoft.AspNetCore.Components.Tests/Debug/net10.0/Microsoft.AspNetCore.Components.Tests.dll" adapterTypeName="executor://xunit/VsTestRunner3/netcore/" className="Microsoft.AspNetCore.Components.Test.CascadingParameterTest" name="ThrowsIfAttemptingToSubscribeToCascadingValueSourceOutsideSyncContext" />
    </UnitTest>
    <UnitTest name="Microsoft.AspNetCore.Components.Rendering.RenderTreeBuilderTest.CanAddText" storage="/home/runner/work/aspnetcore/aspnetcore/artifacts/bin/microsoft.aspnetcore.components.tests/debug/net10.0/microsoft.aspnetcore.components.tests.dll" id="44a5b8cd-9e86-4a99-cab2-91b045fbf8b3">
      <Execution id="5005b9dd-b8b1-40cd-9f39-32c3ea8c6771" />
      <TestMethod codeBase="/home/runner/work/aspnetcore/aspnetcore/artifacts/bin/Microsoft.AspNetCore.Components.Tests/Debug/net10.0/Microsoft.AspNetCore.Components.Tests.dll" adapterTypeName="executor://xunit/VsTestRunner3/netcore/" className="Microsoft.AspNetCore.Components.Rendering.RenderTreeBuilderTest" name="CanAddText" />
    </UnitTest>
    <UnitTest name="Microsoft.AspNetCore.Components.Routing.QueryParameterValueSupplierTest.SuppliesEmptyArrayForArrayTypesIfNotSpecified(query: &quot;?unrelated=123&quot;)" storage="/home/runner/work/aspnetcore/aspnetcore/artifacts/bin/microsoft.aspnetcore.components.tests/debug/net10.0/microsoft.aspnetcore.components.tests.dll" id="adc37a55-3018-40ec-b3ed-4ed7924c463d">
      <Execution id="1d255889-b5f4-4203-8b6e-a5c0db036c4e" />
      <TestMethod codeBase="/home/runner/work/aspnetcore/aspnetcore/artifacts/bin/Microsoft.AspNetCore.Components.Tests/Debug/net10.0/Microsoft.AspNetCore.Components.Tests.dll" adapterTypeName="executor://xunit/VsTestRunner3/netcore/" className="Microsoft.AspNetCore.Components.Routing.QueryParameterValueSupplierTest" name="SuppliesEmptyArrayForArrayTypesIfNotSpecified" />
    </UnitTest>
    <UnitTest name="Microsoft.AspNetCore.Components.Rendering.RenderTreeBuilderTest.ComponentHasNoFlagsByDefault" storage="/home/runner/work/aspnetcore/aspnetcore/artifacts/bin/microsoft.aspnetcore.components.tests/debug/net10.0/microsoft.aspnetcore.components.tests.dll" id="c8868afd-ebd7-bf80-1ef4-1fcdd001e59c">
      <Execution id="b23de3cc-a28a-4ac3-a4b6-15fe5a15f218" />
      <TestMethod codeBase="/home/runner/work/aspnetcore/aspnetcore/artifacts/bin/Microsoft.AspNetCore.Components.Tests/Debug/net10.0/Microsoft.AspNetCore.Components.Tests.dll" adapterTypeName="executor://xunit/VsTestRunner3/netcore/" className="Microsoft.AspNetCore.Components.Rendering.RenderTreeBuilderTest" name="ComponentHasNoFlagsByDefault" />
    </UnitTest>
    <UnitTest name="Microsoft.AspNetCore.Components.Test.RouteViewTest.PageLayoutSupersedesDefaultLayout" storage="/home/runner/work/aspnetcore/aspnetcore/artifacts/bin/microsoft.aspnetcore.components.tests/debug/net10.0/microsoft.aspnetcore.components.tests.dll" id="4ffe5b63-7ff2-196f-6471-65315e48ce9f">
      <Execution id="f45b0567-5f66-48de-8fc9-2012f4af3aad" />
      <TestMethod codeBase="/home/runner/work/aspnetcore/aspnetcore/artifacts/bin/Microsoft.AspNetCore.Components.Tests/Debug/net10.0/Microsoft.AspNetCore.Components.Tests.dll" adapterTypeName="executor://xunit/VsTestRunner3/netcore/" className="Microsoft.AspNetCore.Components.Test.RouteViewTest" name="PageLayoutSupersedesDefaultLayout" />
    </UnitTest>
    <UnitTest name="Microsoft.AspNetCore.Components.Test.RendererTest.DispatchEventAsync_EventCallback_SynchronousException" storage="/home/runner/work/aspnetcore/aspnetcore/artifacts/bin/microsoft.aspnetcore.components.tests/debug/net10.0/microsoft.aspnetcore.components.tests.dll" id="93d12b94-c96d-9e7e-fe21-f1b581ae45e0">
      <Execution id="c9a4140e-3748-4727-8450-e7c354c0eb72" />
      <TestMethod codeBase="/home/runner/work/aspnetcore/aspnetcore/artifacts/bin/Microsoft.AspNetCore.Components.Tests/Debug/net10.0/Microsoft.AspNetCore.Components.Tests.dll" adapterTypeName="executor://xunit/VsTestRunner3/netcore/" className="Microsoft.AspNetCore.Components.Test.RendererTest" name="DispatchEventAsync_EventCallback_SynchronousException" />
    </UnitTest>
    <UnitTest name="Microsoft.AspNetCore.Components.Rendering.RenderTreeBuilderTest.CanAddNullableMarkupViaMarkupString" storage="/home/runner/work/aspnetcore/aspnetcore/artifacts/bin/microsoft.aspnetcore.components.tests/debug/net10.0/microsoft.aspnetcore.components.tests.dll" id="dff29beb-1682-b437-689d-8146683f0b10">
      <Execution id="352dc96a-562e-4445-bbef-7fb978e3f60d" />
      <TestMethod codeBase="/home/runner/work/aspnetcore/aspnetcore/artifacts/bin/Microsoft.AspNetCore.Components.Tests/Debug/net10.0/Microsoft.AspNetCore.Components.Tests.dll" adapterTypeName="executor://xunit/VsTestRunner3/netcore/" className="Microsoft.AspNetCore.Components.Rendering.RenderTreeBuilderTest" name="CanAddNullableMarkupViaMarkupString" />
    </UnitTest>
    <UnitTest name="Microsoft.AspNetCore.Components.Test.RenderTreeDiffBuilderTest.RecognizesNewItemsBeingInserted" storage="/home/runner/work/aspnetcore/aspnetcore/artifacts/bin/microsoft.aspnetcore.components.tests/debug/net10.0/microsoft.aspnetcore.components.tests.dll" id="e72dbfa0-31d3-c902-71d9-137733f4bb23">
      <Execution id="85a19256-4061-43fd-947c-cbabecdce898" />
      <TestMethod codeBase="/home/runner/work/aspnetcore/aspnetcore/artifacts/bin/Microsoft.AspNetCore.Components.Tests/Debug/net10.0/Microsoft.AspNetCore.Components.Tests.dll" adapterTypeName="executor://xunit/VsTestRunner3/netcore/" className="Microsoft.AspNetCore.Components.Test.RenderTreeDiffBuilderTest" name="RecognizesNewItemsBeingInserted" />
    </UnitTest>
    <UnitTest name="Microsoft.AspNetCore.Components.Routing.RouteTableFactoryTests.DoesNotMatchIfSegmentsDontMatch" storage="/home/runner/work/aspnetcore/aspnetcore/artifacts/bin/microsoft.aspnetcore.components.tests/debug/net10.0/microsoft.aspnetcore.components.tests.dll" id="58fb35cf-80f9-fb0a-f9a0-0721e6e3edc8">
      <Execution id="4825a6ca-2df5-42d1-a524-d4900917d0c9" />
      <TestMethod codeBase="/home/runner/work/aspnetcore/aspnetcore/artifacts/bin/Microsoft.AspNetCore.Components.Tests/Debug/net10.0/Microsoft.AspNetCore.Components.Tests.dll" adapterTypeName="executor://xunit/VsTestRunner3/netcore/" className="Microsoft.AspNetCore.Components.Routing.RouteTableFactoryTests" name="DoesNotMatchIfSegmentsDontMatch" />
    </UnitTest>
    <UnitTest name="Microsoft.AspNetCore.Components.Test.RendererTest.DispatchEventAsync_EventCallbackOfT_SynchronousCompletion" storage="/home/runner/work/aspnetcore/aspnetcore/artifacts/bin/microsoft.aspnetcore.components.tests/debug/net10.0/microsoft.aspnetcore.components.tests.dll" id="9f545ba7-ed01-47a5-e2d6-9b988e6f9e43">
      <Execution id="ff625389-ff52-4d44-a396-ad576843d45c" />
      <TestMethod codeBase="/home/runner/work/aspnetcore/aspnetcore/artifacts/bin/Microsoft.AspNetCore.Components.Tests/Debug/net10.0/Microsoft.AspNetCore.Components.Tests.dll" adapterTypeName="executor://xunit/VsTestRunner3/netcore/" className="Microsoft.AspNetCore.Components.Test.RendererTest" name="DispatchEventAsync_EventCallbackOfT_SynchronousCompletion" />
    </UnitTest>
    <UnitTest name="Microsoft.AspNetCore.Components.ParameterViewTest.HasCaptureUnmatchedValuesParameterWithWrongType_Throws" storage="/home/runner/work/aspnetcore/aspnetcore/artifacts/bin/microsoft.aspnetcore.components.tests/debug/net10.0/microsoft.aspnetcore.components.tests.dll" id="94253c8f-2996-7cd3-28d1-c527e3d1e4f5">
      <Execution id="8854318f-25a3-452c-bad2-d89e5a699547" />
      <TestMethod codeBase="/home/runner/work/aspnetcore/aspnetcore/artifacts/bin/Microsoft.AspNetCore.Components.Tests/Debug/net10.0/Microsoft.AspNetCore.Components.Tests.dll" adapterTypeName="executor://xunit/VsTestRunner3/netcore/" className="Microsoft.AspNetCore.Components.ParameterViewTest" name="HasCaptureUnmatchedValuesParameterWithWrongType_Throws" />
    </UnitTest>
    <UnitTest name="Microsoft.AspNetCore.Components.NavigationManagerTest.Initialize_ThrowsForInvalidBaseRelativePaths(baseUri: &quot;scheme://host/&quot;, absoluteUri: &quot;otherscheme://host/&quot;)" storage="/home/runner/work/aspnetcore/aspnetcore/artifacts/bin/microsoft.aspnetcore.components.tests/debug/net10.0/microsoft.aspnetcore.components.tests.dll" id="7821208d-102d-ef4d-0f0f-99e896338732">
      <Execution id="ce82fa00-ac05-416d-995f-6535ea31ad7e" />
      <TestMethod codeBase="/home/runner/work/aspnetcore/aspnetcore/artifacts/bin/Microsoft.AspNetCore.Components.Tests/Debug/net10.0/Microsoft.AspNetCore.Components.Tests.dll" adapterTypeName="executor://xunit/VsTestRunner3/netcore/" className="Microsoft.AspNetCore.Components.NavigationManagerTest" name="Initialize_ThrowsForInvalidBaseRelativePaths" />
    </UnitTest>
    <UnitTest name="Microsoft.AspNetCore.Components.Test.RenderTreeDiffBuilderTest.HandlesDeletionOfUnkeyedItemsAroundKey" storage="/home/runner/work/aspnetcore/aspnetcore/artifacts/bin/microsoft.aspnetcore.components.tests/debug/net10.0/microsoft.aspnetcore.components.tests.dll" id="673639f5-caa0-5106-b921-c3f3cb22be4b">
      <Execution id="ca57b2f3-c563-455d-bfd3-9963bcea25f5" />
      <TestMethod codeBase="/home/runner/work/aspnetcore/aspnetcore/artifacts/bin/Microsoft.AspNetCore.Components.Tests/Debug/net10.0/Microsoft.AspNetCore.Components.Tests.dll" adapterTypeName="executor://xunit/VsTestRunner3/netcore/" className="Microsoft.AspNetCore.Components.Test.RenderTreeDiffBuilderTest" name="HandlesDeletionOfUnkeyedItemsAroundKey" />
    </UnitTest>
    <UnitTest name="Microsoft.AspNetCore.Components.Rendering.RenderTreeBuilderTest.AddAttribute_Component_Bool_SetsAttributeValue(value: True)" storage="/home/runner/work/aspnetcore/aspnetcore/artifacts/bin/microsoft.aspnetcore.components.tests/debug/net10.0/microsoft.aspnetcore.components.tests.dll" id="95356e9f-5dcc-f82a-6d96-8b423aa75afd">
      <Execution id="cdceda36-996b-405d-b3c4-a92dd827bbd9" />
      <TestMethod codeBase="/home/runner/work/aspnetcore/aspnetcore/artifacts/bin/Microsoft.AspNetCore.Components.Tests/Debug/net10.0/Microsoft.AspNetCore.Components.Tests.dll" adapterTypeName="executor://xunit/VsTestRunner3/netcore/" className="Microsoft.AspNetCore.Components.Rendering.RenderTreeBuilderTest" name="AddAttribute_Component_Bool_SetsAttributeValue" />
    </UnitTest>
    <UnitTest name="Microsoft.AspNetCore.Components.Test.RendererTest.DisposesEventHandlersWhenAncestorElementRemoved" storage="/home/runner/work/aspnetcore/aspnetcore/artifacts/bin/microsoft.aspnetcore.components.tests/debug/net10.0/microsoft.aspnetcore.components.tests.dll" id="7c8d8e5b-ceaf-3ef0-a848-11df7f047f49">
      <Execution id="9678fd62-1512-425d-a183-196808212f51" />
      <TestMethod codeBase="/home/runner/work/aspnetcore/aspnetcore/artifacts/bin/Microsoft.AspNetCore.Components.Tests/Debug/net10.0/Microsoft.AspNetCore.Components.Tests.dll" adapterTypeName="executor://xunit/VsTestRunner3/netcore/" className="Microsoft.AspNetCore.Components.Test.RendererTest" name="DisposesEventHandlersWhenAncestorElementRemoved" />
    </UnitTest>
    <UnitTest name="Microsoft.AspNetCore.Components.EventCallbackFactoryBinderExtensionsTest.CreateBinder_DateTime" storage="/home/runner/work/aspnetcore/aspnetcore/artifacts/bin/microsoft.aspnetcore.components.tests/debug/net10.0/microsoft.aspnetcore.components.tests.dll" id="9a52722b-ecef-ab64-8ec1-3050cbfd63e3">
      <Execution id="7c3f9be0-0a73-4ac9-b663-0a8aa8114591" />
      <TestMethod codeBase="/home/runner/work/aspnetcore/aspnetcore/artifacts/bin/Microsoft.AspNetCore.Components.Tests/Debug/net10.0/Microsoft.AspNetCore.Components.Tests.dll" adapterTypeName="executor://xunit/VsTestRunner3/netcore/" className="Microsoft.AspNetCore.Components.EventCallbackFactoryBinderExtensionsTest" name="CreateBinder_DateTime" />
    </UnitTest>
    <UnitTest name="Microsoft.AspNetCore.Components.Test.RendererTest.ExceptionsThrownFromHandleAfterRender_Async_AreHandled" storage="/home/runner/work/aspnetcore/aspnetcore/artifacts/bin/microsoft.aspnetcore.components.tests/debug/net10.0/microsoft.aspnetcore.components.tests.dll" id="2dcd6984-ca71-e0f2-58f0-317445286deb">
      <Execution id="5ef390ab-5d73-4ea0-bb91-c1eb8faac1a2" />
      <TestMethod codeBase="/home/runner/work/aspnetcore/aspnetcore/artifacts/bin/Microsoft.AspNetCore.Components.Tests/Debug/net10.0/Microsoft.AspNetCore.Components.Tests.dll" adapterTypeName="executor://xunit/VsTestRunner3/netcore/" className="Microsoft.AspNetCore.Components.Test.RendererTest" name="ExceptionsThrownFromHandleAfterRender_Async_AreHandled" />
    </UnitTest>
    <UnitTest name="Microsoft.AspNetCore.Components.Rendering.RenderTreeBuilderTest.CanAddKeyToElement" storage="/home/runner/work/aspnetcore/aspnetcore/artifacts/bin/microsoft.aspnetcore.components.tests/debug/net10.0/microsoft.aspnetcore.components.tests.dll" id="50986544-61b7-2562-ac19-20da1407f754">
      <Execution id="cde794f4-6853-463d-a7cd-e428fa8a874e" />
      <TestMethod codeBase="/home/runner/work/aspnetcore/aspnetcore/artifacts/bin/Microsoft.AspNetCore.Components.Tests/Debug/net10.0/Microsoft.AspNetCore.Components.Tests.dll" adapterTypeName="executor://xunit/VsTestRunner3/netcore/" className="Microsoft.AspNetCore.Components.Rendering.RenderTreeBuilderTest" name="CanAddKeyToElement" />
    </UnitTest>
    <UnitTest name="Microsoft.AspNetCore.Components.Test.CascadingParameterTest.PassesCascadingParametersToNestedComponents" storage="/home/runner/work/aspnetcore/aspnetcore/artifacts/bin/microsoft.aspnetcore.components.tests/debug/net10.0/microsoft.aspnetcore.components.tests.dll" id="500dbc99-e95a-d4b0-2d96-db8e4c25db0c">
      <Execution id="177ce640-877d-4eaa-be61-3ef3ad588178" />
      <TestMethod codeBase="/home/runner/work/aspnetcore/aspnetcore/artifacts/bin/Microsoft.AspNetCore.Components.Tests/Debug/net10.0/Microsoft.AspNetCore.Components.Tests.dll" adapterTypeName="executor://xunit/VsTestRunner3/netcore/" className="Microsoft.AspNetCore.Components.Test.CascadingParameterTest" name="PassesCascadingParametersToNestedComponents" />
    </UnitTest>
    <UnitTest name="Microsoft.AspNetCore.Components.ParameterViewTest.PropertyExplicitSetterException_Throws" storage="/home/runner/work/aspnetcore/aspnetcore/artifacts/bin/microsoft.aspnetcore.components.tests/debug/net10.0/microsoft.aspnetcore.components.tests.dll" id="877f64df-4e10-c38d-ea7f-69afd078f2a5">
      <Execution id="3b622a3b-1558-49f5-9918-c85b2c171760" />
      <TestMethod codeBase="/home/runner/work/aspnetcore/aspnetcore/artifacts/bin/Microsoft.AspNetCore.Components.Tests/Debug/net10.0/Microsoft.AspNetCore.Components.Tests.dll" adapterTypeName="executor://xunit/VsTestRunner3/netcore/" className="Microsoft.AspNetCore.Components.ParameterViewTest" name="PropertyExplicitSetterException_Throws" />
    </UnitTest>
    <UnitTest name="Microsoft.AspNetCore.Components.Test.RenderTreeUpdaterTest.UpdatesOnlyMatchingAttributeValue" storage="/home/runner/work/aspnetcore/aspnetcore/artifacts/bin/microsoft.aspnetcore.components.tests/debug/net10.0/microsoft.aspnetcore.components.tests.dll" id="bcb7791d-8e14-f6cb-e4f9-38b151f93373">
      <Execution id="f59345f3-c594-4e48-bcbe-c710b806f33a" />
      <TestMethod codeBase="/home/runner/work/aspnetcore/aspnetcore/artifacts/bin/Microsoft.AspNetCore.Components.Tests/Debug/net10.0/Microsoft.AspNetCore.Components.Tests.dll" adapterTypeName="executor://xunit/VsTestRunner3/netcore/" className="Microsoft.AspNetCore.Components.Test.RenderTreeUpdaterTest" name="UpdatesOnlyMatchingAttributeValue" />
    </UnitTest>
    <UnitTest name="Microsoft.AspNetCore.Components.Test.RenderTreeDiffBuilderTest.RecognizesEquivalentFramesAsSame" storage="/home/runner/work/aspnetcore/aspnetcore/artifacts/bin/microsoft.aspnetcore.components.tests/debug/net10.0/microsoft.aspnetcore.components.tests.dll" id="c464e156-ff9d-7b3c-a4bb-1d352844fd8b">
      <Execution id="3db39c7b-4f49-449b-9b43-035bccc0eb4f" />
      <TestMethod codeBase="/home/runner/work/aspnetcore/aspnetcore/artifacts/bin/Microsoft.AspNetCore.Components.Tests/Debug/net10.0/Microsoft.AspNetCore.Components.Tests.dll" adapterTypeName="executor://xunit/VsTestRunner3/netcore/" className="Microsoft.AspNetCore.Components.Test.RenderTreeDiffBuilderTest" name="RecognizesEquivalentFramesAsSame" />
    </UnitTest>
    <UnitTest name="Microsoft.AspNetCore.Components.Test.CascadingParameterTest.DoesNotNotifyDescendantsOfUpdatedCascadingParameterValuesWhenFixed" storage="/home/runner/work/aspnetcore/aspnetcore/artifacts/bin/microsoft.aspnetcore.components.tests/debug/net10.0/microsoft.aspnetcore.components.tests.dll" id="d1b803ed-41f9-6daf-3119-a33a83bf72ba">
      <Execution id="c9f4c48f-b10b-4bed-90b7-ae4d6e42a861" />
      <TestMethod codeBase="/home/runner/work/aspnetcore/aspnetcore/artifacts/bin/Microsoft.AspNetCore.Components.Tests/Debug/net10.0/Microsoft.AspNetCore.Components.Tests.dll" adapterTypeName="executor://xunit/VsTestRunner3/netcore/" className="Microsoft.AspNetCore.Components.Test.CascadingParameterTest" name="DoesNotNotifyDescendantsOfUpdatedCascadingParameterValuesWhenFixed" />
    </UnitTest>
    <UnitTest name="Microsoft.AspNetCore.Components.NavigationManagerTest.GetUriWithQueryParameter_AppendsWhenParameterDoesNotExist(baseUri: &quot;scheme://host/#hash&quot;, expectedUri: &quot;scheme://host/?name=John%20Doe#hash&quot;)" storage="/home/runner/work/aspnetcore/aspnetcore/artifacts/bin/microsoft.aspnetcore.components.tests/debug/net10.0/microsoft.aspnetcore.components.tests.dll" id="94e2310c-c5a1-6396-6932-8758e6a50179">
      <Execution id="4cacf055-b962-45c6-b79c-e098d951023c" />
      <TestMethod codeBase="/home/runner/work/aspnetcore/aspnetcore/artifacts/bin/Microsoft.AspNetCore.Components.Tests/Debug/net10.0/Microsoft.AspNetCore.Components.Tests.dll" adapterTypeName="executor://xunit/VsTestRunner3/netcore/" className="Microsoft.AspNetCore.Components.NavigationManagerTest" name="GetUriWithQueryParameter_AppendsWhenParameterDoesNotExist" />
    </UnitTest>
    <UnitTest name="Microsoft.AspNetCore.Components.EventCallbackFactoryBinderExtensionsTest.CreateBinder_Bool" storage="/home/runner/work/aspnetcore/aspnetcore/artifacts/bin/microsoft.aspnetcore.components.tests/debug/net10.0/microsoft.aspnetcore.components.tests.dll" id="a98bdf50-2987-d95f-4709-405ea1af586c">
      <Execution id="84c7d944-bc3a-4bcf-98f4-2673911310f6" />
      <TestMethod codeBase="/home/runner/work/aspnetcore/aspnetcore/artifacts/bin/Microsoft.AspNetCore.Components.Tests/Debug/net10.0/Microsoft.AspNetCore.Components.Tests.dll" adapterTypeName="executor://xunit/VsTestRunner3/netcore/" className="Microsoft.AspNetCore.Components.EventCallbackFactoryBinderExtensionsTest" name="CreateBinder_Bool" />
    </UnitTest>
    <UnitTest name="Microsoft.AspNetCore.Components.Test.RenderTreeDiffBuilderTest.AttributeDiff_WithSequentialSequenceNumber_AttributeRemovedInMiddle" storage="/home/runner/work/aspnetcore/aspnetcore/artifacts/bin/microsoft.aspnetcore.components.tests/debug/net10.0/microsoft.aspnetcore.components.tests.dll" id="3be084ba-0445-e309-8f95-d60904a4ed45">
      <Execution id="8354bf8e-955c-4031-a3c8-8ac6af1a7103" />
      <TestMethod codeBase="/home/runner/work/aspnetcore/aspnetcore/artifacts/bin/Microsoft.AspNetCore.Components.Tests/Debug/net10.0/Microsoft.AspNetCore.Components.Tests.dll" adapterTypeName="executor://xunit/VsTestRunner3/netcore/" className="Microsoft.AspNetCore.Components.Test.RenderTreeDiffBuilderTest" name="AttributeDiff_WithSequentialSequenceNumber_AttributeRemovedInMiddle" />
    </UnitTest>
    <UnitTest name="Microsoft.AspNetCore.Components.ComponentFactoryTest.InstantiateComponent_WithNoRenderMode_DoesNotUseRenderModeResolver" storage="/home/runner/work/aspnetcore/aspnetcore/artifacts/bin/microsoft.aspnetcore.components.tests/debug/net10.0/microsoft.aspnetcore.components.tests.dll" id="4daa5902-1ee6-c35c-487c-06b757ca7fa5">
      <Execution id="89dbcd59-47db-4be7-ae30-9df4bbe92748" />
      <TestMethod codeBase="/home/runner/work/aspnetcore/aspnetcore/artifacts/bin/Microsoft.AspNetCore.Components.Tests/Debug/net10.0/Microsoft.AspNetCore.Components.Tests.dll" adapterTypeName="executor://xunit/VsTestRunner3/netcore/" className="Microsoft.AspNetCore.Components.ComponentFactoryTest" name="InstantiateComponent_WithNoRenderMode_DoesNotUseRenderModeResolver" />
    </UnitTest>
    <UnitTest name="Microsoft.AspNetCore.Components.Rendering.RenderTreeBuilderTest.CannotAddComponentReferenceCaptureInsideRegion" storage="/home/runner/work/aspnetcore/aspnetcore/artifacts/bin/microsoft.aspnetcore.components.tests/debug/net10.0/microsoft.aspnetcore.components.tests.dll" id="cab36b7c-b328-097a-c693-a86f3c6a8b20">
      <Execution id="33ba82d0-915c-4e61-b71f-b28fe1d95a3a" />
      <TestMethod codeBase="/home/runner/work/aspnetcore/aspnetcore/artifacts/bin/Microsoft.AspNetCore.Components.Tests/Debug/net10.0/Microsoft.AspNetCore.Components.Tests.dll" adapterTypeName="executor://xunit/VsTestRunner3/netcore/" className="Microsoft.AspNetCore.Components.Rendering.RenderTreeBuilderTest" name="CannotAddComponentReferenceCaptureInsideRegion" />
    </UnitTest>
    <UnitTest name="Microsoft.AspNetCore.Components.Test.RendererTest.EventFieldInfoCanPatchTreeSoDiffDoesNotUpdateAttribute(oldValue: &quot;old property value&quot;)" storage="/home/runner/work/aspnetcore/aspnetcore/artifacts/bin/microsoft.aspnetcore.components.tests/debug/net10.0/microsoft.aspnetcore.components.tests.dll" id="7c113dcf-e8bd-911a-1bf3-b021de777372">
      <Execution id="7d483885-7a28-46c0-bb02-95f1094ad290" />
      <TestMethod codeBase="/home/runner/work/aspnetcore/aspnetcore/artifacts/bin/Microsoft.AspNetCore.Components.Tests/Debug/net10.0/Microsoft.AspNetCore.Components.Tests.dll" adapterTypeName="executor://xunit/VsTestRunner3/netcore/" className="Microsoft.AspNetCore.Components.Test.RendererTest" name="EventFieldInfoCanPatchTreeSoDiffDoesNotUpdateAttribute" />
    </UnitTest>
    <UnitTest name="Microsoft.AspNetCore.Components.ComponentApplicationStateTest.PersistAsJson_NullValueAsync" storage="/home/runner/work/aspnetcore/aspnetcore/artifacts/bin/microsoft.aspnetcore.components.tests/debug/net10.0/microsoft.aspnetcore.components.tests.dll" id="dfd6b9f7-9d36-2422-babe-d9d6b4816af1">
      <Execution id="6ba3b113-2037-486a-a0b4-3ab6656bb3aa" />
      <TestMethod codeBase="/home/runner/work/aspnetcore/aspnetcore/artifacts/bin/Microsoft.AspNetCore.Components.Tests/Debug/net10.0/Microsoft.AspNetCore.Components.Tests.dll" adapterTypeName="executor://xunit/VsTestRunner3/netcore/" className="Microsoft.AspNetCore.Components.ComponentApplicationStateTest" name="PersistAsJson_NullValueAsync" />
    </UnitTest>
    <UnitTest name="Microsoft.AspNetCore.Components.ParameterViewTest.IncomingParameterMatchesDeclaredParameterCaseInsensitively_SetsValue" storage="/home/runner/work/aspnetcore/aspnetcore/artifacts/bin/microsoft.aspnetcore.components.tests/debug/net10.0/microsoft.aspnetcore.components.tests.dll" id="19016da1-e936-f011-fdef-37ec13a95a33">
      <Execution id="9615ba03-9a70-4caa-b710-ca1fbfba86d4" />
      <TestMethod codeBase="/home/runner/work/aspnetcore/aspnetcore/artifacts/bin/Microsoft.AspNetCore.Components.Tests/Debug/net10.0/Microsoft.AspNetCore.Components.Tests.dll" adapterTypeName="executor://xunit/VsTestRunner3/netcore/" className="Microsoft.AspNetCore.Components.ParameterViewTest" name="IncomingParameterMatchesDeclaredParameterCaseInsensitively_SetsValue" />
    </UnitTest>
    <UnitTest name="Microsoft.AspNetCore.Components.NavigationManagerTest.GetUriWithQueryParameter_ReplacesWhenParameterExists(baseUri: &quot;scheme://host/?full%20name=Bob%20Joe#hash&quot;, expectedUri: &quot;scheme://host/?full%20name=John%20Doe#hash&quot;)" storage="/home/runner/work/aspnetcore/aspnetcore/artifacts/bin/microsoft.aspnetcore.components.tests/debug/net10.0/microsoft.aspnetcore.components.tests.dll" id="fef038e5-47db-5676-a6e3-f9525fa89c3f">
      <Execution id="2f5f3e92-3aae-4249-a715-43414c50e651" />
      <TestMethod codeBase="/home/runner/work/aspnetcore/aspnetcore/artifacts/bin/Microsoft.AspNetCore.Components.Tests/Debug/net10.0/Microsoft.AspNetCore.Components.Tests.dll" adapterTypeName="executor://xunit/VsTestRunner3/netcore/" className="Microsoft.AspNetCore.Components.NavigationManagerTest" name="GetUriWithQueryParameter_ReplacesWhenParameterExists" />
    </UnitTest>
    <UnitTest name="Microsoft.AspNetCore.Components.Routing.RouteTableFactoryTests.ThrowsWhenCatchAllIsNotTheLastSegment(template: &quot;{*catchall}/{*other}&quot;)" storage="/home/runner/work/aspnetcore/aspnetcore/artifacts/bin/microsoft.aspnetcore.components.tests/debug/net10.0/microsoft.aspnetcore.components.tests.dll" id="529de1cb-c054-24a3-d07e-67201a262eff">
      <Execution id="295f1e47-4d31-442c-9d60-469ee498ab45" />
      <TestMethod codeBase="/home/runner/work/aspnetcore/aspnetcore/artifacts/bin/Microsoft.AspNetCore.Components.Tests/Debug/net10.0/Microsoft.AspNetCore.Components.Tests.dll" adapterTypeName="executor://xunit/VsTestRunner3/netcore/" className="Microsoft.AspNetCore.Components.Routing.RouteTableFactoryTests" name="ThrowsWhenCatchAllIsNotTheLastSegment" />
    </UnitTest>
    <UnitTest name="Microsoft.AspNetCore.Components.Test.RendererTest.DisposesEventHandlersWhenOwnerComponentRemoved" storage="/home/runner/work/aspnetcore/aspnetcore/artifacts/bin/microsoft.aspnetcore.components.tests/debug/net10.0/microsoft.aspnetcore.components.tests.dll" id="af9fd74a-a57e-8075-74d9-29b73251f52a">
      <Execution id="fab11d76-e97b-486c-9106-383f50fa537d" />
      <TestMethod codeBase="/home/runner/work/aspnetcore/aspnetcore/artifacts/bin/Microsoft.AspNetCore.Components.Tests/Debug/net10.0/Microsoft.AspNetCore.Components.Tests.dll" adapterTypeName="executor://xunit/VsTestRunner3/netcore/" className="Microsoft.AspNetCore.Components.Test.RendererTest" name="DisposesEventHandlersWhenOwnerComponentRemoved" />
    </UnitTest>
    <UnitTest name="Microsoft.AspNetCore.Components.Routing.RouteTableFactoryTests.DoesNotThrowForNonAmbiguousRoutes(first: &quot;{param}/{optional?}&quot;, second: &quot;{param}/{optional:int?}&quot;)" storage="/home/runner/work/aspnetcore/aspnetcore/artifacts/bin/microsoft.aspnetcore.components.tests/debug/net10.0/microsoft.aspnetcore.components.tests.dll" id="407cfb34-d04c-3a70-46c4-6a16e99cdd0d">
      <Execution id="630d75ad-ccc1-498f-9b55-2ae1e3b14646" />
      <TestMethod codeBase="/home/runner/work/aspnetcore/aspnetcore/artifacts/bin/Microsoft.AspNetCore.Components.Tests/Debug/net10.0/Microsoft.AspNetCore.Components.Tests.dll" adapterTypeName="executor://xunit/VsTestRunner3/netcore/" className="Microsoft.AspNetCore.Components.Routing.RouteTableFactoryTests" name="DoesNotThrowForNonAmbiguousRoutes" />
    </UnitTest>
    <UnitTest name="Microsoft.AspNetCore.Components.Test.RendererTest.ExceptionsReturnedUsingTaskFromExceptionCanBeHandled" storage="/home/runner/work/aspnetcore/aspnetcore/artifacts/bin/microsoft.aspnetcore.components.tests/debug/net10.0/microsoft.aspnetcore.components.tests.dll" id="407c04f9-1da3-1372-6fb6-868c7e7c0961">
      <Execution id="1e92db6a-9a1c-474d-b254-d004d7a0ecbf" />
      <TestMethod codeBase="/home/runner/work/aspnetcore/aspnetcore/artifacts/bin/Microsoft.AspNetCore.Components.Tests/Debug/net10.0/Microsoft.AspNetCore.Components.Tests.dll" adapterTypeName="executor://xunit/VsTestRunner3/netcore/" className="Microsoft.AspNetCore.Components.Test.RendererTest" name="ExceptionsReturnedUsingTaskFromExceptionCanBeHandled" />
    </UnitTest>
    <UnitTest name="Microsoft.AspNetCore.Components.Rendering.RenderTreeBuilderTest.AddAttribute_Element_ObjectEventCallback_AddsFrame" storage="/home/runner/work/aspnetcore/aspnetcore/artifacts/bin/microsoft.aspnetcore.components.tests/debug/net10.0/microsoft.aspnetcore.components.tests.dll" id="d448bcb8-6885-0c4f-10f7-68cd250146e3">
      <Execution id="01240fcd-0d07-4f6c-bf76-f20b9c82ad56" />
      <TestMethod codeBase="/home/runner/work/aspnetcore/aspnetcore/artifacts/bin/Microsoft.AspNetCore.Components.Tests/Debug/net10.0/Microsoft.AspNetCore.Components.Tests.dll" adapterTypeName="executor://xunit/VsTestRunner3/netcore/" className="Microsoft.AspNetCore.Components.Rendering.RenderTreeBuilderTest" name="AddAttribute_Element_ObjectEventCallback_AddsFrame" />
    </UnitTest>
    <UnitTest name="Microsoft.AspNetCore.Components.Rendering.RenderTreeBuilderTest.AddAttribute_Element_ObjectEventCallbackOfT_Default_DoesNotAddFrame" storage="/home/runner/work/aspnetcore/aspnetcore/artifacts/bin/microsoft.aspnetcore.components.tests/debug/net10.0/microsoft.aspnetcore.components.tests.dll" id="c9975773-7b85-8a44-af72-7766f70d35d2">
      <Execution id="ac382033-30ea-4890-b21b-d31035002f42" />
      <TestMethod codeBase="/home/runner/work/aspnetcore/aspnetcore/artifacts/bin/Microsoft.AspNetCore.Components.Tests/Debug/net10.0/Microsoft.AspNetCore.Components.Tests.dll" adapterTypeName="executor://xunit/VsTestRunner3/netcore/" className="Microsoft.AspNetCore.Components.Rendering.RenderTreeBuilderTest" name="AddAttribute_Element_ObjectEventCallbackOfT_Default_DoesNotAddFrame" />
    </UnitTest>
    <UnitTest name="Microsoft.AspNetCore.Components.Routing.RouteTableFactoryTests.DoesNotMatchIfConstraintDoesNotMatch(template: &quot;/{value:double}&quot;, contextUrl: &quot;/0.1.2&quot;)" storage="/home/runner/work/aspnetcore/aspnetcore/artifacts/bin/microsoft.aspnetcore.components.tests/debug/net10.0/microsoft.aspnetcore.components.tests.dll" id="af1df511-6986-4016-c659-009b19ac4412">
      <Execution id="aaa2ba7c-ab5e-433b-bf84-ada27502e586" />
      <TestMethod codeBase="/home/runner/work/aspnetcore/aspnetcore/artifacts/bin/Microsoft.AspNetCore.Components.Tests/Debug/net10.0/Microsoft.AspNetCore.Components.Tests.dll" adapterTypeName="executor://xunit/VsTestRunner3/netcore/" className="Microsoft.AspNetCore.Components.Routing.RouteTableFactoryTests" name="DoesNotMatchIfConstraintDoesNotMatch" />
    </UnitTest>
    <UnitTest name="Microsoft.AspNetCore.Components.Routing.QueryParameterValueSupplierTest.SupportsExpectedValueTypes" storage="/home/runner/work/aspnetcore/aspnetcore/artifacts/bin/microsoft.aspnetcore.components.tests/debug/net10.0/microsoft.aspnetcore.components.tests.dll" id="74492ed3-b837-ab56-bec8-ac512e575564">
      <Execution id="816ddf46-85f9-4b01-8b59-17b1c72162eb" />
      <TestMethod codeBase="/home/runner/work/aspnetcore/aspnetcore/artifacts/bin/Microsoft.AspNetCore.Components.Tests/Debug/net10.0/Microsoft.AspNetCore.Components.Tests.dll" adapterTypeName="executor://xunit/VsTestRunner3/netcore/" className="Microsoft.AspNetCore.Components.Routing.QueryParameterValueSupplierTest" name="SupportsExpectedValueTypes" />
    </UnitTest>
    <UnitTest name="Microsoft.AspNetCore.Components.NavigationManagerTest.Initialize_ThrowsForInvalidBaseRelativePaths(baseUri: &quot;scheme://host/&quot;, absoluteUri: &quot;scheme://otherhost/&quot;)" storage="/home/runner/work/aspnetcore/aspnetcore/artifacts/bin/microsoft.aspnetcore.components.tests/debug/net10.0/microsoft.aspnetcore.components.tests.dll" id="ec9b5717-964c-9e15-12e9-b7cb71771aac">
      <Execution id="506fec35-257f-4d69-a231-0422bd4bb814" />
      <TestMethod codeBase="/home/runner/work/aspnetcore/aspnetcore/artifacts/bin/Microsoft.AspNetCore.Components.Tests/Debug/net10.0/Microsoft.AspNetCore.Components.Tests.dll" adapterTypeName="executor://xunit/VsTestRunner3/netcore/" className="Microsoft.AspNetCore.Components.NavigationManagerTest" name="Initialize_ThrowsForInvalidBaseRelativePaths" />
    </UnitTest>
    <UnitTest name="Microsoft.AspNetCore.Components.Test.RendererTest.CannotGetEventArgsTypeForHandlerWithNonEventArgsParameter" storage="/home/runner/work/aspnetcore/aspnetcore/artifacts/bin/microsoft.aspnetcore.components.tests/debug/net10.0/microsoft.aspnetcore.components.tests.dll" id="c032bd73-3111-8682-1ebf-f669ade197af">
      <Execution id="ed317550-0b15-4bed-9fe0-35abc0d0cfd4" />
      <TestMethod codeBase="/home/runner/work/aspnetcore/aspnetcore/artifacts/bin/Microsoft.AspNetCore.Components.Tests/Debug/net10.0/Microsoft.AspNetCore.Components.Tests.dll" adapterTypeName="executor://xunit/VsTestRunner3/netcore/" className="Microsoft.AspNetCore.Components.Test.RendererTest" name="CannotGetEventArgsTypeForHandlerWithNonEventArgsParameter" />
    </UnitTest>
    <UnitTest name="Microsoft.AspNetCore.Components.Test.RendererTest.CanReRenderTopLevelComponents" storage="/home/runner/work/aspnetcore/aspnetcore/artifacts/bin/microsoft.aspnetcore.components.tests/debug/net10.0/microsoft.aspnetcore.components.tests.dll" id="bfa96954-1ade-7432-e2dc-f4228361eb7e">
      <Execution id="e6ae73fb-8c89-4c4c-ab5a-2ebd036f4821" />
      <TestMethod codeBase="/home/runner/work/aspnetcore/aspnetcore/artifacts/bin/Microsoft.AspNetCore.Components.Tests/Debug/net10.0/Microsoft.AspNetCore.Components.Tests.dll" adapterTypeName="executor://xunit/VsTestRunner3/netcore/" className="Microsoft.AspNetCore.Components.Test.RendererTest" name="CanReRenderTopLevelComponents" />
    </UnitTest>
    <UnitTest name="Microsoft.AspNetCore.Components.Routing.RouteTableFactoryTests.CanMatchCatchAllParameterTemplate(path: &quot;/blog/value1&quot;, expectedValue: &quot;value1&quot;)" storage="/home/runner/work/aspnetcore/aspnetcore/artifacts/bin/microsoft.aspnetcore.components.tests/debug/net10.0/microsoft.aspnetcore.components.tests.dll" id="87911d36-ce25-2f66-8630-531a2f59fcc7">
      <Execution id="7e978f80-2180-4e26-9dc4-41311482eb4d" />
      <TestMethod codeBase="/home/runner/work/aspnetcore/aspnetcore/artifacts/bin/Microsoft.AspNetCore.Components.Tests/Debug/net10.0/Microsoft.AspNetCore.Components.Tests.dll" adapterTypeName="executor://xunit/VsTestRunner3/netcore/" className="Microsoft.AspNetCore.Components.Routing.RouteTableFactoryTests" name="CanMatchCatchAllParameterTemplate" />
    </UnitTest>
    <UnitTest name="Microsoft.AspNetCore.Components.Routing.RoutePatternParserTests.InvalidTemplate_WithMismatchedBraces(template: &quot;Another/{p/Literal&quot;, expectedMessage: &quot;There is an incomplete parameter in the route temp&quot;···)" storage="/home/runner/work/aspnetcore/aspnetcore/artifacts/bin/microsoft.aspnetcore.components.tests/debug/net10.0/microsoft.aspnetcore.components.tests.dll" id="fba00691-80a3-ac87-20b7-7fa0c9794f87">
      <Execution id="b998bb4a-bc13-48c3-baf7-fdde0e300153" />
      <TestMethod codeBase="/home/runner/work/aspnetcore/aspnetcore/artifacts/bin/Microsoft.AspNetCore.Components.Tests/Debug/net10.0/Microsoft.AspNetCore.Components.Tests.dll" adapterTypeName="executor://xunit/VsTestRunner3/netcore/" className="Microsoft.AspNetCore.Components.Routing.RoutePatternParserTests" name="InvalidTemplate_WithMismatchedBraces" />
    </UnitTest>
    <UnitTest name="Microsoft.AspNetCore.Components.Rendering.RenderTreeBuilderTest.AddAttribute_Component_ObjectStringValue_SetsAttributeValue" storage="/home/runner/work/aspnetcore/aspnetcore/artifacts/bin/microsoft.aspnetcore.components.tests/debug/net10.0/microsoft.aspnetcore.components.tests.dll" id="63ddb946-cae0-491a-3ac5-3cef15baa68e">
      <Execution id="865dff57-cedb-4391-920d-4f7d16fff418" />
      <TestMethod codeBase="/home/runner/work/aspnetcore/aspnetcore/artifacts/bin/Microsoft.AspNetCore.Components.Tests/Debug/net10.0/Microsoft.AspNetCore.Components.Tests.dll" adapterTypeName="executor://xunit/VsTestRunner3/netcore/" className="Microsoft.AspNetCore.Components.Rendering.RenderTreeBuilderTest" name="AddAttribute_Component_ObjectStringValue_SetsAttributeValue" />
    </UnitTest>
    <UnitTest name="Microsoft.AspNetCore.Components.Rendering.RenderTreeBuilderTest.ReportsUnclosedComponentAsInvalid" storage="/home/runner/work/aspnetcore/aspnetcore/artifacts/bin/microsoft.aspnetcore.components.tests/debug/net10.0/microsoft.aspnetcore.components.tests.dll" id="b9cc6e73-fd02-ca09-262a-4e2c29db07b3">
      <Execution id="1252c1f6-146a-4dcd-be26-f7cbaaa23309" />
      <TestMethod codeBase="/home/runner/work/aspnetcore/aspnetcore/artifacts/bin/Microsoft.AspNetCore.Components.Tests/Debug/net10.0/Microsoft.AspNetCore.Components.Tests.dll" adapterTypeName="executor://xunit/VsTestRunner3/netcore/" className="Microsoft.AspNetCore.Components.Rendering.RenderTreeBuilderTest" name="ReportsUnclosedComponentAsInvalid" />
    </UnitTest>
    <UnitTest name="Microsoft.AspNetCore.Components.Rendering.RenderTreeBuilderTest.AddAttribute_Element_EventCallbackWithReceiver_AddsFrame" storage="/home/runner/work/aspnetcore/aspnetcore/artifacts/bin/microsoft.aspnetcore.components.tests/debug/net10.0/microsoft.aspnetcore.components.tests.dll" id="a28f92d3-895c-0fec-1a90-b6c0560435c6">
      <Execution id="1cb3ee64-ce08-472e-95b1-40c27d380808" />
      <TestMethod codeBase="/home/runner/work/aspnetcore/aspnetcore/artifacts/bin/Microsoft.AspNetCore.Components.Tests/Debug/net10.0/Microsoft.AspNetCore.Components.Tests.dll" adapterTypeName="executor://xunit/VsTestRunner3/netcore/" className="Microsoft.AspNetCore.Components.Rendering.RenderTreeBuilderTest" name="AddAttribute_Element_EventCallbackWithReceiver_AddsFrame" />
    </UnitTest>
    <UnitTest name="Microsoft.AspNetCore.Components.ComponentStatePersistenceManagerTest.PersistStateAsync_InvokesPauseCallbacksDuringPersist" storage="/home/runner/work/aspnetcore/aspnetcore/artifacts/bin/microsoft.aspnetcore.components.tests/debug/net10.0/microsoft.aspnetcore.components.tests.dll" id="bb8878dc-e145-9d91-744b-958cc0c47ea9">
      <Execution id="7787ceb8-dffa-43a7-838a-d4b1fc4c0e0c" />
      <TestMethod codeBase="/home/runner/work/aspnetcore/aspnetcore/artifacts/bin/Microsoft.AspNetCore.Components.Tests/Debug/net10.0/Microsoft.AspNetCore.Components.Tests.dll" adapterTypeName="executor://xunit/VsTestRunner3/netcore/" className="Microsoft.AspNetCore.Components.ComponentStatePersistenceManagerTest" name="PersistStateAsync_InvokesPauseCallbacksDuringPersist" />
    </UnitTest>
    <UnitTest name="Microsoft.AspNetCore.Components.Test.RendererTest.DisposingRenderer_DisposesNestedComponents" storage="/home/runner/work/aspnetcore/aspnetcore/artifacts/bin/microsoft.aspnetcore.components.tests/debug/net10.0/microsoft.aspnetcore.components.tests.dll" id="ca99137b-df68-d280-f2c9-882df5bb713d">
      <Execution id="3da9478e-f665-4071-9f2b-96534e8fc649" />
      <TestMethod codeBase="/home/runner/work/aspnetcore/aspnetcore/artifacts/bin/Microsoft.AspNetCore.Components.Tests/Debug/net10.0/Microsoft.AspNetCore.Components.Tests.dll" adapterTypeName="executor://xunit/VsTestRunner3/netcore/" className="Microsoft.AspNetCore.Components.Test.RendererTest" name="DisposingRenderer_DisposesNestedComponents" />
    </UnitTest>
    <UnitTest name="Microsoft.AspNetCore.Components.Routing.QueryParameterValueSupplierTest.RejectsUnparseableArrayEntries(key: &quot;NullableBoolVals&quot;, validValue: &quot;true&quot;, invalidValue: &quot;abc&quot;, targetType: typeof(bool?))" storage="/home/runner/work/aspnetcore/aspnetcore/artifacts/bin/microsoft.aspnetcore.components.tests/debug/net10.0/microsoft.aspnetcore.components.tests.dll" id="6e7b248d-c90d-f81a-ea63-9c387347b88e">
      <Execution id="1fc91a65-d81d-4504-abe7-76a147346624" />
      <TestMethod codeBase="/home/runner/work/aspnetcore/aspnetcore/artifacts/bin/Microsoft.AspNetCore.Components.Tests/Debug/net10.0/Microsoft.AspNetCore.Components.Tests.dll" adapterTypeName="executor://xunit/VsTestRunner3/netcore/" className="Microsoft.AspNetCore.Components.Routing.QueryParameterValueSupplierTest" name="RejectsUnparseableArrayEntries" />
    </UnitTest>
    <UnitTest name="Microsoft.AspNetCore.Components.RenderTree.ArrayBuilderTest.RemoveLast_LastEntry" storage="/home/runner/work/aspnetcore/aspnetcore/artifacts/bin/microsoft.aspnetcore.components.tests/debug/net10.0/microsoft.aspnetcore.components.tests.dll" id="093eb450-b4d1-b35f-692b-7f98045efb03">
      <Execution id="d1477655-3945-48fc-b8ea-4d33eaf6f1b5" />
      <TestMethod codeBase="/home/runner/work/aspnetcore/aspnetcore/artifacts/bin/Microsoft.AspNetCore.Components.Tests/Debug/net10.0/Microsoft.AspNetCore.Components.Tests.dll" adapterTypeName="executor://xunit/VsTestRunner3/netcore/" className="Microsoft.AspNetCore.Components.RenderTree.ArrayBuilderTest" name="RemoveLast_LastEntry" />
    </UnitTest>
    <UnitTest name="Microsoft.AspNetCore.Components.Rendering.RenderTreeBuilderTest.AddComponentParameter_Component_EventCallbackOfT_AddsFrame" storage="/home/runner/work/aspnetcore/aspnetcore/artifacts/bin/microsoft.aspnetcore.components.tests/debug/net10.0/microsoft.aspnetcore.components.tests.dll" id="4318b8fe-5a60-77de-c96b-64e2190c2b22">
      <Execution id="3aed4733-c823-48bd-b653-944d3a0077a3" />
      <TestMethod codeBase="/home/runner/work/aspnetcore/aspnetcore/artifacts/bin/Microsoft.AspNetCore.Components.Tests/Debug/net10.0/Microsoft.AspNetCore.Components.Tests.dll" adapterTypeName="executor://xunit/VsTestRunner3/netcore/" className="Microsoft.AspNetCore.Components.Rendering.RenderTreeBuilderTest" name="AddComponentParameter_Component_EventCallbackOfT_AddsFrame" />
    </UnitTest>
    <UnitTest name="Microsoft.AspNetCore.Components.Rendering.RenderTreeBuilderTest.CanAddComponentRenderMode" storage="/home/runner/work/aspnetcore/aspnetcore/artifacts/bin/microsoft.aspnetcore.components.tests/debug/net10.0/microsoft.aspnetcore.components.tests.dll" id="a3919ee8-13c2-696b-4f7f-2281c4b990e7">
      <Execution id="488ba65f-5aaa-4416-bed6-1beaf5e43a79" />
      <TestMethod codeBase="/home/runner/work/aspnetcore/aspnetcore/artifacts/bin/Microsoft.AspNetCore.Components.Tests/Debug/net10.0/Microsoft.AspNetCore.Components.Tests.dll" adapterTypeName="executor://xunit/VsTestRunner3/netcore/" className="Microsoft.AspNetCore.Components.Rendering.RenderTreeBuilderTest" name="CanAddComponentRenderMode" />
    </UnitTest>
    <UnitTest name="Microsoft.AspNetCore.Components.RenderTree.ArrayBuilderTest.Dispose_NonEmptyBufferIsReturned" storage="/home/runner/work/aspnetcore/aspnetcore/artifacts/bin/microsoft.aspnetcore.components.tests/debug/net10.0/microsoft.aspnetcore.components.tests.dll" id="2fc54058-f464-97bf-4a82-d4ba6aff7f34">
      <Execution id="62d2db76-2a74-4ef8-8354-431302cafa2a" />
      <TestMethod codeBase="/home/runner/work/aspnetcore/aspnetcore/artifacts/bin/Microsoft.AspNetCore.Components.Tests/Debug/net10.0/Microsoft.AspNetCore.Components.Tests.dll" adapterTypeName="executor://xunit/VsTestRunner3/netcore/" className="Microsoft.AspNetCore.Components.RenderTree.ArrayBuilderTest" name="Dispose_NonEmptyBufferIsReturned" />
    </UnitTest>
    <UnitTest name="Microsoft.AspNetCore.Components.Rendering.RenderTreeBuilderTest.CannotAddElementReferenceCaptureWithNoParent" storage="/home/runner/work/aspnetcore/aspnetcore/artifacts/bin/microsoft.aspnetcore.components.tests/debug/net10.0/microsoft.aspnetcore.components.tests.dll" id="10577af9-d16e-7de8-939c-90397d523205">
      <Execution id="31e1ef97-6d02-4d40-8a0f-40655926b0a3" />
      <TestMethod codeBase="/home/runner/work/aspnetcore/aspnetcore/artifacts/bin/Microsoft.AspNetCore.Components.Tests/Debug/net10.0/Microsoft.AspNetCore.Components.Tests.dll" adapterTypeName="executor://xunit/VsTestRunner3/netcore/" className="Microsoft.AspNetCore.Components.Rendering.RenderTreeBuilderTest" name="CannotAddElementReferenceCaptureWithNoParent" />
    </UnitTest>
    <UnitTest name="Microsoft.AspNetCore.Components.Routing.QueryParameterValueSupplierTest.RejectsBlankValuesWhenNotNullable(key: &quot;DoubleVal&quot;, targetType: typeof(double))" storage="/home/runner/work/aspnetcore/aspnetcore/artifacts/bin/microsoft.aspnetcore.components.tests/debug/net10.0/microsoft.aspnetcore.components.tests.dll" id="2eb88ddd-f558-856d-3cfd-ca331da0eb4f">
      <Execution id="2cea1ef0-9b7a-438c-8592-9f2bf9ead4d9" />
      <TestMethod codeBase="/home/runner/work/aspnetcore/aspnetcore/artifacts/bin/Microsoft.AspNetCore.Components.Tests/Debug/net10.0/Microsoft.AspNetCore.Components.Tests.dll" adapterTypeName="executor://xunit/VsTestRunner3/netcore/" className="Microsoft.AspNetCore.Components.Routing.QueryParameterValueSupplierTest" name="RejectsBlankValuesWhenNotNullable" />
    </UnitTest>
    <UnitTest name="Microsoft.AspNetCore.Components.Test.CascadingParameterTest.NotifiesDescendantsOfUpdatedCascadingParameterValuesAndPreservesDirectParameters" storage="/home/runner/work/aspnetcore/aspnetcore/artifacts/bin/microsoft.aspnetcore.components.tests/debug/net10.0/microsoft.aspnetcore.components.tests.dll" id="e8183165-5cb2-a4bf-657e-2aae1c6d9ee8">
      <Execution id="fd0782dd-b92a-4cff-ab81-c657657597bc" />
      <TestMethod codeBase="/home/runner/work/aspnetcore/aspnetcore/artifacts/bin/Microsoft.AspNetCore.Components.Tests/Debug/net10.0/Microsoft.AspNetCore.Components.Tests.dll" adapterTypeName="executor://xunit/VsTestRunner3/netcore/" className="Microsoft.AspNetCore.Components.Test.CascadingParameterTest" name="NotifiesDescendantsOfUpdatedCascadingParameterValuesAndPreservesDirectParameters" />
    </UnitTest>
    <UnitTest name="Microsoft.AspNetCore.Components.Test.DependencyInjectionTest.ThrowsForInjectablePropertiesWithoutSetter" storage="/home/runner/work/aspnetcore/aspnetcore/artifacts/bin/microsoft.aspnetcore.components.tests/debug/net10.0/microsoft.aspnetcore.components.tests.dll" id="68b9dfec-41b7-a06d-054b-ba6568f69ed0">
      <Execution id="492d8a79-858e-49ac-8e59-24eb725509f8" />
      <TestMethod codeBase="/home/runner/work/aspnetcore/aspnetcore/artifacts/bin/Microsoft.AspNetCore.Components.Tests/Debug/net10.0/Microsoft.AspNetCore.Components.Tests.dll" adapterTypeName="executor://xunit/VsTestRunner3/netcore/" className="Microsoft.AspNetCore.Components.Test.DependencyInjectionTest" name="ThrowsForInjectablePropertiesWithoutSetter" />
    </UnitTest>
    <UnitTest name="Microsoft.AspNetCore.Components.BindConverterTest.FormatValue_TimeOnly" storage="/home/runner/work/aspnetcore/aspnetcore/artifacts/bin/microsoft.aspnetcore.components.tests/debug/net10.0/microsoft.aspnetcore.components.tests.dll" id="04fa04f7-67bf-5a53-fa58-49cf14b25b0a">
      <Execution id="ee6101be-c1ac-469b-a7ae-7b124634501e" />
      <TestMethod codeBase="/home/runner/work/aspnetcore/aspnetcore/artifacts/bin/Microsoft.AspNetCore.Components.Tests/Debug/net10.0/Microsoft.AspNetCore.Components.Tests.dll" adapterTypeName="executor://xunit/VsTestRunner3/netcore/" className="Microsoft.AspNetCore.Components.BindConverterTest" name="FormatValue_TimeOnly" />
    </UnitTest>
    <UnitTest name="Microsoft.AspNetCore.Components.Test.DependencyInjectionTest.SetsInheritedInjectableProperties" storage="/home/runner/work/aspnetcore/aspnetcore/artifacts/bin/microsoft.aspnetcore.components.tests/debug/net10.0/microsoft.aspnetcore.components.tests.dll" id="c4a71f90-a1b5-33db-47e1-d661fe488bfd">
      <Execution id="fa5bf46f-3f9e-4afd-961a-e436b8e20441" />
      <TestMethod codeBase="/home/runner/work/aspnetcore/aspnetcore/artifacts/bin/Microsoft.AspNetCore.Components.Tests/Debug/net10.0/Microsoft.AspNetCore.Components.Tests.dll" adapterTypeName="executor://xunit/VsTestRunner3/netcore/" className="Microsoft.AspNetCore.Components.Test.DependencyInjectionTest" name="SetsInheritedInjectableProperties" />
    </UnitTest>
    <UnitTest name="Microsoft.AspNetCore.Components.RenderTree.ArrayBuilderTest.AppendArray_LargerThanBuffer(size: 1023)" storage="/home/runner/work/aspnetcore/aspnetcore/artifacts/bin/microsoft.aspnetcore.components.tests/debug/net10.0/microsoft.aspnetcore.components.tests.dll" id="cee55200-ca43-f89d-d226-dc0dce2d369d">
      <Execution id="44d22585-fc17-433c-9cb1-2397a291eebf" />
      <TestMethod codeBase="/home/runner/work/aspnetcore/aspnetcore/artifacts/bin/Microsoft.AspNetCore.Components.Tests/Debug/net10.0/Microsoft.AspNetCore.Components.Tests.dll" adapterTypeName="executor://xunit/VsTestRunner3/netcore/" className="Microsoft.AspNetCore.Components.RenderTree.ArrayBuilderTest" name="AppendArray_LargerThanBuffer" />
    </UnitTest>
    <UnitTest name="Microsoft.AspNetCore.Components.Rendering.RenderTreeBuilderTest.AddAttribute_Component_StringValue_SetsAttributeValue(value: &quot;hi&quot;)" storage="/home/runner/work/aspnetcore/aspnetcore/artifacts/bin/microsoft.aspnetcore.components.tests/debug/net10.0/microsoft.aspnetcore.components.tests.dll" id="7cf87362-3724-9fb5-461e-4b2724c920ca">
      <Execution id="4e9b621a-22d6-4555-a6b2-2b8e1cf5ad68" />
      <TestMethod codeBase="/home/runner/work/aspnetcore/aspnetcore/artifacts/bin/Microsoft.AspNetCore.Components.Tests/Debug/net10.0/Microsoft.AspNetCore.Components.Tests.dll" adapterTypeName="executor://xunit/VsTestRunner3/netcore/" className="Microsoft.AspNetCore.Components.Rendering.RenderTreeBuilderTest" name="AddAttribute_Component_StringValue_SetsAttributeValue" />
    </UnitTest>
    <UnitTest name="Microsoft.AspNetCore.Components.EventCallbackFactoryBinderExtensionsTest.CreateBinder_NullableDateTime_Format" storage="/home/runner/work/aspnetcore/aspnetcore/artifacts/bin/microsoft.aspnetcore.components.tests/debug/net10.0/microsoft.aspnetcore.components.tests.dll" id="52c433ec-c6e9-b49a-7f64-e9d908c22a99">
      <Execution id="d9685d68-d514-40e4-a2cc-12862369395b" />
      <TestMethod codeBase="/home/runner/work/aspnetcore/aspnetcore/artifacts/bin/Microsoft.AspNetCore.Components.Tests/Debug/net10.0/Microsoft.AspNetCore.Components.Tests.dll" adapterTypeName="executor://xunit/VsTestRunner3/netcore/" className="Microsoft.AspNetCore.Components.EventCallbackFactoryBinderExtensionsTest" name="CreateBinder_NullableDateTime_Format" />
    </UnitTest>
  </TestDefinitions>
  <TestEntries>
    <TestEntry testId="c7260ebc-a696-37ef-e759-c0251b78d7a6" executionId="01b649ba-687d-44a8-9ced-303410a868b8" testListId="8c84fa94-04c1-424b-9868-57a2d4851a1d" />
    <TestEntry testId="f2be466a-9478-63ea-1859-e5408558f8cc" executionId="fbdf8602-ce9b-4ae7-924c-a42b7a297078" testListId="8c84fa94-04c1-424b-9868-57a2d4851a1d" />
    <TestEntry testId="d2bf099c-2df9-f520-c8db-64c87406737a" executionId="f7e2916f-14fa-42c2-98ef-d93098844e4a" testListId="8c84fa94-04c1-424b-9868-57a2d4851a1d" />
    <TestEntry testId="1080a8fb-c4f5-1740-e9b9-cd24db7a0bc9" executionId="2167efc5-4fa8-479d-8a72-eb49ffbd7f17" testListId="8c84fa94-04c1-424b-9868-57a2d4851a1d" />
    <TestEntry testId="a1a7aee5-e924-432d-2aee-ffbafa0cfc0d" executionId="16d1960a-f19c-469d-801c-450ec6721fb3" testListId="8c84fa94-04c1-424b-9868-57a2d4851a1d" />
    <TestEntry testId="e07c5cba-d6df-bd00-c179-205a1a08fcd7" executionId="4a190d4f-7b42-4b28-a142-f0013b828736" testListId="8c84fa94-04c1-424b-9868-57a2d4851a1d" />
    <TestEntry testId="cdb6966b-89e3-061a-b57d-77961a42fecd" executionId="4fed72b8-09fb-43f5-82ae-5d5d20598acc" testListId="8c84fa94-04c1-424b-9868-57a2d4851a1d" />
    <TestEntry testId="b388759f-a49d-99d5-8209-71e56f780616" executionId="f470d3fa-8ec5-472d-9704-bd76bf969078" testListId="8c84fa94-04c1-424b-9868-57a2d4851a1d" />
    <TestEntry testId="84aaef3e-848b-89c6-f120-0b3bbfa75f5f" executionId="b2b71325-1e95-4d46-8ee5-de66b5ef77bc" testListId="8c84fa94-04c1-424b-9868-57a2d4851a1d" />
    <TestEntry testId="3f3faa4d-9dcc-024e-97a0-c6f2335fff9a" executionId="388feb7d-ee02-4e0a-a9c0-fa7216772edb" testListId="8c84fa94-04c1-424b-9868-57a2d4851a1d" />
    <TestEntry testId="a43c6a7d-2b17-4359-3e27-294e9252f9fc" executionId="cc7243e5-a92f-475c-97cd-64363a7f6e9b" testListId="8c84fa94-04c1-424b-9868-57a2d4851a1d" />
    <TestEntry testId="cfe36dc5-f3f8-055b-4367-1b992d378f1b" executionId="b3aec3a5-ebe6-4eee-8622-877fc771076a" testListId="8c84fa94-04c1-424b-9868-57a2d4851a1d" />
    <TestEntry testId="c7260ebc-a696-37ef-e759-c0251b78d7a6" executionId="18652a47-08fb-4923-9287-b095e96c01b2" testListId="8c84fa94-04c1-424b-9868-57a2d4851a1d" />
    <TestEntry testId="94e2310c-c5a1-6396-6932-8758e6a50179" executionId="4cacf055-b962-45c6-b79c-e098d951023c" testListId="8c84fa94-04c1-424b-9868-57a2d4851a1d" />
    <TestEntry testId="d5fbed4c-984c-9727-4ce6-34c3d9e1c637" executionId="2f93ae6a-45ae-477b-8051-4a4b7735794a" testListId="8c84fa94-04c1-424b-9868-57a2d4851a1d" />
    <TestEntry testId="115722bf-16e6-a803-eb2d-de5e86639f73" executionId="9de5cb98-5b1e-44d8-8a3c-bc3a015ac5aa" testListId="8c84fa94-04c1-424b-9868-57a2d4851a1d" />
    <TestEntry testId="407cfb34-d04c-3a70-46c4-6a16e99cdd0d" executionId="630d75ad-ccc1-498f-9b55-2ae1e3b14646" testListId="8c84fa94-04c1-424b-9868-57a2d4851a1d" />
    <TestEntry testId="a2b02af3-abc2-e858-0213-a877daa90475" executionId="a86db82d-6e19-4401-8cc0-ae330ad8c750" testListId="8c84fa94-04c1-424b-9868-57a2d4851a1d" />
    <TestEntry testId="e5d4de92-500a-b270-2ca4-bf8b6c07fb09" executionId="ba48652c-82cc-4f5e-8204-257826ff4db3" testListId="8c84fa94-04c1-424b-9868-57a2d4851a1d" />
    <TestEntry testId="b086f1f6-864e-454e-bc1d-508c6a9d4e8e" executionId="ac443f94-0f28-47d4-8652-0766a0f91d81" testListId="8c84fa94-04c1-424b-9868-57a2d4851a1d" />
    <TestEntry testId="ef499aef-42f7-0728-6a9f-31627f63d83a" executionId="28dbc96d-66bc-4a25-8ac9-0dfdc99647ff" testListId="8c84fa94-04c1-424b-9868-57a2d4851a1d" />
    <TestEntry testId="126e9b27-9086-add0-76df-2e01519124fe" executionId="7a027aca-6262-4ddb-8638-8267da1f63ae" testListId="8c84fa94-04c1-424b-9868-57a2d4851a1d" />
    <TestEntry testId="c7186a22-56df-6679-bd7a-5e070fbd5941" executionId="141410c4-ffe0-4839-b792-d6db36dfcb95" testListId="8c84fa94-04c1-424b-9868-57a2d4851a1d" />
    <TestEntry testId="2cad99bf-06a6-ea62-b2e9-31b4cc727bdf" executionId="95144e61-8b11-47ad-9f78-7456ca25fe2a" testListId="8c84fa94-04c1-424b-9868-57a2d4851a1d" />
    <TestEntry testId="1080a8fb-c4f5-1740-e9b9-cd24db7a0bc9" executionId="b7b488f3-cb1e-44c0-8ca5-c0f5a9fb1f8a" testListId="8c84fa94-04c1-424b-9868-57a2d4851a1d" />
    <TestEntry testId="393e481b-158c-75bb-3e76-8ea5ce6b7bcb" executionId="0f7e0c45-0670-4e34-b1a2-d10738b120b3" testListId="8c84fa94-04c1-424b-9868-57a2d4851a1d" />
    <TestEntry testId="52c433ec-c6e9-b49a-7f64-e9d908c22a99" executionId="d9685d68-d514-40e4-a2cc-12862369395b" testListId="8c84fa94-04c1-424b-9868-57a2d4851a1d" />
    <TestEntry testId="9a7d5f40-4e7e-6a86-547c-7a257976cbd9" executionId="1a107199-0dbc-49cf-ae5d-79e728a02c3c" testListId="8c84fa94-04c1-424b-9868-57a2d4851a1d" />
    <TestEntry testId="6e668264-e363-e2af-c9e8-b013fdced82a" executionId="8eb51b3f-e526-4ee4-ab52-cc64019d5489" testListId="8c84fa94-04c1-424b-9868-57a2d4851a1d" />
    <TestEntry testId="f981ef23-60f4-612d-88c7-df81d7933025" executionId="3caedef4-e12d-4dfe-963e-9d0dfe7ca793" testListId="8c84fa94-04c1-424b-9868-57a2d4851a1d" />
    <TestEntry testId="7a5c5fca-2850-ba37-238f-51475a3a9734" executionId="b4557e98-276f-42bd-87b3-51a3fe201cab" testListId="8c84fa94-04c1-424b-9868-57a2d4851a1d" />
    <TestEntry testId="b7845604-90f4-4c19-c812-15897234630b" executionId="2527388f-ddf4-40f4-8279-0ca811b10a6b" testListId="8c84fa94-04c1-424b-9868-57a2d4851a1d" />
    <TestEntry testId="5dfd0924-30fb-e241-4081-0266b6f4c8ea" executionId="64d91a52-1550-4790-a787-bc44def7280b" testListId="8c84fa94-04c1-424b-9868-57a2d4851a1d" />
    <TestEntry testId="44fd4c01-fabe-78a1-bed7-931b9311ea1f" executionId="319839e6-d3a7-4dff-bae6-9385856b186b" testListId="8c84fa94-04c1-424b-9868-57a2d4851a1d" />
    <TestEntry testId="3949041a-d779-e1c3-707b-e4975ba46750" executionId="ee6033cc-6c6b-43aa-906c-dc0635e5ba93" testListId="8c84fa94-04c1-424b-9868-57a2d4851a1d" />
    <TestEntry testId="b0dcd56d-f1d6-d2ef-63cf-8ece759737e8" executionId="687e7328-4981-4f38-aa51-89de03b1c51d" testListId="8c84fa94-04c1-424b-9868-57a2d4851a1d" />
    <TestEntry testId="f57a68b8-550e-d06e-a08f-f698f6b7b611" executionId="ca65abd5-176e-4d6b-863e-395207ba2bc4" testListId="8c84fa94-04c1-424b-9868-57a2d4851a1d" />
    <TestEntry testId="19efe6e3-4aba-c760-3a5a-97341f8a1c8d" executionId="161ddb66-6e2f-40a4-a4e5-b71660f0fadb" testListId="8c84fa94-04c1-424b-9868-57a2d4851a1d" />
    <TestEntry testId="c464e156-ff9d-7b3c-a4bb-1d352844fd8b" executionId="1eaa99b8-4a1a-4242-9438-ce75296b63f7" testListId="8c84fa94-04c1-424b-9868-57a2d4851a1d" />
    <TestEntry testId="e56e0359-2305-d945-ce6d-0ae846957140" executionId="5040da97-f78f-4d27-8e87-a878c8b83ed8" testListId="8c84fa94-04c1-424b-9868-57a2d4851a1d" />
    <TestEntry testId="c1fdeac6-c0ce-41c9-b650-4ce7e72544da" executionId="b0301e53-a174-47e6-9b10-96413c42555f" testListId="8c84fa94-04c1-424b-9868-57a2d4851a1d" />
    <TestEntry testId="16a3a029-2253-a7fb-b931-957fa142a5f8" executionId="31c981b9-80be-4763-9956-219805278bdb" testListId="8c84fa94-04c1-424b-9868-57a2d4851a1d" />
    <TestEntry testId="0a7cf376-32f4-f2f3-2805-ce0ea3a902d5" executionId="d74ee279-0d3b-4543-a978-6b34d10e9102" testListId="8c84fa94-04c1-424b-9868-57a2d4851a1d" />
    <TestEntry testId="a1966e14-6367-baf1-7df0-add3f329d6ee" executionId="ba05495d-2a9b-48b5-b66d-0333f0e9b133" testListId="8c84fa94-04c1-424b-9868-57a2d4851a1d" />
    <TestEntry testId="493eac30-9a2e-c0a5-b279-4d707c07c29c" executionId="229255b5-e491-4efe-8046-c3ef77815804" testListId="8c84fa94-04c1-424b-9868-57a2d4851a1d" />
    <TestEntry testId="a9698f6c-27a8-f8bf-21ae-915a84a6589e" executionId="b058f0e8-0b2e-44e4-b7fb-220044f6c36a" testListId="8c84fa94-04c1-424b-9868-57a2d4851a1d" />
    <TestEntry testId="04fa04f7-67bf-5a53-fa58-49cf14b25b0a" executionId="ee6101be-c1ac-469b-a7ae-7b124634501e" testListId="8c84fa94-04c1-424b-9868-57a2d4851a1d" />
    <TestEntry testId="042e4b06-e811-fabf-dcfa-e5dde6ab6f37" executionId="e64bc298-8092-4826-b8c4-b0ab80cf8d5c" testListId="8c84fa94-04c1-424b-9868-57a2d4851a1d" />
    <TestEntry testId="536aaee6-86fe-69b6-7612-60a8fd8ec277" executionId="5ad9eb76-3f8b-49c1-84c9-c3971c3fe3fc" testListId="8c84fa94-04c1-424b-9868-57a2d4851a1d" />
    <TestEntry testId="84668c7d-98a4-7570-225d-d17038a1f1cc" executionId="bba24749-61aa-49e1-9e57-4655b12d2fd1" testListId="8c84fa94-04c1-424b-9868-57a2d4851a1d" />
    <TestEntry testId="1ce90b87-815c-8390-5886-b9f392f35378" executionId="5e970d45-ae31-49bb-8b41-9a31275c326a" testListId="8c84fa94-04c1-424b-9868-57a2d4851a1d" />
    <TestEntry testId="857ea273-55fb-35b8-c39d-7ec2d5a3ddd8" executionId="fc7b8c98-f2c6-41f1-8941-034cef918a55" testListId="8c84fa94-04c1-424b-9868-57a2d4851a1d" />
    <TestEntry testId="ea740c46-55ff-040b-d2aa-c02d600745bd" executionId="dd95a128-2962-4f90-ba5a-543ef91d5774" testListId="8c84fa94-04c1-424b-9868-57a2d4851a1d" />
    <TestEntry testId="4ed83c5c-4dd0-01ce-78f5-bebf1374b931" executionId="6811d11f-1e08-417c-b4d2-fbf7b83d9644" testListId="8c84fa94-04c1-424b-9868-57a2d4851a1d" />
    <TestEntry testId="11624a09-d6d0-82b9-3c5b-4336e9420aed" executionId="5b9242c7-7e37-415f-a37d-4b08dca23a86" testListId="8c84fa94-04c1-424b-9868-57a2d4851a1d" />
    <TestEntry testId="204ec68e-f4d9-ea5a-48a6-fd1ffb82ba4a" executionId="ea29f80c-c901-4234-a96d-67c2d33a90d8" testListId="8c84fa94-04c1-424b-9868-57a2d4851a1d" />
    <TestEntry testId="26f706b2-b0e6-bc2b-a670-abcd95d20de6" executionId="151fe50d-a541-41a4-baa5-87154211d79b" testListId="8c84fa94-04c1-424b-9868-57a2d4851a1d" />
    <TestEntry testId="2ad9c2a2-ff47-f9ea-aefc-784a106907f1" executionId="40618ec5-a3b3-4d27-8628-265dc2b06b13" testListId="8c84fa94-04c1-424b-9868-57a2d4851a1d" />
    <TestEntry testId="1f54398c-5f12-90e2-7cb6-f40a4a03dee3" executionId="362d1f05-e17e-4708-ad1e-05d111d4082a" testListId="8c84fa94-04c1-424b-9868-57a2d4851a1d" />
    <TestEntry testId="a69b75f0-b266-97b1-d1d6-739d52dc643a" executionId="d0f3e7d7-d4b3-41cd-b7ee-7c175667a329" testListId="8c84fa94-04c1-424b-9868-57a2d4851a1d" />
    <TestEntry testId="e9450c59-b118-fb16-4680-827acfe5a390" executionId="6db881ab-1a05-490c-90eb-23a742a11472" testListId="8c84fa94-04c1-424b-9868-57a2d4851a1d" />
    <TestEntry testId="31b0bba9-afe2-39d5-f6be-7a3d9635195e" executionId="5c2ecc28-2059-452b-b3fd-9f389a6000b4" testListId="8c84fa94-04c1-424b-9868-57a2d4851a1d" />
    <TestEntry testId="5eed8b2d-86c7-2bab-76f3-81386fb29154" executionId="e97876c6-2471-427e-85b0-99cb30993fd1" testListId="8c84fa94-04c1-424b-9868-57a2d4851a1d" />
    <TestEntry testId="e3421d6f-c005-7ae0-7267-75090d5d450a" executionId="17a097bf-c7a9-44f7-8922-1387106ebfd7" testListId="8c84fa94-04c1-424b-9868-57a2d4851a1d" />
    <TestEntry testId="69de5064-9530-8522-5aca-3f925924187c" executionId="121eff36-0988-449f-bd30-402579253038" testListId="8c84fa94-04c1-424b-9868-57a2d4851a1d" />
    <TestEntry testId="e678fbaa-7323-aa6f-5bb0-13e375e0cb85" executionId="4f993b3d-5ab7-4d5c-bf1d-9a589d21b091" testListId="8c84fa94-04c1-424b-9868-57a2d4851a1d" />
    <TestEntry testId="bcb7791d-8e14-f6cb-e4f9-38b151f93373" executionId="f59345f3-c594-4e48-bcbe-c710b806f33a" testListId="8c84fa94-04c1-424b-9868-57a2d4851a1d" />
    <TestEntry testId="f480a864-40bc-ce21-db2b-46e6d9e6c305" executionId="d44f8355-4566-4818-9489-632deeccdbfb" testListId="8c84fa94-04c1-424b-9868-57a2d4851a1d" />
    <TestEntry testId="1b941564-9443-a0d0-72fe-46969b83763a" executionId="fe496eaf-0536-42dd-b534-f91a7625af67" testListId="8c84fa94-04c1-424b-9868-57a2d4851a1d" />
    <TestEntry testId="a9f7def6-0d13-f066-9e7a-f4a1eb9afe32" executionId="68d6d19c-a754-407a-ba84-1e1eb63d3bc7" testListId="8c84fa94-04c1-424b-9868-57a2d4851a1d" />
    <TestEntry testId="c0ea6c78-235b-2eb3-3fcc-01a2d57402d0" executionId="b0b9f053-cf5b-42fe-8244-a6a53e05c33f" testListId="8c84fa94-04c1-424b-9868-57a2d4851a1d" />
    <TestEntry testId="2a7a5144-ae6a-53c0-7d6e-36d0260f6539" executionId="96690d15-dba2-46e8-98df-7b1ff27d69a4" testListId="8c84fa94-04c1-424b-9868-57a2d4851a1d" />
    <TestEntry testId="5a8268a4-4752-8999-8cbb-fa75a5459e1c" executionId="b98ea774-e6ea-4885-988a-27508214350a" testListId="8c84fa94-04c1-424b-9868-57a2d4851a1d" />
    <TestEntry testId="5c5c39e8-4d1e-8571-9c73-7c5a4e8cc8b9" executionId="507116df-6ee4-4f19-9dca-20343b093d91" testListId="8c84fa94-04c1-424b-9868-57a2d4851a1d" />
    <TestEntry testId="bdd242b8-9361-9f1d-34eb-3d7ce4ce4af5" executionId="3bb65fbd-182d-4107-a951-fe2f064b90a2" testListId="8c84fa94-04c1-424b-9868-57a2d4851a1d" />
    <TestEntry testId="443efaaf-b912-1dec-a0c1-59798b813375" executionId="fe1ffe88-cf61-452a-835f-c139d178b089" testListId="8c84fa94-04c1-424b-9868-57a2d4851a1d" />
    <TestEntry testId="09bc19cc-a6c7-1d3e-9533-163f4c777c4e" executionId="242a0cc3-de6d-4621-9f73-c01a46964543" testListId="8c84fa94-04c1-424b-9868-57a2d4851a1d" />
    <TestEntry testId="68e1cb8f-726e-8055-f025-3bc54f1b35e6" executionId="0908cf6b-34c8-4eac-873a-a417ca129213" testListId="8c84fa94-04c1-424b-9868-57a2d4851a1d" />
    <TestEntry testId="2eb88ddd-f558-856d-3cfd-ca331da0eb4f" executionId="2cea1ef0-9b7a-438c-8592-9f2bf9ead4d9" testListId="8c84fa94-04c1-424b-9868-57a2d4851a1d" />
    <TestEntry testId="daf2b54e-d30b-d6e1-7014-f6cdfd81b7b0" executionId="0f2a2eeb-76fe-4aa6-96f9-71a64b4be28e" testListId="8c84fa94-04c1-424b-9868-57a2d4851a1d" />
    <TestEntry testId="a7f9f6b1-d415-3e22-23b3-e762fc255390" executionId="29a543c7-4fe5-4c16-b53c-6e6b2c68f228" testListId="8c84fa94-04c1-424b-9868-57a2d4851a1d" />
    <TestEntry testId="e3184b48-eb0e-2245-afd4-a8e08abf3d07" executionId="33b5862f-ebe0-4c33-b733-b06004896c39" testListId="8c84fa94-04c1-424b-9868-57a2d4851a1d" />
    <TestEntry testId="9ac88fac-570d-d8ee-d408-62790ae958c8" executionId="a2cfd37c-2855-4292-bdc7-0a51919a564b" testListId="8c84fa94-04c1-424b-9868-57a2d4851a1d" />
    <TestEntry testId="f02dc63b-ead9-3c5e-d37a-8d294dbfd3e9" executionId="d4c63fb3-c815-416d-a138-24848461df1e" testListId="8c84fa94-04c1-424b-9868-57a2d4851a1d" />
    <TestEntry testId="9c40fd8b-8ed6-80e2-e886-3cdff6a03bcc" executionId="18d5b069-5894-40a9-a511-4e1e5c82d9db" testListId="8c84fa94-04c1-424b-9868-57a2d4851a1d" />
    <TestEntry testId="4b2f3ef2-7fb2-5a93-2514-233028be4ddc" executionId="ea49d164-592b-4dfc-9a32-7a2a643e8254" testListId="8c84fa94-04c1-424b-9868-57a2d4851a1d" />
    <TestEntry testId="b9d0b4e5-54e6-b0eb-1dc1-b2b36b844cca" executionId="4374ba7f-5235-400b-8ccd-988496613d81" testListId="8c84fa94-04c1-424b-9868-57a2d4851a1d" />
    <TestEntry testId="313388aa-300e-4ea4-2b25-efd63fb97fae" executionId="12597995-d68d-4bbe-90e9-f69b7e8b7dc9" testListId="8c84fa94-04c1-424b-9868-57a2d4851a1d" />
    <TestEntry testId="c04fd714-3415-3208-f83e-aceca130e046" executionId="5eb2499d-20ad-4027-8553-0949c4cfb0ad" testListId="8c84fa94-04c1-424b-9868-57a2d4851a1d" />
    <TestEntry testId="b2b7cb61-79b5-ddd6-9ba1-bac08263a28d" executionId="0f5d2197-3fb1-4944-9cc9-d6c01a7b7abe" testListId="8c84fa94-04c1-424b-9868-57a2d4851a1d" />
    <TestEntry testId="4b1d891e-638c-5bdc-ffb0-c1810b2c53c7" executionId="860bd6f6-2216-448f-a6cc-ed72f979bad8" testListId="8c84fa94-04c1-424b-9868-57a2d4851a1d" />
    <TestEntry testId="f0751a27-d37c-06b5-8da7-d8f602dae3ef" executionId="baf683fd-3673-4744-a8c8-90a8eb012156" testListId="8c84fa94-04c1-424b-9868-57a2d4851a1d" />
    <TestEntry testId="da782e47-b50d-c480-06e3-643ac620ad7c" executionId="1068fd45-a097-41bc-ac01-adb791afc30f" testListId="8c84fa94-04c1-424b-9868-57a2d4851a1d" />
    <TestEntry testId="fcf32113-654e-0170-12a1-0fed2884a686" executionId="6329f56b-1e47-476f-8e74-0a537d9364af" testListId="8c84fa94-04c1-424b-9868-57a2d4851a1d" />
    <TestEntry testId="172844d2-54fa-b2e2-2ae4-a49bd6ecd4f7" executionId="6dcbda34-3e27-4abb-a72f-4b542b87fedb" testListId="8c84fa94-04c1-424b-9868-57a2d4851a1d" />
    <TestEntry testId="d3f0edac-7bec-8d13-6a13-d93b3ab4f6c1" executionId="ee37d236-57f0-4322-8651-9a28c6d7e7a8" testListId="8c84fa94-04c1-424b-9868-57a2d4851a1d" />
    <TestEntry testId="cf4f6490-f2bf-763e-2790-78b013980152" executionId="8fc696a0-9b5a-466b-bd7f-dc4502b0ea37" testListId="8c84fa94-04c1-424b-9868-57a2d4851a1d" />
    <TestEntry testId="2e10f293-2d1b-d96d-5956-1f1b02add547" executionId="716e19a9-9c5a-420a-b038-48adbe70ae1c" testListId="8c84fa94-04c1-424b-9868-57a2d4851a1d" />
    <TestEntry testId="a3818f0a-ee32-0fd4-3965-1c946a2f4bbe" executionId="87e48604-4e1f-42c8-b355-ec416b65227e" testListId="8c84fa94-04c1-424b-9868-57a2d4851a1d" />
    <TestEntry testId="ff61cd54-4209-a5c2-bf2c-efe14c9d2d6f" executionId="7bfb76c2-4585-4d0d-ab7a-bc3465f79078" testListId="8c84fa94-04c1-424b-9868-57a2d4851a1d" />
    <TestEntry testId="023fc0a7-e204-6a99-5a90-0a5c19894c6e" executionId="169db9b8-8c41-4622-bc9b-6d8756396ae3" testListId="8c84fa94-04c1-424b-9868-57a2d4851a1d" />
    <TestEntry testId="e50fc764-e8ce-3541-33fd-735f1c8b313f" executionId="0561aa1f-f085-4f53-bed3-a0b1d4f9fae2" testListId="8c84fa94-04c1-424b-9868-57a2d4851a1d" />
    <TestEntry testId="a8a5bee3-2e70-6feb-a0c7-be8576864121" executionId="21686250-690c-4f5d-a520-1d7ccbc364ea" testListId="8c84fa94-04c1-424b-9868-57a2d4851a1d" />
    <TestEntry testId="7cdb2c21-ed56-fbbf-76e7-6ed40e8c13f8" executionId="41b3bf48-e3ae-4eb4-be62-66a1bcdfc1ea" testListId="8c84fa94-04c1-424b-9868-57a2d4851a1d" />
    <TestEntry testId="0688cbfa-a80c-2fdc-03e4-77c4b3859f8b" executionId="dc4f10a9-3cf9-472e-ad65-42efad3049fd" testListId="8c84fa94-04c1-424b-9868-57a2d4851a1d" />
    <TestEntry testId="006b894d-7068-832e-cacb-752c42f3ccb1" executionId="3c74953c-1441-4c52-ae07-8975dd03a32e" testListId="8c84fa94-04c1-424b-9868-57a2d4851a1d" />
    <TestEntry testId="c89a7e78-1147-1717-297d-9655fffafaba" executionId="10fc715d-2ac6-4559-9c74-6c2fe78f827a" testListId="8c84fa94-04c1-424b-9868-57a2d4851a1d" />
    <TestEntry testId="5edf6e6b-eb50-12f8-2e02-5d9b1d4c44ee" executionId="edc7d9b5-e594-4f3c-87ff-cd6be58b1230" testListId="8c84fa94-04c1-424b-9868-57a2d4851a1d" />
    <TestEntry testId="95356e9f-5dcc-f82a-6d96-8b423aa75afd" executionId="cdceda36-996b-405d-b3c4-a92dd827bbd9" testListId="8c84fa94-04c1-424b-9868-57a2d4851a1d" />
    <TestEntry testId="78f88ff1-724e-29cc-05ae-f2636c45d0b3" executionId="8c033ded-2d4f-4ecb-957d-fe865335ac50" testListId="8c84fa94-04c1-424b-9868-57a2d4851a1d" />
    <TestEntry testId="ad6b6ed2-be61-6eba-3ee9-cc5d8ec2fc87" executionId="6f3fc155-2095-4f34-be10-bf3afd735991" testListId="8c84fa94-04c1-424b-9868-57a2d4851a1d" />
    <TestEntry testId="dd2288d4-43b0-da99-ab1e-b93a67cfd46f" executionId="a648d951-431b-4965-a055-e9e4dfa7f911" testListId="8c84fa94-04c1-424b-9868-57a2d4851a1d" />
    <TestEntry testId="0d93b3c7-2720-e406-00c5-c086e5dbbaf8" executionId="375d82d5-ff9a-4ee5-81c5-eaeae1c9ff94" testListId="8c84fa94-04c1-424b-9868-57a2d4851a1d" />
    <TestEntry testId="0e54a547-8d2e-09f6-45c2-dbf373b8c068" executionId="17665f74-0d8e-483f-8f6e-5813fe1b09b3" testListId="8c84fa94-04c1-424b-9868-57a2d4851a1d" />
    <TestEntry testId="28dc8c8a-f9de-52d7-a050-534d0f33f030" executionId="ba83d42b-6255-41d1-8d15-f106d9d070fe" testListId="8c84fa94-04c1-424b-9868-57a2d4851a1d" />
    <TestEntry testId="cab36b7c-b328-097a-c693-a86f3c6a8b20" executionId="33ba82d0-915c-4e61-b71f-b28fe1d95a3a" testListId="8c84fa94-04c1-424b-9868-57a2d4851a1d" />
    <TestEntry testId="221a9f87-b670-a768-d998-0091c0594c81" executionId="7ebb831e-7a23-46d4-b52d-7184984c1b1a" testListId="8c84fa94-04c1-424b-9868-57a2d4851a1d" />
    <TestEntry testId="d46e0468-1201-0469-5c1b-100cd08bac8c" executionId="ed1d7192-9f24-4fa2-a39d-67dc9edea2bb" testListId="8c84fa94-04c1-424b-9868-57a2d4851a1d" />
    <TestEntry testId="85ddaa4f-3f69-91f1-7a58-f25401165b7d" executionId="5c19cbc4-b686-4974-b733-d00b09b49e76" testListId="8c84fa94-04c1-424b-9868-57a2d4851a1d" />
    <TestEntry testId="ab7b0608-358d-cb13-c578-93b2655562a7" executionId="37a7c32d-8ff5-43e9-9d4b-d655b419f1a6" testListId="8c84fa94-04c1-424b-9868-57a2d4851a1d" />
    <TestEntry testId="f1b60189-ccc9-b1e7-ab08-7356b894ec44" executionId="1f60d5a8-1d3a-4eab-a72d-bb08fd0b6727" testListId="8c84fa94-04c1-424b-9868-57a2d4851a1d" />
    <TestEntry testId="97c8ceb2-b49a-96d7-160c-1cda13537619" executionId="7ba27f68-150d-4b4b-8746-14a9b7a2cfa7" testListId="8c84fa94-04c1-424b-9868-57a2d4851a1d" />
    <TestEntry testId="691c279d-31ce-a913-a582-b67e5b670a03" executionId="7f9d8712-fe16-4e20-9702-7adcd4a68c8a" testListId="8c84fa94-04c1-424b-9868-57a2d4851a1d" />
    <TestEntry testId="4586b572-c1be-31af-92a2-3c11f0c75a90" executionId="a340cbc0-be55-46e4-aec7-aaf8d7002657" testListId="8c84fa94-04c1-424b-9868-57a2d4851a1d" />
    <TestEntry testId="000d2ffe-c28c-3f02-8a16-d76f8824c706" executionId="81040ec5-1d8b-4385-8f1e-88b7745a7e0d" testListId="8c84fa94-04c1-424b-9868-57a2d4851a1d" />
    <TestEntry testId="3b6631f8-8bd0-ec75-5602-eb1173cdb6a6" executionId="c7f159f7-a4e4-46e8-aed4-5b56ad8ebc56" testListId="8c84fa94-04c1-424b-9868-57a2d4851a1d" />
    <TestEntry testId="44952ada-cc58-51d3-c651-3f4752ba8f48" executionId="a48d0c69-ac56-4c7c-b355-6f816b9219cd" testListId="8c84fa94-04c1-424b-9868-57a2d4851a1d" />
    <TestEntry testId="68170cb8-230b-d544-40ee-1225986855a7" executionId="48138a07-e080-49d0-9298-f864760002af" testListId="8c84fa94-04c1-424b-9868-57a2d4851a1d" />
    <TestEntry testId="f549d320-befd-652a-311b-9ab7f554e2b5" executionId="fb4c4320-5357-43af-b7cf-d8b6210a92ee" testListId="8c84fa94-04c1-424b-9868-57a2d4851a1d" />
    <TestEntry testId="cd2125a8-dd28-e8ad-cef1-fab6282540fa" executionId="75dcb2c4-cf72-456b-8c84-b07839ff8c24" testListId="8c84fa94-04c1-424b-9868-57a2d4851a1d" />
    <TestEntry testId="72123054-14a1-e3c5-e878-65c6f5c8e047" executionId="da84f6f8-063c-487a-8245-a76c7ca6efb1" testListId="8c84fa94-04c1-424b-9868-57a2d4851a1d" />
    <TestEntry testId="014275d6-c2f3-5fcd-dd48-1fcd8dc4d9e0" executionId="10d8fb21-0a76-4088-8bc5-667e68beb132" testListId="8c84fa94-04c1-424b-9868-57a2d4851a1d" />
    <TestEntry testId="7152a2cf-6cba-3e79-17bd-cee74002931a" executionId="17440d20-6576-465b-af36-b2b3bda2911f" testListId="8c84fa94-04c1-424b-9868-57a2d4851a1d" />
    <TestEntry testId="a4d0914a-fd2b-c5b4-8fe4-d39393b75899" executionId="b29a9209-c921-4453-9b53-9ea2b3b78c01" testListId="8c84fa94-04c1-424b-9868-57a2d4851a1d" />
    <TestEntry testId="3fc6f3b9-3cfb-3631-1d07-b2f8af01e39e" executionId="a35bb9c6-217d-4cf2-8409-72fc24676534" testListId="8c84fa94-04c1-424b-9868-57a2d4851a1d" />
    <TestEntry testId="18ab6519-8e78-4ae0-2836-31bcbe5e86b8" executionId="068fb721-a68b-4028-b5e0-d7c9f2f70efb" testListId="8c84fa94-04c1-424b-9868-57a2d4851a1d" />
    <TestEntry testId="3d921b53-9756-73d5-54e4-d6b7dff875d5" executionId="415f11d2-c337-4cae-b7c1-d3fe500fa644" testListId="8c84fa94-04c1-424b-9868-57a2d4851a1d" />
    <TestEntry testId="c2186276-e9c1-54a2-1d03-21beb3a481da" executionId="b69f4df9-49cf-47a3-8f9b-c5ee5758989c" testListId="8c84fa94-04c1-424b-9868-57a2d4851a1d" />
    <TestEntry testId="70b68c71-c725-c145-d0bc-b23c5ed740fe" executionId="19a224aa-e703-4a55-98f8-7db9daade979" testListId="8c84fa94-04c1-424b-9868-57a2d4851a1d" />
    <TestEntry testId="c61c6866-8332-5392-7f67-bf35fe3054b9" executionId="1e8fa278-1506-44a1-8e9d-60c3ca78f66e" testListId="8c84fa94-04c1-424b-9868-57a2d4851a1d" />
    <TestEntry testId="8ca6541e-14e1-938e-2c32-f43036649250" executionId="e2215768-43d9-4817-b3df-45ba4fbd30da" testListId="8c84fa94-04c1-424b-9868-57a2d4851a1d" />
    <TestEntry testId="2607e7d1-ec1e-fa7a-6ed7-51f12749f64c" executionId="d44f1771-5317-40c2-a828-9f5761957f87" testListId="8c84fa94-04c1-424b-9868-57a2d4851a1d" />
    <TestEntry testId="256ec8ee-676d-65e9-5648-6e3012d32600" executionId="9ef01815-d1db-4921-abcd-5277087b07da" testListId="8c84fa94-04c1-424b-9868-57a2d4851a1d" />
    <TestEntry testId="e0223052-f40e-90bb-44ff-bfaca7443ea2" executionId="044795db-79d1-4420-bb36-c4b05c7ac66e" testListId="8c84fa94-04c1-424b-9868-57a2d4851a1d" />
    <TestEntry testId="66907170-3c34-6824-84fb-9a66563b2b94" executionId="6131e5e6-9d9d-446b-b06f-08c8f812ccc6" testListId="8c84fa94-04c1-424b-9868-57a2d4851a1d" />
    <TestEntry testId="b3592a3a-da3c-9af8-ea55-3f9f51b527c1" executionId="f115a6f1-3bd5-4440-875a-0d15ddebf681" testListId="8c84fa94-04c1-424b-9868-57a2d4851a1d" />
    <TestEntry testId="1d4e397c-0d5e-ade4-d66a-803a9176eb51" executionId="f861ac6f-0e50-49fb-bc17-e5ec067bfbd8" testListId="8c84fa94-04c1-424b-9868-57a2d4851a1d" />
    <TestEntry testId="d117847d-2ca9-7205-ef26-894d049eebf6" executionId="35707474-91fd-487c-8c4e-db440b48b4c3" testListId="8c84fa94-04c1-424b-9868-57a2d4851a1d" />
    <TestEntry testId="f3ddd03e-1411-577c-cba1-497543af4d7a" executionId="e48ca167-ae2a-4741-906e-f2595ff575f1" testListId="8c84fa94-04c1-424b-9868-57a2d4851a1d" />
    <TestEntry testId="a98bdf50-2987-d95f-4709-405ea1af586c" executionId="84c7d944-bc3a-4bcf-98f4-2673911310f6" testListId="8c84fa94-04c1-424b-9868-57a2d4851a1d" />
    <TestEntry testId="de82b09f-cead-b05e-4518-4fa1ae50fe71" executionId="94816b45-d1e7-476b-8d22-ad2763cca2d3" testListId="8c84fa94-04c1-424b-9868-57a2d4851a1d" />
    <TestEntry testId="782226bb-6266-7780-352b-d5ba57f9bb79" executionId="120fc6b8-a28e-4576-aa08-e42dc6121c2b" testListId="8c84fa94-04c1-424b-9868-57a2d4851a1d" />
    <TestEntry testId="a709b858-1241-aff8-5339-04e048214dd5" executionId="fad09097-dff2-4cfe-9caf-553ebc12cc03" testListId="8c84fa94-04c1-424b-9868-57a2d4851a1d" />
    <TestEntry testId="c817fb59-16a0-5c16-2dac-873ea13914d3" executionId="3b5804c0-c780-435f-9100-f29e2e5d991b" testListId="8c84fa94-04c1-424b-9868-57a2d4851a1d" />
    <TestEntry testId="1e403474-a2fe-4fa9-22f4-0ab4289adc79" executionId="621db72d-b33a-4cc4-83f8-7c471ce3559a" testListId="8c84fa94-04c1-424b-9868-57a2d4851a1d" />
    <TestEntry testId="7cf87362-3724-9fb5-461e-4b2724c920ca" executionId="4e9b621a-22d6-4555-a6b2-2b8e1cf5ad68" testListId="8c84fa94-04c1-424b-9868-57a2d4851a1d" />
    <TestEntry testId="0298b022-55a4-94ab-fa1b-f509bc9dd554" executionId="059e8630-b08b-445f-a9df-0cc34ef3bae9" testListId="8c84fa94-04c1-424b-9868-57a2d4851a1d" />
    <TestEntry testId="ac410a5f-7cda-131f-44ee-18d781928622" executionId="83ab1d22-61cf-46d9-be92-8131895788d6" testListId="8c84fa94-04c1-424b-9868-57a2d4851a1d" />
    <TestEntry testId="048ee76e-4526-84d4-4b45-a3f7292105d4" executionId="c6a138be-aeab-4c2a-bccf-449ac4d476fe" testListId="8c84fa94-04c1-424b-9868-57a2d4851a1d" />
    <TestEntry testId="6640de24-c7cd-1f9c-87b5-7b50cb6cffe8" executionId="f358f4ce-ecde-4644-bd4d-691cf72cd0f6" testListId="8c84fa94-04c1-424b-9868-57a2d4851a1d" />
    <TestEntry testId="b5db854b-1b0c-04e8-29d5-c4f5370952c6" executionId="26b5ce60-c177-4c33-971d-6f5abaeed944" testListId="8c84fa94-04c1-424b-9868-57a2d4851a1d" />
    <TestEntry testId="4279c44e-c272-4a8a-acd8-3f166f075cc8" executionId="b7a67857-1e84-4c7d-8a11-a2331b0c6a81" testListId="8c84fa94-04c1-424b-9868-57a2d4851a1d" />
    <TestEntry testId="c64a07fc-3501-ed10-ae92-cc0de02708b5" executionId="8f8aed5f-9c62-4526-93ea-b9caae7bcadd" testListId="8c84fa94-04c1-424b-9868-57a2d4851a1d" />
    <TestEntry testId="658b1943-844d-e105-68ef-805617447f21" executionId="c6cff4fb-f2b9-419a-be6e-72938a9a49fb" testListId="8c84fa94-04c1-424b-9868-57a2d4851a1d" />
    <TestEntry testId="b88c0c34-4ca2-6d36-f115-0a0e4f142984" executionId="d71bb3db-9f34-4996-94bf-2da4fd335d54" testListId="8c84fa94-04c1-424b-9868-57a2d4851a1d" />
    <TestEntry testId="9a0df7ab-2eac-e0f0-703a-55195e1442f8" executionId="e5c182a4-a107-49e7-a7b2-f02cef7d207c" testListId="8c84fa94-04c1-424b-9868-57a2d4851a1d" />
    <TestEntry testId="6da18163-322a-a311-a61e-335ac02db98a" executionId="2931b4bb-24d1-4901-9348-2724a6222185" testListId="8c84fa94-04c1-424b-9868-57a2d4851a1d" />
    <TestEntry testId="233e7dcd-9005-7636-7039-3596dad32fc3" executionId="d5711624-2488-4bbb-8254-65537e625c1b" testListId="8c84fa94-04c1-424b-9868-57a2d4851a1d" />
    <TestEntry testId="543520d4-f7dd-b167-e245-b9bf6e804b67" executionId="15d86e93-6aeb-4f6b-a7a9-d4146ef1b7bb" testListId="8c84fa94-04c1-424b-9868-57a2d4851a1d" />
    <TestEntry testId="9d08ca09-20b1-1ef3-6b6d-276b2ca56f66" executionId="a8422263-592a-49af-b363-263ff31787dc" testListId="8c84fa94-04c1-424b-9868-57a2d4851a1d" />
    <TestEntry testId="3b8c1ae0-931c-1394-7fe4-6b32a66aa0d2" executionId="8a26aa5f-3a15-4da5-a4de-200d0c62c13e" testListId="8c84fa94-04c1-424b-9868-57a2d4851a1d" />
    <TestEntry testId="4104636b-2a4c-5c40-8626-be7e671ed5c4" executionId="1af9040e-8da8-4efd-9a5d-3cf3b0c02473" testListId="8c84fa94-04c1-424b-9868-57a2d4851a1d" />
    <TestEntry testId="19016da1-e936-f011-fdef-37ec13a95a33" executionId="9615ba03-9a70-4caa-b710-ca1fbfba86d4" testListId="8c84fa94-04c1-424b-9868-57a2d4851a1d" />
    <TestEntry testId="1080a8fb-c4f5-1740-e9b9-cd24db7a0bc9" executionId="0d9244c7-bb1f-4ac2-9d4d-2443003fae7a" testListId="8c84fa94-04c1-424b-9868-57a2d4851a1d" />
    <TestEntry testId="39a23e01-ef3e-5aed-b416-4f5e71ddf4c5" executionId="41526c3d-668e-4cc5-bb16-70e64302c524" testListId="8c84fa94-04c1-424b-9868-57a2d4851a1d" />
    <TestEntry testId="45bfcba3-622d-bcdc-761e-f0bfa66d2fdb" executionId="1acf92a1-cfbb-4fb6-bb14-9798f1d93b16" testListId="8c84fa94-04c1-424b-9868-57a2d4851a1d" />
    <TestEntry testId="dd2e5684-c705-e9a6-3ec2-10a48716f86a" executionId="726dd715-b185-488d-b5c1-c020c0e390e5" testListId="8c84fa94-04c1-424b-9868-57a2d4851a1d" />
    <TestEntry testId="25c245ec-000c-b8b0-753a-0d4f262033b6" executionId="b8f36eef-c27b-438d-b45f-3c3c36e2154a" testListId="8c84fa94-04c1-424b-9868-57a2d4851a1d" />
    <TestEntry testId="493e214b-5ba1-0616-a351-0dbac3dcd27c" executionId="c3c7a10d-01f6-4d46-b110-5b1643096259" testListId="8c84fa94-04c1-424b-9868-57a2d4851a1d" />
    <TestEntry testId="6af6673e-8981-5deb-5b4f-18b4a3501729" executionId="f461edc3-b7f3-40f3-9b41-9a900753b497" testListId="8c84fa94-04c1-424b-9868-57a2d4851a1d" />
    <TestEntry testId="0738b170-60fd-6df7-dab2-bcc13677a20e" executionId="ed907daa-0820-44fc-823d-9bedb08024d1" testListId="8c84fa94-04c1-424b-9868-57a2d4851a1d" />
    <TestEntry testId="1e0e7bf3-2075-dd8c-e2b6-e77d289e78b6" executionId="6516b3cb-4180-4c57-aed8-d5275bdd675b" testListId="8c84fa94-04c1-424b-9868-57a2d4851a1d" />
    <TestEntry testId="5d5d2aba-5c18-1e10-0f72-04cd0c208f80" executionId="9b9da63f-a1a2-42f6-8097-14d17953f881" testListId="8c84fa94-04c1-424b-9868-57a2d4851a1d" />
    <TestEntry testId="41ab5ca1-d34d-635f-80e1-4bdec291c5b4" executionId="e4fac748-a251-4d1a-85fc-593b5bbd57bd" testListId="8c84fa94-04c1-424b-9868-57a2d4851a1d" />
    <TestEntry testId="ebd3a8e8-2309-ba7d-aa7a-ee01ab8f7c1c" executionId="b4c7efae-fa07-43e0-baf1-c4b82a69df76" testListId="8c84fa94-04c1-424b-9868-57a2d4851a1d" />
    <TestEntry testId="75db3207-0c10-13f9-f04f-afdb47730d95" executionId="831e380f-74a8-4fc1-9e5e-d1bb2a000faf" testListId="8c84fa94-04c1-424b-9868-57a2d4851a1d" />
    <TestEntry testId="53f44629-fbd7-6f80-e2b4-f1d092aa221c" executionId="d5f452e2-a8f8-43f1-8fb2-f73e37d81c9b" testListId="8c84fa94-04c1-424b-9868-57a2d4851a1d" />
    <TestEntry testId="c0289689-7433-164e-3634-e12ec9d84c28" executionId="7be385ab-829e-4773-8774-dc43f1d6672d" testListId="8c84fa94-04c1-424b-9868-57a2d4851a1d" />
    <TestEntry testId="e2e25697-2304-4ccf-7dd2-dfd8a53841fd" executionId="cecb5f9d-32ec-439a-b53b-70d566ba7ee4" testListId="8c84fa94-04c1-424b-9868-57a2d4851a1d" />
    <TestEntry testId="c3e840bb-971e-5bd2-3acf-7f44fe050f0a" executionId="8f4c407a-9bef-43ac-90de-d4541167c67f" testListId="8c84fa94-04c1-424b-9868-57a2d4851a1d" />
    <TestEntry testId="40b0e75f-9565-2fa4-a311-34c27eab4a03" executionId="49451756-eec4-4863-94fa-178dee310b83" testListId="8c84fa94-04c1-424b-9868-57a2d4851a1d" />
    <TestEntry testId="9bdc6241-3bb4-1b5a-c2b5-156869ab7854" executionId="c176a6da-4215-413c-a0fb-f6d720f41474" testListId="8c84fa94-04c1-424b-9868-57a2d4851a1d" />
    <TestEntry testId="d65cdade-16b8-3c1d-fc9e-9c61c103b970" executionId="40e6b4cc-3217-4d4e-aad4-11958fa1fc42" testListId="8c84fa94-04c1-424b-9868-57a2d4851a1d" />
    <TestEntry testId="b9a276e6-46d2-7847-5571-499e8bbd6878" executionId="8bb36910-4d2c-4cea-bfc9-788904f860c7" testListId="8c84fa94-04c1-424b-9868-57a2d4851a1d" />
    <TestEntry testId="9ef5bce8-20a6-e21f-e520-2849b285356f" executionId="3c076bdc-7506-48ed-aa09-a8d234ddac83" testListId="8c84fa94-04c1-424b-9868-57a2d4851a1d" />
    <TestEntry testId="b64577ee-9df6-449c-7efa-f76a4257ee8f" executionId="f35432a6-8993-4d39-8446-3bfdf6b1e5f1" testListId="8c84fa94-04c1-424b-9868-57a2d4851a1d" />
    <TestEntry testId="0f26f69b-7b4d-0553-8ed7-248b685fe2fb" executionId="78ec13b2-22ad-4551-8917-c72953f9ac60" testListId="8c84fa94-04c1-424b-9868-57a2d4851a1d" />
    <TestEntry testId="25d9ea8d-3f77-8d80-8134-a3304da674d8" executionId="054b4fb2-77bf-4fbc-90cb-768feeb258ad" testListId="8c84fa94-04c1-424b-9868-57a2d4851a1d" />
    <TestEntry testId="87911d36-ce25-2f66-8630-531a2f59fcc7" executionId="7e978f80-2180-4e26-9dc4-41311482eb4d" testListId="8c84fa94-04c1-424b-9868-57a2d4851a1d" />
    <TestEntry testId="f269b2ff-cf72-e8a5-816a-3d76032f18f3" executionId="cd9fb24e-9e71-4c97-86d6-88d22643a5a0" testListId="8c84fa94-04c1-424b-9868-57a2d4851a1d" />
    <TestEntry testId="f9ae0af0-1dbd-c575-0c28-ae297b2d1130" executionId="a4ade8e5-3082-4329-bcfc-8781aba3b3a2" testListId="8c84fa94-04c1-424b-9868-57a2d4851a1d" />
    <TestEntry testId="ed3d3649-5c65-1f1c-6637-1cd1f7bf31b9" executionId="569cbfd5-2b3e-43d2-9afb-641a2709447b" testListId="8c84fa94-04c1-424b-9868-57a2d4851a1d" />
    <TestEntry testId="1f55550d-79ec-9cbc-d258-412fde4e2031" executionId="d40ce006-44f1-491d-bf4b-4c4efffd8cf6" testListId="8c84fa94-04c1-424b-9868-57a2d4851a1d" />
    <TestEntry testId="7b0e6520-1427-6b8d-b421-60c6eb71a855" executionId="45c690f8-e148-4c35-9f5d-e452665f035f" testListId="8c84fa94-04c1-424b-9868-57a2d4851a1d" />
    <TestEntry testId="7c113dcf-e8bd-911a-1bf3-b021de777372" executionId="7d483885-7a28-46c0-bb02-95f1094ad290" testListId="8c84fa94-04c1-424b-9868-57a2d4851a1d" />
    <TestEntry testId="ec66d659-3f65-d6bb-0884-6e3826c8864e" executionId="02380f16-3922-452b-9c58-60db52bc6ffa" testListId="8c84fa94-04c1-424b-9868-57a2d4851a1d" />
    <TestEntry testId="6d02614c-cec9-5583-bb32-266d0999f988" executionId="ed730cfc-11eb-4b52-b9de-ad245a76e830" testListId="8c84fa94-04c1-424b-9868-57a2d4851a1d" />
    <TestEntry testId="65cfcda5-99bb-d8e0-6d73-26d319d71a90" executionId="14481dfa-0526-4bc1-8b46-868be626f206" testListId="8c84fa94-04c1-424b-9868-57a2d4851a1d" />
    <TestEntry testId="05b68737-e2a8-4864-f836-dc209e28cb13" executionId="9863f209-caa1-4878-a3f8-072c48b27591" testListId="8c84fa94-04c1-424b-9868-57a2d4851a1d" />
    <TestEntry testId="e10ea7c3-757f-6d51-f40f-4cc73bcc55f0" executionId="a2596510-0b2c-4eca-a2b2-7f22c805b7e3" testListId="8c84fa94-04c1-424b-9868-57a2d4851a1d" />
    <TestEntry testId="1080a8fb-c4f5-1740-e9b9-cd24db7a0bc9" executionId="75ff0fec-6984-4d36-89ba-bf41a8caf61a" testListId="8c84fa94-04c1-424b-9868-57a2d4851a1d" />
    <TestEntry testId="197b697b-0386-3b6a-3e1b-6dce58ce3798" executionId="dd28374f-f55f-4f08-80a2-e58d9690785f" testListId="8c84fa94-04c1-424b-9868-57a2d4851a1d" />
    <TestEntry testId="5c05525c-a91a-5a95-c392-31322bda4638" executionId="bccab6bb-0e2c-4348-a8c7-37217416a0dd" testListId="8c84fa94-04c1-424b-9868-57a2d4851a1d" />
    <TestEntry testId="f92b64fc-c600-e866-594f-6beed616abf0" executionId="21129929-7036-411e-a0a5-a0a87779a079" testListId="8c84fa94-04c1-424b-9868-57a2d4851a1d" />
    <TestEntry testId="edb2bbac-8d2a-40d8-a098-edaded11052b" executionId="709de979-eee0-49b8-84cc-222a737ec97e" testListId="8c84fa94-04c1-424b-9868-57a2d4851a1d" />
    <TestEntry testId="6fc57d16-1bbc-f8a1-b3f7-9c7fca46a84b" executionId="6ca75718-1748-4548-b7f7-bdff6c5f314a" testListId="8c84fa94-04c1-424b-9868-57a2d4851a1d" />
    <TestEntry testId="0e54297b-7133-9dc9-c07f-f9c90a1229d6" executionId="95a63f46-39bf-437b-84ea-c635b575f32d" testListId="8c84fa94-04c1-424b-9868-57a2d4851a1d" />
    <TestEntry testId="f924c660-2650-22d4-6c50-0bedfdbb1a74" executionId="d4e6b715-f205-41f0-a70a-fb65ffeb13fe" testListId="8c84fa94-04c1-424b-9868-57a2d4851a1d" />
    <TestEntry testId="333c236c-2b93-8a92-aecf-d05dfcdc24b2" executionId="cfa3a5c0-403a-4ae9-ae23-f63ae5b5adba" testListId="8c84fa94-04c1-424b-9868-57a2d4851a1d" />
    <TestEntry testId="86e00b5d-e70a-46ac-749b-1f80006e6df7" executionId="69cd4891-566a-4043-9622-28eabfacc1f6" testListId="8c84fa94-04c1-424b-9868-57a2d4851a1d" />
    <TestEntry testId="d92999e9-71ec-1caf-9df2-20fb35696860" executionId="837705e7-3b07-45e2-9f62-1d28c1681a0f" testListId="8c84fa94-04c1-424b-9868-57a2d4851a1d" />
    <TestEntry testId="452d884b-ac05-1868-5528-0f831d9a3142" executionId="2a508912-981a-4eb8-9479-974adc7cb1db" testListId="8c84fa94-04c1-424b-9868-57a2d4851a1d" />
    <TestEntry testId="9572a548-ddb6-b4fa-3bd1-287342efdf40" executionId="71ccbbfa-57c1-4c91-9389-752bf3d6f511" testListId="8c84fa94-04c1-424b-9868-57a2d4851a1d" />
    <TestEntry testId="667666f4-71a8-3da2-109b-dc8c955f4787" executionId="3b773a09-1718-441a-8bae-080ddeecd11a" testListId="8c84fa94-04c1-424b-9868-57a2d4851a1d" />
    <TestEntry testId="698be713-7c8c-a4d5-ca15-109742b446a6" executionId="c0216373-f1c5-4b20-9459-c3c0016a3ca5" testListId="8c84fa94-04c1-424b-9868-57a2d4851a1d" />
    <TestEntry testId="65ad676c-dd88-bb31-291b-5381cf857c90" executionId="a8411534-7816-4e2d-b517-c8b1cd362da7" testListId="8c84fa94-04c1-424b-9868-57a2d4851a1d" />
    <TestEntry testId="c464e156-ff9d-7b3c-a4bb-1d352844fd8b" executionId="3db39c7b-4f49-449b-9b43-035bccc0eb4f" testListId="8c84fa94-04c1-424b-9868-57a2d4851a1d" />
    <TestEntry testId="f6a999f9-f352-34fb-0fa9-9f15dd428a27" executionId="4176de41-f178-4e0d-b356-ae873ac7870a" testListId="8c84fa94-04c1-424b-9868-57a2d4851a1d" />
    <TestEntry testId="15678ccf-64e7-2783-8f0a-7b6798d23401" executionId="4b73e81d-cf5e-41a7-ac14-61adf80c1ee6" testListId="8c84fa94-04c1-424b-9868-57a2d4851a1d" />
    <TestEntry testId="8e4376ef-b57b-86ef-3cda-751524f60597" executionId="a6607eea-aefb-47d4-aad7-130915de6b92" testListId="8c84fa94-04c1-424b-9868-57a2d4851a1d" />
    <TestEntry testId="935978cb-3997-3ead-a1bf-63d5358efa0b" executionId="18fcdece-f1a4-4934-a125-8c64b848a3a9" testListId="8c84fa94-04c1-424b-9868-57a2d4851a1d" />
    <TestEntry testId="9d6c8941-3932-01a3-c934-54ad7e77446b" executionId="f13c142f-9040-4019-8bbe-bcf81a750efb" testListId="8c84fa94-04c1-424b-9868-57a2d4851a1d" />
    <TestEntry testId="db019b87-d4bd-8c86-40cc-877e4c588e7e" executionId="914aedbb-9c40-46d9-ba26-ae5a28093128" testListId="8c84fa94-04c1-424b-9868-57a2d4851a1d" />
    <TestEntry testId="79c9cae0-da7c-fba0-4085-e122e6f21619" executionId="ba34b8ba-2705-44ec-b427-6a1b213139f5" testListId="8c84fa94-04c1-424b-9868-57a2d4851a1d" />
    <TestEntry testId="72f93f36-eb3d-9323-b919-1fd39fe47c7a" executionId="009e6a27-debd-41de-8b49-be6b1f3c7249" testListId="8c84fa94-04c1-424b-9868-57a2d4851a1d" />
    <TestEntry testId="edccd82f-71b3-2913-24cc-5ca034ec7a2f" executionId="e3d73078-43c5-4c37-92b9-9736218e343d" testListId="8c84fa94-04c1-424b-9868-57a2d4851a1d" />
    <TestEntry testId="cb7fed50-429e-e286-8103-d78be0428651" executionId="e664b245-2ce5-4e2e-aaf9-448284cf18ef" testListId="8c84fa94-04c1-424b-9868-57a2d4851a1d" />
    <TestEntry testId="5ceb19d9-ff49-0c14-8746-40f7adbdf2d3" executionId="e39fefed-3644-4da3-8a19-65a94064bfa0" testListId="8c84fa94-04c1-424b-9868-57a2d4851a1d" />
    <TestEntry testId="e1829039-99f0-2782-3ae5-d5309f340c4f" executionId="1d4b1e7b-8254-44cd-af47-44751b62b865" testListId="8c84fa94-04c1-424b-9868-57a2d4851a1d" />
    <TestEntry testId="fee316e0-0268-df7c-f4e0-1f6785379901" executionId="58082be8-fc44-4d39-8fc0-73cfc6e48a72" testListId="8c84fa94-04c1-424b-9868-57a2d4851a1d" />
    <TestEntry testId="5adae277-ec5c-7242-22db-278f9a54cb4f" executionId="06685646-8380-421f-8af9-a80e651b3cb4" testListId="8c84fa94-04c1-424b-9868-57a2d4851a1d" />
    <TestEntry testId="b928554e-d373-e92d-e58b-95283075b97f" executionId="c56d2300-50db-45ae-8049-dedda6d443c0" testListId="8c84fa94-04c1-424b-9868-57a2d4851a1d" />
    <TestEntry testId="cd43612f-be33-d954-48bd-96e6f5b4c881" executionId="c8042cfa-2310-4b1a-a261-71ed8fac44ec" testListId="8c84fa94-04c1-424b-9868-57a2d4851a1d" />
    <TestEntry testId="ff6b9d2f-e7eb-b731-43bb-645d3e0815bc" executionId="b60e2758-2a56-4540-9168-80f2854c36bd" testListId="8c84fa94-04c1-424b-9868-57a2d4851a1d" />
    <TestEntry testId="d71dfa1b-c4fc-3a36-d676-61bb46c12419" executionId="9dc33516-afad-46db-98fa-050e3770b864" testListId="8c84fa94-04c1-424b-9868-57a2d4851a1d" />
    <TestEntry testId="37cb8f64-b643-98d9-682e-7ccc15e1c186" executionId="a851440d-47b3-4882-8d36-e5cfb0146978" testListId="8c84fa94-04c1-424b-9868-57a2d4851a1d" />
    <TestEntry testId="28caeaf1-655d-4c9d-0406-88750d1f5507" executionId="d80fcd2c-7c56-4f24-b6c7-26bdf91923b8" testListId="8c84fa94-04c1-424b-9868-57a2d4851a1d" />
    <TestEntry testId="df22ee67-fe35-3b38-4b54-4df7d29979ff" executionId="7db1c437-757d-4a17-9f83-a189ae13a339" testListId="8c84fa94-04c1-424b-9868-57a2d4851a1d" />
    <TestEntry testId="93e6ece0-287d-aa76-a5d5-c4eafc9770cf" executionId="02f54884-b646-400f-a06f-52415d62aac6" testListId="8c84fa94-04c1-424b-9868-57a2d4851a1d" />
    <TestEntry testId="9f545ba7-ed01-47a5-e2d6-9b988e6f9e43" executionId="ff625389-ff52-4d44-a396-ad576843d45c" testListId="8c84fa94-04c1-424b-9868-57a2d4851a1d" />
    <TestEntry testId="1965af59-0911-dff8-a4e4-d38176c7b206" executionId="3048ee6e-dda4-4991-892c-c8223bb10a54" testListId="8c84fa94-04c1-424b-9868-57a2d4851a1d" />
    <TestEntry testId="0c7ba82c-3458-246c-5e54-67468f7649e5" executionId="399e8311-03f5-4266-b292-00e73ca32c85" testListId="8c84fa94-04c1-424b-9868-57a2d4851a1d" />
    <TestEntry testId="73fdf9a4-1f47-879d-e4aa-389a3f9e2139" executionId="2cb40dca-8802-4720-b672-ef110330b120" testListId="8c84fa94-04c1-424b-9868-57a2d4851a1d" />
    <TestEntry testId="85f0d7a2-50f5-3f55-25f3-10293ac1284a" executionId="c7dd65dc-508e-41f0-8a0b-4be4b816f7a2" testListId="8c84fa94-04c1-424b-9868-57a2d4851a1d" />
    <TestEntry testId="c7707d26-49ac-496b-58e0-b76d3ec8ffb9" executionId="d32882e0-c087-4ce1-8467-1799c651b100" testListId="8c84fa94-04c1-424b-9868-57a2d4851a1d" />
    <TestEntry testId="9ab7236c-4d4d-2d95-4d74-5d6c3d30a216" executionId="ed143ce6-fc56-428e-9bc0-185667acea0b" testListId="8c84fa94-04c1-424b-9868-57a2d4851a1d" />
    <TestEntry testId="ac8a09f0-5e61-decb-d06b-aadb102dc985" executionId="407b885c-ce1e-49c3-aae5-cadbf7eb4759" testListId="8c84fa94-04c1-424b-9868-57a2d4851a1d" />
    <TestEntry testId="b153c943-ecdf-3976-30b9-5de80d0b0611" executionId="953dafc5-6cea-4538-9868-86ff48fe7592" testListId="8c84fa94-04c1-424b-9868-57a2d4851a1d" />
    <TestEntry testId="d009849c-8b8f-6d99-13f2-ef4249e361b2" executionId="bd098837-c22c-4f94-a280-8f1b64629f68" testListId="8c84fa94-04c1-424b-9868-57a2d4851a1d" />
    <TestEntry testId="fb1ea6d3-ed55-3e3c-01db-435ecf109149" executionId="2456d923-cf97-4194-bd37-99bd5c94450d" testListId="8c84fa94-04c1-424b-9868-57a2d4851a1d" />
    <TestEntry testId="a944774e-c819-e8bf-de7d-ffc1f5493272" executionId="9aa2e527-730b-4319-9e42-4bb599b6f4da" testListId="8c84fa94-04c1-424b-9868-57a2d4851a1d" />
    <TestEntry testId="f1c1aed1-8c02-7ed3-ca71-1512f33c940d" executionId="795be81e-2d5d-4bdd-9dd0-ab31789e7f19" testListId="8c84fa94-04c1-424b-9868-57a2d4851a1d" />
    <TestEntry testId="dfd6b9f7-9d36-2422-babe-d9d6b4816af1" executionId="6ba3b113-2037-486a-a0b4-3ab6656bb3aa" testListId="8c84fa94-04c1-424b-9868-57a2d4851a1d" />
    <TestEntry testId="751bd0d0-981a-ad0a-aebf-27f11ea2b83e" executionId="befe4f8b-3178-49bc-b750-988fda981077" testListId="8c84fa94-04c1-424b-9868-57a2d4851a1d" />
    <TestEntry testId="9eee4cc3-3b2e-3cc9-55c3-605dbb760f04" executionId="cb2d8823-e2dd-4a9b-9f71-4df0193a81e8" testListId="8c84fa94-04c1-424b-9868-57a2d4851a1d" />
    <TestEntry testId="9026d355-a4cc-34e6-d2c3-646d505bdf68" executionId="1da33185-7bf6-4a69-89c0-5335be586b20" testListId="8c84fa94-04c1-424b-9868-57a2d4851a1d" />
    <TestEntry testId="d448bcb8-6885-0c4f-10f7-68cd250146e3" executionId="01240fcd-0d07-4f6c-bf76-f20b9c82ad56" testListId="8c84fa94-04c1-424b-9868-57a2d4851a1d" />
    <TestEntry testId="4917cd25-e71b-1938-7d12-0763a170235e" executionId="6e04fc9a-45a5-40e9-ad69-1fce9849f16f" testListId="8c84fa94-04c1-424b-9868-57a2d4851a1d" />
    <TestEntry testId="ef189c2c-f825-4298-fcb8-eb216f9c869d" executionId="f0272749-7374-430e-b789-0ca5e318e13f" testListId="8c84fa94-04c1-424b-9868-57a2d4851a1d" />
    <TestEntry testId="071c4da0-53ce-4753-d397-31a5a35bb3b8" executionId="1f192d45-8c12-4fd5-b9da-c0e5a014e3fc" testListId="8c84fa94-04c1-424b-9868-57a2d4851a1d" />
    <TestEntry testId="87cc8458-82ab-24eb-f74f-be03af682cd0" executionId="e3ac9a7f-395c-4f82-a325-49ce72d6cfb8" testListId="8c84fa94-04c1-424b-9868-57a2d4851a1d" />
    <TestEntry testId="a06fb1af-0392-bf35-0380-de619cf9d5fe" executionId="434e97b5-abdd-4a7d-9523-c54c20f71345" testListId="8c84fa94-04c1-424b-9868-57a2d4851a1d" />
    <TestEntry testId="b336db5d-f6da-7cab-6086-6339920ab8dc" executionId="263fb716-cf14-4be0-a112-96b16486623e" testListId="8c84fa94-04c1-424b-9868-57a2d4851a1d" />
    <TestEntry testId="9af0e739-10c8-ed25-a494-9aef814426a0" executionId="892aec05-90ee-4e5b-8acd-c350dfb1d18a" testListId="8c84fa94-04c1-424b-9868-57a2d4851a1d" />
    <TestEntry testId="a4f43c6c-07d4-6e2c-8522-84c6a5f7a046" executionId="7893b10e-f89e-447d-8409-2e01c46bf512" testListId="8c84fa94-04c1-424b-9868-57a2d4851a1d" />
    <TestEntry testId="683ec77b-946e-dd93-a0e4-b34828a13580" executionId="d1b0b14d-e5e5-439e-92b8-1f0b4309ce57" testListId="8c84fa94-04c1-424b-9868-57a2d4851a1d" />
    <TestEntry testId="cfceecf7-849b-3831-977c-cf0ad4a601b4" executionId="520618f5-b4c9-4e71-8f5d-965ca9a3196c" testListId="8c84fa94-04c1-424b-9868-57a2d4851a1d" />
    <TestEntry testId="3009c012-ecdc-c216-9767-93f5464c9db5" executionId="f1a4704e-8e1a-477c-8829-b44d84847d8e" testListId="8c84fa94-04c1-424b-9868-57a2d4851a1d" />
    <TestEntry testId="ec726cff-5923-7d31-a7a9-dbbb22338bbc" executionId="793bd03b-0a3d-4041-8928-98341291172d" testListId="8c84fa94-04c1-424b-9868-57a2d4851a1d" />
    <TestEntry testId="b8aa6190-ac38-078a-59c3-02a925616ede" executionId="45f66bcd-2e19-4017-8e45-3c942cf7fe59" testListId="8c84fa94-04c1-424b-9868-57a2d4851a1d" />
    <TestEntry testId="eec1540c-4dc8-47d0-79a9-17a50f4017a4" executionId="c0b2f718-f120-4cfe-934c-5ffb523e14d1" testListId="8c84fa94-04c1-424b-9868-57a2d4851a1d" />
    <TestEntry testId="af1df511-6986-4016-c659-009b19ac4412" executionId="aaa2ba7c-ab5e-433b-bf84-ada27502e586" testListId="8c84fa94-04c1-424b-9868-57a2d4851a1d" />
    <TestEntry testId="654a8b77-004f-907d-5eda-8be4dea3f7ad" executionId="ce027add-02c3-4fb1-9d0a-e6e3154a28fb" testListId="8c84fa94-04c1-424b-9868-57a2d4851a1d" />
    <TestEntry testId="246ae732-b112-c56a-b42d-e6f0adfc89e8" executionId="a9067b0a-2c84-4550-91a1-e99f0cc87540" testListId="8c84fa94-04c1-424b-9868-57a2d4851a1d" />
    <TestEntry testId="1d7aadf5-b89e-4339-1fde-0186b7646a6b" executionId="5234ee87-03fd-45f6-9cc1-f0f1c89ee3e9" testListId="8c84fa94-04c1-424b-9868-57a2d4851a1d" />
    <TestEntry testId="5c336b24-f4a8-d7c8-8fd0-90d7800190ff" executionId="e2ac5536-8e2d-453c-bc26-122a55600eb0" testListId="8c84fa94-04c1-424b-9868-57a2d4851a1d" />
    <TestEntry testId="70dd68d1-e333-f471-5ea3-6b0f098649cb" executionId="b1a3cc77-97a1-447b-8505-abd4e4e041ac" testListId="8c84fa94-04c1-424b-9868-57a2d4851a1d" />
    <TestEntry testId="3975845d-d28f-5f42-8ccb-30402ed2e457" executionId="e277e0fc-0707-496a-aff3-cd3ee91e8182" testListId="8c84fa94-04c1-424b-9868-57a2d4851a1d" />
    <TestEntry testId="bb892bb2-eeca-3757-fd24-3801e2ec3e5e" executionId="7d5e29f3-1362-4738-960a-ad9d8dea071b" testListId="8c84fa94-04c1-424b-9868-57a2d4851a1d" />
    <TestEntry testId="4d7bffe4-2a22-3aee-6e80-fc4697376ea5" executionId="73fa6f1c-ff5b-47d9-a929-84a078d499cb" testListId="8c84fa94-04c1-424b-9868-57a2d4851a1d" />
    <TestEntry testId="99afc6da-f4f9-628a-493f-43d945f5eaea" executionId="d1be4b28-fee6-44b9-825e-8333b2702d60" testListId="8c84fa94-04c1-424b-9868-57a2d4851a1d" />
    <TestEntry testId="f2bccee4-a989-c5b9-6b55-dde082ab3b1b" executionId="7beccb5c-d726-4707-a957-e3304564b9f6" testListId="8c84fa94-04c1-424b-9868-57a2d4851a1d" />
    <TestEntry testId="5b90c1d8-8835-03a2-b0d1-18389db2169b" executionId="6c373cfe-a0b4-4d29-9cb4-61235823c85b" testListId="8c84fa94-04c1-424b-9868-57a2d4851a1d" />
    <TestEntry testId="5875fd9b-f733-e8be-11e6-9e711dad7bc3" executionId="7602bb61-1d50-4734-bc2a-3eaf6baaedf7" testListId="8c84fa94-04c1-424b-9868-57a2d4851a1d" />
    <TestEntry testId="759f574e-cc95-e392-b25f-48e7b507e965" executionId="bc363015-255e-4620-9353-bd6f2fbe6371" testListId="8c84fa94-04c1-424b-9868-57a2d4851a1d" />
    <TestEntry testId="50874e2c-fd97-904a-d5b1-82b9239ca804" executionId="27cf5c26-b076-476b-b616-45b2862420b9" testListId="8c84fa94-04c1-424b-9868-57a2d4851a1d" />
    <TestEntry testId="1399327c-3b4c-e3a2-679b-5038749a13be" executionId="58a15d49-2a13-487c-908c-963d9ffa9860" testListId="8c84fa94-04c1-424b-9868-57a2d4851a1d" />
    <TestEntry testId="091a29da-0dab-acd1-eb77-2d71716f3ea4" executionId="9de8bab8-fe60-4544-8282-73c772cb6703" testListId="8c84fa94-04c1-424b-9868-57a2d4851a1d" />
    <TestEntry testId="c6a29e9c-75e6-4688-a5b4-390c4a86d531" executionId="3c571124-e1b0-441d-996d-94681b7bccea" testListId="8c84fa94-04c1-424b-9868-57a2d4851a1d" />
    <TestEntry testId="b53fa018-4b89-6ccd-6693-bf49832b2617" executionId="d8da19a9-4af8-4fb2-b66a-5273145779d7" testListId="8c84fa94-04c1-424b-9868-57a2d4851a1d" />
    <TestEntry testId="93d12b94-c96d-9e7e-fe21-f1b581ae45e0" executionId="c9a4140e-3748-4727-8450-e7c354c0eb72" testListId="8c84fa94-04c1-424b-9868-57a2d4851a1d" />
    <TestEntry testId="d0f2f235-e339-4989-7619-dec82338f8de" executionId="c1f106e5-923c-430c-95d4-23edc7390050" testListId="8c84fa94-04c1-424b-9868-57a2d4851a1d" />
    <TestEntry testId="c3947147-a646-06ba-97e1-e241f4112e7b" executionId="fa236ca8-24ed-426b-8d1e-eb93076eca4c" testListId="8c84fa94-04c1-424b-9868-57a2d4851a1d" />
    <TestEntry testId="3b9fadf8-d8e5-ca46-67cb-fbf18bb3b022" executionId="3abef3ce-be9e-4490-98f1-7586220669fc" testListId="8c84fa94-04c1-424b-9868-57a2d4851a1d" />
    <TestEntry testId="877f64df-4e10-c38d-ea7f-69afd078f2a5" executionId="3b622a3b-1558-49f5-9918-c85b2c171760" testListId="8c84fa94-04c1-424b-9868-57a2d4851a1d" />
    <TestEntry testId="4bbfaaba-c4b8-91ea-5798-d4e2df29aa20" executionId="0c5fc146-755e-4cfe-9a35-543f6368c0cc" testListId="8c84fa94-04c1-424b-9868-57a2d4851a1d" />
    <TestEntry testId="e1a33abc-d0d6-40df-7cba-b407e634c025" executionId="c9bfe700-b788-46a2-887e-1f28cee7b7b8" testListId="8c84fa94-04c1-424b-9868-57a2d4851a1d" />
    <TestEntry testId="fa0c4b80-5b9e-c7ae-fe8b-263a9286d40b" executionId="2b39dbe6-7c78-4efc-9524-e889a7133331" testListId="8c84fa94-04c1-424b-9868-57a2d4851a1d" />
    <TestEntry testId="c0a799d8-5826-b968-4341-7c02b523342d" executionId="69ac2245-15d2-4b03-b16d-4ade1accf5fb" testListId="8c84fa94-04c1-424b-9868-57a2d4851a1d" />
    <TestEntry testId="6f388a62-ea37-d152-9b19-2d0b2de051dc" executionId="2e3a6eee-19cf-4abb-9d01-f6910b7b1f64" testListId="8c84fa94-04c1-424b-9868-57a2d4851a1d" />
    <TestEntry testId="c71b2994-4608-52a3-7d71-f3ac12c59294" executionId="6e8b7843-aff0-41f5-91df-7f8ac414404a" testListId="8c84fa94-04c1-424b-9868-57a2d4851a1d" />
    <TestEntry testId="eab7ec8c-2863-28f6-dbe3-96225050d1a0" executionId="9d255875-e976-4ff7-afb7-8ac9d49d1e2d" testListId="8c84fa94-04c1-424b-9868-57a2d4851a1d" />
    <TestEntry testId="167cf0fe-7602-b7e4-e958-ca23fdcc7ea8" executionId="f3d6a683-c150-41aa-9f6b-ea68f6f4c84b" testListId="8c84fa94-04c1-424b-9868-57a2d4851a1d" />
    <TestEntry testId="b2430c0e-338b-1abd-dd62-bb26e5871d26" executionId="e88c4ac1-8354-4707-9e64-9be690411f45" testListId="8c84fa94-04c1-424b-9868-57a2d4851a1d" />
    <TestEntry testId="af9fd74a-a57e-8075-74d9-29b73251f52a" executionId="fab11d76-e97b-486c-9106-383f50fa537d" testListId="8c84fa94-04c1-424b-9868-57a2d4851a1d" />
    <TestEntry testId="c464e156-ff9d-7b3c-a4bb-1d352844fd8b" executionId="999a2ce0-7d0a-4627-af76-13b5e8d1ffd9" testListId="8c84fa94-04c1-424b-9868-57a2d4851a1d" />
    <TestEntry testId="9a52722b-ecef-ab64-8ec1-3050cbfd63e3" executionId="7c3f9be0-0a73-4ac9-b663-0a8aa8114591" testListId="8c84fa94-04c1-424b-9868-57a2d4851a1d" />
    <TestEntry testId="813d934d-4518-2b58-6193-ee9927807841" executionId="be15f533-ae95-48b1-a603-58aa4a21a8a1" testListId="8c84fa94-04c1-424b-9868-57a2d4851a1d" />
    <TestEntry testId="7fd4a501-472d-0628-de76-e06cc5af1298" executionId="3a118889-c15e-472c-85f5-0d44d7f071e0" testListId="8c84fa94-04c1-424b-9868-57a2d4851a1d" />
    <TestEntry testId="5d010426-f653-c7a7-c535-24423b4e0179" executionId="a0499944-9550-4ef1-a5f8-7f8f02d4d8db" testListId="8c84fa94-04c1-424b-9868-57a2d4851a1d" />
    <TestEntry testId="2998b75b-5b76-2da6-6663-0c4d1b29b513" executionId="86be9773-1631-4ac0-bedb-4a16fcf3d4a3" testListId="8c84fa94-04c1-424b-9868-57a2d4851a1d" />
    <TestEntry testId="eb80b2cc-f0aa-f4c7-9b3a-65fe81ed350c" executionId="1b107a21-6215-41f0-a2a6-df2ee82b4525" testListId="8c84fa94-04c1-424b-9868-57a2d4851a1d" />
    <TestEntry testId="4318b8fe-5a60-77de-c96b-64e2190c2b22" executionId="3aed4733-c823-48bd-b653-944d3a0077a3" testListId="8c84fa94-04c1-424b-9868-57a2d4851a1d" />
    <TestEntry testId="933a3406-64f7-b6d0-698f-b5a2ef13ba18" executionId="5f0a5557-c3f8-42c1-8a68-ce9b06c9a783" testListId="8c84fa94-04c1-424b-9868-57a2d4851a1d" />
    <TestEntry testId="b648bf31-77ef-264d-19e5-63d2e7afc6f7" executionId="3593c11c-4190-48e5-b59c-b724b883df09" testListId="8c84fa94-04c1-424b-9868-57a2d4851a1d" />
    <TestEntry testId="1080a8fb-c4f5-1740-e9b9-cd24db7a0bc9" executionId="5b9aa077-bd52-4a75-8dd1-01f346119e61" testListId="8c84fa94-04c1-424b-9868-57a2d4851a1d" />
    <TestEntry testId="c5f2250f-29c1-c03e-6f58-08ea480d74e6" executionId="5ef5b3fc-de7b-4a74-be6a-4892ef03911b" testListId="8c84fa94-04c1-424b-9868-57a2d4851a1d" />
    <TestEntry testId="8a9f9b07-b161-9145-5cc4-080caeb6b9a6" executionId="1f94a6fe-bf35-47b9-aef2-576d48524fc2" testListId="8c84fa94-04c1-424b-9868-57a2d4851a1d" />
    <TestEntry testId="e37fc82a-fafc-e05f-c580-cc4b262f3e6b" executionId="7b3f342d-874e-42c0-bba2-bfd085b038ee" testListId="8c84fa94-04c1-424b-9868-57a2d4851a1d" />
    <TestEntry testId="e4312186-e6e6-5722-2d06-1fe95a294390" executionId="fb94f0b6-4c37-4cd8-aef3-cc38b89ad8b9" testListId="8c84fa94-04c1-424b-9868-57a2d4851a1d" />
    <TestEntry testId="789308f3-c6e9-5304-5359-b6966554d4a2" executionId="0d758620-b7f8-4f77-a22d-6f5634a06718" testListId="8c84fa94-04c1-424b-9868-57a2d4851a1d" />
    <TestEntry testId="0794b4a5-77fc-3c58-06ea-aaa090968881" executionId="cf58c903-226f-411e-9ac5-1e825504abf0" testListId="8c84fa94-04c1-424b-9868-57a2d4851a1d" />
    <TestEntry testId="8833ef68-544f-629e-ba62-4c0492854b3a" executionId="6b6b598b-b1d8-49ee-8dbf-cfbde8f978c7" testListId="8c84fa94-04c1-424b-9868-57a2d4851a1d" />
    <TestEntry testId="0b1dadfc-5b78-0cad-febf-8fafbe4581b8" executionId="cc0c5b6d-a8e6-4533-8889-cb1d875604e3" testListId="8c84fa94-04c1-424b-9868-57a2d4851a1d" />
    <TestEntry testId="bc506b14-1566-4bb6-f2df-faaaccfdbb33" executionId="b9651da8-ee57-438d-8542-59dd50306c68" testListId="8c84fa94-04c1-424b-9868-57a2d4851a1d" />
    <TestEntry testId="edd21920-869c-107d-11c4-f8070a7ffe76" executionId="56a60e18-60d7-4eeb-bede-dfc2ec6d2907" testListId="8c84fa94-04c1-424b-9868-57a2d4851a1d" />
    <TestEntry testId="bc1d743c-a713-9956-587a-90ce63485ccd" executionId="3736c229-c794-4e47-bcaa-1ed12a39da1c" testListId="8c84fa94-04c1-424b-9868-57a2d4851a1d" />
    <TestEntry testId="12cfcfbc-e213-6789-73ae-4ebb8787b382" executionId="783deb27-81ca-498b-aa53-eb345d398543" testListId="8c84fa94-04c1-424b-9868-57a2d4851a1d" />
    <TestEntry testId="b9302f12-001c-def8-159b-dfab6e7b9b4a" executionId="1274fab5-7aff-47cd-a749-13403f95f270" testListId="8c84fa94-04c1-424b-9868-57a2d4851a1d" />
    <TestEntry testId="1846f0e2-ad28-cf26-458d-b7afdec0a603" executionId="0b3e5906-e4c4-470d-8e88-ea5f52a1dfb2" testListId="8c84fa94-04c1-424b-9868-57a2d4851a1d" />
    <TestEntry testId="762f6126-3d62-e3f9-92cb-54086f5b0e20" executionId="db3e6753-6c5d-44e2-85af-8934f1cea495" testListId="8c84fa94-04c1-424b-9868-57a2d4851a1d" />
    <TestEntry testId="5081e9cb-18c7-f07d-eb95-d4dd34601f87" executionId="8d7a6341-71f8-4a52-ac39-839757f99f43" testListId="8c84fa94-04c1-424b-9868-57a2d4851a1d" />
    <TestEntry testId="ee45660f-3d9c-095f-8c51-c9372839d9b8" executionId="939f1070-01ed-4b94-9a56-322cef9edfc7" testListId="8c84fa94-04c1-424b-9868-57a2d4851a1d" />
    <TestEntry testId="1dae9299-e709-a0bc-65b3-c33d38656a39" executionId="bb20f276-7496-4acf-a7c9-e13dbe33fdb8" testListId="8c84fa94-04c1-424b-9868-57a2d4851a1d" />
    <TestEntry testId="85d1b9b9-1b52-3575-aa9c-00930e047e18" executionId="49b70b39-7f84-4704-ab94-4651cfa348fc" testListId="8c84fa94-04c1-424b-9868-57a2d4851a1d" />
    <TestEntry testId="fa5582aa-0969-8329-ed20-a544bc2493f0" executionId="50a056d3-9602-4435-8be7-bd9e4ad1c44e" testListId="8c84fa94-04c1-424b-9868-57a2d4851a1d" />
    <TestEntry testId="b9ee6c48-2df3-ca00-0e3d-ce63ba3738f9" executionId="9be83ef0-d9f5-4f86-88aa-ee48d5563f68" testListId="8c84fa94-04c1-424b-9868-57a2d4851a1d" />
    <TestEntry testId="3df8a494-eead-e839-5bee-82a9a6d124ae" executionId="fb038942-4977-419a-b490-a81443074d27" testListId="8c84fa94-04c1-424b-9868-57a2d4851a1d" />
    <TestEntry testId="078c0616-478d-1187-05e3-c8567a9159a6" executionId="40781363-508e-4303-b93c-4b72b9c68e4c" testListId="8c84fa94-04c1-424b-9868-57a2d4851a1d" />
    <TestEntry testId="c13500df-fc11-19fb-b7b7-036bbc6390a3" executionId="4461f295-d791-449f-bdb5-98305fe0abe3" testListId="8c84fa94-04c1-424b-9868-57a2d4851a1d" />
    <TestEntry testId="1b2bff83-5c37-3650-c63c-30a0a581e523" executionId="75bbfddb-c652-4a2c-acc2-32798b2d151a" testListId="8c84fa94-04c1-424b-9868-57a2d4851a1d" />
    <TestEntry testId="bcbeba50-3efd-0ed9-f0d0-bc0242b36ead" executionId="d2af74fd-fdd0-42c9-ad4f-aff48abba323" testListId="8c84fa94-04c1-424b-9868-57a2d4851a1d" />
    <TestEntry testId="18230c43-6e0e-39f4-d516-e85545e19098" executionId="57c698f8-a69a-46a0-920f-be81bec99819" testListId="8c84fa94-04c1-424b-9868-57a2d4851a1d" />
    <TestEntry testId="df1d38e9-4604-acb5-a80e-7be7bf8c947c" executionId="c0c02551-2dee-44e0-8407-db7f02dd3ff8" testListId="8c84fa94-04c1-424b-9868-57a2d4851a1d" />
    <TestEntry testId="93aff1d6-6c12-f6a4-01a8-c74bab96ef88" executionId="d0f347bd-1950-4522-90c1-ef021b693f2b" testListId="8c84fa94-04c1-424b-9868-57a2d4851a1d" />
    <TestEntry testId="889fe951-3001-b0db-fec2-a74857ae13de" executionId="47ed232f-59ad-4673-8ba5-0ecece748ae0" testListId="8c84fa94-04c1-424b-9868-57a2d4851a1d" />
    <TestEntry testId="8404fed0-a171-4088-f3ff-794d8813a57b" executionId="344f6f01-2106-4e67-9406-82fc9bde03a6" testListId="8c84fa94-04c1-424b-9868-57a2d4851a1d" />
    <TestEntry testId="7616343e-c8e4-8480-cc79-56d6843e930e" executionId="d525a002-e2c9-4bac-82c1-ddbaf9bdf02d" testListId="8c84fa94-04c1-424b-9868-57a2d4851a1d" />
    <TestEntry testId="f34f0f7d-03ec-64be-efba-40af2e4c3f10" executionId="0ff1bf20-72cb-46e5-afa3-dff3b37112e2" testListId="8c84fa94-04c1-424b-9868-57a2d4851a1d" />
    <TestEntry testId="9e53424c-7b82-7974-6d12-ebccbeb830ee" executionId="14747462-25dd-4454-997c-8a851799e7fa" testListId="8c84fa94-04c1-424b-9868-57a2d4851a1d" />
    <TestEntry testId="f5ee6b16-d267-6647-62b4-d9aca7c20b91" executionId="eb38d6cb-380b-4825-be94-c9e5248f7531" testListId="8c84fa94-04c1-424b-9868-57a2d4851a1d" />
    <TestEntry testId="f3b64202-f4c6-04cb-5f74-c90582389df6" executionId="98dfeef7-8be1-4c40-96fa-ff9d6e02fb8e" testListId="8c84fa94-04c1-424b-9868-57a2d4851a1d" />
    <TestEntry testId="d87c4b0f-ddc1-c20d-88d0-00503a7a2d64" executionId="47f96ec3-0f64-4ce9-afa1-235c5c269ab8" testListId="8c84fa94-04c1-424b-9868-57a2d4851a1d" />
    <TestEntry testId="854f00f2-309c-74d6-c1a4-72f0ffde0b08" executionId="4e83cfdf-a97a-424c-91cc-bb040e4ab2e7" testListId="8c84fa94-04c1-424b-9868-57a2d4851a1d" />
    <TestEntry testId="0e1c07e6-369a-2f69-1299-cf762b3a0f30" executionId="ad7c5ad8-1325-425e-8728-7d219173c9b1" testListId="8c84fa94-04c1-424b-9868-57a2d4851a1d" />
    <TestEntry testId="ec9b5717-964c-9e15-12e9-b7cb71771aac" executionId="506fec35-257f-4d69-a231-0422bd4bb814" testListId="8c84fa94-04c1-424b-9868-57a2d4851a1d" />
    <TestEntry testId="1906a1be-3bab-eb07-1600-dbe6840a96ec" executionId="4f230517-bbc3-4417-b06d-fd104d180d35" testListId="8c84fa94-04c1-424b-9868-57a2d4851a1d" />
    <TestEntry testId="374fc6a1-5637-e8a3-5147-97e7fdba7d9c" executionId="345a61b7-428f-40df-ba2a-7269e175b0ab" testListId="8c84fa94-04c1-424b-9868-57a2d4851a1d" />
    <TestEntry testId="c8868afd-ebd7-bf80-1ef4-1fcdd001e59c" executionId="b23de3cc-a28a-4ac3-a4b6-15fe5a15f218" testListId="8c84fa94-04c1-424b-9868-57a2d4851a1d" />
    <TestEntry testId="5f15552d-6595-dcf5-ef51-efe930a16e57" executionId="dd27c449-6c19-4026-b854-50ac43b0fd72" testListId="8c84fa94-04c1-424b-9868-57a2d4851a1d" />
    <TestEntry testId="1c9be97d-a705-15da-10a8-aa99be611b5c" executionId="ef9bbd9a-0032-4424-b408-bffee2fc074b" testListId="8c84fa94-04c1-424b-9868-57a2d4851a1d" />
    <TestEntry testId="25b8c987-17f0-8136-c477-a0befcd62e7f" executionId="6dff5d04-2737-4fae-af9d-a3694e446c1b" testListId="8c84fa94-04c1-424b-9868-57a2d4851a1d" />
    <TestEntry testId="10577af9-d16e-7de8-939c-90397d523205" executionId="31e1ef97-6d02-4d40-8a0f-40655926b0a3" testListId="8c84fa94-04c1-424b-9868-57a2d4851a1d" />
    <TestEntry testId="54d6a947-90e9-ab76-47fb-328272737220" executionId="1667be62-be28-4ea2-8a9b-103aa70b3e91" testListId="8c84fa94-04c1-424b-9868-57a2d4851a1d" />
    <TestEntry testId="3db6146b-8753-2f6f-7e63-f3f5ffe3108c" executionId="2f7cb27a-47fc-46cf-a905-500e35461cdd" testListId="8c84fa94-04c1-424b-9868-57a2d4851a1d" />
    <TestEntry testId="6fc22d5b-0137-2783-ba4a-fc20626fe068" executionId="c22f57fe-fd65-45d9-944c-34f759ac87e6" testListId="8c84fa94-04c1-424b-9868-57a2d4851a1d" />
    <TestEntry testId="af511287-7726-fcbe-aa8b-a5ad524834fb" executionId="e618f310-1b20-4966-a5b1-fc8ac4cf26c1" testListId="8c84fa94-04c1-424b-9868-57a2d4851a1d" />
    <TestEntry testId="3be084ba-0445-e309-8f95-d60904a4ed45" executionId="8354bf8e-955c-4031-a3c8-8ac6af1a7103" testListId="8c84fa94-04c1-424b-9868-57a2d4851a1d" />
    <TestEntry testId="b35c0fe3-5d73-47a3-154c-132bd9ec249f" executionId="a5d0d471-5b59-4162-907f-1edfa3f66413" testListId="8c84fa94-04c1-424b-9868-57a2d4851a1d" />
    <TestEntry testId="4bef2d58-0bc1-6e55-6c25-8aef1ed7e352" executionId="2cde9a55-4059-4b33-a5cb-fa01ecf5c371" testListId="8c84fa94-04c1-424b-9868-57a2d4851a1d" />
    <TestEntry testId="3f4ab3c6-c31b-06ef-404d-209e89ccfff8" executionId="417c0133-6736-4fd8-9da1-2995b9e6ab4e" testListId="8c84fa94-04c1-424b-9868-57a2d4851a1d" />
    <TestEntry testId="01bd5546-fb96-53ce-a3d3-3ee337c925f8" executionId="093b25c1-2b4a-4ec6-af99-59f2fe2a6f27" testListId="8c84fa94-04c1-424b-9868-57a2d4851a1d" />
    <TestEntry testId="c70b4fb2-8ef3-65ba-069e-288c3fbbf72d" executionId="44da13f4-6fdd-4611-aa49-93a0b8d7f46a" testListId="8c84fa94-04c1-424b-9868-57a2d4851a1d" />
    <TestEntry testId="e54af17f-d257-2ba5-75be-655bc07b8cf2" executionId="bba78db6-8351-428d-a1c7-a0087ba5e354" testListId="8c84fa94-04c1-424b-9868-57a2d4851a1d" />
    <TestEntry testId="df8c9b95-a255-3a68-4e47-6b2613e469f6" executionId="c148ddb4-aaa3-4c2c-851f-82443987ae7e" testListId="8c84fa94-04c1-424b-9868-57a2d4851a1d" />
    <TestEntry testId="52028100-daec-53fd-7697-fb89481a0b86" executionId="0a164040-2d36-4c51-a03c-dce424142745" testListId="8c84fa94-04c1-424b-9868-57a2d4851a1d" />
    <TestEntry testId="eb93954a-ccc3-8abb-c6fc-2786206276ad" executionId="2a7b9c1b-f890-4fc2-93b9-cab3084c032c" testListId="8c84fa94-04c1-424b-9868-57a2d4851a1d" />
    <TestEntry testId="f87737b6-0ea4-d085-5eac-870e8d1cf8f4" executionId="a0f7706f-7a27-4cbf-b6e9-db534f7362aa" testListId="8c84fa94-04c1-424b-9868-57a2d4851a1d" />
    <TestEntry testId="0bf22924-5791-18ec-46eb-e9c337cff9c1" executionId="a2ae7d8d-16d2-444b-8c89-e7829cc17d65" testListId="8c84fa94-04c1-424b-9868-57a2d4851a1d" />
    <TestEntry testId="8d1ec54f-6f2e-8913-a64b-6938483c7bdf" executionId="d5edf064-3540-4874-bd04-6bba38114a31" testListId="8c84fa94-04c1-424b-9868-57a2d4851a1d" />
    <TestEntry testId="98750012-9d32-ec78-a59a-9de3af0fb5ba" executionId="08afe812-b66f-412c-ab07-ba9b339669da" testListId="8c84fa94-04c1-424b-9868-57a2d4851a1d" />
    <TestEntry testId="a32372ed-d0a8-5aa1-7910-a3a506cdc47e" executionId="2d37e520-15cf-4758-9ea5-d8c58aa311c3" testListId="8c84fa94-04c1-424b-9868-57a2d4851a1d" />
    <TestEntry testId="e6b88262-b433-6d9d-2054-00efe550437a" executionId="d9ae9990-ce5c-433b-b708-8f0336dce2ae" testListId="8c84fa94-04c1-424b-9868-57a2d4851a1d" />
    <TestEntry testId="a342ad7c-db31-f021-0e50-50a2a5a072bd" executionId="1fbf0a6b-15e1-443f-8efc-bcfb5afa9a7a" testListId="8c84fa94-04c1-424b-9868-57a2d4851a1d" />
    <TestEntry testId="c97782fa-97da-7fc4-0401-e5add9386ec0" executionId="912ff9ed-f902-48ea-8370-6acb4a185dbe" testListId="8c84fa94-04c1-424b-9868-57a2d4851a1d" />
    <TestEntry testId="c994bb6f-14a8-65df-f119-9ace1596043b" executionId="14b499e6-7c79-4411-8e22-cc6af539c6ec" testListId="8c84fa94-04c1-424b-9868-57a2d4851a1d" />
    <TestEntry testId="bac2a662-b37f-7424-7659-7c53d1780970" executionId="5137e46d-74a6-40b6-a58f-8fdeb5dc57da" testListId="8c84fa94-04c1-424b-9868-57a2d4851a1d" />
    <TestEntry testId="34939270-3f3b-163c-6f65-dbb13bcbaa0e" executionId="15937902-3757-43d4-aaf1-5c60242e54f3" testListId="8c84fa94-04c1-424b-9868-57a2d4851a1d" />
    <TestEntry testId="4a38998d-a3b2-0927-4ef3-f88ed0f19696" executionId="c993be26-9573-4dc8-a820-1e6892a91ada" testListId="8c84fa94-04c1-424b-9868-57a2d4851a1d" />
    <TestEntry testId="1e6887f7-d6e0-ff10-8138-aae4dcb4b007" executionId="ce77ea6f-8f6f-43a8-96bc-271dd0f4f17e" testListId="8c84fa94-04c1-424b-9868-57a2d4851a1d" />
    <TestEntry testId="5f92ffc8-636b-989a-07e0-7d959ce6724e" executionId="aedc91be-71e5-4e24-b60e-105acac128d2" testListId="8c84fa94-04c1-424b-9868-57a2d4851a1d" />
    <TestEntry testId="fecbf52a-f700-5648-1517-62af9643fe06" executionId="4e396f76-8bfc-4882-9664-b68a4901e0bc" testListId="8c84fa94-04c1-424b-9868-57a2d4851a1d" />
    <TestEntry testId="c8588eb8-3e03-7bb0-2d9c-2b8ea6384b10" executionId="80fdbb55-e795-4336-9ad9-176d6af08aa5" testListId="8c84fa94-04c1-424b-9868-57a2d4851a1d" />
    <TestEntry testId="c032bd73-3111-8682-1ebf-f669ade197af" executionId="ed317550-0b15-4bed-9fe0-35abc0d0cfd4" testListId="8c84fa94-04c1-424b-9868-57a2d4851a1d" />
    <TestEntry testId="c0a10c5d-987b-cbeb-19c6-612af8b241de" executionId="c9e3d250-a9d4-4d0c-9c99-faa8fd7f9bd1" testListId="8c84fa94-04c1-424b-9868-57a2d4851a1d" />
    <TestEntry testId="a28f92d3-895c-0fec-1a90-b6c0560435c6" executionId="1cb3ee64-ce08-472e-95b1-40c27d380808" testListId="8c84fa94-04c1-424b-9868-57a2d4851a1d" />
    <TestEntry testId="80e10096-6405-0c56-1ed1-8d76341a3748" executionId="6ff9f8be-706b-4323-b301-1c7a782d9dc7" testListId="8c84fa94-04c1-424b-9868-57a2d4851a1d" />
    <TestEntry testId="dbff81b8-932a-53eb-0e70-56d8723fbce2" executionId="13d03bc5-4ff5-4439-b028-f5eb661c5e60" testListId="8c84fa94-04c1-424b-9868-57a2d4851a1d" />
    <TestEntry testId="0ecc3b00-0c6e-1b62-fced-abc05fd09b65" executionId="a69132ba-00c6-45e4-a294-8c6fea47f5ed" testListId="8c84fa94-04c1-424b-9868-57a2d4851a1d" />
    <TestEntry testId="23a2ce8c-229c-f736-7e1f-b6a40812b241" executionId="7916eea6-86f6-4bac-bad4-c5e3e1c99da8" testListId="8c84fa94-04c1-424b-9868-57a2d4851a1d" />
    <TestEntry testId="d39bdf3c-43fa-e887-837f-eeed130461ea" executionId="900f41bf-bddd-4b0e-b818-5f82cd14cc41" testListId="8c84fa94-04c1-424b-9868-57a2d4851a1d" />
    <TestEntry testId="c39998c7-59d1-3884-496a-ced476601085" executionId="50bd91e7-d8f4-44cd-a0d0-dadbcd40f20e" testListId="8c84fa94-04c1-424b-9868-57a2d4851a1d" />
    <TestEntry testId="48246a8a-ac8e-a193-1e89-47f3431568b0" executionId="b052e4f8-74ae-490a-b702-3f217317c061" testListId="8c84fa94-04c1-424b-9868-57a2d4851a1d" />
    <TestEntry testId="77104ad1-2a19-a3b9-6573-66b01e87eaa0" executionId="b407b375-2a3b-4245-ad18-db1e4ca16b64" testListId="8c84fa94-04c1-424b-9868-57a2d4851a1d" />
    <TestEntry testId="8666ce26-5e0a-7fff-aef1-9509852f5f61" executionId="6e639258-27e5-45ce-baa8-58ed3742aad6" testListId="8c84fa94-04c1-424b-9868-57a2d4851a1d" />
    <TestEntry testId="a90615ce-8d14-43c7-0c2e-bace075f37d3" executionId="5c52dc7c-ab70-43e7-b1d2-0195fbf6abbe" testListId="8c84fa94-04c1-424b-9868-57a2d4851a1d" />
    <TestEntry testId="5778d31d-a5ce-c377-7f1a-1dc8ef313cae" executionId="88520a20-3ade-4ec0-9d78-d764e618444b" testListId="8c84fa94-04c1-424b-9868-57a2d4851a1d" />
    <TestEntry testId="88354a6f-d720-5764-a22d-c9d108a1961d" executionId="227d61de-d423-4458-8bb6-c0f111a72f6b" testListId="8c84fa94-04c1-424b-9868-57a2d4851a1d" />
    <TestEntry testId="e2284ed6-b273-5106-69cd-65123e28e093" executionId="7c276207-a3db-466e-b711-ddd77f39edf7" testListId="8c84fa94-04c1-424b-9868-57a2d4851a1d" />
    <TestEntry testId="c7260ebc-a696-37ef-e759-c0251b78d7a6" executionId="e6254819-9ac7-4e79-b463-58f4dd6d80de" testListId="8c84fa94-04c1-424b-9868-57a2d4851a1d" />
    <TestEntry testId="c477a57e-15ab-67bd-1860-8614e5217a42" executionId="097c0153-d371-4c47-bb15-2d37d51e50da" testListId="8c84fa94-04c1-424b-9868-57a2d4851a1d" />
    <TestEntry testId="8be4c463-cb5a-6514-541c-31baa72d5804" executionId="eca45d6f-70ca-4f62-b944-c66cf01de9d4" testListId="8c84fa94-04c1-424b-9868-57a2d4851a1d" />
    <TestEntry testId="48315743-7a51-7df7-28b3-cb841fa5cdb2" executionId="ab496995-f8c8-4374-9235-9241345cb48d" testListId="8c84fa94-04c1-424b-9868-57a2d4851a1d" />
    <TestEntry testId="d5e25b28-79cd-0d3a-98a9-3f97a78e0991" executionId="3a004411-c714-4f8e-a391-8b2c45f46927" testListId="8c84fa94-04c1-424b-9868-57a2d4851a1d" />
    <TestEntry testId="9fd87f60-c659-68d5-7045-a42249c2539d" executionId="fe14ab5a-bc18-4813-afdd-8095f1a95c03" testListId="8c84fa94-04c1-424b-9868-57a2d4851a1d" />
    <TestEntry testId="8d0f703f-1d55-a448-a53f-03b176545140" executionId="43358cfb-efcb-4e83-8938-9769960ad8df" testListId="8c84fa94-04c1-424b-9868-57a2d4851a1d" />
    <TestEntry testId="2a2f5c47-5abd-d992-bf42-8b02392ef058" executionId="8c36e0dd-f909-4736-9b1f-dc7a17e84a28" testListId="8c84fa94-04c1-424b-9868-57a2d4851a1d" />
    <TestEntry testId="43f4be32-cbbc-5755-6456-88c09b5c4b80" executionId="ccefcea0-3675-42ab-b99e-652ebaaf336c" testListId="8c84fa94-04c1-424b-9868-57a2d4851a1d" />
    <TestEntry testId="93c81460-f45a-eebe-781b-aac4218ce5db" executionId="3f137e13-b671-4b27-849e-499160e04951" testListId="8c84fa94-04c1-424b-9868-57a2d4851a1d" />
    <TestEntry testId="f6c474d3-00fd-6ba3-81a0-6a58579bb030" executionId="0ef3752b-8add-4812-ac80-718746aabe6c" testListId="8c84fa94-04c1-424b-9868-57a2d4851a1d" />
    <TestEntry testId="3fc5a52c-8846-42f7-3966-356ee186784e" executionId="905ec4b3-5ec0-44cf-abeb-b968ee1a708e" testListId="8c84fa94-04c1-424b-9868-57a2d4851a1d" />
    <TestEntry testId="a73905fb-778c-6032-c776-99bfe07cbf6b" executionId="b80c6c93-4252-46bc-a617-efd56603b85e" testListId="8c84fa94-04c1-424b-9868-57a2d4851a1d" />
    <TestEntry testId="c0dc3b2e-8a29-76fe-77e5-627e925655c0" executionId="b516a323-9678-4a50-b5cb-ba73e61147e3" testListId="8c84fa94-04c1-424b-9868-57a2d4851a1d" />
    <TestEntry testId="c464e156-ff9d-7b3c-a4bb-1d352844fd8b" executionId="de4bbaaa-b245-4d79-a665-5636657a5512" testListId="8c84fa94-04c1-424b-9868-57a2d4851a1d" />
    <TestEntry testId="62c1ead4-9e21-b168-f1af-ae1e69d17cc2" executionId="836d97dc-b77a-4768-b9e2-dcbae4dbc652" testListId="8c84fa94-04c1-424b-9868-57a2d4851a1d" />
    <TestEntry testId="af21394a-886f-4baa-5c2f-a0e77f67e3ce" executionId="dacd4e65-d091-4405-9a02-d0ac2da6325e" testListId="8c84fa94-04c1-424b-9868-57a2d4851a1d" />
    <TestEntry testId="eeb97c06-e44b-ac06-8efc-e431edd8c15c" executionId="cbcbf0b2-eb1a-4c6d-a5c2-15b262fc701d" testListId="8c84fa94-04c1-424b-9868-57a2d4851a1d" />
    <TestEntry testId="593be9dc-60fc-2229-6010-519b94c318da" executionId="11f8c083-868f-4146-9d91-77eebc27acf2" testListId="8c84fa94-04c1-424b-9868-57a2d4851a1d" />
    <TestEntry testId="994e55ae-b8a2-a4ca-7402-dce06aeafebb" executionId="9bb86649-2145-43cb-aec0-b1029d2e7196" testListId="8c84fa94-04c1-424b-9868-57a2d4851a1d" />
    <TestEntry testId="673639f5-caa0-5106-b921-c3f3cb22be4b" executionId="ca57b2f3-c563-455d-bfd3-9963bcea25f5" testListId="8c84fa94-04c1-424b-9868-57a2d4851a1d" />
    <TestEntry testId="6e0758e3-231e-8e4a-2c91-88949ecd029a" executionId="36a48c00-e397-4513-a6f2-a1cdb5022da0" testListId="8c84fa94-04c1-424b-9868-57a2d4851a1d" />
    <TestEntry testId="8b422a60-fe88-f77d-1f35-c2b273eb392c" executionId="b100337b-2782-4688-8bf8-ec7f183692bd" testListId="8c84fa94-04c1-424b-9868-57a2d4851a1d" />
    <TestEntry testId="eee99d7e-704a-7e7c-1cc7-2964fa44d9e5" executionId="6bad79db-899e-4217-b011-2a6fc528ed96" testListId="8c84fa94-04c1-424b-9868-57a2d4851a1d" />
    <TestEntry testId="2c3826bd-537f-23d7-b074-0f1c3fe00c74" executionId="d09c7511-4b10-49ca-93d3-5742ec75ee63" testListId="8c84fa94-04c1-424b-9868-57a2d4851a1d" />
    <TestEntry testId="74492ed3-b837-ab56-bec8-ac512e575564" executionId="816ddf46-85f9-4b01-8b59-17b1c72162eb" testListId="8c84fa94-04c1-424b-9868-57a2d4851a1d" />
    <TestEntry testId="a8679e2b-eb4c-db49-2910-f062c807e91e" executionId="684650f0-afc0-4332-ade8-b052c58f7570" testListId="8c84fa94-04c1-424b-9868-57a2d4851a1d" />
    <TestEntry testId="254d1888-b1e4-8f66-038c-d8db9de763c0" executionId="ab133788-3c37-4d56-ba5c-cf322517706d" testListId="8c84fa94-04c1-424b-9868-57a2d4851a1d" />
    <TestEntry testId="eecf0f81-f633-63ac-6e92-b4d96edd6189" executionId="583e6dc5-e725-47dd-8703-8fa9c9579f63" testListId="8c84fa94-04c1-424b-9868-57a2d4851a1d" />
    <TestEntry testId="eac6d3f8-7143-a5f1-242b-ac3081b96c1b" executionId="c76b8ac3-3e2d-4054-b136-08ba0d2b5a50" testListId="8c84fa94-04c1-424b-9868-57a2d4851a1d" />
    <TestEntry testId="0a0b7cc3-ab82-d686-c852-682f38411a59" executionId="48e222f7-2baa-4c4f-9cc7-445d7ed4ff40" testListId="8c84fa94-04c1-424b-9868-57a2d4851a1d" />
    <TestEntry testId="6beec7e0-e80d-a608-377e-259f10065421" executionId="3fced5da-ac48-472a-8ffc-866b7da7d036" testListId="8c84fa94-04c1-424b-9868-57a2d4851a1d" />
    <TestEntry testId="4ed0ae28-42dd-4646-c727-bd15f8ff9c6e" executionId="d207f050-98bd-4b98-b38c-6b0914c7e11a" testListId="8c84fa94-04c1-424b-9868-57a2d4851a1d" />
    <TestEntry testId="d5e058d0-ffd7-7a34-3ef2-816c05dc18ac" executionId="259191eb-54cc-4404-8959-461b55778355" testListId="8c84fa94-04c1-424b-9868-57a2d4851a1d" />
    <TestEntry testId="4f3a0d39-f52c-69ba-8d47-bd76f1e2941f" executionId="6377ef22-9a46-471c-bb2a-7b93b70f7dba" testListId="8c84fa94-04c1-424b-9868-57a2d4851a1d" />
    <TestEntry testId="f9014d6b-492a-bdb0-448e-f3a653852198" executionId="a4eb9a87-c224-4f3b-9a3a-2dbdb9919e58" testListId="8c84fa94-04c1-424b-9868-57a2d4851a1d" />
    <TestEntry testId="cc930b5f-de32-3dbf-7a94-c0d11614c646" executionId="9674480b-73ae-44be-877d-454c26978ce2" testListId="8c84fa94-04c1-424b-9868-57a2d4851a1d" />
    <TestEntry testId="09b9383b-e330-b562-081b-5bb10ce53d2e" executionId="14c78f82-9f09-4f1f-a8ee-21b8f17e641c" testListId="8c84fa94-04c1-424b-9868-57a2d4851a1d" />
    <TestEntry testId="7dc4f63b-e6ce-5ea2-9502-4ee57efab7a9" executionId="270754d6-8ed2-455a-8f04-78c0d66b411a" testListId="8c84fa94-04c1-424b-9868-57a2d4851a1d" />
    <TestEntry testId="8d5cbeab-4a4b-b492-2d44-19c118deac86" executionId="3acef19f-ac35-416f-8c1a-dea35469d841" testListId="8c84fa94-04c1-424b-9868-57a2d4851a1d" />
    <TestEntry testId="76a97bf5-b168-bc08-c10b-09b63899e038" executionId="888053d5-9676-434f-a16e-1f02ceb7db6f" testListId="8c84fa94-04c1-424b-9868-57a2d4851a1d" />
    <TestEntry testId="1080a8fb-c4f5-1740-e9b9-cd24db7a0bc9" executionId="a36cb327-e66d-4a88-bccd-539aba2849e2" testListId="8c84fa94-04c1-424b-9868-57a2d4851a1d" />
    <TestEntry testId="e14ecc4d-cd25-f90a-8302-d41af63d51ae" executionId="ff55474a-f202-43cd-b544-453e7e75a657" testListId="8c84fa94-04c1-424b-9868-57a2d4851a1d" />
    <TestEntry testId="f32f6b07-5072-5325-a166-780485e63476" executionId="4051c239-3fd1-4010-9112-76f6e2a650a6" testListId="8c84fa94-04c1-424b-9868-57a2d4851a1d" />
    <TestEntry testId="4e74a8ed-032b-65ec-4aad-fdfafaa866e9" executionId="72516989-6c76-48b5-932c-ff9102599b93" testListId="8c84fa94-04c1-424b-9868-57a2d4851a1d" />
    <TestEntry testId="3eaa411e-2e30-6c5c-3ceb-1535b3784fdf" executionId="fed022a2-2679-4ccc-89f7-67bbdcc73dae" testListId="8c84fa94-04c1-424b-9868-57a2d4851a1d" />
    <TestEntry testId="a5a68e33-c134-f61b-ad7a-9c316bb5c6f3" executionId="c98e4d52-0526-43f7-b5f1-711f3c6d0159" testListId="8c84fa94-04c1-424b-9868-57a2d4851a1d" />
    <TestEntry testId="7874ddcf-b9f0-18bf-6f93-3e77bd0ad0fa" executionId="9c6dfcfc-741a-472b-bed7-b358abe7a8fb" testListId="8c84fa94-04c1-424b-9868-57a2d4851a1d" />
    <TestEntry testId="740fced9-6282-38dd-0fc6-8b3e84e84d39" executionId="c279e2a3-5114-47c7-8cd6-6369add9d1bf" testListId="8c84fa94-04c1-424b-9868-57a2d4851a1d" />
    <TestEntry testId="52aee1a2-31a0-f3c6-6395-196c2c9cc229" executionId="a181e721-09f4-474d-9add-c46b0fc9d55f" testListId="8c84fa94-04c1-424b-9868-57a2d4851a1d" />
    <TestEntry testId="e6e5b157-c426-8a1d-a8cf-8fbc7a7f4ed4" executionId="c0afb761-fe45-427f-9cac-6b657626dd2f" testListId="8c84fa94-04c1-424b-9868-57a2d4851a1d" />
    <TestEntry testId="259d84d8-a34e-7098-bac3-954163732a30" executionId="d2eb6c72-e520-4793-8410-74e1b5843ec2" testListId="8c84fa94-04c1-424b-9868-57a2d4851a1d" />
    <TestEntry testId="7e522537-41c5-2350-467c-16610047dbcc" executionId="3e8c8e7b-abde-4979-8f0b-20ff9d22c44d" testListId="8c84fa94-04c1-424b-9868-57a2d4851a1d" />
    <TestEntry testId="17ea524f-1ea7-e888-4526-761ea396984a" executionId="d421d785-b40b-450b-9021-279cc902a3dc" testListId="8c84fa94-04c1-424b-9868-57a2d4851a1d" />
    <TestEntry testId="f2471a80-917a-1f7f-dc7f-a6cfdf7bdc83" executionId="fb8690cd-54d5-449b-8a32-364e5a553b39" testListId="8c84fa94-04c1-424b-9868-57a2d4851a1d" />
    <TestEntry testId="333c1019-8059-91cd-cd8a-ffa8f067c19b" executionId="c0eea6bf-3cac-4b76-af59-20f8f4941d54" testListId="8c84fa94-04c1-424b-9868-57a2d4851a1d" />
    <TestEntry testId="bbbbbdcd-8874-a9b9-ab2b-ef3843ecf39f" executionId="2734c462-f8bb-442f-b42b-1622005534e9" testListId="8c84fa94-04c1-424b-9868-57a2d4851a1d" />
    <TestEntry testId="4969df24-d955-5128-1372-65359e322b50" executionId="85d0e9d0-a439-4aa7-b39a-343b2ecb332c" testListId="8c84fa94-04c1-424b-9868-57a2d4851a1d" />
    <TestEntry testId="dc75768b-bcb0-a380-746a-7f31d2bd783c" executionId="1f3cd360-097c-4d9f-8a60-578223e692de" testListId="8c84fa94-04c1-424b-9868-57a2d4851a1d" />
    <TestEntry testId="dbba9f29-3ff1-0c52-21d9-b16ed90cc835" executionId="5dfb4c11-a2fe-4b6f-bd68-f656072b7c75" testListId="8c84fa94-04c1-424b-9868-57a2d4851a1d" />
    <TestEntry testId="86ce3c86-1c42-2a33-7541-9a4ea50c4d2a" executionId="c16349af-2ebb-4c01-b470-d049df717021" testListId="8c84fa94-04c1-424b-9868-57a2d4851a1d" />
    <TestEntry testId="ea36e14f-372d-197a-9c21-e8d64d28aa3e" executionId="e7e02226-c420-402e-aa1d-c23fd5deba84" testListId="8c84fa94-04c1-424b-9868-57a2d4851a1d" />
    <TestEntry testId="2ee445b8-95a6-d091-7813-4c4e8610a0c0" executionId="429999a9-2b59-4347-9090-7d1abc9ea879" testListId="8c84fa94-04c1-424b-9868-57a2d4851a1d" />
    <TestEntry testId="529de1cb-c054-24a3-d07e-67201a262eff" executionId="295f1e47-4d31-442c-9d60-469ee498ab45" testListId="8c84fa94-04c1-424b-9868-57a2d4851a1d" />
    <TestEntry testId="1cf648e1-78bd-98ec-46ff-0da29754143a" executionId="38c25e92-10a1-451e-b92f-7a1672bed3f0" testListId="8c84fa94-04c1-424b-9868-57a2d4851a1d" />
    <TestEntry testId="1c5263d3-f97a-e400-bb9e-490fdd53a2e7" executionId="13f504b7-8327-49f4-a500-80a130d7c93d" testListId="8c84fa94-04c1-424b-9868-57a2d4851a1d" />
    <TestEntry testId="dee5be13-8574-2848-e367-924fc939b9d3" executionId="e772019d-1137-44c5-bf95-337d7b83d5ff" testListId="8c84fa94-04c1-424b-9868-57a2d4851a1d" />
    <TestEntry testId="547e16e6-b4e4-b7dc-2721-5de4a2e1c2fa" executionId="bb9edb52-b761-4246-8153-bbff08803720" testListId="8c84fa94-04c1-424b-9868-57a2d4851a1d" />
    <TestEntry testId="fb6a888f-3f0e-5222-cc4c-163e04022e10" executionId="86cbf8b7-d0a8-4d5f-91e7-f4432fcbbf17" testListId="8c84fa94-04c1-424b-9868-57a2d4851a1d" />
    <TestEntry testId="3c833b0f-7562-cd20-cdba-54fcf6f967ba" executionId="4b767f7b-d354-4ce3-94cf-2fb5b05f454a" testListId="8c84fa94-04c1-424b-9868-57a2d4851a1d" />
    <TestEntry testId="c3b58f05-f403-9d45-f8b0-3874af07e835" executionId="37f9edb4-98d0-4682-8f58-cfa6709afd16" testListId="8c84fa94-04c1-424b-9868-57a2d4851a1d" />
    <TestEntry testId="7719aeda-4511-e7e0-e7a6-f72d0152e7ba" executionId="567979dd-aab0-47b9-8d85-e11b99b0093c" testListId="8c84fa94-04c1-424b-9868-57a2d4851a1d" />
    <TestEntry testId="9000728a-3a9f-07e0-b415-31a7c48348e1" executionId="f5c2fc44-5855-4745-9084-036d6a56b3cf" testListId="8c84fa94-04c1-424b-9868-57a2d4851a1d" />
    <TestEntry testId="85111466-f419-f1ea-fb4c-ba5f19f5b76d" executionId="54cfb577-984e-49d6-aea5-b25a5a28f69b" testListId="8c84fa94-04c1-424b-9868-57a2d4851a1d" />
    <TestEntry testId="e2ae4437-b94f-5fa2-0628-78f91a702d49" executionId="3c408812-b397-4c3e-b3a2-a5dcf20bcf22" testListId="8c84fa94-04c1-424b-9868-57a2d4851a1d" />
    <TestEntry testId="402d9547-53c6-8a37-1073-086800375532" executionId="58f62141-e1fa-4495-96ce-6cfcf8b21def" testListId="8c84fa94-04c1-424b-9868-57a2d4851a1d" />
    <TestEntry testId="30fa9209-d066-e423-381b-b8353c5b9b01" executionId="f1e68da9-d262-46b8-973f-b02c2929f9a3" testListId="8c84fa94-04c1-424b-9868-57a2d4851a1d" />
    <TestEntry testId="89641d7d-69df-219c-d49a-eeeef2f6e5bd" executionId="785e955f-6306-4eaa-99f6-e05bd5b1da03" testListId="8c84fa94-04c1-424b-9868-57a2d4851a1d" />
    <TestEntry testId="fac404be-6320-87f2-facc-6a59183bf4aa" executionId="94c5f91c-7bac-4f76-b5f4-61fccbb4b4cc" testListId="8c84fa94-04c1-424b-9868-57a2d4851a1d" />
    <TestEntry testId="90b706b5-a0e9-4c9f-9dc3-e3cc9454f3ef" executionId="b0473a2b-5ab3-4913-93da-10cf0253fd40" testListId="8c84fa94-04c1-424b-9868-57a2d4851a1d" />
    <TestEntry testId="a9b5fb0c-fdd1-e756-f5a2-4dd9aa3afd91" executionId="37548ccc-bb5b-4610-87ac-b449e119f22a" testListId="8c84fa94-04c1-424b-9868-57a2d4851a1d" />
    <TestEntry testId="a14badbb-38db-c81b-bdbd-dad11350daca" executionId="8c4d6771-3dbf-4215-84d0-a490ca3d3833" testListId="8c84fa94-04c1-424b-9868-57a2d4851a1d" />
    <TestEntry testId="26440f56-b1d5-bf71-6850-73d01d65d17f" executionId="12997622-0b57-469b-b5ef-d49073ccb49a" testListId="8c84fa94-04c1-424b-9868-57a2d4851a1d" />
    <TestEntry testId="9aecfd5e-2fa6-a6bb-36c6-3f8db459d4e7" executionId="2bc1e3ca-bf4b-4999-8b26-8ac81e51953a" testListId="8c84fa94-04c1-424b-9868-57a2d4851a1d" />
    <TestEntry testId="20980c0c-8d9e-5bed-57d6-a85c57f510fc" executionId="23742615-24c9-422f-8746-2caf2bf5c2c0" testListId="8c84fa94-04c1-424b-9868-57a2d4851a1d" />
    <TestEntry testId="c7260ebc-a696-37ef-e759-c0251b78d7a6" executionId="52780908-476c-4c00-a7d7-22cc02d64bc3" testListId="8c84fa94-04c1-424b-9868-57a2d4851a1d" />
    <TestEntry testId="fb776401-1cc0-1e5c-b578-f5f3aad47f33" executionId="2ab6d242-32e8-48e2-8fb1-9b4e1d612e22" testListId="8c84fa94-04c1-424b-9868-57a2d4851a1d" />
    <TestEntry testId="d2f1f98f-3678-8cc2-c5ce-77210d53b79d" executionId="ef721c14-832f-4b33-9420-1008ef5ab0cb" testListId="8c84fa94-04c1-424b-9868-57a2d4851a1d" />
    <TestEntry testId="093eb450-b4d1-b35f-692b-7f98045efb03" executionId="d1477655-3945-48fc-b8ea-4d33eaf6f1b5" testListId="8c84fa94-04c1-424b-9868-57a2d4851a1d" />
    <TestEntry testId="e72dbfa0-31d3-c902-71d9-137733f4bb23" executionId="85a19256-4061-43fd-947c-cbabecdce898" testListId="8c84fa94-04c1-424b-9868-57a2d4851a1d" />
    <TestEntry testId="28374e96-3231-6de2-97b5-ed5b9d438372" executionId="42eda672-38fb-4ea0-bf0c-6b755a675919" testListId="8c84fa94-04c1-424b-9868-57a2d4851a1d" />
    <TestEntry testId="bc22ce3e-f4f8-d01e-aaad-f263a7472c7b" executionId="1c67b18a-d534-41e9-a440-fb9192641461" testListId="8c84fa94-04c1-424b-9868-57a2d4851a1d" />
    <TestEntry testId="92eebf8a-d742-7edb-c8d7-cec559535ed0" executionId="c463c3ea-ebb1-4344-88e9-26731f406e47" testListId="8c84fa94-04c1-424b-9868-57a2d4851a1d" />
    <TestEntry testId="79fc2826-52f9-58ea-3898-5f27a103d06b" executionId="a808be8a-aae4-4d79-8d17-6042df036221" testListId="8c84fa94-04c1-424b-9868-57a2d4851a1d" />
    <TestEntry testId="ac2e8896-c884-fbb9-8d56-af1fdcb2107c" executionId="55210685-b045-4fc8-981f-7a0b958e056a" testListId="8c84fa94-04c1-424b-9868-57a2d4851a1d" />
    <TestEntry testId="f4465c18-7ddc-1465-e925-f39d3b289931" executionId="48eeed77-e6ed-4ffa-9326-c1c4ce818c31" testListId="8c84fa94-04c1-424b-9868-57a2d4851a1d" />
    <TestEntry testId="de5a6185-bea1-cb52-01da-a42f801ea264" executionId="f76b9757-4bf6-43ea-a389-b07716ae0ce4" testListId="8c84fa94-04c1-424b-9868-57a2d4851a1d" />
    <TestEntry testId="dd10cb28-d6e4-ea8c-d462-fda602ca1e88" executionId="4e772251-b9cc-46f2-91c4-ae1c649b7f43" testListId="8c84fa94-04c1-424b-9868-57a2d4851a1d" />
    <TestEntry testId="0a300af8-074e-9501-ec6a-975668ca3859" executionId="6747faad-9971-47f1-a1dc-f668f90cafd7" testListId="8c84fa94-04c1-424b-9868-57a2d4851a1d" />
    <TestEntry testId="5fcac1c4-42bc-fd3a-a7b7-be9c716c0909" executionId="2b9d9dbf-4afc-40fc-a6ee-2df7c5b774a5" testListId="8c84fa94-04c1-424b-9868-57a2d4851a1d" />
    <TestEntry testId="9e3f27a6-59c2-db03-8c89-df0fbdc5a2f0" executionId="96207d43-a08d-4a88-9efc-d55782666473" testListId="8c84fa94-04c1-424b-9868-57a2d4851a1d" />
    <TestEntry testId="10ea75e5-1086-70be-114d-0a29818ef28d" executionId="ad4982db-c2dd-4c5c-871c-51c2da3285c9" testListId="8c84fa94-04c1-424b-9868-57a2d4851a1d" />
    <TestEntry testId="85a91969-13ae-1239-28d7-a0ec6378677f" executionId="ba884a6d-b129-4030-a234-bd39fe595ca1" testListId="8c84fa94-04c1-424b-9868-57a2d4851a1d" />
    <TestEntry testId="b7fa2b84-2964-592a-59c7-32071a593067" executionId="27b69a5c-15d5-40dd-a36e-22a994135772" testListId="8c84fa94-04c1-424b-9868-57a2d4851a1d" />
    <TestEntry testId="6eb5bf9b-9651-6d1d-3a82-885bce2195f2" executionId="165bad8a-8013-4e3b-8467-8d0eb48be48b" testListId="8c84fa94-04c1-424b-9868-57a2d4851a1d" />
    <TestEntry testId="9c96bea9-71d6-919f-991b-f09a016aab82" executionId="320b0f35-b728-427a-be31-5d48c02c6486" testListId="8c84fa94-04c1-424b-9868-57a2d4851a1d" />
    <TestEntry testId="45913e0e-7768-b45d-e231-50a77a9a60bc" executionId="96328492-7ab3-41e1-89a7-aa9d134e7784" testListId="8c84fa94-04c1-424b-9868-57a2d4851a1d" />
    <TestEntry testId="0e5b3705-4dae-2181-2558-00a8f7b1941e" executionId="3af27c84-b398-4dad-acdf-c5b9f24dadb8" testListId="8c84fa94-04c1-424b-9868-57a2d4851a1d" />
    <TestEntry testId="0ce2cbd6-1772-13c1-3afe-14dfc1e76a0c" executionId="1bce634e-9b60-4505-8f6b-f1ce4baf8f56" testListId="8c84fa94-04c1-424b-9868-57a2d4851a1d" />
    <TestEntry testId="ff7cf126-3f50-6353-bdb8-6e1a4f043d22" executionId="6c464d17-1eb8-46f3-8bc6-9d4a7202197d" testListId="8c84fa94-04c1-424b-9868-57a2d4851a1d" />
    <TestEntry testId="9e61a264-82a4-bfa1-64cd-a2c2159339ad" executionId="e787835c-e915-40ac-a65b-803865f20d48" testListId="8c84fa94-04c1-424b-9868-57a2d4851a1d" />
    <TestEntry testId="78b75ed4-8429-21f9-9592-505525d763b8" executionId="8c684d0f-7d11-4d28-a7d4-a148753d6895" testListId="8c84fa94-04c1-424b-9868-57a2d4851a1d" />
    <TestEntry testId="fcb4482f-293e-49e1-2ace-5e47fc3c89f2" executionId="ea9e9c8a-78ff-4b1a-9092-f0075bf23664" testListId="8c84fa94-04c1-424b-9868-57a2d4851a1d" />
    <TestEntry testId="d382518d-ac2b-8268-6b41-67aad5d08128" executionId="77ee3713-fc54-4e6b-b410-3c19978eabe0" testListId="8c84fa94-04c1-424b-9868-57a2d4851a1d" />
    <TestEntry testId="be8fb651-f0db-2481-37f7-dabddb88ecfb" executionId="cb28aaec-824d-4812-869d-6974a8abac69" testListId="8c84fa94-04c1-424b-9868-57a2d4851a1d" />
    <TestEntry testId="bca2ad5c-47df-5e28-1972-71afed63384f" executionId="ee4d875b-0ff7-4e15-b58c-56189e9b6d03" testListId="8c84fa94-04c1-424b-9868-57a2d4851a1d" />
    <TestEntry testId="ff8577fb-ce84-7fd8-66c7-cb19e42ba466" executionId="78d8c63c-7184-4312-b41b-f05708491191" testListId="8c84fa94-04c1-424b-9868-57a2d4851a1d" />
    <TestEntry testId="734f9863-940c-6f02-4bab-fe88b38a76bc" executionId="346fc274-92aa-4e92-92e0-aa9d3c7bb52e" testListId="8c84fa94-04c1-424b-9868-57a2d4851a1d" />
    <TestEntry testId="a3c8ed5d-3a6e-a49a-1e69-d3d0339835de" executionId="fa142182-572b-47f8-be7f-38602aff0650" testListId="8c84fa94-04c1-424b-9868-57a2d4851a1d" />
    <TestEntry testId="827ca186-0c29-b61e-9e2f-035ce5286d39" executionId="189a1ac4-51a8-47b7-bf7d-12e55c6d9140" testListId="8c84fa94-04c1-424b-9868-57a2d4851a1d" />
    <TestEntry testId="40e9e5d4-1c18-ecc2-e66c-2236d1053683" executionId="24d91d7d-0550-49c5-9556-04ed7559e5a1" testListId="8c84fa94-04c1-424b-9868-57a2d4851a1d" />
    <TestEntry testId="cccea001-0fd4-8a8c-2ed3-d5353b49df15" executionId="1f6ee66f-6d96-4a8a-b740-b3d2ae66a291" testListId="8c84fa94-04c1-424b-9868-57a2d4851a1d" />
    <TestEntry testId="eab1726c-60be-51af-68e5-eb627280a04a" executionId="f523cfc5-fb5b-4761-abaa-692a64167b5e" testListId="8c84fa94-04c1-424b-9868-57a2d4851a1d" />
    <TestEntry testId="8c25d266-0f03-7ae6-7678-beedad642844" executionId="df639b9a-9845-4e74-bb71-44609b9a563c" testListId="8c84fa94-04c1-424b-9868-57a2d4851a1d" />
    <TestEntry testId="ee4a139b-64d6-aff9-926b-67f81984161d" executionId="d333f9f7-2b2a-4266-87e8-a8fd0c3c03cf" testListId="8c84fa94-04c1-424b-9868-57a2d4851a1d" />
    <TestEntry testId="68b9dfec-41b7-a06d-054b-ba6568f69ed0" executionId="492d8a79-858e-49ac-8e59-24eb725509f8" testListId="8c84fa94-04c1-424b-9868-57a2d4851a1d" />
    <TestEntry testId="5480f7b1-3654-ffee-c98b-6ebbcc60e5ec" executionId="5806d61b-37f7-48e0-8402-3746a3feef2d" testListId="8c84fa94-04c1-424b-9868-57a2d4851a1d" />
    <TestEntry testId="e57b50d1-b22a-680b-49f3-004c8133d930" executionId="e9864d22-c422-4ad9-8d35-0d6cedb89231" testListId="8c84fa94-04c1-424b-9868-57a2d4851a1d" />
    <TestEntry testId="3bd5f0e6-a898-4764-8e91-93aad44dad43" executionId="1b94ef56-b699-483b-85e2-37ab7c8d1c44" testListId="8c84fa94-04c1-424b-9868-57a2d4851a1d" />
    <TestEntry testId="5e007768-5fbf-30e3-d7e7-67774ed17a80" executionId="f9b8071a-25e7-4ab3-90fc-8f8a2cb5ebf1" testListId="8c84fa94-04c1-424b-9868-57a2d4851a1d" />
    <TestEntry testId="88fde139-dea0-187e-d5da-5bf77e5c9fc2" executionId="19a2fe7a-58af-4141-a718-ae4e474a46eb" testListId="8c84fa94-04c1-424b-9868-57a2d4851a1d" />
    <TestEntry testId="cd8997ba-625f-ef13-00bd-c2f23ac49194" executionId="41faa644-e8dc-4937-934b-304f3eec0d20" testListId="8c84fa94-04c1-424b-9868-57a2d4851a1d" />
    <TestEntry testId="c5d8ae9b-c29c-8b55-6790-e49163237818" executionId="02534567-b36b-4cf5-a315-e95c14c6e9f0" testListId="8c84fa94-04c1-424b-9868-57a2d4851a1d" />
    <TestEntry testId="f0f2cf6e-e91d-d6e3-e39e-345b40bd28a5" executionId="ffcd6fac-81d4-412c-a328-1dea46f32419" testListId="8c84fa94-04c1-424b-9868-57a2d4851a1d" />
    <TestEntry testId="1080a8fb-c4f5-1740-e9b9-cd24db7a0bc9" executionId="21690c07-d41d-4ed7-b4b5-507bccc235f5" testListId="8c84fa94-04c1-424b-9868-57a2d4851a1d" />
    <TestEntry testId="adc37a55-3018-40ec-b3ed-4ed7924c463d" executionId="1d255889-b5f4-4203-8b6e-a5c0db036c4e" testListId="8c84fa94-04c1-424b-9868-57a2d4851a1d" />
    <TestEntry testId="f2682ae8-cb44-07d9-4b2e-6f7ac7579d66" executionId="c2a44d59-5df2-4e73-8ecd-778c5f07ca9a" testListId="8c84fa94-04c1-424b-9868-57a2d4851a1d" />
    <TestEntry testId="cb666151-ca36-d93c-1816-b59b9f13d583" executionId="8aa5774d-2ece-48f4-9695-fbb6eec62c84" testListId="8c84fa94-04c1-424b-9868-57a2d4851a1d" />
    <TestEntry testId="0654b257-2c98-6e2a-b721-90035e3a4ed3" executionId="e9c40258-e582-4c24-9e02-61291a412a92" testListId="8c84fa94-04c1-424b-9868-57a2d4851a1d" />
    <TestEntry testId="1080a8fb-c4f5-1740-e9b9-cd24db7a0bc9" executionId="0ff7f56e-35be-4a29-920b-645b2b0a33e7" testListId="8c84fa94-04c1-424b-9868-57a2d4851a1d" />
    <TestEntry testId="7e560910-18ba-7409-cc96-344ad0715c1f" executionId="5bd75c39-ab9b-445e-ac52-5db1a794c148" testListId="8c84fa94-04c1-424b-9868-57a2d4851a1d" />
    <TestEntry testId="8a7a7267-5669-4beb-5c25-779a3c4dcb87" executionId="01ff9052-e4e3-47a0-bdc3-2220685c8254" testListId="8c84fa94-04c1-424b-9868-57a2d4851a1d" />
    <TestEntry testId="7eb1f97f-5526-479e-4893-8915c761e4d5" executionId="2b91e9ba-47bf-4db7-98f6-cede79019d24" testListId="8c84fa94-04c1-424b-9868-57a2d4851a1d" />
    <TestEntry testId="b0eb830d-c891-b7ee-7580-2c6230530ff4" executionId="0550758e-8dc0-43d7-8263-4f8781a125c6" testListId="8c84fa94-04c1-424b-9868-57a2d4851a1d" />
    <TestEntry testId="568abae7-0c7c-4063-1172-6b9d29847ede" executionId="786fa599-1c8b-4f36-a353-a42a526d71d9" testListId="8c84fa94-04c1-424b-9868-57a2d4851a1d" />
    <TestEntry testId="b6319510-fc4c-6f7c-a839-534026868c25" executionId="a45e95ad-da7d-4e4c-a92f-360fef57a9d6" testListId="8c84fa94-04c1-424b-9868-57a2d4851a1d" />
    <TestEntry testId="d5660f8e-df83-16a9-1ec1-a39dd8975d93" executionId="f2d10689-37f6-4328-9343-9e2326b36794" testListId="8c84fa94-04c1-424b-9868-57a2d4851a1d" />
    <TestEntry testId="58fb35cf-80f9-fb0a-f9a0-0721e6e3edc8" executionId="4825a6ca-2df5-42d1-a524-d4900917d0c9" testListId="8c84fa94-04c1-424b-9868-57a2d4851a1d" />
    <TestEntry testId="00c56986-8112-361d-d786-53486ce4373f" executionId="adb90dbb-577e-4cf7-b2b2-b98d631fe407" testListId="8c84fa94-04c1-424b-9868-57a2d4851a1d" />
    <TestEntry testId="81ac65f1-f0e7-fed7-1e34-0ccd8eedcfa3" executionId="423fdf28-536b-47e9-828f-c8b9a3019539" testListId="8c84fa94-04c1-424b-9868-57a2d4851a1d" />
    <TestEntry testId="9679f3b1-d316-e371-a99a-a9db8d077c58" executionId="9d72ca08-52dc-4498-8ebe-fb75d20a7e82" testListId="8c84fa94-04c1-424b-9868-57a2d4851a1d" />
    <TestEntry testId="4d556cfe-854e-c787-4581-c33346532a5d" executionId="13783014-d779-4842-9121-361cf54098fb" testListId="8c84fa94-04c1-424b-9868-57a2d4851a1d" />
    <TestEntry testId="53de19b7-9b3d-7da9-5b03-41824c463aaa" executionId="33d0ebd5-6f4e-4053-b129-4d9ac2e50146" testListId="8c84fa94-04c1-424b-9868-57a2d4851a1d" />
    <TestEntry testId="0d282eb7-e382-1856-ff88-6ccd607b5c7a" executionId="a610bea9-4644-49ab-b92e-100b0da6a5ad" testListId="8c84fa94-04c1-424b-9868-57a2d4851a1d" />
    <TestEntry testId="073e6733-72fc-7de4-4ef2-bd3101333097" executionId="a05d2aae-6a01-4b7b-b5cd-4cc184423a2b" testListId="8c84fa94-04c1-424b-9868-57a2d4851a1d" />
    <TestEntry testId="c627bc7d-6318-33ed-321f-a2f71de1cac0" executionId="8a54989c-24a6-4ae4-bcca-3bcfc3c90ad4" testListId="8c84fa94-04c1-424b-9868-57a2d4851a1d" />
    <TestEntry testId="d92da177-70ee-1e79-de32-dfb0eb2ac873" executionId="8d9e73e0-cd1f-4067-a630-eddf719387dc" testListId="8c84fa94-04c1-424b-9868-57a2d4851a1d" />
    <TestEntry testId="1f8888d0-974d-1253-c62e-e8da2f6e9380" executionId="e11bc1b1-3101-4270-b283-cca5f4e89013" testListId="8c84fa94-04c1-424b-9868-57a2d4851a1d" />
    <TestEntry testId="70e076bf-2766-bdd3-83dc-52a251517bb2" executionId="383a2339-4084-4a80-a08e-4d7ede2970bc" testListId="8c84fa94-04c1-424b-9868-57a2d4851a1d" />
    <TestEntry testId="01825cc0-b814-cfba-c53d-8448d4f7298c" executionId="96c3a6c8-6443-44a7-a736-602636deab94" testListId="8c84fa94-04c1-424b-9868-57a2d4851a1d" />
    <TestEntry testId="4a8f4649-d4d3-677c-9d3d-9410c5c92302" executionId="2e3c461f-823a-49dc-8eff-32606af7db70" testListId="8c84fa94-04c1-424b-9868-57a2d4851a1d" />
    <TestEntry testId="22eccf0a-789a-6b0f-8cb1-b8eb6843c5ba" executionId="26bd6911-6bd3-4255-92f6-091f287c54b7" testListId="8c84fa94-04c1-424b-9868-57a2d4851a1d" />
    <TestEntry testId="50986544-61b7-2562-ac19-20da1407f754" executionId="cde794f4-6853-463d-a7cd-e428fa8a874e" testListId="8c84fa94-04c1-424b-9868-57a2d4851a1d" />
    <TestEntry testId="664cc316-db1b-441b-8afe-c25d90e05374" executionId="65a35c1e-3a9d-40f1-91d5-6b29fca1bc5c" testListId="8c84fa94-04c1-424b-9868-57a2d4851a1d" />
    <TestEntry testId="1f928e90-867b-a003-40e0-af24427d476e" executionId="29891d73-645f-4b28-ac21-c134dbb976a0" testListId="8c84fa94-04c1-424b-9868-57a2d4851a1d" />
    <TestEntry testId="586a6e9f-1677-db0a-a90b-40e2a4c65a99" executionId="3988705c-39b1-4e18-9b78-441a0d2b420e" testListId="8c84fa94-04c1-424b-9868-57a2d4851a1d" />
    <TestEntry testId="d460b2f2-436c-207f-5459-a69c88d875e5" executionId="fcb8a19f-aedc-4700-b117-c7d6d117d5e9" testListId="8c84fa94-04c1-424b-9868-57a2d4851a1d" />
    <TestEntry testId="caa7d380-0133-5adc-94ca-95a6401a066d" executionId="362cd5bd-a1fa-4f1b-bed4-b648f0d933ba" testListId="8c84fa94-04c1-424b-9868-57a2d4851a1d" />
    <TestEntry testId="ecfc0388-f6bc-da8d-a5b5-d1efa1a611b0" executionId="969aca72-98c5-4d52-81d7-889379111a5d" testListId="8c84fa94-04c1-424b-9868-57a2d4851a1d" />
    <TestEntry testId="d1a21710-705a-475a-808d-65b0aad92f71" executionId="144ecc2a-26e0-4ca8-ac0c-3fc713f1b02e" testListId="8c84fa94-04c1-424b-9868-57a2d4851a1d" />
    <TestEntry testId="ed7a6be3-3697-84b7-bfd3-8de02e542b9d" executionId="d1c0cb21-0501-4d43-abb8-1776b20c346c" testListId="8c84fa94-04c1-424b-9868-57a2d4851a1d" />
    <TestEntry testId="2fd84072-b7ae-5b84-3b19-88f2c791dcf8" executionId="00105db6-a2db-43a5-af39-f434ed5702d4" testListId="8c84fa94-04c1-424b-9868-57a2d4851a1d" />
    <TestEntry testId="d8bd6005-c7ea-3a5c-6ae9-8ad87ec9e0e1" executionId="a36fc37b-33e4-4bb7-ae81-5b15ad49a225" testListId="8c84fa94-04c1-424b-9868-57a2d4851a1d" />
    <TestEntry testId="23b58f3e-490c-efc8-cd5b-da219b5577a2" executionId="16046640-d854-41b7-8300-28dabfb37b79" testListId="8c84fa94-04c1-424b-9868-57a2d4851a1d" />
    <TestEntry testId="e42fdbf6-bd35-652f-3b97-233786345edb" executionId="1edaa0c7-59fc-4f1d-83d8-e8717669307c" testListId="8c84fa94-04c1-424b-9868-57a2d4851a1d" />
    <TestEntry testId="745df416-405a-8e60-47a8-866485ad9966" executionId="998f57ba-98f6-40f5-ab14-4e34e7a9ffd7" testListId="8c84fa94-04c1-424b-9868-57a2d4851a1d" />
    <TestEntry testId="0f1d99dd-fc34-a7f7-a33c-0cab08086d32" executionId="4026e9cf-47ab-4b12-a9e5-8c8c2d3fa8db" testListId="8c84fa94-04c1-424b-9868-57a2d4851a1d" />
    <TestEntry testId="a2b10c00-51e6-a608-ee54-89d010179cf7" executionId="ddd608ed-b6c6-4fbe-829d-7ebc6c5b4ed0" testListId="8c84fa94-04c1-424b-9868-57a2d4851a1d" />
    <TestEntry testId="3c89202c-c7df-02ea-1972-90dec8cac352" executionId="958be566-3516-45da-8dad-8d23f42d4c38" testListId="8c84fa94-04c1-424b-9868-57a2d4851a1d" />
    <TestEntry testId="aa959643-125b-2e92-0909-f1394866ec81" executionId="3c9c1862-9169-4323-8ae0-c7dd6906af80" testListId="8c84fa94-04c1-424b-9868-57a2d4851a1d" />
    <TestEntry testId="d0e82e92-dfe8-acb7-56d9-5fb84505031b" executionId="0a0040f3-5029-4225-a1cc-017e31a1af31" testListId="8c84fa94-04c1-424b-9868-57a2d4851a1d" />
    <TestEntry testId="f3d69de4-39c4-a4ca-8189-6166c88a27ce" executionId="7960b9b5-f0a5-416d-961e-6cd18b762791" testListId="8c84fa94-04c1-424b-9868-57a2d4851a1d" />
    <TestEntry testId="3a5e44e2-5ea1-40ad-27a8-d0a852f610d4" executionId="06d66206-382a-463d-a4d8-fa6aaebd21ad" testListId="8c84fa94-04c1-424b-9868-57a2d4851a1d" />
    <TestEntry testId="2b32fa55-0f80-fff0-5d46-58560fcdf708" executionId="4650215c-f033-4dbf-bfe6-a9b8b477fa40" testListId="8c84fa94-04c1-424b-9868-57a2d4851a1d" />
    <TestEntry testId="7c8d8e5b-ceaf-3ef0-a848-11df7f047f49" executionId="9678fd62-1512-425d-a183-196808212f51" testListId="8c84fa94-04c1-424b-9868-57a2d4851a1d" />
    <TestEntry testId="4b10b275-a6ee-35e3-a678-bc9fbbb9c15e" executionId="96c0612a-8804-461d-b073-0049e7c5fe45" testListId="8c84fa94-04c1-424b-9868-57a2d4851a1d" />
    <TestEntry testId="27516aa1-1f97-1dea-8660-6557bd2a668f" executionId="e08e0959-d28f-4ca8-b7bc-7df71a4d7f1d" testListId="8c84fa94-04c1-424b-9868-57a2d4851a1d" />
    <TestEntry testId="d6e86050-b635-db1d-8206-c133098cbdc5" executionId="f8e917ef-5fba-49a9-b33f-9b3f39f9f2bb" testListId="8c84fa94-04c1-424b-9868-57a2d4851a1d" />
    <TestEntry testId="167d29eb-9c43-8d4e-3b5a-8f9b799134b4" executionId="96b87758-3798-4fbd-a77e-a35ee133138a" testListId="8c84fa94-04c1-424b-9868-57a2d4851a1d" />
    <TestEntry testId="a3005a1a-8b2c-0502-0368-f3d16f878c68" executionId="c0ddfe07-0c08-4d9a-b6ad-13e9cfd6f8ca" testListId="8c84fa94-04c1-424b-9868-57a2d4851a1d" />
    <TestEntry testId="43bff6e9-1834-16bf-ac8a-f7afadccd92b" executionId="9ef8568b-a160-49cc-88b0-b23cb4d09900" testListId="8c84fa94-04c1-424b-9868-57a2d4851a1d" />
    <TestEntry testId="4734019b-b3e6-89a9-11f7-518360565486" executionId="85e82488-dcd1-4778-9b5d-720a25a12a7a" testListId="8c84fa94-04c1-424b-9868-57a2d4851a1d" />
    <TestEntry testId="87aee4de-60af-df63-f6e2-483edabc57aa" executionId="16a5c62e-8b68-4ea9-a8f5-0ac2b78164e9" testListId="8c84fa94-04c1-424b-9868-57a2d4851a1d" />
    <TestEntry testId="f01ff186-ebe5-318c-e5fe-c09f52b654cc" executionId="9090cd1c-b65a-407a-a11f-1bd4ca6a8b9e" testListId="8c84fa94-04c1-424b-9868-57a2d4851a1d" />
    <TestEntry testId="1080a8fb-c4f5-1740-e9b9-cd24db7a0bc9" executionId="59190963-718b-48ff-84c4-bf1ac593a7c8" testListId="8c84fa94-04c1-424b-9868-57a2d4851a1d" />
    <TestEntry testId="78ec1d94-5126-b998-bdea-4ccf472722de" executionId="841f7bde-853d-4363-b3e5-3c705f321680" testListId="8c84fa94-04c1-424b-9868-57a2d4851a1d" />
    <TestEntry testId="fd409af4-fedd-b4c3-824e-fd6a6e2b4f77" executionId="f9292a77-3481-45e4-b74d-21e47272b1e7" testListId="8c84fa94-04c1-424b-9868-57a2d4851a1d" />
    <TestEntry testId="d4eedd99-b110-4265-f758-a8dd5d74eaea" executionId="5b85fac2-88f6-4d84-849e-c1d1c343f39f" testListId="8c84fa94-04c1-424b-9868-57a2d4851a1d" />
    <TestEntry testId="32c961b9-1d62-92ae-43e0-c2211424f76e" executionId="cca62e0d-df05-4592-973f-495f4967dc26" testListId="8c84fa94-04c1-424b-9868-57a2d4851a1d" />
    <TestEntry testId="6e419b7a-f3ee-4ba0-7e1a-a2f6af7ebf42" executionId="ae0c4c3c-4e80-4537-ad3f-b6a52478bc01" testListId="8c84fa94-04c1-424b-9868-57a2d4851a1d" />
    <TestEntry testId="31574c20-fc3c-833c-e5fa-1ea3b10cc841" executionId="599f2187-7eb0-4e9c-8dba-0f12164d504c" testListId="8c84fa94-04c1-424b-9868-57a2d4851a1d" />
    <TestEntry testId="889cc7ec-d3db-c56c-fae3-36b7956585c4" executionId="a610e6bc-01a8-424a-bf24-5d6f90d691fd" testListId="8c84fa94-04c1-424b-9868-57a2d4851a1d" />
    <TestEntry testId="27e27187-cc17-5818-666a-779ac7a9cd40" executionId="8bed8a50-2e28-48c0-85e1-803195e3947c" testListId="8c84fa94-04c1-424b-9868-57a2d4851a1d" />
    <TestEntry testId="7e30bead-337f-eb80-0031-cca28a124eaf" executionId="932eefba-662c-415a-8752-36723ce09275" testListId="8c84fa94-04c1-424b-9868-57a2d4851a1d" />
    <TestEntry testId="f0b9b8f1-cb37-1e7a-57a4-826db8b3ce69" executionId="26f9cb5b-1bd2-401c-a205-9528756ccea6" testListId="8c84fa94-04c1-424b-9868-57a2d4851a1d" />
    <TestEntry testId="5f92604e-9501-54cb-010b-c8142fddb778" executionId="baa49852-d3c1-46eb-a8fe-75400c416af4" testListId="8c84fa94-04c1-424b-9868-57a2d4851a1d" />
    <TestEntry testId="f41f58f6-dae1-cb84-f7ce-226792cc9485" executionId="93121729-5e88-494d-a0d8-78404f457777" testListId="8c84fa94-04c1-424b-9868-57a2d4851a1d" />
    <TestEntry testId="b1c70ff9-286f-152b-218e-f1e925e50502" executionId="970fafd9-2b5c-45aa-8bb5-423e949c1fed" testListId="8c84fa94-04c1-424b-9868-57a2d4851a1d" />
    <TestEntry testId="2dcd6984-ca71-e0f2-58f0-317445286deb" executionId="5ef390ab-5d73-4ea0-bb91-c1eb8faac1a2" testListId="8c84fa94-04c1-424b-9868-57a2d4851a1d" />
    <TestEntry testId="6f8db2a7-071c-d418-c1ae-5a64ece4fd33" executionId="da88b143-87a5-4da5-89cb-e0f64179aed6" testListId="8c84fa94-04c1-424b-9868-57a2d4851a1d" />
    <TestEntry testId="c7260ebc-a696-37ef-e759-c0251b78d7a6" executionId="c736f357-eb71-44fe-a3b8-f52595309a86" testListId="8c84fa94-04c1-424b-9868-57a2d4851a1d" />
    <TestEntry testId="7d28c52d-8a18-7edb-95b2-48155dd86277" executionId="fd371f76-2388-46a0-8b7a-27ecd0d29f5d" testListId="8c84fa94-04c1-424b-9868-57a2d4851a1d" />
    <TestEntry testId="473bee02-fa7a-b0c3-3935-dd68e1825d93" executionId="1a1584b0-1314-4e3b-9af7-a8723bfb117b" testListId="8c84fa94-04c1-424b-9868-57a2d4851a1d" />
    <TestEntry testId="180c60fa-d43e-7c4f-0203-0861dd1e5e80" executionId="8c53fb79-e6aa-4e47-826f-0f47b67a5e50" testListId="8c84fa94-04c1-424b-9868-57a2d4851a1d" />
    <TestEntry testId="2e52a970-533c-2f2d-76b9-7fdb915ef414" executionId="06e9919e-f3f4-4369-9cd9-0974c7e4fe66" testListId="8c84fa94-04c1-424b-9868-57a2d4851a1d" />
    <TestEntry testId="c7260ebc-a696-37ef-e759-c0251b78d7a6" executionId="864c2791-62e1-48c8-a4ff-ebdf9e647c1a" testListId="8c84fa94-04c1-424b-9868-57a2d4851a1d" />
    <TestEntry testId="04eaae18-b0fd-9865-13a1-eec2c40b7d89" executionId="31398726-3a29-4a74-b7e2-81cde5c114bc" testListId="8c84fa94-04c1-424b-9868-57a2d4851a1d" />
    <TestEntry testId="4d9d8a40-0fea-f11a-342f-66fe09943774" executionId="e7d9b7d8-a821-40fe-98f9-80dcc0e14d3e" testListId="8c84fa94-04c1-424b-9868-57a2d4851a1d" />
    <TestEntry testId="128ff9bc-b3cc-3552-a1f4-e92218deb52e" executionId="b7e5779f-e92d-44d3-bd95-ecef4ecfcba7" testListId="8c84fa94-04c1-424b-9868-57a2d4851a1d" />
    <TestEntry testId="80bcd6ba-b2f3-2ca0-060f-328653b77f7e" executionId="9d580aa8-d339-4b41-908b-5a980629f2be" testListId="8c84fa94-04c1-424b-9868-57a2d4851a1d" />
    <TestEntry testId="5e30622e-f9d7-e795-9a51-3d6697054200" executionId="fcead164-3f99-4412-81c1-228410068965" testListId="8c84fa94-04c1-424b-9868-57a2d4851a1d" />
    <TestEntry testId="2c565792-9454-6858-6b8f-ed0b4fe92c7f" executionId="655cc84e-71a1-4143-83b7-3f3a07061b51" testListId="8c84fa94-04c1-424b-9868-57a2d4851a1d" />
    <TestEntry testId="84ec3794-ad26-9989-2249-c7a407d234d8" executionId="41f6ecdc-3e45-4975-9e9e-38553c051518" testListId="8c84fa94-04c1-424b-9868-57a2d4851a1d" />
    <TestEntry testId="e8183165-5cb2-a4bf-657e-2aae1c6d9ee8" executionId="fd0782dd-b92a-4cff-ab81-c657657597bc" testListId="8c84fa94-04c1-424b-9868-57a2d4851a1d" />
    <TestEntry testId="986596bb-7293-785e-9f6e-59417acc5c22" executionId="c67d2e01-00c2-4787-8cb0-1ad236a56c0c" testListId="8c84fa94-04c1-424b-9868-57a2d4851a1d" />
    <TestEntry testId="368df98f-908e-6cc2-43ae-5a5d904e2247" executionId="1a8850ff-a0fc-409d-a7d9-e41589d0c138" testListId="8c84fa94-04c1-424b-9868-57a2d4851a1d" />
    <TestEntry testId="d7e9df2f-96f9-8f18-408c-5c36c24fb919" executionId="ee9ac6f0-2004-4a52-b6aa-4fd208190852" testListId="8c84fa94-04c1-424b-9868-57a2d4851a1d" />
    <TestEntry testId="dff29beb-1682-b437-689d-8146683f0b10" executionId="352dc96a-562e-4445-bbef-7fb978e3f60d" testListId="8c84fa94-04c1-424b-9868-57a2d4851a1d" />
    <TestEntry testId="1ff02200-35f6-0b8a-ae2f-39953dccfcf1" executionId="4b384e03-6cf3-4232-af0b-e8f3093e0e85" testListId="8c84fa94-04c1-424b-9868-57a2d4851a1d" />
    <TestEntry testId="8e66c054-8cb0-4ebb-38fd-dd914bad0e3c" executionId="522fe0b1-3bfc-41e3-bae3-0abf0d8f01ba" testListId="8c84fa94-04c1-424b-9868-57a2d4851a1d" />
    <TestEntry testId="5c0058ef-61f7-4dc0-b1da-7231b9856ad7" executionId="18483454-e07b-48e5-856d-c7b8979aed29" testListId="8c84fa94-04c1-424b-9868-57a2d4851a1d" />
    <TestEntry testId="9171d650-755f-9c79-b4bd-0bdd2da43918" executionId="cfb015dc-243a-4612-ab5d-f0b1a6cac0a0" testListId="8c84fa94-04c1-424b-9868-57a2d4851a1d" />
    <TestEntry testId="d25bb6c4-f059-2b0a-c3a7-55a673cee942" executionId="6ddecb42-58f6-4998-be8f-f2311d149910" testListId="8c84fa94-04c1-424b-9868-57a2d4851a1d" />
    <TestEntry testId="dd2ab46b-7343-ab95-a72d-9713ed8428e3" executionId="e36cbbbc-42f1-4ed1-b0d5-f21be252c7be" testListId="8c84fa94-04c1-424b-9868-57a2d4851a1d" />
    <TestEntry testId="0acf8eb4-34bd-388a-8ec8-b0b295cebea3" executionId="3c8f5751-f722-433a-b4d1-5e51349786f8" testListId="8c84fa94-04c1-424b-9868-57a2d4851a1d" />
    <TestEntry testId="f10dc523-3f30-f3d2-89b3-962135b6cabd" executionId="1cd92273-d127-4d71-bca5-0433a3802c7e" testListId="8c84fa94-04c1-424b-9868-57a2d4851a1d" />
    <TestEntry testId="79220347-2bdc-d608-3e58-432b022a5ddf" executionId="77552a92-0d43-4da2-9ccf-e96d8927083c" testListId="8c84fa94-04c1-424b-9868-57a2d4851a1d" />
    <TestEntry testId="a39a4b78-b6bc-882b-6efa-4348532ef8f1" executionId="fd7da804-f25b-47ba-9032-aad3c9ecb193" testListId="8c84fa94-04c1-424b-9868-57a2d4851a1d" />
    <TestEntry testId="1080a8fb-c4f5-1740-e9b9-cd24db7a0bc9" executionId="07de0522-5eaa-46c7-baa9-f2077fc77e1f" testListId="8c84fa94-04c1-424b-9868-57a2d4851a1d" />
    <TestEntry testId="c7260ebc-a696-37ef-e759-c0251b78d7a6" executionId="91b096aa-4504-4f3c-91ac-7e5761d58351" testListId="8c84fa94-04c1-424b-9868-57a2d4851a1d" />
    <TestEntry testId="241d8980-738d-491c-f7cc-a1fc0ef0c9e7" executionId="f3fd2c01-baae-4c93-ba23-81c4939d3626" testListId="8c84fa94-04c1-424b-9868-57a2d4851a1d" />
    <TestEntry testId="1080a8fb-c4f5-1740-e9b9-cd24db7a0bc9" executionId="04fd7ba8-28c7-42ed-8211-f788364f96bd" testListId="8c84fa94-04c1-424b-9868-57a2d4851a1d" />
    <TestEntry testId="fef038e5-47db-5676-a6e3-f9525fa89c3f" executionId="2f5f3e92-3aae-4249-a715-43414c50e651" testListId="8c84fa94-04c1-424b-9868-57a2d4851a1d" />
    <TestEntry testId="dcdacbfb-ca47-8269-e07b-d584187f97f6" executionId="0f97af9e-1fef-4990-ac7d-0aeb4affcfc6" testListId="8c84fa94-04c1-424b-9868-57a2d4851a1d" />
    <TestEntry testId="45d63f8a-6753-ab8c-86f2-506f15b9ffc2" executionId="35738475-61cc-404a-a622-6430b63a70b3" testListId="8c84fa94-04c1-424b-9868-57a2d4851a1d" />
    <TestEntry testId="b2269b89-0bb6-2e61-6341-5af4efbde415" executionId="2bd8b840-bf58-4bda-b064-72aef1cfc158" testListId="8c84fa94-04c1-424b-9868-57a2d4851a1d" />
    <TestEntry testId="3d6324e4-b075-f31e-439d-ba873a83cb0a" executionId="5fd48ffe-0531-4d2b-93fe-faeeed4b1970" testListId="8c84fa94-04c1-424b-9868-57a2d4851a1d" />
    <TestEntry testId="b39a59a1-4eff-96d6-eb7a-a54ad3b8cb11" executionId="667655a4-7aa4-4ee7-8691-447ae120aa7e" testListId="8c84fa94-04c1-424b-9868-57a2d4851a1d" />
    <TestEntry testId="051aaff0-22b3-136f-4c85-bc2d468f4f56" executionId="506163dd-7320-42c0-a66a-f69d082580f3" testListId="8c84fa94-04c1-424b-9868-57a2d4851a1d" />
    <TestEntry testId="55cd5cf7-3e3b-d0e7-0f08-81397b9bba36" executionId="11ece3c5-838b-4cf4-8684-112fc959e526" testListId="8c84fa94-04c1-424b-9868-57a2d4851a1d" />
    <TestEntry testId="777b4233-f4ef-2355-4688-3f77c21a4c3d" executionId="cdfec77f-6600-4fa9-b8e7-538181256f28" testListId="8c84fa94-04c1-424b-9868-57a2d4851a1d" />
    <TestEntry testId="dbc1eaf3-3264-f455-406d-6da8ccabb029" executionId="dffacbb1-4564-4089-bd08-a733b1d0fb48" testListId="8c84fa94-04c1-424b-9868-57a2d4851a1d" />
    <TestEntry testId="a09e58b9-f292-7b89-9ffb-a77d2ea10ba4" executionId="29b13841-e5a4-4d31-bf30-39041f112955" testListId="8c84fa94-04c1-424b-9868-57a2d4851a1d" />
    <TestEntry testId="6d32942d-9c52-9778-f1fe-7c848aabd0ab" executionId="6d7ab684-10f2-42d8-96de-a376b0511507" testListId="8c84fa94-04c1-424b-9868-57a2d4851a1d" />
    <TestEntry testId="7472422d-3b90-9c77-80cd-68eb64dc292c" executionId="db8c0091-689f-47da-ae02-4ab29ba03266" testListId="8c84fa94-04c1-424b-9868-57a2d4851a1d" />
    <TestEntry testId="2cddd469-a0f2-9264-213a-2de34700270e" executionId="3c1ac085-6ef4-442f-aae8-25621d30647e" testListId="8c84fa94-04c1-424b-9868-57a2d4851a1d" />
    <TestEntry testId="ee779f3e-7df3-bd8a-7c62-57caa0d24085" executionId="d4a4cb07-882e-4d8e-9a0d-67d49a4d06bc" testListId="8c84fa94-04c1-424b-9868-57a2d4851a1d" />
    <TestEntry testId="63fbe8a8-1093-5f19-3339-a4ab0bbc9f7c" executionId="7b952dcb-ff1a-4375-a85c-85bf70bb5b13" testListId="8c84fa94-04c1-424b-9868-57a2d4851a1d" />
    <TestEntry testId="ce6a4ff5-99af-bd62-d0d2-6fcb7690b6ab" executionId="62d9cebb-8d5f-47bd-ab42-38641f95660d" testListId="8c84fa94-04c1-424b-9868-57a2d4851a1d" />
    <TestEntry testId="c9975773-7b85-8a44-af72-7766f70d35d2" executionId="ac382033-30ea-4890-b21b-d31035002f42" testListId="8c84fa94-04c1-424b-9868-57a2d4851a1d" />
    <TestEntry testId="1e423626-b1b3-acd3-ee64-66e4478ae98f" executionId="f7b46e49-35f3-4579-b81c-8ed561b07aa4" testListId="8c84fa94-04c1-424b-9868-57a2d4851a1d" />
    <TestEntry testId="c7260ebc-a696-37ef-e759-c0251b78d7a6" executionId="5ca4b5af-6164-4bd4-9889-8f5a26efe0be" testListId="8c84fa94-04c1-424b-9868-57a2d4851a1d" />
    <TestEntry testId="a70f5413-6006-3a94-1740-0cadbd3f730c" executionId="866741c1-c061-43e4-9f9d-389b90fe1ac9" testListId="8c84fa94-04c1-424b-9868-57a2d4851a1d" />
    <TestEntry testId="71f44d20-bf10-f1a9-f29a-5c7a0568a5a2" executionId="3706f658-ed6e-47e4-987a-c2f8e9c52c88" testListId="8c84fa94-04c1-424b-9868-57a2d4851a1d" />
    <TestEntry testId="0c264617-5f59-b8e9-5af0-07f9d6fd3abd" executionId="5d7b1473-64fc-43de-98f8-888864d067ab" testListId="8c84fa94-04c1-424b-9868-57a2d4851a1d" />
    <TestEntry testId="23c2b77c-eb2f-50fb-3ae6-f5a8ad9954fc" executionId="6d0211d3-77c4-4ef5-8103-f349bdbe022f" testListId="8c84fa94-04c1-424b-9868-57a2d4851a1d" />
    <TestEntry testId="a360e344-9a40-88fd-0c0e-4ab261f56ed7" executionId="e8528859-53ca-424d-b2be-ec80f292c1f5" testListId="8c84fa94-04c1-424b-9868-57a2d4851a1d" />
    <TestEntry testId="86db1bc3-7981-1087-1825-b78cfa50a59a" executionId="2faf1ce9-1421-4241-acf5-3c30da8de384" testListId="8c84fa94-04c1-424b-9868-57a2d4851a1d" />
    <TestEntry testId="94a81240-e8ee-1fd0-6ba9-374b081fbc95" executionId="4f8d35f1-5799-412b-bdf6-7807fbdd26c6" testListId="8c84fa94-04c1-424b-9868-57a2d4851a1d" />
    <TestEntry testId="bab04e10-c94b-9238-d16e-331a49cba8a1" executionId="634ec98a-cb78-4bc6-960e-f5ec160f3427" testListId="8c84fa94-04c1-424b-9868-57a2d4851a1d" />
    <TestEntry testId="a30ec4e1-e141-fbc7-e02e-c3494c21699f" executionId="821b5f95-f4ee-4ead-a3b5-379faec0c420" testListId="8c84fa94-04c1-424b-9868-57a2d4851a1d" />
    <TestEntry testId="5b9b34c7-0016-78ae-c940-5b0874601740" executionId="33f4ca83-5fb2-4ec0-9551-763318e3a83f" testListId="8c84fa94-04c1-424b-9868-57a2d4851a1d" />
    <TestEntry testId="5a799c89-7bfc-057e-b75b-36f82e8287df" executionId="127764fd-a004-4558-8c0d-a7ec8ec64c4d" testListId="8c84fa94-04c1-424b-9868-57a2d4851a1d" />
    <TestEntry testId="7179ca30-eb08-1973-f624-fea8f3355f0a" executionId="4733420f-528c-4a95-a6a0-6e223d618575" testListId="8c84fa94-04c1-424b-9868-57a2d4851a1d" />
    <TestEntry testId="40f6e8f1-c463-9404-0bb3-59fd831ade56" executionId="23312f8a-3c00-4c25-96d3-5bd2cd37963a" testListId="8c84fa94-04c1-424b-9868-57a2d4851a1d" />
    <TestEntry testId="72291666-445d-d494-2de9-cb072fe4d74d" executionId="db0a0c1e-dc6f-4918-8ffc-a11bee893b2a" testListId="8c84fa94-04c1-424b-9868-57a2d4851a1d" />
    <TestEntry testId="69276199-5bbc-9449-0bf2-f99bf6e1714c" executionId="cf985c31-b0fd-4f87-bb17-ed67ade709e8" testListId="8c84fa94-04c1-424b-9868-57a2d4851a1d" />
    <TestEntry testId="150fbe30-c8ae-5a0f-d543-a739498df3bc" executionId="858daa31-dd1b-4b61-aecc-b3c6acf354b8" testListId="8c84fa94-04c1-424b-9868-57a2d4851a1d" />
    <TestEntry testId="a5d34642-3f85-ffed-4cf6-5d74eabc891f" executionId="ebd40eec-53a5-4742-9d1f-0f429f23ea1a" testListId="8c84fa94-04c1-424b-9868-57a2d4851a1d" />
    <TestEntry testId="6a0527d5-9a0e-d172-b3aa-5c4ab85ae39a" executionId="a0620add-0e77-4ff1-980d-f0521e00ca57" testListId="8c84fa94-04c1-424b-9868-57a2d4851a1d" />
    <TestEntry testId="b07d9005-6f9b-f364-4b2f-f628f6d89448" executionId="fc43404c-e145-4a64-9bda-8201a066857a" testListId="8c84fa94-04c1-424b-9868-57a2d4851a1d" />
    <TestEntry testId="8631ac2b-a4f0-7451-f5d6-c315253da478" executionId="64c74b1e-a131-4c75-96f5-242bd4d4a14d" testListId="8c84fa94-04c1-424b-9868-57a2d4851a1d" />
    <TestEntry testId="6c885341-b58d-cdac-7ebe-9347c940dd6b" executionId="97cc762b-c260-4df9-83f1-14b61ea4dc64" testListId="8c84fa94-04c1-424b-9868-57a2d4851a1d" />
    <TestEntry testId="1675d0e0-ae6b-aee1-34e4-f29cb80adbf0" executionId="9f119e20-d0ce-4911-b579-99e980667116" testListId="8c84fa94-04c1-424b-9868-57a2d4851a1d" />
    <TestEntry testId="6a2e4886-53da-2fe5-e75a-da400dfb166e" executionId="953a28ed-3dc6-4c58-bbd6-60621a8400e6" testListId="8c84fa94-04c1-424b-9868-57a2d4851a1d" />
    <TestEntry testId="b600b96b-9d59-7f36-9831-7cd15d5a48ba" executionId="db83ab3c-8a55-4212-82b7-d93450806471" testListId="8c84fa94-04c1-424b-9868-57a2d4851a1d" />
    <TestEntry testId="d76112f0-37cb-1ff2-48b0-6ab9a848ef7a" executionId="a97711d0-db15-4eeb-b092-82809d92700c" testListId="8c84fa94-04c1-424b-9868-57a2d4851a1d" />
    <TestEntry testId="dfe8b480-aac2-fb25-40ae-0ac59e718385" executionId="ac10dfdd-9dbb-4615-8d54-8dd90053649e" testListId="8c84fa94-04c1-424b-9868-57a2d4851a1d" />
    <TestEntry testId="ad9d863b-28da-e219-d455-917f22373b9a" executionId="439a2607-bff6-4ae9-94dc-a08455d514f7" testListId="8c84fa94-04c1-424b-9868-57a2d4851a1d" />
    <TestEntry testId="5ca47bb4-42a5-7c90-6f0f-6e1a35b407bf" executionId="6757ae3f-9f43-4c79-afc9-85a13f5d5eda" testListId="8c84fa94-04c1-424b-9868-57a2d4851a1d" />
    <TestEntry testId="95acfdec-608c-57ba-251e-496c7c8efc83" executionId="04f476a4-4be8-4b4a-ac17-4a59a2a5882e" testListId="8c84fa94-04c1-424b-9868-57a2d4851a1d" />
    <TestEntry testId="033f5ed5-1dd5-056d-7acc-6cdfc7b5d88b" executionId="d0708424-4e5e-47c1-b8a7-e51d0ee96d34" testListId="8c84fa94-04c1-424b-9868-57a2d4851a1d" />
    <TestEntry testId="5dd6b440-ce0f-4340-2e06-b28fc92ac339" executionId="99d0cb7f-6cdb-4fbb-9546-bf3a5943fbd6" testListId="8c84fa94-04c1-424b-9868-57a2d4851a1d" />
    <TestEntry testId="ebbd48e3-e772-1518-0903-28121c43749b" executionId="0ed3d8e1-2532-4827-97b5-f4b5559a9b1b" testListId="8c84fa94-04c1-424b-9868-57a2d4851a1d" />
    <TestEntry testId="d6ce2fbe-fee7-ba01-b076-812fc1c5f4e6" executionId="36afeadb-5dc0-4947-8dd2-eb27f8d78427" testListId="8c84fa94-04c1-424b-9868-57a2d4851a1d" />
    <TestEntry testId="58fd7f3c-cfd3-8b56-1e4a-aa6a5818b24e" executionId="cef51a57-c1ea-4f92-bbe0-5fdc0b7e835c" testListId="8c84fa94-04c1-424b-9868-57a2d4851a1d" />
    <TestEntry testId="a4eefc75-4bc7-7bb9-1e37-b607901cf423" executionId="e44d43f3-d41f-4bb6-a2e6-f0a259faaeb2" testListId="8c84fa94-04c1-424b-9868-57a2d4851a1d" />
    <TestEntry testId="e35cdee5-7b44-d822-fca5-f437ad2620dd" executionId="4ae982dd-4812-4b35-ad71-d0fdc34d986c" testListId="8c84fa94-04c1-424b-9868-57a2d4851a1d" />
    <TestEntry testId="e5dea385-4e9e-d881-94da-aed424a556b4" executionId="b9c22743-412c-482b-92f8-5e4f9583dfc6" testListId="8c84fa94-04c1-424b-9868-57a2d4851a1d" />
    <TestEntry testId="b592ff5b-117b-3d29-921a-e2c6bc20586c" executionId="94094d92-d8c5-478e-bc1d-3bbd51635653" testListId="8c84fa94-04c1-424b-9868-57a2d4851a1d" />
    <TestEntry testId="5c0e0a2c-fd50-1d97-ca4a-31ee3018343f" executionId="65c11063-10fa-46dd-a9c8-75021db35a99" testListId="8c84fa94-04c1-424b-9868-57a2d4851a1d" />
    <TestEntry testId="480f9733-0ddc-5740-a286-03420d7c4578" executionId="50c9831b-87f2-48f7-8122-d0c6541dba3c" testListId="8c84fa94-04c1-424b-9868-57a2d4851a1d" />
    <TestEntry testId="500dbc99-e95a-d4b0-2d96-db8e4c25db0c" executionId="177ce640-877d-4eaa-be61-3ef3ad588178" testListId="8c84fa94-04c1-424b-9868-57a2d4851a1d" />
    <TestEntry testId="422290ba-018c-eb05-d111-7eee71308506" executionId="d740115a-c9ea-40f5-b788-c975c2b328a7" testListId="8c84fa94-04c1-424b-9868-57a2d4851a1d" />
    <TestEntry testId="5b0fc521-3b4d-3a22-8cb9-8fd014e13f91" executionId="859c42dc-017e-4e81-9b9b-7b6ee6c28a7b" testListId="8c84fa94-04c1-424b-9868-57a2d4851a1d" />
    <TestEntry testId="9f64104c-b2ff-d85c-5ec2-5f6f9ad18573" executionId="35233366-62a0-4c06-9010-51619f0cb9ab" testListId="8c84fa94-04c1-424b-9868-57a2d4851a1d" />
    <TestEntry testId="c8b608c7-3097-d3d9-2961-baebb1a1cc1e" executionId="cda8b0f1-c788-438b-a17e-e962c4b82b06" testListId="8c84fa94-04c1-424b-9868-57a2d4851a1d" />
    <TestEntry testId="974ef38e-3f12-31ea-eb28-dcd86bf10c0a" executionId="bb68e2ea-71c5-44f8-9c85-d8129e0d9b72" testListId="8c84fa94-04c1-424b-9868-57a2d4851a1d" />
    <TestEntry testId="b57df1b3-43cd-e375-40b3-3e876d836d2b" executionId="55a197bc-7a5e-463c-a9d5-9347c053ff59" testListId="8c84fa94-04c1-424b-9868-57a2d4851a1d" />
    <TestEntry testId="d1ba6488-e46b-c137-7209-d24a9cd97d05" executionId="12f93526-f1c0-4fff-9601-ae1f225ca452" testListId="8c84fa94-04c1-424b-9868-57a2d4851a1d" />
    <TestEntry testId="9db56dfb-3231-b225-df86-79071f935e79" executionId="499b07b0-35aa-4278-99ef-419fd4812676" testListId="8c84fa94-04c1-424b-9868-57a2d4851a1d" />
    <TestEntry testId="766c74f2-51f3-39cf-70e6-52bfabe49e02" executionId="678efa64-9ce6-4ce8-a5e2-e2da118fcd32" testListId="8c84fa94-04c1-424b-9868-57a2d4851a1d" />
    <TestEntry testId="59d801d5-0795-e645-9e32-80a7c6115651" executionId="bff7dc46-9cf6-418f-9f13-e0ec176fd409" testListId="8c84fa94-04c1-424b-9868-57a2d4851a1d" />
    <TestEntry testId="fffcaa45-10e6-e235-96a4-946f89707570" executionId="85f15e42-a110-44d0-9f97-80592f30770d" testListId="8c84fa94-04c1-424b-9868-57a2d4851a1d" />
    <TestEntry testId="0ff4db9f-5f38-5efa-de90-1ce1219075c7" executionId="0c4eb515-7460-43a0-8fde-4673d05ec6ba" testListId="8c84fa94-04c1-424b-9868-57a2d4851a1d" />
    <TestEntry testId="624010cb-e67e-634e-33bd-676b208306b2" executionId="0b12a569-5a30-4672-b4ab-576b8b011e09" testListId="8c84fa94-04c1-424b-9868-57a2d4851a1d" />
    <TestEntry testId="ec7d19ad-ade8-9765-2912-b94ec23659ea" executionId="af70345f-53b5-4c7f-99e0-b38d5b2ca659" testListId="8c84fa94-04c1-424b-9868-57a2d4851a1d" />
    <TestEntry testId="7fe5e5b3-bcc6-86b9-837f-5b45aa17a552" executionId="bbccf53d-8061-4f27-a3c3-31b4c5d86a40" testListId="8c84fa94-04c1-424b-9868-57a2d4851a1d" />
    <TestEntry testId="143f041c-80a7-9ed5-9f87-f1d012b09e0b" executionId="921a0cde-8d88-4850-a316-f1adba697b21" testListId="8c84fa94-04c1-424b-9868-57a2d4851a1d" />
    <TestEntry testId="1080a8fb-c4f5-1740-e9b9-cd24db7a0bc9" executionId="9e0318f9-80db-44b8-91f7-b3cbe0f5be55" testListId="8c84fa94-04c1-424b-9868-57a2d4851a1d" />
    <TestEntry testId="3e67406e-2ea1-e907-7790-c945fbc51991" executionId="471841d6-5942-47f4-9bd9-57af681e3810" testListId="8c84fa94-04c1-424b-9868-57a2d4851a1d" />
    <TestEntry testId="108d1b64-f5ba-9b7c-332e-aa9a7556c688" executionId="eb906142-9939-4362-b794-7ebceb364a0e" testListId="8c84fa94-04c1-424b-9868-57a2d4851a1d" />
    <TestEntry testId="52d0cf70-e123-cab3-7572-b4333267a111" executionId="f08bcb9f-b0d3-4731-b82e-79de4fd61e1d" testListId="8c84fa94-04c1-424b-9868-57a2d4851a1d" />
    <TestEntry testId="81ce516b-61af-f7c6-0950-d181cffbf745" executionId="c0fd877f-161e-41ce-83ff-f2948f99ecca" testListId="8c84fa94-04c1-424b-9868-57a2d4851a1d" />
    <TestEntry testId="db96f8a4-33f9-e292-2d82-aa435d5e7060" executionId="d4655ee0-f065-46e9-8829-16124535d798" testListId="8c84fa94-04c1-424b-9868-57a2d4851a1d" />
    <TestEntry testId="5a60e50d-87c6-70b1-f7aa-adc2b3186bdc" executionId="b63cf6bc-88a0-4a90-8e2b-eefcbe2ae22a" testListId="8c84fa94-04c1-424b-9868-57a2d4851a1d" />
    <TestEntry testId="969cda19-9c41-5b6a-5c18-9bf98cad04e4" executionId="59fbdcf4-9d3f-4297-a507-8b973df0f97f" testListId="8c84fa94-04c1-424b-9868-57a2d4851a1d" />
    <TestEntry testId="3ba6ad00-da20-b6b3-3b93-0428a44fab1d" executionId="84bf37ee-0821-41be-9821-543187b181ee" testListId="8c84fa94-04c1-424b-9868-57a2d4851a1d" />
    <TestEntry testId="4bb18c1e-d4d8-f1ea-e294-dea295978c68" executionId="6a044d4a-5449-4fd6-aad8-6622ebeb4ef4" testListId="8c84fa94-04c1-424b-9868-57a2d4851a1d" />
    <TestEntry testId="27d3de46-4cc2-3f4c-576a-24dd3e6884a3" executionId="5ded21e3-7650-4adb-b309-7b6c0f0750af" testListId="8c84fa94-04c1-424b-9868-57a2d4851a1d" />
    <TestEntry testId="e3834107-1002-0c7d-0bb1-807688cf83fa" executionId="c160eb1a-5d79-4d50-9c49-2011507e7385" testListId="8c84fa94-04c1-424b-9868-57a2d4851a1d" />
    <TestEntry testId="f32a3c0c-5937-45b9-26d0-a8b8a9739e3b" executionId="cfcadbaa-1544-4e5f-b4cc-ae889a7ae72c" testListId="8c84fa94-04c1-424b-9868-57a2d4851a1d" />
    <TestEntry testId="fbc3ef76-537d-0f89-3759-d889bd742fc4" executionId="116f4346-aa97-476d-9cc8-1306f676ca7b" testListId="8c84fa94-04c1-424b-9868-57a2d4851a1d" />
    <TestEntry testId="d4d1dc49-5e06-af2a-81b7-443bbb8d03d9" executionId="b55e2fb3-6643-4de1-b661-079727669571" testListId="8c84fa94-04c1-424b-9868-57a2d4851a1d" />
    <TestEntry testId="578e4937-09fb-d108-a077-30407429910a" executionId="f6fc53a9-05e2-452f-9606-e3cfe2f086bc" testListId="8c84fa94-04c1-424b-9868-57a2d4851a1d" />
    <TestEntry testId="b10f248a-72b4-80bc-d772-2a647c32a39f" executionId="4322179d-6881-4ab1-bc38-19dda8c013c4" testListId="8c84fa94-04c1-424b-9868-57a2d4851a1d" />
    <TestEntry testId="74489b6f-6a60-3cac-09a1-637aa644b304" executionId="d35e6bfe-9289-4f83-9798-d8628d29111a" testListId="8c84fa94-04c1-424b-9868-57a2d4851a1d" />
    <TestEntry testId="40d40f77-630f-6bc1-faa6-5dd5d4e7aa98" executionId="60149f76-100e-4d47-bd29-68959b2296a2" testListId="8c84fa94-04c1-424b-9868-57a2d4851a1d" />
    <TestEntry testId="cda822f6-4456-727b-bf51-447549fca060" executionId="759a4076-f69d-461b-9fa5-2314db9ecfdb" testListId="8c84fa94-04c1-424b-9868-57a2d4851a1d" />
    <TestEntry testId="ee2eff19-a4f6-77ed-5f14-b80ab30eba9b" executionId="aacb56c4-aacb-4ceb-afb2-b8d3930a147f" testListId="8c84fa94-04c1-424b-9868-57a2d4851a1d" />
    <TestEntry testId="a8e0a087-1889-f19a-72a7-a9ab2395453f" executionId="a5e80cf7-4d04-41d0-8ec5-0166db4744cd" testListId="8c84fa94-04c1-424b-9868-57a2d4851a1d" />
    <TestEntry testId="c429a811-ada0-279b-f942-ed2dc5748843" executionId="285d657c-5ffc-4042-9c26-ee77fb7ecd8a" testListId="8c84fa94-04c1-424b-9868-57a2d4851a1d" />
    <TestEntry testId="8d654c0e-d220-fe90-bc9a-e710794c02a6" executionId="576c6c9d-68d6-41e0-9caa-13647e4ae581" testListId="8c84fa94-04c1-424b-9868-57a2d4851a1d" />
    <TestEntry testId="71982f3c-d391-aa39-6c4a-f038e894ea9f" executionId="9e93e61a-eae5-4b3a-86f4-d92764aae5c1" testListId="8c84fa94-04c1-424b-9868-57a2d4851a1d" />
    <TestEntry testId="299c5a36-3968-be44-74d0-d4e6b6518e26" executionId="058ceaa6-e9a8-4b73-8936-693505f110fa" testListId="8c84fa94-04c1-424b-9868-57a2d4851a1d" />
    <TestEntry testId="f869bd33-ed56-8614-a383-9028900f9a06" executionId="1ede2f19-8562-4d22-9235-c795a44480e5" testListId="8c84fa94-04c1-424b-9868-57a2d4851a1d" />
    <TestEntry testId="a4ef2135-fa43-e2cd-3a1b-4e08a0d3d59d" executionId="34720de9-544a-4312-8a6b-fe4fbb3d7c09" testListId="8c84fa94-04c1-424b-9868-57a2d4851a1d" />
    <TestEntry testId="d5a1b061-2809-0610-fa7b-2bdf5d153d5a" executionId="0b419a5f-2af5-4293-a5e7-01632a29926f" testListId="8c84fa94-04c1-424b-9868-57a2d4851a1d" />
    <TestEntry testId="648737fe-386c-c2ea-b1de-531710f33395" executionId="e18c738a-5c1a-4c41-bc95-2a683be40026" testListId="8c84fa94-04c1-424b-9868-57a2d4851a1d" />
    <TestEntry testId="c212f440-7b46-cb8e-5eb3-cc3bf3530739" executionId="4f0ecbd3-acbe-4f12-b9e2-ac480acee97c" testListId="8c84fa94-04c1-424b-9868-57a2d4851a1d" />
    <TestEntry testId="5d6e755c-8e48-63c5-4ff6-5c87a82269d4" executionId="5ce8e974-33fb-40df-8090-d566f30890ef" testListId="8c84fa94-04c1-424b-9868-57a2d4851a1d" />
    <TestEntry testId="1506ab79-d31a-d54b-1312-24eb0a40dcb2" executionId="2d18ecae-2693-4407-a3aa-6513ad540dad" testListId="8c84fa94-04c1-424b-9868-57a2d4851a1d" />
    <TestEntry testId="111476bf-346a-58ec-381d-22dcdea64d00" executionId="6729313d-ab0b-4acb-a78b-ec29603f91ad" testListId="8c84fa94-04c1-424b-9868-57a2d4851a1d" />
    <TestEntry testId="f28f2a6c-fe4a-fdeb-0a10-f738e162e835" executionId="b23d0fc6-10dc-41ac-aab4-f5cf74343565" testListId="8c84fa94-04c1-424b-9868-57a2d4851a1d" />
    <TestEntry testId="bf90e99c-02b8-7b25-1edd-a995c83fcbdd" executionId="9c00d8bf-ac20-4bd8-9fb1-f1624c6649a2" testListId="8c84fa94-04c1-424b-9868-57a2d4851a1d" />
    <TestEntry testId="dcae67fe-646e-469d-b9d5-fb8dfdd538a2" executionId="e0a44381-1168-4a2a-8ba4-a9b2a035764b" testListId="8c84fa94-04c1-424b-9868-57a2d4851a1d" />
    <TestEntry testId="72cc5b50-54c9-3c8a-ddf0-28c5c8ad5f24" executionId="9d58ca1e-5a1b-4aa1-ad3d-8f7280cd8040" testListId="8c84fa94-04c1-424b-9868-57a2d4851a1d" />
    <TestEntry testId="f414ac7c-1b9c-04b6-8195-2c0ad1e018c2" executionId="45d0be73-7743-4247-bd80-660632e5983c" testListId="8c84fa94-04c1-424b-9868-57a2d4851a1d" />
    <TestEntry testId="5f92604e-9501-54cb-010b-c8142fddb778" executionId="d30a08b4-897c-4701-8814-adce9b9b4bef" testListId="8c84fa94-04c1-424b-9868-57a2d4851a1d" />
    <TestEntry testId="d9999ca4-91d2-e7d7-4adc-17f0a648d688" executionId="a11d7d40-b579-4c49-8a9e-bc88ca64a682" testListId="8c84fa94-04c1-424b-9868-57a2d4851a1d" />
    <TestEntry testId="cb3e2cc2-98fe-4dd6-bd1e-0dcde34bd83e" executionId="05dd44a0-94bb-44b9-8ac8-048cf2702477" testListId="8c84fa94-04c1-424b-9868-57a2d4851a1d" />
    <TestEntry testId="68898528-75c3-7060-38b9-142e0edf22d5" executionId="a66ecb63-cc2a-4187-8e5a-868c066e387a" testListId="8c84fa94-04c1-424b-9868-57a2d4851a1d" />
    <TestEntry testId="e550075f-ec03-582a-ae35-c5745bd8c000" executionId="5f26d982-7be0-4bcb-be32-e3c2ac99c123" testListId="8c84fa94-04c1-424b-9868-57a2d4851a1d" />
    <TestEntry testId="c7260ebc-a696-37ef-e759-c0251b78d7a6" executionId="93639519-a770-4210-a3eb-91247f88b9ec" testListId="8c84fa94-04c1-424b-9868-57a2d4851a1d" />
    <TestEntry testId="c7b5f0c0-c409-93a6-a5b6-ade3fce2ad11" executionId="0d08e56c-9442-41de-b556-f5b7dbf5fb2c" testListId="8c84fa94-04c1-424b-9868-57a2d4851a1d" />
    <TestEntry testId="5ce7a314-1554-ba75-14aa-f57c4a8483e6" executionId="cd065282-8e54-4596-978c-ba0b5085f036" testListId="8c84fa94-04c1-424b-9868-57a2d4851a1d" />
    <TestEntry testId="0e3652d5-121c-9134-4024-f2896c1d566c" executionId="0b754842-b4ea-444b-af0f-66308b9a827e" testListId="8c84fa94-04c1-424b-9868-57a2d4851a1d" />
    <TestEntry testId="43a803fc-b906-cb5a-2a97-dbb10c59afbe" executionId="d0f8e9dd-92f7-470d-970d-7a38c03fb77b" testListId="8c84fa94-04c1-424b-9868-57a2d4851a1d" />
    <TestEntry testId="b9cc6e73-fd02-ca09-262a-4e2c29db07b3" executionId="1252c1f6-146a-4dcd-be26-f7cbaaa23309" testListId="8c84fa94-04c1-424b-9868-57a2d4851a1d" />
    <TestEntry testId="363c1433-7ce2-4b32-c297-72a1e853157b" executionId="dec7d47f-045f-4eeb-a5db-b713a226fd97" testListId="8c84fa94-04c1-424b-9868-57a2d4851a1d" />
    <TestEntry testId="7cca54b3-329a-711d-4174-4576115c7e55" executionId="b1b27d7c-c7fc-4bab-8c37-67c44a23d055" testListId="8c84fa94-04c1-424b-9868-57a2d4851a1d" />
    <TestEntry testId="1ea3d6c3-5796-4623-e893-9b8c6a95e32d" executionId="a4a39007-2f97-4f6b-b86f-19ba092a19a6" testListId="8c84fa94-04c1-424b-9868-57a2d4851a1d" />
    <TestEntry testId="ec9464fa-54e9-5e57-2c0c-f67ca173717c" executionId="08edeffe-5584-4869-870b-5e79423ab737" testListId="8c84fa94-04c1-424b-9868-57a2d4851a1d" />
    <TestEntry testId="0dbcccb5-c0f3-ea14-a0cd-d30007cef0b2" executionId="bee144f7-6319-40fc-b2c9-40cd5e17ed4c" testListId="8c84fa94-04c1-424b-9868-57a2d4851a1d" />
    <TestEntry testId="1dbfac0d-6921-9fa7-0a13-4278be6b0a57" executionId="ce00a584-5da5-4d8a-9b6e-c6d508b37580" testListId="8c84fa94-04c1-424b-9868-57a2d4851a1d" />
    <TestEntry testId="56495ced-8f70-9ecf-2fda-94fd4a0bb119" executionId="a55a5623-ee29-439d-a0c1-4994cf29b189" testListId="8c84fa94-04c1-424b-9868-57a2d4851a1d" />
    <TestEntry testId="23d531b0-ed45-f304-17ab-a31a547c6b8e" executionId="b12a2d5b-3049-40cc-b9c1-f474f1e5df43" testListId="8c84fa94-04c1-424b-9868-57a2d4851a1d" />
    <TestEntry testId="afc3fae3-132c-7e62-823b-4cb1c5692e93" executionId="188d952b-ae4f-437f-82ce-c779bae9047d" testListId="8c84fa94-04c1-424b-9868-57a2d4851a1d" />
    <TestEntry testId="28a1b1bc-5f93-a8a0-f928-b85f6a685f03" executionId="9b1ff6dc-bb40-4b4c-8253-67f298009b82" testListId="8c84fa94-04c1-424b-9868-57a2d4851a1d" />
    <TestEntry testId="63ddb946-cae0-491a-3ac5-3cef15baa68e" executionId="865dff57-cedb-4391-920d-4f7d16fff418" testListId="8c84fa94-04c1-424b-9868-57a2d4851a1d" />
    <TestEntry testId="135da1e3-af3a-1f52-42c8-cdd786c6db9c" executionId="40eefbe5-3067-4b00-bca2-8d79489a43bc" testListId="8c84fa94-04c1-424b-9868-57a2d4851a1d" />
    <TestEntry testId="d30029b3-462f-1a3d-d6b9-688bd70870b2" executionId="6ecd733d-4ed2-400c-b4c7-48b20780384f" testListId="8c84fa94-04c1-424b-9868-57a2d4851a1d" />
    <TestEntry testId="15f13652-48ef-f054-6db9-ee15c6fd93f0" executionId="408a1af6-0472-4e21-b820-805975527926" testListId="8c84fa94-04c1-424b-9868-57a2d4851a1d" />
    <TestEntry testId="a81ed9ce-ff94-90b8-5f77-b50421c198af" executionId="7198c433-a4e6-4286-baa7-d8cf7ae8a6aa" testListId="8c84fa94-04c1-424b-9868-57a2d4851a1d" />
    <TestEntry testId="dee3657e-3cef-cc92-0d4f-81b1ad10d57b" executionId="4b9662df-e505-4eb4-b916-5aec38af8b7b" testListId="8c84fa94-04c1-424b-9868-57a2d4851a1d" />
    <TestEntry testId="7052eae4-3b89-c069-a48e-5b820af28a6a" executionId="16cf2987-0554-4925-b86e-d3cef92a4f38" testListId="8c84fa94-04c1-424b-9868-57a2d4851a1d" />
    <TestEntry testId="b7023af3-ab43-2a63-fe34-f8e6978eba33" executionId="3ba05bc3-e219-42fb-a5ec-8bfaade53992" testListId="8c84fa94-04c1-424b-9868-57a2d4851a1d" />
    <TestEntry testId="0f48a21b-1e86-63a2-d0ee-bcb5b2715fdb" executionId="be99e16c-d487-4742-acbb-9c7745a7875e" testListId="8c84fa94-04c1-424b-9868-57a2d4851a1d" />
    <TestEntry testId="87cea312-be19-2fa4-f742-5323e715114e" executionId="72ba35cf-439b-4d49-a641-98b6758f928e" testListId="8c84fa94-04c1-424b-9868-57a2d4851a1d" />
    <TestEntry testId="6be97f92-4505-aedc-f92b-2bcaf8783730" executionId="fdb3b683-515a-488d-b5e1-db0314122c27" testListId="8c84fa94-04c1-424b-9868-57a2d4851a1d" />
    <TestEntry testId="a8d9421e-717c-4446-5700-f3c737afbfcf" executionId="583ac0c2-ddcf-49fb-bed9-b9aeeee05c0a" testListId="8c84fa94-04c1-424b-9868-57a2d4851a1d" />
    <TestEntry testId="a3919ee8-13c2-696b-4f7f-2281c4b990e7" executionId="488ba65f-5aaa-4416-bed6-1beaf5e43a79" testListId="8c84fa94-04c1-424b-9868-57a2d4851a1d" />
    <TestEntry testId="131a353d-64dc-1d2e-161a-4a477c98bbc2" executionId="21d2b764-d626-4730-b1fb-1acc9c594015" testListId="8c84fa94-04c1-424b-9868-57a2d4851a1d" />
    <TestEntry testId="b4e4a47f-33b4-e773-6373-e489b9e1d137" executionId="3e30b7a2-7d62-4947-9b1c-87350c8d9957" testListId="8c84fa94-04c1-424b-9868-57a2d4851a1d" />
    <TestEntry testId="fed95506-dc57-5bbb-71e8-49b7176ef9e2" executionId="49e81049-a0ba-4d3d-8ed6-c9cfc017f9a8" testListId="8c84fa94-04c1-424b-9868-57a2d4851a1d" />
    <TestEntry testId="93a5281a-ebfb-eeca-fee9-aebbcf88224e" executionId="144eb733-bee5-413a-a7dd-22c84d07b158" testListId="8c84fa94-04c1-424b-9868-57a2d4851a1d" />
    <TestEntry testId="4014b687-87a8-f47b-a5bf-18159f68d17f" executionId="16d9c323-f95a-4e2e-9755-b89c6a00daa7" testListId="8c84fa94-04c1-424b-9868-57a2d4851a1d" />
    <TestEntry testId="ee7a6465-468b-1371-f40e-94774f069558" executionId="a626b106-1dcc-46d7-9be6-dfe452a419ab" testListId="8c84fa94-04c1-424b-9868-57a2d4851a1d" />
    <TestEntry testId="40b64cb7-a0ad-328d-3438-891a5dc934e6" executionId="775f780e-d8e5-46c0-8d91-2188ad51856d" testListId="8c84fa94-04c1-424b-9868-57a2d4851a1d" />
    <TestEntry testId="f914b333-ca83-9dd1-5387-b0a814579343" executionId="fc871bdc-a0d6-4029-88d2-60db55f3a84b" testListId="8c84fa94-04c1-424b-9868-57a2d4851a1d" />
    <TestEntry testId="e109a630-ae72-b70c-3980-38878814d6df" executionId="ade38de3-dc13-4207-b9fe-337961750fe3" testListId="8c84fa94-04c1-424b-9868-57a2d4851a1d" />
    <TestEntry testId="60aa4840-4143-aeb1-78fe-2a2944d095ab" executionId="034477e1-8a6f-42d6-a857-dee5b194be66" testListId="8c84fa94-04c1-424b-9868-57a2d4851a1d" />
    <TestEntry testId="ec1de2be-046a-f8f0-02fd-4f851a3a270b" executionId="4637db85-5632-44c5-95a1-79bb07734624" testListId="8c84fa94-04c1-424b-9868-57a2d4851a1d" />
    <TestEntry testId="7821208d-102d-ef4d-0f0f-99e896338732" executionId="ce82fa00-ac05-416d-995f-6535ea31ad7e" testListId="8c84fa94-04c1-424b-9868-57a2d4851a1d" />
    <TestEntry testId="f2bea136-9b06-0068-8ee1-74a52d5766ca" executionId="db3b84c3-f1d4-4abb-8cd7-4579f424e727" testListId="8c84fa94-04c1-424b-9868-57a2d4851a1d" />
    <TestEntry testId="44d887a3-564f-84c7-4e8c-59b8b5d9d6ce" executionId="ba748d6c-54b4-4b93-b446-101b4bc4c883" testListId="8c84fa94-04c1-424b-9868-57a2d4851a1d" />
    <TestEntry testId="28c54b65-ba6d-244c-23c3-4502fd483c04" executionId="e283b8e3-bec9-4b32-ae1e-4e9de0c71e95" testListId="8c84fa94-04c1-424b-9868-57a2d4851a1d" />
    <TestEntry testId="d5d32426-e95a-984a-42df-3a4d43c5ee4b" executionId="19634ba9-b61e-4c2c-b793-7fb46ad66a81" testListId="8c84fa94-04c1-424b-9868-57a2d4851a1d" />
    <TestEntry testId="2d0f0ca9-5f3c-50cc-c88f-ee47fe286b84" executionId="97b299d6-f4f0-46bf-9f16-e0ebf06fec69" testListId="8c84fa94-04c1-424b-9868-57a2d4851a1d" />
    <TestEntry testId="945b847a-cb6b-65f9-aef5-025cfe6ea6f3" executionId="99d30d2d-35f2-4cd0-8dd7-584807fca082" testListId="8c84fa94-04c1-424b-9868-57a2d4851a1d" />
    <TestEntry testId="94f886e0-ac98-223a-7793-64a9c2010d23" executionId="91069e7a-312a-4c11-bb16-be50e0dd045a" testListId="8c84fa94-04c1-424b-9868-57a2d4851a1d" />
    <TestEntry testId="cb12c13a-86c2-25e6-f696-1cdf57c984ed" executionId="0e849483-1ef5-4965-9bc7-e19c28b1c6db" testListId="8c84fa94-04c1-424b-9868-57a2d4851a1d" />
    <TestEntry testId="a9e42b53-9333-9189-881e-217025c9e45b" executionId="695a0f59-df43-4590-af4f-e0a2aa768b50" testListId="8c84fa94-04c1-424b-9868-57a2d4851a1d" />
    <TestEntry testId="abe52657-6fba-beee-55a1-cb8340e11ce8" executionId="7efd097c-1c48-40b0-870f-9884b753cb68" testListId="8c84fa94-04c1-424b-9868-57a2d4851a1d" />
    <TestEntry testId="a1201979-858f-687a-3bc7-caebde6e1939" executionId="bb83c208-c3d1-42c0-a034-5b0bcb0b2112" testListId="8c84fa94-04c1-424b-9868-57a2d4851a1d" />
    <TestEntry testId="1a1aed9b-aef6-582d-60b1-f14cc20bf88a" executionId="6837f414-6f65-43d4-a75b-c1b7df655ceb" testListId="8c84fa94-04c1-424b-9868-57a2d4851a1d" />
    <TestEntry testId="ed05224e-7352-3fba-455f-32ff240fd7b3" executionId="4539d8b2-4289-4c49-b4e9-a947c6271ec0" testListId="8c84fa94-04c1-424b-9868-57a2d4851a1d" />
    <TestEntry testId="fd183794-75d0-1337-52c6-3655b93eaa37" executionId="56565dcb-dd8c-42c6-84b2-f0e2d3da7269" testListId="8c84fa94-04c1-424b-9868-57a2d4851a1d" />
    <TestEntry testId="6a79e669-6653-7cf7-75e0-3215fd55990d" executionId="f87ccbde-e070-488a-a75d-635f019ace14" testListId="8c84fa94-04c1-424b-9868-57a2d4851a1d" />
    <TestEntry testId="c11563d1-2be0-0ad9-4361-0977edde7b30" executionId="d54072a7-8a7e-4c15-930d-4c283ed136b4" testListId="8c84fa94-04c1-424b-9868-57a2d4851a1d" />
    <TestEntry testId="ff5a250b-c009-aaa9-7fac-f42a0c60cffd" executionId="d043b5d9-f63b-4523-9855-31fcaa4b8336" testListId="8c84fa94-04c1-424b-9868-57a2d4851a1d" />
    <TestEntry testId="9bfb982f-77b4-df3c-1634-2de98daacf5b" executionId="08207acb-6722-49cb-9b4a-a59b986668f7" testListId="8c84fa94-04c1-424b-9868-57a2d4851a1d" />
    <TestEntry testId="25ff83fc-6352-765d-4797-3e5622dc453a" executionId="243eab1d-24c3-48c0-8213-fa7359ec6327" testListId="8c84fa94-04c1-424b-9868-57a2d4851a1d" />
    <TestEntry testId="daeec1e1-cfc9-7590-8989-30104087c3ae" executionId="2c6bbe32-c9bc-4593-9219-ffbd037246e1" testListId="8c84fa94-04c1-424b-9868-57a2d4851a1d" />
    <TestEntry testId="aad7b082-ad36-2151-bf4b-62d03ef63fe9" executionId="aaa08cb0-6e6c-474f-8266-348c8d2c0b20" testListId="8c84fa94-04c1-424b-9868-57a2d4851a1d" />
    <TestEntry testId="a6fc0933-771a-6ef6-bbdf-3ccc2b4e96db" executionId="950fd8a8-65af-484a-98ac-9b0141065bb8" testListId="8c84fa94-04c1-424b-9868-57a2d4851a1d" />
    <TestEntry testId="19cd3930-c392-4095-d9b1-320c19a9b03d" executionId="421a778b-f1e6-466b-bea6-0f289523aa1c" testListId="8c84fa94-04c1-424b-9868-57a2d4851a1d" />
    <TestEntry testId="255e4e07-2980-c85f-2575-8b2746034581" executionId="199b3a68-b848-4d3c-b302-1e9f878bb22c" testListId="8c84fa94-04c1-424b-9868-57a2d4851a1d" />
    <TestEntry testId="ee1c6a0c-d6c1-a859-c280-05f10bd0a166" executionId="45dcf779-9222-4218-a339-7f81b6a07612" testListId="8c84fa94-04c1-424b-9868-57a2d4851a1d" />
    <TestEntry testId="1ebcf50f-3294-b90a-993d-26baa2fccb53" executionId="81d3b3af-28c7-4be7-b056-ea64c196ae58" testListId="8c84fa94-04c1-424b-9868-57a2d4851a1d" />
    <TestEntry testId="c7260ebc-a696-37ef-e759-c0251b78d7a6" executionId="5f191c2d-f52b-4809-97ea-fb476271a0ae" testListId="8c84fa94-04c1-424b-9868-57a2d4851a1d" />
    <TestEntry testId="2e244d6d-f149-02a5-c330-275c38ec6450" executionId="ce4b8a26-ff14-49d3-81a8-a025da74321d" testListId="8c84fa94-04c1-424b-9868-57a2d4851a1d" />
    <TestEntry testId="78758eba-eae5-42cc-60c9-e7329bb692cd" executionId="b193921c-353f-46ef-8114-b4de8969a3af" testListId="8c84fa94-04c1-424b-9868-57a2d4851a1d" />
    <TestEntry testId="bb804751-e35b-1383-438c-81158f47394e" executionId="76f09274-7e54-4434-a4b7-000de89b51e5" testListId="8c84fa94-04c1-424b-9868-57a2d4851a1d" />
    <TestEntry testId="5cf972f2-b538-396a-f043-7116e483cc74" executionId="875c7e29-c34c-4b3f-9046-a5de0dda0b2a" testListId="8c84fa94-04c1-424b-9868-57a2d4851a1d" />
    <TestEntry testId="343a9c4b-56cf-4c89-e571-a22806aea95e" executionId="2039a691-58f7-41d4-8493-d975105121a4" testListId="8c84fa94-04c1-424b-9868-57a2d4851a1d" />
    <TestEntry testId="b32fbca2-fd96-6801-df4d-5e05fbbf16cd" executionId="bca1492e-7488-4849-8d27-f9dc358535da" testListId="8c84fa94-04c1-424b-9868-57a2d4851a1d" />
    <TestEntry testId="efdf10ad-ff1d-0372-6e29-924d8f59f26f" executionId="14695f9b-bc36-4b2b-8e0e-9dbe0656ee02" testListId="8c84fa94-04c1-424b-9868-57a2d4851a1d" />
    <TestEntry testId="c7260ebc-a696-37ef-e759-c0251b78d7a6" executionId="5ed19cc7-53cf-48c4-bcb1-6c2493775781" testListId="8c84fa94-04c1-424b-9868-57a2d4851a1d" />
    <TestEntry testId="82af7b2a-73d0-b8d4-1f6b-6e92f5eadad4" executionId="c2ba74dd-6295-4b74-bdd3-e36f1c3fa468" testListId="8c84fa94-04c1-424b-9868-57a2d4851a1d" />
    <TestEntry testId="f91e0c9e-d619-e37a-3c56-d24e6f6ed939" executionId="1dcd1926-6964-4c55-9303-6480dc39a503" testListId="8c84fa94-04c1-424b-9868-57a2d4851a1d" />
    <TestEntry testId="ce19970c-89c6-247b-5f9d-7ca92d5da0a2" executionId="2e79539b-27f6-4f79-b2d5-14df05c29e12" testListId="8c84fa94-04c1-424b-9868-57a2d4851a1d" />
    <TestEntry testId="cf549936-52a3-4b21-d1d1-628304e30406" executionId="36476e29-2cb2-46f7-be80-3e4ce83c5dc0" testListId="8c84fa94-04c1-424b-9868-57a2d4851a1d" />
    <TestEntry testId="59bb740e-62bd-14a9-cba6-69f8641edd15" executionId="96dd1ac4-cdc5-4b0b-9d45-80da49149eb5" testListId="8c84fa94-04c1-424b-9868-57a2d4851a1d" />
    <TestEntry testId="2ebc00b9-91b7-bb71-2558-ae98f538fcea" executionId="0b2cb73f-60f2-4271-b394-b86114515023" testListId="8c84fa94-04c1-424b-9868-57a2d4851a1d" />
    <TestEntry testId="4f08908f-6f68-d8e0-d4e8-a1ffc5e1e134" executionId="a9a3f991-a055-42a3-a982-db7617700293" testListId="8c84fa94-04c1-424b-9868-57a2d4851a1d" />
    <TestEntry testId="bb8878dc-e145-9d91-744b-958cc0c47ea9" executionId="7787ceb8-dffa-43a7-838a-d4b1fc4c0e0c" testListId="8c84fa94-04c1-424b-9868-57a2d4851a1d" />
    <TestEntry testId="414507dc-3be0-3ccc-90b9-ff4da80f144d" executionId="19f22f82-905d-45d2-a567-ec8a9c4b5469" testListId="8c84fa94-04c1-424b-9868-57a2d4851a1d" />
    <TestEntry testId="cbde4861-efff-1a21-e3b8-4a68847e0b93" executionId="9a41476a-90b2-4f14-a0e9-74c8437f9bc3" testListId="8c84fa94-04c1-424b-9868-57a2d4851a1d" />
    <TestEntry testId="1250b667-e1e8-611a-db40-3781e90cd16f" executionId="10410890-789e-4a89-b623-89969fe38c32" testListId="8c84fa94-04c1-424b-9868-57a2d4851a1d" />
    <TestEntry testId="45a6eb62-602a-ab67-92d5-7f8fcb36b8a6" executionId="4cb2fcf7-9d8e-4071-82a1-e97055f7989c" testListId="8c84fa94-04c1-424b-9868-57a2d4851a1d" />
    <TestEntry testId="db18bf83-7d08-becd-54cd-4a4d5b90a1ef" executionId="df883ebb-370f-4b93-abed-de8a8ae09507" testListId="8c84fa94-04c1-424b-9868-57a2d4851a1d" />
    <TestEntry testId="2943dfdf-2f06-d9ad-1778-0311c3a01625" executionId="4e63af14-cc50-4a9f-b6b8-906e0051425c" testListId="8c84fa94-04c1-424b-9868-57a2d4851a1d" />
    <TestEntry testId="4d50b4bc-fb20-4b15-c696-86312cc6655b" executionId="2003a489-e0bb-45ef-a514-f87c48216b0f" testListId="8c84fa94-04c1-424b-9868-57a2d4851a1d" />
    <TestEntry testId="2d0ea633-5488-4931-b804-e7b6590d4f90" executionId="0e7fffcf-5e20-45c0-8123-401c372571fb" testListId="8c84fa94-04c1-424b-9868-57a2d4851a1d" />
    <TestEntry testId="c11dedad-15e2-9e12-a188-c6cb13823fc3" executionId="a4765819-cfc9-456e-b422-872ac2d508c8" testListId="8c84fa94-04c1-424b-9868-57a2d4851a1d" />
    <TestEntry testId="6eaa29cd-811f-a088-f961-9aa873e71333" executionId="ba6bcb8a-3757-4271-8fd0-bbbbc027ee9a" testListId="8c84fa94-04c1-424b-9868-57a2d4851a1d" />
    <TestEntry testId="3698c6b7-6630-413e-1b3f-319af5a7b08f" executionId="91fb02ee-3e16-43a1-ba1e-f0e21f117a1a" testListId="8c84fa94-04c1-424b-9868-57a2d4851a1d" />
    <TestEntry testId="ca99137b-df68-d280-f2c9-882df5bb713d" executionId="3da9478e-f665-4071-9f2b-96534e8fc649" testListId="8c84fa94-04c1-424b-9868-57a2d4851a1d" />
    <TestEntry testId="144e5bca-3bfc-6367-398d-edab10c2d420" executionId="527bf9c4-e43c-4159-877a-fe2c71d846f7" testListId="8c84fa94-04c1-424b-9868-57a2d4851a1d" />
    <TestEntry testId="0ca21471-e267-80e4-d04f-8d936d7fe489" executionId="9984d77a-2dff-4012-b666-1bbf5ed14591" testListId="8c84fa94-04c1-424b-9868-57a2d4851a1d" />
    <TestEntry testId="c680db2f-0852-0119-fe23-410188617f76" executionId="98d68b86-dd30-40f3-aea6-b94ab0572b79" testListId="8c84fa94-04c1-424b-9868-57a2d4851a1d" />
    <TestEntry testId="740b1f60-e42d-66de-0684-ebbdaabbfdda" executionId="dd9e0bba-195f-4e5d-9ae8-89b5820d3c99" testListId="8c84fa94-04c1-424b-9868-57a2d4851a1d" />
    <TestEntry testId="07425356-3fde-058a-6d9d-00d12485716f" executionId="af330c9a-f57b-49b1-b907-3c196602bb93" testListId="8c84fa94-04c1-424b-9868-57a2d4851a1d" />
    <TestEntry testId="857ab7bb-3ad0-7e08-c32d-813858211a68" executionId="d0deed60-b8e8-4112-aa84-a5f0ef27682c" testListId="8c84fa94-04c1-424b-9868-57a2d4851a1d" />
    <TestEntry testId="5e406764-b5e8-cb5c-9f62-c70a353e7da5" executionId="62b275e9-3926-473f-9e45-1a3831744da5" testListId="8c84fa94-04c1-424b-9868-57a2d4851a1d" />
    <TestEntry testId="5d3d84cf-038c-4965-b983-fb6337668672" executionId="4d918915-d5b2-41bf-bab0-250d3af1cf4f" testListId="8c84fa94-04c1-424b-9868-57a2d4851a1d" />
    <TestEntry testId="455deff3-36a6-ac26-6b9e-60f872099d3b" executionId="12be6058-0f08-4d6b-b9b7-3ba63c010554" testListId="8c84fa94-04c1-424b-9868-57a2d4851a1d" />
    <TestEntry testId="bfa96954-1ade-7432-e2dc-f4228361eb7e" executionId="e6ae73fb-8c89-4c4c-ab5a-2ebd036f4821" testListId="8c84fa94-04c1-424b-9868-57a2d4851a1d" />
    <TestEntry testId="2213bde3-f5cd-cd4e-100a-68f771ca1d40" executionId="dff1a372-ae86-4796-bcb7-31e12f9451be" testListId="8c84fa94-04c1-424b-9868-57a2d4851a1d" />
    <TestEntry testId="1e7170e4-ab6a-5b56-5e8c-459d5697bd4d" executionId="df9c9421-a4df-406d-9e8e-d130418cddff" testListId="8c84fa94-04c1-424b-9868-57a2d4851a1d" />
    <TestEntry testId="51ef1f70-2175-71d2-bd28-ab21ba2bf2f6" executionId="5eff64f6-39be-4bd7-90db-299a33edb139" testListId="8c84fa94-04c1-424b-9868-57a2d4851a1d" />
    <TestEntry testId="80702847-7610-090e-ea03-2730d2b1ccc6" executionId="c1a0d687-34ca-4378-b314-448e570f493a" testListId="8c84fa94-04c1-424b-9868-57a2d4851a1d" />
    <TestEntry testId="9b225c63-356b-e16a-fc81-e64c040fb2d2" executionId="962a9384-b2e0-4778-92e8-7991b0ea2aa4" testListId="8c84fa94-04c1-424b-9868-57a2d4851a1d" />
    <TestEntry testId="0f48d723-a81b-fecc-2322-8b85ba6e23e5" executionId="27b5cf27-959c-4260-a5ce-9f800de2bc78" testListId="8c84fa94-04c1-424b-9868-57a2d4851a1d" />
    <TestEntry testId="f7e32a31-f56c-1976-c253-135477df6b1a" executionId="2528ffc4-e465-4054-9fd0-755fa15b85d0" testListId="8c84fa94-04c1-424b-9868-57a2d4851a1d" />
    <TestEntry testId="613e6019-e82f-f557-0d4e-4161a7225b12" executionId="2b979916-7cb7-4265-80ae-aa8bf63b432b" testListId="8c84fa94-04c1-424b-9868-57a2d4851a1d" />
    <TestEntry testId="a53cdb8f-0eeb-bbc0-8bdb-0a81a10f20f1" executionId="47c46ffc-09b0-4df9-9d35-d72cdb9b5a82" testListId="8c84fa94-04c1-424b-9868-57a2d4851a1d" />
    <TestEntry testId="2fc54058-f464-97bf-4a82-d4ba6aff7f34" executionId="62d2db76-2a74-4ef8-8354-431302cafa2a" testListId="8c84fa94-04c1-424b-9868-57a2d4851a1d" />
    <TestEntry testId="d1b803ed-41f9-6daf-3119-a33a83bf72ba" executionId="c9f4c48f-b10b-4bed-90b7-ae4d6e42a861" testListId="8c84fa94-04c1-424b-9868-57a2d4851a1d" />
    <TestEntry testId="1520d318-c5d5-7cb9-aea5-f24056a340d4" executionId="d08fa921-6d05-4aa8-a80d-44abbdb885c1" testListId="8c84fa94-04c1-424b-9868-57a2d4851a1d" />
    <TestEntry testId="44b7d3e3-203a-30d8-5239-484d4606593c" executionId="b188e52f-bfa0-4659-87a1-f2c53ae48094" testListId="8c84fa94-04c1-424b-9868-57a2d4851a1d" />
    <TestEntry testId="c35a814e-9384-7acc-ddbe-abf15dd24711" executionId="67a627c4-e6af-4261-94bb-7c0a8e31d9e2" testListId="8c84fa94-04c1-424b-9868-57a2d4851a1d" />
    <TestEntry testId="07b9b62b-6ccb-9e5f-65bf-12a815afe446" executionId="7933ecaa-bf45-456c-8df5-31bd4321360c" testListId="8c84fa94-04c1-424b-9868-57a2d4851a1d" />
    <TestEntry testId="67768116-f076-e001-d8f2-271ba84d3cfa" executionId="7b0b84bf-86aa-42f4-9a9b-4a44b47569e7" testListId="8c84fa94-04c1-424b-9868-57a2d4851a1d" />
    <TestEntry testId="2e57ef53-c2e9-8040-187f-67a50519993b" executionId="f6a9c5d5-247c-478a-850c-695dbb0aa87f" testListId="8c84fa94-04c1-424b-9868-57a2d4851a1d" />
    <TestEntry testId="9c89cd6d-d0ec-0e61-e3f4-1bacae62a4a6" executionId="d23c2003-2b17-4ed5-9d48-88664a4503df" testListId="8c84fa94-04c1-424b-9868-57a2d4851a1d" />
    <TestEntry testId="6db8271f-c9b5-a6ce-d08a-ae04c8c1e851" executionId="c5052f02-317b-4507-a6f4-af5abfb57612" testListId="8c84fa94-04c1-424b-9868-57a2d4851a1d" />
    <TestEntry testId="6e7b248d-c90d-f81a-ea63-9c387347b88e" executionId="1fc91a65-d81d-4504-abe7-76a147346624" testListId="8c84fa94-04c1-424b-9868-57a2d4851a1d" />
    <TestEntry testId="bafc1b18-901e-604e-9096-697e3b69b6aa" executionId="1c4b12ee-c2ee-4fe4-948d-a19b8344989d" testListId="8c84fa94-04c1-424b-9868-57a2d4851a1d" />
    <TestEntry testId="0bbf1396-b361-3879-3d26-d14ab5966a80" executionId="f9c8ad0c-f5c0-49b0-87fd-768c9d695e5f" testListId="8c84fa94-04c1-424b-9868-57a2d4851a1d" />
    <TestEntry testId="b8dcf423-9f57-c2d8-bffc-8be3bb05cf27" executionId="f307ecdb-ba4d-47e8-bd1b-c281549ff37d" testListId="8c84fa94-04c1-424b-9868-57a2d4851a1d" />
    <TestEntry testId="b7389056-e54c-e5e6-60df-713f01be5ae7" executionId="2f599036-c84e-4b1e-b926-11bc86785b80" testListId="8c84fa94-04c1-424b-9868-57a2d4851a1d" />
    <TestEntry testId="ae0b7b88-d28a-0c6a-d7b5-b6074453b325" executionId="cefb8853-54b3-47ce-820a-c88a4dde3f12" testListId="8c84fa94-04c1-424b-9868-57a2d4851a1d" />
    <TestEntry testId="dd3aa683-a087-9abc-3c49-f63b0f664e93" executionId="20fd38c6-c665-465a-9820-a7d084f4d526" testListId="8c84fa94-04c1-424b-9868-57a2d4851a1d" />
    <TestEntry testId="639b6493-3922-85ca-561c-da1c1afcbd53" executionId="d6e705b5-e09c-4cbd-9bbb-e7c3794b5da0" testListId="8c84fa94-04c1-424b-9868-57a2d4851a1d" />
    <TestEntry testId="a104a9d0-b4e9-9ca0-b603-eed356ac123f" executionId="3e4a3f24-d010-4a91-9187-c39364b2fd85" testListId="8c84fa94-04c1-424b-9868-57a2d4851a1d" />
    <TestEntry testId="2e3265ca-ff0c-d0a3-213a-36e37782dcf7" executionId="f234ad5a-4536-44c2-8305-21bd72c3a8bd" testListId="8c84fa94-04c1-424b-9868-57a2d4851a1d" />
    <TestEntry testId="b3406b45-4f3c-1725-423d-8e8cda3fd2f3" executionId="094e3344-b5f9-4405-9dab-553a333ad0d0" testListId="8c84fa94-04c1-424b-9868-57a2d4851a1d" />
    <TestEntry testId="9c519711-bd54-8221-1195-949eacd1eb87" executionId="f3a51318-0e6a-44a6-af3d-64ef1214967e" testListId="8c84fa94-04c1-424b-9868-57a2d4851a1d" />
    <TestEntry testId="d8cec6a4-98e7-0d31-7b0f-f4d0fcde94ee" executionId="3acf0724-6cd4-4d90-99bb-7de8985d17f1" testListId="8c84fa94-04c1-424b-9868-57a2d4851a1d" />
    <TestEntry testId="6bd1caa1-a69e-87f9-5b93-e34f3c28efd8" executionId="27dd5b8d-0cc2-43aa-bfe5-98fa0339302f" testListId="8c84fa94-04c1-424b-9868-57a2d4851a1d" />
    <TestEntry testId="9638fdd5-3d71-527f-bc37-d7b1340bcf44" executionId="35347e5e-cd1f-44f4-ac53-8d6ec38cffd0" testListId="8c84fa94-04c1-424b-9868-57a2d4851a1d" />
    <TestEntry testId="5da27f0d-f2ac-d56a-a84b-ce10548e3199" executionId="fb859d4b-87d0-44fa-b978-5d067c3cf8cf" testListId="8c84fa94-04c1-424b-9868-57a2d4851a1d" />
    <TestEntry testId="bfb4a4ab-f219-f9d5-e9a2-9005ca01f77f" executionId="c0a5fb64-863e-4697-8444-97f217c05757" testListId="8c84fa94-04c1-424b-9868-57a2d4851a1d" />
    <TestEntry testId="63cc9b17-12aa-a95f-34cb-4755c2085c67" executionId="b23ef4cf-e5d1-4356-9cbb-bdabbf259a21" testListId="8c84fa94-04c1-424b-9868-57a2d4851a1d" />
    <TestEntry testId="6c0220b6-5678-ede2-bd06-2929b0963682" executionId="12643b4c-e242-42cf-b7e9-312800b17b9b" testListId="8c84fa94-04c1-424b-9868-57a2d4851a1d" />
    <TestEntry testId="1f9d8d4e-bdd5-1045-c046-294402fb07ab" executionId="53a4d3a3-ecf5-4738-aece-5171ea34009d" testListId="8c84fa94-04c1-424b-9868-57a2d4851a1d" />
    <TestEntry testId="66b737fb-baa7-6ff9-32a4-aa649c9a1a69" executionId="2f7d115e-a013-4e05-ae82-83fd5856f872" testListId="8c84fa94-04c1-424b-9868-57a2d4851a1d" />
    <TestEntry testId="e8b93970-dfc8-7f76-1183-62f96878b264" executionId="5c8c0848-a3ec-43a6-a65b-f57abbdecf6c" testListId="8c84fa94-04c1-424b-9868-57a2d4851a1d" />
    <TestEntry testId="ec336f4c-688d-a70b-f869-a979e649d734" executionId="01668ee6-a5e6-49c4-827c-fd458ccb56ef" testListId="8c84fa94-04c1-424b-9868-57a2d4851a1d" />
    <TestEntry testId="12848722-5022-72a1-02cb-e7303451a096" executionId="8dcd49b0-99e7-4551-b163-7833a220641a" testListId="8c84fa94-04c1-424b-9868-57a2d4851a1d" />
    <TestEntry testId="8711884e-02d6-84da-2a3c-72030d6d92dd" executionId="98494135-fd07-42c1-bc90-cdc4db1dbe44" testListId="8c84fa94-04c1-424b-9868-57a2d4851a1d" />
    <TestEntry testId="42b1972a-b9da-de79-1389-0fe2762fc9a2" executionId="0e34ad01-20fe-4455-9591-be3e3539db52" testListId="8c84fa94-04c1-424b-9868-57a2d4851a1d" />
    <TestEntry testId="8595e9c2-3abd-e3a4-a13a-44c55b609405" executionId="4c9e09a9-ffed-4c43-9d3a-6a269f3863e0" testListId="8c84fa94-04c1-424b-9868-57a2d4851a1d" />
    <TestEntry testId="d2893880-1b00-be8c-93ae-ca6d2eaf84f6" executionId="33e88ed1-7c24-4e91-9c2e-6be44fd3448d" testListId="8c84fa94-04c1-424b-9868-57a2d4851a1d" />
    <TestEntry testId="c90cffb8-7886-9206-0f6d-ae5f6e2d2db8" executionId="e86fa435-0d72-46f9-98f7-4fb1a352bf83" testListId="8c84fa94-04c1-424b-9868-57a2d4851a1d" />
    <TestEntry testId="71dcb4c0-9b4b-30a5-ccdc-962fe349147d" executionId="dbdbf68c-5a32-4498-8d44-2667059d4167" testListId="8c84fa94-04c1-424b-9868-57a2d4851a1d" />
    <TestEntry testId="430aa0c8-617c-dddc-2ea3-ec2d79e7c917" executionId="1903619a-d967-4ba9-872c-5632026a9ce2" testListId="8c84fa94-04c1-424b-9868-57a2d4851a1d" />
    <TestEntry testId="d69ea769-776f-cbe5-49b4-4fd448ad0738" executionId="ee9d758e-77c5-4854-aacc-dab7afa910fd" testListId="8c84fa94-04c1-424b-9868-57a2d4851a1d" />
    <TestEntry testId="b59a8f28-25e5-48e2-28f6-0bbcde1cabde" executionId="6bd438fe-c427-4ba8-a62b-946d07814b28" testListId="8c84fa94-04c1-424b-9868-57a2d4851a1d" />
    <TestEntry testId="8ac382fb-edcd-3fed-41e3-7f22ed7119ae" executionId="22a9ac81-b50b-4cd3-8958-d91392798f5e" testListId="8c84fa94-04c1-424b-9868-57a2d4851a1d" />
    <TestEntry testId="ebbeec40-03aa-d53f-99f0-a29f86d53fe3" executionId="b6f16118-5968-4115-bffc-a7906bda8ee7" testListId="8c84fa94-04c1-424b-9868-57a2d4851a1d" />
    <TestEntry testId="c23a43ff-da51-f073-82fc-74b6b5bd55d3" executionId="33a22196-704b-4590-be05-5e1d3c53c957" testListId="8c84fa94-04c1-424b-9868-57a2d4851a1d" />
    <TestEntry testId="ec5d73b7-1bad-9588-4c3a-96c51b850227" executionId="57f447ce-a65a-4280-80d6-2ae8bf4fe174" testListId="8c84fa94-04c1-424b-9868-57a2d4851a1d" />
    <TestEntry testId="e7ea2e46-43cd-6a42-6f69-fdd4da8a8f09" executionId="77f2ff6b-da64-4aad-8757-51a4b4d650ae" testListId="8c84fa94-04c1-424b-9868-57a2d4851a1d" />
    <TestEntry testId="c4a71f90-a1b5-33db-47e1-d661fe488bfd" executionId="fa5bf46f-3f9e-4afd-961a-e436b8e20441" testListId="8c84fa94-04c1-424b-9868-57a2d4851a1d" />
    <TestEntry testId="0091b289-0660-dba3-f682-4d4e6849e1ae" executionId="afa1509d-8358-4326-a95e-282b2e6b8333" testListId="8c84fa94-04c1-424b-9868-57a2d4851a1d" />
    <TestEntry testId="004e2533-e0d1-128f-7566-581332560c49" executionId="5d8a7444-1af2-4ff5-a8fd-f941230bfea3" testListId="8c84fa94-04c1-424b-9868-57a2d4851a1d" />
    <TestEntry testId="992bec01-afaa-865d-6185-24098986100e" executionId="c5f6ba77-3624-4cec-adff-c0531b15f827" testListId="8c84fa94-04c1-424b-9868-57a2d4851a1d" />
    <TestEntry testId="b7387a12-f84a-26ca-0854-0faaaf266bb1" executionId="7a19c43a-5077-429f-b04f-f7f04ad0a118" testListId="8c84fa94-04c1-424b-9868-57a2d4851a1d" />
    <TestEntry testId="3b0ff113-6126-a3c4-a31b-f6af15beb342" executionId="51c3454b-c753-4513-a8d0-ac5f76d5e0e0" testListId="8c84fa94-04c1-424b-9868-57a2d4851a1d" />
    <TestEntry testId="44e414ab-403a-b228-d779-01d5c572e556" executionId="4cb54a60-8d97-4fb5-a5c9-6dca0c3e4c3c" testListId="8c84fa94-04c1-424b-9868-57a2d4851a1d" />
    <TestEntry testId="4db05b65-95d2-4185-fbb8-ddb16d4e61d8" executionId="f02460ad-8c7a-41e8-ae8b-9b2a1bd90269" testListId="8c84fa94-04c1-424b-9868-57a2d4851a1d" />
    <TestEntry testId="abcfdaf8-80a5-c0d3-91a9-45b74201817f" executionId="cf58d3fd-cfce-4317-9c00-d9c75a1cd9bf" testListId="8c84fa94-04c1-424b-9868-57a2d4851a1d" />
    <TestEntry testId="4ad9e53c-ff4b-0056-56b1-87e62b8cc632" executionId="1e08a079-ff51-47f3-a191-be216109b55c" testListId="8c84fa94-04c1-424b-9868-57a2d4851a1d" />
    <TestEntry testId="7db44fff-c010-6e1f-c591-b0c7b45efced" executionId="f530719d-297f-46a0-add4-dde06fb9519f" testListId="8c84fa94-04c1-424b-9868-57a2d4851a1d" />
    <TestEntry testId="fb2135a0-ff45-a87e-0da9-0499fca0f6e3" executionId="c450c492-d279-45f2-8d29-6866a0d46d28" testListId="8c84fa94-04c1-424b-9868-57a2d4851a1d" />
    <TestEntry testId="924b97b4-012e-51a4-5c98-ecd0816a4f62" executionId="4a6d4f6c-a2b7-421b-a762-ad09efdae6df" testListId="8c84fa94-04c1-424b-9868-57a2d4851a1d" />
    <TestEntry testId="c5b91782-e1f7-2774-701f-5275edeb9108" executionId="e071a9f5-c780-4b35-ba2f-7c2ca63a01ea" testListId="8c84fa94-04c1-424b-9868-57a2d4851a1d" />
    <TestEntry testId="fa3cedf8-56a5-48eb-3e47-bf4e3d09a5b7" executionId="2a2dd7e2-fac8-4ad1-9841-f0e066d9baef" testListId="8c84fa94-04c1-424b-9868-57a2d4851a1d" />
    <TestEntry testId="e52b4f59-8085-c3b1-d6bd-43341fa8895b" executionId="51eee5ed-bd44-41da-b9dc-c4c7e5ea919e" testListId="8c84fa94-04c1-424b-9868-57a2d4851a1d" />
    <TestEntry testId="ddba84f0-f8c6-7f68-67dd-172ed32d6a5f" executionId="8218f45a-2f71-4306-86fb-6ef70c792a8c" testListId="8c84fa94-04c1-424b-9868-57a2d4851a1d" />
    <TestEntry testId="69f53fe6-6d7e-82e7-0c5a-f10fa6dd7af6" executionId="9c108d02-2770-42dd-aa48-eac60dba2c8b" testListId="8c84fa94-04c1-424b-9868-57a2d4851a1d" />
    <TestEntry testId="5cbb49db-c4c4-d869-7712-02a4cb98a9c5" executionId="d001e02b-fb2d-4181-8d67-820a1cccc071" testListId="8c84fa94-04c1-424b-9868-57a2d4851a1d" />
    <TestEntry testId="d961c699-7fb4-7a7b-8fa3-59b1d8ea7137" executionId="dd77eaa0-501b-4e8d-9187-66178d62159a" testListId="8c84fa94-04c1-424b-9868-57a2d4851a1d" />
    <TestEntry testId="ebfc03d2-499c-1b10-ff46-55e56ed1053c" executionId="7fcc53c8-1564-4ab4-89bd-b5fde779a843" testListId="8c84fa94-04c1-424b-9868-57a2d4851a1d" />
    <TestEntry testId="7df1a36a-e864-373e-7a24-c1742d37a733" executionId="452f1d27-43b3-41b6-aabd-03be46bf5456" testListId="8c84fa94-04c1-424b-9868-57a2d4851a1d" />
    <TestEntry testId="5504f349-886e-364d-1fc2-a3566c2bdac1" executionId="f98dc628-a086-4dac-8c2f-ecd06cc491a6" testListId="8c84fa94-04c1-424b-9868-57a2d4851a1d" />
    <TestEntry testId="2ea2195b-b7a5-1314-2954-98a12fc50d14" executionId="41164b13-e537-41f2-9aee-f03e0c1c575a" testListId="8c84fa94-04c1-424b-9868-57a2d4851a1d" />
    <TestEntry testId="948469eb-fad2-d910-de2c-bb9c901b6626" executionId="f97d459f-b38c-4ee5-986f-9a0620a1424b" testListId="8c84fa94-04c1-424b-9868-57a2d4851a1d" />
    <TestEntry testId="1080a8fb-c4f5-1740-e9b9-cd24db7a0bc9" executionId="2d6076e2-9fa9-4d08-8349-1f11da3e835c" testListId="8c84fa94-04c1-424b-9868-57a2d4851a1d" />
    <TestEntry testId="78035143-1854-e0c6-6a36-f00d4c9fb132" executionId="2545369f-cef2-4937-b733-f242c5eab2d2" testListId="8c84fa94-04c1-424b-9868-57a2d4851a1d" />
    <TestEntry testId="98ac3c5d-c0d0-f78a-4080-5f1e368b87ba" executionId="29eed72d-965b-4df1-af28-4d0fc3f95116" testListId="8c84fa94-04c1-424b-9868-57a2d4851a1d" />
    <TestEntry testId="fba00691-80a3-ac87-20b7-7fa0c9794f87" executionId="b998bb4a-bc13-48c3-baf7-fdde0e300153" testListId="8c84fa94-04c1-424b-9868-57a2d4851a1d" />
    <TestEntry testId="826ee6e6-4d1c-76cd-bf32-6207fb5cf7fc" executionId="90c013f4-cfeb-4aad-8b77-9f1bd22220ce" testListId="8c84fa94-04c1-424b-9868-57a2d4851a1d" />
    <TestEntry testId="977c73f4-fd1b-0456-8ef8-c349ad80659c" executionId="7b25d21d-4ab1-4bcd-9970-d53b74effc9b" testListId="8c84fa94-04c1-424b-9868-57a2d4851a1d" />
    <TestEntry testId="23ff1577-039b-db16-677b-d224ba8171aa" executionId="25c12ca3-d440-42bd-b87b-7bbcc02c8811" testListId="8c84fa94-04c1-424b-9868-57a2d4851a1d" />
    <TestEntry testId="a7211da6-38c1-6a10-8718-2db24db31e1a" executionId="16bf3115-938c-4b64-a0d2-827d175dd72e" testListId="8c84fa94-04c1-424b-9868-57a2d4851a1d" />
    <TestEntry testId="f3b91825-9802-c600-dc0a-be3fc8429f84" executionId="cbc05c49-98bb-408e-8b84-724363ea5c96" testListId="8c84fa94-04c1-424b-9868-57a2d4851a1d" />
    <TestEntry testId="841bccef-6ccb-fbbf-a261-9a6b9d007115" executionId="117d4c3f-fe35-44da-a082-c6d86a0f1256" testListId="8c84fa94-04c1-424b-9868-57a2d4851a1d" />
    <TestEntry testId="94253c8f-2996-7cd3-28d1-c527e3d1e4f5" executionId="8854318f-25a3-452c-bad2-d89e5a699547" testListId="8c84fa94-04c1-424b-9868-57a2d4851a1d" />
    <TestEntry testId="8821d8f0-6f93-764c-e58d-7410f30a46e2" executionId="77d0cae2-0bfb-4b65-8eea-861f8dfdc573" testListId="8c84fa94-04c1-424b-9868-57a2d4851a1d" />
    <TestEntry testId="5d0bf66b-24bb-d4a9-e3db-a387379e075b" executionId="f9490ab8-4743-4aa3-a78b-0c1c062ea5fd" testListId="8c84fa94-04c1-424b-9868-57a2d4851a1d" />
    <TestEntry testId="b650292d-7608-730d-1109-e36b9cc5667b" executionId="6297c20d-f3b2-439f-9e27-f54f5fd762f2" testListId="8c84fa94-04c1-424b-9868-57a2d4851a1d" />
    <TestEntry testId="aa905d4f-80a3-c73d-f6a4-4f70a58f2dbb" executionId="cc375b98-7548-437b-bc05-57e86efb407a" testListId="8c84fa94-04c1-424b-9868-57a2d4851a1d" />
    <TestEntry testId="b0099555-5384-29c3-792d-dc5199b6490d" executionId="2495895d-e0a2-4326-9581-21875338c647" testListId="8c84fa94-04c1-424b-9868-57a2d4851a1d" />
    <TestEntry testId="caeae9d0-db52-6a30-6126-163d3940de00" executionId="9f44d476-5f59-435c-a80b-555f0a64e324" testListId="8c84fa94-04c1-424b-9868-57a2d4851a1d" />
    <TestEntry testId="d01fbeb5-21af-a8ef-f2b1-8fc582aadf7e" executionId="b4b121ad-54ec-44e2-9798-626b412ac749" testListId="8c84fa94-04c1-424b-9868-57a2d4851a1d" />
    <TestEntry testId="853dfa14-b552-e552-161d-83c5bd6239d4" executionId="d6042e69-65e4-4a12-9e22-2e66bd8931fa" testListId="8c84fa94-04c1-424b-9868-57a2d4851a1d" />
    <TestEntry testId="4ce7167a-79f4-919c-bb47-9794f52f4f6b" executionId="9599a26f-018e-44c2-a901-80693676ab97" testListId="8c84fa94-04c1-424b-9868-57a2d4851a1d" />
    <TestEntry testId="abcfdaf8-80a5-c0d3-91a9-45b74201817f" executionId="0a1d0bc9-0fa7-44c6-a901-ad12c9646f18" testListId="8c84fa94-04c1-424b-9868-57a2d4851a1d" />
    <TestEntry testId="0754fb65-8880-86b8-0230-8db442906bae" executionId="3794d291-598d-4815-9d35-2a8ea33c1090" testListId="8c84fa94-04c1-424b-9868-57a2d4851a1d" />
    <TestEntry testId="e908bf31-d0e9-ac6a-01b3-7340fa63fddf" executionId="9b0054ff-39ce-429c-a305-9ca9ea115f29" testListId="8c84fa94-04c1-424b-9868-57a2d4851a1d" />
    <TestEntry testId="c22027e3-8847-cee4-cb92-5716c9338f13" executionId="f9d71830-8d37-4563-9256-3362f86be27a" testListId="8c84fa94-04c1-424b-9868-57a2d4851a1d" />
    <TestEntry testId="0c5d354b-d444-9e37-afe4-38b9ea9dc1a1" executionId="8436c768-d8d0-4522-9a59-dbba7bf95c9d" testListId="8c84fa94-04c1-424b-9868-57a2d4851a1d" />
    <TestEntry testId="1a4444f2-447d-8040-adb9-0973a289c373" executionId="db227915-5053-4fda-b115-0f24702a7df9" testListId="8c84fa94-04c1-424b-9868-57a2d4851a1d" />
    <TestEntry testId="e12883d9-f2a1-8f1d-81a5-d6874a69e61c" executionId="00056bcb-372e-41c0-837a-af09c1bcca86" testListId="8c84fa94-04c1-424b-9868-57a2d4851a1d" />
    <TestEntry testId="703459f9-2e51-91e2-8f91-2086dd3c6666" executionId="049007eb-d8ea-4cb4-bbe5-ab098c06440b" testListId="8c84fa94-04c1-424b-9868-57a2d4851a1d" />
    <TestEntry testId="be8294a6-a301-88fb-ae9b-6b208a5f3ec3" executionId="fb26e8ef-7175-4581-b6e3-55661347146e" testListId="8c84fa94-04c1-424b-9868-57a2d4851a1d" />
    <TestEntry testId="8778cd5e-de62-3262-9f3e-8ab7171cb29b" executionId="8ca345e2-457b-4076-84ee-262290695986" testListId="8c84fa94-04c1-424b-9868-57a2d4851a1d" />
    <TestEntry testId="7b6483b7-b933-1c4e-ecb1-6b13dd9fb812" executionId="8b5665f1-24bf-43be-bf96-257f720677b5" testListId="8c84fa94-04c1-424b-9868-57a2d4851a1d" />
    <TestEntry testId="84c71a67-f626-81b7-73d2-d813713fab8c" executionId="ed08c8b8-32b0-47df-b706-da8438bd8330" testListId="8c84fa94-04c1-424b-9868-57a2d4851a1d" />
    <TestEntry testId="4781b651-73e0-3002-a676-132ebaaa0a2d" executionId="af8acd6e-0b45-4e31-bdae-a1a4a2db1841" testListId="8c84fa94-04c1-424b-9868-57a2d4851a1d" />
    <TestEntry testId="d3ec738c-dc58-8329-14a1-a4f37b7c052c" executionId="f4fa6285-7bf3-4008-94a8-dac10d06d246" testListId="8c84fa94-04c1-424b-9868-57a2d4851a1d" />
    <TestEntry testId="f1c2d53d-76bf-0e33-f757-63962806c42e" executionId="e73ec364-5413-483a-b868-f4f6cd4a9e3a" testListId="8c84fa94-04c1-424b-9868-57a2d4851a1d" />
    <TestEntry testId="f2be85e0-6529-13c2-75b2-7fd800b37ce0" executionId="59f40573-de98-4854-814c-4d6109322ae9" testListId="8c84fa94-04c1-424b-9868-57a2d4851a1d" />
    <TestEntry testId="e8f94d2d-fca6-e6c8-ae9d-d530e83c8c48" executionId="3fc53411-4cf5-43de-9238-2a80ca8bce9a" testListId="8c84fa94-04c1-424b-9868-57a2d4851a1d" />
    <TestEntry testId="0e6b444f-caf5-2e44-d828-090e28b657d2" executionId="f51b11db-a083-4c20-92ba-48d4d8afdeae" testListId="8c84fa94-04c1-424b-9868-57a2d4851a1d" />
    <TestEntry testId="f08b1b5d-ddd3-162e-a4a0-bd5ee2673da8" executionId="5871cfe5-6d25-4f08-96b4-7ff3d8aed33b" testListId="8c84fa94-04c1-424b-9868-57a2d4851a1d" />
    <TestEntry testId="1c907111-d455-c840-0d07-587e7beaf1de" executionId="da7c18f7-0573-4325-a8b2-85b9a96c3824" testListId="8c84fa94-04c1-424b-9868-57a2d4851a1d" />
    <TestEntry testId="b6e6b523-694e-75c6-dd7d-b9344edeb2fb" executionId="7d4d4cf2-aef1-45ad-b93d-5a839a10233a" testListId="8c84fa94-04c1-424b-9868-57a2d4851a1d" />
    <TestEntry testId="38ea0647-de16-d68e-efd2-38377faab21a" executionId="1e5a390e-6d53-47e7-ad37-198154b9cd69" testListId="8c84fa94-04c1-424b-9868-57a2d4851a1d" />
    <TestEntry testId="224121b0-bd55-b0f9-b633-9c4a8af584c9" executionId="6f34b7af-b9cc-47f6-bde7-34d1aad8bc3f" testListId="8c84fa94-04c1-424b-9868-57a2d4851a1d" />
    <TestEntry testId="51ccd957-d985-433f-b36c-6d5b994d808c" executionId="476d0618-8b00-4595-a170-926e6069b27f" testListId="8c84fa94-04c1-424b-9868-57a2d4851a1d" />
    <TestEntry testId="031d0fd0-f8b2-5e1c-4482-86c9b8e73d65" executionId="b79aa275-c191-44c2-ada1-826c7c677b88" testListId="8c84fa94-04c1-424b-9868-57a2d4851a1d" />
    <TestEntry testId="6614e17b-bc62-8541-4092-f82acac83ebf" executionId="14513e94-7d83-49b1-a523-8675c1e22e0f" testListId="8c84fa94-04c1-424b-9868-57a2d4851a1d" />
    <TestEntry testId="6e0ac853-b27b-527e-ab8c-d8280aa08f66" executionId="62952637-db99-42e4-874c-ba5dcd3e9c52" testListId="8c84fa94-04c1-424b-9868-57a2d4851a1d" />
    <TestEntry testId="19dc1cf3-4704-ad67-94aa-288e5e6c6b35" executionId="c6fc3389-28cf-4f1f-8d6f-b47b2e8f292f" testListId="8c84fa94-04c1-424b-9868-57a2d4851a1d" />
    <TestEntry testId="85f76405-06c4-616c-b073-efe786c40b62" executionId="281cd058-2f5d-40b8-8bcf-b4d3480d947e" testListId="8c84fa94-04c1-424b-9868-57a2d4851a1d" />
    <TestEntry testId="f29c0848-a7ca-f136-1dcd-7586e9ef800e" executionId="4d1dbf6d-a4c4-4478-94e8-bdbf60f01ea9" testListId="8c84fa94-04c1-424b-9868-57a2d4851a1d" />
    <TestEntry testId="08f25456-1c66-a071-fe5d-652bad4ee49f" executionId="aafb7677-e9ed-4933-849d-cf51d997b7cc" testListId="8c84fa94-04c1-424b-9868-57a2d4851a1d" />
    <TestEntry testId="d4ebb818-3d73-36c8-00c0-19cf2def6827" executionId="64005afd-af0f-4d34-b706-f592565bae72" testListId="8c84fa94-04c1-424b-9868-57a2d4851a1d" />
    <TestEntry testId="febca7d2-42e6-1d75-e68e-53b2a645e318" executionId="1bbe1925-eaed-4401-9ddf-cd12a235960d" testListId="8c84fa94-04c1-424b-9868-57a2d4851a1d" />
    <TestEntry testId="e4d0db74-56e0-0bee-d09b-6adcfb4cd190" executionId="6f826908-ed26-4186-89c4-3101fa4efb7d" testListId="8c84fa94-04c1-424b-9868-57a2d4851a1d" />
    <TestEntry testId="2321d162-3ee9-2646-4041-1d981536d2bc" executionId="40aea8e2-c054-45d3-ad4f-21a3c545e19e" testListId="8c84fa94-04c1-424b-9868-57a2d4851a1d" />
    <TestEntry testId="407c04f9-1da3-1372-6fb6-868c7e7c0961" executionId="1e92db6a-9a1c-474d-b254-d004d7a0ecbf" testListId="8c84fa94-04c1-424b-9868-57a2d4851a1d" />
    <TestEntry testId="bb2c4065-5432-4767-1497-99410be3a63a" executionId="84a78aad-21e4-4af4-adb9-78af4742cf2d" testListId="8c84fa94-04c1-424b-9868-57a2d4851a1d" />
    <TestEntry testId="390041a8-330d-eda4-14e7-d1c2f194f98b" executionId="7aa49c5e-582d-4066-8a0c-d8e865c34d5d" testListId="8c84fa94-04c1-424b-9868-57a2d4851a1d" />
    <TestEntry testId="d920aa55-aba6-f502-79ed-eb08727df687" executionId="12e314a1-4e86-4219-9e20-ea552a27540d" testListId="8c84fa94-04c1-424b-9868-57a2d4851a1d" />
    <TestEntry testId="8c66ed6a-c142-f4bf-b68a-07f6fe8c7b21" executionId="aed56de0-9ec1-418c-ae4b-17ea441fdd13" testListId="8c84fa94-04c1-424b-9868-57a2d4851a1d" />
    <TestEntry testId="6dcb3b51-98c4-1b8d-3c1e-b4bc3b6aed8a" executionId="9245a3a6-6d4c-46ab-a0c2-6849bec59953" testListId="8c84fa94-04c1-424b-9868-57a2d4851a1d" />
    <TestEntry testId="12e548d2-14a5-3439-dd11-0471d30fc9c8" executionId="d1e42c41-2118-400d-b35d-5e31bf51e8ba" testListId="8c84fa94-04c1-424b-9868-57a2d4851a1d" />
    <TestEntry testId="4daa5902-1ee6-c35c-487c-06b757ca7fa5" executionId="89dbcd59-47db-4be7-ae30-9df4bbe92748" testListId="8c84fa94-04c1-424b-9868-57a2d4851a1d" />
    <TestEntry testId="d0a990d1-0d36-df2e-10b3-4a1dd8cefbda" executionId="f9492fce-4a11-4d74-8828-6012fd7f32e9" testListId="8c84fa94-04c1-424b-9868-57a2d4851a1d" />
    <TestEntry testId="871613c3-73ac-6af9-8fa3-26046d31030f" executionId="859fcc57-1d41-41ad-a500-e88ffbfe3293" testListId="8c84fa94-04c1-424b-9868-57a2d4851a1d" />
    <TestEntry testId="bfe0045e-ee59-78a3-78a7-244d016d887c" executionId="db4dcd5f-3446-4e40-92ac-426c6bea8b37" testListId="8c84fa94-04c1-424b-9868-57a2d4851a1d" />
    <TestEntry testId="dbe6b303-e830-164b-9628-dd218ddee864" executionId="1081fbc7-e36d-4d6f-8482-f79ae200f703" testListId="8c84fa94-04c1-424b-9868-57a2d4851a1d" />
    <TestEntry testId="0af89d2f-3c16-7d42-a0f5-a711e4c2d4f9" executionId="0ab07961-394d-4390-9378-ba44f0df20fa" testListId="8c84fa94-04c1-424b-9868-57a2d4851a1d" />
    <TestEntry testId="6dfabc01-8554-4ccb-feac-c4dd52956441" executionId="00be45cd-0449-4504-9052-9878af89e080" testListId="8c84fa94-04c1-424b-9868-57a2d4851a1d" />
    <TestEntry testId="44a5b8cd-9e86-4a99-cab2-91b045fbf8b3" executionId="5005b9dd-b8b1-40cd-9f39-32c3ea8c6771" testListId="8c84fa94-04c1-424b-9868-57a2d4851a1d" />
    <TestEntry testId="cee55200-ca43-f89d-d226-dc0dce2d369d" executionId="44d22585-fc17-433c-9cb1-2397a291eebf" testListId="8c84fa94-04c1-424b-9868-57a2d4851a1d" />
    <TestEntry testId="e32f0b81-e73e-a007-e00c-d45b206f7160" executionId="9e461020-e917-4174-8b84-8c6c2c20e3cd" testListId="8c84fa94-04c1-424b-9868-57a2d4851a1d" />
    <TestEntry testId="b7df37af-0c80-61e1-5e4d-6d36ed7ff295" executionId="13b42c0a-6203-4a39-8dd7-1220749c27db" testListId="8c84fa94-04c1-424b-9868-57a2d4851a1d" />
    <TestEntry testId="88de2572-1741-7a45-90ad-56ddedd73101" executionId="f8dd2177-1a67-478c-9aa2-de4337d90420" testListId="8c84fa94-04c1-424b-9868-57a2d4851a1d" />
    <TestEntry testId="5d46a66c-72c0-889f-687a-d6d75134e2dc" executionId="0156a68d-1f23-42d1-bc8d-c01ec81367f9" testListId="8c84fa94-04c1-424b-9868-57a2d4851a1d" />
    <TestEntry testId="a144a834-f4a0-0a8d-9433-27998d1058a1" executionId="b24f7efe-5e3c-4f32-aafa-da7144265f56" testListId="8c84fa94-04c1-424b-9868-57a2d4851a1d" />
    <TestEntry testId="13f70ca0-df3a-1cbe-aaed-fa77112d156e" executionId="c3bf5c44-7f8b-4faf-889f-7684311aca70" testListId="8c84fa94-04c1-424b-9868-57a2d4851a1d" />
    <TestEntry testId="4522da56-4d84-3792-605d-c84c61cc10a3" executionId="c1944320-ca5a-4ab6-8f95-e3de6cd5d2bf" testListId="8c84fa94-04c1-424b-9868-57a2d4851a1d" />
    <TestEntry testId="3a943fc5-bd2d-6d2e-3b7f-72da9b065854" executionId="581a6ba7-e15c-4d08-abec-7986e05b26c1" testListId="8c84fa94-04c1-424b-9868-57a2d4851a1d" />
    <TestEntry testId="c7ed20c4-55fa-6d9e-0bbb-de95715d635b" executionId="7239dbac-b8ed-4ac2-bb7e-3aa75c613163" testListId="8c84fa94-04c1-424b-9868-57a2d4851a1d" />
    <TestEntry testId="927cf6ea-fd09-23b0-55cc-ec26a94cec18" executionId="7c328983-b315-4949-a8cd-e2c3938188d1" testListId="8c84fa94-04c1-424b-9868-57a2d4851a1d" />
    <TestEntry testId="1080a8fb-c4f5-1740-e9b9-cd24db7a0bc9" executionId="5484366d-34cb-42a9-a8c2-4eb2b9333b81" testListId="8c84fa94-04c1-424b-9868-57a2d4851a1d" />
    <TestEntry testId="d5de9f83-2f57-b974-7739-faa0c4f2faf2" executionId="d34061c4-6a22-45ca-bd51-9eb9c3b39d2a" testListId="8c84fa94-04c1-424b-9868-57a2d4851a1d" />
    <TestEntry testId="0105ab61-b4ce-b60c-0a0f-26130cf6e624" executionId="b9a80d52-3bfb-40ab-8863-eb072094b108" testListId="8c84fa94-04c1-424b-9868-57a2d4851a1d" />
    <TestEntry testId="43d4320b-e5b8-c712-f626-0c1dbfa7b3d2" executionId="e7f34227-607b-4518-accb-63273a7c881c" testListId="8c84fa94-04c1-424b-9868-57a2d4851a1d" />
    <TestEntry testId="33bbdc2d-92fa-0698-cd73-1b7154d3d161" executionId="3757946c-663e-4afb-9a02-b25605e2f376" testListId="8c84fa94-04c1-424b-9868-57a2d4851a1d" />
    <TestEntry testId="087483bd-57c2-5232-4239-d7fa7bba02f0" executionId="9bffed16-84cc-4b16-8773-56aa5fe7de9f" testListId="8c84fa94-04c1-424b-9868-57a2d4851a1d" />
    <TestEntry testId="341ffe2c-5a65-beea-7a5e-0bcf886d5f61" executionId="25db4646-fc15-4a07-9458-c2180ee90422" testListId="8c84fa94-04c1-424b-9868-57a2d4851a1d" />
    <TestEntry testId="4d85beb5-b3cf-f79f-2298-16e1a3592899" executionId="54adbbc6-d847-4206-bdb7-92065b461d3c" testListId="8c84fa94-04c1-424b-9868-57a2d4851a1d" />
    <TestEntry testId="1080a8fb-c4f5-1740-e9b9-cd24db7a0bc9" executionId="4b3f8cc9-d98e-4c5d-997b-37e21d2b1e78" testListId="8c84fa94-04c1-424b-9868-57a2d4851a1d" />
    <TestEntry testId="445fe214-f5e7-12a9-5342-bad235a2e291" executionId="691f7fe6-f850-441c-930f-2ee95da8f331" testListId="8c84fa94-04c1-424b-9868-57a2d4851a1d" />
    <TestEntry testId="15350bfc-6592-689c-6fc1-f72c5466fc9b" executionId="6ed8e547-a936-4e34-849f-f20d6d4a88ac" testListId="8c84fa94-04c1-424b-9868-57a2d4851a1d" />
    <TestEntry testId="48ce432d-3a8c-36ef-40cb-40950264d0e0" executionId="4b061d24-7fae-41e4-8deb-de0447e69c9d" testListId="8c84fa94-04c1-424b-9868-57a2d4851a1d" />
    <TestEntry testId="15174ecc-e8e7-9804-ed43-c550532b51d6" executionId="8cc334f1-dc2b-4cfd-8d92-39405d6a051b" testListId="8c84fa94-04c1-424b-9868-57a2d4851a1d" />
    <TestEntry testId="3ec0d1ee-648d-7ea9-e514-26db9f4958a3" executionId="a4594a4c-d530-4384-b635-bb1533f6ff5a" testListId="8c84fa94-04c1-424b-9868-57a2d4851a1d" />
    <TestEntry testId="5ea0ae64-cd16-806b-6a2a-03ea7decf6dc" executionId="38485b41-38b9-4411-9e51-239c2775b333" testListId="8c84fa94-04c1-424b-9868-57a2d4851a1d" />
    <TestEntry testId="048f892b-5fca-ad87-8ead-5d8bd0cce142" executionId="dada91e4-2109-4a16-8e20-37b5e9f0cf63" testListId="8c84fa94-04c1-424b-9868-57a2d4851a1d" />
    <TestEntry testId="733827a3-0c42-f54e-39ac-687f767b99f8" executionId="24269107-5e94-4fcf-9429-76df4ba7c76f" testListId="8c84fa94-04c1-424b-9868-57a2d4851a1d" />
    <TestEntry testId="bce2d6d3-d6e9-4a28-b02a-873c89117904" executionId="3cbf2675-3516-4a7a-8889-ddd7c5918025" testListId="8c84fa94-04c1-424b-9868-57a2d4851a1d" />
    <TestEntry testId="b9427513-0672-b7bb-3974-a55b64eef8a9" executionId="9252aeb1-c0b3-434b-a128-3765a2373aac" testListId="8c84fa94-04c1-424b-9868-57a2d4851a1d" />
    <TestEntry testId="beaeebef-85e4-296b-fa59-603a5d4647c8" executionId="ee85bf33-4300-438d-861a-ae7d5f011f14" testListId="8c84fa94-04c1-424b-9868-57a2d4851a1d" />
    <TestEntry testId="4c1cf6ec-8f60-ec67-63a7-4e5375d7f9ea" executionId="89f4b05a-0163-41ba-8f53-55970ed54d7f" testListId="8c84fa94-04c1-424b-9868-57a2d4851a1d" />
    <TestEntry testId="5e7178a5-bceb-2752-a237-12e45fbef457" executionId="4142210b-2f5b-44de-8ab8-00854b0faadc" testListId="8c84fa94-04c1-424b-9868-57a2d4851a1d" />
    <TestEntry testId="8c255e8a-9be7-62b5-6cf0-b53daa657b4c" executionId="b5b57bac-561b-4535-954f-dc2a093cea73" testListId="8c84fa94-04c1-424b-9868-57a2d4851a1d" />
    <TestEntry testId="f98074d2-3b8b-29f1-c246-0726c93127e7" executionId="67dba545-383c-4ba5-8c0e-22847802b54e" testListId="8c84fa94-04c1-424b-9868-57a2d4851a1d" />
    <TestEntry testId="1080a8fb-c4f5-1740-e9b9-cd24db7a0bc9" executionId="f96ce05d-2748-4bb9-b914-5cc761cae36c" testListId="8c84fa94-04c1-424b-9868-57a2d4851a1d" />
    <TestEntry testId="f4ab9703-6ef6-e663-52f0-542ec15f2250" executionId="c1ac6087-8cb6-4f3a-ae92-37d05759444a" testListId="8c84fa94-04c1-424b-9868-57a2d4851a1d" />
    <TestEntry testId="53e250cc-3093-fbfb-a08c-ff13ad5482d9" executionId="9910411e-4ada-4d5e-ac83-546f09b1498e" testListId="8c84fa94-04c1-424b-9868-57a2d4851a1d" />
    <TestEntry testId="c47cd642-011d-92d4-7b02-291c36331e0f" executionId="a439bf8a-a6fe-49d5-9b03-5e2cfecfa965" testListId="8c84fa94-04c1-424b-9868-57a2d4851a1d" />
    <TestEntry testId="9e45bbf7-9b38-a56c-d6b6-0921e2c45ca2" executionId="79406506-304d-4acc-88b9-7b7e93409fac" testListId="8c84fa94-04c1-424b-9868-57a2d4851a1d" />
    <TestEntry testId="83689a74-853d-0bdd-638e-aafb982eedcb" executionId="77b02f77-329b-4b61-aaf9-90237c741cf7" testListId="8c84fa94-04c1-424b-9868-57a2d4851a1d" />
    <TestEntry testId="1094b05a-c72e-1463-9b80-0a4701a83541" executionId="3bd341f9-9ce9-4e6f-ba57-ee91144f7b1d" testListId="8c84fa94-04c1-424b-9868-57a2d4851a1d" />
    <TestEntry testId="1080a8fb-c4f5-1740-e9b9-cd24db7a0bc9" executionId="47fbed17-37e6-4f08-bac4-d13c6f0afd32" testListId="8c84fa94-04c1-424b-9868-57a2d4851a1d" />
    <TestEntry testId="1fa5fbf1-63a6-d7c4-6c8c-69a791cf8b51" executionId="ebb6ea78-1232-4520-957e-9669e774b802" testListId="8c84fa94-04c1-424b-9868-57a2d4851a1d" />
    <TestEntry testId="d3d53410-422a-1c14-c027-c0915287fc82" executionId="5f3daaff-c750-4a65-b6d9-5d2b6b18aabb" testListId="8c84fa94-04c1-424b-9868-57a2d4851a1d" />
    <TestEntry testId="5ac978f3-6caf-0d7e-a362-f33d3c6fcb75" executionId="d30f9581-feb8-4d38-af70-c8e7edbda670" testListId="8c84fa94-04c1-424b-9868-57a2d4851a1d" />
    <TestEntry testId="8fbd8a0a-574b-04d8-be31-f1dd7753151e" executionId="0fd1e91a-293c-4e07-bd7e-74557596c236" testListId="8c84fa94-04c1-424b-9868-57a2d4851a1d" />
    <TestEntry testId="1080a8fb-c4f5-1740-e9b9-cd24db7a0bc9" executionId="136999cd-17f2-436e-9f9a-85ef810aea15" testListId="8c84fa94-04c1-424b-9868-57a2d4851a1d" />
    <TestEntry testId="46283aee-1692-fc12-8d62-a4120659cd53" executionId="797776c9-934a-47c0-a847-5b5ad2e91bc4" testListId="8c84fa94-04c1-424b-9868-57a2d4851a1d" />
    <TestEntry testId="62fa1efb-e140-139a-0624-9c7d6df06c4e" executionId="7299c0c5-99dc-4440-a27b-ecd058609451" testListId="8c84fa94-04c1-424b-9868-57a2d4851a1d" />
    <TestEntry testId="8482b377-00a0-4ea8-3f72-6eb94a495858" executionId="7edd15ff-8cd2-444c-9425-68908d4802b5" testListId="8c84fa94-04c1-424b-9868-57a2d4851a1d" />
    <TestEntry testId="ab060d23-8fbc-a0c9-48be-62a77b16a0f3" executionId="2cfd7fc5-f39e-45d3-bbf1-08d0365ec5b8" testListId="8c84fa94-04c1-424b-9868-57a2d4851a1d" />
    <TestEntry testId="b65d77de-a8df-0e3b-cf09-5e3d22c2cb8f" executionId="1d4e13ab-630a-4ad0-b403-0c2f0c090f75" testListId="8c84fa94-04c1-424b-9868-57a2d4851a1d" />
    <TestEntry testId="38adab21-fb23-2c8d-2eea-cf1eafb03982" executionId="65028c18-94d6-4813-94ae-d7b89db95dd3" testListId="8c84fa94-04c1-424b-9868-57a2d4851a1d" />
    <TestEntry testId="025a149b-7aca-8565-8491-c98419688333" executionId="80e94827-9adc-48c1-9874-08ebe82667fc" testListId="8c84fa94-04c1-424b-9868-57a2d4851a1d" />
    <TestEntry testId="f07e0260-7c4e-b3c7-977a-304866560796" executionId="e3de16cf-828d-48c2-a9ef-7a5ab0f21ec6" testListId="8c84fa94-04c1-424b-9868-57a2d4851a1d" />
    <TestEntry testId="1080a8fb-c4f5-1740-e9b9-cd24db7a0bc9" executionId="1e772392-672b-49e6-bf0d-8bc8c8055254" testListId="8c84fa94-04c1-424b-9868-57a2d4851a1d" />
    <TestEntry testId="1ec0b590-f07f-8c5e-783d-abcfa6676d4e" executionId="2660e0ac-aa52-4260-bf42-a8be4d465bef" testListId="8c84fa94-04c1-424b-9868-57a2d4851a1d" />
    <TestEntry testId="bd9d6bfc-12a0-dcd7-3d5c-9eb15f677bf4" executionId="74db96bb-55a1-4be3-a5de-b40ced8024b3" testListId="8c84fa94-04c1-424b-9868-57a2d4851a1d" />
    <TestEntry testId="216e9fac-e2de-b0ba-3476-e578302ac035" executionId="5616a279-2f90-4506-98ca-8b7acf74bc04" testListId="8c84fa94-04c1-424b-9868-57a2d4851a1d" />
    <TestEntry testId="5797148e-1243-f07f-740f-e334ef9d064d" executionId="3fa5e48b-3c3e-4444-8048-ccb6f9a73f7f" testListId="8c84fa94-04c1-424b-9868-57a2d4851a1d" />
    <TestEntry testId="8fcc0e5f-ae1b-78c2-45ea-f52e1f28f54e" executionId="e65410d1-d727-4bfb-b656-31faa2b6b5ed" testListId="8c84fa94-04c1-424b-9868-57a2d4851a1d" />
    <TestEntry testId="fe703ec9-27b6-a4ed-366d-0f45e834770f" executionId="f93f9c65-c799-4cfa-9288-edad04f1d0d8" testListId="8c84fa94-04c1-424b-9868-57a2d4851a1d" />
    <TestEntry testId="eb9d99b6-0ee8-72f2-6b24-e2170bc33e9c" executionId="03ba0fe3-c297-4d1c-8cff-50598562e69a" testListId="8c84fa94-04c1-424b-9868-57a2d4851a1d" />
    <TestEntry testId="85419654-c790-2540-dde0-ac744e0ba38f" executionId="756a8bb8-30a6-45ea-af58-5e9ca40e84e4" testListId="8c84fa94-04c1-424b-9868-57a2d4851a1d" />
    <TestEntry testId="7cc66c2f-1389-fe70-0939-361d757d3492" executionId="d8b4a61e-1a01-4683-9063-a2682b6050a8" testListId="8c84fa94-04c1-424b-9868-57a2d4851a1d" />
    <TestEntry testId="a33bb911-4a24-8977-e71d-e3b8ace029c2" executionId="12bf1ca2-20c9-414e-bf1a-12b3bb5524c6" testListId="8c84fa94-04c1-424b-9868-57a2d4851a1d" />
    <TestEntry testId="35ceb303-ff3d-80e6-3119-27b1e508a879" executionId="ee5507d6-69d8-4d82-adc1-7b10c4d228b2" testListId="8c84fa94-04c1-424b-9868-57a2d4851a1d" />
    <TestEntry testId="4ffe5b63-7ff2-196f-6471-65315e48ce9f" executionId="f45b0567-5f66-48de-8fc9-2012f4af3aad" testListId="8c84fa94-04c1-424b-9868-57a2d4851a1d" />
    <TestEntry testId="b388759f-a49d-99d5-8209-71e56f780616" executionId="b9ca862d-e243-4273-a2fb-1e56eb00f8d9" testListId="8c84fa94-04c1-424b-9868-57a2d4851a1d" />
    <TestEntry testId="6b98b11a-8ccf-6f7d-4eb5-1584f44c69bf" executionId="1ab0be88-f8c9-421b-b559-7b2cad07944a" testListId="8c84fa94-04c1-424b-9868-57a2d4851a1d" />
    <TestEntry testId="6f5bab29-d127-b76d-8e6a-1c83edea3a67" executionId="7b5e0cf3-a725-414b-9e36-ed399fddae74" testListId="8c84fa94-04c1-424b-9868-57a2d4851a1d" />
    <TestEntry testId="1080a8fb-c4f5-1740-e9b9-cd24db7a0bc9" executionId="b0b32363-6857-41ac-ac25-f7e0124d6671" testListId="8c84fa94-04c1-424b-9868-57a2d4851a1d" />
    <TestEntry testId="423f9afa-c05a-5d5f-21f6-0f8e6db246cc" executionId="69acee5d-37f5-4e40-85b4-5f3332579362" testListId="8c84fa94-04c1-424b-9868-57a2d4851a1d" />
    <TestEntry testId="99a569d2-9071-9f63-e184-d4a7bcd2446c" executionId="e562bc10-1a28-442d-99ba-1f53ef1d204f" testListId="8c84fa94-04c1-424b-9868-57a2d4851a1d" />
    <TestEntry testId="0c3e8352-e59e-5e9d-2482-66bbd824a79d" executionId="548153e2-7979-4341-972d-c2834d1a0ec2" testListId="8c84fa94-04c1-424b-9868-57a2d4851a1d" />
    <TestEntry testId="4b295c11-bb0f-eb9d-22f7-da3873ab67a6" executionId="fa0930a5-6c65-4205-aa23-06665c2b6a3d" testListId="8c84fa94-04c1-424b-9868-57a2d4851a1d" />
    <TestEntry testId="7af25eb2-7127-3e21-cc65-c83fed2a5810" executionId="40436f11-9ee1-42ca-8fcd-21dd7e87c51b" testListId="8c84fa94-04c1-424b-9868-57a2d4851a1d" />
    <TestEntry testId="ac1b378f-ea1b-5563-d90b-94229e535c08" executionId="a6b664ad-4cd9-4484-8fb7-688c78fcf494" testListId="8c84fa94-04c1-424b-9868-57a2d4851a1d" />
  </TestEntries>
  <TestLists>
    <TestList name="Results Not in a List" id="8c84fa94-04c1-424b-9868-57a2d4851a1d" />
    <TestList name="All Loaded Results" id="19431567-8539-422a-85d7-44ee4e166bda" />
  </TestLists>
  <ResultSummary outcome="Completed">
    <Counters total="1119" executed="1111" passed="1111" failed="0" error="0" timeout="0" aborted="0" inconclusive="0" passedButRunAborted="0" notRunnable="0" notExecuted="0" disconnected="0" warning="0" completed="0" inProgress="0" pending="0" />
    <Output>
      <StdOut>[xUnit.net 00:00:00.00] xUnit.net VSTest Adapter v3.0.2+dd36e86129 (64-bit .NET 10.0.0-preview.7.25351.105)
[xUnit.net 00:00:00.13]   Discovering: Microsoft.AspNetCore.Components.Tests
[xUnit.net 00:00:00.32]   Discovered:  Microsoft.AspNetCore.Components.Tests
[xUnit.net 00:00:00.46]   Starting:    Microsoft.AspNetCore.Components.Tests
[xUnit.net 00:00:01.05]       https://github.com/dotnet/aspnetcore/issues/30312
Test 'Microsoft.AspNetCore.Components.EventCallbackFactoryBinderExtensionsTest.CreateBinder_NumericType_WithInvariantCulture' was skipped in the test run.
[xUnit.net 00:00:01.15]       This is allowed in ASP.NET Core routing.
Test 'Microsoft.AspNetCore.Components.Routing.RouteTableFactoryTests.ThrowsForOptionalParametersFollowedByNonOptionalParameters' was skipped in the test run.
[xUnit.net 00:00:01.18]       {.} is allowed
Test 'Microsoft.AspNetCore.Components.Routing.RoutePatternParserTests.ParseRouteParameter_ThrowsIf_ParameterContainsSpecialCharacters(template: "{.}", expectedMessage: "The route parameter name '.' is invalid. Route par"···)' was skipped in the test run.
[xUnit.net 00:00:01.18]       {=} is allowed
Test 'Microsoft.AspNetCore.Components.Routing.RoutePatternParserTests.ParseRouteParameter_ThrowsIf_ParameterContainsSpecialCharacters(template: "{=}", expectedMessage: "The route parameter name '=' is invalid. Route par"···)' was skipped in the test run.
[xUnit.net 00:00:01.19]       It's ok to have literals after optional parameters. They just aren't optional.
Test 'Microsoft.AspNetCore.Components.Routing.RoutePatternParserTests.InvalidTemplate_NonOptionalParamAfterOptionalParam' was skipped in the test run.
[xUnit.net 00:00:01.19]       Matching on a per segment basis in ASP.NET is not supported for catch-alls
Test 'Microsoft.AspNetCore.Components.Routing.RouteTableFactoryTests.CanMatchCatchAllParametersWithConstraints' was skipped in the test run.
[xUnit.net 00:00:01.20]       It's ok to have literals after optional parameters. They just aren't optional.
Test 'Microsoft.AspNetCore.Components.Routing.RoutePatternParserTests.InvalidTemplate_LiteralAfterOptionalParam' was skipped in the test run.
[xUnit.net 00:00:01.27]       https://github.com/dotnet/aspnetcore/issues/30312
Test 'Microsoft.AspNetCore.Components.EventCallbackFactoryBinderExtensionsTest.CreateBinder_NumericType_WithCurrentCulture' was skipped in the test run.
[xUnit.net 00:00:02.70]   Finished:    Microsoft.AspNetCore.Components.Tests
</StdOut>
    </Output>
    <RunInfos>
      <RunInfo computerName="pkrvmbietmlfzoi" outcome="Warning" timestamp="2025-07-02T22:04:17.6948319+00:00">
        <Text>[xUnit.net 00:00:01.05]     Microsoft.AspNetCore.Components.EventCallbackFactoryBinderExtensionsTest.CreateBinder_NumericType_WithInvariantCulture [SKIP]</Text>
      </RunInfo>
      <RunInfo computerName="pkrvmbietmlfzoi" outcome="Warning" timestamp="2025-07-02T22:04:17.7989067+00:00">
        <Text>[xUnit.net 00:00:01.15]     Microsoft.AspNetCore.Components.Routing.RouteTableFactoryTests.ThrowsForOptionalParametersFollowedByNonOptionalParameters [SKIP]</Text>
      </RunInfo>
      <RunInfo computerName="pkrvmbietmlfzoi" outcome="Warning" timestamp="2025-07-02T22:04:17.8228248+00:00">
        <Text>[xUnit.net 00:00:01.18]     Microsoft.AspNetCore.Components.Routing.RoutePatternParserTests.ParseRouteParameter_ThrowsIf_ParameterContainsSpecialCharacters(template: "{.}", expectedMessage: "The route parameter name '.' is invalid. Route par"···) [SKIP]</Text>
      </RunInfo>
      <RunInfo computerName="pkrvmbietmlfzoi" outcome="Warning" timestamp="2025-07-02T22:04:17.8271266+00:00">
        <Text>[xUnit.net 00:00:01.18]     Microsoft.AspNetCore.Components.Routing.RoutePatternParserTests.ParseRouteParameter_ThrowsIf_ParameterContainsSpecialCharacters(template: "{=}", expectedMessage: "The route parameter name '=' is invalid. Route par"···) [SKIP]</Text>
      </RunInfo>
      <RunInfo computerName="pkrvmbietmlfzoi" outcome="Warning" timestamp="2025-07-02T22:04:17.8347528+00:00">
        <Text>[xUnit.net 00:00:01.19]     Microsoft.AspNetCore.Components.Routing.RoutePatternParserTests.InvalidTemplate_NonOptionalParamAfterOptionalParam [SKIP]</Text>
      </RunInfo>
      <RunInfo computerName="pkrvmbietmlfzoi" outcome="Warning" timestamp="2025-07-02T22:04:17.8399659+00:00">
        <Text>[xUnit.net 00:00:01.19]     Microsoft.AspNetCore.Components.Routing.RouteTableFactoryTests.CanMatchCatchAllParametersWithConstraints [SKIP]</Text>
      </RunInfo>
      <RunInfo computerName="pkrvmbietmlfzoi" outcome="Warning" timestamp="2025-07-02T22:04:17.8448177+00:00">
        <Text>[xUnit.net 00:00:01.20]     Microsoft.AspNetCore.Components.Routing.RoutePatternParserTests.InvalidTemplate_LiteralAfterOptionalParam [SKIP]</Text>
      </RunInfo>
      <RunInfo computerName="pkrvmbietmlfzoi" outcome="Warning" timestamp="2025-07-02T22:04:17.9196157+00:00">
        <Text>[xUnit.net 00:00:01.27]     Microsoft.AspNetCore.Components.EventCallbackFactoryBinderExtensionsTest.CreateBinder_NumericType_WithCurrentCulture [SKIP]</Text>
      </RunInfo>
    </RunInfos>
  </ResultSummary>
</TestRun>