<?xml version="1.0" encoding="utf-8"?>
<TestRun id="c0216ccd-c8cb-46a3-aa46-9fbbcce41de2" name="@pkrvmbietmlfzoi 2025-07-02 21:18:24" xmlns="http://microsoft.com/schemas/VisualStudio/TeamTest/2010">
  <Times creation="2025-07-02T21:18:24.0253631+00:00" queuing="2025-07-02T21:18:24.0253632+00:00" start="2025-07-02T21:18:22.9049780+00:00" finish="2025-07-02T21:18:25.9363135+00:00" />
  <TestSettings name="default" id="0dc1fd5e-5dc8-494a-b141-fe4ca16f4800">
    <Deployment runDeploymentRoot="_pkrvmbietmlfzoi_2025-07-02_21_18_24" />
  </TestSettings>
  <Results>
    <UnitTestResult executionId="aceee40a-494c-4198-8b48-335736dfc229" testId="d5e058d0-ffd7-7a34-3ef2-816c05dc18ac" testName="Microsoft.AspNetCore.Components.Rendering.RenderTreeBuilderTest.AddAttribute_Element_ObjectStringValue_AddsFrame" computerName="pkrvmbietmlfzoi" duration="00:00:00.0005258" startTime="2025-07-02T21:18:24.4370611+00:00" endTime="2025-07-02T21:18:24.4377457+00:00" testType="13cdc9d9-ddb5-4fa4-a97d-d965ccfc6d4b" outcome="Passed" testListId="8c84fa94-04c1-424b-9868-57a2d4851a1d" relativeResultsDirectory="aceee40a-494c-4198-8b48-335736dfc229" />
    <UnitTestResult executionId="5d3a6a44-d1e8-4a2e-b0fb-1b1e6a125e9d" testId="e2ae4437-b94f-5fa2-0628-78f91a702d49" testName="Microsoft.AspNetCore.Components.Routing.RouteTableFactoryTests.PrefersShorterRoutesOverLongerRoutes" computerName="pkrvmbietmlfzoi" duration="00:00:00.0004395" startTime="2025-07-02T21:18:24.5939954+00:00" endTime="2025-07-02T21:18:24.5940935+00:00" testType="13cdc9d9-ddb5-4fa4-a97d-d965ccfc6d4b" outcome="Passed" testListId="8c84fa94-04c1-424b-9868-57a2d4851a1d" relativeResultsDirectory="5d3a6a44-d1e8-4a2e-b0fb-1b1e6a125e9d" />
    <UnitTestResult executionId="927b3a49-2580-4ed3-87f4-c5ed388fd491" testId="7719aeda-4511-e7e0-e7a6-f72d0152e7ba" testName="Microsoft.AspNetCore.Components.ParameterViewTest.IncomingParameterMatchesPropertyNotPublic_Throws" computerName="pkrvmbietmlfzoi" duration="00:00:00.0006499" startTime="2025-07-02T21:18:24.0285117+00:00" endTime="2025-07-02T21:18:24.0286013+00:00" testType="13cdc9d9-ddb5-4fa4-a97d-d965ccfc6d4b" outcome="Passed" testListId="8c84fa94-04c1-424b-9868-57a2d4851a1d" relativeResultsDirectory="927b3a49-2580-4ed3-87f4-c5ed388fd491" />
    <UnitTestResult executionId="bf2893cd-546e-45eb-bd52-7600ffca1cb9" testId="d39bdf3c-43fa-e887-837f-eeed130461ea" testName="Microsoft.AspNetCore.Components.Test.RendererTest.CanAsyncDispatchTypedEventsToTopLevelComponents" computerName="pkrvmbietmlfzoi" duration="00:00:00.0018342" startTime="2025-07-02T21:18:25.8288354+00:00" endTime="2025-07-02T21:18:25.8309682+00:00" testType="13cdc9d9-ddb5-4fa4-a97d-d965ccfc6d4b" outcome="Passed" testListId="8c84fa94-04c1-424b-9868-57a2d4851a1d" relativeResultsDirectory="bf2893cd-546e-45eb-bd52-7600ffca1cb9" />
    <UnitTestResult executionId="4155fb4c-5342-423b-ae49-17cec083367f" testId="407cfb34-d04c-3a70-46c4-6a16e99cdd0d" testName="Microsoft.AspNetCore.Components.Routing.RouteTableFactoryTests.DoesNotThrowForNonAmbiguousRoutes(first: &quot;{param}/{optional?}&quot;, second: &quot;{param}/{optional:int?}&quot;)" computerName="pkrvmbietmlfzoi" duration="00:00:00.0002786" startTime="2025-07-02T21:18:24.5066379+00:00" endTime="2025-07-02T21:18:24.5067030+00:00" testType="13cdc9d9-ddb5-4fa4-a97d-d965ccfc6d4b" outcome="Passed" testListId="8c84fa94-04c1-424b-9868-57a2d4851a1d" relativeResultsDirectory="4155fb4c-5342-423b-ae49-17cec083367f" />
    <UnitTestResult executionId="67869172-1540-48c9-bd3d-67bf27e86e52" testId="935978cb-3997-3ead-a1bf-63d5358efa0b" testName="Microsoft.AspNetCore.Components.Routing.RoutePatternParserTests.InvalidTemplate_CatchAllParamWithIncorrectPlacedAsterisks(template: &quot;/test/{a}/{***b}&quot;, lastParameter: &quot;*b&quot;)" computerName="pkrvmbietmlfzoi" duration="00:00:00.0000466" startTime="2025-07-02T21:18:24.2773145+00:00" endTime="2025-07-02T21:18:24.2779456+00:00" testType="13cdc9d9-ddb5-4fa4-a97d-d965ccfc6d4b" outcome="Passed" testListId="8c84fa94-04c1-424b-9868-57a2d4851a1d" relativeResultsDirectory="67869172-1540-48c9-bd3d-67bf27e86e52" />
    <UnitTestResult executionId="523c8ddf-cd24-4021-b159-8ae2094393be" testId="88fde139-dea0-187e-d5da-5bf77e5c9fc2" testName="Microsoft.AspNetCore.Components.ParameterViewTest.EnumerationIncludesCascadingParameters" computerName="pkrvmbietmlfzoi" duration="00:00:00.0100385" startTime="2025-07-02T21:18:24.0012095+00:00" endTime="2025-07-02T21:18:24.0143777+00:00" testType="13cdc9d9-ddb5-4fa4-a97d-d965ccfc6d4b" outcome="Passed" testListId="8c84fa94-04c1-424b-9868-57a2d4851a1d" relativeResultsDirectory="523c8ddf-cd24-4021-b159-8ae2094393be" />
    <UnitTestResult executionId="1fe6f06b-c79a-4797-adf0-2266f420203e" testId="853dfa14-b552-e552-161d-83c5bd6239d4" testName="Microsoft.AspNetCore.Components.Routing.RouteTableFactoryTests.ProducesAStableOrderForNonAmbiguousRoutes" computerName="pkrvmbietmlfzoi" duration="00:00:00.0004234" startTime="2025-07-02T21:18:24.5972212+00:00" endTime="2025-07-02T21:18:24.5973215+00:00" testType="13cdc9d9-ddb5-4fa4-a97d-d965ccfc6d4b" outcome="Passed" testListId="8c84fa94-04c1-424b-9868-57a2d4851a1d" relativeResultsDirectory="1fe6f06b-c79a-4797-adf0-2266f420203e" />
    <UnitTestResult executionId="f334a056-d250-4edf-8992-eb0ba99b1ed0" testId="b0dcd56d-f1d6-d2ef-63cf-8ece759737e8" testName="Microsoft.AspNetCore.Components.ParameterViewTest.NoIncomingCascadingValueMatchesDeclaredCascadingParameter_LeavesValueUnchanged" computerName="pkrvmbietmlfzoi" duration="00:00:00.0005222" startTime="2025-07-02T21:18:24.0189996+00:00" endTime="2025-07-02T21:18:24.0190720+00:00" testType="13cdc9d9-ddb5-4fa4-a97d-d965ccfc6d4b" outcome="Passed" testListId="8c84fa94-04c1-424b-9868-57a2d4851a1d" relativeResultsDirectory="f334a056-d250-4edf-8992-eb0ba99b1ed0" />
    <UnitTestResult executionId="5b79f02a-aab2-4c14-975b-1396ba74232a" testId="aa959643-125b-2e92-0909-f1394866ec81" testName="Microsoft.AspNetCore.Components.BindConverterTest.TryConvertTo_Guid_Invalid(incomingValue: &quot;&quot;)" computerName="pkrvmbietmlfzoi" duration="00:00:00.0003475" startTime="2025-07-02T21:18:24.2246779+00:00" endTime="2025-07-02T21:18:24.2251591+00:00" testType="13cdc9d9-ddb5-4fa4-a97d-d965ccfc6d4b" outcome="Passed" testListId="8c84fa94-04c1-424b-9868-57a2d4851a1d" relativeResultsDirectory="5b79f02a-aab2-4c14-975b-1396ba74232a" />
    <UnitTestResult executionId="79ec361a-4544-479a-9fcb-d5d27d4e838e" testId="93aff1d6-6c12-f6a4-01a8-c74bab96ef88" testName="Microsoft.AspNetCore.Components.ComponentsMetricsTest.IsBatchEnabled_ReturnsCorrectState" computerName="pkrvmbietmlfzoi" duration="00:00:00.0003677" startTime="2025-07-02T21:18:24.5439729+00:00" endTime="2025-07-02T21:18:24.5440754+00:00" testType="13cdc9d9-ddb5-4fa4-a97d-d965ccfc6d4b" outcome="Passed" testListId="8c84fa94-04c1-424b-9868-57a2d4851a1d" relativeResultsDirectory="79ec361a-4544-479a-9fcb-d5d27d4e838e" />
    <UnitTestResult executionId="78ebce91-65a1-4878-bd99-81e4564e4f0c" testId="648737fe-386c-c2ea-b1de-531710f33395" testName="Microsoft.AspNetCore.Components.Test.RenderTreeDiffBuilderTest.RecognizesKeyedComponentInsertions" computerName="pkrvmbietmlfzoi" duration="00:00:00.0035211" startTime="2025-07-02T21:18:24.4179755+00:00" endTime="2025-07-02T21:18:24.4211241+00:00" testType="13cdc9d9-ddb5-4fa4-a97d-d965ccfc6d4b" outcome="Passed" testListId="8c84fa94-04c1-424b-9868-57a2d4851a1d" relativeResultsDirectory="78ebce91-65a1-4878-bd99-81e4564e4f0c" />
    <UnitTestResult executionId="bc15a3c4-c8f8-4ee8-aad8-da31ddbea35e" testId="b59a8f28-25e5-48e2-28f6-0bbcde1cabde" testName="Microsoft.AspNetCore.Components.Test.RenderTreeUpdaterTest.ExpandsAllAncestorsWhenAddingAttribute" computerName="pkrvmbietmlfzoi" duration="00:00:00.0038030" startTime="2025-07-02T21:18:23.9867498+00:00" endTime="2025-07-02T21:18:23.9906863+00:00" testType="13cdc9d9-ddb5-4fa4-a97d-d965ccfc6d4b" outcome="Passed" testListId="8c84fa94-04c1-424b-9868-57a2d4851a1d" relativeResultsDirectory="bc15a3c4-c8f8-4ee8-aad8-da31ddbea35e" />
    <UnitTestResult executionId="18ae56fe-dabf-4d0e-832e-601765cd52e3" testId="ee45660f-3d9c-095f-8c51-c9372839d9b8" testName="Microsoft.AspNetCore.Components.Test.RendererTest.RenderBatch_DoesNotDisposeComponentMultipleTimes" computerName="pkrvmbietmlfzoi" duration="00:00:00.0011451" startTime="2025-07-02T21:18:25.8557076+00:00" endTime="2025-07-02T21:18:25.8568464+00:00" testType="13cdc9d9-ddb5-4fa4-a97d-d965ccfc6d4b" outcome="Passed" testListId="8c84fa94-04c1-424b-9868-57a2d4851a1d" relativeResultsDirectory="18ae56fe-dabf-4d0e-832e-601765cd52e3" />
    <UnitTestResult executionId="d67b861e-6cdb-4051-a006-c74252ae9eb9" testId="813d934d-4518-2b58-6193-ee9927807841" testName="Microsoft.AspNetCore.Components.Test.ComponentBaseTest.RenderRootComponentAsync_ReportsErrorDuringOnInit" computerName="pkrvmbietmlfzoi" duration="00:00:00.0060249" startTime="2025-07-02T21:18:24.0281853+00:00" endTime="2025-07-02T21:18:24.0318927+00:00" testType="13cdc9d9-ddb5-4fa4-a97d-d965ccfc6d4b" outcome="Passed" testListId="8c84fa94-04c1-424b-9868-57a2d4851a1d" relativeResultsDirectory="d67b861e-6cdb-4051-a006-c74252ae9eb9" />
    <UnitTestResult executionId="d2e4b5af-7a68-464a-bad3-d1dd7258e141" testId="44a5b8cd-9e86-4a99-cab2-91b045fbf8b3" testName="Microsoft.AspNetCore.Components.Rendering.RenderTreeBuilderTest.CanAddText" computerName="pkrvmbietmlfzoi" duration="00:00:00.0010587" startTime="2025-07-02T21:18:24.3199143+00:00" endTime="2025-07-02T21:18:24.3223246+00:00" testType="13cdc9d9-ddb5-4fa4-a97d-d965ccfc6d4b" outcome="Passed" testListId="8c84fa94-04c1-424b-9868-57a2d4851a1d" relativeResultsDirectory="d2e4b5af-7a68-464a-bad3-d1dd7258e141" />
    <UnitTestResult executionId="b4861bbd-30d8-46ec-96b1-46907f6ec9d2" testId="1080a8fb-c4f5-1740-e9b9-cd24db7a0bc9" testName="Microsoft.AspNetCore.Components.PersistentStateValueProviderTests.PersistAsync_CanPersistMultipleComponentsOfSameType_SupportsDifferentKeyTypes(componentKey1: 18446744073709551615, componentKey2: 1)" computerName="pkrvmbietmlfzoi" duration="00:00:00.0002001" startTime="2025-07-02T21:18:24.5257770+00:00" endTime="2025-07-02T21:18:24.5262302+00:00" testType="13cdc9d9-ddb5-4fa4-a97d-d965ccfc6d4b" outcome="Passed" testListId="8c84fa94-04c1-424b-9868-57a2d4851a1d" relativeResultsDirectory="b4861bbd-30d8-46ec-96b1-46907f6ec9d2" />
    <UnitTestResult executionId="eb747a13-d944-4ad4-9028-bddc6cdc949a" testId="8a7a7267-5669-4beb-5c25-779a3c4dcb87" testName="Microsoft.AspNetCore.Components.EventCallbackFactoryTest.CreateT_FuncTTask_Null" computerName="pkrvmbietmlfzoi" duration="00:00:00.0001508" startTime="2025-07-02T21:18:24.0768054+00:00" endTime="2025-07-02T21:18:24.0791738+00:00" testType="13cdc9d9-ddb5-4fa4-a97d-d965ccfc6d4b" outcome="Passed" testListId="8c84fa94-04c1-424b-9868-57a2d4851a1d" relativeResultsDirectory="eb747a13-d944-4ad4-9028-bddc6cdc949a" />
    <UnitTestResult executionId="10de1f97-adb6-4cea-947c-59fa90cbaf72" testId="a09e58b9-f292-7b89-9ffb-a77d2ea10ba4" testName="Microsoft.AspNetCore.Components.Test.RendererTest.DispatchEventAsync_EventCallback_SynchronousCancellation" computerName="pkrvmbietmlfzoi" duration="00:00:00.0022761" startTime="2025-07-02T21:18:24.4717492+00:00" endTime="2025-07-02T21:18:24.4744020+00:00" testType="13cdc9d9-ddb5-4fa4-a97d-d965ccfc6d4b" outcome="Passed" testListId="8c84fa94-04c1-424b-9868-57a2d4851a1d" relativeResultsDirectory="10de1f97-adb6-4cea-947c-59fa90cbaf72" />
    <UnitTestResult executionId="9390ddde-dd61-4603-b2ca-96c35d69560a" testId="9026d355-a4cc-34e6-d2c3-646d505bdf68" testName="Microsoft.AspNetCore.Components.ParameterViewTest.HasRemovedDirectParameters_BothEmpty" computerName="pkrvmbietmlfzoi" duration="00:00:00.0002576" startTime="2025-07-02T21:18:24.0237550+00:00" endTime="2025-07-02T21:18:24.0238577+00:00" testType="13cdc9d9-ddb5-4fa4-a97d-d965ccfc6d4b" outcome="Passed" testListId="8c84fa94-04c1-424b-9868-57a2d4851a1d" relativeResultsDirectory="9390ddde-dd61-4603-b2ca-96c35d69560a" />
    <UnitTestResult executionId="1cc26699-8e3e-43ab-8ceb-afd45ae26a8c" testId="363c1433-7ce2-4b32-c297-72a1e853157b" testName="Microsoft.AspNetCore.Components.Routing.RouteTableFactoryTests.DetectsAmbiguousRoutesNoFalsePositives(left: &quot;/literal/part{parameter}part&quot;, right: &quot;/literal/part{parameter}&quot;)" computerName="pkrvmbietmlfzoi" duration="00:00:00.0005026" startTime="2025-07-02T21:18:24.5913979+00:00" endTime="2025-07-02T21:18:24.5914739+00:00" testType="13cdc9d9-ddb5-4fa4-a97d-d965ccfc6d4b" outcome="Passed" testListId="8c84fa94-04c1-424b-9868-57a2d4851a1d" relativeResultsDirectory="1cc26699-8e3e-43ab-8ceb-afd45ae26a8c" />
    <UnitTestResult executionId="84caa499-3d11-4853-b341-fefc10fc1789" testId="f32a3c0c-5937-45b9-26d0-a8b8a9739e3b" testName="Microsoft.AspNetCore.Components.Rendering.RenderTreeBuilderTest.CannotAddComponentParameterToElement" computerName="pkrvmbietmlfzoi" duration="00:00:00.0003056" startTime="2025-07-02T21:18:24.3590896+00:00" endTime="2025-07-02T21:18:24.3591982+00:00" testType="13cdc9d9-ddb5-4fa4-a97d-d965ccfc6d4b" outcome="Passed" testListId="8c84fa94-04c1-424b-9868-57a2d4851a1d" relativeResultsDirectory="84caa499-3d11-4853-b341-fefc10fc1789" />
    <UnitTestResult executionId="2c843da6-1c4f-4a74-89f3-e8e4a4925ef5" testId="333c236c-2b93-8a92-aecf-d05dfcdc24b2" testName="Microsoft.AspNetCore.Components.BindConverterTest.FormatValue_NullableInt_Generic" computerName="pkrvmbietmlfzoi" duration="00:00:00.0046945" startTime="2025-07-02T21:18:24.2816387+00:00" endTime="2025-07-02T21:18:24.2893939+00:00" testType="13cdc9d9-ddb5-4fa4-a97d-d965ccfc6d4b" outcome="Passed" testListId="8c84fa94-04c1-424b-9868-57a2d4851a1d" relativeResultsDirectory="2c843da6-1c4f-4a74-89f3-e8e4a4925ef5" />
    <UnitTestResult executionId="8e6d4959-7a44-40a6-9a08-92260f5433d5" testId="8e66c054-8cb0-4ebb-38fd-dd914bad0e3c" testName="Microsoft.AspNetCore.Components.EventCallbackFactoryTest.CreateInferred_ActionT" computerName="pkrvmbietmlfzoi" duration="00:00:00.0003297" startTime="2025-07-02T21:18:24.0890451+00:00" endTime="2025-07-02T21:18:24.0895133+00:00" testType="13cdc9d9-ddb5-4fa4-a97d-d965ccfc6d4b" outcome="Passed" testListId="8c84fa94-04c1-424b-9868-57a2d4851a1d" relativeResultsDirectory="8e6d4959-7a44-40a6-9a08-92260f5433d5" />
    <UnitTestResult executionId="3c8142ef-84c2-482f-92bc-48b4acd667c4" testId="6eaa29cd-811f-a088-f961-9aa873e71333" testName="Microsoft.AspNetCore.Components.EventCallbackFactoryBinderExtensionsTest.CreateBinder_NumericType_WithCurrentCulture" computerName="pkrvmbietmlfzoi" duration="00:00:00.0010000" startTime="2025-07-02T21:18:24.5046537+00:00" endTime="2025-07-02T21:18:24.5046855+00:00" testType="13cdc9d9-ddb5-4fa4-a97d-d965ccfc6d4b" outcome="NotExecuted" testListId="8c84fa94-04c1-424b-9868-57a2d4851a1d" relativeResultsDirectory="3c8142ef-84c2-482f-92bc-48b4acd667c4">
      <Output>
        <ErrorInfo>
          <Message>https://github.com/dotnet/aspnetcore/issues/30312</Message>
        </ErrorInfo>
      </Output>
    </UnitTestResult>
    <UnitTestResult executionId="0b99eea4-8ac8-4101-869e-62cab476f254" testId="fb2135a0-ff45-a87e-0da9-0499fca0f6e3" testName="Microsoft.AspNetCore.Components.Test.RendererTest.DispatchEventAsync_EventCallback_AsynchronousCompletion" computerName="pkrvmbietmlfzoi" duration="00:00:00.0018823" startTime="2025-07-02T21:18:24.7690810+00:00" endTime="2025-07-02T21:18:24.7711465+00:00" testType="13cdc9d9-ddb5-4fa4-a97d-d965ccfc6d4b" outcome="Passed" testListId="8c84fa94-04c1-424b-9868-57a2d4851a1d" relativeResultsDirectory="0b99eea4-8ac8-4101-869e-62cab476f254" />
    <UnitTestResult executionId="7b38eef2-cd84-4018-b469-4d00d54b0538" testId="d0e82e92-dfe8-acb7-56d9-5fb84505031b" testName="Microsoft.AspNetCore.Components.Routing.RouteTableFactoryTests.DoesNotThrowForNonAmbiguousRoutes(first: &quot;{optional?}&quot;, second: &quot;/&quot;)" computerName="pkrvmbietmlfzoi" duration="00:00:00.0003923" startTime="2025-07-02T21:18:24.5122561+00:00" endTime="2025-07-02T21:18:24.5126196+00:00" testType="13cdc9d9-ddb5-4fa4-a97d-d965ccfc6d4b" outcome="Passed" testListId="8c84fa94-04c1-424b-9868-57a2d4851a1d" relativeResultsDirectory="7b38eef2-cd84-4018-b469-4d00d54b0538" />
    <UnitTestResult executionId="ab49ebf5-460a-4fd8-a32e-a6effc888d82" testId="6e668264-e363-e2af-c9e8-b013fdced82a" testName="Microsoft.AspNetCore.Components.OwningComponentBaseTest.CreatesScopeAndService" computerName="pkrvmbietmlfzoi" duration="00:00:00.0110994" startTime="2025-07-02T21:18:24.1682839+00:00" endTime="2025-07-02T21:18:24.1777636+00:00" testType="13cdc9d9-ddb5-4fa4-a97d-d965ccfc6d4b" outcome="Passed" testListId="8c84fa94-04c1-424b-9868-57a2d4851a1d" relativeResultsDirectory="ab49ebf5-460a-4fd8-a32e-a6effc888d82" />
    <UnitTestResult executionId="0f27c354-7b7c-4ea1-8499-ef11a3bc817c" testId="38ea0647-de16-d68e-efd2-38377faab21a" testName="Microsoft.AspNetCore.Components.Test.RendererTest.CanTriggerRenderingSynchronouslyFromInsideAfterRenderCallback" computerName="pkrvmbietmlfzoi" duration="00:00:00.0009565" startTime="2025-07-02T21:18:24.5590035+00:00" endTime="2025-07-02T21:18:24.5606903+00:00" testType="13cdc9d9-ddb5-4fa4-a97d-d965ccfc6d4b" outcome="Passed" testListId="8c84fa94-04c1-424b-9868-57a2d4851a1d" relativeResultsDirectory="0f27c354-7b7c-4ea1-8499-ef11a3bc817c" />
    <UnitTestResult executionId="284e1901-738f-4f2a-875e-80c6f65e556f" testId="ebd3a8e8-2309-ba7d-aa7a-ee01ab8f7c1c" testName="Microsoft.AspNetCore.Components.Rendering.RendererSynchronizationContextTest.Send_BlocksWhenOtherWorkRunning" computerName="pkrvmbietmlfzoi" duration="00:00:00.0116180" startTime="2025-07-02T21:18:24.5083347+00:00" endTime="2025-07-02T21:18:24.5164721+00:00" testType="13cdc9d9-ddb5-4fa4-a97d-d965ccfc6d4b" outcome="Passed" testListId="8c84fa94-04c1-424b-9868-57a2d4851a1d" relativeResultsDirectory="284e1901-738f-4f2a-875e-80c6f65e556f" />
    <UnitTestResult executionId="03b8beff-dfb7-4bf2-93ba-fb74a6a69aad" testId="ec66d659-3f65-d6bb-0884-6e3826c8864e" testName="Microsoft.AspNetCore.Components.Test.RenderTreeDiffBuilderTest.AttributeDiff_WithSameSequenceNumber_AttributeAddedInMiddle" computerName="pkrvmbietmlfzoi" duration="00:00:00.0009710" startTime="2025-07-02T21:18:24.4511183+00:00" endTime="2025-07-02T21:18:24.4516598+00:00" testType="13cdc9d9-ddb5-4fa4-a97d-d965ccfc6d4b" outcome="Passed" testListId="8c84fa94-04c1-424b-9868-57a2d4851a1d" relativeResultsDirectory="03b8beff-dfb7-4bf2-93ba-fb74a6a69aad" />
    <UnitTestResult executionId="2c56c2d8-266e-4791-b282-4a3a621956bc" testId="b086f1f6-864e-454e-bc1d-508c6a9d4e8e" testName="Microsoft.AspNetCore.Components.EventCallbackTest.EventCallback_FuncTask_Null" computerName="pkrvmbietmlfzoi" duration="00:00:00.0031408" startTime="2025-07-02T21:18:24.3033088+00:00" endTime="2025-07-02T21:18:24.3073890+00:00" testType="13cdc9d9-ddb5-4fa4-a97d-d965ccfc6d4b" outcome="Passed" testListId="8c84fa94-04c1-424b-9868-57a2d4851a1d" relativeResultsDirectory="2c56c2d8-266e-4791-b282-4a3a621956bc" />
    <UnitTestResult executionId="166e353d-bfe7-4c74-8102-e82ec9cc588b" testId="fa5582aa-0969-8329-ed20-a544bc2493f0" testName="Microsoft.AspNetCore.Components.Rendering.RenderTreeBuilderTest.CanAddElementReferenceCaptureInsideElement" computerName="pkrvmbietmlfzoi" duration="00:00:00.0011390" startTime="2025-07-02T21:18:24.4316772+00:00" endTime="2025-07-02T21:18:24.4321609+00:00" testType="13cdc9d9-ddb5-4fa4-a97d-d965ccfc6d4b" outcome="Passed" testListId="8c84fa94-04c1-424b-9868-57a2d4851a1d" relativeResultsDirectory="166e353d-bfe7-4c74-8102-e82ec9cc588b" />
    <UnitTestResult executionId="fd6f229f-478b-4711-a9c2-c0382383b05c" testId="c0a799d8-5826-b968-4341-7c02b523342d" testName="Microsoft.AspNetCore.Components.Rendering.RenderTreeBuilderTest.AcceptsClosedFramesAsValid" computerName="pkrvmbietmlfzoi" duration="00:00:00.0010245" startTime="2025-07-02T21:18:24.3401925+00:00" endTime="2025-07-02T21:18:24.3409667+00:00" testType="13cdc9d9-ddb5-4fa4-a97d-d965ccfc6d4b" outcome="Passed" testListId="8c84fa94-04c1-424b-9868-57a2d4851a1d" relativeResultsDirectory="fd6f229f-478b-4711-a9c2-c0382383b05c" />
    <UnitTestResult executionId="38100e2f-9e5f-44d6-aca4-49d09ed7ef27" testId="e3834107-1002-0c7d-0bb1-807688cf83fa" testName="Microsoft.AspNetCore.Components.Test.ComponentBaseTest.RunsOnParametersSetAsyncWhenRendered" computerName="pkrvmbietmlfzoi" duration="00:00:00.0005847" startTime="2025-07-02T21:18:24.1216608+00:00" endTime="2025-07-02T21:18:24.1217755+00:00" testType="13cdc9d9-ddb5-4fa4-a97d-d965ccfc6d4b" outcome="Passed" testListId="8c84fa94-04c1-424b-9868-57a2d4851a1d" relativeResultsDirectory="38100e2f-9e5f-44d6-aca4-49d09ed7ef27" />
    <UnitTestResult executionId="3a5adc64-3f2b-4cdf-875e-404a141faac3" testId="a4f43c6c-07d4-6e2c-8522-84c6a5f7a046" testName="Microsoft.AspNetCore.Components.NavigationManagerTest.ComputesCorrectBaseUri(baseUri: &quot;scheme://host/path/#hash&quot;, expectedResult: &quot;scheme://host/path/&quot;)" computerName="pkrvmbietmlfzoi" duration="00:00:00.0000059" startTime="2025-07-02T21:18:23.9804712+00:00" endTime="2025-07-02T21:18:23.9805295+00:00" testType="13cdc9d9-ddb5-4fa4-a97d-d965ccfc6d4b" outcome="Passed" testListId="8c84fa94-04c1-424b-9868-57a2d4851a1d" relativeResultsDirectory="3a5adc64-3f2b-4cdf-875e-404a141faac3" />
    <UnitTestResult executionId="ef411205-c576-47eb-868e-62e9412b8680" testId="4ed83c5c-4dd0-01ce-78f5-bebf1374b931" testName="Microsoft.AspNetCore.Components.Test.RendererTest.CanRenderNestedComponents" computerName="pkrvmbietmlfzoi" duration="00:00:00.0008376" startTime="2025-07-02T21:18:24.7280991+00:00" endTime="2025-07-02T21:18:24.7289364+00:00" testType="13cdc9d9-ddb5-4fa4-a97d-d965ccfc6d4b" outcome="Passed" testListId="8c84fa94-04c1-424b-9868-57a2d4851a1d" relativeResultsDirectory="ef411205-c576-47eb-868e-62e9412b8680" />
    <UnitTestResult executionId="79f0c5a8-2428-4ec9-987a-3e415438b50a" testId="042e4b06-e811-fabf-dcfa-e5dde6ab6f37" testName="Microsoft.AspNetCore.Components.EventCallbackFactoryBinderExtensionsTest.CreateBinder_NullableInt" computerName="pkrvmbietmlfzoi" duration="00:00:00.0012132" startTime="2025-07-02T21:18:24.5162945+00:00" endTime="2025-07-02T21:18:24.5187762+00:00" testType="13cdc9d9-ddb5-4fa4-a97d-d965ccfc6d4b" outcome="Passed" testListId="8c84fa94-04c1-424b-9868-57a2d4851a1d" relativeResultsDirectory="79f0c5a8-2428-4ec9-987a-3e415438b50a" />
    <UnitTestResult executionId="2e994d0d-3e5b-4f8c-b128-af7df32ce800" testId="341ffe2c-5a65-beea-7a5e-0bcf886d5f61" testName="Microsoft.AspNetCore.Components.Test.RendererTest.ExceptionThrownFromConstructor" computerName="pkrvmbietmlfzoi" duration="00:00:00.0010700" startTime="2025-07-02T21:18:24.7366196+00:00" endTime="2025-07-02T21:18:24.7376280+00:00" testType="13cdc9d9-ddb5-4fa4-a97d-d965ccfc6d4b" outcome="Passed" testListId="8c84fa94-04c1-424b-9868-57a2d4851a1d" relativeResultsDirectory="2e994d0d-3e5b-4f8c-b128-af7df32ce800" />
    <UnitTestResult executionId="62882b34-9cbf-4276-8188-93e346952d54" testId="bfa96954-1ade-7432-e2dc-f4228361eb7e" testName="Microsoft.AspNetCore.Components.Test.RendererTest.CanReRenderTopLevelComponents" computerName="pkrvmbietmlfzoi" duration="00:00:00.0010473" startTime="2025-07-02T21:18:24.4917723+00:00" endTime="2025-07-02T21:18:24.4922566+00:00" testType="13cdc9d9-ddb5-4fa4-a97d-d965ccfc6d4b" outcome="Passed" testListId="8c84fa94-04c1-424b-9868-57a2d4851a1d" relativeResultsDirectory="62882b34-9cbf-4276-8188-93e346952d54" />
    <UnitTestResult executionId="9293d793-ffa1-4687-8b33-1f79defd4f1a" testId="0acf8eb4-34bd-388a-8ec8-b0b295cebea3" testName="Microsoft.AspNetCore.Components.CascadingParameterStateTest.FindCascadingParameters_WithoutSingleDelivery" computerName="pkrvmbietmlfzoi" duration="00:00:00.0006738" startTime="2025-07-02T21:18:24.4844109+00:00" endTime="2025-07-02T21:18:24.4853031+00:00" testType="13cdc9d9-ddb5-4fa4-a97d-d965ccfc6d4b" outcome="Passed" testListId="8c84fa94-04c1-424b-9868-57a2d4851a1d" relativeResultsDirectory="9293d793-ffa1-4687-8b33-1f79defd4f1a" />
    <UnitTestResult executionId="c2057ec1-0544-4a4e-a90f-dd43e8835b1c" testId="529de1cb-c054-24a3-d07e-67201a262eff" testName="Microsoft.AspNetCore.Components.Routing.RouteTableFactoryTests.ThrowsWhenCatchAllIsNotTheLastSegment(template: &quot;{*catchall}/{*other}&quot;)" computerName="pkrvmbietmlfzoi" duration="00:00:00.0002923" startTime="2025-07-02T21:18:24.5621465+00:00" endTime="2025-07-02T21:18:24.5626055+00:00" testType="13cdc9d9-ddb5-4fa4-a97d-d965ccfc6d4b" outcome="Passed" testListId="8c84fa94-04c1-424b-9868-57a2d4851a1d" relativeResultsDirectory="c2057ec1-0544-4a4e-a90f-dd43e8835b1c" />
    <UnitTestResult executionId="e9ac775c-bdf4-4137-8f68-19c8da0a0552" testId="8c255e8a-9be7-62b5-6cf0-b53daa657b4c" testName="Microsoft.AspNetCore.Components.Test.RendererTest.PreservesChildComponentInstancesWithNoAttributes" computerName="pkrvmbietmlfzoi" duration="00:00:00.0052303" startTime="2025-07-02T21:18:24.4020381+00:00" endTime="2025-07-02T21:18:24.4040920+00:00" testType="13cdc9d9-ddb5-4fa4-a97d-d965ccfc6d4b" outcome="Passed" testListId="8c84fa94-04c1-424b-9868-57a2d4851a1d" relativeResultsDirectory="e9ac775c-bdf4-4137-8f68-19c8da0a0552" />
    <UnitTestResult executionId="15dbf4e6-70ba-4dcf-8636-c146d93b8cfd" testId="f1c1aed1-8c02-7ed3-ca71-1512f33c940d" testName="Microsoft.AspNetCore.Components.NavigationManagerTest.GetUriWithQueryParameter_ReplacesWhenParameterExists(baseUri: &quot;scheme://host/?full%20name=Bob%20Joe&amp;age=42#hash&quot;, expectedUri: &quot;scheme://host/?full%20name=John%20Doe&amp;age=42#hash&quot;)" computerName="pkrvmbietmlfzoi" duration="00:00:00.0000211" startTime="2025-07-02T21:18:23.9495791+00:00" endTime="2025-07-02T21:18:23.9496905+00:00" testType="13cdc9d9-ddb5-4fa4-a97d-d965ccfc6d4b" outcome="Passed" testListId="8c84fa94-04c1-424b-9868-57a2d4851a1d" relativeResultsDirectory="15dbf4e6-70ba-4dcf-8636-c146d93b8cfd" />
    <UnitTestResult executionId="1f8aaed2-e37b-421d-9009-dcb2aba16f43" testId="85f0d7a2-50f5-3f55-25f3-10293ac1284a" testName="Microsoft.AspNetCore.Components.NavigationManagerTest.GetUriWithQueryParameters_CanAddUpdateAndRemove(baseUri: &quot;scheme://host/?NaMe=Bob%20Joe&amp;AgE=42&quot;, expectedUri: &quot;scheme://host/?age=25&amp;eye%20color=green&quot;)" computerName="pkrvmbietmlfzoi" duration="00:00:00.0000238" startTime="2025-07-02T21:18:23.9755677+00:00" endTime="2025-07-02T21:18:23.9756976+00:00" testType="13cdc9d9-ddb5-4fa4-a97d-d965ccfc6d4b" outcome="Passed" testListId="8c84fa94-04c1-424b-9868-57a2d4851a1d" relativeResultsDirectory="1f8aaed2-e37b-421d-9009-dcb2aba16f43" />
    <UnitTestResult executionId="747f5682-9a6a-4410-bd44-15da28a91ae7" testId="4a38998d-a3b2-0927-4ef3-f88ed0f19696" testName="Microsoft.AspNetCore.Components.Test.RendererTest.DispatchEventAsync_EventCallback_SynchronousCompletion" computerName="pkrvmbietmlfzoi" duration="00:00:00.0015422" startTime="2025-07-02T21:18:24.5403854+00:00" endTime="2025-07-02T21:18:24.5416037+00:00" testType="13cdc9d9-ddb5-4fa4-a97d-d965ccfc6d4b" outcome="Passed" testListId="8c84fa94-04c1-424b-9868-57a2d4851a1d" relativeResultsDirectory="747f5682-9a6a-4410-bd44-15da28a91ae7" />
    <UnitTestResult executionId="7ccb2630-f83d-446e-b838-0c613806f6c7" testId="2e57ef53-c2e9-8040-187f-67a50519993b" testName="Microsoft.AspNetCore.Components.Rendering.RendererSynchronizationContextTest.InvokeAsync_FuncT_CanRethrowExceptions" computerName="pkrvmbietmlfzoi" duration="00:00:00.0009877" startTime="2025-07-02T21:18:24.6545519+00:00" endTime="2025-07-02T21:18:24.6554859+00:00" testType="13cdc9d9-ddb5-4fa4-a97d-d965ccfc6d4b" outcome="Passed" testListId="8c84fa94-04c1-424b-9868-57a2d4851a1d" relativeResultsDirectory="7ccb2630-f83d-446e-b838-0c613806f6c7" />
    <UnitTestResult executionId="6f8433b6-1347-44a5-865a-9785f5426729" testId="2eb88ddd-f558-856d-3cfd-ca331da0eb4f" testName="Microsoft.AspNetCore.Components.Routing.QueryParameterValueSupplierTest.RejectsBlankValuesWhenNotNullable(key: &quot;DoubleVal&quot;, targetType: typeof(double))" computerName="pkrvmbietmlfzoi" duration="00:00:00.0000357" startTime="2025-07-02T21:18:24.1360083+00:00" endTime="2025-07-02T21:18:24.1361127+00:00" testType="13cdc9d9-ddb5-4fa4-a97d-d965ccfc6d4b" outcome="Passed" testListId="8c84fa94-04c1-424b-9868-57a2d4851a1d" relativeResultsDirectory="6f8433b6-1347-44a5-865a-9785f5426729" />
    <UnitTestResult executionId="a23e80d9-d335-44cc-b0ca-d77054c20e7b" testId="45a6eb62-602a-ab67-92d5-7f8fcb36b8a6" testName="Microsoft.AspNetCore.Components.Test.CascadingParameterTest.OmitsSingleDeliveryCascadingParametersWhenUpdatingDirectParameters" computerName="pkrvmbietmlfzoi" duration="00:00:00.0177990" startTime="2025-07-02T21:18:24.4670789+00:00" endTime="2025-07-02T21:18:24.4813431+00:00" testType="13cdc9d9-ddb5-4fa4-a97d-d965ccfc6d4b" outcome="Passed" testListId="8c84fa94-04c1-424b-9868-57a2d4851a1d" relativeResultsDirectory="a23e80d9-d335-44cc-b0ca-d77054c20e7b" />
    <UnitTestResult executionId="f0c10293-cb24-4fb6-ac6d-fe78bc8b1ac2" testId="80bcd6ba-b2f3-2ca0-060f-328653b77f7e" testName="Microsoft.AspNetCore.Components.Rendering.RenderTreeBuilderTest.AddAttribute_Element_ObjectEventCallback_Default_DoesNotAddFrame" computerName="pkrvmbietmlfzoi" duration="00:00:00.0003760" startTime="2025-07-02T21:18:24.3241872+00:00" endTime="2025-07-02T21:18:24.3307785+00:00" testType="13cdc9d9-ddb5-4fa4-a97d-d965ccfc6d4b" outcome="Passed" testListId="8c84fa94-04c1-424b-9868-57a2d4851a1d" relativeResultsDirectory="f0c10293-cb24-4fb6-ac6d-fe78bc8b1ac2" />
    <UnitTestResult executionId="76265d0e-7662-4819-85be-ba6ad22a9adc" testId="0ca21471-e267-80e4-d04f-8d936d7fe489" testName="Microsoft.AspNetCore.Components.RenderTree.ArrayBuilderTest.Append_FillBuffer" computerName="pkrvmbietmlfzoi" duration="00:00:00.0007991" startTime="2025-07-02T21:18:23.9901633+00:00" endTime="2025-07-02T21:18:23.9902829+00:00" testType="13cdc9d9-ddb5-4fa4-a97d-d965ccfc6d4b" outcome="Passed" testListId="8c84fa94-04c1-424b-9868-57a2d4851a1d" relativeResultsDirectory="76265d0e-7662-4819-85be-ba6ad22a9adc" />
    <UnitTestResult executionId="5738482b-0f48-4897-b226-8ec0235242bf" testId="c7707d26-49ac-496b-58e0-b76d3ec8ffb9" testName="Microsoft.AspNetCore.Components.BindConverterTest.FormatValue_NullableInt" computerName="pkrvmbietmlfzoi" duration="00:00:00.0006244" startTime="2025-07-02T21:18:24.2604117+00:00" endTime="2025-07-02T21:18:24.2629671+00:00" testType="13cdc9d9-ddb5-4fa4-a97d-d965ccfc6d4b" outcome="Passed" testListId="8c84fa94-04c1-424b-9868-57a2d4851a1d" relativeResultsDirectory="5738482b-0f48-4897-b226-8ec0235242bf" />
    <UnitTestResult executionId="32f17eec-565a-4507-bdeb-f754b2ff6155" testId="500dbc99-e95a-d4b0-2d96-db8e4c25db0c" testName="Microsoft.AspNetCore.Components.Test.CascadingParameterTest.PassesCascadingParametersToNestedComponents" computerName="pkrvmbietmlfzoi" duration="00:00:00.0028002" startTime="2025-07-02T21:18:24.4575563+00:00" endTime="2025-07-02T21:18:24.4594801+00:00" testType="13cdc9d9-ddb5-4fa4-a97d-d965ccfc6d4b" outcome="Passed" testListId="8c84fa94-04c1-424b-9868-57a2d4851a1d" relativeResultsDirectory="32f17eec-565a-4507-bdeb-f754b2ff6155" />
    <UnitTestResult executionId="b6c16f44-928c-48ab-92ac-e973bb8d36da" testId="c47cd642-011d-92d4-7b02-291c36331e0f" testName="Microsoft.AspNetCore.Components.ResourceAssetCollectionTest.CanDetermineContentSpecificUrls" computerName="pkrvmbietmlfzoi" duration="00:00:00.0201381" startTime="2025-07-02T21:18:24.0972752+00:00" endTime="2025-07-02T21:18:24.1028265+00:00" testType="13cdc9d9-ddb5-4fa4-a97d-d965ccfc6d4b" outcome="Passed" testListId="8c84fa94-04c1-424b-9868-57a2d4851a1d" relativeResultsDirectory="b6c16f44-928c-48ab-92ac-e973bb8d36da" />
    <UnitTestResult executionId="97eb29ff-e5ca-40ed-9269-b55294e22c01" testId="dcdacbfb-ca47-8269-e07b-d584187f97f6" testName="Microsoft.AspNetCore.Components.Rendering.RenderTreeBuilderTest.UnclosedElementsHaveNoSubtreeLength" computerName="pkrvmbietmlfzoi" duration="00:00:00.0002951" startTime="2025-07-02T21:18:24.2856897+00:00" endTime="2025-07-02T21:18:24.2858574+00:00" testType="13cdc9d9-ddb5-4fa4-a97d-d965ccfc6d4b" outcome="Passed" testListId="8c84fa94-04c1-424b-9868-57a2d4851a1d" relativeResultsDirectory="97eb29ff-e5ca-40ed-9269-b55294e22c01" />
    <UnitTestResult executionId="f7bb2939-14f8-4436-b7de-d47f71b9a291" testId="43d4320b-e5b8-c712-f626-0c1dbfa7b3d2" testName="Microsoft.AspNetCore.Components.Rendering.RenderTreeBuilderTest.AddAttribute_Component_ObjectEventCallback_AddsFrame" computerName="pkrvmbietmlfzoi" duration="00:00:00.0009590" startTime="2025-07-02T21:18:24.3072858+00:00" endTime="2025-07-02T21:18:24.3077976+00:00" testType="13cdc9d9-ddb5-4fa4-a97d-d965ccfc6d4b" outcome="Passed" testListId="8c84fa94-04c1-424b-9868-57a2d4851a1d" relativeResultsDirectory="f7bb2939-14f8-4436-b7de-d47f71b9a291" />
    <UnitTestResult executionId="603b1533-1ccf-402c-b71c-f12e0ea6636d" testId="3bd5f0e6-a898-4764-8e91-93aad44dad43" testName="Microsoft.AspNetCore.Components.Routing.RouteTableFactoryTests.ThrowsWhenCatchAllIsNotTheLastSegment(template: &quot;prefix/{*catchall}/{*other}&quot;)" computerName="pkrvmbietmlfzoi" duration="00:00:00.0007917" startTime="2025-07-02T21:18:24.5606533+00:00" endTime="2025-07-02T21:18:24.5610508+00:00" testType="13cdc9d9-ddb5-4fa4-a97d-d965ccfc6d4b" outcome="Passed" testListId="8c84fa94-04c1-424b-9868-57a2d4851a1d" relativeResultsDirectory="603b1533-1ccf-402c-b71c-f12e0ea6636d" />
    <UnitTestResult executionId="d4644188-d6d1-4942-957e-76a1ba89bcd5" testId="fcb4482f-293e-49e1-2ace-5e47fc3c89f2" testName="Microsoft.AspNetCore.Components.PersistentState.PersistentServicesRegistryTest.PersistStateAsync_DoesNotThrow_WhenTypeCantBeFoundForPersistedRegistrations" computerName="pkrvmbietmlfzoi" duration="00:00:00.0276224" startTime="2025-07-02T21:18:24.2197119+00:00" endTime="2025-07-02T21:18:24.2770072+00:00" testType="13cdc9d9-ddb5-4fa4-a97d-d965ccfc6d4b" outcome="Passed" testListId="8c84fa94-04c1-424b-9868-57a2d4851a1d" relativeResultsDirectory="d4644188-d6d1-4942-957e-76a1ba89bcd5" />
    <UnitTestResult executionId="274ca85d-ce82-4737-842b-40adfa9950fc" testId="fee316e0-0268-df7c-f4e0-1f6785379901" testName="Microsoft.AspNetCore.Components.ComponentsActivitySourceTest.StartRouteActivity_HandlesNullValues" computerName="pkrvmbietmlfzoi" duration="00:00:00.0001832" startTime="2025-07-02T21:18:23.9874342+00:00" endTime="2025-07-02T21:18:23.9875303+00:00" testType="13cdc9d9-ddb5-4fa4-a97d-d965ccfc6d4b" outcome="Passed" testListId="8c84fa94-04c1-424b-9868-57a2d4851a1d" relativeResultsDirectory="274ca85d-ce82-4737-842b-40adfa9950fc" />
    <UnitTestResult executionId="c55da1ad-e344-4a65-8604-4fe91e686194" testId="c7260ebc-a696-37ef-e759-c0251b78d7a6" testName="Microsoft.AspNetCore.Components.Routing.RouteTableFactoryTests.CanMatchParameterWithConstraint(template: &quot;/{value:int}&quot;, contextUrl: &quot;/123&quot;, convertedValue: 123)" computerName="pkrvmbietmlfzoi" duration="00:00:00.0006667" startTime="2025-07-02T21:18:24.5476925+00:00" endTime="2025-07-02T21:18:24.5481276+00:00" testType="13cdc9d9-ddb5-4fa4-a97d-d965ccfc6d4b" outcome="Passed" testListId="8c84fa94-04c1-424b-9868-57a2d4851a1d" relativeResultsDirectory="c55da1ad-e344-4a65-8604-4fe91e686194" />
    <UnitTestResult executionId="5500e91b-4828-4f7d-bbd0-44f2f0b1b89f" testId="204ec68e-f4d9-ea5a-48a6-fd1ffb82ba4a" testName="Microsoft.AspNetCore.Components.PersistentStateValueProviderTests.PersistAsync_CanPersistValueTypes_NullableTupleProperty" computerName="pkrvmbietmlfzoi" duration="00:00:00.0335487" startTime="2025-07-02T21:18:24.4284071+00:00" endTime="2025-07-02T21:18:24.4553144+00:00" testType="13cdc9d9-ddb5-4fa4-a97d-d965ccfc6d4b" outcome="Passed" testListId="8c84fa94-04c1-424b-9868-57a2d4851a1d" relativeResultsDirectory="5500e91b-4828-4f7d-bbd0-44f2f0b1b89f" />
    <UnitTestResult executionId="47768485-ede1-4ce2-8bf3-2a2195f91650" testId="740fced9-6282-38dd-0fc6-8b3e84e84d39" testName="Microsoft.AspNetCore.Components.ParameterViewTest.Clone_ParameterViewSingleParameter" computerName="pkrvmbietmlfzoi" duration="00:00:00.0013249" startTime="2025-07-02T21:18:24.0292067+00:00" endTime="2025-07-02T21:18:24.0296186+00:00" testType="13cdc9d9-ddb5-4fa4-a97d-d965ccfc6d4b" outcome="Passed" testListId="8c84fa94-04c1-424b-9868-57a2d4851a1d" relativeResultsDirectory="47768485-ede1-4ce2-8bf3-2a2195f91650" />
    <UnitTestResult executionId="aeaaa654-9d76-471f-9c0a-ee9c6ab8c219" testId="d3ec738c-dc58-8329-14a1-a4f37b7c052c" testName="Microsoft.AspNetCore.Components.Routing.QueryParameterValueSupplierTest.RejectsUnparseableValues(key: &quot;DateTimeVal&quot;, value: &quot;2020-02-31&quot;, targetType: typeof(System.DateTime))" computerName="pkrvmbietmlfzoi" duration="00:00:00.0019468" startTime="2025-07-02T21:18:24.0790536+00:00" endTime="2025-07-02T21:18:24.0817410+00:00" testType="13cdc9d9-ddb5-4fa4-a97d-d965ccfc6d4b" outcome="Passed" testListId="8c84fa94-04c1-424b-9868-57a2d4851a1d" relativeResultsDirectory="aeaaa654-9d76-471f-9c0a-ee9c6ab8c219" />
    <UnitTestResult executionId="c0dffde9-f337-4212-8be7-5eedfed3a9b2" testId="d6e86050-b635-db1d-8206-c133098cbdc5" testName="Microsoft.AspNetCore.Components.Rendering.RenderTreeBuilderTest.ProcessDuplicateAttributes_DoesNotRemoveDuplicatesInsideChildElement" computerName="pkrvmbietmlfzoi" duration="00:00:00.0010301" startTime="2025-07-02T21:18:24.3412558+00:00" endTime="2025-07-02T21:18:24.3422274+00:00" testType="13cdc9d9-ddb5-4fa4-a97d-d965ccfc6d4b" outcome="Passed" testListId="8c84fa94-04c1-424b-9868-57a2d4851a1d" relativeResultsDirectory="c0dffde9-f337-4212-8be7-5eedfed3a9b2" />
    <UnitTestResult executionId="f6059c84-90fb-4201-827f-206d7e4a4240" testId="8c66ed6a-c142-f4bf-b68a-07f6fe8c7b21" testName="Microsoft.AspNetCore.Components.Test.RendererTest.AsynchronousCancelledTasks_HandleAfterRender_Works" computerName="pkrvmbietmlfzoi" duration="00:00:00.0004806" startTime="2025-07-02T21:18:25.8490782+00:00" endTime="2025-07-02T21:18:25.8495706+00:00" testType="13cdc9d9-ddb5-4fa4-a97d-d965ccfc6d4b" outcome="Passed" testListId="8c84fa94-04c1-424b-9868-57a2d4851a1d" relativeResultsDirectory="f6059c84-90fb-4201-827f-206d7e4a4240" />
    <UnitTestResult executionId="bb55afbe-2e25-48b4-8073-32782521106d" testId="2cad99bf-06a6-ea62-b2e9-31b4cc727bdf" testName="Microsoft.AspNetCore.Components.Test.RenderTreeDiffBuilderTest.AttributeDiff_WithSameSequenceNumber_AttributeAddedAtStart" computerName="pkrvmbietmlfzoi" duration="00:00:00.0006170" startTime="2025-07-02T21:18:24.2989058+00:00" endTime="2025-07-02T21:18:24.3003193+00:00" testType="13cdc9d9-ddb5-4fa4-a97d-d965ccfc6d4b" outcome="Passed" testListId="8c84fa94-04c1-424b-9868-57a2d4851a1d" relativeResultsDirectory="bb55afbe-2e25-48b4-8073-32782521106d" />
    <UnitTestResult executionId="68c263b9-5ab0-4e93-87ee-0b33ff9b8d80" testId="f9014d6b-492a-bdb0-448e-f3a653852198" testName="Microsoft.AspNetCore.Components.Routing.RoutePatternParserTests.InvalidTemplate_CatchAllParamWithIncorrectPlacedAsterisks(template: &quot;/test/{a}/{**b*c}&quot;, lastParameter: &quot;b*c&quot;)" computerName="pkrvmbietmlfzoi" duration="00:00:00.0002993" startTime="2025-07-02T21:18:24.2743763+00:00" endTime="2025-07-02T21:18:24.2768598+00:00" testType="13cdc9d9-ddb5-4fa4-a97d-d965ccfc6d4b" outcome="Passed" testListId="8c84fa94-04c1-424b-9868-57a2d4851a1d" relativeResultsDirectory="68c263b9-5ab0-4e93-87ee-0b33ff9b8d80" />
    <UnitTestResult executionId="992e1dfd-23df-44a3-9a72-a4e8db49b1c9" testId="a9f7def6-0d13-f066-9e7a-f4a1eb9afe32" testName="Microsoft.AspNetCore.Components.Test.RendererTest.RenderBatch_ReportsSynchronousCancelationsAsErrors" computerName="pkrvmbietmlfzoi" duration="00:00:00.0005973" startTime="2025-07-02T21:18:25.8257296+00:00" endTime="2025-07-02T21:18:25.8263098+00:00" testType="13cdc9d9-ddb5-4fa4-a97d-d965ccfc6d4b" outcome="Passed" testListId="8c84fa94-04c1-424b-9868-57a2d4851a1d" relativeResultsDirectory="992e1dfd-23df-44a3-9a72-a4e8db49b1c9" />
    <UnitTestResult executionId="f0119f99-0e23-4fb2-b148-da9d2761b9e9" testId="2e3265ca-ff0c-d0a3-213a-36e37782dcf7" testName="Microsoft.AspNetCore.Components.Test.RendererTest.UpdatesPropertiesOnRetainedChildComponentInstances" computerName="pkrvmbietmlfzoi" duration="00:00:00.0040021" startTime="2025-07-02T21:18:24.5255665+00:00" endTime="2025-07-02T21:18:24.5302991+00:00" testType="13cdc9d9-ddb5-4fa4-a97d-d965ccfc6d4b" outcome="Passed" testListId="8c84fa94-04c1-424b-9868-57a2d4851a1d" relativeResultsDirectory="f0119f99-0e23-4fb2-b148-da9d2761b9e9" />
    <UnitTestResult executionId="35de6d8b-013a-4b72-8003-509ff0996010" testId="ac410a5f-7cda-131f-44ee-18d781928622" testName="Microsoft.AspNetCore.Components.EventCallbackFactoryTest.CreateT_FuncTask_Unbound" computerName="pkrvmbietmlfzoi" duration="00:00:00.0002888" startTime="2025-07-02T21:18:24.0901477+00:00" endTime="2025-07-02T21:18:24.0902500+00:00" testType="13cdc9d9-ddb5-4fa4-a97d-d965ccfc6d4b" outcome="Passed" testListId="8c84fa94-04c1-424b-9868-57a2d4851a1d" relativeResultsDirectory="35de6d8b-013a-4b72-8003-509ff0996010" />
    <UnitTestResult executionId="babecf02-1bd9-4183-93a2-257007fee1ec" testId="ebbd48e3-e772-1518-0903-28121c43749b" testName="Microsoft.AspNetCore.Components.NavigationManagerTest.GetUriWithQueryParameter_AppendsWhenParameterDoesNotExist(baseUri: &quot;scheme://host/?&quot;, expectedUri: &quot;scheme://host/?name=John%20Doe&quot;)" computerName="pkrvmbietmlfzoi" duration="00:00:00.0002573" startTime="2025-07-02T21:18:24.0110675+00:00" endTime="2025-07-02T21:18:24.0111751+00:00" testType="13cdc9d9-ddb5-4fa4-a97d-d965ccfc6d4b" outcome="Passed" testListId="8c84fa94-04c1-424b-9868-57a2d4851a1d" relativeResultsDirectory="babecf02-1bd9-4183-93a2-257007fee1ec" />
    <UnitTestResult executionId="298c2bb6-8c81-422e-b013-c5a640fcb7f3" testId="b3406b45-4f3c-1725-423d-8e8cda3fd2f3" testName="Microsoft.AspNetCore.Components.Rendering.RenderTreeBuilderTest.AddAttribute_Component_EventCallbackOfT_AddsFrame" computerName="pkrvmbietmlfzoi" duration="00:00:00.0013686" startTime="2025-07-02T21:18:24.2729252+00:00" endTime="2025-07-02T21:18:24.2734079+00:00" testType="13cdc9d9-ddb5-4fa4-a97d-d965ccfc6d4b" outcome="Passed" testListId="8c84fa94-04c1-424b-9868-57a2d4851a1d" relativeResultsDirectory="298c2bb6-8c81-422e-b013-c5a640fcb7f3" />
    <UnitTestResult executionId="0889646c-2061-4080-90d6-d3a9e35b95ba" testId="7dc4f63b-e6ce-5ea2-9502-4ee57efab7a9" testName="Microsoft.AspNetCore.Components.NavigationManagerTest.ComputesCorrectValidBaseRelativePaths(baseUri: &quot;scheme://host/&quot;, uri: &quot;scheme://host/path&quot;, expectedResult: &quot;path&quot;)" computerName="pkrvmbietmlfzoi" duration="00:00:00.0000149" startTime="2025-07-02T21:18:24.0091562+00:00" endTime="2025-07-02T21:18:24.0092718+00:00" testType="13cdc9d9-ddb5-4fa4-a97d-d965ccfc6d4b" outcome="Passed" testListId="8c84fa94-04c1-424b-9868-57a2d4851a1d" relativeResultsDirectory="0889646c-2061-4080-90d6-d3a9e35b95ba" />
    <UnitTestResult executionId="f3c00f47-7acb-491e-a5b9-dfc5232da77f" testId="0e3652d5-121c-9134-4024-f2896c1d566c" testName="Microsoft.AspNetCore.Components.CascadingParameterStateTest.FindCascadingParameters_ComponentRequestsImplementedInterface_ReturnsMatches" computerName="pkrvmbietmlfzoi" duration="00:00:00.0008432" startTime="2025-07-02T21:18:24.4825428+00:00" endTime="2025-07-02T21:18:24.4830571+00:00" testType="13cdc9d9-ddb5-4fa4-a97d-d965ccfc6d4b" outcome="Passed" testListId="8c84fa94-04c1-424b-9868-57a2d4851a1d" relativeResultsDirectory="f3c00f47-7acb-491e-a5b9-dfc5232da77f" />
    <UnitTestResult executionId="95f133ea-df04-4223-b397-309b33590271" testId="b8dcf423-9f57-c2d8-bffc-8be3bb05cf27" testName="Microsoft.AspNetCore.Components.Rendering.RenderTreeBuilderTest.AddAttribute_Component_Bool_SetsAttributeValue(value: False)" computerName="pkrvmbietmlfzoi" duration="00:00:00.0008035" startTime="2025-07-02T21:18:24.2202508+00:00" endTime="2025-07-02T21:18:24.2205233+00:00" testType="13cdc9d9-ddb5-4fa4-a97d-d965ccfc6d4b" outcome="Passed" testListId="8c84fa94-04c1-424b-9868-57a2d4851a1d" relativeResultsDirectory="95f133ea-df04-4223-b397-309b33590271" />
    <UnitTestResult executionId="a85b0615-995f-45cc-ab78-bd69d1c802df" testId="c7260ebc-a696-37ef-e759-c0251b78d7a6" testName="Microsoft.AspNetCore.Components.Routing.RouteTableFactoryTests.CanMatchParameterWithConstraint(template: &quot;/{value:bool}&quot;, contextUrl: &quot;/true&quot;, convertedValue: True)" computerName="pkrvmbietmlfzoi" duration="00:00:00.0092025" startTime="2025-07-02T21:18:24.5389100+00:00" endTime="2025-07-02T21:18:24.5405035+00:00" testType="13cdc9d9-ddb5-4fa4-a97d-d965ccfc6d4b" outcome="Passed" testListId="8c84fa94-04c1-424b-9868-57a2d4851a1d" relativeResultsDirectory="a85b0615-995f-45cc-ab78-bd69d1c802df" />
    <UnitTestResult executionId="54bbc8de-3997-4093-a960-0c1b11233d7f" testId="0ce2cbd6-1772-13c1-3afe-14dfc1e76a0c" testName="Microsoft.AspNetCore.Components.EventCallbackFactoryTest.CreateT_Action_AlreadyBoundToReceiver" computerName="pkrvmbietmlfzoi" duration="00:00:00.0003074" startTime="2025-07-02T21:18:24.0733209+00:00" endTime="2025-07-02T21:18:24.0733775+00:00" testType="13cdc9d9-ddb5-4fa4-a97d-d965ccfc6d4b" outcome="Passed" testListId="8c84fa94-04c1-424b-9868-57a2d4851a1d" relativeResultsDirectory="54bbc8de-3997-4093-a960-0c1b11233d7f" />
    <UnitTestResult executionId="6bb9f69f-053f-44f7-a0a9-cd8f6c05fb29" testId="4104636b-2a4c-5c40-8626-be7e671ed5c4" testName="Microsoft.AspNetCore.Components.NavigationManagerTest.ComputesCorrectBaseUri(baseUri: &quot;scheme://host/path&quot;, expectedResult: &quot;scheme://host/&quot;)" computerName="pkrvmbietmlfzoi" duration="00:00:00.0000078" startTime="2025-07-02T21:18:23.9806249+00:00" endTime="2025-07-02T21:18:23.9806728+00:00" testType="13cdc9d9-ddb5-4fa4-a97d-d965ccfc6d4b" outcome="Passed" testListId="8c84fa94-04c1-424b-9868-57a2d4851a1d" relativeResultsDirectory="6bb9f69f-053f-44f7-a0a9-cd8f6c05fb29" />
    <UnitTestResult executionId="bebc754a-defc-4e93-9c8b-21617fe298da" testId="5e7178a5-bceb-2752-a237-12e45fbef457" testName="Microsoft.AspNetCore.Components.Test.CascadingParameterTest.CanSupplyCascadingValueFromServiceProviderUsingName" computerName="pkrvmbietmlfzoi" duration="00:00:00.0066142" startTime="2025-07-02T21:18:24.3547818+00:00" endTime="2025-07-02T21:18:24.3649579+00:00" testType="13cdc9d9-ddb5-4fa4-a97d-d965ccfc6d4b" outcome="Passed" testListId="8c84fa94-04c1-424b-9868-57a2d4851a1d" relativeResultsDirectory="bebc754a-defc-4e93-9c8b-21617fe298da" />
    <UnitTestResult executionId="54775a80-8a0e-4697-b118-e17b1ec11d1d" testId="c97782fa-97da-7fc4-0401-e5add9386ec0" testName="Microsoft.AspNetCore.Components.Routing.QueryParameterValueSupplierTest.RejectsBlankArrayEntriesWhenNotNullable(key: &quot;DoubleVals&quot;, targetType: typeof(double))" computerName="pkrvmbietmlfzoi" duration="00:00:00.0000388" startTime="2025-07-02T21:18:24.1106022+00:00" endTime="2025-07-02T21:18:24.1106902+00:00" testType="13cdc9d9-ddb5-4fa4-a97d-d965ccfc6d4b" outcome="Passed" testListId="8c84fa94-04c1-424b-9868-57a2d4851a1d" relativeResultsDirectory="54775a80-8a0e-4697-b118-e17b1ec11d1d" />
    <UnitTestResult executionId="03775a88-0f63-4253-86ad-d1f263320a1d" testId="025a149b-7aca-8565-8491-c98419688333" testName="Microsoft.AspNetCore.Components.NavigationManagerTest.GetUriWithQueryParameter_AppendsWhenParameterDoesNotExist(baseUri: &quot;scheme://host/?age=42#hash&quot;, expectedUri: &quot;scheme://host/?age=42&amp;name=John%20Doe#hash&quot;)" computerName="pkrvmbietmlfzoi" duration="00:00:00.0000208" startTime="2025-07-02T21:18:24.0113556+00:00" endTime="2025-07-02T21:18:24.0114864+00:00" testType="13cdc9d9-ddb5-4fa4-a97d-d965ccfc6d4b" outcome="Passed" testListId="8c84fa94-04c1-424b-9868-57a2d4851a1d" relativeResultsDirectory="03775a88-0f63-4253-86ad-d1f263320a1d" />
    <UnitTestResult executionId="ca1bd166-8ee9-4218-80ad-70d6e679e01e" testId="93d12b94-c96d-9e7e-fe21-f1b581ae45e0" testName="Microsoft.AspNetCore.Components.Test.RendererTest.DispatchEventAsync_EventCallback_SynchronousException" computerName="pkrvmbietmlfzoi" duration="00:00:00.0015051" startTime="2025-07-02T21:18:25.8528807+00:00" endTime="2025-07-02T21:18:25.8545227+00:00" testType="13cdc9d9-ddb5-4fa4-a97d-d965ccfc6d4b" outcome="Passed" testListId="8c84fa94-04c1-424b-9868-57a2d4851a1d" relativeResultsDirectory="ca1bd166-8ee9-4218-80ad-70d6e679e01e" />
    <UnitTestResult executionId="d3fd3bf9-a35d-4cd0-939f-7f884dc94b09" testId="c7260ebc-a696-37ef-e759-c0251b78d7a6" testName="Microsoft.AspNetCore.Components.Routing.RouteTableFactoryTests.CanMatchParameterWithConstraint(template: &quot;/{value:long}&quot;, contextUrl: &quot;/-9223372036854775808&quot;, convertedValue: -9223372036854775808)" computerName="pkrvmbietmlfzoi" duration="00:00:00.0006036" startTime="2025-07-02T21:18:24.5503593+00:00" endTime="2025-07-02T21:18:24.5507869+00:00" testType="13cdc9d9-ddb5-4fa4-a97d-d965ccfc6d4b" outcome="Passed" testListId="8c84fa94-04c1-424b-9868-57a2d4851a1d" relativeResultsDirectory="d3fd3bf9-a35d-4cd0-939f-7f884dc94b09" />
    <UnitTestResult executionId="57266a61-0758-4198-8a16-a1eb723d169c" testId="1080a8fb-c4f5-1740-e9b9-cd24db7a0bc9" testName="Microsoft.AspNetCore.Components.PersistentStateValueProviderTests.PersistAsync_CanPersistMultipleComponentsOfSameType_SupportsDifferentKeyTypes(componentKey1: 12345, componentKey2: -12345)" computerName="pkrvmbietmlfzoi" duration="00:00:00.0001555" startTime="2025-07-02T21:18:24.5221472+00:00" endTime="2025-07-02T21:18:24.5222260+00:00" testType="13cdc9d9-ddb5-4fa4-a97d-d965ccfc6d4b" outcome="Passed" testListId="8c84fa94-04c1-424b-9868-57a2d4851a1d" relativeResultsDirectory="57266a61-0758-4198-8a16-a1eb723d169c" />
    <UnitTestResult executionId="bb48f14c-a2a9-4144-9498-18c4c6447a13" testId="c7260ebc-a696-37ef-e759-c0251b78d7a6" testName="Microsoft.AspNetCore.Components.Routing.RouteTableFactoryTests.CanMatchParameterWithConstraint(template: &quot;/{value:guid}&quot;, contextUrl: &quot;/1FCEF085-884F-416E-B0A1-71B15F3E206B&quot;, convertedValue: 1fcef085-884f-416e-b0a1-71b15f3e206b)" computerName="pkrvmbietmlfzoi" duration="00:00:00.0010768" startTime="2025-07-02T21:18:24.5471228+00:00" endTime="2025-07-02T21:18:24.5475871+00:00" testType="13cdc9d9-ddb5-4fa4-a97d-d965ccfc6d4b" outcome="Passed" testListId="8c84fa94-04c1-424b-9868-57a2d4851a1d" relativeResultsDirectory="bb48f14c-a2a9-4144-9498-18c4c6447a13" />
    <UnitTestResult executionId="96ac75cd-b838-4bd5-ad58-50673fcd6f7f" testId="28c54b65-ba6d-244c-23c3-4502fd483c04" testName="Microsoft.AspNetCore.Components.NavigationManagerTest.ComputesCorrectValidBaseRelativePaths(baseUri: &quot;scheme://host/&quot;, uri: &quot;scheme://host/&quot;, expectedResult: &quot;&quot;)" computerName="pkrvmbietmlfzoi" duration="00:00:00.0000143" startTime="2025-07-02T21:18:24.0088602+00:00" endTime="2025-07-02T21:18:24.0089647+00:00" testType="13cdc9d9-ddb5-4fa4-a97d-d965ccfc6d4b" outcome="Passed" testListId="8c84fa94-04c1-424b-9868-57a2d4851a1d" relativeResultsDirectory="96ac75cd-b838-4bd5-ad58-50673fcd6f7f" />
    <UnitTestResult executionId="8f75d029-066f-49aa-80cd-af59ac13f7de" testId="b7845604-90f4-4c19-c812-15897234630b" testName="Microsoft.AspNetCore.Components.Routing.RoutePatternParserTests.Parse_SingleCatchAllParameter(parsedTemplate: &quot;p&quot;, template: &quot;{*p}&quot;)" computerName="pkrvmbietmlfzoi" duration="00:00:00.0003375" startTime="2025-07-02T21:18:24.2420897+00:00" endTime="2025-07-02T21:18:24.2422008+00:00" testType="13cdc9d9-ddb5-4fa4-a97d-d965ccfc6d4b" outcome="Passed" testListId="8c84fa94-04c1-424b-9868-57a2d4851a1d" relativeResultsDirectory="8f75d029-066f-49aa-80cd-af59ac13f7de" />
    <UnitTestResult executionId="cbcc8cbe-8762-42f2-a87d-c0f63296c310" testId="50986544-61b7-2562-ac19-20da1407f754" testName="Microsoft.AspNetCore.Components.Rendering.RenderTreeBuilderTest.CanAddKeyToElement" computerName="pkrvmbietmlfzoi" duration="00:00:00.0010580" startTime="2025-07-02T21:18:24.4024200+00:00" endTime="2025-07-02T21:18:24.4029329+00:00" testType="13cdc9d9-ddb5-4fa4-a97d-d965ccfc6d4b" outcome="Passed" testListId="8c84fa94-04c1-424b-9868-57a2d4851a1d" relativeResultsDirectory="cbcc8cbe-8762-42f2-a87d-c0f63296c310" />
    <UnitTestResult executionId="69afe35f-9ed1-4d9e-86f4-aa430a928d61" testId="f9ae0af0-1dbd-c575-0c28-ae297b2d1130" testName="Microsoft.AspNetCore.Components.Routing.RouterTest.RefreshesOnceOnCancelledOnNavigateAsync" computerName="pkrvmbietmlfzoi" duration="00:00:00.0047747" startTime="2025-07-02T21:18:24.2703921+00:00" endTime="2025-07-02T21:18:24.2787133+00:00" testType="13cdc9d9-ddb5-4fa4-a97d-d965ccfc6d4b" outcome="Passed" testListId="8c84fa94-04c1-424b-9868-57a2d4851a1d" relativeResultsDirectory="69afe35f-9ed1-4d9e-86f4-aa430a928d61" />
    <UnitTestResult executionId="b139a670-c12a-4ae7-9946-8e1be6cfcf11" testId="66907170-3c34-6824-84fb-9a66563b2b94" testName="Microsoft.AspNetCore.Components.Test.RendererTest.CanSetComponentParameter_WhenParameterTypeHasImplicitConversionToString" computerName="pkrvmbietmlfzoi" duration="00:00:00.0018510" startTime="2025-07-02T21:18:24.7499606+00:00" endTime="2025-07-02T21:18:24.7518360+00:00" testType="13cdc9d9-ddb5-4fa4-a97d-d965ccfc6d4b" outcome="Passed" testListId="8c84fa94-04c1-424b-9868-57a2d4851a1d" relativeResultsDirectory="b139a670-c12a-4ae7-9946-8e1be6cfcf11" />
    <UnitTestResult executionId="c5dba197-527e-4d9c-8b38-47dfce448762" testId="1e423626-b1b3-acd3-ee64-66e4478ae98f" testName="Microsoft.AspNetCore.Components.ComponentsMetricsTest.FailBatchSync_RecordsErrorMetric" computerName="pkrvmbietmlfzoi" duration="00:00:00.0005751" startTime="2025-07-02T21:18:24.5624736+00:00" endTime="2025-07-02T21:18:24.5639736+00:00" testType="13cdc9d9-ddb5-4fa4-a97d-d965ccfc6d4b" outcome="Passed" testListId="8c84fa94-04c1-424b-9868-57a2d4851a1d" relativeResultsDirectory="c5dba197-527e-4d9c-8b38-47dfce448762" />
    <UnitTestResult executionId="bdb5092b-1505-4bee-8051-a51b0f3c06b2" testId="80e10096-6405-0c56-1ed1-8d76341a3748" testName="Microsoft.AspNetCore.Components.RenderTree.ArrayBuilderTest.Append_ThreeItem" computerName="pkrvmbietmlfzoi" duration="00:00:00.0003226" startTime="2025-07-02T21:18:23.9879529+00:00" endTime="2025-07-02T21:18:23.9880450+00:00" testType="13cdc9d9-ddb5-4fa4-a97d-d965ccfc6d4b" outcome="Passed" testListId="8c84fa94-04c1-424b-9868-57a2d4851a1d" relativeResultsDirectory="bdb5092b-1505-4bee-8051-a51b0f3c06b2" />
    <UnitTestResult executionId="2123c2c2-4680-4238-b998-482090c27d3b" testId="bb2c4065-5432-4767-1497-99410be3a63a" testName="Microsoft.AspNetCore.Components.Test.RenderTreeDiffBuilderTest.RecognizesNamedEventBeingMoved" computerName="pkrvmbietmlfzoi" duration="00:00:00.0021231" startTime="2025-07-02T21:18:24.4987305+00:00" endTime="2025-07-02T21:18:24.5012568+00:00" testType="13cdc9d9-ddb5-4fa4-a97d-d965ccfc6d4b" outcome="Passed" testListId="8c84fa94-04c1-424b-9868-57a2d4851a1d" relativeResultsDirectory="2123c2c2-4680-4238-b998-482090c27d3b" />
    <UnitTestResult executionId="4ef55619-f63e-4a4b-996e-55349f01d7a6" testId="493e214b-5ba1-0616-a351-0dbac3dcd27c" testName="Microsoft.AspNetCore.Components.PersistentStateValueProviderTests.PersistAsync_PersistsStateForSubscribedComponentProperties" computerName="pkrvmbietmlfzoi" duration="00:00:00.0011670" startTime="2025-07-02T21:18:24.5031179+00:00" endTime="2025-07-02T21:18:24.5055714+00:00" testType="13cdc9d9-ddb5-4fa4-a97d-d965ccfc6d4b" outcome="Passed" testListId="8c84fa94-04c1-424b-9868-57a2d4851a1d" relativeResultsDirectory="4ef55619-f63e-4a4b-996e-55349f01d7a6" />
    <UnitTestResult executionId="f99f574e-91d1-4b2d-bc56-4661e8a4c5dd" testId="98750012-9d32-ec78-a59a-9de3af0fb5ba" testName="Microsoft.AspNetCore.Components.EventCallbackFactoryTest.Create_FuncTask_AlreadyBoundToReceiver" computerName="pkrvmbietmlfzoi" duration="00:00:00.0004851" startTime="2025-07-02T21:18:24.0751693+00:00" endTime="2025-07-02T21:18:24.0756996+00:00" testType="13cdc9d9-ddb5-4fa4-a97d-d965ccfc6d4b" outcome="Passed" testListId="8c84fa94-04c1-424b-9868-57a2d4851a1d" relativeResultsDirectory="f99f574e-91d1-4b2d-bc56-4661e8a4c5dd" />
    <UnitTestResult executionId="36bf84aa-8f58-4238-a85c-5a8a530167f3" testId="43bff6e9-1834-16bf-ac8a-f7afadccd92b" testName="Microsoft.AspNetCore.Components.Test.RendererTest.CallsAfterRenderOnEachRender" computerName="pkrvmbietmlfzoi" duration="00:00:00.0006070" startTime="2025-07-02T21:18:24.7521100+00:00" endTime="2025-07-02T21:18:24.7526375+00:00" testType="13cdc9d9-ddb5-4fa4-a97d-d965ccfc6d4b" outcome="Passed" testListId="8c84fa94-04c1-424b-9868-57a2d4851a1d" relativeResultsDirectory="36bf84aa-8f58-4238-a85c-5a8a530167f3" />
    <UnitTestResult executionId="e695d789-a20d-4011-8829-e91639d897cf" testId="5f92ffc8-636b-989a-07e0-7d959ce6724e" testName="Microsoft.AspNetCore.Components.ComponentsActivitySourceTest.Constructor_CreatesActivitySourceCorrectly" computerName="pkrvmbietmlfzoi" duration="00:00:00.0001003" startTime="2025-07-02T21:18:23.9871941+00:00" endTime="2025-07-02T21:18:23.9872654+00:00" testType="13cdc9d9-ddb5-4fa4-a97d-d965ccfc6d4b" outcome="Passed" testListId="8c84fa94-04c1-424b-9868-57a2d4851a1d" relativeResultsDirectory="e695d789-a20d-4011-8829-e91639d897cf" />
    <UnitTestResult executionId="0b86c704-0af4-4a41-8126-a10ab80df712" testId="2321d162-3ee9-2646-4041-1d981536d2bc" testName="Microsoft.AspNetCore.Components.Test.RenderTreeUpdaterTest.AddsAttributeIfNotFound" computerName="pkrvmbietmlfzoi" duration="00:00:00.0011793" startTime="2025-07-02T21:18:23.9921078+00:00" endTime="2025-07-02T21:18:23.9926802+00:00" testType="13cdc9d9-ddb5-4fa4-a97d-d965ccfc6d4b" outcome="Passed" testListId="8c84fa94-04c1-424b-9868-57a2d4851a1d" relativeResultsDirectory="0b86c704-0af4-4a41-8126-a10ab80df712" />
    <UnitTestResult executionId="8f1fc504-c6b7-4419-bbe6-7e4af75f1176" testId="ff6b9d2f-e7eb-b731-43bb-645d3e0815bc" testName="Microsoft.AspNetCore.Components.NavigationManagerTest.GetUriWithQueryParameters_CanAddUpdateAndRemove(baseUri: &quot;scheme://host/?name=Bob%20Joe&amp;age=42&quot;, expectedUri: &quot;scheme://host/?age=25&amp;eye%20color=green&quot;)" computerName="pkrvmbietmlfzoi" duration="00:00:00.0000238" startTime="2025-07-02T21:18:23.9633144+00:00" endTime="2025-07-02T21:18:23.9634805+00:00" testType="13cdc9d9-ddb5-4fa4-a97d-d965ccfc6d4b" outcome="Passed" testListId="8c84fa94-04c1-424b-9868-57a2d4851a1d" relativeResultsDirectory="8f1fc504-c6b7-4419-bbe6-7e4af75f1176" />
    <UnitTestResult executionId="23bfb456-5251-4012-9527-99ce0d058ffb" testId="407c04f9-1da3-1372-6fb6-868c7e7c0961" testName="Microsoft.AspNetCore.Components.Test.RendererTest.ExceptionsReturnedUsingTaskFromExceptionCanBeHandled" computerName="pkrvmbietmlfzoi" duration="00:00:00.0007754" startTime="2025-07-02T21:18:25.8546843+00:00" endTime="2025-07-02T21:18:25.8555449+00:00" testType="13cdc9d9-ddb5-4fa4-a97d-d965ccfc6d4b" outcome="Passed" testListId="8c84fa94-04c1-424b-9868-57a2d4851a1d" relativeResultsDirectory="23bfb456-5251-4012-9527-99ce0d058ffb" />
    <UnitTestResult executionId="14d41900-d2dd-46ca-851c-ae105081083a" testId="caa7d380-0133-5adc-94ca-95a6401a066d" testName="Microsoft.AspNetCore.Components.Test.RendererTest.CanAsyncDispatchEventsToNestedComponents" computerName="pkrvmbietmlfzoi" duration="00:00:00.0023412" startTime="2025-07-02T21:18:24.5513735+00:00" endTime="2025-07-02T21:18:24.5521173+00:00" testType="13cdc9d9-ddb5-4fa4-a97d-d965ccfc6d4b" outcome="Passed" testListId="8c84fa94-04c1-424b-9868-57a2d4851a1d" relativeResultsDirectory="14d41900-d2dd-46ca-851c-ae105081083a" />
    <UnitTestResult executionId="cdbd845c-a3ed-484e-a663-df4d27fc0b94" testId="97c8ceb2-b49a-96d7-160c-1cda13537619" testName="Microsoft.AspNetCore.Components.Rendering.RenderTreeBuilderTest.CannotAddParametersAfterComponentRenderMode" computerName="pkrvmbietmlfzoi" duration="00:00:00.0006222" startTime="2025-07-02T21:18:24.3545000+00:00" endTime="2025-07-02T21:18:24.3553754+00:00" testType="13cdc9d9-ddb5-4fa4-a97d-d965ccfc6d4b" outcome="Passed" testListId="8c84fa94-04c1-424b-9868-57a2d4851a1d" relativeResultsDirectory="cdbd845c-a3ed-484e-a663-df4d27fc0b94" />
    <UnitTestResult executionId="ad2f7d6c-26c0-4c60-8398-c3ec76a1f24c" testId="b9ee6c48-2df3-ca00-0e3d-ce63ba3738f9" testName="Microsoft.AspNetCore.Components.BindConverterTest.TryConvertTo_Guid_Invalid(incomingValue: null)" computerName="pkrvmbietmlfzoi" duration="00:00:00.0090568" startTime="2025-07-02T21:18:24.2154655+00:00" endTime="2025-07-02T21:18:24.2244737+00:00" testType="13cdc9d9-ddb5-4fa4-a97d-d965ccfc6d4b" outcome="Passed" testListId="8c84fa94-04c1-424b-9868-57a2d4851a1d" relativeResultsDirectory="ad2f7d6c-26c0-4c60-8398-c3ec76a1f24c" />
    <UnitTestResult executionId="322749f8-e5a9-448e-b98d-dbff103f0e91" testId="857ea273-55fb-35b8-c39d-7ec2d5a3ddd8" testName="Microsoft.AspNetCore.Components.Routing.RouteTableFactoryTests.ThrowsWhenCatchAllIsNotTheLastSegment(template: &quot;prefix/{*catchall}/{parameter?}&quot;)" computerName="pkrvmbietmlfzoi" duration="00:00:00.0005618" startTime="2025-07-02T21:18:24.5612293+00:00" endTime="2025-07-02T21:18:24.5613266+00:00" testType="13cdc9d9-ddb5-4fa4-a97d-d965ccfc6d4b" outcome="Passed" testListId="8c84fa94-04c1-424b-9868-57a2d4851a1d" relativeResultsDirectory="322749f8-e5a9-448e-b98d-dbff103f0e91" />
    <UnitTestResult executionId="8f9d24db-c07f-42de-901b-8779d2f15542" testId="5d5d2aba-5c18-1e10-0f72-04cd0c208f80" testName="Microsoft.AspNetCore.Components.NavigationManagerTest.GetUriWithQueryParameters_CanAddUpdateAndRemove(baseUri: &quot;scheme://host/?&quot;, expectedUri: &quot;scheme://host/?age=25&amp;eye%20color=green&quot;)" computerName="pkrvmbietmlfzoi" duration="00:00:00.0000268" startTime="2025-07-02T21:18:23.9751903+00:00" endTime="2025-07-02T21:18:23.9753108+00:00" testType="13cdc9d9-ddb5-4fa4-a97d-d965ccfc6d4b" outcome="Passed" testListId="8c84fa94-04c1-424b-9868-57a2d4851a1d" relativeResultsDirectory="8f9d24db-c07f-42de-901b-8779d2f15542" />
    <UnitTestResult executionId="ade2c368-6a02-476f-9dcb-2952f725dac5" testId="f2471a80-917a-1f7f-dc7f-a6cfdf7bdc83" testName="Microsoft.AspNetCore.Components.BindConverterTest.FormatValue_Int" computerName="pkrvmbietmlfzoi" duration="00:00:00.0004925" startTime="2025-07-02T21:18:24.2809341+00:00" endTime="2025-07-02T21:18:24.2812266+00:00" testType="13cdc9d9-ddb5-4fa4-a97d-d965ccfc6d4b" outcome="Passed" testListId="8c84fa94-04c1-424b-9868-57a2d4851a1d" relativeResultsDirectory="ade2c368-6a02-476f-9dcb-2952f725dac5" />
    <UnitTestResult executionId="856048bb-19da-4902-903e-deb4d97d510f" testId="d9999ca4-91d2-e7d7-4adc-17f0a648d688" testName="Microsoft.AspNetCore.Components.Routing.RouterTest.SetParametersAsyncRefreshesOnce" computerName="pkrvmbietmlfzoi" duration="00:00:00.0007823" startTime="2025-07-02T21:18:24.2868778+00:00" endTime="2025-07-02T21:18:24.2894396+00:00" testType="13cdc9d9-ddb5-4fa4-a97d-d965ccfc6d4b" outcome="Passed" testListId="8c84fa94-04c1-424b-9868-57a2d4851a1d" relativeResultsDirectory="856048bb-19da-4902-903e-deb4d97d510f" />
    <UnitTestResult executionId="2c528b04-47c3-4bb1-8a9d-529ff9af36ec" testId="d2893880-1b00-be8c-93ae-ca6d2eaf84f6" testName="Microsoft.AspNetCore.Components.Test.CascadingParameterTest.CanTriggerUpdatesOnCascadingValuesFromServiceProvider" computerName="pkrvmbietmlfzoi" duration="00:00:00.0104940" startTime="2025-07-02T21:18:24.4209470+00:00" endTime="2025-07-02T21:18:24.4306512+00:00" testType="13cdc9d9-ddb5-4fa4-a97d-d965ccfc6d4b" outcome="Passed" testListId="8c84fa94-04c1-424b-9868-57a2d4851a1d" relativeResultsDirectory="2c528b04-47c3-4bb1-8a9d-529ff9af36ec" />
    <UnitTestResult executionId="6e3e37cb-dee8-4b47-ba13-efdc635a8397" testId="59bb740e-62bd-14a9-cba6-69f8641edd15" testName="Microsoft.AspNetCore.Components.ParameterViewTest.IncomingParameterMatchesInheritedDeclaredParameter_SetsValue" computerName="pkrvmbietmlfzoi" duration="00:00:00.0006112" startTime="2025-07-02T21:18:24.0331632+00:00" endTime="2025-07-02T21:18:24.0340188+00:00" testType="13cdc9d9-ddb5-4fa4-a97d-d965ccfc6d4b" outcome="Passed" testListId="8c84fa94-04c1-424b-9868-57a2d4851a1d" relativeResultsDirectory="6e3e37cb-dee8-4b47-ba13-efdc635a8397" />
    <UnitTestResult executionId="64b5affc-a98a-40f1-8be8-bd51e5f01d96" testId="4e74a8ed-032b-65ec-4aad-fdfafaa866e9" testName="Microsoft.AspNetCore.Components.EventCallbackFactoryTest.Create_ActionT_DifferentReceiver" computerName="pkrvmbietmlfzoi" duration="00:00:00.0001832" startTime="2025-07-02T21:18:24.0802147+00:00" endTime="2025-07-02T21:18:24.0803106+00:00" testType="13cdc9d9-ddb5-4fa4-a97d-d965ccfc6d4b" outcome="Passed" testListId="8c84fa94-04c1-424b-9868-57a2d4851a1d" relativeResultsDirectory="64b5affc-a98a-40f1-8be8-bd51e5f01d96" />
    <UnitTestResult executionId="db795d7d-1fc7-45d9-8a06-4bbd28ea2640" testId="b650292d-7608-730d-1109-e36b9cc5667b" testName="Microsoft.AspNetCore.Components.Rendering.RenderTreeBuilderTest.AddComponentParameter_Component_EventCallback_AddsFrame" computerName="pkrvmbietmlfzoi" duration="00:00:00.0016889" startTime="2025-07-02T21:18:24.4000001+00:00" endTime="2025-07-02T21:18:24.4021472+00:00" testType="13cdc9d9-ddb5-4fa4-a97d-d965ccfc6d4b" outcome="Passed" testListId="8c84fa94-04c1-424b-9868-57a2d4851a1d" relativeResultsDirectory="db795d7d-1fc7-45d9-8a06-4bbd28ea2640" />
    <UnitTestResult executionId="c9a74edf-9c05-48f8-bf5d-cf5a0c3eab90" testId="c7186a22-56df-6679-bd7a-5e070fbd5941" testName="Microsoft.AspNetCore.Components.Routing.RouterTest.UsesNotFoundContentIfSpecified" computerName="pkrvmbietmlfzoi" duration="00:00:00.0072623" startTime="2025-07-02T21:18:24.2631722+00:00" endTime="2025-07-02T21:18:24.2701331+00:00" testType="13cdc9d9-ddb5-4fa4-a97d-d965ccfc6d4b" outcome="Passed" testListId="8c84fa94-04c1-424b-9868-57a2d4851a1d" relativeResultsDirectory="c9a74edf-9c05-48f8-bf5d-cf5a0c3eab90" />
    <UnitTestResult executionId="2a1c9110-8a0d-477d-86b7-a193dc083664" testId="c8b608c7-3097-d3d9-2961-baebb1a1cc1e" testName="Microsoft.AspNetCore.Components.ParameterViewTest.CanGetValueOrDefault_WithMultipleMatchingValues" computerName="pkrvmbietmlfzoi" duration="00:00:00.0003064" startTime="2025-07-02T21:18:24.1663066+00:00" endTime="2025-07-02T21:18:24.1663586+00:00" testType="13cdc9d9-ddb5-4fa4-a97d-d965ccfc6d4b" outcome="Passed" testListId="8c84fa94-04c1-424b-9868-57a2d4851a1d" relativeResultsDirectory="2a1c9110-8a0d-477d-86b7-a193dc083664" />
    <UnitTestResult executionId="7b8d34f5-c748-481b-9572-78f789dee80b" testId="adc37a55-3018-40ec-b3ed-4ed7924c463d" testName="Microsoft.AspNetCore.Components.Routing.QueryParameterValueSupplierTest.SuppliesEmptyArrayForArrayTypesIfNotSpecified(query: &quot;?unrelated=123&quot;)" computerName="pkrvmbietmlfzoi" duration="00:00:00.0026603" startTime="2025-07-02T21:18:24.0318059+00:00" endTime="2025-07-02T21:18:24.0336395+00:00" testType="13cdc9d9-ddb5-4fa4-a97d-d965ccfc6d4b" outcome="Passed" testListId="8c84fa94-04c1-424b-9868-57a2d4851a1d" relativeResultsDirectory="7b8d34f5-c748-481b-9572-78f789dee80b" />
    <UnitTestResult executionId="3efd8b1c-0c98-4558-aef3-539fc37ffc18" testId="216e9fac-e2de-b0ba-3476-e578302ac035" testName="Microsoft.AspNetCore.Components.Rendering.RenderTreeBuilderTest.AddAttribute_Component_ObjectAction_SetsAttributeValue" computerName="pkrvmbietmlfzoi" duration="00:00:00.0006625" startTime="2025-07-02T21:18:24.4036219+00:00" endTime="2025-07-02T21:18:24.4037300+00:00" testType="13cdc9d9-ddb5-4fa4-a97d-d965ccfc6d4b" outcome="Passed" testListId="8c84fa94-04c1-424b-9868-57a2d4851a1d" relativeResultsDirectory="3efd8b1c-0c98-4558-aef3-539fc37ffc18" />
    <UnitTestResult executionId="ee6a58b3-ff6c-4760-87b2-9b37fc46b561" testId="63ddb946-cae0-491a-3ac5-3cef15baa68e" testName="Microsoft.AspNetCore.Components.Rendering.RenderTreeBuilderTest.AddAttribute_Component_ObjectStringValue_SetsAttributeValue" computerName="pkrvmbietmlfzoi" duration="00:00:00.0006084" startTime="2025-07-02T21:18:24.4357335+00:00" endTime="2025-07-02T21:18:24.4358027+00:00" testType="13cdc9d9-ddb5-4fa4-a97d-d965ccfc6d4b" outcome="Passed" testListId="8c84fa94-04c1-424b-9868-57a2d4851a1d" relativeResultsDirectory="ee6a58b3-ff6c-4760-87b2-9b37fc46b561" />
    <UnitTestResult executionId="d1e1122d-42d3-4a3a-ba5f-9e87c0592ef0" testId="f0b9b8f1-cb37-1e7a-57a4-826db8b3ce69" testName="Microsoft.AspNetCore.Components.PersistentState.PersistentServicesRegistryTest.PersistStateAsync_PersistsServiceWithComplexState" computerName="pkrvmbietmlfzoi" duration="00:00:00.0226484" startTime="2025-07-02T21:18:24.3878935+00:00" endTime="2025-07-02T21:18:24.4072987+00:00" testType="13cdc9d9-ddb5-4fa4-a97d-d965ccfc6d4b" outcome="Passed" testListId="8c84fa94-04c1-424b-9868-57a2d4851a1d" relativeResultsDirectory="d1e1122d-42d3-4a3a-ba5f-9e87c0592ef0" />
    <UnitTestResult executionId="a6ee4830-1e81-4c67-8cce-7c2508cedf36" testId="1080a8fb-c4f5-1740-e9b9-cd24db7a0bc9" testName="Microsoft.AspNetCore.Components.PersistentStateValueProviderTests.PersistAsync_CanPersistMultipleComponentsOfSameType_SupportsDifferentKeyTypes(componentKey1: 240, componentKey2: 15)" computerName="pkrvmbietmlfzoi" duration="00:00:00.0001466" startTime="2025-07-02T21:18:24.5220043+00:00" endTime="2025-07-02T21:18:24.5220762+00:00" testType="13cdc9d9-ddb5-4fa4-a97d-d965ccfc6d4b" outcome="Passed" testListId="8c84fa94-04c1-424b-9868-57a2d4851a1d" relativeResultsDirectory="a6ee4830-1e81-4c67-8cce-7c2508cedf36" />
    <UnitTestResult executionId="036948a3-59ed-42f5-b8b5-7012037f0513" testId="ea740c46-55ff-040b-d2aa-c02d600745bd" testName="Microsoft.AspNetCore.Components.Routing.QueryParameterValueSupplierTest.RejectsUnparseableValues(key: &quot;NullableBoolVal&quot;, value: &quot;abc&quot;, targetType: typeof(bool?))" computerName="pkrvmbietmlfzoi" duration="00:00:00.0012007" startTime="2025-07-02T21:18:24.1018469+00:00" endTime="2025-07-02T21:18:24.1019610+00:00" testType="13cdc9d9-ddb5-4fa4-a97d-d965ccfc6d4b" outcome="Passed" testListId="8c84fa94-04c1-424b-9868-57a2d4851a1d" relativeResultsDirectory="036948a3-59ed-42f5-b8b5-7012037f0513" />
    <UnitTestResult executionId="b3a471d6-ce8a-483e-990b-dca5406185fc" testId="1d7aadf5-b89e-4339-1fde-0186b7646a6b" testName="Microsoft.AspNetCore.Components.ParameterViewTest.DeclaredParametersVaryOnlyByCase_Throws" computerName="pkrvmbietmlfzoi" duration="00:00:00.0006316" startTime="2025-07-02T21:18:24.0251897+00:00" endTime="2025-07-02T21:18:24.0252898+00:00" testType="13cdc9d9-ddb5-4fa4-a97d-d965ccfc6d4b" outcome="Passed" testListId="8c84fa94-04c1-424b-9868-57a2d4851a1d" relativeResultsDirectory="b3a471d6-ce8a-483e-990b-dca5406185fc" />
    <UnitTestResult executionId="c2c116e2-566d-4198-a1e7-cb7656fa2a7a" testId="ebbeec40-03aa-d53f-99f0-a29f86d53fe3" testName="Microsoft.AspNetCore.Components.EventCallbackFactoryBinderExtensionsTest.CreateBinder_DateTimeOffset" computerName="pkrvmbietmlfzoi" duration="00:00:00.0016726" startTime="2025-07-02T21:18:24.5028594+00:00" endTime="2025-07-02T21:18:24.5031676+00:00" testType="13cdc9d9-ddb5-4fa4-a97d-d965ccfc6d4b" outcome="Passed" testListId="8c84fa94-04c1-424b-9868-57a2d4851a1d" relativeResultsDirectory="c2c116e2-566d-4198-a1e7-cb7656fa2a7a" />
    <UnitTestResult executionId="c4723798-2476-47e7-9519-afc2a03e270b" testId="74489b6f-6a60-3cac-09a1-637aa644b304" testName="Microsoft.AspNetCore.Components.EventCallbackFactoryTest.Create_ActionT_Null" computerName="pkrvmbietmlfzoi" duration="00:00:00.0002887" startTime="2025-07-02T21:18:24.0816356+00:00" endTime="2025-07-02T21:18:24.0820368+00:00" testType="13cdc9d9-ddb5-4fa4-a97d-d965ccfc6d4b" outcome="Passed" testListId="8c84fa94-04c1-424b-9868-57a2d4851a1d" relativeResultsDirectory="c4723798-2476-47e7-9519-afc2a03e270b" />
    <UnitTestResult executionId="7a2b04e7-7bde-439c-8ffc-eb5a925b4d51" testId="cda822f6-4456-727b-bf51-447549fca060" testName="Microsoft.AspNetCore.Components.Test.RendererTest.RenderBatch_CanDisposeSynchronousAsyncDisposableImplementations" computerName="pkrvmbietmlfzoi" duration="00:00:00.0005419" startTime="2025-07-02T21:18:25.8585755+00:00" endTime="2025-07-02T21:18:25.8590664+00:00" testType="13cdc9d9-ddb5-4fa4-a97d-d965ccfc6d4b" outcome="Passed" testListId="8c84fa94-04c1-424b-9868-57a2d4851a1d" relativeResultsDirectory="7a2b04e7-7bde-439c-8ffc-eb5a925b4d51" />
    <UnitTestResult executionId="444c1438-b08e-4c17-ada9-51bb635084a1" testId="343a9c4b-56cf-4c89-e571-a22806aea95e" testName="Microsoft.AspNetCore.Components.Test.LayoutViewTest.GivenContentButNoLayout_RendersContent" computerName="pkrvmbietmlfzoi" duration="00:00:00.0015650" startTime="2025-07-02T21:18:24.4287925+00:00" endTime="2025-07-02T21:18:24.4310124+00:00" testType="13cdc9d9-ddb5-4fa4-a97d-d965ccfc6d4b" outcome="Passed" testListId="8c84fa94-04c1-424b-9868-57a2d4851a1d" relativeResultsDirectory="444c1438-b08e-4c17-ada9-51bb635084a1" />
    <UnitTestResult executionId="5dfccf71-a897-4690-b98f-3a94adfdab8a" testId="7cc66c2f-1389-fe70-0939-361d757d3492" testName="Microsoft.AspNetCore.Components.ComponentStatePersistenceManagerTest.PersistStateAsync_ContinuesInvokingPauseCallbacksDuringPersistIfACallbackThrows" computerName="pkrvmbietmlfzoi" duration="00:00:00.0037995" startTime="2025-07-02T21:18:24.3575591+00:00" endTime="2025-07-02T21:18:24.3621688+00:00" testType="13cdc9d9-ddb5-4fa4-a97d-d965ccfc6d4b" outcome="Passed" testListId="8c84fa94-04c1-424b-9868-57a2d4851a1d" relativeResultsDirectory="5dfccf71-a897-4690-b98f-3a94adfdab8a" />
    <UnitTestResult executionId="34a098b2-d465-4a4c-ac01-7036c2391425" testId="c9975773-7b85-8a44-af72-7766f70d35d2" testName="Microsoft.AspNetCore.Components.Rendering.RenderTreeBuilderTest.AddAttribute_Element_ObjectEventCallbackOfT_Default_DoesNotAddFrame" computerName="pkrvmbietmlfzoi" duration="00:00:00.0003631" startTime="2025-07-02T21:18:24.2973387+00:00" endTime="2025-07-02T21:18:24.2979250+00:00" testType="13cdc9d9-ddb5-4fa4-a97d-d965ccfc6d4b" outcome="Passed" testListId="8c84fa94-04c1-424b-9868-57a2d4851a1d" relativeResultsDirectory="34a098b2-d465-4a4c-ac01-7036c2391425" />
    <UnitTestResult executionId="ad8471bc-ef12-4fe4-b08b-ff0fe1673ab1" testId="e37fc82a-fafc-e05f-c580-cc4b262f3e6b" testName="Microsoft.AspNetCore.Components.NavigationManagerTest.GetUriWithQueryParameter_AppendsWhenParameterDoesNotExist(baseUri: &quot;scheme://host/?age=42&quot;, expectedUri: &quot;scheme://host/?age=42&amp;name=John%20Doe&quot;)" computerName="pkrvmbietmlfzoi" duration="00:00:00.0000193" startTime="2025-07-02T21:18:24.0136113+00:00" endTime="2025-07-02T21:18:24.0137169+00:00" testType="13cdc9d9-ddb5-4fa4-a97d-d965ccfc6d4b" outcome="Passed" testListId="8c84fa94-04c1-424b-9868-57a2d4851a1d" relativeResultsDirectory="ad8471bc-ef12-4fe4-b08b-ff0fe1673ab1" />
    <UnitTestResult executionId="0a85f226-ce3d-4267-9303-55d7efe29b64" testId="25d9ea8d-3f77-8d80-8134-a3304da674d8" testName="Microsoft.AspNetCore.Components.Test.RendererTest.ExceptionThrownFromAttach" computerName="pkrvmbietmlfzoi" duration="00:00:00.0126129" startTime="2025-07-02T21:18:24.1511025+00:00" endTime="2025-07-02T21:18:24.1526641+00:00" testType="13cdc9d9-ddb5-4fa4-a97d-d965ccfc6d4b" outcome="Passed" testListId="8c84fa94-04c1-424b-9868-57a2d4851a1d" relativeResultsDirectory="0a85f226-ce3d-4267-9303-55d7efe29b64" />
    <UnitTestResult executionId="bc207fbc-b23b-420f-82d9-79ad5ca6ed09" testId="b88c0c34-4ca2-6d36-f115-0a0e4f142984" testName="Microsoft.AspNetCore.Components.Rendering.RenderTreeBuilderTest.IgnoresNullComponentKey" computerName="pkrvmbietmlfzoi" duration="00:00:00.0030418" startTime="2025-07-02T21:18:24.1843331+00:00" endTime="2025-07-02T21:18:24.1848433+00:00" testType="13cdc9d9-ddb5-4fa4-a97d-d965ccfc6d4b" outcome="Passed" testListId="8c84fa94-04c1-424b-9868-57a2d4851a1d" relativeResultsDirectory="bc207fbc-b23b-420f-82d9-79ad5ca6ed09" />
    <UnitTestResult executionId="851fedea-2072-410a-aa7c-7b874cd77a69" testId="48ce432d-3a8c-36ef-40cb-40950264d0e0" testName="Microsoft.AspNetCore.Components.Routing.RouteTableFactoryTests.DetectsAmbiguousRoutesNoFalsePositives(left: &quot;/literal/{parameter}&quot;, right: &quot;/Literal/&quot;)" computerName="pkrvmbietmlfzoi" duration="00:00:00.0002662" startTime="2025-07-02T21:18:24.5929742+00:00" endTime="2025-07-02T21:18:24.5930652+00:00" testType="13cdc9d9-ddb5-4fa4-a97d-d965ccfc6d4b" outcome="Passed" testListId="8c84fa94-04c1-424b-9868-57a2d4851a1d" relativeResultsDirectory="851fedea-2072-410a-aa7c-7b874cd77a69" />
    <UnitTestResult executionId="b08ce840-5fa5-4db2-8be5-07916bd9c9f3" testId="3009c012-ecdc-c216-9767-93f5464c9db5" testName="Microsoft.AspNetCore.Components.NavigationManagerTest.GetUriWithQueryParameters_SupportsEnumerableValues(baseUri: &quot;scheme://host/?ping=8&amp;full%20name=Bob%20Joe&amp;ping=3&quot;···, expectedUri: &quot;scheme://host/?ping=35&amp;full%20name=John%20Doe&amp;ping&quot;···)" computerName="pkrvmbietmlfzoi" duration="00:00:00.0100985" startTime="2025-07-02T21:18:23.9572427+00:00" endTime="2025-07-02T21:18:23.9579874+00:00" testType="13cdc9d9-ddb5-4fa4-a97d-d965ccfc6d4b" outcome="Passed" testListId="8c84fa94-04c1-424b-9868-57a2d4851a1d" relativeResultsDirectory="b08ce840-5fa5-4db2-8be5-07916bd9c9f3" />
    <UnitTestResult executionId="08899f1c-cfab-4e4e-b4ef-cacd5e99d1b8" testId="3eaa411e-2e30-6c5c-3ceb-1535b3784fdf" testName="Microsoft.AspNetCore.Components.ParameterViewTest.IncomingParameterMatchesPropertyNotDeclaredAsParameter_Throws" computerName="pkrvmbietmlfzoi" duration="00:00:00.0012761" startTime="2025-07-02T21:18:24.0410861+00:00" endTime="2025-07-02T21:18:24.0411705+00:00" testType="13cdc9d9-ddb5-4fa4-a97d-d965ccfc6d4b" outcome="Passed" testListId="8c84fa94-04c1-424b-9868-57a2d4851a1d" relativeResultsDirectory="08899f1c-cfab-4e4e-b4ef-cacd5e99d1b8" />
    <UnitTestResult executionId="398ed416-85fe-4ecf-9362-e3ba47948a5c" testId="fecbf52a-f700-5648-1517-62af9643fe06" testName="Microsoft.AspNetCore.Components.Test.RendererTest.CanReRenderRootComponentsWithNewParameters" computerName="pkrvmbietmlfzoi" duration="00:00:00.0007055" startTime="2025-07-02T21:18:24.7955871+00:00" endTime="2025-07-02T21:18:24.7956868+00:00" testType="13cdc9d9-ddb5-4fa4-a97d-d965ccfc6d4b" outcome="Passed" testListId="8c84fa94-04c1-424b-9868-57a2d4851a1d" relativeResultsDirectory="398ed416-85fe-4ecf-9362-e3ba47948a5c" />
    <UnitTestResult executionId="ba6ca320-42a0-4a55-87a2-08cf3de93dcb" testId="15678ccf-64e7-2783-8f0a-7b6798d23401" testName="Microsoft.AspNetCore.Components.Test.RenderTreeDiffBuilderTest.RecognizesKeyedComponentMoves" computerName="pkrvmbietmlfzoi" duration="00:00:00.0025144" startTime="2025-07-02T21:18:24.4788765+00:00" endTime="2025-07-02T21:18:24.4827101+00:00" testType="13cdc9d9-ddb5-4fa4-a97d-d965ccfc6d4b" outcome="Passed" testListId="8c84fa94-04c1-424b-9868-57a2d4851a1d" relativeResultsDirectory="ba6ca320-42a0-4a55-87a2-08cf3de93dcb" />
    <UnitTestResult executionId="7f67fc43-bf90-443f-9d2a-982d3313d2c7" testId="7052eae4-3b89-c069-a48e-5b820af28a6a" testName="Microsoft.AspNetCore.Components.Rendering.RenderTreeBuilderTest.CanAddMultipleAttributes_DictionaryObject" computerName="pkrvmbietmlfzoi" duration="00:00:00.0014887" startTime="2025-07-02T21:18:24.2061738+00:00" endTime="2025-07-02T21:18:24.2073125+00:00" testType="13cdc9d9-ddb5-4fa4-a97d-d965ccfc6d4b" outcome="Passed" testListId="8c84fa94-04c1-424b-9868-57a2d4851a1d" relativeResultsDirectory="7f67fc43-bf90-443f-9d2a-982d3313d2c7" />
    <UnitTestResult executionId="c98fbc63-9535-4592-b940-a3f63c4be6cb" testId="84ec3794-ad26-9989-2249-c7a407d234d8" testName="Microsoft.AspNetCore.Components.NavigationManagerTest.GetUriWithQueryParameters_ThrowsWhenAnyParameterNameIsEmpty(baseUri: &quot;scheme://host/?existing-param=test&quot;)" computerName="pkrvmbietmlfzoi" duration="00:00:00.0028763" startTime="2025-07-02T21:18:24.0717105+00:00" endTime="2025-07-02T21:18:24.0727805+00:00" testType="13cdc9d9-ddb5-4fa4-a97d-d965ccfc6d4b" outcome="Passed" testListId="8c84fa94-04c1-424b-9868-57a2d4851a1d" relativeResultsDirectory="c98fbc63-9535-4592-b940-a3f63c4be6cb" />
    <UnitTestResult executionId="221b9848-28bd-420f-a402-9bc5a71e155b" testId="51ccd957-d985-433f-b36c-6d5b994d808c" testName="Microsoft.AspNetCore.Components.EventCallbackTest.EventCallbackOfT_FuncTask_Null" computerName="pkrvmbietmlfzoi" duration="00:00:00.0008128" startTime="2025-07-02T21:18:24.3648395+00:00" endTime="2025-07-02T21:18:24.3657839+00:00" testType="13cdc9d9-ddb5-4fa4-a97d-d965ccfc6d4b" outcome="Passed" testListId="8c84fa94-04c1-424b-9868-57a2d4851a1d" relativeResultsDirectory="221b9848-28bd-420f-a402-9bc5a71e155b" />
    <UnitTestResult executionId="fbbf3147-d899-45b7-a55a-0d314bd762e9" testId="67768116-f076-e001-d8f2-271ba84d3cfa" testName="Microsoft.AspNetCore.Components.Test.RenderTreeDiffBuilderTest.RecognizesAttributeEventHandlerValuesChanged" computerName="pkrvmbietmlfzoi" duration="00:00:00.0179094" startTime="2025-07-02T21:18:24.2165747+00:00" endTime="2025-07-02T21:18:24.2658459+00:00" testType="13cdc9d9-ddb5-4fa4-a97d-d965ccfc6d4b" outcome="Passed" testListId="8c84fa94-04c1-424b-9868-57a2d4851a1d" relativeResultsDirectory="fbbf3147-d899-45b7-a55a-0d314bd762e9" />
    <UnitTestResult executionId="75aa6b08-3fda-4a23-b2b5-af40804e0a6d" testId="3d6324e4-b075-f31e-439d-ba873a83cb0a" testName="Microsoft.AspNetCore.Components.Test.CascadingParameterTest.CascadingValueThrowsIfFixedFlagChangesToTrue" computerName="pkrvmbietmlfzoi" duration="00:00:00.0039986" startTime="2025-07-02T21:18:24.3490968+00:00" endTime="2025-07-02T21:18:24.3545876+00:00" testType="13cdc9d9-ddb5-4fa4-a97d-d965ccfc6d4b" outcome="Passed" testListId="8c84fa94-04c1-424b-9868-57a2d4851a1d" relativeResultsDirectory="75aa6b08-3fda-4a23-b2b5-af40804e0a6d" />
    <UnitTestResult executionId="f67fa248-733c-487d-947c-b0fc81bdd988" testId="658b1943-844d-e105-68ef-805617447f21" testName="Microsoft.AspNetCore.Components.PersistentState.PersistentServicesRegistryTest.PersistStateAsync_PersistsMultipleServicesWithDifferentStates" computerName="pkrvmbietmlfzoi" duration="00:00:00.0424848" startTime="2025-07-02T21:18:24.2773626+00:00" endTime="2025-07-02T21:18:24.3491744+00:00" testType="13cdc9d9-ddb5-4fa4-a97d-d965ccfc6d4b" outcome="Passed" testListId="8c84fa94-04c1-424b-9868-57a2d4851a1d" relativeResultsDirectory="f67fa248-733c-487d-947c-b0fc81bdd988" />
    <UnitTestResult executionId="75f8011d-3f77-4a8a-934f-e9ff43cb244b" testId="a2b10c00-51e6-a608-ee54-89d010179cf7" testName="Microsoft.AspNetCore.Components.Test.RenderTreeDiffBuilderTest.CanAddNewAttributeAtArrayBuilderSizeBoundary" computerName="pkrvmbietmlfzoi" duration="00:00:00.0007248" startTime="2025-07-02T21:18:24.4109493+00:00" endTime="2025-07-02T21:18:24.4111270+00:00" testType="13cdc9d9-ddb5-4fa4-a97d-d965ccfc6d4b" outcome="Passed" testListId="8c84fa94-04c1-424b-9868-57a2d4851a1d" relativeResultsDirectory="75f8011d-3f77-4a8a-934f-e9ff43cb244b" />
    <UnitTestResult executionId="f11667d1-0bc2-4212-92de-34d63179b029" testId="cb666151-ca36-d93c-1816-b59b9f13d583" testName="Microsoft.AspNetCore.Components.EventCallbackTest.EventCallback_ActionT_Arg" computerName="pkrvmbietmlfzoi" duration="00:00:00.0009203" startTime="2025-07-02T21:18:24.3136969+00:00" endTime="2025-07-02T21:18:24.3146412+00:00" testType="13cdc9d9-ddb5-4fa4-a97d-d965ccfc6d4b" outcome="Passed" testListId="8c84fa94-04c1-424b-9868-57a2d4851a1d" relativeResultsDirectory="f11667d1-0bc2-4212-92de-34d63179b029" />
    <UnitTestResult executionId="33d55790-1b63-485f-9891-d9cc60d0ba38" testId="a144a834-f4a0-0a8d-9433-27998d1058a1" testName="Microsoft.AspNetCore.Components.Routing.RouteTableFactoryTests.DetectsAmbiguousRoutesNoFalsePositives(left: &quot;/{parameter}&quot;, right: &quot;/{{parameter}}&quot;)" computerName="pkrvmbietmlfzoi" duration="00:00:00.0003905" startTime="2025-07-02T21:18:24.5912066+00:00" endTime="2025-07-02T21:18:24.5913012+00:00" testType="13cdc9d9-ddb5-4fa4-a97d-d965ccfc6d4b" outcome="Passed" testListId="8c84fa94-04c1-424b-9868-57a2d4851a1d" relativeResultsDirectory="33d55790-1b63-485f-9891-d9cc60d0ba38" />
    <UnitTestResult executionId="0b19e07f-e808-4b03-afcf-f3129c5b4663" testId="a709b858-1241-aff8-5339-04e048214dd5" testName="Microsoft.AspNetCore.Components.CascadingParameterStateTest.FindCascadingParameters_IfHasNoMatchesInAncestors_ReturnsEmpty" computerName="pkrvmbietmlfzoi" duration="00:00:00.0002743" startTime="2025-07-02T21:18:24.4862778+00:00" endTime="2025-07-02T21:18:24.4863757+00:00" testType="13cdc9d9-ddb5-4fa4-a97d-d965ccfc6d4b" outcome="Passed" testListId="8c84fa94-04c1-424b-9868-57a2d4851a1d" relativeResultsDirectory="0b19e07f-e808-4b03-afcf-f3129c5b4663" />
    <UnitTestResult executionId="5e247b72-fb3c-4662-8645-2a78a3fbe474" testId="4917cd25-e71b-1938-7d12-0763a170235e" testName="Microsoft.AspNetCore.Components.NavigationManagerTest.GetUriWithQueryParameter_ThrowsWhenNameIsNullOrEmpty(name: &quot;&quot;)" computerName="pkrvmbietmlfzoi" duration="00:00:00.0001747" startTime="2025-07-02T21:18:24.1596013+00:00" endTime="2025-07-02T21:18:24.1600264+00:00" testType="13cdc9d9-ddb5-4fa4-a97d-d965ccfc6d4b" outcome="Passed" testListId="8c84fa94-04c1-424b-9868-57a2d4851a1d" relativeResultsDirectory="5e247b72-fb3c-4662-8645-2a78a3fbe474" />
    <UnitTestResult executionId="da655849-c396-4cef-be10-fa1ea11ce823" testId="cc930b5f-de32-3dbf-7a94-c0d11614c646" testName="Microsoft.AspNetCore.Components.Routing.RouteKeyTest.RouteKey_Default_Equality" computerName="pkrvmbietmlfzoi" duration="00:00:00.0001364" startTime="2025-07-02T21:18:24.1524080+00:00" endTime="2025-07-02T21:18:24.1525051+00:00" testType="13cdc9d9-ddb5-4fa4-a97d-d965ccfc6d4b" outcome="Passed" testListId="8c84fa94-04c1-424b-9868-57a2d4851a1d" relativeResultsDirectory="da655849-c396-4cef-be10-fa1ea11ce823" />
    <UnitTestResult executionId="d20f9a8c-d4a0-472a-9e6f-4710a5b4ccee" testId="be8fb651-f0db-2481-37f7-dabddb88ecfb" testName="Microsoft.AspNetCore.Components.Test.RenderTreeDiffBuilderTest.AttributeDiff_WithSameSequenceNumber_AttributeRemovedAtStart" computerName="pkrvmbietmlfzoi" duration="00:00:00.0006433" startTime="2025-07-02T21:18:24.4540293+00:00" endTime="2025-07-02T21:18:24.4541905+00:00" testType="13cdc9d9-ddb5-4fa4-a97d-d965ccfc6d4b" outcome="Passed" testListId="8c84fa94-04c1-424b-9868-57a2d4851a1d" relativeResultsDirectory="d20f9a8c-d4a0-472a-9e6f-4710a5b4ccee" />
    <UnitTestResult executionId="c52f4a93-5f4d-4086-8ed9-89701fb0eb91" testId="1080a8fb-c4f5-1740-e9b9-cd24db7a0bc9" testName="Microsoft.AspNetCore.Components.PersistentStateValueProviderTests.PersistAsync_CanPersistMultipleComponentsOfSameType_SupportsDifferentKeyTypes(componentKey1: 42, componentKey2: -42)" computerName="pkrvmbietmlfzoi" duration="00:00:00.0001209" startTime="2025-07-02T21:18:24.5244880+00:00" endTime="2025-07-02T21:18:24.5245984+00:00" testType="13cdc9d9-ddb5-4fa4-a97d-d965ccfc6d4b" outcome="Passed" testListId="8c84fa94-04c1-424b-9868-57a2d4851a1d" relativeResultsDirectory="c52f4a93-5f4d-4086-8ed9-89701fb0eb91" />
    <UnitTestResult executionId="a3c65bbf-b449-449a-a5d1-f0801ac97453" testId="a4d0914a-fd2b-c5b4-8fe4-d39393b75899" testName="Microsoft.AspNetCore.Components.Test.RenderTreeDiffBuilderTest.HandlesKeyBeingAdded" computerName="pkrvmbietmlfzoi" duration="00:00:00.0006045" startTime="2025-07-02T21:18:24.4979286+00:00" endTime="2025-07-02T21:18:24.4980750+00:00" testType="13cdc9d9-ddb5-4fa4-a97d-d965ccfc6d4b" outcome="Passed" testListId="8c84fa94-04c1-424b-9868-57a2d4851a1d" relativeResultsDirectory="a3c65bbf-b449-449a-a5d1-f0801ac97453" />
    <UnitTestResult executionId="68d1a833-5752-4651-a9ac-e6c0c770ac37" testId="0654b257-2c98-6e2a-b721-90035e3a4ed3" testName="Microsoft.AspNetCore.Components.NavigationManagerTest.LocationChangingHandlers_CanCancelTheNavigationSynchronously_BeforeReturning_WhenOneHandlerIsRegistered" computerName="pkrvmbietmlfzoi" duration="00:00:00.0045065" startTime="2025-07-02T21:18:24.1091155+00:00" endTime="2025-07-02T21:18:24.1092181+00:00" testType="13cdc9d9-ddb5-4fa4-a97d-d965ccfc6d4b" outcome="Passed" testListId="8c84fa94-04c1-424b-9868-57a2d4851a1d" relativeResultsDirectory="68d1a833-5752-4651-a9ac-e6c0c770ac37" />
    <UnitTestResult executionId="701b5f8d-9014-4d55-b58a-5923a54de510" testId="b0099555-5384-29c3-792d-dc5199b6490d" testName="Microsoft.AspNetCore.Components.Test.RouteViewTest.UsesNoLayoutIfNoneSetOnPageAndNoDefaultSet" computerName="pkrvmbietmlfzoi" duration="00:00:00.0036266" startTime="2025-07-02T21:18:24.4493976+00:00" endTime="2025-07-02T21:18:24.4523568+00:00" testType="13cdc9d9-ddb5-4fa4-a97d-d965ccfc6d4b" outcome="Passed" testListId="8c84fa94-04c1-424b-9868-57a2d4851a1d" relativeResultsDirectory="701b5f8d-9014-4d55-b58a-5923a54de510" />
    <UnitTestResult executionId="b50c3c77-ff8f-4ce2-8ae8-5fad3ecc887e" testId="d1b803ed-41f9-6daf-3119-a33a83bf72ba" testName="Microsoft.AspNetCore.Components.Test.CascadingParameterTest.DoesNotNotifyDescendantsOfUpdatedCascadingParameterValuesWhenFixed" computerName="pkrvmbietmlfzoi" duration="00:00:00.0012893" startTime="2025-07-02T21:18:24.4309091+00:00" endTime="2025-07-02T21:18:24.4317784+00:00" testType="13cdc9d9-ddb5-4fa4-a97d-d965ccfc6d4b" outcome="Passed" testListId="8c84fa94-04c1-424b-9868-57a2d4851a1d" relativeResultsDirectory="b50c3c77-ff8f-4ce2-8ae8-5fad3ecc887e" />
    <UnitTestResult executionId="ac595b32-9f44-49f4-8790-f96ac1cc899a" testId="2a7a5144-ae6a-53c0-7d6e-36d0260f6539" testName="Microsoft.AspNetCore.Components.EventCallbackTest.EventCallbackOfT_Action_IgnoresArg" computerName="pkrvmbietmlfzoi" duration="00:00:00.0008237" startTime="2025-07-02T21:18:24.3518712+00:00" endTime="2025-07-02T21:18:24.3523457+00:00" testType="13cdc9d9-ddb5-4fa4-a97d-d965ccfc6d4b" outcome="Passed" testListId="8c84fa94-04c1-424b-9868-57a2d4851a1d" relativeResultsDirectory="ac595b32-9f44-49f4-8790-f96ac1cc899a" />
    <UnitTestResult executionId="934fdcda-2269-46f0-8fca-dc8f0024740e" testId="7821208d-102d-ef4d-0f0f-99e896338732" testName="Microsoft.AspNetCore.Components.NavigationManagerTest.Initialize_ThrowsForInvalidBaseRelativePaths(baseUri: &quot;scheme://host/&quot;, absoluteUri: &quot;otherscheme://host/&quot;)" computerName="pkrvmbietmlfzoi" duration="00:00:00.0000436" startTime="2025-07-02T21:18:23.9795315+00:00" endTime="2025-07-02T21:18:23.9796445+00:00" testType="13cdc9d9-ddb5-4fa4-a97d-d965ccfc6d4b" outcome="Passed" testListId="8c84fa94-04c1-424b-9868-57a2d4851a1d" relativeResultsDirectory="934fdcda-2269-46f0-8fca-dc8f0024740e" />
    <UnitTestResult executionId="db9b3cfe-67ac-4c1e-9588-19de01690e9c" testId="a39a4b78-b6bc-882b-6efa-4348532ef8f1" testName="Microsoft.AspNetCore.Components.Test.RendererTest.CanRenderAsyncComponentsWithAsyncChildInit" computerName="pkrvmbietmlfzoi" duration="00:00:00.0018860" startTime="2025-07-02T21:18:24.7428003+00:00" endTime="2025-07-02T21:18:24.7449194+00:00" testType="13cdc9d9-ddb5-4fa4-a97d-d965ccfc6d4b" outcome="Passed" testListId="8c84fa94-04c1-424b-9868-57a2d4851a1d" relativeResultsDirectory="db9b3cfe-67ac-4c1e-9588-19de01690e9c" />
    <UnitTestResult executionId="14b160ad-3cc0-45db-a720-7caaf2cf7d58" testId="c3e840bb-971e-5bd2-3acf-7f44fe050f0a" testName="Microsoft.AspNetCore.Components.NavigationManagerTest.LocationChangingHandlers_CannotCancelTheNavigationAsynchronously_UntilReturning" computerName="pkrvmbietmlfzoi" duration="00:00:00.0024476" startTime="2025-07-02T21:18:24.1738441+00:00" endTime="2025-07-02T21:18:24.1751838+00:00" testType="13cdc9d9-ddb5-4fa4-a97d-d965ccfc6d4b" outcome="Passed" testListId="8c84fa94-04c1-424b-9868-57a2d4851a1d" relativeResultsDirectory="14b160ad-3cc0-45db-a720-7caaf2cf7d58" />
    <UnitTestResult executionId="ba455a92-0d91-4cba-9cde-8173fa9d62aa" testId="b336db5d-f6da-7cab-6086-6339920ab8dc" testName="Microsoft.AspNetCore.Components.Routing.RouteTableFactoryTests.ThrowsForOptionalParametersAndNonOptionalParameters" computerName="pkrvmbietmlfzoi" duration="00:00:00.0006290" startTime="2025-07-02T21:18:24.5696208+00:00" endTime="2025-07-02T21:18:24.5696695+00:00" testType="13cdc9d9-ddb5-4fa4-a97d-d965ccfc6d4b" outcome="Passed" testListId="8c84fa94-04c1-424b-9868-57a2d4851a1d" relativeResultsDirectory="ba455a92-0d91-4cba-9cde-8173fa9d62aa" />
    <UnitTestResult executionId="609f7e37-f785-431e-8102-9d414d5cc6d9" testId="78b75ed4-8429-21f9-9592-505525d763b8" testName="Microsoft.AspNetCore.Components.Test.RendererTest.CannotRemoveNonRootComponentsDirectly" computerName="pkrvmbietmlfzoi" duration="00:00:00.0007795" startTime="2025-07-02T21:18:25.8411209+00:00" endTime="2025-07-02T21:18:25.8411958+00:00" testType="13cdc9d9-ddb5-4fa4-a97d-d965ccfc6d4b" outcome="Passed" testListId="8c84fa94-04c1-424b-9868-57a2d4851a1d" relativeResultsDirectory="609f7e37-f785-431e-8102-9d414d5cc6d9" />
    <UnitTestResult executionId="d27807cd-843f-4ff1-b1b7-c79fab461c1b" testId="fe703ec9-27b6-a4ed-366d-0f45e834770f" testName="Microsoft.AspNetCore.Components.NavigationManagerTest.LocationChangingHandlers_CanCancelTheNavigationSynchronously_WhenMultipleHandlersAreRegistered" computerName="pkrvmbietmlfzoi" duration="00:00:00.0004815" startTime="2025-07-02T21:18:24.0505844+00:00" endTime="2025-07-02T21:18:24.0713727+00:00" testType="13cdc9d9-ddb5-4fa4-a97d-d965ccfc6d4b" outcome="Passed" testListId="8c84fa94-04c1-424b-9868-57a2d4851a1d" relativeResultsDirectory="d27807cd-843f-4ff1-b1b7-c79fab461c1b" />
    <UnitTestResult executionId="31813af3-35b7-4161-95f9-2506dfb41e1f" testId="4d7bffe4-2a22-3aee-6e80-fc4697376ea5" testName="Microsoft.AspNetCore.Components.Test.ComponentBaseTest.DoesNotRenderAfterOnInitAsyncTaskIsCancelled" computerName="pkrvmbietmlfzoi" duration="00:00:00.0163477" startTime="2025-07-02T21:18:24.1060154+00:00" endTime="2025-07-02T21:18:24.1194970+00:00" testType="13cdc9d9-ddb5-4fa4-a97d-d965ccfc6d4b" outcome="Passed" testListId="8c84fa94-04c1-424b-9868-57a2d4851a1d" relativeResultsDirectory="31813af3-35b7-4161-95f9-2506dfb41e1f" />
    <UnitTestResult executionId="ca4e17d1-1e96-4cbc-9f24-9ac786982402" testId="69276199-5bbc-9449-0bf2-f99bf6e1714c" testName="Microsoft.AspNetCore.Components.Test.RendererTest.DisposingRenderer_DisregardsAttemptsToStartMoreRenderBatches" computerName="pkrvmbietmlfzoi" duration="00:00:00.0003109" startTime="2025-07-02T21:18:25.8204092+00:00" endTime="2025-07-02T21:18:25.8207249+00:00" testType="13cdc9d9-ddb5-4fa4-a97d-d965ccfc6d4b" outcome="Passed" testListId="8c84fa94-04c1-424b-9868-57a2d4851a1d" relativeResultsDirectory="ca4e17d1-1e96-4cbc-9f24-9ac786982402" />
    <UnitTestResult executionId="ad0b8084-3cbe-40bd-8819-36e6799c5589" testId="11624a09-d6d0-82b9-3c5b-4336e9420aed" testName="Microsoft.AspNetCore.Components.Routing.RouteTableFactoryTests.DoesNotThrowForNonAmbiguousRoutes(first: &quot;{*catchAll:int}&quot;, second: &quot;{optional?}&quot;)" computerName="pkrvmbietmlfzoi" duration="00:00:00.0003345" startTime="2025-07-02T21:18:24.5128411+00:00" endTime="2025-07-02T21:18:24.5129977+00:00" testType="13cdc9d9-ddb5-4fa4-a97d-d965ccfc6d4b" outcome="Passed" testListId="8c84fa94-04c1-424b-9868-57a2d4851a1d" relativeResultsDirectory="ad0b8084-3cbe-40bd-8819-36e6799c5589" />
    <UnitTestResult executionId="52010566-ec32-494e-93d0-aa521ed1c159" testId="5fcac1c4-42bc-fd3a-a7b7-be9c716c0909" testName="Microsoft.AspNetCore.Components.Test.RenderTreeDiffBuilderTest.RecognizesComponentTypeChangesAtSameSequenceNumber" computerName="pkrvmbietmlfzoi" duration="00:00:00.0018440" startTime="2025-07-02T21:18:24.4648828+00:00" endTime="2025-07-02T21:18:24.4672272+00:00" testType="13cdc9d9-ddb5-4fa4-a97d-d965ccfc6d4b" outcome="Passed" testListId="8c84fa94-04c1-424b-9868-57a2d4851a1d" relativeResultsDirectory="52010566-ec32-494e-93d0-aa521ed1c159" />
    <UnitTestResult executionId="87dae2c5-e48d-42bc-85fe-633a21a3aba7" testId="933a3406-64f7-b6d0-698f-b5a2ef13ba18" testName="Microsoft.AspNetCore.Components.DynamicComponentTest.CanRenderComponentByType" computerName="pkrvmbietmlfzoi" duration="00:00:00.0022946" startTime="2025-07-02T21:18:24.3113590+00:00" endTime="2025-07-02T21:18:24.3153893+00:00" testType="13cdc9d9-ddb5-4fa4-a97d-d965ccfc6d4b" outcome="Passed" testListId="8c84fa94-04c1-424b-9868-57a2d4851a1d" relativeResultsDirectory="87dae2c5-e48d-42bc-85fe-633a21a3aba7" />
    <UnitTestResult executionId="8ee664a6-47d4-434a-b2c7-340524780942" testId="44952ada-cc58-51d3-c651-3f4752ba8f48" testName="Microsoft.AspNetCore.Components.EventCallbackFactoryTest.Create_Action_DifferentReceiver" computerName="pkrvmbietmlfzoi" duration="00:00:00.0001611" startTime="2025-07-02T21:18:24.0916557+00:00" endTime="2025-07-02T21:18:24.0917513+00:00" testType="13cdc9d9-ddb5-4fa4-a97d-d965ccfc6d4b" outcome="Passed" testListId="8c84fa94-04c1-424b-9868-57a2d4851a1d" relativeResultsDirectory="8ee664a6-47d4-434a-b2c7-340524780942" />
    <UnitTestResult executionId="1ec2c3eb-1b8b-445d-848c-94a6df6ef67f" testId="cd43612f-be33-d954-48bd-96e6f5b4c881" testName="Microsoft.AspNetCore.Components.CascadingParameterStateTest.FindCascadingParameters_IfHasPartialMatchesInAncestors_ReturnsMatches" computerName="pkrvmbietmlfzoi" duration="00:00:00.0027410" startTime="2025-07-02T21:18:24.4689741+00:00" endTime="2025-07-02T21:18:24.4705951+00:00" testType="13cdc9d9-ddb5-4fa4-a97d-d965ccfc6d4b" outcome="Passed" testListId="8c84fa94-04c1-424b-9868-57a2d4851a1d" relativeResultsDirectory="1ec2c3eb-1b8b-445d-848c-94a6df6ef67f" />
    <UnitTestResult executionId="c7c96e4e-78ba-4fad-8774-49605750eb95" testId="664cc316-db1b-441b-8afe-c25d90e05374" testName="Microsoft.AspNetCore.Components.ParameterViewTest.FromDictionary_CanBeInitializedWithEmptyDictionary" computerName="pkrvmbietmlfzoi" duration="00:00:00.0016441" startTime="2025-07-02T21:18:24.0146646+00:00" endTime="2025-07-02T21:18:24.0147626+00:00" testType="13cdc9d9-ddb5-4fa4-a97d-d965ccfc6d4b" outcome="Passed" testListId="8c84fa94-04c1-424b-9868-57a2d4851a1d" relativeResultsDirectory="c7c96e4e-78ba-4fad-8774-49605750eb95" />
    <UnitTestResult executionId="8aba088a-e2a9-4aab-93b3-2be7b775c089" testId="d460b2f2-436c-207f-5459-a69c88d875e5" testName="Microsoft.AspNetCore.Components.Routing.RouteTableFactoryTests.DoesNotMatchIfDifferentNumberOfSegments(path: &quot;/some&quot;)" computerName="pkrvmbietmlfzoi" duration="00:00:00.0005532" startTime="2025-07-02T21:18:24.5826413+00:00" endTime="2025-07-02T21:18:24.5827368+00:00" testType="13cdc9d9-ddb5-4fa4-a97d-d965ccfc6d4b" outcome="Passed" testListId="8c84fa94-04c1-424b-9868-57a2d4851a1d" relativeResultsDirectory="8aba088a-e2a9-4aab-93b3-2be7b775c089" />
    <UnitTestResult executionId="9c05b5c7-fcb6-41d2-aaac-054e60c857ab" testId="733827a3-0c42-f54e-39ac-687f767b99f8" testName="Microsoft.AspNetCore.Components.Routing.RouteTableFactoryTests.CanMatchCatchAllParametersWithConstraints" computerName="pkrvmbietmlfzoi" duration="00:00:00.0010000" startTime="2025-07-02T21:18:24.5893773+00:00" endTime="2025-07-02T21:18:24.5894173+00:00" testType="13cdc9d9-ddb5-4fa4-a97d-d965ccfc6d4b" outcome="NotExecuted" testListId="8c84fa94-04c1-424b-9868-57a2d4851a1d" relativeResultsDirectory="9c05b5c7-fcb6-41d2-aaac-054e60c857ab">
      <Output>
        <ErrorInfo>
          <Message>Matching on a per segment basis in ASP.NET is not supported for catch-alls</Message>
        </ErrorInfo>
      </Output>
    </UnitTestResult>
    <UnitTestResult executionId="b4739cda-618c-4d59-9e31-0fe9920f2a52" testId="1ff02200-35f6-0b8a-ae2f-39953dccfcf1" testName="Microsoft.AspNetCore.Components.ResourceAssetCollectionTest.ResolvingNonExistentResourceReturnsSameUrl" computerName="pkrvmbietmlfzoi" duration="00:00:00.0002667" startTime="2025-07-02T21:18:24.1063834+00:00" endTime="2025-07-02T21:18:24.1065102+00:00" testType="13cdc9d9-ddb5-4fa4-a97d-d965ccfc6d4b" outcome="Passed" testListId="8c84fa94-04c1-424b-9868-57a2d4851a1d" relativeResultsDirectory="b4739cda-618c-4d59-9e31-0fe9920f2a52" />
    <UnitTestResult executionId="ff17a236-cb6e-4587-9085-62591a6caec9" testId="a1966e14-6367-baf1-7df0-add3f329d6ee" testName="Microsoft.AspNetCore.Components.Test.RendererTest.ExceptionsThrownAsynchronouslyDuringFirstRenderCanBeHandled" computerName="pkrvmbietmlfzoi" duration="00:00:00.0017056" startTime="2025-07-02T21:18:25.8463966+00:00" endTime="2025-07-02T21:18:25.8483732+00:00" testType="13cdc9d9-ddb5-4fa4-a97d-d965ccfc6d4b" outcome="Passed" testListId="8c84fa94-04c1-424b-9868-57a2d4851a1d" relativeResultsDirectory="ff17a236-cb6e-4587-9085-62591a6caec9" />
    <UnitTestResult executionId="b93d0cc1-80e4-47dc-a6f8-92042a97fe3d" testId="e2e25697-2304-4ccf-7dd2-dfd8a53841fd" testName="Microsoft.AspNetCore.Components.Rendering.RenderTreeBuilderTest.AddAttribute_Element_StringNull_IgnoresFrame" computerName="pkrvmbietmlfzoi" duration="00:00:00.0003214" startTime="2025-07-02T21:18:24.4183812+00:00" endTime="2025-07-02T21:18:24.4185211+00:00" testType="13cdc9d9-ddb5-4fa4-a97d-d965ccfc6d4b" outcome="Passed" testListId="8c84fa94-04c1-424b-9868-57a2d4851a1d" relativeResultsDirectory="b93d0cc1-80e4-47dc-a6f8-92042a97fe3d" />
    <UnitTestResult executionId="0ae3c1b4-20c9-4779-85f0-67fc3d39145c" testId="ce6a4ff5-99af-bd62-d0d2-6fcb7690b6ab" testName="Microsoft.AspNetCore.Components.Test.RenderTreeDiffBuilderTest.CanChangeFrameTypeWithMatchingSequenceNumber" computerName="pkrvmbietmlfzoi" duration="00:00:00.0018895" startTime="2025-07-02T21:18:24.4929095+00:00" endTime="2025-07-02T21:18:24.4955401+00:00" testType="13cdc9d9-ddb5-4fa4-a97d-d965ccfc6d4b" outcome="Passed" testListId="8c84fa94-04c1-424b-9868-57a2d4851a1d" relativeResultsDirectory="0ae3c1b4-20c9-4779-85f0-67fc3d39145c" />
    <UnitTestResult executionId="657ee338-53c4-4e9f-8aeb-a159d3816578" testId="f269b2ff-cf72-e8a5-816a-3d76032f18f3" testName="Microsoft.AspNetCore.Components.ComponentsActivitySourceTest.CaptureEventStopAsync_FailsActivityOnException" computerName="pkrvmbietmlfzoi" duration="00:00:00.0017304" startTime="2025-07-02T21:18:23.9837030+00:00" endTime="2025-07-02T21:18:23.9841872+00:00" testType="13cdc9d9-ddb5-4fa4-a97d-d965ccfc6d4b" outcome="Passed" testListId="8c84fa94-04c1-424b-9868-57a2d4851a1d" relativeResultsDirectory="657ee338-53c4-4e9f-8aeb-a159d3816578" />
    <UnitTestResult executionId="f46f8cea-c48a-41f7-8bca-d4d4f5a85347" testId="0a0b7cc3-ab82-d686-c852-682f38411a59" testName="Microsoft.AspNetCore.Components.EventCallbackFactoryBinderExtensionsTest.CreateBinder_GenericWithoutTypeConverter_Throws" computerName="pkrvmbietmlfzoi" duration="00:00:00.0149095" startTime="2025-07-02T21:18:24.4643732+00:00" endTime="2025-07-02T21:18:24.4747506+00:00" testType="13cdc9d9-ddb5-4fa4-a97d-d965ccfc6d4b" outcome="Passed" testListId="8c84fa94-04c1-424b-9868-57a2d4851a1d" relativeResultsDirectory="f46f8cea-c48a-41f7-8bca-d4d4f5a85347" />
    <UnitTestResult executionId="bc2109a7-9e8b-45f0-a7e8-e4b8aeb2c826" testId="3b6631f8-8bd0-ec75-5602-eb1173cdb6a6" testName="Microsoft.AspNetCore.Components.ParameterViewTest.HasRemovedDirectParameters_ParametersSwapped" computerName="pkrvmbietmlfzoi" duration="00:00:00.0008819" startTime="2025-07-02T21:18:23.9763509+00:00" endTime="2025-07-02T21:18:23.9764881+00:00" testType="13cdc9d9-ddb5-4fa4-a97d-d965ccfc6d4b" outcome="Passed" testListId="8c84fa94-04c1-424b-9868-57a2d4851a1d" relativeResultsDirectory="bc2109a7-9e8b-45f0-a7e8-e4b8aeb2c826" />
    <UnitTestResult executionId="5fc49720-1022-4272-a710-0954064623c4" testId="87911d36-ce25-2f66-8630-531a2f59fcc7" testName="Microsoft.AspNetCore.Components.Routing.RouteTableFactoryTests.CanMatchCatchAllParameterTemplate(path: &quot;/blog/value1&quot;, expectedValue: &quot;value1&quot;)" computerName="pkrvmbietmlfzoi" duration="00:00:00.0005090" startTime="2025-07-02T21:18:24.5543509+00:00" endTime="2025-07-02T21:18:24.5544765+00:00" testType="13cdc9d9-ddb5-4fa4-a97d-d965ccfc6d4b" outcome="Passed" testListId="8c84fa94-04c1-424b-9868-57a2d4851a1d" relativeResultsDirectory="5fc49720-1022-4272-a710-0954064623c4" />
    <UnitTestResult executionId="5d69e777-1754-46c9-adcb-52107fd4db3f" testId="683ec77b-946e-dd93-a0e4-b34828a13580" testName="Microsoft.AspNetCore.Components.ParameterViewTest.IncomingParameterMatchesOverriddenParameter_ThatDoesNotHaveAttribute" computerName="pkrvmbietmlfzoi" duration="00:00:00.0013672" startTime="2025-07-02T21:18:24.0197701+00:00" endTime="2025-07-02T21:18:24.0198569+00:00" testType="13cdc9d9-ddb5-4fa4-a97d-d965ccfc6d4b" outcome="Passed" testListId="8c84fa94-04c1-424b-9868-57a2d4851a1d" relativeResultsDirectory="5d69e777-1754-46c9-adcb-52107fd4db3f" />
    <UnitTestResult executionId="e4b5315c-d6bc-41e7-9ea2-3cb808ecdfda" testId="af1df511-6986-4016-c659-009b19ac4412" testName="Microsoft.AspNetCore.Components.Routing.RouteTableFactoryTests.DoesNotMatchIfConstraintDoesNotMatch(template: &quot;/{value:double}&quot;, contextUrl: &quot;/0.1.2&quot;)" computerName="pkrvmbietmlfzoi" duration="00:00:00.0002310" startTime="2025-07-02T21:18:24.5749199+00:00" endTime="2025-07-02T21:18:24.5750174+00:00" testType="13cdc9d9-ddb5-4fa4-a97d-d965ccfc6d4b" outcome="Passed" testListId="8c84fa94-04c1-424b-9868-57a2d4851a1d" relativeResultsDirectory="e4b5315c-d6bc-41e7-9ea2-3cb808ecdfda" />
    <UnitTestResult executionId="59fafea6-ea34-4222-8766-035cd638e29f" testId="cf549936-52a3-4b21-d1d1-628304e30406" testName="Microsoft.AspNetCore.Components.EventCallbackTest.EventCallbackOfT_Default" computerName="pkrvmbietmlfzoi" duration="00:00:00.0039698" startTime="2025-07-02T21:18:24.3550402+00:00" endTime="2025-07-02T21:18:24.3595299+00:00" testType="13cdc9d9-ddb5-4fa4-a97d-d965ccfc6d4b" outcome="Passed" testListId="8c84fa94-04c1-424b-9868-57a2d4851a1d" relativeResultsDirectory="59fafea6-ea34-4222-8766-035cd638e29f" />
    <UnitTestResult executionId="433bf45d-ef0a-4dc2-b181-c131b1c951fc" testId="09bc19cc-a6c7-1d3e-9533-163f4c777c4e" testName="Microsoft.AspNetCore.Components.Routing.RouteTableFactoryTests.OptionalParameterPlusCatchAllRoute(template: &quot;prefix/{parameter?}/{*catchAll}&quot;, path: &quot;/prefix/&quot;, parameterValue: null, catchAllValue: null)" computerName="pkrvmbietmlfzoi" duration="00:00:00.0003615" startTime="2025-07-02T21:18:24.5556386+00:00" endTime="2025-07-02T21:18:24.5557378+00:00" testType="13cdc9d9-ddb5-4fa4-a97d-d965ccfc6d4b" outcome="Passed" testListId="8c84fa94-04c1-424b-9868-57a2d4851a1d" relativeResultsDirectory="433bf45d-ef0a-4dc2-b181-c131b1c951fc" />
    <UnitTestResult executionId="d48ea9b0-a9e7-4d67-920b-53e3604acf5d" testId="87aee4de-60af-df63-f6e2-483edabc57aa" testName="Microsoft.AspNetCore.Components.Routing.RouteTableFactoryTests.DoesNotMatchIfConstraintDoesNotMatch(template: &quot;/{value:float}&quot;, contextUrl: &quot;/0.1.2&quot;)" computerName="pkrvmbietmlfzoi" duration="00:00:00.0003218" startTime="2025-07-02T21:18:24.5724177+00:00" endTime="2025-07-02T21:18:24.5725396+00:00" testType="13cdc9d9-ddb5-4fa4-a97d-d965ccfc6d4b" outcome="Passed" testListId="8c84fa94-04c1-424b-9868-57a2d4851a1d" relativeResultsDirectory="d48ea9b0-a9e7-4d67-920b-53e3604acf5d" />
    <UnitTestResult executionId="ade774d3-65f3-402f-ae75-afb41c95f094" testId="1f928e90-867b-a003-40e0-af24427d476e" testName="Microsoft.AspNetCore.Components.BindConverterTest.FormatValue_Enum_OutOfRange" computerName="pkrvmbietmlfzoi" duration="00:00:00.0054948" startTime="2025-07-02T21:18:24.2687441+00:00" endTime="2025-07-02T21:18:24.2689901+00:00" testType="13cdc9d9-ddb5-4fa4-a97d-d965ccfc6d4b" outcome="Passed" testListId="8c84fa94-04c1-424b-9868-57a2d4851a1d" relativeResultsDirectory="ade774d3-65f3-402f-ae75-afb41c95f094" />
    <UnitTestResult executionId="6a964855-bd06-4fbd-9ad8-d77f93b30fd5" testId="cb7fed50-429e-e286-8103-d78be0428651" testName="Microsoft.AspNetCore.Components.Rendering.RenderTreeBuilderTest.CannotAddComponentParameterToText" computerName="pkrvmbietmlfzoi" duration="00:00:00.0003330" startTime="2025-07-02T21:18:24.1893352+00:00" endTime="2025-07-02T21:18:24.1900789+00:00" testType="13cdc9d9-ddb5-4fa4-a97d-d965ccfc6d4b" outcome="Passed" testListId="8c84fa94-04c1-424b-9868-57a2d4851a1d" relativeResultsDirectory="6a964855-bd06-4fbd-9ad8-d77f93b30fd5" />
    <UnitTestResult executionId="4d0de3a5-3c2d-4a03-a3f7-408103debf2a" testId="dfd6b9f7-9d36-2422-babe-d9d6b4816af1" testName="Microsoft.AspNetCore.Components.ComponentApplicationStateTest.PersistAsJson_NullValueAsync" computerName="pkrvmbietmlfzoi" duration="00:00:00.0002299" startTime="2025-07-02T21:18:24.1822211+00:00" endTime="2025-07-02T21:18:24.1823694+00:00" testType="13cdc9d9-ddb5-4fa4-a97d-d965ccfc6d4b" outcome="Passed" testListId="8c84fa94-04c1-424b-9868-57a2d4851a1d" relativeResultsDirectory="4d0de3a5-3c2d-4a03-a3f7-408103debf2a" />
    <UnitTestResult executionId="a7ec22d8-8882-4ac2-974f-8ccf4c504cde" testId="1094b05a-c72e-1463-9b80-0a4701a83541" testName="Microsoft.AspNetCore.Components.Test.RendererTest.CannotAccessParameterViewAfterSynchronousReturn" computerName="pkrvmbietmlfzoi" duration="00:00:00.0021166" startTime="2025-07-02T21:18:24.7474187+00:00" endTime="2025-07-02T21:18:24.7481022+00:00" testType="13cdc9d9-ddb5-4fa4-a97d-d965ccfc6d4b" outcome="Passed" testListId="8c84fa94-04c1-424b-9868-57a2d4851a1d" relativeResultsDirectory="a7ec22d8-8882-4ac2-974f-8ccf4c504cde" />
    <UnitTestResult executionId="82c7a9cd-17f4-4567-8972-72319f9f1e79" testId="bd9d6bfc-12a0-dcd7-3d5c-9eb15f677bf4" testName="Microsoft.AspNetCore.Components.Rendering.RenderTreeBuilderTest.AddAttribute_Element_NullAction_IgnoresFrame" computerName="pkrvmbietmlfzoi" duration="00:00:00.0003613" startTime="2025-07-02T21:18:24.3774626+00:00" endTime="2025-07-02T21:18:24.3775735+00:00" testType="13cdc9d9-ddb5-4fa4-a97d-d965ccfc6d4b" outcome="Passed" testListId="8c84fa94-04c1-424b-9868-57a2d4851a1d" relativeResultsDirectory="82c7a9cd-17f4-4567-8972-72319f9f1e79" />
    <UnitTestResult executionId="e55fde80-c077-4519-976d-85ff6c4a4f3b" testId="c7b5f0c0-c409-93a6-a5b6-ade3fce2ad11" testName="Microsoft.AspNetCore.Components.NavigationManagerTest.LocationChangingHandlers_CanContinueTheNavigationAsynchronously_WhenOneHandlerIsRegistered" computerName="pkrvmbietmlfzoi" duration="00:00:00.0023968" startTime="2025-07-02T21:18:24.1707453+00:00" endTime="2025-07-02T21:18:24.1735781+00:00" testType="13cdc9d9-ddb5-4fa4-a97d-d965ccfc6d4b" outcome="Passed" testListId="8c84fa94-04c1-424b-9868-57a2d4851a1d" relativeResultsDirectory="e55fde80-c077-4519-976d-85ff6c4a4f3b" />
    <UnitTestResult executionId="d6776f3a-0e75-4a66-8057-73b538c023f2" testId="bb892bb2-eeca-3757-fd24-3801e2ec3e5e" testName="Microsoft.AspNetCore.Components.Rendering.RenderTreeBuilderTest.CanAddMultipleAttributes_InterspersedWithOtherAttributes" computerName="pkrvmbietmlfzoi" duration="00:00:00.0113752" startTime="2025-07-02T21:18:24.4065538+00:00" endTime="2025-07-02T21:18:24.4101676+00:00" testType="13cdc9d9-ddb5-4fa4-a97d-d965ccfc6d4b" outcome="Passed" testListId="8c84fa94-04c1-424b-9868-57a2d4851a1d" relativeResultsDirectory="d6776f3a-0e75-4a66-8057-73b538c023f2" />
    <UnitTestResult executionId="2750176e-46c9-4a3d-b4d6-31c8cbc90522" testId="fa0c4b80-5b9e-c7ae-fe8b-263a9286d40b" testName="Microsoft.AspNetCore.Components.Rendering.RenderTreeBuilderTest.AddAttribute_Element_BoolTrue_AddsFrame" computerName="pkrvmbietmlfzoi" duration="00:00:00.0007940" startTime="2025-07-02T21:18:24.2199064+00:00" endTime="2025-07-02T21:18:24.2199553+00:00" testType="13cdc9d9-ddb5-4fa4-a97d-d965ccfc6d4b" outcome="Passed" testListId="8c84fa94-04c1-424b-9868-57a2d4851a1d" relativeResultsDirectory="2750176e-46c9-4a3d-b4d6-31c8cbc90522" />
    <UnitTestResult executionId="6b8d91d9-f35c-44c6-8a95-2064f85d9035" testId="f0f2cf6e-e91d-d6e3-e39e-345b40bd28a5" testName="Microsoft.AspNetCore.Components.ComponentStatePersistenceManagerTest.RestoreStateAsync_ThrowsOnDoubleInitialization" computerName="pkrvmbietmlfzoi" duration="00:00:00.0094133" startTime="2025-07-02T21:18:24.2237906+00:00" endTime="2025-07-02T21:18:24.2481586+00:00" testType="13cdc9d9-ddb5-4fa4-a97d-d965ccfc6d4b" outcome="Passed" testListId="8c84fa94-04c1-424b-9868-57a2d4851a1d" relativeResultsDirectory="6b8d91d9-f35c-44c6-8a95-2064f85d9035" />
    <UnitTestResult executionId="8dd0c157-f006-4370-9ad7-5ec7092b3670" testId="c5f2250f-29c1-c03e-6f58-08ea480d74e6" testName="Microsoft.AspNetCore.Components.Test.DependencyInjectionTest.IgnoresStaticProperties" computerName="pkrvmbietmlfzoi" duration="00:00:00.0052358" startTime="2025-07-02T21:18:24.1175768+00:00" endTime="2025-07-02T21:18:24.1176964+00:00" testType="13cdc9d9-ddb5-4fa4-a97d-d965ccfc6d4b" outcome="Passed" testListId="8c84fa94-04c1-424b-9868-57a2d4851a1d" relativeResultsDirectory="8dd0c157-f006-4370-9ad7-5ec7092b3670" />
    <UnitTestResult executionId="5f77d1d1-301d-4e31-8b46-6895921f7372" testId="f28f2a6c-fe4a-fdeb-0a10-f738e162e835" testName="Microsoft.AspNetCore.Components.Test.RendererTest.DispatchEventAsync_Delegate_AsynchronousCancellation" computerName="pkrvmbietmlfzoi" duration="00:00:00.0124548" startTime="2025-07-02T21:18:24.5325332+00:00" endTime="2025-07-02T21:18:24.5391454+00:00" testType="13cdc9d9-ddb5-4fa4-a97d-d965ccfc6d4b" outcome="Passed" testListId="8c84fa94-04c1-424b-9868-57a2d4851a1d" relativeResultsDirectory="5f77d1d1-301d-4e31-8b46-6895921f7372" />
    <UnitTestResult executionId="91f62fe5-20fa-4bf0-b61a-ab66ec186bd8" testId="374fc6a1-5637-e8a3-5147-97e7fdba7d9c" testName="Microsoft.AspNetCore.Components.Routing.RouteTableFactoryTests.CanMatchParameterTemplate(path: &quot;/d%C3%A9j%C3%A0%20vu&quot;, expectedValue: &quot;déjà vu&quot;)" computerName="pkrvmbietmlfzoi" duration="00:00:00.0003486" startTime="2025-07-02T21:18:24.5856747+00:00" endTime="2025-07-02T21:18:24.5857723+00:00" testType="13cdc9d9-ddb5-4fa4-a97d-d965ccfc6d4b" outcome="Passed" testListId="8c84fa94-04c1-424b-9868-57a2d4851a1d" relativeResultsDirectory="91f62fe5-20fa-4bf0-b61a-ab66ec186bd8" />
    <UnitTestResult executionId="0fef83c2-2401-47ad-af96-ab026d9439cc" testId="86e00b5d-e70a-46ac-749b-1f80006e6df7" testName="Microsoft.AspNetCore.Components.Routing.RoutePatternParserTests.ParseRouteParameter_ThrowsIf_ParameterContainsSpecialCharacters(template: &quot;{=}&quot;, expectedMessage: &quot;The route parameter name '=' is invalid. Route par&quot;···)" computerName="pkrvmbietmlfzoi" duration="00:00:00.0010000" startTime="2025-07-02T21:18:24.2414303+00:00" endTime="2025-07-02T21:18:24.2415558+00:00" testType="13cdc9d9-ddb5-4fa4-a97d-d965ccfc6d4b" outcome="NotExecuted" testListId="8c84fa94-04c1-424b-9868-57a2d4851a1d" relativeResultsDirectory="0fef83c2-2401-47ad-af96-ab026d9439cc">
      <Output>
        <ErrorInfo>
          <Message>{=} is allowed</Message>
        </ErrorInfo>
      </Output>
    </UnitTestResult>
    <UnitTestResult executionId="0056f515-9498-405a-bf8f-47967dc76559" testId="04eaae18-b0fd-9865-13a1-eec2c40b7d89" testName="Microsoft.AspNetCore.Components.Test.RendererTest.SetParametersAsyncExceptionsCanBeHandledByClosestErrorBoundary_Async" computerName="pkrvmbietmlfzoi" duration="00:00:00.0028612" startTime="2025-07-02T21:18:24.7304613+00:00" endTime="2025-07-02T21:18:24.7323497+00:00" testType="13cdc9d9-ddb5-4fa4-a97d-d965ccfc6d4b" outcome="Passed" testListId="8c84fa94-04c1-424b-9868-57a2d4851a1d" relativeResultsDirectory="0056f515-9498-405a-bf8f-47967dc76559" />
    <UnitTestResult executionId="f0fef083-7c38-46c7-b80c-9381d12eb706" testId="1080a8fb-c4f5-1740-e9b9-cd24db7a0bc9" testName="Microsoft.AspNetCore.Components.PersistentStateValueProviderTests.PersistAsync_CanPersistMultipleComponentsOfSameType_SupportsDifferentKeyTypes(componentKey1: 2023-01-01T00:00:00.0000000, componentKey2: 2023-12-31T00:00:00.0000000)" computerName="pkrvmbietmlfzoi" duration="00:00:00.0010324" startTime="2025-07-02T21:18:24.5293676+00:00" endTime="2025-07-02T21:18:24.5301104+00:00" testType="13cdc9d9-ddb5-4fa4-a97d-d965ccfc6d4b" outcome="Passed" testListId="8c84fa94-04c1-424b-9868-57a2d4851a1d" relativeResultsDirectory="f0fef083-7c38-46c7-b80c-9381d12eb706" />
    <UnitTestResult executionId="c8fd90d5-01f4-4992-b19e-a41b217dd3d6" testId="2ebc00b9-91b7-bb71-2558-ae98f538fcea" testName="Microsoft.AspNetCore.Components.Routing.RouteTableFactoryTests.DoesNotThrowForNonAmbiguousRoutes(first: &quot;{optional?}&quot;, second: &quot;{optional:int?}&quot;)" computerName="pkrvmbietmlfzoi" duration="00:00:00.0004994" startTime="2025-07-02T21:18:24.5086467+00:00" endTime="2025-07-02T21:18:24.5090940+00:00" testType="13cdc9d9-ddb5-4fa4-a97d-d965ccfc6d4b" outcome="Passed" testListId="8c84fa94-04c1-424b-9868-57a2d4851a1d" relativeResultsDirectory="c8fd90d5-01f4-4992-b19e-a41b217dd3d6" />
    <UnitTestResult executionId="e897cfd5-fdfa-43ab-bf19-7e5920c69b2a" testId="a104a9d0-b4e9-9ca0-b603-eed356ac123f" testName="Microsoft.AspNetCore.Components.Test.RenderTreeDiffBuilderTest.PreservesEventHandlerIdsForRetainedEventHandlers" computerName="pkrvmbietmlfzoi" duration="00:00:00.0005094" startTime="2025-07-02T21:18:24.4829541+00:00" endTime="2025-07-02T21:18:24.4845804+00:00" testType="13cdc9d9-ddb5-4fa4-a97d-d965ccfc6d4b" outcome="Passed" testListId="8c84fa94-04c1-424b-9868-57a2d4851a1d" relativeResultsDirectory="e897cfd5-fdfa-43ab-bf19-7e5920c69b2a" />
    <UnitTestResult executionId="9e3d6e9e-2b06-49ad-88d8-de6f9d5e193f" testId="691c279d-31ce-a913-a582-b67e5b670a03" testName="Microsoft.AspNetCore.Components.Rendering.RenderTreeBuilderTest.AddAttribute_Component_ObjectUIEventHandleValue_SetsAttributeValue" computerName="pkrvmbietmlfzoi" duration="00:00:00.0005719" startTime="2025-07-02T21:18:24.2996678+00:00" endTime="2025-07-02T21:18:24.3019047+00:00" testType="13cdc9d9-ddb5-4fa4-a97d-d965ccfc6d4b" outcome="Passed" testListId="8c84fa94-04c1-424b-9868-57a2d4851a1d" relativeResultsDirectory="9e3d6e9e-2b06-49ad-88d8-de6f9d5e193f" />
    <UnitTestResult executionId="39ad569e-9e77-4596-89a3-fefb113f4bc6" testId="bab04e10-c94b-9238-d16e-331a49cba8a1" testName="Microsoft.AspNetCore.Components.BindConverterTest.TryConvertTo_Guid_Invalid(incomingValue: &quot;invalidguid&quot;)" computerName="pkrvmbietmlfzoi" duration="00:00:00.0000174" startTime="2025-07-02T21:18:24.2253619+00:00" endTime="2025-07-02T21:18:24.2254974+00:00" testType="13cdc9d9-ddb5-4fa4-a97d-d965ccfc6d4b" outcome="Passed" testListId="8c84fa94-04c1-424b-9868-57a2d4851a1d" relativeResultsDirectory="39ad569e-9e77-4596-89a3-fefb113f4bc6" />
    <UnitTestResult executionId="96d013e0-14c1-4879-a7db-61ce846c0a94" testId="16a3a029-2253-a7fb-b931-957fa142a5f8" testName="Microsoft.AspNetCore.Components.Routing.RoutePatternParserTests.InvalidTemplate_WithMismatchedBraces(template: &quot;Literal/{p&quot;, expectedMessage: &quot;There is an incomplete parameter in the route temp&quot;···)" computerName="pkrvmbietmlfzoi" duration="00:00:00.0003286" startTime="2025-07-02T21:18:24.2472913+00:00" endTime="2025-07-02T21:18:24.2478466+00:00" testType="13cdc9d9-ddb5-4fa4-a97d-d965ccfc6d4b" outcome="Passed" testListId="8c84fa94-04c1-424b-9868-57a2d4851a1d" relativeResultsDirectory="96d013e0-14c1-4879-a7db-61ce846c0a94" />
    <UnitTestResult executionId="b59f16ec-2674-4235-9a92-85ac950e11ee" testId="b3592a3a-da3c-9af8-ea55-3f9f51b527c1" testName="Microsoft.AspNetCore.Components.Rendering.RendererSynchronizationContextTest.InvokeAsync_FuncTaskT_CanRethrowExceptions" computerName="pkrvmbietmlfzoi" duration="00:00:00.0013263" startTime="2025-07-02T21:18:24.6443014+00:00" endTime="2025-07-02T21:18:24.6444285+00:00" testType="13cdc9d9-ddb5-4fa4-a97d-d965ccfc6d4b" outcome="Passed" testListId="8c84fa94-04c1-424b-9868-57a2d4851a1d" relativeResultsDirectory="b59f16ec-2674-4235-9a92-85ac950e11ee" />
    <UnitTestResult executionId="5565ae51-c4e5-4b55-909e-5c343256ca13" testId="3df8a494-eead-e839-5bee-82a9a6d124ae" testName="Microsoft.AspNetCore.Components.CascadingParameterStateTest.FindCascadingParameters_DisallowsSingleDeliveryWhenIsFixedIsFalse" computerName="pkrvmbietmlfzoi" duration="00:00:00.0021832" startTime="2025-07-02T21:18:24.4757918+00:00" endTime="2025-07-02T21:18:24.4781912+00:00" testType="13cdc9d9-ddb5-4fa4-a97d-d965ccfc6d4b" outcome="Passed" testListId="8c84fa94-04c1-424b-9868-57a2d4851a1d" relativeResultsDirectory="5565ae51-c4e5-4b55-909e-5c343256ca13" />
    <UnitTestResult executionId="0da790a9-45d5-49b9-b410-4b14db36c821" testId="6a0527d5-9a0e-d172-b3aa-5c4ab85ae39a" testName="Microsoft.AspNetCore.Components.EventCallbackFactoryBinderExtensionsTest.CreateBinder_Long" computerName="pkrvmbietmlfzoi" duration="00:00:00.0146122" startTime="2025-07-02T21:18:24.4028248+00:00" endTime="2025-07-02T21:18:24.4076918+00:00" testType="13cdc9d9-ddb5-4fa4-a97d-d965ccfc6d4b" outcome="Passed" testListId="8c84fa94-04c1-424b-9868-57a2d4851a1d" relativeResultsDirectory="0da790a9-45d5-49b9-b410-4b14db36c821" />
    <UnitTestResult executionId="eb48b303-a43a-48e0-83f0-d72e23ad679b" testId="d2bf099c-2df9-f520-c8db-64c87406737a" testName="Microsoft.AspNetCore.Components.Routing.QueryParameterValueSupplierTest.RejectsBlankArrayEntriesWhenNotNullable(key: &quot;DateTimeVals&quot;, targetType: typeof(System.DateTime))" computerName="pkrvmbietmlfzoi" duration="00:00:00.0000436" startTime="2025-07-02T21:18:24.1100512+00:00" endTime="2025-07-02T21:18:24.1101437+00:00" testType="13cdc9d9-ddb5-4fa4-a97d-d965ccfc6d4b" outcome="Passed" testListId="8c84fa94-04c1-424b-9868-57a2d4851a1d" relativeResultsDirectory="eb48b303-a43a-48e0-83f0-d72e23ad679b" />
    <UnitTestResult executionId="de1b455a-0300-4b2a-b37c-a60698cbc07f" testId="26f706b2-b0e6-bc2b-a670-abcd95d20de6" testName="Microsoft.AspNetCore.Components.Test.RendererTest.DisposingRenderer_CapturesExceptionsFromAllRegisteredComponents" computerName="pkrvmbietmlfzoi" duration="00:00:00.0011264" startTime="2025-07-02T21:18:24.5802853+00:00" endTime="2025-07-02T21:18:24.5817820+00:00" testType="13cdc9d9-ddb5-4fa4-a97d-d965ccfc6d4b" outcome="Passed" testListId="8c84fa94-04c1-424b-9868-57a2d4851a1d" relativeResultsDirectory="de1b455a-0300-4b2a-b37c-a60698cbc07f" />
    <UnitTestResult executionId="7a6e3a9b-8b7b-4ac1-81df-f09d3227bd6a" testId="e72dbfa0-31d3-c902-71d9-137733f4bb23" testName="Microsoft.AspNetCore.Components.Test.RenderTreeDiffBuilderTest.RecognizesNewItemsBeingInserted" computerName="pkrvmbietmlfzoi" duration="00:00:00.0038240" startTime="2025-07-02T21:18:24.3367731+00:00" endTime="2025-07-02T21:18:24.3418446+00:00" testType="13cdc9d9-ddb5-4fa4-a97d-d965ccfc6d4b" outcome="Passed" testListId="8c84fa94-04c1-424b-9868-57a2d4851a1d" relativeResultsDirectory="7a6e3a9b-8b7b-4ac1-81df-f09d3227bd6a" />
    <UnitTestResult executionId="9664ca07-77c9-4082-b8c9-e7b7d9fb4453" testId="94253c8f-2996-7cd3-28d1-c527e3d1e4f5" testName="Microsoft.AspNetCore.Components.ParameterViewTest.HasCaptureUnmatchedValuesParameterWithWrongType_Throws" computerName="pkrvmbietmlfzoi" duration="00:00:00.0009839" startTime="2025-07-02T21:18:23.9996929+00:00" endTime="2025-07-02T21:18:24.0009631+00:00" testType="13cdc9d9-ddb5-4fa4-a97d-d965ccfc6d4b" outcome="Passed" testListId="8c84fa94-04c1-424b-9868-57a2d4851a1d" relativeResultsDirectory="9664ca07-77c9-4082-b8c9-e7b7d9fb4453" />
    <UnitTestResult executionId="163a6582-fca0-4122-8347-8864f32084f0" testId="cfceecf7-849b-3831-977c-cf0ad4a601b4" testName="Microsoft.AspNetCore.Components.Test.RendererTest.QueuedRenderIsSkippedIfComponentWasAlreadyDisposedInSameBatch" computerName="pkrvmbietmlfzoi" duration="00:00:00.0038825" startTime="2025-07-02T21:18:24.5540660+00:00" endTime="2025-07-02T21:18:24.5550873+00:00" testType="13cdc9d9-ddb5-4fa4-a97d-d965ccfc6d4b" outcome="Passed" testListId="8c84fa94-04c1-424b-9868-57a2d4851a1d" relativeResultsDirectory="163a6582-fca0-4122-8347-8864f32084f0" />
    <UnitTestResult executionId="e1537dd3-810b-4a58-b168-bde3cb8d3f96" testId="d6ce2fbe-fee7-ba01-b076-812fc1c5f4e6" testName="Microsoft.AspNetCore.Components.Test.CascadingParameterTest.AfterSupplyingValueThroughNotifyChanged_InitialValueFactoryIsNotUsed" computerName="pkrvmbietmlfzoi" duration="00:00:00.0014162" startTime="2025-07-02T21:18:24.4652366+00:00" endTime="2025-07-02T21:18:24.4657192+00:00" testType="13cdc9d9-ddb5-4fa4-a97d-d965ccfc6d4b" outcome="Passed" testListId="8c84fa94-04c1-424b-9868-57a2d4851a1d" relativeResultsDirectory="e1537dd3-810b-4a58-b168-bde3cb8d3f96" />
    <UnitTestResult executionId="37dfc22e-a2cc-47e4-afbf-e4b246c7a684" testId="6db8271f-c9b5-a6ce-d08a-ae04c8c1e851" testName="Microsoft.AspNetCore.Components.PersistentStateValueProviderTests.PersistAsync_UsesParentComponentType_WhenAvailable" computerName="pkrvmbietmlfzoi" duration="00:00:00.0012901" startTime="2025-07-02T21:18:24.4273082+00:00" endTime="2025-07-02T21:18:24.4281428+00:00" testType="13cdc9d9-ddb5-4fa4-a97d-d965ccfc6d4b" outcome="Passed" testListId="8c84fa94-04c1-424b-9868-57a2d4851a1d" relativeResultsDirectory="37dfc22e-a2cc-47e4-afbf-e4b246c7a684" />
    <UnitTestResult executionId="3ebe434c-f034-4cc9-862d-0fb070f2a5de" testId="9fd87f60-c659-68d5-7045-a42249c2539d" testName="Microsoft.AspNetCore.Components.Test.RenderTreeDiffBuilderTest.RecognizesKeyedComponentDeletionsBeforeUnchangedNonKeyedComponent" computerName="pkrvmbietmlfzoi" duration="00:00:00.0208619" startTime="2025-07-02T21:18:24.3922461+00:00" endTime="2025-07-02T21:18:24.4106639+00:00" testType="13cdc9d9-ddb5-4fa4-a97d-d965ccfc6d4b" outcome="Passed" testListId="8c84fa94-04c1-424b-9868-57a2d4851a1d" relativeResultsDirectory="3ebe434c-f034-4cc9-862d-0fb070f2a5de" />
    <UnitTestResult executionId="09c4232f-26ff-4354-8636-24bcb6f119ca" testId="3975845d-d28f-5f42-8ccb-30402ed2e457" testName="Microsoft.AspNetCore.Components.NavigationManagerTest.ComputesCorrectValidBaseRelativePaths(baseUri: &quot;scheme://host/&quot;, uri: &quot;scheme://host&quot;, expectedResult: &quot;&quot;)" computerName="pkrvmbietmlfzoi" duration="00:00:00.0000167" startTime="2025-07-02T21:18:24.0097839+00:00" endTime="2025-07-02T21:18:24.0098737+00:00" testType="13cdc9d9-ddb5-4fa4-a97d-d965ccfc6d4b" outcome="Passed" testListId="8c84fa94-04c1-424b-9868-57a2d4851a1d" relativeResultsDirectory="09c4232f-26ff-4354-8636-24bcb6f119ca" />
    <UnitTestResult executionId="50232fd6-d375-4e7d-98b8-7bb6ae7ecab0" testId="7a5c5fca-2850-ba37-238f-51475a3a9734" testName="Microsoft.AspNetCore.Components.ParameterViewTest.SettingCaptureUnmatchedValuesParameterExplicitlyWorks" computerName="pkrvmbietmlfzoi" duration="00:00:00.0001691" startTime="2025-07-02T21:18:23.9955295+00:00" endTime="2025-07-02T21:18:23.9959810+00:00" testType="13cdc9d9-ddb5-4fa4-a97d-d965ccfc6d4b" outcome="Passed" testListId="8c84fa94-04c1-424b-9868-57a2d4851a1d" relativeResultsDirectory="50232fd6-d375-4e7d-98b8-7bb6ae7ecab0" />
    <UnitTestResult executionId="c6a63c91-4b40-455e-89bd-2de9975000dd" testId="0c5d354b-d444-9e37-afe4-38b9ea9dc1a1" testName="Microsoft.AspNetCore.Components.Rendering.RenderTreeBuilderTest.CanAddMultipleAttributes_WithChildRegion" computerName="pkrvmbietmlfzoi" duration="00:00:00.0080182" startTime="2025-07-02T21:18:24.1828290+00:00" endTime="2025-07-02T21:18:24.1840633+00:00" testType="13cdc9d9-ddb5-4fa4-a97d-d965ccfc6d4b" outcome="Passed" testListId="8c84fa94-04c1-424b-9868-57a2d4851a1d" relativeResultsDirectory="c6a63c91-4b40-455e-89bd-2de9975000dd" />
    <UnitTestResult executionId="85fd537d-97ad-4619-9722-5514115190b5" testId="0754fb65-8880-86b8-0230-8db442906bae" testName="Microsoft.AspNetCore.Components.ComponentStatePersistenceManagerTest.PersistStateAsync_SavesPersistedStateToTheStore" computerName="pkrvmbietmlfzoi" duration="00:00:00.0127996" startTime="2025-07-02T21:18:24.1897186+00:00" endTime="2025-07-02T21:18:24.1976683+00:00" testType="13cdc9d9-ddb5-4fa4-a97d-d965ccfc6d4b" outcome="Passed" testListId="8c84fa94-04c1-424b-9868-57a2d4851a1d" relativeResultsDirectory="85fd537d-97ad-4619-9722-5514115190b5" />
    <UnitTestResult executionId="4f44092f-0719-4322-892a-408c28491809" testId="3b9fadf8-d8e5-ca46-67cb-fbf18bb3b022" testName="Microsoft.AspNetCore.Components.Routing.QueryParameterValueSupplierTest.RejectsUnparseableValues(key: &quot;NullableGuidVal&quot;, value: &quot;123456-789-0&quot;, targetType: typeof(Guid?))" computerName="pkrvmbietmlfzoi" duration="00:00:00.0005834" startTime="2025-07-02T21:18:24.0955709+00:00" endTime="2025-07-02T21:18:24.0975725+00:00" testType="13cdc9d9-ddb5-4fa4-a97d-d965ccfc6d4b" outcome="Passed" testListId="8c84fa94-04c1-424b-9868-57a2d4851a1d" relativeResultsDirectory="4f44092f-0719-4322-892a-408c28491809" />
    <UnitTestResult executionId="2b883802-1bad-4a5a-af10-22eb1403c675" testId="f02dc63b-ead9-3c5e-d37a-8d294dbfd3e9" testName="Microsoft.AspNetCore.Components.Rendering.RenderTreeBuilderTest.ReportsUnclosedElementAsInvalid" computerName="pkrvmbietmlfzoi" duration="00:00:00.0004469" startTime="2025-07-02T21:18:24.4253294+00:00" endTime="2025-07-02T21:18:24.4254219+00:00" testType="13cdc9d9-ddb5-4fa4-a97d-d965ccfc6d4b" outcome="Passed" testListId="8c84fa94-04c1-424b-9868-57a2d4851a1d" relativeResultsDirectory="2b883802-1bad-4a5a-af10-22eb1403c675" />
    <UnitTestResult executionId="75364da3-dee1-4b7d-9ec9-250e53c772c2" testId="58fd7f3c-cfd3-8b56-1e4a-aa6a5818b24e" testName="Microsoft.AspNetCore.Components.Test.RenderTreeDiffBuilderTest.DiffsElementsHierarchically" computerName="pkrvmbietmlfzoi" duration="00:00:00.0013028" startTime="2025-07-02T21:18:24.4957910+00:00" endTime="2025-07-02T21:18:24.4966688+00:00" testType="13cdc9d9-ddb5-4fa4-a97d-d965ccfc6d4b" outcome="Passed" testListId="8c84fa94-04c1-424b-9868-57a2d4851a1d" relativeResultsDirectory="75364da3-dee1-4b7d-9ec9-250e53c772c2" />
    <UnitTestResult executionId="ecb1bfb7-2d2c-46c6-bddc-bccdbfd9034c" testId="5e30622e-f9d7-e795-9a51-3d6697054200" testName="Microsoft.AspNetCore.Components.Routing.RouteKeyTest.RouteKey_DefaultAgainstNonDefault" computerName="pkrvmbietmlfzoi" duration="00:00:00.0017924" startTime="2025-07-02T21:18:24.1528215+00:00" endTime="2025-07-02T21:18:24.1557546+00:00" testType="13cdc9d9-ddb5-4fa4-a97d-d965ccfc6d4b" outcome="Passed" testListId="8c84fa94-04c1-424b-9868-57a2d4851a1d" relativeResultsDirectory="ecb1bfb7-2d2c-46c6-bddc-bccdbfd9034c" />
    <UnitTestResult executionId="f4fd0756-f5e2-4534-992f-e15e37d887fc" testId="19efe6e3-4aba-c760-3a5a-97341f8a1c8d" testName="Microsoft.AspNetCore.Components.Routing.RouteTableFactoryTests.CanMatchOptionalParameterWithConstraint(template: &quot;/optional/{value:datetime?}&quot;, contextUrl: &quot;/optional/&quot;, convertedValue: null)" computerName="pkrvmbietmlfzoi" duration="00:00:00.0006447" startTime="2025-07-02T21:18:24.5291645+00:00" endTime="2025-07-02T21:18:24.5294953+00:00" testType="13cdc9d9-ddb5-4fa4-a97d-d965ccfc6d4b" outcome="Passed" testListId="8c84fa94-04c1-424b-9868-57a2d4851a1d" relativeResultsDirectory="f4fd0756-f5e2-4534-992f-e15e37d887fc" />
    <UnitTestResult executionId="7e8f9005-3d24-40ec-8d11-f4719a38ca35" testId="18230c43-6e0e-39f4-d516-e85545e19098" testName="Microsoft.AspNetCore.Components.Routing.RouteTableFactoryTests.DoesNotThrowForNonAmbiguousRoutes(first: &quot;{param1?}/{param2?}/{param3?}/{optional?}&quot;, second: &quot;{param1?}/{param2?}/{param3:int?}/{optional?}&quot;)" computerName="pkrvmbietmlfzoi" duration="00:00:00.0006305" startTime="2025-07-02T21:18:24.5059878+00:00" endTime="2025-07-02T21:18:24.5063947+00:00" testType="13cdc9d9-ddb5-4fa4-a97d-d965ccfc6d4b" outcome="Passed" testListId="8c84fa94-04c1-424b-9868-57a2d4851a1d" relativeResultsDirectory="7e8f9005-3d24-40ec-8d11-f4719a38ca35" />
    <UnitTestResult executionId="f50210d3-6a72-4f21-88d4-22b0c0d8f30f" testId="5cf972f2-b538-396a-f043-7116e483cc74" testName="Microsoft.AspNetCore.Components.Test.RenderTreeDiffBuilderTest.RecognizesInsertedRegions" computerName="pkrvmbietmlfzoi" duration="00:00:00.0005986" startTime="2025-07-02T21:18:24.3302499+00:00" endTime="2025-07-02T21:18:24.3316195+00:00" testType="13cdc9d9-ddb5-4fa4-a97d-d965ccfc6d4b" outcome="Passed" testListId="8c84fa94-04c1-424b-9868-57a2d4851a1d" relativeResultsDirectory="f50210d3-6a72-4f21-88d4-22b0c0d8f30f" />
    <UnitTestResult executionId="76b58769-caa0-422a-809f-49c4c8fe72a6" testId="6fc22d5b-0137-2783-ba4a-fc20626fe068" testName="Microsoft.AspNetCore.Components.ComponentStatePersistenceManagerTest.PersistStateAsync_ContinuesInvokingPauseCallbacksDuringPersistIfACallbackThrowsAsynchonously" computerName="pkrvmbietmlfzoi" duration="00:00:00.0173542" startTime="2025-07-02T21:18:24.2885318+00:00" endTime="2025-07-02T21:18:24.3186987+00:00" testType="13cdc9d9-ddb5-4fa4-a97d-d965ccfc6d4b" outcome="Passed" testListId="8c84fa94-04c1-424b-9868-57a2d4851a1d" relativeResultsDirectory="76b58769-caa0-422a-809f-49c4c8fe72a6" />
    <UnitTestResult executionId="668cbe13-9825-41d7-a89e-d2b16ad36ef4" testId="2dcd6984-ca71-e0f2-58f0-317445286deb" testName="Microsoft.AspNetCore.Components.Test.RendererTest.ExceptionsThrownFromHandleAfterRender_Async_AreHandled" computerName="pkrvmbietmlfzoi" duration="00:00:00.0021808" startTime="2025-07-02T21:18:25.8208836+00:00" endTime="2025-07-02T21:18:25.8233467+00:00" testType="13cdc9d9-ddb5-4fa4-a97d-d965ccfc6d4b" outcome="Passed" testListId="8c84fa94-04c1-424b-9868-57a2d4851a1d" relativeResultsDirectory="668cbe13-9825-41d7-a89e-d2b16ad36ef4" />
    <UnitTestResult executionId="f7aff61a-0665-4324-a975-b2051ddc6b3b" testId="167cf0fe-7602-b7e4-e958-ca23fdcc7ea8" testName="Microsoft.AspNetCore.Components.Routing.RouteTableFactoryTests.DetectsAmbiguousRoutes(left: &quot;/{parameter}part&quot;, right: &quot;/part{parameter}&quot;)" computerName="pkrvmbietmlfzoi" duration="00:00:00.0004052" startTime="2025-07-02T21:18:24.5783518+00:00" endTime="2025-07-02T21:18:24.5787526+00:00" testType="13cdc9d9-ddb5-4fa4-a97d-d965ccfc6d4b" outcome="Passed" testListId="8c84fa94-04c1-424b-9868-57a2d4851a1d" relativeResultsDirectory="f7aff61a-0665-4324-a975-b2051ddc6b3b" />
    <UnitTestResult executionId="62cbb74b-e0dd-47eb-8053-52a0ca78703c" testId="c464e156-ff9d-7b3c-a4bb-1d352844fd8b" testName="Microsoft.AspNetCore.Components.Test.RenderTreeDiffBuilderTest.RecognizesEquivalentFramesAsSame(appendFragment: RenderFragment { Method = Void &lt;RecognizesEquivalentFramesAsSameCases&gt;b__7_2(Microsoft.AspNetCore.Components.Rendering.RenderTreeBuilder), Target = &lt;&gt;c { } })" computerName="pkrvmbietmlfzoi" duration="00:00:00.0017985" startTime="2025-07-02T21:18:24.1968286+00:00" endTime="2025-07-02T21:18:24.1973053+00:00" testType="13cdc9d9-ddb5-4fa4-a97d-d965ccfc6d4b" outcome="Passed" testListId="8c84fa94-04c1-424b-9868-57a2d4851a1d" relativeResultsDirectory="62cbb74b-e0dd-47eb-8053-52a0ca78703c" />
    <UnitTestResult executionId="d9fdf204-78b0-49d5-802c-18648ec71c1a" testId="f3ddd03e-1411-577c-cba1-497543af4d7a" testName="Microsoft.AspNetCore.Components.Routing.QueryParameterValueSupplierTest.SuppliesNullForValueTypesIfNotSpecified(query: &quot;?unrelated=123&quot;)" computerName="pkrvmbietmlfzoi" duration="00:00:00.0002216" startTime="2025-07-02T21:18:24.1456537+00:00" endTime="2025-07-02T21:18:24.1457793+00:00" testType="13cdc9d9-ddb5-4fa4-a97d-d965ccfc6d4b" outcome="Passed" testListId="8c84fa94-04c1-424b-9868-57a2d4851a1d" relativeResultsDirectory="d9fdf204-78b0-49d5-802c-18648ec71c1a" />
    <UnitTestResult executionId="8ec72686-5f6b-4b74-8b9a-e9a0cbce4548" testId="1b2bff83-5c37-3650-c63c-30a0a581e523" testName="Microsoft.AspNetCore.Components.CascadingParameterStateTest.FindCascadingParameters_InheritedParameters_ReturnsMatches" computerName="pkrvmbietmlfzoi" duration="00:00:00.0212453" startTime="2025-07-02T21:18:24.4423466+00:00" endTime="2025-07-02T21:18:24.4598818+00:00" testType="13cdc9d9-ddb5-4fa4-a97d-d965ccfc6d4b" outcome="Passed" testListId="8c84fa94-04c1-424b-9868-57a2d4851a1d" relativeResultsDirectory="8ec72686-5f6b-4b74-8b9a-e9a0cbce4548" />
    <UnitTestResult executionId="01718103-cff9-4710-a63b-b47fb97e50b0" testId="dd2e5684-c705-e9a6-3ec2-10a48716f86a" testName="Microsoft.AspNetCore.Components.ResourceAssetCollectionTest.CanCreateResourceCollection" computerName="pkrvmbietmlfzoi" duration="00:00:00.0026544" startTime="2025-07-02T21:18:24.0946970+00:00" endTime="2025-07-02T21:18:24.0956734+00:00" testType="13cdc9d9-ddb5-4fa4-a97d-d965ccfc6d4b" outcome="Passed" testListId="8c84fa94-04c1-424b-9868-57a2d4851a1d" relativeResultsDirectory="01718103-cff9-4710-a63b-b47fb97e50b0" />
    <UnitTestResult executionId="d3d74fb7-c5b3-4d7f-8c28-c058c3bde628" testId="992bec01-afaa-865d-6185-24098986100e" testName="Microsoft.AspNetCore.Components.NavigationManagerTest.GetUriWithQueryParameters_ThrowsWhenAnyParameterNameIsEmpty(baseUri: &quot;scheme://host/&quot;)" computerName="pkrvmbietmlfzoi" duration="00:00:00.0002396" startTime="2025-07-02T21:18:24.0729761+00:00" endTime="2025-07-02T21:18:24.0752882+00:00" testType="13cdc9d9-ddb5-4fa4-a97d-d965ccfc6d4b" outcome="Passed" testListId="8c84fa94-04c1-424b-9868-57a2d4851a1d" relativeResultsDirectory="d3d74fb7-c5b3-4d7f-8c28-c058c3bde628" />
    <UnitTestResult executionId="3b46f51b-9491-4516-ba6f-a4aa0c6b4556" testId="ff7cf126-3f50-6353-bdb8-6e1a4f043d22" testName="Microsoft.AspNetCore.Components.ParameterViewTest.SettingCaptureUnmatchedValuesParameterWithUnmatchedValuesWorks" computerName="pkrvmbietmlfzoi" duration="00:00:00.0122966" startTime="2025-07-02T21:18:23.9768923+00:00" endTime="2025-07-02T21:18:23.9922584+00:00" testType="13cdc9d9-ddb5-4fa4-a97d-d965ccfc6d4b" outcome="Passed" testListId="8c84fa94-04c1-424b-9868-57a2d4851a1d" relativeResultsDirectory="3b46f51b-9491-4516-ba6f-a4aa0c6b4556" />
    <UnitTestResult executionId="67ada3e1-25c1-45f1-a7ff-9d380f6b5034" testId="e07c5cba-d6df-bd00-c179-205a1a08fcd7" testName="Microsoft.AspNetCore.Components.Routing.RoutePatternParserTests.Parse_MultipleLiterals" computerName="pkrvmbietmlfzoi" duration="00:00:00.0005218" startTime="2025-07-02T21:18:24.2853668+00:00" endTime="2025-07-02T21:18:24.2862125+00:00" testType="13cdc9d9-ddb5-4fa4-a97d-d965ccfc6d4b" outcome="Passed" testListId="8c84fa94-04c1-424b-9868-57a2d4851a1d" relativeResultsDirectory="67ada3e1-25c1-45f1-a7ff-9d380f6b5034" />
    <UnitTestResult executionId="20b04609-f8fc-4e41-a9ee-b1f6c2d24174" testId="167d29eb-9c43-8d4e-3b5a-8f9b799134b4" testName="Microsoft.AspNetCore.Components.EventCallbackFactoryTest.Create_FuncTTask_Unbound" computerName="pkrvmbietmlfzoi" duration="00:00:00.0002243" startTime="2025-07-02T21:18:24.0509362+00:00" endTime="2025-07-02T21:18:24.0510469+00:00" testType="13cdc9d9-ddb5-4fa4-a97d-d965ccfc6d4b" outcome="Passed" testListId="8c84fa94-04c1-424b-9868-57a2d4851a1d" relativeResultsDirectory="20b04609-f8fc-4e41-a9ee-b1f6c2d24174" />
    <UnitTestResult executionId="7db41238-0ce2-438a-a1e0-47e17b601ac2" testId="8ca6541e-14e1-938e-2c32-f43036649250" testName="Microsoft.AspNetCore.Components.EventCallbackTest.EventCallback_Action_Null" computerName="pkrvmbietmlfzoi" duration="00:00:00.0012450" startTime="2025-07-02T21:18:24.3001425+00:00" endTime="2025-07-02T21:18:24.3029765+00:00" testType="13cdc9d9-ddb5-4fa4-a97d-d965ccfc6d4b" outcome="Passed" testListId="8c84fa94-04c1-424b-9868-57a2d4851a1d" relativeResultsDirectory="7db41238-0ce2-438a-a1e0-47e17b601ac2" />
    <UnitTestResult executionId="1de1b3e1-02bd-4134-96a0-f2c413480089" testId="88de2572-1741-7a45-90ad-56ddedd73101" testName="Microsoft.AspNetCore.Components.ParameterViewTest.HasRemovedDirectParameters_OldNonEmpty_NewEmpty" computerName="pkrvmbietmlfzoi" duration="00:00:00.0002496" startTime="2025-07-02T21:18:24.0324832+00:00" endTime="2025-07-02T21:18:24.0326006+00:00" testType="13cdc9d9-ddb5-4fa4-a97d-d965ccfc6d4b" outcome="Passed" testListId="8c84fa94-04c1-424b-9868-57a2d4851a1d" relativeResultsDirectory="1de1b3e1-02bd-4134-96a0-f2c413480089" />
    <UnitTestResult executionId="b3c17518-8577-452f-a0be-48f3cd05772a" testId="d1a21710-705a-475a-808d-65b0aad92f71" testName="Microsoft.AspNetCore.Components.Test.RendererTest.DispatchEventAsync_EventCallbackOfT_AsynchronousCompletion" computerName="pkrvmbietmlfzoi" duration="00:00:00.0027932" startTime="2025-07-02T21:18:24.5452202+00:00" endTime="2025-07-02T21:18:24.5472105+00:00" testType="13cdc9d9-ddb5-4fa4-a97d-d965ccfc6d4b" outcome="Passed" testListId="8c84fa94-04c1-424b-9868-57a2d4851a1d" relativeResultsDirectory="b3c17518-8577-452f-a0be-48f3cd05772a" />
    <UnitTestResult executionId="9ba0a0ad-e684-4340-859e-4b198d7feb74" testId="8ac382fb-edcd-3fed-41e3-7f22ed7119ae" testName="Microsoft.AspNetCore.Components.Routing.RouteTableFactoryTests.ThrowsWhenCatchAllIsNotTheLastSegment(template: &quot;{*catchall}/{parameter}&quot;)" computerName="pkrvmbietmlfzoi" duration="00:00:00.0003345" startTime="2025-07-02T21:18:24.5652443+00:00" endTime="2025-07-02T21:18:24.5653425+00:00" testType="13cdc9d9-ddb5-4fa4-a97d-d965ccfc6d4b" outcome="Passed" testListId="8c84fa94-04c1-424b-9868-57a2d4851a1d" relativeResultsDirectory="9ba0a0ad-e684-4340-859e-4b198d7feb74" />
    <UnitTestResult executionId="c9562065-962c-48da-801b-85120b107f06" testId="b592ff5b-117b-3d29-921a-e2c6bc20586c" testName="Microsoft.AspNetCore.Components.Routing.QueryParameterValueSupplierTest.RejectsUnparseableValues(key: &quot;NullableLongVal&quot;, value: &quot;this+is+a+long+value&quot;, targetType: typeof(long?))" computerName="pkrvmbietmlfzoi" duration="00:00:00.0004152" startTime="2025-07-02T21:18:24.0984803+00:00" endTime="2025-07-02T21:18:24.0989408+00:00" testType="13cdc9d9-ddb5-4fa4-a97d-d965ccfc6d4b" outcome="Passed" testListId="8c84fa94-04c1-424b-9868-57a2d4851a1d" relativeResultsDirectory="c9562065-962c-48da-801b-85120b107f06" />
    <UnitTestResult executionId="f9831b57-df57-4d4a-a272-5c5e8addc779" testId="fef038e5-47db-5676-a6e3-f9525fa89c3f" testName="Microsoft.AspNetCore.Components.NavigationManagerTest.GetUriWithQueryParameter_ReplacesWhenParameterExists(baseUri: &quot;scheme://host/?full%20name=Bob%20Joe#hash&quot;, expectedUri: &quot;scheme://host/?full%20name=John%20Doe#hash&quot;)" computerName="pkrvmbietmlfzoi" duration="00:00:00.0000274" startTime="2025-07-02T21:18:23.9430391+00:00" endTime="2025-07-02T21:18:23.9493440+00:00" testType="13cdc9d9-ddb5-4fa4-a97d-d965ccfc6d4b" outcome="Passed" testListId="8c84fa94-04c1-424b-9868-57a2d4851a1d" relativeResultsDirectory="f9831b57-df57-4d4a-a272-5c5e8addc779" />
    <UnitTestResult executionId="fac80015-895a-419a-a553-cd6fa556f6a1" testId="e8183165-5cb2-a4bf-657e-2aae1c6d9ee8" testName="Microsoft.AspNetCore.Components.Test.CascadingParameterTest.NotifiesDescendantsOfUpdatedCascadingParameterValuesAndPreservesDirectParameters" computerName="pkrvmbietmlfzoi" duration="00:00:00.0241674" startTime="2025-07-02T21:18:24.3060066+00:00" endTime="2025-07-02T21:18:24.3489124+00:00" testType="13cdc9d9-ddb5-4fa4-a97d-d965ccfc6d4b" outcome="Passed" testListId="8c84fa94-04c1-424b-9868-57a2d4851a1d" relativeResultsDirectory="fac80015-895a-419a-a553-cd6fa556f6a1" />
    <UnitTestResult executionId="bb85d850-3a87-4cc5-b56d-7486850d350f" testId="b53fa018-4b89-6ccd-6693-bf49832b2617" testName="Microsoft.AspNetCore.Components.ParameterViewTest.SettingCaptureUnmatchedValuesParameterExplicitlyAndImplicitly_ReverseOrder_Throws" computerName="pkrvmbietmlfzoi" duration="00:00:00.0006140" startTime="2025-07-02T21:18:24.0255740+00:00" endTime="2025-07-02T21:18:24.0256821+00:00" testType="13cdc9d9-ddb5-4fa4-a97d-d965ccfc6d4b" outcome="Passed" testListId="8c84fa94-04c1-424b-9868-57a2d4851a1d" relativeResultsDirectory="bb85d850-3a87-4cc5-b56d-7486850d350f" />
    <UnitTestResult executionId="e04a7e14-e23c-4f91-92f4-bbd1daf3525d" testId="948469eb-fad2-d910-de2c-bb9c901b6626" testName="Microsoft.AspNetCore.Components.Rendering.RenderTreeBuilderTest.ProcessDuplicateAttributes_CanRemoveDuplicateInsideComponent" computerName="pkrvmbietmlfzoi" duration="00:00:00.0005205" startTime="2025-07-02T21:18:24.3807949+00:00" endTime="2025-07-02T21:18:24.3809039+00:00" testType="13cdc9d9-ddb5-4fa4-a97d-d965ccfc6d4b" outcome="Passed" testListId="8c84fa94-04c1-424b-9868-57a2d4851a1d" relativeResultsDirectory="e04a7e14-e23c-4f91-92f4-bbd1daf3525d" />
    <UnitTestResult executionId="2e0190fa-a39c-416e-b84d-8ebe5ece27d7" testId="af511287-7726-fcbe-aa8b-a5ad524834fb" testName="Microsoft.AspNetCore.Components.Test.RenderTreeDiffBuilderTest.RecognizesAttributeNamesChangedAtSameSourceSequence" computerName="pkrvmbietmlfzoi" duration="00:00:00.0006792" startTime="2025-07-02T21:18:24.3767431+00:00" endTime="2025-07-02T21:18:24.3779277+00:00" testType="13cdc9d9-ddb5-4fa4-a97d-d965ccfc6d4b" outcome="Passed" testListId="8c84fa94-04c1-424b-9868-57a2d4851a1d" relativeResultsDirectory="2e0190fa-a39c-416e-b84d-8ebe5ece27d7" />
    <UnitTestResult executionId="e1153e43-de09-4c22-adba-3dd2a8bca810" testId="db019b87-d4bd-8c86-40cc-877e4c588e7e" testName="Microsoft.AspNetCore.Components.Test.ComponentBaseTest.RendersAfterParametersSetAndInitAsyncTasksAreCompleted" computerName="pkrvmbietmlfzoi" duration="00:00:00.0325599" startTime="2025-07-02T21:18:24.0498760+00:00" endTime="2025-07-02T21:18:24.0978537+00:00" testType="13cdc9d9-ddb5-4fa4-a97d-d965ccfc6d4b" outcome="Passed" testListId="8c84fa94-04c1-424b-9868-57a2d4851a1d" relativeResultsDirectory="e1153e43-de09-4c22-adba-3dd2a8bca810" />
    <UnitTestResult executionId="173c9245-5dbb-4a75-9fe1-cf17898f370e" testId="5c0058ef-61f7-4dc0-b1da-7231b9856ad7" testName="Microsoft.AspNetCore.Components.ParameterViewTest.EnumerationStopsAtEndOfOwnerAttributes" computerName="pkrvmbietmlfzoi" duration="00:00:00.0003992" startTime="2025-07-02T21:18:24.0201213+00:00" endTime="2025-07-02T21:18:24.0202182+00:00" testType="13cdc9d9-ddb5-4fa4-a97d-d965ccfc6d4b" outcome="Passed" testListId="8c84fa94-04c1-424b-9868-57a2d4851a1d" relativeResultsDirectory="173c9245-5dbb-4a75-9fe1-cf17898f370e" />
    <UnitTestResult executionId="c01741f6-51d2-4bd1-8845-7f5cbb8afe9c" testId="889cc7ec-d3db-c56c-fae3-36b7956585c4" testName="Microsoft.AspNetCore.Components.CascadingParameterStateTest.FindCascadingParameters_IfHasNoAncestors_ReturnsEmpty" computerName="pkrvmbietmlfzoi" duration="00:00:00.0001453" startTime="2025-07-02T21:18:24.4792238+00:00" endTime="2025-07-02T21:18:24.4793193+00:00" testType="13cdc9d9-ddb5-4fa4-a97d-d965ccfc6d4b" outcome="Passed" testListId="8c84fa94-04c1-424b-9868-57a2d4851a1d" relativeResultsDirectory="c01741f6-51d2-4bd1-8845-7f5cbb8afe9c" />
    <UnitTestResult executionId="ddb0e881-7414-4d64-9c11-733d9d78e8f5" testId="b7387a12-f84a-26ca-0854-0faaaf266bb1" testName="Microsoft.AspNetCore.Components.Routing.RouteKeyTest.RouteKey_WithNoAdditionalAssemblies_DifferentAssemblies" computerName="pkrvmbietmlfzoi" duration="00:00:00.0064190" startTime="2025-07-02T21:18:24.1502388+00:00" endTime="2025-07-02T21:18:24.1512009+00:00" testType="13cdc9d9-ddb5-4fa4-a97d-d965ccfc6d4b" outcome="Passed" testListId="8c84fa94-04c1-424b-9868-57a2d4851a1d" relativeResultsDirectory="ddb0e881-7414-4d64-9c11-733d9d78e8f5" />
    <UnitTestResult executionId="8dd67ad7-b201-46c2-88ed-e4a7f8a2497d" testId="e109a630-ae72-b70c-3980-38878814d6df" testName="Microsoft.AspNetCore.Components.Test.RenderTreeDiffBuilderTest.RecognizesRemovedRegions" computerName="pkrvmbietmlfzoi" duration="00:00:00.0004906" startTime="2025-07-02T21:18:24.3918545+00:00" endTime="2025-07-02T21:18:24.3921161+00:00" testType="13cdc9d9-ddb5-4fa4-a97d-d965ccfc6d4b" outcome="Passed" testListId="8c84fa94-04c1-424b-9868-57a2d4851a1d" relativeResultsDirectory="8dd67ad7-b201-46c2-88ed-e4a7f8a2497d" />
    <UnitTestResult executionId="9fb900f9-4f6a-4818-89df-6f52e6b73e22" testId="423f9afa-c05a-5d5f-21f6-0f8e6db246cc" testName="Microsoft.AspNetCore.Components.Routing.RouteTableFactoryTests.CanCacheRouteTable" computerName="pkrvmbietmlfzoi" duration="00:00:00.0006556" startTime="2025-07-02T21:18:24.5799763+00:00" endTime="2025-07-02T21:18:24.5803350+00:00" testType="13cdc9d9-ddb5-4fa4-a97d-d965ccfc6d4b" outcome="Passed" testListId="8c84fa94-04c1-424b-9868-57a2d4851a1d" relativeResultsDirectory="9fb900f9-4f6a-4818-89df-6f52e6b73e22" />
    <UnitTestResult executionId="434f108f-8dad-4446-8052-9b8a6d1626e3" testId="af21394a-886f-4baa-5c2f-a0e77f67e3ce" testName="Microsoft.AspNetCore.Components.ParameterViewTest.Clone_EmptyParameterView" computerName="pkrvmbietmlfzoi" duration="00:00:00.0001673" startTime="2025-07-02T21:18:24.0404173+00:00" endTime="2025-07-02T21:18:24.0405404+00:00" testType="13cdc9d9-ddb5-4fa4-a97d-d965ccfc6d4b" outcome="Passed" testListId="8c84fa94-04c1-424b-9868-57a2d4851a1d" relativeResultsDirectory="434f108f-8dad-4446-8052-9b8a6d1626e3" />
    <UnitTestResult executionId="1ff56340-0ca0-4288-8822-f8e55f9a7daf" testId="c70b4fb2-8ef3-65ba-069e-288c3fbbf72d" testName="Microsoft.AspNetCore.Components.Test.LayoutViewTest.CanChangeContentWithSameLayout" computerName="pkrvmbietmlfzoi" duration="00:00:00.0019773" startTime="2025-07-02T21:18:24.4339921+00:00" endTime="2025-07-02T21:18:24.4349029+00:00" testType="13cdc9d9-ddb5-4fa4-a97d-d965ccfc6d4b" outcome="Passed" testListId="8c84fa94-04c1-424b-9868-57a2d4851a1d" relativeResultsDirectory="1ff56340-0ca0-4288-8822-f8e55f9a7daf" />
    <UnitTestResult executionId="83151995-258c-4dae-ad18-6ff6fb78a5c2" testId="5cbb49db-c4c4-d869-7712-02a4cb98a9c5" testName="Microsoft.AspNetCore.Components.RenderTree.ArrayBuilderTest.AppendArray_LargerThanBuffer(size: 1025)" computerName="pkrvmbietmlfzoi" duration="00:00:00.0008323" startTime="2025-07-02T21:18:23.9869500+00:00" endTime="2025-07-02T21:18:23.9877755+00:00" testType="13cdc9d9-ddb5-4fa4-a97d-d965ccfc6d4b" outcome="Passed" testListId="8c84fa94-04c1-424b-9868-57a2d4851a1d" relativeResultsDirectory="83151995-258c-4dae-ad18-6ff6fb78a5c2" />
    <UnitTestResult executionId="a0266400-f1a7-49f1-8ee5-cf184f1b3db2" testId="74492ed3-b837-ab56-bec8-ac512e575564" testName="Microsoft.AspNetCore.Components.Routing.QueryParameterValueSupplierTest.SupportsExpectedValueTypes" computerName="pkrvmbietmlfzoi" duration="00:00:00.0043432" startTime="2025-07-02T21:18:24.2008267+00:00" endTime="2025-07-02T21:18:24.2052128+00:00" testType="13cdc9d9-ddb5-4fa4-a97d-d965ccfc6d4b" outcome="Passed" testListId="8c84fa94-04c1-424b-9868-57a2d4851a1d" relativeResultsDirectory="a0266400-f1a7-49f1-8ee5-cf184f1b3db2" />
    <UnitTestResult executionId="91a322b4-209d-4cf3-93db-f07e526049e5" testId="197b697b-0386-3b6a-3e1b-6dce58ce3798" testName="Microsoft.AspNetCore.Components.Routing.QueryParameterValueSupplierTest.RejectsUnparseableValues(key: &quot;GuidVal&quot;, value: &quot;123456-789-0&quot;, targetType: typeof(System.Guid))" computerName="pkrvmbietmlfzoi" duration="00:00:00.0003082" startTime="2025-07-02T21:18:24.0762564+00:00" endTime="2025-07-02T21:18:24.0769028+00:00" testType="13cdc9d9-ddb5-4fa4-a97d-d965ccfc6d4b" outcome="Passed" testListId="8c84fa94-04c1-424b-9868-57a2d4851a1d" relativeResultsDirectory="91a322b4-209d-4cf3-93db-f07e526049e5" />
    <UnitTestResult executionId="46011b34-485a-4816-a88c-3cf5da1cf499" testId="cee55200-ca43-f89d-d226-dc0dce2d369d" testName="Microsoft.AspNetCore.Components.RenderTree.ArrayBuilderTest.AppendArray_LargerThanBuffer(size: 1023)" computerName="pkrvmbietmlfzoi" duration="00:00:00.0012621" startTime="2025-07-02T21:18:23.9840793+00:00" endTime="2025-07-02T21:18:23.9845702+00:00" testType="13cdc9d9-ddb5-4fa4-a97d-d965ccfc6d4b" outcome="Passed" testListId="8c84fa94-04c1-424b-9868-57a2d4851a1d" relativeResultsDirectory="46011b34-485a-4816-a88c-3cf5da1cf499" />
    <UnitTestResult executionId="109381f0-abf1-462b-b2fd-11e051eb10ee" testId="04fa04f7-67bf-5a53-fa58-49cf14b25b0a" testName="Microsoft.AspNetCore.Components.BindConverterTest.FormatValue_TimeOnly" computerName="pkrvmbietmlfzoi" duration="00:00:00.0002015" startTime="2025-07-02T21:18:24.2593644+00:00" endTime="2025-07-02T21:18:24.2598689+00:00" testType="13cdc9d9-ddb5-4fa4-a97d-d965ccfc6d4b" outcome="Passed" testListId="8c84fa94-04c1-424b-9868-57a2d4851a1d" relativeResultsDirectory="109381f0-abf1-462b-b2fd-11e051eb10ee" />
    <UnitTestResult executionId="1dc58332-adbe-413d-a97e-fd60e231f40e" testId="734f9863-940c-6f02-4bab-fe88b38a76bc" testName="Microsoft.AspNetCore.Components.CascadingParameterStateTest.FindCascadingParameters_IfHasNoParameters_ReturnsEmpty" computerName="pkrvmbietmlfzoi" duration="00:00:00.0001449" startTime="2025-07-02T21:18:24.4809410+00:00" endTime="2025-07-02T21:18:24.4810327+00:00" testType="13cdc9d9-ddb5-4fa4-a97d-d965ccfc6d4b" outcome="Passed" testListId="8c84fa94-04c1-424b-9868-57a2d4851a1d" relativeResultsDirectory="1dc58332-adbe-413d-a97e-fd60e231f40e" />
    <UnitTestResult executionId="c739c58b-f117-4f77-bb10-cb4288c84c47" testId="7b6483b7-b933-1c4e-ecb1-6b13dd9fb812" testName="Microsoft.AspNetCore.Components.ComponentFactoryTest.InstantiateComponent_WithRenderModeOnCallSite_UsesRenderModeResolver" computerName="pkrvmbietmlfzoi" duration="00:00:00.0006024" startTime="2025-07-02T21:18:24.1305534+00:00" endTime="2025-07-02T21:18:24.1306664+00:00" testType="13cdc9d9-ddb5-4fa4-a97d-d965ccfc6d4b" outcome="Passed" testListId="8c84fa94-04c1-424b-9868-57a2d4851a1d" relativeResultsDirectory="c739c58b-f117-4f77-bb10-cb4288c84c47" />
    <UnitTestResult executionId="7ff9591e-e762-40d8-a355-be795af21b44" testId="0f26f69b-7b4d-0553-8ed7-248b685fe2fb" testName="Microsoft.AspNetCore.Components.EventCallbackTest.EventCallback_FuncTask_IgnoresArg" computerName="pkrvmbietmlfzoi" duration="00:00:00.0008884" startTime="2025-07-02T21:18:24.3526573+00:00" endTime="2025-07-02T21:18:24.3548582+00:00" testType="13cdc9d9-ddb5-4fa4-a97d-d965ccfc6d4b" outcome="Passed" testListId="8c84fa94-04c1-424b-9868-57a2d4851a1d" relativeResultsDirectory="7ff9591e-e762-40d8-a355-be795af21b44" />
    <UnitTestResult executionId="d3cd7c03-e1fb-48a5-b148-6a2b58ac62e2" testId="ddba84f0-f8c6-7f68-67dd-172ed32d6a5f" testName="Microsoft.AspNetCore.Components.RenderTree.ArrayBuilderTest.Dispose_WithEmptyBuffer_DoesNotReturnIt" computerName="pkrvmbietmlfzoi" duration="00:00:00.0002871" startTime="2025-07-02T21:18:24.0008571+00:00" endTime="2025-07-02T21:18:24.0013030+00:00" testType="13cdc9d9-ddb5-4fa4-a97d-d965ccfc6d4b" outcome="Passed" testListId="8c84fa94-04c1-424b-9868-57a2d4851a1d" relativeResultsDirectory="d3cd7c03-e1fb-48a5-b148-6a2b58ac62e2" />
    <UnitTestResult executionId="d87a7a61-2d35-46e9-932d-1bcf95c175b5" testId="c0289689-7433-164e-3634-e12ec9d84c28" testName="Microsoft.AspNetCore.Components.Rendering.RenderTreeBuilderTest.AddAttribute_Element_ObjectNull_IgnoresFrame" computerName="pkrvmbietmlfzoi" duration="00:00:00.0004200" startTime="2025-07-02T21:18:24.4410974+00:00" endTime="2025-07-02T21:18:24.4411982+00:00" testType="13cdc9d9-ddb5-4fa4-a97d-d965ccfc6d4b" outcome="Passed" testListId="8c84fa94-04c1-424b-9868-57a2d4851a1d" relativeResultsDirectory="d87a7a61-2d35-46e9-932d-1bcf95c175b5" />
    <UnitTestResult executionId="541e5ba4-a656-4e18-a498-0049b231c460" testId="854f00f2-309c-74d6-c1a4-72f0ffde0b08" testName="Microsoft.AspNetCore.Components.CascadingParameterStateTest.FindCascadingParameters_MultipleMatchingAncestors_ReturnsClosestMatches" computerName="pkrvmbietmlfzoi" duration="00:00:00.0012508" startTime="2025-07-02T21:18:24.4656147+00:00" endTime="2025-07-02T21:18:24.4674013+00:00" testType="13cdc9d9-ddb5-4fa4-a97d-d965ccfc6d4b" outcome="Passed" testListId="8c84fa94-04c1-424b-9868-57a2d4851a1d" relativeResultsDirectory="541e5ba4-a656-4e18-a498-0049b231c460" />
    <UnitTestResult executionId="3d4db261-74fb-46cc-a03e-48e539699a87" testId="df22ee67-fe35-3b38-4b54-4df7d29979ff" testName="Microsoft.AspNetCore.Components.Routing.RouteTableFactoryTests.DoesNotThrowForNonAmbiguousRoutes(first: &quot;{*catchAll}&quot;, second: &quot;{optional?}&quot;)" computerName="pkrvmbietmlfzoi" duration="00:00:00.0004789" startTime="2025-07-02T21:18:24.5147541+00:00" endTime="2025-07-02T21:18:24.5148448+00:00" testType="13cdc9d9-ddb5-4fa4-a97d-d965ccfc6d4b" outcome="Passed" testListId="8c84fa94-04c1-424b-9868-57a2d4851a1d" relativeResultsDirectory="3d4db261-74fb-46cc-a03e-48e539699a87" />
    <UnitTestResult executionId="e3dad0a4-8186-4ca3-ba02-9beaeda885cd" testId="4ce7167a-79f4-919c-bb47-9794f52f4f6b" testName="Microsoft.AspNetCore.Components.Test.RendererTest.ComponentsCanBeAssociatedWithMultipleRenderers" computerName="pkrvmbietmlfzoi" duration="00:00:00.0020531" startTime="2025-07-02T21:18:25.8235644+00:00" endTime="2025-07-02T21:18:25.8255684+00:00" testType="13cdc9d9-ddb5-4fa4-a97d-d965ccfc6d4b" outcome="Passed" testListId="8c84fa94-04c1-424b-9868-57a2d4851a1d" relativeResultsDirectory="e3dad0a4-8186-4ca3-ba02-9beaeda885cd" />
    <UnitTestResult executionId="49fc23b1-f556-47dc-8070-084597f82258" testId="70e076bf-2766-bdd3-83dc-52a251517bb2" testName="Microsoft.AspNetCore.Components.Test.RenderTreeDiffBuilderTest.PreservesIdsOnRetainedElementReferenceCaptures" computerName="pkrvmbietmlfzoi" duration="00:00:00.0015322" startTime="2025-07-02T21:18:24.3018051+00:00" endTime="2025-07-02T21:18:24.3035313+00:00" testType="13cdc9d9-ddb5-4fa4-a97d-d965ccfc6d4b" outcome="Passed" testListId="8c84fa94-04c1-424b-9868-57a2d4851a1d" relativeResultsDirectory="49fc23b1-f556-47dc-8070-084597f82258" />
    <UnitTestResult executionId="0aa1bda5-8dcb-428f-85f8-acb5724882d3" testId="430aa0c8-617c-dddc-2ea3-ec2d79e7c917" testName="Microsoft.AspNetCore.Components.NavigationManagerTest.ComputesCorrectBaseUri(baseUri: &quot;scheme://host/path/page?query=string&amp;another=here#&quot;···, expectedResult: &quot;scheme://host/path/&quot;)" computerName="pkrvmbietmlfzoi" duration="00:00:00.0000072" startTime="2025-07-02T21:18:23.9802948+00:00" endTime="2025-07-02T21:18:23.9803431+00:00" testType="13cdc9d9-ddb5-4fa4-a97d-d965ccfc6d4b" outcome="Passed" testListId="8c84fa94-04c1-424b-9868-57a2d4851a1d" relativeResultsDirectory="0aa1bda5-8dcb-428f-85f8-acb5724882d3" />
    <UnitTestResult executionId="9eac84e2-1277-4962-9d06-4f1ef375e75d" testId="23b58f3e-490c-efc8-cd5b-da219b5577a2" testName="Microsoft.AspNetCore.Components.EventCallbackFactoryTest.Create_ActionT_Unbound" computerName="pkrvmbietmlfzoi" duration="00:00:00.0003025" startTime="2025-07-02T21:18:24.0764270+00:00" endTime="2025-07-02T21:18:24.0765378+00:00" testType="13cdc9d9-ddb5-4fa4-a97d-d965ccfc6d4b" outcome="Passed" testListId="8c84fa94-04c1-424b-9868-57a2d4851a1d" relativeResultsDirectory="9eac84e2-1277-4962-9d06-4f1ef375e75d" />
    <UnitTestResult executionId="9a0e5d00-b875-4fce-9386-d2cdc6b2b2b8" testId="c627bc7d-6318-33ed-321f-a2f71de1cac0" testName="Microsoft.AspNetCore.Components.EventCallbackFactoryBinderExtensionsTest.CreateBinder_Decimal" computerName="pkrvmbietmlfzoi" duration="00:00:00.0067087" startTime="2025-07-02T21:18:24.5099397+00:00" endTime="2025-07-02T21:18:24.5153478+00:00" testType="13cdc9d9-ddb5-4fa4-a97d-d965ccfc6d4b" outcome="Passed" testListId="8c84fa94-04c1-424b-9868-57a2d4851a1d" relativeResultsDirectory="9a0e5d00-b875-4fce-9386-d2cdc6b2b2b8" />
    <UnitTestResult executionId="2d62d92a-7e0d-4807-b800-34cef5467697" testId="cdb6966b-89e3-061a-b57d-77961a42fecd" testName="Microsoft.AspNetCore.Components.ParameterViewTest.CanGetValueOrDefault_WithNonExistingValueAndExplicitDefault" computerName="pkrvmbietmlfzoi" duration="00:00:00.0002280" startTime="2025-07-02T21:18:24.0407661+00:00" endTime="2025-07-02T21:18:24.0408471+00:00" testType="13cdc9d9-ddb5-4fa4-a97d-d965ccfc6d4b" outcome="Passed" testListId="8c84fa94-04c1-424b-9868-57a2d4851a1d" relativeResultsDirectory="2d62d92a-7e0d-4807-b800-34cef5467697" />
    <UnitTestResult executionId="3b912436-7ab4-4410-80e2-a99197ea6280" testId="f6c474d3-00fd-6ba3-81a0-6a58579bb030" testName="Microsoft.AspNetCore.Components.Test.CascadingParameterTest.CanHaveManySubscribers(numSubscribers: 1)" computerName="pkrvmbietmlfzoi" duration="00:00:00.0001132" startTime="2025-07-02T21:18:24.4134712+00:00" endTime="2025-07-02T21:18:24.4139290+00:00" testType="13cdc9d9-ddb5-4fa4-a97d-d965ccfc6d4b" outcome="Passed" testListId="8c84fa94-04c1-424b-9868-57a2d4851a1d" relativeResultsDirectory="3b912436-7ab4-4410-80e2-a99197ea6280" />
    <UnitTestResult executionId="eb940486-ec7f-4669-a386-3c2abe5852a7" testId="9aecfd5e-2fa6-a6bb-36c6-3f8db459d4e7" testName="Microsoft.AspNetCore.Components.EventCallbackFactoryTest.Create_FuncTask_Unbound" computerName="pkrvmbietmlfzoi" duration="00:00:00.0002976" startTime="2025-07-02T21:18:24.0495328+00:00" endTime="2025-07-02T21:18:24.0499682+00:00" testType="13cdc9d9-ddb5-4fa4-a97d-d965ccfc6d4b" outcome="Passed" testListId="8c84fa94-04c1-424b-9868-57a2d4851a1d" relativeResultsDirectory="eb940486-ec7f-4669-a386-3c2abe5852a7" />
    <UnitTestResult executionId="ef8b73f6-8c78-448a-8065-62d776fa50b5" testId="68e1cb8f-726e-8055-f025-3bc54f1b35e6" testName="Microsoft.AspNetCore.Components.EventCallbackFactoryTest.CreateInferred_FuncTTask" computerName="pkrvmbietmlfzoi" duration="00:00:00.0009590" startTime="2025-07-02T21:18:24.0461890+00:00" endTime="2025-07-02T21:18:24.0489157+00:00" testType="13cdc9d9-ddb5-4fa4-a97d-d965ccfc6d4b" outcome="Passed" testListId="8c84fa94-04c1-424b-9868-57a2d4851a1d" relativeResultsDirectory="ef8b73f6-8c78-448a-8065-62d776fa50b5" />
    <UnitTestResult executionId="d752971c-531b-4c91-8de1-81a323b1e708" testId="1f8888d0-974d-1253-c62e-e8da2f6e9380" testName="Microsoft.AspNetCore.Components.BindConverterTest.FormatValue_DateTime" computerName="pkrvmbietmlfzoi" duration="00:00:00.0015126" startTime="2025-07-02T21:18:24.1899855+00:00" endTime="2025-07-02T21:18:24.1909153+00:00" testType="13cdc9d9-ddb5-4fa4-a97d-d965ccfc6d4b" outcome="Passed" testListId="8c84fa94-04c1-424b-9868-57a2d4851a1d" relativeResultsDirectory="d752971c-531b-4c91-8de1-81a323b1e708" />
    <UnitTestResult executionId="cc45b9a7-ca96-4160-b289-b36250c2d478" testId="bce2d6d3-d6e9-4a28-b02a-873c89117904" testName="Microsoft.AspNetCore.Components.ParameterViewTest.WorksWhenDynamicCodeNotSupported" computerName="pkrvmbietmlfzoi" duration="00:00:00.1364367" startTime="2025-07-02T21:18:24.0426389+00:00" endTime="2025-07-02T21:18:24.1591189+00:00" testType="13cdc9d9-ddb5-4fa4-a97d-d965ccfc6d4b" outcome="Passed" testListId="8c84fa94-04c1-424b-9868-57a2d4851a1d" relativeResultsDirectory="cc45b9a7-ca96-4160-b289-b36250c2d478" />
    <UnitTestResult executionId="38407a31-312a-4e61-aa98-fb5dbd494bbb" testId="68b9dfec-41b7-a06d-054b-ba6568f69ed0" testName="Microsoft.AspNetCore.Components.Test.DependencyInjectionTest.ThrowsForInjectablePropertiesWithoutSetter" computerName="pkrvmbietmlfzoi" duration="00:00:00.0003663" startTime="2025-07-02T21:18:24.1312591+00:00" endTime="2025-07-02T21:18:24.1313685+00:00" testType="13cdc9d9-ddb5-4fa4-a97d-d965ccfc6d4b" outcome="Passed" testListId="8c84fa94-04c1-424b-9868-57a2d4851a1d" relativeResultsDirectory="38407a31-312a-4e61-aa98-fb5dbd494bbb" />
    <UnitTestResult executionId="947ae353-9d3a-4f10-91c1-554e382d7116" testId="986596bb-7293-785e-9f6e-59417acc5c22" testName="Microsoft.AspNetCore.Components.Routing.RoutePatternParserTests.InvalidTemplate_WithMismatchedBraces(template: &quot;p}/Literal&quot;, expectedMessage: &quot;There is an incomplete parameter in the route temp&quot;···)" computerName="pkrvmbietmlfzoi" duration="00:00:00.0000348" startTime="2025-07-02T21:18:24.2597582+00:00" endTime="2025-07-02T21:18:24.2601560+00:00" testType="13cdc9d9-ddb5-4fa4-a97d-d965ccfc6d4b" outcome="Passed" testListId="8c84fa94-04c1-424b-9868-57a2d4851a1d" relativeResultsDirectory="947ae353-9d3a-4f10-91c1-554e382d7116" />
    <UnitTestResult executionId="ffc32b37-027f-4190-8e50-06c27d6e16ca" testId="c35a814e-9384-7acc-ddbe-abf15dd24711" testName="Microsoft.AspNetCore.Components.Rendering.RenderTreeBuilderTest.ProcessDuplicateAttributes_DoesNotRemoveDuplicatesWithoutAddMultipleAttributes" computerName="pkrvmbietmlfzoi" duration="00:00:00.0006009" startTime="2025-07-02T21:18:24.3850503+00:00" endTime="2025-07-02T21:18:24.3851460+00:00" testType="13cdc9d9-ddb5-4fa4-a97d-d965ccfc6d4b" outcome="Passed" testListId="8c84fa94-04c1-424b-9868-57a2d4851a1d" relativeResultsDirectory="ffc32b37-027f-4190-8e50-06c27d6e16ca" />
    <UnitTestResult executionId="79691fd7-2cec-4cce-9c70-430380794176" testId="7179ca30-eb08-1973-f624-fea8f3355f0a" testName="Microsoft.AspNetCore.Components.PersistentStateValueProviderTests.PersistAsync_CanPersistValueTypes_IntProperty" computerName="pkrvmbietmlfzoi" duration="00:00:00.0028390" startTime="2025-07-02T21:18:24.4964995+00:00" endTime="2025-07-02T21:18:24.4988306+00:00" testType="13cdc9d9-ddb5-4fa4-a97d-d965ccfc6d4b" outcome="Passed" testListId="8c84fa94-04c1-424b-9868-57a2d4851a1d" relativeResultsDirectory="79691fd7-2cec-4cce-9c70-430380794176" />
    <UnitTestResult executionId="3de36fb2-60bd-4949-bad3-4ffc25b59003" testId="ee4a139b-64d6-aff9-926b-67f81984161d" testName="Microsoft.AspNetCore.Components.Routing.RouteTableFactoryTests.ThrowsWhenCatchAllIsNotTheLastSegment(template: &quot;prefix/{*catchall}/{parameter}&quot;)" computerName="pkrvmbietmlfzoi" duration="00:00:00.0002980" startTime="2025-07-02T21:18:24.5638824+00:00" endTime="2025-07-02T21:18:24.5642871+00:00" testType="13cdc9d9-ddb5-4fa4-a97d-d965ccfc6d4b" outcome="Passed" testListId="8c84fa94-04c1-424b-9868-57a2d4851a1d" relativeResultsDirectory="3de36fb2-60bd-4949-bad3-4ffc25b59003" />
    <UnitTestResult executionId="91d68011-31f6-4c2f-90ba-5184f86e638a" testId="08f25456-1c66-a071-fe5d-652bad4ee49f" testName="Microsoft.AspNetCore.Components.EventCallbackFactoryBinderExtensionsTest.CreateBinder_NullableDateTimeOffset" computerName="pkrvmbietmlfzoi" duration="00:00:00.0022947" startTime="2025-07-02T21:18:24.4750609+00:00" endTime="2025-07-02T21:18:24.4774186+00:00" testType="13cdc9d9-ddb5-4fa4-a97d-d965ccfc6d4b" outcome="Passed" testListId="8c84fa94-04c1-424b-9868-57a2d4851a1d" relativeResultsDirectory="91d68011-31f6-4c2f-90ba-5184f86e638a" />
    <UnitTestResult executionId="8a44f3a9-351c-48d6-a972-82eee1d49d7a" testId="8be4c463-cb5a-6514-541c-31baa72d5804" testName="Microsoft.AspNetCore.Components.EventCallbackFactoryBinderExtensionsTest.CreateBinder_NullableEnum" computerName="pkrvmbietmlfzoi" duration="00:00:00.0170354" startTime="2025-07-02T21:18:24.5251918+00:00" endTime="2025-07-02T21:18:24.5406245+00:00" testType="13cdc9d9-ddb5-4fa4-a97d-d965ccfc6d4b" outcome="Passed" testListId="8c84fa94-04c1-424b-9868-57a2d4851a1d" relativeResultsDirectory="8a44f3a9-351c-48d6-a972-82eee1d49d7a" />
    <UnitTestResult executionId="145accc0-7621-4f0f-9a1a-0d39bf0d56ff" testId="d5a1b061-2809-0610-fa7b-2bdf5d153d5a" testName="Microsoft.AspNetCore.Components.Test.RouteViewTest.ThrowsIfNoRouteDataSupplied" computerName="pkrvmbietmlfzoi" duration="00:00:00.0020867" startTime="2025-07-02T21:18:24.4386217+00:00" endTime="2025-07-02T21:18:24.4404751+00:00" testType="13cdc9d9-ddb5-4fa4-a97d-d965ccfc6d4b" outcome="Passed" testListId="8c84fa94-04c1-424b-9868-57a2d4851a1d" relativeResultsDirectory="145accc0-7621-4f0f-9a1a-0d39bf0d56ff" />
    <UnitTestResult executionId="51d77a7b-e82d-4c1a-8839-fc9b2e4971c4" testId="7af25eb2-7127-3e21-cc65-c83fed2a5810" testName="Microsoft.AspNetCore.Components.Routing.RouteTableFactoryTests.SuppliesNullForUnusedHandlerParameters" computerName="pkrvmbietmlfzoi" duration="00:00:00.0005934" startTime="2025-07-02T21:18:24.5689932+00:00" endTime="2025-07-02T21:18:24.5690904+00:00" testType="13cdc9d9-ddb5-4fa4-a97d-d965ccfc6d4b" outcome="Passed" testListId="8c84fa94-04c1-424b-9868-57a2d4851a1d" relativeResultsDirectory="51d77a7b-e82d-4c1a-8839-fc9b2e4971c4" />
    <UnitTestResult executionId="ee216e69-a2eb-422e-a8b9-524c655fd601" testId="ef499aef-42f7-0728-6a9f-31627f63d83a" testName="Microsoft.AspNetCore.Components.Test.ComponentBaseTest.RunsOnParametersSetAsyncAlsoOnBaseClassWhenRendered" computerName="pkrvmbietmlfzoi" duration="00:00:00.0004808" startTime="2025-07-02T21:18:24.0981238+00:00" endTime="2025-07-02T21:18:24.0985896+00:00" testType="13cdc9d9-ddb5-4fa4-a97d-d965ccfc6d4b" outcome="Passed" testListId="8c84fa94-04c1-424b-9868-57a2d4851a1d" relativeResultsDirectory="ee216e69-a2eb-422e-a8b9-524c655fd601" />
    <UnitTestResult executionId="7e0eba3d-804e-45de-9418-19d0f9a11386" testId="8833ef68-544f-629e-ba62-4c0492854b3a" testName="Microsoft.AspNetCore.Components.RenderTree.StackObjectPoolTest.ReusesInstancesInPoolUpToCapacity" computerName="pkrvmbietmlfzoi" duration="00:00:00.0013069" startTime="2025-07-02T21:18:24.3231212+00:00" endTime="2025-07-02T21:18:24.3236162+00:00" testType="13cdc9d9-ddb5-4fa4-a97d-d965ccfc6d4b" outcome="Passed" testListId="8c84fa94-04c1-424b-9868-57a2d4851a1d" relativeResultsDirectory="7e0eba3d-804e-45de-9418-19d0f9a11386" />
    <UnitTestResult executionId="8f5e8cf6-ffdf-4ffa-9691-d03c4fca0cc8" testId="af9fd74a-a57e-8075-74d9-29b73251f52a" testName="Microsoft.AspNetCore.Components.Test.RendererTest.DisposesEventHandlersWhenOwnerComponentRemoved" computerName="pkrvmbietmlfzoi" duration="00:00:00.0224551" startTime="2025-07-02T21:18:24.2204209+00:00" endTime="2025-07-02T21:18:24.2730337+00:00" testType="13cdc9d9-ddb5-4fa4-a97d-d965ccfc6d4b" outcome="Passed" testListId="8c84fa94-04c1-424b-9868-57a2d4851a1d" relativeResultsDirectory="8f5e8cf6-ffdf-4ffa-9691-d03c4fca0cc8" />
    <UnitTestResult executionId="050ae4f2-d028-40a0-862e-418949192a2c" testId="c8868afd-ebd7-bf80-1ef4-1fcdd001e59c" testName="Microsoft.AspNetCore.Components.Rendering.RenderTreeBuilderTest.ComponentHasNoFlagsByDefault" computerName="pkrvmbietmlfzoi" duration="00:00:00.0037913" startTime="2025-07-02T21:18:24.2785941+00:00" endTime="2025-07-02T21:18:24.2847740+00:00" testType="13cdc9d9-ddb5-4fa4-a97d-d965ccfc6d4b" outcome="Passed" testListId="8c84fa94-04c1-424b-9868-57a2d4851a1d" relativeResultsDirectory="050ae4f2-d028-40a0-862e-418949192a2c" />
    <UnitTestResult executionId="05909e8d-5d14-4eeb-b5c6-96f5dcdb1f5e" testId="b32fbca2-fd96-6801-df4d-5e05fbbf16cd" testName="Microsoft.AspNetCore.Components.Rendering.RenderTreeBuilderTest.AddAttribute_Element_ObjectEventCallbackWithReceiver_AddsFrame" computerName="pkrvmbietmlfzoi" duration="00:00:00.0022093" startTime="2025-07-02T21:18:24.2200790+00:00" endTime="2025-07-02T21:18:24.2201279+00:00" testType="13cdc9d9-ddb5-4fa4-a97d-d965ccfc6d4b" outcome="Passed" testListId="8c84fa94-04c1-424b-9868-57a2d4851a1d" relativeResultsDirectory="05909e8d-5d14-4eeb-b5c6-96f5dcdb1f5e" />
    <UnitTestResult executionId="53dab914-57f2-4afe-acf1-c021a40c7f91" testId="18ab6519-8e78-4ae0-2836-31bcbe5e86b8" testName="Microsoft.AspNetCore.Components.Routing.QueryParameterValueSupplierTest.SuppliesNullForValueTypesIfNotSpecified(query: &quot;&quot;)" computerName="pkrvmbietmlfzoi" duration="00:00:00.0058212" startTime="2025-07-02T21:18:24.1397678+00:00" endTime="2025-07-02T21:18:24.1454261+00:00" testType="13cdc9d9-ddb5-4fa4-a97d-d965ccfc6d4b" outcome="Passed" testListId="8c84fa94-04c1-424b-9868-57a2d4851a1d" relativeResultsDirectory="53dab914-57f2-4afe-acf1-c021a40c7f91" />
    <UnitTestResult executionId="c78a8c37-f84a-4579-9dff-d29cf5dfcd7b" testId="2fd84072-b7ae-5b84-3b19-88f2c791dcf8" testName="Microsoft.AspNetCore.Components.Rendering.RenderTreeBuilderTest.AddAttribute_Element_ObjectEventCallbackOfT_AddsFrame" computerName="pkrvmbietmlfzoi" duration="00:00:00.0012970" startTime="2025-07-02T21:18:24.2018664+00:00" endTime="2025-07-02T21:18:24.2019752+00:00" testType="13cdc9d9-ddb5-4fa4-a97d-d965ccfc6d4b" outcome="Passed" testListId="8c84fa94-04c1-424b-9868-57a2d4851a1d" relativeResultsDirectory="c78a8c37-f84a-4579-9dff-d29cf5dfcd7b" />
    <UnitTestResult executionId="0161f166-c92f-46bc-a374-cc95e6a70d94" testId="fb1ea6d3-ed55-3e3c-01db-435ecf109149" testName="Microsoft.AspNetCore.Components.Test.RendererTest.RenderingExceptionsCanBeHandledByClosestErrorBoundary" computerName="pkrvmbietmlfzoi" duration="00:00:00.0033990" startTime="2025-07-02T21:18:24.7637823+00:00" endTime="2025-07-02T21:18:24.7671626+00:00" testType="13cdc9d9-ddb5-4fa4-a97d-d965ccfc6d4b" outcome="Passed" testListId="8c84fa94-04c1-424b-9868-57a2d4851a1d" relativeResultsDirectory="0161f166-c92f-46bc-a374-cc95e6a70d94" />
    <UnitTestResult executionId="32469ddf-c9c0-47fc-b324-792e47a2851b" testId="69de5064-9530-8522-5aca-3f925924187c" testName="Microsoft.AspNetCore.Components.RenderTree.ArrayBuilderTest.Overwrite_Works" computerName="pkrvmbietmlfzoi" duration="00:00:00.0003708" startTime="2025-07-02T21:18:24.0040831+00:00" endTime="2025-07-02T21:18:24.0041907+00:00" testType="13cdc9d9-ddb5-4fa4-a97d-d965ccfc6d4b" outcome="Passed" testListId="8c84fa94-04c1-424b-9868-57a2d4851a1d" relativeResultsDirectory="32469ddf-c9c0-47fc-b324-792e47a2851b" />
    <UnitTestResult executionId="923da9e4-b161-4b23-9646-6d3ca0b631b6" testId="8d1ec54f-6f2e-8913-a64b-6938483c7bdf" testName="Microsoft.AspNetCore.Components.Routing.QueryParameterValueSupplierTest.RejectsUnparseableArrayEntries(key: &quot;DateTimeVals&quot;, validValue: &quot;2020-02-28&quot;, invalidValue: &quot;2020-02-31&quot;, targetType: typeof(System.DateTime))" computerName="pkrvmbietmlfzoi" duration="00:00:00.0000536" startTime="2025-07-02T21:18:24.1344367+00:00" endTime="2025-07-02T21:18:24.1345609+00:00" testType="13cdc9d9-ddb5-4fa4-a97d-d965ccfc6d4b" outcome="Passed" testListId="8c84fa94-04c1-424b-9868-57a2d4851a1d" relativeResultsDirectory="923da9e4-b161-4b23-9646-6d3ca0b631b6" />
    <UnitTestResult executionId="ff3284a9-ff09-4d2b-b27a-57e947cfc12a" testId="126e9b27-9086-add0-76df-2e01519124fe" testName="Microsoft.AspNetCore.Components.RenderTree.ArrayBuilderTest.DoubleDispose_DoesNotReturnBufferTwice" computerName="pkrvmbietmlfzoi" duration="00:00:00.0001827" startTime="2025-07-02T21:18:24.0015809+00:00" endTime="2025-07-02T21:18:24.0016540+00:00" testType="13cdc9d9-ddb5-4fa4-a97d-d965ccfc6d4b" outcome="Passed" testListId="8c84fa94-04c1-424b-9868-57a2d4851a1d" relativeResultsDirectory="ff3284a9-ff09-4d2b-b27a-57e947cfc12a" />
    <UnitTestResult executionId="1f7badd3-64ca-49da-a133-4501d129f417" testId="e0223052-f40e-90bb-44ff-bfaca7443ea2" testName="Microsoft.AspNetCore.Components.ParameterViewTest.NoIncomingParameterMatchesDeclaredParameter_LeavesValueUnchanged" computerName="pkrvmbietmlfzoi" duration="00:00:00.0182299" startTime="2025-07-02T21:18:23.8209781+00:00" endTime="2025-07-02T21:18:23.9573303+00:00" testType="13cdc9d9-ddb5-4fa4-a97d-d965ccfc6d4b" outcome="Passed" testListId="8c84fa94-04c1-424b-9868-57a2d4851a1d" relativeResultsDirectory="1f7badd3-64ca-49da-a133-4501d129f417" />
    <UnitTestResult executionId="22453b7c-f4c8-4fcd-a29b-0ed1f7df2e4a" testId="f981ef23-60f4-612d-88c7-df81d7933025" testName="Microsoft.AspNetCore.Components.EventCallbackFactoryBinderExtensionsTest.CreateBinder_NullableDateTime" computerName="pkrvmbietmlfzoi" duration="00:00:00.0023437" startTime="2025-07-02T21:18:24.4997849+00:00" endTime="2025-07-02T21:18:24.5025850+00:00" testType="13cdc9d9-ddb5-4fa4-a97d-d965ccfc6d4b" outcome="Passed" testListId="8c84fa94-04c1-424b-9868-57a2d4851a1d" relativeResultsDirectory="22453b7c-f4c8-4fcd-a29b-0ed1f7df2e4a" />
    <UnitTestResult executionId="45745d5e-f43b-429d-adc8-03ef92037ffb" testId="bc1d743c-a713-9956-587a-90ce63485ccd" testName="Microsoft.AspNetCore.Components.ComponentFactoryTest.InstantiateComponent_CreatesInstance_WithCustomActivator" computerName="pkrvmbietmlfzoi" duration="00:00:00.0002782" startTime="2025-07-02T21:18:24.1448470+00:00" endTime="2025-07-02T21:18:24.1449726+00:00" testType="13cdc9d9-ddb5-4fa4-a97d-d965ccfc6d4b" outcome="Passed" testListId="8c84fa94-04c1-424b-9868-57a2d4851a1d" relativeResultsDirectory="45745d5e-f43b-429d-adc8-03ef92037ffb" />
    <UnitTestResult executionId="e6ecf739-3375-446d-8ead-cc4d5cc0c86f" testId="78ec1d94-5126-b998-bdea-4ccf472722de" testName="Microsoft.AspNetCore.Components.NavigationManagerTest.ComputesCorrectBaseUri(baseUri: &quot;scheme://host/path/&quot;, expectedResult: &quot;scheme://host/path/&quot;)" computerName="pkrvmbietmlfzoi" duration="00:00:00.0000081" startTime="2025-07-02T21:18:23.9807551+00:00" endTime="2025-07-02T21:18:23.9808026+00:00" testType="13cdc9d9-ddb5-4fa4-a97d-d965ccfc6d4b" outcome="Passed" testListId="8c84fa94-04c1-424b-9868-57a2d4851a1d" relativeResultsDirectory="e6ecf739-3375-446d-8ead-cc4d5cc0c86f" />
    <UnitTestResult executionId="7a576f8f-8e7f-4593-9b0f-ca43918b019b" testId="1846f0e2-ad28-cf26-458d-b7afdec0a603" testName="Microsoft.AspNetCore.Components.Test.RenderTreeDiffBuilderTest.RecognizesKeyedComponentInsertionsBeforeUnchangedNonKeyedComponent" computerName="pkrvmbietmlfzoi" duration="00:00:00.0006653" startTime="2025-07-02T21:18:24.4743007+00:00" endTime="2025-07-02T21:18:24.4759622+00:00" testType="13cdc9d9-ddb5-4fa4-a97d-d965ccfc6d4b" outcome="Passed" testListId="8c84fa94-04c1-424b-9868-57a2d4851a1d" relativeResultsDirectory="7a576f8f-8e7f-4593-9b0f-ca43918b019b" />
    <UnitTestResult executionId="386f6d4f-5519-40e3-90e6-45bc4f564fb7" testId="cd2125a8-dd28-e8ad-cef1-fab6282540fa" testName="Microsoft.AspNetCore.Components.ParameterViewTest.HasRemovedDirectParameters_ParameterReplaced" computerName="pkrvmbietmlfzoi" duration="00:00:00.0006349" startTime="2025-07-02T21:18:24.0184271+00:00" endTime="2025-07-02T21:18:24.0185407+00:00" testType="13cdc9d9-ddb5-4fa4-a97d-d965ccfc6d4b" outcome="Passed" testListId="8c84fa94-04c1-424b-9868-57a2d4851a1d" relativeResultsDirectory="386f6d4f-5519-40e3-90e6-45bc4f564fb7" />
    <UnitTestResult executionId="6de19a15-ed4d-48c9-8ace-275869645d13" testId="ae0b7b88-d28a-0c6a-d7b5-b6074453b325" testName="Microsoft.AspNetCore.Components.Test.RenderTreeDiffBuilderTest.RecognizesOldItemsBeingRemoved" computerName="pkrvmbietmlfzoi" duration="00:00:00.0046745" startTime="2025-07-02T21:18:24.3553475+00:00" endTime="2025-07-02T21:18:24.3620178+00:00" testType="13cdc9d9-ddb5-4fa4-a97d-d965ccfc6d4b" outcome="Passed" testListId="8c84fa94-04c1-424b-9868-57a2d4851a1d" relativeResultsDirectory="6de19a15-ed4d-48c9-8ace-275869645d13" />
    <UnitTestResult executionId="65e10acc-306e-4626-9d90-91a3a43bcf99" testId="d5660f8e-df83-16a9-1ec1-a39dd8975d93" testName="Microsoft.AspNetCore.Components.Rendering.RenderTreeBuilderTest.CanAddChildComponentsUsingTypeArgument" computerName="pkrvmbietmlfzoi" duration="00:00:00.0112434" startTime="2025-07-02T21:18:24.2468751+00:00" endTime="2025-07-02T21:18:24.2726485+00:00" testType="13cdc9d9-ddb5-4fa4-a97d-d965ccfc6d4b" outcome="Passed" testListId="8c84fa94-04c1-424b-9868-57a2d4851a1d" relativeResultsDirectory="65e10acc-306e-4626-9d90-91a3a43bcf99" />
    <UnitTestResult executionId="a875c705-c060-49a4-b285-54ea0dbb4c0d" testId="698be713-7c8c-a4d5-ca15-109742b446a6" testName="Microsoft.AspNetCore.Components.Test.RendererTest.ExceptionsThrownSynchronouslyFromMultipleComponentsCanBeHandled" computerName="pkrvmbietmlfzoi" duration="00:00:00.0239189" startTime="2025-07-02T21:18:24.1786425+00:00" endTime="2025-07-02T21:18:24.1957329+00:00" testType="13cdc9d9-ddb5-4fa4-a97d-d965ccfc6d4b" outcome="Passed" testListId="8c84fa94-04c1-424b-9868-57a2d4851a1d" relativeResultsDirectory="a875c705-c060-49a4-b285-54ea0dbb4c0d" />
    <UnitTestResult executionId="9bc750ef-4457-4604-8a8c-9b57f69da2e7" testId="c39998c7-59d1-3884-496a-ced476601085" testName="Microsoft.AspNetCore.Components.Test.CascadingParameterTest.CanHaveManySubscribers(numSubscribers: 64)" computerName="pkrvmbietmlfzoi" duration="00:00:00.0015770" startTime="2025-07-02T21:18:24.4099247+00:00" endTime="2025-07-02T21:18:24.4115056+00:00" testType="13cdc9d9-ddb5-4fa4-a97d-d965ccfc6d4b" outcome="Passed" testListId="8c84fa94-04c1-424b-9868-57a2d4851a1d" relativeResultsDirectory="9bc750ef-4457-4604-8a8c-9b57f69da2e7" />
    <UnitTestResult executionId="1a608ac8-06ac-4013-ae72-515f4a088bae" testId="ac8a09f0-5e61-decb-d06b-aadb102dc985" testName="Microsoft.AspNetCore.Components.Test.RendererTest.DispatchEventAsync_EventCallback_AsynchronousException" computerName="pkrvmbietmlfzoi" duration="00:00:00.0030250" startTime="2025-07-02T21:18:24.7604826+00:00" endTime="2025-07-02T21:18:24.7635577+00:00" testType="13cdc9d9-ddb5-4fa4-a97d-d965ccfc6d4b" outcome="Passed" testListId="8c84fa94-04c1-424b-9868-57a2d4851a1d" relativeResultsDirectory="1a608ac8-06ac-4013-ae72-515f4a088bae" />
    <UnitTestResult executionId="fc7fabcb-cf13-4ba5-bdff-fe1a5e5ccacf" testId="fb6a888f-3f0e-5222-cc4c-163e04022e10" testName="Microsoft.AspNetCore.Components.Routing.RouteTableFactoryTests.DoesNotThrowForNonAmbiguousRoutes(first: &quot;{param}/{*catchAll}&quot;, second: &quot;{param}/{optional?}&quot;)" computerName="pkrvmbietmlfzoi" duration="00:00:00.0004130" startTime="2025-07-02T21:18:24.5152768+00:00" endTime="2025-07-02T21:18:24.5157569+00:00" testType="13cdc9d9-ddb5-4fa4-a97d-d965ccfc6d4b" outcome="Passed" testListId="8c84fa94-04c1-424b-9868-57a2d4851a1d" relativeResultsDirectory="fc7fabcb-cf13-4ba5-bdff-fe1a5e5ccacf" />
    <UnitTestResult executionId="823bc716-7a4f-452f-b979-730491c3e3f1" testId="d4ebb818-3d73-36c8-00c0-19cf2def6827" testName="Microsoft.AspNetCore.Components.BindConverterTest.FormatValue_Bool_Generic" computerName="pkrvmbietmlfzoi" duration="00:00:00.0063293" startTime="2025-07-02T21:18:24.1847423+00:00" endTime="2025-07-02T21:18:24.1888017+00:00" testType="13cdc9d9-ddb5-4fa4-a97d-d965ccfc6d4b" outcome="Passed" testListId="8c84fa94-04c1-424b-9868-57a2d4851a1d" relativeResultsDirectory="823bc716-7a4f-452f-b979-730491c3e3f1" />
    <UnitTestResult executionId="ee6e9474-0753-45cf-95b5-846a67d9c0bb" testId="5b90c1d8-8835-03a2-b0d1-18389db2169b" testName="Microsoft.AspNetCore.Components.EventCallbackFactoryTest.CreateT_EventCallback_ReturnsInput" computerName="pkrvmbietmlfzoi" duration="00:00:00.0002863" startTime="2025-07-02T21:18:24.0850901+00:00" endTime="2025-07-02T21:18:24.0855985+00:00" testType="13cdc9d9-ddb5-4fa4-a97d-d965ccfc6d4b" outcome="Passed" testListId="8c84fa94-04c1-424b-9868-57a2d4851a1d" relativeResultsDirectory="ee6e9474-0753-45cf-95b5-846a67d9c0bb" />
    <UnitTestResult executionId="2afc7015-33ea-4a92-9288-f52053961133" testId="c0a10c5d-987b-cbeb-19c6-612af8b241de" testName="Microsoft.AspNetCore.Components.ParameterViewTest.Clone_ParameterPreservesOrder" computerName="pkrvmbietmlfzoi" duration="00:00:00.0019819" startTime="2025-07-02T21:18:24.0150046+00:00" endTime="2025-07-02T21:18:24.0155161+00:00" testType="13cdc9d9-ddb5-4fa4-a97d-d965ccfc6d4b" outcome="Passed" testListId="8c84fa94-04c1-424b-9868-57a2d4851a1d" relativeResultsDirectory="2afc7015-33ea-4a92-9288-f52053961133" />
    <UnitTestResult executionId="e4c1157c-9280-4328-9f03-15f8c815091c" testId="8711884e-02d6-84da-2a3c-72030d6d92dd" testName="Microsoft.AspNetCore.Components.NavigationManagerTest.GetUriWithQueryParameter_ThrowsWhenNameIsNullOrEmpty(name: null)" computerName="pkrvmbietmlfzoi" duration="00:00:00.0223142" startTime="2025-07-02T21:18:24.1556242+00:00" endTime="2025-07-02T21:18:24.1573901+00:00" testType="13cdc9d9-ddb5-4fa4-a97d-d965ccfc6d4b" outcome="Passed" testListId="8c84fa94-04c1-424b-9868-57a2d4851a1d" relativeResultsDirectory="e4c1157c-9280-4328-9f03-15f8c815091c" />
    <UnitTestResult executionId="ba7b021a-0dcd-45bd-bbba-19c984a53791" testId="52aee1a2-31a0-f3c6-6395-196c2c9cc229" testName="Microsoft.AspNetCore.Components.Rendering.ArrayBuilderSegmentTest.StillWorksAfterUnderlyingCapacityChange" computerName="pkrvmbietmlfzoi" duration="00:00:00.0006164" startTime="2025-07-02T21:18:24.1695373+00:00" endTime="2025-07-02T21:18:24.1696545+00:00" testType="13cdc9d9-ddb5-4fa4-a97d-d965ccfc6d4b" outcome="Passed" testListId="8c84fa94-04c1-424b-9868-57a2d4851a1d" relativeResultsDirectory="ba7b021a-0dcd-45bd-bbba-19c984a53791" />
    <UnitTestResult executionId="e503b483-fce2-4adb-8dc7-7e40de5a6ed5" testId="452d884b-ac05-1868-5528-0f831d9a3142" testName="Microsoft.AspNetCore.Components.NavigationManagerTest.ComputesCorrectValidBaseRelativePaths(baseUri: &quot;scheme://host/path/&quot;, uri: &quot;scheme://host/path&quot;, expectedResult: &quot;&quot;)" computerName="pkrvmbietmlfzoi" duration="00:00:00.0000158" startTime="2025-07-02T21:18:24.0100532+00:00" endTime="2025-07-02T21:18:24.0101504+00:00" testType="13cdc9d9-ddb5-4fa4-a97d-d965ccfc6d4b" outcome="Passed" testListId="8c84fa94-04c1-424b-9868-57a2d4851a1d" relativeResultsDirectory="e503b483-fce2-4adb-8dc7-7e40de5a6ed5" />
    <UnitTestResult executionId="69c7c59f-b07e-4014-9837-9c0c77ed5ac8" testId="28374e96-3231-6de2-97b5-ed5b9d438372" testName="Microsoft.AspNetCore.Components.BindConverterTest.TryConvertTo_NullableGuid_ValidEmptyOrNull(incomingValue: &quot;&quot;)" computerName="pkrvmbietmlfzoi" duration="00:00:00.0017690" startTime="2025-07-02T21:18:24.2120920+00:00" endTime="2025-07-02T21:18:24.2152135+00:00" testType="13cdc9d9-ddb5-4fa4-a97d-d965ccfc6d4b" outcome="Passed" testListId="8c84fa94-04c1-424b-9868-57a2d4851a1d" relativeResultsDirectory="69c7c59f-b07e-4014-9837-9c0c77ed5ac8" />
    <UnitTestResult executionId="e31d5494-afb9-4239-bf48-ba067e78e9a1" testId="ec9464fa-54e9-5e57-2c0c-f67ca173717c" testName="Microsoft.AspNetCore.Components.Test.RenderTreeDiffBuilderTest.RecognizesLeadingLoopBlockItemsBeingRemoved" computerName="pkrvmbietmlfzoi" duration="00:00:00.0005137" startTime="2025-07-02T21:18:24.3118401+00:00" endTime="2025-07-02T21:18:24.3142446+00:00" testType="13cdc9d9-ddb5-4fa4-a97d-d965ccfc6d4b" outcome="Passed" testListId="8c84fa94-04c1-424b-9868-57a2d4851a1d" relativeResultsDirectory="e31d5494-afb9-4239-bf48-ba067e78e9a1" />
    <UnitTestResult executionId="389f8872-e391-416e-9418-6675450e0cbd" testId="0f48a21b-1e86-63a2-d0ee-bcb5b2715fdb" testName="Microsoft.AspNetCore.Components.EventCallbackTest.EventCallbackOfT_FuncTTask_Null" computerName="pkrvmbietmlfzoi" duration="00:00:00.0038754" startTime="2025-07-02T21:18:24.3458055+00:00" endTime="2025-07-02T21:18:24.3494657+00:00" testType="13cdc9d9-ddb5-4fa4-a97d-d965ccfc6d4b" outcome="Passed" testListId="8c84fa94-04c1-424b-9868-57a2d4851a1d" relativeResultsDirectory="389f8872-e391-416e-9418-6675450e0cbd" />
    <UnitTestResult executionId="ed87ae82-ce47-4bb3-b311-78ee33e21d62" testId="5875fd9b-f733-e8be-11e6-9e711dad7bc3" testName="Microsoft.AspNetCore.Components.Rendering.RenderTreeBuilderTest.AddAttribute_Element_ObjectBoolFalse_IgnoresFrame" computerName="pkrvmbietmlfzoi" duration="00:00:00.0003678" startTime="2025-07-02T21:18:24.2114215+00:00" endTime="2025-07-02T21:18:24.2115438+00:00" testType="13cdc9d9-ddb5-4fa4-a97d-d965ccfc6d4b" outcome="Passed" testListId="8c84fa94-04c1-424b-9868-57a2d4851a1d" relativeResultsDirectory="ed87ae82-ce47-4bb3-b311-78ee33e21d62" />
    <UnitTestResult executionId="b9d27207-c95c-4bde-8c8e-e6a203b727d2" testId="c4a71f90-a1b5-33db-47e1-d661fe488bfd" testName="Microsoft.AspNetCore.Components.Test.DependencyInjectionTest.SetsInheritedInjectableProperties" computerName="pkrvmbietmlfzoi" duration="00:00:00.0027521" startTime="2025-07-02T21:18:24.1272915+00:00" endTime="2025-07-02T21:18:24.1310223+00:00" testType="13cdc9d9-ddb5-4fa4-a97d-d965ccfc6d4b" outcome="Passed" testListId="8c84fa94-04c1-424b-9868-57a2d4851a1d" relativeResultsDirectory="b9d27207-c95c-4bde-8c8e-e6a203b727d2" />
    <UnitTestResult executionId="25c62c9e-1518-47b2-82dc-deb426a61595" testId="4d556cfe-854e-c787-4581-c33346532a5d" testName="Microsoft.AspNetCore.Components.NavigationManagerTest.LocationChangingHandlers_CanContinueTheNavigationSynchronously_WhenOneHandlerIsRegistered" computerName="pkrvmbietmlfzoi" duration="00:00:00.0003974" startTime="2025-07-02T21:18:24.0446995+00:00" endTime="2025-07-02T21:18:24.0448118+00:00" testType="13cdc9d9-ddb5-4fa4-a97d-d965ccfc6d4b" outcome="Passed" testListId="8c84fa94-04c1-424b-9868-57a2d4851a1d" relativeResultsDirectory="25c62c9e-1518-47b2-82dc-deb426a61595" />
    <UnitTestResult executionId="4d35745a-310e-444d-9c6a-be4ae28ac779" testId="7e560910-18ba-7409-cc96-344ad0715c1f" testName="Microsoft.AspNetCore.Components.Test.RendererTest.ReRendersChildComponentsWhenPropertiesChange" computerName="pkrvmbietmlfzoi" duration="00:00:00.0007035" startTime="2025-07-02T21:18:25.8497376+00:00" endTime="2025-07-02T21:18:25.8504154+00:00" testType="13cdc9d9-ddb5-4fa4-a97d-d965ccfc6d4b" outcome="Passed" testListId="8c84fa94-04c1-424b-9868-57a2d4851a1d" relativeResultsDirectory="4d35745a-310e-444d-9c6a-be4ae28ac779" />
    <UnitTestResult executionId="b5c0288e-91b6-4f9f-9a4a-91f9a885a164" testId="1e6887f7-d6e0-ff10-8138-aae4dcb4b007" testName="Microsoft.AspNetCore.Components.Rendering.RenderTreeBuilderTest.CannotAddElementReferenceCaptureInsideComponent" computerName="pkrvmbietmlfzoi" duration="00:00:00.0004309" startTime="2025-07-02T21:18:24.3619298+00:00" endTime="2025-07-02T21:18:24.3623178+00:00" testType="13cdc9d9-ddb5-4fa4-a97d-d965ccfc6d4b" outcome="Passed" testListId="8c84fa94-04c1-424b-9868-57a2d4851a1d" relativeResultsDirectory="b5c0288e-91b6-4f9f-9a4a-91f9a885a164" />
    <UnitTestResult executionId="a6562404-1af5-4431-8791-629512da1a4e" testId="7db44fff-c010-6e1f-c591-b0c7b45efced" testName="Microsoft.AspNetCore.Components.NavigationManagerTest.LocationChangingHandlers_CanCancelTheNavigationSynchronously_WhenOneHandlerIsRegistered" computerName="pkrvmbietmlfzoi" duration="00:00:00.0003084" startTime="2025-07-02T21:18:24.1793970+00:00" endTime="2025-07-02T21:18:24.1820497+00:00" testType="13cdc9d9-ddb5-4fa4-a97d-d965ccfc6d4b" outcome="Passed" testListId="8c84fa94-04c1-424b-9868-57a2d4851a1d" relativeResultsDirectory="a6562404-1af5-4431-8791-629512da1a4e" />
    <UnitTestResult executionId="e4d4cd38-8353-4279-92dd-b29e32a90bc1" testId="98ac3c5d-c0d0-f78a-4080-5f1e368b87ba" testName="Microsoft.AspNetCore.Components.ParameterViewTest.IncomingParameterValueMismatchesDeclaredParameterType_Throws" computerName="pkrvmbietmlfzoi" duration="00:00:00.0019025" startTime="2025-07-02T21:18:23.9925714+00:00" endTime="2025-07-02T21:18:23.9952417+00:00" testType="13cdc9d9-ddb5-4fa4-a97d-d965ccfc6d4b" outcome="Passed" testListId="8c84fa94-04c1-424b-9868-57a2d4851a1d" relativeResultsDirectory="e4d4cd38-8353-4279-92dd-b29e32a90bc1" />
    <UnitTestResult executionId="2487bd79-ffad-4be6-9288-fee315d769d1" testId="3c833b0f-7562-cd20-cdba-54fcf6f967ba" testName="Microsoft.AspNetCore.Components.Routing.RouterTest.AlreadyCanceledOnNavigateAsyncDoesNothing" computerName="pkrvmbietmlfzoi" duration="00:00:00.0268914" startTime="2025-07-02T21:18:24.1971475+00:00" endTime="2025-07-02T21:18:24.2239693+00:00" testType="13cdc9d9-ddb5-4fa4-a97d-d965ccfc6d4b" outcome="Passed" testListId="8c84fa94-04c1-424b-9868-57a2d4851a1d" relativeResultsDirectory="2487bd79-ffad-4be6-9288-fee315d769d1" />
    <UnitTestResult executionId="df5b04be-a2e3-4e4e-a3e2-c17538f25ec7" testId="81ce516b-61af-f7c6-0950-d181cffbf745" testName="Microsoft.AspNetCore.Components.Test.RendererTest.EventDispatching_EventCallback_MethodToDelegateConversion" computerName="pkrvmbietmlfzoi" duration="00:00:00.0016146" startTime="2025-07-02T21:18:24.5225959+00:00" endTime="2025-07-02T21:18:24.5252934+00:00" testType="13cdc9d9-ddb5-4fa4-a97d-d965ccfc6d4b" outcome="Passed" testListId="8c84fa94-04c1-424b-9868-57a2d4851a1d" relativeResultsDirectory="df5b04be-a2e3-4e4e-a3e2-c17538f25ec7" />
    <UnitTestResult executionId="4b8620ac-6a3d-48ff-a335-847c8a16df21" testId="07b9b62b-6ccb-9e5f-65bf-12a815afe446" testName="Microsoft.AspNetCore.Components.Routing.QueryParameterValueSupplierTest.RejectsUnparseableArrayEntries(key: &quot;NullableLongVals&quot;, validValue: &quot;-1234&quot;, invalidValue: &quot;this+is+a+long+value&quot;, targetType: typeof(long?))" computerName="pkrvmbietmlfzoi" duration="00:00:00.0000558" startTime="2025-07-02T21:18:24.1321876+00:00" endTime="2025-07-02T21:18:24.1322880+00:00" testType="13cdc9d9-ddb5-4fa4-a97d-d965ccfc6d4b" outcome="Passed" testListId="8c84fa94-04c1-424b-9868-57a2d4851a1d" relativeResultsDirectory="4b8620ac-6a3d-48ff-a335-847c8a16df21" />
    <UnitTestResult executionId="0146191a-9ce3-455e-b503-aa0c603d9e6f" testId="2cddd469-a0f2-9264-213a-2de34700270e" testName="Microsoft.AspNetCore.Components.ComponentsMetricsTest.FailEventSync_RecordsErrorMetric" computerName="pkrvmbietmlfzoi" duration="00:00:00.0140766" startTime="2025-07-02T21:18:24.3582615+00:00" endTime="2025-07-02T21:18:24.3818625+00:00" testType="13cdc9d9-ddb5-4fa4-a97d-d965ccfc6d4b" outcome="Passed" testListId="8c84fa94-04c1-424b-9868-57a2d4851a1d" relativeResultsDirectory="0146191a-9ce3-455e-b503-aa0c603d9e6f" />
    <UnitTestResult executionId="5da57589-d579-421d-9111-0ecee037c98d" testId="6f8db2a7-071c-d418-c1ae-5a64ece4fd33" testName="Microsoft.AspNetCore.Components.Routing.RouteTableFactoryTests.PrefersRoutesThatMatchMoreSegments" computerName="pkrvmbietmlfzoi" duration="00:00:00.0005056" startTime="2025-07-02T21:18:24.5949877+00:00" endTime="2025-07-02T21:18:24.5950608+00:00" testType="13cdc9d9-ddb5-4fa4-a97d-d965ccfc6d4b" outcome="Passed" testListId="8c84fa94-04c1-424b-9868-57a2d4851a1d" relativeResultsDirectory="5da57589-d579-421d-9111-0ecee037c98d" />
    <UnitTestResult executionId="ae7473fb-7be3-46c0-bd9e-67d012dc5c33" testId="94a81240-e8ee-1fd0-6ba9-374b081fbc95" testName="Microsoft.AspNetCore.Components.Test.CascadingParameterTest.CanSupplyCascadingValueFromServiceProvider" computerName="pkrvmbietmlfzoi" duration="00:00:00.0040305" startTime="2025-07-02T21:18:24.4347920+00:00" endTime="2025-07-02T21:18:24.4386961+00:00" testType="13cdc9d9-ddb5-4fa4-a97d-d965ccfc6d4b" outcome="Passed" testListId="8c84fa94-04c1-424b-9868-57a2d4851a1d" relativeResultsDirectory="ae7473fb-7be3-46c0-bd9e-67d012dc5c33" />
    <UnitTestResult executionId="678b9b78-2918-4a7b-ad4f-c5a7abbea492" testId="0af89d2f-3c16-7d42-a0f5-a711e4c2d4f9" testName="Microsoft.AspNetCore.Components.EventCallbackFactoryBinderExtensionsTest.CreateBinder_Enum" computerName="pkrvmbietmlfzoi" duration="00:00:00.0103043" startTime="2025-07-02T21:18:24.3734095+00:00" endTime="2025-07-02T21:18:24.3898491+00:00" testType="13cdc9d9-ddb5-4fa4-a97d-d965ccfc6d4b" outcome="Passed" testListId="8c84fa94-04c1-424b-9868-57a2d4851a1d" relativeResultsDirectory="678b9b78-2918-4a7b-ad4f-c5a7abbea492" />
    <UnitTestResult executionId="ca544365-7028-4619-8da0-0c6846f0f6c8" testId="b10f248a-72b4-80bc-d772-2a647c32a39f" testName="Microsoft.AspNetCore.Components.Routing.RoutePatternParserTests.InvalidTemplate_CatchAllParamWithIncorrectPlacedAsterisks(template: &quot;/test/{a}/{*b*c}&quot;, lastParameter: &quot;b*c&quot;)" computerName="pkrvmbietmlfzoi" duration="00:00:00.0040984" startTime="2025-07-02T21:18:24.2696564+00:00" endTime="2025-07-02T21:18:24.2741855+00:00" testType="13cdc9d9-ddb5-4fa4-a97d-d965ccfc6d4b" outcome="Passed" testListId="8c84fa94-04c1-424b-9868-57a2d4851a1d" relativeResultsDirectory="ca544365-7028-4619-8da0-0c6846f0f6c8" />
    <UnitTestResult executionId="7510c59f-8436-4613-95ca-860ad439bf8d" testId="1080a8fb-c4f5-1740-e9b9-cd24db7a0bc9" testName="Microsoft.AspNetCore.Components.PersistentStateValueProviderTests.PersistAsync_CanPersistMultipleComponentsOfSameType_SupportsDifferentKeyTypes(componentKey1: &quot;aaaaaaaaaaaaaaaaaaaaaaaaaaaaaaaaaaaaaaaaaaaaaaaaaa&quot;···, componentKey2: &quot;bbbbbbbbbbbbbbbbbbbbbbbbbbbbbbbbbbbbbbbbbbbbbbbbbb&quot;···)" computerName="pkrvmbietmlfzoi" duration="00:00:00.0005416" startTime="2025-07-02T21:18:24.5328842+00:00" endTime="2025-07-02T21:18:24.5332696+00:00" testType="13cdc9d9-ddb5-4fa4-a97d-d965ccfc6d4b" outcome="Passed" testListId="8c84fa94-04c1-424b-9868-57a2d4851a1d" relativeResultsDirectory="7510c59f-8436-4613-95ca-860ad439bf8d" />
    <UnitTestResult executionId="e6c54014-18b6-46de-a0cb-1e7474e80418" testId="1399327c-3b4c-e3a2-679b-5038749a13be" testName="Microsoft.AspNetCore.Components.Routing.QueryParameterValueSupplierTest.SupportsExpectedArrayTypes" computerName="pkrvmbietmlfzoi" duration="00:00:00.0961777" startTime="2025-07-02T21:18:24.1464943+00:00" endTime="2025-07-02T21:18:24.2001585+00:00" testType="13cdc9d9-ddb5-4fa4-a97d-d965ccfc6d4b" outcome="Passed" testListId="8c84fa94-04c1-424b-9868-57a2d4851a1d" relativeResultsDirectory="e6c54014-18b6-46de-a0cb-1e7474e80418" />
    <UnitTestResult executionId="5df19a14-b158-43aa-aa74-0095ad0b9d91" testId="72cc5b50-54c9-3c8a-ddf0-28c5c8ad5f24" testName="Microsoft.AspNetCore.Components.PersistentState.PersistentServicesRegistryTest.PersistStateAsync_RestoresStateForPersistedRegistrations" computerName="pkrvmbietmlfzoi" duration="00:00:00.0025243" startTime="2025-07-02T21:18:24.3817671+00:00" endTime="2025-07-02T21:18:24.3859629+00:00" testType="13cdc9d9-ddb5-4fa4-a97d-d965ccfc6d4b" outcome="Passed" testListId="8c84fa94-04c1-424b-9868-57a2d4851a1d" relativeResultsDirectory="5df19a14-b158-43aa-aa74-0095ad0b9d91" />
    <UnitTestResult executionId="62251913-a301-4b2f-8e22-cb40aa37f477" testId="4586b572-c1be-31af-92a2-3c11f0c75a90" testName="Microsoft.AspNetCore.Components.Test.ComponentBaseTest.RunsOnParametersSetWhenRendered" computerName="pkrvmbietmlfzoi" duration="00:00:00.0004833" startTime="2025-07-02T21:18:24.1234382+00:00" endTime="2025-07-02T21:18:24.1235710+00:00" testType="13cdc9d9-ddb5-4fa4-a97d-d965ccfc6d4b" outcome="Passed" testListId="8c84fa94-04c1-424b-9868-57a2d4851a1d" relativeResultsDirectory="62251913-a301-4b2f-8e22-cb40aa37f477" />
    <UnitTestResult executionId="ebeabe9b-f6d5-4c0d-8f6a-b62f01c2128b" testId="578e4937-09fb-d108-a077-30407429910a" testName="Microsoft.AspNetCore.Components.ComponentFactoryTest.InstantiateComponent_ThrowsForNullInstance" computerName="pkrvmbietmlfzoi" duration="00:00:00.0008250" startTime="2025-07-02T21:18:24.1440260+00:00" endTime="2025-07-02T21:18:24.1444850+00:00" testType="13cdc9d9-ddb5-4fa4-a97d-d965ccfc6d4b" outcome="Passed" testListId="8c84fa94-04c1-424b-9868-57a2d4851a1d" relativeResultsDirectory="ebeabe9b-f6d5-4c0d-8f6a-b62f01c2128b" />
    <UnitTestResult executionId="5343122c-17d0-46f8-9a58-2cd95baca53b" testId="c7260ebc-a696-37ef-e759-c0251b78d7a6" testName="Microsoft.AspNetCore.Components.Routing.RouteTableFactoryTests.CanMatchParameterWithConstraint(template: &quot;/{value:datetime}&quot;, contextUrl: &quot;/1955-01-30&quot;, convertedValue: 1955-01-30T00:00:00.0000000)" computerName="pkrvmbietmlfzoi" duration="00:00:00.0040552" startTime="2025-07-02T21:18:24.5413675+00:00" endTime="2025-07-02T21:18:24.5447712+00:00" testType="13cdc9d9-ddb5-4fa4-a97d-d965ccfc6d4b" outcome="Passed" testListId="8c84fa94-04c1-424b-9868-57a2d4851a1d" relativeResultsDirectory="5343122c-17d0-46f8-9a58-2cd95baca53b" />
    <UnitTestResult executionId="3b8e1913-ed8d-46a2-9336-00f970146e3e" testId="ff8577fb-ce84-7fd8-66c7-cb19e42ba466" testName="Microsoft.AspNetCore.Components.NavigationManagerTest.LocationChangingHandlers_CanThrowCatchableExceptionsAsynchronously_AfterNavigationEnds" computerName="pkrvmbietmlfzoi" duration="00:00:00.0021535" startTime="2025-07-02T21:18:24.1094853+00:00" endTime="2025-07-02T21:18:24.1131210+00:00" testType="13cdc9d9-ddb5-4fa4-a97d-d965ccfc6d4b" outcome="Passed" testListId="8c84fa94-04c1-424b-9868-57a2d4851a1d" relativeResultsDirectory="3b8e1913-ed8d-46a2-9336-00f970146e3e" />
    <UnitTestResult executionId="6e95689d-5b68-4ea0-881f-af1d17748a0c" testId="dbff81b8-932a-53eb-0e70-56d8723fbce2" testName="Microsoft.AspNetCore.Components.Rendering.RenderTreeBuilderTest.CanAddMultipleAttributes_ListKvpObject" computerName="pkrvmbietmlfzoi" duration="00:00:00.0024780" startTime="2025-07-02T21:18:24.2075923+00:00" endTime="2025-07-02T21:18:24.2100242+00:00" testType="13cdc9d9-ddb5-4fa4-a97d-d965ccfc6d4b" outcome="Passed" testListId="8c84fa94-04c1-424b-9868-57a2d4851a1d" relativeResultsDirectory="6e95689d-5b68-4ea0-881f-af1d17748a0c" />
    <UnitTestResult executionId="a94681b4-c19f-48ab-b6ef-3c59f9ae8f73" testId="e10ea7c3-757f-6d51-f40f-4cc73bcc55f0" testName="Microsoft.AspNetCore.Components.Test.RendererTest.ReRendersChildComponentWhenUnmatchedValuesChange" computerName="pkrvmbietmlfzoi" duration="00:00:00.0007753" startTime="2025-07-02T21:18:25.8138061+00:00" endTime="2025-07-02T21:18:25.8145794+00:00" testType="13cdc9d9-ddb5-4fa4-a97d-d965ccfc6d4b" outcome="Passed" testListId="8c84fa94-04c1-424b-9868-57a2d4851a1d" relativeResultsDirectory="a94681b4-c19f-48ab-b6ef-3c59f9ae8f73" />
    <UnitTestResult executionId="d626b815-ead6-4bbb-9b06-16475ffc19be" testId="daeec1e1-cfc9-7590-8989-30104087c3ae" testName="Microsoft.AspNetCore.Components.Test.RendererTest.EventFieldInfoWorksWhenEventHandlerIdWasSuperseded" computerName="pkrvmbietmlfzoi" duration="00:00:00.0021832" startTime="2025-07-02T21:18:24.7912987+00:00" endTime="2025-07-02T21:18:24.7934031+00:00" testType="13cdc9d9-ddb5-4fa4-a97d-d965ccfc6d4b" outcome="Passed" testListId="8c84fa94-04c1-424b-9868-57a2d4851a1d" relativeResultsDirectory="d626b815-ead6-4bbb-9b06-16475ffc19be" />
    <UnitTestResult executionId="8a250c51-902c-4ace-93d7-35c630bec48b" testId="000d2ffe-c28c-3f02-8a16-d76f8824c706" testName="Microsoft.AspNetCore.Components.Rendering.RenderTreeBuilderTest.CannotAddComponentParameterToRegion" computerName="pkrvmbietmlfzoi" duration="00:00:00.0013861" startTime="2025-07-02T21:18:24.3459834+00:00" endTime="2025-07-02T21:18:24.3482877+00:00" testType="13cdc9d9-ddb5-4fa4-a97d-d965ccfc6d4b" outcome="Passed" testListId="8c84fa94-04c1-424b-9868-57a2d4851a1d" relativeResultsDirectory="8a250c51-902c-4ace-93d7-35c630bec48b" />
    <UnitTestResult executionId="1506f2ae-172d-4cc8-bcb6-d508def4dd4e" testId="0dbcccb5-c0f3-ea14-a0cd-d30007cef0b2" testName="Microsoft.AspNetCore.Components.ComponentsMetricsTest.CaptureParametersDuration_RecordsErrorMetric" computerName="pkrvmbietmlfzoi" duration="00:00:00.0118657" startTime="2025-07-02T21:18:24.5537567+00:00" endTime="2025-07-02T21:18:24.5615186+00:00" testType="13cdc9d9-ddb5-4fa4-a97d-d965ccfc6d4b" outcome="Passed" testListId="8c84fa94-04c1-424b-9868-57a2d4851a1d" relativeResultsDirectory="1506f2ae-172d-4cc8-bcb6-d508def4dd4e" />
    <UnitTestResult executionId="01229b1e-1c2c-450a-8008-708fc6a03845" testId="3f4ab3c6-c31b-06ef-404d-209e89ccfff8" testName="Microsoft.AspNetCore.Components.RenderTree.ArrayBuilderTest.Clear_ReturnsBuffer" computerName="pkrvmbietmlfzoi" duration="00:00:00.0008821" startTime="2025-07-02T21:18:24.0047867+00:00" endTime="2025-07-02T21:18:24.0049240+00:00" testType="13cdc9d9-ddb5-4fa4-a97d-d965ccfc6d4b" outcome="Passed" testListId="8c84fa94-04c1-424b-9868-57a2d4851a1d" relativeResultsDirectory="01229b1e-1c2c-450a-8008-708fc6a03845" />
    <UnitTestResult executionId="448d2367-d4ca-449a-a4d9-6bb5e714d585" testId="1f9d8d4e-bdd5-1045-c046-294402fb07ab" testName="Microsoft.AspNetCore.Components.Routing.RoutePatternParserTests.InvalidTemplate_LiteralAfterOptionalParam" computerName="pkrvmbietmlfzoi" duration="00:00:00.0010000" startTime="2025-07-02T21:18:24.2646435+00:00" endTime="2025-07-02T21:18:24.2646920+00:00" testType="13cdc9d9-ddb5-4fa4-a97d-d965ccfc6d4b" outcome="NotExecuted" testListId="8c84fa94-04c1-424b-9868-57a2d4851a1d" relativeResultsDirectory="448d2367-d4ca-449a-a4d9-6bb5e714d585">
      <Output>
        <ErrorInfo>
          <Message>It's ok to have literals after optional parameters. They just aren't optional.</Message>
        </ErrorInfo>
      </Output>
    </UnitTestResult>
    <UnitTestResult executionId="e32d773d-f911-4503-8e0f-741277c78b83" testId="99a569d2-9071-9f63-e184-d4a7bcd2446c" testName="Microsoft.AspNetCore.Components.Routing.RouteTableFactoryTests.CanMatchParameterTemplate(path: &quot;/d%C3%A9j%C3%A0%20vu/&quot;, expectedValue: &quot;déjà vu&quot;)" computerName="pkrvmbietmlfzoi" duration="00:00:00.0002992" startTime="2025-07-02T21:18:24.5853809+00:00" endTime="2025-07-02T21:18:24.5854993+00:00" testType="13cdc9d9-ddb5-4fa4-a97d-d965ccfc6d4b" outcome="Passed" testListId="8c84fa94-04c1-424b-9868-57a2d4851a1d" relativeResultsDirectory="e32d773d-f911-4503-8e0f-741277c78b83" />
    <UnitTestResult executionId="f408b074-9348-40d3-a058-355e79cd9e11" testId="f87737b6-0ea4-d085-5eac-870e8d1cf8f4" testName="Microsoft.AspNetCore.Components.Routing.QueryParameterValueSupplierTest.RejectsBlankValuesWhenNotNullable(key: &quot;DecimalVal&quot;, targetType: typeof(decimal))" computerName="pkrvmbietmlfzoi" duration="00:00:00.0000353" startTime="2025-07-02T21:18:24.1394061+00:00" endTime="2025-07-02T21:18:24.1395288+00:00" testType="13cdc9d9-ddb5-4fa4-a97d-d965ccfc6d4b" outcome="Passed" testListId="8c84fa94-04c1-424b-9868-57a2d4851a1d" relativeResultsDirectory="f408b074-9348-40d3-a058-355e79cd9e11" />
    <UnitTestResult executionId="ab3a95c9-b102-43ff-8ce6-84f09326a9b2" testId="9e53424c-7b82-7974-6d12-ebccbeb830ee" testName="Microsoft.AspNetCore.Components.NavigationManagerTest.ComputesCorrectValidBaseRelativePaths(baseUri: &quot;scheme://host/path/&quot;, uri: &quot;scheme://host/path/more#hash&quot;, expectedResult: &quot;more#hash&quot;)" computerName="pkrvmbietmlfzoi" duration="00:00:00.0002795" startTime="2025-07-02T21:18:24.0063250+00:00" endTime="2025-07-02T21:18:24.0064282+00:00" testType="13cdc9d9-ddb5-4fa4-a97d-d965ccfc6d4b" outcome="Passed" testListId="8c84fa94-04c1-424b-9868-57a2d4851a1d" relativeResultsDirectory="ab3a95c9-b102-43ff-8ce6-84f09326a9b2" />
    <UnitTestResult executionId="80f96f49-9c15-47b2-b870-fc800e607b6b" testId="9c96bea9-71d6-919f-991b-f09a016aab82" testName="Microsoft.AspNetCore.Components.Routing.RouteTableFactoryTests.DoesNotThrowForNonAmbiguousRoutes(first: &quot;literal/{optional?}&quot;, second: &quot;literal/{optional:int?}&quot;)" computerName="pkrvmbietmlfzoi" duration="00:00:00.0003729" startTime="2025-07-02T21:18:24.5191630+00:00" endTime="2025-07-02T21:18:24.5192372+00:00" testType="13cdc9d9-ddb5-4fa4-a97d-d965ccfc6d4b" outcome="Passed" testListId="8c84fa94-04c1-424b-9868-57a2d4851a1d" relativeResultsDirectory="80f96f49-9c15-47b2-b870-fc800e607b6b" />
    <UnitTestResult executionId="d96253c4-15ad-48f6-a881-37092ecc6ce8" testId="90b706b5-a0e9-4c9f-9dc3-e3cc9454f3ef" testName="Microsoft.AspNetCore.Components.EventCallbackFactoryTest.Create_Action_Null" computerName="pkrvmbietmlfzoi" duration="00:00:00.0001890" startTime="2025-07-02T21:18:24.0897865+00:00" endTime="2025-07-02T21:18:24.0898837+00:00" testType="13cdc9d9-ddb5-4fa4-a97d-d965ccfc6d4b" outcome="Passed" testListId="8c84fa94-04c1-424b-9868-57a2d4851a1d" relativeResultsDirectory="d96253c4-15ad-48f6-a881-37092ecc6ce8" />
    <UnitTestResult executionId="197d3128-ba7a-4d89-9026-42deed174134" testId="4b2f3ef2-7fb2-5a93-2514-233028be4ddc" testName="Microsoft.AspNetCore.Components.RenderTree.ArrayBuilderTest.RemoveLast_Works" computerName="pkrvmbietmlfzoi" duration="00:00:00.0003129" startTime="2025-07-02T21:18:23.9951245+00:00" endTime="2025-07-02T21:18:23.9956322+00:00" testType="13cdc9d9-ddb5-4fa4-a97d-d965ccfc6d4b" outcome="Passed" testListId="8c84fa94-04c1-424b-9868-57a2d4851a1d" relativeResultsDirectory="197d3128-ba7a-4d89-9026-42deed174134" />
    <UnitTestResult executionId="4f23c496-86b6-423b-b40f-5bdea42bfd8a" testId="6dcb3b51-98c4-1b8d-3c1e-b4bc3b6aed8a" testName="Microsoft.AspNetCore.Components.Test.RenderTreeDiffBuilderTest.RetainsChildComponentsForExistingFrames" computerName="pkrvmbietmlfzoi" duration="00:00:00.0029765" startTime="2025-07-02T21:18:24.4132012+00:00" endTime="2025-07-02T21:18:24.4168996+00:00" testType="13cdc9d9-ddb5-4fa4-a97d-d965ccfc6d4b" outcome="Passed" testListId="8c84fa94-04c1-424b-9868-57a2d4851a1d" relativeResultsDirectory="4f23c496-86b6-423b-b40f-5bdea42bfd8a" />
    <UnitTestResult executionId="1ae9c5a3-8ff4-434b-b6bd-376d0ff9e454" testId="b0eb830d-c891-b7ee-7580-2c6230530ff4" testName="Microsoft.AspNetCore.Components.Test.RendererTest.DispatchEventAsync_Delegate_AsynchronousException" computerName="pkrvmbietmlfzoi" duration="00:00:00.0311883" startTime="2025-07-02T21:18:24.4151969+00:00" endTime="2025-07-02T21:18:24.4426517+00:00" testType="13cdc9d9-ddb5-4fa4-a97d-d965ccfc6d4b" outcome="Passed" testListId="8c84fa94-04c1-424b-9868-57a2d4851a1d" relativeResultsDirectory="1ae9c5a3-8ff4-434b-b6bd-376d0ff9e454" />
    <UnitTestResult executionId="3089d76e-a608-480c-860e-916007ffdd26" testId="30fa9209-d066-e423-381b-b8353c5b9b01" testName="Microsoft.AspNetCore.Components.ParameterViewTest.ThrowsIfTryGetExistingValueWithIncorrectType" computerName="pkrvmbietmlfzoi" duration="00:00:00.0008162" startTime="2025-07-02T21:18:24.0240829+00:00" endTime="2025-07-02T21:18:24.0241868+00:00" testType="13cdc9d9-ddb5-4fa4-a97d-d965ccfc6d4b" outcome="Passed" testListId="8c84fa94-04c1-424b-9868-57a2d4851a1d" relativeResultsDirectory="3089d76e-a608-480c-860e-916007ffdd26" />
    <UnitTestResult executionId="80b3db2e-c3ef-4f79-91c5-24d6f3078c4a" testId="445fe214-f5e7-12a9-5342-bad235a2e291" testName="Microsoft.AspNetCore.Components.Routing.RouteTableFactoryTests.CanDiscoverRoutes_WithInheritance" computerName="pkrvmbietmlfzoi" duration="00:00:00.0042798" startTime="2025-07-02T21:18:24.5752518+00:00" endTime="2025-07-02T21:18:24.5757147+00:00" testType="13cdc9d9-ddb5-4fa4-a97d-d965ccfc6d4b" outcome="Passed" testListId="8c84fa94-04c1-424b-9868-57a2d4851a1d" relativeResultsDirectory="80b3db2e-c3ef-4f79-91c5-24d6f3078c4a" />
    <UnitTestResult executionId="ab50bb1c-cf94-42ad-896a-886718c37f00" testId="073e6733-72fc-7de4-4ef2-bd3101333097" testName="Microsoft.AspNetCore.Components.Test.RendererTest.NoHotReloadListenersAreRegistered_WhenMetadataUpdatesAreNotSupported" computerName="pkrvmbietmlfzoi" duration="00:00:00.0009469" startTime="2025-07-02T21:18:24.7845672+00:00" endTime="2025-07-02T21:18:24.7856251+00:00" testType="13cdc9d9-ddb5-4fa4-a97d-d965ccfc6d4b" outcome="Passed" testListId="8c84fa94-04c1-424b-9868-57a2d4851a1d" relativeResultsDirectory="ab50bb1c-cf94-42ad-896a-886718c37f00" />
    <UnitTestResult executionId="0ec6ccde-2578-4af9-82c1-5048527d7d89" testId="4ffe5b63-7ff2-196f-6471-65315e48ce9f" testName="Microsoft.AspNetCore.Components.Test.RouteViewTest.PageLayoutSupersedesDefaultLayout" computerName="pkrvmbietmlfzoi" duration="00:00:00.0018921" startTime="2025-07-02T21:18:24.4488129+00:00" endTime="2025-07-02T21:18:24.4492720+00:00" testType="13cdc9d9-ddb5-4fa4-a97d-d965ccfc6d4b" outcome="Passed" testListId="8c84fa94-04c1-424b-9868-57a2d4851a1d" relativeResultsDirectory="0ec6ccde-2578-4af9-82c1-5048527d7d89" />
    <UnitTestResult executionId="86893124-8085-4225-b68d-76ea9c6a3dcb" testId="1520d318-c5d5-7cb9-aea5-f24056a340d4" testName="Microsoft.AspNetCore.Components.ComponentApplicationStateTest.PersistState_SavesDataToTheStoreAsync" computerName="pkrvmbietmlfzoi" duration="00:00:00.0030928" startTime="2025-07-02T21:18:24.1702655+00:00" endTime="2025-07-02T21:18:24.1731897+00:00" testType="13cdc9d9-ddb5-4fa4-a97d-d965ccfc6d4b" outcome="Passed" testListId="8c84fa94-04c1-424b-9868-57a2d4851a1d" relativeResultsDirectory="86893124-8085-4225-b68d-76ea9c6a3dcb" />
    <UnitTestResult executionId="382bdb33-cdfd-400f-a189-c53f96e75afe" testId="f0751a27-d37c-06b5-8da7-d8f602dae3ef" testName="Microsoft.AspNetCore.Components.Routing.RoutePatternParserTests.ParseRouteParameter_ThrowsIf_ParameterContainsSpecialCharacters(template: &quot;{}}&quot;, expectedMessage: &quot;There is an incomplete parameter in the route temp&quot;···)" computerName="pkrvmbietmlfzoi" duration="00:00:00.0000323" startTime="2025-07-02T21:18:24.2402548+00:00" endTime="2025-07-02T21:18:24.2412636+00:00" testType="13cdc9d9-ddb5-4fa4-a97d-d965ccfc6d4b" outcome="Passed" testListId="8c84fa94-04c1-424b-9868-57a2d4851a1d" relativeResultsDirectory="382bdb33-cdfd-400f-a189-c53f96e75afe" />
    <UnitTestResult executionId="5af07f36-93ea-4483-bc60-3968a6a17033" testId="1e7170e4-ab6a-5b56-5e8c-459d5697bd4d" testName="Microsoft.AspNetCore.Components.Test.RendererTest.BindWithAfter" computerName="pkrvmbietmlfzoi" duration="00:00:00.0010619" startTime="2025-07-02T21:18:25.8647675+00:00" endTime="2025-07-02T21:18:25.8648247+00:00" testType="13cdc9d9-ddb5-4fa4-a97d-d965ccfc6d4b" outcome="Passed" testListId="8c84fa94-04c1-424b-9868-57a2d4851a1d" relativeResultsDirectory="5af07f36-93ea-4483-bc60-3968a6a17033" />
    <UnitTestResult executionId="82306f35-91a8-4ff7-a6de-f1b20c4ed731" testId="b7df37af-0c80-61e1-5e4d-6d36ed7ff295" testName="Microsoft.AspNetCore.Components.Test.RendererTest.ThrowsForUnknownRenderMode_OnComponentType" computerName="pkrvmbietmlfzoi" duration="00:00:00.0005855" startTime="2025-07-02T21:18:25.8172399+00:00" endTime="2025-07-02T21:18:25.8172967+00:00" testType="13cdc9d9-ddb5-4fa4-a97d-d965ccfc6d4b" outcome="Passed" testListId="8c84fa94-04c1-424b-9868-57a2d4851a1d" relativeResultsDirectory="82306f35-91a8-4ff7-a6de-f1b20c4ed731" />
    <UnitTestResult executionId="1533f231-4ab4-48f8-ab65-b8142dd13507" testId="6a2e4886-53da-2fe5-e75a-da400dfb166e" testName="Microsoft.AspNetCore.Components.Test.RendererTest.EventDispatching_EventCallbackOfT_NoTargetLambda" computerName="pkrvmbietmlfzoi" duration="00:00:00.0038165" startTime="2025-07-02T21:18:24.5742878+00:00" endTime="2025-07-02T21:18:24.5753496+00:00" testType="13cdc9d9-ddb5-4fa4-a97d-d965ccfc6d4b" outcome="Passed" testListId="8c84fa94-04c1-424b-9868-57a2d4851a1d" relativeResultsDirectory="1533f231-4ab4-48f8-ab65-b8142dd13507" />
    <UnitTestResult executionId="1483712a-2585-407e-9aa9-9c2ad2b13b23" testId="2ee445b8-95a6-d091-7813-4c4e8610a0c0" testName="Microsoft.AspNetCore.Components.Test.RendererTest.CanRenderTopLevelComponents" computerName="pkrvmbietmlfzoi" duration="00:00:00.0004298" startTime="2025-07-02T21:18:25.8390486+00:00" endTime="2025-07-02T21:18:25.8394707+00:00" testType="13cdc9d9-ddb5-4fa4-a97d-d965ccfc6d4b" outcome="Passed" testListId="8c84fa94-04c1-424b-9868-57a2d4851a1d" relativeResultsDirectory="1483712a-2585-407e-9aa9-9c2ad2b13b23" />
    <UnitTestResult executionId="4a61eede-a0f3-470f-8d6c-9d0077dbcd4f" testId="dd3aa683-a087-9abc-3c49-f63b0f664e93" testName="Microsoft.AspNetCore.Components.Rendering.RenderTreeBuilderTest.CanAddMultipleAttributes_ArrayKvpObject" computerName="pkrvmbietmlfzoi" duration="00:00:00.0004386" startTime="2025-07-02T21:18:24.4380032+00:00" endTime="2025-07-02T21:18:24.4381049+00:00" testType="13cdc9d9-ddb5-4fa4-a97d-d965ccfc6d4b" outcome="Passed" testListId="8c84fa94-04c1-424b-9868-57a2d4851a1d" relativeResultsDirectory="4a61eede-a0f3-470f-8d6c-9d0077dbcd4f" />
    <UnitTestResult executionId="d165919d-8122-4fc8-add4-ac57cf2c3428" testId="68170cb8-230b-d544-40ee-1225986855a7" testName="Microsoft.AspNetCore.Components.EventCallbackFactoryTest.CreateT_ActionT_AlreadyBoundToReceiver" computerName="pkrvmbietmlfzoi" duration="00:00:00.0004868" startTime="2025-07-02T21:18:24.0940982+00:00" endTime="2025-07-02T21:18:24.0941861+00:00" testType="13cdc9d9-ddb5-4fa4-a97d-d965ccfc6d4b" outcome="Passed" testListId="8c84fa94-04c1-424b-9868-57a2d4851a1d" relativeResultsDirectory="d165919d-8122-4fc8-add4-ac57cf2c3428" />
    <UnitTestResult executionId="a8add7cd-6056-4e42-95ae-cc4a0fff2469" testId="f07e0260-7c4e-b3c7-977a-304866560796" testName="Microsoft.AspNetCore.Components.Routing.QueryParameterValueSupplierTest.RejectsUnparseableArrayEntries(key: &quot;NullableGuidVals&quot;, validValue: &quot;9e7257ad-03aa-42c7-9819-be08b177fef9&quot;, invalidValue: &quot;123456-789-0&quot;, targetType: typeof(Guid?))" computerName="pkrvmbietmlfzoi" duration="00:00:00.0000532" startTime="2025-07-02T21:18:24.1223686+00:00" endTime="2025-07-02T21:18:24.1228889+00:00" testType="13cdc9d9-ddb5-4fa4-a97d-d965ccfc6d4b" outcome="Passed" testListId="8c84fa94-04c1-424b-9868-57a2d4851a1d" relativeResultsDirectory="a8add7cd-6056-4e42-95ae-cc4a0fff2469" />
    <UnitTestResult executionId="5ecf2c7e-f80d-4dcc-aee5-30237979b909" testId="5d6e755c-8e48-63c5-4ff6-5c87a82269d4" testName="Microsoft.AspNetCore.Components.Routing.RouteTableFactoryTests.CatchAllEmpty" computerName="pkrvmbietmlfzoi" duration="00:00:00.0005481" startTime="2025-07-02T21:18:24.5586657+00:00" endTime="2025-07-02T21:18:24.5591017+00:00" testType="13cdc9d9-ddb5-4fa4-a97d-d965ccfc6d4b" outcome="Passed" testListId="8c84fa94-04c1-424b-9868-57a2d4851a1d" relativeResultsDirectory="5ecf2c7e-f80d-4dcc-aee5-30237979b909" />
    <UnitTestResult executionId="4127ac84-629a-43d8-b77a-6c381c0559e8" testId="b2269b89-0bb6-2e61-6341-5af4efbde415" testName="AlwaysTestTests.SuccessfulTests.GuaranteedQuarantinedTest" computerName="pkrvmbietmlfzoi" duration="00:00:00.0031317" startTime="2025-07-02T21:18:23.8231675+00:00" endTime="2025-07-02T21:18:23.8428061+00:00" testType="13cdc9d9-ddb5-4fa4-a97d-d965ccfc6d4b" outcome="Passed" testListId="8c84fa94-04c1-424b-9868-57a2d4851a1d" relativeResultsDirectory="4127ac84-629a-43d8-b77a-6c381c0559e8" />
    <UnitTestResult executionId="67680b0e-9426-4614-bf0d-0e7e8a673551" testId="1d4e397c-0d5e-ade4-d66a-803a9176eb51" testName="Microsoft.AspNetCore.Components.Test.RendererTest.CanRemoveRootComponents" computerName="pkrvmbietmlfzoi" duration="00:00:00.0015156" startTime="2025-07-02T21:18:24.7265152+00:00" endTime="2025-07-02T21:18:24.7279526+00:00" testType="13cdc9d9-ddb5-4fa4-a97d-d965ccfc6d4b" outcome="Passed" testListId="8c84fa94-04c1-424b-9868-57a2d4851a1d" relativeResultsDirectory="67680b0e-9426-4614-bf0d-0e7e8a673551" />
    <UnitTestResult executionId="ccd43d62-027b-4098-9920-21c3dbbaf9d8" testId="15f13652-48ef-f054-6db9-ee15c6fd93f0" testName="Microsoft.AspNetCore.Components.Test.RendererTest.DoesNotCallOnAfterRenderForComponentsNotRendered" computerName="pkrvmbietmlfzoi" duration="00:00:00.0019714" startTime="2025-07-02T21:18:24.7378928+00:00" endTime="2025-07-02T21:18:24.7397334+00:00" testType="13cdc9d9-ddb5-4fa4-a97d-d965ccfc6d4b" outcome="Passed" testListId="8c84fa94-04c1-424b-9868-57a2d4851a1d" relativeResultsDirectory="ccd43d62-027b-4098-9920-21c3dbbaf9d8" />
    <UnitTestResult executionId="758688c2-ad8a-424f-841f-fcbff3d4cc07" testId="f1c2d53d-76bf-0e33-f757-63962806c42e" testName="Microsoft.AspNetCore.Components.NavigationManagerTest.ToBaseRelativePath_ThrowsForInvalidBaseRelativePaths(baseUri: &quot;scheme://host/path/&quot;, absoluteUri: &quot;scheme://host/&quot;)" computerName="pkrvmbietmlfzoi" duration="00:00:00.0002773" startTime="2025-07-02T21:18:24.0464369+00:00" endTime="2025-07-02T21:18:24.0465461+00:00" testType="13cdc9d9-ddb5-4fa4-a97d-d965ccfc6d4b" outcome="Passed" testListId="8c84fa94-04c1-424b-9868-57a2d4851a1d" relativeResultsDirectory="758688c2-ad8a-424f-841f-fcbff3d4cc07" />
    <UnitTestResult executionId="2d16e35e-db9e-4330-96b3-ac063cce93a4" testId="871613c3-73ac-6af9-8fa3-26046d31030f" testName="Microsoft.AspNetCore.Components.Rendering.RendererSynchronizationContextTest.Post_CanRunAsynchronously_CaptureExecutionContext" computerName="pkrvmbietmlfzoi" duration="00:00:00.0015031" startTime="2025-07-02T21:18:24.6515873+00:00" endTime="2025-07-02T21:18:24.6532966+00:00" testType="13cdc9d9-ddb5-4fa4-a97d-d965ccfc6d4b" outcome="Passed" testListId="8c84fa94-04c1-424b-9868-57a2d4851a1d" relativeResultsDirectory="2d16e35e-db9e-4330-96b3-ac063cce93a4" />
    <UnitTestResult executionId="c49cebd2-36be-43e3-9916-5fc179cf12aa" testId="fa3cedf8-56a5-48eb-3e47-bf4e3d09a5b7" testName="Microsoft.AspNetCore.Components.ComponentsMetricsTest.CaptureBatchDuration_RecordsErrorMetric" computerName="pkrvmbietmlfzoi" duration="00:00:00.0156173" startTime="2025-07-02T21:18:24.4914008+00:00" endTime="2025-07-02T21:18:24.5117341+00:00" testType="13cdc9d9-ddb5-4fa4-a97d-d965ccfc6d4b" outcome="Passed" testListId="8c84fa94-04c1-424b-9868-57a2d4851a1d" relativeResultsDirectory="c49cebd2-36be-43e3-9916-5fc179cf12aa" />
    <UnitTestResult executionId="dd2ee996-1bea-43e8-a022-fc8f17e1d9a1" testId="92eebf8a-d742-7edb-c8d7-cec559535ed0" testName="Microsoft.AspNetCore.Components.Routing.RouteKeyTest.RouteKey_WithAdditionalAssemblies" computerName="pkrvmbietmlfzoi" duration="00:00:00.0003059" startTime="2025-07-02T21:18:24.1560828+00:00" endTime="2025-07-02T21:18:24.1562227+00:00" testType="13cdc9d9-ddb5-4fa4-a97d-d965ccfc6d4b" outcome="Passed" testListId="8c84fa94-04c1-424b-9868-57a2d4851a1d" relativeResultsDirectory="dd2ee996-1bea-43e8-a022-fc8f17e1d9a1" />
    <UnitTestResult executionId="24fea506-aed6-453c-82e2-3fc6c23676d1" testId="0bbf1396-b361-3879-3d26-d14ab5966a80" testName="Microsoft.AspNetCore.Components.BindConverterTest.FormatValue_Bool" computerName="pkrvmbietmlfzoi" duration="00:00:00.0001579" startTime="2025-07-02T21:18:24.2740047+00:00" endTime="2025-07-02T21:18:24.2745123+00:00" testType="13cdc9d9-ddb5-4fa4-a97d-d965ccfc6d4b" outcome="Passed" testListId="8c84fa94-04c1-424b-9868-57a2d4851a1d" relativeResultsDirectory="24fea506-aed6-453c-82e2-3fc6c23676d1" />
    <UnitTestResult executionId="1397806e-1ace-4b65-aafb-2c5702d5042f" testId="9e3f27a6-59c2-db03-8c89-df0fbdc5a2f0" testName="Microsoft.AspNetCore.Components.Test.RenderTreeUpdaterTest.IgnoresUpdatesToAttributesIfUnexpectedValueTypeSupplied" computerName="pkrvmbietmlfzoi" duration="00:00:00.0032867" startTime="2025-07-02T21:18:23.9947424+00:00" endTime="2025-07-02T21:18:23.9972153+00:00" testType="13cdc9d9-ddb5-4fa4-a97d-d965ccfc6d4b" outcome="Passed" testListId="8c84fa94-04c1-424b-9868-57a2d4851a1d" relativeResultsDirectory="1397806e-1ace-4b65-aafb-2c5702d5042f" />
    <UnitTestResult executionId="8f683a97-a594-4b38-b761-1ebae0f7b285" testId="d4d1dc49-5e06-af2a-81b7-443bbb8d03d9" testName="Microsoft.AspNetCore.Components.Test.CascadingParameterTest.CanHaveManySubscribers(numSubscribers: 0)" computerName="pkrvmbietmlfzoi" duration="00:00:00.0002307" startTime="2025-07-02T21:18:24.4117026+00:00" endTime="2025-07-02T21:18:24.4132954+00:00" testType="13cdc9d9-ddb5-4fa4-a97d-d965ccfc6d4b" outcome="Passed" testListId="8c84fa94-04c1-424b-9868-57a2d4851a1d" relativeResultsDirectory="8f683a97-a594-4b38-b761-1ebae0f7b285" />
    <UnitTestResult executionId="d6c01809-2fdc-4bc2-9fc7-111a7cb6ead7" testId="e550075f-ec03-582a-ae35-c5745bd8c000" testName="Microsoft.AspNetCore.Components.NavigationManagerTest.GetUriWithQueryParameters_SupportsEnumerableValues(baseUri: &quot;scheme://host/?ping=8&amp;ping=300&amp;ping=50&amp;ping=68&amp;pin&quot;···, expectedUri: &quot;scheme://host/?ping=35&amp;ping=16&amp;ping=87&amp;ping=240&amp;fu&quot;···)" computerName="pkrvmbietmlfzoi" duration="00:00:00.0000338" startTime="2025-07-02T21:18:23.9604124+00:00" endTime="2025-07-02T21:18:23.9605360+00:00" testType="13cdc9d9-ddb5-4fa4-a97d-d965ccfc6d4b" outcome="Passed" testListId="8c84fa94-04c1-424b-9868-57a2d4851a1d" relativeResultsDirectory="d6c01809-2fdc-4bc2-9fc7-111a7cb6ead7" />
    <UnitTestResult executionId="229d994a-5dd6-4ed9-ae40-3e5c9868aa62" testId="1080a8fb-c4f5-1740-e9b9-cd24db7a0bc9" testName="Microsoft.AspNetCore.Components.PersistentStateValueProviderTests.PersistAsync_CanPersistMultipleComponentsOfSameType_SupportsDifferentKeyTypes(componentKey1: 3.14159012, componentKey2: -3.14159012)" computerName="pkrvmbietmlfzoi" duration="00:00:00.0003084" startTime="2025-07-02T21:18:24.5281394+00:00" endTime="2025-07-02T21:18:24.5282519+00:00" testType="13cdc9d9-ddb5-4fa4-a97d-d965ccfc6d4b" outcome="Passed" testListId="8c84fa94-04c1-424b-9868-57a2d4851a1d" relativeResultsDirectory="229d994a-5dd6-4ed9-ae40-3e5c9868aa62" />
    <UnitTestResult executionId="2d75c87b-5049-4bb9-98ca-53afa6f6bbcf" testId="f92b64fc-c600-e866-594f-6beed616abf0" testName="Microsoft.AspNetCore.Components.NavigationManagerTest.LocationChangingHandlers_CanCancelTheNavigationAsynchronously_WhenMultipleHandlersAreRegistered" computerName="pkrvmbietmlfzoi" duration="00:00:00.0112493" startTime="2025-07-02T21:18:24.0195166+00:00" endTime="2025-07-02T21:18:24.0415046+00:00" testType="13cdc9d9-ddb5-4fa4-a97d-d965ccfc6d4b" outcome="Passed" testListId="8c84fa94-04c1-424b-9868-57a2d4851a1d" relativeResultsDirectory="2d75c87b-5049-4bb9-98ca-53afa6f6bbcf" />
    <UnitTestResult executionId="4060879c-2c74-46da-ad99-f9466653553b" testId="977c73f4-fd1b-0456-8ef8-c349ad80659c" testName="Microsoft.AspNetCore.Components.Rendering.RenderTreeBuilderTest.AddAttribute_Element_ObjectEventHandler_AddsFrame" computerName="pkrvmbietmlfzoi" duration="00:00:00.0006266" startTime="2025-07-02T21:18:24.2981964+00:00" endTime="2025-07-02T21:18:24.2993791+00:00" testType="13cdc9d9-ddb5-4fa4-a97d-d965ccfc6d4b" outcome="Passed" testListId="8c84fa94-04c1-424b-9868-57a2d4851a1d" relativeResultsDirectory="4060879c-2c74-46da-ad99-f9466653553b" />
    <UnitTestResult executionId="ee4a73f2-8b4e-4427-8815-08c424d48495" testId="d7e9df2f-96f9-8f18-408c-5c36c24fb919" testName="Microsoft.AspNetCore.Components.PersistentState.PersistentServicesRegistryTest.PersistStateAsync_PersistsBaseServiceProperties" computerName="pkrvmbietmlfzoi" duration="00:00:00.0014747" startTime="2025-07-02T21:18:24.3579172+00:00" endTime="2025-07-02T21:18:24.3583579+00:00" testType="13cdc9d9-ddb5-4fa4-a97d-d965ccfc6d4b" outcome="Passed" testListId="8c84fa94-04c1-424b-9868-57a2d4851a1d" relativeResultsDirectory="ee4a73f2-8b4e-4427-8815-08c424d48495" />
    <UnitTestResult executionId="7239331f-1c28-4cbf-8853-9bc404c1b25b" testId="7fd4a501-472d-0628-de76-e06cc5af1298" testName="Microsoft.AspNetCore.Components.EventCallbackFactoryTest.CreateT_FuncTTask_Unbound" computerName="pkrvmbietmlfzoi" duration="00:00:00.0002290" startTime="2025-07-02T21:18:24.0726052+00:00" endTime="2025-07-02T21:18:24.0731070+00:00" testType="13cdc9d9-ddb5-4fa4-a97d-d965ccfc6d4b" outcome="Passed" testListId="8c84fa94-04c1-424b-9868-57a2d4851a1d" relativeResultsDirectory="7239331f-1c28-4cbf-8853-9bc404c1b25b" />
    <UnitTestResult executionId="5d856bff-65d4-4dda-a01f-31c455c11926" testId="fd183794-75d0-1337-52c6-3655b93eaa37" testName="Microsoft.AspNetCore.Components.Routing.RoutePatternParserTests.ParseRouteParameter_ThrowsIf_ParameterContainsSpecialCharacters(template: &quot;{p*}&quot;, expectedMessage: &quot;The route parameter name 'p*' is invalid. Route pa&quot;···)" computerName="pkrvmbietmlfzoi" duration="00:00:00.0005481" startTime="2025-07-02T21:18:24.2369098+00:00" endTime="2025-07-02T21:18:24.2370153+00:00" testType="13cdc9d9-ddb5-4fa4-a97d-d965ccfc6d4b" outcome="Passed" testListId="8c84fa94-04c1-424b-9868-57a2d4851a1d" relativeResultsDirectory="5d856bff-65d4-4dda-a01f-31c455c11926" />
    <UnitTestResult executionId="2caf6b7e-932d-44fc-8c01-f35f5519aa64" testId="5f15552d-6595-dcf5-ef51-efe930a16e57" testName="Microsoft.AspNetCore.Components.EventCallbackFactoryBinderExtensionsTest.CreateBinder_BindsEmpty_CallsSetterForNullable" computerName="pkrvmbietmlfzoi" duration="00:00:00.0015834" startTime="2025-07-02T21:18:24.5089952+00:00" endTime="2025-07-02T21:18:24.5096852+00:00" testType="13cdc9d9-ddb5-4fa4-a97d-d965ccfc6d4b" outcome="Passed" testListId="8c84fa94-04c1-424b-9868-57a2d4851a1d" relativeResultsDirectory="2caf6b7e-932d-44fc-8c01-f35f5519aa64" />
    <UnitTestResult executionId="6f153360-31ff-415c-ade2-a12a903b0ad4" testId="2ea2195b-b7a5-1314-2954-98a12fc50d14" testName="Microsoft.AspNetCore.Components.Test.RendererTest.CanAsyncDispatchActionEventsToTopLevelComponents" computerName="pkrvmbietmlfzoi" duration="00:00:00.0019113" startTime="2025-07-02T21:18:24.5553303+00:00" endTime="2025-07-02T21:18:24.5575055+00:00" testType="13cdc9d9-ddb5-4fa4-a97d-d965ccfc6d4b" outcome="Passed" testListId="8c84fa94-04c1-424b-9868-57a2d4851a1d" relativeResultsDirectory="6f153360-31ff-415c-ade2-a12a903b0ad4" />
    <UnitTestResult executionId="c5b989c0-16af-4a01-8337-9ff3639e2ad3" testId="7b0e6520-1427-6b8d-b421-60c6eb71a855" testName="Microsoft.AspNetCore.Components.ParameterViewTest.CanConvertToReadOnlyDictionary" computerName="pkrvmbietmlfzoi" duration="00:00:00.0010495" startTime="2025-07-02T21:18:24.0380574+00:00" endTime="2025-07-02T21:18:24.0381416+00:00" testType="13cdc9d9-ddb5-4fa4-a97d-d965ccfc6d4b" outcome="Passed" testListId="8c84fa94-04c1-424b-9868-57a2d4851a1d" relativeResultsDirectory="c5b989c0-16af-4a01-8337-9ff3639e2ad3" />
    <UnitTestResult executionId="13c2c9d3-785a-4a1a-878a-3f06ac4bb8a1" testId="b388759f-a49d-99d5-8209-71e56f780616" testName="Microsoft.AspNetCore.Components.Rendering.RenderTreeBuilderTest.AddAttribute_Component_EventHandlerValue_SetsAttributeValue(value: Action`1 { Method = Void &lt;get_EventHandlerValues&gt;b__60_0(System.EventArgs), Target = &lt;&gt;c { } })" computerName="pkrvmbietmlfzoi" duration="00:00:00.0002102" startTime="2025-07-02T21:18:24.4353585+00:00" endTime="2025-07-02T21:18:24.4354824+00:00" testType="13cdc9d9-ddb5-4fa4-a97d-d965ccfc6d4b" outcome="Passed" testListId="8c84fa94-04c1-424b-9868-57a2d4851a1d" relativeResultsDirectory="13c2c9d3-785a-4a1a-878a-3f06ac4bb8a1" />
    <UnitTestResult executionId="98cdd1f0-51c0-43a1-9086-fc4d64e10405" testId="a3919ee8-13c2-696b-4f7f-2281c4b990e7" testName="Microsoft.AspNetCore.Components.Rendering.RenderTreeBuilderTest.CanAddComponentRenderMode" computerName="pkrvmbietmlfzoi" duration="00:00:00.0019020" startTime="2025-07-02T21:18:24.4278266+00:00" endTime="2025-07-02T21:18:24.4288940+00:00" testType="13cdc9d9-ddb5-4fa4-a97d-d965ccfc6d4b" outcome="Passed" testListId="8c84fa94-04c1-424b-9868-57a2d4851a1d" relativeResultsDirectory="98cdd1f0-51c0-43a1-9086-fc4d64e10405" />
    <UnitTestResult executionId="b4961134-0869-4610-96c8-5bb7e1991c8a" testId="d92da177-70ee-1e79-de32-dfb0eb2ac873" testName="Microsoft.AspNetCore.Components.Routing.QueryParameterValueSupplierTest.EmptyStringValuesAreSuppliedAsEmptyString(queryPart: &quot;=&quot;)" computerName="pkrvmbietmlfzoi" duration="00:00:00.0002031" startTime="2025-07-02T21:18:24.0364233+00:00" endTime="2025-07-02T21:18:24.0365402+00:00" testType="13cdc9d9-ddb5-4fa4-a97d-d965ccfc6d4b" outcome="Passed" testListId="8c84fa94-04c1-424b-9868-57a2d4851a1d" relativeResultsDirectory="b4961134-0869-4610-96c8-5bb7e1991c8a" />
    <UnitTestResult executionId="559340af-8bb2-4ac2-9d29-49dc71253da9" testId="5ceb19d9-ff49-0c14-8746-40f7adbdf2d3" testName="Microsoft.AspNetCore.Components.Test.RenderTreeDiffBuilderTest.RecognizesKeyedElementInsertions" computerName="pkrvmbietmlfzoi" duration="00:00:00.0008445" startTime="2025-07-02T21:18:24.3421275+00:00" endTime="2025-07-02T21:18:24.3448529+00:00" testType="13cdc9d9-ddb5-4fa4-a97d-d965ccfc6d4b" outcome="Passed" testListId="8c84fa94-04c1-424b-9868-57a2d4851a1d" relativeResultsDirectory="559340af-8bb2-4ac2-9d29-49dc71253da9" />
    <UnitTestResult executionId="1be7540c-9559-490b-a51d-b713f1e9d8ab" testId="febca7d2-42e6-1d75-e68e-53b2a645e318" testName="Microsoft.AspNetCore.Components.Routing.RouteTableFactoryTests.CanMatchRootTemplate" computerName="pkrvmbietmlfzoi" duration="00:00:00.0003260" startTime="2025-07-02T21:18:24.5693285+00:00" endTime="2025-07-02T21:18:24.5694251+00:00" testType="13cdc9d9-ddb5-4fa4-a97d-d965ccfc6d4b" outcome="Passed" testListId="8c84fa94-04c1-424b-9868-57a2d4851a1d" relativeResultsDirectory="1be7540c-9559-490b-a51d-b713f1e9d8ab" />
    <UnitTestResult executionId="92846dcd-4083-4000-93f9-26396f564230" testId="bb804751-e35b-1383-438c-81158f47394e" testName="Microsoft.AspNetCore.Components.Test.ComponentBaseTest.RunsOnInitWhenRendered" computerName="pkrvmbietmlfzoi" duration="00:00:00.0838966" startTime="2025-07-02T21:18:23.8230880+00:00" endTime="2025-07-02T21:18:24.0279475+00:00" testType="13cdc9d9-ddb5-4fa4-a97d-d965ccfc6d4b" outcome="Passed" testListId="8c84fa94-04c1-424b-9868-57a2d4851a1d" relativeResultsDirectory="92846dcd-4083-4000-93f9-26396f564230" />
    <UnitTestResult executionId="d22a95ec-84ae-4a0a-98a1-ea50cd8647a0" testId="eb80b2cc-f0aa-f4c7-9b3a-65fe81ed350c" testName="Microsoft.AspNetCore.Components.EventCallbackFactoryTest.CreateT_FuncTask_Null" computerName="pkrvmbietmlfzoi" duration="00:00:00.0026874" startTime="2025-07-02T21:18:24.0712277+00:00" endTime="2025-07-02T21:18:24.0722409+00:00" testType="13cdc9d9-ddb5-4fa4-a97d-d965ccfc6d4b" outcome="Passed" testListId="8c84fa94-04c1-424b-9868-57a2d4851a1d" relativeResultsDirectory="d22a95ec-84ae-4a0a-98a1-ea50cd8647a0" />
    <UnitTestResult executionId="4c619561-0dcd-46e8-be67-e337e356b759" testId="79220347-2bdc-d608-3e58-432b022a5ddf" testName="Microsoft.AspNetCore.Components.Test.RendererTest.ComponentCanTriggerRenderWhenNoBatchIsInProgress" computerName="pkrvmbietmlfzoi" duration="00:00:00.0005246" startTime="2025-07-02T21:18:24.5486002+00:00" endTime="2025-07-02T21:18:24.5489027+00:00" testType="13cdc9d9-ddb5-4fa4-a97d-d965ccfc6d4b" outcome="Passed" testListId="8c84fa94-04c1-424b-9868-57a2d4851a1d" relativeResultsDirectory="4c619561-0dcd-46e8-be67-e337e356b759" />
    <UnitTestResult executionId="ecb8916d-8e0d-452f-b650-d1f2ecbeb837" testId="71f44d20-bf10-f1a9-f29a-5c7a0568a5a2" testName="Microsoft.AspNetCore.Components.Test.RendererTest.RenderBatch_CanDisposeAsynchronousAsyncDisposables" computerName="pkrvmbietmlfzoi" duration="00:00:00.0110480" startTime="2025-07-02T21:18:25.8005423+00:00" endTime="2025-07-02T21:18:25.8115603+00:00" testType="13cdc9d9-ddb5-4fa4-a97d-d965ccfc6d4b" outcome="Passed" testListId="8c84fa94-04c1-424b-9868-57a2d4851a1d" relativeResultsDirectory="ecb8916d-8e0d-452f-b650-d1f2ecbeb837" />
    <UnitTestResult executionId="73583749-8337-45de-a6d1-191209bcaef4" testId="a8d9421e-717c-4446-5700-f3c737afbfcf" testName="Microsoft.AspNetCore.Components.Test.RendererTest.CanUseCustomComponentActivatorFromServiceProvider" computerName="pkrvmbietmlfzoi" duration="00:00:00.0009137" startTime="2025-07-02T21:18:24.7539263+00:00" endTime="2025-07-02T21:18:24.7548008+00:00" testType="13cdc9d9-ddb5-4fa4-a97d-d965ccfc6d4b" outcome="Passed" testListId="8c84fa94-04c1-424b-9868-57a2d4851a1d" relativeResultsDirectory="73583749-8337-45de-a6d1-191209bcaef4" />
    <UnitTestResult executionId="c324bc44-6e81-4620-9514-d79e1bdea011" testId="78758eba-eae5-42cc-60c9-e7329bb692cd" testName="Microsoft.AspNetCore.Components.NavigationManagerTest.GetUriWithQueryParameters_SupportsEnumerableValues(baseUri: &quot;scheme://host/?full%20name=Bob%20Joe&amp;ping=8&amp;ping=3&quot;···, expectedUri: &quot;scheme://host/?full%20name=John%20Doe&amp;ping=35&amp;ping&quot;···)" computerName="pkrvmbietmlfzoi" duration="00:00:00.0000314" startTime="2025-07-02T21:18:23.9606970+00:00" endTime="2025-07-02T21:18:23.9609112+00:00" testType="13cdc9d9-ddb5-4fa4-a97d-d965ccfc6d4b" outcome="Passed" testListId="8c84fa94-04c1-424b-9868-57a2d4851a1d" relativeResultsDirectory="c324bc44-6e81-4620-9514-d79e1bdea011" />
    <UnitTestResult executionId="63b816d4-9c7d-4065-a9e7-2b5f9bff0eba" testId="84668c7d-98a4-7570-225d-d17038a1f1cc" testName="Microsoft.AspNetCore.Components.Rendering.RendererSynchronizationContextTest.InvokeAsync_SyncWorkInAsyncTaskIsCompletedFirst" computerName="pkrvmbietmlfzoi" duration="00:00:00.2528362" startTime="2025-07-02T21:18:24.5215486+00:00" endTime="2025-07-02T21:18:24.6331756+00:00" testType="13cdc9d9-ddb5-4fa4-a97d-d965ccfc6d4b" outcome="Passed" testListId="8c84fa94-04c1-424b-9868-57a2d4851a1d" relativeResultsDirectory="63b816d4-9c7d-4065-a9e7-2b5f9bff0eba" />
    <UnitTestResult executionId="676bf838-9493-4b6f-ab16-a256e8544d09" testId="4ad9e53c-ff4b-0056-56b1-87e62b8cc632" testName="Microsoft.AspNetCore.Components.Rendering.RenderTreeBuilderTest.CanAddNamedEvent" computerName="pkrvmbietmlfzoi" duration="00:00:00.0036135" startTime="2025-07-02T21:18:24.4221764+00:00" endTime="2025-07-02T21:18:24.4250207+00:00" testType="13cdc9d9-ddb5-4fa4-a97d-d965ccfc6d4b" outcome="Passed" testListId="8c84fa94-04c1-424b-9868-57a2d4851a1d" relativeResultsDirectory="676bf838-9493-4b6f-ab16-a256e8544d09" />
    <UnitTestResult executionId="b891c6f3-e498-44e1-93ef-eb6ebcd34572" testId="f57a68b8-550e-d06e-a08f-f698f6b7b611" testName="Microsoft.AspNetCore.Components.ComponentsMetricsTest.IsParametersEnabled_ReturnsCorrectState" computerName="pkrvmbietmlfzoi" duration="00:00:00.0002910" startTime="2025-07-02T21:18:24.3836990+00:00" endTime="2025-07-02T21:18:24.3841770+00:00" testType="13cdc9d9-ddb5-4fa4-a97d-d965ccfc6d4b" outcome="Passed" testListId="8c84fa94-04c1-424b-9868-57a2d4851a1d" relativeResultsDirectory="b891c6f3-e498-44e1-93ef-eb6ebcd34572" />
    <UnitTestResult executionId="f2f1fe3e-1caa-4e58-9fd2-9388bb119736" testId="2998b75b-5b76-2da6-6663-0c4d1b29b513" testName="Microsoft.AspNetCore.Components.BindConverterTest.FormatValue_TypeConverter" computerName="pkrvmbietmlfzoi" duration="00:00:00.0224883" startTime="2025-07-02T21:18:24.1956286+00:00" endTime="2025-07-02T21:18:24.2076851+00:00" testType="13cdc9d9-ddb5-4fa4-a97d-d965ccfc6d4b" outcome="Passed" testListId="8c84fa94-04c1-424b-9868-57a2d4851a1d" relativeResultsDirectory="f2f1fe3e-1caa-4e58-9fd2-9388bb119736" />
    <UnitTestResult executionId="78654b4a-8f83-443e-b456-6c1f4b3fa54a" testId="73fdf9a4-1f47-879d-e4aa-389a3f9e2139" testName="Microsoft.AspNetCore.Components.Test.RendererTest.CanRenderAsyncNestedComponents" computerName="pkrvmbietmlfzoi" duration="00:00:00.0018574" startTime="2025-07-02T21:18:25.8279236+00:00" endTime="2025-07-02T21:18:25.8286669+00:00" testType="13cdc9d9-ddb5-4fa4-a97d-d965ccfc6d4b" outcome="Passed" testListId="8c84fa94-04c1-424b-9868-57a2d4851a1d" relativeResultsDirectory="78654b4a-8f83-443e-b456-6c1f4b3fa54a" />
    <UnitTestResult executionId="c939184b-f26c-419e-ba3a-10686f49e42a" testId="f2be85e0-6529-13c2-75b2-7fd800b37ce0" testName="Microsoft.AspNetCore.Components.Test.RendererTest.DispatchEventAsync_Delegate_SynchronousCompletion" computerName="pkrvmbietmlfzoi" duration="00:00:00.0008196" startTime="2025-07-02T21:18:25.8417540+00:00" endTime="2025-07-02T21:18:25.8425902+00:00" testType="13cdc9d9-ddb5-4fa4-a97d-d965ccfc6d4b" outcome="Passed" testListId="8c84fa94-04c1-424b-9868-57a2d4851a1d" relativeResultsDirectory="c939184b-f26c-419e-ba3a-10686f49e42a" />
    <UnitTestResult executionId="2e716cb7-e51b-4e49-a0a5-8792f7ca4016" testId="703459f9-2e51-91e2-8f91-2086dd3c6666" testName="Microsoft.AspNetCore.Components.Test.RenderTreeDiffBuilderTest.AttributeDiff_WithSameSequenceNumber_AttributeRemovedAtEnd" computerName="pkrvmbietmlfzoi" duration="00:00:00.0005134" startTime="2025-07-02T21:18:24.4593549+00:00" endTime="2025-07-02T21:18:24.4637756+00:00" testType="13cdc9d9-ddb5-4fa4-a97d-d965ccfc6d4b" outcome="Passed" testListId="8c84fa94-04c1-424b-9868-57a2d4851a1d" relativeResultsDirectory="2e716cb7-e51b-4e49-a0a5-8792f7ca4016" />
    <UnitTestResult executionId="1fb08d90-a711-4d01-8e23-10227c244e72" testId="d46e0468-1201-0469-5c1b-100cd08bac8c" testName="Microsoft.AspNetCore.Components.ComponentStatePersistenceManagerTest.RestoreStateAsync_InitializesStateWithDataFromTheProvidedStore" computerName="pkrvmbietmlfzoi" duration="00:00:00.0082857" startTime="2025-07-02T21:18:24.2593075+00:00" endTime="2025-07-02T21:18:24.2697638+00:00" testType="13cdc9d9-ddb5-4fa4-a97d-d965ccfc6d4b" outcome="Passed" testListId="8c84fa94-04c1-424b-9868-57a2d4851a1d" relativeResultsDirectory="1fb08d90-a711-4d01-8e23-10227c244e72" />
    <UnitTestResult executionId="d45c37b4-896b-4357-ba66-ccd070d16a36" testId="9d08ca09-20b1-1ef3-6b6d-276b2ca56f66" testName="Microsoft.AspNetCore.Components.Test.RendererTest.CanAsyncDispatchEventsToTopLevelComponents" computerName="pkrvmbietmlfzoi" duration="00:00:00.0016024" startTime="2025-07-02T21:18:25.8592208+00:00" endTime="2025-07-02T21:18:25.8611598+00:00" testType="13cdc9d9-ddb5-4fa4-a97d-d965ccfc6d4b" outcome="Passed" testListId="8c84fa94-04c1-424b-9868-57a2d4851a1d" relativeResultsDirectory="d45c37b4-896b-4357-ba66-ccd070d16a36" />
    <UnitTestResult executionId="07c83855-77f9-4165-9470-7cee978b2e75" testId="f3b64202-f4c6-04cb-5f74-c90582389df6" testName="Microsoft.AspNetCore.Components.Test.RendererTest.EventDispatching_EventCallbackOfT_MethodToDelegateConversion" computerName="pkrvmbietmlfzoi" duration="00:00:00.0013789" startTime="2025-07-02T21:18:24.7483193+00:00" endTime="2025-07-02T21:18:24.7497220+00:00" testType="13cdc9d9-ddb5-4fa4-a97d-d965ccfc6d4b" outcome="Passed" testListId="8c84fa94-04c1-424b-9868-57a2d4851a1d" relativeResultsDirectory="07c83855-77f9-4165-9470-7cee978b2e75" />
    <UnitTestResult executionId="e6cfc96f-4291-4fe1-8f45-af36d5b5c1e3" testId="a53cdb8f-0eeb-bbc0-8bdb-0a81a10f20f1" testName="Microsoft.AspNetCore.Components.Routing.QueryParameterValueSupplierTest.RejectsBlankArrayEntriesWhenNotNullable(key: &quot;LongVals&quot;, targetType: typeof(long))" computerName="pkrvmbietmlfzoi" duration="00:00:00.0000412" startTime="2025-07-02T21:18:24.1137588+00:00" endTime="2025-07-02T21:18:24.1138631+00:00" testType="13cdc9d9-ddb5-4fa4-a97d-d965ccfc6d4b" outcome="Passed" testListId="8c84fa94-04c1-424b-9868-57a2d4851a1d" relativeResultsDirectory="e6cfc96f-4291-4fe1-8f45-af36d5b5c1e3" />
    <UnitTestResult executionId="655be57a-3667-4bc3-a37a-1245d5fe8b2e" testId="ce19970c-89c6-247b-5f9d-7ca92d5da0a2" testName="Microsoft.AspNetCore.Components.Test.RendererTest.DisposesEventHandlersWhenAttributeRemoved" computerName="pkrvmbietmlfzoi" duration="00:00:00.0010295" startTime="2025-07-02T21:18:25.8649780+00:00" endTime="2025-07-02T21:18:25.8659033+00:00" testType="13cdc9d9-ddb5-4fa4-a97d-d965ccfc6d4b" outcome="Passed" testListId="8c84fa94-04c1-424b-9868-57a2d4851a1d" relativeResultsDirectory="655be57a-3667-4bc3-a37a-1245d5fe8b2e" />
    <UnitTestResult executionId="1498337a-e2b7-4f6c-ae75-4172789a7c66" testId="0ff4db9f-5f38-5efa-de90-1ce1219075c7" testName="Microsoft.AspNetCore.Components.EventCallbackFactoryBinderExtensionsTest.CreateBinder_NullableFloat" computerName="pkrvmbietmlfzoi" duration="00:00:00.0098272" startTime="2025-07-02T21:18:24.4280415+00:00" endTime="2025-07-02T21:18:24.4371552+00:00" testType="13cdc9d9-ddb5-4fa4-a97d-d965ccfc6d4b" outcome="Passed" testListId="8c84fa94-04c1-424b-9868-57a2d4851a1d" relativeResultsDirectory="1498337a-e2b7-4f6c-ae75-4172789a7c66" />
    <UnitTestResult executionId="7043e4d0-8c8c-40ce-b96b-97f71703cdd9" testId="31b0bba9-afe2-39d5-f6be-7a3d9635195e" testName="Microsoft.AspNetCore.Components.Test.RenderTreeDiffBuilderTest.RecognizesAttributesAdded" computerName="pkrvmbietmlfzoi" duration="00:00:00.0017659" startTime="2025-07-02T21:18:24.3858692+00:00" endTime="2025-07-02T21:18:24.3892046+00:00" testType="13cdc9d9-ddb5-4fa4-a97d-d965ccfc6d4b" outcome="Passed" testListId="8c84fa94-04c1-424b-9868-57a2d4851a1d" relativeResultsDirectory="7043e4d0-8c8c-40ce-b96b-97f71703cdd9" />
    <UnitTestResult executionId="3e510186-c492-417a-8ad7-eac7185dc956" testId="7e30bead-337f-eb80-0031-cca28a124eaf" testName="Microsoft.AspNetCore.Components.Routing.QueryParameterValueSupplierTest.RejectsUnparseableValues(key: &quot;NullableDateTimeVal&quot;, value: &quot;2020-02-31&quot;, targetType: typeof(DateTime?))" computerName="pkrvmbietmlfzoi" duration="00:00:00.0005227" startTime="2025-07-02T21:18:24.0950118+00:00" endTime="2025-07-02T21:18:24.0953329+00:00" testType="13cdc9d9-ddb5-4fa4-a97d-d965ccfc6d4b" outcome="Passed" testListId="8c84fa94-04c1-424b-9868-57a2d4851a1d" relativeResultsDirectory="3e510186-c492-417a-8ad7-eac7185dc956" />
    <UnitTestResult executionId="a60466d2-ac2e-47c4-b9e2-3e5f2f383d19" testId="b9d0b4e5-54e6-b0eb-1dc1-b2b36b844cca" testName="Microsoft.AspNetCore.Components.ParameterViewTest.EnumerationStopsAtEndOfOwnerDescendants" computerName="pkrvmbietmlfzoi" duration="00:00:00.0003512" startTime="2025-07-02T21:18:24.0157879+00:00" endTime="2025-07-02T21:18:24.0159003+00:00" testType="13cdc9d9-ddb5-4fa4-a97d-d965ccfc6d4b" outcome="Passed" testListId="8c84fa94-04c1-424b-9868-57a2d4851a1d" relativeResultsDirectory="a60466d2-ac2e-47c4-b9e2-3e5f2f383d19" />
    <UnitTestResult executionId="c5fd7f2d-ce00-439c-87e4-32aa0ff18864" testId="4b295c11-bb0f-eb9d-22f7-da3873ab67a6" testName="Microsoft.AspNetCore.Components.Routing.RouterTest.CanceledFailedOnNavigateAsyncDoesNothing" computerName="pkrvmbietmlfzoi" duration="00:00:00.0055173" startTime="2025-07-02T21:18:24.2412000+00:00" endTime="2025-07-02T21:18:24.2609607+00:00" testType="13cdc9d9-ddb5-4fa4-a97d-d965ccfc6d4b" outcome="Passed" testListId="8c84fa94-04c1-424b-9868-57a2d4851a1d" relativeResultsDirectory="c5fd7f2d-ce00-439c-87e4-32aa0ff18864" />
    <UnitTestResult executionId="db5ba594-b2e3-4876-9e0e-c842d4489afe" testId="e54af17f-d257-2ba5-75be-655bc07b8cf2" testName="Microsoft.AspNetCore.Components.Rendering.RendererSynchronizationContextTest.Post_CanRunAsynchronously_WhenBusy_Exception" computerName="pkrvmbietmlfzoi" duration="00:00:00.0720824" startTime="2025-07-02T21:18:24.4218026+00:00" endTime="2025-07-02T21:18:24.4866150+00:00" testType="13cdc9d9-ddb5-4fa4-a97d-d965ccfc6d4b" outcome="Passed" testListId="8c84fa94-04c1-424b-9868-57a2d4851a1d" relativeResultsDirectory="db5ba594-b2e3-4876-9e0e-c842d4489afe" />
    <UnitTestResult executionId="a805be81-cbe8-465e-9d78-c6f139eca3e1" testId="0b1dadfc-5b78-0cad-febf-8fafbe4581b8" testName="Microsoft.AspNetCore.Components.Rendering.RenderTreeBuilderTest.CannotAddAttributesAfterNamedEvent" computerName="pkrvmbietmlfzoi" duration="00:00:00.0004608" startTime="2025-07-02T21:18:24.4269937+00:00" endTime="2025-07-02T21:18:24.4273485+00:00" testType="13cdc9d9-ddb5-4fa4-a97d-d965ccfc6d4b" outcome="Passed" testListId="8c84fa94-04c1-424b-9868-57a2d4851a1d" relativeResultsDirectory="a805be81-cbe8-465e-9d78-c6f139eca3e1" />
    <UnitTestResult executionId="82ecdb99-d8c1-4f29-8079-a45f595378dd" testId="5dfd0924-30fb-e241-4081-0266b6f4c8ea" testName="Microsoft.AspNetCore.Components.EventCallbackTest.EventCallback_FuncTTask_Arg_ValueType" computerName="pkrvmbietmlfzoi" duration="00:00:00.0013519" startTime="2025-07-02T21:18:24.3660354+00:00" endTime="2025-07-02T21:18:24.3685749+00:00" testType="13cdc9d9-ddb5-4fa4-a97d-d965ccfc6d4b" outcome="Passed" testListId="8c84fa94-04c1-424b-9868-57a2d4851a1d" relativeResultsDirectory="82ecdb99-d8c1-4f29-8079-a45f595378dd" />
    <UnitTestResult executionId="da87e010-4976-49ee-be84-3d10f8922720" testId="777b4233-f4ef-2355-4688-3f77c21a4c3d" testName="Microsoft.AspNetCore.Components.Routing.QueryParameterValueSupplierTest.RejectsUnparseableArrayEntries(key: &quot;LongVals&quot;, validValue: &quot;-1234&quot;, invalidValue: &quot;this+is+a+long+value&quot;, targetType: typeof(long))" computerName="pkrvmbietmlfzoi" duration="00:00:00.0000475" startTime="2025-07-02T21:18:24.1182639+00:00" endTime="2025-07-02T21:18:24.1187559+00:00" testType="13cdc9d9-ddb5-4fa4-a97d-d965ccfc6d4b" outcome="Passed" testListId="8c84fa94-04c1-424b-9868-57a2d4851a1d" relativeResultsDirectory="da87e010-4976-49ee-be84-3d10f8922720" />
    <UnitTestResult executionId="413f203d-1306-44f9-8544-d56b639d1eff" testId="22eccf0a-789a-6b0f-8cb1-b8eb6843c5ba" testName="Microsoft.AspNetCore.Components.ParameterViewTest.IncomingNonCascadingValueMatchesCascadingParameter_WithCaptureUnmatchedValues_DoesNotThrow" computerName="pkrvmbietmlfzoi" duration="00:00:00.0012945" startTime="2025-07-02T21:18:24.0361089+00:00" endTime="2025-07-02T21:18:24.0367509+00:00" testType="13cdc9d9-ddb5-4fa4-a97d-d965ccfc6d4b" outcome="Passed" testListId="8c84fa94-04c1-424b-9868-57a2d4851a1d" relativeResultsDirectory="413f203d-1306-44f9-8544-d56b639d1eff" />
    <UnitTestResult executionId="1b0bae77-13d0-450b-87b6-f23b475af699" testId="8b422a60-fe88-f77d-1f35-c2b273eb392c" testName="Microsoft.AspNetCore.Components.Rendering.RenderTreeBuilderTest.StartsEmpty" computerName="pkrvmbietmlfzoi" duration="00:00:00.0028140" startTime="2025-07-02T21:18:24.3556827+00:00" endTime="2025-07-02T21:18:24.3587897+00:00" testType="13cdc9d9-ddb5-4fa4-a97d-d965ccfc6d4b" outcome="Passed" testListId="8c84fa94-04c1-424b-9868-57a2d4851a1d" relativeResultsDirectory="1b0bae77-13d0-450b-87b6-f23b475af699" />
    <UnitTestResult executionId="37703667-0e86-4ac7-8831-9bea2af2ee9d" testId="48246a8a-ac8e-a193-1e89-47f3431568b0" testName="Microsoft.AspNetCore.Components.Routing.QueryParameterValueSupplierTest.MatchesKeysWithNonAsciiChars" computerName="pkrvmbietmlfzoi" duration="00:00:00.0003113" startTime="2025-07-02T21:18:24.2058536+00:00" endTime="2025-07-02T21:18:24.2062598+00:00" testType="13cdc9d9-ddb5-4fa4-a97d-d965ccfc6d4b" outcome="Passed" testListId="8c84fa94-04c1-424b-9868-57a2d4851a1d" relativeResultsDirectory="37703667-0e86-4ac7-8831-9bea2af2ee9d" />
    <UnitTestResult executionId="32a59dda-db8b-4336-9a35-44726e25ecf8" testId="c8588eb8-3e03-7bb0-2d9c-2b8ea6384b10" testName="Microsoft.AspNetCore.Components.Rendering.RenderTreeBuilderTest.CannotAddNamedEventToComponent" computerName="pkrvmbietmlfzoi" duration="00:00:00.0003333" startTime="2025-07-02T21:18:24.4336682+00:00" endTime="2025-07-02T21:18:24.4341005+00:00" testType="13cdc9d9-ddb5-4fa4-a97d-d965ccfc6d4b" outcome="Passed" testListId="8c84fa94-04c1-424b-9868-57a2d4851a1d" relativeResultsDirectory="32a59dda-db8b-4336-9a35-44726e25ecf8" />
    <UnitTestResult executionId="6e873f4b-7105-46e9-86de-aacb5ebaceaa" testId="b39a59a1-4eff-96d6-eb7a-a54ad3b8cb11" testName="Microsoft.AspNetCore.Components.NavigationManagerTest.GetUriWithQueryParameters_CanAddUpdateAndRemove(baseUri: &quot;scheme://host/?age=42&amp;eye%20color=87&quot;, expectedUri: &quot;scheme://host/?age=25&amp;eye%20color=green&quot;)" computerName="pkrvmbietmlfzoi" duration="00:00:00.0002838" startTime="2025-07-02T21:18:23.9622499+00:00" endTime="2025-07-02T21:18:23.9623424+00:00" testType="13cdc9d9-ddb5-4fa4-a97d-d965ccfc6d4b" outcome="Passed" testListId="8c84fa94-04c1-424b-9868-57a2d4851a1d" relativeResultsDirectory="6e873f4b-7105-46e9-86de-aacb5ebaceaa" />
    <UnitTestResult executionId="e547c4ad-140c-448b-b0ac-c41d9d7ca65b" testId="e14ecc4d-cd25-f90a-8302-d41af63d51ae" testName="Microsoft.AspNetCore.Components.EventCallbackFactoryTest.CreateT_ActionT_Null" computerName="pkrvmbietmlfzoi" duration="00:00:00.0002540" startTime="2025-07-02T21:18:24.0502014+00:00" endTime="2025-07-02T21:18:24.0506926+00:00" testType="13cdc9d9-ddb5-4fa4-a97d-d965ccfc6d4b" outcome="Passed" testListId="8c84fa94-04c1-424b-9868-57a2d4851a1d" relativeResultsDirectory="e547c4ad-140c-448b-b0ac-c41d9d7ca65b" />
    <UnitTestResult executionId="2241ed61-f10f-4cae-ae63-5f078ce6e27c" testId="e8b93970-dfc8-7f76-1183-62f96878b264" testName="Microsoft.AspNetCore.Components.Rendering.RenderTreeBuilderTest.CannotAddKeyOutsideComponentOrElement_TreeRoot" computerName="pkrvmbietmlfzoi" duration="00:00:00.0025499" startTime="2025-07-02T21:18:24.3516148+00:00" endTime="2025-07-02T21:18:24.3527805+00:00" testType="13cdc9d9-ddb5-4fa4-a97d-d965ccfc6d4b" outcome="Passed" testListId="8c84fa94-04c1-424b-9868-57a2d4851a1d" relativeResultsDirectory="2241ed61-f10f-4cae-ae63-5f078ce6e27c" />
    <UnitTestResult executionId="d7e31ed5-9062-4db8-a8f7-1e70b09c428e" testId="83689a74-853d-0bdd-638e-aafb982eedcb" testName="Microsoft.AspNetCore.Components.ParameterViewTest.IncomingCascadingParameterMatchesPropertyNotPublic_Works" computerName="pkrvmbietmlfzoi" duration="00:00:00.0014690" startTime="2025-07-02T21:18:24.0226224+00:00" endTime="2025-07-02T21:18:24.0227463+00:00" testType="13cdc9d9-ddb5-4fa4-a97d-d965ccfc6d4b" outcome="Passed" testListId="8c84fa94-04c1-424b-9868-57a2d4851a1d" relativeResultsDirectory="d7e31ed5-9062-4db8-a8f7-1e70b09c428e" />
    <UnitTestResult executionId="5e73e53a-769d-4344-afd9-6ea683ccac8f" testId="db18bf83-7d08-becd-54cd-4a4d5b90a1ef" testName="Microsoft.AspNetCore.Components.Test.ComponentBaseTest.RunsOnAfterRenderAsync_AfterRenderingCompletes" computerName="pkrvmbietmlfzoi" duration="00:00:00.0307019" startTime="2025-07-02T21:18:24.1238715+00:00" endTime="2025-07-02T21:18:24.1529479+00:00" testType="13cdc9d9-ddb5-4fa4-a97d-d965ccfc6d4b" outcome="Passed" testListId="8c84fa94-04c1-424b-9868-57a2d4851a1d" relativeResultsDirectory="5e73e53a-769d-4344-afd9-6ea683ccac8f" />
    <UnitTestResult executionId="1dffc0d0-6cd5-46a0-aaae-a4181cfc35cc" testId="a70f5413-6006-3a94-1740-0cadbd3f730c" testName="Microsoft.AspNetCore.Components.BindConverterTest.FormatValue_NullableBool" computerName="pkrvmbietmlfzoi" duration="00:00:00.0016911" startTime="2025-07-02T21:18:24.2943065+00:00" endTime="2025-07-02T21:18:24.2948830+00:00" testType="13cdc9d9-ddb5-4fa4-a97d-d965ccfc6d4b" outcome="Passed" testListId="8c84fa94-04c1-424b-9868-57a2d4851a1d" relativeResultsDirectory="1dffc0d0-6cd5-46a0-aaae-a4181cfc35cc" />
    <UnitTestResult executionId="c5bae9f1-6a27-4c78-bbc6-f6e0aff0169a" testId="e3184b48-eb0e-2245-afd4-a8e08abf3d07" testName="Microsoft.AspNetCore.Components.Routing.RoutePatternParserTests.Parse_MixedLiteralAndCatchAllParameter" computerName="pkrvmbietmlfzoi" duration="00:00:00.0005033" startTime="2025-07-02T21:18:24.2846660+00:00" endTime="2025-07-02T21:18:24.2851007+00:00" testType="13cdc9d9-ddb5-4fa4-a97d-d965ccfc6d4b" outcome="Passed" testListId="8c84fa94-04c1-424b-9868-57a2d4851a1d" relativeResultsDirectory="c5bae9f1-6a27-4c78-bbc6-f6e0aff0169a" />
    <UnitTestResult executionId="c3f38d78-0ede-41ac-89ce-3d8932a34612" testId="031d0fd0-f8b2-5e1c-4482-86c9b8e73d65" testName="Microsoft.AspNetCore.Components.EventCallbackFactoryBinderExtensionsTest.CreateBinder_NullableDouble" computerName="pkrvmbietmlfzoi" duration="00:00:00.0101069" startTime="2025-07-02T21:18:24.4776794+00:00" endTime="2025-07-02T21:18:24.4890454+00:00" testType="13cdc9d9-ddb5-4fa4-a97d-d965ccfc6d4b" outcome="Passed" testListId="8c84fa94-04c1-424b-9868-57a2d4851a1d" relativeResultsDirectory="c3f38d78-0ede-41ac-89ce-3d8932a34612" />
    <UnitTestResult executionId="4ce247e1-2f5f-49a5-aaff-c9af7d114a4c" testId="673639f5-caa0-5106-b921-c3f3cb22be4b" testName="Microsoft.AspNetCore.Components.Test.RenderTreeDiffBuilderTest.HandlesDeletionOfUnkeyedItemsAroundKey" computerName="pkrvmbietmlfzoi" duration="00:00:00.0006742" startTime="2025-07-02T21:18:24.4241497+00:00" endTime="2025-07-02T21:18:24.4243154+00:00" testType="13cdc9d9-ddb5-4fa4-a97d-d965ccfc6d4b" outcome="Passed" testListId="8c84fa94-04c1-424b-9868-57a2d4851a1d" relativeResultsDirectory="4ce247e1-2f5f-49a5-aaff-c9af7d114a4c" />
    <UnitTestResult executionId="e1e8a9f9-ac35-467b-b7e9-efa090667108" testId="ec7d19ad-ade8-9765-2912-b94ec23659ea" testName="Microsoft.AspNetCore.Components.NavigationManagerTest.GetUriWithQueryParameter_ReplacesWhenParameterExists(baseUri: &quot;scheme://host/?fUlL%20nAmE=Bob%20Joe&amp;AgE=42&quot;, expectedUri: &quot;scheme://host/?full%20name=John%20Doe&amp;AgE=42&quot;)" computerName="pkrvmbietmlfzoi" duration="00:00:00.0095559" startTime="2025-07-02T21:18:23.8231302+00:00" endTime="2025-07-02T21:18:23.8649604+00:00" testType="13cdc9d9-ddb5-4fa4-a97d-d965ccfc6d4b" outcome="Passed" testListId="8c84fa94-04c1-424b-9868-57a2d4851a1d" relativeResultsDirectory="e1e8a9f9-ac35-467b-b7e9-efa090667108" />
    <UnitTestResult executionId="7f757dc6-6ab9-4214-b8e9-0f98501d0310" testId="a9b5fb0c-fdd1-e756-f5a2-4dd9aa3afd91" testName="Microsoft.AspNetCore.Components.BindConverterTest.TryConvertTo_NullableGuid_ValidEmptyOrNull(incomingValue: null)" computerName="pkrvmbietmlfzoi" duration="00:00:00.0022284" startTime="2025-07-02T21:18:24.2099259+00:00" endTime="2025-07-02T21:18:24.2118874+00:00" testType="13cdc9d9-ddb5-4fa4-a97d-d965ccfc6d4b" outcome="Passed" testListId="8c84fa94-04c1-424b-9868-57a2d4851a1d" relativeResultsDirectory="7f757dc6-6ab9-4214-b8e9-0f98501d0310" />
    <UnitTestResult executionId="63a701ad-a1fc-4347-8810-b232e600687f" testId="b5db854b-1b0c-04e8-29d5-c4f5370952c6" testName="Microsoft.AspNetCore.Components.ComponentFactoryTest.InstantiateComponent_CreatesInstance_WithTypeActivation" computerName="pkrvmbietmlfzoi" duration="00:00:00.0271527" startTime="2025-07-02T21:18:24.0995503+00:00" endTime="2025-07-02T21:18:24.1190898+00:00" testType="13cdc9d9-ddb5-4fa4-a97d-d965ccfc6d4b" outcome="Passed" testListId="8c84fa94-04c1-424b-9868-57a2d4851a1d" relativeResultsDirectory="63a701ad-a1fc-4347-8810-b232e600687f" />
    <UnitTestResult executionId="e558b973-9c00-47bf-85a0-929bf3345b62" testId="593be9dc-60fc-2229-6010-519b94c318da" testName="Microsoft.AspNetCore.Components.EventCallbackTest.EventCallback_FuncTTask_Arg" computerName="pkrvmbietmlfzoi" duration="00:00:00.0010453" startTime="2025-07-02T21:18:24.3397880+00:00" endTime="2025-07-02T21:18:24.3403000+00:00" testType="13cdc9d9-ddb5-4fa4-a97d-d965ccfc6d4b" outcome="Passed" testListId="8c84fa94-04c1-424b-9868-57a2d4851a1d" relativeResultsDirectory="e558b973-9c00-47bf-85a0-929bf3345b62" />
    <UnitTestResult executionId="a8c60684-5945-4892-84a9-1f361a96f149" testId="493eac30-9a2e-c0a5-b279-4d707c07c29c" testName="Microsoft.AspNetCore.Components.Routing.RoutePatternParserTests.Parse_SingleCatchAllParameter(parsedTemplate: &quot;p&quot;, template: &quot;{**p}&quot;)" computerName="pkrvmbietmlfzoi" duration="00:00:00.0002715" startTime="2025-07-02T21:18:24.2426285+00:00" endTime="2025-07-02T21:18:24.2428020+00:00" testType="13cdc9d9-ddb5-4fa4-a97d-d965ccfc6d4b" outcome="Passed" testListId="8c84fa94-04c1-424b-9868-57a2d4851a1d" relativeResultsDirectory="a8c60684-5945-4892-84a9-1f361a96f149" />
    <UnitTestResult executionId="1b4328c6-1506-4ec6-9e17-5caa12fd1937" testId="89641d7d-69df-219c-d49a-eeeef2f6e5bd" testName="Microsoft.AspNetCore.Components.Routing.RouteTableFactoryTests.CanMatchSegmentWithMultipleConstraints(template: &quot;/{value:double:int?}/&quot;, contextUrl: &quot;/&quot;, convertedValue: null)" computerName="pkrvmbietmlfzoi" duration="00:00:00.0006703" startTime="2025-07-02T21:18:24.5516832+00:00" endTime="2025-07-02T21:18:24.5517812+00:00" testType="13cdc9d9-ddb5-4fa4-a97d-d965ccfc6d4b" outcome="Passed" testListId="8c84fa94-04c1-424b-9868-57a2d4851a1d" relativeResultsDirectory="1b4328c6-1506-4ec6-9e17-5caa12fd1937" />
    <UnitTestResult executionId="d743f770-2f6d-4236-8bf7-bfd034c98849" testId="b4e4a47f-33b4-e773-6373-e489b9e1d137" testName="Microsoft.AspNetCore.Components.ParameterViewTest.CanGetValueOrDefault_WithNonExistingValue" computerName="pkrvmbietmlfzoi" duration="00:00:00.0009967" startTime="2025-07-02T21:18:24.0298751+00:00" endTime="2025-07-02T21:18:24.0321991+00:00" testType="13cdc9d9-ddb5-4fa4-a97d-d965ccfc6d4b" outcome="Passed" testListId="8c84fa94-04c1-424b-9868-57a2d4851a1d" relativeResultsDirectory="d743f770-2f6d-4236-8bf7-bfd034c98849" />
    <UnitTestResult executionId="a38f0394-0fe6-48f2-b87c-23293dbf78cd" testId="78f88ff1-724e-29cc-05ae-f2636c45d0b3" testName="Microsoft.AspNetCore.Components.PersistentState.PersistentServicesRegistryTest.PersistStateAsync_DoesNotThrowIfServiceNotResolvedDuringRestore" computerName="pkrvmbietmlfzoi" duration="00:00:00.0072613" startTime="2025-07-02T21:18:24.3679708+00:00" endTime="2025-07-02T21:18:24.3815788+00:00" testType="13cdc9d9-ddb5-4fa4-a97d-d965ccfc6d4b" outcome="Passed" testListId="8c84fa94-04c1-424b-9868-57a2d4851a1d" relativeResultsDirectory="a38f0394-0fe6-48f2-b87c-23293dbf78cd" />
    <UnitTestResult executionId="ccd19c5a-1469-4541-a323-a68f32656428" testId="53e250cc-3093-fbfb-a08c-ff13ad5482d9" testName="Microsoft.AspNetCore.Components.Routing.QueryParameterValueSupplierTest.AcceptsBlankValuesWhenNullable" computerName="pkrvmbietmlfzoi" duration="00:00:00.0002081" startTime="2025-07-02T21:18:24.2004240+00:00" endTime="2025-07-02T21:18:24.2005771+00:00" testType="13cdc9d9-ddb5-4fa4-a97d-d965ccfc6d4b" outcome="Passed" testListId="8c84fa94-04c1-424b-9868-57a2d4851a1d" relativeResultsDirectory="ccd19c5a-1469-4541-a323-a68f32656428" />
    <UnitTestResult executionId="5dd98318-bd6a-4d3a-89b3-13087bd022dd" testId="9a52722b-ecef-ab64-8ec1-3050cbfd63e3" testName="Microsoft.AspNetCore.Components.EventCallbackFactoryBinderExtensionsTest.CreateBinder_DateTime" computerName="pkrvmbietmlfzoi" duration="00:00:00.0018982" startTime="2025-07-02T21:18:24.4946229+00:00" endTime="2025-07-02T21:18:24.4958919+00:00" testType="13cdc9d9-ddb5-4fa4-a97d-d965ccfc6d4b" outcome="Passed" testListId="8c84fa94-04c1-424b-9868-57a2d4851a1d" relativeResultsDirectory="5dd98318-bd6a-4d3a-89b3-13087bd022dd" />
    <UnitTestResult executionId="c643a7ac-9db5-4a35-b766-ecf0ebbe0532" testId="eb93954a-ccc3-8abb-c6fc-2786206276ad" testName="Microsoft.AspNetCore.Components.NavigationManagerTest.GetUriWithQueryParameter_RemovesWhenParameterValueIsNull(baseUri: &quot;scheme://host/?full%20name=&amp;age=42&quot;, expectedUri: &quot;scheme://host/?age=42&quot;)" computerName="pkrvmbietmlfzoi" duration="00:00:00.0004511" startTime="2025-07-02T21:18:23.9499361+00:00" endTime="2025-07-02T21:18:23.9500337+00:00" testType="13cdc9d9-ddb5-4fa4-a97d-d965ccfc6d4b" outcome="Passed" testListId="8c84fa94-04c1-424b-9868-57a2d4851a1d" relativeResultsDirectory="c643a7ac-9db5-4a35-b766-ecf0ebbe0532" />
    <UnitTestResult executionId="62645310-b0fc-4c4d-a105-41d5d45e31a7" testId="b2430c0e-338b-1abd-dd62-bb26e5871d26" testName="Microsoft.AspNetCore.Components.Rendering.RendererSynchronizationContextTest.InvokeAsync_FuncTaskT_CanRunAsynchronously_WhenBusy" computerName="pkrvmbietmlfzoi" duration="00:00:00.0104616" startTime="2025-07-02T21:18:24.4945839+00:00" endTime="2025-07-02T21:18:24.5081208+00:00" testType="13cdc9d9-ddb5-4fa4-a97d-d965ccfc6d4b" outcome="Passed" testListId="8c84fa94-04c1-424b-9868-57a2d4851a1d" relativeResultsDirectory="62645310-b0fc-4c4d-a105-41d5d45e31a7" />
    <UnitTestResult executionId="e6c11efe-7780-49fa-a678-59190b7a0697" testId="00c56986-8112-361d-d786-53486ce4373f" testName="Microsoft.AspNetCore.Components.EventCallbackFactoryTest.CreateT_ActionT_Unbound" computerName="pkrvmbietmlfzoi" duration="00:00:00.0001954" startTime="2025-07-02T21:18:24.0807639+00:00" endTime="2025-07-02T21:18:24.0808804+00:00" testType="13cdc9d9-ddb5-4fa4-a97d-d965ccfc6d4b" outcome="Passed" testListId="8c84fa94-04c1-424b-9868-57a2d4851a1d" relativeResultsDirectory="e6c11efe-7780-49fa-a678-59190b7a0697" />
    <UnitTestResult executionId="e9e18f81-7582-4037-aa35-2e6a4e71879e" testId="6e7b248d-c90d-f81a-ea63-9c387347b88e" testName="Microsoft.AspNetCore.Components.Routing.QueryParameterValueSupplierTest.RejectsUnparseableArrayEntries(key: &quot;NullableBoolVals&quot;, validValue: &quot;true&quot;, invalidValue: &quot;abc&quot;, targetType: typeof(bool?))" computerName="pkrvmbietmlfzoi" duration="00:00:00.0000385" startTime="2025-07-02T21:18:24.1273810+00:00" endTime="2025-07-02T21:18:24.1275660+00:00" testType="13cdc9d9-ddb5-4fa4-a97d-d965ccfc6d4b" outcome="Passed" testListId="8c84fa94-04c1-424b-9868-57a2d4851a1d" relativeResultsDirectory="e9e18f81-7582-4037-aa35-2e6a4e71879e" />
    <UnitTestResult executionId="15bf548f-9944-4a0f-bc17-ef3f03a80a2a" testId="004e2533-e0d1-128f-7566-581332560c49" testName="Microsoft.AspNetCore.Components.Routing.RouteTableFactoryTests.RouteMatchingIsCaseInsensitive" computerName="pkrvmbietmlfzoi" duration="00:00:00.0005663" startTime="2025-07-02T21:18:24.5261286+00:00" endTime="2025-07-02T21:18:24.5284065+00:00" testType="13cdc9d9-ddb5-4fa4-a97d-d965ccfc6d4b" outcome="Passed" testListId="8c84fa94-04c1-424b-9868-57a2d4851a1d" relativeResultsDirectory="15bf548f-9944-4a0f-bc17-ef3f03a80a2a" />
    <UnitTestResult executionId="98480fa9-b192-4c84-84c7-1ab18a42c3b3" testId="5f92604e-9501-54cb-010b-c8142fddb778" testName="Microsoft.AspNetCore.Components.Rendering.RenderTreeBuilderTest.AddComponentParameter_Component_EventHandlerValue_SetsAttributeValue(value: null)" computerName="pkrvmbietmlfzoi" duration="00:00:00.0010753" startTime="2025-07-02T21:18:24.3693263+00:00" endTime="2025-07-02T21:18:24.3720898+00:00" testType="13cdc9d9-ddb5-4fa4-a97d-d965ccfc6d4b" outcome="Passed" testListId="8c84fa94-04c1-424b-9868-57a2d4851a1d" relativeResultsDirectory="98480fa9-b192-4c84-84c7-1ab18a42c3b3" />
    <UnitTestResult executionId="26ed69d2-c727-49a0-91ea-be68138955f9" testId="94e2310c-c5a1-6396-6932-8758e6a50179" testName="Microsoft.AspNetCore.Components.NavigationManagerTest.GetUriWithQueryParameter_AppendsWhenParameterDoesNotExist(baseUri: &quot;scheme://host/#hash&quot;, expectedUri: &quot;scheme://host/?name=John%20Doe#hash&quot;)" computerName="pkrvmbietmlfzoi" duration="00:00:00.0003022" startTime="2025-07-02T21:18:24.0107415+00:00" endTime="2025-07-02T21:18:24.0108535+00:00" testType="13cdc9d9-ddb5-4fa4-a97d-d965ccfc6d4b" outcome="Passed" testListId="8c84fa94-04c1-424b-9868-57a2d4851a1d" relativeResultsDirectory="26ed69d2-c727-49a0-91ea-be68138955f9" />
    <UnitTestResult executionId="8ffc2da1-2f4e-4c7d-8cc3-e8930266e11e" testId="07425356-3fde-058a-6d9d-00d12485716f" testName="Microsoft.AspNetCore.Components.Test.RendererTest.DispatchEventAsync_EventCallback_AsynchronousCancellation" computerName="pkrvmbietmlfzoi" duration="00:00:00.0020042" startTime="2025-07-02T21:18:24.7402770+00:00" endTime="2025-07-02T21:18:24.7425679+00:00" testType="13cdc9d9-ddb5-4fa4-a97d-d965ccfc6d4b" outcome="Passed" testListId="8c84fa94-04c1-424b-9868-57a2d4851a1d" relativeResultsDirectory="8ffc2da1-2f4e-4c7d-8cc3-e8930266e11e" />
    <UnitTestResult executionId="4e2bff29-015a-4f80-bc74-2cf29de5df8a" testId="1506ab79-d31a-d54b-1312-24eb0a40dcb2" testName="Microsoft.AspNetCore.Components.EventCallbackFactoryBinderExtensionsTest.CreateBinder_ThrowsSetterException" computerName="pkrvmbietmlfzoi" duration="00:00:00.0011536" startTime="2025-07-02T21:18:24.5156275+00:00" endTime="2025-07-02T21:18:24.5159944+00:00" testType="13cdc9d9-ddb5-4fa4-a97d-d965ccfc6d4b" outcome="Passed" testListId="8c84fa94-04c1-424b-9868-57a2d4851a1d" relativeResultsDirectory="4e2bff29-015a-4f80-bc74-2cf29de5df8a" />
    <UnitTestResult executionId="ab0f873b-72de-44aa-91e6-6f0e30c2f5b6" testId="ad6b6ed2-be61-6eba-3ee9-cc5d8ec2fc87" testName="Microsoft.AspNetCore.Components.Routing.RouteTableFactoryTests.MultipleOptionalParameters(path: &quot;/&quot;, segments: 0)" computerName="pkrvmbietmlfzoi" duration="00:00:00.0002918" startTime="2025-07-02T21:18:24.5340439+00:00" endTime="2025-07-02T21:18:24.5357059+00:00" testType="13cdc9d9-ddb5-4fa4-a97d-d965ccfc6d4b" outcome="Passed" testListId="8c84fa94-04c1-424b-9868-57a2d4851a1d" relativeResultsDirectory="ab0f873b-72de-44aa-91e6-6f0e30c2f5b6" />
    <UnitTestResult executionId="eb9ecb7b-b0d1-4752-9a7e-55dfceea4334" testId="313388aa-300e-4ea4-2b25-efd63fb97fae" testName="Microsoft.AspNetCore.Components.Test.CascadingParameterTest.CanUseTryAddPatternForCascadingValuesInServiceCollection_ValueFactory" computerName="pkrvmbietmlfzoi" duration="00:00:00.0006830" startTime="2025-07-02T21:18:24.4548477+00:00" endTime="2025-07-02T21:18:24.4549570+00:00" testType="13cdc9d9-ddb5-4fa4-a97d-d965ccfc6d4b" outcome="Passed" testListId="8c84fa94-04c1-424b-9868-57a2d4851a1d" relativeResultsDirectory="eb9ecb7b-b0d1-4752-9a7e-55dfceea4334" />
    <UnitTestResult executionId="12578861-c779-44b9-8744-f93b1b0842b4" testId="59d801d5-0795-e645-9e32-80a7c6115651" testName="Microsoft.AspNetCore.Components.NavigationManagerTest.GetUriWithQueryParameters_CanAddUpdateAndRemove(baseUri: &quot;scheme://host/?name=Bob%20Joe&amp;age=42&amp;keepme=true&quot;, expectedUri: &quot;scheme://host/?age=25&amp;keepme=true&amp;eye%20color=gree&quot;···)" computerName="pkrvmbietmlfzoi" duration="00:00:00.0000268" startTime="2025-07-02T21:18:23.9637317+00:00" endTime="2025-07-02T21:18:23.9638443+00:00" testType="13cdc9d9-ddb5-4fa4-a97d-d965ccfc6d4b" outcome="Passed" testListId="8c84fa94-04c1-424b-9868-57a2d4851a1d" relativeResultsDirectory="12578861-c779-44b9-8744-f93b1b0842b4" />
    <UnitTestResult executionId="bf6e3ffd-af5a-46ad-8d9f-ec6fe9c13044" testId="8821d8f0-6f93-764c-e58d-7410f30a46e2" testName="Microsoft.AspNetCore.Components.Test.RenderTreeDiffBuilderTest.AttributeDiff_WithSequentialSequenceNumber_AttributeRemovedAtEnd" computerName="pkrvmbietmlfzoi" duration="00:00:00.0003863" startTime="2025-07-02T21:18:24.4451058+00:00" endTime="2025-07-02T21:18:24.4452705+00:00" testType="13cdc9d9-ddb5-4fa4-a97d-d965ccfc6d4b" outcome="Passed" testListId="8c84fa94-04c1-424b-9868-57a2d4851a1d" relativeResultsDirectory="bf6e3ffd-af5a-46ad-8d9f-ec6fe9c13044" />
    <UnitTestResult executionId="8232989c-81d2-499d-b6a6-4209c5120d21" testId="e35cdee5-7b44-d822-fca5-f437ad2620dd" testName="Microsoft.AspNetCore.Components.EventCallbackFactoryTest.Create_FuncTask_DifferentReceiver" computerName="pkrvmbietmlfzoi" duration="00:00:00.0001682" startTime="2025-07-02T21:18:24.0935328+00:00" endTime="2025-07-02T21:18:24.0936475+00:00" testType="13cdc9d9-ddb5-4fa4-a97d-d965ccfc6d4b" outcome="Passed" testListId="8c84fa94-04c1-424b-9868-57a2d4851a1d" relativeResultsDirectory="8232989c-81d2-499d-b6a6-4209c5120d21" />
    <UnitTestResult executionId="6949ca55-0671-4680-bd9b-f6475079a68f" testId="f2bea136-9b06-0068-8ee1-74a52d5766ca" testName="Microsoft.AspNetCore.Components.Test.CascadingParameterTest.ThrowsIfAttemptingToSubscribeToCascadingValueSourceOutsideSyncContext" computerName="pkrvmbietmlfzoi" duration="00:00:00.0013315" startTime="2025-07-02T21:18:24.4552105+00:00" endTime="2025-07-02T21:18:24.4562877+00:00" testType="13cdc9d9-ddb5-4fa4-a97d-d965ccfc6d4b" outcome="Passed" testListId="8c84fa94-04c1-424b-9868-57a2d4851a1d" relativeResultsDirectory="6949ca55-0671-4680-bd9b-f6475079a68f" />
    <UnitTestResult executionId="9b04f087-fc1f-4c62-bdab-d626c878410d" testId="ec336f4c-688d-a70b-f869-a979e649d734" testName="Microsoft.AspNetCore.Components.Test.RendererTest.EventDispatching_EventCallback_AsyncNoTargetLambda" computerName="pkrvmbietmlfzoi" duration="00:00:00.0010135" startTime="2025-07-02T21:18:24.5523552+00:00" endTime="2025-07-02T21:18:24.5538497+00:00" testType="13cdc9d9-ddb5-4fa4-a97d-d965ccfc6d4b" outcome="Passed" testListId="8c84fa94-04c1-424b-9868-57a2d4851a1d" relativeResultsDirectory="9b04f087-fc1f-4c62-bdab-d626c878410d" />
    <UnitTestResult executionId="cca54ffc-60ce-43e9-8f6d-5a47589c240e" testId="40b64cb7-a0ad-328d-3438-891a5dc934e6" testName="Microsoft.AspNetCore.Components.Test.CascadingParameterTest.CanHaveManySubscribers(numSubscribers: 128)" computerName="pkrvmbietmlfzoi" duration="00:00:00.0031113" startTime="2025-07-02T21:18:24.4068254+00:00" endTime="2025-07-02T21:18:24.4097481+00:00" testType="13cdc9d9-ddb5-4fa4-a97d-d965ccfc6d4b" outcome="Passed" testListId="8c84fa94-04c1-424b-9868-57a2d4851a1d" relativeResultsDirectory="cca54ffc-60ce-43e9-8f6d-5a47589c240e" />
    <UnitTestResult executionId="cb95dd68-338f-46f4-a2fb-2620f1940345" testId="bbbbbdcd-8874-a9b9-ab2b-ef3843ecf39f" testName="Microsoft.AspNetCore.Components.Test.CascadingParameterTest.CanUseTryAddPatternForCascadingValuesInServiceCollection_CascadingValueSource" computerName="pkrvmbietmlfzoi" duration="00:00:00.0005017" startTime="2025-07-02T21:18:24.3700423+00:00" endTime="2025-07-02T21:18:24.3702695+00:00" testType="13cdc9d9-ddb5-4fa4-a97d-d965ccfc6d4b" outcome="Passed" testListId="8c84fa94-04c1-424b-9868-57a2d4851a1d" relativeResultsDirectory="cb95dd68-338f-46f4-a2fb-2620f1940345" />
    <UnitTestResult executionId="93a48c0e-628c-4702-95d8-d340b2fb08b1" testId="86ce3c86-1c42-2a33-7541-9a4ea50c4d2a" testName="Microsoft.AspNetCore.Components.NavigationManagerTest.GetUriWithQueryParameter_ReplacesWhenParameterExists(baseUri: &quot;scheme://host/?full%20name=&amp;age=42&quot;, expectedUri: &quot;scheme://host/?full%20name=John%20Doe&amp;age=42&quot;)" computerName="pkrvmbietmlfzoi" duration="00:00:00.0002515" startTime="2025-07-02T21:18:23.8651614+00:00" endTime="2025-07-02T21:18:23.8652725+00:00" testType="13cdc9d9-ddb5-4fa4-a97d-d965ccfc6d4b" outcome="Passed" testListId="8c84fa94-04c1-424b-9868-57a2d4851a1d" relativeResultsDirectory="93a48c0e-628c-4702-95d8-d340b2fb08b1" />
    <UnitTestResult executionId="3ebbf4e0-4c51-4535-9394-0a3a7749c145" testId="ec5d73b7-1bad-9588-4c3a-96c51b850227" testName="Microsoft.AspNetCore.Components.Routing.RoutePatternParserTests.InvalidTemplate_WithMismatchedBraces(template: &quot;Another/p}/Literal&quot;, expectedMessage: &quot;There is an incomplete parameter in the route temp&quot;···)" computerName="pkrvmbietmlfzoi" duration="00:00:00.0000346" startTime="2025-07-02T21:18:24.2605695+00:00" endTime="2025-07-02T21:18:24.2606881+00:00" testType="13cdc9d9-ddb5-4fa4-a97d-d965ccfc6d4b" outcome="Passed" testListId="8c84fa94-04c1-424b-9868-57a2d4851a1d" relativeResultsDirectory="3ebbf4e0-4c51-4535-9394-0a3a7749c145" />
    <UnitTestResult executionId="37e262a2-4cb3-4892-891e-bb0d4dd13976" testId="c680db2f-0852-0119-fe23-410188617f76" testName="Microsoft.AspNetCore.Components.PersistentState.PersistentServicesRegistryTest.PersistStateAsync_PersistsServiceProperties" computerName="pkrvmbietmlfzoi" duration="00:00:00.0017101" startTime="2025-07-02T21:18:24.4075910+00:00" endTime="2025-07-02T21:18:24.4100176+00:00" testType="13cdc9d9-ddb5-4fa4-a97d-d965ccfc6d4b" outcome="Passed" testListId="8c84fa94-04c1-424b-9868-57a2d4851a1d" relativeResultsDirectory="37e262a2-4cb3-4892-891e-bb0d4dd13976" />
    <UnitTestResult executionId="9857a1ab-e35a-4bc3-af2d-107ea79e7a77" testId="c90cffb8-7886-9206-0f6d-ae5f6e2d2db8" testName="Microsoft.AspNetCore.Components.Test.RendererTest.RenderModeResolverCanSupplyComponent_WithComponentTypeRenderMode" computerName="pkrvmbietmlfzoi" duration="00:00:00.0006817" startTime="2025-07-02T21:18:24.7682577+00:00" endTime="2025-07-02T21:18:24.7688133+00:00" testType="13cdc9d9-ddb5-4fa4-a97d-d965ccfc6d4b" outcome="Passed" testListId="8c84fa94-04c1-424b-9868-57a2d4851a1d" relativeResultsDirectory="9857a1ab-e35a-4bc3-af2d-107ea79e7a77" />
    <UnitTestResult executionId="e9093faf-c72b-4380-893b-aab0109516e5" testId="d2f1f98f-3678-8cc2-c5ce-77210d53b79d" testName="Microsoft.AspNetCore.Components.Test.RendererTest.CannotStartOverlappingBatches" computerName="pkrvmbietmlfzoi" duration="00:00:00.0008915" startTime="2025-07-02T21:18:24.5793317+00:00" endTime="2025-07-02T21:18:24.5800716+00:00" testType="13cdc9d9-ddb5-4fa4-a97d-d965ccfc6d4b" outcome="Passed" testListId="8c84fa94-04c1-424b-9868-57a2d4851a1d" relativeResultsDirectory="e9093faf-c72b-4380-893b-aab0109516e5" />
    <UnitTestResult executionId="78792b2b-995e-4596-a63c-e8424f622c3e" testId="13f70ca0-df3a-1cbe-aaed-fa77112d156e" testName="Microsoft.AspNetCore.Components.Test.RendererTest.DispatchEventAsync_Delegate_SynchronousException" computerName="pkrvmbietmlfzoi" duration="00:00:00.0014779" startTime="2025-07-02T21:18:24.7828232+00:00" endTime="2025-07-02T21:18:24.7843893+00:00" testType="13cdc9d9-ddb5-4fa4-a97d-d965ccfc6d4b" outcome="Passed" testListId="8c84fa94-04c1-424b-9868-57a2d4851a1d" relativeResultsDirectory="78792b2b-995e-4596-a63c-e8424f622c3e" />
    <UnitTestResult executionId="6603a524-936d-4e50-97b0-278cbf333c63" testId="c23a43ff-da51-f073-82fc-74b6b5bd55d3" testName="Microsoft.AspNetCore.Components.NavigationManagerTest.GetUriWithQueryParameter_ReplacesWhenParameterExists(baseUri: &quot;scheme://host/?full%20name=Bob%20Joe&amp;age=42&quot;, expectedUri: &quot;scheme://host/?full%20name=John%20Doe&amp;age=42&quot;)" computerName="pkrvmbietmlfzoi" duration="00:00:00.0000227" startTime="2025-07-02T21:18:23.8655199+00:00" endTime="2025-07-02T21:18:23.8656297+00:00" testType="13cdc9d9-ddb5-4fa4-a97d-d965ccfc6d4b" outcome="Passed" testListId="8c84fa94-04c1-424b-9868-57a2d4851a1d" relativeResultsDirectory="6603a524-936d-4e50-97b0-278cbf333c63" />
    <UnitTestResult executionId="c34cdc04-c29d-43ce-9e41-ebb83b1abbc5" testId="1fa5fbf1-63a6-d7c4-6c8c-69a791cf8b51" testName="Microsoft.AspNetCore.Components.Test.CascadingParameterTest.CanHaveManySubscribers(numSubscribers: 65)" computerName="pkrvmbietmlfzoi" duration="00:00:00.0210763" startTime="2025-07-02T21:18:24.3716085+00:00" endTime="2025-07-02T21:18:24.4066418+00:00" testType="13cdc9d9-ddb5-4fa4-a97d-d965ccfc6d4b" outcome="Passed" testListId="8c84fa94-04c1-424b-9868-57a2d4851a1d" relativeResultsDirectory="c34cdc04-c29d-43ce-9e41-ebb83b1abbc5" />
    <UnitTestResult executionId="db5f216a-1299-4a9d-9e1a-15ea23f18a4d" testId="5504f349-886e-364d-1fc2-a3566c2bdac1" testName="Microsoft.AspNetCore.Components.ParameterViewTest.IncomingCascadingValueMatchesNonCascadingParameter_Throws" computerName="pkrvmbietmlfzoi" duration="00:00:00.0006073" startTime="2025-07-02T21:18:24.0413863+00:00" endTime="2025-07-02T21:18:24.0415851+00:00" testType="13cdc9d9-ddb5-4fa4-a97d-d965ccfc6d4b" outcome="Passed" testListId="8c84fa94-04c1-424b-9868-57a2d4851a1d" relativeResultsDirectory="db5f216a-1299-4a9d-9e1a-15ea23f18a4d" />
    <UnitTestResult executionId="c69f9fda-a495-4dfc-a436-8871b6ffc7cf" testId="613e6019-e82f-f557-0d4e-4161a7225b12" testName="Microsoft.AspNetCore.Components.Rendering.RenderTreeBuilderTest.CannotAddAttributeToRegion" computerName="pkrvmbietmlfzoi" duration="00:00:00.0002839" startTime="2025-07-02T21:18:24.3442971+00:00" endTime="2025-07-02T21:18:24.3444162+00:00" testType="13cdc9d9-ddb5-4fa4-a97d-d965ccfc6d4b" outcome="Passed" testListId="8c84fa94-04c1-424b-9868-57a2d4851a1d" relativeResultsDirectory="c69f9fda-a495-4dfc-a436-8871b6ffc7cf" />
    <UnitTestResult executionId="02105ca1-89f6-47ab-b3e2-56c8151f05b1" testId="414507dc-3be0-3ccc-90b9-ff4da80f144d" testName="Microsoft.AspNetCore.Components.Routing.RouteTableFactoryTests.DoesNotThrowForNonAmbiguousRoutes(first: &quot;literal/{optional?}&quot;, second: &quot;literal&quot;)" computerName="pkrvmbietmlfzoi" duration="00:00:00.0005604" startTime="2025-07-02T21:18:24.5092704+00:00" endTime="2025-07-02T21:18:24.5093694+00:00" testType="13cdc9d9-ddb5-4fa4-a97d-d965ccfc6d4b" outcome="Passed" testListId="8c84fa94-04c1-424b-9868-57a2d4851a1d" relativeResultsDirectory="02105ca1-89f6-47ab-b3e2-56c8151f05b1" />
    <UnitTestResult executionId="92f62000-0ebb-4f87-aa31-ae57dd9915c0" testId="8a9f9b07-b161-9145-5cc4-080caeb6b9a6" testName="Microsoft.AspNetCore.Components.ComponentsMetricsTest.Navigation_RecordsMetric" computerName="pkrvmbietmlfzoi" duration="00:00:00.0007278" startTime="2025-07-02T21:18:24.5337610+00:00" endTime="2025-07-02T21:18:24.5359509+00:00" testType="13cdc9d9-ddb5-4fa4-a97d-d965ccfc6d4b" outcome="Passed" testListId="8c84fa94-04c1-424b-9868-57a2d4851a1d" relativeResultsDirectory="92f62000-0ebb-4f87-aa31-ae57dd9915c0" />
    <UnitTestResult executionId="9bee7665-ad1d-4923-8c40-bc101e152a6d" testId="bb8878dc-e145-9d91-744b-958cc0c47ea9" testName="Microsoft.AspNetCore.Components.ComponentStatePersistenceManagerTest.PersistStateAsync_InvokesPauseCallbacksDuringPersist" computerName="pkrvmbietmlfzoi" duration="00:00:00.0015192" startTime="2025-07-02T21:18:24.3455616+00:00" endTime="2025-07-02T21:18:24.3480893+00:00" testType="13cdc9d9-ddb5-4fa4-a97d-d965ccfc6d4b" outcome="Passed" testListId="8c84fa94-04c1-424b-9868-57a2d4851a1d" relativeResultsDirectory="9bee7665-ad1d-4923-8c40-bc101e152a6d" />
    <UnitTestResult executionId="80ece9c0-0378-4dc0-8b2c-7c9a5f8cd3db" testId="2e10f293-2d1b-d96d-5956-1f1b02add547" testName="Microsoft.AspNetCore.Components.Rendering.RenderTreeBuilderTest.CanAddComponentReferenceCaptureInsideComponent" computerName="pkrvmbietmlfzoi" duration="00:00:00.0024515" startTime="2025-07-02T21:18:24.2149631+00:00" endTime="2025-07-02T21:18:24.2159487+00:00" testType="13cdc9d9-ddb5-4fa4-a97d-d965ccfc6d4b" outcome="Passed" testListId="8c84fa94-04c1-424b-9868-57a2d4851a1d" relativeResultsDirectory="80ece9c0-0378-4dc0-8b2c-7c9a5f8cd3db" />
    <UnitTestResult executionId="0f56b803-7bb4-4f08-bfc4-5a22defb93a1" testId="ecfc0388-f6bc-da8d-a5b5-d1efa1a611b0" testName="Microsoft.AspNetCore.Components.EventCallbackTest.EventCallback_FuncTTask_Null" computerName="pkrvmbietmlfzoi" duration="00:00:00.0007496" startTime="2025-07-02T21:18:24.3512785+00:00" endTime="2025-07-02T21:18:24.3516932+00:00" testType="13cdc9d9-ddb5-4fa4-a97d-d965ccfc6d4b" outcome="Passed" testListId="8c84fa94-04c1-424b-9868-57a2d4851a1d" relativeResultsDirectory="0f56b803-7bb4-4f08-bfc4-5a22defb93a1" />
    <UnitTestResult executionId="36cb9d1a-446c-4113-afcc-1cadd03a38c3" testId="56495ced-8f70-9ecf-2fda-94fd4a0bb119" testName="Microsoft.AspNetCore.Components.NavigationManagerTest.LocationChangingHandlers_CanContinueTheNavigationAsynchronously_WhenMultipleHandlersAreRegistered" computerName="pkrvmbietmlfzoi" duration="00:00:00.0301156" startTime="2025-07-02T21:18:24.0854958+00:00" endTime="2025-07-02T21:18:24.1088707+00:00" testType="13cdc9d9-ddb5-4fa4-a97d-d965ccfc6d4b" outcome="Passed" testListId="8c84fa94-04c1-424b-9868-57a2d4851a1d" relativeResultsDirectory="36cb9d1a-446c-4113-afcc-1cadd03a38c3" />
    <UnitTestResult executionId="47d31286-b0de-42bc-94bb-62b8802af479" testId="aad7b082-ad36-2151-bf4b-62d03ef63fe9" testName="Microsoft.AspNetCore.Components.Test.RenderTreeDiffBuilderTest.HandlesKeyBeingRemoved" computerName="pkrvmbietmlfzoi" duration="00:00:00.0037988" startTime="2025-07-02T21:18:24.3069209+00:00" endTime="2025-07-02T21:18:24.3115707+00:00" testType="13cdc9d9-ddb5-4fa4-a97d-d965ccfc6d4b" outcome="Passed" testListId="8c84fa94-04c1-424b-9868-57a2d4851a1d" relativeResultsDirectory="47d31286-b0de-42bc-94bb-62b8802af479" />
    <UnitTestResult executionId="9f8329a2-5c63-4962-acda-16713e440d15" testId="547e16e6-b4e4-b7dc-2721-5de4a2e1c2fa" testName="Microsoft.AspNetCore.Components.PersistentStateValueProviderTests.Unsubscribe_RemovesCallbackFromRegisteredCallbacks" computerName="pkrvmbietmlfzoi" duration="00:00:00.0026099" startTime="2025-07-02T21:18:24.5018740+00:00" endTime="2025-07-02T21:18:24.5029572+00:00" testType="13cdc9d9-ddb5-4fa4-a97d-d965ccfc6d4b" outcome="Passed" testListId="8c84fa94-04c1-424b-9868-57a2d4851a1d" relativeResultsDirectory="9f8329a2-5c63-4962-acda-16713e440d15" />
    <UnitTestResult executionId="2d93e652-db4f-4610-bb14-c1afb7729492" testId="9c519711-bd54-8221-1195-949eacd1eb87" testName="Microsoft.AspNetCore.Components.RenderTree.ArrayBuilderTest.Insert_Works" computerName="pkrvmbietmlfzoi" duration="00:00:00.0002840" startTime="2025-07-02T21:18:23.9966606+00:00" endTime="2025-07-02T21:18:23.9967599+00:00" testType="13cdc9d9-ddb5-4fa4-a97d-d965ccfc6d4b" outcome="Passed" testListId="8c84fa94-04c1-424b-9868-57a2d4851a1d" relativeResultsDirectory="2d93e652-db4f-4610-bb14-c1afb7729492" />
    <UnitTestResult executionId="6a84398a-1eb2-4fa0-9341-f4364141298e" testId="3a943fc5-bd2d-6d2e-3b7f-72da9b065854" testName="Microsoft.AspNetCore.Components.NavigationManagerTest.LocationChangingHandlers_DoNotBubbleExceptionsThroughNotifyLocationChangingAsync_WhenOneHandlerIsRegistered" computerName="pkrvmbietmlfzoi" duration="00:00:00.0093234" startTime="2025-07-02T21:18:24.1606155+00:00" endTime="2025-07-02T21:18:24.1704791+00:00" testType="13cdc9d9-ddb5-4fa4-a97d-d965ccfc6d4b" outcome="Passed" testListId="8c84fa94-04c1-424b-9868-57a2d4851a1d" relativeResultsDirectory="6a84398a-1eb2-4fa0-9341-f4364141298e" />
    <UnitTestResult executionId="cafb9dc9-a603-4db5-9ef0-424dec2a9911" testId="a9698f6c-27a8-f8bf-21ae-915a84a6589e" testName="Microsoft.AspNetCore.Components.BindConverterTest.FormatValue_NullableBoolNull" computerName="pkrvmbietmlfzoi" duration="00:00:00.0028229" startTime="2025-07-02T21:18:24.2904054+00:00" endTime="2025-07-02T21:18:24.2940327+00:00" testType="13cdc9d9-ddb5-4fa4-a97d-d965ccfc6d4b" outcome="Passed" testListId="8c84fa94-04c1-424b-9868-57a2d4851a1d" relativeResultsDirectory="cafb9dc9-a603-4db5-9ef0-424dec2a9911" />
    <UnitTestResult executionId="4716a271-b078-4d77-9f7a-d2fff64a9105" testId="1f55550d-79ec-9cbc-d258-412fde4e2031" testName="Microsoft.AspNetCore.Components.Test.RenderTreeDiffBuilderTest.AttributeDiff_WithSequentialSequenceNumber_AttributeAddedInMiddle" computerName="pkrvmbietmlfzoi" duration="00:00:00.0006167" startTime="2025-07-02T21:18:24.4642747+00:00" endTime="2025-07-02T21:18:24.4646358+00:00" testType="13cdc9d9-ddb5-4fa4-a97d-d965ccfc6d4b" outcome="Passed" testListId="8c84fa94-04c1-424b-9868-57a2d4851a1d" relativeResultsDirectory="4716a271-b078-4d77-9f7a-d2fff64a9105" />
    <UnitTestResult executionId="32cdb42b-d6a4-4f24-9c7d-b768d10c4ef5" testId="bfb4a4ab-f219-f9d5-e9a2-9005ca01f77f" testName="Microsoft.AspNetCore.Components.Test.RenderTreeDiffBuilderTest.AttributeDiff_WithSequentialSequenceNumber_AttributeAddedAtEnd" computerName="pkrvmbietmlfzoi" duration="00:00:00.0006049" startTime="2025-07-02T21:18:24.4560094+00:00" endTime="2025-07-02T21:18:24.4561099+00:00" testType="13cdc9d9-ddb5-4fa4-a97d-d965ccfc6d4b" outcome="Passed" testListId="8c84fa94-04c1-424b-9868-57a2d4851a1d" relativeResultsDirectory="32cdb42b-d6a4-4f24-9c7d-b768d10c4ef5" />
    <UnitTestResult executionId="5ce38b96-265d-41c0-a563-7055c06fddc8" testId="45d63f8a-6753-ab8c-86f2-506f15b9ffc2" testName="Microsoft.AspNetCore.Components.Rendering.RenderTreeBuilderTest.CannotAddAttributeToElementReferenceCapture" computerName="pkrvmbietmlfzoi" duration="00:00:00.0012570" startTime="2025-07-02T21:18:24.2284741+00:00" endTime="2025-07-02T21:18:24.2359739+00:00" testType="13cdc9d9-ddb5-4fa4-a97d-d965ccfc6d4b" outcome="Passed" testListId="8c84fa94-04c1-424b-9868-57a2d4851a1d" relativeResultsDirectory="5ce38b96-265d-41c0-a563-7055c06fddc8" />
    <UnitTestResult executionId="8f38bea0-ffa7-4e1e-b215-8304e972220a" testId="6c885341-b58d-cdac-7ebe-9347c940dd6b" testName="Microsoft.AspNetCore.Components.Routing.RouteTableFactoryTests.DetectsAmbiguousRoutes(left: &quot;/{parameter}/literal/{something}&quot;, right: &quot;{param}/Literal/{else}&quot;)" computerName="pkrvmbietmlfzoi" duration="00:00:00.0010164" startTime="2025-07-02T21:18:24.5765278+00:00" endTime="2025-07-02T21:18:24.5766110+00:00" testType="13cdc9d9-ddb5-4fa4-a97d-d965ccfc6d4b" outcome="Passed" testListId="8c84fa94-04c1-424b-9868-57a2d4851a1d" relativeResultsDirectory="8f38bea0-ffa7-4e1e-b215-8304e972220a" />
    <UnitTestResult executionId="70efe099-0998-4dfb-8646-341d99bed950" testId="f3d69de4-39c4-a4ca-8189-6166c88a27ce" testName="Microsoft.AspNetCore.Components.ComponentsActivitySourceTest.StartEventActivity_CreatesAndStartsActivity" computerName="pkrvmbietmlfzoi" duration="00:00:00.0165944" startTime="2025-07-02T21:18:23.9520810+00:00" endTime="2025-07-02T21:18:23.9766768+00:00" testType="13cdc9d9-ddb5-4fa4-a97d-d965ccfc6d4b" outcome="Passed" testListId="8c84fa94-04c1-424b-9868-57a2d4851a1d" relativeResultsDirectory="70efe099-0998-4dfb-8646-341d99bed950" />
    <UnitTestResult executionId="7e95ccf5-592e-4c64-89a2-0e6db0311eb4" testId="7c8d8e5b-ceaf-3ef0-a848-11df7f047f49" testName="Microsoft.AspNetCore.Components.Test.RendererTest.DisposesEventHandlersWhenAncestorElementRemoved" computerName="pkrvmbietmlfzoi" duration="00:00:00.0011208" startTime="2025-07-02T21:18:24.7713719+00:00" endTime="2025-07-02T21:18:24.7724678+00:00" testType="13cdc9d9-ddb5-4fa4-a97d-d965ccfc6d4b" outcome="Passed" testListId="8c84fa94-04c1-424b-9868-57a2d4851a1d" relativeResultsDirectory="7e95ccf5-592e-4c64-89a2-0e6db0311eb4" />
    <UnitTestResult executionId="26a1cc5a-76f2-49d5-9697-80df69ab5d88" testId="a3005a1a-8b2c-0502-0368-f3d16f878c68" testName="Microsoft.AspNetCore.Components.Test.RendererTest.ExceptionsThrownSynchronouslyCanBeHandledSynchronously" computerName="pkrvmbietmlfzoi" duration="00:00:00.0033915" startTime="2025-07-02T21:18:24.5212515+00:00" endTime="2025-07-02T21:18:24.5223776+00:00" testType="13cdc9d9-ddb5-4fa4-a97d-d965ccfc6d4b" outcome="Passed" testListId="8c84fa94-04c1-424b-9868-57a2d4851a1d" relativeResultsDirectory="26a1cc5a-76f2-49d5-9697-80df69ab5d88" />
    <UnitTestResult executionId="5e8ef2fc-7ddc-495f-8c31-61fa4e355d1e" testId="abe52657-6fba-beee-55a1-cb8340e11ce8" testName="Microsoft.AspNetCore.Components.Test.RendererTest.DispatchEventAsync_Delegate_AsynchronousCompletion" computerName="pkrvmbietmlfzoi" duration="00:00:00.0164879" startTime="2025-07-02T21:18:24.2733025+00:00" endTime="2025-07-02T21:18:24.3026727+00:00" testType="13cdc9d9-ddb5-4fa4-a97d-d965ccfc6d4b" outcome="Passed" testListId="8c84fa94-04c1-424b-9868-57a2d4851a1d" relativeResultsDirectory="5e8ef2fc-7ddc-495f-8c31-61fa4e355d1e" />
    <UnitTestResult executionId="5b0203e7-78c0-4a71-b8f6-4cec9c28a064" testId="5ca47bb4-42a5-7c90-6f0f-6e1a35b407bf" testName="Microsoft.AspNetCore.Components.Test.RendererTest.CanGetEventArgsTypeForHandler" computerName="pkrvmbietmlfzoi" duration="00:00:00.0003468" startTime="2025-07-02T21:18:25.8347111+00:00" endTime="2025-07-02T21:18:25.8350025+00:00" testType="13cdc9d9-ddb5-4fa4-a97d-d965ccfc6d4b" outcome="Passed" testListId="8c84fa94-04c1-424b-9868-57a2d4851a1d" relativeResultsDirectory="5b0203e7-78c0-4a71-b8f6-4cec9c28a064" />
    <UnitTestResult executionId="84b70dc7-6df9-47c8-ba93-5494a8f5232d" testId="0c7ba82c-3458-246c-5e54-67468f7649e5" testName="Microsoft.AspNetCore.Components.Routing.RouteTableFactoryTests.CanMatchEncodedSegments" computerName="pkrvmbietmlfzoi" duration="00:00:00.0004445" startTime="2025-07-02T21:18:24.5909209+00:00" endTime="2025-07-02T21:18:24.5910260+00:00" testType="13cdc9d9-ddb5-4fa4-a97d-d965ccfc6d4b" outcome="Passed" testListId="8c84fa94-04c1-424b-9868-57a2d4851a1d" relativeResultsDirectory="84b70dc7-6df9-47c8-ba93-5494a8f5232d" />
    <UnitTestResult executionId="64e68302-8c90-4077-8c07-c0f1b1feec88" testId="9e61a264-82a4-bfa1-64cd-a2c2159339ad" testName="Microsoft.AspNetCore.Components.Test.ComponentBaseTest.RunsOnAfterRender_AfterRenderingCompletes" computerName="pkrvmbietmlfzoi" duration="00:00:00.0018419" startTime="2025-07-02T21:18:24.0458728+00:00" endTime="2025-07-02T21:18:24.0496357+00:00" testType="13cdc9d9-ddb5-4fa4-a97d-d965ccfc6d4b" outcome="Passed" testListId="8c84fa94-04c1-424b-9868-57a2d4851a1d" relativeResultsDirectory="64e68302-8c90-4077-8c07-c0f1b1feec88" />
    <UnitTestResult executionId="4e86946c-61d2-47cb-bbd0-c30c90e685f8" testId="ff5a250b-c009-aaa9-7fac-f42a0c60cffd" testName="Microsoft.AspNetCore.Components.Rendering.RendererSynchronizationContextTest.Post_CapturesContext" computerName="pkrvmbietmlfzoi" duration="00:00:00.0007656" startTime="2025-07-02T21:18:24.6535798+00:00" endTime="2025-07-02T21:18:24.6542516+00:00" testType="13cdc9d9-ddb5-4fa4-a97d-d965ccfc6d4b" outcome="Passed" testListId="8c84fa94-04c1-424b-9868-57a2d4851a1d" relativeResultsDirectory="4e86946c-61d2-47cb-bbd0-c30c90e685f8" />
    <UnitTestResult executionId="be89ea9e-6cf8-4ca0-91b5-505c5849d5fc" testId="70dd68d1-e333-f471-5ea3-6b0f098649cb" testName="Microsoft.AspNetCore.Components.Routing.QueryParameterValueSupplierTest.SuppliesEmptyArrayForArrayTypesIfNotSpecified(query: &quot;&quot;)" computerName="pkrvmbietmlfzoi" duration="00:00:00.0006591" startTime="2025-07-02T21:18:24.0295184+00:00" endTime="2025-07-02T21:18:24.0299779+00:00" testType="13cdc9d9-ddb5-4fa4-a97d-d965ccfc6d4b" outcome="Passed" testListId="8c84fa94-04c1-424b-9868-57a2d4851a1d" relativeResultsDirectory="be89ea9e-6cf8-4ca0-91b5-505c5849d5fc" />
    <UnitTestResult executionId="a8ec6675-55b5-4a7c-bd38-971b2eb30c6d" testId="e5d4de92-500a-b270-2ca4-bf8b6c07fb09" testName="Microsoft.AspNetCore.Components.Test.RendererTest.BindWithSynchronousSetter_Lambda" computerName="pkrvmbietmlfzoi" duration="00:00:00.0013473" startTime="2025-07-02T21:18:25.8570071+00:00" endTime="2025-07-02T21:18:25.8583844+00:00" testType="13cdc9d9-ddb5-4fa4-a97d-d965ccfc6d4b" outcome="Passed" testListId="8c84fa94-04c1-424b-9868-57a2d4851a1d" relativeResultsDirectory="a8ec6675-55b5-4a7c-bd38-971b2eb30c6d" />
    <UnitTestResult executionId="20bba154-0b22-405a-abd2-9d936547a1b9" testId="3b8c1ae0-931c-1394-7fe4-6b32a66aa0d2" testName="Microsoft.AspNetCore.Components.ComponentApplicationStateTest.TryRetrieveState_ReturnsStateWhenItExists" computerName="pkrvmbietmlfzoi" duration="00:00:00.0021094" startTime="2025-07-02T21:18:24.1742428+00:00" endTime="2025-07-02T21:18:24.1747812+00:00" testType="13cdc9d9-ddb5-4fa4-a97d-d965ccfc6d4b" outcome="Passed" testListId="8c84fa94-04c1-424b-9868-57a2d4851a1d" relativeResultsDirectory="20bba154-0b22-405a-abd2-9d936547a1b9" />
    <UnitTestResult executionId="51c1cfed-8f53-4e40-81b7-5ac214b98b86" testId="12e548d2-14a5-3439-dd11-0471d30fc9c8" testName="Microsoft.AspNetCore.Components.Rendering.RenderTreeBuilderTest.AddAttribute_Element_EventCallbackOfT_Default_DoesNotAddFrame" computerName="pkrvmbietmlfzoi" duration="00:00:00.0010324" startTime="2025-07-02T21:18:24.3897583+00:00" endTime="2025-07-02T21:18:24.3919114+00:00" testType="13cdc9d9-ddb5-4fa4-a97d-d965ccfc6d4b" outcome="Passed" testListId="8c84fa94-04c1-424b-9868-57a2d4851a1d" relativeResultsDirectory="51c1cfed-8f53-4e40-81b7-5ac214b98b86" />
    <UnitTestResult executionId="4cf58f4e-f4df-4323-b579-ccf9f19f53ff" testId="c0ea6c78-235b-2eb3-3fcc-01a2d57402d0" testName="Microsoft.AspNetCore.Components.Routing.QueryParameterValueSupplierTest.RejectsUnparseableArrayEntries(key: &quot;DecimalVals&quot;, validValue: &quot;1.23&quot;, invalidValue: &quot;1.2.3&quot;, targetType: typeof(decimal))" computerName="pkrvmbietmlfzoi" duration="00:00:00.0000740" startTime="2025-07-02T21:18:24.1319105+00:00" endTime="2025-07-02T21:18:24.1320093+00:00" testType="13cdc9d9-ddb5-4fa4-a97d-d965ccfc6d4b" outcome="Passed" testListId="8c84fa94-04c1-424b-9868-57a2d4851a1d" relativeResultsDirectory="4cf58f4e-f4df-4323-b579-ccf9f19f53ff" />
    <UnitTestResult executionId="6745aad5-c3b8-4a38-9864-8011fb9fa3cb" testId="e2284ed6-b273-5106-69cd-65123e28e093" testName="Microsoft.AspNetCore.Components.ComponentsMetricsTest.Dispose_DisposesAllMeters" computerName="pkrvmbietmlfzoi" duration="00:00:00.0003548" startTime="2025-07-02T21:18:24.5618437+00:00" endTime="2025-07-02T21:18:24.5622134+00:00" testType="13cdc9d9-ddb5-4fa4-a97d-d965ccfc6d4b" outcome="Passed" testListId="8c84fa94-04c1-424b-9868-57a2d4851a1d" relativeResultsDirectory="6745aad5-c3b8-4a38-9864-8011fb9fa3cb" />
    <UnitTestResult executionId="b92f5e8d-9f3a-4b23-91cd-fbbf454bbc61" testId="31574c20-fc3c-833c-e5fa-1ea3b10cc841" testName="Microsoft.AspNetCore.Components.Test.RendererTest.ExceptionsThrownAsynchronouslyFromMultipleComponentsCanBeHandled" computerName="pkrvmbietmlfzoi" duration="00:00:00.0280059" startTime="2025-07-02T21:18:24.4439614+00:00" endTime="2025-07-02T21:18:24.4715016+00:00" testType="13cdc9d9-ddb5-4fa4-a97d-d965ccfc6d4b" outcome="Passed" testListId="8c84fa94-04c1-424b-9868-57a2d4851a1d" relativeResultsDirectory="b92f5e8d-9f3a-4b23-91cd-fbbf454bbc61" />
    <UnitTestResult executionId="45880616-ecee-4ac9-a968-7718705242bd" testId="93c81460-f45a-eebe-781b-aac4218ce5db" testName="Microsoft.AspNetCore.Components.EventCallbackTest.EventCallback_ActionT_Arg_ValueType" computerName="pkrvmbietmlfzoi" duration="00:00:00.0009004" startTime="2025-07-02T21:18:24.3406283+00:00" endTime="2025-07-02T21:18:24.3413621+00:00" testType="13cdc9d9-ddb5-4fa4-a97d-d965ccfc6d4b" outcome="Passed" testListId="8c84fa94-04c1-424b-9868-57a2d4851a1d" relativeResultsDirectory="45880616-ecee-4ac9-a968-7718705242bd" />
    <UnitTestResult executionId="7334659f-a064-485c-94cd-e7345cc94702" testId="1ec0b590-f07f-8c5e-783d-abcfa6676d4e" testName="Microsoft.AspNetCore.Components.Routing.RouteTableFactoryTests.ThrowsForAmbiguousRoutes(first: &quot;{parameter:int}&quot;, second: &quot;{parameter:bool?}&quot;)" computerName="pkrvmbietmlfzoi" duration="00:00:00.0305999" startTime="2025-07-02T21:18:24.4710172+00:00" endTime="2025-07-02T21:18:24.4998848+00:00" testType="13cdc9d9-ddb5-4fa4-a97d-d965ccfc6d4b" outcome="Passed" testListId="8c84fa94-04c1-424b-9868-57a2d4851a1d" relativeResultsDirectory="7334659f-a064-485c-94cd-e7345cc94702" />
    <UnitTestResult executionId="d4f6eee9-f21b-43ab-8036-ffab74feca0d" testId="52028100-daec-53fd-7697-fb89481a0b86" testName="Microsoft.AspNetCore.Components.Test.RendererTest.DisposingRenderer_CapturesSyncExceptionsFromAllRegisteredAsyncDisposableComponents" computerName="pkrvmbietmlfzoi" duration="00:00:00.0055376" startTime="2025-07-02T21:18:24.4747112+00:00" endTime="2025-07-02T21:18:24.4815854+00:00" testType="13cdc9d9-ddb5-4fa4-a97d-d965ccfc6d4b" outcome="Passed" testListId="8c84fa94-04c1-424b-9868-57a2d4851a1d" relativeResultsDirectory="d4f6eee9-f21b-43ab-8036-ffab74feca0d" />
    <UnitTestResult executionId="68d9f585-826f-402c-90d6-22875ced2b0e" testId="9638fdd5-3d71-527f-bc37-d7b1340bcf44" testName="Microsoft.AspNetCore.Components.EventCallbackTest.EventCallbackOf_Equals_WhenANewDelegateIsCreated" computerName="pkrvmbietmlfzoi" duration="00:00:00.0004144" startTime="2025-07-02T21:18:24.3688423+00:00" endTime="2025-07-02T21:18:24.3694625+00:00" testType="13cdc9d9-ddb5-4fa4-a97d-d965ccfc6d4b" outcome="Passed" testListId="8c84fa94-04c1-424b-9868-57a2d4851a1d" relativeResultsDirectory="68d9f585-826f-402c-90d6-22875ced2b0e" />
    <UnitTestResult executionId="06a54cd7-fe78-4a81-9f7f-45308e8d1017" testId="bfe0045e-ee59-78a3-78a7-244d016d887c" testName="Microsoft.AspNetCore.Components.Test.RenderTreeDiffBuilderTest.CanMoveAfterInsertedItem" computerName="pkrvmbietmlfzoi" duration="00:00:00.0018401" startTime="2025-07-02T21:18:24.4773251+00:00" endTime="2025-07-02T21:18:24.4778450+00:00" testType="13cdc9d9-ddb5-4fa4-a97d-d965ccfc6d4b" outcome="Passed" testListId="8c84fa94-04c1-424b-9868-57a2d4851a1d" relativeResultsDirectory="06a54cd7-fe78-4a81-9f7f-45308e8d1017" />
    <UnitTestResult executionId="ef0ca9d0-bb2b-4ef6-987c-67cc1196482b" testId="09b9383b-e330-b562-081b-5bb10ce53d2e" testName="Microsoft.AspNetCore.Components.RenderTree.ArrayBuilderTest.AppendArray_CopyArray" computerName="pkrvmbietmlfzoi" duration="00:00:00.0002182" startTime="2025-07-02T21:18:24.0036673+00:00" endTime="2025-07-02T21:18:24.0037893+00:00" testType="13cdc9d9-ddb5-4fa4-a97d-d965ccfc6d4b" outcome="Passed" testListId="8c84fa94-04c1-424b-9868-57a2d4851a1d" relativeResultsDirectory="ef0ca9d0-bb2b-4ef6-987c-67cc1196482b" />
    <UnitTestResult executionId="913ad722-3303-45d5-ba7e-924299530e79" testId="9c40fd8b-8ed6-80e2-e886-3cdff6a03bcc" testName="Microsoft.AspNetCore.Components.Rendering.RenderTreeBuilderTest.CanAddMultipleAttributes_AllowsNull" computerName="pkrvmbietmlfzoi" duration="00:00:00.0007019" startTime="2025-07-02T21:18:24.4138264+00:00" endTime="2025-07-02T21:18:24.4142126+00:00" testType="13cdc9d9-ddb5-4fa4-a97d-d965ccfc6d4b" outcome="Passed" testListId="8c84fa94-04c1-424b-9868-57a2d4851a1d" relativeResultsDirectory="913ad722-3303-45d5-ba7e-924299530e79" />
    <UnitTestResult executionId="79a0d74a-6892-40b5-937b-74a9af2d5167" testId="4c1cf6ec-8f60-ec67-63a7-4e5375d7f9ea" testName="Microsoft.AspNetCore.Components.ParameterViewTest.IncomingParameterMatchesAnnotatedPrivateProperty_SetsValue" computerName="pkrvmbietmlfzoi" duration="00:00:00.0006933" startTime="2025-07-02T21:18:24.0204074+00:00" endTime="2025-07-02T21:18:24.0205090+00:00" testType="13cdc9d9-ddb5-4fa4-a97d-d965ccfc6d4b" outcome="Passed" testListId="8c84fa94-04c1-424b-9868-57a2d4851a1d" relativeResultsDirectory="79a0d74a-6892-40b5-937b-74a9af2d5167" />
    <UnitTestResult executionId="d5894e7e-8f1b-40fa-a565-f9c6b1ba6a97" testId="f414ac7c-1b9c-04b6-8195-2c0ad1e018c2" testName="Microsoft.AspNetCore.Components.Test.CascadingParameterTest.PrefersComponentHierarchyCascadingValuesOverServiceProviderValues" computerName="pkrvmbietmlfzoi" duration="00:00:00.0045232" startTime="2025-07-02T21:18:24.4166872+00:00" endTime="2025-07-02T21:18:24.4207075+00:00" testType="13cdc9d9-ddb5-4fa4-a97d-d965ccfc6d4b" outcome="Passed" testListId="8c84fa94-04c1-424b-9868-57a2d4851a1d" relativeResultsDirectory="d5894e7e-8f1b-40fa-a565-f9c6b1ba6a97" />
    <UnitTestResult executionId="323b275c-454a-4d26-b7d6-0282bbfda62d" testId="3ba6ad00-da20-b6b3-3b93-0428a44fab1d" testName="Microsoft.AspNetCore.Components.Routing.QueryParameterValueSupplierTest.DecodesKeysAndValues" computerName="pkrvmbietmlfzoi" duration="00:00:00.0001881" startTime="2025-07-02T21:18:24.2054881+00:00" endTime="2025-07-02T21:18:24.2055959+00:00" testType="13cdc9d9-ddb5-4fa4-a97d-d965ccfc6d4b" outcome="Passed" testListId="8c84fa94-04c1-424b-9868-57a2d4851a1d" relativeResultsDirectory="323b275c-454a-4d26-b7d6-0282bbfda62d" />
    <UnitTestResult executionId="bf413cf8-9bef-4c4d-a70e-59a5bf274e01" testId="0105ab61-b4ce-b60c-0a0f-26130cf6e624" testName="Microsoft.AspNetCore.Components.RenderTree.ArrayBuilderTest.AppendArray_CopySubset" computerName="pkrvmbietmlfzoi" duration="00:00:00.0003589" startTime="2025-07-02T21:18:24.0000577+00:00" endTime="2025-07-02T21:18:24.0005942+00:00" testType="13cdc9d9-ddb5-4fa4-a97d-d965ccfc6d4b" outcome="Passed" testListId="8c84fa94-04c1-424b-9868-57a2d4851a1d" relativeResultsDirectory="bf413cf8-9bef-4c4d-a70e-59a5bf274e01" />
    <UnitTestResult executionId="36f7990f-f9d0-42a2-8275-65755f9960d7" testId="0688cbfa-a80c-2fdc-03e4-77c4b3859f8b" testName="Microsoft.AspNetCore.Components.Rendering.RenderTreeBuilderTest.CannotAddElementReferenceCaptureInsideRegion" computerName="pkrvmbietmlfzoi" duration="00:00:00.0005926" startTime="2025-07-02T21:18:24.2117809+00:00" endTime="2025-07-02T21:18:24.2121858+00:00" testType="13cdc9d9-ddb5-4fa4-a97d-d965ccfc6d4b" outcome="Passed" testListId="8c84fa94-04c1-424b-9868-57a2d4851a1d" relativeResultsDirectory="36f7990f-f9d0-42a2-8275-65755f9960d7" />
    <UnitTestResult executionId="bccb1e03-236b-4683-bf1d-5b64334632c1" testId="144e5bca-3bfc-6367-398d-edab10c2d420" testName="Microsoft.AspNetCore.Components.Rendering.RenderTreeBuilderTest.ProcessDuplicateAttributes_CanRemoveOverwrittenAttributes" computerName="pkrvmbietmlfzoi" duration="00:00:00.0022860" startTime="2025-07-02T21:18:24.4403310+00:00" endTime="2025-07-02T21:18:24.4408421+00:00" testType="13cdc9d9-ddb5-4fa4-a97d-d965ccfc6d4b" outcome="Passed" testListId="8c84fa94-04c1-424b-9868-57a2d4851a1d" relativeResultsDirectory="bccb1e03-236b-4683-bf1d-5b64334632c1" />
    <UnitTestResult executionId="2cc4d61a-afec-47b2-8cd0-7640c901ca78" testId="924b97b4-012e-51a4-5c98-ecd0816a4f62" testName="Microsoft.AspNetCore.Components.Routing.QueryParameterValueSupplierTest.RejectsUnparseableValues(key: &quot;FloatVal&quot;, value: &quot;1e1000&quot;, targetType: typeof(float))" computerName="pkrvmbietmlfzoi" duration="00:00:00.0002961" startTime="2025-07-02T21:18:24.0861720+00:00" endTime="2025-07-02T21:18:24.0891688+00:00" testType="13cdc9d9-ddb5-4fa4-a97d-d965ccfc6d4b" outcome="Passed" testListId="8c84fa94-04c1-424b-9868-57a2d4851a1d" relativeResultsDirectory="2cc4d61a-afec-47b2-8cd0-7640c901ca78" />
    <UnitTestResult executionId="11b26037-709d-4574-9b64-cf3df5c14691" testId="dee3657e-3cef-cc92-0d4f-81b1ad10d57b" testName="Microsoft.AspNetCore.Components.Test.DependencyInjectionTest.SetsPrivateInheritedInjectableProperties" computerName="pkrvmbietmlfzoi" duration="00:00:00.0019007" startTime="2025-07-02T21:18:24.1401522+00:00" endTime="2025-07-02T21:18:24.1410561+00:00" testType="13cdc9d9-ddb5-4fa4-a97d-d965ccfc6d4b" outcome="Passed" testListId="8c84fa94-04c1-424b-9868-57a2d4851a1d" relativeResultsDirectory="11b26037-709d-4574-9b64-cf3df5c14691" />
    <UnitTestResult executionId="f2abfffb-f49e-4776-9b4d-d52ef66f3e78" testId="1250b667-e1e8-611a-db40-3781e90cd16f" testName="Microsoft.AspNetCore.Components.Routing.QueryParameterValueSupplierTest.RejectsUnparseableValues(key: &quot;BoolVal&quot;, value: &quot;abc&quot;, targetType: typeof(bool))" computerName="pkrvmbietmlfzoi" duration="00:00:00.0005493" startTime="2025-07-02T21:18:24.0720272+00:00" endTime="2025-07-02T21:18:24.0721210+00:00" testType="13cdc9d9-ddb5-4fa4-a97d-d965ccfc6d4b" outcome="Passed" testListId="8c84fa94-04c1-424b-9868-57a2d4851a1d" relativeResultsDirectory="f2abfffb-f49e-4776-9b4d-d52ef66f3e78" />
    <UnitTestResult executionId="08e2bb14-143d-4952-b801-dd30c0f04f37" testId="19dc1cf3-4704-ad67-94aa-288e5e6c6b35" testName="Microsoft.AspNetCore.Components.Routing.RoutePatternParserTests.InvalidTemplate_WithMismatchedBraces(template: &quot;{p/Literal&quot;, expectedMessage: &quot;There is an incomplete parameter in the route temp&quot;···)" computerName="pkrvmbietmlfzoi" duration="00:00:00.0000279" startTime="2025-07-02T21:18:24.2480373+00:00" endTime="2025-07-02T21:18:24.2595595+00:00" testType="13cdc9d9-ddb5-4fa4-a97d-d965ccfc6d4b" outcome="Passed" testListId="8c84fa94-04c1-424b-9868-57a2d4851a1d" relativeResultsDirectory="08e2bb14-143d-4952-b801-dd30c0f04f37" />
    <UnitTestResult executionId="dce9e32b-641b-4adb-ae42-7403580deaff" testId="d920aa55-aba6-f502-79ed-eb08727df687" testName="Microsoft.AspNetCore.Components.Test.RendererTest.CanTriggerEventHandlerDisposedInEarlierPendingBatchAsync" computerName="pkrvmbietmlfzoi" duration="00:00:01.0032920" startTime="2025-07-02T21:18:24.7959154+00:00" endTime="2025-07-02T21:18:25.7981034+00:00" testType="13cdc9d9-ddb5-4fa4-a97d-d965ccfc6d4b" outcome="Passed" testListId="8c84fa94-04c1-424b-9868-57a2d4851a1d" relativeResultsDirectory="dce9e32b-641b-4adb-ae42-7403580deaff" />
    <UnitTestResult executionId="441e3cb3-c927-4060-b159-9f74c664d381" testId="b7389056-e54c-e5e6-60df-713f01be5ae7" testName="Microsoft.AspNetCore.Components.Test.RendererTest.DispatchEventAsync_EventCallbackOfT_AsynchronousCancellation" computerName="pkrvmbietmlfzoi" duration="00:00:00.0050684" startTime="2025-07-02T21:18:24.5418517+00:00" endTime="2025-07-02T21:18:24.5449755+00:00" testType="13cdc9d9-ddb5-4fa4-a97d-d965ccfc6d4b" outcome="Passed" testListId="8c84fa94-04c1-424b-9868-57a2d4851a1d" relativeResultsDirectory="441e3cb3-c927-4060-b159-9f74c664d381" />
    <UnitTestResult executionId="277e4107-f863-4b83-a2bd-8dedbb180746" testId="048f892b-5fca-ad87-8ead-5d8bd0cce142" testName="Microsoft.AspNetCore.Components.Rendering.SimplifiedStringHashComparerTest.HashCodesAreCaseInsensitive" computerName="pkrvmbietmlfzoi" duration="00:00:00.0002103" startTime="2025-07-02T21:18:24.2992762+00:00" endTime="2025-07-02T21:18:24.2997734+00:00" testType="13cdc9d9-ddb5-4fa4-a97d-d965ccfc6d4b" outcome="Passed" testListId="8c84fa94-04c1-424b-9868-57a2d4851a1d" relativeResultsDirectory="277e4107-f863-4b83-a2bd-8dedbb180746" />
    <UnitTestResult executionId="0e9f4382-8cb6-4474-8a2f-1949f9d65b84" testId="f01ff186-ebe5-318c-e5fe-c09f52b654cc" testName="Microsoft.AspNetCore.Components.Test.CascadingParameterTest.ParameterViewSuppliedWithCascadingParametersCannotBeUsedAfterSynchronousReturn" computerName="pkrvmbietmlfzoi" duration="00:00:00.0016826" startTime="2025-07-02T21:18:24.3652066+00:00" endTime="2025-07-02T21:18:24.3680849+00:00" testType="13cdc9d9-ddb5-4fa4-a97d-d965ccfc6d4b" outcome="Passed" testListId="8c84fa94-04c1-424b-9868-57a2d4851a1d" relativeResultsDirectory="0e9f4382-8cb6-4474-8a2f-1949f9d65b84" />
    <UnitTestResult executionId="a5479593-0b22-4aa9-9789-130b16b49553" testId="9c89cd6d-d0ec-0e61-e3f4-1bacae62a4a6" testName="Microsoft.AspNetCore.Components.Routing.QueryParameterValueSupplierTest.SuppliesEmptyArrayForArrayTypesIfNotSpecified(query: &quot;?&quot;)" computerName="pkrvmbietmlfzoi" duration="00:00:00.0415851" startTime="2025-07-02T21:18:23.9993556+00:00" endTime="2025-07-02T21:18:24.0293135+00:00" testType="13cdc9d9-ddb5-4fa4-a97d-d965ccfc6d4b" outcome="Passed" testListId="8c84fa94-04c1-424b-9868-57a2d4851a1d" relativeResultsDirectory="a5479593-0b22-4aa9-9789-130b16b49553" />
    <UnitTestResult executionId="50e1d7a1-59f4-4ae2-9bdd-59413cadc1e7" testId="b57df1b3-43cd-e375-40b3-3e876d836d2b" testName="Microsoft.AspNetCore.Components.Rendering.RenderTreeBuilderTest.AddAttribute_Element_NullEventHandler_IgnoresFrame" computerName="pkrvmbietmlfzoi" duration="00:00:00.0003515" startTime="2025-07-02T21:18:24.4323404+00:00" endTime="2025-07-02T21:18:24.4323920+00:00" testType="13cdc9d9-ddb5-4fa4-a97d-d965ccfc6d4b" outcome="Passed" testListId="8c84fa94-04c1-424b-9868-57a2d4851a1d" relativeResultsDirectory="50e1d7a1-59f4-4ae2-9bdd-59413cadc1e7" />
    <UnitTestResult executionId="4f9c215f-ebfe-4997-92b5-655ede17cfa3" testId="a81ed9ce-ff94-90b8-5f77-b50421c198af" testName="Microsoft.AspNetCore.Components.ParameterViewTest.IncomingNonCascadingValueMatchesCascadingParameter_Throws" computerName="pkrvmbietmlfzoi" duration="00:00:00.0005986" startTime="2025-07-02T21:18:24.1598033+00:00" endTime="2025-07-02T21:18:24.1661504+00:00" testType="13cdc9d9-ddb5-4fa4-a97d-d965ccfc6d4b" outcome="Passed" testListId="8c84fa94-04c1-424b-9868-57a2d4851a1d" relativeResultsDirectory="4f9c215f-ebfe-4997-92b5-655ede17cfa3" />
    <UnitTestResult executionId="d4c0fbd0-99d2-4673-a12c-93356d010698" testId="c7ed20c4-55fa-6d9e-0bbb-de95715d635b" testName="Microsoft.AspNetCore.Components.Routing.RouteTableFactoryTests.CanMatchCatchAllParametersWithConstraints_NotMatchingRoute" computerName="pkrvmbietmlfzoi" duration="00:00:00.0004338" startTime="2025-07-02T21:18:24.5975820+00:00" endTime="2025-07-02T21:18:24.5976810+00:00" testType="13cdc9d9-ddb5-4fa4-a97d-d965ccfc6d4b" outcome="Passed" testListId="8c84fa94-04c1-424b-9868-57a2d4851a1d" relativeResultsDirectory="d4c0fbd0-99d2-4673-a12c-93356d010698" />
    <UnitTestResult executionId="63a96ffd-dc1c-48bb-b6aa-3a2df173fa1d" testId="3c89202c-c7df-02ea-1972-90dec8cac352" testName="Microsoft.AspNetCore.Components.Test.ComponentBaseTest.RunsOnInitAsyncAlsoOnBaseClassWhenRendered" computerName="pkrvmbietmlfzoi" duration="00:00:00.0016394" startTime="2025-07-02T21:18:24.0321093+00:00" endTime="2025-07-02T21:18:24.0332524+00:00" testType="13cdc9d9-ddb5-4fa4-a97d-d965ccfc6d4b" outcome="Passed" testListId="8c84fa94-04c1-424b-9868-57a2d4851a1d" relativeResultsDirectory="63a96ffd-dc1c-48bb-b6aa-3a2df173fa1d" />
    <UnitTestResult executionId="a1420f66-f607-44bd-9691-242347ca0a93" testId="eeb97c06-e44b-ac06-8efc-e431edd8c15c" testName="Microsoft.AspNetCore.Components.Routing.RoutePatternParserTests.InvalidTemplate_CatchAllParamNotLast" computerName="pkrvmbietmlfzoi" duration="00:00:00.0014605" startTime="2025-07-02T21:18:24.2151229+00:00" endTime="2025-07-02T21:18:24.2155692+00:00" testType="13cdc9d9-ddb5-4fa4-a97d-d965ccfc6d4b" outcome="Passed" testListId="8c84fa94-04c1-424b-9868-57a2d4851a1d" relativeResultsDirectory="a1420f66-f607-44bd-9691-242347ca0a93" />
    <UnitTestResult executionId="1d3081fc-37c9-4873-a414-cab68bf67e8a" testId="8666ce26-5e0a-7fff-aef1-9509852f5f61" testName="Microsoft.AspNetCore.Components.Rendering.RenderTreeBuilderTest.AddAttribute_Element_ObjectEventCallbackWithReceiverOfT_AddsFrame" computerName="pkrvmbietmlfzoi" duration="00:00:00.0012798" startTime="2025-07-02T21:18:24.2236955+00:00" endTime="2025-07-02T21:18:24.2247837+00:00" testType="13cdc9d9-ddb5-4fa4-a97d-d965ccfc6d4b" outcome="Passed" testListId="8c84fa94-04c1-424b-9868-57a2d4851a1d" relativeResultsDirectory="1d3081fc-37c9-4873-a414-cab68bf67e8a" />
    <UnitTestResult executionId="81ad0972-d71a-48c2-b3a8-270c6c76cc85" testId="b65d77de-a8df-0e3b-cf09-5e3d22c2cb8f" testName="Microsoft.AspNetCore.Components.Routing.RouteTableFactoryTests.ThrowsWhenCatchAllIsNotTheLastSegment(template: &quot;{*catchall}/{parameter?}&quot;)" computerName="pkrvmbietmlfzoi" duration="00:00:00.0003222" startTime="2025-07-02T21:18:24.5644915+00:00" endTime="2025-07-02T21:18:24.5645923+00:00" testType="13cdc9d9-ddb5-4fa4-a97d-d965ccfc6d4b" outcome="Passed" testListId="8c84fa94-04c1-424b-9868-57a2d4851a1d" relativeResultsDirectory="81ad0972-d71a-48c2-b3a8-270c6c76cc85" />
    <UnitTestResult executionId="8e4b2d7d-769c-4681-9ef7-4577edd7c392" testId="c04fd714-3415-3208-f83e-aceca130e046" testName="Microsoft.AspNetCore.Components.Routing.QueryParameterValueSupplierTest.RejectsUnparseableArrayEntries(key: &quot;NullableDoubleVals&quot;, validValue: &quot;1&quot;, invalidValue: &quot;1x&quot;, targetType: typeof(double?))" computerName="pkrvmbietmlfzoi" duration="00:00:00.0000608" startTime="2025-07-02T21:18:24.1350429+00:00" endTime="2025-07-02T21:18:24.1351427+00:00" testType="13cdc9d9-ddb5-4fa4-a97d-d965ccfc6d4b" outcome="Passed" testListId="8c84fa94-04c1-424b-9868-57a2d4851a1d" relativeResultsDirectory="8e4b2d7d-769c-4681-9ef7-4577edd7c392" />
    <UnitTestResult executionId="721d8e87-f77f-4516-ab78-9b54ed726a78" testId="4daa5902-1ee6-c35c-487c-06b757ca7fa5" testName="Microsoft.AspNetCore.Components.ComponentFactoryTest.InstantiateComponent_WithNoRenderMode_DoesNotUseRenderModeResolver" computerName="pkrvmbietmlfzoi" duration="00:00:00.0006891" startTime="2025-07-02T21:18:24.1405731+00:00" endTime="2025-07-02T21:18:24.1406900+00:00" testType="13cdc9d9-ddb5-4fa4-a97d-d965ccfc6d4b" outcome="Passed" testListId="8c84fa94-04c1-424b-9868-57a2d4851a1d" relativeResultsDirectory="721d8e87-f77f-4516-ab78-9b54ed726a78" />
    <UnitTestResult executionId="d74389f8-8202-4c48-85c1-aad3114a465d" testId="d69ea769-776f-cbe5-49b4-4fd448ad0738" testName="Microsoft.AspNetCore.Components.Test.ComponentBaseTest.RendersAfterParametersSetAsyncTaskIsCompleted" computerName="pkrvmbietmlfzoi" duration="00:00:00.0096801" startTime="2025-07-02T21:18:24.1570433+00:00" endTime="2025-07-02T21:18:24.1708685+00:00" testType="13cdc9d9-ddb5-4fa4-a97d-d965ccfc6d4b" outcome="Passed" testListId="8c84fa94-04c1-424b-9868-57a2d4851a1d" relativeResultsDirectory="d74389f8-8202-4c48-85c1-aad3114a465d" />
    <UnitTestResult executionId="eb444745-0bc0-46d3-93a5-341f1ed57a10" testId="28dc8c8a-f9de-52d7-a050-534d0f33f030" testName="Microsoft.AspNetCore.Components.EventCallbackFactoryBinderExtensionsTest.CreateBinder_Int" computerName="pkrvmbietmlfzoi" duration="00:00:00.0050190" startTime="2025-07-02T21:18:24.3916270+00:00" endTime="2025-07-02T21:18:24.4025502+00:00" testType="13cdc9d9-ddb5-4fa4-a97d-d965ccfc6d4b" outcome="Passed" testListId="8c84fa94-04c1-424b-9868-57a2d4851a1d" relativeResultsDirectory="eb444745-0bc0-46d3-93a5-341f1ed57a10" />
    <UnitTestResult executionId="8c0e6cf6-ce91-468e-9d97-5906a7b16020" testId="4f3a0d39-f52c-69ba-8d47-bd76f1e2941f" testName="Microsoft.AspNetCore.Components.EventCallbackFactoryTest.CreateT_FuncTTask_AlreadyBoundToReceiver" computerName="pkrvmbietmlfzoi" duration="00:00:00.0001716" startTime="2025-07-02T21:18:24.0843080+00:00" endTime="2025-07-02T21:18:24.0844232+00:00" testType="13cdc9d9-ddb5-4fa4-a97d-d965ccfc6d4b" outcome="Passed" testListId="8c84fa94-04c1-424b-9868-57a2d4851a1d" relativeResultsDirectory="8c0e6cf6-ce91-468e-9d97-5906a7b16020" />
    <UnitTestResult executionId="0f7cd91f-1356-490c-b9c7-c109e7d9e286" testId="c464e156-ff9d-7b3c-a4bb-1d352844fd8b" testName="Microsoft.AspNetCore.Components.Test.RenderTreeDiffBuilderTest.RecognizesEquivalentFramesAsSame(appendFragment: RenderFragment { Method = Void &lt;RecognizesEquivalentFramesAsSameCases&gt;b__7_0(Microsoft.AspNetCore.Components.Rendering.RenderTreeBuilder), Target = &lt;&gt;c { } })" computerName="pkrvmbietmlfzoi" duration="00:00:00.0136738" startTime="2025-07-02T21:18:24.1883194+00:00" endTime="2025-07-02T21:18:24.1964864+00:00" testType="13cdc9d9-ddb5-4fa4-a97d-d965ccfc6d4b" outcome="Passed" testListId="8c84fa94-04c1-424b-9868-57a2d4851a1d" relativeResultsDirectory="0f7cd91f-1356-490c-b9c7-c109e7d9e286" />
    <UnitTestResult executionId="0e52f6ab-6e30-4547-a52f-89cc9ce6d300" testId="5e007768-5fbf-30e3-d7e7-67774ed17a80" testName="Microsoft.AspNetCore.Components.Rendering.RenderTreeBuilderTest.AddAttribute_Element_Action_AddsFrame" computerName="pkrvmbietmlfzoi" duration="00:00:00.0003684" startTime="2025-07-02T21:18:24.2110780+00:00" endTime="2025-07-02T21:18:24.2111904+00:00" testType="13cdc9d9-ddb5-4fa4-a97d-d965ccfc6d4b" outcome="Passed" testListId="8c84fa94-04c1-424b-9868-57a2d4851a1d" relativeResultsDirectory="0e52f6ab-6e30-4547-a52f-89cc9ce6d300" />
    <UnitTestResult executionId="1ceac7d4-9738-4eee-9f18-487f8ff4c639" testId="2d0ea633-5488-4931-b804-e7b6590d4f90" testName="Microsoft.AspNetCore.Components.Test.RenderTreeDiffBuilderTest.RecognizesTrailingLoopBlockBeingRemoved" computerName="pkrvmbietmlfzoi" duration="00:00:00.0005576" startTime="2025-07-02T21:18:24.2947775+00:00" endTime="2025-07-02T21:18:24.2975750+00:00" testType="13cdc9d9-ddb5-4fa4-a97d-d965ccfc6d4b" outcome="Passed" testListId="8c84fa94-04c1-424b-9868-57a2d4851a1d" relativeResultsDirectory="1ceac7d4-9738-4eee-9f18-487f8ff4c639" />
    <UnitTestResult executionId="717d83d8-ee8e-4121-bc4e-1e7bf823cc98" testId="c13500df-fc11-19fb-b7b7-036bbc6390a3" testName="Microsoft.AspNetCore.Components.Routing.RouteTableFactoryTests.OptionalParameterPlusCatchAllRoute(template: &quot;prefix/{parameter?}/{*catchAll}&quot;, path: &quot;/prefix/parameter&quot;, parameterValue: &quot;parameter&quot;, catchAllValue: null)" computerName="pkrvmbietmlfzoi" duration="00:00:00.0003561" startTime="2025-07-02T21:18:24.5571591+00:00" endTime="2025-07-02T21:18:24.5572477+00:00" testType="13cdc9d9-ddb5-4fa4-a97d-d965ccfc6d4b" outcome="Passed" testListId="8c84fa94-04c1-424b-9868-57a2d4851a1d" relativeResultsDirectory="717d83d8-ee8e-4121-bc4e-1e7bf823cc98" />
    <UnitTestResult executionId="21cc8fb7-f55f-4d5c-8504-7a9878a656de" testId="759f574e-cc95-e392-b25f-48e7b507e965" testName="Microsoft.AspNetCore.Components.Test.RenderTreeDiffBuilderTest.AttributeDiff_WithSameSequenceNumber_AttributeAddedAtEnd" computerName="pkrvmbietmlfzoi" duration="00:00:00.0007117" startTime="2025-07-02T21:18:24.4676711+00:00" endTime="2025-07-02T21:18:24.4683512+00:00" testType="13cdc9d9-ddb5-4fa4-a97d-d965ccfc6d4b" outcome="Passed" testListId="8c84fa94-04c1-424b-9868-57a2d4851a1d" relativeResultsDirectory="21cc8fb7-f55f-4d5c-8504-7a9878a656de" />
    <UnitTestResult executionId="ec973361-22fd-44ef-97ac-6ade91ce1279" testId="023fc0a7-e204-6a99-5a90-0a5c19894c6e" testName="Microsoft.AspNetCore.Components.Test.RendererTest.RenderBatch_HandlesExceptionsFromAllDisposedComponents" computerName="pkrvmbietmlfzoi" duration="00:00:00.0007447" startTime="2025-07-02T21:18:24.7674253+00:00" endTime="2025-07-02T21:18:24.7680005+00:00" testType="13cdc9d9-ddb5-4fa4-a97d-d965ccfc6d4b" outcome="Passed" testListId="8c84fa94-04c1-424b-9868-57a2d4851a1d" relativeResultsDirectory="ec973361-22fd-44ef-97ac-6ade91ce1279" />
    <UnitTestResult executionId="1e98edb4-cc6c-4d80-8143-edf38d978d55" testId="5edf6e6b-eb50-12f8-2e02-5d9b1d4c44ee" testName="Microsoft.AspNetCore.Components.NavigationManagerTest.GetUriWithQueryParameters_CanAddUpdateAndRemove(baseUri: &quot;scheme://host/#hash&quot;, expectedUri: &quot;scheme://host/?age=25&amp;eye%20color=green#hash&quot;)" computerName="pkrvmbietmlfzoi" duration="00:00:00.0005997" startTime="2025-07-02T21:18:23.9619805+00:00" endTime="2025-07-02T21:18:23.9620886+00:00" testType="13cdc9d9-ddb5-4fa4-a97d-d965ccfc6d4b" outcome="Passed" testListId="8c84fa94-04c1-424b-9868-57a2d4851a1d" relativeResultsDirectory="1e98edb4-cc6c-4d80-8143-edf38d978d55" />
    <UnitTestResult executionId="7e1b5cfd-700a-4856-9e10-c9ec52066189" testId="8c25d266-0f03-7ae6-7678-beedad642844" testName="Microsoft.AspNetCore.Components.Routing.RoutePatternParserTests.InvalidTemplate_WithRepeatedParameter" computerName="pkrvmbietmlfzoi" duration="00:00:00.0010967" startTime="2025-07-02T21:18:24.2452965+00:00" endTime="2025-07-02T21:18:24.2454360+00:00" testType="13cdc9d9-ddb5-4fa4-a97d-d965ccfc6d4b" outcome="Passed" testListId="8c84fa94-04c1-424b-9868-57a2d4851a1d" relativeResultsDirectory="7e1b5cfd-700a-4856-9e10-c9ec52066189" />
    <UnitTestResult executionId="4bde35fd-578e-4cf5-b209-410a3474132c" testId="eb9d99b6-0ee8-72f2-6b24-e2170bc33e9c" testName="Microsoft.AspNetCore.Components.Routing.RoutePatternParserTests.InvalidTemplate_InvalidParameterNameWithEmptyNameThrows" computerName="pkrvmbietmlfzoi" duration="00:00:00.0007244" startTime="2025-07-02T21:18:24.2820807+00:00" endTime="2025-07-02T21:18:24.2821961+00:00" testType="13cdc9d9-ddb5-4fa4-a97d-d965ccfc6d4b" outcome="Passed" testListId="8c84fa94-04c1-424b-9868-57a2d4851a1d" relativeResultsDirectory="4bde35fd-578e-4cf5-b209-410a3474132c" />
    <UnitTestResult executionId="a119c4d7-978f-4788-a84b-648abb5cb064" testId="5480f7b1-3654-ffee-c98b-6ebbcc60e5ec" testName="Microsoft.AspNetCore.Components.Routing.QueryParameterValueSupplierTest.RejectsBlankArrayEntriesWhenNotNullable(key: &quot;DecimalVals&quot;, targetType: typeof(decimal))" computerName="pkrvmbietmlfzoi" duration="00:00:00.0002774" startTime="2025-07-02T21:18:24.1097816+00:00" endTime="2025-07-02T21:18:24.1098817+00:00" testType="13cdc9d9-ddb5-4fa4-a97d-d965ccfc6d4b" outcome="Passed" testListId="8c84fa94-04c1-424b-9868-57a2d4851a1d" relativeResultsDirectory="a119c4d7-978f-4788-a84b-648abb5cb064" />
    <UnitTestResult executionId="592a6aca-ee5c-414f-9e20-54587f28fa75" testId="1080a8fb-c4f5-1740-e9b9-cd24db7a0bc9" testName="Microsoft.AspNetCore.Components.PersistentStateValueProviderTests.PersistAsync_CanPersistMultipleComponentsOfSameType_SupportsDifferentKeyTypes(componentKey1: 3000000000, componentKey2: 1000000000)" computerName="pkrvmbietmlfzoi" duration="00:00:00.0001827" startTime="2025-07-02T21:18:24.5247060+00:00" endTime="2025-07-02T21:18:24.5248066+00:00" testType="13cdc9d9-ddb5-4fa4-a97d-d965ccfc6d4b" outcome="Passed" testListId="8c84fa94-04c1-424b-9868-57a2d4851a1d" relativeResultsDirectory="592a6aca-ee5c-414f-9e20-54587f28fa75" />
    <UnitTestResult executionId="054e88d1-d19e-49ad-9de4-9bf89db512cb" testId="a14badbb-38db-c81b-bdbd-dad11350daca" testName="Microsoft.AspNetCore.Components.Test.RendererTest.RenderBatch_HandlesSynchronousExceptionsInAsyncDisposableComponents" computerName="pkrvmbietmlfzoi" duration="00:00:00.0005772" startTime="2025-07-02T21:18:25.8130750+00:00" endTime="2025-07-02T21:18:25.8136431+00:00" testType="13cdc9d9-ddb5-4fa4-a97d-d965ccfc6d4b" outcome="Passed" testListId="8c84fa94-04c1-424b-9868-57a2d4851a1d" relativeResultsDirectory="054e88d1-d19e-49ad-9de4-9bf89db512cb" />
    <UnitTestResult executionId="aff00cea-2b43-4932-860a-12280c435408" testId="bdd242b8-9361-9f1d-34eb-3d7ce4ce4af5" testName="Microsoft.AspNetCore.Components.Routing.RouteTableFactoryTests.CanCacheRouteTableWithDifferentAssembliesAndOrder" computerName="pkrvmbietmlfzoi" duration="00:00:00.0149739" startTime="2025-07-02T21:18:24.5679328+00:00" endTime="2025-07-02T21:18:24.5687487+00:00" testType="13cdc9d9-ddb5-4fa4-a97d-d965ccfc6d4b" outcome="Passed" testListId="8c84fa94-04c1-424b-9868-57a2d4851a1d" relativeResultsDirectory="aff00cea-2b43-4932-860a-12280c435408" />
    <UnitTestResult executionId="469c51dc-9a73-4af6-a666-5024119eea0c" testId="dee5be13-8574-2848-e367-924fc939b9d3" testName="Microsoft.AspNetCore.Components.EventCallbackFactoryTest.CreateT_FuncTTask_DifferentReceiver" computerName="pkrvmbietmlfzoi" duration="00:00:00.0002240" startTime="2025-07-02T21:18:24.0905308+00:00" endTime="2025-07-02T21:18:24.0906322+00:00" testType="13cdc9d9-ddb5-4fa4-a97d-d965ccfc6d4b" outcome="Passed" testListId="8c84fa94-04c1-424b-9868-57a2d4851a1d" relativeResultsDirectory="469c51dc-9a73-4af6-a666-5024119eea0c" />
    <UnitTestResult executionId="3be6d6bf-acac-4609-b663-f10e2a131d54" testId="c3b58f05-f403-9d45-f8b0-3874af07e835" testName="Microsoft.AspNetCore.Components.Routing.RouteTableFactoryTests.OptionalParameterPlusCatchAllRoute(template: &quot;/{parameter?}/{*catchAll}&quot;, path: &quot;/&quot;, parameterValue: null, catchAllValue: null)" computerName="pkrvmbietmlfzoi" duration="00:00:00.0007832" startTime="2025-07-02T21:18:24.5547166+00:00" endTime="2025-07-02T21:18:24.5548147+00:00" testType="13cdc9d9-ddb5-4fa4-a97d-d965ccfc6d4b" outcome="Passed" testListId="8c84fa94-04c1-424b-9868-57a2d4851a1d" relativeResultsDirectory="3be6d6bf-acac-4609-b663-f10e2a131d54" />
    <UnitTestResult executionId="5b216b5f-6c1a-4d53-ac14-28ec192351e9" testId="4b10b275-a6ee-35e3-a678-bc9fbbb9c15e" testName="Microsoft.AspNetCore.Components.BindConverterTest.FormatValue_NullableBoolNull_Generic" computerName="pkrvmbietmlfzoi" duration="00:00:00.0016999" startTime="2025-07-02T21:18:24.2725444+00:00" endTime="2025-07-02T21:18:24.2734872+00:00" testType="13cdc9d9-ddb5-4fa4-a97d-d965ccfc6d4b" outcome="Passed" testListId="8c84fa94-04c1-424b-9868-57a2d4851a1d" relativeResultsDirectory="5b216b5f-6c1a-4d53-ac14-28ec192351e9" />
    <UnitTestResult executionId="09998968-293b-4b24-9ca2-15a24b4e0d5b" testId="4a8f4649-d4d3-677c-9d3d-9410c5c92302" testName="Microsoft.AspNetCore.Components.Rendering.RenderTreeBuilderTest.AddAttribute_Element_BoolFalse_IgnoresFrame" computerName="pkrvmbietmlfzoi" duration="00:00:00.0008611" startTime="2025-07-02T21:18:24.3725539+00:00" endTime="2025-07-02T21:18:24.3756762+00:00" testType="13cdc9d9-ddb5-4fa4-a97d-d965ccfc6d4b" outcome="Passed" testListId="8c84fa94-04c1-424b-9868-57a2d4851a1d" relativeResultsDirectory="09998968-293b-4b24-9ca2-15a24b4e0d5b" />
    <UnitTestResult executionId="ea69495c-01b3-4bcc-9d86-d3d1ab2b11a8" testId="9bfb982f-77b4-df3c-1634-2de98daacf5b" testName="Microsoft.AspNetCore.Components.Test.RenderTreeDiffBuilderTest.RecognizesNamedEventBeingAdded" computerName="pkrvmbietmlfzoi" duration="00:00:00.0009984" startTime="2025-07-02T21:18:24.4780927+00:00" endTime="2025-07-02T21:18:24.4786386+00:00" testType="13cdc9d9-ddb5-4fa4-a97d-d965ccfc6d4b" outcome="Passed" testListId="8c84fa94-04c1-424b-9868-57a2d4851a1d" relativeResultsDirectory="ea69495c-01b3-4bcc-9d86-d3d1ab2b11a8" />
    <UnitTestResult executionId="c5de2f5f-1c73-44a6-be50-378e42c282a6" testId="1965af59-0911-dff8-a4e4-d38176c7b206" testName="Microsoft.AspNetCore.Components.Routing.QueryParameterValueSupplierTest.RejectsUnparseableValues(key: &quot;NullableDoubleVal&quot;, value: &quot;1x&quot;, targetType: typeof(double?))" computerName="pkrvmbietmlfzoi" duration="00:00:00.0020737" startTime="2025-07-02T21:18:24.0893789+00:00" endTime="2025-07-02T21:18:24.0948088+00:00" testType="13cdc9d9-ddb5-4fa4-a97d-d965ccfc6d4b" outcome="Passed" testListId="8c84fa94-04c1-424b-9868-57a2d4851a1d" relativeResultsDirectory="c5de2f5f-1c73-44a6-be50-378e42c282a6" />
    <UnitTestResult executionId="f8ab615c-40af-4f9e-8d1b-118bd4b182c5" testId="b6319510-fc4c-6f7c-a839-534026868c25" testName="Microsoft.AspNetCore.Components.Rendering.RenderTreeBuilderTest.AddComponentParameter_Component_Bool_SetsAttributeValue(value: True)" computerName="pkrvmbietmlfzoi" duration="00:00:00.0005884" startTime="2025-07-02T21:18:24.2165234+00:00" endTime="2025-07-02T21:18:24.2167601+00:00" testType="13cdc9d9-ddb5-4fa4-a97d-d965ccfc6d4b" outcome="Passed" testListId="8c84fa94-04c1-424b-9868-57a2d4851a1d" relativeResultsDirectory="f8ab615c-40af-4f9e-8d1b-118bd4b182c5" />
    <UnitTestResult executionId="2325c8f9-cec7-442d-8a80-7120988b1c07" testId="e50fc764-e8ce-3541-33fd-735f1c8b313f" testName="Microsoft.AspNetCore.Components.ComponentsActivitySourceTest.FailEventActivity_SetsErrorStatusAndStopsActivity" computerName="pkrvmbietmlfzoi" duration="00:00:00.0038295" startTime="2025-07-02T21:18:23.9770157+00:00" endTime="2025-07-02T21:18:23.9833997+00:00" testType="13cdc9d9-ddb5-4fa4-a97d-d965ccfc6d4b" outcome="Passed" testListId="8c84fa94-04c1-424b-9868-57a2d4851a1d" relativeResultsDirectory="2325c8f9-cec7-442d-8a80-7120988b1c07" />
    <UnitTestResult executionId="ca334ccf-4a7e-4579-887a-82057e53ec0a" testId="44d887a3-564f-84c7-4e8c-59b8b5d9d6ce" testName="Microsoft.AspNetCore.Components.Rendering.RendererSynchronizationContextTest.InvokeAsync_Action_CanReportCancellation" computerName="pkrvmbietmlfzoi" duration="00:00:00.0012854" startTime="2025-07-02T21:18:24.6586408+00:00" endTime="2025-07-02T21:18:24.6587584+00:00" testType="13cdc9d9-ddb5-4fa4-a97d-d965ccfc6d4b" outcome="Passed" testListId="8c84fa94-04c1-424b-9868-57a2d4851a1d" relativeResultsDirectory="ca334ccf-4a7e-4579-887a-82057e53ec0a" />
    <UnitTestResult executionId="2e3c3592-d7b1-4464-99fa-41a757352068" testId="70b68c71-c725-c145-d0bc-b23c5ed740fe" testName="Microsoft.AspNetCore.Components.PersistentStateValueProviderTests.PersistenceFails_MultipleComponentsUseTheSameKey" computerName="pkrvmbietmlfzoi" duration="00:00:00.0012925" startTime="2025-07-02T21:18:24.5390962+00:00" endTime="2025-07-02T21:18:24.5410225+00:00" testType="13cdc9d9-ddb5-4fa4-a97d-d965ccfc6d4b" outcome="Passed" testListId="8c84fa94-04c1-424b-9868-57a2d4851a1d" relativeResultsDirectory="2e3c3592-d7b1-4464-99fa-41a757352068" />
    <UnitTestResult executionId="73c1b9d4-d18f-488a-92f2-f176e251db2b" testId="fffcaa45-10e6-e235-96a4-946f89707570" testName="Microsoft.AspNetCore.Components.Routing.RouteTableFactoryTests.MultipleOptionalParameters(path: &quot;/1&quot;, segments: 1)" computerName="pkrvmbietmlfzoi" duration="00:00:00.0002854" startTime="2025-07-02T21:18:24.5358529+00:00" endTime="2025-07-02T21:18:24.5362937+00:00" testType="13cdc9d9-ddb5-4fa4-a97d-d965ccfc6d4b" outcome="Passed" testListId="8c84fa94-04c1-424b-9868-57a2d4851a1d" relativeResultsDirectory="73c1b9d4-d18f-488a-92f2-f176e251db2b" />
    <UnitTestResult executionId="0937c1d6-1af2-4906-ba13-36d4fcafda3a" testId="b35c0fe3-5d73-47a3-154c-132bd9ec249f" testName="Microsoft.AspNetCore.Components.Routing.RouteTableFactoryTests.PrefersMoreConstraintsOverFewer" computerName="pkrvmbietmlfzoi" duration="00:00:00.0006636" startTime="2025-07-02T21:18:24.5833075+00:00" endTime="2025-07-02T21:18:24.5834040+00:00" testType="13cdc9d9-ddb5-4fa4-a97d-d965ccfc6d4b" outcome="Passed" testListId="8c84fa94-04c1-424b-9868-57a2d4851a1d" relativeResultsDirectory="0937c1d6-1af2-4906-ba13-36d4fcafda3a" />
    <UnitTestResult executionId="687a0aea-0646-42c0-9b35-1c235e09e79e" testId="edccd82f-71b3-2913-24cc-5ca034ec7a2f" testName="Microsoft.AspNetCore.Components.RenderTree.ArrayBuilderTest.UnusedBufferIsReturned_OnResize" computerName="pkrvmbietmlfzoi" duration="00:00:00.0015797" startTime="2025-07-02T21:18:24.0051951+00:00" endTime="2025-07-02T21:18:24.0056961+00:00" testType="13cdc9d9-ddb5-4fa4-a97d-d965ccfc6d4b" outcome="Passed" testListId="8c84fa94-04c1-424b-9868-57a2d4851a1d" relativeResultsDirectory="687a0aea-0646-42c0-9b35-1c235e09e79e" />
    <UnitTestResult executionId="25d40d4b-2adb-45c9-8954-0469396fd7cc" testId="f869bd33-ed56-8614-a383-9028900f9a06" testName="Microsoft.AspNetCore.Components.Routing.RouteTableFactoryTests.RespectsExcludeFromInteractiveRoutingAttribute" computerName="pkrvmbietmlfzoi" duration="00:00:00.0015037" startTime="2025-07-02T21:18:24.5952297+00:00" endTime="2025-07-02T21:18:24.5952771+00:00" testType="13cdc9d9-ddb5-4fa4-a97d-d965ccfc6d4b" outcome="Passed" testListId="8c84fa94-04c1-424b-9868-57a2d4851a1d" relativeResultsDirectory="25d40d4b-2adb-45c9-8954-0469396fd7cc" />
    <UnitTestResult executionId="8d29e770-b177-4b81-972f-9d72f43c00dd" testId="5a799c89-7bfc-057e-b75b-36f82e8287df" testName="Microsoft.AspNetCore.Components.Rendering.ArrayBuilderSegmentTest.BasicPropertiesWork" computerName="pkrvmbietmlfzoi" duration="00:00:00.0041945" startTime="2025-07-02T21:18:24.1668271+00:00" endTime="2025-07-02T21:18:24.1691594+00:00" testType="13cdc9d9-ddb5-4fa4-a97d-d965ccfc6d4b" outcome="Passed" testListId="8c84fa94-04c1-424b-9868-57a2d4851a1d" relativeResultsDirectory="8d29e770-b177-4b81-972f-9d72f43c00dd" />
    <UnitTestResult executionId="52e16552-f062-4a5f-9b47-accaf066f9aa" testId="e32f0b81-e73e-a007-e00c-d45b206f7160" testName="Microsoft.AspNetCore.Components.ComponentsActivitySourceTest.CaptureEventStopAsync_StopsActivityOnSuccessfulTask" computerName="pkrvmbietmlfzoi" duration="00:00:00.0008660" startTime="2025-07-02T21:18:23.9864805+00:00" endTime="2025-07-02T21:18:23.9870229+00:00" testType="13cdc9d9-ddb5-4fa4-a97d-d965ccfc6d4b" outcome="Passed" testListId="8c84fa94-04c1-424b-9868-57a2d4851a1d" relativeResultsDirectory="52e16552-f062-4a5f-9b47-accaf066f9aa" />
    <UnitTestResult executionId="d9ad1254-3eb2-417b-9316-56eb1454edb2" testId="6da18163-322a-a311-a61e-335ac02db98a" testName="Microsoft.AspNetCore.Components.Routing.RouteTableFactoryTests.ThrowsForOptionalParametersFollowedByNonOptionalParameters" computerName="pkrvmbietmlfzoi" duration="00:00:00.0010000" startTime="2025-07-02T21:18:24.5759685+00:00" endTime="2025-07-02T21:18:24.5760091+00:00" testType="13cdc9d9-ddb5-4fa4-a97d-d965ccfc6d4b" outcome="NotExecuted" testListId="8c84fa94-04c1-424b-9868-57a2d4851a1d" relativeResultsDirectory="d9ad1254-3eb2-417b-9316-56eb1454edb2">
      <Output>
        <ErrorInfo>
          <Message>This is allowed in ASP.NET Core routing.</Message>
        </ErrorInfo>
      </Output>
    </UnitTestResult>
    <UnitTestResult executionId="bf6c5e08-3c14-43f5-856e-d1eb49d8bae3" testId="422290ba-018c-eb05-d111-7eee71308506" testName="Microsoft.AspNetCore.Components.Routing.QueryParameterValueSupplierTest.RejectsBlankArrayEntriesWhenNotNullable(key: &quot;FloatVals&quot;, targetType: typeof(float))" computerName="pkrvmbietmlfzoi" duration="00:00:00.0000381" startTime="2025-07-02T21:18:24.1130695+00:00" endTime="2025-07-02T21:18:24.1135591+00:00" testType="13cdc9d9-ddb5-4fa4-a97d-d965ccfc6d4b" outcome="Passed" testListId="8c84fa94-04c1-424b-9868-57a2d4851a1d" relativeResultsDirectory="bf6c5e08-3c14-43f5-856e-d1eb49d8bae3" />
    <UnitTestResult executionId="a80f0023-d2e9-451e-9b89-da6201a9b28a" testId="d0a990d1-0d36-df2e-10b3-4a1dd8cefbda" testName="Microsoft.AspNetCore.Components.Routing.RouteTableFactoryTests.OptionalParameterPlusCatchAllRoute(template: &quot;prefix/{parameter?}/{*catchAll}&quot;, path: &quot;/prefix/value/1/2/3/4/5&quot;, parameterValue: &quot;value&quot;, catchAllValue: &quot;1/2/3/4/5&quot;)" computerName="pkrvmbietmlfzoi" duration="00:00:00.0003717" startTime="2025-07-02T21:18:24.5573919+00:00" endTime="2025-07-02T21:18:24.5578488+00:00" testType="13cdc9d9-ddb5-4fa4-a97d-d965ccfc6d4b" outcome="Passed" testListId="8c84fa94-04c1-424b-9868-57a2d4851a1d" relativeResultsDirectory="a80f0023-d2e9-451e-9b89-da6201a9b28a" />
    <UnitTestResult executionId="a38bea7a-7e65-4946-97a3-a0829b4880e6" testId="c212f440-7b46-cb8e-5eb3-cc3bf3530739" testName="Microsoft.AspNetCore.Components.BindConverterTest.FormatValue_NullableBool_Generic" computerName="pkrvmbietmlfzoi" duration="00:00:00.0021411" startTime="2025-07-02T21:18:24.2692533+00:00" endTime="2025-07-02T21:18:24.2705197+00:00" testType="13cdc9d9-ddb5-4fa4-a97d-d965ccfc6d4b" outcome="Passed" testListId="8c84fa94-04c1-424b-9868-57a2d4851a1d" relativeResultsDirectory="a38bea7a-7e65-4946-97a3-a0829b4880e6" />
    <UnitTestResult executionId="a5b47faf-d3b2-41be-b5de-d698a9af20d6" testId="8e4376ef-b57b-86ef-3cda-751524f60597" testName="Microsoft.AspNetCore.Components.Test.RendererTest.CanReRenderNestedComponents" computerName="pkrvmbietmlfzoi" duration="00:00:00.0009482" startTime="2025-07-02T21:18:24.7902062+00:00" endTime="2025-07-02T21:18:24.7910778+00:00" testType="13cdc9d9-ddb5-4fa4-a97d-d965ccfc6d4b" outcome="Passed" testListId="8c84fa94-04c1-424b-9868-57a2d4851a1d" relativeResultsDirectory="a5b47faf-d3b2-41be-b5de-d698a9af20d6" />
    <UnitTestResult executionId="db9532d8-e945-4cf8-978e-3713af3b93f9" testId="38adab21-fb23-2c8d-2eea-cf1eafb03982" testName="Microsoft.AspNetCore.Components.Rendering.RenderTreeBuilderTest.AddAttribute_Element_StringValue_AddsFrame" computerName="pkrvmbietmlfzoi" duration="00:00:00.0006957" startTime="2025-07-02T21:18:24.1881820+00:00" endTime="2025-07-02T21:18:24.1884298+00:00" testType="13cdc9d9-ddb5-4fa4-a97d-d965ccfc6d4b" outcome="Passed" testListId="8c84fa94-04c1-424b-9868-57a2d4851a1d" relativeResultsDirectory="db9532d8-e945-4cf8-978e-3713af3b93f9" />
    <UnitTestResult executionId="4b11f0ab-e5aa-4d15-9cec-9bcb31bc1274" testId="ee2eff19-a4f6-77ed-5f14-b80ab30eba9b" testName="Microsoft.AspNetCore.Components.Rendering.RenderTreeBuilderTest.CanAddMarkup" computerName="pkrvmbietmlfzoi" duration="00:00:00.0018398" startTime="2025-07-02T21:18:24.3140684+00:00" endTime="2025-07-02T21:18:24.3181868+00:00" testType="13cdc9d9-ddb5-4fa4-a97d-d965ccfc6d4b" outcome="Passed" testListId="8c84fa94-04c1-424b-9868-57a2d4851a1d" relativeResultsDirectory="4b11f0ab-e5aa-4d15-9cec-9bcb31bc1274" />
    <UnitTestResult executionId="fa064eeb-0df8-42da-a2bf-be35d47de005" testId="0298b022-55a4-94ab-fa1b-f509bc9dd554" testName="Microsoft.AspNetCore.Components.Test.RenderTreeDiffBuilderTest.PassesThroughRegionsInsidePrependedElements" computerName="pkrvmbietmlfzoi" duration="00:00:00.0019166" startTime="2025-07-02T21:18:24.4492188+00:00" endTime="2025-07-02T21:18:24.4495107+00:00" testType="13cdc9d9-ddb5-4fa4-a97d-d965ccfc6d4b" outcome="Passed" testListId="8c84fa94-04c1-424b-9868-57a2d4851a1d" relativeResultsDirectory="fa064eeb-0df8-42da-a2bf-be35d47de005" />
    <UnitTestResult executionId="45d2d076-ef08-4c48-9b2e-2042c523ae52" testId="93a5281a-ebfb-eeca-fee9-aebbcf88224e" testName="Microsoft.AspNetCore.Components.NavigationManagerTest.GetUriWithQueryParameters_SupportsEnumerableValues(baseUri: &quot;scheme://host/?full%20name=Bob%20Joe&amp;ping=8&amp;ping=3&quot;···, expectedUri: &quot;scheme://host/?full%20name=John%20Doe&amp;ping=35&amp;ping&quot;···)" computerName="pkrvmbietmlfzoi" duration="00:00:00.0002843" startTime="2025-07-02T21:18:23.9601307+00:00" endTime="2025-07-02T21:18:23.9602444+00:00" testType="13cdc9d9-ddb5-4fa4-a97d-d965ccfc6d4b" outcome="Passed" testListId="8c84fa94-04c1-424b-9868-57a2d4851a1d" relativeResultsDirectory="45d2d076-ef08-4c48-9b2e-2042c523ae52" />
    <UnitTestResult executionId="53319182-1620-49ce-acae-74438461baf8" testId="10577af9-d16e-7de8-939c-90397d523205" testName="Microsoft.AspNetCore.Components.Rendering.RenderTreeBuilderTest.CannotAddElementReferenceCaptureWithNoParent" computerName="pkrvmbietmlfzoi" duration="00:00:00.0003323" startTime="2025-07-02T21:18:24.4144940+00:00" endTime="2025-07-02T21:18:24.4145964+00:00" testType="13cdc9d9-ddb5-4fa4-a97d-d965ccfc6d4b" outcome="Passed" testListId="8c84fa94-04c1-424b-9868-57a2d4851a1d" relativeResultsDirectory="53319182-1620-49ce-acae-74438461baf8" />
    <UnitTestResult executionId="9d287ac6-5a92-481f-9b75-cc2f2837303d" testId="3b0ff113-6126-a3c4-a31b-f6af15beb342" testName="Microsoft.AspNetCore.Components.NavigationManagerTest.GetUriWithQueryParameter_RemovesWhenParameterValueIsNull(baseUri: &quot;scheme://host/?full%20name=Sally%Smith&amp;age=42&amp;full&quot;···, expectedUri: &quot;scheme://host/?age=42&quot;)" computerName="pkrvmbietmlfzoi" duration="00:00:00.0000262" startTime="2025-07-02T21:18:23.9556434+00:00" endTime="2025-07-02T21:18:23.9559857+00:00" testType="13cdc9d9-ddb5-4fa4-a97d-d965ccfc6d4b" outcome="Passed" testListId="8c84fa94-04c1-424b-9868-57a2d4851a1d" relativeResultsDirectory="9d287ac6-5a92-481f-9b75-cc2f2837303d" />
    <UnitTestResult executionId="5f846608-b8c4-46e1-8ee5-875afdc48e8f" testId="32c961b9-1d62-92ae-43e0-c2211424f76e" testName="Microsoft.AspNetCore.Components.Routing.RouteTableFactoryTests.DoesNotThrowForNonAmbiguousRoutes(first: &quot;{param}/{*catchAll:int}&quot;, second: &quot;{param}/{optional?}&quot;)" computerName="pkrvmbietmlfzoi" duration="00:00:00.0012435" startTime="2025-07-02T21:18:24.5080283+00:00" endTime="2025-07-02T21:18:24.5084364+00:00" testType="13cdc9d9-ddb5-4fa4-a97d-d965ccfc6d4b" outcome="Passed" testListId="8c84fa94-04c1-424b-9868-57a2d4851a1d" relativeResultsDirectory="5f846608-b8c4-46e1-8ee5-875afdc48e8f" />
    <UnitTestResult executionId="c1541a08-adf6-4194-89fe-6dffdb3560ad" testId="7cf87362-3724-9fb5-461e-4b2724c920ca" testName="Microsoft.AspNetCore.Components.Rendering.RenderTreeBuilderTest.AddAttribute_Component_StringValue_SetsAttributeValue(value: &quot;hi&quot;)" computerName="pkrvmbietmlfzoi" duration="00:00:00.0002515" startTime="2025-07-02T21:18:24.4061965+00:00" endTime="2025-07-02T21:18:24.4063011+00:00" testType="13cdc9d9-ddb5-4fa4-a97d-d965ccfc6d4b" outcome="Passed" testListId="8c84fa94-04c1-424b-9868-57a2d4851a1d" relativeResultsDirectory="c1541a08-adf6-4194-89fe-6dffdb3560ad" />
    <UnitTestResult executionId="1cacd6f1-3a5c-4456-9ce6-d90244829b4a" testId="23ff1577-039b-db16-677b-d224ba8171aa" testName="Microsoft.AspNetCore.Components.NavigationManagerTest.GetUriWithQueryParameter_ReplacesWhenParameterExists(baseUri: &quot;scheme://host/?full%20name=&quot;, expectedUri: &quot;scheme://host/?full%20name=John%20Doe&quot;)" computerName="pkrvmbietmlfzoi" duration="00:00:00.0000249" startTime="2025-07-02T21:18:23.9421090+00:00" endTime="2025-07-02T21:18:23.9422568+00:00" testType="13cdc9d9-ddb5-4fa4-a97d-d965ccfc6d4b" outcome="Passed" testListId="8c84fa94-04c1-424b-9868-57a2d4851a1d" relativeResultsDirectory="1cacd6f1-3a5c-4456-9ce6-d90244829b4a" />
    <UnitTestResult executionId="495c5f77-c7c4-494d-bb9a-a7b76168e0c2" testId="85ddaa4f-3f69-91f1-7a58-f25401165b7d" testName="Microsoft.AspNetCore.Components.Routing.RouteTableFactoryTests.DetectsAmbiguousRoutes(left: &quot;/{parameter}part/literal/part{something}&quot;, right: &quot;{param}Part/Literal/part{else}&quot;)" computerName="pkrvmbietmlfzoi" duration="00:00:00.0004170" startTime="2025-07-02T21:18:24.5796368+00:00" endTime="2025-07-02T21:18:24.5797340+00:00" testType="13cdc9d9-ddb5-4fa4-a97d-d965ccfc6d4b" outcome="Passed" testListId="8c84fa94-04c1-424b-9868-57a2d4851a1d" relativeResultsDirectory="495c5f77-c7c4-494d-bb9a-a7b76168e0c2" />
    <UnitTestResult executionId="ad48bdc4-4880-4d65-8846-afc210e929df" testId="143f041c-80a7-9ed5-9f87-f1d012b09e0b" testName="Microsoft.AspNetCore.Components.Routing.QueryParameterValueSupplierTest.RejectsUnparseableArrayEntries(key: &quot;BoolVals&quot;, validValue: &quot;true&quot;, invalidValue: &quot;abc&quot;, targetType: typeof(bool))" computerName="pkrvmbietmlfzoi" duration="00:00:00.0000383" startTime="2025-07-02T21:18:24.1261710+00:00" endTime="2025-07-02T21:18:24.1262854+00:00" testType="13cdc9d9-ddb5-4fa4-a97d-d965ccfc6d4b" outcome="Passed" testListId="8c84fa94-04c1-424b-9868-57a2d4851a1d" relativeResultsDirectory="ad48bdc4-4880-4d65-8846-afc210e929df" />
    <UnitTestResult executionId="78af17fa-316b-4205-9c71-fcb94b34d67f" testId="f2bccee4-a989-c5b9-6b55-dde082ab3b1b" testName="Microsoft.AspNetCore.Components.Test.RenderTreeDiffBuilderTest.RejectsClashingKeysInOldTree" computerName="pkrvmbietmlfzoi" duration="00:00:00.0003965" startTime="2025-07-02T21:18:24.4848043+00:00" endTime="2025-07-02T21:18:24.4849629+00:00" testType="13cdc9d9-ddb5-4fa4-a97d-d965ccfc6d4b" outcome="Passed" testListId="8c84fa94-04c1-424b-9868-57a2d4851a1d" relativeResultsDirectory="78af17fa-316b-4205-9c71-fcb94b34d67f" />
    <UnitTestResult executionId="b114e930-adc3-4485-acf9-79a0a2c15b96" testId="d65cdade-16b8-3c1d-fc9e-9c61c103b970" testName="Microsoft.AspNetCore.Components.NavigationManagerTest.GetUriWithQueryParameter_RemovesWhenParameterValueIsNull(baseUri: &quot;scheme://host/?full%20name=Bob#hash&quot;, expectedUri: &quot;scheme://host/#hash&quot;)" computerName="pkrvmbietmlfzoi" duration="00:00:00.0000201" startTime="2025-07-02T21:18:23.9516744+00:00" endTime="2025-07-02T21:18:23.9519448+00:00" testType="13cdc9d9-ddb5-4fa4-a97d-d965ccfc6d4b" outcome="Passed" testListId="8c84fa94-04c1-424b-9868-57a2d4851a1d" relativeResultsDirectory="b114e930-adc3-4485-acf9-79a0a2c15b96" />
    <UnitTestResult executionId="793835ae-adfa-48a1-b868-4cd604a43466" testId="79fc2826-52f9-58ea-3898-5f27a103d06b" testName="Microsoft.AspNetCore.Components.CascadingParameterStateTest.FindCascadingParameters_CanOverrideNonNullValueWithNull" computerName="pkrvmbietmlfzoi" duration="00:00:00.0008603" startTime="2025-07-02T21:18:24.4784709+00:00" endTime="2025-07-02T21:18:24.4789789+00:00" testType="13cdc9d9-ddb5-4fa4-a97d-d965ccfc6d4b" outcome="Passed" testListId="8c84fa94-04c1-424b-9868-57a2d4851a1d" relativeResultsDirectory="793835ae-adfa-48a1-b868-4cd604a43466" />
    <UnitTestResult executionId="77339aa0-e16c-444d-849d-b01d5b2ef34a" testId="5a8268a4-4752-8999-8cbb-fa75a5459e1c" testName="Microsoft.AspNetCore.Components.RenderTree.StackObjectPoolTest.CannotReturnMismatchingTrackedItem" computerName="pkrvmbietmlfzoi" duration="00:00:00.0013024" startTime="2025-07-02T21:18:24.3314379+00:00" endTime="2025-07-02T21:18:24.3348760+00:00" testType="13cdc9d9-ddb5-4fa4-a97d-d965ccfc6d4b" outcome="Passed" testListId="8c84fa94-04c1-424b-9868-57a2d4851a1d" relativeResultsDirectory="77339aa0-e16c-444d-849d-b01d5b2ef34a" />
    <UnitTestResult executionId="cb544110-69c6-4ca2-971e-0268db346b22" testId="d5fbed4c-984c-9727-4ce6-34c3d9e1c637" testName="Microsoft.AspNetCore.Components.Routing.RouteTableFactoryTests.MultipleOptionalParametersWithPrefix(path: &quot;/prefix/&quot;, segments: 0)" computerName="pkrvmbietmlfzoi" duration="00:00:00.0006565" startTime="2025-07-02T21:18:24.5867103+00:00" endTime="2025-07-02T21:18:24.5868092+00:00" testType="13cdc9d9-ddb5-4fa4-a97d-d965ccfc6d4b" outcome="Passed" testListId="8c84fa94-04c1-424b-9868-57a2d4851a1d" relativeResultsDirectory="cb544110-69c6-4ca2-971e-0268db346b22" />
    <UnitTestResult executionId="46c34801-abb1-401d-9a41-d8470dab933e" testId="d5e25b28-79cd-0d3a-98a9-3f97a78e0991" testName="Microsoft.AspNetCore.Components.PersistentState.PersistentServicesRegistryTest.PersistStateAsync_PersistsBaseClassPropertiesInDerivedInstance" computerName="pkrvmbietmlfzoi" duration="00:00:00.0050577" startTime="2025-07-02T21:18:24.3493644+00:00" endTime="2025-07-02T21:18:24.3576680+00:00" testType="13cdc9d9-ddb5-4fa4-a97d-d965ccfc6d4b" outcome="Passed" testListId="8c84fa94-04c1-424b-9868-57a2d4851a1d" relativeResultsDirectory="46c34801-abb1-401d-9a41-d8470dab933e" />
    <UnitTestResult executionId="65f4c50c-908b-4cff-a7a1-56135d24fd15" testId="4522da56-4d84-3792-605d-c84c61cc10a3" testName="Microsoft.AspNetCore.Components.Test.RenderTreeDiffBuilderTest.AssignsDistinctIdToNewElementReferenceCaptures" computerName="pkrvmbietmlfzoi" duration="00:00:00.0097549" startTime="2025-07-02T21:18:24.4686267+00:00" endTime="2025-07-02T21:18:24.4722060+00:00" testType="13cdc9d9-ddb5-4fa4-a97d-d965ccfc6d4b" outcome="Passed" testListId="8c84fa94-04c1-424b-9868-57a2d4851a1d" relativeResultsDirectory="65f4c50c-908b-4cff-a7a1-56135d24fd15" />
    <UnitTestResult executionId="a7e20980-e6a3-4fa4-89cb-1e07d0f56bbb" testId="6640de24-c7cd-1f9c-87b5-7b50cb6cffe8" testName="Microsoft.AspNetCore.Components.Test.RendererTest.AllRendersTriggeredSynchronouslyDuringEventHandlerAreHandledAsSingleBatch" computerName="pkrvmbietmlfzoi" duration="00:00:00.0318381" startTime="2025-07-02T21:18:24.1959621+00:00" endTime="2025-07-02T21:18:24.2203004+00:00" testType="13cdc9d9-ddb5-4fa4-a97d-d965ccfc6d4b" outcome="Passed" testListId="8c84fa94-04c1-424b-9868-57a2d4851a1d" relativeResultsDirectory="a7e20980-e6a3-4fa4-89cb-1e07d0f56bbb" />
    <UnitTestResult executionId="a23795ef-8976-4105-a7e4-e232ba89bf30" testId="b8aa6190-ac38-078a-59c3-02a925616ede" testName="Microsoft.AspNetCore.Components.ParameterViewTest.IncomingCascadingValueMatchesParameterThatIsBothCascadingAndNonCascading_Works" computerName="pkrvmbietmlfzoi" duration="00:00:00.0006196" startTime="2025-07-02T21:18:24.0328524+00:00" endTime="2025-07-02T21:18:24.0329391+00:00" testType="13cdc9d9-ddb5-4fa4-a97d-d965ccfc6d4b" outcome="Passed" testListId="8c84fa94-04c1-424b-9868-57a2d4851a1d" relativeResultsDirectory="a23795ef-8976-4105-a7e4-e232ba89bf30" />
    <UnitTestResult executionId="faf1f8c2-7d1d-4c60-885a-6ab971cb1d6b" testId="e908bf31-d0e9-ac6a-01b3-7340fa63fddf" testName="Microsoft.AspNetCore.Components.Test.RendererTest.SynchronousCancelledTasks_HandleAfterRender_Works" computerName="pkrvmbietmlfzoi" duration="00:00:00.0011675" startTime="2025-07-02T21:18:24.5682793+00:00" endTime="2025-07-02T21:18:24.5683835+00:00" testType="13cdc9d9-ddb5-4fa4-a97d-d965ccfc6d4b" outcome="Passed" testListId="8c84fa94-04c1-424b-9868-57a2d4851a1d" relativeResultsDirectory="faf1f8c2-7d1d-4c60-885a-6ab971cb1d6b" />
    <UnitTestResult executionId="b2798896-28a0-46d6-9e71-d9c51d8f0111" testId="111476bf-346a-58ec-381d-22dcdea64d00" testName="Microsoft.AspNetCore.Components.Test.RenderTreeDiffBuilderTest.RecognizesKeyedComponentDeletions" computerName="pkrvmbietmlfzoi" duration="00:00:00.0008112" startTime="2025-07-02T21:18:24.4459273+00:00" endTime="2025-07-02T21:18:24.4473743+00:00" testType="13cdc9d9-ddb5-4fa4-a97d-d965ccfc6d4b" outcome="Passed" testListId="8c84fa94-04c1-424b-9868-57a2d4851a1d" relativeResultsDirectory="b2798896-28a0-46d6-9e71-d9c51d8f0111" />
    <UnitTestResult executionId="3d9fee09-d13e-4fc9-ba65-36cf7cf93c93" testId="2a2f5c47-5abd-d992-bf42-8b02392ef058" testName="Microsoft.AspNetCore.Components.CascadingParameterStateTest.FindCascadingParameters_IfHasMultipleMatchesInAncestors_ReturnsMatches" computerName="pkrvmbietmlfzoi" duration="00:00:00.0015083" startTime="2025-07-02T21:18:24.4636118+00:00" endTime="2025-07-02T21:18:24.4653378+00:00" testType="13cdc9d9-ddb5-4fa4-a97d-d965ccfc6d4b" outcome="Passed" testListId="8c84fa94-04c1-424b-9868-57a2d4851a1d" relativeResultsDirectory="3d9fee09-d13e-4fc9-ba65-36cf7cf93c93" />
    <UnitTestResult executionId="17f48f82-f3df-46b2-a912-55dc7953044e" testId="246ae732-b112-c56a-b42d-e6f0adfc89e8" testName="Microsoft.AspNetCore.Components.Routing.RouteTableFactoryTests.MultipleOptionalParametersWithPrefix(path: &quot;/prefix/1/2/3&quot;, segments: 3)" computerName="pkrvmbietmlfzoi" duration="00:00:00.0003198" startTime="2025-07-02T21:18:24.5872458+00:00" endTime="2025-07-02T21:18:24.5872985+00:00" testType="13cdc9d9-ddb5-4fa4-a97d-d965ccfc6d4b" outcome="Passed" testListId="8c84fa94-04c1-424b-9868-57a2d4851a1d" relativeResultsDirectory="17f48f82-f3df-46b2-a912-55dc7953044e" />
    <UnitTestResult executionId="05768685-1856-4dc9-b562-5d3fea9b7dee" testId="f480a864-40bc-ce21-db2b-46e6d9e6c305" testName="Microsoft.AspNetCore.Components.Routing.RouteKeyTest.RouteKey_WithAdditionalAssemblies_DifferentAppAssemblies" computerName="pkrvmbietmlfzoi" duration="00:00:00.0002820" startTime="2025-07-02T21:18:24.1520291+00:00" endTime="2025-07-02T21:18:24.1521668+00:00" testType="13cdc9d9-ddb5-4fa4-a97d-d965ccfc6d4b" outcome="Passed" testListId="8c84fa94-04c1-424b-9868-57a2d4851a1d" relativeResultsDirectory="05768685-1856-4dc9-b562-5d3fea9b7dee" />
    <UnitTestResult executionId="0b54d6a9-bc81-4197-8187-16c234d161f7" testId="79c9cae0-da7c-fba0-4085-e122e6f21619" testName="Microsoft.AspNetCore.Components.Rendering.RenderTreeBuilderTest.CanAddAttributes" computerName="pkrvmbietmlfzoi" duration="00:00:00.0011402" startTime="2025-07-02T21:18:24.4305493+00:00" endTime="2025-07-02T21:18:24.4313701+00:00" testType="13cdc9d9-ddb5-4fa4-a97d-d965ccfc6d4b" outcome="Passed" testListId="8c84fa94-04c1-424b-9868-57a2d4851a1d" relativeResultsDirectory="0b54d6a9-bc81-4197-8187-16c234d161f7" />
    <UnitTestResult executionId="dc9ba78b-c8b0-49cd-afe9-1dfe48dc631d" testId="180c60fa-d43e-7c4f-0203-0861dd1e5e80" testName="Microsoft.AspNetCore.Components.Test.RendererTest.ExceptionsThrownSynchronouslyCanBeHandled" computerName="pkrvmbietmlfzoi" duration="00:00:00.0007313" startTime="2025-07-02T21:18:25.8174740+00:00" endTime="2025-07-02T21:18:25.8179077+00:00" testType="13cdc9d9-ddb5-4fa4-a97d-d965ccfc6d4b" outcome="Passed" testListId="8c84fa94-04c1-424b-9868-57a2d4851a1d" relativeResultsDirectory="dc9ba78b-c8b0-49cd-afe9-1dfe48dc631d" />
    <UnitTestResult executionId="5f829bd0-28eb-41f1-9f14-0a1f3fa854e1" testId="a7f9f6b1-d415-3e22-23b3-e762fc255390" testName="Microsoft.AspNetCore.Components.Routing.RouteTableFactoryTests.ThrowsForLiteralWithQuestionMark" computerName="pkrvmbietmlfzoi" duration="00:00:00.0006645" startTime="2025-07-02T21:18:24.5863420+00:00" endTime="2025-07-02T21:18:24.5864391+00:00" testType="13cdc9d9-ddb5-4fa4-a97d-d965ccfc6d4b" outcome="Passed" testListId="8c84fa94-04c1-424b-9868-57a2d4851a1d" relativeResultsDirectory="5f829bd0-28eb-41f1-9f14-0a1f3fa854e1" />
    <UnitTestResult executionId="37a17175-4bc5-4a60-8f32-8d8884914fe4" testId="c7260ebc-a696-37ef-e759-c0251b78d7a6" testName="Microsoft.AspNetCore.Components.Routing.RouteTableFactoryTests.CanMatchParameterWithConstraint(template: &quot;/{value:bool}&quot;, contextUrl: &quot;/false&quot;, convertedValue: False)" computerName="pkrvmbietmlfzoi" duration="00:00:00.0008965" startTime="2025-07-02T21:18:24.5405905+00:00" endTime="2025-07-02T21:18:24.5412670+00:00" testType="13cdc9d9-ddb5-4fa4-a97d-d965ccfc6d4b" outcome="Passed" testListId="8c84fa94-04c1-424b-9868-57a2d4851a1d" relativeResultsDirectory="37a17175-4bc5-4a60-8f32-8d8884914fe4" />
    <UnitTestResult executionId="055ba78e-8c78-4a16-aa58-72c63214d82e" testId="bac2a662-b37f-7424-7659-7c53d1780970" testName="Microsoft.AspNetCore.Components.Rendering.RenderTreeBuilderTest.CanAddMultipleAttributes_IReadOnlyDictionaryObject" computerName="pkrvmbietmlfzoi" duration="00:00:00.0002709" startTime="2025-07-02T21:18:24.2124125+00:00" endTime="2025-07-02T21:18:24.2147385+00:00" testType="13cdc9d9-ddb5-4fa4-a97d-d965ccfc6d4b" outcome="Passed" testListId="8c84fa94-04c1-424b-9868-57a2d4851a1d" relativeResultsDirectory="055ba78e-8c78-4a16-aa58-72c63214d82e" />
    <UnitTestResult executionId="42458429-cbdf-4b49-8729-1ccbe005f29c" testId="d8cec6a4-98e7-0d31-7b0f-f4d0fcde94ee" testName="Microsoft.AspNetCore.Components.Routing.RouterTest.UsesDefaultNotFoundContentIfNotSpecified" computerName="pkrvmbietmlfzoi" duration="00:00:00.1596487" startTime="2025-07-02T21:18:24.0952538+00:00" endTime="2025-07-02T21:18:24.1969145+00:00" testType="13cdc9d9-ddb5-4fa4-a97d-d965ccfc6d4b" outcome="Passed" testListId="8c84fa94-04c1-424b-9868-57a2d4851a1d" relativeResultsDirectory="42458429-cbdf-4b49-8729-1ccbe005f29c" />
    <UnitTestResult executionId="f999de37-5747-4e68-ad89-8c3ba7495384" testId="0e54a547-8d2e-09f6-45c2-dbf373b8c068" testName="Microsoft.AspNetCore.Components.Routing.RouteTableFactoryTests.MultipleOptionalParametersWithPrefix(path: &quot;/prefix/1&quot;, segments: 1)" computerName="pkrvmbietmlfzoi" duration="00:00:00.0005659" startTime="2025-07-02T21:18:24.5869808+00:00" endTime="2025-07-02T21:18:24.5870751+00:00" testType="13cdc9d9-ddb5-4fa4-a97d-d965ccfc6d4b" outcome="Passed" testListId="8c84fa94-04c1-424b-9868-57a2d4851a1d" relativeResultsDirectory="f999de37-5747-4e68-ad89-8c3ba7495384" />
    <UnitTestResult executionId="1e88363b-804d-4f4e-a227-ebea61c742ae" testId="0f1d99dd-fc34-a7f7-a33c-0cab08086d32" testName="Microsoft.AspNetCore.Components.ParameterViewTest.HasRemovedDirectParameters_OldEmpty_NewNonEmpty" computerName="pkrvmbietmlfzoi" duration="00:00:00.0022107" startTime="2025-07-02T21:18:23.9575801+00:00" endTime="2025-07-02T21:18:23.9576714+00:00" testType="13cdc9d9-ddb5-4fa4-a97d-d965ccfc6d4b" outcome="Passed" testListId="8c84fa94-04c1-424b-9868-57a2d4851a1d" relativeResultsDirectory="1e88363b-804d-4f4e-a227-ebea61c742ae" />
    <UnitTestResult executionId="8deb5dec-8cf9-4067-9c46-ed4bc6e6b369" testId="b9427513-0672-b7bb-3974-a55b64eef8a9" testName="Microsoft.AspNetCore.Components.Test.RendererTest.BindWithAsynchronousSetter_MethodGroupToDelegate" computerName="pkrvmbietmlfzoi" duration="00:00:00.0075401" startTime="2025-07-02T21:18:24.3029366+00:00" endTime="2025-07-02T21:18:24.3150210+00:00" testType="13cdc9d9-ddb5-4fa4-a97d-d965ccfc6d4b" outcome="Passed" testListId="8c84fa94-04c1-424b-9868-57a2d4851a1d" relativeResultsDirectory="8deb5dec-8cf9-4067-9c46-ed4bc6e6b369" />
    <UnitTestResult executionId="8cfe89ca-5e00-41b5-a3d0-81fc02d383e3" testId="b928554e-d373-e92d-e58b-95283075b97f" testName="Microsoft.AspNetCore.Components.Routing.RouteTableFactoryTests.PrefersLiteralTemplateOverTemplateWithOptionalParameters" computerName="pkrvmbietmlfzoi" duration="00:00:00.0005327" startTime="2025-07-02T21:18:24.5887418+00:00" endTime="2025-07-02T21:18:24.5888337+00:00" testType="13cdc9d9-ddb5-4fa4-a97d-d965ccfc6d4b" outcome="Passed" testListId="8c84fa94-04c1-424b-9868-57a2d4851a1d" relativeResultsDirectory="8cfe89ca-5e00-41b5-a3d0-81fc02d383e3" />
    <UnitTestResult executionId="9329d001-a594-41be-93c3-c4152950e573" testId="3a5e44e2-5ea1-40ad-27a8-d0a852f610d4" testName="Microsoft.AspNetCore.Components.Test.RenderTreeDiffBuilderTest.SetsUpdatedParametersOnChildComponents" computerName="pkrvmbietmlfzoi" duration="00:00:00.0009727" startTime="2025-07-02T21:18:24.3318448+00:00" endTime="2025-07-02T21:18:24.3323747+00:00" testType="13cdc9d9-ddb5-4fa4-a97d-d965ccfc6d4b" outcome="Passed" testListId="8c84fa94-04c1-424b-9868-57a2d4851a1d" relativeResultsDirectory="9329d001-a594-41be-93c3-c4152950e573" />
    <UnitTestResult executionId="829992a0-810a-434f-9db6-db4d9168dce4" testId="8d0f703f-1d55-a448-a53f-03b176545140" testName="Microsoft.AspNetCore.Components.ParameterViewTest.ParameterThatCanBeSuppliedFromQueryOrNonCascadingValue_PrefersNonCascadingValue" computerName="pkrvmbietmlfzoi" duration="00:00:00.0078000" startTime="2025-07-02T21:18:23.9578834+00:00" endTime="2025-07-02T21:18:23.9760889+00:00" testType="13cdc9d9-ddb5-4fa4-a97d-d965ccfc6d4b" outcome="Passed" testListId="8c84fa94-04c1-424b-9868-57a2d4851a1d" relativeResultsDirectory="829992a0-810a-434f-9db6-db4d9168dce4" />
    <UnitTestResult executionId="02dec1b2-7bd6-4110-8f1c-b579fb8041b6" testId="9a0df7ab-2eac-e0f0-703a-55195e1442f8" testName="Microsoft.AspNetCore.Components.NavigationManagerTest.ComputesCorrectValidBaseRelativePaths(baseUri: &quot;scheme://host/path/&quot;, uri: &quot;scheme://host/path/&quot;, expectedResult: &quot;&quot;)" computerName="pkrvmbietmlfzoi" duration="00:00:00.0000149" startTime="2025-07-02T21:18:24.0103353+00:00" endTime="2025-07-02T21:18:24.0104632+00:00" testType="13cdc9d9-ddb5-4fa4-a97d-d965ccfc6d4b" outcome="Passed" testListId="8c84fa94-04c1-424b-9868-57a2d4851a1d" relativeResultsDirectory="02dec1b2-7bd6-4110-8f1c-b579fb8041b6" />
    <UnitTestResult executionId="044c6316-e4df-44f3-b4d4-7efb0d545f24" testId="62fa1efb-e140-139a-0624-9c7d6df06c4e" testName="Microsoft.AspNetCore.Components.Rendering.RendererSynchronizationContextTest.Send_CanRunSynchronously" computerName="pkrvmbietmlfzoi" duration="00:00:00.0002381" startTime="2025-07-02T21:18:24.6634134+00:00" endTime="2025-07-02T21:18:24.6636522+00:00" testType="13cdc9d9-ddb5-4fa4-a97d-d965ccfc6d4b" outcome="Passed" testListId="8c84fa94-04c1-424b-9868-57a2d4851a1d" relativeResultsDirectory="044c6316-e4df-44f3-b4d4-7efb0d545f24" />
    <UnitTestResult executionId="c465fa7b-a28c-4df4-a806-2552cc13e809" testId="f3b91825-9802-c600-dc0a-be3fc8429f84" testName="Microsoft.AspNetCore.Components.Test.LayoutViewTest.GivenLayoutButNoContent_RendersLayoutWithEmptyBody" computerName="pkrvmbietmlfzoi" duration="00:00:00.0019909" startTime="2025-07-02T21:18:24.4351495+00:00" endTime="2025-07-02T21:18:24.4375211+00:00" testType="13cdc9d9-ddb5-4fa4-a97d-d965ccfc6d4b" outcome="Passed" testListId="8c84fa94-04c1-424b-9868-57a2d4851a1d" relativeResultsDirectory="c465fa7b-a28c-4df4-a806-2552cc13e809" />
    <UnitTestResult executionId="6ed1bfd2-1bee-4792-bff4-4f7a23739950" testId="131a353d-64dc-1d2e-161a-4a477c98bbc2" testName="Microsoft.AspNetCore.Components.Test.CascadingParameterTest.CascadingValueThrowsIfFixedFlagChangesToFalse" computerName="pkrvmbietmlfzoi" duration="00:00:00.0019451" startTime="2025-07-02T21:18:24.4522523+00:00" endTime="2025-07-02T21:18:24.4545804+00:00" testType="13cdc9d9-ddb5-4fa4-a97d-d965ccfc6d4b" outcome="Passed" testListId="8c84fa94-04c1-424b-9868-57a2d4851a1d" relativeResultsDirectory="6ed1bfd2-1bee-4792-bff4-4f7a23739950" />
    <UnitTestResult executionId="0388fecd-927f-4091-b9d9-c2fc24d475da" testId="a342ad7c-db31-f021-0e50-50a2a5a072bd" testName="Microsoft.AspNetCore.Components.Routing.RouteTableFactoryTests.CanDiscoverRoute" computerName="pkrvmbietmlfzoi" duration="00:00:00.0004442" startTime="2025-07-02T21:18:24.5898845+00:00" endTime="2025-07-02T21:18:24.5899817+00:00" testType="13cdc9d9-ddb5-4fa4-a97d-d965ccfc6d4b" outcome="Passed" testListId="8c84fa94-04c1-424b-9868-57a2d4851a1d" relativeResultsDirectory="0388fecd-927f-4091-b9d9-c2fc24d475da" />
    <UnitTestResult executionId="76faaf7b-2bbf-4b45-8ed2-f3f9c5622935" testId="6e0758e3-231e-8e4a-2c91-88949ecd029a" testName="Microsoft.AspNetCore.Components.ComponentStatePersistenceManagerTest.Constructor_InitializesPersistentServicesRegistry" computerName="pkrvmbietmlfzoi" duration="00:00:00.2245816" startTime="2025-07-02T21:18:24.0060584+00:00" endTime="2025-07-02T21:18:24.1893938+00:00" testType="13cdc9d9-ddb5-4fa4-a97d-d965ccfc6d4b" outcome="Passed" testListId="8c84fa94-04c1-424b-9868-57a2d4851a1d" relativeResultsDirectory="76faaf7b-2bbf-4b45-8ed2-f3f9c5622935" />
    <UnitTestResult executionId="2f50fc1f-c8e8-4456-8676-393d08bde43e" testId="9af0e739-10c8-ed25-a494-9aef814426a0" testName="Microsoft.AspNetCore.Components.Test.RendererTest.DisposingRenderer_DisposesTopLevelComponents" computerName="pkrvmbietmlfzoi" duration="00:00:00.0001479" startTime="2025-07-02T21:18:24.5715292+00:00" endTime="2025-07-02T21:18:24.5716271+00:00" testType="13cdc9d9-ddb5-4fa4-a97d-d965ccfc6d4b" outcome="Passed" testListId="8c84fa94-04c1-424b-9868-57a2d4851a1d" relativeResultsDirectory="2f50fc1f-c8e8-4456-8676-393d08bde43e" />
    <UnitTestResult executionId="e7c0b59d-5c95-4ca8-916e-1228a039e078" testId="c994bb6f-14a8-65df-f119-9ace1596043b" testName="Microsoft.AspNetCore.Components.ComponentsMetricsTest.CaptureParametersDuration_RecordsSuccessMetric" computerName="pkrvmbietmlfzoi" duration="00:00:00.0172484" startTime="2025-07-02T21:18:24.5127940+00:00" endTime="2025-07-02T21:18:24.5335089+00:00" testType="13cdc9d9-ddb5-4fa4-a97d-d965ccfc6d4b" outcome="Passed" testListId="8c84fa94-04c1-424b-9868-57a2d4851a1d" relativeResultsDirectory="e7c0b59d-5c95-4ca8-916e-1228a039e078" />
    <UnitTestResult executionId="5727662a-c03e-494c-b275-14734f563e9f" testId="72f93f36-eb3d-9323-b919-1fd39fe47c7a" testName="Microsoft.AspNetCore.Components.Test.ComponentBaseTest.RunsOnInitAsyncWhenRendered" computerName="pkrvmbietmlfzoi" duration="00:00:00.0018990" startTime="2025-07-02T21:18:24.1220452+00:00" endTime="2025-07-02T21:18:24.1231717+00:00" testType="13cdc9d9-ddb5-4fa4-a97d-d965ccfc6d4b" outcome="Passed" testListId="8c84fa94-04c1-424b-9868-57a2d4851a1d" relativeResultsDirectory="5727662a-c03e-494c-b275-14734f563e9f" />
    <UnitTestResult executionId="75bada8b-cd40-4509-976b-88ff6d1405ad" testId="9bdc6241-3bb4-1b5a-c2b5-156869ab7854" testName="Microsoft.AspNetCore.Components.NavigationManagerTest.LocationChangingHandlers_DoNotBubbleExceptionsThroughNotifyLocationChangingAsync_WhenMultipleHandlersAreRegistered" computerName="pkrvmbietmlfzoi" duration="00:00:00.0069160" startTime="2025-07-02T21:18:24.0153852+00:00" endTime="2025-07-02T21:18:24.0193162+00:00" testType="13cdc9d9-ddb5-4fa4-a97d-d965ccfc6d4b" outcome="Passed" testListId="8c84fa94-04c1-424b-9868-57a2d4851a1d" relativeResultsDirectory="75bada8b-cd40-4509-976b-88ff6d1405ad" />
    <UnitTestResult executionId="525cc32e-01eb-430a-b968-f077a1511f12" testId="b7fa2b84-2964-592a-59c7-32071a593067" testName="Microsoft.AspNetCore.Components.Test.LayoutViewTest.GivenNoParameters_RendersNothing" computerName="pkrvmbietmlfzoi" duration="00:00:00.0155604" startTime="2025-07-02T21:18:24.3925108+00:00" endTime="2025-07-02T21:18:24.4069298+00:00" testType="13cdc9d9-ddb5-4fa4-a97d-d965ccfc6d4b" outcome="Passed" testListId="8c84fa94-04c1-424b-9868-57a2d4851a1d" relativeResultsDirectory="525cc32e-01eb-430a-b968-f077a1511f12" />
    <UnitTestResult executionId="a0c0926c-ed0f-4d58-be65-e69489d6b192" testId="6d32942d-9c52-9778-f1fe-7c848aabd0ab" testName="Microsoft.AspNetCore.Components.EventCallbackTest.EventCallbackOfT_NullReceiver" computerName="pkrvmbietmlfzoi" duration="00:00:00.0036019" startTime="2025-07-02T21:18:24.3182467+00:00" endTime="2025-07-02T21:18:24.3227208+00:00" testType="13cdc9d9-ddb5-4fa4-a97d-d965ccfc6d4b" outcome="Passed" testListId="8c84fa94-04c1-424b-9868-57a2d4851a1d" relativeResultsDirectory="a0c0926c-ed0f-4d58-be65-e69489d6b192" />
    <UnitTestResult executionId="911fde69-ace9-48ac-a382-032e13e4ef65" testId="9b225c63-356b-e16a-fc81-e64c040fb2d2" testName="Microsoft.AspNetCore.Components.BindConverterTest.FormatValue_DateOnly" computerName="pkrvmbietmlfzoi" duration="00:00:00.0009151" startTime="2025-07-02T21:18:24.2358624+00:00" endTime="2025-07-02T21:18:24.2363192+00:00" testType="13cdc9d9-ddb5-4fa4-a97d-d965ccfc6d4b" outcome="Passed" testListId="8c84fa94-04c1-424b-9868-57a2d4851a1d" relativeResultsDirectory="911fde69-ace9-48ac-a382-032e13e4ef65" />
    <UnitTestResult executionId="7c7bc264-4a1f-446d-ac1b-929a1f9c0946" testId="5da27f0d-f2ac-d56a-a84b-ce10548e3199" testName="Microsoft.AspNetCore.Components.Routing.RoutePatternParserTests.Parse_SingleParameter" computerName="pkrvmbietmlfzoi" duration="00:00:00.0068933" startTime="2025-07-02T21:18:24.2157811+00:00" endTime="2025-07-02T21:18:24.2208371+00:00" testType="13cdc9d9-ddb5-4fa4-a97d-d965ccfc6d4b" outcome="Passed" testListId="8c84fa94-04c1-424b-9868-57a2d4851a1d" relativeResultsDirectory="7c7bc264-4a1f-446d-ac1b-929a1f9c0946" />
    <UnitTestResult executionId="64e61cc7-e9d0-4b94-b868-2d77dc172fe8" testId="edb2bbac-8d2a-40d8-a098-edaded11052b" testName="Microsoft.AspNetCore.Components.Routing.RouteTableFactoryTests.DoesNotThrowForNonAmbiguousRoutes(first: &quot;{param1?}/{param2?}/{param3?}/{*catchAll}&quot;, second: &quot;{param1?}/{param2?}/{param3?}/{optional?}&quot;)" computerName="pkrvmbietmlfzoi" duration="00:00:00.0008106" startTime="2025-07-02T21:18:24.5025145+00:00" endTime="2025-07-02T21:18:24.5044113+00:00" testType="13cdc9d9-ddb5-4fa4-a97d-d965ccfc6d4b" outcome="Passed" testListId="8c84fa94-04c1-424b-9868-57a2d4851a1d" relativeResultsDirectory="64e61cc7-e9d0-4b94-b868-2d77dc172fe8" />
    <UnitTestResult executionId="cc4b1f13-4414-4ad7-b90b-2f30b7737808" testId="a28f92d3-895c-0fec-1a90-b6c0560435c6" testName="Microsoft.AspNetCore.Components.Rendering.RenderTreeBuilderTest.AddAttribute_Element_EventCallbackWithReceiver_AddsFrame" computerName="pkrvmbietmlfzoi" duration="00:00:00.0018499" startTime="2025-07-02T21:18:24.3488365+00:00" endTime="2025-07-02T21:18:24.3513716+00:00" testType="13cdc9d9-ddb5-4fa4-a97d-d965ccfc6d4b" outcome="Passed" testListId="8c84fa94-04c1-424b-9868-57a2d4851a1d" relativeResultsDirectory="cc4b1f13-4414-4ad7-b90b-2f30b7737808" />
    <UnitTestResult executionId="7490ebbb-73e5-46d2-aa9b-a498ae9994fa" testId="9e45bbf7-9b38-a56c-d6b6-0921e2c45ca2" testName="Microsoft.AspNetCore.Components.Routing.QueryParameterValueSupplierTest.RejectsBlankValuesWhenNotNullable(key: &quot;DateTimeVal&quot;, targetType: typeof(System.DateTime))" computerName="pkrvmbietmlfzoi" duration="00:00:00.0000352" startTime="2025-07-02T21:18:24.1369113+00:00" endTime="2025-07-02T21:18:24.1370106+00:00" testType="13cdc9d9-ddb5-4fa4-a97d-d965ccfc6d4b" outcome="Passed" testListId="8c84fa94-04c1-424b-9868-57a2d4851a1d" relativeResultsDirectory="7490ebbb-73e5-46d2-aa9b-a498ae9994fa" />
    <UnitTestResult executionId="87692679-d165-4b9a-bced-cb503b91d069" testId="44fd4c01-fabe-78a1-bed7-931b9311ea1f" testName="Microsoft.AspNetCore.Components.Test.RendererTest.CanRenderAsyncTopLevelComponents" computerName="pkrvmbietmlfzoi" duration="00:00:00.0019000" startTime="2025-07-02T21:18:25.8322965+00:00" endTime="2025-07-02T21:18:25.8345138+00:00" testType="13cdc9d9-ddb5-4fa4-a97d-d965ccfc6d4b" outcome="Passed" testListId="8c84fa94-04c1-424b-9868-57a2d4851a1d" relativeResultsDirectory="87692679-d165-4b9a-bced-cb503b91d069" />
    <UnitTestResult executionId="f96bd525-3fbf-482f-bad6-fe9664d6c2c1" testId="95356e9f-5dcc-f82a-6d96-8b423aa75afd" testName="Microsoft.AspNetCore.Components.Rendering.RenderTreeBuilderTest.AddAttribute_Component_Bool_SetsAttributeValue(value: True)" computerName="pkrvmbietmlfzoi" duration="00:00:00.0003137" startTime="2025-07-02T21:18:24.2207319+00:00" endTime="2025-07-02T21:18:24.2210526+00:00" testType="13cdc9d9-ddb5-4fa4-a97d-d965ccfc6d4b" outcome="Passed" testListId="8c84fa94-04c1-424b-9868-57a2d4851a1d" relativeResultsDirectory="f96bd525-3fbf-482f-bad6-fe9664d6c2c1" />
    <UnitTestResult executionId="6cc23d25-5714-49b2-bc55-effd412413ca" testId="7df1a36a-e864-373e-7a24-c1742d37a733" testName="Microsoft.AspNetCore.Components.NavigationManagerTest.GetUriWithQueryParameters_CanAddUpdateAndRemove(baseUri: &quot;scheme://host/?name=Bob%20Joe&amp;age=42#hash&quot;, expectedUri: &quot;scheme://host/?age=25&amp;eye%20color=green#hash&quot;)" computerName="pkrvmbietmlfzoi" duration="00:00:00.0000289" startTime="2025-07-02T21:18:23.9627105+00:00" endTime="2025-07-02T21:18:23.9628225+00:00" testType="13cdc9d9-ddb5-4fa4-a97d-d965ccfc6d4b" outcome="Passed" testListId="8c84fa94-04c1-424b-9868-57a2d4851a1d" relativeResultsDirectory="6cc23d25-5714-49b2-bc55-effd412413ca" />
    <UnitTestResult executionId="bd83aa94-cc82-47b7-a140-153b517f9007" testId="5d0bf66b-24bb-d4a9-e3db-a387379e075b" testName="Microsoft.AspNetCore.Components.Rendering.RendererSynchronizationContextTest.InvokeAsync_FuncTaskT_CanReportCancellation" computerName="pkrvmbietmlfzoi" duration="00:00:00.0020435" startTime="2025-07-02T21:18:24.5187019+00:00" endTime="2025-07-02T21:18:24.5213368+00:00" testType="13cdc9d9-ddb5-4fa4-a97d-d965ccfc6d4b" outcome="Passed" testListId="8c84fa94-04c1-424b-9868-57a2d4851a1d" relativeResultsDirectory="bd83aa94-cc82-47b7-a140-153b517f9007" />
    <UnitTestResult executionId="eaa2411a-9d9d-4bbb-8b7d-2c9ab8e7befa" testId="53de19b7-9b3d-7da9-5b03-41824c463aaa" testName="Microsoft.AspNetCore.Components.Test.RendererTest.ComponentCanTriggerRenderWhenExistingBatchIsInProgress" computerName="pkrvmbietmlfzoi" duration="00:00:00.0015615" startTime="2025-07-02T21:18:25.8373231+00:00" endTime="2025-07-02T21:18:25.8388739+00:00" testType="13cdc9d9-ddb5-4fa4-a97d-d965ccfc6d4b" outcome="Passed" testListId="8c84fa94-04c1-424b-9868-57a2d4851a1d" relativeResultsDirectory="eaa2411a-9d9d-4bbb-8b7d-2c9ab8e7befa" />
    <UnitTestResult executionId="7d1b5453-07b2-4039-9ffa-5e60027c9965" testId="95acfdec-608c-57ba-251e-496c7c8efc83" testName="Microsoft.AspNetCore.Components.EventCallbackTest.EventCallback_ActionT_Null" computerName="pkrvmbietmlfzoi" duration="00:00:00.0008801" startTime="2025-07-02T21:18:24.3106171+00:00" endTime="2025-07-02T21:18:24.3119491+00:00" testType="13cdc9d9-ddb5-4fa4-a97d-d965ccfc6d4b" outcome="Passed" testListId="8c84fa94-04c1-424b-9868-57a2d4851a1d" relativeResultsDirectory="7d1b5453-07b2-4039-9ffa-5e60027c9965" />
    <UnitTestResult executionId="f112fe9c-abb6-4083-a339-01a2552c366f" testId="6f388a62-ea37-d152-9b19-2d0b2de051dc" testName="Microsoft.AspNetCore.Components.EventCallbackFactoryTest.Create_Action_Unbound" computerName="pkrvmbietmlfzoi" duration="00:00:00.0002065" startTime="2025-07-02T21:18:24.0794640+00:00" endTime="2025-07-02T21:18:24.0795712+00:00" testType="13cdc9d9-ddb5-4fa4-a97d-d965ccfc6d4b" outcome="Passed" testListId="8c84fa94-04c1-424b-9868-57a2d4851a1d" relativeResultsDirectory="f112fe9c-abb6-4083-a339-01a2552c366f" />
    <UnitTestResult executionId="e19e5f9e-8cd2-47a1-8c6f-72b9c03d8716" testId="fb776401-1cc0-1e5c-b578-f5f3aad47f33" testName="Microsoft.AspNetCore.Components.ParameterViewTest.CanTryGetExistingValueWithCorrectType" computerName="pkrvmbietmlfzoi" duration="00:00:00.0002705" startTime="2025-07-02T21:18:24.0244317+00:00" endTime="2025-07-02T21:18:24.0245615+00:00" testType="13cdc9d9-ddb5-4fa4-a97d-d965ccfc6d4b" outcome="Passed" testListId="8c84fa94-04c1-424b-9868-57a2d4851a1d" relativeResultsDirectory="e19e5f9e-8cd2-47a1-8c6f-72b9c03d8716" />
    <UnitTestResult executionId="d9924b0f-21f7-4c22-bec2-ad1d61130b7d" testId="c64a07fc-3501-ed10-ae92-cc0de02708b5" testName="Microsoft.AspNetCore.Components.Routing.RouteKeyTest.RouteKey_WithNoAdditionalAssemblies_Equality" computerName="pkrvmbietmlfzoi" duration="00:00:00.0002324" startTime="2025-07-02T21:18:24.1590688+00:00" endTime="2025-07-02T21:18:24.1601958+00:00" testType="13cdc9d9-ddb5-4fa4-a97d-d965ccfc6d4b" outcome="Passed" testListId="8c84fa94-04c1-424b-9868-57a2d4851a1d" relativeResultsDirectory="d9924b0f-21f7-4c22-bec2-ad1d61130b7d" />
    <UnitTestResult executionId="6cd3c31b-534f-4dac-a573-08d416215eae" testId="76a97bf5-b168-bc08-c10b-09b63899e038" testName="Microsoft.AspNetCore.Components.Test.RendererTest.CannotGetEventArgsTypeForMultiParameterHandler" computerName="pkrvmbietmlfzoi" duration="00:00:00.0007568" startTime="2025-07-02T21:18:24.7326389+00:00" endTime="2025-07-02T21:18:24.7332955+00:00" testType="13cdc9d9-ddb5-4fa4-a97d-d965ccfc6d4b" outcome="Passed" testListId="8c84fa94-04c1-424b-9868-57a2d4851a1d" relativeResultsDirectory="6cd3c31b-534f-4dac-a573-08d416215eae" />
    <UnitTestResult executionId="9575ab34-e2d0-4de8-b27b-619b02addde1" testId="d92999e9-71ec-1caf-9df2-20fb35696860" testName="Microsoft.AspNetCore.Components.EventCallbackTest.EventCallbackOfT_Action_Null" computerName="pkrvmbietmlfzoi" duration="00:00:00.0015483" startTime="2025-07-02T21:18:24.3416684+00:00" endTime="2025-07-02T21:18:24.3456517+00:00" testType="13cdc9d9-ddb5-4fa4-a97d-d965ccfc6d4b" outcome="Passed" testListId="8c84fa94-04c1-424b-9868-57a2d4851a1d" relativeResultsDirectory="9575ab34-e2d0-4de8-b27b-619b02addde1" />
    <UnitTestResult executionId="9a548462-a66f-4924-bbda-9f71029388f2" testId="c71b2994-4608-52a3-7d71-f3ac12c59294" testName="Microsoft.AspNetCore.Components.ParameterViewTest.IncomingCascadingValueMatchesCascadingParameter_SetsValue" computerName="pkrvmbietmlfzoi" duration="00:00:00.0001776" startTime="2025-07-02T21:18:24.1687138+00:00" endTime="2025-07-02T21:18:24.1688378+00:00" testType="13cdc9d9-ddb5-4fa4-a97d-d965ccfc6d4b" outcome="Passed" testListId="8c84fa94-04c1-424b-9868-57a2d4851a1d" relativeResultsDirectory="9a548462-a66f-4924-bbda-9f71029388f2" />
    <UnitTestResult executionId="5bc8d567-9556-4bfe-ba92-1c2bbf9e6756" testId="82af7b2a-73d0-b8d4-1f6b-6e92f5eadad4" testName="Microsoft.AspNetCore.Components.Rendering.RenderTreeBuilderTest.CannotAddNamedEventWithEmptyAssignedName" computerName="pkrvmbietmlfzoi" duration="00:00:00.0006768" startTime="2025-07-02T21:18:24.4031893+00:00" endTime="2025-07-02T21:18:24.4033201+00:00" testType="13cdc9d9-ddb5-4fa4-a97d-d965ccfc6d4b" outcome="Passed" testListId="8c84fa94-04c1-424b-9868-57a2d4851a1d" relativeResultsDirectory="5bc8d567-9556-4bfe-ba92-1c2bbf9e6756" />
    <UnitTestResult executionId="70f01a47-7b0f-4aa1-865f-daf47abd6ffb" testId="69f53fe6-6d7e-82e7-0c5a-f10fa6dd7af6" testName="Microsoft.AspNetCore.Components.EventCallbackTest.EventCallbackOfT_FuncTTask_Arg" computerName="pkrvmbietmlfzoi" duration="00:00:00.0018749" startTime="2025-07-02T21:18:24.3616294+00:00" endTime="2025-07-02T21:18:24.3627773+00:00" testType="13cdc9d9-ddb5-4fa4-a97d-d965ccfc6d4b" outcome="Passed" testListId="8c84fa94-04c1-424b-9868-57a2d4851a1d" relativeResultsDirectory="70f01a47-7b0f-4aa1-865f-daf47abd6ffb" />
    <UnitTestResult executionId="d0d5fbbe-db46-45bf-a5bd-664862ad3371" testId="ab060d23-8fbc-a0c9-48be-62a77b16a0f3" testName="Microsoft.AspNetCore.Components.EventCallbackFactoryTest.CreateT_FuncTask_DifferentReceiver" computerName="pkrvmbietmlfzoi" duration="00:00:00.0002994" startTime="2025-07-02T21:18:24.0912731+00:00" endTime="2025-07-02T21:18:24.0913720+00:00" testType="13cdc9d9-ddb5-4fa4-a97d-d965ccfc6d4b" outcome="Passed" testListId="8c84fa94-04c1-424b-9868-57a2d4851a1d" relativeResultsDirectory="d0d5fbbe-db46-45bf-a5bd-664862ad3371" />
    <UnitTestResult executionId="8f8836fd-bf7b-4a35-bc26-295d13cbcc87" testId="877f64df-4e10-c38d-ea7f-69afd078f2a5" testName="Microsoft.AspNetCore.Components.ParameterViewTest.PropertyExplicitSetterException_Throws" computerName="pkrvmbietmlfzoi" duration="00:00:00.0007245" startTime="2025-07-02T21:18:24.0248304+00:00" endTime="2025-07-02T21:18:24.0249450+00:00" testType="13cdc9d9-ddb5-4fa4-a97d-d965ccfc6d4b" outcome="Passed" testListId="8c84fa94-04c1-424b-9868-57a2d4851a1d" relativeResultsDirectory="8f8836fd-bf7b-4a35-bc26-295d13cbcc87" />
    <UnitTestResult executionId="0cc7ea21-7c90-46f4-9de9-e4a990506b4b" testId="52d0cf70-e123-cab3-7572-b4333267a111" testName="Microsoft.AspNetCore.Components.Routing.RouteTableFactoryTests.CorrectlyMatchesVariableLengthSegments(path: &quot;/literal/value&quot;, expectedValue: &quot;value&quot;, first: &quot;literal/{parameter?}&quot;, second: &quot;literal/{*parameter}&quot;, handler: typeof(Microsoft.AspNetCore.Components.Routing.RouteTableFactoryTests+TestHandler1))" computerName="pkrvmbietmlfzoi" duration="00:00:00.0003495" startTime="2025-07-02T21:18:24.5660370+00:00" endTime="2025-07-02T21:18:24.5660850+00:00" testType="13cdc9d9-ddb5-4fa4-a97d-d965ccfc6d4b" outcome="Passed" testListId="8c84fa94-04c1-424b-9868-57a2d4851a1d" relativeResultsDirectory="0cc7ea21-7c90-46f4-9de9-e4a990506b4b" />
    <UnitTestResult executionId="d8d7ced0-1977-44d4-89af-9123472f495b" testId="be8294a6-a301-88fb-ae9b-6b208a5f3ec3" testName="Microsoft.AspNetCore.Components.Routing.RouteTableFactoryTests.DoesNotThrowForNonAmbiguousRoutes(first: &quot;{param1?}/{param2?}/{param3:int?}/{optional?}&quot;, second: &quot;{param1?}/{param2?}&quot;)" computerName="pkrvmbietmlfzoi" duration="00:00:00.0003983" startTime="2025-07-02T21:18:24.5113756+00:00" endTime="2025-07-02T21:18:24.5114896+00:00" testType="13cdc9d9-ddb5-4fa4-a97d-d965ccfc6d4b" outcome="Passed" testListId="8c84fa94-04c1-424b-9868-57a2d4851a1d" relativeResultsDirectory="d8d7ced0-1977-44d4-89af-9123472f495b" />
    <UnitTestResult executionId="30d3430b-b08c-4531-946b-89fafdd77b33" testId="c464e156-ff9d-7b3c-a4bb-1d352844fd8b" testName="Microsoft.AspNetCore.Components.Test.RenderTreeDiffBuilderTest.RecognizesEquivalentFramesAsSame(appendFragment: RenderFragment { Method = Void &lt;RecognizesEquivalentFramesAsSameCases&gt;b__7_3(Microsoft.AspNetCore.Components.Rendering.RenderTreeBuilder), Target = &lt;&gt;c { } })" computerName="pkrvmbietmlfzoi" duration="00:00:00.0014364" startTime="2025-07-02T21:18:24.1974044+00:00" endTime="2025-07-02T21:18:24.1975797+00:00" testType="13cdc9d9-ddb5-4fa4-a97d-d965ccfc6d4b" outcome="Passed" testListId="8c84fa94-04c1-424b-9868-57a2d4851a1d" relativeResultsDirectory="30d3430b-b08c-4531-946b-89fafdd77b33" />
    <UnitTestResult executionId="078c94f3-8546-4ae6-b867-dfe9d3c1e7f9" testId="d117847d-2ca9-7205-ef26-894d049eebf6" testName="Microsoft.AspNetCore.Components.PersistentStateValueProviderTests.CanRestoreState_ForComponentWithProperties" computerName="pkrvmbietmlfzoi" duration="00:00:00.0014289" startTime="2025-07-02T21:18:24.4953527+00:00" endTime="2025-07-02T21:18:24.4962353+00:00" testType="13cdc9d9-ddb5-4fa4-a97d-d965ccfc6d4b" outcome="Passed" testListId="8c84fa94-04c1-424b-9868-57a2d4851a1d" relativeResultsDirectory="078c94f3-8546-4ae6-b867-dfe9d3c1e7f9" />
    <UnitTestResult executionId="d1bd2a7f-2e91-4054-9396-ce0a8598be67" testId="ee1c6a0c-d6c1-a859-c280-05f10bd0a166" testName="Microsoft.AspNetCore.Components.Test.CascadingParameterTest.CanSupplyCascadingValuesForSpecificCascadingParameterAttributeType" computerName="pkrvmbietmlfzoi" duration="00:00:00.0118812" startTime="2025-07-02T21:18:24.4389536+00:00" endTime="2025-07-02T21:18:24.4459648+00:00" testType="13cdc9d9-ddb5-4fa4-a97d-d965ccfc6d4b" outcome="Passed" testListId="8c84fa94-04c1-424b-9868-57a2d4851a1d" relativeResultsDirectory="d1bd2a7f-2e91-4054-9396-ce0a8598be67" />
    <UnitTestResult executionId="a7589770-a956-4ec9-944c-b52ec22b389a" testId="254d1888-b1e4-8f66-038c-d8db9de763c0" testName="Microsoft.AspNetCore.Components.NavigationManagerTest.ComputesCorrectBaseUri(baseUri: &quot;scheme://host/path/page?query=string&amp;another=here&quot;, expectedResult: &quot;scheme://host/path/&quot;)" computerName="pkrvmbietmlfzoi" duration="00:00:00.0001058" startTime="2025-07-02T21:18:23.9799004+00:00" endTime="2025-07-02T21:18:23.9799877+00:00" testType="13cdc9d9-ddb5-4fa4-a97d-d965ccfc6d4b" outcome="Passed" testListId="8c84fa94-04c1-424b-9868-57a2d4851a1d" relativeResultsDirectory="a7589770-a956-4ec9-944c-b52ec22b389a" />
    <UnitTestResult executionId="cca382fe-3f05-458f-a693-122b1fa1c5f4" testId="fd409af4-fedd-b4c3-824e-fd6a6e2b4f77" testName="Microsoft.AspNetCore.Components.Test.RenderTreeDiffBuilderTest.CanChangeFrameTypeWithMatchingKey" computerName="pkrvmbietmlfzoi" duration="00:00:00.0006833" startTime="2025-07-02T21:18:24.3347669+00:00" endTime="2025-07-02T21:18:24.3365175+00:00" testType="13cdc9d9-ddb5-4fa4-a97d-d965ccfc6d4b" outcome="Passed" testListId="8c84fa94-04c1-424b-9868-57a2d4851a1d" relativeResultsDirectory="cca382fe-3f05-458f-a693-122b1fa1c5f4" />
    <UnitTestResult executionId="0b36c57f-e320-4818-829d-cfb5551d3f7d" testId="1e0e7bf3-2075-dd8c-e2b6-e77d289e78b6" testName="Microsoft.AspNetCore.Components.Routing.QueryParameterValueSupplierTest.RejectsBlankValuesWhenNotNullable(key: &quot;LongVal&quot;, targetType: typeof(long))" computerName="pkrvmbietmlfzoi" duration="00:00:00.0002541" startTime="2025-07-02T21:18:24.1356988+00:00" endTime="2025-07-02T21:18:24.1358154+00:00" testType="13cdc9d9-ddb5-4fa4-a97d-d965ccfc6d4b" outcome="Passed" testListId="8c84fa94-04c1-424b-9868-57a2d4851a1d" relativeResultsDirectory="0b36c57f-e320-4818-829d-cfb5551d3f7d" />
    <UnitTestResult executionId="19c8f108-383b-449a-b6bf-4a52241a4fc8" testId="5dd6b440-ce0f-4340-2e06-b28fc92ac339" testName="Microsoft.AspNetCore.Components.Routing.QueryParameterValueSupplierTest.RejectsUnparseableValues(key: &quot;NullableDecimalVal&quot;, value: &quot;1.2.3&quot;, targetType: typeof(decimal?))" computerName="pkrvmbietmlfzoi" duration="00:00:00.0006562" startTime="2025-07-02T21:18:24.1024292+00:00" endTime="2025-07-02T21:18:24.1025102+00:00" testType="13cdc9d9-ddb5-4fa4-a97d-d965ccfc6d4b" outcome="Passed" testListId="8c84fa94-04c1-424b-9868-57a2d4851a1d" relativeResultsDirectory="19c8f108-383b-449a-b6bf-4a52241a4fc8" />
    <UnitTestResult executionId="661d55e3-e18a-4bf6-a24e-54090c253714" testId="4bbfaaba-c4b8-91ea-5798-d4e2df29aa20" testName="Microsoft.AspNetCore.Components.NavigationManagerTest.ComputesCorrectBaseUri(baseUri: &quot;scheme://host/&quot;, expectedResult: &quot;scheme://host/&quot;)" computerName="pkrvmbietmlfzoi" duration="00:00:00.0002032" startTime="2025-07-02T21:18:23.9801455+00:00" endTime="2025-07-02T21:18:23.9801987+00:00" testType="13cdc9d9-ddb5-4fa4-a97d-d965ccfc6d4b" outcome="Passed" testListId="8c84fa94-04c1-424b-9868-57a2d4851a1d" relativeResultsDirectory="661d55e3-e18a-4bf6-a24e-54090c253714" />
    <UnitTestResult executionId="d67c805a-bfe2-4578-8a27-7af1ad02de1f" testId="3698c6b7-6630-413e-1b3f-319af5a7b08f" testName="Microsoft.AspNetCore.Components.RenderTree.StackObjectPoolTest.CannotReturnWhenEmpty" computerName="pkrvmbietmlfzoi" duration="00:00:00.0003806" startTime="2025-07-02T21:18:24.3306861+00:00" endTime="2025-07-02T21:18:24.3312030+00:00" testType="13cdc9d9-ddb5-4fa4-a97d-d965ccfc6d4b" outcome="Passed" testListId="8c84fa94-04c1-424b-9868-57a2d4851a1d" relativeResultsDirectory="d67c805a-bfe2-4578-8a27-7af1ad02de1f" />
    <UnitTestResult executionId="831f1e38-a707-4fa9-b6c1-e76080606c06" testId="ad9d863b-28da-e219-d455-917f22373b9a" testName="Microsoft.AspNetCore.Components.ComponentFactoryTest.InstantiateComponent_IgnoresPropertiesWithoutInjectAttribute" computerName="pkrvmbietmlfzoi" duration="00:00:00.0008674" startTime="2025-07-02T21:18:24.1267875+00:00" endTime="2025-07-02T21:18:24.1278472+00:00" testType="13cdc9d9-ddb5-4fa4-a97d-d965ccfc6d4b" outcome="Passed" testListId="8c84fa94-04c1-424b-9868-57a2d4851a1d" relativeResultsDirectory="831f1e38-a707-4fa9-b6c1-e76080606c06" />
    <UnitTestResult executionId="9db2cd5f-c3da-423b-b9ce-398cf0372049" testId="fba00691-80a3-ac87-20b7-7fa0c9794f87" testName="Microsoft.AspNetCore.Components.Routing.RoutePatternParserTests.InvalidTemplate_WithMismatchedBraces(template: &quot;Another/{p/Literal&quot;, expectedMessage: &quot;There is an incomplete parameter in the route temp&quot;···)" computerName="pkrvmbietmlfzoi" duration="00:00:00.0003578" startTime="2025-07-02T21:18:24.2463143+00:00" endTime="2025-07-02T21:18:24.2470712+00:00" testType="13cdc9d9-ddb5-4fa4-a97d-d965ccfc6d4b" outcome="Passed" testListId="8c84fa94-04c1-424b-9868-57a2d4851a1d" relativeResultsDirectory="9db2cd5f-c3da-423b-b9ce-398cf0372049" />
    <UnitTestResult executionId="5fed4c43-75ab-42a1-898e-51110839c5dc" testId="bca2ad5c-47df-5e28-1972-71afed63384f" testName="Microsoft.AspNetCore.Components.Rendering.RenderTreeBuilderTest.CannotAddComponentReferenceCaptureInsideElement" computerName="pkrvmbietmlfzoi" duration="00:00:00.0011800" startTime="2025-07-02T21:18:24.3890371+00:00" endTime="2025-07-02T21:18:24.3895371+00:00" testType="13cdc9d9-ddb5-4fa4-a97d-d965ccfc6d4b" outcome="Passed" testListId="8c84fa94-04c1-424b-9868-57a2d4851a1d" relativeResultsDirectory="5fed4c43-75ab-42a1-898e-51110839c5dc" />
    <UnitTestResult executionId="82c47e22-10df-4727-8d8e-081d65dfbeeb" testId="b600b96b-9d59-7f36-9831-7cd15d5a48ba" testName="Microsoft.AspNetCore.Components.ParameterViewTest.CanGetValueOrDefault_WithExistingValue" computerName="pkrvmbietmlfzoi" duration="00:00:00.0002519" startTime="2025-07-02T21:18:24.0417972+00:00" endTime="2025-07-02T21:18:24.0419128+00:00" testType="13cdc9d9-ddb5-4fa4-a97d-d965ccfc6d4b" outcome="Passed" testListId="8c84fa94-04c1-424b-9868-57a2d4851a1d" relativeResultsDirectory="82c47e22-10df-4727-8d8e-081d65dfbeeb" />
    <UnitTestResult executionId="802c6070-6a16-45a9-92e8-12777ddded30" testId="abcfdaf8-80a5-c0d3-91a9-45b74201817f" testName="Microsoft.AspNetCore.Components.PersistentStateValueProviderTests.PersistenceFails_MultipleComponentsUseInvalidKeyTypes(componentKeyType1: TestComponent { State = null }, componentKeyType2: TestComponent { State = null })" computerName="pkrvmbietmlfzoi" duration="00:00:00.0003118" startTime="2025-07-02T21:18:24.5422591+00:00" endTime="2025-07-02T21:18:24.5423553+00:00" testType="13cdc9d9-ddb5-4fa4-a97d-d965ccfc6d4b" outcome="Passed" testListId="8c84fa94-04c1-424b-9868-57a2d4851a1d" relativeResultsDirectory="802c6070-6a16-45a9-92e8-12777ddded30" />
    <UnitTestResult executionId="5a6ab3bb-408e-4800-8b75-efd0a6a18df8" testId="dc75768b-bcb0-a380-746a-7f31d2bd783c" testName="Microsoft.AspNetCore.Components.Test.LayoutViewTest.RendersContentInsideNestedLayout" computerName="pkrvmbietmlfzoi" duration="00:00:00.0151060" startTime="2025-07-02T21:18:24.4071850+00:00" endTime="2025-07-02T21:18:24.4222869+00:00" testType="13cdc9d9-ddb5-4fa4-a97d-d965ccfc6d4b" outcome="Passed" testListId="8c84fa94-04c1-424b-9868-57a2d4851a1d" relativeResultsDirectory="5a6ab3bb-408e-4800-8b75-efd0a6a18df8" />
    <UnitTestResult executionId="3ddf232f-677d-416b-af79-94ea0d4d0c1c" testId="dcae67fe-646e-469d-b9d5-fb8dfdd538a2" testName="Microsoft.AspNetCore.Components.PersistentStateValueProviderTests.PersistentceFails_IfMultipleComponentsOfSameType_TryToPersistDataWithParentComponentOfSameType" computerName="pkrvmbietmlfzoi" duration="00:00:00.0035412" startTime="2025-07-02T21:18:24.4896609+00:00" endTime="2025-07-02T21:18:24.4951068+00:00" testType="13cdc9d9-ddb5-4fa4-a97d-d965ccfc6d4b" outcome="Passed" testListId="8c84fa94-04c1-424b-9868-57a2d4851a1d" relativeResultsDirectory="3ddf232f-677d-416b-af79-94ea0d4d0c1c" />
    <UnitTestResult executionId="ae5859e0-5e30-477d-a237-529e99c65e01" testId="a1201979-858f-687a-3bc7-caebde6e1939" testName="Microsoft.AspNetCore.Components.EventCallbackFactoryTest.Create_Action_AlreadyBoundToReceiver" computerName="pkrvmbietmlfzoi" duration="00:00:00.0031553" startTime="2025-07-02T21:18:24.0423139+00:00" endTime="2025-07-02T21:18:24.0452097+00:00" testType="13cdc9d9-ddb5-4fa4-a97d-d965ccfc6d4b" outcome="Passed" testListId="8c84fa94-04c1-424b-9868-57a2d4851a1d" relativeResultsDirectory="ae5859e0-5e30-477d-a237-529e99c65e01" />
    <UnitTestResult executionId="8a62ddd0-8e73-4176-9a45-a07295e5494f" testId="bf90e99c-02b8-7b25-1edd-a995c83fcbdd" testName="Microsoft.AspNetCore.Components.NavigationManagerTest.GetUriWithQueryParameters_ThrowsWhenParameterValueTypeIsUnsupported" computerName="pkrvmbietmlfzoi" duration="00:00:00.0015445" startTime="2025-07-02T21:18:24.1773061+00:00" endTime="2025-07-02T21:18:24.1791286+00:00" testType="13cdc9d9-ddb5-4fa4-a97d-d965ccfc6d4b" outcome="Passed" testListId="8c84fa94-04c1-424b-9868-57a2d4851a1d" relativeResultsDirectory="8a62ddd0-8e73-4176-9a45-a07295e5494f" />
    <UnitTestResult executionId="dbbeeaba-f9f0-4d7e-aaa6-350e30bdccd9" testId="b1c70ff9-286f-152b-218e-f1e925e50502" testName="Microsoft.AspNetCore.Components.PersistentStateValueProviderTests.Subscribe_RegistersPersistenceCallback" computerName="pkrvmbietmlfzoi" duration="00:00:00.0210613" startTime="2025-07-02T21:18:24.4704557+00:00" endTime="2025-07-02T21:18:24.4893882+00:00" testType="13cdc9d9-ddb5-4fa4-a97d-d965ccfc6d4b" outcome="Passed" testListId="8c84fa94-04c1-424b-9868-57a2d4851a1d" relativeResultsDirectory="dbbeeaba-f9f0-4d7e-aaa6-350e30bdccd9" />
    <UnitTestResult executionId="dbc42b9d-6cec-49a9-89c2-481aac12cb1e" testId="9d6c8941-3932-01a3-c934-54ad7e77446b" testName="Microsoft.AspNetCore.Components.Rendering.RenderTreeBuilderTest.CanAddKeyToComponent" computerName="pkrvmbietmlfzoi" duration="00:00:00.0010905" startTime="2025-07-02T21:18:24.4417857+00:00" endTime="2025-07-02T21:18:24.4419922+00:00" testType="13cdc9d9-ddb5-4fa4-a97d-d965ccfc6d4b" outcome="Passed" testListId="8c84fa94-04c1-424b-9868-57a2d4851a1d" relativeResultsDirectory="dbc42b9d-6cec-49a9-89c2-481aac12cb1e" />
    <UnitTestResult executionId="494a0f61-8c9a-4a82-a5a7-9ec4d2a69bf5" testId="20980c0c-8d9e-5bed-57d6-a85c57f510fc" testName="Microsoft.AspNetCore.Components.Test.ComponentBaseTest.DoesNotRenderAfterOnParametersSetAsyncTaskIsCanceled" computerName="pkrvmbietmlfzoi" duration="00:00:00.0046109" startTime="2025-07-02T21:18:24.1746695+00:00" endTime="2025-07-02T21:18:24.1838132+00:00" testType="13cdc9d9-ddb5-4fa4-a97d-d965ccfc6d4b" outcome="Passed" testListId="8c84fa94-04c1-424b-9868-57a2d4851a1d" relativeResultsDirectory="494a0f61-8c9a-4a82-a5a7-9ec4d2a69bf5" />
    <UnitTestResult executionId="a5aaeff5-39a1-45b1-8791-bf0624a23320" testId="eab7ec8c-2863-28f6-dbe3-96225050d1a0" testName="Microsoft.AspNetCore.Components.Rendering.RenderTreeBuilderTest.AddAttribute_Component_StringValue_SetsAttributeValue(value: null)" computerName="pkrvmbietmlfzoi" duration="00:00:00.0005767" startTime="2025-07-02T21:18:24.4039935+00:00" endTime="2025-07-02T21:18:24.4044238+00:00" testType="13cdc9d9-ddb5-4fa4-a97d-d965ccfc6d4b" outcome="Passed" testListId="8c84fa94-04c1-424b-9868-57a2d4851a1d" relativeResultsDirectory="a5aaeff5-39a1-45b1-8791-bf0624a23320" />
    <UnitTestResult executionId="3354a9ff-32b9-4d8e-8100-e8d99bf573c8" testId="25ff83fc-6352-765d-4797-3e5622dc453a" testName="Microsoft.AspNetCore.Components.Test.RenderTreeDiffBuilderTest.RecognizesLeadingLoopBlockItemsBeingAdded" computerName="pkrvmbietmlfzoi" duration="00:00:00.0012926" startTime="2025-07-02T21:18:24.3894247+00:00" endTime="2025-07-02T21:18:24.3917205+00:00" testType="13cdc9d9-ddb5-4fa4-a97d-d965ccfc6d4b" outcome="Passed" testListId="8c84fa94-04c1-424b-9868-57a2d4851a1d" relativeResultsDirectory="3354a9ff-32b9-4d8e-8100-e8d99bf573c8" />
    <UnitTestResult executionId="d0c859dd-3963-4a55-983d-307a9ae57c28" testId="28caeaf1-655d-4c9d-0406-88750d1f5507" testName="Microsoft.AspNetCore.Components.NavigationManagerTest.GetUriWithQueryParameter_AppendsWhenParameterDoesNotExist(baseUri: &quot;scheme://host/&quot;, expectedUri: &quot;scheme://host/?name=John%20Doe&quot;)" computerName="pkrvmbietmlfzoi" duration="00:00:00.0000204" startTime="2025-07-02T21:18:24.0139024+00:00" endTime="2025-07-02T21:18:24.0140090+00:00" testType="13cdc9d9-ddb5-4fa4-a97d-d965ccfc6d4b" outcome="Passed" testListId="8c84fa94-04c1-424b-9868-57a2d4851a1d" relativeResultsDirectory="d0c859dd-3963-4a55-983d-307a9ae57c28" />
    <UnitTestResult executionId="97ba739b-c0d5-4350-8b13-b29a1d2ca015" testId="5d46a66c-72c0-889f-687a-d6d75134e2dc" testName="Microsoft.AspNetCore.Components.Test.RendererTest.RenderBatchIncludesListOfDisposedComponents" computerName="pkrvmbietmlfzoi" duration="00:00:00.0045218" startTime="2025-07-02T21:18:24.5686509+00:00" endTime="2025-07-02T21:18:24.5712630+00:00" testType="13cdc9d9-ddb5-4fa4-a97d-d965ccfc6d4b" outcome="Passed" testListId="8c84fa94-04c1-424b-9868-57a2d4851a1d" relativeResultsDirectory="97ba739b-c0d5-4350-8b13-b29a1d2ca015" />
    <UnitTestResult executionId="d195147b-f45b-4e70-9121-acc6fb96b29c" testId="1080a8fb-c4f5-1740-e9b9-cd24db7a0bc9" testName="Microsoft.AspNetCore.Components.PersistentStateValueProviderTests.PersistAsync_CanPersistMultipleComponentsOfSameType_SupportsDifferentKeyTypes(componentKey1: 123456.789, componentKey2: -123456.789)" computerName="pkrvmbietmlfzoi" duration="00:00:00.0009895" startTime="2025-07-02T21:18:24.5288984+00:00" endTime="2025-07-02T21:18:24.5292637+00:00" testType="13cdc9d9-ddb5-4fa4-a97d-d965ccfc6d4b" outcome="Passed" testListId="8c84fa94-04c1-424b-9868-57a2d4851a1d" relativeResultsDirectory="d195147b-f45b-4e70-9121-acc6fb96b29c" />
    <UnitTestResult executionId="57f93a16-3f5d-4c7e-9243-be6ddf555cf1" testId="25c245ec-000c-b8b0-753a-0d4f262033b6" testName="Microsoft.AspNetCore.Components.Test.CascadingParameterTest.DoesNotNotifyDescendantsIfCascadingParameterValuesAreImmutableAndUnchanged" computerName="pkrvmbietmlfzoi" duration="00:00:00.0008909" startTime="2025-07-02T21:18:24.4472275+00:00" endTime="2025-07-02T21:18:24.4477423+00:00" testType="13cdc9d9-ddb5-4fa4-a97d-d965ccfc6d4b" outcome="Passed" testListId="8c84fa94-04c1-424b-9868-57a2d4851a1d" relativeResultsDirectory="57f93a16-3f5d-4c7e-9243-be6ddf555cf1" />
    <UnitTestResult executionId="baab005f-0bdb-4bd4-a282-3045b27f7ec3" testId="c7260ebc-a696-37ef-e759-c0251b78d7a6" testName="Microsoft.AspNetCore.Components.Routing.RouteTableFactoryTests.CanMatchParameterWithConstraint(template: &quot;/{value:decimal}&quot;, contextUrl: &quot;/5.3&quot;, convertedValue: 5.3)" computerName="pkrvmbietmlfzoi" duration="00:00:00.0018346" startTime="2025-07-02T21:18:24.5448749+00:00" endTime="2025-07-02T21:18:24.5453162+00:00" testType="13cdc9d9-ddb5-4fa4-a97d-d965ccfc6d4b" outcome="Passed" testListId="8c84fa94-04c1-424b-9868-57a2d4851a1d" relativeResultsDirectory="baab005f-0bdb-4bd4-a282-3045b27f7ec3" />
    <UnitTestResult executionId="e41fdf21-fd63-470f-a115-90da8b4e6f3a" testId="37cb8f64-b643-98d9-682e-7ccc15e1c186" testName="Microsoft.AspNetCore.Components.Test.RouteViewTest.UsesDefaultLayoutIfNoneSetOnPage" computerName="pkrvmbietmlfzoi" duration="00:00:00.0055819" startTime="2025-07-02T21:18:24.4526385+00:00" endTime="2025-07-02T21:18:24.4580283+00:00" testType="13cdc9d9-ddb5-4fa4-a97d-d965ccfc6d4b" outcome="Passed" testListId="8c84fa94-04c1-424b-9868-57a2d4851a1d" relativeResultsDirectory="e41fdf21-fd63-470f-a115-90da8b4e6f3a" />
    <UnitTestResult executionId="b76be133-5e6d-4e4e-a0b9-9a461c07d7a5" testId="bafc1b18-901e-604e-9096-697e3b69b6aa" testName="Microsoft.AspNetCore.Components.Routing.RouteTableFactoryTests.DetectsAmbiguousRoutes(left: &quot;/literal/{parameter}&quot;, right: &quot;/Literal/{something}&quot;)" computerName="pkrvmbietmlfzoi" duration="00:00:00.0003473" startTime="2025-07-02T21:18:24.5789949+00:00" endTime="2025-07-02T21:18:24.5794308+00:00" testType="13cdc9d9-ddb5-4fa4-a97d-d965ccfc6d4b" outcome="Passed" testListId="8c84fa94-04c1-424b-9868-57a2d4851a1d" relativeResultsDirectory="b76be133-5e6d-4e4e-a0b9-9a461c07d7a5" />
    <UnitTestResult executionId="922bd12a-382b-4b9a-8e5a-4728bbdab800" testId="dd2ab46b-7343-ab95-a72d-9713ed8428e3" testName="Microsoft.AspNetCore.Components.Test.RenderTreeDiffBuilderTest.AttributeDiff_WithSequentialSequenceNumber_AttributeAddedAtStart" computerName="pkrvmbietmlfzoi" duration="00:00:00.0020601" startTime="2025-07-02T21:18:24.3521745+00:00" endTime="2025-07-02T21:18:24.3551710+00:00" testType="13cdc9d9-ddb5-4fa4-a97d-d965ccfc6d4b" outcome="Passed" testListId="8c84fa94-04c1-424b-9868-57a2d4851a1d" relativeResultsDirectory="922bd12a-382b-4b9a-8e5a-4728bbdab800" />
    <UnitTestResult executionId="3b065886-9035-4e56-a28d-17314e586759" testId="60aa4840-4143-aeb1-78fe-2a2944d095ab" testName="Microsoft.AspNetCore.Components.ComponentApplicationStateTest.PersistAsJson_SerializesTheDataToJsonAsync" computerName="pkrvmbietmlfzoi" duration="00:00:00.0006497" startTime="2025-07-02T21:18:24.1750742+00:00" endTime="2025-07-02T21:18:24.1774133+00:00" testType="13cdc9d9-ddb5-4fa4-a97d-d965ccfc6d4b" outcome="Passed" testListId="8c84fa94-04c1-424b-9868-57a2d4851a1d" relativeResultsDirectory="3b065886-9035-4e56-a28d-17314e586759" />
    <UnitTestResult executionId="f144fd5e-fe2e-4588-960d-580dae4dbba0" testId="ec1de2be-046a-f8f0-02fd-4f851a3a270b" testName="Microsoft.AspNetCore.Components.EventCallbackFactoryBinderExtensionsTest.CreateBinder_BindsEmpty_DoesNotCallSetter" computerName="pkrvmbietmlfzoi" duration="00:00:00.0010375" startTime="2025-07-02T21:18:24.4921575+00:00" endTime="2025-07-02T21:18:24.4931410+00:00" testType="13cdc9d9-ddb5-4fa4-a97d-d965ccfc6d4b" outcome="Passed" testListId="8c84fa94-04c1-424b-9868-57a2d4851a1d" relativeResultsDirectory="f144fd5e-fe2e-4588-960d-580dae4dbba0" />
    <UnitTestResult executionId="ce226685-48bd-468c-8f2a-99f0783d627c" testId="cbde4861-efff-1a21-e3b8-4a68847e0b93" testName="Microsoft.AspNetCore.Components.Routing.QueryParameterValueSupplierTest.RejectsUnparseableValues(key: &quot;LongVal&quot;, value: &quot;this+is+a+long+value&quot;, targetType: typeof(long))" computerName="pkrvmbietmlfzoi" duration="00:00:00.0010095" startTime="2025-07-02T21:18:24.0819216+00:00" endTime="2025-07-02T21:18:24.0859792+00:00" testType="13cdc9d9-ddb5-4fa4-a97d-d965ccfc6d4b" outcome="Passed" testListId="8c84fa94-04c1-424b-9868-57a2d4851a1d" relativeResultsDirectory="ce226685-48bd-468c-8f2a-99f0783d627c" />
    <UnitTestResult executionId="547d0632-6321-454b-8e49-464f198ba978" testId="5b0fc521-3b4d-3a22-8cb9-8fd014e13f91" testName="Microsoft.AspNetCore.Components.Routing.RouteTableFactoryTests.ThrowsWhenCatchAllIsNotTheLastSegment(template: &quot;{*catchall}/literal&quot;)" computerName="pkrvmbietmlfzoi" duration="00:00:00.0003337" startTime="2025-07-02T21:18:24.5615786+00:00" endTime="2025-07-02T21:18:24.5619714+00:00" testType="13cdc9d9-ddb5-4fa4-a97d-d965ccfc6d4b" outcome="Passed" testListId="8c84fa94-04c1-424b-9868-57a2d4851a1d" relativeResultsDirectory="547d0632-6321-454b-8e49-464f198ba978" />
    <UnitTestResult executionId="30e8fa29-a8bc-4500-91ea-89b3881fcac0" testId="ab7b0608-358d-cb13-c578-93b2655562a7" testName="Microsoft.AspNetCore.Components.RenderTree.StackObjectPoolTest.SuppliesTransientInstancesWhenExceedingCapacity" computerName="pkrvmbietmlfzoi" duration="00:00:00.0009551" startTime="2025-07-02T21:18:24.3359378+00:00" endTime="2025-07-02T21:18:24.3368817+00:00" testType="13cdc9d9-ddb5-4fa4-a97d-d965ccfc6d4b" outcome="Passed" testListId="8c84fa94-04c1-424b-9868-57a2d4851a1d" relativeResultsDirectory="30e8fa29-a8bc-4500-91ea-89b3881fcac0" />
    <UnitTestResult executionId="b8985cbd-ff06-4f3b-a862-3fb9e3e3cd1b" testId="7d28c52d-8a18-7edb-95b2-48155dd86277" testName="Microsoft.AspNetCore.Components.Routing.QueryParameterValueSupplierTest.RejectsBlankValuesWhenNotNullable(key: &quot;FloatVal&quot;, targetType: typeof(float))" computerName="pkrvmbietmlfzoi" duration="00:00:00.0000374" startTime="2025-07-02T21:18:24.1366077+00:00" endTime="2025-07-02T21:18:24.1367115+00:00" testType="13cdc9d9-ddb5-4fa4-a97d-d965ccfc6d4b" outcome="Passed" testListId="8c84fa94-04c1-424b-9868-57a2d4851a1d" relativeResultsDirectory="b8985cbd-ff06-4f3b-a862-3fb9e3e3cd1b" />
    <UnitTestResult executionId="eca315f3-9356-451b-813c-5f6de4778a91" testId="ca99137b-df68-d280-f2c9-882df5bb713d" testName="Microsoft.AspNetCore.Components.Test.RendererTest.DisposingRenderer_DisposesNestedComponents" computerName="pkrvmbietmlfzoi" duration="00:00:00.0021135" startTime="2025-07-02T21:18:24.3152829+00:00" endTime="2025-07-02T21:18:24.3200232+00:00" testType="13cdc9d9-ddb5-4fa4-a97d-d965ccfc6d4b" outcome="Passed" testListId="8c84fa94-04c1-424b-9868-57a2d4851a1d" relativeResultsDirectory="eca315f3-9356-451b-813c-5f6de4778a91" />
    <UnitTestResult executionId="fbca369e-b08f-4168-96de-8bdab0a29994" testId="c817fb59-16a0-5c16-2dac-873ea13914d3" testName="Microsoft.AspNetCore.Components.NavigationManagerTest.GetUriWithQueryParameter_RemovesWhenParameterValueIsNull(baseUri: &quot;scheme://host/?full%20name=&amp;age=42#hash&quot;, expectedUri: &quot;scheme://host/?age=42#hash&quot;)" computerName="pkrvmbietmlfzoi" duration="00:00:00.0000195" startTime="2025-07-02T21:18:23.9552292+00:00" endTime="2025-07-02T21:18:23.9553510+00:00" testType="13cdc9d9-ddb5-4fa4-a97d-d965ccfc6d4b" outcome="Passed" testListId="8c84fa94-04c1-424b-9868-57a2d4851a1d" relativeResultsDirectory="fbca369e-b08f-4168-96de-8bdab0a29994" />
    <UnitTestResult executionId="ea636971-eb81-49a2-8c12-c40b6a9b04db" testId="9f64104c-b2ff-d85c-5ec2-5f6f9ad18573" testName="Microsoft.AspNetCore.Components.NavigationManagerTest.GetUriWithQueryParameter_ReplacesWhenParameterExists(baseUri: &quot;scheme://host/?full%20name=Sally%20Smith&amp;age=42&amp;fu&quot;···, expectedUri: &quot;scheme://host/?full%20name=John%20Doe&amp;age=42&amp;full%&quot;···)" computerName="pkrvmbietmlfzoi" duration="00:00:00.0000223" startTime="2025-07-02T21:18:23.9427245+00:00" endTime="2025-07-02T21:18:23.9428262+00:00" testType="13cdc9d9-ddb5-4fa4-a97d-d965ccfc6d4b" outcome="Passed" testListId="8c84fa94-04c1-424b-9868-57a2d4851a1d" relativeResultsDirectory="ea636971-eb81-49a2-8c12-c40b6a9b04db" />
    <UnitTestResult executionId="11e439df-a39e-4a48-a862-4784d42319c2" testId="6a79e669-6653-7cf7-75e0-3215fd55990d" testName="Microsoft.AspNetCore.Components.ComponentsMetricsTest.CaptureBatchDuration_RecordsSuccessMetric" computerName="pkrvmbietmlfzoi" duration="00:00:00.0234018" startTime="2025-07-02T21:18:24.4681719+00:00" endTime="2025-07-02T21:18:24.4897489+00:00" testType="13cdc9d9-ddb5-4fa4-a97d-d965ccfc6d4b" outcome="Passed" testListId="8c84fa94-04c1-424b-9868-57a2d4851a1d" relativeResultsDirectory="11e439df-a39e-4a48-a862-4784d42319c2" />
    <UnitTestResult executionId="f8639b34-c4f3-45a8-8f8b-6efb377e8ab9" testId="eec1540c-4dc8-47d0-79a9-17a50f4017a4" testName="Microsoft.AspNetCore.Components.ParameterViewTest.CanGetValueOrDefault_WithMatchingCascadingParameter" computerName="pkrvmbietmlfzoi" duration="00:00:00.0021210" startTime="2025-07-02T21:18:23.9962258+00:00" endTime="2025-07-02T21:18:23.9994280+00:00" testType="13cdc9d9-ddb5-4fa4-a97d-d965ccfc6d4b" outcome="Passed" testListId="8c84fa94-04c1-424b-9868-57a2d4851a1d" relativeResultsDirectory="f8639b34-c4f3-45a8-8f8b-6efb377e8ab9" />
    <UnitTestResult executionId="31edc54c-65f4-49aa-aa90-e0e539a5fb2f" testId="df1d38e9-4604-acb5-a80e-7be7bf8c947c" testName="Microsoft.AspNetCore.Components.Test.RendererTest.CanAddAndRenderNewRootComponentsWhileNotQuiescent" computerName="pkrvmbietmlfzoi" duration="00:00:00.2541569" startTime="2025-07-02T21:18:24.5819955+00:00" endTime="2025-07-02T21:18:24.7262743+00:00" testType="13cdc9d9-ddb5-4fa4-a97d-d965ccfc6d4b" outcome="Passed" testListId="8c84fa94-04c1-424b-9868-57a2d4851a1d" relativeResultsDirectory="31edc54c-65f4-49aa-aa90-e0e539a5fb2f" />
    <UnitTestResult executionId="74faaf8a-f4fb-47fa-bcaf-77a76bc903c5" testId="0bf22924-5791-18ec-46eb-e9c337cff9c1" testName="Microsoft.AspNetCore.Components.Test.RendererTest.CanRenderAsyncComponentsWithMultipleAsyncChildren" computerName="pkrvmbietmlfzoi" duration="00:00:00.0204136" startTime="2025-07-02T21:18:24.5609204+00:00" endTime="2025-07-02T21:18:24.5680336+00:00" testType="13cdc9d9-ddb5-4fa4-a97d-d965ccfc6d4b" outcome="Passed" testListId="8c84fa94-04c1-424b-9868-57a2d4851a1d" relativeResultsDirectory="74faaf8a-f4fb-47fa-bcaf-77a76bc903c5" />
    <UnitTestResult executionId="c2b8012c-3770-48a2-b353-f260762a4218" testId="de5a6185-bea1-cb52-01da-a42f801ea264" testName="Microsoft.AspNetCore.Components.EventCallbackTest.EventCallbackOfT_ActionT_Null" computerName="pkrvmbietmlfzoi" duration="00:00:00.0008095" startTime="2025-07-02T21:18:24.3322149+00:00" endTime="2025-07-02T21:18:24.3360517+00:00" testType="13cdc9d9-ddb5-4fa4-a97d-d965ccfc6d4b" outcome="Passed" testListId="8c84fa94-04c1-424b-9868-57a2d4851a1d" relativeResultsDirectory="c2b8012c-3770-48a2-b353-f260762a4218" />
    <UnitTestResult executionId="50542e04-0899-4762-82c6-a3aa8cb104bc" testId="9f545ba7-ed01-47a5-e2d6-9b988e6f9e43" testName="Microsoft.AspNetCore.Components.Test.RendererTest.DispatchEventAsync_EventCallbackOfT_SynchronousCompletion" computerName="pkrvmbietmlfzoi" duration="00:00:00.0012493" startTime="2025-07-02T21:18:25.8523025+00:00" endTime="2025-07-02T21:18:25.8527146+00:00" testType="13cdc9d9-ddb5-4fa4-a97d-d965ccfc6d4b" outcome="Passed" testListId="8c84fa94-04c1-424b-9868-57a2d4851a1d" relativeResultsDirectory="50542e04-0899-4762-82c6-a3aa8cb104bc" />
    <UnitTestResult executionId="097c19fc-d6a3-4dc3-9b3e-d04ba7180308" testId="dd10cb28-d6e4-ea8c-d462-fda602ca1e88" testName="Microsoft.AspNetCore.Components.EventCallbackFactoryBinderExtensionsTest.CreateBinder_Float" computerName="pkrvmbietmlfzoi" duration="00:00:00.0086589" startTime="2025-07-02T21:18:24.3408629+00:00" endTime="2025-07-02T21:18:24.3522533+00:00" testType="13cdc9d9-ddb5-4fa4-a97d-d965ccfc6d4b" outcome="Passed" testListId="8c84fa94-04c1-424b-9868-57a2d4851a1d" relativeResultsDirectory="097c19fc-d6a3-4dc3-9b3e-d04ba7180308" />
    <UnitTestResult executionId="5b763b0f-d018-4a40-b6e3-2524f6998ac8" testId="7c113dcf-e8bd-911a-1bf3-b021de777372" testName="Microsoft.AspNetCore.Components.Test.RendererTest.EventFieldInfoCanPatchTreeSoDiffDoesNotUpdateAttribute(oldValue: &quot;old property value&quot;)" computerName="pkrvmbietmlfzoi" duration="00:00:00.0063940" startTime="2025-07-02T21:18:24.4818352+00:00" endTime="2025-07-02T21:18:24.4868852+00:00" testType="13cdc9d9-ddb5-4fa4-a97d-d965ccfc6d4b" outcome="Passed" testListId="8c84fa94-04c1-424b-9868-57a2d4851a1d" relativeResultsDirectory="5b763b0f-d018-4a40-b6e3-2524f6998ac8" />
    <UnitTestResult executionId="8a49c906-8efa-4621-8f40-98b82ef7b059" testId="857ab7bb-3ad0-7e08-c32d-813858211a68" testName="Microsoft.AspNetCore.Components.Routing.RouteTableFactoryTests.DoesNotThrowForNonAmbiguousRoutes(first: &quot;literal/{optional?}&quot;, second: &quot;/&quot;)" computerName="pkrvmbietmlfzoi" duration="00:00:00.0004110" startTime="2025-07-02T21:18:24.5131737+00:00" endTime="2025-07-02T21:18:24.5132714+00:00" testType="13cdc9d9-ddb5-4fa4-a97d-d965ccfc6d4b" outcome="Passed" testListId="8c84fa94-04c1-424b-9868-57a2d4851a1d" relativeResultsDirectory="8a49c906-8efa-4621-8f40-98b82ef7b059" />
    <UnitTestResult executionId="82db41fe-71ef-4530-8c0b-d30a06623031" testId="44e414ab-403a-b228-d779-01d5c572e556" testName="Microsoft.AspNetCore.Components.Test.RenderTreeDiffBuilderTest.RecognizesKeyedElementDeletions" computerName="pkrvmbietmlfzoi" duration="00:00:00.0010249" startTime="2025-07-02T21:18:24.4579288+00:00" endTime="2025-07-02T21:18:24.4587037+00:00" testType="13cdc9d9-ddb5-4fa4-a97d-d965ccfc6d4b" outcome="Passed" testListId="8c84fa94-04c1-424b-9868-57a2d4851a1d" relativeResultsDirectory="82db41fe-71ef-4530-8c0b-d30a06623031" />
    <UnitTestResult executionId="d08e9efb-0e1f-4a77-81d0-f88284246e3c" testId="12848722-5022-72a1-02cb-e7303451a096" testName="Microsoft.AspNetCore.Components.ParameterViewTest.IncomingNonCascadingValueMatchesParameterThatIsBothCascadingAndNonCascading_Throws" computerName="pkrvmbietmlfzoi" duration="00:00:00.0007423" startTime="2025-07-02T21:18:24.1691109+00:00" endTime="2025-07-02T21:18:24.1699118+00:00" testType="13cdc9d9-ddb5-4fa4-a97d-d965ccfc6d4b" outcome="Passed" testListId="8c84fa94-04c1-424b-9868-57a2d4851a1d" relativeResultsDirectory="d08e9efb-0e1f-4a77-81d0-f88284246e3c" />
    <UnitTestResult executionId="480c73f9-6bb4-46a0-80c0-0a4db477f1e1" testId="1080a8fb-c4f5-1740-e9b9-cd24db7a0bc9" testName="Microsoft.AspNetCore.Components.PersistentStateValueProviderTests.PersistAsync_CanPersistMultipleComponentsOfSameType_SupportsDifferentKeyTypes(componentKey1: 2023-01-01T00:00:00.0000000+00:00, componentKey2: 2023-12-31T00:00:00.0000000+00:00)" computerName="pkrvmbietmlfzoi" duration="00:00:00.0001726" startTime="2025-07-02T21:18:24.5302288+00:00" endTime="2025-07-02T21:18:24.5326354+00:00" testType="13cdc9d9-ddb5-4fa4-a97d-d965ccfc6d4b" outcome="Passed" testListId="8c84fa94-04c1-424b-9868-57a2d4851a1d" relativeResultsDirectory="480c73f9-6bb4-46a0-80c0-0a4db477f1e1" />
    <UnitTestResult executionId="0767e9e3-99cd-4564-9bbe-00ec74964645" testId="4db05b65-95d2-4185-fbb8-ddb16d4e61d8" testName="Microsoft.AspNetCore.Components.Test.ComponentBaseTest.RenderRootComponentAsync_ReportsErrorDuringOnParameterSet" computerName="pkrvmbietmlfzoi" duration="00:00:00.0038284" startTime="2025-07-02T21:18:24.1730814+00:00" endTime="2025-07-02T21:18:24.1743577+00:00" testType="13cdc9d9-ddb5-4fa4-a97d-d965ccfc6d4b" outcome="Passed" testListId="8c84fa94-04c1-424b-9868-57a2d4851a1d" relativeResultsDirectory="0767e9e3-99cd-4564-9bbe-00ec74964645" />
    <UnitTestResult executionId="728216a6-7b04-417b-8a14-84d96e4c3ed9" testId="e678fbaa-7323-aa6f-5bb0-13e375e0cb85" testName="Microsoft.AspNetCore.Components.Routing.RouteTableFactoryTests.CanMatchCatchAllParameterTemplate(path: &quot;/blog/value1/foo%20bar&quot;, expectedValue: &quot;value1/foo bar&quot;)" computerName="pkrvmbietmlfzoi" duration="00:00:00.0031455" startTime="2025-07-02T21:18:24.5520195+00:00" endTime="2025-07-02T21:18:24.5541675+00:00" testType="13cdc9d9-ddb5-4fa4-a97d-d965ccfc6d4b" outcome="Passed" testListId="8c84fa94-04c1-424b-9868-57a2d4851a1d" relativeResultsDirectory="728216a6-7b04-417b-8a14-84d96e4c3ed9" />
    <UnitTestResult executionId="13e1de3e-10ed-45f8-9832-352cb5ea0255" testId="85f76405-06c4-616c-b073-efe786c40b62" testName="Microsoft.AspNetCore.Components.Rendering.RenderTreeBuilderTest.CanAddNullComponentRenderMode" computerName="pkrvmbietmlfzoi" duration="00:00:00.0013641" startTime="2025-07-02T21:18:24.3109870+00:00" endTime="2025-07-02T21:18:24.3138002+00:00" testType="13cdc9d9-ddb5-4fa4-a97d-d965ccfc6d4b" outcome="Passed" testListId="8c84fa94-04c1-424b-9868-57a2d4851a1d" relativeResultsDirectory="13e1de3e-10ed-45f8-9832-352cb5ea0255" />
    <UnitTestResult executionId="4c79ff7f-78e8-4a88-9be1-286b5c99d374" testId="172844d2-54fa-b2e2-2ae4-a49bd6ecd4f7" testName="Microsoft.AspNetCore.Components.BindConverterTest.FormatValue_DateOnly_Format" computerName="pkrvmbietmlfzoi" duration="00:00:00.0002427" startTime="2025-07-02T21:18:24.2641387+00:00" endTime="2025-07-02T21:18:24.2656585+00:00" testType="13cdc9d9-ddb5-4fa4-a97d-d965ccfc6d4b" outcome="Passed" testListId="8c84fa94-04c1-424b-9868-57a2d4851a1d" relativeResultsDirectory="4c79ff7f-78e8-4a88-9be1-286b5c99d374" />
    <UnitTestResult executionId="85c1bae4-4d05-4bbd-acc3-8032e53a4af5" testId="40f6e8f1-c463-9404-0bb3-59fd831ade56" testName="Microsoft.AspNetCore.Components.Rendering.RenderTreeBuilderTest.CanAddChildComponentsUsingGenericParam" computerName="pkrvmbietmlfzoi" duration="00:00:00.0024421" startTime="2025-07-02T21:18:24.3355574+00:00" endTime="2025-07-02T21:18:24.3399065+00:00" testType="13cdc9d9-ddb5-4fa4-a97d-d965ccfc6d4b" outcome="Passed" testListId="8c84fa94-04c1-424b-9868-57a2d4851a1d" relativeResultsDirectory="85c1bae4-4d05-4bbd-acc3-8032e53a4af5" />
    <UnitTestResult executionId="2ea97dca-c913-4d7a-8479-ca30117b503c" testId="4d9d8a40-0fea-f11a-342f-66fe09943774" testName="Microsoft.AspNetCore.Components.Test.RendererTest.EventFieldInfoCanPatchTreeSoDiffDoesNotUpdateAttribute(oldValue: null)" computerName="pkrvmbietmlfzoi" duration="00:00:00.0014411" startTime="2025-07-02T21:18:24.4881867+00:00" endTime="2025-07-02T21:18:24.4914846+00:00" testType="13cdc9d9-ddb5-4fa4-a97d-d965ccfc6d4b" outcome="Passed" testListId="8c84fa94-04c1-424b-9868-57a2d4851a1d" relativeResultsDirectory="2ea97dca-c913-4d7a-8479-ca30117b503c" />
    <UnitTestResult executionId="db5506cd-de36-44d3-bf42-7f2d750a30c0" testId="a8a5bee3-2e70-6feb-a0c7-be8576864121" testName="Microsoft.AspNetCore.Components.NavigationManagerTest.GetUriWithQueryParameter_RemovesWhenParameterValueIsNull(baseUri: &quot;scheme://host/?full%20name=Bob%20Joe&amp;age=42&quot;, expectedUri: &quot;scheme://host/?age=42&quot;)" computerName="pkrvmbietmlfzoi" duration="00:00:00.0000202" startTime="2025-07-02T21:18:23.9565946+00:00" endTime="2025-07-02T21:18:23.9567423+00:00" testType="13cdc9d9-ddb5-4fa4-a97d-d965ccfc6d4b" outcome="Passed" testListId="8c84fa94-04c1-424b-9868-57a2d4851a1d" relativeResultsDirectory="db5506cd-de36-44d3-bf42-7f2d750a30c0" />
    <UnitTestResult executionId="10707bcf-a499-45c3-9b1c-b954089bca3e" testId="dff29beb-1682-b437-689d-8146683f0b10" testName="Microsoft.AspNetCore.Components.Rendering.RenderTreeBuilderTest.CanAddNullableMarkupViaMarkupString" computerName="pkrvmbietmlfzoi" duration="00:00:00.0016514" startTime="2025-07-02T21:18:24.4148417+00:00" endTime="2025-07-02T21:18:24.4172629+00:00" testType="13cdc9d9-ddb5-4fa4-a97d-d965ccfc6d4b" outcome="Passed" testListId="8c84fa94-04c1-424b-9868-57a2d4851a1d" relativeResultsDirectory="10707bcf-a499-45c3-9b1c-b954089bca3e" />
    <UnitTestResult executionId="f2a7451a-9285-4d24-a520-580bef23869e" testId="1a4444f2-447d-8040-adb9-0973a289c373" testName="Microsoft.AspNetCore.Components.Rendering.RenderTreeBuilderTest.CanAddNonStringValueAsText" computerName="pkrvmbietmlfzoi" duration="00:00:00.0011773" startTime="2025-07-02T21:18:24.2022285+00:00" endTime="2025-07-02T21:18:24.2023209+00:00" testType="13cdc9d9-ddb5-4fa4-a97d-d965ccfc6d4b" outcome="Passed" testListId="8c84fa94-04c1-424b-9868-57a2d4851a1d" relativeResultsDirectory="f2a7451a-9285-4d24-a520-580bef23869e" />
    <UnitTestResult executionId="27ec3b76-b5bd-4c6d-9105-4852fef6f39a" testId="e8f94d2d-fca6-e6c8-ae9d-d530e83c8c48" testName="Microsoft.AspNetCore.Components.Test.RenderTreeDiffBuilderTest.RecognizesSimultaneousKeyedComponentInsertionsAndDeletions" computerName="pkrvmbietmlfzoi" duration="00:00:00.0012946" startTime="2025-07-02T21:18:24.4507450+00:00" endTime="2025-07-02T21:18:24.4508902+00:00" testType="13cdc9d9-ddb5-4fa4-a97d-d965ccfc6d4b" outcome="Passed" testListId="8c84fa94-04c1-424b-9868-57a2d4851a1d" relativeResultsDirectory="27ec3b76-b5bd-4c6d-9105-4852fef6f39a" />
    <UnitTestResult executionId="0800cac0-3f3e-4038-bcfa-bc5d3f01c05a" testId="65cfcda5-99bb-d8e0-6d73-26d319d71a90" testName="Microsoft.AspNetCore.Components.Rendering.RendererSynchronizationContextTest.InvokeAsync_FuncTask_CanReportCancellation" computerName="pkrvmbietmlfzoi" duration="00:00:00.0009832" startTime="2025-07-02T21:18:24.6594956+00:00" endTime="2025-07-02T21:18:24.6603925+00:00" testType="13cdc9d9-ddb5-4fa4-a97d-d965ccfc6d4b" outcome="Passed" testListId="8c84fa94-04c1-424b-9868-57a2d4851a1d" relativeResultsDirectory="0800cac0-3f3e-4038-bcfa-bc5d3f01c05a" />
    <UnitTestResult executionId="e31408fe-5b6b-4c49-8af9-964b59960400" testId="3fc5a52c-8846-42f7-3966-356ee186784e" testName="Microsoft.AspNetCore.Components.Rendering.RenderTreeBuilderTest.CannotAddAttributeToText" computerName="pkrvmbietmlfzoi" duration="00:00:00.0002829" startTime="2025-07-02T21:18:24.3882516+00:00" endTime="2025-07-02T21:18:24.3887753+00:00" testType="13cdc9d9-ddb5-4fa4-a97d-d965ccfc6d4b" outcome="Passed" testListId="8c84fa94-04c1-424b-9868-57a2d4851a1d" relativeResultsDirectory="e31408fe-5b6b-4c49-8af9-964b59960400" />
    <UnitTestResult executionId="5d8e319a-123f-402d-be5b-ed242f4b476b" testId="051aaff0-22b3-136f-4c85-bc2d468f4f56" testName="Microsoft.AspNetCore.Components.Rendering.RenderTreeBuilderTest.AddComponentParameter_Component_StringValue_SetsAttributeValue(value: &quot;hi&quot;)" computerName="pkrvmbietmlfzoi" duration="00:00:00.0001979" startTime="2025-07-02T21:18:24.2014872+00:00" endTime="2025-07-02T21:18:24.2015978+00:00" testType="13cdc9d9-ddb5-4fa4-a97d-d965ccfc6d4b" outcome="Passed" testListId="8c84fa94-04c1-424b-9868-57a2d4851a1d" relativeResultsDirectory="5d8e319a-123f-402d-be5b-ed242f4b476b" />
    <UnitTestResult executionId="10fe2fe3-f25c-489d-ad90-5acff94e2060" testId="85111466-f419-f1ea-fb4c-ba5f19f5b76d" testName="Microsoft.AspNetCore.Components.Routing.QueryParameterValueSupplierTest.EmptyStringValuesAreSuppliedAsEmptyString(queryPart: &quot;&quot;)" computerName="pkrvmbietmlfzoi" duration="00:00:00.0010888" startTime="2025-07-02T21:18:24.0339158+00:00" endTime="2025-07-02T21:18:24.0362346+00:00" testType="13cdc9d9-ddb5-4fa4-a97d-d965ccfc6d4b" outcome="Passed" testListId="8c84fa94-04c1-424b-9868-57a2d4851a1d" relativeResultsDirectory="10fe2fe3-f25c-489d-ad90-5acff94e2060" />
    <UnitTestResult executionId="574c76b7-2660-4acd-9691-2e88251bb6e8" testId="a33bb911-4a24-8977-e71d-e3b8ace029c2" testName="Microsoft.AspNetCore.Components.Test.RenderTreeDiffBuilderTest.RecognizesSimultaneousKeyedElementInsertionsAndDeletions" computerName="pkrvmbietmlfzoi" duration="00:00:00.0013993" startTime="2025-07-02T21:18:24.4544615+00:00" endTime="2025-07-02T21:18:24.4557622+00:00" testType="13cdc9d9-ddb5-4fa4-a97d-d965ccfc6d4b" outcome="Passed" testListId="8c84fa94-04c1-424b-9868-57a2d4851a1d" relativeResultsDirectory="574c76b7-2660-4acd-9691-2e88251bb6e8" />
    <UnitTestResult executionId="fee01593-1042-47f0-a1db-97e4e8ea284f" testId="e7ea2e46-43cd-6a42-6f69-fdd4da8a8f09" testName="Microsoft.AspNetCore.Components.Rendering.RenderTreeBuilderTest.CannotAddComponentParameterAtRoot" computerName="pkrvmbietmlfzoi" duration="00:00:00.0060449" startTime="2025-07-02T21:18:24.1887055+00:00" endTime="2025-07-02T21:18:24.1891233+00:00" testType="13cdc9d9-ddb5-4fa4-a97d-d965ccfc6d4b" outcome="Passed" testListId="8c84fa94-04c1-424b-9868-57a2d4851a1d" relativeResultsDirectory="fee01593-1042-47f0-a1db-97e4e8ea284f" />
    <UnitTestResult executionId="bf513691-9f5d-4c55-a596-7d0950c8c35e" testId="4014b687-87a8-f47b-a5bf-18159f68d17f" testName="Microsoft.AspNetCore.Components.ComponentFactoryTest.InstantiateComponent_CreatesInstance" computerName="pkrvmbietmlfzoi" duration="00:00:00.0006016" startTime="2025-07-02T21:18:24.1280803+00:00" endTime="2025-07-02T21:18:24.1302873+00:00" testType="13cdc9d9-ddb5-4fa4-a97d-d965ccfc6d4b" outcome="Passed" testListId="8c84fa94-04c1-424b-9868-57a2d4851a1d" relativeResultsDirectory="bf513691-9f5d-4c55-a596-7d0950c8c35e" />
    <UnitTestResult executionId="361966f5-56b2-468f-ba06-5836dbdbcfc5" testId="a1a7aee5-e924-432d-2aee-ffbafa0cfc0d" testName="Microsoft.AspNetCore.Components.Rendering.RenderTreeBuilderTest.CannotAddComponentRenderModeToElement" computerName="pkrvmbietmlfzoi" duration="00:00:00.0003578" startTime="2025-07-02T21:18:24.3446783+00:00" endTime="2025-07-02T21:18:24.3458570+00:00" testType="13cdc9d9-ddb5-4fa4-a97d-d965ccfc6d4b" outcome="Passed" testListId="8c84fa94-04c1-424b-9868-57a2d4851a1d" relativeResultsDirectory="361966f5-56b2-468f-ba06-5836dbdbcfc5" />
    <UnitTestResult executionId="87c7da86-c266-4f03-9275-52128c2c8e6a" testId="6b98b11a-8ccf-6f7d-4eb5-1584f44c69bf" testName="Microsoft.AspNetCore.Components.Test.RenderTreeUpdaterTest.OmitsAttributeIfNotFoundButValueIsOmissible" computerName="pkrvmbietmlfzoi" duration="00:00:00.0332145" startTime="2025-07-02T21:18:23.8229388+00:00" endTime="2025-07-02T21:18:23.9826478+00:00" testType="13cdc9d9-ddb5-4fa4-a97d-d965ccfc6d4b" outcome="Passed" testListId="8c84fa94-04c1-424b-9868-57a2d4851a1d" relativeResultsDirectory="87c7da86-c266-4f03-9275-52128c2c8e6a" />
    <UnitTestResult executionId="32f8fb7b-3477-4c68-bfa4-dd1939155ae6" testId="db96f8a4-33f9-e292-2d82-aa435d5e7060" testName="Microsoft.AspNetCore.Components.Test.RendererTest.ExceptionsThrownAsynchronouslyAfterFirstRenderCanBeHandled" computerName="pkrvmbietmlfzoi" duration="00:00:00.0019486" startTime="2025-07-02T21:18:25.8351614+00:00" endTime="2025-07-02T21:18:25.8371560+00:00" testType="13cdc9d9-ddb5-4fa4-a97d-d965ccfc6d4b" outcome="Passed" testListId="8c84fa94-04c1-424b-9868-57a2d4851a1d" relativeResultsDirectory="32f8fb7b-3477-4c68-bfa4-dd1939155ae6" />
    <UnitTestResult executionId="9e5f4109-44c2-4357-afd7-51e424642250" testId="4969df24-d955-5128-1372-65359e322b50" testName="Microsoft.AspNetCore.Components.Routing.RouteTableFactoryTests.CanMatchTemplateWithMultipleLiterals" computerName="pkrvmbietmlfzoi" duration="00:00:00.0004422" startTime="2025-07-02T21:18:24.5943291+00:00" endTime="2025-07-02T21:18:24.5944288+00:00" testType="13cdc9d9-ddb5-4fa4-a97d-d965ccfc6d4b" outcome="Passed" testListId="8c84fa94-04c1-424b-9868-57a2d4851a1d" relativeResultsDirectory="9e5f4109-44c2-4357-afd7-51e424642250" />
    <UnitTestResult executionId="260ddf1f-45a9-4c78-b044-1932a4d268ea" testId="2b32fa55-0f80-fff0-5d46-58560fcdf708" testName="Microsoft.AspNetCore.Components.Routing.RoutePatternParserTests.InvalidTemplate_WithMismatchedBraces(template: &quot;p}&quot;, expectedMessage: &quot;There is an incomplete parameter in the route temp&quot;···)" computerName="pkrvmbietmlfzoi" duration="00:00:00.0000278" startTime="2025-07-02T21:18:24.2638330+00:00" endTime="2025-07-02T21:18:24.2642235+00:00" testType="13cdc9d9-ddb5-4fa4-a97d-d965ccfc6d4b" outcome="Passed" testListId="8c84fa94-04c1-424b-9868-57a2d4851a1d" relativeResultsDirectory="260ddf1f-45a9-4c78-b044-1932a4d268ea" />
    <UnitTestResult executionId="9c481605-82a8-4925-ba86-5db942da3ea2" testId="5c0e0a2c-fd50-1d97-ca4a-31ee3018343f" testName="Microsoft.AspNetCore.Components.Rendering.RenderTreeBuilderTest.AddAttribute_Component_ObjectBoolValue_SetsAttributeValue(value: True)" computerName="pkrvmbietmlfzoi" duration="00:00:00.0019092" startTime="2025-07-02T21:18:24.2362248+00:00" endTime="2025-07-02T21:18:24.2423097+00:00" testType="13cdc9d9-ddb5-4fa4-a97d-d965ccfc6d4b" outcome="Passed" testListId="8c84fa94-04c1-424b-9868-57a2d4851a1d" relativeResultsDirectory="9c481605-82a8-4925-ba86-5db942da3ea2" />
    <UnitTestResult executionId="7a57b797-fd2c-435f-a100-cabc71a81f33" testId="ee7a6465-468b-1371-f40e-94774f069558" testName="Microsoft.AspNetCore.Components.Test.RendererTest.CallsAfterRenderAfterTheUIHasFinishedUpdatingAsynchronously" computerName="pkrvmbietmlfzoi" duration="00:00:00.0023187" startTime="2025-07-02T21:18:24.7335712+00:00" endTime="2025-07-02T21:18:24.7357888+00:00" testType="13cdc9d9-ddb5-4fa4-a97d-d965ccfc6d4b" outcome="Passed" testListId="8c84fa94-04c1-424b-9868-57a2d4851a1d" relativeResultsDirectory="7a57b797-fd2c-435f-a100-cabc71a81f33" />
    <UnitTestResult executionId="450513f2-ce17-4fc5-aabf-f4e701048c83" testId="2fc54058-f464-97bf-4a82-d4ba6aff7f34" testName="Microsoft.AspNetCore.Components.RenderTree.ArrayBuilderTest.Dispose_NonEmptyBufferIsReturned" computerName="pkrvmbietmlfzoi" duration="00:00:00.0004502" startTime="2025-07-02T21:18:23.9958788+00:00" endTime="2025-07-02T21:18:23.9963209+00:00" testType="13cdc9d9-ddb5-4fa4-a97d-d965ccfc6d4b" outcome="Passed" testListId="8c84fa94-04c1-424b-9868-57a2d4851a1d" relativeResultsDirectory="450513f2-ce17-4fc5-aabf-f4e701048c83" />
    <UnitTestResult executionId="5e3a9b0d-c6ea-46c4-b580-b92b2efd2d19" testId="1675d0e0-ae6b-aee1-34e4-f29cb80adbf0" testName="Microsoft.AspNetCore.Components.Test.ComponentBaseTest.RenderRootComponentAsync_ReportsErrorDuringOnInitAsync" computerName="pkrvmbietmlfzoi" duration="00:00:00.0060669" startTime="2025-07-02T21:18:24.0988191+00:00" endTime="2025-07-02T21:18:24.1057279+00:00" testType="13cdc9d9-ddb5-4fa4-a97d-d965ccfc6d4b" outcome="Passed" testListId="8c84fa94-04c1-424b-9868-57a2d4851a1d" relativeResultsDirectory="5e3a9b0d-c6ea-46c4-b580-b92b2efd2d19" />
    <UnitTestResult executionId="8cd34d78-b9ef-4ef9-9018-0327a03ccd11" testId="c464e156-ff9d-7b3c-a4bb-1d352844fd8b" testName="Microsoft.AspNetCore.Components.Test.RenderTreeDiffBuilderTest.RecognizesEquivalentFramesAsSame(appendFragment: RenderFragment { Method = Void &lt;RecognizesEquivalentFramesAsSameCases&gt;b__7_1(Microsoft.AspNetCore.Components.Rendering.RenderTreeBuilder), Target = &lt;&gt;c { } })" computerName="pkrvmbietmlfzoi" duration="00:00:00.0014522" startTime="2025-07-02T21:18:24.1965911+00:00" endTime="2025-07-02T21:18:24.1967424+00:00" testType="13cdc9d9-ddb5-4fa4-a97d-d965ccfc6d4b" outcome="Passed" testListId="8c84fa94-04c1-424b-9868-57a2d4851a1d" relativeResultsDirectory="8cd34d78-b9ef-4ef9-9018-0327a03ccd11" />
    <UnitTestResult executionId="e4629e65-1050-4031-b861-58148aa450de" testId="6e0ac853-b27b-527e-ab8c-d8280aa08f66" testName="Microsoft.AspNetCore.Components.Test.RenderTreeDiffBuilderTest.HandlesInsertionOfUnkeyedItemsAroundKey" computerName="pkrvmbietmlfzoi" duration="00:00:00.0010896" startTime="2025-07-02T21:18:24.3692068+00:00" endTime="2025-07-02T21:18:24.3717819+00:00" testType="13cdc9d9-ddb5-4fa4-a97d-d965ccfc6d4b" outcome="Passed" testListId="8c84fa94-04c1-424b-9868-57a2d4851a1d" relativeResultsDirectory="e4629e65-1050-4031-b861-58148aa450de" />
    <UnitTestResult executionId="01281c1d-55d5-41f0-ba0b-88fb9f5193b4" testId="2d0f0ca9-5f3c-50cc-c88f-ee47fe286b84" testName="Microsoft.AspNetCore.Components.Routing.RouteTableFactoryTests.DoesNotCacheRouteTableForDifferentAssemblies" computerName="pkrvmbietmlfzoi" duration="00:00:00.0013178" startTime="2025-07-02T21:18:24.5902229+00:00" endTime="2025-07-02T21:18:24.5903209+00:00" testType="13cdc9d9-ddb5-4fa4-a97d-d965ccfc6d4b" outcome="Passed" testListId="8c84fa94-04c1-424b-9868-57a2d4851a1d" relativeResultsDirectory="01281c1d-55d5-41f0-ba0b-88fb9f5193b4" />
    <UnitTestResult executionId="b731b5f7-b23c-48de-96dc-7378a66d8c78" testId="4bb18c1e-d4d8-f1ea-e294-dea295978c68" testName="Microsoft.AspNetCore.Components.Routing.RouteTableFactoryTests.DoesNotThrowForNonAmbiguousRoutes(first: &quot;{param1?}/{param2?}/{param3?}/{optional?}&quot;, second: &quot;/&quot;)" computerName="pkrvmbietmlfzoi" duration="00:00:00.0008772" startTime="2025-07-02T21:18:24.5045883+00:00" endTime="2025-07-02T21:18:24.5058095+00:00" testType="13cdc9d9-ddb5-4fa4-a97d-d965ccfc6d4b" outcome="Passed" testListId="8c84fa94-04c1-424b-9868-57a2d4851a1d" relativeResultsDirectory="b731b5f7-b23c-48de-96dc-7378a66d8c78" />
    <UnitTestResult executionId="8188cbf4-0427-4a01-98d0-b679544f1ed0" testId="1ebcf50f-3294-b90a-993d-26baa2fccb53" testName="Microsoft.AspNetCore.Components.NavigationManagerTest.LocationChangingHandlers_CanCancelTheNavigationSynchronously_BeforeReturning_WhenMultipleHandlersAreRegistered" computerName="pkrvmbietmlfzoi" duration="00:00:00.0042827" startTime="2025-07-02T21:18:24.0004881+00:00" endTime="2025-07-02T21:18:24.0052914+00:00" testType="13cdc9d9-ddb5-4fa4-a97d-d965ccfc6d4b" outcome="Passed" testListId="8c84fa94-04c1-424b-9868-57a2d4851a1d" relativeResultsDirectory="8188cbf4-0427-4a01-98d0-b679544f1ed0" />
    <UnitTestResult executionId="24ca88ac-42fa-4ea9-ba8a-b257e663dfd3" testId="d8bd6005-c7ea-3a5c-6ae9-8ad87ec9e0e1" testName="Microsoft.AspNetCore.Components.Test.RendererTest.CanCombineBindAndConditionalAttribute" computerName="pkrvmbietmlfzoi" duration="00:00:00.0046930" startTime="2025-07-02T21:18:24.5756176+00:00" endTime="2025-07-02T21:18:24.5784724+00:00" testType="13cdc9d9-ddb5-4fa4-a97d-d965ccfc6d4b" outcome="Passed" testListId="8c84fa94-04c1-424b-9868-57a2d4851a1d" relativeResultsDirectory="24ca88ac-42fa-4ea9-ba8a-b257e663dfd3" />
    <UnitTestResult executionId="6e871761-a8d9-4f9d-9335-af4565b478e3" testId="d30029b3-462f-1a3d-d6b9-688bd70870b2" testName="Microsoft.AspNetCore.Components.Test.RenderTreeDiffBuilderTest.QueuesRemovedChildComponentsForDisposal" computerName="pkrvmbietmlfzoi" duration="00:00:00.0026210" startTime="2025-07-02T21:18:24.4885956+00:00" endTime="2025-07-02T21:18:24.4926638+00:00" testType="13cdc9d9-ddb5-4fa4-a97d-d965ccfc6d4b" outcome="Passed" testListId="8c84fa94-04c1-424b-9868-57a2d4851a1d" relativeResultsDirectory="6e871761-a8d9-4f9d-9335-af4565b478e3" />
    <UnitTestResult executionId="a53fd595-1b89-47b4-9599-2d06bcbf1628" testId="568abae7-0c7c-4063-1172-6b9d29847ede" testName="Microsoft.AspNetCore.Components.EventCallbackFactoryBinderExtensionsTest.CreateBinder_String" computerName="pkrvmbietmlfzoi" duration="00:00:00.0016168" startTime="2025-07-02T21:18:24.4249786+00:00" endTime="2025-07-02T21:18:24.4276826+00:00" testType="13cdc9d9-ddb5-4fa4-a97d-d965ccfc6d4b" outcome="Passed" testListId="8c84fa94-04c1-424b-9868-57a2d4851a1d" relativeResultsDirectory="a53fd595-1b89-47b4-9599-2d06bcbf1628" />
    <UnitTestResult executionId="e632d1d9-2825-4c6c-8d8f-3c7e28f2d968" testId="88354a6f-d720-5764-a22d-c9d108a1961d" testName="Microsoft.AspNetCore.Components.Test.RenderTreeDiffBuilderTest.AlwaysRegardsRenderFragmentAsPossiblyChanged" computerName="pkrvmbietmlfzoi" duration="00:00:00.0012441" startTime="2025-07-02T21:18:24.4455421+00:00" endTime="2025-07-02T21:18:24.4457066+00:00" testType="13cdc9d9-ddb5-4fa4-a97d-d965ccfc6d4b" outcome="Passed" testListId="8c84fa94-04c1-424b-9868-57a2d4851a1d" relativeResultsDirectory="e632d1d9-2825-4c6c-8d8f-3c7e28f2d968" />
    <UnitTestResult executionId="d89d5266-558d-4a7e-b838-8e6fc3834279" testId="da782e47-b50d-c480-06e3-643ac620ad7c" testName="Microsoft.AspNetCore.Components.Test.RenderTreeDiffBuilderTest.RecognizesTextUpdates" computerName="pkrvmbietmlfzoi" duration="00:00:00.0015862" startTime="2025-07-02T21:18:24.3656752+00:00" endTime="2025-07-02T21:18:24.3689456+00:00" testType="13cdc9d9-ddb5-4fa4-a97d-d965ccfc6d4b" outcome="Passed" testListId="8c84fa94-04c1-424b-9868-57a2d4851a1d" relativeResultsDirectory="d89d5266-558d-4a7e-b838-8e6fc3834279" />
    <UnitTestResult executionId="4c6e294b-a9f8-4708-8224-f061289c5776" testId="bc506b14-1566-4bb6-f2df-faaaccfdbb33" testName="Microsoft.AspNetCore.Components.Routing.RouterTest.UsesCurrentRouteMatchingIfSpecified" computerName="pkrvmbietmlfzoi" duration="00:00:00.0012189" startTime="2025-07-02T21:18:24.2806102+00:00" endTime="2025-07-02T21:18:24.2810407+00:00" testType="13cdc9d9-ddb5-4fa4-a97d-d965ccfc6d4b" outcome="Passed" testListId="8c84fa94-04c1-424b-9868-57a2d4851a1d" relativeResultsDirectory="4c6e294b-a9f8-4708-8224-f061289c5776" />
    <UnitTestResult executionId="8b264f3d-5e3e-434b-92b0-7e23559461c5" testId="daf2b54e-d30b-d6e1-7014-f6cdfd81b7b0" testName="Microsoft.AspNetCore.Components.Routing.QueryParameterValueSupplierTest.RejectsUnparseableValues(key: &quot;NullableFloatVal&quot;, value: &quot;1e1000&quot;, targetType: typeof(float?))" computerName="pkrvmbietmlfzoi" duration="00:00:00.0157467" startTime="2025-07-02T21:18:24.0369157+00:00" endTime="2025-07-02T21:18:24.0718225+00:00" testType="13cdc9d9-ddb5-4fa4-a97d-d965ccfc6d4b" outcome="Passed" testListId="8c84fa94-04c1-424b-9868-57a2d4851a1d" relativeResultsDirectory="8b264f3d-5e3e-434b-92b0-7e23559461c5" />
    <UnitTestResult executionId="63dc6760-222e-4c34-9359-07723c40af49" testId="e56e0359-2305-d945-ce6d-0ae846957140" testName="Microsoft.AspNetCore.Components.Routing.RouteTableFactoryTests.IgnoresIdenticalTypes" computerName="pkrvmbietmlfzoi" duration="00:00:00.0010036" startTime="2025-07-02T21:18:24.5933009+00:00" endTime="2025-07-02T21:18:24.5933988+00:00" testType="13cdc9d9-ddb5-4fa4-a97d-d965ccfc6d4b" outcome="Passed" testListId="8c84fa94-04c1-424b-9868-57a2d4851a1d" relativeResultsDirectory="63dc6760-222e-4c34-9359-07723c40af49" />
    <UnitTestResult executionId="79804d88-7987-49ba-8394-5693cfa31e08" testId="54d6a947-90e9-ab76-47fb-328272737220" testName="Microsoft.AspNetCore.Components.EventCallbackFactoryBinderExtensionsTest.CreateBinder_NullableLong" computerName="pkrvmbietmlfzoi" duration="00:00:00.0104118" startTime="2025-07-02T21:18:24.4446802+00:00" endTime="2025-07-02T21:18:24.4512207+00:00" testType="13cdc9d9-ddb5-4fa4-a97d-d965ccfc6d4b" outcome="Passed" testListId="8c84fa94-04c1-424b-9868-57a2d4851a1d" relativeResultsDirectory="79804d88-7987-49ba-8394-5693cfa31e08" />
    <UnitTestResult executionId="420c344c-e732-47ae-b63c-cc6876eeca08" testId="654a8b77-004f-907d-5eda-8be4dea3f7ad" testName="Microsoft.AspNetCore.Components.Routing.RoutePatternParserTests.InvalidTemplate_BadOptionalCharacterPosition" computerName="pkrvmbietmlfzoi" duration="00:00:00.0002851" startTime="2025-07-02T21:18:24.2430414+00:00" endTime="2025-07-02T21:18:24.2431343+00:00" testType="13cdc9d9-ddb5-4fa4-a97d-d965ccfc6d4b" outcome="Passed" testListId="8c84fa94-04c1-424b-9868-57a2d4851a1d" relativeResultsDirectory="420c344c-e732-47ae-b63c-cc6876eeca08" />
    <UnitTestResult executionId="77a554a0-cd76-452c-af11-5e9b6fbc1873" testId="5ce7a314-1554-ba75-14aa-f57c4a8483e6" testName="Microsoft.AspNetCore.Components.NavigationManagerTest.ComputesCorrectValidBaseRelativePaths(baseUri: &quot;scheme://host/path/&quot;, uri: &quot;scheme://host/path/#hash&quot;, expectedResult: &quot;#hash&quot;)" computerName="pkrvmbietmlfzoi" duration="00:00:00.0000155" startTime="2025-07-02T21:18:24.0094899+00:00" endTime="2025-07-02T21:18:24.0096001+00:00" testType="13cdc9d9-ddb5-4fa4-a97d-d965ccfc6d4b" outcome="Passed" testListId="8c84fa94-04c1-424b-9868-57a2d4851a1d" relativeResultsDirectory="77a554a0-cd76-452c-af11-5e9b6fbc1873" />
    <UnitTestResult executionId="f18b6328-c0c0-42af-b315-50d1f4277545" testId="d01fbeb5-21af-a8ef-f2b1-8fc582aadf7e" testName="Microsoft.AspNetCore.Components.Routing.RouteTableFactoryTests.DoesNotThrowForNonAmbiguousRoutes(first: &quot;{param1?}/{param2?}/{param3?}/{*catchAll:int}&quot;, second: &quot;{param1?}/{param2?}/{param3?}/{optional?}&quot;)" computerName="pkrvmbietmlfzoi" duration="00:00:00.0004286" startTime="2025-07-02T21:18:24.5184257+00:00" endTime="2025-07-02T21:18:24.5190341+00:00" testType="13cdc9d9-ddb5-4fa4-a97d-d965ccfc6d4b" outcome="Passed" testListId="8c84fa94-04c1-424b-9868-57a2d4851a1d" relativeResultsDirectory="f18b6328-c0c0-42af-b315-50d1f4277545" />
    <UnitTestResult executionId="aed9021b-fcb4-4334-88d0-b5bfe8e9f657" testId="7472422d-3b90-9c77-80cd-68eb64dc292c" testName="Microsoft.AspNetCore.Components.Routing.RoutePatternParserTests.ParseRouteParameter_ThrowsIf_ParameterContainsSpecialCharacters(template: &quot;{.}&quot;, expectedMessage: &quot;The route parameter name '.' is invalid. Route par&quot;···)" computerName="pkrvmbietmlfzoi" duration="00:00:00.0010000" startTime="2025-07-02T21:18:24.2244098+00:00" endTime="2025-07-02T21:18:24.2291171+00:00" testType="13cdc9d9-ddb5-4fa4-a97d-d965ccfc6d4b" outcome="NotExecuted" testListId="8c84fa94-04c1-424b-9868-57a2d4851a1d" relativeResultsDirectory="aed9021b-fcb4-4334-88d0-b5bfe8e9f657">
      <Output>
        <ErrorInfo>
          <Message>{.} is allowed</Message>
        </ErrorInfo>
      </Output>
    </UnitTestResult>
    <UnitTestResult executionId="d248ea37-5d55-44bf-881c-ad12483040c9" testId="46283aee-1692-fc12-8d62-a4120659cd53" testName="Microsoft.AspNetCore.Components.Test.RendererTest.EventDispatching_EventCallback_NoTargetLambda" computerName="pkrvmbietmlfzoi" duration="00:00:00.0052631" startTime="2025-07-02T21:18:24.3886772+00:00" endTime="2025-07-02T21:18:24.4001101+00:00" testType="13cdc9d9-ddb5-4fa4-a97d-d965ccfc6d4b" outcome="Passed" testListId="8c84fa94-04c1-424b-9868-57a2d4851a1d" relativeResultsDirectory="d248ea37-5d55-44bf-881c-ad12483040c9" />
    <UnitTestResult executionId="8da9b8d2-04f5-4295-8878-dcd29a0abb75" testId="dfe8b480-aac2-fb25-40ae-0ac59e718385" testName="Microsoft.AspNetCore.Components.Routing.QueryParameterValueSupplierTest.RejectsUnparseableValues(key: &quot;NullableIntVal&quot;, value: &quot;5000000000&quot;, targetType: typeof(int?))" computerName="pkrvmbietmlfzoi" duration="00:00:00.0044455" startTime="2025-07-02T21:18:24.0977615+00:00" endTime="2025-07-02T21:18:24.0982440+00:00" testType="13cdc9d9-ddb5-4fa4-a97d-d965ccfc6d4b" outcome="Passed" testListId="8c84fa94-04c1-424b-9868-57a2d4851a1d" relativeResultsDirectory="8da9b8d2-04f5-4295-8878-dcd29a0abb75" />
    <UnitTestResult executionId="6b9ea326-5f94-4a2a-821f-e79b2c55a42f" testId="7fe5e5b3-bcc6-86b9-837f-5b45aa17a552" testName="Microsoft.AspNetCore.Components.Routing.QueryParameterValueSupplierTest.RejectsUnparseableArrayEntries(key: &quot;DoubleVals&quot;, validValue: &quot;1&quot;, invalidValue: &quot;1x&quot;, targetType: typeof(double))" computerName="pkrvmbietmlfzoi" duration="00:00:00.0000698" startTime="2025-07-02T21:18:24.1347581+00:00" endTime="2025-07-02T21:18:24.1348621+00:00" testType="13cdc9d9-ddb5-4fa4-a97d-d965ccfc6d4b" outcome="Passed" testListId="8c84fa94-04c1-424b-9868-57a2d4851a1d" relativeResultsDirectory="6b9ea326-5f94-4a2a-821f-e79b2c55a42f" />
    <UnitTestResult executionId="987570cb-1636-4aca-98e7-0b546c48192a" testId="23c2b77c-eb2f-50fb-3ae6-f5a8ad9954fc" testName="Microsoft.AspNetCore.Components.Rendering.RendererSynchronizationContextTest.InvokeAsync_Action_CanRunAsynchronously_WhenBusy" computerName="pkrvmbietmlfzoi" duration="00:00:00.0023159" startTime="2025-07-02T21:18:24.6450614+00:00" endTime="2025-07-02T21:18:24.6473310+00:00" testType="13cdc9d9-ddb5-4fa4-a97d-d965ccfc6d4b" outcome="Passed" testListId="8c84fa94-04c1-424b-9868-57a2d4851a1d" relativeResultsDirectory="987570cb-1636-4aca-98e7-0b546c48192a" />
    <UnitTestResult executionId="14c521d7-4c31-4bd6-9058-0ba4b2a6c79a" testId="0a300af8-074e-9501-ec6a-975668ca3859" testName="Microsoft.AspNetCore.Components.Routing.QueryParameterValueSupplierTest.RejectsUnparseableArrayEntries(key: &quot;NullableIntVals&quot;, validValue: &quot;5000000&quot;, invalidValue: &quot;5000000000&quot;, targetType: typeof(int?))" computerName="pkrvmbietmlfzoi" duration="00:00:00.0010116" startTime="2025-07-02T21:18:24.1141185+00:00" endTime="2025-07-02T21:18:24.1146329+00:00" testType="13cdc9d9-ddb5-4fa4-a97d-d965ccfc6d4b" outcome="Passed" testListId="8c84fa94-04c1-424b-9868-57a2d4851a1d" relativeResultsDirectory="14c521d7-4c31-4bd6-9058-0ba4b2a6c79a" />
    <UnitTestResult executionId="f068858b-5b85-41d0-b621-499523a2bf38" testId="a3818f0a-ee32-0fd4-3965-1c946a2f4bbe" testName="Microsoft.AspNetCore.Components.EventCallbackTest.EventCallback_ActionT_ArgMismatch" computerName="pkrvmbietmlfzoi" duration="00:00:00.0008999" startTime="2025-07-02T21:18:24.3771189+00:00" endTime="2025-07-02T21:18:24.3803218+00:00" testType="13cdc9d9-ddb5-4fa4-a97d-d965ccfc6d4b" outcome="Passed" testListId="8c84fa94-04c1-424b-9868-57a2d4851a1d" relativeResultsDirectory="f068858b-5b85-41d0-b621-499523a2bf38" />
    <UnitTestResult executionId="01348e83-7071-43d4-9b35-280a7ec3eef5" testId="d1ba6488-e46b-c137-7209-d24a9cd97d05" testName="Microsoft.AspNetCore.Components.Routing.RouteTableFactoryTests.CanMatchOptionalParameterWithoutConstraints" computerName="pkrvmbietmlfzoi" duration="00:00:00.0005549" startTime="2025-07-02T21:18:24.5890388+00:00" endTime="2025-07-02T21:18:24.5891409+00:00" testType="13cdc9d9-ddb5-4fa4-a97d-d965ccfc6d4b" outcome="Passed" testListId="8c84fa94-04c1-424b-9868-57a2d4851a1d" relativeResultsDirectory="01348e83-7071-43d4-9b35-280a7ec3eef5" />
    <UnitTestResult executionId="1298b8aa-4a1a-4816-ac3a-552a526520ec" testId="0794b4a5-77fc-3c58-06ea-aaa090968881" testName="Microsoft.AspNetCore.Components.ParameterViewTest.HasRemovedDirectParameters_ParameterRemoved" computerName="pkrvmbietmlfzoi" duration="00:00:00.0010085" startTime="2025-07-02T21:18:24.0288388+00:00" endTime="2025-07-02T21:18:24.0289418+00:00" testType="13cdc9d9-ddb5-4fa4-a97d-d965ccfc6d4b" outcome="Passed" testListId="8c84fa94-04c1-424b-9868-57a2d4851a1d" relativeResultsDirectory="1298b8aa-4a1a-4816-ac3a-552a526520ec" />
    <UnitTestResult executionId="eb03b5c0-fffc-4f1a-8d33-c3ef3567add9" testId="3ec0d1ee-648d-7ea9-e514-26db9f4958a3" testName="Microsoft.AspNetCore.Components.Routing.RouteTableFactoryTests.CanMatchTemplateWithMultipleParametersAndCatchAllParameter" computerName="pkrvmbietmlfzoi" duration="00:00:00.0005689" startTime="2025-07-02T21:18:24.5965837+00:00" endTime="2025-07-02T21:18:24.5966795+00:00" testType="13cdc9d9-ddb5-4fa4-a97d-d965ccfc6d4b" outcome="Passed" testListId="8c84fa94-04c1-424b-9868-57a2d4851a1d" relativeResultsDirectory="eb03b5c0-fffc-4f1a-8d33-c3ef3567add9" />
    <UnitTestResult executionId="fe95d9f1-bf69-4baa-a213-42201018bbf6" testId="62c1ead4-9e21-b168-f1af-ae1e69d17cc2" testName="Microsoft.AspNetCore.Components.Test.RendererTest.CanDispatchEventsToTopLevelComponents" computerName="pkrvmbietmlfzoi" duration="00:00:00.0003780" startTime="2025-07-02T21:18:25.8147390+00:00" endTime="2025-07-02T21:18:25.8151077+00:00" testType="13cdc9d9-ddb5-4fa4-a97d-d965ccfc6d4b" outcome="Passed" testListId="8c84fa94-04c1-424b-9868-57a2d4851a1d" relativeResultsDirectory="fe95d9f1-bf69-4baa-a213-42201018bbf6" />
    <UnitTestResult executionId="6e3a47de-26d1-4d94-ac74-699ec7158baa" testId="889fe951-3001-b0db-fec2-a74857ae13de" testName="Microsoft.AspNetCore.Components.EventCallbackFactoryTest.CreateT_Action_Null" computerName="pkrvmbietmlfzoi" duration="00:00:00.0002604" startTime="2025-07-02T21:18:24.0761162+00:00" endTime="2025-07-02T21:18:24.0763076+00:00" testType="13cdc9d9-ddb5-4fa4-a97d-d965ccfc6d4b" outcome="Passed" testListId="8c84fa94-04c1-424b-9868-57a2d4851a1d" relativeResultsDirectory="6e3a47de-26d1-4d94-ac74-699ec7158baa" />
    <UnitTestResult executionId="38f0de5d-0290-4a63-9ff9-5b15ac0309e6" testId="33bbdc2d-92fa-0698-cd73-1b7154d3d161" testName="Microsoft.AspNetCore.Components.Test.RendererTest.DispatchingEventsWithoutAsyncWorkShouldCompleteSynchronously" computerName="pkrvmbietmlfzoi" duration="00:00:00.0005084" startTime="2025-07-02T21:18:25.8311362+00:00" endTime="2025-07-02T21:18:25.8316324+00:00" testType="13cdc9d9-ddb5-4fa4-a97d-d965ccfc6d4b" outcome="Passed" testListId="8c84fa94-04c1-424b-9868-57a2d4851a1d" relativeResultsDirectory="38f0de5d-0290-4a63-9ff9-5b15ac0309e6" />
    <UnitTestResult executionId="d3c5a3d9-ca5a-4a46-9f61-892a8ba8f1e5" testId="a73905fb-778c-6032-c776-99bfe07cbf6b" testName="Microsoft.AspNetCore.Components.CascadingParameterStateTest.FindCascadingParameters_MatchingNameButMismatchingType_ReturnsEmpty" computerName="pkrvmbietmlfzoi" duration="00:00:00.0011875" startTime="2025-07-02T21:18:24.4677579+00:00" endTime="2025-07-02T21:18:24.4687282+00:00" testType="13cdc9d9-ddb5-4fa4-a97d-d965ccfc6d4b" outcome="Passed" testListId="8c84fa94-04c1-424b-9868-57a2d4851a1d" relativeResultsDirectory="d3c5a3d9-ca5a-4a46-9f61-892a8ba8f1e5" />
    <UnitTestResult executionId="41226d85-65ce-47d9-a58c-2e834158a1d9" testId="48315743-7a51-7df7-28b3-cb841fa5cdb2" testName="Microsoft.AspNetCore.Components.RenderTree.ArrayBuilderTest.AppendArray_AfterPriorInsertion" computerName="pkrvmbietmlfzoi" duration="00:00:00.0331175" startTime="2025-07-02T21:18:23.8230396+00:00" endTime="2025-07-02T21:18:23.9810721+00:00" testType="13cdc9d9-ddb5-4fa4-a97d-d965ccfc6d4b" outcome="Passed" testListId="8c84fa94-04c1-424b-9868-57a2d4851a1d" relativeResultsDirectory="41226d85-65ce-47d9-a58c-2e834158a1d9" />
    <UnitTestResult executionId="99f31dd4-5822-48f6-8bc7-5b66e0efd103" testId="ec9b5717-964c-9e15-12e9-b7cb71771aac" testName="Microsoft.AspNetCore.Components.NavigationManagerTest.Initialize_ThrowsForInvalidBaseRelativePaths(baseUri: &quot;scheme://host/&quot;, absoluteUri: &quot;scheme://otherhost/&quot;)" computerName="pkrvmbietmlfzoi" duration="00:00:00.0016566" startTime="2025-07-02T21:18:23.9759841+00:00" endTime="2025-07-02T21:18:23.9771939+00:00" testType="13cdc9d9-ddb5-4fa4-a97d-d965ccfc6d4b" outcome="Passed" testListId="8c84fa94-04c1-424b-9868-57a2d4851a1d" relativeResultsDirectory="99f31dd4-5822-48f6-8bc7-5b66e0efd103" />
    <UnitTestResult executionId="cf0653d6-93da-4bdf-b017-ff41a3527bd3" testId="c0dc3b2e-8a29-76fe-77e5-627e925655c0" testName="Microsoft.AspNetCore.Components.Test.RendererTest.EventDispatchExceptionsCanBeHandledByClosestErrorBoundary_Sync" computerName="pkrvmbietmlfzoi" duration="00:00:00.0018206" startTime="2025-07-02T21:18:24.5577495+00:00" endTime="2025-07-02T21:18:24.5587659+00:00" testType="13cdc9d9-ddb5-4fa4-a97d-d965ccfc6d4b" outcome="Passed" testListId="8c84fa94-04c1-424b-9868-57a2d4851a1d" relativeResultsDirectory="cf0653d6-93da-4bdf-b017-ff41a3527bd3" />
    <UnitTestResult executionId="785c7950-7122-4ab5-aa31-8d204a68fec8" testId="8404fed0-a171-4088-f3ff-794d8813a57b" testName="Microsoft.AspNetCore.Components.Rendering.RenderTreeBuilderTest.AddAttribute_Element_EventCallbackOfT_AddsFrame" computerName="pkrvmbietmlfzoi" duration="00:00:00.0009765" startTime="2025-07-02T21:18:24.3098945+00:00" endTime="2025-07-02T21:18:24.3107241+00:00" testType="13cdc9d9-ddb5-4fa4-a97d-d965ccfc6d4b" outcome="Passed" testListId="8c84fa94-04c1-424b-9868-57a2d4851a1d" relativeResultsDirectory="785c7950-7122-4ab5-aa31-8d204a68fec8" />
    <UnitTestResult executionId="323aa578-4918-4d45-8a2a-e10ce4ebe578" testId="789308f3-c6e9-5304-5359-b6966554d4a2" testName="Microsoft.AspNetCore.Components.ResourceAssetCollectionTest.ResourceAsset_WithSourceGenerationContext_CanSerializeAndDeserializeWithRespectRequiredConstructorParameters" computerName="pkrvmbietmlfzoi" duration="00:00:00.0093288" startTime="2025-07-02T21:18:24.1087553+00:00" endTime="2025-07-02T21:18:24.1142446+00:00" testType="13cdc9d9-ddb5-4fa4-a97d-d965ccfc6d4b" outcome="Passed" testListId="8c84fa94-04c1-424b-9868-57a2d4851a1d" relativeResultsDirectory="323aa578-4918-4d45-8a2a-e10ce4ebe578" />
    <UnitTestResult executionId="62a0ad82-7068-4686-b301-3a272f511e8f" testId="e5dea385-4e9e-d881-94da-aed424a556b4" testName="Microsoft.AspNetCore.Components.Test.LayoutViewTest.CanChangeLayout" computerName="pkrvmbietmlfzoi" duration="00:00:00.0059232" startTime="2025-07-02T21:18:24.4237385+00:00" endTime="2025-07-02T21:18:24.4285356+00:00" testType="13cdc9d9-ddb5-4fa4-a97d-d965ccfc6d4b" outcome="Passed" testListId="8c84fa94-04c1-424b-9868-57a2d4851a1d" relativeResultsDirectory="62a0ad82-7068-4686-b301-3a272f511e8f" />
    <UnitTestResult executionId="d73411c0-c4b2-4340-b75a-e636d5afd553" testId="c5b91782-e1f7-2774-701f-5275edeb9108" testName="Microsoft.AspNetCore.Components.ComponentsMetricsTest.CaptureEventDuration_RecordsErrorMetric" computerName="pkrvmbietmlfzoi" duration="00:00:00.0120929" startTime="2025-07-02T21:18:24.5446704+00:00" endTime="2025-07-02T21:18:24.5524737+00:00" testType="13cdc9d9-ddb5-4fa4-a97d-d965ccfc6d4b" outcome="Passed" testListId="8c84fa94-04c1-424b-9868-57a2d4851a1d" relativeResultsDirectory="d73411c0-c4b2-4340-b75a-e636d5afd553" />
    <UnitTestResult executionId="9fc4887c-c082-46e5-95e0-90c02363231c" testId="3949041a-d779-e1c3-707b-e4975ba46750" testName="Microsoft.AspNetCore.Components.Routing.RouteTableFactoryTests.CorrectlyMatchesVariableLengthSegments(path: &quot;/literal/value&quot;, expectedValue: &quot;value&quot;, first: &quot;literal&quot;, second: &quot;literal/{parameter?}&quot;, handler: typeof(Microsoft.AspNetCore.Components.Routing.RouteTableFactoryTests+TestHandler2))" computerName="pkrvmbietmlfzoi" duration="00:00:00.0010360" startTime="2025-07-02T21:18:24.5656042+00:00" endTime="2025-07-02T21:18:24.5657042+00:00" testType="13cdc9d9-ddb5-4fa4-a97d-d965ccfc6d4b" outcome="Passed" testListId="8c84fa94-04c1-424b-9868-57a2d4851a1d" relativeResultsDirectory="9fc4887c-c082-46e5-95e0-90c02363231c" />
    <UnitTestResult executionId="a63507f2-a77c-418b-b788-6341fb89c782" testId="5f92604e-9501-54cb-010b-c8142fddb778" testName="Microsoft.AspNetCore.Components.Rendering.RenderTreeBuilderTest.AddComponentParameter_Component_EventHandlerValue_SetsAttributeValue(value: Action`1 { Method = Void &lt;get_EventHandlerValues&gt;b__60_0(System.EventArgs), Target = &lt;&gt;c { } })" computerName="pkrvmbietmlfzoi" duration="00:00:00.0002355" startTime="2025-07-02T21:18:24.3721920+00:00" endTime="2025-07-02T21:18:24.3722852+00:00" testType="13cdc9d9-ddb5-4fa4-a97d-d965ccfc6d4b" outcome="Passed" testListId="8c84fa94-04c1-424b-9868-57a2d4851a1d" relativeResultsDirectory="a63507f2-a77c-418b-b788-6341fb89c782" />
    <UnitTestResult executionId="da72331a-ac1d-4966-805d-8b11f47caffc" testId="b7023af3-ab43-2a63-fe34-f8e6978eba33" testName="Microsoft.AspNetCore.Components.Test.RendererTest.DispatchEventAsync_Delegate_SynchronousCancellation" computerName="pkrvmbietmlfzoi" duration="00:00:00.0010494" startTime="2025-07-02T21:18:25.8180658+00:00" endTime="2025-07-02T21:18:25.8191382+00:00" testType="13cdc9d9-ddb5-4fa4-a97d-d965ccfc6d4b" outcome="Passed" testListId="8c84fa94-04c1-424b-9868-57a2d4851a1d" relativeResultsDirectory="da72331a-ac1d-4966-805d-8b11f47caffc" />
    <UnitTestResult executionId="89d1578f-fbc7-470a-b993-e01a37361e3f" testId="dd2288d4-43b0-da99-ab1e-b93a67cfd46f" testName="Microsoft.AspNetCore.Components.Test.RendererTest.RemoveRootComponentHandlesDisposalExceptions" computerName="pkrvmbietmlfzoi" duration="00:00:00.0413583" startTime="2025-07-02T21:18:24.1528491+00:00" endTime="2025-07-02T21:18:24.1783482+00:00" testType="13cdc9d9-ddb5-4fa4-a97d-d965ccfc6d4b" outcome="Passed" testListId="8c84fa94-04c1-424b-9868-57a2d4851a1d" relativeResultsDirectory="89d1578f-fbc7-470a-b993-e01a37361e3f" />
    <UnitTestResult executionId="104cfdbb-9126-445c-bcbd-c41099063464" testId="fac404be-6320-87f2-facc-6a59183bf4aa" testName="Microsoft.AspNetCore.Components.Routing.RouteTableFactoryTests.CanMatchMultipleOptionalParameterWithConstraint" computerName="pkrvmbietmlfzoi" duration="00:00:00.0073393" startTime="2025-07-02T21:18:24.5194137+00:00" endTime="2025-07-02T21:18:24.5258788+00:00" testType="13cdc9d9-ddb5-4fa4-a97d-d965ccfc6d4b" outcome="Passed" testListId="8c84fa94-04c1-424b-9868-57a2d4851a1d" relativeResultsDirectory="104cfdbb-9126-445c-bcbd-c41099063464" />
    <UnitTestResult executionId="030b1a15-3fa5-489e-a74f-6886f55f4417" testId="a43c6a7d-2b17-4359-3e27-294e9252f9fc" testName="Microsoft.AspNetCore.Components.Test.ComponentBaseTest.RenderRootComponentAsync_ReportsErrorDuringOnParameterSetAsync" computerName="pkrvmbietmlfzoi" duration="00:00:00.0221805" startTime="2025-07-02T21:18:24.1546601+00:00" endTime="2025-07-02T21:18:24.1567314+00:00" testType="13cdc9d9-ddb5-4fa4-a97d-d965ccfc6d4b" outcome="Passed" testListId="8c84fa94-04c1-424b-9868-57a2d4851a1d" relativeResultsDirectory="030b1a15-3fa5-489e-a74f-6886f55f4417" />
    <UnitTestResult executionId="9d0eb5f8-786f-48a6-9628-490378bbf482" testId="b6e6b523-694e-75c6-dd7d-b9344edeb2fb" testName="Microsoft.AspNetCore.Components.Routing.QueryParameterValueSupplierTest.RejectsBlankValuesWhenNotNullable(key: &quot;GuidVal&quot;, targetType: typeof(System.Guid))" computerName="pkrvmbietmlfzoi" duration="00:00:00.0000371" startTime="2025-07-02T21:18:24.1391048+00:00" endTime="2025-07-02T21:18:24.1392139+00:00" testType="13cdc9d9-ddb5-4fa4-a97d-d965ccfc6d4b" outcome="Passed" testListId="8c84fa94-04c1-424b-9868-57a2d4851a1d" relativeResultsDirectory="9d0eb5f8-786f-48a6-9628-490378bbf482" />
    <UnitTestResult executionId="727b1413-9fc4-49e5-bcf9-6691e11a72eb" testId="233e7dcd-9005-7636-7039-3596dad32fc3" testName="Microsoft.AspNetCore.Components.Test.RenderTreeDiffBuilderTest.SetsParametersOnChildComponents" computerName="pkrvmbietmlfzoi" duration="00:00:00.0010129" startTime="2025-07-02T21:18:24.4519044+00:00" endTime="2025-07-02T21:18:24.4527978+00:00" testType="13cdc9d9-ddb5-4fa4-a97d-d965ccfc6d4b" outcome="Passed" testListId="8c84fa94-04c1-424b-9868-57a2d4851a1d" relativeResultsDirectory="727b1413-9fc4-49e5-bcf9-6691e11a72eb" />
    <UnitTestResult executionId="b136641a-0cda-4d12-acf7-69d2abb4f0a5" testId="766c74f2-51f3-39cf-70e6-52bfabe49e02" testName="Microsoft.AspNetCore.Components.Test.RenderTreeDiffBuilderTest.RecognizesNamedEventChangingAssignedName" computerName="pkrvmbietmlfzoi" duration="00:00:00.0032456" startTime="2025-07-02T21:18:24.4425988+00:00" endTime="2025-07-02T21:18:24.4448455+00:00" testType="13cdc9d9-ddb5-4fa4-a97d-d965ccfc6d4b" outcome="Passed" testListId="8c84fa94-04c1-424b-9868-57a2d4851a1d" relativeResultsDirectory="b136641a-0cda-4d12-acf7-69d2abb4f0a5" />
    <UnitTestResult executionId="2a81123b-82e7-4278-b9df-cf0e47c33688" testId="c7260ebc-a696-37ef-e759-c0251b78d7a6" testName="Microsoft.AspNetCore.Components.Routing.RouteTableFactoryTests.CanMatchParameterWithConstraint(template: &quot;/{value:long}&quot;, contextUrl: &quot;/9223372036854775807&quot;, convertedValue: 9223372036854775807)" computerName="pkrvmbietmlfzoi" duration="00:00:00.0010135" startTime="2025-07-02T21:18:24.5488028+00:00" endTime="2025-07-02T21:18:24.5491408+00:00" testType="13cdc9d9-ddb5-4fa4-a97d-d965ccfc6d4b" outcome="Passed" testListId="8c84fa94-04c1-424b-9868-57a2d4851a1d" relativeResultsDirectory="2a81123b-82e7-4278-b9df-cf0e47c33688" />
    <UnitTestResult executionId="1651fd93-e918-4eae-92a2-c9027b503c09" testId="033f5ed5-1dd5-056d-7acc-6cdfc7b5d88b" testName="Microsoft.AspNetCore.Components.Rendering.RendererSynchronizationContextTest.InvokeAsync_Action_CanRunSynchronously_WhenNotBusy" computerName="pkrvmbietmlfzoi" duration="00:00:00.0027891" startTime="2025-07-02T21:18:24.4889462+00:00" endTime="2025-07-02T21:18:24.4930071+00:00" testType="13cdc9d9-ddb5-4fa4-a97d-d965ccfc6d4b" outcome="Passed" testListId="8c84fa94-04c1-424b-9868-57a2d4851a1d" relativeResultsDirectory="1651fd93-e918-4eae-92a2-c9027b503c09" />
    <UnitTestResult executionId="1f950a59-994a-4bc2-8202-cea7a55b7f39" testId="63cc9b17-12aa-a95f-34cb-4755c2085c67" testName="Microsoft.AspNetCore.Components.Test.DependencyInjectionTest.ThrowsIfNoSuchKeyedServiceIsRegistered" computerName="pkrvmbietmlfzoi" duration="00:00:00.0051416" startTime="2025-07-02T21:18:24.1227868+00:00" endTime="2025-07-02T21:18:24.1268983+00:00" testType="13cdc9d9-ddb5-4fa4-a97d-d965ccfc6d4b" outcome="Passed" testListId="8c84fa94-04c1-424b-9868-57a2d4851a1d" relativeResultsDirectory="1f950a59-994a-4bc2-8202-cea7a55b7f39" />
    <UnitTestResult executionId="20c8799e-db4e-4fae-9d1f-8d210f9bda7e" testId="d71dfa1b-c4fc-3a36-d676-61bb46c12419" testName="Microsoft.AspNetCore.Components.PersistentStateValueProviderTests.PersistenceFails_IfMultipleComponentsOfSameType_TryToPersistDataWithoutParentComponents" computerName="pkrvmbietmlfzoi" duration="00:00:00.0014442" startTime="2025-07-02T21:18:24.4993038+00:00" endTime="2025-07-02T21:18:24.5016279+00:00" testType="13cdc9d9-ddb5-4fa4-a97d-d965ccfc6d4b" outcome="Passed" testListId="8c84fa94-04c1-424b-9868-57a2d4851a1d" relativeResultsDirectory="20c8799e-db4e-4fae-9d1f-8d210f9bda7e" />
    <UnitTestResult executionId="b5a23d06-2261-4855-9185-c27c0c96cf8b" testId="150fbe30-c8ae-5a0f-d543-a739498df3bc" testName="Microsoft.AspNetCore.Components.Routing.RouteTableFactoryTests.MoreSpecificRoutesPrecedeMoreGeneralRoutes" computerName="pkrvmbietmlfzoi" duration="00:00:00.0007542" startTime="2025-07-02T21:18:24.5592974+00:00" endTime="2025-07-02T21:18:24.5593468+00:00" testType="13cdc9d9-ddb5-4fa4-a97d-d965ccfc6d4b" outcome="Passed" testListId="8c84fa94-04c1-424b-9868-57a2d4851a1d" relativeResultsDirectory="b5a23d06-2261-4855-9185-c27c0c96cf8b" />
    <UnitTestResult executionId="5288192d-e58e-425d-9790-6a0e674cdb13" testId="50874e2c-fd97-904a-d5b1-82b9239ca804" testName="Microsoft.AspNetCore.Components.Routing.QueryParameterValueSupplierTest.RejectsUnparseableArrayEntries(key: &quot;NullableDecimalVals&quot;, validValue: &quot;1.23&quot;, invalidValue: &quot;1.2.3&quot;, targetType: typeof(decimal?))" computerName="pkrvmbietmlfzoi" duration="00:00:00.0001324" startTime="2025-07-02T21:18:24.1264692+00:00" endTime="2025-07-02T21:18:24.1271525+00:00" testType="13cdc9d9-ddb5-4fa4-a97d-d965ccfc6d4b" outcome="Passed" testListId="8c84fa94-04c1-424b-9868-57a2d4851a1d" relativeResultsDirectory="5288192d-e58e-425d-9790-6a0e674cdb13" />
    <UnitTestResult executionId="9efa0b0e-ab70-4fb3-8245-8180df4e99a8" testId="536aaee6-86fe-69b6-7612-60a8fd8ec277" testName="Microsoft.AspNetCore.Components.Routing.RouteTableFactoryTests.CanMatchOptionalParameterWithConstraint(template: &quot;/optional/{value:decimal?}&quot;, contextUrl: &quot;/optional/&quot;, convertedValue: null)" computerName="pkrvmbietmlfzoi" duration="00:00:00.0004305" startTime="2025-07-02T21:18:24.5296746+00:00" endTime="2025-07-02T21:18:24.5297738+00:00" testType="13cdc9d9-ddb5-4fa4-a97d-d965ccfc6d4b" outcome="Passed" testListId="8c84fa94-04c1-424b-9868-57a2d4851a1d" relativeResultsDirectory="9efa0b0e-ab70-4fb3-8245-8180df4e99a8" />
    <UnitTestResult executionId="4bcfa2f4-f57b-406a-b0aa-4f09bd66d0a5" testId="c7260ebc-a696-37ef-e759-c0251b78d7a6" testName="Microsoft.AspNetCore.Components.Routing.RouteTableFactoryTests.CanMatchParameterWithConstraint(template: &quot;/{value:float}&quot;, contextUrl: &quot;/0.1&quot;, convertedValue: 0.100000001)" computerName="pkrvmbietmlfzoi" duration="00:00:00.0010450" startTime="2025-07-02T21:18:24.5456534+00:00" endTime="2025-07-02T21:18:24.5470375+00:00" testType="13cdc9d9-ddb5-4fa4-a97d-d965ccfc6d4b" outcome="Passed" testListId="8c84fa94-04c1-424b-9868-57a2d4851a1d" relativeResultsDirectory="4bcfa2f4-f57b-406a-b0aa-4f09bd66d0a5" />
    <UnitTestResult executionId="acd43073-9218-43d8-adda-79e803df1405" testId="a4eefc75-4bc7-7bb9-1e37-b607901cf423" testName="Microsoft.AspNetCore.Components.Test.RenderTreeDiffBuilderTest.SkipsUnmodifiedTrailingSiblings" computerName="pkrvmbietmlfzoi" duration="00:00:00.0004733" startTime="2025-07-02T21:18:24.4113759+00:00" endTime="2025-07-02T21:18:24.4118471+00:00" testType="13cdc9d9-ddb5-4fa4-a97d-d965ccfc6d4b" outcome="Passed" testListId="8c84fa94-04c1-424b-9868-57a2d4851a1d" relativeResultsDirectory="acd43073-9218-43d8-adda-79e803df1405" />
    <UnitTestResult executionId="145a8aa9-30d6-4d1b-83df-cbb4bfd70800" testId="eecf0f81-f633-63ac-6e92-b4d96edd6189" testName="Microsoft.AspNetCore.Components.Routing.RouteTableFactoryTests.CanMatchOptionalParameterWithConstraint(template: &quot;/optional/{value:bool?}&quot;, contextUrl: &quot;/optional/&quot;, convertedValue: null)" computerName="pkrvmbietmlfzoi" duration="00:00:00.0008652" startTime="2025-07-02T21:18:24.5287324+00:00" endTime="2025-07-02T21:18:24.5289931+00:00" testType="13cdc9d9-ddb5-4fa4-a97d-d965ccfc6d4b" outcome="Passed" testListId="8c84fa94-04c1-424b-9868-57a2d4851a1d" relativeResultsDirectory="145a8aa9-30d6-4d1b-83df-cbb4bfd70800" />
    <UnitTestResult executionId="f0e5958e-03a0-493e-be5c-b280b635bf95" testId="c1fdeac6-c0ce-41c9-b650-4ce7e72544da" testName="Microsoft.AspNetCore.Components.ResourceAssetCollectionTest.ResourceAsset_CanSerializeAndDeserialize_WithRespectRequiredConstructorParameters" computerName="pkrvmbietmlfzoi" duration="00:00:00.0019616" startTime="2025-07-02T21:18:24.1145192+00:00" endTime="2025-07-02T21:18:24.1149570+00:00" testType="13cdc9d9-ddb5-4fa4-a97d-d965ccfc6d4b" outcome="Passed" testListId="8c84fa94-04c1-424b-9868-57a2d4851a1d" relativeResultsDirectory="f0e5958e-03a0-493e-be5c-b280b635bf95" />
    <UnitTestResult executionId="b41cfca5-9698-489a-8112-35304c8cd014" testId="624010cb-e67e-634e-33bd-676b208306b2" testName="Microsoft.AspNetCore.Components.Routing.RouteTableFactoryTests.DoesNotMatchIfConstraintDoesNotMatch(template: &quot;/{value:bool}&quot;, contextUrl: &quot;/maybe&quot;)" computerName="pkrvmbietmlfzoi" duration="00:00:00.0004143" startTime="2025-07-02T21:18:24.5711678+00:00" endTime="2025-07-02T21:18:24.5719060+00:00" testType="13cdc9d9-ddb5-4fa4-a97d-d965ccfc6d4b" outcome="Passed" testListId="8c84fa94-04c1-424b-9868-57a2d4851a1d" relativeResultsDirectory="b41cfca5-9698-489a-8112-35304c8cd014" />
    <UnitTestResult executionId="790bae3b-be53-4705-bafd-6c8a4991b022" testId="255e4e07-2980-c85f-2575-8b2746034581" testName="Microsoft.AspNetCore.Components.Test.CascadingParameterTest.RetainsCascadingParametersWhenUpdatingDirectParameters" computerName="pkrvmbietmlfzoi" duration="00:00:00.0014484" startTime="2025-07-02T21:18:24.4597716+00:00" endTime="2025-07-02T21:18:24.4649870+00:00" testType="13cdc9d9-ddb5-4fa4-a97d-d965ccfc6d4b" outcome="Passed" testListId="8c84fa94-04c1-424b-9868-57a2d4851a1d" relativeResultsDirectory="790bae3b-be53-4705-bafd-6c8a4991b022" />
    <UnitTestResult executionId="f23c4388-fa66-46a5-8b39-2da948147ca9" testId="34939270-3f3b-163c-6f65-dbb13bcbaa0e" testName="Microsoft.AspNetCore.Components.PersistentStateValueProviderTests.PersistAsync_CanPersistMultipleComponentsOfSameType_WhenParentProvidesDifferentKeys" computerName="pkrvmbietmlfzoi" duration="00:00:00.0429197" startTime="2025-07-02T21:18:24.3846910+00:00" endTime="2025-07-02T21:18:24.4270876+00:00" testType="13cdc9d9-ddb5-4fa4-a97d-d965ccfc6d4b" outcome="Passed" testListId="8c84fa94-04c1-424b-9868-57a2d4851a1d" relativeResultsDirectory="f23c4388-fa66-46a5-8b39-2da948147ca9" />
    <UnitTestResult executionId="26235482-f94a-4a01-aae8-eb89c5598bbe" testId="e57b50d1-b22a-680b-49f3-004c8133d930" testName="Microsoft.AspNetCore.Components.Rendering.RendererSynchronizationContextTest.Post_BackgroundWorkItem_CanProcessMoreItemsInline" computerName="pkrvmbietmlfzoi" duration="00:00:00.0018104" startTime="2025-07-02T21:18:24.6334704+00:00" endTime="2025-07-02T21:18:24.6363926+00:00" testType="13cdc9d9-ddb5-4fa4-a97d-d965ccfc6d4b" outcome="Passed" testListId="8c84fa94-04c1-424b-9868-57a2d4851a1d" relativeResultsDirectory="26235482-f94a-4a01-aae8-eb89c5598bbe" />
    <UnitTestResult executionId="9d5c1b22-049a-4b0e-b196-48caffeede62" testId="006b894d-7068-832e-cacb-752c42f3ccb1" testName="Microsoft.AspNetCore.Components.BindConverterTest.FormatValue_Enum" computerName="pkrvmbietmlfzoi" duration="00:00:00.0050882" startTime="2025-07-02T21:18:24.2366118+00:00" endTime="2025-07-02T21:18:24.2474182+00:00" testType="13cdc9d9-ddb5-4fa4-a97d-d965ccfc6d4b" outcome="Passed" testListId="8c84fa94-04c1-424b-9868-57a2d4851a1d" relativeResultsDirectory="9d5c1b22-049a-4b0e-b196-48caffeede62" />
    <UnitTestResult executionId="ef796569-cdac-4550-aa18-cfd50f521579" testId="28a1b1bc-5f93-a8a0-f928-b85f6a685f03" testName="Microsoft.AspNetCore.Components.Test.DependencyInjectionTest.SetsKeyedInjectablePropertyValueIfKeyedServiceIsRegistered" computerName="pkrvmbietmlfzoi" duration="00:00:00.0003223" startTime="2025-07-02T21:18:24.1413395+00:00" endTime="2025-07-02T21:18:24.1414381+00:00" testType="13cdc9d9-ddb5-4fa4-a97d-d965ccfc6d4b" outcome="Passed" testListId="8c84fa94-04c1-424b-9868-57a2d4851a1d" relativeResultsDirectory="ef796569-cdac-4550-aa18-cfd50f521579" />
    <UnitTestResult executionId="110ac665-a5fb-430d-8f1d-aad60119409e" testId="108d1b64-f5ba-9b7c-332e-aa9a7556c688" testName="Microsoft.AspNetCore.Components.Rendering.SimplifiedStringHashComparerTest.EqualityIsCaseInsensitive" computerName="pkrvmbietmlfzoi" duration="00:00:00.0001951" startTime="2025-07-02T21:18:24.2984654+00:00" endTime="2025-07-02T21:18:24.2990193+00:00" testType="13cdc9d9-ddb5-4fa4-a97d-d965ccfc6d4b" outcome="Passed" testListId="8c84fa94-04c1-424b-9868-57a2d4851a1d" relativeResultsDirectory="110ac665-a5fb-430d-8f1d-aad60119409e" />
    <UnitTestResult executionId="c6367b43-28ca-411c-80e9-e67a2be1ec84" testId="5c5c39e8-4d1e-8571-9c73-7c5a4e8cc8b9" testName="Microsoft.AspNetCore.Components.Routing.RouteTableFactoryTests.OptionalParameterPlusCatchAllRoute(template: &quot;/{parameter?}/{*catchAll}&quot;, path: &quot;/value/1&quot;, parameterValue: &quot;value&quot;, catchAllValue: &quot;1&quot;)" computerName="pkrvmbietmlfzoi" duration="00:00:00.0003128" startTime="2025-07-02T21:18:24.5558547+00:00" endTime="2025-07-02T21:18:24.5559039+00:00" testType="13cdc9d9-ddb5-4fa4-a97d-d965ccfc6d4b" outcome="Passed" testListId="8c84fa94-04c1-424b-9868-57a2d4851a1d" relativeResultsDirectory="c6367b43-28ca-411c-80e9-e67a2be1ec84" />
    <UnitTestResult executionId="6fa37331-c872-4f8b-aeb4-13e2f8b95980" testId="4f08908f-6f68-d8e0-d4e8-a1ffc5e1e134" testName="Microsoft.AspNetCore.Components.Rendering.RendererSynchronizationContextTest.InvokeAsync_FuncT_CanRunAsynchronously_WhenBusy" computerName="pkrvmbietmlfzoi" duration="00:00:00.0022388" startTime="2025-07-02T21:18:24.6476287+00:00" endTime="2025-07-02T21:18:24.6500477+00:00" testType="13cdc9d9-ddb5-4fa4-a97d-d965ccfc6d4b" outcome="Passed" testListId="8c84fa94-04c1-424b-9868-57a2d4851a1d" relativeResultsDirectory="6fa37331-c872-4f8b-aeb4-13e2f8b95980" />
    <UnitTestResult executionId="085aff4e-d6d5-4544-a161-e6c3661c122d" testId="9171d650-755f-9c79-b4bd-0bdd2da43918" testName="Microsoft.AspNetCore.Components.EventCallbackTest.EventCallback_Action_IgnoresArg" computerName="pkrvmbietmlfzoi" duration="00:00:00.0010171" startTime="2025-07-02T21:18:24.3755662+00:00" endTime="2025-07-02T21:18:24.3768559+00:00" testType="13cdc9d9-ddb5-4fa4-a97d-d965ccfc6d4b" outcome="Passed" testListId="8c84fa94-04c1-424b-9868-57a2d4851a1d" relativeResultsDirectory="085aff4e-d6d5-4544-a161-e6c3661c122d" />
    <UnitTestResult executionId="80d10a44-be7b-40b8-ba4c-31fe56b0d587" testId="aa905d4f-80a3-c73d-f6a4-4f70a58f2dbb" testName="Microsoft.AspNetCore.Components.Test.RenderTreeDiffBuilderTest.RecognizesMarkupChanges" computerName="pkrvmbietmlfzoi" duration="00:00:00.0170240" startTime="2025-07-02T21:18:24.2000539+00:00" endTime="2025-07-02T21:18:24.2161924+00:00" testType="13cdc9d9-ddb5-4fa4-a97d-d965ccfc6d4b" outcome="Passed" testListId="8c84fa94-04c1-424b-9868-57a2d4851a1d" relativeResultsDirectory="80d10a44-be7b-40b8-ba4c-31fe56b0d587" />
    <UnitTestResult executionId="99af08f9-c360-4119-8896-c7f27c7f663b" testId="c032bd73-3111-8682-1ebf-f669ade197af" testName="Microsoft.AspNetCore.Components.Test.RendererTest.CannotGetEventArgsTypeForHandlerWithNonEventArgsParameter" computerName="pkrvmbietmlfzoi" duration="00:00:00.0008366" startTime="2025-07-02T21:18:24.7529059+00:00" endTime="2025-07-02T21:18:24.7536785+00:00" testType="13cdc9d9-ddb5-4fa4-a97d-d965ccfc6d4b" outcome="Passed" testListId="8c84fa94-04c1-424b-9868-57a2d4851a1d" relativeResultsDirectory="99af08f9-c360-4119-8896-c7f27c7f663b" />
    <UnitTestResult executionId="dda5fd93-d7b7-4f26-a733-18b7d03e0e83" testId="eee99d7e-704a-7e7c-1cc7-2964fa44d9e5" testName="Microsoft.AspNetCore.Components.ParameterViewTest.IncomingCascadingValueMatchesNoDeclaredParameter_Throws" computerName="pkrvmbietmlfzoi" duration="00:00:00.0013062" startTime="2025-07-02T21:18:24.0187363+00:00" endTime="2025-07-02T21:18:24.0188121+00:00" testType="13cdc9d9-ddb5-4fa4-a97d-d965ccfc6d4b" outcome="Passed" testListId="8c84fa94-04c1-424b-9868-57a2d4851a1d" relativeResultsDirectory="dda5fd93-d7b7-4f26-a733-18b7d03e0e83" />
    <UnitTestResult executionId="3fa02e65-1c25-495f-8e16-3dcb3313b210" testId="c89a7e78-1147-1717-297d-9655fffafaba" testName="Microsoft.AspNetCore.Components.Routing.RouteTableFactoryTests.DoesNotMatchIfConstraintDoesNotMatch(template: &quot;/{value:long}&quot;, contextUrl: &quot;/3.141&quot;)" computerName="pkrvmbietmlfzoi" duration="00:00:00.0002182" startTime="2025-07-02T21:18:24.5721427+00:00" endTime="2025-07-02T21:18:24.5722401+00:00" testType="13cdc9d9-ddb5-4fa4-a97d-d965ccfc6d4b" outcome="Passed" testListId="8c84fa94-04c1-424b-9868-57a2d4851a1d" relativeResultsDirectory="3fa02e65-1c25-495f-8e16-3dcb3313b210" />
    <UnitTestResult executionId="656b1874-5b9d-4dd1-9b8a-24e94edc126c" testId="f91e0c9e-d619-e37a-3c56-d24e6f6ed939" testName="AlwaysTestTests.SuccessfulTests.GuaranteedUnquarantinedTest" computerName="pkrvmbietmlfzoi" duration="00:00:00.0000663" startTime="2025-07-02T21:18:23.8627369+00:00" endTime="2025-07-02T21:18:23.8634833+00:00" testType="13cdc9d9-ddb5-4fa4-a97d-d965ccfc6d4b" outcome="Passed" testListId="8c84fa94-04c1-424b-9868-57a2d4851a1d" relativeResultsDirectory="656b1874-5b9d-4dd1-9b8a-24e94edc126c" />
    <UnitTestResult executionId="2b010e5a-8dc4-47c8-b8f8-5cba9b3285ce" testId="ed3d3649-5c65-1f1c-6637-1cd1f7bf31b9" testName="Microsoft.AspNetCore.Components.Test.RendererTest.RenderBatch_ReportsAsynchronousCancelationsAsErrors" computerName="pkrvmbietmlfzoi" duration="00:00:00.0011402" startTime="2025-07-02T21:18:24.5718675+00:00" endTime="2025-07-02T21:18:24.5728140+00:00" testType="13cdc9d9-ddb5-4fa4-a97d-d965ccfc6d4b" outcome="Passed" testListId="8c84fa94-04c1-424b-9868-57a2d4851a1d" relativeResultsDirectory="2b010e5a-8dc4-47c8-b8f8-5cba9b3285ce" />
    <UnitTestResult executionId="e2352a01-fdc0-475f-9b62-69420f8b4c39" testId="4318b8fe-5a60-77de-c96b-64e2190c2b22" testName="Microsoft.AspNetCore.Components.Rendering.RenderTreeBuilderTest.AddComponentParameter_Component_EventCallbackOfT_AddsFrame" computerName="pkrvmbietmlfzoi" duration="00:00:00.0009524" startTime="2025-07-02T21:18:24.2928843+00:00" endTime="2025-07-02T21:18:24.2935276+00:00" testType="13cdc9d9-ddb5-4fa4-a97d-d965ccfc6d4b" outcome="Passed" testListId="8c84fa94-04c1-424b-9868-57a2d4851a1d" relativeResultsDirectory="e2352a01-fdc0-475f-9b62-69420f8b4c39" />
    <UnitTestResult executionId="05db2fa9-19a8-46ca-a90d-6ae5b8c19e7f" testId="8d5cbeab-4a4b-b492-2d44-19c118deac86" testName="Microsoft.AspNetCore.Components.Rendering.RendererSynchronizationContextTest.Post_CanRunAsynchronously_WhenBusy" computerName="pkrvmbietmlfzoi" duration="00:00:00.0018469" startTime="2025-07-02T21:18:24.6365877+00:00" endTime="2025-07-02T21:18:24.6388808+00:00" testType="13cdc9d9-ddb5-4fa4-a97d-d965ccfc6d4b" outcome="Passed" testListId="8c84fa94-04c1-424b-9868-57a2d4851a1d" relativeResultsDirectory="05db2fa9-19a8-46ca-a90d-6ae5b8c19e7f" />
    <UnitTestResult executionId="a492323f-0b1d-4821-ac0a-dc0d9d023949" testId="745df416-405a-8e60-47a8-866485ad9966" testName="Microsoft.AspNetCore.Components.NavigationManagerTest.GetUriWithQueryParameter_RemovesWhenParameterValueIsNull(baseUri: &quot;scheme://host/?full%20name=Sally%Smith&amp;age=42&amp;FuLl&quot;···, expectedUri: &quot;scheme://host/?age=42&quot;)" computerName="pkrvmbietmlfzoi" duration="00:00:00.0000186" startTime="2025-07-02T21:18:23.9562800+00:00" endTime="2025-07-02T21:18:23.9563880+00:00" testType="13cdc9d9-ddb5-4fa4-a97d-d965ccfc6d4b" outcome="Passed" testListId="8c84fa94-04c1-424b-9868-57a2d4851a1d" relativeResultsDirectory="a492323f-0b1d-4821-ac0a-dc0d9d023949" />
    <UnitTestResult executionId="7e1feb49-611b-44fc-a8a4-639b808d8270" testId="2943dfdf-2f06-d9ad-1778-0311c3a01625" testName="Microsoft.AspNetCore.Components.BindConverterTest.FormatValue_NullableEnum" computerName="pkrvmbietmlfzoi" duration="00:00:00.0019767" startTime="2025-07-02T21:18:24.2767290+00:00" endTime="2025-07-02T21:18:24.2807058+00:00" testType="13cdc9d9-ddb5-4fa4-a97d-d965ccfc6d4b" outcome="Passed" testListId="8c84fa94-04c1-424b-9868-57a2d4851a1d" relativeResultsDirectory="7e1feb49-611b-44fc-a8a4-639b808d8270" />
    <UnitTestResult executionId="482ac472-45bf-4790-a770-6024449cac34" testId="7e522537-41c5-2350-467c-16610047dbcc" testName="Microsoft.AspNetCore.Components.Test.RendererTest.CanDispatchTypedEventsToTopLevelComponents" computerName="pkrvmbietmlfzoi" duration="00:00:00.0004716" startTime="2025-07-02T21:18:24.7360165+00:00" endTime="2025-07-02T21:18:24.7363729+00:00" testType="13cdc9d9-ddb5-4fa4-a97d-d965ccfc6d4b" outcome="Passed" testListId="8c84fa94-04c1-424b-9868-57a2d4851a1d" relativeResultsDirectory="482ac472-45bf-4790-a770-6024449cac34" />
    <UnitTestResult executionId="2bcf15cd-1d6f-472b-b5be-5b281177e75e" testId="b648bf31-77ef-264d-19e5-63d2e7afc6f7" testName="Microsoft.AspNetCore.Components.Routing.RoutePatternParserTests.InvalidTemplate_WithMismatchedBraces(template: &quot;{p&quot;, expectedMessage: &quot;There is an incomplete parameter in the route temp&quot;···)" computerName="pkrvmbietmlfzoi" duration="00:00:00.0000324" startTime="2025-07-02T21:18:24.2608658+00:00" endTime="2025-07-02T21:18:24.2630967+00:00" testType="13cdc9d9-ddb5-4fa4-a97d-d965ccfc6d4b" outcome="Passed" testListId="8c84fa94-04c1-424b-9868-57a2d4851a1d" relativeResultsDirectory="2bcf15cd-1d6f-472b-b5be-5b281177e75e" />
    <UnitTestResult executionId="7f3e748b-d761-4f83-80fa-e2ba3c50ae27" testId="0f48d723-a81b-fecc-2322-8b85ba6e23e5" testName="Microsoft.AspNetCore.Components.CascadingParameterStateTest.FindCascadingParameters_MatchingNameAndType_ReturnsMatches" computerName="pkrvmbietmlfzoi" duration="00:00:00.0010747" startTime="2025-07-02T21:18:24.4708272+00:00" endTime="2025-07-02T21:18:24.4711151+00:00" testType="13cdc9d9-ddb5-4fa4-a97d-d965ccfc6d4b" outcome="Passed" testListId="8c84fa94-04c1-424b-9868-57a2d4851a1d" relativeResultsDirectory="7f3e748b-d761-4f83-80fa-e2ba3c50ae27" />
    <UnitTestResult executionId="bcd1175b-bbd6-4f4e-a660-d0521ae4c1b3" testId="f4ab9703-6ef6-e663-52f0-542ec15f2250" testName="Microsoft.AspNetCore.Components.Routing.RoutePatternParserTests.Parse_MultipleParameters" computerName="pkrvmbietmlfzoi" duration="00:00:00.0001875" startTime="2025-07-02T21:18:24.2888574+00:00" endTime="2025-07-02T21:18:24.2889620+00:00" testType="13cdc9d9-ddb5-4fa4-a97d-d965ccfc6d4b" outcome="Passed" testListId="8c84fa94-04c1-424b-9868-57a2d4851a1d" relativeResultsDirectory="bcd1175b-bbd6-4f4e-a660-d0521ae4c1b3" />
    <UnitTestResult executionId="b5b50570-49ea-4b01-a007-c3bb990ef57e" testId="b9a276e6-46d2-7847-5571-499e8bbd6878" testName="Microsoft.AspNetCore.Components.Test.RenderTreeDiffBuilderTest.CanMoveAfterDeletedItem" computerName="pkrvmbietmlfzoi" duration="00:00:00.0011251" startTime="2025-07-02T21:18:24.4983020+00:00" endTime="2025-07-02T21:18:24.4984874+00:00" testType="13cdc9d9-ddb5-4fa4-a97d-d965ccfc6d4b" outcome="Passed" testListId="8c84fa94-04c1-424b-9868-57a2d4851a1d" relativeResultsDirectory="b5b50570-49ea-4b01-a007-c3bb990ef57e" />
    <UnitTestResult executionId="22a13b24-be21-4e76-a3bc-c1f929ef4fb1" testId="128ff9bc-b3cc-3552-a1f4-e92218deb52e" testName="Microsoft.AspNetCore.Components.Routing.QueryParameterValueSupplierTest.RejectsBlankValuesWhenNotNullable(key: &quot;IntVal&quot;, targetType: typeof(int))" computerName="pkrvmbietmlfzoi" duration="00:00:00.0000353" startTime="2025-07-02T21:18:24.1362937+00:00" endTime="2025-07-02T21:18:24.1363915+00:00" testType="13cdc9d9-ddb5-4fa4-a97d-d965ccfc6d4b" outcome="Passed" testListId="8c84fa94-04c1-424b-9868-57a2d4851a1d" relativeResultsDirectory="22a13b24-be21-4e76-a3bc-c1f929ef4fb1" />
    <UnitTestResult executionId="103c5082-a1d0-412b-842f-ee189b1b1bc3" testId="a360e344-9a40-88fd-0c0e-4ab261f56ed7" testName="Microsoft.AspNetCore.Components.NavigationManagerTest.ToBaseRelativePath_ThrowsForInvalidBaseRelativePaths(baseUri: &quot;scheme://host/&quot;, absoluteUri: &quot;otherscheme://host/&quot;)" computerName="pkrvmbietmlfzoi" duration="00:00:00.0000363" startTime="2025-07-02T21:18:24.0466887+00:00" endTime="2025-07-02T21:18:24.0467669+00:00" testType="13cdc9d9-ddb5-4fa4-a97d-d965ccfc6d4b" outcome="Passed" testListId="8c84fa94-04c1-424b-9868-57a2d4851a1d" relativeResultsDirectory="103c5082-a1d0-412b-842f-ee189b1b1bc3" />
    <UnitTestResult executionId="b9f839cd-e7cd-40a6-9b05-1281a2a3917a" testId="9ab7236c-4d4d-2d95-4d74-5d6c3d30a216" testName="Microsoft.AspNetCore.Components.Routing.RouteTableFactoryTests.CanMatchLiteralTemplate" computerName="pkrvmbietmlfzoi" duration="00:00:00.0004078" startTime="2025-07-02T21:18:24.5968858+00:00" endTime="2025-07-02T21:18:24.5969868+00:00" testType="13cdc9d9-ddb5-4fa4-a97d-d965ccfc6d4b" outcome="Passed" testListId="8c84fa94-04c1-424b-9868-57a2d4851a1d" relativeResultsDirectory="b9f839cd-e7cd-40a6-9b05-1281a2a3917a" />
    <UnitTestResult executionId="cf12d8c4-2ce1-4b70-886b-1f1eda3a53ab" testId="c429a811-ada0-279b-f942-ed2dc5748843" testName="Microsoft.AspNetCore.Components.Test.RendererTest.CanceledTasksInHandleAfterRender_AreIgnored" computerName="pkrvmbietmlfzoi" duration="00:00:00.0046904" startTime="2025-07-02T21:18:24.4950065+00:00" endTime="2025-07-02T21:18:24.4989625+00:00" testType="13cdc9d9-ddb5-4fa4-a97d-d965ccfc6d4b" outcome="Passed" testListId="8c84fa94-04c1-424b-9868-57a2d4851a1d" relativeResultsDirectory="cf12d8c4-2ce1-4b70-886b-1f1eda3a53ab" />
    <UnitTestResult executionId="149e21b5-8bf8-45ac-b987-449b75fca305" testId="0ecc3b00-0c6e-1b62-fced-abc05fd09b65" testName="Microsoft.AspNetCore.Components.Test.RenderTreeDiffBuilderTest.RecognizesTrailingSequenceWithinLoopBlockBeingRemoved" computerName="pkrvmbietmlfzoi" duration="00:00:00.0004899" startTime="2025-07-02T21:18:24.4589498+00:00" endTime="2025-07-02T21:18:24.4591117+00:00" testType="13cdc9d9-ddb5-4fa4-a97d-d965ccfc6d4b" outcome="Passed" testListId="8c84fa94-04c1-424b-9868-57a2d4851a1d" relativeResultsDirectory="149e21b5-8bf8-45ac-b987-449b75fca305" />
    <UnitTestResult executionId="a8b90a34-7301-4306-b2a0-f7d0798b3360" testId="4b1d891e-638c-5bdc-ffb0-c1810b2c53c7" testName="Microsoft.AspNetCore.Components.Test.RouteViewTest.RendersPageInsideLayoutView" computerName="pkrvmbietmlfzoi" duration="00:00:00.0115920" startTime="2025-07-02T21:18:24.4407060+00:00" endTime="2025-07-02T21:18:24.4485186+00:00" testType="13cdc9d9-ddb5-4fa4-a97d-d965ccfc6d4b" outcome="Passed" testListId="8c84fa94-04c1-424b-9868-57a2d4851a1d" relativeResultsDirectory="a8b90a34-7301-4306-b2a0-f7d0798b3360" />
    <UnitTestResult executionId="8f4967cd-8538-43e4-b5a9-ea5d91ed3411" testId="e4d0db74-56e0-0bee-d09b-6adcfb4cd190" testName="Microsoft.AspNetCore.Components.BindConverterTest.FormatValue_TimeOnly_Format" computerName="pkrvmbietmlfzoi" duration="00:00:00.0035685" startTime="2025-07-02T21:18:24.1890223+00:00" endTime="2025-07-02T21:18:24.1896657+00:00" testType="13cdc9d9-ddb5-4fa4-a97d-d965ccfc6d4b" outcome="Passed" testListId="8c84fa94-04c1-424b-9868-57a2d4851a1d" relativeResultsDirectory="8f4967cd-8538-43e4-b5a9-ea5d91ed3411" />
    <UnitTestResult executionId="06babeef-16b4-4be5-9867-c45d325dc007" testId="9ac88fac-570d-d8ee-d408-62790ae958c8" testName="Microsoft.AspNetCore.Components.Routing.QueryParameterValueSupplierTest.RejectsUnparseableArrayEntries(key: &quot;IntVals&quot;, validValue: &quot;5000000&quot;, invalidValue: &quot;5000000000&quot;, targetType: typeof(int))" computerName="pkrvmbietmlfzoi" duration="00:00:00.0024362" startTime="2025-07-02T21:18:24.1301799+00:00" endTime="2025-07-02T21:18:24.1317236+00:00" testType="13cdc9d9-ddb5-4fa4-a97d-d965ccfc6d4b" outcome="Passed" testListId="8c84fa94-04c1-424b-9868-57a2d4851a1d" relativeResultsDirectory="06babeef-16b4-4be5-9867-c45d325dc007" />
    <UnitTestResult executionId="7537a6c2-e875-48ea-a4cf-75c78cfc8e89" testId="d4eedd99-b110-4265-f758-a8dd5d74eaea" testName="Microsoft.AspNetCore.Components.Rendering.RenderTreeBuilderTest.ClosedElementsHaveCorrectSubtreeLength" computerName="pkrvmbietmlfzoi" duration="00:00:00.0002017" startTime="2025-07-02T21:18:24.4302093+00:00" endTime="2025-07-02T21:18:24.4303018+00:00" testType="13cdc9d9-ddb5-4fa4-a97d-d965ccfc6d4b" outcome="Passed" testListId="8c84fa94-04c1-424b-9868-57a2d4851a1d" relativeResultsDirectory="7537a6c2-e875-48ea-a4cf-75c78cfc8e89" />
    <UnitTestResult executionId="3bba8e02-7406-408a-b4c7-bc85450d692d" testId="8d654c0e-d220-fe90-bc9a-e710794c02a6" testName="Microsoft.AspNetCore.Components.Routing.RouteTableFactoryTests.DetectsAmbiguousRoutes(left: &quot;/{parameter}&quot;, right: &quot;/{parameter}/&quot;)" computerName="pkrvmbietmlfzoi" duration="00:00:00.0003727" startTime="2025-07-02T21:18:24.5781066+00:00" endTime="2025-07-02T21:18:24.5781995+00:00" testType="13cdc9d9-ddb5-4fa4-a97d-d965ccfc6d4b" outcome="Passed" testListId="8c84fa94-04c1-424b-9868-57a2d4851a1d" relativeResultsDirectory="3bba8e02-7406-408a-b4c7-bc85450d692d" />
    <UnitTestResult executionId="181ac1db-4658-4a31-85b4-4b31b9a649aa" testId="a32372ed-d0a8-5aa1-7910-a3a506cdc47e" testName="Microsoft.AspNetCore.Components.Routing.RouteTableFactoryTests.ThrowsWhenCatchAllIsNotTheLastSegment(template: &quot;prefix/{*catchall}/literal&quot;)" computerName="pkrvmbietmlfzoi" duration="00:00:00.0003100" startTime="2025-07-02T21:18:24.5647679+00:00" endTime="2025-07-02T21:18:24.5650713+00:00" testType="13cdc9d9-ddb5-4fa4-a97d-d965ccfc6d4b" outcome="Passed" testListId="8c84fa94-04c1-424b-9868-57a2d4851a1d" relativeResultsDirectory="181ac1db-4658-4a31-85b4-4b31b9a649aa" />
    <UnitTestResult executionId="b30b9a92-62d5-42fe-b594-724197bec7f3" testId="80702847-7610-090e-ea03-2730d2b1ccc6" testName="Microsoft.AspNetCore.Components.Rendering.RenderTreeBuilderTest.AddAttribute_Element_EventCallbackWithReceiverOfT_AddsFrame" computerName="pkrvmbietmlfzoi" duration="00:00:00.0020154" startTime="2025-07-02T21:18:24.4383625+00:00" endTime="2025-07-02T21:18:24.4390555+00:00" testType="13cdc9d9-ddb5-4fa4-a97d-d965ccfc6d4b" outcome="Passed" testListId="8c84fa94-04c1-424b-9868-57a2d4851a1d" relativeResultsDirectory="b30b9a92-62d5-42fe-b594-724197bec7f3" />
    <UnitTestResult executionId="cc6fa7a3-7e25-42a6-89b8-5dd99d53c399" testId="3be084ba-0445-e309-8f95-d60904a4ed45" testName="Microsoft.AspNetCore.Components.Test.RenderTreeDiffBuilderTest.AttributeDiff_WithSequentialSequenceNumber_AttributeRemovedInMiddle" computerName="pkrvmbietmlfzoi" duration="00:00:00.0004175" startTime="2025-07-02T21:18:24.4484185+00:00" endTime="2025-07-02T21:18:24.4489727+00:00" testType="13cdc9d9-ddb5-4fa4-a97d-d965ccfc6d4b" outcome="Passed" testListId="8c84fa94-04c1-424b-9868-57a2d4851a1d" relativeResultsDirectory="cc6fa7a3-7e25-42a6-89b8-5dd99d53c399" />
    <UnitTestResult executionId="f530d3d9-2ab1-453d-9f81-701d4a4535c0" testId="4781b651-73e0-3002-a676-132ebaaa0a2d" testName="Microsoft.AspNetCore.Components.Test.RenderTreeDiffBuilderTest.CanMoveBeforeDeletedItem" computerName="pkrvmbietmlfzoi" duration="00:00:00.0016224" startTime="2025-07-02T21:18:24.4418338+00:00" endTime="2025-07-02T21:18:24.4424357+00:00" testType="13cdc9d9-ddb5-4fa4-a97d-d965ccfc6d4b" outcome="Passed" testListId="8c84fa94-04c1-424b-9868-57a2d4851a1d" relativeResultsDirectory="f530d3d9-2ab1-453d-9f81-701d4a4535c0" />
    <UnitTestResult executionId="d02103d3-7061-416c-a3b5-100773efcea8" testId="f29c0848-a7ca-f136-1dcd-7586e9ef800e" testName="Microsoft.AspNetCore.Components.Test.RendererTest.SetParametersAsyncExceptionsCanBeHandledByClosestErrorBoundary_Sync" computerName="pkrvmbietmlfzoi" duration="00:00:00.0013851" startTime="2025-07-02T21:18:24.7795477+00:00" endTime="2025-07-02T21:18:24.7808281+00:00" testType="13cdc9d9-ddb5-4fa4-a97d-d965ccfc6d4b" outcome="Passed" testListId="8c84fa94-04c1-424b-9868-57a2d4851a1d" relativeResultsDirectory="d02103d3-7061-416c-a3b5-100773efcea8" />
    <UnitTestResult executionId="76d8173d-554e-45a4-a322-c73dac3ac106" testId="5778d31d-a5ce-c377-7f1a-1dc8ef313cae" testName="Microsoft.AspNetCore.Components.Test.RendererTest.DisposesEventHandlersWhenAttributeValueChanged" computerName="pkrvmbietmlfzoi" duration="00:00:00.0011449" startTime="2025-07-02T21:18:25.8427538+00:00" endTime="2025-07-02T21:18:25.8439230+00:00" testType="13cdc9d9-ddb5-4fa4-a97d-d965ccfc6d4b" outcome="Passed" testListId="8c84fa94-04c1-424b-9868-57a2d4851a1d" relativeResultsDirectory="76d8173d-554e-45a4-a322-c73dac3ac106" />
    <UnitTestResult executionId="3ae873fd-6c55-4f35-ba47-317146da1e7e" testId="5b9b34c7-0016-78ae-c940-5b0874601740" testName="Microsoft.AspNetCore.Components.Routing.RoutePatternParserTests.InvalidTemplate_ConsecutiveSeparatorsSlashSlashThrows" computerName="pkrvmbietmlfzoi" duration="00:00:00.0058343" startTime="2025-07-02T21:18:24.2654843+00:00" endTime="2025-07-02T21:18:24.2693672+00:00" testType="13cdc9d9-ddb5-4fa4-a97d-d965ccfc6d4b" outcome="Passed" testListId="8c84fa94-04c1-424b-9868-57a2d4851a1d" relativeResultsDirectory="3ae873fd-6c55-4f35-ba47-317146da1e7e" />
    <UnitTestResult executionId="52f0e192-8405-4427-8304-af719f37b5f9" testId="f5ee6b16-d267-6647-62b4-d9aca7c20b91" testName="Microsoft.AspNetCore.Components.Rendering.RendererSynchronizationContextTest.Post_RunsAsynchronously_WhenNotBusy_Exception" computerName="pkrvmbietmlfzoi" duration="00:00:00.0005449" startTime="2025-07-02T21:18:24.6627585+00:00" endTime="2025-07-02T21:18:24.6632830+00:00" testType="13cdc9d9-ddb5-4fa4-a97d-d965ccfc6d4b" outcome="Passed" testListId="8c84fa94-04c1-424b-9868-57a2d4851a1d" relativeResultsDirectory="52f0e192-8405-4427-8304-af719f37b5f9" />
    <UnitTestResult executionId="87191ff0-0c75-4178-b152-57ec03cec00b" testId="35ceb303-ff3d-80e6-3119-27b1e508a879" testName="Microsoft.AspNetCore.Components.ParameterViewTest.HasRemovedDirectParameters_ParameterReplacedAndAdded" computerName="pkrvmbietmlfzoi" duration="00:00:00.0003644" startTime="2025-07-02T21:18:24.0370304+00:00" endTime="2025-07-02T21:18:24.0371750+00:00" testType="13cdc9d9-ddb5-4fa4-a97d-d965ccfc6d4b" outcome="Passed" testListId="8c84fa94-04c1-424b-9868-57a2d4851a1d" relativeResultsDirectory="87191ff0-0c75-4178-b152-57ec03cec00b" />
    <UnitTestResult executionId="b443535f-10f0-49fe-911b-ecd5b31f3715" testId="d382518d-ac2b-8268-6b41-67aad5d08128" testName="Microsoft.AspNetCore.Components.Rendering.RenderTreeBuilderTest.CannotAddNamedEventWithNullEventType" computerName="pkrvmbietmlfzoi" duration="00:00:00.0002941" startTime="2025-07-02T21:18:24.4256883+00:00" endTime="2025-07-02T21:18:24.4257616+00:00" testType="13cdc9d9-ddb5-4fa4-a97d-d965ccfc6d4b" outcome="Passed" testListId="8c84fa94-04c1-424b-9868-57a2d4851a1d" relativeResultsDirectory="b443535f-10f0-49fe-911b-ecd5b31f3715" />
    <UnitTestResult executionId="82b4bd67-63a7-4c0c-bb42-d51a99226b65" testId="71dcb4c0-9b4b-30a5-ccdc-962fe349147d" testName="Microsoft.AspNetCore.Components.Routing.QueryParameterValueSupplierTest.RejectsUnparseableArrayEntries(key: &quot;NullableFloatVals&quot;, validValue: &quot;1000&quot;, invalidValue: &quot;1e1000&quot;, targetType: typeof(float?))" computerName="pkrvmbietmlfzoi" duration="00:00:00.0029414" startTime="2025-07-02T21:18:24.1230781+00:00" endTime="2025-07-02T21:18:24.1240261+00:00" testType="13cdc9d9-ddb5-4fa4-a97d-d965ccfc6d4b" outcome="Passed" testListId="8c84fa94-04c1-424b-9868-57a2d4851a1d" relativeResultsDirectory="82b4bd67-63a7-4c0c-bb42-d51a99226b65" />
    <UnitTestResult executionId="f4e54724-3e6f-4cfe-a36b-8232928eaeae" testId="1ea3d6c3-5796-4623-e893-9b8c6a95e32d" testName="Microsoft.AspNetCore.Components.Routing.RouteTableFactoryTests.DoesNotMatchIfDifferentNumberOfSegments(path: &quot;/some/awesome/route/with/extra/segments&quot;)" computerName="pkrvmbietmlfzoi" duration="00:00:00.0005009" startTime="2025-07-02T21:18:24.5823384+00:00" endTime="2025-07-02T21:18:24.5824380+00:00" testType="13cdc9d9-ddb5-4fa4-a97d-d965ccfc6d4b" outcome="Passed" testListId="8c84fa94-04c1-424b-9868-57a2d4851a1d" relativeResultsDirectory="f4e54724-3e6f-4cfe-a36b-8232928eaeae" />
    <UnitTestResult executionId="1bbf340d-7910-402c-9bd8-e0b7c0e49d2f" testId="ee779f3e-7df3-bd8a-7c62-57caa0d24085" testName="Microsoft.AspNetCore.Components.Rendering.RenderTreeBuilderTest.ClosedEmptyElementsHaveSubtreeLengthOne" computerName="pkrvmbietmlfzoi" duration="00:00:00.0001921" startTime="2025-07-02T21:18:24.3759464+00:00" endTime="2025-07-02T21:18:24.3760449+00:00" testType="13cdc9d9-ddb5-4fa4-a97d-d965ccfc6d4b" outcome="Passed" testListId="8c84fa94-04c1-424b-9868-57a2d4851a1d" relativeResultsDirectory="1bbf340d-7910-402c-9bd8-e0b7c0e49d2f" />
    <UnitTestResult executionId="4addb8ee-142f-43ec-8ba4-617551707638" testId="43a803fc-b906-cb5a-2a97-dbb10c59afbe" testName="Microsoft.AspNetCore.Components.Rendering.RenderTreeBuilderTest.CanAddMultipleReferenceCapturesToSameComponent" computerName="pkrvmbietmlfzoi" duration="00:00:00.0007661" startTime="2025-07-02T21:18:24.3594883+00:00" endTime="2025-07-02T21:18:24.3617447+00:00" testType="13cdc9d9-ddb5-4fa4-a97d-d965ccfc6d4b" outcome="Passed" testListId="8c84fa94-04c1-424b-9868-57a2d4851a1d" relativeResultsDirectory="4addb8ee-142f-43ec-8ba4-617551707638" />
    <UnitTestResult executionId="feba0123-96f5-4eeb-8c52-b1d28ba1e133" testId="974ef38e-3f12-31ea-eb28-dcd86bf10c0a" testName="Microsoft.AspNetCore.Components.Test.RendererTest.CanGetEventArgsTypeForParameterlessHandler" computerName="pkrvmbietmlfzoi" duration="00:00:00.0017374" startTime="2025-07-02T21:18:24.4925315+00:00" endTime="2025-07-02T21:18:24.4947543+00:00" testType="13cdc9d9-ddb5-4fa4-a97d-d965ccfc6d4b" outcome="Passed" testListId="8c84fa94-04c1-424b-9868-57a2d4851a1d" relativeResultsDirectory="feba0123-96f5-4eeb-8c52-b1d28ba1e133" />
    <UnitTestResult executionId="02c75d4a-fc8e-4d49-bb0a-aa189f7ee6c4" testId="f41f58f6-dae1-cb84-f7ce-226792cc9485" testName="Microsoft.AspNetCore.Components.Routing.RouteTableFactoryTests.OptionalParameterPlusCatchAllRoute(template: &quot;/{parameter?}/{*catchAll}&quot;, path: &quot;/parameter&quot;, parameterValue: &quot;parameter&quot;, catchAllValue: null)" computerName="pkrvmbietmlfzoi" duration="00:00:00.0006607" startTime="2025-07-02T21:18:24.5549889+00:00" endTime="2025-07-02T21:18:24.5554275+00:00" testType="13cdc9d9-ddb5-4fa4-a97d-d965ccfc6d4b" outcome="Passed" testListId="8c84fa94-04c1-424b-9868-57a2d4851a1d" relativeResultsDirectory="02c75d4a-fc8e-4d49-bb0a-aa189f7ee6c4" />
    <UnitTestResult executionId="11d0036b-1518-4d3f-bd12-3906cb450769" testId="72291666-445d-d494-2de9-cb072fe4d74d" testName="Microsoft.AspNetCore.Components.Routing.RouteTableFactoryTests.DoesNotThrowForNonAmbiguousRoutes(first: &quot;{param1?}/{param2?}/{param3?}/{optional?}&quot;, second: &quot;{param1?}/{param2?}/{param3?}/{optional:int?}&quot;)" computerName="pkrvmbietmlfzoi" duration="00:00:00.0004699" startTime="2025-07-02T21:18:24.5134323+00:00" endTime="2025-07-02T21:18:24.5135109+00:00" testType="13cdc9d9-ddb5-4fa4-a97d-d965ccfc6d4b" outcome="Passed" testListId="8c84fa94-04c1-424b-9868-57a2d4851a1d" relativeResultsDirectory="11d0036b-1518-4d3f-bd12-3906cb450769" />
    <UnitTestResult executionId="ab2706dd-b99c-4a52-aba4-42af55f37e9e" testId="241d8980-738d-491c-f7cc-a1fc0ef0c9e7" testName="Microsoft.AspNetCore.Components.NavigationManagerTest.ComputesCorrectBaseUri(baseUri: &quot;scheme://host:123/&quot;, expectedResult: &quot;scheme://host:123/&quot;)" computerName="pkrvmbietmlfzoi" duration="00:00:00.0000075" startTime="2025-07-02T21:18:23.9808839+00:00" endTime="2025-07-02T21:18:23.9809307+00:00" testType="13cdc9d9-ddb5-4fa4-a97d-d965ccfc6d4b" outcome="Passed" testListId="8c84fa94-04c1-424b-9868-57a2d4851a1d" relativeResultsDirectory="ab2706dd-b99c-4a52-aba4-42af55f37e9e" />
    <UnitTestResult executionId="b0a4789e-f89c-462f-b268-ee42512f54cd" testId="2c565792-9454-6858-6b8f-ed0b4fe92c7f" testName="Microsoft.AspNetCore.Components.DynamicComponentTest.RequiresTypeParameter" computerName="pkrvmbietmlfzoi" duration="00:00:00.0015623" startTime="2025-07-02T21:18:24.3102498+00:00" endTime="2025-07-02T21:18:24.3110971+00:00" testType="13cdc9d9-ddb5-4fa4-a97d-d965ccfc6d4b" outcome="Passed" testListId="8c84fa94-04c1-424b-9868-57a2d4851a1d" relativeResultsDirectory="b0a4789e-f89c-462f-b268-ee42512f54cd" />
    <UnitTestResult executionId="594d2b52-3205-479c-ab96-6625481065a9" testId="cccea001-0fd4-8a8c-2ed3-d5353b49df15" testName="Microsoft.AspNetCore.Components.Rendering.RenderTreeBuilderTest.ProcessDuplicateAttributes_CanRemoveDuplicateInsideElement" computerName="pkrvmbietmlfzoi" duration="00:00:00.0006141" startTime="2025-07-02T21:18:24.2739501+00:00" endTime="2025-07-02T21:18:24.2775661+00:00" testType="13cdc9d9-ddb5-4fa4-a97d-d965ccfc6d4b" outcome="Passed" testListId="8c84fa94-04c1-424b-9868-57a2d4851a1d" relativeResultsDirectory="594d2b52-3205-479c-ab96-6625481065a9" />
    <UnitTestResult executionId="a718aced-d13d-4cfa-866f-bba52880cbcf" testId="4ed0ae28-42dd-4646-c727-bd15f8ff9c6e" testName="Microsoft.AspNetCore.Components.Test.RendererTest.DisposeAsyncCallsComponentDisposeAsyncOnSyncContext" computerName="pkrvmbietmlfzoi" duration="00:00:00.0006295" startTime="2025-07-02T21:18:24.5506866+00:00" endTime="2025-07-02T21:18:24.5511339+00:00" testType="13cdc9d9-ddb5-4fa4-a97d-d965ccfc6d4b" outcome="Passed" testListId="8c84fa94-04c1-424b-9868-57a2d4851a1d" relativeResultsDirectory="a718aced-d13d-4cfa-866f-bba52880cbcf" />
    <UnitTestResult executionId="2208f7f3-3e5b-44fa-84e6-64f8e47594ce" testId="7874ddcf-b9f0-18bf-6f93-3e77bd0ad0fa" testName="Microsoft.AspNetCore.Components.Routing.RouteTableFactoryTests.CorrectlyMatchesVariableLengthSegments(path: &quot;/literal&quot;, expectedValue: null, first: &quot;literal&quot;, second: &quot;literal/{parameter?}&quot;, handler: typeof(Microsoft.AspNetCore.Components.Routing.RouteTableFactoryTests+TestHandler1))" computerName="pkrvmbietmlfzoi" duration="00:00:00.0006974" startTime="2025-07-02T21:18:24.5658778+00:00" endTime="2025-07-02T21:18:24.5659445+00:00" testType="13cdc9d9-ddb5-4fa4-a97d-d965ccfc6d4b" outcome="Passed" testListId="8c84fa94-04c1-424b-9868-57a2d4851a1d" relativeResultsDirectory="2208f7f3-3e5b-44fa-84e6-64f8e47594ce" />
    <UnitTestResult executionId="04d4d3ee-63c7-49f5-b7b9-6ee7f00e0b14" testId="df8c9b95-a255-3a68-4e47-6b2613e469f6" testName="Microsoft.AspNetCore.Components.Test.RendererTest.CannotRemoveSameRootComponentMultipleTimesSynchronously" computerName="pkrvmbietmlfzoi" duration="00:00:00.0009443" startTime="2025-07-02T21:18:25.8192932+00:00" endTime="2025-07-02T21:18:25.8202576+00:00" testType="13cdc9d9-ddb5-4fa4-a97d-d965ccfc6d4b" outcome="Passed" testListId="8c84fa94-04c1-424b-9868-57a2d4851a1d" relativeResultsDirectory="04d4d3ee-63c7-49f5-b7b9-6ee7f00e0b14" />
    <UnitTestResult executionId="a9d49f19-6201-4dd1-922d-9bc09520395e" testId="5c336b24-f4a8-d7c8-8fd0-90d7800190ff" testName="Microsoft.AspNetCore.Components.ParameterViewTest.CanInitializeUsingComponentWithNoDescendants" computerName="pkrvmbietmlfzoi" duration="00:00:00.0005255" startTime="2025-07-02T21:18:24.0230078+00:00" endTime="2025-07-02T21:18:24.0231144+00:00" testType="13cdc9d9-ddb5-4fa4-a97d-d965ccfc6d4b" outcome="Passed" testListId="8c84fa94-04c1-424b-9868-57a2d4851a1d" relativeResultsDirectory="a9d49f19-6201-4dd1-922d-9bc09520395e" />
    <UnitTestResult executionId="633dd934-fd75-44d6-9a13-8b18a1c619a5" testId="6c0220b6-5678-ede2-bd06-2929b0963682" testName="Microsoft.AspNetCore.Components.Rendering.RendererSynchronizationContextTest.InvokeAsync_FuncT_CanRunSynchronously_WhenNotBusy" computerName="pkrvmbietmlfzoi" duration="00:00:00.0005747" startTime="2025-07-02T21:18:24.6557499+00:00" endTime="2025-07-02T21:18:24.6562676+00:00" testType="13cdc9d9-ddb5-4fa4-a97d-d965ccfc6d4b" outcome="Passed" testListId="8c84fa94-04c1-424b-9868-57a2d4851a1d" relativeResultsDirectory="633dd934-fd75-44d6-9a13-8b18a1c619a5" />
    <UnitTestResult executionId="e312a0d6-7d3f-451f-8cac-156c20f3eb25" testId="15174ecc-e8e7-9804-ed43-c550532b51d6" testName="Microsoft.AspNetCore.Components.EventCallbackTest.EventCallbackOfT_ActionT_Arg" computerName="pkrvmbietmlfzoi" duration="00:00:00.0007506" startTime="2025-07-02T21:18:24.3149089+00:00" endTime="2025-07-02T21:18:24.3179298+00:00" testType="13cdc9d9-ddb5-4fa4-a97d-d965ccfc6d4b" outcome="Passed" testListId="8c84fa94-04c1-424b-9868-57a2d4851a1d" relativeResultsDirectory="e312a0d6-7d3f-451f-8cac-156c20f3eb25" />
    <UnitTestResult executionId="ba202569-760a-4c6c-9503-8c2996838aa3" testId="e3421d6f-c005-7ae0-7267-75090d5d450a" testName="Microsoft.AspNetCore.Components.Test.RenderTreeDiffBuilderTest.HandlesAdjacentItemsBeingRemovedAndInsertedAtOnce" computerName="pkrvmbietmlfzoi" duration="00:00:00.0006664" startTime="2025-07-02T21:18:24.3038026+00:00" endTime="2025-07-02T21:18:24.3056487+00:00" testType="13cdc9d9-ddb5-4fa4-a97d-d965ccfc6d4b" outcome="Passed" testListId="8c84fa94-04c1-424b-9868-57a2d4851a1d" relativeResultsDirectory="ba202569-760a-4c6c-9503-8c2996838aa3" />
    <UnitTestResult executionId="ecd5d584-219d-4fad-a4e8-cab9ffbfe0fa" testId="d3f0edac-7bec-8d13-6a13-d93b3ab4f6c1" testName="Microsoft.AspNetCore.Components.Test.DependencyInjectionTest.SetsInjectablePropertyValueIfServiceIsRegistered" computerName="pkrvmbietmlfzoi" duration="00:00:00.0005375" startTime="2025-07-02T21:18:24.1435259+00:00" endTime="2025-07-02T21:18:24.1441771+00:00" testType="13cdc9d9-ddb5-4fa4-a97d-d965ccfc6d4b" outcome="Passed" testListId="8c84fa94-04c1-424b-9868-57a2d4851a1d" relativeResultsDirectory="ecd5d584-219d-4fad-a4e8-cab9ffbfe0fa" />
    <UnitTestResult executionId="1c7890b1-a603-4214-aae9-5ed8c0030857" testId="ec726cff-5923-7d31-a7a9-dbbb22338bbc" testName="Microsoft.AspNetCore.Components.NavigationManagerTest.LocationChangingAsync_Throws_WithoutHandleLocationChangingHandlerOverride_WhenALocationChangingHandlerThrows_WhenMultipleHandlersAreRegistered" computerName="pkrvmbietmlfzoi" duration="00:00:00.0054570" startTime="2025-07-02T21:18:24.0755964+00:00" endTime="2025-07-02T21:18:24.0852077+00:00" testType="13cdc9d9-ddb5-4fa4-a97d-d965ccfc6d4b" outcome="Passed" testListId="8c84fa94-04c1-424b-9868-57a2d4851a1d" relativeResultsDirectory="1c7890b1-a603-4214-aae9-5ed8c0030857" />
    <UnitTestResult executionId="84aaec3f-b843-49e0-9388-a70e1900be96" testId="ac2e8896-c884-fbb9-8d56-af1fdcb2107c" testName="Microsoft.AspNetCore.Components.ComponentApplicationStateTest.InitializeExistingState_ThrowsIfAlreadyInitialized" computerName="pkrvmbietmlfzoi" duration="00:00:00.0004109" startTime="2025-07-02T21:18:24.1790203+00:00" endTime="2025-07-02T21:18:24.1795302+00:00" testType="13cdc9d9-ddb5-4fa4-a97d-d965ccfc6d4b" outcome="Passed" testListId="8c84fa94-04c1-424b-9868-57a2d4851a1d" relativeResultsDirectory="84aaec3f-b843-49e0-9388-a70e1900be96" />
    <UnitTestResult executionId="8ad0ec1f-eccf-4701-bbaa-9757fd28e98c" testId="caeae9d0-db52-6a30-6126-163d3940de00" testName="Microsoft.AspNetCore.Components.Rendering.RenderTreeBuilderTest.CannotAddComponentParameterToComponentReferenceCapture" computerName="pkrvmbietmlfzoi" duration="00:00:00.0004207" startTime="2025-07-02T21:18:24.2778401+00:00" endTime="2025-07-02T21:18:24.2783132+00:00" testType="13cdc9d9-ddb5-4fa4-a97d-d965ccfc6d4b" outcome="Passed" testListId="8c84fa94-04c1-424b-9868-57a2d4851a1d" relativeResultsDirectory="8ad0ec1f-eccf-4701-bbaa-9757fd28e98c" />
    <UnitTestResult executionId="1bf75219-f99b-4152-9098-5cac61a6b565" testId="27d3de46-4cc2-3f4c-576a-24dd3e6884a3" testName="Microsoft.AspNetCore.Components.NavigationManagerTest.LocationChangingHandlers_CanCancelTheNavigationAsynchronously_WhenOneHandlerIsRegistered" computerName="pkrvmbietmlfzoi" duration="00:00:00.0143718" startTime="2025-07-02T21:18:24.1507714+00:00" endTime="2025-07-02T21:18:24.1548019+00:00" testType="13cdc9d9-ddb5-4fa4-a97d-d965ccfc6d4b" outcome="Passed" testListId="8c84fa94-04c1-424b-9868-57a2d4851a1d" relativeResultsDirectory="1bf75219-f99b-4152-9098-5cac61a6b565" />
    <UnitTestResult executionId="d66c1886-3b39-40c7-860c-d0648619c66c" testId="41ab5ca1-d34d-635f-80e1-4bdec291c5b4" testName="Microsoft.AspNetCore.Components.ComponentApplicationStateTest.InitializeExistingState_SetupsState" computerName="pkrvmbietmlfzoi" duration="00:00:00.0002741" startTime="2025-07-02T21:18:24.1782343+00:00" endTime="2025-07-02T21:18:24.1787595+00:00" testType="13cdc9d9-ddb5-4fa4-a97d-d965ccfc6d4b" outcome="Passed" testListId="8c84fa94-04c1-424b-9868-57a2d4851a1d" relativeResultsDirectory="d66c1886-3b39-40c7-860c-d0648619c66c" />
    <UnitTestResult executionId="b53dd80a-0433-4f08-bfab-617720f02609" testId="a30ec4e1-e141-fbc7-e02e-c3494c21699f" testName="Microsoft.AspNetCore.Components.Routing.RouteTableFactoryTests.MultipleOptionalParametersWithPrefix(path: &quot;/prefix/1/2&quot;, segments: 2)" computerName="pkrvmbietmlfzoi" duration="00:00:00.0002921" startTime="2025-07-02T21:18:24.5873895+00:00" endTime="2025-07-02T21:18:24.5874366+00:00" testType="13cdc9d9-ddb5-4fa4-a97d-d965ccfc6d4b" outcome="Passed" testListId="8c84fa94-04c1-424b-9868-57a2d4851a1d" relativeResultsDirectory="b53dd80a-0433-4f08-bfab-617720f02609" />
    <UnitTestResult executionId="a0ffce0b-2f9c-4942-b5a8-5d22f4bcadaa" testId="8fbd8a0a-574b-04d8-be31-f1dd7753151e" testName="Microsoft.AspNetCore.Components.Test.RendererTest.CannotDispatchEventsWithUnknownEventHandlers" computerName="pkrvmbietmlfzoi" duration="00:00:00.0007453" startTime="2025-07-02T21:18:24.5490913+00:00" endTime="2025-07-02T21:18:24.5504718+00:00" testType="13cdc9d9-ddb5-4fa4-a97d-d965ccfc6d4b" outcome="Passed" testListId="8c84fa94-04c1-424b-9868-57a2d4851a1d" relativeResultsDirectory="a0ffce0b-2f9c-4942-b5a8-5d22f4bcadaa" />
    <UnitTestResult executionId="4493b812-e72d-4ef0-be4d-b5642dad94b7" testId="135da1e3-af3a-1f52-42c8-cdd786c6db9c" testName="Microsoft.AspNetCore.Components.CascadingParameterStateTest.FindCascadingParameters_WithSingleDelivery" computerName="pkrvmbietmlfzoi" duration="00:00:00.0002841" startTime="2025-07-02T21:18:24.4812414+00:00" endTime="2025-07-02T21:18:24.4819349+00:00" testType="13cdc9d9-ddb5-4fa4-a97d-d965ccfc6d4b" outcome="Passed" testListId="8c84fa94-04c1-424b-9868-57a2d4851a1d" relativeResultsDirectory="4493b812-e72d-4ef0-be4d-b5642dad94b7" />
    <UnitTestResult executionId="2e72bab8-8f47-4ae0-bbda-13e5168f1145" testId="a90615ce-8d14-43c7-0c2e-bace075f37d3" testName="Microsoft.AspNetCore.Components.Routing.RouteTableFactoryTests.CanMatchParameterTemplate(path: &quot;/value1&quot;, expectedValue: &quot;value1&quot;)" computerName="pkrvmbietmlfzoi" duration="00:00:00.0007800" startTime="2025-07-02T21:18:24.5836732+00:00" endTime="2025-07-02T21:18:24.5837741+00:00" testType="13cdc9d9-ddb5-4fa4-a97d-d965ccfc6d4b" outcome="Passed" testListId="8c84fa94-04c1-424b-9868-57a2d4851a1d" relativeResultsDirectory="2e72bab8-8f47-4ae0-bbda-13e5168f1145" />
    <UnitTestResult executionId="c28db47c-b572-4c53-b067-77150d62664a" testId="c2186276-e9c1-54a2-1d03-21beb3a481da" testName="Microsoft.AspNetCore.Components.NavigationManagerTest.Initialize_ThrowsForInvalidBaseRelativePaths(baseUri: &quot;scheme://host/path/&quot;, absoluteUri: &quot;scheme://host/&quot;)" computerName="pkrvmbietmlfzoi" duration="00:00:00.0003467" startTime="2025-07-02T21:18:23.9773947+00:00" endTime="2025-07-02T21:18:23.9775241+00:00" testType="13cdc9d9-ddb5-4fa4-a97d-d965ccfc6d4b" outcome="Passed" testListId="8c84fa94-04c1-424b-9868-57a2d4851a1d" relativeResultsDirectory="c28db47c-b572-4c53-b067-77150d62664a" />
    <UnitTestResult executionId="bd91e472-120e-4768-aee7-9c034fb3b705" testId="945b847a-cb6b-65f9-aef5-025cfe6ea6f3" testName="Microsoft.AspNetCore.Components.Test.RendererTest.AsyncComponentTriggeringRootReRenderDoesNotDeadlock" computerName="pkrvmbietmlfzoi" duration="00:00:00.0383234" startTime="2025-07-02T21:18:24.3222248+00:00" endTime="2025-07-02T21:18:24.3883648+00:00" testType="13cdc9d9-ddb5-4fa4-a97d-d965ccfc6d4b" outcome="Passed" testListId="8c84fa94-04c1-424b-9868-57a2d4851a1d" relativeResultsDirectory="bd91e472-120e-4768-aee7-9c034fb3b705" />
    <UnitTestResult executionId="509dfad2-1a2f-4fdd-bbd2-1da11f0619ea" testId="8595e9c2-3abd-e3a4-a13a-44c55b609405" testName="Microsoft.AspNetCore.Components.ComponentFactoryTest.InstantiateComponent_WithDerivedRenderModeOnDerivedComponent_CausesAmbiguousMatchException" computerName="pkrvmbietmlfzoi" duration="00:00:00.0017577" startTime="2025-07-02T21:18:24.1409521+00:00" endTime="2025-07-02T21:18:24.1436764+00:00" testType="13cdc9d9-ddb5-4fa4-a97d-d965ccfc6d4b" outcome="Passed" testListId="8c84fa94-04c1-424b-9868-57a2d4851a1d" relativeResultsDirectory="509dfad2-1a2f-4fdd-bbd2-1da11f0619ea" />
    <UnitTestResult executionId="9e60235b-c470-41b6-a3f6-e8e7b88ffc7f" testId="f549d320-befd-652a-311b-9ab7f554e2b5" testName="Microsoft.AspNetCore.Components.Routing.QueryParameterValueSupplierTest.RejectsBlankArrayEntriesWhenNotNullable(key: &quot;GuidVals&quot;, targetType: typeof(System.Guid))" computerName="pkrvmbietmlfzoi" duration="00:00:00.0069143" startTime="2025-07-02T21:18:24.1027281+00:00" endTime="2025-07-02T21:18:24.1095844+00:00" testType="13cdc9d9-ddb5-4fa4-a97d-d965ccfc6d4b" outcome="Passed" testListId="8c84fa94-04c1-424b-9868-57a2d4851a1d" relativeResultsDirectory="9e60235b-c470-41b6-a3f6-e8e7b88ffc7f" />
    <UnitTestResult executionId="371a1632-7e46-42c7-bee6-dca6c2174068" testId="6614e17b-bc62-8541-4092-f82acac83ebf" testName="Microsoft.AspNetCore.Components.BindConverterTest.FormatValue_DateTime_Format" computerName="pkrvmbietmlfzoi" duration="00:00:00.0002450" startTime="2025-07-02T21:18:24.2280408+00:00" endTime="2025-07-02T21:18:24.2355130+00:00" testType="13cdc9d9-ddb5-4fa4-a97d-d965ccfc6d4b" outcome="Passed" testListId="8c84fa94-04c1-424b-9868-57a2d4851a1d" relativeResultsDirectory="371a1632-7e46-42c7-bee6-dca6c2174068" />
    <UnitTestResult executionId="3e62e7ac-f3fd-4a9e-a3aa-47be9fe6410a" testId="86db1bc3-7981-1087-1825-b78cfa50a59a" testName="Microsoft.AspNetCore.Components.CascadingParameterStateTest.FindCascadingParameters_ComponentRequestsDerivedType_ReturnsEmpty" computerName="pkrvmbietmlfzoi" duration="00:00:00.0003797" startTime="2025-07-02T21:18:24.4795996+00:00" endTime="2025-07-02T21:18:24.4796892+00:00" testType="13cdc9d9-ddb5-4fa4-a97d-d965ccfc6d4b" outcome="Passed" testListId="8c84fa94-04c1-424b-9868-57a2d4851a1d" relativeResultsDirectory="3e62e7ac-f3fd-4a9e-a3aa-47be9fe6410a" />
    <UnitTestResult executionId="93d4487e-cd5c-415f-9939-988924c6232b" testId="f98074d2-3b8b-29f1-c246-0726c93127e7" testName="Microsoft.AspNetCore.Components.ResourceAssetCollectionTest.ResolvingNoFingerprintedResourcesReturnsSameUrl" computerName="pkrvmbietmlfzoi" duration="00:00:00.0003519" startTime="2025-07-02T21:18:24.1030741+00:00" endTime="2025-07-02T21:18:24.1061316+00:00" testType="13cdc9d9-ddb5-4fa4-a97d-d965ccfc6d4b" outcome="Passed" testListId="8c84fa94-04c1-424b-9868-57a2d4851a1d" relativeResultsDirectory="93d4487e-cd5c-415f-9939-988924c6232b" />
    <UnitTestResult executionId="646180d2-dac7-497e-b426-0006a582d362" testId="52c433ec-c6e9-b49a-7f64-e9d908c22a99" testName="Microsoft.AspNetCore.Components.EventCallbackFactoryBinderExtensionsTest.CreateBinder_NullableDateTime_Format" computerName="pkrvmbietmlfzoi" duration="00:00:00.0092873" startTime="2025-07-02T21:18:24.4373746+00:00" endTime="2025-07-02T21:18:24.4440476+00:00" testType="13cdc9d9-ddb5-4fa4-a97d-d965ccfc6d4b" outcome="Passed" testListId="8c84fa94-04c1-424b-9868-57a2d4851a1d" relativeResultsDirectory="646180d2-dac7-497e-b426-0006a582d362" />
    <UnitTestResult executionId="e091a9e2-f8ac-4ee2-8a33-d85bf0edbfc2" testId="b388759f-a49d-99d5-8209-71e56f780616" testName="Microsoft.AspNetCore.Components.Rendering.RenderTreeBuilderTest.AddAttribute_Component_EventHandlerValue_SetsAttributeValue(value: null)" computerName="pkrvmbietmlfzoi" duration="00:00:00.0015190" startTime="2025-07-02T21:18:24.4343880+00:00" endTime="2025-07-02T21:18:24.4352507+00:00" testType="13cdc9d9-ddb5-4fa4-a97d-d965ccfc6d4b" outcome="Passed" testListId="8c84fa94-04c1-424b-9868-57a2d4851a1d" relativeResultsDirectory="e091a9e2-f8ac-4ee2-8a33-d85bf0edbfc2" />
    <UnitTestResult executionId="86b0c245-df36-493c-a437-ba7d4a2919a0" testId="cb12c13a-86c2-25e6-f696-1cdf57c984ed" testName="Microsoft.AspNetCore.Components.Rendering.RenderTreeBuilderTest.AddAttribute_Element_ObjectAction_AddsFrame" computerName="pkrvmbietmlfzoi" duration="00:00:00.0007588" startTime="2025-07-02T21:18:24.4187351+00:00" endTime="2025-07-02T21:18:24.4187908+00:00" testType="13cdc9d9-ddb5-4fa4-a97d-d965ccfc6d4b" outcome="Passed" testListId="8c84fa94-04c1-424b-9868-57a2d4851a1d" relativeResultsDirectory="86b0c245-df36-493c-a437-ba7d4a2919a0" />
    <UnitTestResult executionId="cd6441ba-d243-4b66-87f1-9420be46d298" testId="cf4f6490-f2bf-763e-2790-78b013980152" testName="Microsoft.AspNetCore.Components.Routing.RouteTableFactoryTests.DoesNotMatchIfConstraintDoesNotMatch(template: &quot;/{value:decimal}&quot;, contextUrl: &quot;/hello&quot;)" computerName="pkrvmbietmlfzoi" duration="00:00:00.0003139" startTime="2025-07-02T21:18:24.5746505+00:00" endTime="2025-07-02T21:18:24.5747465+00:00" testType="13cdc9d9-ddb5-4fa4-a97d-d965ccfc6d4b" outcome="Passed" testListId="8c84fa94-04c1-424b-9868-57a2d4851a1d" relativeResultsDirectory="cd6441ba-d243-4b66-87f1-9420be46d298" />
    <UnitTestResult executionId="5687c63a-d493-4735-b621-e27d74495a68" testId="40b0e75f-9565-2fa4-a311-34c27eab4a03" testName="Microsoft.AspNetCore.Components.RenderTree.StackObjectPoolTest.CanReturnInstances" computerName="pkrvmbietmlfzoi" duration="00:00:00.0002757" startTime="2025-07-02T21:18:24.3238599+00:00" endTime="2025-07-02T21:18:24.3303895+00:00" testType="13cdc9d9-ddb5-4fa4-a97d-d965ccfc6d4b" outcome="Passed" testListId="8c84fa94-04c1-424b-9868-57a2d4851a1d" relativeResultsDirectory="5687c63a-d493-4735-b621-e27d74495a68" />
    <UnitTestResult executionId="56741e84-dc7a-40dc-bea8-741152562555" testId="f34f0f7d-03ec-64be-efba-40af2e4c3f10" testName="Microsoft.AspNetCore.Components.Routing.RouteTableFactoryTests.DoesNotThrowForNonAmbiguousRoutes(first: &quot;{param}/{optional?}&quot;, second: &quot;{param}&quot;)" computerName="pkrvmbietmlfzoi" duration="00:00:00.0005821" startTime="2025-07-02T21:18:24.5116382+00:00" endTime="2025-07-02T21:18:24.5120801+00:00" testType="13cdc9d9-ddb5-4fa4-a97d-d965ccfc6d4b" outcome="Passed" testListId="8c84fa94-04c1-424b-9868-57a2d4851a1d" relativeResultsDirectory="56741e84-dc7a-40dc-bea8-741152562555" />
    <UnitTestResult executionId="0dc3e741-9baa-4970-b1be-98b685d328ea" testId="edd21920-869c-107d-11c4-f8070a7ffe76" testName="Microsoft.AspNetCore.Components.Test.RenderTreeDiffBuilderTest.PreservesEventHandlerIdsForRetainedEventHandlers_SlowPath" computerName="pkrvmbietmlfzoi" duration="00:00:00.0037246" startTime="2025-07-02T21:18:24.4213958+00:00" endTime="2025-07-02T21:18:24.4238893+00:00" testType="13cdc9d9-ddb5-4fa4-a97d-d965ccfc6d4b" outcome="Passed" testListId="8c84fa94-04c1-424b-9868-57a2d4851a1d" relativeResultsDirectory="0dc3e741-9baa-4970-b1be-98b685d328ea" />
    <UnitTestResult executionId="f82e4727-ced6-4a5e-ba68-7deb98026d74" testId="a5a68e33-c134-f61b-ad7a-9c316bb5c6f3" testName="Microsoft.AspNetCore.Components.Rendering.RenderTreeBuilderTest.CanAddFragments" computerName="pkrvmbietmlfzoi" duration="00:00:00.0039721" startTime="2025-07-02T21:18:24.4189917+00:00" endTime="2025-07-02T21:18:24.4219092+00:00" testType="13cdc9d9-ddb5-4fa4-a97d-d965ccfc6d4b" outcome="Passed" testListId="8c84fa94-04c1-424b-9868-57a2d4851a1d" relativeResultsDirectory="f82e4727-ced6-4a5e-ba68-7deb98026d74" />
    <UnitTestResult executionId="6d502ae7-4c3d-4c60-9519-b05a6b96141f" testId="3f3faa4d-9dcc-024e-97a0-c6f2335fff9a" testName="Microsoft.AspNetCore.Components.Test.DependencyInjectionTest.ThrowsIfNoSuchServiceIsRegistered" computerName="pkrvmbietmlfzoi" duration="00:00:00.0032337" startTime="2025-07-02T21:18:24.1186505+00:00" endTime="2025-07-02T21:18:24.1225264+00:00" testType="13cdc9d9-ddb5-4fa4-a97d-d965ccfc6d4b" outcome="Passed" testListId="8c84fa94-04c1-424b-9868-57a2d4851a1d" relativeResultsDirectory="6d502ae7-4c3d-4c60-9519-b05a6b96141f" />
    <UnitTestResult executionId="59f985bb-4942-4812-a4e5-71ad6f6db405" testId="c5d8ae9b-c29c-8b55-6790-e49163237818" testName="Microsoft.AspNetCore.Components.ParameterViewTest.IncomingCascadingValueMatchesNonCascadingParameter_WithCaptureUnmatchedValues_Throws" computerName="pkrvmbietmlfzoi" duration="00:00:00.0006395" startTime="2025-07-02T21:18:24.0233542+00:00" endTime="2025-07-02T21:18:24.0234743+00:00" testType="13cdc9d9-ddb5-4fa4-a97d-d965ccfc6d4b" outcome="Passed" testListId="8c84fa94-04c1-424b-9868-57a2d4851a1d" relativeResultsDirectory="59f985bb-4942-4812-a4e5-71ad6f6db405" />
    <UnitTestResult executionId="c5c268fc-2e6b-4a88-a298-7836e6637f45" testId="1080a8fb-c4f5-1740-e9b9-cd24db7a0bc9" testName="Microsoft.AspNetCore.Components.PersistentStateValueProviderTests.PersistAsync_CanPersistMultipleComponentsOfSameType_SupportsDifferentKeyTypes(componentKey1: 42, componentKey2: -42)" computerName="pkrvmbietmlfzoi" duration="00:00:00.0010976" startTime="2025-07-02T21:18:24.5218515+00:00" endTime="2025-07-02T21:18:24.5219327+00:00" testType="13cdc9d9-ddb5-4fa4-a97d-d965ccfc6d4b" outcome="Passed" testListId="8c84fa94-04c1-424b-9868-57a2d4851a1d" relativeResultsDirectory="c5c268fc-2e6b-4a88-a298-7836e6637f45" />
    <UnitTestResult executionId="79516bbf-3a86-4ed1-b209-84a258704ea3" testId="2c3826bd-537f-23d7-b074-0f1c3fe00c74" testName="Microsoft.AspNetCore.Components.Test.RenderTreeDiffBuilderTest.RecognizesNamedEventBeingRemoved" computerName="pkrvmbietmlfzoi" duration="00:00:00.0193952" startTime="2025-07-02T21:18:24.4245937+00:00" endTime="2025-07-02T21:18:24.4414102+00:00" testType="13cdc9d9-ddb5-4fa4-a97d-d965ccfc6d4b" outcome="Passed" testListId="8c84fa94-04c1-424b-9868-57a2d4851a1d" relativeResultsDirectory="79516bbf-3a86-4ed1-b209-84a258704ea3" />
    <UnitTestResult executionId="6c7ded81-fda2-482e-8bc7-905a8ec27b59" testId="d5de9f83-2f57-b974-7739-faa0c4f2faf2" testName="Microsoft.AspNetCore.Components.Rendering.RendererSynchronizationContextTest.InvokeAsync_Action_CanRethrowExceptions" computerName="pkrvmbietmlfzoi" duration="00:00:00.0057485" startTime="2025-07-02T21:18:24.4167271+00:00" endTime="2025-07-02T21:18:24.4215312+00:00" testType="13cdc9d9-ddb5-4fa4-a97d-d965ccfc6d4b" outcome="Passed" testListId="8c84fa94-04c1-424b-9868-57a2d4851a1d" relativeResultsDirectory="6c7ded81-fda2-482e-8bc7-905a8ec27b59" />
    <UnitTestResult executionId="99bc6288-2962-4856-8e2b-ba1ab86ef501" testId="639b6493-3922-85ca-561c-da1c1afcbd53" testName="Microsoft.AspNetCore.Components.ParameterViewTest.CannotReadAfterLifetimeExpiry" computerName="pkrvmbietmlfzoi" duration="00:00:00.0038880" startTime="2025-07-02T21:18:24.0278298+00:00" endTime="2025-07-02T21:18:24.0282706+00:00" testType="13cdc9d9-ddb5-4fa4-a97d-d965ccfc6d4b" outcome="Passed" testListId="8c84fa94-04c1-424b-9868-57a2d4851a1d" relativeResultsDirectory="99bc6288-2962-4856-8e2b-ba1ab86ef501" />
    <UnitTestResult executionId="12b81c99-7a3c-4d4d-8475-1da7d56707cf" testId="1c9be97d-a705-15da-10a8-aa99be611b5c" testName="Microsoft.AspNetCore.Components.Test.RendererTest.DispatchEventHandlesSynchronousExceptionsFromEventHandlers" computerName="pkrvmbietmlfzoi" duration="00:00:00.0007061" startTime="2025-07-02T21:18:24.7470263+00:00" endTime="2025-07-02T21:18:24.7471422+00:00" testType="13cdc9d9-ddb5-4fa4-a97d-d965ccfc6d4b" outcome="Passed" testListId="8c84fa94-04c1-424b-9868-57a2d4851a1d" relativeResultsDirectory="12b81c99-7a3c-4d4d-8475-1da7d56707cf" />
    <UnitTestResult executionId="c6c75667-7163-4c07-b3e7-cd5af314869e" testId="d961c699-7fb4-7a7b-8fa3-59b1d8ea7137" testName="Microsoft.AspNetCore.Components.ComponentFactoryTest.InstantiateComponent_CreatesInstance_NonComponent" computerName="pkrvmbietmlfzoi" duration="00:00:00.0142254" startTime="2025-07-02T21:18:24.0974776+00:00" endTime="2025-07-02T21:18:24.0992637+00:00" testType="13cdc9d9-ddb5-4fa4-a97d-d965ccfc6d4b" outcome="Passed" testListId="8c84fa94-04c1-424b-9868-57a2d4851a1d" relativeResultsDirectory="c6c75667-7163-4c07-b3e7-cd5af314869e" />
    <UnitTestResult executionId="aa7c6dc2-d292-483e-97db-b877e4e5dd38" testId="5ac978f3-6caf-0d7e-a362-f33d3c6fcb75" testName="Microsoft.AspNetCore.Components.Routing.RoutePatternParserTests.Parse_MultipleOptionalParameters" computerName="pkrvmbietmlfzoi" duration="00:00:00.0005398" startTime="2025-07-02T21:18:24.2864969+00:00" endTime="2025-07-02T21:18:24.2886259+00:00" testType="13cdc9d9-ddb5-4fa4-a97d-d965ccfc6d4b" outcome="Passed" testListId="8c84fa94-04c1-424b-9868-57a2d4851a1d" relativeResultsDirectory="aa7c6dc2-d292-483e-97db-b877e4e5dd38" />
    <UnitTestResult executionId="a4d434c0-878c-4038-8531-9d83932cd9db" testId="6eb5bf9b-9651-6d1d-3a82-885bce2195f2" testName="Microsoft.AspNetCore.Components.EventCallbackFactoryTest.CreateT_FuncTask_AlreadyBoundToReceiver" computerName="pkrvmbietmlfzoi" duration="00:00:00.0001848" startTime="2025-07-02T21:18:24.0759366+00:00" endTime="2025-07-02T21:18:24.0759886+00:00" testType="13cdc9d9-ddb5-4fa4-a97d-d965ccfc6d4b" outcome="Passed" testListId="8c84fa94-04c1-424b-9868-57a2d4851a1d" relativeResultsDirectory="a4d434c0-878c-4038-8531-9d83932cd9db" />
    <UnitTestResult executionId="f1762058-f730-44d6-a3fd-203298e08087" testId="2213bde3-f5cd-cd4e-100a-68f771ca1d40" testName="Microsoft.AspNetCore.Components.RenderTree.ArrayBuilderTest.Dispose_ThrowsOnReuse" computerName="pkrvmbietmlfzoi" duration="00:00:00.0016497" startTime="2025-07-02T21:18:23.9970975+00:00" endTime="2025-07-02T21:18:23.9997971+00:00" testType="13cdc9d9-ddb5-4fa4-a97d-d965ccfc6d4b" outcome="Passed" testListId="8c84fa94-04c1-424b-9868-57a2d4851a1d" relativeResultsDirectory="f1762058-f730-44d6-a3fd-203298e08087" />
    <UnitTestResult executionId="fcf082ac-7024-45bf-918e-0016b098766f" testId="ff61cd54-4209-a5c2-bf2c-efe14c9d2d6f" testName="Microsoft.AspNetCore.Components.Test.RenderTreeDiffBuilderTest.CanMoveBeforeInsertedItem" computerName="pkrvmbietmlfzoi" duration="00:00:00.0203210" startTime="2025-07-02T21:18:24.2688082+00:00" endTime="2025-07-02T21:18:24.2932628+00:00" testType="13cdc9d9-ddb5-4fa4-a97d-d965ccfc6d4b" outcome="Passed" testListId="8c84fa94-04c1-424b-9868-57a2d4851a1d" relativeResultsDirectory="fcf082ac-7024-45bf-918e-0016b098766f" />
    <UnitTestResult executionId="346c5ddb-9cc4-4875-912b-7003e9ce6b80" testId="115722bf-16e6-a803-eb2d-de5e86639f73" testName="Microsoft.AspNetCore.Components.Routing.QueryParameterValueSupplierTest.AcceptsBlankArrayEntriesWhenNullable" computerName="pkrvmbietmlfzoi" duration="00:00:00.0017818" startTime="2025-07-02T21:18:24.2072079+00:00" endTime="2025-07-02T21:18:24.2125408+00:00" testType="13cdc9d9-ddb5-4fa4-a97d-d965ccfc6d4b" outcome="Passed" testListId="8c84fa94-04c1-424b-9868-57a2d4851a1d" relativeResultsDirectory="346c5ddb-9cc4-4875-912b-7003e9ce6b80" />
    <UnitTestResult executionId="668504b7-bfd6-4d95-b30b-bf6ff814d00d" testId="fbc3ef76-537d-0f89-3759-d889bd742fc4" testName="Microsoft.AspNetCore.Components.Routing.RouteTableFactoryTests.OptionalParameterEmpty" computerName="pkrvmbietmlfzoi" duration="00:00:00.0005486" startTime="2025-07-02T21:18:24.5829734+00:00" endTime="2025-07-02T21:18:24.5830698+00:00" testType="13cdc9d9-ddb5-4fa4-a97d-d965ccfc6d4b" outcome="Passed" testListId="8c84fa94-04c1-424b-9868-57a2d4851a1d" relativeResultsDirectory="668504b7-bfd6-4d95-b30b-bf6ff814d00d" />
    <UnitTestResult executionId="6f99e847-872f-41a2-8ce9-5efcf7020e3a" testId="17ea524f-1ea7-e888-4526-761ea396984a" testName="Microsoft.AspNetCore.Components.Rendering.RendererSynchronizationContextTest.InvokeAsync_FuncTask_CanRunAsynchronously_WhenBusy" computerName="pkrvmbietmlfzoi" duration="00:00:00.0016764" startTime="2025-07-02T21:18:24.6606822+00:00" endTime="2025-07-02T21:18:24.6626084+00:00" testType="13cdc9d9-ddb5-4fa4-a97d-d965ccfc6d4b" outcome="Passed" testListId="8c84fa94-04c1-424b-9868-57a2d4851a1d" relativeResultsDirectory="6f99e847-872f-41a2-8ce9-5efcf7020e3a" />
    <UnitTestResult executionId="550e016c-009e-4873-b727-4a4510f1b1ee" testId="43f4be32-cbbc-5755-6456-88c09b5c4b80" testName="Microsoft.AspNetCore.Components.Rendering.RenderTreeBuilderTest.AddAttribute_Component_ObjectBoolValue_SetsAttributeValue(value: False)" computerName="pkrvmbietmlfzoi" duration="00:00:00.0025196" startTime="2025-07-02T21:18:24.2425796+00:00" endTime="2025-07-02T21:18:24.2465507+00:00" testType="13cdc9d9-ddb5-4fa4-a97d-d965ccfc6d4b" outcome="Passed" testListId="8c84fa94-04c1-424b-9868-57a2d4851a1d" relativeResultsDirectory="550e016c-009e-4873-b727-4a4510f1b1ee" />
    <UnitTestResult executionId="7f137ff0-46d1-47b2-9d3e-c53898f63f66" testId="27516aa1-1f97-1dea-8660-6557bd2a668f" testName="Microsoft.AspNetCore.Components.RenderTree.ArrayBuilderTest.Append_SingleItem" computerName="pkrvmbietmlfzoi" duration="00:00:00.0002656" startTime="2025-07-02T21:18:23.9825420+00:00" endTime="2025-07-02T21:18:23.9830438+00:00" testType="13cdc9d9-ddb5-4fa4-a97d-d965ccfc6d4b" outcome="Passed" testListId="8c84fa94-04c1-424b-9868-57a2d4851a1d" relativeResultsDirectory="7f137ff0-46d1-47b2-9d3e-c53898f63f66" />
    <UnitTestResult executionId="f7e31455-8ef2-48e6-bd73-df83e895ab35" testId="9000728a-3a9f-07e0-b415-31a7c48348e1" testName="Microsoft.AspNetCore.Components.Routing.RouteKeyTest.RouteKey_WithAdditionalAssemblies_DifferentAdditionalAssemblies" computerName="pkrvmbietmlfzoi" duration="00:00:00.0204437" startTime="2025-07-02T21:18:24.1565993+00:00" endTime="2025-07-02T21:18:24.1571764+00:00" testType="13cdc9d9-ddb5-4fa4-a97d-d965ccfc6d4b" outcome="Passed" testListId="8c84fa94-04c1-424b-9868-57a2d4851a1d" relativeResultsDirectory="f7e31455-8ef2-48e6-bd73-df83e895ab35" />
    <UnitTestResult executionId="e8ac5714-498f-4b65-85e0-9aa17cedb89a" testId="0091b289-0660-dba3-f682-4d4e6849e1ae" testName="Microsoft.AspNetCore.Components.Routing.RoutePatternParserTests.InvalidTemplate_NonOptionalParamAfterOptionalParam" computerName="pkrvmbietmlfzoi" duration="00:00:00.0010000" startTime="2025-07-02T21:18:24.2457885+00:00" endTime="2025-07-02T21:18:24.2458491+00:00" testType="13cdc9d9-ddb5-4fa4-a97d-d965ccfc6d4b" outcome="NotExecuted" testListId="8c84fa94-04c1-424b-9868-57a2d4851a1d" relativeResultsDirectory="e8ac5714-498f-4b65-85e0-9aa17cedb89a">
      <Output>
        <ErrorInfo>
          <Message>It's ok to have literals after optional parameters. They just aren't optional.</Message>
        </ErrorInfo>
      </Output>
    </UnitTestResult>
    <UnitTestResult executionId="1e64ad50-feb6-460a-b5e1-20a25a7e83c9" testId="beaeebef-85e4-296b-fa59-603a5d4647c8" testName="Microsoft.AspNetCore.Components.Test.RenderTreeDiffBuilderTest.SkipsUnmodifiedSubtrees" computerName="pkrvmbietmlfzoi" duration="00:00:00.0016698" startTime="2025-07-02T21:18:24.3840826+00:00" endTime="2025-07-02T21:18:24.3856120+00:00" testType="13cdc9d9-ddb5-4fa4-a97d-d965ccfc6d4b" outcome="Passed" testListId="8c84fa94-04c1-424b-9868-57a2d4851a1d" relativeResultsDirectory="1e64ad50-feb6-460a-b5e1-20a25a7e83c9" />
    <UnitTestResult executionId="5f338cc2-da03-4641-a343-7a36685efc72" testId="de82b09f-cead-b05e-4518-4fa1ae50fe71" testName="Microsoft.AspNetCore.Components.Rendering.RenderTreeBuilderTest.AddComponentParameter_Component_StringValue_SetsAttributeValue(value: null)" computerName="pkrvmbietmlfzoi" duration="00:00:00.0005486" startTime="2025-07-02T21:18:24.2011780+00:00" endTime="2025-07-02T21:18:24.2012843+00:00" testType="13cdc9d9-ddb5-4fa4-a97d-d965ccfc6d4b" outcome="Passed" testListId="8c84fa94-04c1-424b-9868-57a2d4851a1d" relativeResultsDirectory="5f338cc2-da03-4641-a343-7a36685efc72" />
    <UnitTestResult executionId="80949c10-1aea-4993-b64a-5cd407a04460" testId="393e481b-158c-75bb-3e76-8ea5ce6b7bcb" testName="Microsoft.AspNetCore.Components.Routing.RouteTableFactoryTests.DoesNotMatchIfConstraintDoesNotMatch(template: &quot;/{value:datetime}&quot;, contextUrl: &quot;/1955-01-32&quot;)" computerName="pkrvmbietmlfzoi" duration="00:00:00.0003038" startTime="2025-07-02T21:18:24.5727167+00:00" endTime="2025-07-02T21:18:24.5730475+00:00" testType="13cdc9d9-ddb5-4fa4-a97d-d965ccfc6d4b" outcome="Passed" testListId="8c84fa94-04c1-424b-9868-57a2d4851a1d" relativeResultsDirectory="80949c10-1aea-4993-b64a-5cd407a04460" />
    <UnitTestResult executionId="758b63ce-bfaf-4e5e-a22f-8b500ac17c77" testId="3db6146b-8753-2f6f-7e63-f3f5ffe3108c" testName="Microsoft.AspNetCore.Components.PersistentState.PersistentServicesRegistryTest.ResolveRegistrations_RemovesDuplicateRegistrations" computerName="pkrvmbietmlfzoi" duration="00:00:00.0021047" startTime="2025-07-02T21:18:24.3627260+00:00" endTime="2025-07-02T21:18:24.3663941+00:00" testType="13cdc9d9-ddb5-4fa4-a97d-d965ccfc6d4b" outcome="Passed" testListId="8c84fa94-04c1-424b-9868-57a2d4851a1d" relativeResultsDirectory="758b63ce-bfaf-4e5e-a22f-8b500ac17c77" />
    <UnitTestResult executionId="55c9dc49-4405-4587-ac8c-44279a303c5a" testId="bc22ce3e-f4f8-d01e-aaad-f263a7472c7b" testName="Microsoft.AspNetCore.Components.Routing.RoutePatternParserTests.Parse_MixedLiteralParameterAndCatchAllParameter" computerName="pkrvmbietmlfzoi" duration="00:00:00.0022233" startTime="2025-07-02T21:18:24.2782034+00:00" endTime="2025-07-02T21:18:24.2818065+00:00" testType="13cdc9d9-ddb5-4fa4-a97d-d965ccfc6d4b" outcome="Passed" testListId="8c84fa94-04c1-424b-9868-57a2d4851a1d" relativeResultsDirectory="55c9dc49-4405-4587-ac8c-44279a303c5a" />
    <UnitTestResult executionId="b047c67a-be65-4ff9-bde0-2bba6ae07158" testId="078c0616-478d-1187-05e3-c8567a9159a6" testName="Microsoft.AspNetCore.Components.Test.RenderTreeDiffBuilderTest.RejectsClashingKeysEvenIfAllPairsMatch" computerName="pkrvmbietmlfzoi" duration="00:00:00.0005453" startTime="2025-07-02T21:18:24.3059548+00:00" endTime="2025-07-02T21:18:24.3066580+00:00" testType="13cdc9d9-ddb5-4fa4-a97d-d965ccfc6d4b" outcome="Passed" testListId="8c84fa94-04c1-424b-9868-57a2d4851a1d" relativeResultsDirectory="b047c67a-be65-4ff9-bde0-2bba6ae07158" />
    <UnitTestResult executionId="49be6b3c-d00c-478f-93bb-d995b11ec4bd" testId="44b7d3e3-203a-30d8-5239-484d4606593c" testName="Microsoft.AspNetCore.Components.Routing.RouterTest.CanRunOnNavigateAsync" computerName="pkrvmbietmlfzoi" duration="00:00:00.0031568" startTime="2025-07-02T21:18:24.2815910+00:00" endTime="2025-07-02T21:18:24.2866050+00:00" testType="13cdc9d9-ddb5-4fa4-a97d-d965ccfc6d4b" outcome="Passed" testListId="8c84fa94-04c1-424b-9868-57a2d4851a1d" relativeResultsDirectory="49be6b3c-d00c-478f-93bb-d995b11ec4bd" />
    <UnitTestResult executionId="d0fc4f58-7288-4d98-b4b7-fbeae9fcabf0" testId="b9cc6e73-fd02-ca09-262a-4e2c29db07b3" testName="Microsoft.AspNetCore.Components.Rendering.RenderTreeBuilderTest.ReportsUnclosedComponentAsInvalid" computerName="pkrvmbietmlfzoi" duration="00:00:00.0003580" startTime="2025-07-02T21:18:24.3185962+00:00" endTime="2025-07-02T21:18:24.3191996+00:00" testType="13cdc9d9-ddb5-4fa4-a97d-d965ccfc6d4b" outcome="Passed" testListId="8c84fa94-04c1-424b-9868-57a2d4851a1d" relativeResultsDirectory="d0fc4f58-7288-4d98-b4b7-fbeae9fcabf0" />
    <UnitTestResult executionId="aa5a8ca6-2366-44aa-86c0-8243580bfde6" testId="c6a29e9c-75e6-4688-a5b4-390c4a86d531" testName="Microsoft.AspNetCore.Components.ParameterViewTest.HasDuplicateCaptureUnmatchedValuesParameters_Throws" computerName="pkrvmbietmlfzoi" duration="00:00:00.0052046" startTime="2025-07-02T21:18:24.1667099+00:00" endTime="2025-07-02T21:18:24.1683945+00:00" testType="13cdc9d9-ddb5-4fa4-a97d-d965ccfc6d4b" outcome="Passed" testListId="8c84fa94-04c1-424b-9868-57a2d4851a1d" relativeResultsDirectory="aa5a8ca6-2366-44aa-86c0-8243580bfde6" />
    <UnitTestResult executionId="026ccd50-f6b3-4c6a-b7bd-ffeacbbd816f" testId="1f54398c-5f12-90e2-7cb6-f40a4a03dee3" testName="Microsoft.AspNetCore.Components.ComponentStatePersistenceManagerTest.PersistStateAsync_CallbacksAreRemovedWhenSubscriptionsAreDisposed" computerName="pkrvmbietmlfzoi" duration="00:00:00.0079462" startTime="2025-07-02T21:18:24.2700165+00:00" endTime="2025-07-02T21:18:24.2822947+00:00" testType="13cdc9d9-ddb5-4fa4-a97d-d965ccfc6d4b" outcome="Passed" testListId="8c84fa94-04c1-424b-9868-57a2d4851a1d" relativeResultsDirectory="026ccd50-f6b3-4c6a-b7bd-ffeacbbd816f" />
    <UnitTestResult executionId="a5260294-bc42-44d5-a176-4c5c7af6d535" testId="0e5b3705-4dae-2181-2558-00a8f7b1941e" testName="Microsoft.AspNetCore.Components.Rendering.RenderTreeBuilderTest.CannotAddEventHandlerAttributeToText" computerName="pkrvmbietmlfzoi" duration="00:00:00.0006832" startTime="2025-07-02T21:18:24.3781274+00:00" endTime="2025-07-02T21:18:24.3805370+00:00" testType="13cdc9d9-ddb5-4fa4-a97d-d965ccfc6d4b" outcome="Passed" testListId="8c84fa94-04c1-424b-9868-57a2d4851a1d" relativeResultsDirectory="a5260294-bc42-44d5-a176-4c5c7af6d535" />
    <UnitTestResult executionId="2ff61826-756a-4063-ac00-4c36f069081e" testId="e52b4f59-8085-c3b1-d6bd-43341fa8895b" testName="Microsoft.AspNetCore.Components.Test.RendererTest.DisposingRenderer_UnsubsribesFromHotReloadManager" computerName="pkrvmbietmlfzoi" duration="00:00:00.0009101" startTime="2025-07-02T21:18:24.5474849+00:00" endTime="2025-07-02T21:18:24.5477920+00:00" testType="13cdc9d9-ddb5-4fa4-a97d-d965ccfc6d4b" outcome="Passed" testListId="8c84fa94-04c1-424b-9868-57a2d4851a1d" relativeResultsDirectory="2ff61826-756a-4063-ac00-4c36f069081e" />
    <UnitTestResult executionId="8e56ea8e-a82d-478b-853c-f84e8f751be8" testId="87cc8458-82ab-24eb-f74f-be03af682cd0" testName="Microsoft.AspNetCore.Components.Routing.RouteTableFactoryTests.CorrectlyMatchesVariableLengthSegments(path: &quot;/literal/value/other&quot;, expectedValue: &quot;value/other&quot;, first: &quot;literal /{parameter?}&quot;, second: &quot;literal/{*parameter}&quot;, handler: typeof(Microsoft.AspNetCore.Components.Routing.RouteTableFactoryTests+TestHandler2))" computerName="pkrvmbietmlfzoi" duration="00:00:00.0003819" startTime="2025-07-02T21:18:24.5676075+00:00" endTime="2025-07-02T21:18:24.5676976+00:00" testType="13cdc9d9-ddb5-4fa4-a97d-d965ccfc6d4b" outcome="Passed" testListId="8c84fa94-04c1-424b-9868-57a2d4851a1d" relativeResultsDirectory="8e56ea8e-a82d-478b-853c-f84e8f751be8" />
    <UnitTestResult executionId="b25918c6-5fec-41b7-9ac4-ea9d1192248f" testId="a8679e2b-eb4c-db49-2910-f062c807e91e" testName="Microsoft.AspNetCore.Components.Test.RendererTest.CanDispatchActionEventsToTopLevelComponents" computerName="pkrvmbietmlfzoi" duration="00:00:00.0003803" startTime="2025-07-02T21:18:25.8660678+00:00" endTime="2025-07-02T21:18:25.8664182+00:00" testType="13cdc9d9-ddb5-4fa4-a97d-d965ccfc6d4b" outcome="Passed" testListId="8c84fa94-04c1-424b-9868-57a2d4851a1d" relativeResultsDirectory="b25918c6-5fec-41b7-9ac4-ea9d1192248f" />
    <UnitTestResult executionId="22b9f339-46b5-4c99-a2bb-037aa7ffd988" testId="9a7d5f40-4e7e-6a86-547c-7a257976cbd9" testName="Microsoft.AspNetCore.Components.Test.RendererTest.HandlesNestedElementCapturesDuringRefresh" computerName="pkrvmbietmlfzoi" duration="00:00:00.0006401" startTime="2025-07-02T21:18:25.8520646+00:00" endTime="2025-07-02T21:18:25.8521375+00:00" testType="13cdc9d9-ddb5-4fa4-a97d-d965ccfc6d4b" outcome="Passed" testListId="8c84fa94-04c1-424b-9868-57a2d4851a1d" relativeResultsDirectory="22b9f339-46b5-4c99-a2bb-037aa7ffd988" />
    <UnitTestResult executionId="fd9b5c5f-17ab-40dc-8f61-f0a9105fa0ca" testId="0d282eb7-e382-1856-ff88-6ccd607b5c7a" testName="Microsoft.AspNetCore.Components.Rendering.RenderTreeBuilderTest.CannotAddNamedEventWithNullAssignedName" computerName="pkrvmbietmlfzoi" duration="00:00:00.0007163" startTime="2025-07-02T21:18:24.3064750+00:00" endTime="2025-07-02T21:18:24.3070260+00:00" testType="13cdc9d9-ddb5-4fa4-a97d-d965ccfc6d4b" outcome="Passed" testListId="8c84fa94-04c1-424b-9868-57a2d4851a1d" relativeResultsDirectory="fd9b5c5f-17ab-40dc-8f61-f0a9105fa0ca" />
    <UnitTestResult executionId="5d6b0451-4afa-48be-a8c4-16d03d574b74" testId="5eed8b2d-86c7-2bab-76f3-81386fb29154" testName="Microsoft.AspNetCore.Components.EventCallbackFactoryBinderExtensionsTest.CreateBinder_NumericType_WithInvariantCulture" computerName="pkrvmbietmlfzoi" duration="00:00:00.0010000" startTime="2025-07-02T21:18:24.3729515+00:00" endTime="2025-07-02T21:18:24.3729972+00:00" testType="13cdc9d9-ddb5-4fa4-a97d-d965ccfc6d4b" outcome="NotExecuted" testListId="8c84fa94-04c1-424b-9868-57a2d4851a1d" relativeResultsDirectory="5d6b0451-4afa-48be-a8c4-16d03d574b74">
      <Output>
        <ErrorInfo>
          <Message>https://github.com/dotnet/aspnetcore/issues/30312</Message>
        </ErrorInfo>
      </Output>
    </UnitTestResult>
    <UnitTestResult executionId="51e87377-384e-4195-989d-a32532500baa" testId="c11dedad-15e2-9e12-a188-c6cb13823fc3" testName="Microsoft.AspNetCore.Components.Test.RendererTest.EventDispatching_EventCallbackOfT_AsyncNoTargetLambda" computerName="pkrvmbietmlfzoi" duration="00:00:00.0009371" startTime="2025-07-02T21:18:25.8169762+00:00" endTime="2025-07-02T21:18:25.8170765+00:00" testType="13cdc9d9-ddb5-4fa4-a97d-d965ccfc6d4b" outcome="Passed" testListId="8c84fa94-04c1-424b-9868-57a2d4851a1d" relativeResultsDirectory="51e87377-384e-4195-989d-a32532500baa" />
    <UnitTestResult executionId="c5ed451b-f1eb-4fd7-95f8-8a667021f348" testId="455deff3-36a6-ac26-6b9e-60f872099d3b" testName="Microsoft.AspNetCore.Components.Rendering.RendererSynchronizationContextTest.Send_CanRunSynchronously_Exception" computerName="pkrvmbietmlfzoi" duration="00:00:00.0004414" startTime="2025-07-02T21:18:24.5181954+00:00" endTime="2025-07-02T21:18:24.5185261+00:00" testType="13cdc9d9-ddb5-4fa4-a97d-d965ccfc6d4b" outcome="Passed" testListId="8c84fa94-04c1-424b-9868-57a2d4851a1d" relativeResultsDirectory="c5ed451b-f1eb-4fd7-95f8-8a667021f348" />
    <UnitTestResult executionId="d0bde564-6213-4ac9-8f44-f8d4cd6e25f4" testId="b9302f12-001c-def8-159b-dfab6e7b9b4a" testName="Microsoft.AspNetCore.Components.NavigationManagerTest.GetUriWithQueryParameters_CanAddUpdateAndRemove(baseUri: &quot;scheme://host/&quot;, expectedUri: &quot;scheme://host/?age=25&amp;eye%20color=green&quot;)" computerName="pkrvmbietmlfzoi" duration="00:00:00.0000227" startTime="2025-07-02T21:18:23.9629918+00:00" endTime="2025-07-02T21:18:23.9631270+00:00" testType="13cdc9d9-ddb5-4fa4-a97d-d965ccfc6d4b" outcome="Passed" testListId="8c84fa94-04c1-424b-9868-57a2d4851a1d" relativeResultsDirectory="d0bde564-6213-4ac9-8f44-f8d4cd6e25f4" />
    <UnitTestResult executionId="e8686d22-cd8d-4e74-9f78-f3e0fce39889" testId="a06fb1af-0392-bf35-0380-de619cf9d5fe" testName="Microsoft.AspNetCore.Components.Test.CascadingParameterTest.CanAddSubscriberDuringChangeNotification" computerName="pkrvmbietmlfzoi" duration="00:00:00.0035867" startTime="2025-07-02T21:18:24.4320584+00:00" endTime="2025-07-02T21:18:24.4345244+00:00" testType="13cdc9d9-ddb5-4fa4-a97d-d965ccfc6d4b" outcome="Passed" testListId="8c84fa94-04c1-424b-9868-57a2d4851a1d" relativeResultsDirectory="e8686d22-cd8d-4e74-9f78-f3e0fce39889" />
    <UnitTestResult executionId="ac429b02-707e-4de8-ac8a-d6038b77a7e7" testId="a5d34642-3f85-ffed-4cf6-5d74eabc891f" testName="Microsoft.AspNetCore.Components.Test.RendererTest.ExceptionsThrownFromHandleAfterRender_Sync_AreHandled" computerName="pkrvmbietmlfzoi" duration="00:00:00.0011586" startTime="2025-07-02T21:18:25.7983721+00:00" endTime="2025-07-02T21:18:25.7994949+00:00" testType="13cdc9d9-ddb5-4fa4-a97d-d965ccfc6d4b" outcome="Passed" testListId="8c84fa94-04c1-424b-9868-57a2d4851a1d" relativeResultsDirectory="ac429b02-707e-4de8-ac8a-d6038b77a7e7" />
    <UnitTestResult executionId="872c95af-a3ff-42a6-b985-51ab710eea6b" testId="77104ad1-2a19-a3b9-6573-66b01e87eaa0" testName="Microsoft.AspNetCore.Components.ComponentStatePersistenceManagerTest.PersistStateAsync_InvokesAllCallbacksEvenIfACallbackIsRemovedAsPartOfRunningIt" computerName="pkrvmbietmlfzoi" duration="00:00:00.0133001" startTime="2025-07-02T21:18:24.3189478+00:00" endTime="2025-07-02T21:18:24.3452545+00:00" testType="13cdc9d9-ddb5-4fa4-a97d-d965ccfc6d4b" outcome="Passed" testListId="8c84fa94-04c1-424b-9868-57a2d4851a1d" relativeResultsDirectory="872c95af-a3ff-42a6-b985-51ab710eea6b" />
    <UnitTestResult executionId="6f300f86-6f31-4d17-b5e2-4126bdc0a037" testId="1080a8fb-c4f5-1740-e9b9-cd24db7a0bc9" testName="Microsoft.AspNetCore.Components.PersistentStateValueProviderTests.PersistAsync_CanPersistMultipleComponentsOfSameType_SupportsDifferentKeyTypes(componentKey1: 9223372036854775807, componentKey2: -9223372036854775808)" computerName="pkrvmbietmlfzoi" duration="00:00:00.0010033" startTime="2025-07-02T21:18:24.5248895+00:00" endTime="2025-07-02T21:18:24.5256654+00:00" testType="13cdc9d9-ddb5-4fa4-a97d-d965ccfc6d4b" outcome="Passed" testListId="8c84fa94-04c1-424b-9868-57a2d4851a1d" relativeResultsDirectory="6f300f86-6f31-4d17-b5e2-4126bdc0a037" />
    <UnitTestResult executionId="bc027111-9c8c-4f64-8e04-e162f13098f8" testId="1080a8fb-c4f5-1740-e9b9-cd24db7a0bc9" testName="Microsoft.AspNetCore.Components.PersistentStateValueProviderTests.PersistAsync_CanPersistMultipleComponentsOfSameType_SupportsDifferentKeyTypes(componentKey1: 3.1415926535897931, componentKey2: -3.1415926535897931)" computerName="pkrvmbietmlfzoi" duration="00:00:00.0002252" startTime="2025-07-02T21:18:24.5283645+00:00" endTime="2025-07-02T21:18:24.5288147+00:00" testType="13cdc9d9-ddb5-4fa4-a97d-d965ccfc6d4b" outcome="Passed" testListId="8c84fa94-04c1-424b-9868-57a2d4851a1d" relativeResultsDirectory="bc027111-9c8c-4f64-8e04-e162f13098f8" />
    <UnitTestResult executionId="b04eca8b-3689-4627-9a02-dd32c40ee2b5" testId="443efaaf-b912-1dec-a0c1-59798b813375" testName="Microsoft.AspNetCore.Components.Test.RendererTest.DisposeCallsComponentDisposeOnSyncContext" computerName="pkrvmbietmlfzoi" duration="00:00:00.0003295" startTime="2025-07-02T21:18:24.5787148+00:00" endTime="2025-07-02T21:18:24.5790923+00:00" testType="13cdc9d9-ddb5-4fa4-a97d-d965ccfc6d4b" outcome="Passed" testListId="8c84fa94-04c1-424b-9868-57a2d4851a1d" relativeResultsDirectory="b04eca8b-3689-4627-9a02-dd32c40ee2b5" />
    <UnitTestResult executionId="d65fdefd-f7d5-43b6-a720-c8d9fae8cb37" testId="093eb450-b4d1-b35f-692b-7f98045efb03" testName="Microsoft.AspNetCore.Components.RenderTree.ArrayBuilderTest.RemoveLast_LastEntry" computerName="pkrvmbietmlfzoi" duration="00:00:00.0041538" startTime="2025-07-02T21:18:23.9905798+00:00" endTime="2025-07-02T21:18:23.9948538+00:00" testType="13cdc9d9-ddb5-4fa4-a97d-d965ccfc6d4b" outcome="Passed" testListId="8c84fa94-04c1-424b-9868-57a2d4851a1d" relativeResultsDirectory="d65fdefd-f7d5-43b6-a720-c8d9fae8cb37" />
    <UnitTestResult executionId="f5617ea9-0121-442a-8bb6-7d044923443e" testId="4279c44e-c272-4a8a-acd8-3f166f075cc8" testName="Microsoft.AspNetCore.Components.Test.RenderTreeDiffBuilderTest.RecognizesEquivalentRegions" computerName="pkrvmbietmlfzoi" duration="00:00:00.0009529" startTime="2025-07-02T21:18:24.3451411+00:00" endTime="2025-07-02T21:18:24.3460655+00:00" testType="13cdc9d9-ddb5-4fa4-a97d-d965ccfc6d4b" outcome="Passed" testListId="8c84fa94-04c1-424b-9868-57a2d4851a1d" relativeResultsDirectory="f5617ea9-0121-442a-8bb6-7d044923443e" />
    <UnitTestResult executionId="4b4f77d0-cd8f-492a-844b-782bb30a30ee" testId="71982f3c-d391-aa39-6c4a-f038e894ea9f" testName="Microsoft.AspNetCore.Components.EventCallbackFactoryTest.CreateT_Action_DifferentReceiver" computerName="pkrvmbietmlfzoi" duration="00:00:00.0001683" startTime="2025-07-02T21:18:24.0858658+00:00" endTime="2025-07-02T21:18:24.0862797+00:00" testType="13cdc9d9-ddb5-4fa4-a97d-d965ccfc6d4b" outcome="Passed" testListId="8c84fa94-04c1-424b-9868-57a2d4851a1d" relativeResultsDirectory="4b4f77d0-cd8f-492a-844b-782bb30a30ee" />
    <UnitTestResult executionId="67c67676-a987-4f5f-bdce-b46000dfba1a" testId="f10dc523-3f30-f3d2-89b3-962135b6cabd" testName="Microsoft.AspNetCore.Components.ResourceAssetCollectionTest.ResourceAsset_CanSerializeAndDeserialize_WithoutRespectRequiredConstructorParameters" computerName="pkrvmbietmlfzoi" duration="00:00:00.0835373" startTime="2025-07-02T21:18:23.9917515+00:00" endTime="2025-07-02T21:18:24.0944149+00:00" testType="13cdc9d9-ddb5-4fa4-a97d-d965ccfc6d4b" outcome="Passed" testListId="8c84fa94-04c1-424b-9868-57a2d4851a1d" relativeResultsDirectory="67c67676-a987-4f5f-bdce-b46000dfba1a" />
    <UnitTestResult executionId="1757a9dc-07ec-4957-9f18-be307f8cabbb" testId="1b941564-9443-a0d0-72fe-46969b83763a" testName="Microsoft.AspNetCore.Components.EventCallbackFactoryBinderExtensionsTest.CreateBinder_NullableBool" computerName="pkrvmbietmlfzoi" duration="00:00:00.0015477" startTime="2025-07-02T21:18:24.4585370+00:00" endTime="2025-07-02T21:18:24.4640079+00:00" testType="13cdc9d9-ddb5-4fa4-a97d-d965ccfc6d4b" outcome="Passed" testListId="8c84fa94-04c1-424b-9868-57a2d4851a1d" relativeResultsDirectory="1757a9dc-07ec-4957-9f18-be307f8cabbb" />
    <UnitTestResult executionId="e116d85a-75df-43d6-8aa7-0ef653bf4b9d" testId="81ac65f1-f0e7-fed7-1e34-0ccd8eedcfa3" testName="Microsoft.AspNetCore.Components.PersistentStateValueProviderTests.PersistAsync_CanPersistValueTypes_NullableIntProperty" computerName="pkrvmbietmlfzoi" duration="00:00:00.0054521" startTime="2025-07-02T21:18:24.5436661+00:00" endTime="2025-07-02T21:18:24.5457401+00:00" testType="13cdc9d9-ddb5-4fa4-a97d-d965ccfc6d4b" outcome="Passed" testListId="8c84fa94-04c1-424b-9868-57a2d4851a1d" relativeResultsDirectory="e116d85a-75df-43d6-8aa7-0ef653bf4b9d" />
    <UnitTestResult executionId="2d32f441-97ea-4da3-8d77-bbdeb0d4a35e" testId="42b1972a-b9da-de79-1389-0fe2762fc9a2" testName="Microsoft.AspNetCore.Components.Routing.RoutePatternParserTests.ParseRouteParameter_ThrowsIf_ParameterContainsSpecialCharacters(template: &quot;{{}&quot;, expectedMessage: &quot;There is an incomplete parameter in the route temp&quot;···)" computerName="pkrvmbietmlfzoi" duration="00:00:00.0005264" startTime="2025-07-02T21:18:24.2357521+00:00" endTime="2025-07-02T21:18:24.2367176+00:00" testType="13cdc9d9-ddb5-4fa4-a97d-d965ccfc6d4b" outcome="Passed" testListId="8c84fa94-04c1-424b-9868-57a2d4851a1d" relativeResultsDirectory="2d32f441-97ea-4da3-8d77-bbdeb0d4a35e" />
    <UnitTestResult executionId="0dd40bfb-f81f-4882-a046-ce281ea73fea" testId="927cf6ea-fd09-23b0-55cc-ec26a94cec18" testName="Microsoft.AspNetCore.Components.Routing.QueryParameterValueSupplierTest.RejectsUnparseableValues(key: &quot;DecimalVal&quot;, value: &quot;1.2.3&quot;, targetType: typeof(decimal))" computerName="pkrvmbietmlfzoi" duration="00:00:00.0016993" startTime="2025-07-02T21:18:24.0725531+00:00" endTime="2025-07-02T21:18:24.0761666+00:00" testType="13cdc9d9-ddb5-4fa4-a97d-d965ccfc6d4b" outcome="Passed" testListId="8c84fa94-04c1-424b-9868-57a2d4851a1d" relativeResultsDirectory="0dd40bfb-f81f-4882-a046-ce281ea73fea" />
    <UnitTestResult executionId="39730d61-46b2-46c9-8d8c-bb8c7cb26645" testId="cfe36dc5-f3f8-055b-4367-1b992d378f1b" testName="Microsoft.AspNetCore.Components.Routing.RouteTableFactoryTests.CanMatchSegmentWithMultipleConstraints(template: &quot;/{value:double:int}/&quot;, contextUrl: &quot;/15&quot;, convertedValue: 15)" computerName="pkrvmbietmlfzoi" duration="00:00:00.0014825" startTime="2025-07-02T21:18:24.5510341+00:00" endTime="2025-07-02T21:18:24.5515017+00:00" testType="13cdc9d9-ddb5-4fa4-a97d-d965ccfc6d4b" outcome="Passed" testListId="8c84fa94-04c1-424b-9868-57a2d4851a1d" relativeResultsDirectory="39730d61-46b2-46c9-8d8c-bb8c7cb26645" />
    <UnitTestResult executionId="1f2a338b-ac26-4dea-b0b7-15570d304118" testId="f08b1b5d-ddd3-162e-a4a0-bd5ee2673da8" testName="Microsoft.AspNetCore.Components.Test.RenderTreeDiffBuilderTest.InvokesAssignerForComponentReferenceCapturesOnInsertion" computerName="pkrvmbietmlfzoi" duration="00:00:00.0018030" startTime="2025-07-02T21:18:24.3801821+00:00" endTime="2025-07-02T21:18:24.3812865+00:00" testType="13cdc9d9-ddb5-4fa4-a97d-d965ccfc6d4b" outcome="Passed" testListId="8c84fa94-04c1-424b-9868-57a2d4851a1d" relativeResultsDirectory="1f2a338b-ac26-4dea-b0b7-15570d304118" />
    <UnitTestResult executionId="100510b8-74ee-43ec-94ed-85a4af4e1537" testId="b07d9005-6f9b-f364-4b2f-f628f6d89448" testName="Microsoft.AspNetCore.Components.EventCallbackFactoryBinderExtensionsTest.CreateBinder_SwallowsConversionException" computerName="pkrvmbietmlfzoi" duration="00:00:00.0018705" startTime="2025-07-02T21:18:24.4892872+00:00" endTime="2025-07-02T21:18:24.4919092+00:00" testType="13cdc9d9-ddb5-4fa4-a97d-d965ccfc6d4b" outcome="Passed" testListId="8c84fa94-04c1-424b-9868-57a2d4851a1d" relativeResultsDirectory="100510b8-74ee-43ec-94ed-85a4af4e1537" />
    <UnitTestResult executionId="910a157a-0c99-4216-8e5c-b876f7935d3f" testId="e9450c59-b118-fb16-4680-827acfe5a390" testName="Microsoft.AspNetCore.Components.Test.RenderTreeDiffBuilderTest.CanRemoveOldAttributeAtArrayBuilderSizeBoundary" computerName="pkrvmbietmlfzoi" duration="00:00:00.0010278" startTime="2025-07-02T21:18:24.3621486+00:00" endTime="2025-07-02T21:18:24.3653832+00:00" testType="13cdc9d9-ddb5-4fa4-a97d-d965ccfc6d4b" outcome="Passed" testListId="8c84fa94-04c1-424b-9868-57a2d4851a1d" relativeResultsDirectory="910a157a-0c99-4216-8e5c-b876f7935d3f" />
    <UnitTestResult executionId="30438bce-2335-44bb-95a8-09eb55daefc8" testId="1080a8fb-c4f5-1740-e9b9-cd24db7a0bc9" testName="Microsoft.AspNetCore.Components.PersistentStateValueProviderTests.PersistAsync_CanPersistMultipleComponentsOfSameType_SupportsDifferentKeyTypes(componentKey1: 'A', componentKey2: 'B')" computerName="pkrvmbietmlfzoi" duration="00:00:00.0004698" startTime="2025-07-02T21:18:24.5217035+00:00" endTime="2025-07-02T21:18:24.5217782+00:00" testType="13cdc9d9-ddb5-4fa4-a97d-d965ccfc6d4b" outcome="Passed" testListId="8c84fa94-04c1-424b-9868-57a2d4851a1d" relativeResultsDirectory="30438bce-2335-44bb-95a8-09eb55daefc8" />
    <UnitTestResult executionId="e6a62ce0-0cf8-4835-bac8-71b952fa3305" testId="0e6b444f-caf5-2e44-d828-090e28b657d2" testName="Microsoft.AspNetCore.Components.Test.RendererTest.DispatchEventAsync_EventCallbackOfT_AsynchronousException" computerName="pkrvmbietmlfzoi" duration="00:00:00.0024825" startTime="2025-07-02T21:18:24.7784916+00:00" endTime="2025-07-02T21:18:24.7792550+00:00" testType="13cdc9d9-ddb5-4fa4-a97d-d965ccfc6d4b" outcome="Passed" testListId="8c84fa94-04c1-424b-9868-57a2d4851a1d" relativeResultsDirectory="e6a62ce0-0cf8-4835-bac8-71b952fa3305" />
    <UnitTestResult executionId="090cc92b-8a62-4f4a-a652-ec9806d54363" testId="2e52a970-533c-2f2d-76b9-7fdb915ef414" testName="Microsoft.AspNetCore.Components.Rendering.RendererSynchronizationContextTest.InvokeAsync_FuncTask_CanRunSynchronously_WhenNotBusy" computerName="pkrvmbietmlfzoi" duration="00:00:00.0006744" startTime="2025-07-02T21:18:24.6413022+00:00" endTime="2025-07-02T21:18:24.6419062+00:00" testType="13cdc9d9-ddb5-4fa4-a97d-d965ccfc6d4b" outcome="Passed" testListId="8c84fa94-04c1-424b-9868-57a2d4851a1d" relativeResultsDirectory="090cc92b-8a62-4f4a-a652-ec9806d54363" />
    <UnitTestResult executionId="b7d62df8-bc0e-4cc2-93f8-25955c3935d5" testId="87cea312-be19-2fa4-f742-5323e715114e" testName="Microsoft.AspNetCore.Components.NavigationManagerTest.GetUriWithQueryParameter_RemovesWhenParameterValueIsNull(baseUri: &quot;scheme://host/#hash&quot;, expectedUri: &quot;scheme://host/#hash&quot;)" computerName="pkrvmbietmlfzoi" duration="00:00:00.0002237" startTime="2025-07-02T21:18:23.9502013+00:00" endTime="2025-07-02T21:18:23.9514351+00:00" testType="13cdc9d9-ddb5-4fa4-a97d-d965ccfc6d4b" outcome="Passed" testListId="8c84fa94-04c1-424b-9868-57a2d4851a1d" relativeResultsDirectory="b7d62df8-bc0e-4cc2-93f8-25955c3935d5" />
    <UnitTestResult executionId="3d1df2af-9cfd-4b1c-93b1-4e2f3f27c8e2" testId="473bee02-fa7a-b0c3-3935-dd68e1825d93" testName="Microsoft.AspNetCore.Components.Rendering.RenderTreeBuilderTest.CanAddNullMarkup" computerName="pkrvmbietmlfzoi" duration="00:00:00.0002768" startTime="2025-07-02T21:18:24.3235134+00:00" endTime="2025-07-02T21:18:24.3239487+00:00" testType="13cdc9d9-ddb5-4fa4-a97d-d965ccfc6d4b" outcome="Passed" testListId="8c84fa94-04c1-424b-9868-57a2d4851a1d" relativeResultsDirectory="3d1df2af-9cfd-4b1c-93b1-4e2f3f27c8e2" />
    <UnitTestResult executionId="70962df3-f5e2-4fe4-9534-78b446010764" testId="85d1b9b9-1b52-3575-aa9c-00930e047e18" testName="Microsoft.AspNetCore.Components.ComponentStatePersistenceManagerTest.PersistStateAsync_ThrowsWhenCallbackRenerModeCannotBeInferred" computerName="pkrvmbietmlfzoi" duration="00:00:00.0023905" startTime="2025-07-02T21:18:24.2825857+00:00" endTime="2025-07-02T21:18:24.2869877+00:00" testType="13cdc9d9-ddb5-4fa4-a97d-d965ccfc6d4b" outcome="Passed" testListId="8c84fa94-04c1-424b-9868-57a2d4851a1d" relativeResultsDirectory="70962df3-f5e2-4fe4-9534-78b446010764" />
    <UnitTestResult executionId="64e3f444-4a99-487d-80f8-f927f6ce4bd7" testId="782226bb-6266-7780-352b-d5ba57f9bb79" testName="Microsoft.AspNetCore.Components.NavigationManagerTest.ComputesCorrectValidBaseRelativePaths(baseUri: &quot;scheme://host/path/&quot;, uri: &quot;scheme://host/path#hash&quot;, expectedResult: &quot;#hash&quot;)" computerName="pkrvmbietmlfzoi" duration="00:00:00.0000164" startTime="2025-07-02T21:18:24.0066306+00:00" endTime="2025-07-02T21:18:24.0067257+00:00" testType="13cdc9d9-ddb5-4fa4-a97d-d965ccfc6d4b" outcome="Passed" testListId="8c84fa94-04c1-424b-9868-57a2d4851a1d" relativeResultsDirectory="64e3f444-4a99-487d-80f8-f927f6ce4bd7" />
    <UnitTestResult executionId="7f7ce35b-bb78-493b-a521-55c7becb73a8" testId="0c264617-5f59-b8e9-5af0-07f9d6fd3abd" testName="Microsoft.AspNetCore.Components.Test.RenderTreeDiffBuilderTest.RejectsClashingKeysInNewTree" computerName="pkrvmbietmlfzoi" duration="00:00:00.0021261" startTime="2025-07-02T21:18:24.3719969+00:00" endTime="2025-07-02T21:18:24.3764888+00:00" testType="13cdc9d9-ddb5-4fa4-a97d-d965ccfc6d4b" outcome="Passed" testListId="8c84fa94-04c1-424b-9868-57a2d4851a1d" relativeResultsDirectory="7f7ce35b-bb78-493b-a521-55c7becb73a8" />
    <UnitTestResult executionId="a538a8da-5130-48f3-91d9-0736e4b66652" testId="b64577ee-9df6-449c-7efa-f76a4257ee8f" testName="Microsoft.AspNetCore.Components.NavigationManagerTest.GetUriWithQueryParameter_RemovesWhenParameterValueIsNull(baseUri: &quot;scheme://host/&quot;, expectedUri: &quot;scheme://host/&quot;)" computerName="pkrvmbietmlfzoi" duration="00:00:00.0000167" startTime="2025-07-02T21:18:23.9521568+00:00" endTime="2025-07-02T21:18:23.9522767+00:00" testType="13cdc9d9-ddb5-4fa4-a97d-d965ccfc6d4b" outcome="Passed" testListId="8c84fa94-04c1-424b-9868-57a2d4851a1d" relativeResultsDirectory="a538a8da-5130-48f3-91d9-0736e4b66652" />
    <UnitTestResult executionId="3e393057-add0-4827-976f-631fa35bf251" testId="d5d32426-e95a-984a-42df-3a4d43c5ee4b" testName="Microsoft.AspNetCore.Components.Routing.RouteTableFactoryTests.DoesNotMatchIfConstraintDoesNotMatch(template: &quot;/{value:guid}&quot;, contextUrl: &quot;/not-a-guid&quot;)" computerName="pkrvmbietmlfzoi" duration="00:00:00.0005649" startTime="2025-07-02T21:18:24.5709326+00:00" endTime="2025-07-02T21:18:24.5710226+00:00" testType="13cdc9d9-ddb5-4fa4-a97d-d965ccfc6d4b" outcome="Passed" testListId="8c84fa94-04c1-424b-9868-57a2d4851a1d" relativeResultsDirectory="3e393057-add0-4827-976f-631fa35bf251" />
    <UnitTestResult executionId="d9d63a5d-a2b4-4816-881a-8499886026be" testId="23d531b0-ed45-f304-17ab-a31a547c6b8e" testName="Microsoft.AspNetCore.Components.Test.RendererTest.CanDispatchEventsToNestedComponents" computerName="pkrvmbietmlfzoi" duration="00:00:00.0006960" startTime="2025-07-02T21:18:25.7996837+00:00" endTime="2025-07-02T21:18:25.8003366+00:00" testType="13cdc9d9-ddb5-4fa4-a97d-d965ccfc6d4b" outcome="Passed" testListId="8c84fa94-04c1-424b-9868-57a2d4851a1d" relativeResultsDirectory="d9d63a5d-a2b4-4816-881a-8499886026be" />
    <UnitTestResult executionId="9d6f315b-1d83-4e72-a782-7d295b9ad780" testId="5081e9cb-18c7-f07d-eb95-d4dd34601f87" testName="Microsoft.AspNetCore.Components.Rendering.RenderTreeBuilderTest.AddAttribute_Element_EventCallback_Default_DoesNotAddFrame" computerName="pkrvmbietmlfzoi" duration="00:00:00.0003054" startTime="2025-07-02T21:18:24.2849954+00:00" endTime="2025-07-02T21:18:24.2854071+00:00" testType="13cdc9d9-ddb5-4fa4-a97d-d965ccfc6d4b" outcome="Passed" testListId="8c84fa94-04c1-424b-9868-57a2d4851a1d" relativeResultsDirectory="9d6f315b-1d83-4e72-a782-7d295b9ad780" />
    <UnitTestResult executionId="7ad47854-1f6c-4719-865e-7affc32df612" testId="e6e5b157-c426-8a1d-a8cf-8fbc7a7f4ed4" testName="Microsoft.AspNetCore.Components.EventCallbackFactoryBinderExtensionsTest.CreateBinder_Guid" computerName="pkrvmbietmlfzoi" duration="00:00:00.0018446" startTime="2025-07-02T21:18:24.5408885+00:00" endTime="2025-07-02T21:18:24.5419504+00:00" testType="13cdc9d9-ddb5-4fa4-a97d-d965ccfc6d4b" outcome="Passed" testListId="8c84fa94-04c1-424b-9868-57a2d4851a1d" relativeResultsDirectory="7ad47854-1f6c-4719-865e-7affc32df612" />
    <UnitTestResult executionId="cea97778-0f7a-416b-a018-dbc58157318e" testId="826ee6e6-4d1c-76cd-bf32-6207fb5cf7fc" testName="Microsoft.AspNetCore.Components.Routing.RouteTableFactoryTests.DoesNotThrowForNonAmbiguousRoutes(first: &quot;literal/{*catchAll}&quot;, second: &quot;literal/{optional?}&quot;)" computerName="pkrvmbietmlfzoi" duration="00:00:00.0003974" startTime="2025-07-02T21:18:24.5159122+00:00" endTime="2025-07-02T21:18:24.5161409+00:00" testType="13cdc9d9-ddb5-4fa4-a97d-d965ccfc6d4b" outcome="Passed" testListId="8c84fa94-04c1-424b-9868-57a2d4851a1d" relativeResultsDirectory="cea97778-0f7a-416b-a018-dbc58157318e" />
    <UnitTestResult executionId="92a8b952-b582-4132-9904-9d1032cde50d" testId="ac1b378f-ea1b-5563-d90b-94229e535c08" testName="Microsoft.AspNetCore.Components.Test.ComponentBaseTest.DoesNotRenderAfterOnInitAsyncTaskIsCancelledUsingCancellationToken" computerName="pkrvmbietmlfzoi" duration="00:00:00.0108950" startTime="2025-07-02T21:18:24.0335259+00:00" endTime="2025-07-02T21:18:24.0456158+00:00" testType="13cdc9d9-ddb5-4fa4-a97d-d965ccfc6d4b" outcome="Passed" testListId="8c84fa94-04c1-424b-9868-57a2d4851a1d" relativeResultsDirectory="92a8b952-b582-4132-9904-9d1032cde50d" />
    <UnitTestResult executionId="1043337f-d1ba-485f-8bf1-fc077683c98c" testId="fed95506-dc57-5bbb-71e8-49b7176ef9e2" testName="Microsoft.AspNetCore.Components.EventCallbackTest.EventCallback_Default" computerName="pkrvmbietmlfzoi" duration="00:00:00.0011148" startTime="2025-07-02T21:18:24.3076918+00:00" endTime="2025-07-02T21:18:24.3103362+00:00" testType="13cdc9d9-ddb5-4fa4-a97d-d965ccfc6d4b" outcome="Passed" testListId="8c84fa94-04c1-424b-9868-57a2d4851a1d" relativeResultsDirectory="1043337f-d1ba-485f-8bf1-fc077683c98c" />
    <UnitTestResult executionId="26d5b3ae-0cbf-45a9-9751-9de6c9d2fa3e" testId="dbba9f29-3ff1-0c52-21d9-b16ed90cc835" testName="Microsoft.AspNetCore.Components.Test.RendererTest.EventDispatchExceptionsCanBeHandledByClosestErrorBoundary_Async" computerName="pkrvmbietmlfzoi" duration="00:00:00.0229246" startTime="2025-07-02T21:18:24.4993506+00:00" endTime="2025-07-02T21:18:24.5196041+00:00" testType="13cdc9d9-ddb5-4fa4-a97d-d965ccfc6d4b" outcome="Passed" testListId="8c84fa94-04c1-424b-9868-57a2d4851a1d" relativeResultsDirectory="26d5b3ae-0cbf-45a9-9751-9de6c9d2fa3e" />
    <UnitTestResult executionId="38be05a9-c663-455b-b174-9c1b4ebe9c34" testId="1ce90b87-815c-8390-5886-b9f392f35378" testName="Microsoft.AspNetCore.Components.Routing.RouteTableFactoryTests.PrefersLiteralTemplateOverTemplateWithParameters" computerName="pkrvmbietmlfzoi" duration="00:00:00.0004906" startTime="2025-07-02T21:18:24.5946954+00:00" endTime="2025-07-02T21:18:24.5947964+00:00" testType="13cdc9d9-ddb5-4fa4-a97d-d965ccfc6d4b" outcome="Passed" testListId="8c84fa94-04c1-424b-9868-57a2d4851a1d" relativeResultsDirectory="38be05a9-c663-455b-b174-9c1b4ebe9c34" />
    <UnitTestResult executionId="b1e7f8b2-1c8b-4165-afc1-d42736f5bc68" testId="a2b02af3-abc2-e858-0213-a877daa90475" testName="Microsoft.AspNetCore.Components.Routing.QueryParameterValueSupplierTest.RejectsUnparseableArrayEntries(key: &quot;GuidVals&quot;, validValue: &quot;9e7257ad-03aa-42c7-9819-be08b177fef9&quot;, invalidValue: &quot;123456-789-0&quot;, targetType: typeof(System.Guid))" computerName="pkrvmbietmlfzoi" duration="00:00:00.0000427" startTime="2025-07-02T21:18:24.1277507+00:00" endTime="2025-07-02T21:18:24.1281780+00:00" testType="13cdc9d9-ddb5-4fa4-a97d-d965ccfc6d4b" outcome="Passed" testListId="8c84fa94-04c1-424b-9868-57a2d4851a1d" relativeResultsDirectory="b1e7f8b2-1c8b-4165-afc1-d42736f5bc68" />
    <UnitTestResult executionId="38617b47-9521-4436-9729-851bb80dec4a" testId="5d010426-f653-c7a7-c535-24423b4e0179" testName="Microsoft.AspNetCore.Components.Rendering.RenderTreeBuilderTest.CanAddMultipleReferenceCapturesToSameElement" computerName="pkrvmbietmlfzoi" duration="00:00:00.0027115" startTime="2025-07-02T21:18:24.2938892+00:00" endTime="2025-07-02T21:18:24.2953525+00:00" testType="13cdc9d9-ddb5-4fa4-a97d-d965ccfc6d4b" outcome="Passed" testListId="8c84fa94-04c1-424b-9868-57a2d4851a1d" relativeResultsDirectory="38617b47-9521-4436-9729-851bb80dec4a" />
    <UnitTestResult executionId="4f247ed9-389d-42f9-bc70-3055912b4d10" testId="6d02614c-cec9-5583-bb32-266d0999f988" testName="Microsoft.AspNetCore.Components.Test.RendererTest.WhenRendererIsDisposed_ComponentRenderRequestsAreSkipped" computerName="pkrvmbietmlfzoi" duration="00:00:00.0002106" startTime="2025-07-02T21:18:24.7399673+00:00" endTime="2025-07-02T21:18:24.7400580+00:00" testType="13cdc9d9-ddb5-4fa4-a97d-d965ccfc6d4b" outcome="Passed" testListId="8c84fa94-04c1-424b-9868-57a2d4851a1d" relativeResultsDirectory="4f247ed9-389d-42f9-bc70-3055912b4d10" />
    <UnitTestResult executionId="c7667c43-c768-4170-8a46-7d6eaad190e2" testId="2ad9c2a2-ff47-f9ea-aefc-784a106907f1" testName="Microsoft.AspNetCore.Components.Test.RendererTest.DoesNotDispatchEventsAfterOwnerComponentIsDisposed" computerName="pkrvmbietmlfzoi" duration="00:00:00.0015288" startTime="2025-07-02T21:18:25.8613268+00:00" endTime="2025-07-02T21:18:25.8628781+00:00" testType="13cdc9d9-ddb5-4fa4-a97d-d965ccfc6d4b" outcome="Passed" testListId="8c84fa94-04c1-424b-9868-57a2d4851a1d" relativeResultsDirectory="c7667c43-c768-4170-8a46-7d6eaad190e2" />
    <UnitTestResult executionId="f875685b-bd31-46f1-a57a-5b805307621d" testId="071c4da0-53ce-4753-d397-31a5a35bb3b8" testName="Microsoft.AspNetCore.Components.Test.RenderTreeDiffBuilderTest.RecognizesTrailingLoopBlockBeingAdded" computerName="pkrvmbietmlfzoi" duration="00:00:00.0006221" startTime="2025-07-02T21:18:24.4476407+00:00" endTime="2025-07-02T21:18:24.4481594+00:00" testType="13cdc9d9-ddb5-4fa4-a97d-d965ccfc6d4b" outcome="Passed" testListId="8c84fa94-04c1-424b-9868-57a2d4851a1d" relativeResultsDirectory="f875685b-bd31-46f1-a57a-5b805307621d" />
    <UnitTestResult executionId="aa799674-9707-4d98-bbfa-da30289b4fec" testId="0738b170-60fd-6df7-dab2-bcc13677a20e" testName="Microsoft.AspNetCore.Components.ResourceAssetCollectionTest.CanResolveFingerprintedResources" computerName="pkrvmbietmlfzoi" duration="00:00:00.0002293" startTime="2025-07-02T21:18:24.1152156+00:00" endTime="2025-07-02T21:18:24.1153231+00:00" testType="13cdc9d9-ddb5-4fa4-a97d-d965ccfc6d4b" outcome="Passed" testListId="8c84fa94-04c1-424b-9868-57a2d4851a1d" relativeResultsDirectory="aa799674-9707-4d98-bbfa-da30289b4fec" />
    <UnitTestResult executionId="d20c06aa-5b8a-4c91-9aba-157ecd687b29" testId="a9e42b53-9333-9189-881e-217025c9e45b" testName="Microsoft.AspNetCore.Components.Test.RenderTreeDiffBuilderTest.RecognizesElementNameChangesAtSameSequenceNumber" computerName="pkrvmbietmlfzoi" duration="00:00:00.0004655" startTime="2025-07-02T21:18:24.4171585+00:00" endTime="2025-07-02T21:18:24.4177227+00:00" testType="13cdc9d9-ddb5-4fa4-a97d-d965ccfc6d4b" outcome="Passed" testListId="8c84fa94-04c1-424b-9868-57a2d4851a1d" relativeResultsDirectory="d20c06aa-5b8a-4c91-9aba-157ecd687b29" />
    <UnitTestResult executionId="bac3a3dd-baa3-4059-a304-2824a706b649" testId="0e54297b-7133-9dc9-c07f-f9c90a1229d6" testName="Microsoft.AspNetCore.Components.ParameterViewTest.SupplyingNullWritesDefaultForType" computerName="pkrvmbietmlfzoi" duration="00:00:00.0004159" startTime="2025-07-02T21:18:24.1665280+00:00" endTime="2025-07-02T21:18:24.1665786+00:00" testType="13cdc9d9-ddb5-4fa4-a97d-d965ccfc6d4b" outcome="Passed" testListId="8c84fa94-04c1-424b-9868-57a2d4851a1d" relativeResultsDirectory="bac3a3dd-baa3-4059-a304-2824a706b649" />
    <UnitTestResult executionId="df801b78-86c9-4a3c-bd89-244d7b73695d" testId="f32f6b07-5072-5325-a166-780485e63476" testName="Microsoft.AspNetCore.Components.EventCallbackFactoryBinderExtensionsTest.CreateBinder_NullableGuid" computerName="pkrvmbietmlfzoi" duration="00:00:00.0074072" startTime="2025-07-02T21:18:24.5189589+00:00" endTime="2025-07-02T21:18:24.5249734+00:00" testType="13cdc9d9-ddb5-4fa4-a97d-d965ccfc6d4b" outcome="Passed" testListId="8c84fa94-04c1-424b-9868-57a2d4851a1d" relativeResultsDirectory="df801b78-86c9-4a3c-bd89-244d7b73695d" />
    <UnitTestResult executionId="1c14aed6-2af5-4599-abb4-60acb4274a79" testId="a4ef2135-fa43-e2cd-3a1b-4e08a0d3d59d" testName="Microsoft.AspNetCore.Components.Routing.RouteTableFactoryTests.MultipleOptionalParameters(path: &quot;/1/2/3&quot;, segments: 3)" computerName="pkrvmbietmlfzoi" duration="00:00:00.0011786" startTime="2025-07-02T21:18:24.5300133+00:00" endTime="2025-07-02T21:18:24.5329866+00:00" testType="13cdc9d9-ddb5-4fa4-a97d-d965ccfc6d4b" outcome="Passed" testListId="8c84fa94-04c1-424b-9868-57a2d4851a1d" relativeResultsDirectory="1c14aed6-2af5-4599-abb4-60acb4274a79" />
    <UnitTestResult executionId="6a15beeb-7da1-4e9c-b36a-b6d2b62028e2" testId="5adae277-ec5c-7242-22db-278f9a54cb4f" testName="Microsoft.AspNetCore.Components.ComponentFactoryTest.InstantiateComponent_AssignsPropertiesWithInjectAttributeOnBaseType" computerName="pkrvmbietmlfzoi" duration="00:00:00.0095764" startTime="2025-07-02T21:18:24.1309177+00:00" endTime="2025-07-02T21:18:24.1402604+00:00" testType="13cdc9d9-ddb5-4fa4-a97d-d965ccfc6d4b" outcome="Passed" testListId="8c84fa94-04c1-424b-9868-57a2d4851a1d" relativeResultsDirectory="6a15beeb-7da1-4e9c-b36a-b6d2b62028e2" />
    <UnitTestResult executionId="7dfe2cf9-7e03-46fd-93ab-f449d88719e0" testId="1cf648e1-78bd-98ec-46ff-0da29754143a" testName="Microsoft.AspNetCore.Components.EventCallbackFactoryTest.Create_FuncTTask_DifferentReceiver" computerName="pkrvmbietmlfzoi" duration="00:00:00.0001702" startTime="2025-07-02T21:18:24.0865814+00:00" endTime="2025-07-02T21:18:24.0866851+00:00" testType="13cdc9d9-ddb5-4fa4-a97d-d965ccfc6d4b" outcome="Passed" testListId="8c84fa94-04c1-424b-9868-57a2d4851a1d" relativeResultsDirectory="7dfe2cf9-7e03-46fd-93ab-f449d88719e0" />
    <UnitTestResult executionId="ecd7d2d1-a155-4168-97d7-23fd202c7f73" testId="994e55ae-b8a2-a4ca-7402-dce06aeafebb" testName="Microsoft.AspNetCore.Components.Routing.RouteTableFactoryTests.CorrectlyMatchesVariableLengthSegments(path: &quot;/literal&quot;, expectedValue: null, first: &quot;literal/{parameter?}&quot;, second: &quot;literal/{*parameter}&quot;, handler: typeof(Microsoft.AspNetCore.Components.Routing.RouteTableFactoryTests+TestHandler1))" computerName="pkrvmbietmlfzoi" duration="00:00:00.0003244" startTime="2025-07-02T21:18:24.5673481+00:00" endTime="2025-07-02T21:18:24.5674377+00:00" testType="13cdc9d9-ddb5-4fa4-a97d-d965ccfc6d4b" outcome="Passed" testListId="8c84fa94-04c1-424b-9868-57a2d4851a1d" relativeResultsDirectory="ecd7d2d1-a155-4168-97d7-23fd202c7f73" />
    <UnitTestResult executionId="7889b3c7-68cc-416e-88b4-a9c34d103169" testId="b2b7cb61-79b5-ddd6-9ba1-bac08263a28d" testName="Microsoft.AspNetCore.Components.Routing.RouteKeyTest.RouteKey_WithAdditionalAssemblies_DifferentOrder" computerName="pkrvmbietmlfzoi" duration="00:00:00.0077954" startTime="2025-07-02T21:18:24.1515437+00:00" endTime="2025-07-02T21:18:24.1517067+00:00" testType="13cdc9d9-ddb5-4fa4-a97d-d965ccfc6d4b" outcome="Passed" testListId="8c84fa94-04c1-424b-9868-57a2d4851a1d" relativeResultsDirectory="7889b3c7-68cc-416e-88b4-a9c34d103169" />
    <UnitTestResult executionId="8028bd85-da57-4075-869e-ae139527a7dc" testId="390041a8-330d-eda4-14e7-d1c2f194f98b" testName="Microsoft.AspNetCore.Components.EventCallbackFactoryBinderExtensionsTest.CreateBinder_DateTimeOffset_Format" computerName="pkrvmbietmlfzoi" duration="00:00:00.0089188" startTime="2025-07-02T21:18:24.4096384+00:00" endTime="2025-07-02T21:18:24.4190544+00:00" testType="13cdc9d9-ddb5-4fa4-a97d-d965ccfc6d4b" outcome="Passed" testListId="8c84fa94-04c1-424b-9868-57a2d4851a1d" relativeResultsDirectory="8028bd85-da57-4075-869e-ae139527a7dc" />
    <UnitTestResult executionId="4e1a78cf-503e-4529-b9c0-a7b91cbf20f9" testId="fcf32113-654e-0170-12a1-0fed2884a686" testName="Microsoft.AspNetCore.Components.EventCallbackTest.EventCallback_FuncTTask_ArgMismatch" computerName="pkrvmbietmlfzoi" duration="00:00:00.0035781" startTime="2025-07-02T21:18:24.3229212+00:00" endTime="2025-07-02T21:18:24.3319567+00:00" testType="13cdc9d9-ddb5-4fa4-a97d-d965ccfc6d4b" outcome="Passed" testListId="8c84fa94-04c1-424b-9868-57a2d4851a1d" relativeResultsDirectory="4e1a78cf-503e-4529-b9c0-a7b91cbf20f9" />
    <UnitTestResult executionId="ab1dbb29-3bc5-450a-89cb-cf31fb7ac0c3" testId="25b8c987-17f0-8136-c477-a0befcd62e7f" testName="Microsoft.AspNetCore.Components.EventCallbackFactoryTest.Create_EventCallback_ReturnsInput" computerName="pkrvmbietmlfzoi" duration="00:00:00.0002506" startTime="2025-07-02T21:18:24.0455048+00:00" endTime="2025-07-02T21:18:24.0459582+00:00" testType="13cdc9d9-ddb5-4fa4-a97d-d965ccfc6d4b" outcome="Passed" testListId="8c84fa94-04c1-424b-9868-57a2d4851a1d" relativeResultsDirectory="ab1dbb29-3bc5-450a-89cb-cf31fb7ac0c3" />
    <UnitTestResult executionId="50c53783-2f04-4cdb-91c5-e3cfd523b09f" testId="27e27187-cc17-5818-666a-779ac7a9cd40" testName="Microsoft.AspNetCore.Components.EventCallbackFactoryTest.CreateT_ActionT_DifferentReceiver" computerName="pkrvmbietmlfzoi" duration="00:00:00.0002084" startTime="2025-07-02T21:18:24.0847291+00:00" endTime="2025-07-02T21:18:24.0848436+00:00" testType="13cdc9d9-ddb5-4fa4-a97d-d965ccfc6d4b" outcome="Passed" testListId="8c84fa94-04c1-424b-9868-57a2d4851a1d" relativeResultsDirectory="50c53783-2f04-4cdb-91c5-e3cfd523b09f" />
    <UnitTestResult executionId="cc8c0342-72c4-4a27-b84d-fbef4930ca98" testId="5e406764-b5e8-cb5c-9f62-c70a353e7da5" testName="Microsoft.AspNetCore.Components.Routing.QueryParameterValueSupplierTest.MatchesKeysCaseInsensitively" computerName="pkrvmbietmlfzoi" duration="00:00:00.0001465" startTime="2025-07-02T21:18:24.2068250+00:00" endTime="2025-07-02T21:18:24.2069335+00:00" testType="13cdc9d9-ddb5-4fa4-a97d-d965ccfc6d4b" outcome="Passed" testListId="8c84fa94-04c1-424b-9868-57a2d4851a1d" relativeResultsDirectory="cc8c0342-72c4-4a27-b84d-fbef4930ca98" />
    <UnitTestResult executionId="041ead34-c696-4b0a-bd93-424898a9a1e4" testId="f924c660-2650-22d4-6c50-0bedfdbb1a74" testName="Microsoft.AspNetCore.Components.PersistentState.PersistentServicesRegistryTest.PersistStateAsync_DoesNotPersistNullServiceProperties" computerName="pkrvmbietmlfzoi" duration="00:00:00.0022879" startTime="2025-07-02T21:18:24.3586742+00:00" endTime="2025-07-02T21:18:24.3625755+00:00" testType="13cdc9d9-ddb5-4fa4-a97d-d965ccfc6d4b" outcome="Passed" testListId="8c84fa94-04c1-424b-9868-57a2d4851a1d" relativeResultsDirectory="041ead34-c696-4b0a-bd93-424898a9a1e4" />
    <UnitTestResult executionId="55276db4-d0e6-4127-91b6-38292bf0e178" testId="26440f56-b1d5-bf71-6850-73d01d65d17f" testName="Microsoft.AspNetCore.Components.Test.RenderTreeDiffBuilderTest.RecognizesTrailingSequenceWithinLoopBlockBeingAppended" computerName="pkrvmbietmlfzoi" duration="00:00:00.0006620" startTime="2025-07-02T21:18:24.3814946+00:00" endTime="2025-07-02T21:18:24.3838709+00:00" testType="13cdc9d9-ddb5-4fa4-a97d-d965ccfc6d4b" outcome="Passed" testListId="8c84fa94-04c1-424b-9868-57a2d4851a1d" relativeResultsDirectory="55276db4-d0e6-4127-91b6-38292bf0e178" />
    <UnitTestResult executionId="557365af-3e9e-45f7-8656-280139d6a3f1" testId="543520d4-f7dd-b167-e245-b9bf6e804b67" testName="Microsoft.AspNetCore.Components.RenderTree.StackObjectPoolTest.CanGetInstances" computerName="pkrvmbietmlfzoi" duration="00:00:00.0002190" startTime="2025-07-02T21:18:24.3351508+00:00" endTime="2025-07-02T21:18:24.3356607+00:00" testType="13cdc9d9-ddb5-4fa4-a97d-d965ccfc6d4b" outcome="Passed" testListId="8c84fa94-04c1-424b-9868-57a2d4851a1d" relativeResultsDirectory="557365af-3e9e-45f7-8656-280139d6a3f1" />
    <UnitTestResult executionId="084486ca-b8d0-40af-869a-d85f3a77066b" testId="55cd5cf7-3e3b-d0e7-0f08-81397b9bba36" testName="Microsoft.AspNetCore.Components.Test.RendererTest.RenderModeResolverCanSupplyComponent_CallSiteRenderMode" computerName="pkrvmbietmlfzoi" duration="00:00:00.0003967" startTime="2025-07-02T21:18:25.8485710+00:00" endTime="2025-07-02T21:18:25.8489178+00:00" testType="13cdc9d9-ddb5-4fa4-a97d-d965ccfc6d4b" outcome="Passed" testListId="8c84fa94-04c1-424b-9868-57a2d4851a1d" relativeResultsDirectory="084486ca-b8d0-40af-869a-d85f3a77066b" />
    <UnitTestResult executionId="af812087-aa39-4b5b-82cd-8dfaf5866adf" testId="3fc6f3b9-3cfb-3631-1d07-b2f8af01e39e" testName="Microsoft.AspNetCore.Components.ComponentStatePersistenceManagerTest.PersistStateAsync_PersistsRegistry" computerName="pkrvmbietmlfzoi" duration="00:00:00.0068976" startTime="2025-07-02T21:18:24.3484134+00:00" endTime="2025-07-02T21:18:24.3557965+00:00" testType="13cdc9d9-ddb5-4fa4-a97d-d965ccfc6d4b" outcome="Passed" testListId="8c84fa94-04c1-424b-9868-57a2d4851a1d" relativeResultsDirectory="af812087-aa39-4b5b-82cd-8dfaf5866adf" />
    <UnitTestResult executionId="f9065833-27b9-4378-b319-c9e12f6646e9" testId="85419654-c790-2540-dde0-ac744e0ba38f" testName="Microsoft.AspNetCore.Components.Routing.QueryParameterValueSupplierTest.EmptyStringArrayValuesAreSuppliedAsEmptyStrings" computerName="pkrvmbietmlfzoi" duration="00:00:00.0002218" startTime="2025-07-02T21:18:24.2065050+00:00" endTime="2025-07-02T21:18:24.2065939+00:00" testType="13cdc9d9-ddb5-4fa4-a97d-d965ccfc6d4b" outcome="Passed" testListId="8c84fa94-04c1-424b-9868-57a2d4851a1d" relativeResultsDirectory="f9065833-27b9-4378-b319-c9e12f6646e9" />
    <UnitTestResult executionId="64abef9b-9adc-4400-acdd-bb77c26b2e86" testId="841bccef-6ccb-fbbf-a261-9a6b9d007115" testName="Microsoft.AspNetCore.Components.BindConverterTest.TryConvertTo_NullableGuid_Valid" computerName="pkrvmbietmlfzoi" duration="00:00:00.0003510" startTime="2025-07-02T21:18:24.2477181+00:00" endTime="2025-07-02T21:18:24.2589137+00:00" testType="13cdc9d9-ddb5-4fa4-a97d-d965ccfc6d4b" outcome="Passed" testListId="8c84fa94-04c1-424b-9868-57a2d4851a1d" relativeResultsDirectory="64abef9b-9adc-4400-acdd-bb77c26b2e86" />
    <UnitTestResult executionId="856ff729-5516-4d8d-a934-bf758a0d0933" testId="5a60e50d-87c6-70b1-f7aa-adc2b3186bdc" testName="Microsoft.AspNetCore.Components.Test.DependencyInjectionTest.IgnoresPropertiesWithoutInjectAttribute" computerName="pkrvmbietmlfzoi" duration="00:00:00.0006933" startTime="2025-07-02T21:18:24.1179595+00:00" endTime="2025-07-02T21:18:24.1183648+00:00" testType="13cdc9d9-ddb5-4fa4-a97d-d965ccfc6d4b" outcome="Passed" testListId="8c84fa94-04c1-424b-9868-57a2d4851a1d" relativeResultsDirectory="856ff729-5516-4d8d-a934-bf758a0d0933" />
    <UnitTestResult executionId="5509d294-3f3f-4634-8845-769333b012d4" testId="dbc1eaf3-3264-f455-406d-6da8ccabb029" testName="Microsoft.AspNetCore.Components.Test.RendererTest.EventDispatching_DelegateParameter_MethodToDelegateConversion" computerName="pkrvmbietmlfzoi" duration="00:00:00.0009194" startTime="2025-07-02T21:18:24.7726973+00:00" endTime="2025-07-02T21:18:24.7735733+00:00" testType="13cdc9d9-ddb5-4fa4-a97d-d965ccfc6d4b" outcome="Passed" testListId="8c84fa94-04c1-424b-9868-57a2d4851a1d" relativeResultsDirectory="5509d294-3f3f-4634-8845-769333b012d4" />
    <UnitTestResult executionId="5f8c4e84-334c-484f-8fe8-5bc4058d5157" testId="c11563d1-2be0-0ad9-4361-0977edde7b30" testName="Microsoft.AspNetCore.Components.Rendering.RenderTreeBuilderTest.CanAddRegions" computerName="pkrvmbietmlfzoi" duration="00:00:00.0027691" startTime="2025-07-02T21:18:24.3226159+00:00" endTime="2025-07-02T21:18:24.3232268+00:00" testType="13cdc9d9-ddb5-4fa4-a97d-d965ccfc6d4b" outcome="Passed" testListId="8c84fa94-04c1-424b-9868-57a2d4851a1d" relativeResultsDirectory="5f8c4e84-334c-484f-8fe8-5bc4058d5157" />
    <UnitTestResult executionId="aff67672-23bd-48fe-9e67-336112748b4d" testId="ed7a6be3-3697-84b7-bfd3-8de02e542b9d" testName="Microsoft.AspNetCore.Components.Test.CascadingParameterTest.StopsNotifyingDescendantsIfTheyAreRemoved" computerName="pkrvmbietmlfzoi" duration="00:00:00.0060694" startTime="2025-07-02T21:18:24.4479966+00:00" endTime="2025-07-02T21:18:24.4520087+00:00" testType="13cdc9d9-ddb5-4fa4-a97d-d965ccfc6d4b" outcome="Passed" testListId="8c84fa94-04c1-424b-9868-57a2d4851a1d" relativeResultsDirectory="aff67672-23bd-48fe-9e67-336112748b4d" />
    <UnitTestResult executionId="de5ced62-2aed-4092-915d-451691d1d4a3" testId="d87c4b0f-ddc1-c20d-88d0-00503a7a2d64" testName="Microsoft.AspNetCore.Components.Test.RendererTest.CanUseCustomComponentActivatorFromConstructorParameter" computerName="pkrvmbietmlfzoi" duration="00:00:00.0003610" startTime="2025-07-02T21:18:25.8317878+00:00" endTime="2025-07-02T21:18:25.8321428+00:00" testType="13cdc9d9-ddb5-4fa4-a97d-d965ccfc6d4b" outcome="Passed" testListId="8c84fa94-04c1-424b-9868-57a2d4851a1d" relativeResultsDirectory="de5ced62-2aed-4092-915d-451691d1d4a3" />
    <UnitTestResult executionId="0ce15686-b0db-420c-aa0c-787eb8401fcc" testId="8fcc0e5f-ae1b-78c2-45ea-f52e1f28f54e" testName="Microsoft.AspNetCore.Components.ComponentsMetricsTest.ComponentLifecycle_RecordsAllMetricsCorrectly" computerName="pkrvmbietmlfzoi" duration="00:00:00.0864386" startTime="2025-07-02T21:18:24.3844242+00:00" endTime="2025-07-02T21:18:24.4679168+00:00" testType="13cdc9d9-ddb5-4fa4-a97d-d965ccfc6d4b" outcome="Passed" testListId="8c84fa94-04c1-424b-9868-57a2d4851a1d" relativeResultsDirectory="0ce15686-b0db-420c-aa0c-787eb8401fcc" />
    <UnitTestResult executionId="2c618ca3-4477-4351-b8e8-6e22a64e21ed" testId="4734019b-b3e6-89a9-11f7-518360565486" testName="Microsoft.AspNetCore.Components.Rendering.RenderTreeBuilderTest.CannotAddComponentReferenceCaptureWithNoParent" computerName="pkrvmbietmlfzoi" duration="00:00:00.0017825" startTime="2025-07-02T21:18:24.3624669+00:00" endTime="2025-07-02T21:18:24.3661478+00:00" testType="13cdc9d9-ddb5-4fa4-a97d-d965ccfc6d4b" outcome="Passed" testListId="8c84fa94-04c1-424b-9868-57a2d4851a1d" relativeResultsDirectory="2c618ca3-4477-4351-b8e8-6e22a64e21ed" />
    <UnitTestResult executionId="fb5dd641-b78f-4d7e-933a-64c8b6138bc6" testId="259d84d8-a34e-7098-bac3-954163732a30" testName="Microsoft.AspNetCore.Components.NavigationManagerTest.LocationChangingHandlers_CanContinueTheNavigationSynchronously_WhenMultipleHandlersAreRegistered" computerName="pkrvmbietmlfzoi" duration="00:00:00.0004720" startTime="2025-07-02T21:18:24.1551360+00:00" endTime="2025-07-02T21:18:24.1552637+00:00" testType="13cdc9d9-ddb5-4fa4-a97d-d965ccfc6d4b" outcome="Passed" testListId="8c84fa94-04c1-424b-9868-57a2d4851a1d" relativeResultsDirectory="fb5dd641-b78f-4d7e-933a-64c8b6138bc6" />
    <UnitTestResult executionId="f4438af4-70d3-4180-be44-75c6155a5619" testId="1dbfac0d-6921-9fa7-0a13-4278be6b0a57" testName="Microsoft.AspNetCore.Components.Test.RenderTreeUpdaterTest.IgnoresUnknownEventHandlerId" computerName="pkrvmbietmlfzoi" duration="00:00:00.0011069" startTime="2025-07-02T21:18:23.9909480+00:00" endTime="2025-07-02T21:18:23.9918253+00:00" testType="13cdc9d9-ddb5-4fa4-a97d-d965ccfc6d4b" outcome="Passed" testListId="8c84fa94-04c1-424b-9868-57a2d4851a1d" relativeResultsDirectory="f4438af4-70d3-4180-be44-75c6155a5619" />
    <UnitTestResult executionId="3c1ac76a-2905-4c57-b6f2-6f8253906240" testId="e1a33abc-d0d6-40df-7cba-b407e634c025" testName="Microsoft.AspNetCore.Components.Rendering.RenderTreeBuilderTest.CannotAddKeyOutsideComponentOrElement_RegionRoot" computerName="pkrvmbietmlfzoi" duration="00:00:00.0004296" startTime="2025-07-02T21:18:24.3762748+00:00" endTime="2025-07-02T21:18:24.3772177+00:00" testType="13cdc9d9-ddb5-4fa4-a97d-d965ccfc6d4b" outcome="Passed" testListId="8c84fa94-04c1-424b-9868-57a2d4851a1d" relativeResultsDirectory="3c1ac76a-2905-4c57-b6f2-6f8253906240" />
    <UnitTestResult executionId="7322a560-9cd0-4575-ad21-1eb2026d1451" testId="402d9547-53c6-8a37-1073-086800375532" testName="Microsoft.AspNetCore.Components.EventCallbackFactoryBinderExtensionsTest.CreateBinder_DateTime_Format" computerName="pkrvmbietmlfzoi" duration="00:00:00.0016590" startTime="2025-07-02T21:18:24.5054046+00:00" endTime="2025-07-02T21:18:24.5060879+00:00" testType="13cdc9d9-ddb5-4fa4-a97d-d965ccfc6d4b" outcome="Passed" testListId="8c84fa94-04c1-424b-9868-57a2d4851a1d" relativeResultsDirectory="7322a560-9cd0-4575-ad21-1eb2026d1451" />
    <UnitTestResult executionId="43c98aa2-4b62-46dc-9bea-9145b643b921" testId="e4312186-e6e6-5722-2d06-1fe95a294390" testName="Microsoft.AspNetCore.Components.Rendering.RenderTreeBuilderTest.AddAttribute_Element_ObjectBoolTrue_AddsFrame" computerName="pkrvmbietmlfzoi" duration="00:00:00.0020902" startTime="2025-07-02T21:18:24.3811558+00:00" endTime="2025-07-02T21:18:24.3848007+00:00" testType="13cdc9d9-ddb5-4fa4-a97d-d965ccfc6d4b" outcome="Passed" testListId="8c84fa94-04c1-424b-9868-57a2d4851a1d" relativeResultsDirectory="43c98aa2-4b62-46dc-9bea-9145b643b921" />
    <UnitTestResult executionId="aa83aa04-dd22-44ba-8ed9-ed0b3845c440" testId="740b1f60-e42d-66de-0684-ebbdaabbfdda" testName="Microsoft.AspNetCore.Components.Test.RendererTest.ExceptionsDispatchedOffSyncContextCanBeHandledAsync" computerName="pkrvmbietmlfzoi" duration="00:00:00.0017249" startTime="2025-07-02T21:18:25.8441627+00:00" endTime="2025-07-02T21:18:25.8462198+00:00" testType="13cdc9d9-ddb5-4fa4-a97d-d965ccfc6d4b" outcome="Passed" testListId="8c84fa94-04c1-424b-9868-57a2d4851a1d" relativeResultsDirectory="aa83aa04-dd22-44ba-8ed9-ed0b3845c440" />
    <UnitTestResult executionId="7cd60c45-0173-43c2-9af4-c51cce141587" testId="f1b60189-ccc9-b1e7-ab08-7356b894ec44" testName="Microsoft.AspNetCore.Components.Test.RendererTest.DisposingRenderer_CapturesAsyncExceptionsFromAllRegisteredAsyncDisposableComponents" computerName="pkrvmbietmlfzoi" duration="00:00:00.0033490" startTime="2025-07-02T21:18:24.7862310+00:00" endTime="2025-07-02T21:18:24.7899909+00:00" testType="13cdc9d9-ddb5-4fa4-a97d-d965ccfc6d4b" outcome="Passed" testListId="8c84fa94-04c1-424b-9868-57a2d4851a1d" relativeResultsDirectory="7cd60c45-0173-43c2-9af4-c51cce141587" />
    <UnitTestResult executionId="d29f073e-d7b4-4df4-844e-5da8f41068f9" testId="94f886e0-ac98-223a-7793-64a9c2010d23" testName="Microsoft.AspNetCore.Components.ComponentApplicationStateTest.TryRetrieveFromJson_NullValue" computerName="pkrvmbietmlfzoi" duration="00:00:00.0002471" startTime="2025-07-02T21:18:24.1776725+00:00" endTime="2025-07-02T21:18:24.1779763+00:00" testType="13cdc9d9-ddb5-4fa4-a97d-d965ccfc6d4b" outcome="Passed" testListId="8c84fa94-04c1-424b-9868-57a2d4851a1d" relativeResultsDirectory="d29f073e-d7b4-4df4-844e-5da8f41068f9" />
    <UnitTestResult executionId="116ca7b4-fd59-43b8-916b-b695b393f5cb" testId="d009849c-8b8f-6d99-13f2-ef4249e361b2" testName="Microsoft.AspNetCore.Components.EventCallbackFactoryTest.Create_FuncTask_Null" computerName="pkrvmbietmlfzoi" duration="00:00:00.0001330" startTime="2025-07-02T21:18:24.0798511+00:00" endTime="2025-07-02T21:18:24.0799667+00:00" testType="13cdc9d9-ddb5-4fa4-a97d-d965ccfc6d4b" outcome="Passed" testListId="8c84fa94-04c1-424b-9868-57a2d4851a1d" relativeResultsDirectory="116ca7b4-fd59-43b8-916b-b695b393f5cb" />
    <UnitTestResult executionId="2bc43c77-25de-484b-af9c-cad320824ad6" testId="8631ac2b-a4f0-7451-f5d6-c315253da478" testName="Microsoft.AspNetCore.Components.Rendering.RendererSynchronizationContextTest.InvokeAsync_FuncTaskT_CanRunSynchronously_WhenNotBusy" computerName="pkrvmbietmlfzoi" duration="00:00:00.0007832" startTime="2025-07-02T21:18:24.6447170+00:00" endTime="2025-07-02T21:18:24.6448277+00:00" testType="13cdc9d9-ddb5-4fa4-a97d-d965ccfc6d4b" outcome="Passed" testListId="8c84fa94-04c1-424b-9868-57a2d4851a1d" relativeResultsDirectory="2bc43c77-25de-484b-af9c-cad320824ad6" />
    <UnitTestResult executionId="c7a9e241-48f1-42c3-94e0-2fb7be2ed971" testId="5d3d84cf-038c-4965-b983-fb6337668672" testName="Microsoft.AspNetCore.Components.Routing.RoutePatternParserTests.Parse_SingleLiteral" computerName="pkrvmbietmlfzoi" duration="00:00:00.0001814" startTime="2025-07-02T21:18:24.2892264+00:00" endTime="2025-07-02T21:18:24.2893365+00:00" testType="13cdc9d9-ddb5-4fa4-a97d-d965ccfc6d4b" outcome="Passed" testListId="8c84fa94-04c1-424b-9868-57a2d4851a1d" relativeResultsDirectory="c7a9e241-48f1-42c3-94e0-2fb7be2ed971" />
    <UnitTestResult executionId="62b57830-7c3c-4538-906b-f3091d577ac6" testId="1906a1be-3bab-eb07-1600-dbe6840a96ec" testName="Microsoft.AspNetCore.Components.Routing.QueryParameterValueSupplierTest.RejectsUnparseableValues(key: &quot;DoubleVal&quot;, value: &quot;1x&quot;, targetType: typeof(double))" computerName="pkrvmbietmlfzoi" duration="00:00:00.0004054" startTime="2025-07-02T21:18:24.1021725+00:00" endTime="2025-07-02T21:18:24.1022809+00:00" testType="13cdc9d9-ddb5-4fa4-a97d-d965ccfc6d4b" outcome="Passed" testListId="8c84fa94-04c1-424b-9868-57a2d4851a1d" relativeResultsDirectory="62b57830-7c3c-4538-906b-f3091d577ac6" />
    <UnitTestResult executionId="85a1384a-bcf9-41d8-89e0-cbfa8d8a1ce5" testId="abcfdaf8-80a5-c0d3-91a9-45b74201817f" testName="Microsoft.AspNetCore.Components.PersistentStateValueProviderTests.PersistenceFails_MultipleComponentsUseInvalidKeyTypes(componentKeyType1: Object { }, componentKeyType2: Object { })" computerName="pkrvmbietmlfzoi" duration="00:00:00.0013674" startTime="2025-07-02T21:18:24.5415064+00:00" endTime="2025-07-02T21:18:24.5421571+00:00" testType="13cdc9d9-ddb5-4fa4-a97d-d965ccfc6d4b" outcome="Passed" testListId="8c84fa94-04c1-424b-9868-57a2d4851a1d" relativeResultsDirectory="85a1384a-bcf9-41d8-89e0-cbfa8d8a1ce5" />
    <UnitTestResult executionId="01ee6275-8440-4199-96a4-15a68f6c5511" testId="586a6e9f-1677-db0a-a90b-40e2a4c65a99" testName="Microsoft.AspNetCore.Components.EventCallbackFactoryBinderExtensionsTest.CreateBinder_CustomTypeConverter" computerName="pkrvmbietmlfzoi" duration="00:00:00.0040902" startTime="2025-07-02T21:18:24.4961338+00:00" endTime="2025-07-02T21:18:24.4995375+00:00" testType="13cdc9d9-ddb5-4fa4-a97d-d965ccfc6d4b" outcome="Passed" testListId="8c84fa94-04c1-424b-9868-57a2d4851a1d" relativeResultsDirectory="01ee6275-8440-4199-96a4-15a68f6c5511" />
    <UnitTestResult executionId="a86304af-bc01-4b22-946f-258d503a3612" testId="e42fdbf6-bd35-652f-3b97-233786345edb" testName="Microsoft.AspNetCore.Components.EventCallbackFactoryTest.CreateT_Action_Unbound" computerName="pkrvmbietmlfzoi" duration="00:00:00.0003991" startTime="2025-07-02T21:18:24.0938663+00:00" endTime="2025-07-02T21:18:24.0939283+00:00" testType="13cdc9d9-ddb5-4fa4-a97d-d965ccfc6d4b" outcome="Passed" testListId="8c84fa94-04c1-424b-9868-57a2d4851a1d" relativeResultsDirectory="a86304af-bc01-4b22-946f-258d503a3612" />
    <UnitTestResult executionId="f274bb7d-4b6e-4462-a2f2-1e8d65aa87ef" testId="3e67406e-2ea1-e907-7790-c945fbc51991" testName="Microsoft.AspNetCore.Components.Routing.RouteTableFactoryTests.DoesNotThrowForNonAmbiguousRoutes(first: &quot;literal/{*catchAll:int}&quot;, second: &quot;literal/{optional?}&quot;)" computerName="pkrvmbietmlfzoi" duration="00:00:00.0003814" startTime="2025-07-02T21:18:24.5095869+00:00" endTime="2025-07-02T21:18:24.5100408+00:00" testType="13cdc9d9-ddb5-4fa4-a97d-d965ccfc6d4b" outcome="Passed" testListId="8c84fa94-04c1-424b-9868-57a2d4851a1d" relativeResultsDirectory="f274bb7d-4b6e-4462-a2f2-1e8d65aa87ef" />
    <UnitTestResult executionId="5aa4b58d-3fa0-4aeb-b367-c8222e6b7add" testId="3d921b53-9756-73d5-54e4-d6b7dff875d5" testName="Microsoft.AspNetCore.Components.ComponentFactoryTest.InstantiateComponent_WithRenderModeOnComponent_UsesRenderModeResolver" computerName="pkrvmbietmlfzoi" duration="00:00:00.0071946" startTime="2025-07-02T21:18:24.1193545+00:00" endTime="2025-07-02T21:18:24.1265565+00:00" testType="13cdc9d9-ddb5-4fa4-a97d-d965ccfc6d4b" outcome="Passed" testListId="8c84fa94-04c1-424b-9868-57a2d4851a1d" relativeResultsDirectory="5aa4b58d-3fa0-4aeb-b367-c8222e6b7add" />
    <UnitTestResult executionId="26e84a76-ee65-4bdb-97ae-e102e8f7e820" testId="4d50b4bc-fb20-4b15-c696-86312cc6655b" testName="Microsoft.AspNetCore.Components.Rendering.RenderTreeBuilderTest.CannotAddDelegateAttributeAtRoot" computerName="pkrvmbietmlfzoi" duration="00:00:00.0002440" startTime="2025-07-02T21:18:24.2103020+00:00" endTime="2025-07-02T21:18:24.2104131+00:00" testType="13cdc9d9-ddb5-4fa4-a97d-d965ccfc6d4b" outcome="Passed" testListId="8c84fa94-04c1-424b-9868-57a2d4851a1d" relativeResultsDirectory="26e84a76-ee65-4bdb-97ae-e102e8f7e820" />
    <UnitTestResult executionId="401994e4-f6bb-43c6-a56c-20a6058e5cc8" testId="5797148e-1243-f07f-740f-e334ef9d064d" testName="Microsoft.AspNetCore.Components.ParameterViewTest.CanTryGetNonExistingValue" computerName="pkrvmbietmlfzoi" duration="00:00:00.0005084" startTime="2025-07-02T21:18:24.0374312+00:00" endTime="2025-07-02T21:18:24.0375450+00:00" testType="13cdc9d9-ddb5-4fa4-a97d-d965ccfc6d4b" outcome="Passed" testListId="8c84fa94-04c1-424b-9868-57a2d4851a1d" relativeResultsDirectory="401994e4-f6bb-43c6-a56c-20a6058e5cc8" />
    <UnitTestResult executionId="cb1824e9-eb34-498a-bd7a-bcefc88312ba" testId="05b68737-e2a8-4864-f836-dc209e28cb13" testName="Microsoft.AspNetCore.Components.Test.DependencyInjectionTest.HandlesInjectablePropertyScenarios" computerName="pkrvmbietmlfzoi" duration="00:00:00.0081257" startTime="2025-07-02T21:18:24.1316324+00:00" endTime="2025-07-02T21:18:24.1398864+00:00" testType="13cdc9d9-ddb5-4fa4-a97d-d965ccfc6d4b" outcome="Passed" testListId="8c84fa94-04c1-424b-9868-57a2d4851a1d" relativeResultsDirectory="cb1824e9-eb34-498a-bd7a-bcefc88312ba" />
    <UnitTestResult executionId="ebc55918-5049-48db-b789-9a02d285698c" testId="0e1c07e6-369a-2f69-1299-cf762b3a0f30" testName="Microsoft.AspNetCore.Components.ParameterViewTest.FromDictionary_RoundTrips" computerName="pkrvmbietmlfzoi" duration="00:00:00.0027475" startTime="2025-07-02T21:18:24.0161695+00:00" endTime="2025-07-02T21:18:24.0162846+00:00" testType="13cdc9d9-ddb5-4fa4-a97d-d965ccfc6d4b" outcome="Passed" testListId="8c84fa94-04c1-424b-9868-57a2d4851a1d" relativeResultsDirectory="ebc55918-5049-48db-b789-9a02d285698c" />
    <UnitTestResult executionId="90f7b3cc-e394-45bd-b6f7-6dfb4605727a" testId="b153c943-ecdf-3976-30b9-5de80d0b0611" testName="Microsoft.AspNetCore.Components.NavigationManagerTest.GetUriWithQueryParameter_RemovesWhenParameterValueIsNull(baseUri: &quot;scheme://host/?full%20name=&quot;, expectedUri: &quot;scheme://host/&quot;)" computerName="pkrvmbietmlfzoi" duration="00:00:00.0000204" startTime="2025-07-02T21:18:23.9569177+00:00" endTime="2025-07-02T21:18:23.9570211+00:00" testType="13cdc9d9-ddb5-4fa4-a97d-d965ccfc6d4b" outcome="Passed" testListId="8c84fa94-04c1-424b-9868-57a2d4851a1d" relativeResultsDirectory="90f7b3cc-e394-45bd-b6f7-6dfb4605727a" />
    <UnitTestResult executionId="c5d0d297-e846-46c3-b96f-bb558f9c91da" testId="368df98f-908e-6cc2-43ae-5a5d904e2247" testName="Microsoft.AspNetCore.Components.EventCallbackTest.EventCallbackOfT_Equals_WhenANewDelegateIsCreated" computerName="pkrvmbietmlfzoi" duration="00:00:00.0003981" startTime="2025-07-02T21:18:24.3697343+00:00" endTime="2025-07-02T21:18:24.3700942+00:00" testType="13cdc9d9-ddb5-4fa4-a97d-d965ccfc6d4b" outcome="Passed" testListId="8c84fa94-04c1-424b-9868-57a2d4851a1d" relativeResultsDirectory="c5d0d297-e846-46c3-b96f-bb558f9c91da" />
    <UnitTestResult executionId="6a05d569-878c-4688-8597-4132ebf89316" testId="1a1aed9b-aef6-582d-60b1-f14cc20bf88a" testName="Microsoft.AspNetCore.Components.ComponentsMetricsTest.Constructor_CreatesMetersCorrectly" computerName="pkrvmbietmlfzoi" duration="00:00:00.0008466" startTime="2025-07-02T21:18:24.5641868+00:00" endTime="2025-07-02T21:18:24.5648656+00:00" testType="13cdc9d9-ddb5-4fa4-a97d-d965ccfc6d4b" outcome="Passed" testListId="8c84fa94-04c1-424b-9868-57a2d4851a1d" relativeResultsDirectory="6a05d569-878c-4688-8597-4132ebf89316" />
    <UnitTestResult executionId="cf0ee814-6b9b-4807-bb0a-5f1c18e3f5ae" testId="c61c6866-8332-5392-7f67-bf35fe3054b9" testName="Microsoft.AspNetCore.Components.EventCallbackFactoryBinderExtensionsTest.CreateBinder_NullableDecimal" computerName="pkrvmbietmlfzoi" duration="00:00:00.0066132" startTime="2025-07-02T21:18:24.4514955+00:00" endTime="2025-07-02T21:18:24.4582487+00:00" testType="13cdc9d9-ddb5-4fa4-a97d-d965ccfc6d4b" outcome="Passed" testListId="8c84fa94-04c1-424b-9868-57a2d4851a1d" relativeResultsDirectory="cf0ee814-6b9b-4807-bb0a-5f1c18e3f5ae" />
    <UnitTestResult executionId="a63d8d2e-0f4b-47da-926d-76b5a7637a97" testId="7cdb2c21-ed56-fbbf-76e7-6ed40e8c13f8" testName="Microsoft.AspNetCore.Components.Rendering.RenderTreeBuilderTest.AddComponentParameter_Component_Bool_SetsAttributeValue(value: False)" computerName="pkrvmbietmlfzoi" duration="00:00:00.0002719" startTime="2025-07-02T21:18:24.2196001+00:00" endTime="2025-07-02T21:18:24.2197635+00:00" testType="13cdc9d9-ddb5-4fa4-a97d-d965ccfc6d4b" outcome="Passed" testListId="8c84fa94-04c1-424b-9868-57a2d4851a1d" relativeResultsDirectory="a63d8d2e-0f4b-47da-926d-76b5a7637a97" />
    <UnitTestResult executionId="c456795b-d0d1-4915-85f4-ea974a31fb4e" testId="4d85beb5-b3cf-f79f-2298-16e1a3592899" testName="Microsoft.AspNetCore.Components.Test.RenderTreeDiffBuilderTest.RecognizesAttributesRemoved" computerName="pkrvmbietmlfzoi" duration="00:00:00.0012137" startTime="2025-07-02T21:18:24.5015275+00:00" endTime="2025-07-02T21:18:24.5020360+00:00" testType="13cdc9d9-ddb5-4fa4-a97d-d965ccfc6d4b" outcome="Passed" testListId="8c84fa94-04c1-424b-9868-57a2d4851a1d" relativeResultsDirectory="c456795b-d0d1-4915-85f4-ea974a31fb4e" />
    <UnitTestResult executionId="6ded7bb8-b04b-499c-900c-0daae6c27e8a" testId="f2be466a-9478-63ea-1859-e5408558f8cc" testName="Microsoft.AspNetCore.Components.ComponentApplicationStateTest.TryRetrieveFromJson_DeserializesTheDataFromJson" computerName="pkrvmbietmlfzoi" duration="00:00:00.0022066" startTime="2025-07-02T21:18:24.1826211+00:00" endTime="2025-07-02T21:18:24.1829472+00:00" testType="13cdc9d9-ddb5-4fa4-a97d-d965ccfc6d4b" outcome="Passed" testListId="8c84fa94-04c1-424b-9868-57a2d4851a1d" relativeResultsDirectory="6ded7bb8-b04b-499c-900c-0daae6c27e8a" />
    <UnitTestResult executionId="51bba131-2cc7-4b9a-b9fa-9fdf1f20309d" testId="93e6ece0-287d-aa76-a5d5-c4eafc9770cf" testName="Microsoft.AspNetCore.Components.Test.RendererTest.RenderBatch_HandlesAsynchronousExceptionsInAsyncDisposableComponents" computerName="pkrvmbietmlfzoi" duration="00:00:00.0016208" startTime="2025-07-02T21:18:24.7563671+00:00" endTime="2025-07-02T21:18:24.7579467+00:00" testType="13cdc9d9-ddb5-4fa4-a97d-d965ccfc6d4b" outcome="Passed" testListId="8c84fa94-04c1-424b-9868-57a2d4851a1d" relativeResultsDirectory="51bba131-2cc7-4b9a-b9fa-9fdf1f20309d" />
    <UnitTestResult executionId="09490159-ad01-4332-834c-fa826e61efce" testId="e1829039-99f0-2782-3ae5-d5309f340c4f" testName="Microsoft.AspNetCore.Components.Rendering.RenderTreeBuilderTest.AddAttribute_Element_EventHandler_AddsFrame" computerName="pkrvmbietmlfzoi" duration="00:00:00.0008543" startTime="2025-07-02T21:18:24.3053951+00:00" endTime="2025-07-02T21:18:24.3061798+00:00" testType="13cdc9d9-ddb5-4fa4-a97d-d965ccfc6d4b" outcome="Passed" testListId="8c84fa94-04c1-424b-9868-57a2d4851a1d" relativeResultsDirectory="09490159-ad01-4332-834c-fa826e61efce" />
    <UnitTestResult executionId="2a8a3c9f-d968-4ebc-8beb-00211de0da4e" testId="0d93b3c7-2720-e406-00c5-c086e5dbbaf8" testName="Microsoft.AspNetCore.Components.NavigationManagerTest.OnNotFoundSubscriptionIsTriggeredWhenNotFoundCalled" computerName="pkrvmbietmlfzoi" duration="00:00:00.0015301" startTime="2025-07-02T21:18:24.0488051+00:00" endTime="2025-07-02T21:18:24.0503024+00:00" testType="13cdc9d9-ddb5-4fa4-a97d-d965ccfc6d4b" outcome="Passed" testListId="8c84fa94-04c1-424b-9868-57a2d4851a1d" relativeResultsDirectory="2a8a3c9f-d968-4ebc-8beb-00211de0da4e" />
    <UnitTestResult executionId="e24b8b48-1e4e-40ab-bd0d-86ad44f09fb4" testId="15350bfc-6592-689c-6fc1-f72c5466fc9b" testName="Microsoft.AspNetCore.Components.Test.RenderTreeDiffBuilderTest.RecognizesAttributeStringValuesChanged" computerName="pkrvmbietmlfzoi" duration="00:00:00.0045275" startTime="2025-07-02T21:18:24.3479972+00:00" endTime="2025-07-02T21:18:24.3519969+00:00" testType="13cdc9d9-ddb5-4fa4-a97d-d965ccfc6d4b" outcome="Passed" testListId="8c84fa94-04c1-424b-9868-57a2d4851a1d" relativeResultsDirectory="e24b8b48-1e4e-40ab-bd0d-86ad44f09fb4" />
    <UnitTestResult executionId="a132c656-21ab-4bf3-86eb-a04cb8f2aa88" testId="1080a8fb-c4f5-1740-e9b9-cd24db7a0bc9" testName="Microsoft.AspNetCore.Components.PersistentStateValueProviderTests.PersistAsync_CanPersistMultipleComponentsOfSameType_SupportsDifferentKeyTypes(componentKey1: 6d1f22a2-cc06-472d-8774-0184d5b176b1, componentKey2: e6326a79-3a75-47d4-9016-6384f0909da8)" computerName="pkrvmbietmlfzoi" duration="00:00:00.0002257" startTime="2025-07-02T21:18:24.5333777+00:00" endTime="2025-07-02T21:18:24.5341508+00:00" testType="13cdc9d9-ddb5-4fa4-a97d-d965ccfc6d4b" outcome="Passed" testListId="8c84fa94-04c1-424b-9868-57a2d4851a1d" relativeResultsDirectory="a132c656-21ab-4bf3-86eb-a04cb8f2aa88" />
    <UnitTestResult executionId="2b18223e-b7ab-41fa-b273-95a4bda37da8" testId="9ef5bce8-20a6-e21f-e520-2849b285356f" testName="Microsoft.AspNetCore.Components.DynamicComponentTest.RejectsUnknownParameters" computerName="pkrvmbietmlfzoi" duration="00:00:00.0030293" startTime="2025-07-02T21:18:24.2931156+00:00" endTime="2025-07-02T21:18:24.2950885+00:00" testType="13cdc9d9-ddb5-4fa4-a97d-d965ccfc6d4b" outcome="Passed" testListId="8c84fa94-04c1-424b-9868-57a2d4851a1d" relativeResultsDirectory="2b18223e-b7ab-41fa-b273-95a4bda37da8" />
    <UnitTestResult executionId="438061e5-b70c-47bd-bf3d-a6c052f07363" testId="224121b0-bd55-b0f9-b633-9c4a8af584c9" testName="Microsoft.AspNetCore.Components.NavigationManagerTest.LocationChangingHandlers_AreCanceledBySuccessiveNavigations_WhenOneHandlerIsRegistered" computerName="pkrvmbietmlfzoi" duration="00:00:00.0047939" startTime="2025-07-02T21:18:24.0142673+00:00" endTime="2025-07-02T21:18:24.0151205+00:00" testType="13cdc9d9-ddb5-4fa4-a97d-d965ccfc6d4b" outcome="Passed" testListId="8c84fa94-04c1-424b-9868-57a2d4851a1d" relativeResultsDirectory="438061e5-b70c-47bd-bf3d-a6c052f07363" />
    <UnitTestResult executionId="a699a952-ed66-44f7-a4f8-c9813295fa68" testId="1dae9299-e709-a0bc-65b3-c33d38656a39" testName="Microsoft.AspNetCore.Components.Routing.QueryParameterValueSupplierTest.RejectsBlankArrayEntriesWhenNotNullable(key: &quot;BoolVals&quot;, targetType: typeof(bool))" computerName="pkrvmbietmlfzoi" duration="00:00:00.0000667" startTime="2025-07-02T21:18:24.1108646+00:00" endTime="2025-07-02T21:18:24.1109526+00:00" testType="13cdc9d9-ddb5-4fa4-a97d-d965ccfc6d4b" outcome="Passed" testListId="8c84fa94-04c1-424b-9868-57a2d4851a1d" relativeResultsDirectory="a699a952-ed66-44f7-a4f8-c9813295fa68" />
    <UnitTestResult executionId="0cab9ce3-bf89-49b4-ac09-e0b3cad072ff" testId="ebfc03d2-499c-1b10-ff46-55e56ed1053c" testName="Microsoft.AspNetCore.Components.NavigationManagerTest.LocationChangingHandlers_AreCanceledBySuccessiveNavigations_WhenMultipleHandlersAreRegistered" computerName="pkrvmbietmlfzoi" duration="00:00:00.0362308" startTime="2025-07-02T21:18:24.1134391+00:00" endTime="2025-07-02T21:18:24.1504098+00:00" testType="13cdc9d9-ddb5-4fa4-a97d-d965ccfc6d4b" outcome="Passed" testListId="8c84fa94-04c1-424b-9868-57a2d4851a1d" relativeResultsDirectory="0cab9ce3-bf89-49b4-ac09-e0b3cad072ff" />
    <UnitTestResult executionId="69d92b7c-8f1e-4e2f-bb95-721709afec1d" testId="cab36b7c-b328-097a-c693-a86f3c6a8b20" testName="Microsoft.AspNetCore.Components.Rendering.RenderTreeBuilderTest.CannotAddComponentReferenceCaptureInsideRegion" computerName="pkrvmbietmlfzoi" duration="00:00:00.0004314" startTime="2025-07-02T21:18:24.3485552+00:00" endTime="2025-07-02T21:18:24.3486528+00:00" testType="13cdc9d9-ddb5-4fa4-a97d-d965ccfc6d4b" outcome="Passed" testListId="8c84fa94-04c1-424b-9868-57a2d4851a1d" relativeResultsDirectory="69d92b7c-8f1e-4e2f-bb95-721709afec1d" />
    <UnitTestResult executionId="f0719ae0-ed62-41c5-9cec-6c8065006e2d" testId="eab1726c-60be-51af-68e5-eb627280a04a" testName="Microsoft.AspNetCore.Components.Test.RendererTest.BindWithAfter_Action" computerName="pkrvmbietmlfzoi" duration="00:00:00.0016457" startTime="2025-07-02T21:18:24.7809756+00:00" endTime="2025-07-02T21:18:24.7826873+00:00" testType="13cdc9d9-ddb5-4fa4-a97d-d965ccfc6d4b" outcome="Passed" testListId="8c84fa94-04c1-424b-9868-57a2d4851a1d" relativeResultsDirectory="f0719ae0-ed62-41c5-9cec-6c8065006e2d" />
    <UnitTestResult executionId="b780d72c-7704-4207-ba59-9488e09fe95c" testId="c7260ebc-a696-37ef-e759-c0251b78d7a6" testName="Microsoft.AspNetCore.Components.Routing.RouteTableFactoryTests.CanMatchParameterWithConstraint(template: &quot;/{value:int}&quot;, contextUrl: &quot;/-123&quot;, convertedValue: -123)" computerName="pkrvmbietmlfzoi" duration="00:00:00.0004204" startTime="2025-07-02T21:18:24.5482293+00:00" endTime="2025-07-02T21:18:24.5486982+00:00" testType="13cdc9d9-ddb5-4fa4-a97d-d965ccfc6d4b" outcome="Passed" testListId="8c84fa94-04c1-424b-9868-57a2d4851a1d" relativeResultsDirectory="b780d72c-7704-4207-ba59-9488e09fe95c" />
    <UnitTestResult executionId="722394d5-6f1a-47d8-82e2-1916e245fcc5" testId="087483bd-57c2-5232-4239-d7fa7bba02f0" testName="Microsoft.AspNetCore.Components.CascadingParameterStateTest.FindCascadingParameters_ConsumerSpecifiesNameButSupplierDoesNot_ReturnsEmpty" computerName="pkrvmbietmlfzoi" duration="00:00:00.0004935" startTime="2025-07-02T21:18:24.4855897+00:00" endTime="2025-07-02T21:18:24.4856954+00:00" testType="13cdc9d9-ddb5-4fa4-a97d-d965ccfc6d4b" outcome="Passed" testListId="8c84fa94-04c1-424b-9868-57a2d4851a1d" relativeResultsDirectory="722394d5-6f1a-47d8-82e2-1916e245fcc5" />
    <UnitTestResult executionId="8d375161-16df-4932-81f5-ca2f3bf85a6e" testId="c7260ebc-a696-37ef-e759-c0251b78d7a6" testName="Microsoft.AspNetCore.Components.Routing.RouteTableFactoryTests.CanMatchParameterWithConstraint(template: &quot;/{value:double}&quot;, contextUrl: &quot;/0.1&quot;, convertedValue: 0.10000000000000001)" computerName="pkrvmbietmlfzoi" duration="00:00:00.0010427" startTime="2025-07-02T21:18:24.5454209+00:00" endTime="2025-07-02T21:18:24.5455495+00:00" testType="13cdc9d9-ddb5-4fa4-a97d-d965ccfc6d4b" outcome="Passed" testListId="8c84fa94-04c1-424b-9868-57a2d4851a1d" relativeResultsDirectory="8d375161-16df-4932-81f5-ca2f3bf85a6e" />
    <UnitTestResult executionId="0f60455a-253c-4804-9d2e-e02fb1177955" testId="01bd5546-fb96-53ce-a3d3-3ee337c925f8" testName="Microsoft.AspNetCore.Components.EventCallbackTest.EventCallbackOfT_FuncTask_IgnoresArg" computerName="pkrvmbietmlfzoi" duration="00:00:00.0011814" startTime="2025-07-02T21:18:24.3363090+00:00" endTime="2025-07-02T21:18:24.3371144+00:00" testType="13cdc9d9-ddb5-4fa4-a97d-d965ccfc6d4b" outcome="Passed" testListId="8c84fa94-04c1-424b-9868-57a2d4851a1d" relativeResultsDirectory="0f60455a-253c-4804-9d2e-e02fb1177955" />
    <UnitTestResult executionId="518d0672-4ca6-4778-92c8-99986aa88e88" testId="6f5bab29-d127-b76d-8e6a-1c83edea3a67" testName="Microsoft.AspNetCore.Components.Test.RendererTest.CanRenderAsyncComponentsWithSyncChildComponents" computerName="pkrvmbietmlfzoi" duration="00:00:00.0017652" startTime="2025-07-02T21:18:25.8666192+00:00" endTime="2025-07-02T21:18:25.8687073+00:00" testType="13cdc9d9-ddb5-4fa4-a97d-d965ccfc6d4b" outcome="Passed" testListId="8c84fa94-04c1-424b-9868-57a2d4851a1d" relativeResultsDirectory="518d0672-4ca6-4778-92c8-99986aa88e88" />
    <UnitTestResult executionId="6a4339d9-eb40-475c-88e6-2b4dc9368194" testId="751bd0d0-981a-ad0a-aebf-27f11ea2b83e" testName="Microsoft.AspNetCore.Components.Test.RendererTest.ReRendersDoesNotReRenderChildComponentWhenUnmatchedValuesDoNotChange" computerName="pkrvmbietmlfzoi" duration="00:00:00.0018315" startTime="2025-07-02T21:18:24.7600817+00:00" endTime="2025-07-02T21:18:24.7602051+00:00" testType="13cdc9d9-ddb5-4fa4-a97d-d965ccfc6d4b" outcome="Passed" testListId="8c84fa94-04c1-424b-9868-57a2d4851a1d" relativeResultsDirectory="6a4339d9-eb40-475c-88e6-2b4dc9368194" />
    <UnitTestResult executionId="c63ffbf0-fe0f-4f9a-9445-199dafa1e13d" testId="7cca54b3-329a-711d-4174-4576115c7e55" testName="Microsoft.AspNetCore.Components.Test.CascadingParameterTest.CanUseTryAddPatternForCascadingValuesInServiceCollection_NamedValueFactory" computerName="pkrvmbietmlfzoi" duration="00:00:00.0009804" startTime="2025-07-02T21:18:24.3683306+00:00" endTime="2025-07-02T21:18:24.3698301+00:00" testType="13cdc9d9-ddb5-4fa4-a97d-d965ccfc6d4b" outcome="Passed" testListId="8c84fa94-04c1-424b-9868-57a2d4851a1d" relativeResultsDirectory="c63ffbf0-fe0f-4f9a-9445-199dafa1e13d" />
    <UnitTestResult executionId="6a62c3f0-a187-4202-9635-391d1e9d56f4" testId="a69b75f0-b266-97b1-d1d6-739d52dc643a" testName="Microsoft.AspNetCore.Components.EventCallbackFactoryTest.Create_FuncTTask_AlreadyBoundToReceiver" computerName="pkrvmbietmlfzoi" duration="00:00:00.0001748" startTime="2025-07-02T21:18:24.0812331+00:00" endTime="2025-07-02T21:18:24.0813525+00:00" testType="13cdc9d9-ddb5-4fa4-a97d-d965ccfc6d4b" outcome="Passed" testListId="8c84fa94-04c1-424b-9868-57a2d4851a1d" relativeResultsDirectory="6a62c3f0-a187-4202-9635-391d1e9d56f4" />
    <UnitTestResult executionId="873a260c-aca7-4260-8be8-883667f11000" testId="1080a8fb-c4f5-1740-e9b9-cd24db7a0bc9" testName="Microsoft.AspNetCore.Components.PersistentStateValueProviderTests.PersistAsync_CanPersistMultipleComponentsOfSameType_SupportsDifferentKeyTypes(componentKey1: 12:34, componentKey2: 23:45)" computerName="pkrvmbietmlfzoi" duration="00:00:00.0079327" startTime="2025-07-02T21:18:24.5388449+00:00" endTime="2025-07-02T21:18:24.5389654+00:00" testType="13cdc9d9-ddb5-4fa4-a97d-d965ccfc6d4b" outcome="Passed" testListId="8c84fa94-04c1-424b-9868-57a2d4851a1d" relativeResultsDirectory="873a260c-aca7-4260-8be8-883667f11000" />
    <UnitTestResult executionId="80dbde67-d658-4bf0-b1ad-82d0ab7b02a9" testId="d0f2f235-e339-4989-7619-dec82338f8de" testName="Microsoft.AspNetCore.Components.ComponentStatePersistenceManagerTest.PersistStateAsync_FiresCallbacksInParallel" computerName="pkrvmbietmlfzoi" duration="00:00:00.0216761" startTime="2025-07-02T21:18:24.1997766+00:00" endTime="2025-07-02T21:18:24.2211091+00:00" testType="13cdc9d9-ddb5-4fa4-a97d-d965ccfc6d4b" outcome="Passed" testListId="8c84fa94-04c1-424b-9868-57a2d4851a1d" relativeResultsDirectory="80dbde67-d658-4bf0-b1ad-82d0ab7b02a9" />
    <UnitTestResult executionId="ccaa203b-491b-417b-9e64-daeb5f81da3a" testId="e12883d9-f2a1-8f1d-81a5-d6874a69e61c" testName="Microsoft.AspNetCore.Components.Routing.RouteTableFactoryTests.PrefersLiteralTemplateOverParameterizedTemplates" computerName="pkrvmbietmlfzoi" duration="00:00:00.0006941" startTime="2025-07-02T21:18:24.5816883+00:00" endTime="2025-07-02T21:18:24.5820946+00:00" testType="13cdc9d9-ddb5-4fa4-a97d-d965ccfc6d4b" outcome="Passed" testListId="8c84fa94-04c1-424b-9868-57a2d4851a1d" relativeResultsDirectory="ccaa203b-491b-417b-9e64-daeb5f81da3a" />
    <UnitTestResult executionId="2199d56e-1b86-4cd7-9720-18f9f4a1936c" testId="9572a548-ddb6-b4fa-3bd1-287342efdf40" testName="Microsoft.AspNetCore.Components.Rendering.RenderTreeBuilderTest.AddAttribute_Element_EventCallback_AddsFrame" computerName="pkrvmbietmlfzoi" duration="00:00:00.0017325" startTime="2025-07-02T21:18:24.4104905+00:00" endTime="2025-07-02T21:18:24.4135762+00:00" testType="13cdc9d9-ddb5-4fa4-a97d-d965ccfc6d4b" outcome="Passed" testListId="8c84fa94-04c1-424b-9868-57a2d4851a1d" relativeResultsDirectory="2199d56e-1b86-4cd7-9720-18f9f4a1936c" />
    <UnitTestResult executionId="e1b1035e-2adc-44aa-8d53-a4fb1684f5c2" testId="d25bb6c4-f059-2b0a-c3a7-55a673cee942" testName="Microsoft.AspNetCore.Components.NavigationManagerTest.ToBaseRelativePath_ThrowsForInvalidBaseRelativePaths(baseUri: &quot;scheme://host/&quot;, absoluteUri: &quot;scheme://otherhost/&quot;)" computerName="pkrvmbietmlfzoi" duration="00:00:00.0003892" startTime="2025-07-02T21:18:24.0450805+00:00" endTime="2025-07-02T21:18:24.0462253+00:00" testType="13cdc9d9-ddb5-4fa4-a97d-d965ccfc6d4b" outcome="Passed" testListId="8c84fa94-04c1-424b-9868-57a2d4851a1d" relativeResultsDirectory="e1b1035e-2adc-44aa-8d53-a4fb1684f5c2" />
    <UnitTestResult executionId="29a8c87d-5e7f-4935-a47e-7a0a2745e00c" testId="8482b377-00a0-4ea8-3f72-6eb94a495858" testName="Microsoft.AspNetCore.Components.Rendering.RenderTreeBuilderTest.IgnoresNullElementKey" computerName="pkrvmbietmlfzoi" duration="00:00:00.0003749" startTime="2025-07-02T21:18:24.3195328+00:00" endTime="2025-07-02T21:18:24.3196452+00:00" testType="13cdc9d9-ddb5-4fa4-a97d-d965ccfc6d4b" outcome="Passed" testListId="8c84fa94-04c1-424b-9868-57a2d4851a1d" relativeResultsDirectory="29a8c87d-5e7f-4935-a47e-7a0a2745e00c" />
    <UnitTestResult executionId="28193cfa-171b-413b-b5b2-40e7ba9b889f" testId="66b737fb-baa7-6ff9-32a4-aa649c9a1a69" testName="Microsoft.AspNetCore.Components.Rendering.RenderTreeBuilderTest.ProcessDuplicateAttributes_StopsAtFirstNonAttributeFrame_Capture" computerName="pkrvmbietmlfzoi" duration="00:00:00.0015930" startTime="2025-07-02T21:18:24.3311019+00:00" endTime="2025-07-02T21:18:24.3352566+00:00" testType="13cdc9d9-ddb5-4fa4-a97d-d965ccfc6d4b" outcome="Passed" testListId="8c84fa94-04c1-424b-9868-57a2d4851a1d" relativeResultsDirectory="28193cfa-171b-413b-b5b2-40e7ba9b889f" />
    <UnitTestResult executionId="fc9729a5-4dc0-44bd-9a06-cf439eb46c97" testId="c22027e3-8847-cee4-cb92-5716c9338f13" testName="Microsoft.AspNetCore.Components.CascadingParameterStateTest.FindCascadingParameters_ComponentRequestsBaseType_ReturnsMatches" computerName="pkrvmbietmlfzoi" duration="00:00:00.0006812" startTime="2025-07-02T21:18:24.4721358+00:00" endTime="2025-07-02T21:18:24.4726518+00:00" testType="13cdc9d9-ddb5-4fa4-a97d-d965ccfc6d4b" outcome="Passed" testListId="8c84fa94-04c1-424b-9868-57a2d4851a1d" relativeResultsDirectory="fc9729a5-4dc0-44bd-9a06-cf439eb46c97" />
    <UnitTestResult executionId="51493ac5-d62f-46e4-a643-b3965b758f28" testId="10ea75e5-1086-70be-114d-0a29818ef28d" testName="Microsoft.AspNetCore.Components.Test.RenderTreeDiffBuilderTest.InstantiatesChildComponentsForInsertedFrames" computerName="pkrvmbietmlfzoi" duration="00:00:00.0073221" startTime="2025-07-02T21:18:24.3145274+00:00" endTime="2025-07-02T21:18:24.3242461+00:00" testType="13cdc9d9-ddb5-4fa4-a97d-d965ccfc6d4b" outcome="Passed" testListId="8c84fa94-04c1-424b-9868-57a2d4851a1d" relativeResultsDirectory="51493ac5-d62f-46e4-a643-b3965b758f28" />
    <UnitTestResult executionId="6566d823-69fc-40c0-9e28-5d0c1481fb8b" testId="1080a8fb-c4f5-1740-e9b9-cd24db7a0bc9" testName="Microsoft.AspNetCore.Components.PersistentStateValueProviderTests.PersistAsync_CanPersistMultipleComponentsOfSameType_SupportsDifferentKeyTypes(componentKey1: 01/01/2023, componentKey2: 12/31/2023)" computerName="pkrvmbietmlfzoi" duration="00:00:00.0010686" startTime="2025-07-02T21:18:24.5356141+00:00" endTime="2025-07-02T21:18:24.5387753+00:00" testType="13cdc9d9-ddb5-4fa4-a97d-d965ccfc6d4b" outcome="Passed" testListId="8c84fa94-04c1-424b-9868-57a2d4851a1d" relativeResultsDirectory="6566d823-69fc-40c0-9e28-5d0c1481fb8b" />
    <UnitTestResult executionId="995e835c-e9a6-4ff9-8088-7724545d0168" testId="6be97f92-4505-aedc-f92b-2bcaf8783730" testName="Microsoft.AspNetCore.Components.Rendering.RendererSynchronizationContextTest.InvokeAsync_FuncT_CanReportCancellation" computerName="pkrvmbietmlfzoi" duration="00:00:00.0018832" startTime="2025-07-02T21:18:24.6391604+00:00" endTime="2025-07-02T21:18:24.6410125+00:00" testType="13cdc9d9-ddb5-4fa4-a97d-d965ccfc6d4b" outcome="Passed" testListId="8c84fa94-04c1-424b-9868-57a2d4851a1d" relativeResultsDirectory="995e835c-e9a6-4ff9-8088-7724545d0168" />
    <UnitTestResult executionId="77664268-a3c2-45d8-828c-5c9eadea2b6a" testId="e6b88262-b433-6d9d-2054-00efe550437a" testName="Microsoft.AspNetCore.Components.ComponentApplicationStateTest.PersistState_ThrowsForDuplicateKeys" computerName="pkrvmbietmlfzoi" duration="00:00:00.0004683" startTime="2025-07-02T21:18:24.1831793+00:00" endTime="2025-07-02T21:18:24.1832892+00:00" testType="13cdc9d9-ddb5-4fa4-a97d-d965ccfc6d4b" outcome="Passed" testListId="8c84fa94-04c1-424b-9868-57a2d4851a1d" relativeResultsDirectory="77664268-a3c2-45d8-828c-5c9eadea2b6a" />
    <UnitTestResult executionId="6149d2d2-3633-454e-bcfa-dfc715ae943c" testId="8778cd5e-de62-3262-9f3e-8ab7171cb29b" testName="Microsoft.AspNetCore.Components.EventCallbackFactoryTest.Create_FuncTTask_Null" computerName="pkrvmbietmlfzoi" duration="00:00:00.0001482" startTime="2025-07-02T21:18:24.0909063+00:00" endTime="2025-07-02T21:18:24.0910156+00:00" testType="13cdc9d9-ddb5-4fa4-a97d-d965ccfc6d4b" outcome="Passed" testListId="8c84fa94-04c1-424b-9868-57a2d4851a1d" relativeResultsDirectory="6149d2d2-3633-454e-bcfa-dfc715ae943c" />
    <UnitTestResult executionId="af78db9d-5358-4849-b3e7-3b4e84b4a920" testId="2607e7d1-ec1e-fa7a-6ed7-51f12749f64c" testName="Microsoft.AspNetCore.Components.Rendering.RenderTreeBuilderTest.AddAttribute_Component_EventCallback_AddsFrame" computerName="pkrvmbietmlfzoi" duration="00:00:00.0152194" startTime="2025-07-02T21:18:24.1903066+00:00" endTime="2025-07-02T21:18:24.2009219+00:00" testType="13cdc9d9-ddb5-4fa4-a97d-d965ccfc6d4b" outcome="Passed" testListId="8c84fa94-04c1-424b-9868-57a2d4851a1d" relativeResultsDirectory="af78db9d-5358-4849-b3e7-3b4e84b4a920" />
    <UnitTestResult executionId="78288922-fc58-49e1-b75b-5663093f06ff" testId="45913e0e-7768-b45d-e231-50a77a9a60bc" testName="Microsoft.AspNetCore.Components.Rendering.RenderTreeBuilderTest.CanAddMarkupViaMarkupString" computerName="pkrvmbietmlfzoi" duration="00:00:00.0030266" startTime="2025-07-02T21:18:24.2861108+00:00" endTime="2025-07-02T21:18:24.2908058+00:00" testType="13cdc9d9-ddb5-4fa4-a97d-d965ccfc6d4b" outcome="Passed" testListId="8c84fa94-04c1-424b-9868-57a2d4851a1d" relativeResultsDirectory="78288922-fc58-49e1-b75b-5663093f06ff" />
    <UnitTestResult executionId="a13e106b-b2e8-4ac3-8bb9-efffa5c3c936" testId="afc3fae3-132c-7e62-823b-4cb1c5692e93" testName="Microsoft.AspNetCore.Components.Rendering.RenderTreeBuilderTest.ProcessDuplicateAttributes_StopsAtFirstNonAttributeFrame_Content" computerName="pkrvmbietmlfzoi" duration="00:00:00.0006309" startTime="2025-07-02T21:18:24.3021672+00:00" endTime="2025-07-02T21:18:24.3022755+00:00" testType="13cdc9d9-ddb5-4fa4-a97d-d965ccfc6d4b" outcome="Passed" testListId="8c84fa94-04c1-424b-9868-57a2d4851a1d" relativeResultsDirectory="a13e106b-b2e8-4ac3-8bb9-efffa5c3c936" />
    <UnitTestResult executionId="748c6f5f-a9a3-4f76-88df-fa1d03c53d8e" testId="19cd3930-c392-4095-d9b1-320c19a9b03d" testName="Microsoft.AspNetCore.Components.Routing.RouteTableFactoryTests.OptionalParameterPlusCatchAllRoute(template: &quot;prefix/{parameter?}/{*catchAll}&quot;, path: &quot;/prefix/value/1&quot;, parameterValue: &quot;value&quot;, catchAllValue: &quot;1&quot;)" computerName="pkrvmbietmlfzoi" duration="00:00:00.0003650" startTime="2025-07-02T21:18:24.5583056+00:00" endTime="2025-07-02T21:18:24.5584023+00:00" testType="13cdc9d9-ddb5-4fa4-a97d-d965ccfc6d4b" outcome="Passed" testListId="8c84fa94-04c1-424b-9868-57a2d4851a1d" relativeResultsDirectory="748c6f5f-a9a3-4f76-88df-fa1d03c53d8e" />
    <UnitTestResult executionId="6677ef01-edbc-468a-8ead-5f72b6d1a17b" testId="ef189c2c-f825-4298-fcb8-eb216f9c869d" testName="Microsoft.AspNetCore.Components.PersistentStateValueProviderTests.PersistAsync_CanPersistValueTypes_TupleProperty" computerName="pkrvmbietmlfzoi" duration="00:00:00.0111187" startTime="2025-07-02T21:18:24.4555909+00:00" endTime="2025-07-02T21:18:24.4690746+00:00" testType="13cdc9d9-ddb5-4fa4-a97d-d965ccfc6d4b" outcome="Passed" testListId="8c84fa94-04c1-424b-9868-57a2d4851a1d" relativeResultsDirectory="6677ef01-edbc-468a-8ead-5f72b6d1a17b" />
    <UnitTestResult executionId="8d7b4291-d3b0-4ff8-a868-a6907553f4b0" testId="f914b333-ca83-9dd1-5387-b0a814579343" testName="Microsoft.AspNetCore.Components.Routing.RouteTableFactoryTests.OptionalParameterPlusCatchAllRoute(template: &quot;/{parameter?}/{*catchAll}&quot;, path: &quot;/value/1/2/3/4/5&quot;, parameterValue: &quot;value&quot;, catchAllValue: &quot;1/2/3/4/5&quot;)" computerName="pkrvmbietmlfzoi" duration="00:00:00.0003634" startTime="2025-07-02T21:18:24.5580263+00:00" endTime="2025-07-02T21:18:24.5581244+00:00" testType="13cdc9d9-ddb5-4fa4-a97d-d965ccfc6d4b" outcome="Passed" testListId="8c84fa94-04c1-424b-9868-57a2d4851a1d" relativeResultsDirectory="8d7b4291-d3b0-4ff8-a868-a6907553f4b0" />
    <UnitTestResult executionId="2512bc68-069c-4345-8e6e-2734479cc848" testId="99afc6da-f4f9-628a-493f-43d945f5eaea" testName="Microsoft.AspNetCore.Components.Rendering.RenderTreeBuilderTest.CanClear" computerName="pkrvmbietmlfzoi" duration="00:00:00.0001815" startTime="2025-07-02T21:18:24.4175489+00:00" endTime="2025-07-02T21:18:24.4181148+00:00" testType="13cdc9d9-ddb5-4fa4-a97d-d965ccfc6d4b" outcome="Passed" testListId="8c84fa94-04c1-424b-9868-57a2d4851a1d" relativeResultsDirectory="2512bc68-069c-4345-8e6e-2734479cc848" />
    <UnitTestResult executionId="0275361a-a165-4db4-ad86-41e8f3c93328" testId="72123054-14a1-e3c5-e878-65c6f5c8e047" testName="Microsoft.AspNetCore.Components.Rendering.RenderTreeBuilderTest.CannotAddAttributeToComponentReferenceCapture" computerName="pkrvmbietmlfzoi" duration="00:00:00.0004794" startTime="2025-07-02T21:18:24.2250417+00:00" endTime="2025-07-02T21:18:24.2280966+00:00" testType="13cdc9d9-ddb5-4fa4-a97d-d965ccfc6d4b" outcome="Passed" testListId="8c84fa94-04c1-424b-9868-57a2d4851a1d" relativeResultsDirectory="0275361a-a165-4db4-ad86-41e8f3c93328" />
    <UnitTestResult executionId="87c830a3-9c3e-4989-82f9-a0c7cc66a49f" testId="6af6673e-8981-5deb-5b4f-18b4a3501729" testName="Microsoft.AspNetCore.Components.BindConverterTest.FormatValue_Int_Generic" computerName="pkrvmbietmlfzoi" duration="00:00:00.0057834" startTime="2025-07-02T21:18:24.1836810+00:00" endTime="2025-07-02T21:18:24.1844647+00:00" testType="13cdc9d9-ddb5-4fa4-a97d-d965ccfc6d4b" outcome="Passed" testListId="8c84fa94-04c1-424b-9868-57a2d4851a1d" relativeResultsDirectory="87c830a3-9c3e-4989-82f9-a0c7cc66a49f" />
    <UnitTestResult executionId="6c9c0bae-c2ec-4412-bace-e17863ac8c1b" testId="299c5a36-3968-be44-74d0-d4e6b6518e26" testName="Microsoft.AspNetCore.Components.Test.RenderTreeDiffBuilderTest.AttributeDiff_WithSequentialSequenceNumber_AttributeRemovedAtStart" computerName="pkrvmbietmlfzoi" duration="00:00:00.0004923" startTime="2025-07-02T21:18:24.2978186+00:00" endTime="2025-07-02T21:18:24.2986404+00:00" testType="13cdc9d9-ddb5-4fa4-a97d-d965ccfc6d4b" outcome="Passed" testListId="8c84fa94-04c1-424b-9868-57a2d4851a1d" relativeResultsDirectory="6c9c0bae-c2ec-4412-bace-e17863ac8c1b" />
    <UnitTestResult executionId="4baf232d-180e-4174-b6de-676a2e608d35" testId="091a29da-0dab-acd1-eb77-2d71716f3ea4" testName="Microsoft.AspNetCore.Components.Test.RendererTest.CallsAfterRenderAfterTheUIHasFinishedUpdatingSynchronously" computerName="pkrvmbietmlfzoi" duration="00:00:00.0003788" startTime="2025-07-02T21:18:25.8645060+00:00" endTime="2025-07-02T21:18:25.8646040+00:00" testType="13cdc9d9-ddb5-4fa4-a97d-d965ccfc6d4b" outcome="Passed" testListId="8c84fa94-04c1-424b-9868-57a2d4851a1d" relativeResultsDirectory="4baf232d-180e-4174-b6de-676a2e608d35" />
    <UnitTestResult executionId="fa0dacec-f623-4f8e-ade1-9d9ed26e3a1a" testId="0c3e8352-e59e-5e9d-2482-66bbd824a79d" testName="Microsoft.AspNetCore.Components.Test.RenderTreeDiffBuilderTest.AttributeDiff_WithSameSequenceNumber_AttributeRemovedInMiddle" computerName="pkrvmbietmlfzoi" duration="00:00:00.0023991" startTime="2025-07-02T21:18:24.2935923+00:00" endTime="2025-07-02T21:18:24.2945093+00:00" testType="13cdc9d9-ddb5-4fa4-a97d-d965ccfc6d4b" outcome="Passed" testListId="8c84fa94-04c1-424b-9868-57a2d4851a1d" relativeResultsDirectory="fa0dacec-f623-4f8e-ade1-9d9ed26e3a1a" />
    <UnitTestResult executionId="dab4c738-c25b-4aff-8dde-acaa498a3c22" testId="5c05525c-a91a-5a95-c392-31322bda4638" testName="Microsoft.AspNetCore.Components.Routing.QueryParameterValueSupplierTest.RejectsUnparseableArrayEntries(key: &quot;FloatVals&quot;, validValue: &quot;1000&quot;, invalidValue: &quot;1e1000&quot;, targetType: typeof(float))" computerName="pkrvmbietmlfzoi" duration="00:00:00.0076256" startTime="2025-07-02T21:18:24.1148426+00:00" endTime="2025-07-02T21:18:24.1180649+00:00" testType="13cdc9d9-ddb5-4fa4-a97d-d965ccfc6d4b" outcome="Passed" testListId="8c84fa94-04c1-424b-9868-57a2d4851a1d" relativeResultsDirectory="dab4c738-c25b-4aff-8dde-acaa498a3c22" />
    <UnitTestResult executionId="df97963d-1d71-4564-a21c-f26352028ce5" testId="68898528-75c3-7060-38b9-142e0edf22d5" testName="Microsoft.AspNetCore.Components.RenderTree.ArrayBuilderTest.AppendArray_LargerThanBuffer(size: 1024)" computerName="pkrvmbietmlfzoi" duration="00:00:00.0010915" startTime="2025-07-02T21:18:23.9847472+00:00" endTime="2025-07-02T21:18:23.9868233+00:00" testType="13cdc9d9-ddb5-4fa4-a97d-d965ccfc6d4b" outcome="Passed" testListId="8c84fa94-04c1-424b-9868-57a2d4851a1d" relativeResultsDirectory="df97963d-1d71-4564-a21c-f26352028ce5" />
    <UnitTestResult executionId="153d94f2-1a9d-4a9a-877f-21e4cf454f4d" testId="256ec8ee-676d-65e9-5648-6e3012d32600" testName="Microsoft.AspNetCore.Components.NavigationManagerTest.LocationChangingAsync_Throws_WithoutHandleLocationChangingHandlerOverride_WhenALocationChangingHandlerThrows_WhenOneHandlerIsRegistered" computerName="pkrvmbietmlfzoi" duration="00:00:00.0145437" startTime="2025-07-02T21:18:23.9810505+00:00" endTime="2025-07-02T21:18:24.0001993+00:00" testType="13cdc9d9-ddb5-4fa4-a97d-d965ccfc6d4b" outcome="Passed" testListId="8c84fa94-04c1-424b-9868-57a2d4851a1d" relativeResultsDirectory="153d94f2-1a9d-4a9a-877f-21e4cf454f4d" />
    <UnitTestResult executionId="d43ea1bf-13a4-41f4-bfa6-c52123226de7" testId="6e419b7a-f3ee-4ba0-7e1a-a2f6af7ebf42" testName="Microsoft.AspNetCore.Components.Routing.RouteTableFactoryTests.DoesNotThrowIfStableSortComparesRouteWithItself" computerName="pkrvmbietmlfzoi" duration="00:00:00.0009305" startTime="2025-07-02T21:18:24.5936626+00:00" endTime="2025-07-02T21:18:24.5937596+00:00" testType="13cdc9d9-ddb5-4fa4-a97d-d965ccfc6d4b" outcome="Passed" testListId="8c84fa94-04c1-424b-9868-57a2d4851a1d" relativeResultsDirectory="d43ea1bf-13a4-41f4-bfa6-c52123226de7" />
    <UnitTestResult executionId="121a474f-a4bc-4586-8c6e-59503126f522" testId="84c71a67-f626-81b7-73d2-d813713fab8c" testName="Microsoft.AspNetCore.Components.CascadingParameterStateTest.FindCascadingParameters_TypeAssignmentIsInvalidForNullValue_ReturnsEmpty" computerName="pkrvmbietmlfzoi" duration="00:00:00.0002968" startTime="2025-07-02T21:18:24.4859344+00:00" endTime="2025-07-02T21:18:24.4860343+00:00" testType="13cdc9d9-ddb5-4fa4-a97d-d965ccfc6d4b" outcome="Passed" testListId="8c84fa94-04c1-424b-9868-57a2d4851a1d" relativeResultsDirectory="121a474f-a4bc-4586-8c6e-59503126f522" />
    <UnitTestResult executionId="a2f92c30-7329-4ebd-ab28-1a4f71a4d6ca" testId="c3947147-a646-06ba-97e1-e241f4112e7b" testName="Microsoft.AspNetCore.Components.EventCallbackTest.EventCallback_NullReceiver" computerName="pkrvmbietmlfzoi" duration="00:00:00.0014687" startTime="2025-07-02T21:18:24.3702215+00:00" endTime="2025-07-02T21:18:24.3735304+00:00" testType="13cdc9d9-ddb5-4fa4-a97d-d965ccfc6d4b" outcome="Passed" testListId="8c84fa94-04c1-424b-9868-57a2d4851a1d" relativeResultsDirectory="a2f92c30-7329-4ebd-ab28-1a4f71a4d6ca" />
    <UnitTestResult executionId="b635963c-e0e5-4fe5-935d-139d6f6f8177" testId="cd8997ba-625f-ef13-00bd-c2f23ac49194" testName="Microsoft.AspNetCore.Components.Rendering.RenderTreeBuilderTest.CannotAddAttributeAtRoot" computerName="pkrvmbietmlfzoi" duration="00:00:00.0002606" startTime="2025-07-02T21:18:24.2106998+00:00" endTime="2025-07-02T21:18:24.2108036+00:00" testType="13cdc9d9-ddb5-4fa4-a97d-d965ccfc6d4b" outcome="Passed" testListId="8c84fa94-04c1-424b-9868-57a2d4851a1d" relativeResultsDirectory="b635963c-e0e5-4fe5-935d-139d6f6f8177" />
    <UnitTestResult executionId="da6d25c5-f303-41d3-9b38-bd213106cb99" testId="a6fc0933-771a-6ef6-bbdf-3ccc2b4e96db" testName="Microsoft.AspNetCore.Components.ComponentApplicationStateTest.RegisterOnPersisting_ThrowsIfCalledDuringOnPersisting" computerName="pkrvmbietmlfzoi" duration="00:00:00.0011324" startTime="2025-07-02T21:18:24.1734134+00:00" endTime="2025-07-02T21:18:24.1739643+00:00" testType="13cdc9d9-ddb5-4fa4-a97d-d965ccfc6d4b" outcome="Passed" testListId="8c84fa94-04c1-424b-9868-57a2d4851a1d" relativeResultsDirectory="da6d25c5-f303-41d3-9b38-bd213106cb99" />
    <UnitTestResult executionId="2f91577e-a136-4756-a0e3-d54af7180805" testId="bcbeba50-3efd-0ed9-f0d0-bc0242b36ead" testName="Microsoft.AspNetCore.Components.Routing.RouteTableFactoryTests.CanMatchParameterTemplate(path: &quot;/d%C3%A9j%C3%A0+vu&quot;, expectedValue: &quot;déjà+vu&quot;)" computerName="pkrvmbietmlfzoi" duration="00:00:00.0003353" startTime="2025-07-02T21:18:24.5851481+00:00" endTime="2025-07-02T21:18:24.5852378+00:00" testType="13cdc9d9-ddb5-4fa4-a97d-d965ccfc6d4b" outcome="Passed" testListId="8c84fa94-04c1-424b-9868-57a2d4851a1d" relativeResultsDirectory="2f91577e-a136-4756-a0e3-d54af7180805" />
    <UnitTestResult executionId="be4a2120-5638-4e90-a8e2-8e754c53dcbc" testId="762f6126-3d62-e3f9-92cb-54086f5b0e20" testName="Microsoft.AspNetCore.Components.Routing.RoutePatternParserTests.InvalidTemplate_WithMismatchedBraces(template: &quot;Literal/p}&quot;, expectedMessage: &quot;There is an incomplete parameter in the route temp&quot;···)" computerName="pkrvmbietmlfzoi" duration="00:00:00.0000422" startTime="2025-07-02T21:18:24.2634786+00:00" endTime="2025-07-02T21:18:24.2636796+00:00" testType="13cdc9d9-ddb5-4fa4-a97d-d965ccfc6d4b" outcome="Passed" testListId="8c84fa94-04c1-424b-9868-57a2d4851a1d" relativeResultsDirectory="be4a2120-5638-4e90-a8e2-8e754c53dcbc" />
    <UnitTestResult executionId="163d986b-cd1c-4ab2-8dd4-16c041558687" testId="5ea0ae64-cd16-806b-6a2a-03ea7decf6dc" testName="Microsoft.AspNetCore.Components.EventCallbackFactoryBinderExtensionsTest.CreateBinder_NullableDateTimeOffset_Format" computerName="pkrvmbietmlfzoi" duration="00:00:00.0118736" startTime="2025-07-02T21:18:24.3526176+00:00" endTime="2025-07-02T21:18:24.3725978+00:00" testType="13cdc9d9-ddb5-4fa4-a97d-d965ccfc6d4b" outcome="Passed" testListId="8c84fa94-04c1-424b-9868-57a2d4851a1d" relativeResultsDirectory="163d986b-cd1c-4ab2-8dd4-16c041558687" />
    <UnitTestResult executionId="a4704d8d-a6ef-4d8d-82bc-465679345e18" testId="19016da1-e936-f011-fdef-37ec13a95a33" testName="Microsoft.AspNetCore.Components.ParameterViewTest.IncomingParameterMatchesDeclaredParameterCaseInsensitively_SetsValue" computerName="pkrvmbietmlfzoi" duration="00:00:00.0005630" startTime="2025-07-02T21:18:24.0383500+00:00" endTime="2025-07-02T21:18:24.0384334+00:00" testType="13cdc9d9-ddb5-4fa4-a97d-d965ccfc6d4b" outcome="Passed" testListId="8c84fa94-04c1-424b-9868-57a2d4851a1d" relativeResultsDirectory="a4704d8d-a6ef-4d8d-82bc-465679345e18" />
    <UnitTestResult executionId="64829167-4e3d-4887-b41b-28c4123244f5" testId="221a9f87-b670-a768-d998-0091c0594c81" testName="Microsoft.AspNetCore.Components.Test.RendererTest.EventDispatchExceptionsCanBeHandledByClosestErrorBoundary_AfterDisposal" computerName="pkrvmbietmlfzoi" duration="00:00:00.0021796" startTime="2025-07-02T21:18:24.7738461+00:00" endTime="2025-07-02T21:18:24.7762434+00:00" testType="13cdc9d9-ddb5-4fa4-a97d-d965ccfc6d4b" outcome="Passed" testListId="8c84fa94-04c1-424b-9868-57a2d4851a1d" relativeResultsDirectory="64829167-4e3d-4887-b41b-28c4123244f5" />
    <UnitTestResult executionId="47de8801-0036-4755-952a-1d52d141bbfb" testId="eac6d3f8-7143-a5f1-242b-ac3081b96c1b" testName="Microsoft.AspNetCore.Components.Test.RendererTest.DispatchEventAsync_EventCallbackOfT_SynchronousException" computerName="pkrvmbietmlfzoi" duration="00:00:00.0011572" startTime="2025-07-02T21:18:25.8117459+00:00" endTime="2025-07-02T21:18:25.8129037+00:00" testType="13cdc9d9-ddb5-4fa4-a97d-d965ccfc6d4b" outcome="Passed" testListId="8c84fa94-04c1-424b-9868-57a2d4851a1d" relativeResultsDirectory="47de8801-0036-4755-952a-1d52d141bbfb" />
    <UnitTestResult executionId="5405ce28-8510-4096-aa54-ea64cc74888a" testId="048ee76e-4526-84d4-4b45-a3f7292105d4" testName="Microsoft.AspNetCore.Components.CascadingParameterStateTest.FindCascadingParameters_MismatchingNameButMatchingType_ReturnsEmpty" computerName="pkrvmbietmlfzoi" duration="00:00:00.0002431" startTime="2025-07-02T21:18:24.4821787+00:00" endTime="2025-07-02T21:18:24.4822763+00:00" testType="13cdc9d9-ddb5-4fa4-a97d-d965ccfc6d4b" outcome="Passed" testListId="8c84fa94-04c1-424b-9868-57a2d4851a1d" relativeResultsDirectory="5405ce28-8510-4096-aa54-ea64cc74888a" />
    <UnitTestResult executionId="311714ac-4940-4830-b382-7e9738344603" testId="12cfcfbc-e213-6789-73ae-4ebb8787b382" testName="Microsoft.AspNetCore.Components.EventCallbackFactoryBinderExtensionsTest.CreateBinder_IfConverterThrows_ConvertsEmptyStringToDefault" computerName="pkrvmbietmlfzoi" duration="00:00:00.0007653" startTime="2025-07-02T21:18:24.4443038+00:00" endTime="2025-07-02T21:18:24.4444060+00:00" testType="13cdc9d9-ddb5-4fa4-a97d-d965ccfc6d4b" outcome="Passed" testListId="8c84fa94-04c1-424b-9868-57a2d4851a1d" relativeResultsDirectory="311714ac-4940-4830-b382-7e9738344603" />
    <UnitTestResult executionId="317ec055-7dbc-4517-be39-71727a690736" testId="45bfcba3-622d-bcdc-761e-f0bfa66d2fdb" testName="Microsoft.AspNetCore.Components.ComponentFactoryTest.InstantiateComponent_WithRenderModeOnComponentAndCallSite_Throws" computerName="pkrvmbietmlfzoi" duration="00:00:00.0005875" startTime="2025-07-02T21:18:24.1452895+00:00" endTime="2025-07-02T21:18:24.1466469+00:00" testType="13cdc9d9-ddb5-4fa4-a97d-d965ccfc6d4b" outcome="Passed" testListId="8c84fa94-04c1-424b-9868-57a2d4851a1d" relativeResultsDirectory="317ec055-7dbc-4517-be39-71727a690736" />
    <UnitTestResult executionId="eb1d8532-18cb-496e-8a96-dbfd94602590" testId="1c907111-d455-c840-0d07-587e7beaf1de" testName="Microsoft.AspNetCore.Components.ParameterViewTest.DeclaredParameterClashesWithInheritedParameter_Throws" computerName="pkrvmbietmlfzoi" duration="00:00:00.0009669" startTime="2025-07-02T21:18:24.0421150+00:00" endTime="2025-07-02T21:18:24.0423984+00:00" testType="13cdc9d9-ddb5-4fa4-a97d-d965ccfc6d4b" outcome="Passed" testListId="8c84fa94-04c1-424b-9868-57a2d4851a1d" relativeResultsDirectory="eb1d8532-18cb-496e-8a96-dbfd94602590" />
    <UnitTestResult executionId="b0e0bb6f-ebfd-4fab-8781-8e8a9815745a" testId="c477a57e-15ab-67bd-1860-8614e5217a42" testName="Microsoft.AspNetCore.Components.Routing.RouteTableFactoryTests.DoesNotThrowForNonAmbiguousRoutes(first: &quot;{param}/{optional?}&quot;, second: &quot;/&quot;)" computerName="pkrvmbietmlfzoi" duration="00:00:00.0004481" startTime="2025-07-02T21:18:24.5149928+00:00" endTime="2025-07-02T21:18:24.5150890+00:00" testType="13cdc9d9-ddb5-4fa4-a97d-d965ccfc6d4b" outcome="Passed" testListId="8c84fa94-04c1-424b-9868-57a2d4851a1d" relativeResultsDirectory="b0e0bb6f-ebfd-4fab-8781-8e8a9815745a" />
    <UnitTestResult executionId="4d6a9520-4e14-4aee-9554-0366d1d141f2" testId="d76112f0-37cb-1ff2-48b0-6ab9a848ef7a" testName="Microsoft.AspNetCore.Components.Test.LayoutViewTest.RendersContentInsideLayout" computerName="pkrvmbietmlfzoi" duration="00:00:00.0023401" startTime="2025-07-02T21:18:24.4312634+00:00" endTime="2025-07-02T21:18:24.4337654+00:00" testType="13cdc9d9-ddb5-4fa4-a97d-d965ccfc6d4b" outcome="Passed" testListId="8c84fa94-04c1-424b-9868-57a2d4851a1d" relativeResultsDirectory="4d6a9520-4e14-4aee-9554-0366d1d141f2" />
    <UnitTestResult executionId="f525430e-dc4f-455a-be38-d6835fca143a" testId="0a7cf376-32f4-f2f3-2805-ce0ea3a902d5" testName="Microsoft.AspNetCore.Components.Test.RendererTest.ThrowsForUnknownRenderMode_AtCallSite" computerName="pkrvmbietmlfzoi" duration="00:00:00.0007058" startTime="2025-07-02T21:18:24.5480290+00:00" endTime="2025-07-02T21:18:24.5483351+00:00" testType="13cdc9d9-ddb5-4fa4-a97d-d965ccfc6d4b" outcome="Passed" testListId="8c84fa94-04c1-424b-9868-57a2d4851a1d" relativeResultsDirectory="f525430e-dc4f-455a-be38-d6835fca143a" />
    <UnitTestResult executionId="6df29097-8e49-489b-a544-fc3cf27828d0" testId="cb3e2cc2-98fe-4dd6-bd1e-0dcde34bd83e" testName="Microsoft.AspNetCore.Components.BindConverterTest.TryConvertTo_NullableGuid__Invalid" computerName="pkrvmbietmlfzoi" duration="00:00:00.0001494" startTime="2025-07-02T21:18:24.2900454+00:00" endTime="2025-07-02T21:18:24.2901482+00:00" testType="13cdc9d9-ddb5-4fa4-a97d-d965ccfc6d4b" outcome="Passed" testListId="8c84fa94-04c1-424b-9868-57a2d4851a1d" relativeResultsDirectory="6df29097-8e49-489b-a544-fc3cf27828d0" />
    <UnitTestResult executionId="fb851d40-e79e-4bbb-82a9-b7aeb906120e" testId="53f44629-fbd7-6f80-e2b4-f1d092aa221c" testName="Microsoft.AspNetCore.Components.Routing.QueryParameterValueSupplierTest.RejectsUnparseableValues(key: &quot;IntVal&quot;, value: &quot;5000000000&quot;, targetType: typeof(int))" computerName="pkrvmbietmlfzoi" duration="00:00:00.0002738" startTime="2025-07-02T21:18:24.0991604+00:00" endTime="2025-07-02T21:18:24.0996587+00:00" testType="13cdc9d9-ddb5-4fa4-a97d-d965ccfc6d4b" outcome="Passed" testListId="8c84fa94-04c1-424b-9868-57a2d4851a1d" relativeResultsDirectory="fb851d40-e79e-4bbb-82a9-b7aeb906120e" />
    <UnitTestResult executionId="6f40ee17-d463-4a27-a0b5-87cd6f89761d" testId="85a91969-13ae-1239-28d7-a0ec6378677f" testName="Microsoft.AspNetCore.Components.CascadingParameterStateTest.FindCascadingParameters_TypeAssignmentIsValidForNullValue_ReturnsMatches" computerName="pkrvmbietmlfzoi" duration="00:00:00.0008924" startTime="2025-07-02T21:18:24.4713741+00:00" endTime="2025-07-02T21:18:24.4718589+00:00" testType="13cdc9d9-ddb5-4fa4-a97d-d965ccfc6d4b" outcome="Passed" testListId="8c84fa94-04c1-424b-9868-57a2d4851a1d" relativeResultsDirectory="6f40ee17-d463-4a27-a0b5-87cd6f89761d" />
    <UnitTestResult executionId="1713b264-4d2d-49f7-8266-64957e8dacb3" testId="480f9733-0ddc-5740-a286-03420d7c4578" testName="Microsoft.AspNetCore.Components.EventCallbackFactoryTest.Create_ActionT_AlreadyBoundToReceiver" computerName="pkrvmbietmlfzoi" duration="00:00:00.0004360" startTime="2025-07-02T21:18:24.0491567+00:00" endTime="2025-07-02T21:18:24.0492573+00:00" testType="13cdc9d9-ddb5-4fa4-a97d-d965ccfc6d4b" outcome="Passed" testListId="8c84fa94-04c1-424b-9868-57a2d4851a1d" relativeResultsDirectory="1713b264-4d2d-49f7-8266-64957e8dacb3" />
    <UnitTestResult executionId="20ebff1e-b2ab-4f61-bf43-225bb308ff2a" testId="f6a999f9-f352-34fb-0fa9-9f15dd428a27" testName="Microsoft.AspNetCore.Components.Test.CascadingParameterTest.CanHaveManySubscribers(numSubscribers: 63)" computerName="pkrvmbietmlfzoi" duration="00:00:00.0017262" startTime="2025-07-02T21:18:24.4141131+00:00" endTime="2025-07-02T21:18:24.4153182+00:00" testType="13cdc9d9-ddb5-4fa4-a97d-d965ccfc6d4b" outcome="Passed" testListId="8c84fa94-04c1-424b-9868-57a2d4851a1d" relativeResultsDirectory="20ebff1e-b2ab-4f61-bf43-225bb308ff2a" />
    <UnitTestResult executionId="f44092e1-f7f1-4fd5-980e-5f24e0e16822" testId="39a23e01-ef3e-5aed-b416-4f5e71ddf4c5" testName="Microsoft.AspNetCore.Components.ParameterViewTest.SettingCaptureUnmatchedValuesParameterExplicitlyAndImplicitly_Throws" computerName="pkrvmbietmlfzoi" duration="00:00:00.0013061" startTime="2025-07-02T21:18:24.0192411+00:00" endTime="2025-07-02T21:18:24.0195911+00:00" testType="13cdc9d9-ddb5-4fa4-a97d-d965ccfc6d4b" outcome="Passed" testListId="8c84fa94-04c1-424b-9868-57a2d4851a1d" relativeResultsDirectory="f44092e1-f7f1-4fd5-980e-5f24e0e16822" />
    <UnitTestResult executionId="3d45955f-3760-498b-aba4-f6d8143b966c" testId="9eee4cc3-3b2e-3cc9-55c3-605dbb760f04" testName="Microsoft.AspNetCore.Components.Routing.RouteTableFactoryTests.DoesNotThrowForNonAmbiguousRoutes(first: &quot;{optional?}&quot;, second: &quot;literal&quot;)" computerName="pkrvmbietmlfzoi" duration="00:00:00.0005238" startTime="2025-07-02T21:18:24.5163275+00:00" endTime="2025-07-02T21:18:24.5182896+00:00" testType="13cdc9d9-ddb5-4fa4-a97d-d965ccfc6d4b" outcome="Passed" testListId="8c84fa94-04c1-424b-9868-57a2d4851a1d" relativeResultsDirectory="3d45955f-3760-498b-aba4-f6d8143b966c" />
    <UnitTestResult executionId="eb7fa252-6446-4334-907d-7334dfefce53" testId="dbe6b303-e830-164b-9628-dd218ddee864" testName="Microsoft.AspNetCore.Components.Routing.QueryParameterValueSupplierTest.RejectsUnparseableArrayEntries(key: &quot;NullableDateTimeVals&quot;, validValue: &quot;2020-02-28&quot;, invalidValue: &quot;2020-02-31&quot;, targetType: typeof(DateTime?))" computerName="pkrvmbietmlfzoi" duration="00:00:00.0025055" startTime="2025-07-02T21:18:24.1189665+00:00" endTime="2025-07-02T21:18:24.1221557+00:00" testType="13cdc9d9-ddb5-4fa4-a97d-d965ccfc6d4b" outcome="Passed" testListId="8c84fa94-04c1-424b-9868-57a2d4851a1d" relativeResultsDirectory="eb7fa252-6446-4334-907d-7334dfefce53" />
    <UnitTestResult executionId="dd2bbd04-4f74-410d-8ed8-ff0c91542afa" testId="7152a2cf-6cba-3e79-17bd-cee74002931a" testName="Microsoft.AspNetCore.Components.DynamicComponentTest.CanAccessToChildComponentInstance" computerName="pkrvmbietmlfzoi" duration="00:00:00.0065487" startTime="2025-07-02T21:18:24.2954139+00:00" endTime="2025-07-02T21:18:24.3099368+00:00" testType="13cdc9d9-ddb5-4fa4-a97d-d965ccfc6d4b" outcome="Passed" testListId="8c84fa94-04c1-424b-9868-57a2d4851a1d" relativeResultsDirectory="dd2bbd04-4f74-410d-8ed8-ff0c91542afa" />
    <UnitTestResult executionId="6aea5139-0e16-4701-aa1b-f512c5d358c5" testId="4bef2d58-0bc1-6e55-6c25-8aef1ed7e352" testName="Microsoft.AspNetCore.Components.Rendering.RendererSynchronizationContextTest.InvokeAsync_FuncTask_CanRethrowExceptions" computerName="pkrvmbietmlfzoi" duration="00:00:00.0012220" startTime="2025-07-02T21:18:24.6590186+00:00" endTime="2025-07-02T21:18:24.6591989+00:00" testType="13cdc9d9-ddb5-4fa4-a97d-d965ccfc6d4b" outcome="Passed" testListId="8c84fa94-04c1-424b-9868-57a2d4851a1d" relativeResultsDirectory="6aea5139-0e16-4701-aa1b-f512c5d358c5" />
    <UnitTestResult executionId="40c1f768-39ac-4997-8ec7-8d8f69c93a36" testId="2e244d6d-f149-02a5-c330-275c38ec6450" testName="Microsoft.AspNetCore.Components.Rendering.RenderTreeBuilderTest.ProcessDuplicateAttributes_SilentFrameFollowedBySameAttribute" computerName="pkrvmbietmlfzoi" duration="00:00:00.0005143" startTime="2025-07-02T21:18:24.2051015+00:00" endTime="2025-07-02T21:18:24.2059473+00:00" testType="13cdc9d9-ddb5-4fa4-a97d-d965ccfc6d4b" outcome="Passed" testListId="8c84fa94-04c1-424b-9868-57a2d4851a1d" relativeResultsDirectory="40c1f768-39ac-4997-8ec7-8d8f69c93a36" />
    <UnitTestResult executionId="378e16fb-bed1-483a-8dad-0b13e09db323" testId="1080a8fb-c4f5-1740-e9b9-cd24db7a0bc9" testName="Microsoft.AspNetCore.Components.PersistentStateValueProviderTests.PersistAsync_CanPersistMultipleComponentsOfSameType_SupportsDifferentKeyTypes(componentKey1: 54321, componentKey2: 12345)" computerName="pkrvmbietmlfzoi" duration="00:00:00.0001979" startTime="2025-07-02T21:18:24.5222994+00:00" endTime="2025-07-02T21:18:24.5226759+00:00" testType="13cdc9d9-ddb5-4fa4-a97d-d965ccfc6d4b" outcome="Passed" testListId="8c84fa94-04c1-424b-9868-57a2d4851a1d" relativeResultsDirectory="378e16fb-bed1-483a-8dad-0b13e09db323" />
    <UnitTestResult executionId="27c9e178-0c94-4b71-8601-55e47e35462c" testId="6beec7e0-e80d-a608-377e-259f10065421" testName="Microsoft.AspNetCore.Components.Routing.RouteTableFactoryTests.CanMatchParameterTemplate(path: &quot;/value2/&quot;, expectedValue: &quot;value2&quot;)" computerName="pkrvmbietmlfzoi" duration="00:00:00.0005241" startTime="2025-07-02T21:18:24.5838730+00:00" endTime="2025-07-02T21:18:24.5839212+00:00" testType="13cdc9d9-ddb5-4fa4-a97d-d965ccfc6d4b" outcome="Passed" testListId="8c84fa94-04c1-424b-9868-57a2d4851a1d" relativeResultsDirectory="27c9e178-0c94-4b71-8601-55e47e35462c" />
    <UnitTestResult executionId="bfd4d836-fabe-4928-85dd-87109de3b2fb" testId="40d40f77-630f-6bc1-faa6-5dd5d4e7aa98" testName="Microsoft.AspNetCore.Components.BindConverterTest.TryConvertTo_Guid_Valid" computerName="pkrvmbietmlfzoi" duration="00:00:00.0001543" startTime="2025-07-02T21:18:24.2634170+00:00" endTime="2025-07-02T21:18:24.2638954+00:00" testType="13cdc9d9-ddb5-4fa4-a97d-d965ccfc6d4b" outcome="Passed" testListId="8c84fa94-04c1-424b-9868-57a2d4851a1d" relativeResultsDirectory="bfd4d836-fabe-4928-85dd-87109de3b2fb" />
    <UnitTestResult executionId="19774c3d-4f99-4ba1-8257-5cfbfbd52e09" testId="1e403474-a2fe-4fa9-22f4-0ab4289adc79" testName="Microsoft.AspNetCore.Components.Test.RenderTreeDiffBuilderTest.DoesNotInvokeAssignerAgainForRetainedComponents" computerName="pkrvmbietmlfzoi" duration="00:00:00.0008959" startTime="2025-07-02T21:18:24.4562399+00:00" endTime="2025-07-02T21:18:24.4577052+00:00" testType="13cdc9d9-ddb5-4fa4-a97d-d965ccfc6d4b" outcome="Passed" testListId="8c84fa94-04c1-424b-9868-57a2d4851a1d" relativeResultsDirectory="19774c3d-4f99-4ba1-8257-5cfbfbd52e09" />
    <UnitTestResult executionId="8c7dbf46-952e-4374-9cc0-ea54d7189140" testId="a8e0a087-1889-f19a-72a7-a9ab2395453f" testName="Microsoft.AspNetCore.Components.Routing.RouteTableFactoryTests.MultipleOptionalParameters(path: &quot;/1/2&quot;, segments: 2)" computerName="pkrvmbietmlfzoi" duration="00:00:00.0005693" startTime="2025-07-02T21:18:24.5331707+00:00" endTime="2025-07-02T21:18:24.5338620+00:00" testType="13cdc9d9-ddb5-4fa4-a97d-d965ccfc6d4b" outcome="Passed" testListId="8c84fa94-04c1-424b-9868-57a2d4851a1d" relativeResultsDirectory="8c7dbf46-952e-4374-9cc0-ea54d7189140" />
    <UnitTestResult executionId="dfaef500-7185-4347-86ba-a9edb3f80e6e" testId="1080a8fb-c4f5-1740-e9b9-cd24db7a0bc9" testName="Microsoft.AspNetCore.Components.PersistentStateValueProviderTests.PersistAsync_CanPersistMultipleComponentsOfSameType_SupportsDifferentKeyTypes(componentKey1: &quot;key1&quot;, componentKey2: &quot;key2&quot;)" computerName="pkrvmbietmlfzoi" duration="00:00:00.0001404" startTime="2025-07-02T21:18:24.5327258+00:00" endTime="2025-07-02T21:18:24.5328080+00:00" testType="13cdc9d9-ddb5-4fa4-a97d-d965ccfc6d4b" outcome="Passed" testListId="8c84fa94-04c1-424b-9868-57a2d4851a1d" relativeResultsDirectory="dfaef500-7185-4347-86ba-a9edb3f80e6e" />
    <UnitTestResult executionId="e1ba898c-8207-432a-b1e5-29498c398e77" testId="ed05224e-7352-3fba-455f-32ff240fd7b3" testName="Microsoft.AspNetCore.Components.ComponentsMetricsTest.FailParametersSync_RecordsErrorMetric" computerName="pkrvmbietmlfzoi" duration="00:00:00.0006676" startTime="2025-07-02T21:18:24.5443126+00:00" endTime="2025-07-02T21:18:24.5444104+00:00" testType="13cdc9d9-ddb5-4fa4-a97d-d965ccfc6d4b" outcome="Passed" testListId="8c84fa94-04c1-424b-9868-57a2d4851a1d" relativeResultsDirectory="e1ba898c-8207-432a-b1e5-29498c398e77" />
    <UnitTestResult executionId="00b0a373-0764-4c92-9651-23556019f6ab" testId="01825cc0-b814-cfba-c53d-8448d4f7298c" testName="Microsoft.AspNetCore.Components.ParameterViewTest.CanInitializeUsingElementWithNoDescendants" computerName="pkrvmbietmlfzoi" duration="00:00:00.0003902" startTime="2025-07-02T21:18:24.0377623+00:00" endTime="2025-07-02T21:18:24.0378450+00:00" testType="13cdc9d9-ddb5-4fa4-a97d-d965ccfc6d4b" outcome="Passed" testListId="8c84fa94-04c1-424b-9868-57a2d4851a1d" relativeResultsDirectory="00b0a373-0764-4c92-9651-23556019f6ab" />
    <UnitTestResult executionId="d41ab6ee-46e6-46c3-8015-c48bac1a08dd" testId="014275d6-c2f3-5fcd-dd48-1fcd8dc4d9e0" testName="Microsoft.AspNetCore.Components.CascadingParameterStateTest.FindCascadingParameters_SupplierSpecifiesNameButConsumerDoesNot_ReturnsEmpty" computerName="pkrvmbietmlfzoi" duration="00:00:00.0004735" startTime="2025-07-02T21:18:24.4739211+00:00" endTime="2025-07-02T21:18:24.4751616+00:00" testType="13cdc9d9-ddb5-4fa4-a97d-d965ccfc6d4b" outcome="Passed" testListId="8c84fa94-04c1-424b-9868-57a2d4851a1d" relativeResultsDirectory="d41ab6ee-46e6-46c3-8015-c48bac1a08dd" />
    <UnitTestResult executionId="cab25864-90ec-4875-b8cc-89f4b6dbc4df" testId="51ef1f70-2175-71d2-bd28-ab21ba2bf2f6" testName="Microsoft.AspNetCore.Components.Routing.QueryParameterValueSupplierTest.RejectsBlankArrayEntriesWhenNotNullable(key: &quot;IntVals&quot;, targetType: typeof(int))" computerName="pkrvmbietmlfzoi" duration="00:00:00.0000387" startTime="2025-07-02T21:18:24.1103105+00:00" endTime="2025-07-02T21:18:24.1104086+00:00" testType="13cdc9d9-ddb5-4fa4-a97d-d965ccfc6d4b" outcome="Passed" testListId="8c84fa94-04c1-424b-9868-57a2d4851a1d" relativeResultsDirectory="cab25864-90ec-4875-b8cc-89f4b6dbc4df" />
    <UnitTestResult executionId="ec6b5ddc-cab3-4a88-a55f-a62888520c1c" testId="667666f4-71a8-3da2-109b-dc8c955f4787" testName="Microsoft.AspNetCore.Components.Test.RenderTreeDiffBuilderTest.SkipsUpdatingParametersOnChildComponentsIfAllAreDefinitelyImmutableAndUnchanged" computerName="pkrvmbietmlfzoi" duration="00:00:00.0042746" startTime="2025-07-02T21:18:24.4852025+00:00" endTime="2025-07-02T21:18:24.4883376+00:00" testType="13cdc9d9-ddb5-4fa4-a97d-d965ccfc6d4b" outcome="Passed" testListId="8c84fa94-04c1-424b-9868-57a2d4851a1d" relativeResultsDirectory="ec6b5ddc-cab3-4a88-a55f-a62888520c1c" />
    <UnitTestResult executionId="9a98fb29-de26-4e2f-9db3-29442e431821" testId="a7211da6-38c1-6a10-8718-2db24db31e1a" testName="Microsoft.AspNetCore.Components.Rendering.RendererSynchronizationContextTest.Post_RunsAsynchronously_WhenNotBusy" computerName="pkrvmbietmlfzoi" duration="00:00:00.0007201" startTime="2025-07-02T21:18:24.4868349+00:00" endTime="2025-07-02T21:18:24.4886974+00:00" testType="13cdc9d9-ddb5-4fa4-a97d-d965ccfc6d4b" outcome="Passed" testListId="8c84fa94-04c1-424b-9868-57a2d4851a1d" relativeResultsDirectory="9a98fb29-de26-4e2f-9db3-29442e431821" />
    <UnitTestResult executionId="93e8c5c6-221e-45e2-a191-7b8b08c163ba" testId="78035143-1854-e0c6-6a36-f00d4c9fb132" testName="Microsoft.AspNetCore.Components.Routing.QueryParameterValueSupplierTest.SuppliesNullForValueTypesIfNotSpecified(query: &quot;?&quot;)" computerName="pkrvmbietmlfzoi" duration="00:00:00.0000165" startTime="2025-07-02T21:18:24.1460093+00:00" endTime="2025-07-02T21:18:24.1461512+00:00" testType="13cdc9d9-ddb5-4fa4-a97d-d965ccfc6d4b" outcome="Passed" testListId="8c84fa94-04c1-424b-9868-57a2d4851a1d" relativeResultsDirectory="93e8c5c6-221e-45e2-a191-7b8b08c163ba" />
    <UnitTestResult executionId="6be6316f-4f2e-493f-ab0d-a4b754f922cc" testId="efdf10ad-ff1d-0372-6e29-924d8f59f26f" testName="Microsoft.AspNetCore.Components.Routing.RouterTest.CanCancelPreviousOnNavigateAsync" computerName="pkrvmbietmlfzoi" duration="00:00:00.0042783" startTime="2025-07-02T21:18:24.2242402+00:00" endTime="2025-07-02T21:18:24.2403664+00:00" testType="13cdc9d9-ddb5-4fa4-a97d-d965ccfc6d4b" outcome="Passed" testListId="8c84fa94-04c1-424b-9868-57a2d4851a1d" relativeResultsDirectory="6be6316f-4f2e-493f-ab0d-a4b754f922cc" />
    <UnitTestResult executionId="c3b3e04f-e7ea-43a3-a27c-53b2fb55aa37" testId="d448bcb8-6885-0c4f-10f7-68cd250146e3" testName="Microsoft.AspNetCore.Components.Rendering.RenderTreeBuilderTest.AddAttribute_Element_ObjectEventCallback_AddsFrame" computerName="pkrvmbietmlfzoi" duration="00:00:00.0008237" startTime="2025-07-02T21:18:24.3854182+00:00" endTime="2025-07-02T21:18:24.3879944+00:00" testType="13cdc9d9-ddb5-4fa4-a97d-d965ccfc6d4b" outcome="Passed" testListId="8c84fa94-04c1-424b-9868-57a2d4851a1d" relativeResultsDirectory="c3b3e04f-e7ea-43a3-a27c-53b2fb55aa37" />
    <UnitTestResult executionId="6f3f94df-243d-485b-8615-007132b0a804" testId="9679f3b1-d316-e371-a99a-a9db8d077c58" testName="Microsoft.AspNetCore.Components.RenderTree.ArrayBuilderTest.Insert_WhenBufferIsAtCapacity" computerName="pkrvmbietmlfzoi" duration="00:00:00.0006529" startTime="2025-07-02T21:18:23.9832958+00:00" endTime="2025-07-02T21:18:23.9838123+00:00" testType="13cdc9d9-ddb5-4fa4-a97d-d965ccfc6d4b" outcome="Passed" testListId="8c84fa94-04c1-424b-9868-57a2d4851a1d" relativeResultsDirectory="6f3f94df-243d-485b-8615-007132b0a804" />
    <UnitTestResult executionId="ed446bea-1b51-4aaf-b812-6b45b3775a31" testId="1c5263d3-f97a-e400-bb9e-490fdd53a2e7" testName="Microsoft.AspNetCore.Components.DynamicComponentTest.CanRenderComponentByTypeWithParameters" computerName="pkrvmbietmlfzoi" duration="00:00:00.0007971" startTime="2025-07-02T21:18:24.3178186+00:00" endTime="2025-07-02T21:18:24.3190393+00:00" testType="13cdc9d9-ddb5-4fa4-a97d-d965ccfc6d4b" outcome="Passed" testListId="8c84fa94-04c1-424b-9868-57a2d4851a1d" relativeResultsDirectory="ed446bea-1b51-4aaf-b812-6b45b3775a31" />
    <UnitTestResult executionId="cd839999-c7ad-4e27-ac7d-13803c7b4cef" testId="827ca186-0c29-b61e-9e2f-035ce5286d39" testName="Microsoft.AspNetCore.Components.Rendering.RenderTreeBuilderTest.CanNestElements" computerName="pkrvmbietmlfzoi" duration="00:00:00.0021009" startTime="2025-07-02T21:18:24.3920330+00:00" endTime="2025-07-02T21:18:24.3926154+00:00" testType="13cdc9d9-ddb5-4fa4-a97d-d965ccfc6d4b" outcome="Passed" testListId="8c84fa94-04c1-424b-9868-57a2d4851a1d" relativeResultsDirectory="cd839999-c7ad-4e27-ac7d-13803c7b4cef" />
    <UnitTestResult executionId="107ff4ff-eec6-43e6-9ccd-a44d100a0571" testId="6bd1caa1-a69e-87f9-5b93-e34f3c28efd8" testName="Microsoft.AspNetCore.Components.Routing.RouteTableFactoryTests.DetectsAmbiguousRoutesNoFalsePositives(left: &quot;/literal/literal2/{parameter}&quot;, right: &quot;/literal/literal3/{parameter}&quot;)" computerName="pkrvmbietmlfzoi" duration="00:00:00.0003164" startTime="2025-07-02T21:18:24.5927395+00:00" endTime="2025-07-02T21:18:24.5928309+00:00" testType="13cdc9d9-ddb5-4fa4-a97d-d965ccfc6d4b" outcome="Passed" testListId="8c84fa94-04c1-424b-9868-57a2d4851a1d" relativeResultsDirectory="107ff4ff-eec6-43e6-9ccd-a44d100a0571" />
    <UnitTestResult executionId="a83108a1-2afb-46dd-b34e-b6b87bc769e5" testId="ea36e14f-372d-197a-9c21-e8d64d28aa3e" testName="Microsoft.AspNetCore.Components.Test.RenderTreeDiffBuilderTest.RecognizesKeyedElementMoves" computerName="pkrvmbietmlfzoi" duration="00:00:00.0011116" startTime="2025-07-02T21:18:24.4725423+00:00" endTime="2025-07-02T21:18:24.4740659+00:00" testType="13cdc9d9-ddb5-4fa4-a97d-d965ccfc6d4b" outcome="Passed" testListId="8c84fa94-04c1-424b-9868-57a2d4851a1d" relativeResultsDirectory="a83108a1-2afb-46dd-b34e-b6b87bc769e5" />
    <UnitTestResult executionId="a667ff65-5ead-44ac-ba9b-fbe054ad0994" testId="7eb1f97f-5526-479e-4893-8915c761e4d5" testName="Microsoft.AspNetCore.Components.Rendering.RendererSynchronizationContextTest.Send_CapturesContext" computerName="pkrvmbietmlfzoi" duration="00:00:00.0010437" startTime="2025-07-02T21:18:24.6502990+00:00" endTime="2025-07-02T21:18:24.6512854+00:00" testType="13cdc9d9-ddb5-4fa4-a97d-d965ccfc6d4b" outcome="Passed" testListId="8c84fa94-04c1-424b-9868-57a2d4851a1d" relativeResultsDirectory="a667ff65-5ead-44ac-ba9b-fbe054ad0994" />
    <UnitTestResult executionId="65d57237-7142-448d-9fd9-49d7301558c4" testId="a98bdf50-2987-d95f-4709-405ea1af586c" testName="Microsoft.AspNetCore.Components.EventCallbackFactoryBinderExtensionsTest.CreateBinder_Bool" computerName="pkrvmbietmlfzoi" duration="00:00:00.0023332" startTime="2025-07-02T21:18:24.5063284+00:00" endTime="2025-07-02T21:18:24.5087532+00:00" testType="13cdc9d9-ddb5-4fa4-a97d-d965ccfc6d4b" outcome="Passed" testListId="8c84fa94-04c1-424b-9868-57a2d4851a1d" relativeResultsDirectory="65d57237-7142-448d-9fd9-49d7301558c4" />
    <UnitTestResult executionId="ff18ec56-82ee-43ac-8f1a-78b0b3ee68ed" testId="f2682ae8-cb44-07d9-4b2e-6f7ac7579d66" testName="Microsoft.AspNetCore.Components.Test.RendererTest.EventDispatching_DelegateParameter_NoTargetLambda" computerName="pkrvmbietmlfzoi" duration="00:00:00.0009124" startTime="2025-07-02T21:18:25.8413596+00:00" endTime="2025-07-02T21:18:25.8415872+00:00" testType="13cdc9d9-ddb5-4fa4-a97d-d965ccfc6d4b" outcome="Passed" testListId="8c84fa94-04c1-424b-9868-57a2d4851a1d" relativeResultsDirectory="ff18ec56-82ee-43ac-8f1a-78b0b3ee68ed" />
    <UnitTestResult executionId="2ebefad4-ab07-4db3-86c2-d3f0eb383238" testId="1080a8fb-c4f5-1740-e9b9-cd24db7a0bc9" testName="Microsoft.AspNetCore.Components.PersistentStateValueProviderTests.PersistAsync_CanPersistMultipleComponentsOfSameType_SupportsDifferentKeyTypes(componentKey1: True, componentKey2: False)" computerName="pkrvmbietmlfzoi" duration="00:00:00.0014181" startTime="2025-07-02T21:18:24.5195236+00:00" endTime="2025-07-02T21:18:24.5216261+00:00" testType="13cdc9d9-ddb5-4fa4-a97d-d965ccfc6d4b" outcome="Passed" testListId="8c84fa94-04c1-424b-9868-57a2d4851a1d" relativeResultsDirectory="2ebefad4-ab07-4db3-86c2-d3f0eb383238" />
    <UnitTestResult executionId="79a91dc1-7bdd-424b-8d0e-fb937ecc5fe6" testId="7616343e-c8e4-8480-cc79-56d6843e930e" testName="Microsoft.AspNetCore.Components.NavigationManagerTest.ComputesCorrectValidBaseRelativePaths(baseUri: &quot;scheme://host/path/&quot;, uri: &quot;scheme://host/path/more&quot;, expectedResult: &quot;more&quot;)" computerName="pkrvmbietmlfzoi" duration="00:00:00.0007142" startTime="2025-07-02T21:18:24.0055829+00:00" endTime="2025-07-02T21:18:24.0061571+00:00" testType="13cdc9d9-ddb5-4fa4-a97d-d965ccfc6d4b" outcome="Passed" testListId="8c84fa94-04c1-424b-9868-57a2d4851a1d" relativeResultsDirectory="79a91dc1-7bdd-424b-8d0e-fb937ecc5fe6" />
    <UnitTestResult executionId="698cf237-6778-4177-ab4f-691980f3fcca" testId="6dfabc01-8554-4ccb-feac-c4dd52956441" testName="Microsoft.AspNetCore.Components.Routing.RouteTableFactoryTests.ThrowsForAmbiguousRoutes(first: &quot;{parameter}&quot;, second: &quot;{parameter?}&quot;)" computerName="pkrvmbietmlfzoi" duration="00:00:00.0019991" startTime="2025-07-02T21:18:24.5011183+00:00" endTime="2025-07-02T21:18:24.5022428+00:00" testType="13cdc9d9-ddb5-4fa4-a97d-d965ccfc6d4b" outcome="Passed" testListId="8c84fa94-04c1-424b-9868-57a2d4851a1d" relativeResultsDirectory="698cf237-6778-4177-ab4f-691980f3fcca" />
    <UnitTestResult executionId="98655104-4ce2-4b41-9eee-f6169afd0427" testId="333c1019-8059-91cd-cd8a-ffa8f067c19b" testName="Microsoft.AspNetCore.Components.Routing.RouteTableFactoryTests.DetectsAmbiguousRoutes(left: &quot;/literal&quot;, right: &quot;/Literal/&quot;)" computerName="pkrvmbietmlfzoi" duration="00:00:00.0005947" startTime="2025-07-02T21:18:24.5767447+00:00" endTime="2025-07-02T21:18:24.5768276+00:00" testType="13cdc9d9-ddb5-4fa4-a97d-d965ccfc6d4b" outcome="Passed" testListId="8c84fa94-04c1-424b-9868-57a2d4851a1d" relativeResultsDirectory="98655104-4ce2-4b41-9eee-f6169afd0427" />
    <UnitTestResult executionId="78de9072-ffe8-4b3a-8cce-a9bd9a02f873" testId="6fc57d16-1bbc-f8a1-b3f7-9c7fca46a84b" testName="Microsoft.AspNetCore.Components.Test.RendererTest.ThrowsIfComponentProducesInvalidRenderTree" computerName="pkrvmbietmlfzoi" duration="00:00:00.0010649" startTime="2025-07-02T21:18:24.7550653+00:00" endTime="2025-07-02T21:18:24.7561014+00:00" testType="13cdc9d9-ddb5-4fa4-a97d-d965ccfc6d4b" outcome="Passed" testListId="8c84fa94-04c1-424b-9868-57a2d4851a1d" relativeResultsDirectory="78de9072-ffe8-4b3a-8cce-a9bd9a02f873" />
    <UnitTestResult executionId="58e9d49d-484f-442c-af87-f2e4b5d6a126" testId="f4465c18-7ddc-1465-e925-f39d3b289931" testName="Microsoft.AspNetCore.Components.ComponentsMetricsTest.IsNavigationEnabled_ReturnsCorrectState" computerName="pkrvmbietmlfzoi" duration="00:00:00.0009137" startTime="2025-07-02T21:18:24.5119806+00:00" endTime="2025-07-02T21:18:24.5123543+00:00" testType="13cdc9d9-ddb5-4fa4-a97d-d965ccfc6d4b" outcome="Passed" testListId="8c84fa94-04c1-424b-9868-57a2d4851a1d" relativeResultsDirectory="58e9d49d-484f-442c-af87-f2e4b5d6a126" />
    <UnitTestResult executionId="73d5c95d-404e-459e-8f40-9509d6b74081" testId="40e9e5d4-1c18-ecc2-e66c-2236d1053683" testName="Microsoft.AspNetCore.Components.ComponentsMetricsTest.IsEventEnabled_ReturnsCorrectState" computerName="pkrvmbietmlfzoi" duration="00:00:00.0396241" startTime="2025-07-02T21:18:24.2906871+00:00" endTime="2025-07-02T21:18:24.3580143+00:00" testType="13cdc9d9-ddb5-4fa4-a97d-d965ccfc6d4b" outcome="Passed" testListId="8c84fa94-04c1-424b-9868-57a2d4851a1d" relativeResultsDirectory="73d5c95d-404e-459e-8f40-9509d6b74081" />
    <UnitTestResult executionId="5a601664-781b-42e5-9264-9b9dfdef7d71" testId="f7e32a31-f56c-1976-c253-135477df6b1a" testName="Microsoft.AspNetCore.Components.CascadingParameterStateTest.FindCascadingParameters_IfHasNoCascadingParameters_ReturnsEmpty" computerName="pkrvmbietmlfzoi" duration="00:00:00.0003512" startTime="2025-07-02T21:18:24.4754139+00:00" endTime="2025-07-02T21:18:24.4755459+00:00" testType="13cdc9d9-ddb5-4fa4-a97d-d965ccfc6d4b" outcome="Passed" testListId="8c84fa94-04c1-424b-9868-57a2d4851a1d" relativeResultsDirectory="5a601664-781b-42e5-9264-9b9dfdef7d71" />
    <UnitTestResult executionId="dcb0e601-f424-4aec-a52b-98858d351cb4" testId="9db56dfb-3231-b225-df86-79071f935e79" testName="Microsoft.AspNetCore.Components.Routing.RouteTableFactoryTests.DoesNotMatchIfConstraintDoesNotMatch(template: &quot;/{value:int}&quot;, contextUrl: &quot;/3.141&quot;)" computerName="pkrvmbietmlfzoi" duration="00:00:00.0002552" startTime="2025-07-02T21:18:24.5743318+00:00" endTime="2025-07-02T21:18:24.5744861+00:00" testType="13cdc9d9-ddb5-4fa4-a97d-d965ccfc6d4b" outcome="Passed" testListId="8c84fa94-04c1-424b-9868-57a2d4851a1d" relativeResultsDirectory="dcb0e601-f424-4aec-a52b-98858d351cb4" />
    <UnitTestResult executionId="8d3778b0-afde-4d87-a5d3-80d85991fc5d" testId="84aaef3e-848b-89c6-f120-0b3bbfa75f5f" testName="Microsoft.AspNetCore.Components.EventCallbackFactoryBinderExtensionsTest.CreateBinder_Double" computerName="pkrvmbietmlfzoi" duration="00:00:00.0075156" startTime="2025-07-02T21:18:24.4206169+00:00" endTime="2025-07-02T21:18:24.4247078+00:00" testType="13cdc9d9-ddb5-4fa4-a97d-d965ccfc6d4b" outcome="Passed" testListId="8c84fa94-04c1-424b-9868-57a2d4851a1d" relativeResultsDirectory="8d3778b0-afde-4d87-a5d3-80d85991fc5d" />
    <UnitTestResult executionId="5b91a39d-01a0-46a6-a01b-7afbbc0b0eb8" testId="58fb35cf-80f9-fb0a-f9a0-0721e6e3edc8" testName="Microsoft.AspNetCore.Components.Routing.RouteTableFactoryTests.DoesNotMatchIfSegmentsDontMatch" computerName="pkrvmbietmlfzoi" duration="00:00:00.0005051" startTime="2025-07-02T21:18:24.5860099+00:00" endTime="2025-07-02T21:18:24.5861083+00:00" testType="13cdc9d9-ddb5-4fa4-a97d-d965ccfc6d4b" outcome="Passed" testListId="8c84fa94-04c1-424b-9868-57a2d4851a1d" relativeResultsDirectory="5b91a39d-01a0-46a6-a01b-7afbbc0b0eb8" />
    <UnitTestResult executionId="4058f1a9-6ba8-48c3-9175-6d72f48a8feb" testId="a944774e-c819-e8bf-de7d-ffc1f5493272" testName="Microsoft.AspNetCore.Components.Rendering.RenderTreeBuilderTest.ReportsUnclosedRegionAsInvalid" computerName="pkrvmbietmlfzoi" duration="00:00:00.0005519" startTime="2025-07-02T21:18:24.3025605+00:00" endTime="2025-07-02T21:18:24.3039076+00:00" testType="13cdc9d9-ddb5-4fa4-a97d-d965ccfc6d4b" outcome="Passed" testListId="8c84fa94-04c1-424b-9868-57a2d4851a1d" relativeResultsDirectory="4058f1a9-6ba8-48c3-9175-6d72f48a8feb" />
    <UnitTestResult executionId="807cf1ee-7614-45d8-9955-34edbb3d6de5" testId="a3c8ed5d-3a6e-a49a-1e69-d3d0339835de" testName="Microsoft.AspNetCore.Components.ComponentsMetricsTest.CaptureEventDuration_RecordsSuccessMetric" computerName="pkrvmbietmlfzoi" duration="00:00:00.0135799" startTime="2025-07-02T21:18:24.5361941+00:00" endTime="2025-07-02T21:18:24.5437582+00:00" testType="13cdc9d9-ddb5-4fa4-a97d-d965ccfc6d4b" outcome="Passed" testListId="8c84fa94-04c1-424b-9868-57a2d4851a1d" relativeResultsDirectory="807cf1ee-7614-45d8-9955-34edbb3d6de5" />
    <UnitTestResult executionId="391bcb3a-38b3-4c8e-9802-a91356871923" testId="63fbe8a8-1093-5f19-3339-a4ab0bbc9f7c" testName="Microsoft.AspNetCore.Components.ComponentsActivitySourceTest.StartRouteActivity_CreatesAndStartsActivity" computerName="pkrvmbietmlfzoi" duration="00:00:00.0032767" startTime="2025-07-02T21:18:23.9877023+00:00" endTime="2025-07-02T21:18:23.9910678+00:00" testType="13cdc9d9-ddb5-4fa4-a97d-d965ccfc6d4b" outcome="Passed" testListId="8c84fa94-04c1-424b-9868-57a2d4851a1d" relativeResultsDirectory="391bcb3a-38b3-4c8e-9802-a91356871923" />
    <UnitTestResult executionId="9f9ca755-eb77-41f3-a325-973752c6d80c" testId="969cda19-9c41-5b6a-5c18-9bf98cad04e4" testName="Microsoft.AspNetCore.Components.Routing.QueryParameterValueSupplierTest.RejectsBlankValuesWhenNotNullable(key: &quot;BoolVal&quot;, targetType: typeof(bool))" computerName="pkrvmbietmlfzoi" duration="00:00:00.0004460" startTime="2025-07-02T21:18:24.1353888+00:00" endTime="2025-07-02T21:18:24.1355242+00:00" testType="13cdc9d9-ddb5-4fa4-a97d-d965ccfc6d4b" outcome="Passed" testListId="8c84fa94-04c1-424b-9868-57a2d4851a1d" relativeResultsDirectory="9f9ca755-eb77-41f3-a325-973752c6d80c" />
    <UnitTestResult executionId="c8edaced-6870-4c5e-8f4c-f9cfd9d48954" testId="65ad676c-dd88-bb31-291b-5381cf857c90" testName="Microsoft.AspNetCore.Components.Test.RendererTest.DispatchEventAsync_EventCallbackOfT_SynchronousCancellation" computerName="pkrvmbietmlfzoi" duration="00:00:00.0165176" startTime="2025-07-02T21:18:24.4043115+00:00" endTime="2025-07-02T21:18:24.4149438+00:00" testType="13cdc9d9-ddb5-4fa4-a97d-d965ccfc6d4b" outcome="Passed" testListId="8c84fa94-04c1-424b-9868-57a2d4851a1d" relativeResultsDirectory="c8edaced-6870-4c5e-8f4c-f9cfd9d48954" />
    <UnitTestResult executionId="4925a19b-a9a8-4450-9a82-cdb77a08ef06" testId="75db3207-0c10-13f9-f04f-afdb47730d95" testName="Microsoft.AspNetCore.Components.Test.RendererTest.ComponentCannotTriggerRenderBeforeRenderHandleAssigned" computerName="pkrvmbietmlfzoi" duration="00:00:00.0002895" startTime="2025-07-02T21:18:24.7857639+00:00" endTime="2025-07-02T21:18:24.7861057+00:00" testType="13cdc9d9-ddb5-4fa4-a97d-d965ccfc6d4b" outcome="Passed" testListId="8c84fa94-04c1-424b-9868-57a2d4851a1d" relativeResultsDirectory="4925a19b-a9a8-4450-9a82-cdb77a08ef06" />
    <UnitTestResult executionId="aa054ad0-7868-4bb0-aac8-b727d098a444" testId="23a2ce8c-229c-f736-7e1f-b6a40812b241" testName="Microsoft.AspNetCore.Components.Routing.RouteTableFactoryTests.CanMatchTemplateWithMultipleParameters" computerName="pkrvmbietmlfzoi" duration="00:00:00.0005450" startTime="2025-07-02T21:18:24.5905860+00:00" endTime="2025-07-02T21:18:24.5906814+00:00" testType="13cdc9d9-ddb5-4fa4-a97d-d965ccfc6d4b" outcome="Passed" testListId="8c84fa94-04c1-424b-9868-57a2d4851a1d" relativeResultsDirectory="aa054ad0-7868-4bb0-aac8-b727d098a444" />
    <UnitTestResult executionId="bf5919f8-6016-4fcc-b03e-e5711ee68815" testId="bcb7791d-8e14-f6cb-e4f9-38b151f93373" testName="Microsoft.AspNetCore.Components.Test.RenderTreeUpdaterTest.UpdatesOnlyMatchingAttributeValue" computerName="pkrvmbietmlfzoi" duration="00:00:00.0028848" startTime="2025-07-02T21:18:23.9829298+00:00" endTime="2025-07-02T21:18:23.9865655+00:00" testType="13cdc9d9-ddb5-4fa4-a97d-d965ccfc6d4b" outcome="Passed" testListId="8c84fa94-04c1-424b-9868-57a2d4851a1d" relativeResultsDirectory="bf5919f8-6016-4fcc-b03e-e5711ee68815" />
    <UnitTestResult executionId="fe955a43-54d7-4800-b08d-690c87adb04a" testId="d3d53410-422a-1c14-c027-c0915287fc82" testName="Microsoft.AspNetCore.Components.ComponentsActivitySourceTest.StartEventActivity_HandlesNullValues" computerName="pkrvmbietmlfzoi" duration="00:00:00.0002022" startTime="2025-07-02T21:18:23.9844684+00:00" endTime="2025-07-02T21:18:23.9848388+00:00" testType="13cdc9d9-ddb5-4fa4-a97d-d965ccfc6d4b" outcome="Passed" testListId="8c84fa94-04c1-424b-9868-57a2d4851a1d" relativeResultsDirectory="fe955a43-54d7-4800-b08d-690c87adb04a" />
  </Results>
  <TestDefinitions>
    <UnitTest name="Microsoft.AspNetCore.Components.Rendering.RenderTreeBuilderTest.AddAttribute_Component_ObjectBoolValue_SetsAttributeValue(value: True)" storage="/home/runner/work/aspnetcore/aspnetcore/artifacts/bin/microsoft.aspnetcore.components.tests/debug/net10.0/microsoft.aspnetcore.components.tests.dll" id="5c0e0a2c-fd50-1d97-ca4a-31ee3018343f">
      <Execution id="9c481605-82a8-4925-ba86-5db942da3ea2" />
      <TestMethod codeBase="/home/runner/work/aspnetcore/aspnetcore/artifacts/bin/Microsoft.AspNetCore.Components.Tests/Debug/net10.0/Microsoft.AspNetCore.Components.Tests.dll" adapterTypeName="executor://xunit/VsTestRunner3/netcore/" className="Microsoft.AspNetCore.Components.Rendering.RenderTreeBuilderTest" name="AddAttribute_Component_ObjectBoolValue_SetsAttributeValue" />
    </UnitTest>
    <UnitTest name="Microsoft.AspNetCore.Components.PersistentState.PersistentServicesRegistryTest.PersistStateAsync_PersistsMultipleServicesWithDifferentStates" storage="/home/runner/work/aspnetcore/aspnetcore/artifacts/bin/microsoft.aspnetcore.components.tests/debug/net10.0/microsoft.aspnetcore.components.tests.dll" id="658b1943-844d-e105-68ef-805617447f21">
      <Execution id="f67fa248-733c-487d-947c-b0fc81bdd988" />
      <TestMethod codeBase="/home/runner/work/aspnetcore/aspnetcore/artifacts/bin/Microsoft.AspNetCore.Components.Tests/Debug/net10.0/Microsoft.AspNetCore.Components.Tests.dll" adapterTypeName="executor://xunit/VsTestRunner3/netcore/" className="Microsoft.AspNetCore.Components.PersistentState.PersistentServicesRegistryTest" name="PersistStateAsync_PersistsMultipleServicesWithDifferentStates" />
    </UnitTest>
    <UnitTest name="Microsoft.AspNetCore.Components.Test.RendererTest.HandlesNestedElementCapturesDuringRefresh" storage="/home/runner/work/aspnetcore/aspnetcore/artifacts/bin/microsoft.aspnetcore.components.tests/debug/net10.0/microsoft.aspnetcore.components.tests.dll" id="9a7d5f40-4e7e-6a86-547c-7a257976cbd9">
      <Execution id="22b9f339-46b5-4c99-a2bb-037aa7ffd988" />
      <TestMethod codeBase="/home/runner/work/aspnetcore/aspnetcore/artifacts/bin/Microsoft.AspNetCore.Components.Tests/Debug/net10.0/Microsoft.AspNetCore.Components.Tests.dll" adapterTypeName="executor://xunit/VsTestRunner3/netcore/" className="Microsoft.AspNetCore.Components.Test.RendererTest" name="HandlesNestedElementCapturesDuringRefresh" />
    </UnitTest>
    <UnitTest name="Microsoft.AspNetCore.Components.PersistentStateValueProviderTests.PersistenceFails_MultipleComponentsUseTheSameKey" storage="/home/runner/work/aspnetcore/aspnetcore/artifacts/bin/microsoft.aspnetcore.components.tests/debug/net10.0/microsoft.aspnetcore.components.tests.dll" id="70b68c71-c725-c145-d0bc-b23c5ed740fe">
      <Execution id="2e3c3592-d7b1-4464-99fa-41a757352068" />
      <TestMethod codeBase="/home/runner/work/aspnetcore/aspnetcore/artifacts/bin/Microsoft.AspNetCore.Components.Tests/Debug/net10.0/Microsoft.AspNetCore.Components.Tests.dll" adapterTypeName="executor://xunit/VsTestRunner3/netcore/" className="Microsoft.AspNetCore.Components.PersistentStateValueProviderTests" name="PersistenceFails_MultipleComponentsUseTheSameKey" />
    </UnitTest>
    <UnitTest name="Microsoft.AspNetCore.Components.ComponentStatePersistenceManagerTest.PersistStateAsync_CallbacksAreRemovedWhenSubscriptionsAreDisposed" storage="/home/runner/work/aspnetcore/aspnetcore/artifacts/bin/microsoft.aspnetcore.components.tests/debug/net10.0/microsoft.aspnetcore.components.tests.dll" id="1f54398c-5f12-90e2-7cb6-f40a4a03dee3">
      <Execution id="026ccd50-f6b3-4c6a-b7bd-ffeacbbd816f" />
      <TestMethod codeBase="/home/runner/work/aspnetcore/aspnetcore/artifacts/bin/Microsoft.AspNetCore.Components.Tests/Debug/net10.0/Microsoft.AspNetCore.Components.Tests.dll" adapterTypeName="executor://xunit/VsTestRunner3/netcore/" className="Microsoft.AspNetCore.Components.ComponentStatePersistenceManagerTest" name="PersistStateAsync_CallbacksAreRemovedWhenSubscriptionsAreDisposed" />
    </UnitTest>
    <UnitTest name="Microsoft.AspNetCore.Components.EventCallbackFactoryBinderExtensionsTest.CreateBinder_DateTime_Format" storage="/home/runner/work/aspnetcore/aspnetcore/artifacts/bin/microsoft.aspnetcore.components.tests/debug/net10.0/microsoft.aspnetcore.components.tests.dll" id="402d9547-53c6-8a37-1073-086800375532">
      <Execution id="7322a560-9cd0-4575-ad21-1eb2026d1451" />
      <TestMethod codeBase="/home/runner/work/aspnetcore/aspnetcore/artifacts/bin/Microsoft.AspNetCore.Components.Tests/Debug/net10.0/Microsoft.AspNetCore.Components.Tests.dll" adapterTypeName="executor://xunit/VsTestRunner3/netcore/" className="Microsoft.AspNetCore.Components.EventCallbackFactoryBinderExtensionsTest" name="CreateBinder_DateTime_Format" />
    </UnitTest>
    <UnitTest name="Microsoft.AspNetCore.Components.Test.ComponentBaseTest.RunsOnParametersSetAsyncWhenRendered" storage="/home/runner/work/aspnetcore/aspnetcore/artifacts/bin/microsoft.aspnetcore.components.tests/debug/net10.0/microsoft.aspnetcore.components.tests.dll" id="e3834107-1002-0c7d-0bb1-807688cf83fa">
      <Execution id="38100e2f-9e5f-44d6-aca4-49d09ed7ef27" />
      <TestMethod codeBase="/home/runner/work/aspnetcore/aspnetcore/artifacts/bin/Microsoft.AspNetCore.Components.Tests/Debug/net10.0/Microsoft.AspNetCore.Components.Tests.dll" adapterTypeName="executor://xunit/VsTestRunner3/netcore/" className="Microsoft.AspNetCore.Components.Test.ComponentBaseTest" name="RunsOnParametersSetAsyncWhenRendered" />
    </UnitTest>
    <UnitTest name="Microsoft.AspNetCore.Components.Test.RendererTest.DisposingRenderer_CapturesSyncExceptionsFromAllRegisteredAsyncDisposableComponents" storage="/home/runner/work/aspnetcore/aspnetcore/artifacts/bin/microsoft.aspnetcore.components.tests/debug/net10.0/microsoft.aspnetcore.components.tests.dll" id="52028100-daec-53fd-7697-fb89481a0b86">
      <Execution id="d4f6eee9-f21b-43ab-8036-ffab74feca0d" />
      <TestMethod codeBase="/home/runner/work/aspnetcore/aspnetcore/artifacts/bin/Microsoft.AspNetCore.Components.Tests/Debug/net10.0/Microsoft.AspNetCore.Components.Tests.dll" adapterTypeName="executor://xunit/VsTestRunner3/netcore/" className="Microsoft.AspNetCore.Components.Test.RendererTest" name="DisposingRenderer_CapturesSyncExceptionsFromAllRegisteredAsyncDisposableComponents" />
    </UnitTest>
    <UnitTest name="Microsoft.AspNetCore.Components.Test.RendererTest.CanUseCustomComponentActivatorFromConstructorParameter" storage="/home/runner/work/aspnetcore/aspnetcore/artifacts/bin/microsoft.aspnetcore.components.tests/debug/net10.0/microsoft.aspnetcore.components.tests.dll" id="d87c4b0f-ddc1-c20d-88d0-00503a7a2d64">
      <Execution id="de5ced62-2aed-4092-915d-451691d1d4a3" />
      <TestMethod codeBase="/home/runner/work/aspnetcore/aspnetcore/artifacts/bin/Microsoft.AspNetCore.Components.Tests/Debug/net10.0/Microsoft.AspNetCore.Components.Tests.dll" adapterTypeName="executor://xunit/VsTestRunner3/netcore/" className="Microsoft.AspNetCore.Components.Test.RendererTest" name="CanUseCustomComponentActivatorFromConstructorParameter" />
    </UnitTest>
    <UnitTest name="Microsoft.AspNetCore.Components.EventCallbackFactoryTest.CreateT_Action_Null" storage="/home/runner/work/aspnetcore/aspnetcore/artifacts/bin/microsoft.aspnetcore.components.tests/debug/net10.0/microsoft.aspnetcore.components.tests.dll" id="889fe951-3001-b0db-fec2-a74857ae13de">
      <Execution id="6e3a47de-26d1-4d94-ac74-699ec7158baa" />
      <TestMethod codeBase="/home/runner/work/aspnetcore/aspnetcore/artifacts/bin/Microsoft.AspNetCore.Components.Tests/Debug/net10.0/Microsoft.AspNetCore.Components.Tests.dll" adapterTypeName="executor://xunit/VsTestRunner3/netcore/" className="Microsoft.AspNetCore.Components.EventCallbackFactoryTest" name="CreateT_Action_Null" />
    </UnitTest>
    <UnitTest name="Microsoft.AspNetCore.Components.Rendering.RendererSynchronizationContextTest.InvokeAsync_FuncT_CanRunAsynchronously_WhenBusy" storage="/home/runner/work/aspnetcore/aspnetcore/artifacts/bin/microsoft.aspnetcore.components.tests/debug/net10.0/microsoft.aspnetcore.components.tests.dll" id="4f08908f-6f68-d8e0-d4e8-a1ffc5e1e134">
      <Execution id="6fa37331-c872-4f8b-aeb4-13e2f8b95980" />
      <TestMethod codeBase="/home/runner/work/aspnetcore/aspnetcore/artifacts/bin/Microsoft.AspNetCore.Components.Tests/Debug/net10.0/Microsoft.AspNetCore.Components.Tests.dll" adapterTypeName="executor://xunit/VsTestRunner3/netcore/" className="Microsoft.AspNetCore.Components.Rendering.RendererSynchronizationContextTest" name="InvokeAsync_FuncT_CanRunAsynchronously_WhenBusy" />
    </UnitTest>
    <UnitTest name="Microsoft.AspNetCore.Components.NavigationManagerTest.GetUriWithQueryParameters_CanAddUpdateAndRemove(baseUri: &quot;scheme://host/?NaMe=Bob%20Joe&amp;AgE=42&quot;, expectedUri: &quot;scheme://host/?age=25&amp;eye%20color=green&quot;)" storage="/home/runner/work/aspnetcore/aspnetcore/artifacts/bin/microsoft.aspnetcore.components.tests/debug/net10.0/microsoft.aspnetcore.components.tests.dll" id="85f0d7a2-50f5-3f55-25f3-10293ac1284a">
      <Execution id="1f8aaed2-e37b-421d-9009-dcb2aba16f43" />
      <TestMethod codeBase="/home/runner/work/aspnetcore/aspnetcore/artifacts/bin/Microsoft.AspNetCore.Components.Tests/Debug/net10.0/Microsoft.AspNetCore.Components.Tests.dll" adapterTypeName="executor://xunit/VsTestRunner3/netcore/" className="Microsoft.AspNetCore.Components.NavigationManagerTest" name="GetUriWithQueryParameters_CanAddUpdateAndRemove" />
    </UnitTest>
    <UnitTest name="Microsoft.AspNetCore.Components.ComponentsMetricsTest.FailParametersSync_RecordsErrorMetric" storage="/home/runner/work/aspnetcore/aspnetcore/artifacts/bin/microsoft.aspnetcore.components.tests/debug/net10.0/microsoft.aspnetcore.components.tests.dll" id="ed05224e-7352-3fba-455f-32ff240fd7b3">
      <Execution id="e1ba898c-8207-432a-b1e5-29498c398e77" />
      <TestMethod codeBase="/home/runner/work/aspnetcore/aspnetcore/artifacts/bin/Microsoft.AspNetCore.Components.Tests/Debug/net10.0/Microsoft.AspNetCore.Components.Tests.dll" adapterTypeName="executor://xunit/VsTestRunner3/netcore/" className="Microsoft.AspNetCore.Components.ComponentsMetricsTest" name="FailParametersSync_RecordsErrorMetric" />
    </UnitTest>
    <UnitTest name="Microsoft.AspNetCore.Components.Routing.RouteTableFactoryTests.MultipleOptionalParametersWithPrefix(path: &quot;/prefix/1/2/3&quot;, segments: 3)" storage="/home/runner/work/aspnetcore/aspnetcore/artifacts/bin/microsoft.aspnetcore.components.tests/debug/net10.0/microsoft.aspnetcore.components.tests.dll" id="246ae732-b112-c56a-b42d-e6f0adfc89e8">
      <Execution id="17f48f82-f3df-46b2-a912-55dc7953044e" />
      <TestMethod codeBase="/home/runner/work/aspnetcore/aspnetcore/artifacts/bin/Microsoft.AspNetCore.Components.Tests/Debug/net10.0/Microsoft.AspNetCore.Components.Tests.dll" adapterTypeName="executor://xunit/VsTestRunner3/netcore/" className="Microsoft.AspNetCore.Components.Routing.RouteTableFactoryTests" name="MultipleOptionalParametersWithPrefix" />
    </UnitTest>
    <UnitTest name="Microsoft.AspNetCore.Components.Test.RouteViewTest.UsesDefaultLayoutIfNoneSetOnPage" storage="/home/runner/work/aspnetcore/aspnetcore/artifacts/bin/microsoft.aspnetcore.components.tests/debug/net10.0/microsoft.aspnetcore.components.tests.dll" id="37cb8f64-b643-98d9-682e-7ccc15e1c186">
      <Execution id="e41fdf21-fd63-470f-a115-90da8b4e6f3a" />
      <TestMethod codeBase="/home/runner/work/aspnetcore/aspnetcore/artifacts/bin/Microsoft.AspNetCore.Components.Tests/Debug/net10.0/Microsoft.AspNetCore.Components.Tests.dll" adapterTypeName="executor://xunit/VsTestRunner3/netcore/" className="Microsoft.AspNetCore.Components.Test.RouteViewTest" name="UsesDefaultLayoutIfNoneSetOnPage" />
    </UnitTest>
    <UnitTest name="Microsoft.AspNetCore.Components.Test.LayoutViewTest.RendersContentInsideNestedLayout" storage="/home/runner/work/aspnetcore/aspnetcore/artifacts/bin/microsoft.aspnetcore.components.tests/debug/net10.0/microsoft.aspnetcore.components.tests.dll" id="dc75768b-bcb0-a380-746a-7f31d2bd783c">
      <Execution id="5a6ab3bb-408e-4800-8b75-efd0a6a18df8" />
      <TestMethod codeBase="/home/runner/work/aspnetcore/aspnetcore/artifacts/bin/Microsoft.AspNetCore.Components.Tests/Debug/net10.0/Microsoft.AspNetCore.Components.Tests.dll" adapterTypeName="executor://xunit/VsTestRunner3/netcore/" className="Microsoft.AspNetCore.Components.Test.LayoutViewTest" name="RendersContentInsideNestedLayout" />
    </UnitTest>
    <UnitTest name="Microsoft.AspNetCore.Components.Test.RouteViewTest.UsesNoLayoutIfNoneSetOnPageAndNoDefaultSet" storage="/home/runner/work/aspnetcore/aspnetcore/artifacts/bin/microsoft.aspnetcore.components.tests/debug/net10.0/microsoft.aspnetcore.components.tests.dll" id="b0099555-5384-29c3-792d-dc5199b6490d">
      <Execution id="701b5f8d-9014-4d55-b58a-5923a54de510" />
      <TestMethod codeBase="/home/runner/work/aspnetcore/aspnetcore/artifacts/bin/Microsoft.AspNetCore.Components.Tests/Debug/net10.0/Microsoft.AspNetCore.Components.Tests.dll" adapterTypeName="executor://xunit/VsTestRunner3/netcore/" className="Microsoft.AspNetCore.Components.Test.RouteViewTest" name="UsesNoLayoutIfNoneSetOnPageAndNoDefaultSet" />
    </UnitTest>
    <UnitTest name="Microsoft.AspNetCore.Components.PersistentStateValueProviderTests.PersistAsync_CanPersistValueTypes_IntProperty" storage="/home/runner/work/aspnetcore/aspnetcore/artifacts/bin/microsoft.aspnetcore.components.tests/debug/net10.0/microsoft.aspnetcore.components.tests.dll" id="7179ca30-eb08-1973-f624-fea8f3355f0a">
      <Execution id="79691fd7-2cec-4cce-9c70-430380794176" />
      <TestMethod codeBase="/home/runner/work/aspnetcore/aspnetcore/artifacts/bin/Microsoft.AspNetCore.Components.Tests/Debug/net10.0/Microsoft.AspNetCore.Components.Tests.dll" adapterTypeName="executor://xunit/VsTestRunner3/netcore/" className="Microsoft.AspNetCore.Components.PersistentStateValueProviderTests" name="PersistAsync_CanPersistValueTypes_IntProperty" />
    </UnitTest>
    <UnitTest name="Microsoft.AspNetCore.Components.Routing.QueryParameterValueSupplierTest.RejectsBlankArrayEntriesWhenNotNullable(key: &quot;BoolVals&quot;, targetType: typeof(bool))" storage="/home/runner/work/aspnetcore/aspnetcore/artifacts/bin/microsoft.aspnetcore.components.tests/debug/net10.0/microsoft.aspnetcore.components.tests.dll" id="1dae9299-e709-a0bc-65b3-c33d38656a39">
      <Execution id="a699a952-ed66-44f7-a4f8-c9813295fa68" />
      <TestMethod codeBase="/home/runner/work/aspnetcore/aspnetcore/artifacts/bin/Microsoft.AspNetCore.Components.Tests/Debug/net10.0/Microsoft.AspNetCore.Components.Tests.dll" adapterTypeName="executor://xunit/VsTestRunner3/netcore/" className="Microsoft.AspNetCore.Components.Routing.QueryParameterValueSupplierTest" name="RejectsBlankArrayEntriesWhenNotNullable" />
    </UnitTest>
    <UnitTest name="Microsoft.AspNetCore.Components.ParameterViewTest.Clone_ParameterPreservesOrder" storage="/home/runner/work/aspnetcore/aspnetcore/artifacts/bin/microsoft.aspnetcore.components.tests/debug/net10.0/microsoft.aspnetcore.components.tests.dll" id="c0a10c5d-987b-cbeb-19c6-612af8b241de">
      <Execution id="2afc7015-33ea-4a92-9288-f52053961133" />
      <TestMethod codeBase="/home/runner/work/aspnetcore/aspnetcore/artifacts/bin/Microsoft.AspNetCore.Components.Tests/Debug/net10.0/Microsoft.AspNetCore.Components.Tests.dll" adapterTypeName="executor://xunit/VsTestRunner3/netcore/" className="Microsoft.AspNetCore.Components.ParameterViewTest" name="Clone_ParameterPreservesOrder" />
    </UnitTest>
    <UnitTest name="Microsoft.AspNetCore.Components.NavigationManagerTest.LocationChangingHandlers_DoNotBubbleExceptionsThroughNotifyLocationChangingAsync_WhenOneHandlerIsRegistered" storage="/home/runner/work/aspnetcore/aspnetcore/artifacts/bin/microsoft.aspnetcore.components.tests/debug/net10.0/microsoft.aspnetcore.components.tests.dll" id="3a943fc5-bd2d-6d2e-3b7f-72da9b065854">
      <Execution id="6a84398a-1eb2-4fa0-9341-f4364141298e" />
      <TestMethod codeBase="/home/runner/work/aspnetcore/aspnetcore/artifacts/bin/Microsoft.AspNetCore.Components.Tests/Debug/net10.0/Microsoft.AspNetCore.Components.Tests.dll" adapterTypeName="executor://xunit/VsTestRunner3/netcore/" className="Microsoft.AspNetCore.Components.NavigationManagerTest" name="LocationChangingHandlers_DoNotBubbleExceptionsThroughNotifyLocationChangingAsync_WhenOneHandlerIsRegistered" />
    </UnitTest>
    <UnitTest name="Microsoft.AspNetCore.Components.Test.RenderTreeDiffBuilderTest.RecognizesAttributeStringValuesChanged" storage="/home/runner/work/aspnetcore/aspnetcore/artifacts/bin/microsoft.aspnetcore.components.tests/debug/net10.0/microsoft.aspnetcore.components.tests.dll" id="15350bfc-6592-689c-6fc1-f72c5466fc9b">
      <Execution id="e24b8b48-1e4e-40ab-bd0d-86ad44f09fb4" />
      <TestMethod codeBase="/home/runner/work/aspnetcore/aspnetcore/artifacts/bin/Microsoft.AspNetCore.Components.Tests/Debug/net10.0/Microsoft.AspNetCore.Components.Tests.dll" adapterTypeName="executor://xunit/VsTestRunner3/netcore/" className="Microsoft.AspNetCore.Components.Test.RenderTreeDiffBuilderTest" name="RecognizesAttributeStringValuesChanged" />
    </UnitTest>
    <UnitTest name="Microsoft.AspNetCore.Components.Routing.RouteTableFactoryTests.DoesNotThrowForNonAmbiguousRoutes(first: &quot;{param}/{optional?}&quot;, second: &quot;{param}&quot;)" storage="/home/runner/work/aspnetcore/aspnetcore/artifacts/bin/microsoft.aspnetcore.components.tests/debug/net10.0/microsoft.aspnetcore.components.tests.dll" id="f34f0f7d-03ec-64be-efba-40af2e4c3f10">
      <Execution id="56741e84-dc7a-40dc-bea8-741152562555" />
      <TestMethod codeBase="/home/runner/work/aspnetcore/aspnetcore/artifacts/bin/Microsoft.AspNetCore.Components.Tests/Debug/net10.0/Microsoft.AspNetCore.Components.Tests.dll" adapterTypeName="executor://xunit/VsTestRunner3/netcore/" className="Microsoft.AspNetCore.Components.Routing.RouteTableFactoryTests" name="DoesNotThrowForNonAmbiguousRoutes" />
    </UnitTest>
    <UnitTest name="Microsoft.AspNetCore.Components.EventCallbackFactoryTest.CreateT_FuncTask_Null" storage="/home/runner/work/aspnetcore/aspnetcore/artifacts/bin/microsoft.aspnetcore.components.tests/debug/net10.0/microsoft.aspnetcore.components.tests.dll" id="eb80b2cc-f0aa-f4c7-9b3a-65fe81ed350c">
      <Execution id="d22a95ec-84ae-4a0a-98a1-ea50cd8647a0" />
      <TestMethod codeBase="/home/runner/work/aspnetcore/aspnetcore/artifacts/bin/Microsoft.AspNetCore.Components.Tests/Debug/net10.0/Microsoft.AspNetCore.Components.Tests.dll" adapterTypeName="executor://xunit/VsTestRunner3/netcore/" className="Microsoft.AspNetCore.Components.EventCallbackFactoryTest" name="CreateT_FuncTask_Null" />
    </UnitTest>
    <UnitTest name="Microsoft.AspNetCore.Components.Test.LayoutViewTest.CanChangeLayout" storage="/home/runner/work/aspnetcore/aspnetcore/artifacts/bin/microsoft.aspnetcore.components.tests/debug/net10.0/microsoft.aspnetcore.components.tests.dll" id="e5dea385-4e9e-d881-94da-aed424a556b4">
      <Execution id="62a0ad82-7068-4686-b301-3a272f511e8f" />
      <TestMethod codeBase="/home/runner/work/aspnetcore/aspnetcore/artifacts/bin/Microsoft.AspNetCore.Components.Tests/Debug/net10.0/Microsoft.AspNetCore.Components.Tests.dll" adapterTypeName="executor://xunit/VsTestRunner3/netcore/" className="Microsoft.AspNetCore.Components.Test.LayoutViewTest" name="CanChangeLayout" />
    </UnitTest>
    <UnitTest name="Microsoft.AspNetCore.Components.Routing.QueryParameterValueSupplierTest.EmptyStringArrayValuesAreSuppliedAsEmptyStrings" storage="/home/runner/work/aspnetcore/aspnetcore/artifacts/bin/microsoft.aspnetcore.components.tests/debug/net10.0/microsoft.aspnetcore.components.tests.dll" id="85419654-c790-2540-dde0-ac744e0ba38f">
      <Execution id="f9065833-27b9-4378-b319-c9e12f6646e9" />
      <TestMethod codeBase="/home/runner/work/aspnetcore/aspnetcore/artifacts/bin/Microsoft.AspNetCore.Components.Tests/Debug/net10.0/Microsoft.AspNetCore.Components.Tests.dll" adapterTypeName="executor://xunit/VsTestRunner3/netcore/" className="Microsoft.AspNetCore.Components.Routing.QueryParameterValueSupplierTest" name="EmptyStringArrayValuesAreSuppliedAsEmptyStrings" />
    </UnitTest>
    <UnitTest name="Microsoft.AspNetCore.Components.ResourceAssetCollectionTest.ResolvingNonExistentResourceReturnsSameUrl" storage="/home/runner/work/aspnetcore/aspnetcore/artifacts/bin/microsoft.aspnetcore.components.tests/debug/net10.0/microsoft.aspnetcore.components.tests.dll" id="1ff02200-35f6-0b8a-ae2f-39953dccfcf1">
      <Execution id="b4739cda-618c-4d59-9e31-0fe9920f2a52" />
      <TestMethod codeBase="/home/runner/work/aspnetcore/aspnetcore/artifacts/bin/Microsoft.AspNetCore.Components.Tests/Debug/net10.0/Microsoft.AspNetCore.Components.Tests.dll" adapterTypeName="executor://xunit/VsTestRunner3/netcore/" className="Microsoft.AspNetCore.Components.ResourceAssetCollectionTest" name="ResolvingNonExistentResourceReturnsSameUrl" />
    </UnitTest>
    <UnitTest name="Microsoft.AspNetCore.Components.ParameterViewTest.CanGetValueOrDefault_WithMatchingCascadingParameter" storage="/home/runner/work/aspnetcore/aspnetcore/artifacts/bin/microsoft.aspnetcore.components.tests/debug/net10.0/microsoft.aspnetcore.components.tests.dll" id="eec1540c-4dc8-47d0-79a9-17a50f4017a4">
      <Execution id="f8639b34-c4f3-45a8-8f8b-6efb377e8ab9" />
      <TestMethod codeBase="/home/runner/work/aspnetcore/aspnetcore/artifacts/bin/Microsoft.AspNetCore.Components.Tests/Debug/net10.0/Microsoft.AspNetCore.Components.Tests.dll" adapterTypeName="executor://xunit/VsTestRunner3/netcore/" className="Microsoft.AspNetCore.Components.ParameterViewTest" name="CanGetValueOrDefault_WithMatchingCascadingParameter" />
    </UnitTest>
    <UnitTest name="Microsoft.AspNetCore.Components.EventCallbackFactoryBinderExtensionsTest.CreateBinder_NullableEnum" storage="/home/runner/work/aspnetcore/aspnetcore/artifacts/bin/microsoft.aspnetcore.components.tests/debug/net10.0/microsoft.aspnetcore.components.tests.dll" id="8be4c463-cb5a-6514-541c-31baa72d5804">
      <Execution id="8a44f3a9-351c-48d6-a972-82eee1d49d7a" />
      <TestMethod codeBase="/home/runner/work/aspnetcore/aspnetcore/artifacts/bin/Microsoft.AspNetCore.Components.Tests/Debug/net10.0/Microsoft.AspNetCore.Components.Tests.dll" adapterTypeName="executor://xunit/VsTestRunner3/netcore/" className="Microsoft.AspNetCore.Components.EventCallbackFactoryBinderExtensionsTest" name="CreateBinder_NullableEnum" />
    </UnitTest>
    <UnitTest name="Microsoft.AspNetCore.Components.NavigationManagerTest.ToBaseRelativePath_ThrowsForInvalidBaseRelativePaths(baseUri: &quot;scheme://host/path/&quot;, absoluteUri: &quot;scheme://host/&quot;)" storage="/home/runner/work/aspnetcore/aspnetcore/artifacts/bin/microsoft.aspnetcore.components.tests/debug/net10.0/microsoft.aspnetcore.components.tests.dll" id="f1c2d53d-76bf-0e33-f757-63962806c42e">
      <Execution id="758688c2-ad8a-424f-841f-fcbff3d4cc07" />
      <TestMethod codeBase="/home/runner/work/aspnetcore/aspnetcore/artifacts/bin/Microsoft.AspNetCore.Components.Tests/Debug/net10.0/Microsoft.AspNetCore.Components.Tests.dll" adapterTypeName="executor://xunit/VsTestRunner3/netcore/" className="Microsoft.AspNetCore.Components.NavigationManagerTest" name="ToBaseRelativePath_ThrowsForInvalidBaseRelativePaths" />
    </UnitTest>
    <UnitTest name="Microsoft.AspNetCore.Components.Rendering.RendererSynchronizationContextTest.Post_BackgroundWorkItem_CanProcessMoreItemsInline" storage="/home/runner/work/aspnetcore/aspnetcore/artifacts/bin/microsoft.aspnetcore.components.tests/debug/net10.0/microsoft.aspnetcore.components.tests.dll" id="e57b50d1-b22a-680b-49f3-004c8133d930">
      <Execution id="26235482-f94a-4a01-aae8-eb89c5598bbe" />
      <TestMethod codeBase="/home/runner/work/aspnetcore/aspnetcore/artifacts/bin/Microsoft.AspNetCore.Components.Tests/Debug/net10.0/Microsoft.AspNetCore.Components.Tests.dll" adapterTypeName="executor://xunit/VsTestRunner3/netcore/" className="Microsoft.AspNetCore.Components.Rendering.RendererSynchronizationContextTest" name="Post_BackgroundWorkItem_CanProcessMoreItemsInline" />
    </UnitTest>
    <UnitTest name="Microsoft.AspNetCore.Components.EventCallbackFactoryBinderExtensionsTest.CreateBinder_Decimal" storage="/home/runner/work/aspnetcore/aspnetcore/artifacts/bin/microsoft.aspnetcore.components.tests/debug/net10.0/microsoft.aspnetcore.components.tests.dll" id="c627bc7d-6318-33ed-321f-a2f71de1cac0">
      <Execution id="9a0e5d00-b875-4fce-9386-d2cdc6b2b2b8" />
      <TestMethod codeBase="/home/runner/work/aspnetcore/aspnetcore/artifacts/bin/Microsoft.AspNetCore.Components.Tests/Debug/net10.0/Microsoft.AspNetCore.Components.Tests.dll" adapterTypeName="executor://xunit/VsTestRunner3/netcore/" className="Microsoft.AspNetCore.Components.EventCallbackFactoryBinderExtensionsTest" name="CreateBinder_Decimal" />
    </UnitTest>
    <UnitTest name="Microsoft.AspNetCore.Components.NavigationManagerTest.ComputesCorrectBaseUri(baseUri: &quot;scheme://host/path&quot;, expectedResult: &quot;scheme://host/&quot;)" storage="/home/runner/work/aspnetcore/aspnetcore/artifacts/bin/microsoft.aspnetcore.components.tests/debug/net10.0/microsoft.aspnetcore.components.tests.dll" id="4104636b-2a4c-5c40-8626-be7e671ed5c4">
      <Execution id="6bb9f69f-053f-44f7-a0a9-cd8f6c05fb29" />
      <TestMethod codeBase="/home/runner/work/aspnetcore/aspnetcore/artifacts/bin/Microsoft.AspNetCore.Components.Tests/Debug/net10.0/Microsoft.AspNetCore.Components.Tests.dll" adapterTypeName="executor://xunit/VsTestRunner3/netcore/" className="Microsoft.AspNetCore.Components.NavigationManagerTest" name="ComputesCorrectBaseUri" />
    </UnitTest>
    <UnitTest name="Microsoft.AspNetCore.Components.Test.RendererTest.DispatchEventAsync_EventCallback_SynchronousCancellation" storage="/home/runner/work/aspnetcore/aspnetcore/artifacts/bin/microsoft.aspnetcore.components.tests/debug/net10.0/microsoft.aspnetcore.components.tests.dll" id="a09e58b9-f292-7b89-9ffb-a77d2ea10ba4">
      <Execution id="10de1f97-adb6-4cea-947c-59fa90cbaf72" />
      <TestMethod codeBase="/home/runner/work/aspnetcore/aspnetcore/artifacts/bin/Microsoft.AspNetCore.Components.Tests/Debug/net10.0/Microsoft.AspNetCore.Components.Tests.dll" adapterTypeName="executor://xunit/VsTestRunner3/netcore/" className="Microsoft.AspNetCore.Components.Test.RendererTest" name="DispatchEventAsync_EventCallback_SynchronousCancellation" />
    </UnitTest>
    <UnitTest name="Microsoft.AspNetCore.Components.Rendering.RenderTreeBuilderTest.CanAddNullComponentRenderMode" storage="/home/runner/work/aspnetcore/aspnetcore/artifacts/bin/microsoft.aspnetcore.components.tests/debug/net10.0/microsoft.aspnetcore.components.tests.dll" id="85f76405-06c4-616c-b073-efe786c40b62">
      <Execution id="13e1de3e-10ed-45f8-9832-352cb5ea0255" />
      <TestMethod codeBase="/home/runner/work/aspnetcore/aspnetcore/artifacts/bin/Microsoft.AspNetCore.Components.Tests/Debug/net10.0/Microsoft.AspNetCore.Components.Tests.dll" adapterTypeName="executor://xunit/VsTestRunner3/netcore/" className="Microsoft.AspNetCore.Components.Rendering.RenderTreeBuilderTest" name="CanAddNullComponentRenderMode" />
    </UnitTest>
    <UnitTest name="Microsoft.AspNetCore.Components.ComponentFactoryTest.InstantiateComponent_CreatesInstance_WithCustomActivator" storage="/home/runner/work/aspnetcore/aspnetcore/artifacts/bin/microsoft.aspnetcore.components.tests/debug/net10.0/microsoft.aspnetcore.components.tests.dll" id="bc1d743c-a713-9956-587a-90ce63485ccd">
      <Execution id="45745d5e-f43b-429d-adc8-03ef92037ffb" />
      <TestMethod codeBase="/home/runner/work/aspnetcore/aspnetcore/artifacts/bin/Microsoft.AspNetCore.Components.Tests/Debug/net10.0/Microsoft.AspNetCore.Components.Tests.dll" adapterTypeName="executor://xunit/VsTestRunner3/netcore/" className="Microsoft.AspNetCore.Components.ComponentFactoryTest" name="InstantiateComponent_CreatesInstance_WithCustomActivator" />
    </UnitTest>
    <UnitTest name="Microsoft.AspNetCore.Components.RenderTree.ArrayBuilderTest.AppendArray_AfterPriorInsertion" storage="/home/runner/work/aspnetcore/aspnetcore/artifacts/bin/microsoft.aspnetcore.components.tests/debug/net10.0/microsoft.aspnetcore.components.tests.dll" id="48315743-7a51-7df7-28b3-cb841fa5cdb2">
      <Execution id="41226d85-65ce-47d9-a58c-2e834158a1d9" />
      <TestMethod codeBase="/home/runner/work/aspnetcore/aspnetcore/artifacts/bin/Microsoft.AspNetCore.Components.Tests/Debug/net10.0/Microsoft.AspNetCore.Components.Tests.dll" adapterTypeName="executor://xunit/VsTestRunner3/netcore/" className="Microsoft.AspNetCore.Components.RenderTree.ArrayBuilderTest" name="AppendArray_AfterPriorInsertion" />
    </UnitTest>
    <UnitTest name="Microsoft.AspNetCore.Components.Rendering.RendererSynchronizationContextTest.InvokeAsync_FuncTaskT_CanReportCancellation" storage="/home/runner/work/aspnetcore/aspnetcore/artifacts/bin/microsoft.aspnetcore.components.tests/debug/net10.0/microsoft.aspnetcore.components.tests.dll" id="5d0bf66b-24bb-d4a9-e3db-a387379e075b">
      <Execution id="bd83aa94-cc82-47b7-a140-153b517f9007" />
      <TestMethod codeBase="/home/runner/work/aspnetcore/aspnetcore/artifacts/bin/Microsoft.AspNetCore.Components.Tests/Debug/net10.0/Microsoft.AspNetCore.Components.Tests.dll" adapterTypeName="executor://xunit/VsTestRunner3/netcore/" className="Microsoft.AspNetCore.Components.Rendering.RendererSynchronizationContextTest" name="InvokeAsync_FuncTaskT_CanReportCancellation" />
    </UnitTest>
    <UnitTest name="Microsoft.AspNetCore.Components.Test.RendererTest.ComponentCanTriggerRenderWhenNoBatchIsInProgress" storage="/home/runner/work/aspnetcore/aspnetcore/artifacts/bin/microsoft.aspnetcore.components.tests/debug/net10.0/microsoft.aspnetcore.components.tests.dll" id="79220347-2bdc-d608-3e58-432b022a5ddf">
      <Execution id="4c619561-0dcd-46e8-be67-e337e356b759" />
      <TestMethod codeBase="/home/runner/work/aspnetcore/aspnetcore/artifacts/bin/Microsoft.AspNetCore.Components.Tests/Debug/net10.0/Microsoft.AspNetCore.Components.Tests.dll" adapterTypeName="executor://xunit/VsTestRunner3/netcore/" className="Microsoft.AspNetCore.Components.Test.RendererTest" name="ComponentCanTriggerRenderWhenNoBatchIsInProgress" />
    </UnitTest>
    <UnitTest name="Microsoft.AspNetCore.Components.CascadingParameterStateTest.FindCascadingParameters_ComponentRequestsBaseType_ReturnsMatches" storage="/home/runner/work/aspnetcore/aspnetcore/artifacts/bin/microsoft.aspnetcore.components.tests/debug/net10.0/microsoft.aspnetcore.components.tests.dll" id="c22027e3-8847-cee4-cb92-5716c9338f13">
      <Execution id="fc9729a5-4dc0-44bd-9a06-cf439eb46c97" />
      <TestMethod codeBase="/home/runner/work/aspnetcore/aspnetcore/artifacts/bin/Microsoft.AspNetCore.Components.Tests/Debug/net10.0/Microsoft.AspNetCore.Components.Tests.dll" adapterTypeName="executor://xunit/VsTestRunner3/netcore/" className="Microsoft.AspNetCore.Components.CascadingParameterStateTest" name="FindCascadingParameters_ComponentRequestsBaseType_ReturnsMatches" />
    </UnitTest>
    <UnitTest name="Microsoft.AspNetCore.Components.NavigationManagerTest.GetUriWithQueryParameter_AppendsWhenParameterDoesNotExist(baseUri: &quot;scheme://host/?age=42&quot;, expectedUri: &quot;scheme://host/?age=42&amp;name=John%20Doe&quot;)" storage="/home/runner/work/aspnetcore/aspnetcore/artifacts/bin/microsoft.aspnetcore.components.tests/debug/net10.0/microsoft.aspnetcore.components.tests.dll" id="e37fc82a-fafc-e05f-c580-cc4b262f3e6b">
      <Execution id="ad8471bc-ef12-4fe4-b08b-ff0fe1673ab1" />
      <TestMethod codeBase="/home/runner/work/aspnetcore/aspnetcore/artifacts/bin/Microsoft.AspNetCore.Components.Tests/Debug/net10.0/Microsoft.AspNetCore.Components.Tests.dll" adapterTypeName="executor://xunit/VsTestRunner3/netcore/" className="Microsoft.AspNetCore.Components.NavigationManagerTest" name="GetUriWithQueryParameter_AppendsWhenParameterDoesNotExist" />
    </UnitTest>
    <UnitTest name="Microsoft.AspNetCore.Components.Routing.QueryParameterValueSupplierTest.RejectsUnparseableValues(key: &quot;NullableDecimalVal&quot;, value: &quot;1.2.3&quot;, targetType: typeof(decimal?))" storage="/home/runner/work/aspnetcore/aspnetcore/artifacts/bin/microsoft.aspnetcore.components.tests/debug/net10.0/microsoft.aspnetcore.components.tests.dll" id="5dd6b440-ce0f-4340-2e06-b28fc92ac339">
      <Execution id="19c8f108-383b-449a-b6bf-4a52241a4fc8" />
      <TestMethod codeBase="/home/runner/work/aspnetcore/aspnetcore/artifacts/bin/Microsoft.AspNetCore.Components.Tests/Debug/net10.0/Microsoft.AspNetCore.Components.Tests.dll" adapterTypeName="executor://xunit/VsTestRunner3/netcore/" className="Microsoft.AspNetCore.Components.Routing.QueryParameterValueSupplierTest" name="RejectsUnparseableValues" />
    </UnitTest>
    <UnitTest name="Microsoft.AspNetCore.Components.Routing.RoutePatternParserTests.InvalidTemplate_WithMismatchedBraces(template: &quot;Literal/{p&quot;, expectedMessage: &quot;There is an incomplete parameter in the route temp&quot;···)" storage="/home/runner/work/aspnetcore/aspnetcore/artifacts/bin/microsoft.aspnetcore.components.tests/debug/net10.0/microsoft.aspnetcore.components.tests.dll" id="16a3a029-2253-a7fb-b931-957fa142a5f8">
      <Execution id="96d013e0-14c1-4879-a7db-61ce846c0a94" />
      <TestMethod codeBase="/home/runner/work/aspnetcore/aspnetcore/artifacts/bin/Microsoft.AspNetCore.Components.Tests/Debug/net10.0/Microsoft.AspNetCore.Components.Tests.dll" adapterTypeName="executor://xunit/VsTestRunner3/netcore/" className="Microsoft.AspNetCore.Components.Routing.RoutePatternParserTests" name="InvalidTemplate_WithMismatchedBraces" />
    </UnitTest>
    <UnitTest name="Microsoft.AspNetCore.Components.ComponentsMetricsTest.Navigation_RecordsMetric" storage="/home/runner/work/aspnetcore/aspnetcore/artifacts/bin/microsoft.aspnetcore.components.tests/debug/net10.0/microsoft.aspnetcore.components.tests.dll" id="8a9f9b07-b161-9145-5cc4-080caeb6b9a6">
      <Execution id="92f62000-0ebb-4f87-aa31-ae57dd9915c0" />
      <TestMethod codeBase="/home/runner/work/aspnetcore/aspnetcore/artifacts/bin/Microsoft.AspNetCore.Components.Tests/Debug/net10.0/Microsoft.AspNetCore.Components.Tests.dll" adapterTypeName="executor://xunit/VsTestRunner3/netcore/" className="Microsoft.AspNetCore.Components.ComponentsMetricsTest" name="Navigation_RecordsMetric" />
    </UnitTest>
    <UnitTest name="Microsoft.AspNetCore.Components.EventCallbackTest.EventCallbackOfT_FuncTTask_Null" storage="/home/runner/work/aspnetcore/aspnetcore/artifacts/bin/microsoft.aspnetcore.components.tests/debug/net10.0/microsoft.aspnetcore.components.tests.dll" id="0f48a21b-1e86-63a2-d0ee-bcb5b2715fdb">
      <Execution id="389f8872-e391-416e-9418-6675450e0cbd" />
      <TestMethod codeBase="/home/runner/work/aspnetcore/aspnetcore/artifacts/bin/Microsoft.AspNetCore.Components.Tests/Debug/net10.0/Microsoft.AspNetCore.Components.Tests.dll" adapterTypeName="executor://xunit/VsTestRunner3/netcore/" className="Microsoft.AspNetCore.Components.EventCallbackTest" name="EventCallbackOfT_FuncTTask_Null" />
    </UnitTest>
    <UnitTest name="Microsoft.AspNetCore.Components.ComponentApplicationStateTest.PersistState_SavesDataToTheStoreAsync" storage="/home/runner/work/aspnetcore/aspnetcore/artifacts/bin/microsoft.aspnetcore.components.tests/debug/net10.0/microsoft.aspnetcore.components.tests.dll" id="1520d318-c5d5-7cb9-aea5-f24056a340d4">
      <Execution id="86893124-8085-4225-b68d-76ea9c6a3dcb" />
      <TestMethod codeBase="/home/runner/work/aspnetcore/aspnetcore/artifacts/bin/Microsoft.AspNetCore.Components.Tests/Debug/net10.0/Microsoft.AspNetCore.Components.Tests.dll" adapterTypeName="executor://xunit/VsTestRunner3/netcore/" className="Microsoft.AspNetCore.Components.ComponentApplicationStateTest" name="PersistState_SavesDataToTheStoreAsync" />
    </UnitTest>
    <UnitTest name="Microsoft.AspNetCore.Components.ParameterViewTest.IncomingCascadingValueMatchesNoDeclaredParameter_Throws" storage="/home/runner/work/aspnetcore/aspnetcore/artifacts/bin/microsoft.aspnetcore.components.tests/debug/net10.0/microsoft.aspnetcore.components.tests.dll" id="eee99d7e-704a-7e7c-1cc7-2964fa44d9e5">
      <Execution id="dda5fd93-d7b7-4f26-a733-18b7d03e0e83" />
      <TestMethod codeBase="/home/runner/work/aspnetcore/aspnetcore/artifacts/bin/Microsoft.AspNetCore.Components.Tests/Debug/net10.0/Microsoft.AspNetCore.Components.Tests.dll" adapterTypeName="executor://xunit/VsTestRunner3/netcore/" className="Microsoft.AspNetCore.Components.ParameterViewTest" name="IncomingCascadingValueMatchesNoDeclaredParameter_Throws" />
    </UnitTest>
    <UnitTest name="Microsoft.AspNetCore.Components.EventCallbackFactoryBinderExtensionsTest.CreateBinder_DateTimeOffset" storage="/home/runner/work/aspnetcore/aspnetcore/artifacts/bin/microsoft.aspnetcore.components.tests/debug/net10.0/microsoft.aspnetcore.components.tests.dll" id="ebbeec40-03aa-d53f-99f0-a29f86d53fe3">
      <Execution id="c2c116e2-566d-4198-a1e7-cb7656fa2a7a" />
      <TestMethod codeBase="/home/runner/work/aspnetcore/aspnetcore/artifacts/bin/Microsoft.AspNetCore.Components.Tests/Debug/net10.0/Microsoft.AspNetCore.Components.Tests.dll" adapterTypeName="executor://xunit/VsTestRunner3/netcore/" className="Microsoft.AspNetCore.Components.EventCallbackFactoryBinderExtensionsTest" name="CreateBinder_DateTimeOffset" />
    </UnitTest>
    <UnitTest name="Microsoft.AspNetCore.Components.Test.RenderTreeDiffBuilderTest.CanChangeFrameTypeWithMatchingKey" storage="/home/runner/work/aspnetcore/aspnetcore/artifacts/bin/microsoft.aspnetcore.components.tests/debug/net10.0/microsoft.aspnetcore.components.tests.dll" id="fd409af4-fedd-b4c3-824e-fd6a6e2b4f77">
      <Execution id="cca382fe-3f05-458f-a693-122b1fa1c5f4" />
      <TestMethod codeBase="/home/runner/work/aspnetcore/aspnetcore/artifacts/bin/Microsoft.AspNetCore.Components.Tests/Debug/net10.0/Microsoft.AspNetCore.Components.Tests.dll" adapterTypeName="executor://xunit/VsTestRunner3/netcore/" className="Microsoft.AspNetCore.Components.Test.RenderTreeDiffBuilderTest" name="CanChangeFrameTypeWithMatchingKey" />
    </UnitTest>
    <UnitTest name="Microsoft.AspNetCore.Components.Routing.QueryParameterValueSupplierTest.RejectsBlankValuesWhenNotNullable(key: &quot;LongVal&quot;, targetType: typeof(long))" storage="/home/runner/work/aspnetcore/aspnetcore/artifacts/bin/microsoft.aspnetcore.components.tests/debug/net10.0/microsoft.aspnetcore.components.tests.dll" id="1e0e7bf3-2075-dd8c-e2b6-e77d289e78b6">
      <Execution id="0b36c57f-e320-4818-829d-cfb5551d3f7d" />
      <TestMethod codeBase="/home/runner/work/aspnetcore/aspnetcore/artifacts/bin/Microsoft.AspNetCore.Components.Tests/Debug/net10.0/Microsoft.AspNetCore.Components.Tests.dll" adapterTypeName="executor://xunit/VsTestRunner3/netcore/" className="Microsoft.AspNetCore.Components.Routing.QueryParameterValueSupplierTest" name="RejectsBlankValuesWhenNotNullable" />
    </UnitTest>
    <UnitTest name="Microsoft.AspNetCore.Components.Test.ComponentBaseTest.RunsOnInitAsyncAlsoOnBaseClassWhenRendered" storage="/home/runner/work/aspnetcore/aspnetcore/artifacts/bin/microsoft.aspnetcore.components.tests/debug/net10.0/microsoft.aspnetcore.components.tests.dll" id="3c89202c-c7df-02ea-1972-90dec8cac352">
      <Execution id="63a96ffd-dc1c-48bb-b6aa-3a2df173fa1d" />
      <TestMethod codeBase="/home/runner/work/aspnetcore/aspnetcore/artifacts/bin/Microsoft.AspNetCore.Components.Tests/Debug/net10.0/Microsoft.AspNetCore.Components.Tests.dll" adapterTypeName="executor://xunit/VsTestRunner3/netcore/" className="Microsoft.AspNetCore.Components.Test.ComponentBaseTest" name="RunsOnInitAsyncAlsoOnBaseClassWhenRendered" />
    </UnitTest>
    <UnitTest name="Microsoft.AspNetCore.Components.Test.RendererTest.DispatchEventAsync_Delegate_SynchronousException" storage="/home/runner/work/aspnetcore/aspnetcore/artifacts/bin/microsoft.aspnetcore.components.tests/debug/net10.0/microsoft.aspnetcore.components.tests.dll" id="13f70ca0-df3a-1cbe-aaed-fa77112d156e">
      <Execution id="78792b2b-995e-4596-a63c-e8424f622c3e" />
      <TestMethod codeBase="/home/runner/work/aspnetcore/aspnetcore/artifacts/bin/Microsoft.AspNetCore.Components.Tests/Debug/net10.0/Microsoft.AspNetCore.Components.Tests.dll" adapterTypeName="executor://xunit/VsTestRunner3/netcore/" className="Microsoft.AspNetCore.Components.Test.RendererTest" name="DispatchEventAsync_Delegate_SynchronousException" />
    </UnitTest>
    <UnitTest name="Microsoft.AspNetCore.Components.Test.CascadingParameterTest.CanHaveManySubscribers(numSubscribers: 65)" storage="/home/runner/work/aspnetcore/aspnetcore/artifacts/bin/microsoft.aspnetcore.components.tests/debug/net10.0/microsoft.aspnetcore.components.tests.dll" id="1fa5fbf1-63a6-d7c4-6c8c-69a791cf8b51">
      <Execution id="c34cdc04-c29d-43ce-9e41-ebb83b1abbc5" />
      <TestMethod codeBase="/home/runner/work/aspnetcore/aspnetcore/artifacts/bin/Microsoft.AspNetCore.Components.Tests/Debug/net10.0/Microsoft.AspNetCore.Components.Tests.dll" adapterTypeName="executor://xunit/VsTestRunner3/netcore/" className="Microsoft.AspNetCore.Components.Test.CascadingParameterTest" name="CanHaveManySubscribers" />
    </UnitTest>
    <UnitTest name="Microsoft.AspNetCore.Components.ComponentFactoryTest.InstantiateComponent_WithDerivedRenderModeOnDerivedComponent_CausesAmbiguousMatchException" storage="/home/runner/work/aspnetcore/aspnetcore/artifacts/bin/microsoft.aspnetcore.components.tests/debug/net10.0/microsoft.aspnetcore.components.tests.dll" id="8595e9c2-3abd-e3a4-a13a-44c55b609405">
      <Execution id="509dfad2-1a2f-4fdd-bbd2-1da11f0619ea" />
      <TestMethod codeBase="/home/runner/work/aspnetcore/aspnetcore/artifacts/bin/Microsoft.AspNetCore.Components.Tests/Debug/net10.0/Microsoft.AspNetCore.Components.Tests.dll" adapterTypeName="executor://xunit/VsTestRunner3/netcore/" className="Microsoft.AspNetCore.Components.ComponentFactoryTest" name="InstantiateComponent_WithDerivedRenderModeOnDerivedComponent_CausesAmbiguousMatchException" />
    </UnitTest>
    <UnitTest name="Microsoft.AspNetCore.Components.EventCallbackFactoryTest.CreateT_Action_AlreadyBoundToReceiver" storage="/home/runner/work/aspnetcore/aspnetcore/artifacts/bin/microsoft.aspnetcore.components.tests/debug/net10.0/microsoft.aspnetcore.components.tests.dll" id="0ce2cbd6-1772-13c1-3afe-14dfc1e76a0c">
      <Execution id="54bbc8de-3997-4093-a960-0c1b11233d7f" />
      <TestMethod codeBase="/home/runner/work/aspnetcore/aspnetcore/artifacts/bin/Microsoft.AspNetCore.Components.Tests/Debug/net10.0/Microsoft.AspNetCore.Components.Tests.dll" adapterTypeName="executor://xunit/VsTestRunner3/netcore/" className="Microsoft.AspNetCore.Components.EventCallbackFactoryTest" name="CreateT_Action_AlreadyBoundToReceiver" />
    </UnitTest>
    <UnitTest name="Microsoft.AspNetCore.Components.Test.RenderTreeDiffBuilderTest.RecognizesTrailingSequenceWithinLoopBlockBeingRemoved" storage="/home/runner/work/aspnetcore/aspnetcore/artifacts/bin/microsoft.aspnetcore.components.tests/debug/net10.0/microsoft.aspnetcore.components.tests.dll" id="0ecc3b00-0c6e-1b62-fced-abc05fd09b65">
      <Execution id="149e21b5-8bf8-45ac-b987-449b75fca305" />
      <TestMethod codeBase="/home/runner/work/aspnetcore/aspnetcore/artifacts/bin/Microsoft.AspNetCore.Components.Tests/Debug/net10.0/Microsoft.AspNetCore.Components.Tests.dll" adapterTypeName="executor://xunit/VsTestRunner3/netcore/" className="Microsoft.AspNetCore.Components.Test.RenderTreeDiffBuilderTest" name="RecognizesTrailingSequenceWithinLoopBlockBeingRemoved" />
    </UnitTest>
    <UnitTest name="Microsoft.AspNetCore.Components.Routing.RouteTableFactoryTests.OptionalParameterPlusCatchAllRoute(template: &quot;/{parameter?}/{*catchAll}&quot;, path: &quot;/parameter&quot;, parameterValue: &quot;parameter&quot;, catchAllValue: null)" storage="/home/runner/work/aspnetcore/aspnetcore/artifacts/bin/microsoft.aspnetcore.components.tests/debug/net10.0/microsoft.aspnetcore.components.tests.dll" id="f41f58f6-dae1-cb84-f7ce-226792cc9485">
      <Execution id="02c75d4a-fc8e-4d49-bb0a-aa189f7ee6c4" />
      <TestMethod codeBase="/home/runner/work/aspnetcore/aspnetcore/artifacts/bin/Microsoft.AspNetCore.Components.Tests/Debug/net10.0/Microsoft.AspNetCore.Components.Tests.dll" adapterTypeName="executor://xunit/VsTestRunner3/netcore/" className="Microsoft.AspNetCore.Components.Routing.RouteTableFactoryTests" name="OptionalParameterPlusCatchAllRoute" />
    </UnitTest>
    <UnitTest name="Microsoft.AspNetCore.Components.Routing.RouteTableFactoryTests.CanMatchParameterTemplate(path: &quot;/d%C3%A9j%C3%A0+vu&quot;, expectedValue: &quot;déjà+vu&quot;)" storage="/home/runner/work/aspnetcore/aspnetcore/artifacts/bin/microsoft.aspnetcore.components.tests/debug/net10.0/microsoft.aspnetcore.components.tests.dll" id="bcbeba50-3efd-0ed9-f0d0-bc0242b36ead">
      <Execution id="2f91577e-a136-4756-a0e3-d54af7180805" />
      <TestMethod codeBase="/home/runner/work/aspnetcore/aspnetcore/artifacts/bin/Microsoft.AspNetCore.Components.Tests/Debug/net10.0/Microsoft.AspNetCore.Components.Tests.dll" adapterTypeName="executor://xunit/VsTestRunner3/netcore/" className="Microsoft.AspNetCore.Components.Routing.RouteTableFactoryTests" name="CanMatchParameterTemplate" />
    </UnitTest>
    <UnitTest name="Microsoft.AspNetCore.Components.Test.CascadingParameterTest.CanHaveManySubscribers(numSubscribers: 0)" storage="/home/runner/work/aspnetcore/aspnetcore/artifacts/bin/microsoft.aspnetcore.components.tests/debug/net10.0/microsoft.aspnetcore.components.tests.dll" id="d4d1dc49-5e06-af2a-81b7-443bbb8d03d9">
      <Execution id="8f683a97-a594-4b38-b761-1ebae0f7b285" />
      <TestMethod codeBase="/home/runner/work/aspnetcore/aspnetcore/artifacts/bin/Microsoft.AspNetCore.Components.Tests/Debug/net10.0/Microsoft.AspNetCore.Components.Tests.dll" adapterTypeName="executor://xunit/VsTestRunner3/netcore/" className="Microsoft.AspNetCore.Components.Test.CascadingParameterTest" name="CanHaveManySubscribers" />
    </UnitTest>
    <UnitTest name="Microsoft.AspNetCore.Components.Routing.QueryParameterValueSupplierTest.RejectsUnparseableArrayEntries(key: &quot;DoubleVals&quot;, validValue: &quot;1&quot;, invalidValue: &quot;1x&quot;, targetType: typeof(double))" storage="/home/runner/work/aspnetcore/aspnetcore/artifacts/bin/microsoft.aspnetcore.components.tests/debug/net10.0/microsoft.aspnetcore.components.tests.dll" id="7fe5e5b3-bcc6-86b9-837f-5b45aa17a552">
      <Execution id="6b9ea326-5f94-4a2a-821f-e79b2c55a42f" />
      <TestMethod codeBase="/home/runner/work/aspnetcore/aspnetcore/artifacts/bin/Microsoft.AspNetCore.Components.Tests/Debug/net10.0/Microsoft.AspNetCore.Components.Tests.dll" adapterTypeName="executor://xunit/VsTestRunner3/netcore/" className="Microsoft.AspNetCore.Components.Routing.QueryParameterValueSupplierTest" name="RejectsUnparseableArrayEntries" />
    </UnitTest>
    <UnitTest name="Microsoft.AspNetCore.Components.NavigationManagerTest.GetUriWithQueryParameter_ReplacesWhenParameterExists(baseUri: &quot;scheme://host/?full%20name=&quot;, expectedUri: &quot;scheme://host/?full%20name=John%20Doe&quot;)" storage="/home/runner/work/aspnetcore/aspnetcore/artifacts/bin/microsoft.aspnetcore.components.tests/debug/net10.0/microsoft.aspnetcore.components.tests.dll" id="23ff1577-039b-db16-677b-d224ba8171aa">
      <Execution id="1cacd6f1-3a5c-4456-9ce6-d90244829b4a" />
      <TestMethod codeBase="/home/runner/work/aspnetcore/aspnetcore/artifacts/bin/Microsoft.AspNetCore.Components.Tests/Debug/net10.0/Microsoft.AspNetCore.Components.Tests.dll" adapterTypeName="executor://xunit/VsTestRunner3/netcore/" className="Microsoft.AspNetCore.Components.NavigationManagerTest" name="GetUriWithQueryParameter_ReplacesWhenParameterExists" />
    </UnitTest>
    <UnitTest name="Microsoft.AspNetCore.Components.RenderTree.StackObjectPoolTest.ReusesInstancesInPoolUpToCapacity" storage="/home/runner/work/aspnetcore/aspnetcore/artifacts/bin/microsoft.aspnetcore.components.tests/debug/net10.0/microsoft.aspnetcore.components.tests.dll" id="8833ef68-544f-629e-ba62-4c0492854b3a">
      <Execution id="7e0eba3d-804e-45de-9418-19d0f9a11386" />
      <TestMethod codeBase="/home/runner/work/aspnetcore/aspnetcore/artifacts/bin/Microsoft.AspNetCore.Components.Tests/Debug/net10.0/Microsoft.AspNetCore.Components.Tests.dll" adapterTypeName="executor://xunit/VsTestRunner3/netcore/" className="Microsoft.AspNetCore.Components.RenderTree.StackObjectPoolTest" name="ReusesInstancesInPoolUpToCapacity" />
    </UnitTest>
    <UnitTest name="Microsoft.AspNetCore.Components.Test.RenderTreeDiffBuilderTest.AttributeDiff_WithSameSequenceNumber_AttributeRemovedAtStart" storage="/home/runner/work/aspnetcore/aspnetcore/artifacts/bin/microsoft.aspnetcore.components.tests/debug/net10.0/microsoft.aspnetcore.components.tests.dll" id="be8fb651-f0db-2481-37f7-dabddb88ecfb">
      <Execution id="d20f9a8c-d4a0-472a-9e6f-4710a5b4ccee" />
      <TestMethod codeBase="/home/runner/work/aspnetcore/aspnetcore/artifacts/bin/Microsoft.AspNetCore.Components.Tests/Debug/net10.0/Microsoft.AspNetCore.Components.Tests.dll" adapterTypeName="executor://xunit/VsTestRunner3/netcore/" className="Microsoft.AspNetCore.Components.Test.RenderTreeDiffBuilderTest" name="AttributeDiff_WithSameSequenceNumber_AttributeRemovedAtStart" />
    </UnitTest>
    <UnitTest name="Microsoft.AspNetCore.Components.Routing.RouteTableFactoryTests.CanMatchCatchAllParameterTemplate(path: &quot;/blog/value1/foo%20bar&quot;, expectedValue: &quot;value1/foo bar&quot;)" storage="/home/runner/work/aspnetcore/aspnetcore/artifacts/bin/microsoft.aspnetcore.components.tests/debug/net10.0/microsoft.aspnetcore.components.tests.dll" id="e678fbaa-7323-aa6f-5bb0-13e375e0cb85">
      <Execution id="728216a6-7b04-417b-8a14-84d96e4c3ed9" />
      <TestMethod codeBase="/home/runner/work/aspnetcore/aspnetcore/artifacts/bin/Microsoft.AspNetCore.Components.Tests/Debug/net10.0/Microsoft.AspNetCore.Components.Tests.dll" adapterTypeName="executor://xunit/VsTestRunner3/netcore/" className="Microsoft.AspNetCore.Components.Routing.RouteTableFactoryTests" name="CanMatchCatchAllParameterTemplate" />
    </UnitTest>
    <UnitTest name="Microsoft.AspNetCore.Components.RenderTree.ArrayBuilderTest.Dispose_ThrowsOnReuse" storage="/home/runner/work/aspnetcore/aspnetcore/artifacts/bin/microsoft.aspnetcore.components.tests/debug/net10.0/microsoft.aspnetcore.components.tests.dll" id="2213bde3-f5cd-cd4e-100a-68f771ca1d40">
      <Execution id="f1762058-f730-44d6-a3fd-203298e08087" />
      <TestMethod codeBase="/home/runner/work/aspnetcore/aspnetcore/artifacts/bin/Microsoft.AspNetCore.Components.Tests/Debug/net10.0/Microsoft.AspNetCore.Components.Tests.dll" adapterTypeName="executor://xunit/VsTestRunner3/netcore/" className="Microsoft.AspNetCore.Components.RenderTree.ArrayBuilderTest" name="Dispose_ThrowsOnReuse" />
    </UnitTest>
    <UnitTest name="Microsoft.AspNetCore.Components.CascadingParameterStateTest.FindCascadingParameters_SupplierSpecifiesNameButConsumerDoesNot_ReturnsEmpty" storage="/home/runner/work/aspnetcore/aspnetcore/artifacts/bin/microsoft.aspnetcore.components.tests/debug/net10.0/microsoft.aspnetcore.components.tests.dll" id="014275d6-c2f3-5fcd-dd48-1fcd8dc4d9e0">
      <Execution id="d41ab6ee-46e6-46c3-8015-c48bac1a08dd" />
      <TestMethod codeBase="/home/runner/work/aspnetcore/aspnetcore/artifacts/bin/Microsoft.AspNetCore.Components.Tests/Debug/net10.0/Microsoft.AspNetCore.Components.Tests.dll" adapterTypeName="executor://xunit/VsTestRunner3/netcore/" className="Microsoft.AspNetCore.Components.CascadingParameterStateTest" name="FindCascadingParameters_SupplierSpecifiesNameButConsumerDoesNot_ReturnsEmpty" />
    </UnitTest>
    <UnitTest name="Microsoft.AspNetCore.Components.Routing.RoutePatternParserTests.InvalidTemplate_WithMismatchedBraces(template: &quot;Literal/p}&quot;, expectedMessage: &quot;There is an incomplete parameter in the route temp&quot;···)" storage="/home/runner/work/aspnetcore/aspnetcore/artifacts/bin/microsoft.aspnetcore.components.tests/debug/net10.0/microsoft.aspnetcore.components.tests.dll" id="762f6126-3d62-e3f9-92cb-54086f5b0e20">
      <Execution id="be4a2120-5638-4e90-a8e2-8e754c53dcbc" />
      <TestMethod codeBase="/home/runner/work/aspnetcore/aspnetcore/artifacts/bin/Microsoft.AspNetCore.Components.Tests/Debug/net10.0/Microsoft.AspNetCore.Components.Tests.dll" adapterTypeName="executor://xunit/VsTestRunner3/netcore/" className="Microsoft.AspNetCore.Components.Routing.RoutePatternParserTests" name="InvalidTemplate_WithMismatchedBraces" />
    </UnitTest>
    <UnitTest name="Microsoft.AspNetCore.Components.EventCallbackFactoryBinderExtensionsTest.CreateBinder_NullableDateTime" storage="/home/runner/work/aspnetcore/aspnetcore/artifacts/bin/microsoft.aspnetcore.components.tests/debug/net10.0/microsoft.aspnetcore.components.tests.dll" id="f981ef23-60f4-612d-88c7-df81d7933025">
      <Execution id="22453b7c-f4c8-4fcd-a29b-0ed1f7df2e4a" />
      <TestMethod codeBase="/home/runner/work/aspnetcore/aspnetcore/artifacts/bin/Microsoft.AspNetCore.Components.Tests/Debug/net10.0/Microsoft.AspNetCore.Components.Tests.dll" adapterTypeName="executor://xunit/VsTestRunner3/netcore/" className="Microsoft.AspNetCore.Components.EventCallbackFactoryBinderExtensionsTest" name="CreateBinder_NullableDateTime" />
    </UnitTest>
    <UnitTest name="Microsoft.AspNetCore.Components.ParameterViewTest.FromDictionary_RoundTrips" storage="/home/runner/work/aspnetcore/aspnetcore/artifacts/bin/microsoft.aspnetcore.components.tests/debug/net10.0/microsoft.aspnetcore.components.tests.dll" id="0e1c07e6-369a-2f69-1299-cf762b3a0f30">
      <Execution id="ebc55918-5049-48db-b789-9a02d285698c" />
      <TestMethod codeBase="/home/runner/work/aspnetcore/aspnetcore/artifacts/bin/Microsoft.AspNetCore.Components.Tests/Debug/net10.0/Microsoft.AspNetCore.Components.Tests.dll" adapterTypeName="executor://xunit/VsTestRunner3/netcore/" className="Microsoft.AspNetCore.Components.ParameterViewTest" name="FromDictionary_RoundTrips" />
    </UnitTest>
    <UnitTest name="Microsoft.AspNetCore.Components.Test.RenderTreeDiffBuilderTest.SetsUpdatedParametersOnChildComponents" storage="/home/runner/work/aspnetcore/aspnetcore/artifacts/bin/microsoft.aspnetcore.components.tests/debug/net10.0/microsoft.aspnetcore.components.tests.dll" id="3a5e44e2-5ea1-40ad-27a8-d0a852f610d4">
      <Execution id="9329d001-a594-41be-93c3-c4152950e573" />
      <TestMethod codeBase="/home/runner/work/aspnetcore/aspnetcore/artifacts/bin/Microsoft.AspNetCore.Components.Tests/Debug/net10.0/Microsoft.AspNetCore.Components.Tests.dll" adapterTypeName="executor://xunit/VsTestRunner3/netcore/" className="Microsoft.AspNetCore.Components.Test.RenderTreeDiffBuilderTest" name="SetsUpdatedParametersOnChildComponents" />
    </UnitTest>
    <UnitTest name="Microsoft.AspNetCore.Components.Routing.RouteTableFactoryTests.DetectsAmbiguousRoutes(left: &quot;/{parameter}&quot;, right: &quot;/{parameter}/&quot;)" storage="/home/runner/work/aspnetcore/aspnetcore/artifacts/bin/microsoft.aspnetcore.components.tests/debug/net10.0/microsoft.aspnetcore.components.tests.dll" id="8d654c0e-d220-fe90-bc9a-e710794c02a6">
      <Execution id="3bba8e02-7406-408a-b4c7-bc85450d692d" />
      <TestMethod codeBase="/home/runner/work/aspnetcore/aspnetcore/artifacts/bin/Microsoft.AspNetCore.Components.Tests/Debug/net10.0/Microsoft.AspNetCore.Components.Tests.dll" adapterTypeName="executor://xunit/VsTestRunner3/netcore/" className="Microsoft.AspNetCore.Components.Routing.RouteTableFactoryTests" name="DetectsAmbiguousRoutes" />
    </UnitTest>
    <UnitTest name="Microsoft.AspNetCore.Components.EventCallbackFactoryTest.Create_FuncTask_DifferentReceiver" storage="/home/runner/work/aspnetcore/aspnetcore/artifacts/bin/microsoft.aspnetcore.components.tests/debug/net10.0/microsoft.aspnetcore.components.tests.dll" id="e35cdee5-7b44-d822-fca5-f437ad2620dd">
      <Execution id="8232989c-81d2-499d-b6a6-4209c5120d21" />
      <TestMethod codeBase="/home/runner/work/aspnetcore/aspnetcore/artifacts/bin/Microsoft.AspNetCore.Components.Tests/Debug/net10.0/Microsoft.AspNetCore.Components.Tests.dll" adapterTypeName="executor://xunit/VsTestRunner3/netcore/" className="Microsoft.AspNetCore.Components.EventCallbackFactoryTest" name="Create_FuncTask_DifferentReceiver" />
    </UnitTest>
    <UnitTest name="Microsoft.AspNetCore.Components.Routing.QueryParameterValueSupplierTest.RejectsUnparseableArrayEntries(key: &quot;NullableDoubleVals&quot;, validValue: &quot;1&quot;, invalidValue: &quot;1x&quot;, targetType: typeof(double?))" storage="/home/runner/work/aspnetcore/aspnetcore/artifacts/bin/microsoft.aspnetcore.components.tests/debug/net10.0/microsoft.aspnetcore.components.tests.dll" id="c04fd714-3415-3208-f83e-aceca130e046">
      <Execution id="8e4b2d7d-769c-4681-9ef7-4577edd7c392" />
      <TestMethod codeBase="/home/runner/work/aspnetcore/aspnetcore/artifacts/bin/Microsoft.AspNetCore.Components.Tests/Debug/net10.0/Microsoft.AspNetCore.Components.Tests.dll" adapterTypeName="executor://xunit/VsTestRunner3/netcore/" className="Microsoft.AspNetCore.Components.Routing.QueryParameterValueSupplierTest" name="RejectsUnparseableArrayEntries" />
    </UnitTest>
    <UnitTest name="Microsoft.AspNetCore.Components.Test.RendererTest.CannotGetEventArgsTypeForMultiParameterHandler" storage="/home/runner/work/aspnetcore/aspnetcore/artifacts/bin/microsoft.aspnetcore.components.tests/debug/net10.0/microsoft.aspnetcore.components.tests.dll" id="76a97bf5-b168-bc08-c10b-09b63899e038">
      <Execution id="6cd3c31b-534f-4dac-a573-08d416215eae" />
      <TestMethod codeBase="/home/runner/work/aspnetcore/aspnetcore/artifacts/bin/Microsoft.AspNetCore.Components.Tests/Debug/net10.0/Microsoft.AspNetCore.Components.Tests.dll" adapterTypeName="executor://xunit/VsTestRunner3/netcore/" className="Microsoft.AspNetCore.Components.Test.RendererTest" name="CannotGetEventArgsTypeForMultiParameterHandler" />
    </UnitTest>
    <UnitTest name="Microsoft.AspNetCore.Components.EventCallbackFactoryBinderExtensionsTest.CreateBinder_NumericType_WithCurrentCulture" storage="/home/runner/work/aspnetcore/aspnetcore/artifacts/bin/microsoft.aspnetcore.components.tests/debug/net10.0/microsoft.aspnetcore.components.tests.dll" id="6eaa29cd-811f-a088-f961-9aa873e71333">
      <Execution id="3c8142ef-84c2-482f-92bc-48b4acd667c4" />
      <TestMethod codeBase="/home/runner/work/aspnetcore/aspnetcore/artifacts/bin/Microsoft.AspNetCore.Components.Tests/Debug/net10.0/Microsoft.AspNetCore.Components.Tests.dll" adapterTypeName="executor://xunit/VsTestRunner3/netcore/" className="Microsoft.AspNetCore.Components.EventCallbackFactoryBinderExtensionsTest" name="CreateBinder_NumericType_WithCurrentCulture" />
    </UnitTest>
    <UnitTest name="Microsoft.AspNetCore.Components.ParameterViewTest.SupplyingNullWritesDefaultForType" storage="/home/runner/work/aspnetcore/aspnetcore/artifacts/bin/microsoft.aspnetcore.components.tests/debug/net10.0/microsoft.aspnetcore.components.tests.dll" id="0e54297b-7133-9dc9-c07f-f9c90a1229d6">
      <Execution id="bac3a3dd-baa3-4059-a304-2824a706b649" />
      <TestMethod codeBase="/home/runner/work/aspnetcore/aspnetcore/artifacts/bin/Microsoft.AspNetCore.Components.Tests/Debug/net10.0/Microsoft.AspNetCore.Components.Tests.dll" adapterTypeName="executor://xunit/VsTestRunner3/netcore/" className="Microsoft.AspNetCore.Components.ParameterViewTest" name="SupplyingNullWritesDefaultForType" />
    </UnitTest>
    <UnitTest name="Microsoft.AspNetCore.Components.ParameterViewTest.IncomingParameterMatchesPropertyNotPublic_Throws" storage="/home/runner/work/aspnetcore/aspnetcore/artifacts/bin/microsoft.aspnetcore.components.tests/debug/net10.0/microsoft.aspnetcore.components.tests.dll" id="7719aeda-4511-e7e0-e7a6-f72d0152e7ba">
      <Execution id="927b3a49-2580-4ed3-87f4-c5ed388fd491" />
      <TestMethod codeBase="/home/runner/work/aspnetcore/aspnetcore/artifacts/bin/Microsoft.AspNetCore.Components.Tests/Debug/net10.0/Microsoft.AspNetCore.Components.Tests.dll" adapterTypeName="executor://xunit/VsTestRunner3/netcore/" className="Microsoft.AspNetCore.Components.ParameterViewTest" name="IncomingParameterMatchesPropertyNotPublic_Throws" />
    </UnitTest>
    <UnitTest name="Microsoft.AspNetCore.Components.Routing.RouteTableFactoryTests.CanDiscoverRoute" storage="/home/runner/work/aspnetcore/aspnetcore/artifacts/bin/microsoft.aspnetcore.components.tests/debug/net10.0/microsoft.aspnetcore.components.tests.dll" id="a342ad7c-db31-f021-0e50-50a2a5a072bd">
      <Execution id="0388fecd-927f-4091-b9d9-c2fc24d475da" />
      <TestMethod codeBase="/home/runner/work/aspnetcore/aspnetcore/artifacts/bin/Microsoft.AspNetCore.Components.Tests/Debug/net10.0/Microsoft.AspNetCore.Components.Tests.dll" adapterTypeName="executor://xunit/VsTestRunner3/netcore/" className="Microsoft.AspNetCore.Components.Routing.RouteTableFactoryTests" name="CanDiscoverRoute" />
    </UnitTest>
    <UnitTest name="Microsoft.AspNetCore.Components.Routing.RouteTableFactoryTests.DetectsAmbiguousRoutesNoFalsePositives(left: &quot;/{parameter}&quot;, right: &quot;/{{parameter}}&quot;)" storage="/home/runner/work/aspnetcore/aspnetcore/artifacts/bin/microsoft.aspnetcore.components.tests/debug/net10.0/microsoft.aspnetcore.components.tests.dll" id="a144a834-f4a0-0a8d-9433-27998d1058a1">
      <Execution id="33d55790-1b63-485f-9891-d9cc60d0ba38" />
      <TestMethod codeBase="/home/runner/work/aspnetcore/aspnetcore/artifacts/bin/Microsoft.AspNetCore.Components.Tests/Debug/net10.0/Microsoft.AspNetCore.Components.Tests.dll" adapterTypeName="executor://xunit/VsTestRunner3/netcore/" className="Microsoft.AspNetCore.Components.Routing.RouteTableFactoryTests" name="DetectsAmbiguousRoutesNoFalsePositives" />
    </UnitTest>
    <UnitTest name="Microsoft.AspNetCore.Components.Routing.QueryParameterValueSupplierTest.SuppliesNullForValueTypesIfNotSpecified(query: &quot;&quot;)" storage="/home/runner/work/aspnetcore/aspnetcore/artifacts/bin/microsoft.aspnetcore.components.tests/debug/net10.0/microsoft.aspnetcore.components.tests.dll" id="18ab6519-8e78-4ae0-2836-31bcbe5e86b8">
      <Execution id="53dab914-57f2-4afe-acf1-c021a40c7f91" />
      <TestMethod codeBase="/home/runner/work/aspnetcore/aspnetcore/artifacts/bin/Microsoft.AspNetCore.Components.Tests/Debug/net10.0/Microsoft.AspNetCore.Components.Tests.dll" adapterTypeName="executor://xunit/VsTestRunner3/netcore/" className="Microsoft.AspNetCore.Components.Routing.QueryParameterValueSupplierTest" name="SuppliesNullForValueTypesIfNotSpecified" />
    </UnitTest>
    <UnitTest name="Microsoft.AspNetCore.Components.Test.RendererTest.DisposeAsyncCallsComponentDisposeAsyncOnSyncContext" storage="/home/runner/work/aspnetcore/aspnetcore/artifacts/bin/microsoft.aspnetcore.components.tests/debug/net10.0/microsoft.aspnetcore.components.tests.dll" id="4ed0ae28-42dd-4646-c727-bd15f8ff9c6e">
      <Execution id="a718aced-d13d-4cfa-866f-bba52880cbcf" />
      <TestMethod codeBase="/home/runner/work/aspnetcore/aspnetcore/artifacts/bin/Microsoft.AspNetCore.Components.Tests/Debug/net10.0/Microsoft.AspNetCore.Components.Tests.dll" adapterTypeName="executor://xunit/VsTestRunner3/netcore/" className="Microsoft.AspNetCore.Components.Test.RendererTest" name="DisposeAsyncCallsComponentDisposeAsyncOnSyncContext" />
    </UnitTest>
    <UnitTest name="Microsoft.AspNetCore.Components.NavigationManagerTest.GetUriWithQueryParameters_CanAddUpdateAndRemove(baseUri: &quot;scheme://host/?name=Bob%20Joe&amp;age=42#hash&quot;, expectedUri: &quot;scheme://host/?age=25&amp;eye%20color=green#hash&quot;)" storage="/home/runner/work/aspnetcore/aspnetcore/artifacts/bin/microsoft.aspnetcore.components.tests/debug/net10.0/microsoft.aspnetcore.components.tests.dll" id="7df1a36a-e864-373e-7a24-c1742d37a733">
      <Execution id="6cc23d25-5714-49b2-bc55-effd412413ca" />
      <TestMethod codeBase="/home/runner/work/aspnetcore/aspnetcore/artifacts/bin/Microsoft.AspNetCore.Components.Tests/Debug/net10.0/Microsoft.AspNetCore.Components.Tests.dll" adapterTypeName="executor://xunit/VsTestRunner3/netcore/" className="Microsoft.AspNetCore.Components.NavigationManagerTest" name="GetUriWithQueryParameters_CanAddUpdateAndRemove" />
    </UnitTest>
    <UnitTest name="Microsoft.AspNetCore.Components.NavigationManagerTest.ComputesCorrectBaseUri(baseUri: &quot;scheme://host/path/page?query=string&amp;another=here#&quot;···, expectedResult: &quot;scheme://host/path/&quot;)" storage="/home/runner/work/aspnetcore/aspnetcore/artifacts/bin/microsoft.aspnetcore.components.tests/debug/net10.0/microsoft.aspnetcore.components.tests.dll" id="430aa0c8-617c-dddc-2ea3-ec2d79e7c917">
      <Execution id="0aa1bda5-8dcb-428f-85f8-acb5724882d3" />
      <TestMethod codeBase="/home/runner/work/aspnetcore/aspnetcore/artifacts/bin/Microsoft.AspNetCore.Components.Tests/Debug/net10.0/Microsoft.AspNetCore.Components.Tests.dll" adapterTypeName="executor://xunit/VsTestRunner3/netcore/" className="Microsoft.AspNetCore.Components.NavigationManagerTest" name="ComputesCorrectBaseUri" />
    </UnitTest>
    <UnitTest name="Microsoft.AspNetCore.Components.Test.RendererTest.ExceptionsThrownSynchronouslyCanBeHandledSynchronously" storage="/home/runner/work/aspnetcore/aspnetcore/artifacts/bin/microsoft.aspnetcore.components.tests/debug/net10.0/microsoft.aspnetcore.components.tests.dll" id="a3005a1a-8b2c-0502-0368-f3d16f878c68">
      <Execution id="26a1cc5a-76f2-49d5-9697-80df69ab5d88" />
      <TestMethod codeBase="/home/runner/work/aspnetcore/aspnetcore/artifacts/bin/Microsoft.AspNetCore.Components.Tests/Debug/net10.0/Microsoft.AspNetCore.Components.Tests.dll" adapterTypeName="executor://xunit/VsTestRunner3/netcore/" className="Microsoft.AspNetCore.Components.Test.RendererTest" name="ExceptionsThrownSynchronouslyCanBeHandledSynchronously" />
    </UnitTest>
    <UnitTest name="Microsoft.AspNetCore.Components.Test.RendererTest.CanGetEventArgsTypeForHandler" storage="/home/runner/work/aspnetcore/aspnetcore/artifacts/bin/microsoft.aspnetcore.components.tests/debug/net10.0/microsoft.aspnetcore.components.tests.dll" id="5ca47bb4-42a5-7c90-6f0f-6e1a35b407bf">
      <Execution id="5b0203e7-78c0-4a71-b8f6-4cec9c28a064" />
      <TestMethod codeBase="/home/runner/work/aspnetcore/aspnetcore/artifacts/bin/Microsoft.AspNetCore.Components.Tests/Debug/net10.0/Microsoft.AspNetCore.Components.Tests.dll" adapterTypeName="executor://xunit/VsTestRunner3/netcore/" className="Microsoft.AspNetCore.Components.Test.RendererTest" name="CanGetEventArgsTypeForHandler" />
    </UnitTest>
    <UnitTest name="Microsoft.AspNetCore.Components.Routing.RouteTableFactoryTests.DoesNotThrowForNonAmbiguousRoutes(first: &quot;literal/{*catchAll:int}&quot;, second: &quot;literal/{optional?}&quot;)" storage="/home/runner/work/aspnetcore/aspnetcore/artifacts/bin/microsoft.aspnetcore.components.tests/debug/net10.0/microsoft.aspnetcore.components.tests.dll" id="3e67406e-2ea1-e907-7790-c945fbc51991">
      <Execution id="f274bb7d-4b6e-4462-a2f2-1e8d65aa87ef" />
      <TestMethod codeBase="/home/runner/work/aspnetcore/aspnetcore/artifacts/bin/Microsoft.AspNetCore.Components.Tests/Debug/net10.0/Microsoft.AspNetCore.Components.Tests.dll" adapterTypeName="executor://xunit/VsTestRunner3/netcore/" className="Microsoft.AspNetCore.Components.Routing.RouteTableFactoryTests" name="DoesNotThrowForNonAmbiguousRoutes" />
    </UnitTest>
    <UnitTest name="Microsoft.AspNetCore.Components.Test.RendererTest.CallsAfterRenderAfterTheUIHasFinishedUpdatingSynchronously" storage="/home/runner/work/aspnetcore/aspnetcore/artifacts/bin/microsoft.aspnetcore.components.tests/debug/net10.0/microsoft.aspnetcore.components.tests.dll" id="091a29da-0dab-acd1-eb77-2d71716f3ea4">
      <Execution id="4baf232d-180e-4174-b6de-676a2e608d35" />
      <TestMethod codeBase="/home/runner/work/aspnetcore/aspnetcore/artifacts/bin/Microsoft.AspNetCore.Components.Tests/Debug/net10.0/Microsoft.AspNetCore.Components.Tests.dll" adapterTypeName="executor://xunit/VsTestRunner3/netcore/" className="Microsoft.AspNetCore.Components.Test.RendererTest" name="CallsAfterRenderAfterTheUIHasFinishedUpdatingSynchronously" />
    </UnitTest>
    <UnitTest name="Microsoft.AspNetCore.Components.EventCallbackFactoryBinderExtensionsTest.CreateBinder_NullableBool" storage="/home/runner/work/aspnetcore/aspnetcore/artifacts/bin/microsoft.aspnetcore.components.tests/debug/net10.0/microsoft.aspnetcore.components.tests.dll" id="1b941564-9443-a0d0-72fe-46969b83763a">
      <Execution id="1757a9dc-07ec-4957-9f18-be307f8cabbb" />
      <TestMethod codeBase="/home/runner/work/aspnetcore/aspnetcore/artifacts/bin/Microsoft.AspNetCore.Components.Tests/Debug/net10.0/Microsoft.AspNetCore.Components.Tests.dll" adapterTypeName="executor://xunit/VsTestRunner3/netcore/" className="Microsoft.AspNetCore.Components.EventCallbackFactoryBinderExtensionsTest" name="CreateBinder_NullableBool" />
    </UnitTest>
    <UnitTest name="Microsoft.AspNetCore.Components.BindConverterTest.FormatValue_NullableBoolNull_Generic" storage="/home/runner/work/aspnetcore/aspnetcore/artifacts/bin/microsoft.aspnetcore.components.tests/debug/net10.0/microsoft.aspnetcore.components.tests.dll" id="4b10b275-a6ee-35e3-a678-bc9fbbb9c15e">
      <Execution id="5b216b5f-6c1a-4d53-ac14-28ec192351e9" />
      <TestMethod codeBase="/home/runner/work/aspnetcore/aspnetcore/artifacts/bin/Microsoft.AspNetCore.Components.Tests/Debug/net10.0/Microsoft.AspNetCore.Components.Tests.dll" adapterTypeName="executor://xunit/VsTestRunner3/netcore/" className="Microsoft.AspNetCore.Components.BindConverterTest" name="FormatValue_NullableBoolNull_Generic" />
    </UnitTest>
    <UnitTest name="Microsoft.AspNetCore.Components.Routing.RouterTest.CanRunOnNavigateAsync" storage="/home/runner/work/aspnetcore/aspnetcore/artifacts/bin/microsoft.aspnetcore.components.tests/debug/net10.0/microsoft.aspnetcore.components.tests.dll" id="44b7d3e3-203a-30d8-5239-484d4606593c">
      <Execution id="49be6b3c-d00c-478f-93bb-d995b11ec4bd" />
      <TestMethod codeBase="/home/runner/work/aspnetcore/aspnetcore/artifacts/bin/Microsoft.AspNetCore.Components.Tests/Debug/net10.0/Microsoft.AspNetCore.Components.Tests.dll" adapterTypeName="executor://xunit/VsTestRunner3/netcore/" className="Microsoft.AspNetCore.Components.Routing.RouterTest" name="CanRunOnNavigateAsync" />
    </UnitTest>
    <UnitTest name="Microsoft.AspNetCore.Components.Routing.RouteTableFactoryTests.PrefersLiteralTemplateOverTemplateWithOptionalParameters" storage="/home/runner/work/aspnetcore/aspnetcore/artifacts/bin/microsoft.aspnetcore.components.tests/debug/net10.0/microsoft.aspnetcore.components.tests.dll" id="b928554e-d373-e92d-e58b-95283075b97f">
      <Execution id="8cfe89ca-5e00-41b5-a3d0-81fc02d383e3" />
      <TestMethod codeBase="/home/runner/work/aspnetcore/aspnetcore/artifacts/bin/Microsoft.AspNetCore.Components.Tests/Debug/net10.0/Microsoft.AspNetCore.Components.Tests.dll" adapterTypeName="executor://xunit/VsTestRunner3/netcore/" className="Microsoft.AspNetCore.Components.Routing.RouteTableFactoryTests" name="PrefersLiteralTemplateOverTemplateWithOptionalParameters" />
    </UnitTest>
    <UnitTest name="Microsoft.AspNetCore.Components.Rendering.RenderTreeBuilderTest.CanAddMultipleAttributes_InterspersedWithOtherAttributes" storage="/home/runner/work/aspnetcore/aspnetcore/artifacts/bin/microsoft.aspnetcore.components.tests/debug/net10.0/microsoft.aspnetcore.components.tests.dll" id="bb892bb2-eeca-3757-fd24-3801e2ec3e5e">
      <Execution id="d6776f3a-0e75-4a66-8057-73b538c023f2" />
      <TestMethod codeBase="/home/runner/work/aspnetcore/aspnetcore/artifacts/bin/Microsoft.AspNetCore.Components.Tests/Debug/net10.0/Microsoft.AspNetCore.Components.Tests.dll" adapterTypeName="executor://xunit/VsTestRunner3/netcore/" className="Microsoft.AspNetCore.Components.Rendering.RenderTreeBuilderTest" name="CanAddMultipleAttributes_InterspersedWithOtherAttributes" />
    </UnitTest>
    <UnitTest name="Microsoft.AspNetCore.Components.Routing.RouteTableFactoryTests.PrefersShorterRoutesOverLongerRoutes" storage="/home/runner/work/aspnetcore/aspnetcore/artifacts/bin/microsoft.aspnetcore.components.tests/debug/net10.0/microsoft.aspnetcore.components.tests.dll" id="e2ae4437-b94f-5fa2-0628-78f91a702d49">
      <Execution id="5d3a6a44-d1e8-4a2e-b0fb-1b1e6a125e9d" />
      <TestMethod codeBase="/home/runner/work/aspnetcore/aspnetcore/artifacts/bin/Microsoft.AspNetCore.Components.Tests/Debug/net10.0/Microsoft.AspNetCore.Components.Tests.dll" adapterTypeName="executor://xunit/VsTestRunner3/netcore/" className="Microsoft.AspNetCore.Components.Routing.RouteTableFactoryTests" name="PrefersShorterRoutesOverLongerRoutes" />
    </UnitTest>
    <UnitTest name="Microsoft.AspNetCore.Components.BindConverterTest.FormatValue_NullableEnum" storage="/home/runner/work/aspnetcore/aspnetcore/artifacts/bin/microsoft.aspnetcore.components.tests/debug/net10.0/microsoft.aspnetcore.components.tests.dll" id="2943dfdf-2f06-d9ad-1778-0311c3a01625">
      <Execution id="7e1feb49-611b-44fc-a8a4-639b808d8270" />
      <TestMethod codeBase="/home/runner/work/aspnetcore/aspnetcore/artifacts/bin/Microsoft.AspNetCore.Components.Tests/Debug/net10.0/Microsoft.AspNetCore.Components.Tests.dll" adapterTypeName="executor://xunit/VsTestRunner3/netcore/" className="Microsoft.AspNetCore.Components.BindConverterTest" name="FormatValue_NullableEnum" />
    </UnitTest>
    <UnitTest name="Microsoft.AspNetCore.Components.Routing.RouteTableFactoryTests.MultipleOptionalParametersWithPrefix(path: &quot;/prefix/&quot;, segments: 0)" storage="/home/runner/work/aspnetcore/aspnetcore/artifacts/bin/microsoft.aspnetcore.components.tests/debug/net10.0/microsoft.aspnetcore.components.tests.dll" id="d5fbed4c-984c-9727-4ce6-34c3d9e1c637">
      <Execution id="cb544110-69c6-4ca2-971e-0268db346b22" />
      <TestMethod codeBase="/home/runner/work/aspnetcore/aspnetcore/artifacts/bin/Microsoft.AspNetCore.Components.Tests/Debug/net10.0/Microsoft.AspNetCore.Components.Tests.dll" adapterTypeName="executor://xunit/VsTestRunner3/netcore/" className="Microsoft.AspNetCore.Components.Routing.RouteTableFactoryTests" name="MultipleOptionalParametersWithPrefix" />
    </UnitTest>
    <UnitTest name="Microsoft.AspNetCore.Components.Rendering.RenderTreeBuilderTest.AddAttribute_Element_ObjectNull_IgnoresFrame" storage="/home/runner/work/aspnetcore/aspnetcore/artifacts/bin/microsoft.aspnetcore.components.tests/debug/net10.0/microsoft.aspnetcore.components.tests.dll" id="c0289689-7433-164e-3634-e12ec9d84c28">
      <Execution id="d87a7a61-2d35-46e9-932d-1bcf95c175b5" />
      <TestMethod codeBase="/home/runner/work/aspnetcore/aspnetcore/artifacts/bin/Microsoft.AspNetCore.Components.Tests/Debug/net10.0/Microsoft.AspNetCore.Components.Tests.dll" adapterTypeName="executor://xunit/VsTestRunner3/netcore/" className="Microsoft.AspNetCore.Components.Rendering.RenderTreeBuilderTest" name="AddAttribute_Element_ObjectNull_IgnoresFrame" />
    </UnitTest>
    <UnitTest name="Microsoft.AspNetCore.Components.PersistentStateValueProviderTests.PersistAsync_CanPersistMultipleComponentsOfSameType_WhenParentProvidesDifferentKeys" storage="/home/runner/work/aspnetcore/aspnetcore/artifacts/bin/microsoft.aspnetcore.components.tests/debug/net10.0/microsoft.aspnetcore.components.tests.dll" id="34939270-3f3b-163c-6f65-dbb13bcbaa0e">
      <Execution id="f23c4388-fa66-46a5-8b39-2da948147ca9" />
      <TestMethod codeBase="/home/runner/work/aspnetcore/aspnetcore/artifacts/bin/Microsoft.AspNetCore.Components.Tests/Debug/net10.0/Microsoft.AspNetCore.Components.Tests.dll" adapterTypeName="executor://xunit/VsTestRunner3/netcore/" className="Microsoft.AspNetCore.Components.PersistentStateValueProviderTests" name="PersistAsync_CanPersistMultipleComponentsOfSameType_WhenParentProvidesDifferentKeys" />
    </UnitTest>
    <UnitTest name="Microsoft.AspNetCore.Components.Test.RenderTreeDiffBuilderTest.PreservesEventHandlerIdsForRetainedEventHandlers_SlowPath" storage="/home/runner/work/aspnetcore/aspnetcore/artifacts/bin/microsoft.aspnetcore.components.tests/debug/net10.0/microsoft.aspnetcore.components.tests.dll" id="edd21920-869c-107d-11c4-f8070a7ffe76">
      <Execution id="0dc3e741-9baa-4970-b1be-98b685d328ea" />
      <TestMethod codeBase="/home/runner/work/aspnetcore/aspnetcore/artifacts/bin/Microsoft.AspNetCore.Components.Tests/Debug/net10.0/Microsoft.AspNetCore.Components.Tests.dll" adapterTypeName="executor://xunit/VsTestRunner3/netcore/" className="Microsoft.AspNetCore.Components.Test.RenderTreeDiffBuilderTest" name="PreservesEventHandlerIdsForRetainedEventHandlers_SlowPath" />
    </UnitTest>
    <UnitTest name="Microsoft.AspNetCore.Components.Test.RenderTreeDiffBuilderTest.AttributeDiff_WithSequentialSequenceNumber_AttributeAddedAtStart" storage="/home/runner/work/aspnetcore/aspnetcore/artifacts/bin/microsoft.aspnetcore.components.tests/debug/net10.0/microsoft.aspnetcore.components.tests.dll" id="dd2ab46b-7343-ab95-a72d-9713ed8428e3">
      <Execution id="922bd12a-382b-4b9a-8e5a-4728bbdab800" />
      <TestMethod codeBase="/home/runner/work/aspnetcore/aspnetcore/artifacts/bin/Microsoft.AspNetCore.Components.Tests/Debug/net10.0/Microsoft.AspNetCore.Components.Tests.dll" adapterTypeName="executor://xunit/VsTestRunner3/netcore/" className="Microsoft.AspNetCore.Components.Test.RenderTreeDiffBuilderTest" name="AttributeDiff_WithSequentialSequenceNumber_AttributeAddedAtStart" />
    </UnitTest>
    <UnitTest name="Microsoft.AspNetCore.Components.NavigationManagerTest.LocationChangingHandlers_CanCancelTheNavigationSynchronously_WhenOneHandlerIsRegistered" storage="/home/runner/work/aspnetcore/aspnetcore/artifacts/bin/microsoft.aspnetcore.components.tests/debug/net10.0/microsoft.aspnetcore.components.tests.dll" id="7db44fff-c010-6e1f-c591-b0c7b45efced">
      <Execution id="a6562404-1af5-4431-8791-629512da1a4e" />
      <TestMethod codeBase="/home/runner/work/aspnetcore/aspnetcore/artifacts/bin/Microsoft.AspNetCore.Components.Tests/Debug/net10.0/Microsoft.AspNetCore.Components.Tests.dll" adapterTypeName="executor://xunit/VsTestRunner3/netcore/" className="Microsoft.AspNetCore.Components.NavigationManagerTest" name="LocationChangingHandlers_CanCancelTheNavigationSynchronously_WhenOneHandlerIsRegistered" />
    </UnitTest>
    <UnitTest name="Microsoft.AspNetCore.Components.Rendering.RenderTreeBuilderTest.CannotAddNamedEventToComponent" storage="/home/runner/work/aspnetcore/aspnetcore/artifacts/bin/microsoft.aspnetcore.components.tests/debug/net10.0/microsoft.aspnetcore.components.tests.dll" id="c8588eb8-3e03-7bb0-2d9c-2b8ea6384b10">
      <Execution id="32a59dda-db8b-4336-9a35-44726e25ecf8" />
      <TestMethod codeBase="/home/runner/work/aspnetcore/aspnetcore/artifacts/bin/Microsoft.AspNetCore.Components.Tests/Debug/net10.0/Microsoft.AspNetCore.Components.Tests.dll" adapterTypeName="executor://xunit/VsTestRunner3/netcore/" className="Microsoft.AspNetCore.Components.Rendering.RenderTreeBuilderTest" name="CannotAddNamedEventToComponent" />
    </UnitTest>
    <UnitTest name="Microsoft.AspNetCore.Components.Test.RendererTest.DispatchEventAsync_EventCallbackOfT_AsynchronousCancellation" storage="/home/runner/work/aspnetcore/aspnetcore/artifacts/bin/microsoft.aspnetcore.components.tests/debug/net10.0/microsoft.aspnetcore.components.tests.dll" id="b7389056-e54c-e5e6-60df-713f01be5ae7">
      <Execution id="441e3cb3-c927-4060-b159-9f74c664d381" />
      <TestMethod codeBase="/home/runner/work/aspnetcore/aspnetcore/artifacts/bin/Microsoft.AspNetCore.Components.Tests/Debug/net10.0/Microsoft.AspNetCore.Components.Tests.dll" adapterTypeName="executor://xunit/VsTestRunner3/netcore/" className="Microsoft.AspNetCore.Components.Test.RendererTest" name="DispatchEventAsync_EventCallbackOfT_AsynchronousCancellation" />
    </UnitTest>
    <UnitTest name="Microsoft.AspNetCore.Components.ParameterViewTest.CanInitializeUsingElementWithNoDescendants" storage="/home/runner/work/aspnetcore/aspnetcore/artifacts/bin/microsoft.aspnetcore.components.tests/debug/net10.0/microsoft.aspnetcore.components.tests.dll" id="01825cc0-b814-cfba-c53d-8448d4f7298c">
      <Execution id="00b0a373-0764-4c92-9651-23556019f6ab" />
      <TestMethod codeBase="/home/runner/work/aspnetcore/aspnetcore/artifacts/bin/Microsoft.AspNetCore.Components.Tests/Debug/net10.0/Microsoft.AspNetCore.Components.Tests.dll" adapterTypeName="executor://xunit/VsTestRunner3/netcore/" className="Microsoft.AspNetCore.Components.ParameterViewTest" name="CanInitializeUsingElementWithNoDescendants" />
    </UnitTest>
    <UnitTest name="Microsoft.AspNetCore.Components.Rendering.RenderTreeBuilderTest.AddAttribute_Component_ObjectBoolValue_SetsAttributeValue(value: False)" storage="/home/runner/work/aspnetcore/aspnetcore/artifacts/bin/microsoft.aspnetcore.components.tests/debug/net10.0/microsoft.aspnetcore.components.tests.dll" id="43f4be32-cbbc-5755-6456-88c09b5c4b80">
      <Execution id="550e016c-009e-4873-b727-4a4510f1b1ee" />
      <TestMethod codeBase="/home/runner/work/aspnetcore/aspnetcore/artifacts/bin/Microsoft.AspNetCore.Components.Tests/Debug/net10.0/Microsoft.AspNetCore.Components.Tests.dll" adapterTypeName="executor://xunit/VsTestRunner3/netcore/" className="Microsoft.AspNetCore.Components.Rendering.RenderTreeBuilderTest" name="AddAttribute_Component_ObjectBoolValue_SetsAttributeValue" />
    </UnitTest>
    <UnitTest name="Microsoft.AspNetCore.Components.Routing.RouteTableFactoryTests.DoesNotThrowForNonAmbiguousRoutes(first: &quot;{optional?}&quot;, second: &quot;/&quot;)" storage="/home/runner/work/aspnetcore/aspnetcore/artifacts/bin/microsoft.aspnetcore.components.tests/debug/net10.0/microsoft.aspnetcore.components.tests.dll" id="d0e82e92-dfe8-acb7-56d9-5fb84505031b">
      <Execution id="7b38eef2-cd84-4018-b469-4d00d54b0538" />
      <TestMethod codeBase="/home/runner/work/aspnetcore/aspnetcore/artifacts/bin/Microsoft.AspNetCore.Components.Tests/Debug/net10.0/Microsoft.AspNetCore.Components.Tests.dll" adapterTypeName="executor://xunit/VsTestRunner3/netcore/" className="Microsoft.AspNetCore.Components.Routing.RouteTableFactoryTests" name="DoesNotThrowForNonAmbiguousRoutes" />
    </UnitTest>
    <UnitTest name="Microsoft.AspNetCore.Components.Test.RenderTreeDiffBuilderTest.RecognizesKeyedComponentDeletions" storage="/home/runner/work/aspnetcore/aspnetcore/artifacts/bin/microsoft.aspnetcore.components.tests/debug/net10.0/microsoft.aspnetcore.components.tests.dll" id="111476bf-346a-58ec-381d-22dcdea64d00">
      <Execution id="b2798896-28a0-46d6-9e71-d9c51d8f0111" />
      <TestMethod codeBase="/home/runner/work/aspnetcore/aspnetcore/artifacts/bin/Microsoft.AspNetCore.Components.Tests/Debug/net10.0/Microsoft.AspNetCore.Components.Tests.dll" adapterTypeName="executor://xunit/VsTestRunner3/netcore/" className="Microsoft.AspNetCore.Components.Test.RenderTreeDiffBuilderTest" name="RecognizesKeyedComponentDeletions" />
    </UnitTest>
    <UnitTest name="Microsoft.AspNetCore.Components.Rendering.RenderTreeBuilderTest.CannotAddKeyOutsideComponentOrElement_TreeRoot" storage="/home/runner/work/aspnetcore/aspnetcore/artifacts/bin/microsoft.aspnetcore.components.tests/debug/net10.0/microsoft.aspnetcore.components.tests.dll" id="e8b93970-dfc8-7f76-1183-62f96878b264">
      <Execution id="2241ed61-f10f-4cae-ae63-5f078ce6e27c" />
      <TestMethod codeBase="/home/runner/work/aspnetcore/aspnetcore/artifacts/bin/Microsoft.AspNetCore.Components.Tests/Debug/net10.0/Microsoft.AspNetCore.Components.Tests.dll" adapterTypeName="executor://xunit/VsTestRunner3/netcore/" className="Microsoft.AspNetCore.Components.Rendering.RenderTreeBuilderTest" name="CannotAddKeyOutsideComponentOrElement_TreeRoot" />
    </UnitTest>
    <UnitTest name="Microsoft.AspNetCore.Components.Test.ComponentBaseTest.RenderRootComponentAsync_ReportsErrorDuringOnParameterSet" storage="/home/runner/work/aspnetcore/aspnetcore/artifacts/bin/microsoft.aspnetcore.components.tests/debug/net10.0/microsoft.aspnetcore.components.tests.dll" id="4db05b65-95d2-4185-fbb8-ddb16d4e61d8">
      <Execution id="0767e9e3-99cd-4564-9bbe-00ec74964645" />
      <TestMethod codeBase="/home/runner/work/aspnetcore/aspnetcore/artifacts/bin/Microsoft.AspNetCore.Components.Tests/Debug/net10.0/Microsoft.AspNetCore.Components.Tests.dll" adapterTypeName="executor://xunit/VsTestRunner3/netcore/" className="Microsoft.AspNetCore.Components.Test.ComponentBaseTest" name="RenderRootComponentAsync_ReportsErrorDuringOnParameterSet" />
    </UnitTest>
    <UnitTest name="Microsoft.AspNetCore.Components.Test.RenderTreeDiffBuilderTest.RecognizesTrailingLoopBlockBeingAdded" storage="/home/runner/work/aspnetcore/aspnetcore/artifacts/bin/microsoft.aspnetcore.components.tests/debug/net10.0/microsoft.aspnetcore.components.tests.dll" id="071c4da0-53ce-4753-d397-31a5a35bb3b8">
      <Execution id="f875685b-bd31-46f1-a57a-5b805307621d" />
      <TestMethod codeBase="/home/runner/work/aspnetcore/aspnetcore/artifacts/bin/Microsoft.AspNetCore.Components.Tests/Debug/net10.0/Microsoft.AspNetCore.Components.Tests.dll" adapterTypeName="executor://xunit/VsTestRunner3/netcore/" className="Microsoft.AspNetCore.Components.Test.RenderTreeDiffBuilderTest" name="RecognizesTrailingLoopBlockBeingAdded" />
    </UnitTest>
    <UnitTest name="Microsoft.AspNetCore.Components.CascadingParameterStateTest.FindCascadingParameters_ComponentRequestsImplementedInterface_ReturnsMatches" storage="/home/runner/work/aspnetcore/aspnetcore/artifacts/bin/microsoft.aspnetcore.components.tests/debug/net10.0/microsoft.aspnetcore.components.tests.dll" id="0e3652d5-121c-9134-4024-f2896c1d566c">
      <Execution id="f3c00f47-7acb-491e-a5b9-dfc5232da77f" />
      <TestMethod codeBase="/home/runner/work/aspnetcore/aspnetcore/artifacts/bin/Microsoft.AspNetCore.Components.Tests/Debug/net10.0/Microsoft.AspNetCore.Components.Tests.dll" adapterTypeName="executor://xunit/VsTestRunner3/netcore/" className="Microsoft.AspNetCore.Components.CascadingParameterStateTest" name="FindCascadingParameters_ComponentRequestsImplementedInterface_ReturnsMatches" />
    </UnitTest>
    <UnitTest name="Microsoft.AspNetCore.Components.Test.RenderTreeDiffBuilderTest.AlwaysRegardsRenderFragmentAsPossiblyChanged" storage="/home/runner/work/aspnetcore/aspnetcore/artifacts/bin/microsoft.aspnetcore.components.tests/debug/net10.0/microsoft.aspnetcore.components.tests.dll" id="88354a6f-d720-5764-a22d-c9d108a1961d">
      <Execution id="e632d1d9-2825-4c6c-8d8f-3c7e28f2d968" />
      <TestMethod codeBase="/home/runner/work/aspnetcore/aspnetcore/artifacts/bin/Microsoft.AspNetCore.Components.Tests/Debug/net10.0/Microsoft.AspNetCore.Components.Tests.dll" adapterTypeName="executor://xunit/VsTestRunner3/netcore/" className="Microsoft.AspNetCore.Components.Test.RenderTreeDiffBuilderTest" name="AlwaysRegardsRenderFragmentAsPossiblyChanged" />
    </UnitTest>
    <UnitTest name="Microsoft.AspNetCore.Components.Rendering.RenderTreeBuilderTest.UnclosedElementsHaveNoSubtreeLength" storage="/home/runner/work/aspnetcore/aspnetcore/artifacts/bin/microsoft.aspnetcore.components.tests/debug/net10.0/microsoft.aspnetcore.components.tests.dll" id="dcdacbfb-ca47-8269-e07b-d584187f97f6">
      <Execution id="97eb29ff-e5ca-40ed-9269-b55294e22c01" />
      <TestMethod codeBase="/home/runner/work/aspnetcore/aspnetcore/artifacts/bin/Microsoft.AspNetCore.Components.Tests/Debug/net10.0/Microsoft.AspNetCore.Components.Tests.dll" adapterTypeName="executor://xunit/VsTestRunner3/netcore/" className="Microsoft.AspNetCore.Components.Rendering.RenderTreeBuilderTest" name="UnclosedElementsHaveNoSubtreeLength" />
    </UnitTest>
    <UnitTest name="Microsoft.AspNetCore.Components.Rendering.RendererSynchronizationContextTest.Send_CapturesContext" storage="/home/runner/work/aspnetcore/aspnetcore/artifacts/bin/microsoft.aspnetcore.components.tests/debug/net10.0/microsoft.aspnetcore.components.tests.dll" id="7eb1f97f-5526-479e-4893-8915c761e4d5">
      <Execution id="a667ff65-5ead-44ac-ba9b-fbe054ad0994" />
      <TestMethod codeBase="/home/runner/work/aspnetcore/aspnetcore/artifacts/bin/Microsoft.AspNetCore.Components.Tests/Debug/net10.0/Microsoft.AspNetCore.Components.Tests.dll" adapterTypeName="executor://xunit/VsTestRunner3/netcore/" className="Microsoft.AspNetCore.Components.Rendering.RendererSynchronizationContextTest" name="Send_CapturesContext" />
    </UnitTest>
    <UnitTest name="Microsoft.AspNetCore.Components.Routing.RoutePatternParserTests.Parse_MultipleOptionalParameters" storage="/home/runner/work/aspnetcore/aspnetcore/artifacts/bin/microsoft.aspnetcore.components.tests/debug/net10.0/microsoft.aspnetcore.components.tests.dll" id="5ac978f3-6caf-0d7e-a362-f33d3c6fcb75">
      <Execution id="aa7c6dc2-d292-483e-97db-b877e4e5dd38" />
      <TestMethod codeBase="/home/runner/work/aspnetcore/aspnetcore/artifacts/bin/Microsoft.AspNetCore.Components.Tests/Debug/net10.0/Microsoft.AspNetCore.Components.Tests.dll" adapterTypeName="executor://xunit/VsTestRunner3/netcore/" className="Microsoft.AspNetCore.Components.Routing.RoutePatternParserTests" name="Parse_MultipleOptionalParameters" />
    </UnitTest>
    <UnitTest name="Microsoft.AspNetCore.Components.EventCallbackFactoryTest.Create_Action_Unbound" storage="/home/runner/work/aspnetcore/aspnetcore/artifacts/bin/microsoft.aspnetcore.components.tests/debug/net10.0/microsoft.aspnetcore.components.tests.dll" id="6f388a62-ea37-d152-9b19-2d0b2de051dc">
      <Execution id="f112fe9c-abb6-4083-a339-01a2552c366f" />
      <TestMethod codeBase="/home/runner/work/aspnetcore/aspnetcore/artifacts/bin/Microsoft.AspNetCore.Components.Tests/Debug/net10.0/Microsoft.AspNetCore.Components.Tests.dll" adapterTypeName="executor://xunit/VsTestRunner3/netcore/" className="Microsoft.AspNetCore.Components.EventCallbackFactoryTest" name="Create_Action_Unbound" />
    </UnitTest>
    <UnitTest name="Microsoft.AspNetCore.Components.NavigationManagerTest.GetUriWithQueryParameters_CanAddUpdateAndRemove(baseUri: &quot;scheme://host/?name=Bob%20Joe&amp;age=42&amp;keepme=true&quot;, expectedUri: &quot;scheme://host/?age=25&amp;keepme=true&amp;eye%20color=gree&quot;···)" storage="/home/runner/work/aspnetcore/aspnetcore/artifacts/bin/microsoft.aspnetcore.components.tests/debug/net10.0/microsoft.aspnetcore.components.tests.dll" id="59d801d5-0795-e645-9e32-80a7c6115651">
      <Execution id="12578861-c779-44b9-8744-f93b1b0842b4" />
      <TestMethod codeBase="/home/runner/work/aspnetcore/aspnetcore/artifacts/bin/Microsoft.AspNetCore.Components.Tests/Debug/net10.0/Microsoft.AspNetCore.Components.Tests.dll" adapterTypeName="executor://xunit/VsTestRunner3/netcore/" className="Microsoft.AspNetCore.Components.NavigationManagerTest" name="GetUriWithQueryParameters_CanAddUpdateAndRemove" />
    </UnitTest>
    <UnitTest name="Microsoft.AspNetCore.Components.Test.RendererTest.CallsAfterRenderAfterTheUIHasFinishedUpdatingAsynchronously" storage="/home/runner/work/aspnetcore/aspnetcore/artifacts/bin/microsoft.aspnetcore.components.tests/debug/net10.0/microsoft.aspnetcore.components.tests.dll" id="ee7a6465-468b-1371-f40e-94774f069558">
      <Execution id="7a57b797-fd2c-435f-a100-cabc71a81f33" />
      <TestMethod codeBase="/home/runner/work/aspnetcore/aspnetcore/artifacts/bin/Microsoft.AspNetCore.Components.Tests/Debug/net10.0/Microsoft.AspNetCore.Components.Tests.dll" adapterTypeName="executor://xunit/VsTestRunner3/netcore/" className="Microsoft.AspNetCore.Components.Test.RendererTest" name="CallsAfterRenderAfterTheUIHasFinishedUpdatingAsynchronously" />
    </UnitTest>
    <UnitTest name="Microsoft.AspNetCore.Components.EventCallbackFactoryTest.CreateT_FuncTask_AlreadyBoundToReceiver" storage="/home/runner/work/aspnetcore/aspnetcore/artifacts/bin/microsoft.aspnetcore.components.tests/debug/net10.0/microsoft.aspnetcore.components.tests.dll" id="6eb5bf9b-9651-6d1d-3a82-885bce2195f2">
      <Execution id="a4d434c0-878c-4038-8531-9d83932cd9db" />
      <TestMethod codeBase="/home/runner/work/aspnetcore/aspnetcore/artifacts/bin/Microsoft.AspNetCore.Components.Tests/Debug/net10.0/Microsoft.AspNetCore.Components.Tests.dll" adapterTypeName="executor://xunit/VsTestRunner3/netcore/" className="Microsoft.AspNetCore.Components.EventCallbackFactoryTest" name="CreateT_FuncTask_AlreadyBoundToReceiver" />
    </UnitTest>
    <UnitTest name="Microsoft.AspNetCore.Components.Routing.RouteTableFactoryTests.ThrowsForAmbiguousRoutes(first: &quot;{parameter}&quot;, second: &quot;{parameter?}&quot;)" storage="/home/runner/work/aspnetcore/aspnetcore/artifacts/bin/microsoft.aspnetcore.components.tests/debug/net10.0/microsoft.aspnetcore.components.tests.dll" id="6dfabc01-8554-4ccb-feac-c4dd52956441">
      <Execution id="698cf237-6778-4177-ab4f-691980f3fcca" />
      <TestMethod codeBase="/home/runner/work/aspnetcore/aspnetcore/artifacts/bin/Microsoft.AspNetCore.Components.Tests/Debug/net10.0/Microsoft.AspNetCore.Components.Tests.dll" adapterTypeName="executor://xunit/VsTestRunner3/netcore/" className="Microsoft.AspNetCore.Components.Routing.RouteTableFactoryTests" name="ThrowsForAmbiguousRoutes" />
    </UnitTest>
    <UnitTest name="Microsoft.AspNetCore.Components.Routing.RouteTableFactoryTests.DoesNotMatchIfConstraintDoesNotMatch(template: &quot;/{value:float}&quot;, contextUrl: &quot;/0.1.2&quot;)" storage="/home/runner/work/aspnetcore/aspnetcore/artifacts/bin/microsoft.aspnetcore.components.tests/debug/net10.0/microsoft.aspnetcore.components.tests.dll" id="87aee4de-60af-df63-f6e2-483edabc57aa">
      <Execution id="d48ea9b0-a9e7-4d67-920b-53e3604acf5d" />
      <TestMethod codeBase="/home/runner/work/aspnetcore/aspnetcore/artifacts/bin/Microsoft.AspNetCore.Components.Tests/Debug/net10.0/Microsoft.AspNetCore.Components.Tests.dll" adapterTypeName="executor://xunit/VsTestRunner3/netcore/" className="Microsoft.AspNetCore.Components.Routing.RouteTableFactoryTests" name="DoesNotMatchIfConstraintDoesNotMatch" />
    </UnitTest>
    <UnitTest name="Microsoft.AspNetCore.Components.Routing.QueryParameterValueSupplierTest.RejectsUnparseableValues(key: &quot;FloatVal&quot;, value: &quot;1e1000&quot;, targetType: typeof(float))" storage="/home/runner/work/aspnetcore/aspnetcore/artifacts/bin/microsoft.aspnetcore.components.tests/debug/net10.0/microsoft.aspnetcore.components.tests.dll" id="924b97b4-012e-51a4-5c98-ecd0816a4f62">
      <Execution id="2cc4d61a-afec-47b2-8cd0-7640c901ca78" />
      <TestMethod codeBase="/home/runner/work/aspnetcore/aspnetcore/artifacts/bin/Microsoft.AspNetCore.Components.Tests/Debug/net10.0/Microsoft.AspNetCore.Components.Tests.dll" adapterTypeName="executor://xunit/VsTestRunner3/netcore/" className="Microsoft.AspNetCore.Components.Routing.QueryParameterValueSupplierTest" name="RejectsUnparseableValues" />
    </UnitTest>
    <UnitTest name="Microsoft.AspNetCore.Components.BindConverterTest.FormatValue_Bool" storage="/home/runner/work/aspnetcore/aspnetcore/artifacts/bin/microsoft.aspnetcore.components.tests/debug/net10.0/microsoft.aspnetcore.components.tests.dll" id="0bbf1396-b361-3879-3d26-d14ab5966a80">
      <Execution id="24fea506-aed6-453c-82e2-3fc6c23676d1" />
      <TestMethod codeBase="/home/runner/work/aspnetcore/aspnetcore/artifacts/bin/Microsoft.AspNetCore.Components.Tests/Debug/net10.0/Microsoft.AspNetCore.Components.Tests.dll" adapterTypeName="executor://xunit/VsTestRunner3/netcore/" className="Microsoft.AspNetCore.Components.BindConverterTest" name="FormatValue_Bool" />
    </UnitTest>
    <UnitTest name="Microsoft.AspNetCore.Components.ComponentApplicationStateTest.InitializeExistingState_SetupsState" storage="/home/runner/work/aspnetcore/aspnetcore/artifacts/bin/microsoft.aspnetcore.components.tests/debug/net10.0/microsoft.aspnetcore.components.tests.dll" id="41ab5ca1-d34d-635f-80e1-4bdec291c5b4">
      <Execution id="d66c1886-3b39-40c7-860c-d0648619c66c" />
      <TestMethod codeBase="/home/runner/work/aspnetcore/aspnetcore/artifacts/bin/Microsoft.AspNetCore.Components.Tests/Debug/net10.0/Microsoft.AspNetCore.Components.Tests.dll" adapterTypeName="executor://xunit/VsTestRunner3/netcore/" className="Microsoft.AspNetCore.Components.ComponentApplicationStateTest" name="InitializeExistingState_SetupsState" />
    </UnitTest>
    <UnitTest name="Microsoft.AspNetCore.Components.ParameterViewTest.IncomingNonCascadingValueMatchesParameterThatIsBothCascadingAndNonCascading_Throws" storage="/home/runner/work/aspnetcore/aspnetcore/artifacts/bin/microsoft.aspnetcore.components.tests/debug/net10.0/microsoft.aspnetcore.components.tests.dll" id="12848722-5022-72a1-02cb-e7303451a096">
      <Execution id="d08e9efb-0e1f-4a77-81d0-f88284246e3c" />
      <TestMethod codeBase="/home/runner/work/aspnetcore/aspnetcore/artifacts/bin/Microsoft.AspNetCore.Components.Tests/Debug/net10.0/Microsoft.AspNetCore.Components.Tests.dll" adapterTypeName="executor://xunit/VsTestRunner3/netcore/" className="Microsoft.AspNetCore.Components.ParameterViewTest" name="IncomingNonCascadingValueMatchesParameterThatIsBothCascadingAndNonCascading_Throws" />
    </UnitTest>
    <UnitTest name="Microsoft.AspNetCore.Components.Rendering.RenderTreeBuilderTest.AddAttribute_Element_EventCallbackOfT_Default_DoesNotAddFrame" storage="/home/runner/work/aspnetcore/aspnetcore/artifacts/bin/microsoft.aspnetcore.components.tests/debug/net10.0/microsoft.aspnetcore.components.tests.dll" id="12e548d2-14a5-3439-dd11-0471d30fc9c8">
      <Execution id="51c1cfed-8f53-4e40-81b7-5ac214b98b86" />
      <TestMethod codeBase="/home/runner/work/aspnetcore/aspnetcore/artifacts/bin/Microsoft.AspNetCore.Components.Tests/Debug/net10.0/Microsoft.AspNetCore.Components.Tests.dll" adapterTypeName="executor://xunit/VsTestRunner3/netcore/" className="Microsoft.AspNetCore.Components.Rendering.RenderTreeBuilderTest" name="AddAttribute_Element_EventCallbackOfT_Default_DoesNotAddFrame" />
    </UnitTest>
    <UnitTest name="Microsoft.AspNetCore.Components.Test.DependencyInjectionTest.SetsPrivateInheritedInjectableProperties" storage="/home/runner/work/aspnetcore/aspnetcore/artifacts/bin/microsoft.aspnetcore.components.tests/debug/net10.0/microsoft.aspnetcore.components.tests.dll" id="dee3657e-3cef-cc92-0d4f-81b1ad10d57b">
      <Execution id="11b26037-709d-4574-9b64-cf3df5c14691" />
      <TestMethod codeBase="/home/runner/work/aspnetcore/aspnetcore/artifacts/bin/Microsoft.AspNetCore.Components.Tests/Debug/net10.0/Microsoft.AspNetCore.Components.Tests.dll" adapterTypeName="executor://xunit/VsTestRunner3/netcore/" className="Microsoft.AspNetCore.Components.Test.DependencyInjectionTest" name="SetsPrivateInheritedInjectableProperties" />
    </UnitTest>
    <UnitTest name="Microsoft.AspNetCore.Components.Routing.QueryParameterValueSupplierTest.RejectsUnparseableArrayEntries(key: &quot;NullableDecimalVals&quot;, validValue: &quot;1.23&quot;, invalidValue: &quot;1.2.3&quot;, targetType: typeof(decimal?))" storage="/home/runner/work/aspnetcore/aspnetcore/artifacts/bin/microsoft.aspnetcore.components.tests/debug/net10.0/microsoft.aspnetcore.components.tests.dll" id="50874e2c-fd97-904a-d5b1-82b9239ca804">
      <Execution id="5288192d-e58e-425d-9790-6a0e674cdb13" />
      <TestMethod codeBase="/home/runner/work/aspnetcore/aspnetcore/artifacts/bin/Microsoft.AspNetCore.Components.Tests/Debug/net10.0/Microsoft.AspNetCore.Components.Tests.dll" adapterTypeName="executor://xunit/VsTestRunner3/netcore/" className="Microsoft.AspNetCore.Components.Routing.QueryParameterValueSupplierTest" name="RejectsUnparseableArrayEntries" />
    </UnitTest>
    <UnitTest name="Microsoft.AspNetCore.Components.ParameterViewTest.SettingCaptureUnmatchedValuesParameterExplicitlyWorks" storage="/home/runner/work/aspnetcore/aspnetcore/artifacts/bin/microsoft.aspnetcore.components.tests/debug/net10.0/microsoft.aspnetcore.components.tests.dll" id="7a5c5fca-2850-ba37-238f-51475a3a9734">
      <Execution id="50232fd6-d375-4e7d-98b8-7bb6ae7ecab0" />
      <TestMethod codeBase="/home/runner/work/aspnetcore/aspnetcore/artifacts/bin/Microsoft.AspNetCore.Components.Tests/Debug/net10.0/Microsoft.AspNetCore.Components.Tests.dll" adapterTypeName="executor://xunit/VsTestRunner3/netcore/" className="Microsoft.AspNetCore.Components.ParameterViewTest" name="SettingCaptureUnmatchedValuesParameterExplicitlyWorks" />
    </UnitTest>
    <UnitTest name="Microsoft.AspNetCore.Components.Routing.RoutePatternParserTests.Parse_MultipleLiterals" storage="/home/runner/work/aspnetcore/aspnetcore/artifacts/bin/microsoft.aspnetcore.components.tests/debug/net10.0/microsoft.aspnetcore.components.tests.dll" id="e07c5cba-d6df-bd00-c179-205a1a08fcd7">
      <Execution id="67ada3e1-25c1-45f1-a7ff-9d380f6b5034" />
      <TestMethod codeBase="/home/runner/work/aspnetcore/aspnetcore/artifacts/bin/Microsoft.AspNetCore.Components.Tests/Debug/net10.0/Microsoft.AspNetCore.Components.Tests.dll" adapterTypeName="executor://xunit/VsTestRunner3/netcore/" className="Microsoft.AspNetCore.Components.Routing.RoutePatternParserTests" name="Parse_MultipleLiterals" />
    </UnitTest>
    <UnitTest name="Microsoft.AspNetCore.Components.Routing.RouteTableFactoryTests.OptionalParameterPlusCatchAllRoute(template: &quot;prefix/{parameter?}/{*catchAll}&quot;, path: &quot;/prefix/&quot;, parameterValue: null, catchAllValue: null)" storage="/home/runner/work/aspnetcore/aspnetcore/artifacts/bin/microsoft.aspnetcore.components.tests/debug/net10.0/microsoft.aspnetcore.components.tests.dll" id="09bc19cc-a6c7-1d3e-9533-163f4c777c4e">
      <Execution id="433bf45d-ef0a-4dc2-b181-c131b1c951fc" />
      <TestMethod codeBase="/home/runner/work/aspnetcore/aspnetcore/artifacts/bin/Microsoft.AspNetCore.Components.Tests/Debug/net10.0/Microsoft.AspNetCore.Components.Tests.dll" adapterTypeName="executor://xunit/VsTestRunner3/netcore/" className="Microsoft.AspNetCore.Components.Routing.RouteTableFactoryTests" name="OptionalParameterPlusCatchAllRoute" />
    </UnitTest>
    <UnitTest name="Microsoft.AspNetCore.Components.NavigationManagerTest.GetUriWithQueryParameters_SupportsEnumerableValues(baseUri: &quot;scheme://host/?full%20name=Bob%20Joe&amp;ping=8&amp;ping=3&quot;···, expectedUri: &quot;scheme://host/?full%20name=John%20Doe&amp;ping=35&amp;ping&quot;···)" storage="/home/runner/work/aspnetcore/aspnetcore/artifacts/bin/microsoft.aspnetcore.components.tests/debug/net10.0/microsoft.aspnetcore.components.tests.dll" id="78758eba-eae5-42cc-60c9-e7329bb692cd">
      <Execution id="c324bc44-6e81-4620-9514-d79e1bdea011" />
      <TestMethod codeBase="/home/runner/work/aspnetcore/aspnetcore/artifacts/bin/Microsoft.AspNetCore.Components.Tests/Debug/net10.0/Microsoft.AspNetCore.Components.Tests.dll" adapterTypeName="executor://xunit/VsTestRunner3/netcore/" className="Microsoft.AspNetCore.Components.NavigationManagerTest" name="GetUriWithQueryParameters_SupportsEnumerableValues" />
    </UnitTest>
    <UnitTest name="Microsoft.AspNetCore.Components.Test.LayoutViewTest.RendersContentInsideLayout" storage="/home/runner/work/aspnetcore/aspnetcore/artifacts/bin/microsoft.aspnetcore.components.tests/debug/net10.0/microsoft.aspnetcore.components.tests.dll" id="d76112f0-37cb-1ff2-48b0-6ab9a848ef7a">
      <Execution id="4d6a9520-4e14-4aee-9554-0366d1d141f2" />
      <TestMethod codeBase="/home/runner/work/aspnetcore/aspnetcore/artifacts/bin/Microsoft.AspNetCore.Components.Tests/Debug/net10.0/Microsoft.AspNetCore.Components.Tests.dll" adapterTypeName="executor://xunit/VsTestRunner3/netcore/" className="Microsoft.AspNetCore.Components.Test.LayoutViewTest" name="RendersContentInsideLayout" />
    </UnitTest>
    <UnitTest name="Microsoft.AspNetCore.Components.EventCallbackFactoryTest.CreateT_ActionT_Unbound" storage="/home/runner/work/aspnetcore/aspnetcore/artifacts/bin/microsoft.aspnetcore.components.tests/debug/net10.0/microsoft.aspnetcore.components.tests.dll" id="00c56986-8112-361d-d786-53486ce4373f">
      <Execution id="e6c11efe-7780-49fa-a678-59190b7a0697" />
      <TestMethod codeBase="/home/runner/work/aspnetcore/aspnetcore/artifacts/bin/Microsoft.AspNetCore.Components.Tests/Debug/net10.0/Microsoft.AspNetCore.Components.Tests.dll" adapterTypeName="executor://xunit/VsTestRunner3/netcore/" className="Microsoft.AspNetCore.Components.EventCallbackFactoryTest" name="CreateT_ActionT_Unbound" />
    </UnitTest>
    <UnitTest name="Microsoft.AspNetCore.Components.Routing.RoutePatternParserTests.InvalidTemplate_CatchAllParamWithIncorrectPlacedAsterisks(template: &quot;/test/{a}/{***b}&quot;, lastParameter: &quot;*b&quot;)" storage="/home/runner/work/aspnetcore/aspnetcore/artifacts/bin/microsoft.aspnetcore.components.tests/debug/net10.0/microsoft.aspnetcore.components.tests.dll" id="935978cb-3997-3ead-a1bf-63d5358efa0b">
      <Execution id="67869172-1540-48c9-bd3d-67bf27e86e52" />
      <TestMethod codeBase="/home/runner/work/aspnetcore/aspnetcore/artifacts/bin/Microsoft.AspNetCore.Components.Tests/Debug/net10.0/Microsoft.AspNetCore.Components.Tests.dll" adapterTypeName="executor://xunit/VsTestRunner3/netcore/" className="Microsoft.AspNetCore.Components.Routing.RoutePatternParserTests" name="InvalidTemplate_CatchAllParamWithIncorrectPlacedAsterisks" />
    </UnitTest>
    <UnitTest name="Microsoft.AspNetCore.Components.Test.RendererTest.CanceledTasksInHandleAfterRender_AreIgnored" storage="/home/runner/work/aspnetcore/aspnetcore/artifacts/bin/microsoft.aspnetcore.components.tests/debug/net10.0/microsoft.aspnetcore.components.tests.dll" id="c429a811-ada0-279b-f942-ed2dc5748843">
      <Execution id="cf12d8c4-2ce1-4b70-886b-1f1eda3a53ab" />
      <TestMethod codeBase="/home/runner/work/aspnetcore/aspnetcore/artifacts/bin/Microsoft.AspNetCore.Components.Tests/Debug/net10.0/Microsoft.AspNetCore.Components.Tests.dll" adapterTypeName="executor://xunit/VsTestRunner3/netcore/" className="Microsoft.AspNetCore.Components.Test.RendererTest" name="CanceledTasksInHandleAfterRender_AreIgnored" />
    </UnitTest>
    <UnitTest name="Microsoft.AspNetCore.Components.NavigationManagerTest.GetUriWithQueryParameter_RemovesWhenParameterValueIsNull(baseUri: &quot;scheme://host/?full%20name=Bob%20Joe&amp;age=42&quot;, expectedUri: &quot;scheme://host/?age=42&quot;)" storage="/home/runner/work/aspnetcore/aspnetcore/artifacts/bin/microsoft.aspnetcore.components.tests/debug/net10.0/microsoft.aspnetcore.components.tests.dll" id="a8a5bee3-2e70-6feb-a0c7-be8576864121">
      <Execution id="db5506cd-de36-44d3-bf42-7f2d750a30c0" />
      <TestMethod codeBase="/home/runner/work/aspnetcore/aspnetcore/artifacts/bin/Microsoft.AspNetCore.Components.Tests/Debug/net10.0/Microsoft.AspNetCore.Components.Tests.dll" adapterTypeName="executor://xunit/VsTestRunner3/netcore/" className="Microsoft.AspNetCore.Components.NavigationManagerTest" name="GetUriWithQueryParameter_RemovesWhenParameterValueIsNull" />
    </UnitTest>
    <UnitTest name="Microsoft.AspNetCore.Components.NavigationManagerTest.GetUriWithQueryParameter_ThrowsWhenNameIsNullOrEmpty(name: &quot;&quot;)" storage="/home/runner/work/aspnetcore/aspnetcore/artifacts/bin/microsoft.aspnetcore.components.tests/debug/net10.0/microsoft.aspnetcore.components.tests.dll" id="4917cd25-e71b-1938-7d12-0763a170235e">
      <Execution id="5e247b72-fb3c-4662-8645-2a78a3fbe474" />
      <TestMethod codeBase="/home/runner/work/aspnetcore/aspnetcore/artifacts/bin/Microsoft.AspNetCore.Components.Tests/Debug/net10.0/Microsoft.AspNetCore.Components.Tests.dll" adapterTypeName="executor://xunit/VsTestRunner3/netcore/" className="Microsoft.AspNetCore.Components.NavigationManagerTest" name="GetUriWithQueryParameter_ThrowsWhenNameIsNullOrEmpty" />
    </UnitTest>
    <UnitTest name="Microsoft.AspNetCore.Components.DynamicComponentTest.RequiresTypeParameter" storage="/home/runner/work/aspnetcore/aspnetcore/artifacts/bin/microsoft.aspnetcore.components.tests/debug/net10.0/microsoft.aspnetcore.components.tests.dll" id="2c565792-9454-6858-6b8f-ed0b4fe92c7f">
      <Execution id="b0a4789e-f89c-462f-b268-ee42512f54cd" />
      <TestMethod codeBase="/home/runner/work/aspnetcore/aspnetcore/artifacts/bin/Microsoft.AspNetCore.Components.Tests/Debug/net10.0/Microsoft.AspNetCore.Components.Tests.dll" adapterTypeName="executor://xunit/VsTestRunner3/netcore/" className="Microsoft.AspNetCore.Components.DynamicComponentTest" name="RequiresTypeParameter" />
    </UnitTest>
    <UnitTest name="Microsoft.AspNetCore.Components.ParameterViewTest.HasRemovedDirectParameters_ParameterReplaced" storage="/home/runner/work/aspnetcore/aspnetcore/artifacts/bin/microsoft.aspnetcore.components.tests/debug/net10.0/microsoft.aspnetcore.components.tests.dll" id="cd2125a8-dd28-e8ad-cef1-fab6282540fa">
      <Execution id="386f6d4f-5519-40e3-90e6-45bc4f564fb7" />
      <TestMethod codeBase="/home/runner/work/aspnetcore/aspnetcore/artifacts/bin/Microsoft.AspNetCore.Components.Tests/Debug/net10.0/Microsoft.AspNetCore.Components.Tests.dll" adapterTypeName="executor://xunit/VsTestRunner3/netcore/" className="Microsoft.AspNetCore.Components.ParameterViewTest" name="HasRemovedDirectParameters_ParameterReplaced" />
    </UnitTest>
    <UnitTest name="Microsoft.AspNetCore.Components.NavigationManagerTest.LocationChangingHandlers_CanContinueTheNavigationSynchronously_WhenOneHandlerIsRegistered" storage="/home/runner/work/aspnetcore/aspnetcore/artifacts/bin/microsoft.aspnetcore.components.tests/debug/net10.0/microsoft.aspnetcore.components.tests.dll" id="4d556cfe-854e-c787-4581-c33346532a5d">
      <Execution id="25c62c9e-1518-47b2-82dc-deb426a61595" />
      <TestMethod codeBase="/home/runner/work/aspnetcore/aspnetcore/artifacts/bin/Microsoft.AspNetCore.Components.Tests/Debug/net10.0/Microsoft.AspNetCore.Components.Tests.dll" adapterTypeName="executor://xunit/VsTestRunner3/netcore/" className="Microsoft.AspNetCore.Components.NavigationManagerTest" name="LocationChangingHandlers_CanContinueTheNavigationSynchronously_WhenOneHandlerIsRegistered" />
    </UnitTest>
    <UnitTest name="Microsoft.AspNetCore.Components.Test.RendererTest.DisposesEventHandlersWhenAttributeRemoved" storage="/home/runner/work/aspnetcore/aspnetcore/artifacts/bin/microsoft.aspnetcore.components.tests/debug/net10.0/microsoft.aspnetcore.components.tests.dll" id="ce19970c-89c6-247b-5f9d-7ca92d5da0a2">
      <Execution id="655be57a-3667-4bc3-a37a-1245d5fe8b2e" />
      <TestMethod codeBase="/home/runner/work/aspnetcore/aspnetcore/artifacts/bin/Microsoft.AspNetCore.Components.Tests/Debug/net10.0/Microsoft.AspNetCore.Components.Tests.dll" adapterTypeName="executor://xunit/VsTestRunner3/netcore/" className="Microsoft.AspNetCore.Components.Test.RendererTest" name="DisposesEventHandlersWhenAttributeRemoved" />
    </UnitTest>
    <UnitTest name="Microsoft.AspNetCore.Components.EventCallbackFactoryTest.CreateT_FuncTTask_DifferentReceiver" storage="/home/runner/work/aspnetcore/aspnetcore/artifacts/bin/microsoft.aspnetcore.components.tests/debug/net10.0/microsoft.aspnetcore.components.tests.dll" id="dee5be13-8574-2848-e367-924fc939b9d3">
      <Execution id="469c51dc-9a73-4af6-a666-5024119eea0c" />
      <TestMethod codeBase="/home/runner/work/aspnetcore/aspnetcore/artifacts/bin/Microsoft.AspNetCore.Components.Tests/Debug/net10.0/Microsoft.AspNetCore.Components.Tests.dll" adapterTypeName="executor://xunit/VsTestRunner3/netcore/" className="Microsoft.AspNetCore.Components.EventCallbackFactoryTest" name="CreateT_FuncTTask_DifferentReceiver" />
    </UnitTest>
    <UnitTest name="Microsoft.AspNetCore.Components.Routing.RouteKeyTest.RouteKey_WithNoAdditionalAssemblies_Equality" storage="/home/runner/work/aspnetcore/aspnetcore/artifacts/bin/microsoft.aspnetcore.components.tests/debug/net10.0/microsoft.aspnetcore.components.tests.dll" id="c64a07fc-3501-ed10-ae92-cc0de02708b5">
      <Execution id="d9924b0f-21f7-4c22-bec2-ad1d61130b7d" />
      <TestMethod codeBase="/home/runner/work/aspnetcore/aspnetcore/artifacts/bin/Microsoft.AspNetCore.Components.Tests/Debug/net10.0/Microsoft.AspNetCore.Components.Tests.dll" adapterTypeName="executor://xunit/VsTestRunner3/netcore/" className="Microsoft.AspNetCore.Components.Routing.RouteKeyTest" name="RouteKey_WithNoAdditionalAssemblies_Equality" />
    </UnitTest>
    <UnitTest name="Microsoft.AspNetCore.Components.Test.RendererTest.ComponentCanTriggerRenderWhenExistingBatchIsInProgress" storage="/home/runner/work/aspnetcore/aspnetcore/artifacts/bin/microsoft.aspnetcore.components.tests/debug/net10.0/microsoft.aspnetcore.components.tests.dll" id="53de19b7-9b3d-7da9-5b03-41824c463aaa">
      <Execution id="eaa2411a-9d9d-4bbb-8b7d-2c9ab8e7befa" />
      <TestMethod codeBase="/home/runner/work/aspnetcore/aspnetcore/artifacts/bin/Microsoft.AspNetCore.Components.Tests/Debug/net10.0/Microsoft.AspNetCore.Components.Tests.dll" adapterTypeName="executor://xunit/VsTestRunner3/netcore/" className="Microsoft.AspNetCore.Components.Test.RendererTest" name="ComponentCanTriggerRenderWhenExistingBatchIsInProgress" />
    </UnitTest>
    <UnitTest name="Microsoft.AspNetCore.Components.Routing.RouteTableFactoryTests.ThrowsForOptionalParametersAndNonOptionalParameters" storage="/home/runner/work/aspnetcore/aspnetcore/artifacts/bin/microsoft.aspnetcore.components.tests/debug/net10.0/microsoft.aspnetcore.components.tests.dll" id="b336db5d-f6da-7cab-6086-6339920ab8dc">
      <Execution id="ba455a92-0d91-4cba-9cde-8173fa9d62aa" />
      <TestMethod codeBase="/home/runner/work/aspnetcore/aspnetcore/artifacts/bin/Microsoft.AspNetCore.Components.Tests/Debug/net10.0/Microsoft.AspNetCore.Components.Tests.dll" adapterTypeName="executor://xunit/VsTestRunner3/netcore/" className="Microsoft.AspNetCore.Components.Routing.RouteTableFactoryTests" name="ThrowsForOptionalParametersAndNonOptionalParameters" />
    </UnitTest>
    <UnitTest name="Microsoft.AspNetCore.Components.Rendering.RenderTreeBuilderTest.CannotAddComponentParameterToElement" storage="/home/runner/work/aspnetcore/aspnetcore/artifacts/bin/microsoft.aspnetcore.components.tests/debug/net10.0/microsoft.aspnetcore.components.tests.dll" id="f32a3c0c-5937-45b9-26d0-a8b8a9739e3b">
      <Execution id="84caa499-3d11-4853-b341-fefc10fc1789" />
      <TestMethod codeBase="/home/runner/work/aspnetcore/aspnetcore/artifacts/bin/Microsoft.AspNetCore.Components.Tests/Debug/net10.0/Microsoft.AspNetCore.Components.Tests.dll" adapterTypeName="executor://xunit/VsTestRunner3/netcore/" className="Microsoft.AspNetCore.Components.Rendering.RenderTreeBuilderTest" name="CannotAddComponentParameterToElement" />
    </UnitTest>
    <UnitTest name="Microsoft.AspNetCore.Components.Routing.RouteTableFactoryTests.DoesNotThrowForNonAmbiguousRoutes(first: &quot;literal/{optional?}&quot;, second: &quot;literal&quot;)" storage="/home/runner/work/aspnetcore/aspnetcore/artifacts/bin/microsoft.aspnetcore.components.tests/debug/net10.0/microsoft.aspnetcore.components.tests.dll" id="414507dc-3be0-3ccc-90b9-ff4da80f144d">
      <Execution id="02105ca1-89f6-47ab-b3e2-56c8151f05b1" />
      <TestMethod codeBase="/home/runner/work/aspnetcore/aspnetcore/artifacts/bin/Microsoft.AspNetCore.Components.Tests/Debug/net10.0/Microsoft.AspNetCore.Components.Tests.dll" adapterTypeName="executor://xunit/VsTestRunner3/netcore/" className="Microsoft.AspNetCore.Components.Routing.RouteTableFactoryTests" name="DoesNotThrowForNonAmbiguousRoutes" />
    </UnitTest>
    <UnitTest name="Microsoft.AspNetCore.Components.Test.RenderTreeDiffBuilderTest.RecognizesKeyedComponentInsertionsBeforeUnchangedNonKeyedComponent" storage="/home/runner/work/aspnetcore/aspnetcore/artifacts/bin/microsoft.aspnetcore.components.tests/debug/net10.0/microsoft.aspnetcore.components.tests.dll" id="1846f0e2-ad28-cf26-458d-b7afdec0a603">
      <Execution id="7a576f8f-8e7f-4593-9b0f-ca43918b019b" />
      <TestMethod codeBase="/home/runner/work/aspnetcore/aspnetcore/artifacts/bin/Microsoft.AspNetCore.Components.Tests/Debug/net10.0/Microsoft.AspNetCore.Components.Tests.dll" adapterTypeName="executor://xunit/VsTestRunner3/netcore/" className="Microsoft.AspNetCore.Components.Test.RenderTreeDiffBuilderTest" name="RecognizesKeyedComponentInsertionsBeforeUnchangedNonKeyedComponent" />
    </UnitTest>
    <UnitTest name="Microsoft.AspNetCore.Components.ResourceAssetCollectionTest.CanResolveFingerprintedResources" storage="/home/runner/work/aspnetcore/aspnetcore/artifacts/bin/microsoft.aspnetcore.components.tests/debug/net10.0/microsoft.aspnetcore.components.tests.dll" id="0738b170-60fd-6df7-dab2-bcc13677a20e">
      <Execution id="aa799674-9707-4d98-bbfa-da30289b4fec" />
      <TestMethod codeBase="/home/runner/work/aspnetcore/aspnetcore/artifacts/bin/Microsoft.AspNetCore.Components.Tests/Debug/net10.0/Microsoft.AspNetCore.Components.Tests.dll" adapterTypeName="executor://xunit/VsTestRunner3/netcore/" className="Microsoft.AspNetCore.Components.ResourceAssetCollectionTest" name="CanResolveFingerprintedResources" />
    </UnitTest>
    <UnitTest name="Microsoft.AspNetCore.Components.Routing.RouteTableFactoryTests.ThrowsWhenCatchAllIsNotTheLastSegment(template: &quot;prefix/{*catchall}/literal&quot;)" storage="/home/runner/work/aspnetcore/aspnetcore/artifacts/bin/microsoft.aspnetcore.components.tests/debug/net10.0/microsoft.aspnetcore.components.tests.dll" id="a32372ed-d0a8-5aa1-7910-a3a506cdc47e">
      <Execution id="181ac1db-4658-4a31-85b4-4b31b9a649aa" />
      <TestMethod codeBase="/home/runner/work/aspnetcore/aspnetcore/artifacts/bin/Microsoft.AspNetCore.Components.Tests/Debug/net10.0/Microsoft.AspNetCore.Components.Tests.dll" adapterTypeName="executor://xunit/VsTestRunner3/netcore/" className="Microsoft.AspNetCore.Components.Routing.RouteTableFactoryTests" name="ThrowsWhenCatchAllIsNotTheLastSegment" />
    </UnitTest>
    <UnitTest name="Microsoft.AspNetCore.Components.Test.RendererTest.ReRendersChildComponentWhenUnmatchedValuesChange" storage="/home/runner/work/aspnetcore/aspnetcore/artifacts/bin/microsoft.aspnetcore.components.tests/debug/net10.0/microsoft.aspnetcore.components.tests.dll" id="e10ea7c3-757f-6d51-f40f-4cc73bcc55f0">
      <Execution id="a94681b4-c19f-48ab-b6ef-3c59f9ae8f73" />
      <TestMethod codeBase="/home/runner/work/aspnetcore/aspnetcore/artifacts/bin/Microsoft.AspNetCore.Components.Tests/Debug/net10.0/Microsoft.AspNetCore.Components.Tests.dll" adapterTypeName="executor://xunit/VsTestRunner3/netcore/" className="Microsoft.AspNetCore.Components.Test.RendererTest" name="ReRendersChildComponentWhenUnmatchedValuesChange" />
    </UnitTest>
    <UnitTest name="Microsoft.AspNetCore.Components.RenderTree.ArrayBuilderTest.Append_FillBuffer" storage="/home/runner/work/aspnetcore/aspnetcore/artifacts/bin/microsoft.aspnetcore.components.tests/debug/net10.0/microsoft.aspnetcore.components.tests.dll" id="0ca21471-e267-80e4-d04f-8d936d7fe489">
      <Execution id="76265d0e-7662-4819-85be-ba6ad22a9adc" />
      <TestMethod codeBase="/home/runner/work/aspnetcore/aspnetcore/artifacts/bin/Microsoft.AspNetCore.Components.Tests/Debug/net10.0/Microsoft.AspNetCore.Components.Tests.dll" adapterTypeName="executor://xunit/VsTestRunner3/netcore/" className="Microsoft.AspNetCore.Components.RenderTree.ArrayBuilderTest" name="Append_FillBuffer" />
    </UnitTest>
    <UnitTest name="Microsoft.AspNetCore.Components.Routing.RouteTableFactoryTests.DoesNotCacheRouteTableForDifferentAssemblies" storage="/home/runner/work/aspnetcore/aspnetcore/artifacts/bin/microsoft.aspnetcore.components.tests/debug/net10.0/microsoft.aspnetcore.components.tests.dll" id="2d0f0ca9-5f3c-50cc-c88f-ee47fe286b84">
      <Execution id="01281c1d-55d5-41f0-ba0b-88fb9f5193b4" />
      <TestMethod codeBase="/home/runner/work/aspnetcore/aspnetcore/artifacts/bin/Microsoft.AspNetCore.Components.Tests/Debug/net10.0/Microsoft.AspNetCore.Components.Tests.dll" adapterTypeName="executor://xunit/VsTestRunner3/netcore/" className="Microsoft.AspNetCore.Components.Routing.RouteTableFactoryTests" name="DoesNotCacheRouteTableForDifferentAssemblies" />
    </UnitTest>
    <UnitTest name="Microsoft.AspNetCore.Components.CascadingParameterStateTest.FindCascadingParameters_CanOverrideNonNullValueWithNull" storage="/home/runner/work/aspnetcore/aspnetcore/artifacts/bin/microsoft.aspnetcore.components.tests/debug/net10.0/microsoft.aspnetcore.components.tests.dll" id="79fc2826-52f9-58ea-3898-5f27a103d06b">
      <Execution id="793835ae-adfa-48a1-b868-4cd604a43466" />
      <TestMethod codeBase="/home/runner/work/aspnetcore/aspnetcore/artifacts/bin/Microsoft.AspNetCore.Components.Tests/Debug/net10.0/Microsoft.AspNetCore.Components.Tests.dll" adapterTypeName="executor://xunit/VsTestRunner3/netcore/" className="Microsoft.AspNetCore.Components.CascadingParameterStateTest" name="FindCascadingParameters_CanOverrideNonNullValueWithNull" />
    </UnitTest>
    <UnitTest name="Microsoft.AspNetCore.Components.Routing.RouteTableFactoryTests.CorrectlyMatchesVariableLengthSegments(path: &quot;/literal/value&quot;, expectedValue: &quot;value&quot;, first: &quot;literal/{parameter?}&quot;, second: &quot;literal/{*parameter}&quot;, handler: typeof(Microsoft.AspNetCore.Components.Routing.RouteTableFactoryTests+TestHandler1))" storage="/home/runner/work/aspnetcore/aspnetcore/artifacts/bin/microsoft.aspnetcore.components.tests/debug/net10.0/microsoft.aspnetcore.components.tests.dll" id="52d0cf70-e123-cab3-7572-b4333267a111">
      <Execution id="0cc7ea21-7c90-46f4-9de9-e4a990506b4b" />
      <TestMethod codeBase="/home/runner/work/aspnetcore/aspnetcore/artifacts/bin/Microsoft.AspNetCore.Components.Tests/Debug/net10.0/Microsoft.AspNetCore.Components.Tests.dll" adapterTypeName="executor://xunit/VsTestRunner3/netcore/" className="Microsoft.AspNetCore.Components.Routing.RouteTableFactoryTests" name="CorrectlyMatchesVariableLengthSegments" />
    </UnitTest>
    <UnitTest name="Microsoft.AspNetCore.Components.Rendering.RenderTreeBuilderTest.CannotAddComponentParameterAtRoot" storage="/home/runner/work/aspnetcore/aspnetcore/artifacts/bin/microsoft.aspnetcore.components.tests/debug/net10.0/microsoft.aspnetcore.components.tests.dll" id="e7ea2e46-43cd-6a42-6f69-fdd4da8a8f09">
      <Execution id="fee01593-1042-47f0-a1db-97e4e8ea284f" />
      <TestMethod codeBase="/home/runner/work/aspnetcore/aspnetcore/artifacts/bin/Microsoft.AspNetCore.Components.Tests/Debug/net10.0/Microsoft.AspNetCore.Components.Tests.dll" adapterTypeName="executor://xunit/VsTestRunner3/netcore/" className="Microsoft.AspNetCore.Components.Rendering.RenderTreeBuilderTest" name="CannotAddComponentParameterAtRoot" />
    </UnitTest>
    <UnitTest name="Microsoft.AspNetCore.Components.Routing.RouteTableFactoryTests.CanMatchCatchAllParametersWithConstraints_NotMatchingRoute" storage="/home/runner/work/aspnetcore/aspnetcore/artifacts/bin/microsoft.aspnetcore.components.tests/debug/net10.0/microsoft.aspnetcore.components.tests.dll" id="c7ed20c4-55fa-6d9e-0bbb-de95715d635b">
      <Execution id="d4c0fbd0-99d2-4673-a12c-93356d010698" />
      <TestMethod codeBase="/home/runner/work/aspnetcore/aspnetcore/artifacts/bin/Microsoft.AspNetCore.Components.Tests/Debug/net10.0/Microsoft.AspNetCore.Components.Tests.dll" adapterTypeName="executor://xunit/VsTestRunner3/netcore/" className="Microsoft.AspNetCore.Components.Routing.RouteTableFactoryTests" name="CanMatchCatchAllParametersWithConstraints_NotMatchingRoute" />
    </UnitTest>
    <UnitTest name="Microsoft.AspNetCore.Components.ParameterViewTest.IncomingNonCascadingValueMatchesCascadingParameter_Throws" storage="/home/runner/work/aspnetcore/aspnetcore/artifacts/bin/microsoft.aspnetcore.components.tests/debug/net10.0/microsoft.aspnetcore.components.tests.dll" id="a81ed9ce-ff94-90b8-5f77-b50421c198af">
      <Execution id="4f9c215f-ebfe-4997-92b5-655ede17cfa3" />
      <TestMethod codeBase="/home/runner/work/aspnetcore/aspnetcore/artifacts/bin/Microsoft.AspNetCore.Components.Tests/Debug/net10.0/Microsoft.AspNetCore.Components.Tests.dll" adapterTypeName="executor://xunit/VsTestRunner3/netcore/" className="Microsoft.AspNetCore.Components.ParameterViewTest" name="IncomingNonCascadingValueMatchesCascadingParameter_Throws" />
    </UnitTest>
    <UnitTest name="Microsoft.AspNetCore.Components.Routing.RouteTableFactoryTests.DoesNotMatchIfConstraintDoesNotMatch(template: &quot;/{value:decimal}&quot;, contextUrl: &quot;/hello&quot;)" storage="/home/runner/work/aspnetcore/aspnetcore/artifacts/bin/microsoft.aspnetcore.components.tests/debug/net10.0/microsoft.aspnetcore.components.tests.dll" id="cf4f6490-f2bf-763e-2790-78b013980152">
      <Execution id="cd6441ba-d243-4b66-87f1-9420be46d298" />
      <TestMethod codeBase="/home/runner/work/aspnetcore/aspnetcore/artifacts/bin/Microsoft.AspNetCore.Components.Tests/Debug/net10.0/Microsoft.AspNetCore.Components.Tests.dll" adapterTypeName="executor://xunit/VsTestRunner3/netcore/" className="Microsoft.AspNetCore.Components.Routing.RouteTableFactoryTests" name="DoesNotMatchIfConstraintDoesNotMatch" />
    </UnitTest>
    <UnitTest name="Microsoft.AspNetCore.Components.ParameterViewTest.IncomingParameterMatchesInheritedDeclaredParameter_SetsValue" storage="/home/runner/work/aspnetcore/aspnetcore/artifacts/bin/microsoft.aspnetcore.components.tests/debug/net10.0/microsoft.aspnetcore.components.tests.dll" id="59bb740e-62bd-14a9-cba6-69f8641edd15">
      <Execution id="6e3e37cb-dee8-4b47-ba13-efdc635a8397" />
      <TestMethod codeBase="/home/runner/work/aspnetcore/aspnetcore/artifacts/bin/Microsoft.AspNetCore.Components.Tests/Debug/net10.0/Microsoft.AspNetCore.Components.Tests.dll" adapterTypeName="executor://xunit/VsTestRunner3/netcore/" className="Microsoft.AspNetCore.Components.ParameterViewTest" name="IncomingParameterMatchesInheritedDeclaredParameter_SetsValue" />
    </UnitTest>
    <UnitTest name="Microsoft.AspNetCore.Components.EventCallbackFactoryTest.Create_FuncTTask_AlreadyBoundToReceiver" storage="/home/runner/work/aspnetcore/aspnetcore/artifacts/bin/microsoft.aspnetcore.components.tests/debug/net10.0/microsoft.aspnetcore.components.tests.dll" id="a69b75f0-b266-97b1-d1d6-739d52dc643a">
      <Execution id="6a62c3f0-a187-4202-9635-391d1e9d56f4" />
      <TestMethod codeBase="/home/runner/work/aspnetcore/aspnetcore/artifacts/bin/Microsoft.AspNetCore.Components.Tests/Debug/net10.0/Microsoft.AspNetCore.Components.Tests.dll" adapterTypeName="executor://xunit/VsTestRunner3/netcore/" className="Microsoft.AspNetCore.Components.EventCallbackFactoryTest" name="Create_FuncTTask_AlreadyBoundToReceiver" />
    </UnitTest>
    <UnitTest name="Microsoft.AspNetCore.Components.EventCallbackTest.EventCallback_FuncTask_IgnoresArg" storage="/home/runner/work/aspnetcore/aspnetcore/artifacts/bin/microsoft.aspnetcore.components.tests/debug/net10.0/microsoft.aspnetcore.components.tests.dll" id="0f26f69b-7b4d-0553-8ed7-248b685fe2fb">
      <Execution id="7ff9591e-e762-40d8-a355-be795af21b44" />
      <TestMethod codeBase="/home/runner/work/aspnetcore/aspnetcore/artifacts/bin/Microsoft.AspNetCore.Components.Tests/Debug/net10.0/Microsoft.AspNetCore.Components.Tests.dll" adapterTypeName="executor://xunit/VsTestRunner3/netcore/" className="Microsoft.AspNetCore.Components.EventCallbackTest" name="EventCallback_FuncTask_IgnoresArg" />
    </UnitTest>
    <UnitTest name="Microsoft.AspNetCore.Components.ParameterViewTest.IncomingParameterMatchesAnnotatedPrivateProperty_SetsValue" storage="/home/runner/work/aspnetcore/aspnetcore/artifacts/bin/microsoft.aspnetcore.components.tests/debug/net10.0/microsoft.aspnetcore.components.tests.dll" id="4c1cf6ec-8f60-ec67-63a7-4e5375d7f9ea">
      <Execution id="79a0d74a-6892-40b5-937b-74a9af2d5167" />
      <TestMethod codeBase="/home/runner/work/aspnetcore/aspnetcore/artifacts/bin/Microsoft.AspNetCore.Components.Tests/Debug/net10.0/Microsoft.AspNetCore.Components.Tests.dll" adapterTypeName="executor://xunit/VsTestRunner3/netcore/" className="Microsoft.AspNetCore.Components.ParameterViewTest" name="IncomingParameterMatchesAnnotatedPrivateProperty_SetsValue" />
    </UnitTest>
    <UnitTest name="Microsoft.AspNetCore.Components.Test.RenderTreeDiffBuilderTest.AttributeDiff_WithSameSequenceNumber_AttributeRemovedAtEnd" storage="/home/runner/work/aspnetcore/aspnetcore/artifacts/bin/microsoft.aspnetcore.components.tests/debug/net10.0/microsoft.aspnetcore.components.tests.dll" id="703459f9-2e51-91e2-8f91-2086dd3c6666">
      <Execution id="2e716cb7-e51b-4e49-a0a5-8792f7ca4016" />
      <TestMethod codeBase="/home/runner/work/aspnetcore/aspnetcore/artifacts/bin/Microsoft.AspNetCore.Components.Tests/Debug/net10.0/Microsoft.AspNetCore.Components.Tests.dll" adapterTypeName="executor://xunit/VsTestRunner3/netcore/" className="Microsoft.AspNetCore.Components.Test.RenderTreeDiffBuilderTest" name="AttributeDiff_WithSameSequenceNumber_AttributeRemovedAtEnd" />
    </UnitTest>
    <UnitTest name="Microsoft.AspNetCore.Components.Test.RendererTest.ExceptionThrownFromConstructor" storage="/home/runner/work/aspnetcore/aspnetcore/artifacts/bin/microsoft.aspnetcore.components.tests/debug/net10.0/microsoft.aspnetcore.components.tests.dll" id="341ffe2c-5a65-beea-7a5e-0bcf886d5f61">
      <Execution id="2e994d0d-3e5b-4f8c-b128-af7df32ce800" />
      <TestMethod codeBase="/home/runner/work/aspnetcore/aspnetcore/artifacts/bin/Microsoft.AspNetCore.Components.Tests/Debug/net10.0/Microsoft.AspNetCore.Components.Tests.dll" adapterTypeName="executor://xunit/VsTestRunner3/netcore/" className="Microsoft.AspNetCore.Components.Test.RendererTest" name="ExceptionThrownFromConstructor" />
    </UnitTest>
    <UnitTest name="Microsoft.AspNetCore.Components.EventCallbackTest.EventCallbackOfT_ActionT_Arg" storage="/home/runner/work/aspnetcore/aspnetcore/artifacts/bin/microsoft.aspnetcore.components.tests/debug/net10.0/microsoft.aspnetcore.components.tests.dll" id="15174ecc-e8e7-9804-ed43-c550532b51d6">
      <Execution id="e312a0d6-7d3f-451f-8cac-156c20f3eb25" />
      <TestMethod codeBase="/home/runner/work/aspnetcore/aspnetcore/artifacts/bin/Microsoft.AspNetCore.Components.Tests/Debug/net10.0/Microsoft.AspNetCore.Components.Tests.dll" adapterTypeName="executor://xunit/VsTestRunner3/netcore/" className="Microsoft.AspNetCore.Components.EventCallbackTest" name="EventCallbackOfT_ActionT_Arg" />
    </UnitTest>
    <UnitTest name="Microsoft.AspNetCore.Components.Test.RendererTest.DisposingRenderer_CapturesAsyncExceptionsFromAllRegisteredAsyncDisposableComponents" storage="/home/runner/work/aspnetcore/aspnetcore/artifacts/bin/microsoft.aspnetcore.components.tests/debug/net10.0/microsoft.aspnetcore.components.tests.dll" id="f1b60189-ccc9-b1e7-ab08-7356b894ec44">
      <Execution id="7cd60c45-0173-43c2-9af4-c51cce141587" />
      <TestMethod codeBase="/home/runner/work/aspnetcore/aspnetcore/artifacts/bin/Microsoft.AspNetCore.Components.Tests/Debug/net10.0/Microsoft.AspNetCore.Components.Tests.dll" adapterTypeName="executor://xunit/VsTestRunner3/netcore/" className="Microsoft.AspNetCore.Components.Test.RendererTest" name="DisposingRenderer_CapturesAsyncExceptionsFromAllRegisteredAsyncDisposableComponents" />
    </UnitTest>
    <UnitTest name="Microsoft.AspNetCore.Components.EventCallbackFactoryTest.Create_ActionT_DifferentReceiver" storage="/home/runner/work/aspnetcore/aspnetcore/artifacts/bin/microsoft.aspnetcore.components.tests/debug/net10.0/microsoft.aspnetcore.components.tests.dll" id="4e74a8ed-032b-65ec-4aad-fdfafaa866e9">
      <Execution id="64b5affc-a98a-40f1-8be8-bd51e5f01d96" />
      <TestMethod codeBase="/home/runner/work/aspnetcore/aspnetcore/artifacts/bin/Microsoft.AspNetCore.Components.Tests/Debug/net10.0/Microsoft.AspNetCore.Components.Tests.dll" adapterTypeName="executor://xunit/VsTestRunner3/netcore/" className="Microsoft.AspNetCore.Components.EventCallbackFactoryTest" name="Create_ActionT_DifferentReceiver" />
    </UnitTest>
    <UnitTest name="Microsoft.AspNetCore.Components.Routing.RoutePatternParserTests.InvalidTemplate_ConsecutiveSeparatorsSlashSlashThrows" storage="/home/runner/work/aspnetcore/aspnetcore/artifacts/bin/microsoft.aspnetcore.components.tests/debug/net10.0/microsoft.aspnetcore.components.tests.dll" id="5b9b34c7-0016-78ae-c940-5b0874601740">
      <Execution id="3ae873fd-6c55-4f35-ba47-317146da1e7e" />
      <TestMethod codeBase="/home/runner/work/aspnetcore/aspnetcore/artifacts/bin/Microsoft.AspNetCore.Components.Tests/Debug/net10.0/Microsoft.AspNetCore.Components.Tests.dll" adapterTypeName="executor://xunit/VsTestRunner3/netcore/" className="Microsoft.AspNetCore.Components.Routing.RoutePatternParserTests" name="InvalidTemplate_ConsecutiveSeparatorsSlashSlashThrows" />
    </UnitTest>
    <UnitTest name="Microsoft.AspNetCore.Components.Routing.RoutePatternParserTests.InvalidTemplate_CatchAllParamNotLast" storage="/home/runner/work/aspnetcore/aspnetcore/artifacts/bin/microsoft.aspnetcore.components.tests/debug/net10.0/microsoft.aspnetcore.components.tests.dll" id="eeb97c06-e44b-ac06-8efc-e431edd8c15c">
      <Execution id="a1420f66-f607-44bd-9691-242347ca0a93" />
      <TestMethod codeBase="/home/runner/work/aspnetcore/aspnetcore/artifacts/bin/Microsoft.AspNetCore.Components.Tests/Debug/net10.0/Microsoft.AspNetCore.Components.Tests.dll" adapterTypeName="executor://xunit/VsTestRunner3/netcore/" className="Microsoft.AspNetCore.Components.Routing.RoutePatternParserTests" name="InvalidTemplate_CatchAllParamNotLast" />
    </UnitTest>
    <UnitTest name="Microsoft.AspNetCore.Components.Routing.QueryParameterValueSupplierTest.RejectsUnparseableValues(key: &quot;NullableLongVal&quot;, value: &quot;this+is+a+long+value&quot;, targetType: typeof(long?))" storage="/home/runner/work/aspnetcore/aspnetcore/artifacts/bin/microsoft.aspnetcore.components.tests/debug/net10.0/microsoft.aspnetcore.components.tests.dll" id="b592ff5b-117b-3d29-921a-e2c6bc20586c">
      <Execution id="c9562065-962c-48da-801b-85120b107f06" />
      <TestMethod codeBase="/home/runner/work/aspnetcore/aspnetcore/artifacts/bin/Microsoft.AspNetCore.Components.Tests/Debug/net10.0/Microsoft.AspNetCore.Components.Tests.dll" adapterTypeName="executor://xunit/VsTestRunner3/netcore/" className="Microsoft.AspNetCore.Components.Routing.QueryParameterValueSupplierTest" name="RejectsUnparseableValues" />
    </UnitTest>
    <UnitTest name="Microsoft.AspNetCore.Components.Routing.RouteTableFactoryTests.DoesNotMatchIfConstraintDoesNotMatch(template: &quot;/{value:bool}&quot;, contextUrl: &quot;/maybe&quot;)" storage="/home/runner/work/aspnetcore/aspnetcore/artifacts/bin/microsoft.aspnetcore.components.tests/debug/net10.0/microsoft.aspnetcore.components.tests.dll" id="624010cb-e67e-634e-33bd-676b208306b2">
      <Execution id="b41cfca5-9698-489a-8112-35304c8cd014" />
      <TestMethod codeBase="/home/runner/work/aspnetcore/aspnetcore/artifacts/bin/Microsoft.AspNetCore.Components.Tests/Debug/net10.0/Microsoft.AspNetCore.Components.Tests.dll" adapterTypeName="executor://xunit/VsTestRunner3/netcore/" className="Microsoft.AspNetCore.Components.Routing.RouteTableFactoryTests" name="DoesNotMatchIfConstraintDoesNotMatch" />
    </UnitTest>
    <UnitTest name="Microsoft.AspNetCore.Components.EventCallbackTest.EventCallback_FuncTask_Null" storage="/home/runner/work/aspnetcore/aspnetcore/artifacts/bin/microsoft.aspnetcore.components.tests/debug/net10.0/microsoft.aspnetcore.components.tests.dll" id="b086f1f6-864e-454e-bc1d-508c6a9d4e8e">
      <Execution id="2c56c2d8-266e-4791-b282-4a3a621956bc" />
      <TestMethod codeBase="/home/runner/work/aspnetcore/aspnetcore/artifacts/bin/Microsoft.AspNetCore.Components.Tests/Debug/net10.0/Microsoft.AspNetCore.Components.Tests.dll" adapterTypeName="executor://xunit/VsTestRunner3/netcore/" className="Microsoft.AspNetCore.Components.EventCallbackTest" name="EventCallback_FuncTask_Null" />
    </UnitTest>
    <UnitTest name="Microsoft.AspNetCore.Components.CascadingParameterStateTest.FindCascadingParameters_DisallowsSingleDeliveryWhenIsFixedIsFalse" storage="/home/runner/work/aspnetcore/aspnetcore/artifacts/bin/microsoft.aspnetcore.components.tests/debug/net10.0/microsoft.aspnetcore.components.tests.dll" id="3df8a494-eead-e839-5bee-82a9a6d124ae">
      <Execution id="5565ae51-c4e5-4b55-909e-5c343256ca13" />
      <TestMethod codeBase="/home/runner/work/aspnetcore/aspnetcore/artifacts/bin/Microsoft.AspNetCore.Components.Tests/Debug/net10.0/Microsoft.AspNetCore.Components.Tests.dll" adapterTypeName="executor://xunit/VsTestRunner3/netcore/" className="Microsoft.AspNetCore.Components.CascadingParameterStateTest" name="FindCascadingParameters_DisallowsSingleDeliveryWhenIsFixedIsFalse" />
    </UnitTest>
    <UnitTest name="Microsoft.AspNetCore.Components.ComponentsMetricsTest.CaptureParametersDuration_RecordsSuccessMetric" storage="/home/runner/work/aspnetcore/aspnetcore/artifacts/bin/microsoft.aspnetcore.components.tests/debug/net10.0/microsoft.aspnetcore.components.tests.dll" id="c994bb6f-14a8-65df-f119-9ace1596043b">
      <Execution id="e7c0b59d-5c95-4ca8-916e-1228a039e078" />
      <TestMethod codeBase="/home/runner/work/aspnetcore/aspnetcore/artifacts/bin/Microsoft.AspNetCore.Components.Tests/Debug/net10.0/Microsoft.AspNetCore.Components.Tests.dll" adapterTypeName="executor://xunit/VsTestRunner3/netcore/" className="Microsoft.AspNetCore.Components.ComponentsMetricsTest" name="CaptureParametersDuration_RecordsSuccessMetric" />
    </UnitTest>
    <UnitTest name="Microsoft.AspNetCore.Components.ParameterViewTest.HasRemovedDirectParameters_ParameterReplacedAndAdded" storage="/home/runner/work/aspnetcore/aspnetcore/artifacts/bin/microsoft.aspnetcore.components.tests/debug/net10.0/microsoft.aspnetcore.components.tests.dll" id="35ceb303-ff3d-80e6-3119-27b1e508a879">
      <Execution id="87191ff0-0c75-4178-b152-57ec03cec00b" />
      <TestMethod codeBase="/home/runner/work/aspnetcore/aspnetcore/artifacts/bin/Microsoft.AspNetCore.Components.Tests/Debug/net10.0/Microsoft.AspNetCore.Components.Tests.dll" adapterTypeName="executor://xunit/VsTestRunner3/netcore/" className="Microsoft.AspNetCore.Components.ParameterViewTest" name="HasRemovedDirectParameters_ParameterReplacedAndAdded" />
    </UnitTest>
    <UnitTest name="Microsoft.AspNetCore.Components.Rendering.RenderTreeBuilderTest.AddAttribute_Element_StringNull_IgnoresFrame" storage="/home/runner/work/aspnetcore/aspnetcore/artifacts/bin/microsoft.aspnetcore.components.tests/debug/net10.0/microsoft.aspnetcore.components.tests.dll" id="e2e25697-2304-4ccf-7dd2-dfd8a53841fd">
      <Execution id="b93d0cc1-80e4-47dc-a6f8-92042a97fe3d" />
      <TestMethod codeBase="/home/runner/work/aspnetcore/aspnetcore/artifacts/bin/Microsoft.AspNetCore.Components.Tests/Debug/net10.0/Microsoft.AspNetCore.Components.Tests.dll" adapterTypeName="executor://xunit/VsTestRunner3/netcore/" className="Microsoft.AspNetCore.Components.Rendering.RenderTreeBuilderTest" name="AddAttribute_Element_StringNull_IgnoresFrame" />
    </UnitTest>
    <UnitTest name="Microsoft.AspNetCore.Components.Rendering.RenderTreeBuilderTest.CanAddFragments" storage="/home/runner/work/aspnetcore/aspnetcore/artifacts/bin/microsoft.aspnetcore.components.tests/debug/net10.0/microsoft.aspnetcore.components.tests.dll" id="a5a68e33-c134-f61b-ad7a-9c316bb5c6f3">
      <Execution id="f82e4727-ced6-4a5e-ba68-7deb98026d74" />
      <TestMethod codeBase="/home/runner/work/aspnetcore/aspnetcore/artifacts/bin/Microsoft.AspNetCore.Components.Tests/Debug/net10.0/Microsoft.AspNetCore.Components.Tests.dll" adapterTypeName="executor://xunit/VsTestRunner3/netcore/" className="Microsoft.AspNetCore.Components.Rendering.RenderTreeBuilderTest" name="CanAddFragments" />
    </UnitTest>
    <UnitTest name="Microsoft.AspNetCore.Components.OwningComponentBaseTest.CreatesScopeAndService" storage="/home/runner/work/aspnetcore/aspnetcore/artifacts/bin/microsoft.aspnetcore.components.tests/debug/net10.0/microsoft.aspnetcore.components.tests.dll" id="6e668264-e363-e2af-c9e8-b013fdced82a">
      <Execution id="ab49ebf5-460a-4fd8-a32e-a6effc888d82" />
      <TestMethod codeBase="/home/runner/work/aspnetcore/aspnetcore/artifacts/bin/Microsoft.AspNetCore.Components.Tests/Debug/net10.0/Microsoft.AspNetCore.Components.Tests.dll" adapterTypeName="executor://xunit/VsTestRunner3/netcore/" className="Microsoft.AspNetCore.Components.OwningComponentBaseTest" name="CreatesScopeAndService" />
    </UnitTest>
    <UnitTest name="Microsoft.AspNetCore.Components.EventCallbackFactoryTest.Create_EventCallback_ReturnsInput" storage="/home/runner/work/aspnetcore/aspnetcore/artifacts/bin/microsoft.aspnetcore.components.tests/debug/net10.0/microsoft.aspnetcore.components.tests.dll" id="25b8c987-17f0-8136-c477-a0befcd62e7f">
      <Execution id="ab1dbb29-3bc5-450a-89cb-cf31fb7ac0c3" />
      <TestMethod codeBase="/home/runner/work/aspnetcore/aspnetcore/artifacts/bin/Microsoft.AspNetCore.Components.Tests/Debug/net10.0/Microsoft.AspNetCore.Components.Tests.dll" adapterTypeName="executor://xunit/VsTestRunner3/netcore/" className="Microsoft.AspNetCore.Components.EventCallbackFactoryTest" name="Create_EventCallback_ReturnsInput" />
    </UnitTest>
    <UnitTest name="Microsoft.AspNetCore.Components.Rendering.SimplifiedStringHashComparerTest.EqualityIsCaseInsensitive" storage="/home/runner/work/aspnetcore/aspnetcore/artifacts/bin/microsoft.aspnetcore.components.tests/debug/net10.0/microsoft.aspnetcore.components.tests.dll" id="108d1b64-f5ba-9b7c-332e-aa9a7556c688">
      <Execution id="110ac665-a5fb-430d-8f1d-aad60119409e" />
      <TestMethod codeBase="/home/runner/work/aspnetcore/aspnetcore/artifacts/bin/Microsoft.AspNetCore.Components.Tests/Debug/net10.0/Microsoft.AspNetCore.Components.Tests.dll" adapterTypeName="executor://xunit/VsTestRunner3/netcore/" className="Microsoft.AspNetCore.Components.Rendering.SimplifiedStringHashComparerTest" name="EqualityIsCaseInsensitive" />
    </UnitTest>
    <UnitTest name="Microsoft.AspNetCore.Components.Test.RendererTest.ExceptionsThrownSynchronouslyCanBeHandled" storage="/home/runner/work/aspnetcore/aspnetcore/artifacts/bin/microsoft.aspnetcore.components.tests/debug/net10.0/microsoft.aspnetcore.components.tests.dll" id="180c60fa-d43e-7c4f-0203-0861dd1e5e80">
      <Execution id="dc9ba78b-c8b0-49cd-afe9-1dfe48dc631d" />
      <TestMethod codeBase="/home/runner/work/aspnetcore/aspnetcore/artifacts/bin/Microsoft.AspNetCore.Components.Tests/Debug/net10.0/Microsoft.AspNetCore.Components.Tests.dll" adapterTypeName="executor://xunit/VsTestRunner3/netcore/" className="Microsoft.AspNetCore.Components.Test.RendererTest" name="ExceptionsThrownSynchronouslyCanBeHandled" />
    </UnitTest>
    <UnitTest name="Microsoft.AspNetCore.Components.ParameterViewTest.EnumerationStopsAtEndOfOwnerDescendants" storage="/home/runner/work/aspnetcore/aspnetcore/artifacts/bin/microsoft.aspnetcore.components.tests/debug/net10.0/microsoft.aspnetcore.components.tests.dll" id="b9d0b4e5-54e6-b0eb-1dc1-b2b36b844cca">
      <Execution id="a60466d2-ac2e-47c4-b9e2-3e5f2f383d19" />
      <TestMethod codeBase="/home/runner/work/aspnetcore/aspnetcore/artifacts/bin/Microsoft.AspNetCore.Components.Tests/Debug/net10.0/Microsoft.AspNetCore.Components.Tests.dll" adapterTypeName="executor://xunit/VsTestRunner3/netcore/" className="Microsoft.AspNetCore.Components.ParameterViewTest" name="EnumerationStopsAtEndOfOwnerDescendants" />
    </UnitTest>
    <UnitTest name="Microsoft.AspNetCore.Components.RenderTree.StackObjectPoolTest.SuppliesTransientInstancesWhenExceedingCapacity" storage="/home/runner/work/aspnetcore/aspnetcore/artifacts/bin/microsoft.aspnetcore.components.tests/debug/net10.0/microsoft.aspnetcore.components.tests.dll" id="ab7b0608-358d-cb13-c578-93b2655562a7">
      <Execution id="30e8fa29-a8bc-4500-91ea-89b3881fcac0" />
      <TestMethod codeBase="/home/runner/work/aspnetcore/aspnetcore/artifacts/bin/Microsoft.AspNetCore.Components.Tests/Debug/net10.0/Microsoft.AspNetCore.Components.Tests.dll" adapterTypeName="executor://xunit/VsTestRunner3/netcore/" className="Microsoft.AspNetCore.Components.RenderTree.StackObjectPoolTest" name="SuppliesTransientInstancesWhenExceedingCapacity" />
    </UnitTest>
    <UnitTest name="Microsoft.AspNetCore.Components.Routing.RouteKeyTest.RouteKey_WithAdditionalAssemblies_DifferentOrder" storage="/home/runner/work/aspnetcore/aspnetcore/artifacts/bin/microsoft.aspnetcore.components.tests/debug/net10.0/microsoft.aspnetcore.components.tests.dll" id="b2b7cb61-79b5-ddd6-9ba1-bac08263a28d">
      <Execution id="7889b3c7-68cc-416e-88b4-a9c34d103169" />
      <TestMethod codeBase="/home/runner/work/aspnetcore/aspnetcore/artifacts/bin/Microsoft.AspNetCore.Components.Tests/Debug/net10.0/Microsoft.AspNetCore.Components.Tests.dll" adapterTypeName="executor://xunit/VsTestRunner3/netcore/" className="Microsoft.AspNetCore.Components.Routing.RouteKeyTest" name="RouteKey_WithAdditionalAssemblies_DifferentOrder" />
    </UnitTest>
    <UnitTest name="Microsoft.AspNetCore.Components.ComponentStatePersistenceManagerTest.PersistStateAsync_PersistsRegistry" storage="/home/runner/work/aspnetcore/aspnetcore/artifacts/bin/microsoft.aspnetcore.components.tests/debug/net10.0/microsoft.aspnetcore.components.tests.dll" id="3fc6f3b9-3cfb-3631-1d07-b2f8af01e39e">
      <Execution id="af812087-aa39-4b5b-82cd-8dfaf5866adf" />
      <TestMethod codeBase="/home/runner/work/aspnetcore/aspnetcore/artifacts/bin/Microsoft.AspNetCore.Components.Tests/Debug/net10.0/Microsoft.AspNetCore.Components.Tests.dll" adapterTypeName="executor://xunit/VsTestRunner3/netcore/" className="Microsoft.AspNetCore.Components.ComponentStatePersistenceManagerTest" name="PersistStateAsync_PersistsRegistry" />
    </UnitTest>
    <UnitTest name="Microsoft.AspNetCore.Components.NavigationManagerTest.GetUriWithQueryParameter_AppendsWhenParameterDoesNotExist(baseUri: &quot;scheme://host/&quot;, expectedUri: &quot;scheme://host/?name=John%20Doe&quot;)" storage="/home/runner/work/aspnetcore/aspnetcore/artifacts/bin/microsoft.aspnetcore.components.tests/debug/net10.0/microsoft.aspnetcore.components.tests.dll" id="28caeaf1-655d-4c9d-0406-88750d1f5507">
      <Execution id="d0c859dd-3963-4a55-983d-307a9ae57c28" />
      <TestMethod codeBase="/home/runner/work/aspnetcore/aspnetcore/artifacts/bin/Microsoft.AspNetCore.Components.Tests/Debug/net10.0/Microsoft.AspNetCore.Components.Tests.dll" adapterTypeName="executor://xunit/VsTestRunner3/netcore/" className="Microsoft.AspNetCore.Components.NavigationManagerTest" name="GetUriWithQueryParameter_AppendsWhenParameterDoesNotExist" />
    </UnitTest>
    <UnitTest name="Microsoft.AspNetCore.Components.BindConverterTest.FormatValue_DateTime_Format" storage="/home/runner/work/aspnetcore/aspnetcore/artifacts/bin/microsoft.aspnetcore.components.tests/debug/net10.0/microsoft.aspnetcore.components.tests.dll" id="6614e17b-bc62-8541-4092-f82acac83ebf">
      <Execution id="371a1632-7e46-42c7-bee6-dca6c2174068" />
      <TestMethod codeBase="/home/runner/work/aspnetcore/aspnetcore/artifacts/bin/Microsoft.AspNetCore.Components.Tests/Debug/net10.0/Microsoft.AspNetCore.Components.Tests.dll" adapterTypeName="executor://xunit/VsTestRunner3/netcore/" className="Microsoft.AspNetCore.Components.BindConverterTest" name="FormatValue_DateTime_Format" />
    </UnitTest>
    <UnitTest name="Microsoft.AspNetCore.Components.NavigationManagerTest.ToBaseRelativePath_ThrowsForInvalidBaseRelativePaths(baseUri: &quot;scheme://host/&quot;, absoluteUri: &quot;otherscheme://host/&quot;)" storage="/home/runner/work/aspnetcore/aspnetcore/artifacts/bin/microsoft.aspnetcore.components.tests/debug/net10.0/microsoft.aspnetcore.components.tests.dll" id="a360e344-9a40-88fd-0c0e-4ab261f56ed7">
      <Execution id="103c5082-a1d0-412b-842f-ee189b1b1bc3" />
      <TestMethod codeBase="/home/runner/work/aspnetcore/aspnetcore/artifacts/bin/Microsoft.AspNetCore.Components.Tests/Debug/net10.0/Microsoft.AspNetCore.Components.Tests.dll" adapterTypeName="executor://xunit/VsTestRunner3/netcore/" className="Microsoft.AspNetCore.Components.NavigationManagerTest" name="ToBaseRelativePath_ThrowsForInvalidBaseRelativePaths" />
    </UnitTest>
    <UnitTest name="Microsoft.AspNetCore.Components.Routing.RouteTableFactoryTests.DetectsAmbiguousRoutes(left: &quot;/{parameter}/literal/{something}&quot;, right: &quot;{param}/Literal/{else}&quot;)" storage="/home/runner/work/aspnetcore/aspnetcore/artifacts/bin/microsoft.aspnetcore.components.tests/debug/net10.0/microsoft.aspnetcore.components.tests.dll" id="6c885341-b58d-cdac-7ebe-9347c940dd6b">
      <Execution id="8f38bea0-ffa7-4e1e-b215-8304e972220a" />
      <TestMethod codeBase="/home/runner/work/aspnetcore/aspnetcore/artifacts/bin/Microsoft.AspNetCore.Components.Tests/Debug/net10.0/Microsoft.AspNetCore.Components.Tests.dll" adapterTypeName="executor://xunit/VsTestRunner3/netcore/" className="Microsoft.AspNetCore.Components.Routing.RouteTableFactoryTests" name="DetectsAmbiguousRoutes" />
    </UnitTest>
    <UnitTest name="Microsoft.AspNetCore.Components.ParameterViewTest.FromDictionary_CanBeInitializedWithEmptyDictionary" storage="/home/runner/work/aspnetcore/aspnetcore/artifacts/bin/microsoft.aspnetcore.components.tests/debug/net10.0/microsoft.aspnetcore.components.tests.dll" id="664cc316-db1b-441b-8afe-c25d90e05374">
      <Execution id="c7c96e4e-78ba-4fad-8774-49605750eb95" />
      <TestMethod codeBase="/home/runner/work/aspnetcore/aspnetcore/artifacts/bin/Microsoft.AspNetCore.Components.Tests/Debug/net10.0/Microsoft.AspNetCore.Components.Tests.dll" adapterTypeName="executor://xunit/VsTestRunner3/netcore/" className="Microsoft.AspNetCore.Components.ParameterViewTest" name="FromDictionary_CanBeInitializedWithEmptyDictionary" />
    </UnitTest>
    <UnitTest name="Microsoft.AspNetCore.Components.Test.RenderTreeDiffBuilderTest.RejectsClashingKeysInOldTree" storage="/home/runner/work/aspnetcore/aspnetcore/artifacts/bin/microsoft.aspnetcore.components.tests/debug/net10.0/microsoft.aspnetcore.components.tests.dll" id="f2bccee4-a989-c5b9-6b55-dde082ab3b1b">
      <Execution id="78af17fa-316b-4205-9c71-fcb94b34d67f" />
      <TestMethod codeBase="/home/runner/work/aspnetcore/aspnetcore/artifacts/bin/Microsoft.AspNetCore.Components.Tests/Debug/net10.0/Microsoft.AspNetCore.Components.Tests.dll" adapterTypeName="executor://xunit/VsTestRunner3/netcore/" className="Microsoft.AspNetCore.Components.Test.RenderTreeDiffBuilderTest" name="RejectsClashingKeysInOldTree" />
    </UnitTest>
    <UnitTest name="Microsoft.AspNetCore.Components.Routing.RoutePatternParserTests.InvalidTemplate_InvalidParameterNameWithEmptyNameThrows" storage="/home/runner/work/aspnetcore/aspnetcore/artifacts/bin/microsoft.aspnetcore.components.tests/debug/net10.0/microsoft.aspnetcore.components.tests.dll" id="eb9d99b6-0ee8-72f2-6b24-e2170bc33e9c">
      <Execution id="4bde35fd-578e-4cf5-b209-410a3474132c" />
      <TestMethod codeBase="/home/runner/work/aspnetcore/aspnetcore/artifacts/bin/Microsoft.AspNetCore.Components.Tests/Debug/net10.0/Microsoft.AspNetCore.Components.Tests.dll" adapterTypeName="executor://xunit/VsTestRunner3/netcore/" className="Microsoft.AspNetCore.Components.Routing.RoutePatternParserTests" name="InvalidTemplate_InvalidParameterNameWithEmptyNameThrows" />
    </UnitTest>
    <UnitTest name="Microsoft.AspNetCore.Components.Test.RenderTreeDiffBuilderTest.RecognizesNamedEventChangingAssignedName" storage="/home/runner/work/aspnetcore/aspnetcore/artifacts/bin/microsoft.aspnetcore.components.tests/debug/net10.0/microsoft.aspnetcore.components.tests.dll" id="766c74f2-51f3-39cf-70e6-52bfabe49e02">
      <Execution id="b136641a-0cda-4d12-acf7-69d2abb4f0a5" />
      <TestMethod codeBase="/home/runner/work/aspnetcore/aspnetcore/artifacts/bin/Microsoft.AspNetCore.Components.Tests/Debug/net10.0/Microsoft.AspNetCore.Components.Tests.dll" adapterTypeName="executor://xunit/VsTestRunner3/netcore/" className="Microsoft.AspNetCore.Components.Test.RenderTreeDiffBuilderTest" name="RecognizesNamedEventChangingAssignedName" />
    </UnitTest>
    <UnitTest name="Microsoft.AspNetCore.Components.Routing.RouteTableFactoryTests.ThrowsWhenCatchAllIsNotTheLastSegment(template: &quot;prefix/{*catchall}/{parameter}&quot;)" storage="/home/runner/work/aspnetcore/aspnetcore/artifacts/bin/microsoft.aspnetcore.components.tests/debug/net10.0/microsoft.aspnetcore.components.tests.dll" id="ee4a139b-64d6-aff9-926b-67f81984161d">
      <Execution id="3de36fb2-60bd-4949-bad3-4ffc25b59003" />
      <TestMethod codeBase="/home/runner/work/aspnetcore/aspnetcore/artifacts/bin/Microsoft.AspNetCore.Components.Tests/Debug/net10.0/Microsoft.AspNetCore.Components.Tests.dll" adapterTypeName="executor://xunit/VsTestRunner3/netcore/" className="Microsoft.AspNetCore.Components.Routing.RouteTableFactoryTests" name="ThrowsWhenCatchAllIsNotTheLastSegment" />
    </UnitTest>
    <UnitTest name="Microsoft.AspNetCore.Components.Test.RendererTest.EventFieldInfoCanPatchTreeSoDiffDoesNotUpdateAttribute(oldValue: null)" storage="/home/runner/work/aspnetcore/aspnetcore/artifacts/bin/microsoft.aspnetcore.components.tests/debug/net10.0/microsoft.aspnetcore.components.tests.dll" id="4d9d8a40-0fea-f11a-342f-66fe09943774">
      <Execution id="2ea97dca-c913-4d7a-8479-ca30117b503c" />
      <TestMethod codeBase="/home/runner/work/aspnetcore/aspnetcore/artifacts/bin/Microsoft.AspNetCore.Components.Tests/Debug/net10.0/Microsoft.AspNetCore.Components.Tests.dll" adapterTypeName="executor://xunit/VsTestRunner3/netcore/" className="Microsoft.AspNetCore.Components.Test.RendererTest" name="EventFieldInfoCanPatchTreeSoDiffDoesNotUpdateAttribute" />
    </UnitTest>
    <UnitTest name="Microsoft.AspNetCore.Components.Test.RendererTest.CanRenderAsyncComponentsWithAsyncChildInit" storage="/home/runner/work/aspnetcore/aspnetcore/artifacts/bin/microsoft.aspnetcore.components.tests/debug/net10.0/microsoft.aspnetcore.components.tests.dll" id="a39a4b78-b6bc-882b-6efa-4348532ef8f1">
      <Execution id="db9b3cfe-67ac-4c1e-9588-19de01690e9c" />
      <TestMethod codeBase="/home/runner/work/aspnetcore/aspnetcore/artifacts/bin/Microsoft.AspNetCore.Components.Tests/Debug/net10.0/Microsoft.AspNetCore.Components.Tests.dll" adapterTypeName="executor://xunit/VsTestRunner3/netcore/" className="Microsoft.AspNetCore.Components.Test.RendererTest" name="CanRenderAsyncComponentsWithAsyncChildInit" />
    </UnitTest>
    <UnitTest name="Microsoft.AspNetCore.Components.Test.RendererTest.CanGetEventArgsTypeForParameterlessHandler" storage="/home/runner/work/aspnetcore/aspnetcore/artifacts/bin/microsoft.aspnetcore.components.tests/debug/net10.0/microsoft.aspnetcore.components.tests.dll" id="974ef38e-3f12-31ea-eb28-dcd86bf10c0a">
      <Execution id="feba0123-96f5-4eeb-8c52-b1d28ba1e133" />
      <TestMethod codeBase="/home/runner/work/aspnetcore/aspnetcore/artifacts/bin/Microsoft.AspNetCore.Components.Tests/Debug/net10.0/Microsoft.AspNetCore.Components.Tests.dll" adapterTypeName="executor://xunit/VsTestRunner3/netcore/" className="Microsoft.AspNetCore.Components.Test.RendererTest" name="CanGetEventArgsTypeForParameterlessHandler" />
    </UnitTest>
    <UnitTest name="Microsoft.AspNetCore.Components.Test.LayoutViewTest.GivenContentButNoLayout_RendersContent" storage="/home/runner/work/aspnetcore/aspnetcore/artifacts/bin/microsoft.aspnetcore.components.tests/debug/net10.0/microsoft.aspnetcore.components.tests.dll" id="343a9c4b-56cf-4c89-e571-a22806aea95e">
      <Execution id="444c1438-b08e-4c17-ada9-51bb635084a1" />
      <TestMethod codeBase="/home/runner/work/aspnetcore/aspnetcore/artifacts/bin/Microsoft.AspNetCore.Components.Tests/Debug/net10.0/Microsoft.AspNetCore.Components.Tests.dll" adapterTypeName="executor://xunit/VsTestRunner3/netcore/" className="Microsoft.AspNetCore.Components.Test.LayoutViewTest" name="GivenContentButNoLayout_RendersContent" />
    </UnitTest>
    <UnitTest name="Microsoft.AspNetCore.Components.Test.RenderTreeDiffBuilderTest.HandlesInsertionOfUnkeyedItemsAroundKey" storage="/home/runner/work/aspnetcore/aspnetcore/artifacts/bin/microsoft.aspnetcore.components.tests/debug/net10.0/microsoft.aspnetcore.components.tests.dll" id="6e0ac853-b27b-527e-ab8c-d8280aa08f66">
      <Execution id="e4629e65-1050-4031-b861-58148aa450de" />
      <TestMethod codeBase="/home/runner/work/aspnetcore/aspnetcore/artifacts/bin/Microsoft.AspNetCore.Components.Tests/Debug/net10.0/Microsoft.AspNetCore.Components.Tests.dll" adapterTypeName="executor://xunit/VsTestRunner3/netcore/" className="Microsoft.AspNetCore.Components.Test.RenderTreeDiffBuilderTest" name="HandlesInsertionOfUnkeyedItemsAroundKey" />
    </UnitTest>
    <UnitTest name="Microsoft.AspNetCore.Components.RenderTree.StackObjectPoolTest.CanGetInstances" storage="/home/runner/work/aspnetcore/aspnetcore/artifacts/bin/microsoft.aspnetcore.components.tests/debug/net10.0/microsoft.aspnetcore.components.tests.dll" id="543520d4-f7dd-b167-e245-b9bf6e804b67">
      <Execution id="557365af-3e9e-45f7-8656-280139d6a3f1" />
      <TestMethod codeBase="/home/runner/work/aspnetcore/aspnetcore/artifacts/bin/Microsoft.AspNetCore.Components.Tests/Debug/net10.0/Microsoft.AspNetCore.Components.Tests.dll" adapterTypeName="executor://xunit/VsTestRunner3/netcore/" className="Microsoft.AspNetCore.Components.RenderTree.StackObjectPoolTest" name="CanGetInstances" />
    </UnitTest>
    <UnitTest name="Microsoft.AspNetCore.Components.Rendering.RendererSynchronizationContextTest.InvokeAsync_Action_CanRunSynchronously_WhenNotBusy" storage="/home/runner/work/aspnetcore/aspnetcore/artifacts/bin/microsoft.aspnetcore.components.tests/debug/net10.0/microsoft.aspnetcore.components.tests.dll" id="033f5ed5-1dd5-056d-7acc-6cdfc7b5d88b">
      <Execution id="1651fd93-e918-4eae-92a2-c9027b503c09" />
      <TestMethod codeBase="/home/runner/work/aspnetcore/aspnetcore/artifacts/bin/Microsoft.AspNetCore.Components.Tests/Debug/net10.0/Microsoft.AspNetCore.Components.Tests.dll" adapterTypeName="executor://xunit/VsTestRunner3/netcore/" className="Microsoft.AspNetCore.Components.Rendering.RendererSynchronizationContextTest" name="InvokeAsync_Action_CanRunSynchronously_WhenNotBusy" />
    </UnitTest>
    <UnitTest name="Microsoft.AspNetCore.Components.Test.RendererTest.RemoveRootComponentHandlesDisposalExceptions" storage="/home/runner/work/aspnetcore/aspnetcore/artifacts/bin/microsoft.aspnetcore.components.tests/debug/net10.0/microsoft.aspnetcore.components.tests.dll" id="dd2288d4-43b0-da99-ab1e-b93a67cfd46f">
      <Execution id="89d1578f-fbc7-470a-b993-e01a37361e3f" />
      <TestMethod codeBase="/home/runner/work/aspnetcore/aspnetcore/artifacts/bin/Microsoft.AspNetCore.Components.Tests/Debug/net10.0/Microsoft.AspNetCore.Components.Tests.dll" adapterTypeName="executor://xunit/VsTestRunner3/netcore/" className="Microsoft.AspNetCore.Components.Test.RendererTest" name="RemoveRootComponentHandlesDisposalExceptions" />
    </UnitTest>
    <UnitTest name="Microsoft.AspNetCore.Components.Test.DependencyInjectionTest.HandlesInjectablePropertyScenarios" storage="/home/runner/work/aspnetcore/aspnetcore/artifacts/bin/microsoft.aspnetcore.components.tests/debug/net10.0/microsoft.aspnetcore.components.tests.dll" id="05b68737-e2a8-4864-f836-dc209e28cb13">
      <Execution id="cb1824e9-eb34-498a-bd7a-bcefc88312ba" />
      <TestMethod codeBase="/home/runner/work/aspnetcore/aspnetcore/artifacts/bin/Microsoft.AspNetCore.Components.Tests/Debug/net10.0/Microsoft.AspNetCore.Components.Tests.dll" adapterTypeName="executor://xunit/VsTestRunner3/netcore/" className="Microsoft.AspNetCore.Components.Test.DependencyInjectionTest" name="HandlesInjectablePropertyScenarios" />
    </UnitTest>
    <UnitTest name="Microsoft.AspNetCore.Components.ParameterViewTest.ParameterThatCanBeSuppliedFromQueryOrNonCascadingValue_PrefersNonCascadingValue" storage="/home/runner/work/aspnetcore/aspnetcore/artifacts/bin/microsoft.aspnetcore.components.tests/debug/net10.0/microsoft.aspnetcore.components.tests.dll" id="8d0f703f-1d55-a448-a53f-03b176545140">
      <Execution id="829992a0-810a-434f-9db6-db4d9168dce4" />
      <TestMethod codeBase="/home/runner/work/aspnetcore/aspnetcore/artifacts/bin/Microsoft.AspNetCore.Components.Tests/Debug/net10.0/Microsoft.AspNetCore.Components.Tests.dll" adapterTypeName="executor://xunit/VsTestRunner3/netcore/" className="Microsoft.AspNetCore.Components.ParameterViewTest" name="ParameterThatCanBeSuppliedFromQueryOrNonCascadingValue_PrefersNonCascadingValue" />
    </UnitTest>
    <UnitTest name="Microsoft.AspNetCore.Components.Test.ComponentBaseTest.RunsOnAfterRenderAsync_AfterRenderingCompletes" storage="/home/runner/work/aspnetcore/aspnetcore/artifacts/bin/microsoft.aspnetcore.components.tests/debug/net10.0/microsoft.aspnetcore.components.tests.dll" id="db18bf83-7d08-becd-54cd-4a4d5b90a1ef">
      <Execution id="5e73e53a-769d-4344-afd9-6ea683ccac8f" />
      <TestMethod codeBase="/home/runner/work/aspnetcore/aspnetcore/artifacts/bin/Microsoft.AspNetCore.Components.Tests/Debug/net10.0/Microsoft.AspNetCore.Components.Tests.dll" adapterTypeName="executor://xunit/VsTestRunner3/netcore/" className="Microsoft.AspNetCore.Components.Test.ComponentBaseTest" name="RunsOnAfterRenderAsync_AfterRenderingCompletes" />
    </UnitTest>
    <UnitTest name="Microsoft.AspNetCore.Components.EventCallbackFactoryTest.CreateT_Action_Unbound" storage="/home/runner/work/aspnetcore/aspnetcore/artifacts/bin/microsoft.aspnetcore.components.tests/debug/net10.0/microsoft.aspnetcore.components.tests.dll" id="e42fdbf6-bd35-652f-3b97-233786345edb">
      <Execution id="a86304af-bc01-4b22-946f-258d503a3612" />
      <TestMethod codeBase="/home/runner/work/aspnetcore/aspnetcore/artifacts/bin/Microsoft.AspNetCore.Components.Tests/Debug/net10.0/Microsoft.AspNetCore.Components.Tests.dll" adapterTypeName="executor://xunit/VsTestRunner3/netcore/" className="Microsoft.AspNetCore.Components.EventCallbackFactoryTest" name="CreateT_Action_Unbound" />
    </UnitTest>
    <UnitTest name="Microsoft.AspNetCore.Components.Routing.RouteTableFactoryTests.ThrowsWhenCatchAllIsNotTheLastSegment(template: &quot;{*catchall}/literal&quot;)" storage="/home/runner/work/aspnetcore/aspnetcore/artifacts/bin/microsoft.aspnetcore.components.tests/debug/net10.0/microsoft.aspnetcore.components.tests.dll" id="5b0fc521-3b4d-3a22-8cb9-8fd014e13f91">
      <Execution id="547d0632-6321-454b-8e49-464f198ba978" />
      <TestMethod codeBase="/home/runner/work/aspnetcore/aspnetcore/artifacts/bin/Microsoft.AspNetCore.Components.Tests/Debug/net10.0/Microsoft.AspNetCore.Components.Tests.dll" adapterTypeName="executor://xunit/VsTestRunner3/netcore/" className="Microsoft.AspNetCore.Components.Routing.RouteTableFactoryTests" name="ThrowsWhenCatchAllIsNotTheLastSegment" />
    </UnitTest>
    <UnitTest name="Microsoft.AspNetCore.Components.ComponentApplicationStateTest.TryRetrieveFromJson_NullValue" storage="/home/runner/work/aspnetcore/aspnetcore/artifacts/bin/microsoft.aspnetcore.components.tests/debug/net10.0/microsoft.aspnetcore.components.tests.dll" id="94f886e0-ac98-223a-7793-64a9c2010d23">
      <Execution id="d29f073e-d7b4-4df4-844e-5da8f41068f9" />
      <TestMethod codeBase="/home/runner/work/aspnetcore/aspnetcore/artifacts/bin/Microsoft.AspNetCore.Components.Tests/Debug/net10.0/Microsoft.AspNetCore.Components.Tests.dll" adapterTypeName="executor://xunit/VsTestRunner3/netcore/" className="Microsoft.AspNetCore.Components.ComponentApplicationStateTest" name="TryRetrieveFromJson_NullValue" />
    </UnitTest>
    <UnitTest name="Microsoft.AspNetCore.Components.Rendering.RenderTreeBuilderTest.CannotAddNamedEventWithNullEventType" storage="/home/runner/work/aspnetcore/aspnetcore/artifacts/bin/microsoft.aspnetcore.components.tests/debug/net10.0/microsoft.aspnetcore.components.tests.dll" id="d382518d-ac2b-8268-6b41-67aad5d08128">
      <Execution id="b443535f-10f0-49fe-911b-ecd5b31f3715" />
      <TestMethod codeBase="/home/runner/work/aspnetcore/aspnetcore/artifacts/bin/Microsoft.AspNetCore.Components.Tests/Debug/net10.0/Microsoft.AspNetCore.Components.Tests.dll" adapterTypeName="executor://xunit/VsTestRunner3/netcore/" className="Microsoft.AspNetCore.Components.Rendering.RenderTreeBuilderTest" name="CannotAddNamedEventWithNullEventType" />
    </UnitTest>
    <UnitTest name="Microsoft.AspNetCore.Components.Routing.QueryParameterValueSupplierTest.SupportsExpectedArrayTypes" storage="/home/runner/work/aspnetcore/aspnetcore/artifacts/bin/microsoft.aspnetcore.components.tests/debug/net10.0/microsoft.aspnetcore.components.tests.dll" id="1399327c-3b4c-e3a2-679b-5038749a13be">
      <Execution id="e6c54014-18b6-46de-a0cb-1e7474e80418" />
      <TestMethod codeBase="/home/runner/work/aspnetcore/aspnetcore/artifacts/bin/Microsoft.AspNetCore.Components.Tests/Debug/net10.0/Microsoft.AspNetCore.Components.Tests.dll" adapterTypeName="executor://xunit/VsTestRunner3/netcore/" className="Microsoft.AspNetCore.Components.Routing.QueryParameterValueSupplierTest" name="SupportsExpectedArrayTypes" />
    </UnitTest>
    <UnitTest name="Microsoft.AspNetCore.Components.Test.RendererTest.EventDispatching_DelegateParameter_NoTargetLambda" storage="/home/runner/work/aspnetcore/aspnetcore/artifacts/bin/microsoft.aspnetcore.components.tests/debug/net10.0/microsoft.aspnetcore.components.tests.dll" id="f2682ae8-cb44-07d9-4b2e-6f7ac7579d66">
      <Execution id="ff18ec56-82ee-43ac-8f1a-78b0b3ee68ed" />
      <TestMethod codeBase="/home/runner/work/aspnetcore/aspnetcore/artifacts/bin/Microsoft.AspNetCore.Components.Tests/Debug/net10.0/Microsoft.AspNetCore.Components.Tests.dll" adapterTypeName="executor://xunit/VsTestRunner3/netcore/" className="Microsoft.AspNetCore.Components.Test.RendererTest" name="EventDispatching_DelegateParameter_NoTargetLambda" />
    </UnitTest>
    <UnitTest name="Microsoft.AspNetCore.Components.Rendering.RenderTreeBuilderTest.CanAddNullMarkup" storage="/home/runner/work/aspnetcore/aspnetcore/artifacts/bin/microsoft.aspnetcore.components.tests/debug/net10.0/microsoft.aspnetcore.components.tests.dll" id="473bee02-fa7a-b0c3-3935-dd68e1825d93">
      <Execution id="3d1df2af-9cfd-4b1c-93b1-4e2f3f27c8e2" />
      <TestMethod codeBase="/home/runner/work/aspnetcore/aspnetcore/artifacts/bin/Microsoft.AspNetCore.Components.Tests/Debug/net10.0/Microsoft.AspNetCore.Components.Tests.dll" adapterTypeName="executor://xunit/VsTestRunner3/netcore/" className="Microsoft.AspNetCore.Components.Rendering.RenderTreeBuilderTest" name="CanAddNullMarkup" />
    </UnitTest>
    <UnitTest name="Microsoft.AspNetCore.Components.Test.RenderTreeDiffBuilderTest.CanRemoveOldAttributeAtArrayBuilderSizeBoundary" storage="/home/runner/work/aspnetcore/aspnetcore/artifacts/bin/microsoft.aspnetcore.components.tests/debug/net10.0/microsoft.aspnetcore.components.tests.dll" id="e9450c59-b118-fb16-4680-827acfe5a390">
      <Execution id="910a157a-0c99-4216-8e5c-b876f7935d3f" />
      <TestMethod codeBase="/home/runner/work/aspnetcore/aspnetcore/artifacts/bin/Microsoft.AspNetCore.Components.Tests/Debug/net10.0/Microsoft.AspNetCore.Components.Tests.dll" adapterTypeName="executor://xunit/VsTestRunner3/netcore/" className="Microsoft.AspNetCore.Components.Test.RenderTreeDiffBuilderTest" name="CanRemoveOldAttributeAtArrayBuilderSizeBoundary" />
    </UnitTest>
    <UnitTest name="Microsoft.AspNetCore.Components.DynamicComponentTest.CanAccessToChildComponentInstance" storage="/home/runner/work/aspnetcore/aspnetcore/artifacts/bin/microsoft.aspnetcore.components.tests/debug/net10.0/microsoft.aspnetcore.components.tests.dll" id="7152a2cf-6cba-3e79-17bd-cee74002931a">
      <Execution id="dd2bbd04-4f74-410d-8ed8-ff0c91542afa" />
      <TestMethod codeBase="/home/runner/work/aspnetcore/aspnetcore/artifacts/bin/Microsoft.AspNetCore.Components.Tests/Debug/net10.0/Microsoft.AspNetCore.Components.Tests.dll" adapterTypeName="executor://xunit/VsTestRunner3/netcore/" className="Microsoft.AspNetCore.Components.DynamicComponentTest" name="CanAccessToChildComponentInstance" />
    </UnitTest>
    <UnitTest name="Microsoft.AspNetCore.Components.ComponentApplicationStateTest.InitializeExistingState_ThrowsIfAlreadyInitialized" storage="/home/runner/work/aspnetcore/aspnetcore/artifacts/bin/microsoft.aspnetcore.components.tests/debug/net10.0/microsoft.aspnetcore.components.tests.dll" id="ac2e8896-c884-fbb9-8d56-af1fdcb2107c">
      <Execution id="84aaec3f-b843-49e0-9388-a70e1900be96" />
      <TestMethod codeBase="/home/runner/work/aspnetcore/aspnetcore/artifacts/bin/Microsoft.AspNetCore.Components.Tests/Debug/net10.0/Microsoft.AspNetCore.Components.Tests.dll" adapterTypeName="executor://xunit/VsTestRunner3/netcore/" className="Microsoft.AspNetCore.Components.ComponentApplicationStateTest" name="InitializeExistingState_ThrowsIfAlreadyInitialized" />
    </UnitTest>
    <UnitTest name="Microsoft.AspNetCore.Components.ComponentsMetricsTest.ComponentLifecycle_RecordsAllMetricsCorrectly" storage="/home/runner/work/aspnetcore/aspnetcore/artifacts/bin/microsoft.aspnetcore.components.tests/debug/net10.0/microsoft.aspnetcore.components.tests.dll" id="8fcc0e5f-ae1b-78c2-45ea-f52e1f28f54e">
      <Execution id="0ce15686-b0db-420c-aa0c-787eb8401fcc" />
      <TestMethod codeBase="/home/runner/work/aspnetcore/aspnetcore/artifacts/bin/Microsoft.AspNetCore.Components.Tests/Debug/net10.0/Microsoft.AspNetCore.Components.Tests.dll" adapterTypeName="executor://xunit/VsTestRunner3/netcore/" className="Microsoft.AspNetCore.Components.ComponentsMetricsTest" name="ComponentLifecycle_RecordsAllMetricsCorrectly" />
    </UnitTest>
    <UnitTest name="Microsoft.AspNetCore.Components.Rendering.RenderTreeBuilderTest.CannotAddComponentReferenceCaptureWithNoParent" storage="/home/runner/work/aspnetcore/aspnetcore/artifacts/bin/microsoft.aspnetcore.components.tests/debug/net10.0/microsoft.aspnetcore.components.tests.dll" id="4734019b-b3e6-89a9-11f7-518360565486">
      <Execution id="2c618ca3-4477-4351-b8e8-6e22a64e21ed" />
      <TestMethod codeBase="/home/runner/work/aspnetcore/aspnetcore/artifacts/bin/Microsoft.AspNetCore.Components.Tests/Debug/net10.0/Microsoft.AspNetCore.Components.Tests.dll" adapterTypeName="executor://xunit/VsTestRunner3/netcore/" className="Microsoft.AspNetCore.Components.Rendering.RenderTreeBuilderTest" name="CannotAddComponentReferenceCaptureWithNoParent" />
    </UnitTest>
    <UnitTest name="Microsoft.AspNetCore.Components.Routing.QueryParameterValueSupplierTest.RejectsBlankArrayEntriesWhenNotNullable(key: &quot;IntVals&quot;, targetType: typeof(int))" storage="/home/runner/work/aspnetcore/aspnetcore/artifacts/bin/microsoft.aspnetcore.components.tests/debug/net10.0/microsoft.aspnetcore.components.tests.dll" id="51ef1f70-2175-71d2-bd28-ab21ba2bf2f6">
      <Execution id="cab25864-90ec-4875-b8cc-89f4b6dbc4df" />
      <TestMethod codeBase="/home/runner/work/aspnetcore/aspnetcore/artifacts/bin/Microsoft.AspNetCore.Components.Tests/Debug/net10.0/Microsoft.AspNetCore.Components.Tests.dll" adapterTypeName="executor://xunit/VsTestRunner3/netcore/" className="Microsoft.AspNetCore.Components.Routing.QueryParameterValueSupplierTest" name="RejectsBlankArrayEntriesWhenNotNullable" />
    </UnitTest>
    <UnitTest name="Microsoft.AspNetCore.Components.Routing.RoutePatternParserTests.InvalidTemplate_WithMismatchedBraces(template: &quot;{p/Literal&quot;, expectedMessage: &quot;There is an incomplete parameter in the route temp&quot;···)" storage="/home/runner/work/aspnetcore/aspnetcore/artifacts/bin/microsoft.aspnetcore.components.tests/debug/net10.0/microsoft.aspnetcore.components.tests.dll" id="19dc1cf3-4704-ad67-94aa-288e5e6c6b35">
      <Execution id="08e2bb14-143d-4952-b801-dd30c0f04f37" />
      <TestMethod codeBase="/home/runner/work/aspnetcore/aspnetcore/artifacts/bin/Microsoft.AspNetCore.Components.Tests/Debug/net10.0/Microsoft.AspNetCore.Components.Tests.dll" adapterTypeName="executor://xunit/VsTestRunner3/netcore/" className="Microsoft.AspNetCore.Components.Routing.RoutePatternParserTests" name="InvalidTemplate_WithMismatchedBraces" />
    </UnitTest>
    <UnitTest name="Microsoft.AspNetCore.Components.BindConverterTest.FormatValue_NullableBoolNull" storage="/home/runner/work/aspnetcore/aspnetcore/artifacts/bin/microsoft.aspnetcore.components.tests/debug/net10.0/microsoft.aspnetcore.components.tests.dll" id="a9698f6c-27a8-f8bf-21ae-915a84a6589e">
      <Execution id="cafb9dc9-a603-4db5-9ef0-424dec2a9911" />
      <TestMethod codeBase="/home/runner/work/aspnetcore/aspnetcore/artifacts/bin/Microsoft.AspNetCore.Components.Tests/Debug/net10.0/Microsoft.AspNetCore.Components.Tests.dll" adapterTypeName="executor://xunit/VsTestRunner3/netcore/" className="Microsoft.AspNetCore.Components.BindConverterTest" name="FormatValue_NullableBoolNull" />
    </UnitTest>
    <UnitTest name="Microsoft.AspNetCore.Components.NavigationManagerTest.ComputesCorrectValidBaseRelativePaths(baseUri: &quot;scheme://host/path/&quot;, uri: &quot;scheme://host/path/more&quot;, expectedResult: &quot;more&quot;)" storage="/home/runner/work/aspnetcore/aspnetcore/artifacts/bin/microsoft.aspnetcore.components.tests/debug/net10.0/microsoft.aspnetcore.components.tests.dll" id="7616343e-c8e4-8480-cc79-56d6843e930e">
      <Execution id="79a91dc1-7bdd-424b-8d0e-fb937ecc5fe6" />
      <TestMethod codeBase="/home/runner/work/aspnetcore/aspnetcore/artifacts/bin/Microsoft.AspNetCore.Components.Tests/Debug/net10.0/Microsoft.AspNetCore.Components.Tests.dll" adapterTypeName="executor://xunit/VsTestRunner3/netcore/" className="Microsoft.AspNetCore.Components.NavigationManagerTest" name="ComputesCorrectValidBaseRelativePaths" />
    </UnitTest>
    <UnitTest name="Microsoft.AspNetCore.Components.Test.CascadingParameterTest.ParameterViewSuppliedWithCascadingParametersCannotBeUsedAfterSynchronousReturn" storage="/home/runner/work/aspnetcore/aspnetcore/artifacts/bin/microsoft.aspnetcore.components.tests/debug/net10.0/microsoft.aspnetcore.components.tests.dll" id="f01ff186-ebe5-318c-e5fe-c09f52b654cc">
      <Execution id="0e9f4382-8cb6-4474-8a2f-1949f9d65b84" />
      <TestMethod codeBase="/home/runner/work/aspnetcore/aspnetcore/artifacts/bin/Microsoft.AspNetCore.Components.Tests/Debug/net10.0/Microsoft.AspNetCore.Components.Tests.dll" adapterTypeName="executor://xunit/VsTestRunner3/netcore/" className="Microsoft.AspNetCore.Components.Test.CascadingParameterTest" name="ParameterViewSuppliedWithCascadingParametersCannotBeUsedAfterSynchronousReturn" />
    </UnitTest>
    <UnitTest name="Microsoft.AspNetCore.Components.Test.RendererTest.ExceptionsThrownAsynchronouslyFromMultipleComponentsCanBeHandled" storage="/home/runner/work/aspnetcore/aspnetcore/artifacts/bin/microsoft.aspnetcore.components.tests/debug/net10.0/microsoft.aspnetcore.components.tests.dll" id="31574c20-fc3c-833c-e5fa-1ea3b10cc841">
      <Execution id="b92f5e8d-9f3a-4b23-91cd-fbbf454bbc61" />
      <TestMethod codeBase="/home/runner/work/aspnetcore/aspnetcore/artifacts/bin/Microsoft.AspNetCore.Components.Tests/Debug/net10.0/Microsoft.AspNetCore.Components.Tests.dll" adapterTypeName="executor://xunit/VsTestRunner3/netcore/" className="Microsoft.AspNetCore.Components.Test.RendererTest" name="ExceptionsThrownAsynchronouslyFromMultipleComponentsCanBeHandled" />
    </UnitTest>
    <UnitTest name="Microsoft.AspNetCore.Components.Test.RendererTest.QueuedRenderIsSkippedIfComponentWasAlreadyDisposedInSameBatch" storage="/home/runner/work/aspnetcore/aspnetcore/artifacts/bin/microsoft.aspnetcore.components.tests/debug/net10.0/microsoft.aspnetcore.components.tests.dll" id="cfceecf7-849b-3831-977c-cf0ad4a601b4">
      <Execution id="163a6582-fca0-4122-8347-8864f32084f0" />
      <TestMethod codeBase="/home/runner/work/aspnetcore/aspnetcore/artifacts/bin/Microsoft.AspNetCore.Components.Tests/Debug/net10.0/Microsoft.AspNetCore.Components.Tests.dll" adapterTypeName="executor://xunit/VsTestRunner3/netcore/" className="Microsoft.AspNetCore.Components.Test.RendererTest" name="QueuedRenderIsSkippedIfComponentWasAlreadyDisposedInSameBatch" />
    </UnitTest>
    <UnitTest name="Microsoft.AspNetCore.Components.ComponentsMetricsTest.CaptureParametersDuration_RecordsErrorMetric" storage="/home/runner/work/aspnetcore/aspnetcore/artifacts/bin/microsoft.aspnetcore.components.tests/debug/net10.0/microsoft.aspnetcore.components.tests.dll" id="0dbcccb5-c0f3-ea14-a0cd-d30007cef0b2">
      <Execution id="1506f2ae-172d-4cc8-bcb6-d508def4dd4e" />
      <TestMethod codeBase="/home/runner/work/aspnetcore/aspnetcore/artifacts/bin/Microsoft.AspNetCore.Components.Tests/Debug/net10.0/Microsoft.AspNetCore.Components.Tests.dll" adapterTypeName="executor://xunit/VsTestRunner3/netcore/" className="Microsoft.AspNetCore.Components.ComponentsMetricsTest" name="CaptureParametersDuration_RecordsErrorMetric" />
    </UnitTest>
    <UnitTest name="Microsoft.AspNetCore.Components.ComponentFactoryTest.InstantiateComponent_IgnoresPropertiesWithoutInjectAttribute" storage="/home/runner/work/aspnetcore/aspnetcore/artifacts/bin/microsoft.aspnetcore.components.tests/debug/net10.0/microsoft.aspnetcore.components.tests.dll" id="ad9d863b-28da-e219-d455-917f22373b9a">
      <Execution id="831f1e38-a707-4fa9-b6c1-e76080606c06" />
      <TestMethod codeBase="/home/runner/work/aspnetcore/aspnetcore/artifacts/bin/Microsoft.AspNetCore.Components.Tests/Debug/net10.0/Microsoft.AspNetCore.Components.Tests.dll" adapterTypeName="executor://xunit/VsTestRunner3/netcore/" className="Microsoft.AspNetCore.Components.ComponentFactoryTest" name="InstantiateComponent_IgnoresPropertiesWithoutInjectAttribute" />
    </UnitTest>
    <UnitTest name="Microsoft.AspNetCore.Components.Test.RenderTreeDiffBuilderTest.RejectsClashingKeysInNewTree" storage="/home/runner/work/aspnetcore/aspnetcore/artifacts/bin/microsoft.aspnetcore.components.tests/debug/net10.0/microsoft.aspnetcore.components.tests.dll" id="0c264617-5f59-b8e9-5af0-07f9d6fd3abd">
      <Execution id="7f7ce35b-bb78-493b-a521-55c7becb73a8" />
      <TestMethod codeBase="/home/runner/work/aspnetcore/aspnetcore/artifacts/bin/Microsoft.AspNetCore.Components.Tests/Debug/net10.0/Microsoft.AspNetCore.Components.Tests.dll" adapterTypeName="executor://xunit/VsTestRunner3/netcore/" className="Microsoft.AspNetCore.Components.Test.RenderTreeDiffBuilderTest" name="RejectsClashingKeysInNewTree" />
    </UnitTest>
    <UnitTest name="Microsoft.AspNetCore.Components.CascadingParameterStateTest.FindCascadingParameters_InheritedParameters_ReturnsMatches" storage="/home/runner/work/aspnetcore/aspnetcore/artifacts/bin/microsoft.aspnetcore.components.tests/debug/net10.0/microsoft.aspnetcore.components.tests.dll" id="1b2bff83-5c37-3650-c63c-30a0a581e523">
      <Execution id="8ec72686-5f6b-4b74-8b9a-e9a0cbce4548" />
      <TestMethod codeBase="/home/runner/work/aspnetcore/aspnetcore/artifacts/bin/Microsoft.AspNetCore.Components.Tests/Debug/net10.0/Microsoft.AspNetCore.Components.Tests.dll" adapterTypeName="executor://xunit/VsTestRunner3/netcore/" className="Microsoft.AspNetCore.Components.CascadingParameterStateTest" name="FindCascadingParameters_InheritedParameters_ReturnsMatches" />
    </UnitTest>
    <UnitTest name="Microsoft.AspNetCore.Components.EventCallbackTest.EventCallbackOfT_FuncTask_Null" storage="/home/runner/work/aspnetcore/aspnetcore/artifacts/bin/microsoft.aspnetcore.components.tests/debug/net10.0/microsoft.aspnetcore.components.tests.dll" id="51ccd957-d985-433f-b36c-6d5b994d808c">
      <Execution id="221b9848-28bd-420f-a402-9bc5a71e155b" />
      <TestMethod codeBase="/home/runner/work/aspnetcore/aspnetcore/artifacts/bin/Microsoft.AspNetCore.Components.Tests/Debug/net10.0/Microsoft.AspNetCore.Components.Tests.dll" adapterTypeName="executor://xunit/VsTestRunner3/netcore/" className="Microsoft.AspNetCore.Components.EventCallbackTest" name="EventCallbackOfT_FuncTask_Null" />
    </UnitTest>
    <UnitTest name="Microsoft.AspNetCore.Components.BindConverterTest.FormatValue_Int" storage="/home/runner/work/aspnetcore/aspnetcore/artifacts/bin/microsoft.aspnetcore.components.tests/debug/net10.0/microsoft.aspnetcore.components.tests.dll" id="f2471a80-917a-1f7f-dc7f-a6cfdf7bdc83">
      <Execution id="ade2c368-6a02-476f-9dcb-2952f725dac5" />
      <TestMethod codeBase="/home/runner/work/aspnetcore/aspnetcore/artifacts/bin/Microsoft.AspNetCore.Components.Tests/Debug/net10.0/Microsoft.AspNetCore.Components.Tests.dll" adapterTypeName="executor://xunit/VsTestRunner3/netcore/" className="Microsoft.AspNetCore.Components.BindConverterTest" name="FormatValue_Int" />
    </UnitTest>
    <UnitTest name="Microsoft.AspNetCore.Components.NavigationManagerTest.LocationChangingHandlers_CanContinueTheNavigationAsynchronously_WhenOneHandlerIsRegistered" storage="/home/runner/work/aspnetcore/aspnetcore/artifacts/bin/microsoft.aspnetcore.components.tests/debug/net10.0/microsoft.aspnetcore.components.tests.dll" id="c7b5f0c0-c409-93a6-a5b6-ade3fce2ad11">
      <Execution id="e55fde80-c077-4519-976d-85ff6c4a4f3b" />
      <TestMethod codeBase="/home/runner/work/aspnetcore/aspnetcore/artifacts/bin/Microsoft.AspNetCore.Components.Tests/Debug/net10.0/Microsoft.AspNetCore.Components.Tests.dll" adapterTypeName="executor://xunit/VsTestRunner3/netcore/" className="Microsoft.AspNetCore.Components.NavigationManagerTest" name="LocationChangingHandlers_CanContinueTheNavigationAsynchronously_WhenOneHandlerIsRegistered" />
    </UnitTest>
    <UnitTest name="Microsoft.AspNetCore.Components.ParameterViewTest.DeclaredParametersVaryOnlyByCase_Throws" storage="/home/runner/work/aspnetcore/aspnetcore/artifacts/bin/microsoft.aspnetcore.components.tests/debug/net10.0/microsoft.aspnetcore.components.tests.dll" id="1d7aadf5-b89e-4339-1fde-0186b7646a6b">
      <Execution id="b3a471d6-ce8a-483e-990b-dca5406185fc" />
      <TestMethod codeBase="/home/runner/work/aspnetcore/aspnetcore/artifacts/bin/Microsoft.AspNetCore.Components.Tests/Debug/net10.0/Microsoft.AspNetCore.Components.Tests.dll" adapterTypeName="executor://xunit/VsTestRunner3/netcore/" className="Microsoft.AspNetCore.Components.ParameterViewTest" name="DeclaredParametersVaryOnlyByCase_Throws" />
    </UnitTest>
    <UnitTest name="Microsoft.AspNetCore.Components.Rendering.RenderTreeBuilderTest.ProcessDuplicateAttributes_DoesNotRemoveDuplicatesWithoutAddMultipleAttributes" storage="/home/runner/work/aspnetcore/aspnetcore/artifacts/bin/microsoft.aspnetcore.components.tests/debug/net10.0/microsoft.aspnetcore.components.tests.dll" id="c35a814e-9384-7acc-ddbe-abf15dd24711">
      <Execution id="ffc32b37-027f-4190-8e50-06c27d6e16ca" />
      <TestMethod codeBase="/home/runner/work/aspnetcore/aspnetcore/artifacts/bin/Microsoft.AspNetCore.Components.Tests/Debug/net10.0/Microsoft.AspNetCore.Components.Tests.dll" adapterTypeName="executor://xunit/VsTestRunner3/netcore/" className="Microsoft.AspNetCore.Components.Rendering.RenderTreeBuilderTest" name="ProcessDuplicateAttributes_DoesNotRemoveDuplicatesWithoutAddMultipleAttributes" />
    </UnitTest>
    <UnitTest name="Microsoft.AspNetCore.Components.Routing.RouteTableFactoryTests.PrefersRoutesThatMatchMoreSegments" storage="/home/runner/work/aspnetcore/aspnetcore/artifacts/bin/microsoft.aspnetcore.components.tests/debug/net10.0/microsoft.aspnetcore.components.tests.dll" id="6f8db2a7-071c-d418-c1ae-5a64ece4fd33">
      <Execution id="5da57589-d579-421d-9111-0ecee037c98d" />
      <TestMethod codeBase="/home/runner/work/aspnetcore/aspnetcore/artifacts/bin/Microsoft.AspNetCore.Components.Tests/Debug/net10.0/Microsoft.AspNetCore.Components.Tests.dll" adapterTypeName="executor://xunit/VsTestRunner3/netcore/" className="Microsoft.AspNetCore.Components.Routing.RouteTableFactoryTests" name="PrefersRoutesThatMatchMoreSegments" />
    </UnitTest>
    <UnitTest name="Microsoft.AspNetCore.Components.Rendering.RendererSynchronizationContextTest.InvokeAsync_Action_CanRethrowExceptions" storage="/home/runner/work/aspnetcore/aspnetcore/artifacts/bin/microsoft.aspnetcore.components.tests/debug/net10.0/microsoft.aspnetcore.components.tests.dll" id="d5de9f83-2f57-b974-7739-faa0c4f2faf2">
      <Execution id="6c7ded81-fda2-482e-8bc7-905a8ec27b59" />
      <TestMethod codeBase="/home/runner/work/aspnetcore/aspnetcore/artifacts/bin/Microsoft.AspNetCore.Components.Tests/Debug/net10.0/Microsoft.AspNetCore.Components.Tests.dll" adapterTypeName="executor://xunit/VsTestRunner3/netcore/" className="Microsoft.AspNetCore.Components.Rendering.RendererSynchronizationContextTest" name="InvokeAsync_Action_CanRethrowExceptions" />
    </UnitTest>
    <UnitTest name="Microsoft.AspNetCore.Components.ComponentFactoryTest.InstantiateComponent_WithRenderModeOnCallSite_UsesRenderModeResolver" storage="/home/runner/work/aspnetcore/aspnetcore/artifacts/bin/microsoft.aspnetcore.components.tests/debug/net10.0/microsoft.aspnetcore.components.tests.dll" id="7b6483b7-b933-1c4e-ecb1-6b13dd9fb812">
      <Execution id="c739c58b-f117-4f77-bb10-cb4288c84c47" />
      <TestMethod codeBase="/home/runner/work/aspnetcore/aspnetcore/artifacts/bin/Microsoft.AspNetCore.Components.Tests/Debug/net10.0/Microsoft.AspNetCore.Components.Tests.dll" adapterTypeName="executor://xunit/VsTestRunner3/netcore/" className="Microsoft.AspNetCore.Components.ComponentFactoryTest" name="InstantiateComponent_WithRenderModeOnCallSite_UsesRenderModeResolver" />
    </UnitTest>
    <UnitTest name="Microsoft.AspNetCore.Components.Routing.RouteTableFactoryTests.ThrowsWhenCatchAllIsNotTheLastSegment(template: &quot;prefix/{*catchall}/{*other}&quot;)" storage="/home/runner/work/aspnetcore/aspnetcore/artifacts/bin/microsoft.aspnetcore.components.tests/debug/net10.0/microsoft.aspnetcore.components.tests.dll" id="3bd5f0e6-a898-4764-8e91-93aad44dad43">
      <Execution id="603b1533-1ccf-402c-b71c-f12e0ea6636d" />
      <TestMethod codeBase="/home/runner/work/aspnetcore/aspnetcore/artifacts/bin/Microsoft.AspNetCore.Components.Tests/Debug/net10.0/Microsoft.AspNetCore.Components.Tests.dll" adapterTypeName="executor://xunit/VsTestRunner3/netcore/" className="Microsoft.AspNetCore.Components.Routing.RouteTableFactoryTests" name="ThrowsWhenCatchAllIsNotTheLastSegment" />
    </UnitTest>
    <UnitTest name="Microsoft.AspNetCore.Components.DynamicComponentTest.CanRenderComponentByType" storage="/home/runner/work/aspnetcore/aspnetcore/artifacts/bin/microsoft.aspnetcore.components.tests/debug/net10.0/microsoft.aspnetcore.components.tests.dll" id="933a3406-64f7-b6d0-698f-b5a2ef13ba18">
      <Execution id="87dae2c5-e48d-42bc-85fe-633a21a3aba7" />
      <TestMethod codeBase="/home/runner/work/aspnetcore/aspnetcore/artifacts/bin/Microsoft.AspNetCore.Components.Tests/Debug/net10.0/Microsoft.AspNetCore.Components.Tests.dll" adapterTypeName="executor://xunit/VsTestRunner3/netcore/" className="Microsoft.AspNetCore.Components.DynamicComponentTest" name="CanRenderComponentByType" />
    </UnitTest>
    <UnitTest name="Microsoft.AspNetCore.Components.ComponentStatePersistenceManagerTest.PersistStateAsync_InvokesAllCallbacksEvenIfACallbackIsRemovedAsPartOfRunningIt" storage="/home/runner/work/aspnetcore/aspnetcore/artifacts/bin/microsoft.aspnetcore.components.tests/debug/net10.0/microsoft.aspnetcore.components.tests.dll" id="77104ad1-2a19-a3b9-6573-66b01e87eaa0">
      <Execution id="872c95af-a3ff-42a6-b985-51ab710eea6b" />
      <TestMethod codeBase="/home/runner/work/aspnetcore/aspnetcore/artifacts/bin/Microsoft.AspNetCore.Components.Tests/Debug/net10.0/Microsoft.AspNetCore.Components.Tests.dll" adapterTypeName="executor://xunit/VsTestRunner3/netcore/" className="Microsoft.AspNetCore.Components.ComponentStatePersistenceManagerTest" name="PersistStateAsync_InvokesAllCallbacksEvenIfACallbackIsRemovedAsPartOfRunningIt" />
    </UnitTest>
    <UnitTest name="Microsoft.AspNetCore.Components.Routing.RouteTableFactoryTests.CanMatchOptionalParameterWithoutConstraints" storage="/home/runner/work/aspnetcore/aspnetcore/artifacts/bin/microsoft.aspnetcore.components.tests/debug/net10.0/microsoft.aspnetcore.components.tests.dll" id="d1ba6488-e46b-c137-7209-d24a9cd97d05">
      <Execution id="01348e83-7071-43d4-9b35-280a7ec3eef5" />
      <TestMethod codeBase="/home/runner/work/aspnetcore/aspnetcore/artifacts/bin/Microsoft.AspNetCore.Components.Tests/Debug/net10.0/Microsoft.AspNetCore.Components.Tests.dll" adapterTypeName="executor://xunit/VsTestRunner3/netcore/" className="Microsoft.AspNetCore.Components.Routing.RouteTableFactoryTests" name="CanMatchOptionalParameterWithoutConstraints" />
    </UnitTest>
    <UnitTest name="Microsoft.AspNetCore.Components.PersistentState.PersistentServicesRegistryTest.PersistStateAsync_PersistsServiceProperties" storage="/home/runner/work/aspnetcore/aspnetcore/artifacts/bin/microsoft.aspnetcore.components.tests/debug/net10.0/microsoft.aspnetcore.components.tests.dll" id="c680db2f-0852-0119-fe23-410188617f76">
      <Execution id="37e262a2-4cb3-4892-891e-bb0d4dd13976" />
      <TestMethod codeBase="/home/runner/work/aspnetcore/aspnetcore/artifacts/bin/Microsoft.AspNetCore.Components.Tests/Debug/net10.0/Microsoft.AspNetCore.Components.Tests.dll" adapterTypeName="executor://xunit/VsTestRunner3/netcore/" className="Microsoft.AspNetCore.Components.PersistentState.PersistentServicesRegistryTest" name="PersistStateAsync_PersistsServiceProperties" />
    </UnitTest>
    <UnitTest name="Microsoft.AspNetCore.Components.Test.RenderTreeUpdaterTest.OmitsAttributeIfNotFoundButValueIsOmissible" storage="/home/runner/work/aspnetcore/aspnetcore/artifacts/bin/microsoft.aspnetcore.components.tests/debug/net10.0/microsoft.aspnetcore.components.tests.dll" id="6b98b11a-8ccf-6f7d-4eb5-1584f44c69bf">
      <Execution id="87c7da86-c266-4f03-9275-52128c2c8e6a" />
      <TestMethod codeBase="/home/runner/work/aspnetcore/aspnetcore/artifacts/bin/Microsoft.AspNetCore.Components.Tests/Debug/net10.0/Microsoft.AspNetCore.Components.Tests.dll" adapterTypeName="executor://xunit/VsTestRunner3/netcore/" className="Microsoft.AspNetCore.Components.Test.RenderTreeUpdaterTest" name="OmitsAttributeIfNotFoundButValueIsOmissible" />
    </UnitTest>
    <UnitTest name="Microsoft.AspNetCore.Components.Test.RenderTreeDiffBuilderTest.RecognizesRemovedRegions" storage="/home/runner/work/aspnetcore/aspnetcore/artifacts/bin/microsoft.aspnetcore.components.tests/debug/net10.0/microsoft.aspnetcore.components.tests.dll" id="e109a630-ae72-b70c-3980-38878814d6df">
      <Execution id="8dd67ad7-b201-46c2-88ed-e4a7f8a2497d" />
      <TestMethod codeBase="/home/runner/work/aspnetcore/aspnetcore/artifacts/bin/Microsoft.AspNetCore.Components.Tests/Debug/net10.0/Microsoft.AspNetCore.Components.Tests.dll" adapterTypeName="executor://xunit/VsTestRunner3/netcore/" className="Microsoft.AspNetCore.Components.Test.RenderTreeDiffBuilderTest" name="RecognizesRemovedRegions" />
    </UnitTest>
    <UnitTest name="Microsoft.AspNetCore.Components.Rendering.RenderTreeBuilderTest.CannotAddComponentReferenceCaptureInsideElement" storage="/home/runner/work/aspnetcore/aspnetcore/artifacts/bin/microsoft.aspnetcore.components.tests/debug/net10.0/microsoft.aspnetcore.components.tests.dll" id="bca2ad5c-47df-5e28-1972-71afed63384f">
      <Execution id="5fed4c43-75ab-42a1-898e-51110839c5dc" />
      <TestMethod codeBase="/home/runner/work/aspnetcore/aspnetcore/artifacts/bin/Microsoft.AspNetCore.Components.Tests/Debug/net10.0/Microsoft.AspNetCore.Components.Tests.dll" adapterTypeName="executor://xunit/VsTestRunner3/netcore/" className="Microsoft.AspNetCore.Components.Rendering.RenderTreeBuilderTest" name="CannotAddComponentReferenceCaptureInsideElement" />
    </UnitTest>
    <UnitTest name="Microsoft.AspNetCore.Components.CascadingParameterStateTest.FindCascadingParameters_MultipleMatchingAncestors_ReturnsClosestMatches" storage="/home/runner/work/aspnetcore/aspnetcore/artifacts/bin/microsoft.aspnetcore.components.tests/debug/net10.0/microsoft.aspnetcore.components.tests.dll" id="854f00f2-309c-74d6-c1a4-72f0ffde0b08">
      <Execution id="541e5ba4-a656-4e18-a498-0049b231c460" />
      <TestMethod codeBase="/home/runner/work/aspnetcore/aspnetcore/artifacts/bin/Microsoft.AspNetCore.Components.Tests/Debug/net10.0/Microsoft.AspNetCore.Components.Tests.dll" adapterTypeName="executor://xunit/VsTestRunner3/netcore/" className="Microsoft.AspNetCore.Components.CascadingParameterStateTest" name="FindCascadingParameters_MultipleMatchingAncestors_ReturnsClosestMatches" />
    </UnitTest>
    <UnitTest name="Microsoft.AspNetCore.Components.NavigationManagerTest.ComputesCorrectBaseUri(baseUri: &quot;scheme://host/&quot;, expectedResult: &quot;scheme://host/&quot;)" storage="/home/runner/work/aspnetcore/aspnetcore/artifacts/bin/microsoft.aspnetcore.components.tests/debug/net10.0/microsoft.aspnetcore.components.tests.dll" id="4bbfaaba-c4b8-91ea-5798-d4e2df29aa20">
      <Execution id="661d55e3-e18a-4bf6-a24e-54090c253714" />
      <TestMethod codeBase="/home/runner/work/aspnetcore/aspnetcore/artifacts/bin/Microsoft.AspNetCore.Components.Tests/Debug/net10.0/Microsoft.AspNetCore.Components.Tests.dll" adapterTypeName="executor://xunit/VsTestRunner3/netcore/" className="Microsoft.AspNetCore.Components.NavigationManagerTest" name="ComputesCorrectBaseUri" />
    </UnitTest>
    <UnitTest name="Microsoft.AspNetCore.Components.Test.RendererTest.DispatchEventAsync_EventCallback_SynchronousCompletion" storage="/home/runner/work/aspnetcore/aspnetcore/artifacts/bin/microsoft.aspnetcore.components.tests/debug/net10.0/microsoft.aspnetcore.components.tests.dll" id="4a38998d-a3b2-0927-4ef3-f88ed0f19696">
      <Execution id="747f5682-9a6a-4410-bd44-15da28a91ae7" />
      <TestMethod codeBase="/home/runner/work/aspnetcore/aspnetcore/artifacts/bin/Microsoft.AspNetCore.Components.Tests/Debug/net10.0/Microsoft.AspNetCore.Components.Tests.dll" adapterTypeName="executor://xunit/VsTestRunner3/netcore/" className="Microsoft.AspNetCore.Components.Test.RendererTest" name="DispatchEventAsync_EventCallback_SynchronousCompletion" />
    </UnitTest>
    <UnitTest name="Microsoft.AspNetCore.Components.Routing.RouteTableFactoryTests.DoesNotThrowForNonAmbiguousRoutes(first: &quot;{param}/{*catchAll}&quot;, second: &quot;{param}/{optional?}&quot;)" storage="/home/runner/work/aspnetcore/aspnetcore/artifacts/bin/microsoft.aspnetcore.components.tests/debug/net10.0/microsoft.aspnetcore.components.tests.dll" id="fb6a888f-3f0e-5222-cc4c-163e04022e10">
      <Execution id="fc7fabcb-cf13-4ba5-bdff-fe1a5e5ccacf" />
      <TestMethod codeBase="/home/runner/work/aspnetcore/aspnetcore/artifacts/bin/Microsoft.AspNetCore.Components.Tests/Debug/net10.0/Microsoft.AspNetCore.Components.Tests.dll" adapterTypeName="executor://xunit/VsTestRunner3/netcore/" className="Microsoft.AspNetCore.Components.Routing.RouteTableFactoryTests" name="DoesNotThrowForNonAmbiguousRoutes" />
    </UnitTest>
    <UnitTest name="Microsoft.AspNetCore.Components.EventCallbackFactoryTest.CreateT_FuncTTask_Null" storage="/home/runner/work/aspnetcore/aspnetcore/artifacts/bin/microsoft.aspnetcore.components.tests/debug/net10.0/microsoft.aspnetcore.components.tests.dll" id="8a7a7267-5669-4beb-5c25-779a3c4dcb87">
      <Execution id="eb747a13-d944-4ad4-9028-bddc6cdc949a" />
      <TestMethod codeBase="/home/runner/work/aspnetcore/aspnetcore/artifacts/bin/Microsoft.AspNetCore.Components.Tests/Debug/net10.0/Microsoft.AspNetCore.Components.Tests.dll" adapterTypeName="executor://xunit/VsTestRunner3/netcore/" className="Microsoft.AspNetCore.Components.EventCallbackFactoryTest" name="CreateT_FuncTTask_Null" />
    </UnitTest>
    <UnitTest name="Microsoft.AspNetCore.Components.BindConverterTest.FormatValue_DateTime" storage="/home/runner/work/aspnetcore/aspnetcore/artifacts/bin/microsoft.aspnetcore.components.tests/debug/net10.0/microsoft.aspnetcore.components.tests.dll" id="1f8888d0-974d-1253-c62e-e8da2f6e9380">
      <Execution id="d752971c-531b-4c91-8de1-81a323b1e708" />
      <TestMethod codeBase="/home/runner/work/aspnetcore/aspnetcore/artifacts/bin/Microsoft.AspNetCore.Components.Tests/Debug/net10.0/Microsoft.AspNetCore.Components.Tests.dll" adapterTypeName="executor://xunit/VsTestRunner3/netcore/" className="Microsoft.AspNetCore.Components.BindConverterTest" name="FormatValue_DateTime" />
    </UnitTest>
    <UnitTest name="Microsoft.AspNetCore.Components.Test.RenderTreeDiffBuilderTest.RecognizesKeyedComponentInsertions" storage="/home/runner/work/aspnetcore/aspnetcore/artifacts/bin/microsoft.aspnetcore.components.tests/debug/net10.0/microsoft.aspnetcore.components.tests.dll" id="648737fe-386c-c2ea-b1de-531710f33395">
      <Execution id="78ebce91-65a1-4878-bd99-81e4564e4f0c" />
      <TestMethod codeBase="/home/runner/work/aspnetcore/aspnetcore/artifacts/bin/Microsoft.AspNetCore.Components.Tests/Debug/net10.0/Microsoft.AspNetCore.Components.Tests.dll" adapterTypeName="executor://xunit/VsTestRunner3/netcore/" className="Microsoft.AspNetCore.Components.Test.RenderTreeDiffBuilderTest" name="RecognizesKeyedComponentInsertions" />
    </UnitTest>
    <UnitTest name="Microsoft.AspNetCore.Components.ParameterViewTest.CanGetValueOrDefault_WithMultipleMatchingValues" storage="/home/runner/work/aspnetcore/aspnetcore/artifacts/bin/microsoft.aspnetcore.components.tests/debug/net10.0/microsoft.aspnetcore.components.tests.dll" id="c8b608c7-3097-d3d9-2961-baebb1a1cc1e">
      <Execution id="2a1c9110-8a0d-477d-86b7-a193dc083664" />
      <TestMethod codeBase="/home/runner/work/aspnetcore/aspnetcore/artifacts/bin/Microsoft.AspNetCore.Components.Tests/Debug/net10.0/Microsoft.AspNetCore.Components.Tests.dll" adapterTypeName="executor://xunit/VsTestRunner3/netcore/" className="Microsoft.AspNetCore.Components.ParameterViewTest" name="CanGetValueOrDefault_WithMultipleMatchingValues" />
    </UnitTest>
    <UnitTest name="Microsoft.AspNetCore.Components.Rendering.RenderTreeBuilderTest.CanAddMultipleAttributes_WithChildRegion" storage="/home/runner/work/aspnetcore/aspnetcore/artifacts/bin/microsoft.aspnetcore.components.tests/debug/net10.0/microsoft.aspnetcore.components.tests.dll" id="0c5d354b-d444-9e37-afe4-38b9ea9dc1a1">
      <Execution id="c6a63c91-4b40-455e-89bd-2de9975000dd" />
      <TestMethod codeBase="/home/runner/work/aspnetcore/aspnetcore/artifacts/bin/Microsoft.AspNetCore.Components.Tests/Debug/net10.0/Microsoft.AspNetCore.Components.Tests.dll" adapterTypeName="executor://xunit/VsTestRunner3/netcore/" className="Microsoft.AspNetCore.Components.Rendering.RenderTreeBuilderTest" name="CanAddMultipleAttributes_WithChildRegion" />
    </UnitTest>
    <UnitTest name="Microsoft.AspNetCore.Components.Rendering.RenderTreeBuilderTest.CanAddMultipleAttributes_AllowsNull" storage="/home/runner/work/aspnetcore/aspnetcore/artifacts/bin/microsoft.aspnetcore.components.tests/debug/net10.0/microsoft.aspnetcore.components.tests.dll" id="9c40fd8b-8ed6-80e2-e886-3cdff6a03bcc">
      <Execution id="913ad722-3303-45d5-ba7e-924299530e79" />
      <TestMethod codeBase="/home/runner/work/aspnetcore/aspnetcore/artifacts/bin/Microsoft.AspNetCore.Components.Tests/Debug/net10.0/Microsoft.AspNetCore.Components.Tests.dll" adapterTypeName="executor://xunit/VsTestRunner3/netcore/" className="Microsoft.AspNetCore.Components.Rendering.RenderTreeBuilderTest" name="CanAddMultipleAttributes_AllowsNull" />
    </UnitTest>
    <UnitTest name="Microsoft.AspNetCore.Components.Test.CascadingParameterTest.CanHaveManySubscribers(numSubscribers: 128)" storage="/home/runner/work/aspnetcore/aspnetcore/artifacts/bin/microsoft.aspnetcore.components.tests/debug/net10.0/microsoft.aspnetcore.components.tests.dll" id="40b64cb7-a0ad-328d-3438-891a5dc934e6">
      <Execution id="cca54ffc-60ce-43e9-8f6d-5a47589c240e" />
      <TestMethod codeBase="/home/runner/work/aspnetcore/aspnetcore/artifacts/bin/Microsoft.AspNetCore.Components.Tests/Debug/net10.0/Microsoft.AspNetCore.Components.Tests.dll" adapterTypeName="executor://xunit/VsTestRunner3/netcore/" className="Microsoft.AspNetCore.Components.Test.CascadingParameterTest" name="CanHaveManySubscribers" />
    </UnitTest>
    <UnitTest name="Microsoft.AspNetCore.Components.BindConverterTest.FormatValue_NullableBool_Generic" storage="/home/runner/work/aspnetcore/aspnetcore/artifacts/bin/microsoft.aspnetcore.components.tests/debug/net10.0/microsoft.aspnetcore.components.tests.dll" id="c212f440-7b46-cb8e-5eb3-cc3bf3530739">
      <Execution id="a38bea7a-7e65-4946-97a3-a0829b4880e6" />
      <TestMethod codeBase="/home/runner/work/aspnetcore/aspnetcore/artifacts/bin/Microsoft.AspNetCore.Components.Tests/Debug/net10.0/Microsoft.AspNetCore.Components.Tests.dll" adapterTypeName="executor://xunit/VsTestRunner3/netcore/" className="Microsoft.AspNetCore.Components.BindConverterTest" name="FormatValue_NullableBool_Generic" />
    </UnitTest>
    <UnitTest name="Microsoft.AspNetCore.Components.Rendering.RenderTreeBuilderTest.CanNestElements" storage="/home/runner/work/aspnetcore/aspnetcore/artifacts/bin/microsoft.aspnetcore.components.tests/debug/net10.0/microsoft.aspnetcore.components.tests.dll" id="827ca186-0c29-b61e-9e2f-035ce5286d39">
      <Execution id="cd839999-c7ad-4e27-ac7d-13803c7b4cef" />
      <TestMethod codeBase="/home/runner/work/aspnetcore/aspnetcore/artifacts/bin/Microsoft.AspNetCore.Components.Tests/Debug/net10.0/Microsoft.AspNetCore.Components.Tests.dll" adapterTypeName="executor://xunit/VsTestRunner3/netcore/" className="Microsoft.AspNetCore.Components.Rendering.RenderTreeBuilderTest" name="CanNestElements" />
    </UnitTest>
    <UnitTest name="Microsoft.AspNetCore.Components.PersistentStateValueProviderTests.PersistenceFails_IfMultipleComponentsOfSameType_TryToPersistDataWithoutParentComponents" storage="/home/runner/work/aspnetcore/aspnetcore/artifacts/bin/microsoft.aspnetcore.components.tests/debug/net10.0/microsoft.aspnetcore.components.tests.dll" id="d71dfa1b-c4fc-3a36-d676-61bb46c12419">
      <Execution id="20c8799e-db4e-4fae-9d1f-8d210f9bda7e" />
      <TestMethod codeBase="/home/runner/work/aspnetcore/aspnetcore/artifacts/bin/Microsoft.AspNetCore.Components.Tests/Debug/net10.0/Microsoft.AspNetCore.Components.Tests.dll" adapterTypeName="executor://xunit/VsTestRunner3/netcore/" className="Microsoft.AspNetCore.Components.PersistentStateValueProviderTests" name="PersistenceFails_IfMultipleComponentsOfSameType_TryToPersistDataWithoutParentComponents" />
    </UnitTest>
    <UnitTest name="Microsoft.AspNetCore.Components.EventCallbackTest.EventCallback_Action_Null" storage="/home/runner/work/aspnetcore/aspnetcore/artifacts/bin/microsoft.aspnetcore.components.tests/debug/net10.0/microsoft.aspnetcore.components.tests.dll" id="8ca6541e-14e1-938e-2c32-f43036649250">
      <Execution id="7db41238-0ce2-438a-a1e0-47e17b601ac2" />
      <TestMethod codeBase="/home/runner/work/aspnetcore/aspnetcore/artifacts/bin/Microsoft.AspNetCore.Components.Tests/Debug/net10.0/Microsoft.AspNetCore.Components.Tests.dll" adapterTypeName="executor://xunit/VsTestRunner3/netcore/" className="Microsoft.AspNetCore.Components.EventCallbackTest" name="EventCallback_Action_Null" />
    </UnitTest>
    <UnitTest name="Microsoft.AspNetCore.Components.Rendering.RenderTreeBuilderTest.ClosedElementsHaveCorrectSubtreeLength" storage="/home/runner/work/aspnetcore/aspnetcore/artifacts/bin/microsoft.aspnetcore.components.tests/debug/net10.0/microsoft.aspnetcore.components.tests.dll" id="d4eedd99-b110-4265-f758-a8dd5d74eaea">
      <Execution id="7537a6c2-e875-48ea-a4cf-75c78cfc8e89" />
      <TestMethod codeBase="/home/runner/work/aspnetcore/aspnetcore/artifacts/bin/Microsoft.AspNetCore.Components.Tests/Debug/net10.0/Microsoft.AspNetCore.Components.Tests.dll" adapterTypeName="executor://xunit/VsTestRunner3/netcore/" className="Microsoft.AspNetCore.Components.Rendering.RenderTreeBuilderTest" name="ClosedElementsHaveCorrectSubtreeLength" />
    </UnitTest>
    <UnitTest name="Microsoft.AspNetCore.Components.EventCallbackTest.EventCallback_ActionT_ArgMismatch" storage="/home/runner/work/aspnetcore/aspnetcore/artifacts/bin/microsoft.aspnetcore.components.tests/debug/net10.0/microsoft.aspnetcore.components.tests.dll" id="a3818f0a-ee32-0fd4-3965-1c946a2f4bbe">
      <Execution id="f068858b-5b85-41d0-b621-499523a2bf38" />
      <TestMethod codeBase="/home/runner/work/aspnetcore/aspnetcore/artifacts/bin/Microsoft.AspNetCore.Components.Tests/Debug/net10.0/Microsoft.AspNetCore.Components.Tests.dll" adapterTypeName="executor://xunit/VsTestRunner3/netcore/" className="Microsoft.AspNetCore.Components.EventCallbackTest" name="EventCallback_ActionT_ArgMismatch" />
    </UnitTest>
    <UnitTest name="Microsoft.AspNetCore.Components.Routing.QueryParameterValueSupplierTest.RejectsUnparseableArrayEntries(key: &quot;BoolVals&quot;, validValue: &quot;true&quot;, invalidValue: &quot;abc&quot;, targetType: typeof(bool))" storage="/home/runner/work/aspnetcore/aspnetcore/artifacts/bin/microsoft.aspnetcore.components.tests/debug/net10.0/microsoft.aspnetcore.components.tests.dll" id="143f041c-80a7-9ed5-9f87-f1d012b09e0b">
      <Execution id="ad48bdc4-4880-4d65-8846-afc210e929df" />
      <TestMethod codeBase="/home/runner/work/aspnetcore/aspnetcore/artifacts/bin/Microsoft.AspNetCore.Components.Tests/Debug/net10.0/Microsoft.AspNetCore.Components.Tests.dll" adapterTypeName="executor://xunit/VsTestRunner3/netcore/" className="Microsoft.AspNetCore.Components.Routing.QueryParameterValueSupplierTest" name="RejectsUnparseableArrayEntries" />
    </UnitTest>
    <UnitTest name="Microsoft.AspNetCore.Components.Rendering.RenderTreeBuilderTest.CanAddMultipleAttributes_ListKvpObject" storage="/home/runner/work/aspnetcore/aspnetcore/artifacts/bin/microsoft.aspnetcore.components.tests/debug/net10.0/microsoft.aspnetcore.components.tests.dll" id="dbff81b8-932a-53eb-0e70-56d8723fbce2">
      <Execution id="6e95689d-5b68-4ea0-881f-af1d17748a0c" />
      <TestMethod codeBase="/home/runner/work/aspnetcore/aspnetcore/artifacts/bin/Microsoft.AspNetCore.Components.Tests/Debug/net10.0/Microsoft.AspNetCore.Components.Tests.dll" adapterTypeName="executor://xunit/VsTestRunner3/netcore/" className="Microsoft.AspNetCore.Components.Rendering.RenderTreeBuilderTest" name="CanAddMultipleAttributes_ListKvpObject" />
    </UnitTest>
    <UnitTest name="Microsoft.AspNetCore.Components.NavigationManagerTest.GetUriWithQueryParameters_CanAddUpdateAndRemove(baseUri: &quot;scheme://host/&quot;, expectedUri: &quot;scheme://host/?age=25&amp;eye%20color=green&quot;)" storage="/home/runner/work/aspnetcore/aspnetcore/artifacts/bin/microsoft.aspnetcore.components.tests/debug/net10.0/microsoft.aspnetcore.components.tests.dll" id="b9302f12-001c-def8-159b-dfab6e7b9b4a">
      <Execution id="d0bde564-6213-4ac9-8f44-f8d4cd6e25f4" />
      <TestMethod codeBase="/home/runner/work/aspnetcore/aspnetcore/artifacts/bin/Microsoft.AspNetCore.Components.Tests/Debug/net10.0/Microsoft.AspNetCore.Components.Tests.dll" adapterTypeName="executor://xunit/VsTestRunner3/netcore/" className="Microsoft.AspNetCore.Components.NavigationManagerTest" name="GetUriWithQueryParameters_CanAddUpdateAndRemove" />
    </UnitTest>
    <UnitTest name="Microsoft.AspNetCore.Components.Routing.RouteTableFactoryTests.CorrectlyMatchesVariableLengthSegments(path: &quot;/literal&quot;, expectedValue: null, first: &quot;literal&quot;, second: &quot;literal/{parameter?}&quot;, handler: typeof(Microsoft.AspNetCore.Components.Routing.RouteTableFactoryTests+TestHandler1))" storage="/home/runner/work/aspnetcore/aspnetcore/artifacts/bin/microsoft.aspnetcore.components.tests/debug/net10.0/microsoft.aspnetcore.components.tests.dll" id="7874ddcf-b9f0-18bf-6f93-3e77bd0ad0fa">
      <Execution id="2208f7f3-3e5b-44fa-84e6-64f8e47594ce" />
      <TestMethod codeBase="/home/runner/work/aspnetcore/aspnetcore/artifacts/bin/Microsoft.AspNetCore.Components.Tests/Debug/net10.0/Microsoft.AspNetCore.Components.Tests.dll" adapterTypeName="executor://xunit/VsTestRunner3/netcore/" className="Microsoft.AspNetCore.Components.Routing.RouteTableFactoryTests" name="CorrectlyMatchesVariableLengthSegments" />
    </UnitTest>
    <UnitTest name="Microsoft.AspNetCore.Components.Test.RenderTreeDiffBuilderTest.RecognizesNamedEventBeingAdded" storage="/home/runner/work/aspnetcore/aspnetcore/artifacts/bin/microsoft.aspnetcore.components.tests/debug/net10.0/microsoft.aspnetcore.components.tests.dll" id="9bfb982f-77b4-df3c-1634-2de98daacf5b">
      <Execution id="ea69495c-01b3-4bcc-9d86-d3d1ab2b11a8" />
      <TestMethod codeBase="/home/runner/work/aspnetcore/aspnetcore/artifacts/bin/Microsoft.AspNetCore.Components.Tests/Debug/net10.0/Microsoft.AspNetCore.Components.Tests.dll" adapterTypeName="executor://xunit/VsTestRunner3/netcore/" className="Microsoft.AspNetCore.Components.Test.RenderTreeDiffBuilderTest" name="RecognizesNamedEventBeingAdded" />
    </UnitTest>
    <UnitTest name="Microsoft.AspNetCore.Components.Test.RendererTest.CanRenderAsyncNestedComponents" storage="/home/runner/work/aspnetcore/aspnetcore/artifacts/bin/microsoft.aspnetcore.components.tests/debug/net10.0/microsoft.aspnetcore.components.tests.dll" id="73fdf9a4-1f47-879d-e4aa-389a3f9e2139">
      <Execution id="78654b4a-8f83-443e-b456-6c1f4b3fa54a" />
      <TestMethod codeBase="/home/runner/work/aspnetcore/aspnetcore/artifacts/bin/Microsoft.AspNetCore.Components.Tests/Debug/net10.0/Microsoft.AspNetCore.Components.Tests.dll" adapterTypeName="executor://xunit/VsTestRunner3/netcore/" className="Microsoft.AspNetCore.Components.Test.RendererTest" name="CanRenderAsyncNestedComponents" />
    </UnitTest>
    <UnitTest name="Microsoft.AspNetCore.Components.Test.RenderTreeUpdaterTest.IgnoresUnknownEventHandlerId" storage="/home/runner/work/aspnetcore/aspnetcore/artifacts/bin/microsoft.aspnetcore.components.tests/debug/net10.0/microsoft.aspnetcore.components.tests.dll" id="1dbfac0d-6921-9fa7-0a13-4278be6b0a57">
      <Execution id="f4438af4-70d3-4180-be44-75c6155a5619" />
      <TestMethod codeBase="/home/runner/work/aspnetcore/aspnetcore/artifacts/bin/Microsoft.AspNetCore.Components.Tests/Debug/net10.0/Microsoft.AspNetCore.Components.Tests.dll" adapterTypeName="executor://xunit/VsTestRunner3/netcore/" className="Microsoft.AspNetCore.Components.Test.RenderTreeUpdaterTest" name="IgnoresUnknownEventHandlerId" />
    </UnitTest>
    <UnitTest name="Microsoft.AspNetCore.Components.Rendering.RendererSynchronizationContextTest.InvokeAsync_FuncTask_CanRunAsynchronously_WhenBusy" storage="/home/runner/work/aspnetcore/aspnetcore/artifacts/bin/microsoft.aspnetcore.components.tests/debug/net10.0/microsoft.aspnetcore.components.tests.dll" id="17ea524f-1ea7-e888-4526-761ea396984a">
      <Execution id="6f99e847-872f-41a2-8ce9-5efcf7020e3a" />
      <TestMethod codeBase="/home/runner/work/aspnetcore/aspnetcore/artifacts/bin/Microsoft.AspNetCore.Components.Tests/Debug/net10.0/Microsoft.AspNetCore.Components.Tests.dll" adapterTypeName="executor://xunit/VsTestRunner3/netcore/" className="Microsoft.AspNetCore.Components.Rendering.RendererSynchronizationContextTest" name="InvokeAsync_FuncTask_CanRunAsynchronously_WhenBusy" />
    </UnitTest>
    <UnitTest name="Microsoft.AspNetCore.Components.Test.RendererTest.DispatchEventAsync_Delegate_AsynchronousCompletion" storage="/home/runner/work/aspnetcore/aspnetcore/artifacts/bin/microsoft.aspnetcore.components.tests/debug/net10.0/microsoft.aspnetcore.components.tests.dll" id="abe52657-6fba-beee-55a1-cb8340e11ce8">
      <Execution id="5e8ef2fc-7ddc-495f-8c31-61fa4e355d1e" />
      <TestMethod codeBase="/home/runner/work/aspnetcore/aspnetcore/artifacts/bin/Microsoft.AspNetCore.Components.Tests/Debug/net10.0/Microsoft.AspNetCore.Components.Tests.dll" adapterTypeName="executor://xunit/VsTestRunner3/netcore/" className="Microsoft.AspNetCore.Components.Test.RendererTest" name="DispatchEventAsync_Delegate_AsynchronousCompletion" />
    </UnitTest>
    <UnitTest name="Microsoft.AspNetCore.Components.Routing.RouteTableFactoryTests.OptionalParameterEmpty" storage="/home/runner/work/aspnetcore/aspnetcore/artifacts/bin/microsoft.aspnetcore.components.tests/debug/net10.0/microsoft.aspnetcore.components.tests.dll" id="fbc3ef76-537d-0f89-3759-d889bd742fc4">
      <Execution id="668504b7-bfd6-4d95-b30b-bf6ff814d00d" />
      <TestMethod codeBase="/home/runner/work/aspnetcore/aspnetcore/artifacts/bin/Microsoft.AspNetCore.Components.Tests/Debug/net10.0/Microsoft.AspNetCore.Components.Tests.dll" adapterTypeName="executor://xunit/VsTestRunner3/netcore/" className="Microsoft.AspNetCore.Components.Routing.RouteTableFactoryTests" name="OptionalParameterEmpty" />
    </UnitTest>
    <UnitTest name="Microsoft.AspNetCore.Components.Routing.QueryParameterValueSupplierTest.RejectsUnparseableValues(key: &quot;NullableDateTimeVal&quot;, value: &quot;2020-02-31&quot;, targetType: typeof(DateTime?))" storage="/home/runner/work/aspnetcore/aspnetcore/artifacts/bin/microsoft.aspnetcore.components.tests/debug/net10.0/microsoft.aspnetcore.components.tests.dll" id="7e30bead-337f-eb80-0031-cca28a124eaf">
      <Execution id="3e510186-c492-417a-8ad7-eac7185dc956" />
      <TestMethod codeBase="/home/runner/work/aspnetcore/aspnetcore/artifacts/bin/Microsoft.AspNetCore.Components.Tests/Debug/net10.0/Microsoft.AspNetCore.Components.Tests.dll" adapterTypeName="executor://xunit/VsTestRunner3/netcore/" className="Microsoft.AspNetCore.Components.Routing.QueryParameterValueSupplierTest" name="RejectsUnparseableValues" />
    </UnitTest>
    <UnitTest name="Microsoft.AspNetCore.Components.Routing.RouteTableFactoryTests.CanMatchRootTemplate" storage="/home/runner/work/aspnetcore/aspnetcore/artifacts/bin/microsoft.aspnetcore.components.tests/debug/net10.0/microsoft.aspnetcore.components.tests.dll" id="febca7d2-42e6-1d75-e68e-53b2a645e318">
      <Execution id="1be7540c-9559-490b-a51d-b713f1e9d8ab" />
      <TestMethod codeBase="/home/runner/work/aspnetcore/aspnetcore/artifacts/bin/Microsoft.AspNetCore.Components.Tests/Debug/net10.0/Microsoft.AspNetCore.Components.Tests.dll" adapterTypeName="executor://xunit/VsTestRunner3/netcore/" className="Microsoft.AspNetCore.Components.Routing.RouteTableFactoryTests" name="CanMatchRootTemplate" />
    </UnitTest>
    <UnitTest name="Microsoft.AspNetCore.Components.RenderTree.ArrayBuilderTest.Insert_WhenBufferIsAtCapacity" storage="/home/runner/work/aspnetcore/aspnetcore/artifacts/bin/microsoft.aspnetcore.components.tests/debug/net10.0/microsoft.aspnetcore.components.tests.dll" id="9679f3b1-d316-e371-a99a-a9db8d077c58">
      <Execution id="6f3f94df-243d-485b-8615-007132b0a804" />
      <TestMethod codeBase="/home/runner/work/aspnetcore/aspnetcore/artifacts/bin/Microsoft.AspNetCore.Components.Tests/Debug/net10.0/Microsoft.AspNetCore.Components.Tests.dll" adapterTypeName="executor://xunit/VsTestRunner3/netcore/" className="Microsoft.AspNetCore.Components.RenderTree.ArrayBuilderTest" name="Insert_WhenBufferIsAtCapacity" />
    </UnitTest>
    <UnitTest name="Microsoft.AspNetCore.Components.EventCallbackFactoryBinderExtensionsTest.CreateBinder_NullableInt" storage="/home/runner/work/aspnetcore/aspnetcore/artifacts/bin/microsoft.aspnetcore.components.tests/debug/net10.0/microsoft.aspnetcore.components.tests.dll" id="042e4b06-e811-fabf-dcfa-e5dde6ab6f37">
      <Execution id="79f0c5a8-2428-4ec9-987a-3e415438b50a" />
      <TestMethod codeBase="/home/runner/work/aspnetcore/aspnetcore/artifacts/bin/Microsoft.AspNetCore.Components.Tests/Debug/net10.0/Microsoft.AspNetCore.Components.Tests.dll" adapterTypeName="executor://xunit/VsTestRunner3/netcore/" className="Microsoft.AspNetCore.Components.EventCallbackFactoryBinderExtensionsTest" name="CreateBinder_NullableInt" />
    </UnitTest>
    <UnitTest name="Microsoft.AspNetCore.Components.Test.RenderTreeDiffBuilderTest.AttributeDiff_WithSameSequenceNumber_AttributeAddedAtEnd" storage="/home/runner/work/aspnetcore/aspnetcore/artifacts/bin/microsoft.aspnetcore.components.tests/debug/net10.0/microsoft.aspnetcore.components.tests.dll" id="759f574e-cc95-e392-b25f-48e7b507e965">
      <Execution id="21cc8fb7-f55f-4d5c-8504-7a9878a656de" />
      <TestMethod codeBase="/home/runner/work/aspnetcore/aspnetcore/artifacts/bin/Microsoft.AspNetCore.Components.Tests/Debug/net10.0/Microsoft.AspNetCore.Components.Tests.dll" adapterTypeName="executor://xunit/VsTestRunner3/netcore/" className="Microsoft.AspNetCore.Components.Test.RenderTreeDiffBuilderTest" name="AttributeDiff_WithSameSequenceNumber_AttributeAddedAtEnd" />
    </UnitTest>
    <UnitTest name="Microsoft.AspNetCore.Components.ParameterViewTest.CannotReadAfterLifetimeExpiry" storage="/home/runner/work/aspnetcore/aspnetcore/artifacts/bin/microsoft.aspnetcore.components.tests/debug/net10.0/microsoft.aspnetcore.components.tests.dll" id="639b6493-3922-85ca-561c-da1c1afcbd53">
      <Execution id="99bc6288-2962-4856-8e2b-ba1ab86ef501" />
      <TestMethod codeBase="/home/runner/work/aspnetcore/aspnetcore/artifacts/bin/Microsoft.AspNetCore.Components.Tests/Debug/net10.0/Microsoft.AspNetCore.Components.Tests.dll" adapterTypeName="executor://xunit/VsTestRunner3/netcore/" className="Microsoft.AspNetCore.Components.ParameterViewTest" name="CannotReadAfterLifetimeExpiry" />
    </UnitTest>
    <UnitTest name="Microsoft.AspNetCore.Components.Test.RendererTest.CallsAfterRenderOnEachRender" storage="/home/runner/work/aspnetcore/aspnetcore/artifacts/bin/microsoft.aspnetcore.components.tests/debug/net10.0/microsoft.aspnetcore.components.tests.dll" id="43bff6e9-1834-16bf-ac8a-f7afadccd92b">
      <Execution id="36bf84aa-8f58-4238-a85c-5a8a530167f3" />
      <TestMethod codeBase="/home/runner/work/aspnetcore/aspnetcore/artifacts/bin/Microsoft.AspNetCore.Components.Tests/Debug/net10.0/Microsoft.AspNetCore.Components.Tests.dll" adapterTypeName="executor://xunit/VsTestRunner3/netcore/" className="Microsoft.AspNetCore.Components.Test.RendererTest" name="CallsAfterRenderOnEachRender" />
    </UnitTest>
    <UnitTest name="Microsoft.AspNetCore.Components.Test.ComponentBaseTest.RunsOnInitAsyncWhenRendered" storage="/home/runner/work/aspnetcore/aspnetcore/artifacts/bin/microsoft.aspnetcore.components.tests/debug/net10.0/microsoft.aspnetcore.components.tests.dll" id="72f93f36-eb3d-9323-b919-1fd39fe47c7a">
      <Execution id="5727662a-c03e-494c-b275-14734f563e9f" />
      <TestMethod codeBase="/home/runner/work/aspnetcore/aspnetcore/artifacts/bin/Microsoft.AspNetCore.Components.Tests/Debug/net10.0/Microsoft.AspNetCore.Components.Tests.dll" adapterTypeName="executor://xunit/VsTestRunner3/netcore/" className="Microsoft.AspNetCore.Components.Test.ComponentBaseTest" name="RunsOnInitAsyncWhenRendered" />
    </UnitTest>
    <UnitTest name="Microsoft.AspNetCore.Components.Routing.RouteTableFactoryTests.ThrowsForOptionalParametersFollowedByNonOptionalParameters" storage="/home/runner/work/aspnetcore/aspnetcore/artifacts/bin/microsoft.aspnetcore.components.tests/debug/net10.0/microsoft.aspnetcore.components.tests.dll" id="6da18163-322a-a311-a61e-335ac02db98a">
      <Execution id="d9ad1254-3eb2-417b-9316-56eb1454edb2" />
      <TestMethod codeBase="/home/runner/work/aspnetcore/aspnetcore/artifacts/bin/Microsoft.AspNetCore.Components.Tests/Debug/net10.0/Microsoft.AspNetCore.Components.Tests.dll" adapterTypeName="executor://xunit/VsTestRunner3/netcore/" className="Microsoft.AspNetCore.Components.Routing.RouteTableFactoryTests" name="ThrowsForOptionalParametersFollowedByNonOptionalParameters" />
    </UnitTest>
    <UnitTest name="Microsoft.AspNetCore.Components.Rendering.RendererSynchronizationContextTest.InvokeAsync_FuncT_CanRethrowExceptions" storage="/home/runner/work/aspnetcore/aspnetcore/artifacts/bin/microsoft.aspnetcore.components.tests/debug/net10.0/microsoft.aspnetcore.components.tests.dll" id="2e57ef53-c2e9-8040-187f-67a50519993b">
      <Execution id="7ccb2630-f83d-446e-b838-0c613806f6c7" />
      <TestMethod codeBase="/home/runner/work/aspnetcore/aspnetcore/artifacts/bin/Microsoft.AspNetCore.Components.Tests/Debug/net10.0/Microsoft.AspNetCore.Components.Tests.dll" adapterTypeName="executor://xunit/VsTestRunner3/netcore/" className="Microsoft.AspNetCore.Components.Rendering.RendererSynchronizationContextTest" name="InvokeAsync_FuncT_CanRethrowExceptions" />
    </UnitTest>
    <UnitTest name="Microsoft.AspNetCore.Components.Test.RendererTest.DispatchEventAsync_Delegate_SynchronousCompletion" storage="/home/runner/work/aspnetcore/aspnetcore/artifacts/bin/microsoft.aspnetcore.components.tests/debug/net10.0/microsoft.aspnetcore.components.tests.dll" id="f2be85e0-6529-13c2-75b2-7fd800b37ce0">
      <Execution id="c939184b-f26c-419e-ba3a-10686f49e42a" />
      <TestMethod codeBase="/home/runner/work/aspnetcore/aspnetcore/artifacts/bin/Microsoft.AspNetCore.Components.Tests/Debug/net10.0/Microsoft.AspNetCore.Components.Tests.dll" adapterTypeName="executor://xunit/VsTestRunner3/netcore/" className="Microsoft.AspNetCore.Components.Test.RendererTest" name="DispatchEventAsync_Delegate_SynchronousCompletion" />
    </UnitTest>
    <UnitTest name="Microsoft.AspNetCore.Components.Routing.RoutePatternParserTests.InvalidTemplate_WithMismatchedBraces(template: &quot;Another/p}/Literal&quot;, expectedMessage: &quot;There is an incomplete parameter in the route temp&quot;···)" storage="/home/runner/work/aspnetcore/aspnetcore/artifacts/bin/microsoft.aspnetcore.components.tests/debug/net10.0/microsoft.aspnetcore.components.tests.dll" id="ec5d73b7-1bad-9588-4c3a-96c51b850227">
      <Execution id="3ebbf4e0-4c51-4535-9394-0a3a7749c145" />
      <TestMethod codeBase="/home/runner/work/aspnetcore/aspnetcore/artifacts/bin/Microsoft.AspNetCore.Components.Tests/Debug/net10.0/Microsoft.AspNetCore.Components.Tests.dll" adapterTypeName="executor://xunit/VsTestRunner3/netcore/" className="Microsoft.AspNetCore.Components.Routing.RoutePatternParserTests" name="InvalidTemplate_WithMismatchedBraces" />
    </UnitTest>
    <UnitTest name="Microsoft.AspNetCore.Components.Rendering.ArrayBuilderSegmentTest.BasicPropertiesWork" storage="/home/runner/work/aspnetcore/aspnetcore/artifacts/bin/microsoft.aspnetcore.components.tests/debug/net10.0/microsoft.aspnetcore.components.tests.dll" id="5a799c89-7bfc-057e-b75b-36f82e8287df">
      <Execution id="8d29e770-b177-4b81-972f-9d72f43c00dd" />
      <TestMethod codeBase="/home/runner/work/aspnetcore/aspnetcore/artifacts/bin/Microsoft.AspNetCore.Components.Tests/Debug/net10.0/Microsoft.AspNetCore.Components.Tests.dll" adapterTypeName="executor://xunit/VsTestRunner3/netcore/" className="Microsoft.AspNetCore.Components.Rendering.ArrayBuilderSegmentTest" name="BasicPropertiesWork" />
    </UnitTest>
    <UnitTest name="Microsoft.AspNetCore.Components.Test.RendererTest.RenderBatch_ReportsSynchronousCancelationsAsErrors" storage="/home/runner/work/aspnetcore/aspnetcore/artifacts/bin/microsoft.aspnetcore.components.tests/debug/net10.0/microsoft.aspnetcore.components.tests.dll" id="a9f7def6-0d13-f066-9e7a-f4a1eb9afe32">
      <Execution id="992e1dfd-23df-44a3-9a72-a4e8db49b1c9" />
      <TestMethod codeBase="/home/runner/work/aspnetcore/aspnetcore/artifacts/bin/Microsoft.AspNetCore.Components.Tests/Debug/net10.0/Microsoft.AspNetCore.Components.Tests.dll" adapterTypeName="executor://xunit/VsTestRunner3/netcore/" className="Microsoft.AspNetCore.Components.Test.RendererTest" name="RenderBatch_ReportsSynchronousCancelationsAsErrors" />
    </UnitTest>
    <UnitTest name="Microsoft.AspNetCore.Components.Routing.RouteTableFactoryTests.ThrowsWhenCatchAllIsNotTheLastSegment(template: &quot;prefix/{*catchall}/{parameter?}&quot;)" storage="/home/runner/work/aspnetcore/aspnetcore/artifacts/bin/microsoft.aspnetcore.components.tests/debug/net10.0/microsoft.aspnetcore.components.tests.dll" id="857ea273-55fb-35b8-c39d-7ec2d5a3ddd8">
      <Execution id="322749f8-e5a9-448e-b98d-dbff103f0e91" />
      <TestMethod codeBase="/home/runner/work/aspnetcore/aspnetcore/artifacts/bin/Microsoft.AspNetCore.Components.Tests/Debug/net10.0/Microsoft.AspNetCore.Components.Tests.dll" adapterTypeName="executor://xunit/VsTestRunner3/netcore/" className="Microsoft.AspNetCore.Components.Routing.RouteTableFactoryTests" name="ThrowsWhenCatchAllIsNotTheLastSegment" />
    </UnitTest>
    <UnitTest name="Microsoft.AspNetCore.Components.Test.RendererTest.RenderingExceptionsCanBeHandledByClosestErrorBoundary" storage="/home/runner/work/aspnetcore/aspnetcore/artifacts/bin/microsoft.aspnetcore.components.tests/debug/net10.0/microsoft.aspnetcore.components.tests.dll" id="fb1ea6d3-ed55-3e3c-01db-435ecf109149">
      <Execution id="0161f166-c92f-46bc-a374-cc95e6a70d94" />
      <TestMethod codeBase="/home/runner/work/aspnetcore/aspnetcore/artifacts/bin/Microsoft.AspNetCore.Components.Tests/Debug/net10.0/Microsoft.AspNetCore.Components.Tests.dll" adapterTypeName="executor://xunit/VsTestRunner3/netcore/" className="Microsoft.AspNetCore.Components.Test.RendererTest" name="RenderingExceptionsCanBeHandledByClosestErrorBoundary" />
    </UnitTest>
    <UnitTest name="Microsoft.AspNetCore.Components.Rendering.RenderTreeBuilderTest.CannotAddComponentRenderModeToElement" storage="/home/runner/work/aspnetcore/aspnetcore/artifacts/bin/microsoft.aspnetcore.components.tests/debug/net10.0/microsoft.aspnetcore.components.tests.dll" id="a1a7aee5-e924-432d-2aee-ffbafa0cfc0d">
      <Execution id="361966f5-56b2-468f-ba06-5836dbdbcfc5" />
      <TestMethod codeBase="/home/runner/work/aspnetcore/aspnetcore/artifacts/bin/Microsoft.AspNetCore.Components.Tests/Debug/net10.0/Microsoft.AspNetCore.Components.Tests.dll" adapterTypeName="executor://xunit/VsTestRunner3/netcore/" className="Microsoft.AspNetCore.Components.Rendering.RenderTreeBuilderTest" name="CannotAddComponentRenderModeToElement" />
    </UnitTest>
    <UnitTest name="Microsoft.AspNetCore.Components.BindConverterTest.FormatValue_DateOnly" storage="/home/runner/work/aspnetcore/aspnetcore/artifacts/bin/microsoft.aspnetcore.components.tests/debug/net10.0/microsoft.aspnetcore.components.tests.dll" id="9b225c63-356b-e16a-fc81-e64c040fb2d2">
      <Execution id="911fde69-ace9-48ac-a382-032e13e4ef65" />
      <TestMethod codeBase="/home/runner/work/aspnetcore/aspnetcore/artifacts/bin/Microsoft.AspNetCore.Components.Tests/Debug/net10.0/Microsoft.AspNetCore.Components.Tests.dll" adapterTypeName="executor://xunit/VsTestRunner3/netcore/" className="Microsoft.AspNetCore.Components.BindConverterTest" name="FormatValue_DateOnly" />
    </UnitTest>
    <UnitTest name="Microsoft.AspNetCore.Components.Test.RenderTreeDiffBuilderTest.AttributeDiff_WithSequentialSequenceNumber_AttributeRemovedAtEnd" storage="/home/runner/work/aspnetcore/aspnetcore/artifacts/bin/microsoft.aspnetcore.components.tests/debug/net10.0/microsoft.aspnetcore.components.tests.dll" id="8821d8f0-6f93-764c-e58d-7410f30a46e2">
      <Execution id="bf6e3ffd-af5a-46ad-8d9f-ec6fe9c13044" />
      <TestMethod codeBase="/home/runner/work/aspnetcore/aspnetcore/artifacts/bin/Microsoft.AspNetCore.Components.Tests/Debug/net10.0/Microsoft.AspNetCore.Components.Tests.dll" adapterTypeName="executor://xunit/VsTestRunner3/netcore/" className="Microsoft.AspNetCore.Components.Test.RenderTreeDiffBuilderTest" name="AttributeDiff_WithSequentialSequenceNumber_AttributeRemovedAtEnd" />
    </UnitTest>
    <UnitTest name="Microsoft.AspNetCore.Components.Test.ComponentBaseTest.DoesNotRenderAfterOnInitAsyncTaskIsCancelled" storage="/home/runner/work/aspnetcore/aspnetcore/artifacts/bin/microsoft.aspnetcore.components.tests/debug/net10.0/microsoft.aspnetcore.components.tests.dll" id="4d7bffe4-2a22-3aee-6e80-fc4697376ea5">
      <Execution id="31813af3-35b7-4161-95f9-2506dfb41e1f" />
      <TestMethod codeBase="/home/runner/work/aspnetcore/aspnetcore/artifacts/bin/Microsoft.AspNetCore.Components.Tests/Debug/net10.0/Microsoft.AspNetCore.Components.Tests.dll" adapterTypeName="executor://xunit/VsTestRunner3/netcore/" className="Microsoft.AspNetCore.Components.Test.ComponentBaseTest" name="DoesNotRenderAfterOnInitAsyncTaskIsCancelled" />
    </UnitTest>
    <UnitTest name="Microsoft.AspNetCore.Components.Test.DependencyInjectionTest.ThrowsIfNoSuchKeyedServiceIsRegistered" storage="/home/runner/work/aspnetcore/aspnetcore/artifacts/bin/microsoft.aspnetcore.components.tests/debug/net10.0/microsoft.aspnetcore.components.tests.dll" id="63cc9b17-12aa-a95f-34cb-4755c2085c67">
      <Execution id="1f950a59-994a-4bc2-8202-cea7a55b7f39" />
      <TestMethod codeBase="/home/runner/work/aspnetcore/aspnetcore/artifacts/bin/Microsoft.AspNetCore.Components.Tests/Debug/net10.0/Microsoft.AspNetCore.Components.Tests.dll" adapterTypeName="executor://xunit/VsTestRunner3/netcore/" className="Microsoft.AspNetCore.Components.Test.DependencyInjectionTest" name="ThrowsIfNoSuchKeyedServiceIsRegistered" />
    </UnitTest>
    <UnitTest name="Microsoft.AspNetCore.Components.Rendering.RenderTreeBuilderTest.AddAttribute_Element_EventCallbackOfT_AddsFrame" storage="/home/runner/work/aspnetcore/aspnetcore/artifacts/bin/microsoft.aspnetcore.components.tests/debug/net10.0/microsoft.aspnetcore.components.tests.dll" id="8404fed0-a171-4088-f3ff-794d8813a57b">
      <Execution id="785c7950-7122-4ab5-aa31-8d204a68fec8" />
      <TestMethod codeBase="/home/runner/work/aspnetcore/aspnetcore/artifacts/bin/Microsoft.AspNetCore.Components.Tests/Debug/net10.0/Microsoft.AspNetCore.Components.Tests.dll" adapterTypeName="executor://xunit/VsTestRunner3/netcore/" className="Microsoft.AspNetCore.Components.Rendering.RenderTreeBuilderTest" name="AddAttribute_Element_EventCallbackOfT_AddsFrame" />
    </UnitTest>
    <UnitTest name="Microsoft.AspNetCore.Components.Rendering.RenderTreeBuilderTest.ProcessDuplicateAttributes_DoesNotRemoveDuplicatesInsideChildElement" storage="/home/runner/work/aspnetcore/aspnetcore/artifacts/bin/microsoft.aspnetcore.components.tests/debug/net10.0/microsoft.aspnetcore.components.tests.dll" id="d6e86050-b635-db1d-8206-c133098cbdc5">
      <Execution id="c0dffde9-f337-4212-8be7-5eedfed3a9b2" />
      <TestMethod codeBase="/home/runner/work/aspnetcore/aspnetcore/artifacts/bin/Microsoft.AspNetCore.Components.Tests/Debug/net10.0/Microsoft.AspNetCore.Components.Tests.dll" adapterTypeName="executor://xunit/VsTestRunner3/netcore/" className="Microsoft.AspNetCore.Components.Rendering.RenderTreeBuilderTest" name="ProcessDuplicateAttributes_DoesNotRemoveDuplicatesInsideChildElement" />
    </UnitTest>
    <UnitTest name="Microsoft.AspNetCore.Components.Routing.RouteTableFactoryTests.DetectsAmbiguousRoutes(left: &quot;/literal/{parameter}&quot;, right: &quot;/Literal/{something}&quot;)" storage="/home/runner/work/aspnetcore/aspnetcore/artifacts/bin/microsoft.aspnetcore.components.tests/debug/net10.0/microsoft.aspnetcore.components.tests.dll" id="bafc1b18-901e-604e-9096-697e3b69b6aa">
      <Execution id="b76be133-5e6d-4e4e-a0b9-9a461c07d7a5" />
      <TestMethod codeBase="/home/runner/work/aspnetcore/aspnetcore/artifacts/bin/Microsoft.AspNetCore.Components.Tests/Debug/net10.0/Microsoft.AspNetCore.Components.Tests.dll" adapterTypeName="executor://xunit/VsTestRunner3/netcore/" className="Microsoft.AspNetCore.Components.Routing.RouteTableFactoryTests" name="DetectsAmbiguousRoutes" />
    </UnitTest>
    <UnitTest name="Microsoft.AspNetCore.Components.CascadingParameterStateTest.FindCascadingParameters_MismatchingNameButMatchingType_ReturnsEmpty" storage="/home/runner/work/aspnetcore/aspnetcore/artifacts/bin/microsoft.aspnetcore.components.tests/debug/net10.0/microsoft.aspnetcore.components.tests.dll" id="048ee76e-4526-84d4-4b45-a3f7292105d4">
      <Execution id="5405ce28-8510-4096-aa54-ea64cc74888a" />
      <TestMethod codeBase="/home/runner/work/aspnetcore/aspnetcore/artifacts/bin/Microsoft.AspNetCore.Components.Tests/Debug/net10.0/Microsoft.AspNetCore.Components.Tests.dll" adapterTypeName="executor://xunit/VsTestRunner3/netcore/" className="Microsoft.AspNetCore.Components.CascadingParameterStateTest" name="FindCascadingParameters_MismatchingNameButMatchingType_ReturnsEmpty" />
    </UnitTest>
    <UnitTest name="Microsoft.AspNetCore.Components.NavigationManagerTest.ComputesCorrectBaseUri(baseUri: &quot;scheme://host/path/#hash&quot;, expectedResult: &quot;scheme://host/path/&quot;)" storage="/home/runner/work/aspnetcore/aspnetcore/artifacts/bin/microsoft.aspnetcore.components.tests/debug/net10.0/microsoft.aspnetcore.components.tests.dll" id="a4f43c6c-07d4-6e2c-8522-84c6a5f7a046">
      <Execution id="3a5adc64-3f2b-4cdf-875e-404a141faac3" />
      <TestMethod codeBase="/home/runner/work/aspnetcore/aspnetcore/artifacts/bin/Microsoft.AspNetCore.Components.Tests/Debug/net10.0/Microsoft.AspNetCore.Components.Tests.dll" adapterTypeName="executor://xunit/VsTestRunner3/netcore/" className="Microsoft.AspNetCore.Components.NavigationManagerTest" name="ComputesCorrectBaseUri" />
    </UnitTest>
    <UnitTest name="Microsoft.AspNetCore.Components.Routing.RoutePatternParserTests.ParseRouteParameter_ThrowsIf_ParameterContainsSpecialCharacters(template: &quot;{{}&quot;, expectedMessage: &quot;There is an incomplete parameter in the route temp&quot;···)" storage="/home/runner/work/aspnetcore/aspnetcore/artifacts/bin/microsoft.aspnetcore.components.tests/debug/net10.0/microsoft.aspnetcore.components.tests.dll" id="42b1972a-b9da-de79-1389-0fe2762fc9a2">
      <Execution id="2d32f441-97ea-4da3-8d77-bbdeb0d4a35e" />
      <TestMethod codeBase="/home/runner/work/aspnetcore/aspnetcore/artifacts/bin/Microsoft.AspNetCore.Components.Tests/Debug/net10.0/Microsoft.AspNetCore.Components.Tests.dll" adapterTypeName="executor://xunit/VsTestRunner3/netcore/" className="Microsoft.AspNetCore.Components.Routing.RoutePatternParserTests" name="ParseRouteParameter_ThrowsIf_ParameterContainsSpecialCharacters" />
    </UnitTest>
    <UnitTest name="Microsoft.AspNetCore.Components.ParameterViewTest.HasRemovedDirectParameters_ParametersSwapped" storage="/home/runner/work/aspnetcore/aspnetcore/artifacts/bin/microsoft.aspnetcore.components.tests/debug/net10.0/microsoft.aspnetcore.components.tests.dll" id="3b6631f8-8bd0-ec75-5602-eb1173cdb6a6">
      <Execution id="bc2109a7-9e8b-45f0-a7e8-e4b8aeb2c826" />
      <TestMethod codeBase="/home/runner/work/aspnetcore/aspnetcore/artifacts/bin/Microsoft.AspNetCore.Components.Tests/Debug/net10.0/Microsoft.AspNetCore.Components.Tests.dll" adapterTypeName="executor://xunit/VsTestRunner3/netcore/" className="Microsoft.AspNetCore.Components.ParameterViewTest" name="HasRemovedDirectParameters_ParametersSwapped" />
    </UnitTest>
    <UnitTest name="Microsoft.AspNetCore.Components.Test.CascadingParameterTest.OmitsSingleDeliveryCascadingParametersWhenUpdatingDirectParameters" storage="/home/runner/work/aspnetcore/aspnetcore/artifacts/bin/microsoft.aspnetcore.components.tests/debug/net10.0/microsoft.aspnetcore.components.tests.dll" id="45a6eb62-602a-ab67-92d5-7f8fcb36b8a6">
      <Execution id="a23e80d9-d335-44cc-b0ca-d77054c20e7b" />
      <TestMethod codeBase="/home/runner/work/aspnetcore/aspnetcore/artifacts/bin/Microsoft.AspNetCore.Components.Tests/Debug/net10.0/Microsoft.AspNetCore.Components.Tests.dll" adapterTypeName="executor://xunit/VsTestRunner3/netcore/" className="Microsoft.AspNetCore.Components.Test.CascadingParameterTest" name="OmitsSingleDeliveryCascadingParametersWhenUpdatingDirectParameters" />
    </UnitTest>
    <UnitTest name="Microsoft.AspNetCore.Components.EventCallbackFactoryBinderExtensionsTest.CreateBinder_String" storage="/home/runner/work/aspnetcore/aspnetcore/artifacts/bin/microsoft.aspnetcore.components.tests/debug/net10.0/microsoft.aspnetcore.components.tests.dll" id="568abae7-0c7c-4063-1172-6b9d29847ede">
      <Execution id="a53fd595-1b89-47b4-9599-2d06bcbf1628" />
      <TestMethod codeBase="/home/runner/work/aspnetcore/aspnetcore/artifacts/bin/Microsoft.AspNetCore.Components.Tests/Debug/net10.0/Microsoft.AspNetCore.Components.Tests.dll" adapterTypeName="executor://xunit/VsTestRunner3/netcore/" className="Microsoft.AspNetCore.Components.EventCallbackFactoryBinderExtensionsTest" name="CreateBinder_String" />
    </UnitTest>
    <UnitTest name="Microsoft.AspNetCore.Components.Test.RenderTreeDiffBuilderTest.SkipsUnmodifiedSubtrees" storage="/home/runner/work/aspnetcore/aspnetcore/artifacts/bin/microsoft.aspnetcore.components.tests/debug/net10.0/microsoft.aspnetcore.components.tests.dll" id="beaeebef-85e4-296b-fa59-603a5d4647c8">
      <Execution id="1e64ad50-feb6-460a-b5e1-20a25a7e83c9" />
      <TestMethod codeBase="/home/runner/work/aspnetcore/aspnetcore/artifacts/bin/Microsoft.AspNetCore.Components.Tests/Debug/net10.0/Microsoft.AspNetCore.Components.Tests.dll" adapterTypeName="executor://xunit/VsTestRunner3/netcore/" className="Microsoft.AspNetCore.Components.Test.RenderTreeDiffBuilderTest" name="SkipsUnmodifiedSubtrees" />
    </UnitTest>
    <UnitTest name="Microsoft.AspNetCore.Components.Test.ComponentBaseTest.DoesNotRenderAfterOnInitAsyncTaskIsCancelledUsingCancellationToken" storage="/home/runner/work/aspnetcore/aspnetcore/artifacts/bin/microsoft.aspnetcore.components.tests/debug/net10.0/microsoft.aspnetcore.components.tests.dll" id="ac1b378f-ea1b-5563-d90b-94229e535c08">
      <Execution id="92a8b952-b582-4132-9904-9d1032cde50d" />
      <TestMethod codeBase="/home/runner/work/aspnetcore/aspnetcore/artifacts/bin/Microsoft.AspNetCore.Components.Tests/Debug/net10.0/Microsoft.AspNetCore.Components.Tests.dll" adapterTypeName="executor://xunit/VsTestRunner3/netcore/" className="Microsoft.AspNetCore.Components.Test.ComponentBaseTest" name="DoesNotRenderAfterOnInitAsyncTaskIsCancelledUsingCancellationToken" />
    </UnitTest>
    <UnitTest name="Microsoft.AspNetCore.Components.EventCallbackFactoryBinderExtensionsTest.CreateBinder_Guid" storage="/home/runner/work/aspnetcore/aspnetcore/artifacts/bin/microsoft.aspnetcore.components.tests/debug/net10.0/microsoft.aspnetcore.components.tests.dll" id="e6e5b157-c426-8a1d-a8cf-8fbc7a7f4ed4">
      <Execution id="7ad47854-1f6c-4719-865e-7affc32df612" />
      <TestMethod codeBase="/home/runner/work/aspnetcore/aspnetcore/artifacts/bin/Microsoft.AspNetCore.Components.Tests/Debug/net10.0/Microsoft.AspNetCore.Components.Tests.dll" adapterTypeName="executor://xunit/VsTestRunner3/netcore/" className="Microsoft.AspNetCore.Components.EventCallbackFactoryBinderExtensionsTest" name="CreateBinder_Guid" />
    </UnitTest>
    <UnitTest name="Microsoft.AspNetCore.Components.Rendering.RenderTreeBuilderTest.AddComponentParameter_Component_Bool_SetsAttributeValue(value: True)" storage="/home/runner/work/aspnetcore/aspnetcore/artifacts/bin/microsoft.aspnetcore.components.tests/debug/net10.0/microsoft.aspnetcore.components.tests.dll" id="b6319510-fc4c-6f7c-a839-534026868c25">
      <Execution id="f8ab615c-40af-4f9e-8d1b-118bd4b182c5" />
      <TestMethod codeBase="/home/runner/work/aspnetcore/aspnetcore/artifacts/bin/Microsoft.AspNetCore.Components.Tests/Debug/net10.0/Microsoft.AspNetCore.Components.Tests.dll" adapterTypeName="executor://xunit/VsTestRunner3/netcore/" className="Microsoft.AspNetCore.Components.Rendering.RenderTreeBuilderTest" name="AddComponentParameter_Component_Bool_SetsAttributeValue" />
    </UnitTest>
    <UnitTest name="Microsoft.AspNetCore.Components.Rendering.RenderTreeBuilderTest.AddAttribute_Element_ObjectEventCallbackOfT_AddsFrame" storage="/home/runner/work/aspnetcore/aspnetcore/artifacts/bin/microsoft.aspnetcore.components.tests/debug/net10.0/microsoft.aspnetcore.components.tests.dll" id="2fd84072-b7ae-5b84-3b19-88f2c791dcf8">
      <Execution id="c78a8c37-f84a-4579-9dff-d29cf5dfcd7b" />
      <TestMethod codeBase="/home/runner/work/aspnetcore/aspnetcore/artifacts/bin/Microsoft.AspNetCore.Components.Tests/Debug/net10.0/Microsoft.AspNetCore.Components.Tests.dll" adapterTypeName="executor://xunit/VsTestRunner3/netcore/" className="Microsoft.AspNetCore.Components.Rendering.RenderTreeBuilderTest" name="AddAttribute_Element_ObjectEventCallbackOfT_AddsFrame" />
    </UnitTest>
    <UnitTest name="Microsoft.AspNetCore.Components.Rendering.RenderTreeBuilderTest.AddAttribute_Element_BoolTrue_AddsFrame" storage="/home/runner/work/aspnetcore/aspnetcore/artifacts/bin/microsoft.aspnetcore.components.tests/debug/net10.0/microsoft.aspnetcore.components.tests.dll" id="fa0c4b80-5b9e-c7ae-fe8b-263a9286d40b">
      <Execution id="2750176e-46c9-4a3d-b4d6-31c8cbc90522" />
      <TestMethod codeBase="/home/runner/work/aspnetcore/aspnetcore/artifacts/bin/Microsoft.AspNetCore.Components.Tests/Debug/net10.0/Microsoft.AspNetCore.Components.Tests.dll" adapterTypeName="executor://xunit/VsTestRunner3/netcore/" className="Microsoft.AspNetCore.Components.Rendering.RenderTreeBuilderTest" name="AddAttribute_Element_BoolTrue_AddsFrame" />
    </UnitTest>
    <UnitTest name="Microsoft.AspNetCore.Components.Routing.QueryParameterValueSupplierTest.RejectsUnparseableArrayEntries(key: &quot;NullableGuidVals&quot;, validValue: &quot;9e7257ad-03aa-42c7-9819-be08b177fef9&quot;, invalidValue: &quot;123456-789-0&quot;, targetType: typeof(Guid?))" storage="/home/runner/work/aspnetcore/aspnetcore/artifacts/bin/microsoft.aspnetcore.components.tests/debug/net10.0/microsoft.aspnetcore.components.tests.dll" id="f07e0260-7c4e-b3c7-977a-304866560796">
      <Execution id="a8add7cd-6056-4e42-95ae-cc4a0fff2469" />
      <TestMethod codeBase="/home/runner/work/aspnetcore/aspnetcore/artifacts/bin/Microsoft.AspNetCore.Components.Tests/Debug/net10.0/Microsoft.AspNetCore.Components.Tests.dll" adapterTypeName="executor://xunit/VsTestRunner3/netcore/" className="Microsoft.AspNetCore.Components.Routing.QueryParameterValueSupplierTest" name="RejectsUnparseableArrayEntries" />
    </UnitTest>
    <UnitTest name="Microsoft.AspNetCore.Components.PersistentStateValueProviderTests.PersistAsync_PersistsStateForSubscribedComponentProperties" storage="/home/runner/work/aspnetcore/aspnetcore/artifacts/bin/microsoft.aspnetcore.components.tests/debug/net10.0/microsoft.aspnetcore.components.tests.dll" id="493e214b-5ba1-0616-a351-0dbac3dcd27c">
      <Execution id="4ef55619-f63e-4a4b-996e-55349f01d7a6" />
      <TestMethod codeBase="/home/runner/work/aspnetcore/aspnetcore/artifacts/bin/Microsoft.AspNetCore.Components.Tests/Debug/net10.0/Microsoft.AspNetCore.Components.Tests.dll" adapterTypeName="executor://xunit/VsTestRunner3/netcore/" className="Microsoft.AspNetCore.Components.PersistentStateValueProviderTests" name="PersistAsync_PersistsStateForSubscribedComponentProperties" />
    </UnitTest>
    <UnitTest name="Microsoft.AspNetCore.Components.NavigationManagerTest.LocationChangingHandlers_CanCancelTheNavigationAsynchronously_WhenMultipleHandlersAreRegistered" storage="/home/runner/work/aspnetcore/aspnetcore/artifacts/bin/microsoft.aspnetcore.components.tests/debug/net10.0/microsoft.aspnetcore.components.tests.dll" id="f92b64fc-c600-e866-594f-6beed616abf0">
      <Execution id="2d75c87b-5049-4bb9-98ca-53afa6f6bbcf" />
      <TestMethod codeBase="/home/runner/work/aspnetcore/aspnetcore/artifacts/bin/Microsoft.AspNetCore.Components.Tests/Debug/net10.0/Microsoft.AspNetCore.Components.Tests.dll" adapterTypeName="executor://xunit/VsTestRunner3/netcore/" className="Microsoft.AspNetCore.Components.NavigationManagerTest" name="LocationChangingHandlers_CanCancelTheNavigationAsynchronously_WhenMultipleHandlersAreRegistered" />
    </UnitTest>
    <UnitTest name="Microsoft.AspNetCore.Components.EventCallbackFactoryTest.CreateT_FuncTTask_Unbound" storage="/home/runner/work/aspnetcore/aspnetcore/artifacts/bin/microsoft.aspnetcore.components.tests/debug/net10.0/microsoft.aspnetcore.components.tests.dll" id="7fd4a501-472d-0628-de76-e06cc5af1298">
      <Execution id="7239331f-1c28-4cbf-8853-9bc404c1b25b" />
      <TestMethod codeBase="/home/runner/work/aspnetcore/aspnetcore/artifacts/bin/Microsoft.AspNetCore.Components.Tests/Debug/net10.0/Microsoft.AspNetCore.Components.Tests.dll" adapterTypeName="executor://xunit/VsTestRunner3/netcore/" className="Microsoft.AspNetCore.Components.EventCallbackFactoryTest" name="CreateT_FuncTTask_Unbound" />
    </UnitTest>
    <UnitTest name="Microsoft.AspNetCore.Components.Test.RenderTreeDiffBuilderTest.RecognizesNamedEventBeingRemoved" storage="/home/runner/work/aspnetcore/aspnetcore/artifacts/bin/microsoft.aspnetcore.components.tests/debug/net10.0/microsoft.aspnetcore.components.tests.dll" id="2c3826bd-537f-23d7-b074-0f1c3fe00c74">
      <Execution id="79516bbf-3a86-4ed1-b209-84a258704ea3" />
      <TestMethod codeBase="/home/runner/work/aspnetcore/aspnetcore/artifacts/bin/Microsoft.AspNetCore.Components.Tests/Debug/net10.0/Microsoft.AspNetCore.Components.Tests.dll" adapterTypeName="executor://xunit/VsTestRunner3/netcore/" className="Microsoft.AspNetCore.Components.Test.RenderTreeDiffBuilderTest" name="RecognizesNamedEventBeingRemoved" />
    </UnitTest>
    <UnitTest name="Microsoft.AspNetCore.Components.Rendering.RenderTreeBuilderTest.CannotAddAttributeToElementReferenceCapture" storage="/home/runner/work/aspnetcore/aspnetcore/artifacts/bin/microsoft.aspnetcore.components.tests/debug/net10.0/microsoft.aspnetcore.components.tests.dll" id="45d63f8a-6753-ab8c-86f2-506f15b9ffc2">
      <Execution id="5ce38b96-265d-41c0-a563-7055c06fddc8" />
      <TestMethod codeBase="/home/runner/work/aspnetcore/aspnetcore/artifacts/bin/Microsoft.AspNetCore.Components.Tests/Debug/net10.0/Microsoft.AspNetCore.Components.Tests.dll" adapterTypeName="executor://xunit/VsTestRunner3/netcore/" className="Microsoft.AspNetCore.Components.Rendering.RenderTreeBuilderTest" name="CannotAddAttributeToElementReferenceCapture" />
    </UnitTest>
    <UnitTest name="Microsoft.AspNetCore.Components.RenderTree.StackObjectPoolTest.CannotReturnWhenEmpty" storage="/home/runner/work/aspnetcore/aspnetcore/artifacts/bin/microsoft.aspnetcore.components.tests/debug/net10.0/microsoft.aspnetcore.components.tests.dll" id="3698c6b7-6630-413e-1b3f-319af5a7b08f">
      <Execution id="d67c805a-bfe2-4578-8a27-7af1ad02de1f" />
      <TestMethod codeBase="/home/runner/work/aspnetcore/aspnetcore/artifacts/bin/Microsoft.AspNetCore.Components.Tests/Debug/net10.0/Microsoft.AspNetCore.Components.Tests.dll" adapterTypeName="executor://xunit/VsTestRunner3/netcore/" className="Microsoft.AspNetCore.Components.RenderTree.StackObjectPoolTest" name="CannotReturnWhenEmpty" />
    </UnitTest>
    <UnitTest name="Microsoft.AspNetCore.Components.ParameterViewTest.NoIncomingParameterMatchesDeclaredParameter_LeavesValueUnchanged" storage="/home/runner/work/aspnetcore/aspnetcore/artifacts/bin/microsoft.aspnetcore.components.tests/debug/net10.0/microsoft.aspnetcore.components.tests.dll" id="e0223052-f40e-90bb-44ff-bfaca7443ea2">
      <Execution id="1f7badd3-64ca-49da-a133-4501d129f417" />
      <TestMethod codeBase="/home/runner/work/aspnetcore/aspnetcore/artifacts/bin/Microsoft.AspNetCore.Components.Tests/Debug/net10.0/Microsoft.AspNetCore.Components.Tests.dll" adapterTypeName="executor://xunit/VsTestRunner3/netcore/" className="Microsoft.AspNetCore.Components.ParameterViewTest" name="NoIncomingParameterMatchesDeclaredParameter_LeavesValueUnchanged" />
    </UnitTest>
    <UnitTest name="Microsoft.AspNetCore.Components.Test.RendererTest.DisposingRenderer_DisregardsAttemptsToStartMoreRenderBatches" storage="/home/runner/work/aspnetcore/aspnetcore/artifacts/bin/microsoft.aspnetcore.components.tests/debug/net10.0/microsoft.aspnetcore.components.tests.dll" id="69276199-5bbc-9449-0bf2-f99bf6e1714c">
      <Execution id="ca4e17d1-1e96-4cbc-9f24-9ac786982402" />
      <TestMethod codeBase="/home/runner/work/aspnetcore/aspnetcore/artifacts/bin/Microsoft.AspNetCore.Components.Tests/Debug/net10.0/Microsoft.AspNetCore.Components.Tests.dll" adapterTypeName="executor://xunit/VsTestRunner3/netcore/" className="Microsoft.AspNetCore.Components.Test.RendererTest" name="DisposingRenderer_DisregardsAttemptsToStartMoreRenderBatches" />
    </UnitTest>
    <UnitTest name="Microsoft.AspNetCore.Components.Test.RenderTreeDiffBuilderTest.RecognizesEquivalentRegions" storage="/home/runner/work/aspnetcore/aspnetcore/artifacts/bin/microsoft.aspnetcore.components.tests/debug/net10.0/microsoft.aspnetcore.components.tests.dll" id="4279c44e-c272-4a8a-acd8-3f166f075cc8">
      <Execution id="f5617ea9-0121-442a-8bb6-7d044923443e" />
      <TestMethod codeBase="/home/runner/work/aspnetcore/aspnetcore/artifacts/bin/Microsoft.AspNetCore.Components.Tests/Debug/net10.0/Microsoft.AspNetCore.Components.Tests.dll" adapterTypeName="executor://xunit/VsTestRunner3/netcore/" className="Microsoft.AspNetCore.Components.Test.RenderTreeDiffBuilderTest" name="RecognizesEquivalentRegions" />
    </UnitTest>
    <UnitTest name="Microsoft.AspNetCore.Components.Routing.RouteTableFactoryTests.DetectsAmbiguousRoutes(left: &quot;/{parameter}part&quot;, right: &quot;/part{parameter}&quot;)" storage="/home/runner/work/aspnetcore/aspnetcore/artifacts/bin/microsoft.aspnetcore.components.tests/debug/net10.0/microsoft.aspnetcore.components.tests.dll" id="167cf0fe-7602-b7e4-e958-ca23fdcc7ea8">
      <Execution id="f7aff61a-0665-4324-a975-b2051ddc6b3b" />
      <TestMethod codeBase="/home/runner/work/aspnetcore/aspnetcore/artifacts/bin/Microsoft.AspNetCore.Components.Tests/Debug/net10.0/Microsoft.AspNetCore.Components.Tests.dll" adapterTypeName="executor://xunit/VsTestRunner3/netcore/" className="Microsoft.AspNetCore.Components.Routing.RouteTableFactoryTests" name="DetectsAmbiguousRoutes" />
    </UnitTest>
    <UnitTest name="Microsoft.AspNetCore.Components.Rendering.RenderTreeBuilderTest.CannotAddEventHandlerAttributeToText" storage="/home/runner/work/aspnetcore/aspnetcore/artifacts/bin/microsoft.aspnetcore.components.tests/debug/net10.0/microsoft.aspnetcore.components.tests.dll" id="0e5b3705-4dae-2181-2558-00a8f7b1941e">
      <Execution id="a5260294-bc42-44d5-a176-4c5c7af6d535" />
      <TestMethod codeBase="/home/runner/work/aspnetcore/aspnetcore/artifacts/bin/Microsoft.AspNetCore.Components.Tests/Debug/net10.0/Microsoft.AspNetCore.Components.Tests.dll" adapterTypeName="executor://xunit/VsTestRunner3/netcore/" className="Microsoft.AspNetCore.Components.Rendering.RenderTreeBuilderTest" name="CannotAddEventHandlerAttributeToText" />
    </UnitTest>
    <UnitTest name="Microsoft.AspNetCore.Components.Test.DependencyInjectionTest.IgnoresStaticProperties" storage="/home/runner/work/aspnetcore/aspnetcore/artifacts/bin/microsoft.aspnetcore.components.tests/debug/net10.0/microsoft.aspnetcore.components.tests.dll" id="c5f2250f-29c1-c03e-6f58-08ea480d74e6">
      <Execution id="8dd0c157-f006-4370-9ad7-5ec7092b3670" />
      <TestMethod codeBase="/home/runner/work/aspnetcore/aspnetcore/artifacts/bin/Microsoft.AspNetCore.Components.Tests/Debug/net10.0/Microsoft.AspNetCore.Components.Tests.dll" adapterTypeName="executor://xunit/VsTestRunner3/netcore/" className="Microsoft.AspNetCore.Components.Test.DependencyInjectionTest" name="IgnoresStaticProperties" />
    </UnitTest>
    <UnitTest name="Microsoft.AspNetCore.Components.Test.RenderTreeDiffBuilderTest.RecognizesNamedEventBeingMoved" storage="/home/runner/work/aspnetcore/aspnetcore/artifacts/bin/microsoft.aspnetcore.components.tests/debug/net10.0/microsoft.aspnetcore.components.tests.dll" id="bb2c4065-5432-4767-1497-99410be3a63a">
      <Execution id="2123c2c2-4680-4238-b998-482090c27d3b" />
      <TestMethod codeBase="/home/runner/work/aspnetcore/aspnetcore/artifacts/bin/Microsoft.AspNetCore.Components.Tests/Debug/net10.0/Microsoft.AspNetCore.Components.Tests.dll" adapterTypeName="executor://xunit/VsTestRunner3/netcore/" className="Microsoft.AspNetCore.Components.Test.RenderTreeDiffBuilderTest" name="RecognizesNamedEventBeingMoved" />
    </UnitTest>
    <UnitTest name="Microsoft.AspNetCore.Components.Rendering.RenderTreeBuilderTest.CannotAddElementReferenceCaptureInsideComponent" storage="/home/runner/work/aspnetcore/aspnetcore/artifacts/bin/microsoft.aspnetcore.components.tests/debug/net10.0/microsoft.aspnetcore.components.tests.dll" id="1e6887f7-d6e0-ff10-8138-aae4dcb4b007">
      <Execution id="b5c0288e-91b6-4f9f-9a4a-91f9a885a164" />
      <TestMethod codeBase="/home/runner/work/aspnetcore/aspnetcore/artifacts/bin/Microsoft.AspNetCore.Components.Tests/Debug/net10.0/Microsoft.AspNetCore.Components.Tests.dll" adapterTypeName="executor://xunit/VsTestRunner3/netcore/" className="Microsoft.AspNetCore.Components.Rendering.RenderTreeBuilderTest" name="CannotAddElementReferenceCaptureInsideComponent" />
    </UnitTest>
    <UnitTest name="Microsoft.AspNetCore.Components.ResourceAssetCollectionTest.ResourceAsset_CanSerializeAndDeserialize_WithRespectRequiredConstructorParameters" storage="/home/runner/work/aspnetcore/aspnetcore/artifacts/bin/microsoft.aspnetcore.components.tests/debug/net10.0/microsoft.aspnetcore.components.tests.dll" id="c1fdeac6-c0ce-41c9-b650-4ce7e72544da">
      <Execution id="f0e5958e-03a0-493e-be5c-b280b635bf95" />
      <TestMethod codeBase="/home/runner/work/aspnetcore/aspnetcore/artifacts/bin/Microsoft.AspNetCore.Components.Tests/Debug/net10.0/Microsoft.AspNetCore.Components.Tests.dll" adapterTypeName="executor://xunit/VsTestRunner3/netcore/" className="Microsoft.AspNetCore.Components.ResourceAssetCollectionTest" name="ResourceAsset_CanSerializeAndDeserialize_WithRespectRequiredConstructorParameters" />
    </UnitTest>
    <UnitTest name="Microsoft.AspNetCore.Components.EventCallbackTest.EventCallback_ActionT_Arg" storage="/home/runner/work/aspnetcore/aspnetcore/artifacts/bin/microsoft.aspnetcore.components.tests/debug/net10.0/microsoft.aspnetcore.components.tests.dll" id="cb666151-ca36-d93c-1816-b59b9f13d583">
      <Execution id="f11667d1-0bc2-4212-92de-34d63179b029" />
      <TestMethod codeBase="/home/runner/work/aspnetcore/aspnetcore/artifacts/bin/Microsoft.AspNetCore.Components.Tests/Debug/net10.0/Microsoft.AspNetCore.Components.Tests.dll" adapterTypeName="executor://xunit/VsTestRunner3/netcore/" className="Microsoft.AspNetCore.Components.EventCallbackTest" name="EventCallback_ActionT_Arg" />
    </UnitTest>
    <UnitTest name="Microsoft.AspNetCore.Components.ParameterViewTest.IncomingCascadingValueMatchesNonCascadingParameter_Throws" storage="/home/runner/work/aspnetcore/aspnetcore/artifacts/bin/microsoft.aspnetcore.components.tests/debug/net10.0/microsoft.aspnetcore.components.tests.dll" id="5504f349-886e-364d-1fc2-a3566c2bdac1">
      <Execution id="db5f216a-1299-4a9d-9e1a-15ea23f18a4d" />
      <TestMethod codeBase="/home/runner/work/aspnetcore/aspnetcore/artifacts/bin/Microsoft.AspNetCore.Components.Tests/Debug/net10.0/Microsoft.AspNetCore.Components.Tests.dll" adapterTypeName="executor://xunit/VsTestRunner3/netcore/" className="Microsoft.AspNetCore.Components.ParameterViewTest" name="IncomingCascadingValueMatchesNonCascadingParameter_Throws" />
    </UnitTest>
    <UnitTest name="Microsoft.AspNetCore.Components.PersistentStateValueProviderTests.PersistAsync_CanPersistValueTypes_NullableIntProperty" storage="/home/runner/work/aspnetcore/aspnetcore/artifacts/bin/microsoft.aspnetcore.components.tests/debug/net10.0/microsoft.aspnetcore.components.tests.dll" id="81ac65f1-f0e7-fed7-1e34-0ccd8eedcfa3">
      <Execution id="e116d85a-75df-43d6-8aa7-0ef653bf4b9d" />
      <TestMethod codeBase="/home/runner/work/aspnetcore/aspnetcore/artifacts/bin/Microsoft.AspNetCore.Components.Tests/Debug/net10.0/Microsoft.AspNetCore.Components.Tests.dll" adapterTypeName="executor://xunit/VsTestRunner3/netcore/" className="Microsoft.AspNetCore.Components.PersistentStateValueProviderTests" name="PersistAsync_CanPersistValueTypes_NullableIntProperty" />
    </UnitTest>
    <UnitTest name="Microsoft.AspNetCore.Components.EventCallbackTest.EventCallback_FuncTTask_Arg" storage="/home/runner/work/aspnetcore/aspnetcore/artifacts/bin/microsoft.aspnetcore.components.tests/debug/net10.0/microsoft.aspnetcore.components.tests.dll" id="593be9dc-60fc-2229-6010-519b94c318da">
      <Execution id="e558b973-9c00-47bf-85a0-929bf3345b62" />
      <TestMethod codeBase="/home/runner/work/aspnetcore/aspnetcore/artifacts/bin/Microsoft.AspNetCore.Components.Tests/Debug/net10.0/Microsoft.AspNetCore.Components.Tests.dll" adapterTypeName="executor://xunit/VsTestRunner3/netcore/" className="Microsoft.AspNetCore.Components.EventCallbackTest" name="EventCallback_FuncTTask_Arg" />
    </UnitTest>
    <UnitTest name="Microsoft.AspNetCore.Components.Routing.RouteTableFactoryTests.DoesNotThrowForNonAmbiguousRoutes(first: &quot;{param}/{*catchAll:int}&quot;, second: &quot;{param}/{optional?}&quot;)" storage="/home/runner/work/aspnetcore/aspnetcore/artifacts/bin/microsoft.aspnetcore.components.tests/debug/net10.0/microsoft.aspnetcore.components.tests.dll" id="32c961b9-1d62-92ae-43e0-c2211424f76e">
      <Execution id="5f846608-b8c4-46e1-8ee5-875afdc48e8f" />
      <TestMethod codeBase="/home/runner/work/aspnetcore/aspnetcore/artifacts/bin/Microsoft.AspNetCore.Components.Tests/Debug/net10.0/Microsoft.AspNetCore.Components.Tests.dll" adapterTypeName="executor://xunit/VsTestRunner3/netcore/" className="Microsoft.AspNetCore.Components.Routing.RouteTableFactoryTests" name="DoesNotThrowForNonAmbiguousRoutes" />
    </UnitTest>
    <UnitTest name="Microsoft.AspNetCore.Components.ComponentStatePersistenceManagerTest.Constructor_InitializesPersistentServicesRegistry" storage="/home/runner/work/aspnetcore/aspnetcore/artifacts/bin/microsoft.aspnetcore.components.tests/debug/net10.0/microsoft.aspnetcore.components.tests.dll" id="6e0758e3-231e-8e4a-2c91-88949ecd029a">
      <Execution id="76faaf7b-2bbf-4b45-8ed2-f3f9c5622935" />
      <TestMethod codeBase="/home/runner/work/aspnetcore/aspnetcore/artifacts/bin/Microsoft.AspNetCore.Components.Tests/Debug/net10.0/Microsoft.AspNetCore.Components.Tests.dll" adapterTypeName="executor://xunit/VsTestRunner3/netcore/" className="Microsoft.AspNetCore.Components.ComponentStatePersistenceManagerTest" name="Constructor_InitializesPersistentServicesRegistry" />
    </UnitTest>
    <UnitTest name="Microsoft.AspNetCore.Components.Routing.QueryParameterValueSupplierTest.RejectsUnparseableValues(key: &quot;NullableFloatVal&quot;, value: &quot;1e1000&quot;, targetType: typeof(float?))" storage="/home/runner/work/aspnetcore/aspnetcore/artifacts/bin/microsoft.aspnetcore.components.tests/debug/net10.0/microsoft.aspnetcore.components.tests.dll" id="daf2b54e-d30b-d6e1-7014-f6cdfd81b7b0">
      <Execution id="8b264f3d-5e3e-434b-92b0-7e23559461c5" />
      <TestMethod codeBase="/home/runner/work/aspnetcore/aspnetcore/artifacts/bin/Microsoft.AspNetCore.Components.Tests/Debug/net10.0/Microsoft.AspNetCore.Components.Tests.dll" adapterTypeName="executor://xunit/VsTestRunner3/netcore/" className="Microsoft.AspNetCore.Components.Routing.QueryParameterValueSupplierTest" name="RejectsUnparseableValues" />
    </UnitTest>
    <UnitTest name="Microsoft.AspNetCore.Components.CascadingParameterStateTest.FindCascadingParameters_IfHasNoParameters_ReturnsEmpty" storage="/home/runner/work/aspnetcore/aspnetcore/artifacts/bin/microsoft.aspnetcore.components.tests/debug/net10.0/microsoft.aspnetcore.components.tests.dll" id="734f9863-940c-6f02-4bab-fe88b38a76bc">
      <Execution id="1dc58332-adbe-413d-a97e-fd60e231f40e" />
      <TestMethod codeBase="/home/runner/work/aspnetcore/aspnetcore/artifacts/bin/Microsoft.AspNetCore.Components.Tests/Debug/net10.0/Microsoft.AspNetCore.Components.Tests.dll" adapterTypeName="executor://xunit/VsTestRunner3/netcore/" className="Microsoft.AspNetCore.Components.CascadingParameterStateTest" name="FindCascadingParameters_IfHasNoParameters_ReturnsEmpty" />
    </UnitTest>
    <UnitTest name="Microsoft.AspNetCore.Components.Routing.QueryParameterValueSupplierTest.RejectsUnparseableValues(key: &quot;IntVal&quot;, value: &quot;5000000000&quot;, targetType: typeof(int))" storage="/home/runner/work/aspnetcore/aspnetcore/artifacts/bin/microsoft.aspnetcore.components.tests/debug/net10.0/microsoft.aspnetcore.components.tests.dll" id="53f44629-fbd7-6f80-e2b4-f1d092aa221c">
      <Execution id="fb851d40-e79e-4bbb-82a9-b7aeb906120e" />
      <TestMethod codeBase="/home/runner/work/aspnetcore/aspnetcore/artifacts/bin/Microsoft.AspNetCore.Components.Tests/Debug/net10.0/Microsoft.AspNetCore.Components.Tests.dll" adapterTypeName="executor://xunit/VsTestRunner3/netcore/" className="Microsoft.AspNetCore.Components.Routing.QueryParameterValueSupplierTest" name="RejectsUnparseableValues" />
    </UnitTest>
    <UnitTest name="Microsoft.AspNetCore.Components.Test.RendererTest.CanReRenderNestedComponents" storage="/home/runner/work/aspnetcore/aspnetcore/artifacts/bin/microsoft.aspnetcore.components.tests/debug/net10.0/microsoft.aspnetcore.components.tests.dll" id="8e4376ef-b57b-86ef-3cda-751524f60597">
      <Execution id="a5b47faf-d3b2-41be-b5de-d698a9af20d6" />
      <TestMethod codeBase="/home/runner/work/aspnetcore/aspnetcore/artifacts/bin/Microsoft.AspNetCore.Components.Tests/Debug/net10.0/Microsoft.AspNetCore.Components.Tests.dll" adapterTypeName="executor://xunit/VsTestRunner3/netcore/" className="Microsoft.AspNetCore.Components.Test.RendererTest" name="CanReRenderNestedComponents" />
    </UnitTest>
    <UnitTest name="Microsoft.AspNetCore.Components.Test.RendererTest.WhenRendererIsDisposed_ComponentRenderRequestsAreSkipped" storage="/home/runner/work/aspnetcore/aspnetcore/artifacts/bin/microsoft.aspnetcore.components.tests/debug/net10.0/microsoft.aspnetcore.components.tests.dll" id="6d02614c-cec9-5583-bb32-266d0999f988">
      <Execution id="4f247ed9-389d-42f9-bc70-3055912b4d10" />
      <TestMethod codeBase="/home/runner/work/aspnetcore/aspnetcore/artifacts/bin/Microsoft.AspNetCore.Components.Tests/Debug/net10.0/Microsoft.AspNetCore.Components.Tests.dll" adapterTypeName="executor://xunit/VsTestRunner3/netcore/" className="Microsoft.AspNetCore.Components.Test.RendererTest" name="WhenRendererIsDisposed_ComponentRenderRequestsAreSkipped" />
    </UnitTest>
    <UnitTest name="Microsoft.AspNetCore.Components.EventCallbackFactoryBinderExtensionsTest.CreateBinder_NullableDouble" storage="/home/runner/work/aspnetcore/aspnetcore/artifacts/bin/microsoft.aspnetcore.components.tests/debug/net10.0/microsoft.aspnetcore.components.tests.dll" id="031d0fd0-f8b2-5e1c-4482-86c9b8e73d65">
      <Execution id="c3f38d78-0ede-41ac-89ce-3d8932a34612" />
      <TestMethod codeBase="/home/runner/work/aspnetcore/aspnetcore/artifacts/bin/Microsoft.AspNetCore.Components.Tests/Debug/net10.0/Microsoft.AspNetCore.Components.Tests.dll" adapterTypeName="executor://xunit/VsTestRunner3/netcore/" className="Microsoft.AspNetCore.Components.EventCallbackFactoryBinderExtensionsTest" name="CreateBinder_NullableDouble" />
    </UnitTest>
    <UnitTest name="Microsoft.AspNetCore.Components.Routing.RouteKeyTest.RouteKey_DefaultAgainstNonDefault" storage="/home/runner/work/aspnetcore/aspnetcore/artifacts/bin/microsoft.aspnetcore.components.tests/debug/net10.0/microsoft.aspnetcore.components.tests.dll" id="5e30622e-f9d7-e795-9a51-3d6697054200">
      <Execution id="ecb1bfb7-2d2c-46c6-bddc-bccdbfd9034c" />
      <TestMethod codeBase="/home/runner/work/aspnetcore/aspnetcore/artifacts/bin/Microsoft.AspNetCore.Components.Tests/Debug/net10.0/Microsoft.AspNetCore.Components.Tests.dll" adapterTypeName="executor://xunit/VsTestRunner3/netcore/" className="Microsoft.AspNetCore.Components.Routing.RouteKeyTest" name="RouteKey_DefaultAgainstNonDefault" />
    </UnitTest>
    <UnitTest name="Microsoft.AspNetCore.Components.Routing.RouteTableFactoryTests.MultipleOptionalParameters(path: &quot;/&quot;, segments: 0)" storage="/home/runner/work/aspnetcore/aspnetcore/artifacts/bin/microsoft.aspnetcore.components.tests/debug/net10.0/microsoft.aspnetcore.components.tests.dll" id="ad6b6ed2-be61-6eba-3ee9-cc5d8ec2fc87">
      <Execution id="ab0f873b-72de-44aa-91e6-6f0e30c2f5b6" />
      <TestMethod codeBase="/home/runner/work/aspnetcore/aspnetcore/artifacts/bin/Microsoft.AspNetCore.Components.Tests/Debug/net10.0/Microsoft.AspNetCore.Components.Tests.dll" adapterTypeName="executor://xunit/VsTestRunner3/netcore/" className="Microsoft.AspNetCore.Components.Routing.RouteTableFactoryTests" name="MultipleOptionalParameters" />
    </UnitTest>
    <UnitTest name="Microsoft.AspNetCore.Components.Rendering.RenderTreeBuilderTest.IgnoresNullElementKey" storage="/home/runner/work/aspnetcore/aspnetcore/artifacts/bin/microsoft.aspnetcore.components.tests/debug/net10.0/microsoft.aspnetcore.components.tests.dll" id="8482b377-00a0-4ea8-3f72-6eb94a495858">
      <Execution id="29a8c87d-5e7f-4935-a47e-7a0a2745e00c" />
      <TestMethod codeBase="/home/runner/work/aspnetcore/aspnetcore/artifacts/bin/Microsoft.AspNetCore.Components.Tests/Debug/net10.0/Microsoft.AspNetCore.Components.Tests.dll" adapterTypeName="executor://xunit/VsTestRunner3/netcore/" className="Microsoft.AspNetCore.Components.Rendering.RenderTreeBuilderTest" name="IgnoresNullElementKey" />
    </UnitTest>
    <UnitTest name="Microsoft.AspNetCore.Components.ParameterViewTest.IncomingCascadingValueMatchesParameterThatIsBothCascadingAndNonCascading_Works" storage="/home/runner/work/aspnetcore/aspnetcore/artifacts/bin/microsoft.aspnetcore.components.tests/debug/net10.0/microsoft.aspnetcore.components.tests.dll" id="b8aa6190-ac38-078a-59c3-02a925616ede">
      <Execution id="a23795ef-8976-4105-a7e4-e232ba89bf30" />
      <TestMethod codeBase="/home/runner/work/aspnetcore/aspnetcore/artifacts/bin/Microsoft.AspNetCore.Components.Tests/Debug/net10.0/Microsoft.AspNetCore.Components.Tests.dll" adapterTypeName="executor://xunit/VsTestRunner3/netcore/" className="Microsoft.AspNetCore.Components.ParameterViewTest" name="IncomingCascadingValueMatchesParameterThatIsBothCascadingAndNonCascading_Works" />
    </UnitTest>
    <UnitTest name="Microsoft.AspNetCore.Components.Test.RenderTreeDiffBuilderTest.RecognizesKeyedElementDeletions" storage="/home/runner/work/aspnetcore/aspnetcore/artifacts/bin/microsoft.aspnetcore.components.tests/debug/net10.0/microsoft.aspnetcore.components.tests.dll" id="44e414ab-403a-b228-d779-01d5c572e556">
      <Execution id="82db41fe-71ef-4530-8c0b-d30a06623031" />
      <TestMethod codeBase="/home/runner/work/aspnetcore/aspnetcore/artifacts/bin/Microsoft.AspNetCore.Components.Tests/Debug/net10.0/Microsoft.AspNetCore.Components.Tests.dll" adapterTypeName="executor://xunit/VsTestRunner3/netcore/" className="Microsoft.AspNetCore.Components.Test.RenderTreeDiffBuilderTest" name="RecognizesKeyedElementDeletions" />
    </UnitTest>
    <UnitTest name="Microsoft.AspNetCore.Components.Rendering.RenderTreeBuilderTest.AcceptsClosedFramesAsValid" storage="/home/runner/work/aspnetcore/aspnetcore/artifacts/bin/microsoft.aspnetcore.components.tests/debug/net10.0/microsoft.aspnetcore.components.tests.dll" id="c0a799d8-5826-b968-4341-7c02b523342d">
      <Execution id="fd6f229f-478b-4711-a9c2-c0382383b05c" />
      <TestMethod codeBase="/home/runner/work/aspnetcore/aspnetcore/artifacts/bin/Microsoft.AspNetCore.Components.Tests/Debug/net10.0/Microsoft.AspNetCore.Components.Tests.dll" adapterTypeName="executor://xunit/VsTestRunner3/netcore/" className="Microsoft.AspNetCore.Components.Rendering.RenderTreeBuilderTest" name="AcceptsClosedFramesAsValid" />
    </UnitTest>
    <UnitTest name="Microsoft.AspNetCore.Components.Test.RendererTest.CannotAccessParameterViewAfterSynchronousReturn" storage="/home/runner/work/aspnetcore/aspnetcore/artifacts/bin/microsoft.aspnetcore.components.tests/debug/net10.0/microsoft.aspnetcore.components.tests.dll" id="1094b05a-c72e-1463-9b80-0a4701a83541">
      <Execution id="a7ec22d8-8882-4ac2-974f-8ccf4c504cde" />
      <TestMethod codeBase="/home/runner/work/aspnetcore/aspnetcore/artifacts/bin/Microsoft.AspNetCore.Components.Tests/Debug/net10.0/Microsoft.AspNetCore.Components.Tests.dll" adapterTypeName="executor://xunit/VsTestRunner3/netcore/" className="Microsoft.AspNetCore.Components.Test.RendererTest" name="CannotAccessParameterViewAfterSynchronousReturn" />
    </UnitTest>
    <UnitTest name="Microsoft.AspNetCore.Components.ParameterViewTest.IncomingParameterMatchesPropertyNotDeclaredAsParameter_Throws" storage="/home/runner/work/aspnetcore/aspnetcore/artifacts/bin/microsoft.aspnetcore.components.tests/debug/net10.0/microsoft.aspnetcore.components.tests.dll" id="3eaa411e-2e30-6c5c-3ceb-1535b3784fdf">
      <Execution id="08899f1c-cfab-4e4e-b4ef-cacd5e99d1b8" />
      <TestMethod codeBase="/home/runner/work/aspnetcore/aspnetcore/artifacts/bin/Microsoft.AspNetCore.Components.Tests/Debug/net10.0/Microsoft.AspNetCore.Components.Tests.dll" adapterTypeName="executor://xunit/VsTestRunner3/netcore/" className="Microsoft.AspNetCore.Components.ParameterViewTest" name="IncomingParameterMatchesPropertyNotDeclaredAsParameter_Throws" />
    </UnitTest>
    <UnitTest name="Microsoft.AspNetCore.Components.Routing.RouteTableFactoryTests.ProducesAStableOrderForNonAmbiguousRoutes" storage="/home/runner/work/aspnetcore/aspnetcore/artifacts/bin/microsoft.aspnetcore.components.tests/debug/net10.0/microsoft.aspnetcore.components.tests.dll" id="853dfa14-b552-e552-161d-83c5bd6239d4">
      <Execution id="1fe6f06b-c79a-4797-adf0-2266f420203e" />
      <TestMethod codeBase="/home/runner/work/aspnetcore/aspnetcore/artifacts/bin/Microsoft.AspNetCore.Components.Tests/Debug/net10.0/Microsoft.AspNetCore.Components.Tests.dll" adapterTypeName="executor://xunit/VsTestRunner3/netcore/" className="Microsoft.AspNetCore.Components.Routing.RouteTableFactoryTests" name="ProducesAStableOrderForNonAmbiguousRoutes" />
    </UnitTest>
    <UnitTest name="Microsoft.AspNetCore.Components.Rendering.RendererSynchronizationContextTest.InvokeAsync_FuncTask_CanReportCancellation" storage="/home/runner/work/aspnetcore/aspnetcore/artifacts/bin/microsoft.aspnetcore.components.tests/debug/net10.0/microsoft.aspnetcore.components.tests.dll" id="65cfcda5-99bb-d8e0-6d73-26d319d71a90">
      <Execution id="0800cac0-3f3e-4038-bcfa-bc5d3f01c05a" />
      <TestMethod codeBase="/home/runner/work/aspnetcore/aspnetcore/artifacts/bin/Microsoft.AspNetCore.Components.Tests/Debug/net10.0/Microsoft.AspNetCore.Components.Tests.dll" adapterTypeName="executor://xunit/VsTestRunner3/netcore/" className="Microsoft.AspNetCore.Components.Rendering.RendererSynchronizationContextTest" name="InvokeAsync_FuncTask_CanReportCancellation" />
    </UnitTest>
    <UnitTest name="Microsoft.AspNetCore.Components.Test.RenderTreeDiffBuilderTest.RetainsChildComponentsForExistingFrames" storage="/home/runner/work/aspnetcore/aspnetcore/artifacts/bin/microsoft.aspnetcore.components.tests/debug/net10.0/microsoft.aspnetcore.components.tests.dll" id="6dcb3b51-98c4-1b8d-3c1e-b4bc3b6aed8a">
      <Execution id="4f23c496-86b6-423b-b40f-5bdea42bfd8a" />
      <TestMethod codeBase="/home/runner/work/aspnetcore/aspnetcore/artifacts/bin/Microsoft.AspNetCore.Components.Tests/Debug/net10.0/Microsoft.AspNetCore.Components.Tests.dll" adapterTypeName="executor://xunit/VsTestRunner3/netcore/" className="Microsoft.AspNetCore.Components.Test.RenderTreeDiffBuilderTest" name="RetainsChildComponentsForExistingFrames" />
    </UnitTest>
    <UnitTest name="Microsoft.AspNetCore.Components.Test.RendererTest.PreservesChildComponentInstancesWithNoAttributes" storage="/home/runner/work/aspnetcore/aspnetcore/artifacts/bin/microsoft.aspnetcore.components.tests/debug/net10.0/microsoft.aspnetcore.components.tests.dll" id="8c255e8a-9be7-62b5-6cf0-b53daa657b4c">
      <Execution id="e9ac775c-bdf4-4137-8f68-19c8da0a0552" />
      <TestMethod codeBase="/home/runner/work/aspnetcore/aspnetcore/artifacts/bin/Microsoft.AspNetCore.Components.Tests/Debug/net10.0/Microsoft.AspNetCore.Components.Tests.dll" adapterTypeName="executor://xunit/VsTestRunner3/netcore/" className="Microsoft.AspNetCore.Components.Test.RendererTest" name="PreservesChildComponentInstancesWithNoAttributes" />
    </UnitTest>
    <UnitTest name="Microsoft.AspNetCore.Components.ComponentStatePersistenceManagerTest.PersistStateAsync_ContinuesInvokingPauseCallbacksDuringPersistIfACallbackThrows" storage="/home/runner/work/aspnetcore/aspnetcore/artifacts/bin/microsoft.aspnetcore.components.tests/debug/net10.0/microsoft.aspnetcore.components.tests.dll" id="7cc66c2f-1389-fe70-0939-361d757d3492">
      <Execution id="5dfccf71-a897-4690-b98f-3a94adfdab8a" />
      <TestMethod codeBase="/home/runner/work/aspnetcore/aspnetcore/artifacts/bin/Microsoft.AspNetCore.Components.Tests/Debug/net10.0/Microsoft.AspNetCore.Components.Tests.dll" adapterTypeName="executor://xunit/VsTestRunner3/netcore/" className="Microsoft.AspNetCore.Components.ComponentStatePersistenceManagerTest" name="PersistStateAsync_ContinuesInvokingPauseCallbacksDuringPersistIfACallbackThrows" />
    </UnitTest>
    <UnitTest name="Microsoft.AspNetCore.Components.Test.RendererTest.DispatchEventAsync_EventCallback_AsynchronousCancellation" storage="/home/runner/work/aspnetcore/aspnetcore/artifacts/bin/microsoft.aspnetcore.components.tests/debug/net10.0/microsoft.aspnetcore.components.tests.dll" id="07425356-3fde-058a-6d9d-00d12485716f">
      <Execution id="8ffc2da1-2f4e-4c7d-8cc3-e8930266e11e" />
      <TestMethod codeBase="/home/runner/work/aspnetcore/aspnetcore/artifacts/bin/Microsoft.AspNetCore.Components.Tests/Debug/net10.0/Microsoft.AspNetCore.Components.Tests.dll" adapterTypeName="executor://xunit/VsTestRunner3/netcore/" className="Microsoft.AspNetCore.Components.Test.RendererTest" name="DispatchEventAsync_EventCallback_AsynchronousCancellation" />
    </UnitTest>
    <UnitTest name="Microsoft.AspNetCore.Components.Routing.RouteTableFactoryTests.CanCacheRouteTable" storage="/home/runner/work/aspnetcore/aspnetcore/artifacts/bin/microsoft.aspnetcore.components.tests/debug/net10.0/microsoft.aspnetcore.components.tests.dll" id="423f9afa-c05a-5d5f-21f6-0f8e6db246cc">
      <Execution id="9fb900f9-4f6a-4818-89df-6f52e6b73e22" />
      <TestMethod codeBase="/home/runner/work/aspnetcore/aspnetcore/artifacts/bin/Microsoft.AspNetCore.Components.Tests/Debug/net10.0/Microsoft.AspNetCore.Components.Tests.dll" adapterTypeName="executor://xunit/VsTestRunner3/netcore/" className="Microsoft.AspNetCore.Components.Routing.RouteTableFactoryTests" name="CanCacheRouteTable" />
    </UnitTest>
    <UnitTest name="Microsoft.AspNetCore.Components.ComponentFactoryTest.InstantiateComponent_AssignsPropertiesWithInjectAttributeOnBaseType" storage="/home/runner/work/aspnetcore/aspnetcore/artifacts/bin/microsoft.aspnetcore.components.tests/debug/net10.0/microsoft.aspnetcore.components.tests.dll" id="5adae277-ec5c-7242-22db-278f9a54cb4f">
      <Execution id="6a15beeb-7da1-4e9c-b36a-b6d2b62028e2" />
      <TestMethod codeBase="/home/runner/work/aspnetcore/aspnetcore/artifacts/bin/Microsoft.AspNetCore.Components.Tests/Debug/net10.0/Microsoft.AspNetCore.Components.Tests.dll" adapterTypeName="executor://xunit/VsTestRunner3/netcore/" className="Microsoft.AspNetCore.Components.ComponentFactoryTest" name="InstantiateComponent_AssignsPropertiesWithInjectAttributeOnBaseType" />
    </UnitTest>
    <UnitTest name="Microsoft.AspNetCore.Components.Test.CascadingParameterTest.CanHaveManySubscribers(numSubscribers: 63)" storage="/home/runner/work/aspnetcore/aspnetcore/artifacts/bin/microsoft.aspnetcore.components.tests/debug/net10.0/microsoft.aspnetcore.components.tests.dll" id="f6a999f9-f352-34fb-0fa9-9f15dd428a27">
      <Execution id="20ebff1e-b2ab-4f61-bf43-225bb308ff2a" />
      <TestMethod codeBase="/home/runner/work/aspnetcore/aspnetcore/artifacts/bin/Microsoft.AspNetCore.Components.Tests/Debug/net10.0/Microsoft.AspNetCore.Components.Tests.dll" adapterTypeName="executor://xunit/VsTestRunner3/netcore/" className="Microsoft.AspNetCore.Components.Test.CascadingParameterTest" name="CanHaveManySubscribers" />
    </UnitTest>
    <UnitTest name="Microsoft.AspNetCore.Components.Routing.RouteTableFactoryTests.IgnoresIdenticalTypes" storage="/home/runner/work/aspnetcore/aspnetcore/artifacts/bin/microsoft.aspnetcore.components.tests/debug/net10.0/microsoft.aspnetcore.components.tests.dll" id="e56e0359-2305-d945-ce6d-0ae846957140">
      <Execution id="63dc6760-222e-4c34-9359-07723c40af49" />
      <TestMethod codeBase="/home/runner/work/aspnetcore/aspnetcore/artifacts/bin/Microsoft.AspNetCore.Components.Tests/Debug/net10.0/Microsoft.AspNetCore.Components.Tests.dll" adapterTypeName="executor://xunit/VsTestRunner3/netcore/" className="Microsoft.AspNetCore.Components.Routing.RouteTableFactoryTests" name="IgnoresIdenticalTypes" />
    </UnitTest>
    <UnitTest name="Microsoft.AspNetCore.Components.NavigationManagerTest.GetUriWithQueryParameter_AppendsWhenParameterDoesNotExist(baseUri: &quot;scheme://host/?&quot;, expectedUri: &quot;scheme://host/?name=John%20Doe&quot;)" storage="/home/runner/work/aspnetcore/aspnetcore/artifacts/bin/microsoft.aspnetcore.components.tests/debug/net10.0/microsoft.aspnetcore.components.tests.dll" id="ebbd48e3-e772-1518-0903-28121c43749b">
      <Execution id="babecf02-1bd9-4183-93a2-257007fee1ec" />
      <TestMethod codeBase="/home/runner/work/aspnetcore/aspnetcore/artifacts/bin/Microsoft.AspNetCore.Components.Tests/Debug/net10.0/Microsoft.AspNetCore.Components.Tests.dll" adapterTypeName="executor://xunit/VsTestRunner3/netcore/" className="Microsoft.AspNetCore.Components.NavigationManagerTest" name="GetUriWithQueryParameter_AppendsWhenParameterDoesNotExist" />
    </UnitTest>
    <UnitTest name="Microsoft.AspNetCore.Components.Test.RenderTreeDiffBuilderTest.PreservesIdsOnRetainedElementReferenceCaptures" storage="/home/runner/work/aspnetcore/aspnetcore/artifacts/bin/microsoft.aspnetcore.components.tests/debug/net10.0/microsoft.aspnetcore.components.tests.dll" id="70e076bf-2766-bdd3-83dc-52a251517bb2">
      <Execution id="49fc23b1-f556-47dc-8070-084597f82258" />
      <TestMethod codeBase="/home/runner/work/aspnetcore/aspnetcore/artifacts/bin/Microsoft.AspNetCore.Components.Tests/Debug/net10.0/Microsoft.AspNetCore.Components.Tests.dll" adapterTypeName="executor://xunit/VsTestRunner3/netcore/" className="Microsoft.AspNetCore.Components.Test.RenderTreeDiffBuilderTest" name="PreservesIdsOnRetainedElementReferenceCaptures" />
    </UnitTest>
    <UnitTest name="Microsoft.AspNetCore.Components.Test.RendererTest.ComponentsCanBeAssociatedWithMultipleRenderers" storage="/home/runner/work/aspnetcore/aspnetcore/artifacts/bin/microsoft.aspnetcore.components.tests/debug/net10.0/microsoft.aspnetcore.components.tests.dll" id="4ce7167a-79f4-919c-bb47-9794f52f4f6b">
      <Execution id="e3dad0a4-8186-4ca3-ba02-9beaeda885cd" />
      <TestMethod codeBase="/home/runner/work/aspnetcore/aspnetcore/artifacts/bin/Microsoft.AspNetCore.Components.Tests/Debug/net10.0/Microsoft.AspNetCore.Components.Tests.dll" adapterTypeName="executor://xunit/VsTestRunner3/netcore/" className="Microsoft.AspNetCore.Components.Test.RendererTest" name="ComponentsCanBeAssociatedWithMultipleRenderers" />
    </UnitTest>
    <UnitTest name="Microsoft.AspNetCore.Components.NavigationManagerTest.LocationChangingHandlers_AreCanceledBySuccessiveNavigations_WhenMultipleHandlersAreRegistered" storage="/home/runner/work/aspnetcore/aspnetcore/artifacts/bin/microsoft.aspnetcore.components.tests/debug/net10.0/microsoft.aspnetcore.components.tests.dll" id="ebfc03d2-499c-1b10-ff46-55e56ed1053c">
      <Execution id="0cab9ce3-bf89-49b4-ac09-e0b3cad072ff" />
      <TestMethod codeBase="/home/runner/work/aspnetcore/aspnetcore/artifacts/bin/Microsoft.AspNetCore.Components.Tests/Debug/net10.0/Microsoft.AspNetCore.Components.Tests.dll" adapterTypeName="executor://xunit/VsTestRunner3/netcore/" className="Microsoft.AspNetCore.Components.NavigationManagerTest" name="LocationChangingHandlers_AreCanceledBySuccessiveNavigations_WhenMultipleHandlersAreRegistered" />
    </UnitTest>
    <UnitTest name="AlwaysTestTests.SuccessfulTests.GuaranteedQuarantinedTest" storage="/home/runner/work/aspnetcore/aspnetcore/artifacts/bin/microsoft.aspnetcore.components.tests/debug/net10.0/microsoft.aspnetcore.components.tests.dll" id="b2269b89-0bb6-2e61-6341-5af4efbde415">
      <Execution id="4127ac84-629a-43d8-b77a-6c381c0559e8" />
      <TestMethod codeBase="/home/runner/work/aspnetcore/aspnetcore/artifacts/bin/Microsoft.AspNetCore.Components.Tests/Debug/net10.0/Microsoft.AspNetCore.Components.Tests.dll" adapterTypeName="executor://xunit/VsTestRunner3/netcore/" className="AlwaysTestTests.SuccessfulTests" name="GuaranteedQuarantinedTest" />
    </UnitTest>
    <UnitTest name="Microsoft.AspNetCore.Components.Routing.RouteTableFactoryTests.OptionalParameterPlusCatchAllRoute(template: &quot;prefix/{parameter?}/{*catchAll}&quot;, path: &quot;/prefix/value/1/2/3/4/5&quot;, parameterValue: &quot;value&quot;, catchAllValue: &quot;1/2/3/4/5&quot;)" storage="/home/runner/work/aspnetcore/aspnetcore/artifacts/bin/microsoft.aspnetcore.components.tests/debug/net10.0/microsoft.aspnetcore.components.tests.dll" id="d0a990d1-0d36-df2e-10b3-4a1dd8cefbda">
      <Execution id="a80f0023-d2e9-451e-9b89-da6201a9b28a" />
      <TestMethod codeBase="/home/runner/work/aspnetcore/aspnetcore/artifacts/bin/Microsoft.AspNetCore.Components.Tests/Debug/net10.0/Microsoft.AspNetCore.Components.Tests.dll" adapterTypeName="executor://xunit/VsTestRunner3/netcore/" className="Microsoft.AspNetCore.Components.Routing.RouteTableFactoryTests" name="OptionalParameterPlusCatchAllRoute" />
    </UnitTest>
    <UnitTest name="Microsoft.AspNetCore.Components.RenderTree.StackObjectPoolTest.CanReturnInstances" storage="/home/runner/work/aspnetcore/aspnetcore/artifacts/bin/microsoft.aspnetcore.components.tests/debug/net10.0/microsoft.aspnetcore.components.tests.dll" id="40b0e75f-9565-2fa4-a311-34c27eab4a03">
      <Execution id="5687c63a-d493-4735-b621-e27d74495a68" />
      <TestMethod codeBase="/home/runner/work/aspnetcore/aspnetcore/artifacts/bin/Microsoft.AspNetCore.Components.Tests/Debug/net10.0/Microsoft.AspNetCore.Components.Tests.dll" adapterTypeName="executor://xunit/VsTestRunner3/netcore/" className="Microsoft.AspNetCore.Components.RenderTree.StackObjectPoolTest" name="CanReturnInstances" />
    </UnitTest>
    <UnitTest name="Microsoft.AspNetCore.Components.Rendering.RenderTreeBuilderTest.CanAddMarkup" storage="/home/runner/work/aspnetcore/aspnetcore/artifacts/bin/microsoft.aspnetcore.components.tests/debug/net10.0/microsoft.aspnetcore.components.tests.dll" id="ee2eff19-a4f6-77ed-5f14-b80ab30eba9b">
      <Execution id="4b11f0ab-e5aa-4d15-9cec-9bcb31bc1274" />
      <TestMethod codeBase="/home/runner/work/aspnetcore/aspnetcore/artifacts/bin/Microsoft.AspNetCore.Components.Tests/Debug/net10.0/Microsoft.AspNetCore.Components.Tests.dll" adapterTypeName="executor://xunit/VsTestRunner3/netcore/" className="Microsoft.AspNetCore.Components.Rendering.RenderTreeBuilderTest" name="CanAddMarkup" />
    </UnitTest>
    <UnitTest name="Microsoft.AspNetCore.Components.Routing.RouteTableFactoryTests.DoesNotThrowForNonAmbiguousRoutes(first: &quot;{*catchAll}&quot;, second: &quot;{optional?}&quot;)" storage="/home/runner/work/aspnetcore/aspnetcore/artifacts/bin/microsoft.aspnetcore.components.tests/debug/net10.0/microsoft.aspnetcore.components.tests.dll" id="df22ee67-fe35-3b38-4b54-4df7d29979ff">
      <Execution id="3d4db261-74fb-46cc-a03e-48e539699a87" />
      <TestMethod codeBase="/home/runner/work/aspnetcore/aspnetcore/artifacts/bin/Microsoft.AspNetCore.Components.Tests/Debug/net10.0/Microsoft.AspNetCore.Components.Tests.dll" adapterTypeName="executor://xunit/VsTestRunner3/netcore/" className="Microsoft.AspNetCore.Components.Routing.RouteTableFactoryTests" name="DoesNotThrowForNonAmbiguousRoutes" />
    </UnitTest>
    <UnitTest name="Microsoft.AspNetCore.Components.BindConverterTest.TryConvertTo_Guid_Invalid(incomingValue: null)" storage="/home/runner/work/aspnetcore/aspnetcore/artifacts/bin/microsoft.aspnetcore.components.tests/debug/net10.0/microsoft.aspnetcore.components.tests.dll" id="b9ee6c48-2df3-ca00-0e3d-ce63ba3738f9">
      <Execution id="ad2f7d6c-26c0-4c60-8398-c3ec76a1f24c" />
      <TestMethod codeBase="/home/runner/work/aspnetcore/aspnetcore/artifacts/bin/Microsoft.AspNetCore.Components.Tests/Debug/net10.0/Microsoft.AspNetCore.Components.Tests.dll" adapterTypeName="executor://xunit/VsTestRunner3/netcore/" className="Microsoft.AspNetCore.Components.BindConverterTest" name="TryConvertTo_Guid_Invalid" />
    </UnitTest>
    <UnitTest name="Microsoft.AspNetCore.Components.EventCallbackTest.EventCallbackOf_Equals_WhenANewDelegateIsCreated" storage="/home/runner/work/aspnetcore/aspnetcore/artifacts/bin/microsoft.aspnetcore.components.tests/debug/net10.0/microsoft.aspnetcore.components.tests.dll" id="9638fdd5-3d71-527f-bc37-d7b1340bcf44">
      <Execution id="68d9f585-826f-402c-90d6-22875ced2b0e" />
      <TestMethod codeBase="/home/runner/work/aspnetcore/aspnetcore/artifacts/bin/Microsoft.AspNetCore.Components.Tests/Debug/net10.0/Microsoft.AspNetCore.Components.Tests.dll" adapterTypeName="executor://xunit/VsTestRunner3/netcore/" className="Microsoft.AspNetCore.Components.EventCallbackTest" name="EventCallbackOf_Equals_WhenANewDelegateIsCreated" />
    </UnitTest>
    <UnitTest name="Microsoft.AspNetCore.Components.ParameterViewTest.DeclaredParameterClashesWithInheritedParameter_Throws" storage="/home/runner/work/aspnetcore/aspnetcore/artifacts/bin/microsoft.aspnetcore.components.tests/debug/net10.0/microsoft.aspnetcore.components.tests.dll" id="1c907111-d455-c840-0d07-587e7beaf1de">
      <Execution id="eb1d8532-18cb-496e-8a96-dbfd94602590" />
      <TestMethod codeBase="/home/runner/work/aspnetcore/aspnetcore/artifacts/bin/Microsoft.AspNetCore.Components.Tests/Debug/net10.0/Microsoft.AspNetCore.Components.Tests.dll" adapterTypeName="executor://xunit/VsTestRunner3/netcore/" className="Microsoft.AspNetCore.Components.ParameterViewTest" name="DeclaredParameterClashesWithInheritedParameter_Throws" />
    </UnitTest>
    <UnitTest name="Microsoft.AspNetCore.Components.Rendering.RenderTreeBuilderTest.CanAddRegions" storage="/home/runner/work/aspnetcore/aspnetcore/artifacts/bin/microsoft.aspnetcore.components.tests/debug/net10.0/microsoft.aspnetcore.components.tests.dll" id="c11563d1-2be0-0ad9-4361-0977edde7b30">
      <Execution id="5f8c4e84-334c-484f-8fe8-5bc4058d5157" />
      <TestMethod codeBase="/home/runner/work/aspnetcore/aspnetcore/artifacts/bin/Microsoft.AspNetCore.Components.Tests/Debug/net10.0/Microsoft.AspNetCore.Components.Tests.dll" adapterTypeName="executor://xunit/VsTestRunner3/netcore/" className="Microsoft.AspNetCore.Components.Rendering.RenderTreeBuilderTest" name="CanAddRegions" />
    </UnitTest>
    <UnitTest name="Microsoft.AspNetCore.Components.ParameterViewTest.SettingCaptureUnmatchedValuesParameterExplicitlyAndImplicitly_Throws" storage="/home/runner/work/aspnetcore/aspnetcore/artifacts/bin/microsoft.aspnetcore.components.tests/debug/net10.0/microsoft.aspnetcore.components.tests.dll" id="39a23e01-ef3e-5aed-b416-4f5e71ddf4c5">
      <Execution id="f44092e1-f7f1-4fd5-980e-5f24e0e16822" />
      <TestMethod codeBase="/home/runner/work/aspnetcore/aspnetcore/artifacts/bin/Microsoft.AspNetCore.Components.Tests/Debug/net10.0/Microsoft.AspNetCore.Components.Tests.dll" adapterTypeName="executor://xunit/VsTestRunner3/netcore/" className="Microsoft.AspNetCore.Components.ParameterViewTest" name="SettingCaptureUnmatchedValuesParameterExplicitlyAndImplicitly_Throws" />
    </UnitTest>
    <UnitTest name="Microsoft.AspNetCore.Components.ComponentsMetricsTest.Constructor_CreatesMetersCorrectly" storage="/home/runner/work/aspnetcore/aspnetcore/artifacts/bin/microsoft.aspnetcore.components.tests/debug/net10.0/microsoft.aspnetcore.components.tests.dll" id="1a1aed9b-aef6-582d-60b1-f14cc20bf88a">
      <Execution id="6a05d569-878c-4688-8597-4132ebf89316" />
      <TestMethod codeBase="/home/runner/work/aspnetcore/aspnetcore/artifacts/bin/Microsoft.AspNetCore.Components.Tests/Debug/net10.0/Microsoft.AspNetCore.Components.Tests.dll" adapterTypeName="executor://xunit/VsTestRunner3/netcore/" className="Microsoft.AspNetCore.Components.ComponentsMetricsTest" name="Constructor_CreatesMetersCorrectly" />
    </UnitTest>
    <UnitTest name="Microsoft.AspNetCore.Components.ParameterViewTest.EnumerationStopsAtEndOfOwnerAttributes" storage="/home/runner/work/aspnetcore/aspnetcore/artifacts/bin/microsoft.aspnetcore.components.tests/debug/net10.0/microsoft.aspnetcore.components.tests.dll" id="5c0058ef-61f7-4dc0-b1da-7231b9856ad7">
      <Execution id="173c9245-5dbb-4a75-9fe1-cf17898f370e" />
      <TestMethod codeBase="/home/runner/work/aspnetcore/aspnetcore/artifacts/bin/Microsoft.AspNetCore.Components.Tests/Debug/net10.0/Microsoft.AspNetCore.Components.Tests.dll" adapterTypeName="executor://xunit/VsTestRunner3/netcore/" className="Microsoft.AspNetCore.Components.ParameterViewTest" name="EnumerationStopsAtEndOfOwnerAttributes" />
    </UnitTest>
    <UnitTest name="Microsoft.AspNetCore.Components.Test.RendererTest.ReRendersDoesNotReRenderChildComponentWhenUnmatchedValuesDoNotChange" storage="/home/runner/work/aspnetcore/aspnetcore/artifacts/bin/microsoft.aspnetcore.components.tests/debug/net10.0/microsoft.aspnetcore.components.tests.dll" id="751bd0d0-981a-ad0a-aebf-27f11ea2b83e">
      <Execution id="6a4339d9-eb40-475c-88e6-2b4dc9368194" />
      <TestMethod codeBase="/home/runner/work/aspnetcore/aspnetcore/artifacts/bin/Microsoft.AspNetCore.Components.Tests/Debug/net10.0/Microsoft.AspNetCore.Components.Tests.dll" adapterTypeName="executor://xunit/VsTestRunner3/netcore/" className="Microsoft.AspNetCore.Components.Test.RendererTest" name="ReRendersDoesNotReRenderChildComponentWhenUnmatchedValuesDoNotChange" />
    </UnitTest>
    <UnitTest name="Microsoft.AspNetCore.Components.Test.ComponentBaseTest.RenderRootComponentAsync_ReportsErrorDuringOnParameterSetAsync" storage="/home/runner/work/aspnetcore/aspnetcore/artifacts/bin/microsoft.aspnetcore.components.tests/debug/net10.0/microsoft.aspnetcore.components.tests.dll" id="a43c6a7d-2b17-4359-3e27-294e9252f9fc">
      <Execution id="030b1a15-3fa5-489e-a74f-6886f55f4417" />
      <TestMethod codeBase="/home/runner/work/aspnetcore/aspnetcore/artifacts/bin/Microsoft.AspNetCore.Components.Tests/Debug/net10.0/Microsoft.AspNetCore.Components.Tests.dll" adapterTypeName="executor://xunit/VsTestRunner3/netcore/" className="Microsoft.AspNetCore.Components.Test.ComponentBaseTest" name="RenderRootComponentAsync_ReportsErrorDuringOnParameterSetAsync" />
    </UnitTest>
    <UnitTest name="Microsoft.AspNetCore.Components.ComponentsActivitySourceTest.Constructor_CreatesActivitySourceCorrectly" storage="/home/runner/work/aspnetcore/aspnetcore/artifacts/bin/microsoft.aspnetcore.components.tests/debug/net10.0/microsoft.aspnetcore.components.tests.dll" id="5f92ffc8-636b-989a-07e0-7d959ce6724e">
      <Execution id="e695d789-a20d-4011-8829-e91639d897cf" />
      <TestMethod codeBase="/home/runner/work/aspnetcore/aspnetcore/artifacts/bin/Microsoft.AspNetCore.Components.Tests/Debug/net10.0/Microsoft.AspNetCore.Components.Tests.dll" adapterTypeName="executor://xunit/VsTestRunner3/netcore/" className="Microsoft.AspNetCore.Components.ComponentsActivitySourceTest" name="Constructor_CreatesActivitySourceCorrectly" />
    </UnitTest>
    <UnitTest name="Microsoft.AspNetCore.Components.Routing.QueryParameterValueSupplierTest.RejectsUnparseableValues(key: &quot;GuidVal&quot;, value: &quot;123456-789-0&quot;, targetType: typeof(System.Guid))" storage="/home/runner/work/aspnetcore/aspnetcore/artifacts/bin/microsoft.aspnetcore.components.tests/debug/net10.0/microsoft.aspnetcore.components.tests.dll" id="197b697b-0386-3b6a-3e1b-6dce58ce3798">
      <Execution id="91a322b4-209d-4cf3-93db-f07e526049e5" />
      <TestMethod codeBase="/home/runner/work/aspnetcore/aspnetcore/artifacts/bin/Microsoft.AspNetCore.Components.Tests/Debug/net10.0/Microsoft.AspNetCore.Components.Tests.dll" adapterTypeName="executor://xunit/VsTestRunner3/netcore/" className="Microsoft.AspNetCore.Components.Routing.QueryParameterValueSupplierTest" name="RejectsUnparseableValues" />
    </UnitTest>
    <UnitTest name="Microsoft.AspNetCore.Components.Rendering.RenderTreeBuilderTest.CannotAddAttributeToText" storage="/home/runner/work/aspnetcore/aspnetcore/artifacts/bin/microsoft.aspnetcore.components.tests/debug/net10.0/microsoft.aspnetcore.components.tests.dll" id="3fc5a52c-8846-42f7-3966-356ee186784e">
      <Execution id="e31408fe-5b6b-4c49-8af9-964b59960400" />
      <TestMethod codeBase="/home/runner/work/aspnetcore/aspnetcore/artifacts/bin/Microsoft.AspNetCore.Components.Tests/Debug/net10.0/Microsoft.AspNetCore.Components.Tests.dll" adapterTypeName="executor://xunit/VsTestRunner3/netcore/" className="Microsoft.AspNetCore.Components.Rendering.RenderTreeBuilderTest" name="CannotAddAttributeToText" />
    </UnitTest>
    <UnitTest name="Microsoft.AspNetCore.Components.CascadingParameterStateTest.FindCascadingParameters_MatchingNameButMismatchingType_ReturnsEmpty" storage="/home/runner/work/aspnetcore/aspnetcore/artifacts/bin/microsoft.aspnetcore.components.tests/debug/net10.0/microsoft.aspnetcore.components.tests.dll" id="a73905fb-778c-6032-c776-99bfe07cbf6b">
      <Execution id="d3c5a3d9-ca5a-4a46-9f61-892a8ba8f1e5" />
      <TestMethod codeBase="/home/runner/work/aspnetcore/aspnetcore/artifacts/bin/Microsoft.AspNetCore.Components.Tests/Debug/net10.0/Microsoft.AspNetCore.Components.Tests.dll" adapterTypeName="executor://xunit/VsTestRunner3/netcore/" className="Microsoft.AspNetCore.Components.CascadingParameterStateTest" name="FindCascadingParameters_MatchingNameButMismatchingType_ReturnsEmpty" />
    </UnitTest>
    <UnitTest name="Microsoft.AspNetCore.Components.Test.RenderTreeDiffBuilderTest.DiffsElementsHierarchically" storage="/home/runner/work/aspnetcore/aspnetcore/artifacts/bin/microsoft.aspnetcore.components.tests/debug/net10.0/microsoft.aspnetcore.components.tests.dll" id="58fd7f3c-cfd3-8b56-1e4a-aa6a5818b24e">
      <Execution id="75364da3-dee1-4b7d-9ec9-250e53c772c2" />
      <TestMethod codeBase="/home/runner/work/aspnetcore/aspnetcore/artifacts/bin/Microsoft.AspNetCore.Components.Tests/Debug/net10.0/Microsoft.AspNetCore.Components.Tests.dll" adapterTypeName="executor://xunit/VsTestRunner3/netcore/" className="Microsoft.AspNetCore.Components.Test.RenderTreeDiffBuilderTest" name="DiffsElementsHierarchically" />
    </UnitTest>
    <UnitTest name="Microsoft.AspNetCore.Components.Rendering.RenderTreeBuilderTest.AddAttribute_Element_NullAction_IgnoresFrame" storage="/home/runner/work/aspnetcore/aspnetcore/artifacts/bin/microsoft.aspnetcore.components.tests/debug/net10.0/microsoft.aspnetcore.components.tests.dll" id="bd9d6bfc-12a0-dcd7-3d5c-9eb15f677bf4">
      <Execution id="82c7a9cd-17f4-4567-8972-72319f9f1e79" />
      <TestMethod codeBase="/home/runner/work/aspnetcore/aspnetcore/artifacts/bin/Microsoft.AspNetCore.Components.Tests/Debug/net10.0/Microsoft.AspNetCore.Components.Tests.dll" adapterTypeName="executor://xunit/VsTestRunner3/netcore/" className="Microsoft.AspNetCore.Components.Rendering.RenderTreeBuilderTest" name="AddAttribute_Element_NullAction_IgnoresFrame" />
    </UnitTest>
    <UnitTest name="Microsoft.AspNetCore.Components.RenderTree.StackObjectPoolTest.CannotReturnMismatchingTrackedItem" storage="/home/runner/work/aspnetcore/aspnetcore/artifacts/bin/microsoft.aspnetcore.components.tests/debug/net10.0/microsoft.aspnetcore.components.tests.dll" id="5a8268a4-4752-8999-8cbb-fa75a5459e1c">
      <Execution id="77339aa0-e16c-444d-849d-b01d5b2ef34a" />
      <TestMethod codeBase="/home/runner/work/aspnetcore/aspnetcore/artifacts/bin/Microsoft.AspNetCore.Components.Tests/Debug/net10.0/Microsoft.AspNetCore.Components.Tests.dll" adapterTypeName="executor://xunit/VsTestRunner3/netcore/" className="Microsoft.AspNetCore.Components.RenderTree.StackObjectPoolTest" name="CannotReturnMismatchingTrackedItem" />
    </UnitTest>
    <UnitTest name="Microsoft.AspNetCore.Components.Rendering.RendererSynchronizationContextTest.Post_CanRunAsynchronously_CaptureExecutionContext" storage="/home/runner/work/aspnetcore/aspnetcore/artifacts/bin/microsoft.aspnetcore.components.tests/debug/net10.0/microsoft.aspnetcore.components.tests.dll" id="871613c3-73ac-6af9-8fa3-26046d31030f">
      <Execution id="2d16e35e-db9e-4330-96b3-ac063cce93a4" />
      <TestMethod codeBase="/home/runner/work/aspnetcore/aspnetcore/artifacts/bin/Microsoft.AspNetCore.Components.Tests/Debug/net10.0/Microsoft.AspNetCore.Components.Tests.dll" adapterTypeName="executor://xunit/VsTestRunner3/netcore/" className="Microsoft.AspNetCore.Components.Rendering.RendererSynchronizationContextTest" name="Post_CanRunAsynchronously_CaptureExecutionContext" />
    </UnitTest>
    <UnitTest name="Microsoft.AspNetCore.Components.Routing.RouteTableFactoryTests.CanMatchParameterTemplate(path: &quot;/value2/&quot;, expectedValue: &quot;value2&quot;)" storage="/home/runner/work/aspnetcore/aspnetcore/artifacts/bin/microsoft.aspnetcore.components.tests/debug/net10.0/microsoft.aspnetcore.components.tests.dll" id="6beec7e0-e80d-a608-377e-259f10065421">
      <Execution id="27c9e178-0c94-4b71-8601-55e47e35462c" />
      <TestMethod codeBase="/home/runner/work/aspnetcore/aspnetcore/artifacts/bin/Microsoft.AspNetCore.Components.Tests/Debug/net10.0/Microsoft.AspNetCore.Components.Tests.dll" adapterTypeName="executor://xunit/VsTestRunner3/netcore/" className="Microsoft.AspNetCore.Components.Routing.RouteTableFactoryTests" name="CanMatchParameterTemplate" />
    </UnitTest>
    <UnitTest name="Microsoft.AspNetCore.Components.Routing.QueryParameterValueSupplierTest.SuppliesEmptyArrayForArrayTypesIfNotSpecified(query: &quot;&quot;)" storage="/home/runner/work/aspnetcore/aspnetcore/artifacts/bin/microsoft.aspnetcore.components.tests/debug/net10.0/microsoft.aspnetcore.components.tests.dll" id="70dd68d1-e333-f471-5ea3-6b0f098649cb">
      <Execution id="be89ea9e-6cf8-4ca0-91b5-505c5849d5fc" />
      <TestMethod codeBase="/home/runner/work/aspnetcore/aspnetcore/artifacts/bin/Microsoft.AspNetCore.Components.Tests/Debug/net10.0/Microsoft.AspNetCore.Components.Tests.dll" adapterTypeName="executor://xunit/VsTestRunner3/netcore/" className="Microsoft.AspNetCore.Components.Routing.QueryParameterValueSupplierTest" name="SuppliesEmptyArrayForArrayTypesIfNotSpecified" />
    </UnitTest>
    <UnitTest name="Microsoft.AspNetCore.Components.Routing.RoutePatternParserTests.Parse_SingleParameter" storage="/home/runner/work/aspnetcore/aspnetcore/artifacts/bin/microsoft.aspnetcore.components.tests/debug/net10.0/microsoft.aspnetcore.components.tests.dll" id="5da27f0d-f2ac-d56a-a84b-ce10548e3199">
      <Execution id="7c7bc264-4a1f-446d-ac1b-929a1f9c0946" />
      <TestMethod codeBase="/home/runner/work/aspnetcore/aspnetcore/artifacts/bin/Microsoft.AspNetCore.Components.Tests/Debug/net10.0/Microsoft.AspNetCore.Components.Tests.dll" adapterTypeName="executor://xunit/VsTestRunner3/netcore/" className="Microsoft.AspNetCore.Components.Routing.RoutePatternParserTests" name="Parse_SingleParameter" />
    </UnitTest>
    <UnitTest name="Microsoft.AspNetCore.Components.Rendering.RenderTreeBuilderTest.CannotAddAttributeAtRoot" storage="/home/runner/work/aspnetcore/aspnetcore/artifacts/bin/microsoft.aspnetcore.components.tests/debug/net10.0/microsoft.aspnetcore.components.tests.dll" id="cd8997ba-625f-ef13-00bd-c2f23ac49194">
      <Execution id="b635963c-e0e5-4fe5-935d-139d6f6f8177" />
      <TestMethod codeBase="/home/runner/work/aspnetcore/aspnetcore/artifacts/bin/Microsoft.AspNetCore.Components.Tests/Debug/net10.0/Microsoft.AspNetCore.Components.Tests.dll" adapterTypeName="executor://xunit/VsTestRunner3/netcore/" className="Microsoft.AspNetCore.Components.Rendering.RenderTreeBuilderTest" name="CannotAddAttributeAtRoot" />
    </UnitTest>
    <UnitTest name="Microsoft.AspNetCore.Components.EventCallbackFactoryBinderExtensionsTest.CreateBinder_NullableDecimal" storage="/home/runner/work/aspnetcore/aspnetcore/artifacts/bin/microsoft.aspnetcore.components.tests/debug/net10.0/microsoft.aspnetcore.components.tests.dll" id="c61c6866-8332-5392-7f67-bf35fe3054b9">
      <Execution id="cf0ee814-6b9b-4807-bb0a-5f1c18e3f5ae" />
      <TestMethod codeBase="/home/runner/work/aspnetcore/aspnetcore/artifacts/bin/Microsoft.AspNetCore.Components.Tests/Debug/net10.0/Microsoft.AspNetCore.Components.Tests.dll" adapterTypeName="executor://xunit/VsTestRunner3/netcore/" className="Microsoft.AspNetCore.Components.EventCallbackFactoryBinderExtensionsTest" name="CreateBinder_NullableDecimal" />
    </UnitTest>
    <UnitTest name="Microsoft.AspNetCore.Components.Rendering.RenderTreeBuilderTest.CannotAddKeyOutsideComponentOrElement_RegionRoot" storage="/home/runner/work/aspnetcore/aspnetcore/artifacts/bin/microsoft.aspnetcore.components.tests/debug/net10.0/microsoft.aspnetcore.components.tests.dll" id="e1a33abc-d0d6-40df-7cba-b407e634c025">
      <Execution id="3c1ac76a-2905-4c57-b6f2-6f8253906240" />
      <TestMethod codeBase="/home/runner/work/aspnetcore/aspnetcore/artifacts/bin/Microsoft.AspNetCore.Components.Tests/Debug/net10.0/Microsoft.AspNetCore.Components.Tests.dll" adapterTypeName="executor://xunit/VsTestRunner3/netcore/" className="Microsoft.AspNetCore.Components.Rendering.RenderTreeBuilderTest" name="CannotAddKeyOutsideComponentOrElement_RegionRoot" />
    </UnitTest>
    <UnitTest name="Microsoft.AspNetCore.Components.Routing.RouterTest.CanceledFailedOnNavigateAsyncDoesNothing" storage="/home/runner/work/aspnetcore/aspnetcore/artifacts/bin/microsoft.aspnetcore.components.tests/debug/net10.0/microsoft.aspnetcore.components.tests.dll" id="4b295c11-bb0f-eb9d-22f7-da3873ab67a6">
      <Execution id="c5fd7f2d-ce00-439c-87e4-32aa0ff18864" />
      <TestMethod codeBase="/home/runner/work/aspnetcore/aspnetcore/artifacts/bin/Microsoft.AspNetCore.Components.Tests/Debug/net10.0/Microsoft.AspNetCore.Components.Tests.dll" adapterTypeName="executor://xunit/VsTestRunner3/netcore/" className="Microsoft.AspNetCore.Components.Routing.RouterTest" name="CanceledFailedOnNavigateAsyncDoesNothing" />
    </UnitTest>
    <UnitTest name="Microsoft.AspNetCore.Components.Routing.RouteTableFactoryTests.PrefersLiteralTemplateOverTemplateWithParameters" storage="/home/runner/work/aspnetcore/aspnetcore/artifacts/bin/microsoft.aspnetcore.components.tests/debug/net10.0/microsoft.aspnetcore.components.tests.dll" id="1ce90b87-815c-8390-5886-b9f392f35378">
      <Execution id="38be05a9-c663-455b-b174-9c1b4ebe9c34" />
      <TestMethod codeBase="/home/runner/work/aspnetcore/aspnetcore/artifacts/bin/Microsoft.AspNetCore.Components.Tests/Debug/net10.0/Microsoft.AspNetCore.Components.Tests.dll" adapterTypeName="executor://xunit/VsTestRunner3/netcore/" className="Microsoft.AspNetCore.Components.Routing.RouteTableFactoryTests" name="PrefersLiteralTemplateOverTemplateWithParameters" />
    </UnitTest>
    <UnitTest name="Microsoft.AspNetCore.Components.Rendering.RendererSynchronizationContextTest.InvokeAsync_FuncTaskT_CanRethrowExceptions" storage="/home/runner/work/aspnetcore/aspnetcore/artifacts/bin/microsoft.aspnetcore.components.tests/debug/net10.0/microsoft.aspnetcore.components.tests.dll" id="b3592a3a-da3c-9af8-ea55-3f9f51b527c1">
      <Execution id="b59f16ec-2674-4235-9a92-85ac950e11ee" />
      <TestMethod codeBase="/home/runner/work/aspnetcore/aspnetcore/artifacts/bin/Microsoft.AspNetCore.Components.Tests/Debug/net10.0/Microsoft.AspNetCore.Components.Tests.dll" adapterTypeName="executor://xunit/VsTestRunner3/netcore/" className="Microsoft.AspNetCore.Components.Rendering.RendererSynchronizationContextTest" name="InvokeAsync_FuncTaskT_CanRethrowExceptions" />
    </UnitTest>
    <UnitTest name="Microsoft.AspNetCore.Components.Test.RendererTest.ThrowsForUnknownRenderMode_OnComponentType" storage="/home/runner/work/aspnetcore/aspnetcore/artifacts/bin/microsoft.aspnetcore.components.tests/debug/net10.0/microsoft.aspnetcore.components.tests.dll" id="b7df37af-0c80-61e1-5e4d-6d36ed7ff295">
      <Execution id="82306f35-91a8-4ff7-a6de-f1b20c4ed731" />
      <TestMethod codeBase="/home/runner/work/aspnetcore/aspnetcore/artifacts/bin/Microsoft.AspNetCore.Components.Tests/Debug/net10.0/Microsoft.AspNetCore.Components.Tests.dll" adapterTypeName="executor://xunit/VsTestRunner3/netcore/" className="Microsoft.AspNetCore.Components.Test.RendererTest" name="ThrowsForUnknownRenderMode_OnComponentType" />
    </UnitTest>
    <UnitTest name="Microsoft.AspNetCore.Components.Rendering.RenderTreeBuilderTest.CanAddNonStringValueAsText" storage="/home/runner/work/aspnetcore/aspnetcore/artifacts/bin/microsoft.aspnetcore.components.tests/debug/net10.0/microsoft.aspnetcore.components.tests.dll" id="1a4444f2-447d-8040-adb9-0973a289c373">
      <Execution id="f2a7451a-9285-4d24-a520-580bef23869e" />
      <TestMethod codeBase="/home/runner/work/aspnetcore/aspnetcore/artifacts/bin/Microsoft.AspNetCore.Components.Tests/Debug/net10.0/Microsoft.AspNetCore.Components.Tests.dll" adapterTypeName="executor://xunit/VsTestRunner3/netcore/" className="Microsoft.AspNetCore.Components.Rendering.RenderTreeBuilderTest" name="CanAddNonStringValueAsText" />
    </UnitTest>
    <UnitTest name="Microsoft.AspNetCore.Components.BindConverterTest.FormatValue_Int_Generic" storage="/home/runner/work/aspnetcore/aspnetcore/artifacts/bin/microsoft.aspnetcore.components.tests/debug/net10.0/microsoft.aspnetcore.components.tests.dll" id="6af6673e-8981-5deb-5b4f-18b4a3501729">
      <Execution id="87c830a3-9c3e-4989-82f9-a0c7cc66a49f" />
      <TestMethod codeBase="/home/runner/work/aspnetcore/aspnetcore/artifacts/bin/Microsoft.AspNetCore.Components.Tests/Debug/net10.0/Microsoft.AspNetCore.Components.Tests.dll" adapterTypeName="executor://xunit/VsTestRunner3/netcore/" className="Microsoft.AspNetCore.Components.BindConverterTest" name="FormatValue_Int_Generic" />
    </UnitTest>
    <UnitTest name="Microsoft.AspNetCore.Components.Routing.QueryParameterValueSupplierTest.RejectsBlankArrayEntriesWhenNotNullable(key: &quot;DateTimeVals&quot;, targetType: typeof(System.DateTime))" storage="/home/runner/work/aspnetcore/aspnetcore/artifacts/bin/microsoft.aspnetcore.components.tests/debug/net10.0/microsoft.aspnetcore.components.tests.dll" id="d2bf099c-2df9-f520-c8db-64c87406737a">
      <Execution id="eb48b303-a43a-48e0-83f0-d72e23ad679b" />
      <TestMethod codeBase="/home/runner/work/aspnetcore/aspnetcore/artifacts/bin/Microsoft.AspNetCore.Components.Tests/Debug/net10.0/Microsoft.AspNetCore.Components.Tests.dll" adapterTypeName="executor://xunit/VsTestRunner3/netcore/" className="Microsoft.AspNetCore.Components.Routing.QueryParameterValueSupplierTest" name="RejectsBlankArrayEntriesWhenNotNullable" />
    </UnitTest>
    <UnitTest name="Microsoft.AspNetCore.Components.BindConverterTest.FormatValue_NullableInt" storage="/home/runner/work/aspnetcore/aspnetcore/artifacts/bin/microsoft.aspnetcore.components.tests/debug/net10.0/microsoft.aspnetcore.components.tests.dll" id="c7707d26-49ac-496b-58e0-b76d3ec8ffb9">
      <Execution id="5738482b-0f48-4897-b226-8ec0235242bf" />
      <TestMethod codeBase="/home/runner/work/aspnetcore/aspnetcore/artifacts/bin/Microsoft.AspNetCore.Components.Tests/Debug/net10.0/Microsoft.AspNetCore.Components.Tests.dll" adapterTypeName="executor://xunit/VsTestRunner3/netcore/" className="Microsoft.AspNetCore.Components.BindConverterTest" name="FormatValue_NullableInt" />
    </UnitTest>
    <UnitTest name="Microsoft.AspNetCore.Components.ComponentStatePersistenceManagerTest.PersistStateAsync_FiresCallbacksInParallel" storage="/home/runner/work/aspnetcore/aspnetcore/artifacts/bin/microsoft.aspnetcore.components.tests/debug/net10.0/microsoft.aspnetcore.components.tests.dll" id="d0f2f235-e339-4989-7619-dec82338f8de">
      <Execution id="80dbde67-d658-4bf0-b1ad-82d0ab7b02a9" />
      <TestMethod codeBase="/home/runner/work/aspnetcore/aspnetcore/artifacts/bin/Microsoft.AspNetCore.Components.Tests/Debug/net10.0/Microsoft.AspNetCore.Components.Tests.dll" adapterTypeName="executor://xunit/VsTestRunner3/netcore/" className="Microsoft.AspNetCore.Components.ComponentStatePersistenceManagerTest" name="PersistStateAsync_FiresCallbacksInParallel" />
    </UnitTest>
    <UnitTest name="Microsoft.AspNetCore.Components.NavigationManagerTest.LocationChangingHandlers_CanCancelTheNavigationSynchronously_WhenMultipleHandlersAreRegistered" storage="/home/runner/work/aspnetcore/aspnetcore/artifacts/bin/microsoft.aspnetcore.components.tests/debug/net10.0/microsoft.aspnetcore.components.tests.dll" id="fe703ec9-27b6-a4ed-366d-0f45e834770f">
      <Execution id="d27807cd-843f-4ff1-b1b7-c79fab461c1b" />
      <TestMethod codeBase="/home/runner/work/aspnetcore/aspnetcore/artifacts/bin/Microsoft.AspNetCore.Components.Tests/Debug/net10.0/Microsoft.AspNetCore.Components.Tests.dll" adapterTypeName="executor://xunit/VsTestRunner3/netcore/" className="Microsoft.AspNetCore.Components.NavigationManagerTest" name="LocationChangingHandlers_CanCancelTheNavigationSynchronously_WhenMultipleHandlersAreRegistered" />
    </UnitTest>
    <UnitTest name="Microsoft.AspNetCore.Components.Test.RendererTest.CannotDispatchEventsWithUnknownEventHandlers" storage="/home/runner/work/aspnetcore/aspnetcore/artifacts/bin/microsoft.aspnetcore.components.tests/debug/net10.0/microsoft.aspnetcore.components.tests.dll" id="8fbd8a0a-574b-04d8-be31-f1dd7753151e">
      <Execution id="a0ffce0b-2f9c-4942-b5a8-5d22f4bcadaa" />
      <TestMethod codeBase="/home/runner/work/aspnetcore/aspnetcore/artifacts/bin/Microsoft.AspNetCore.Components.Tests/Debug/net10.0/Microsoft.AspNetCore.Components.Tests.dll" adapterTypeName="executor://xunit/VsTestRunner3/netcore/" className="Microsoft.AspNetCore.Components.Test.RendererTest" name="CannotDispatchEventsWithUnknownEventHandlers" />
    </UnitTest>
    <UnitTest name="Microsoft.AspNetCore.Components.NavigationManagerTest.LocationChangingHandlers_CannotCancelTheNavigationAsynchronously_UntilReturning" storage="/home/runner/work/aspnetcore/aspnetcore/artifacts/bin/microsoft.aspnetcore.components.tests/debug/net10.0/microsoft.aspnetcore.components.tests.dll" id="c3e840bb-971e-5bd2-3acf-7f44fe050f0a">
      <Execution id="14b160ad-3cc0-45db-a720-7caaf2cf7d58" />
      <TestMethod codeBase="/home/runner/work/aspnetcore/aspnetcore/artifacts/bin/Microsoft.AspNetCore.Components.Tests/Debug/net10.0/Microsoft.AspNetCore.Components.Tests.dll" adapterTypeName="executor://xunit/VsTestRunner3/netcore/" className="Microsoft.AspNetCore.Components.NavigationManagerTest" name="LocationChangingHandlers_CannotCancelTheNavigationAsynchronously_UntilReturning" />
    </UnitTest>
    <UnitTest name="Microsoft.AspNetCore.Components.Routing.QueryParameterValueSupplierTest.RejectsUnparseableValues(key: &quot;BoolVal&quot;, value: &quot;abc&quot;, targetType: typeof(bool))" storage="/home/runner/work/aspnetcore/aspnetcore/artifacts/bin/microsoft.aspnetcore.components.tests/debug/net10.0/microsoft.aspnetcore.components.tests.dll" id="1250b667-e1e8-611a-db40-3781e90cd16f">
      <Execution id="f2abfffb-f49e-4776-9b4d-d52ef66f3e78" />
      <TestMethod codeBase="/home/runner/work/aspnetcore/aspnetcore/artifacts/bin/Microsoft.AspNetCore.Components.Tests/Debug/net10.0/Microsoft.AspNetCore.Components.Tests.dll" adapterTypeName="executor://xunit/VsTestRunner3/netcore/" className="Microsoft.AspNetCore.Components.Routing.QueryParameterValueSupplierTest" name="RejectsUnparseableValues" />
    </UnitTest>
    <UnitTest name="Microsoft.AspNetCore.Components.Test.RenderTreeDiffBuilderTest.RecognizesTrailingSequenceWithinLoopBlockBeingAppended" storage="/home/runner/work/aspnetcore/aspnetcore/artifacts/bin/microsoft.aspnetcore.components.tests/debug/net10.0/microsoft.aspnetcore.components.tests.dll" id="26440f56-b1d5-bf71-6850-73d01d65d17f">
      <Execution id="55276db4-d0e6-4127-91b6-38292bf0e178" />
      <TestMethod codeBase="/home/runner/work/aspnetcore/aspnetcore/artifacts/bin/Microsoft.AspNetCore.Components.Tests/Debug/net10.0/Microsoft.AspNetCore.Components.Tests.dll" adapterTypeName="executor://xunit/VsTestRunner3/netcore/" className="Microsoft.AspNetCore.Components.Test.RenderTreeDiffBuilderTest" name="RecognizesTrailingSequenceWithinLoopBlockBeingAppended" />
    </UnitTest>
    <UnitTest name="Microsoft.AspNetCore.Components.Test.LayoutViewTest.GivenLayoutButNoContent_RendersLayoutWithEmptyBody" storage="/home/runner/work/aspnetcore/aspnetcore/artifacts/bin/microsoft.aspnetcore.components.tests/debug/net10.0/microsoft.aspnetcore.components.tests.dll" id="f3b91825-9802-c600-dc0a-be3fc8429f84">
      <Execution id="c465fa7b-a28c-4df4-a806-2552cc13e809" />
      <TestMethod codeBase="/home/runner/work/aspnetcore/aspnetcore/artifacts/bin/Microsoft.AspNetCore.Components.Tests/Debug/net10.0/Microsoft.AspNetCore.Components.Tests.dll" adapterTypeName="executor://xunit/VsTestRunner3/netcore/" className="Microsoft.AspNetCore.Components.Test.LayoutViewTest" name="GivenLayoutButNoContent_RendersLayoutWithEmptyBody" />
    </UnitTest>
    <UnitTest name="Microsoft.AspNetCore.Components.Test.CascadingParameterTest.CanSupplyCascadingValueFromServiceProvider" storage="/home/runner/work/aspnetcore/aspnetcore/artifacts/bin/microsoft.aspnetcore.components.tests/debug/net10.0/microsoft.aspnetcore.components.tests.dll" id="94a81240-e8ee-1fd0-6ba9-374b081fbc95">
      <Execution id="ae7473fb-7be3-46c0-bd9e-67d012dc5c33" />
      <TestMethod codeBase="/home/runner/work/aspnetcore/aspnetcore/artifacts/bin/Microsoft.AspNetCore.Components.Tests/Debug/net10.0/Microsoft.AspNetCore.Components.Tests.dll" adapterTypeName="executor://xunit/VsTestRunner3/netcore/" className="Microsoft.AspNetCore.Components.Test.CascadingParameterTest" name="CanSupplyCascadingValueFromServiceProvider" />
    </UnitTest>
    <UnitTest name="Microsoft.AspNetCore.Components.Routing.RouteTableFactoryTests.CorrectlyMatchesVariableLengthSegments(path: &quot;/literal/value&quot;, expectedValue: &quot;value&quot;, first: &quot;literal&quot;, second: &quot;literal/{parameter?}&quot;, handler: typeof(Microsoft.AspNetCore.Components.Routing.RouteTableFactoryTests+TestHandler2))" storage="/home/runner/work/aspnetcore/aspnetcore/artifacts/bin/microsoft.aspnetcore.components.tests/debug/net10.0/microsoft.aspnetcore.components.tests.dll" id="3949041a-d779-e1c3-707b-e4975ba46750">
      <Execution id="9fc4887c-c082-46e5-95e0-90c02363231c" />
      <TestMethod codeBase="/home/runner/work/aspnetcore/aspnetcore/artifacts/bin/Microsoft.AspNetCore.Components.Tests/Debug/net10.0/Microsoft.AspNetCore.Components.Tests.dll" adapterTypeName="executor://xunit/VsTestRunner3/netcore/" className="Microsoft.AspNetCore.Components.Routing.RouteTableFactoryTests" name="CorrectlyMatchesVariableLengthSegments" />
    </UnitTest>
    <UnitTest name="Microsoft.AspNetCore.Components.Rendering.RenderTreeBuilderTest.CannotAddComponentParameterToComponentReferenceCapture" storage="/home/runner/work/aspnetcore/aspnetcore/artifacts/bin/microsoft.aspnetcore.components.tests/debug/net10.0/microsoft.aspnetcore.components.tests.dll" id="caeae9d0-db52-6a30-6126-163d3940de00">
      <Execution id="8ad0ec1f-eccf-4701-bbaa-9757fd28e98c" />
      <TestMethod codeBase="/home/runner/work/aspnetcore/aspnetcore/artifacts/bin/Microsoft.AspNetCore.Components.Tests/Debug/net10.0/Microsoft.AspNetCore.Components.Tests.dll" adapterTypeName="executor://xunit/VsTestRunner3/netcore/" className="Microsoft.AspNetCore.Components.Rendering.RenderTreeBuilderTest" name="CannotAddComponentParameterToComponentReferenceCapture" />
    </UnitTest>
    <UnitTest name="Microsoft.AspNetCore.Components.Test.RenderTreeDiffBuilderTest.RejectsClashingKeysEvenIfAllPairsMatch" storage="/home/runner/work/aspnetcore/aspnetcore/artifacts/bin/microsoft.aspnetcore.components.tests/debug/net10.0/microsoft.aspnetcore.components.tests.dll" id="078c0616-478d-1187-05e3-c8567a9159a6">
      <Execution id="b047c67a-be65-4ff9-bde0-2bba6ae07158" />
      <TestMethod codeBase="/home/runner/work/aspnetcore/aspnetcore/artifacts/bin/Microsoft.AspNetCore.Components.Tests/Debug/net10.0/Microsoft.AspNetCore.Components.Tests.dll" adapterTypeName="executor://xunit/VsTestRunner3/netcore/" className="Microsoft.AspNetCore.Components.Test.RenderTreeDiffBuilderTest" name="RejectsClashingKeysEvenIfAllPairsMatch" />
    </UnitTest>
    <UnitTest name="Microsoft.AspNetCore.Components.Test.RenderTreeDiffBuilderTest.AttributeDiff_WithSameSequenceNumber_AttributeAddedAtStart" storage="/home/runner/work/aspnetcore/aspnetcore/artifacts/bin/microsoft.aspnetcore.components.tests/debug/net10.0/microsoft.aspnetcore.components.tests.dll" id="2cad99bf-06a6-ea62-b2e9-31b4cc727bdf">
      <Execution id="bb55afbe-2e25-48b4-8073-32782521106d" />
      <TestMethod codeBase="/home/runner/work/aspnetcore/aspnetcore/artifacts/bin/Microsoft.AspNetCore.Components.Tests/Debug/net10.0/Microsoft.AspNetCore.Components.Tests.dll" adapterTypeName="executor://xunit/VsTestRunner3/netcore/" className="Microsoft.AspNetCore.Components.Test.RenderTreeDiffBuilderTest" name="AttributeDiff_WithSameSequenceNumber_AttributeAddedAtStart" />
    </UnitTest>
    <UnitTest name="Microsoft.AspNetCore.Components.ComponentStatePersistenceManagerTest.PersistStateAsync_ThrowsWhenCallbackRenerModeCannotBeInferred" storage="/home/runner/work/aspnetcore/aspnetcore/artifacts/bin/microsoft.aspnetcore.components.tests/debug/net10.0/microsoft.aspnetcore.components.tests.dll" id="85d1b9b9-1b52-3575-aa9c-00930e047e18">
      <Execution id="70962df3-f5e2-4fe4-9534-78b446010764" />
      <TestMethod codeBase="/home/runner/work/aspnetcore/aspnetcore/artifacts/bin/Microsoft.AspNetCore.Components.Tests/Debug/net10.0/Microsoft.AspNetCore.Components.Tests.dll" adapterTypeName="executor://xunit/VsTestRunner3/netcore/" className="Microsoft.AspNetCore.Components.ComponentStatePersistenceManagerTest" name="PersistStateAsync_ThrowsWhenCallbackRenerModeCannotBeInferred" />
    </UnitTest>
    <UnitTest name="Microsoft.AspNetCore.Components.Test.RendererTest.CanSetComponentParameter_WhenParameterTypeHasImplicitConversionToString" storage="/home/runner/work/aspnetcore/aspnetcore/artifacts/bin/microsoft.aspnetcore.components.tests/debug/net10.0/microsoft.aspnetcore.components.tests.dll" id="66907170-3c34-6824-84fb-9a66563b2b94">
      <Execution id="b139a670-c12a-4ae7-9946-8e1be6cfcf11" />
      <TestMethod codeBase="/home/runner/work/aspnetcore/aspnetcore/artifacts/bin/Microsoft.AspNetCore.Components.Tests/Debug/net10.0/Microsoft.AspNetCore.Components.Tests.dll" adapterTypeName="executor://xunit/VsTestRunner3/netcore/" className="Microsoft.AspNetCore.Components.Test.RendererTest" name="CanSetComponentParameter_WhenParameterTypeHasImplicitConversionToString" />
    </UnitTest>
    <UnitTest name="Microsoft.AspNetCore.Components.Rendering.RenderTreeBuilderTest.AddAttribute_Component_EventHandlerValue_SetsAttributeValue" storage="/home/runner/work/aspnetcore/aspnetcore/artifacts/bin/microsoft.aspnetcore.components.tests/debug/net10.0/microsoft.aspnetcore.components.tests.dll" id="b388759f-a49d-99d5-8209-71e56f780616">
      <Execution id="e091a9e2-f8ac-4ee2-8a33-d85bf0edbfc2" />
      <TestMethod codeBase="/home/runner/work/aspnetcore/aspnetcore/artifacts/bin/Microsoft.AspNetCore.Components.Tests/Debug/net10.0/Microsoft.AspNetCore.Components.Tests.dll" adapterTypeName="executor://xunit/VsTestRunner3/netcore/" className="Microsoft.AspNetCore.Components.Rendering.RenderTreeBuilderTest" name="AddAttribute_Component_EventHandlerValue_SetsAttributeValue" />
    </UnitTest>
    <UnitTest name="Microsoft.AspNetCore.Components.Rendering.RenderTreeBuilderTest.IgnoresNullComponentKey" storage="/home/runner/work/aspnetcore/aspnetcore/artifacts/bin/microsoft.aspnetcore.components.tests/debug/net10.0/microsoft.aspnetcore.components.tests.dll" id="b88c0c34-4ca2-6d36-f115-0a0e4f142984">
      <Execution id="bc207fbc-b23b-420f-82d9-79ad5ca6ed09" />
      <TestMethod codeBase="/home/runner/work/aspnetcore/aspnetcore/artifacts/bin/Microsoft.AspNetCore.Components.Tests/Debug/net10.0/Microsoft.AspNetCore.Components.Tests.dll" adapterTypeName="executor://xunit/VsTestRunner3/netcore/" className="Microsoft.AspNetCore.Components.Rendering.RenderTreeBuilderTest" name="IgnoresNullComponentKey" />
    </UnitTest>
    <UnitTest name="Microsoft.AspNetCore.Components.Rendering.RenderTreeBuilderTest.StartsEmpty" storage="/home/runner/work/aspnetcore/aspnetcore/artifacts/bin/microsoft.aspnetcore.components.tests/debug/net10.0/microsoft.aspnetcore.components.tests.dll" id="8b422a60-fe88-f77d-1f35-c2b273eb392c">
      <Execution id="1b0bae77-13d0-450b-87b6-f23b475af699" />
      <TestMethod codeBase="/home/runner/work/aspnetcore/aspnetcore/artifacts/bin/Microsoft.AspNetCore.Components.Tests/Debug/net10.0/Microsoft.AspNetCore.Components.Tests.dll" adapterTypeName="executor://xunit/VsTestRunner3/netcore/" className="Microsoft.AspNetCore.Components.Rendering.RenderTreeBuilderTest" name="StartsEmpty" />
    </UnitTest>
    <UnitTest name="Microsoft.AspNetCore.Components.BindConverterTest.FormatValue_TimeOnly_Format" storage="/home/runner/work/aspnetcore/aspnetcore/artifacts/bin/microsoft.aspnetcore.components.tests/debug/net10.0/microsoft.aspnetcore.components.tests.dll" id="e4d0db74-56e0-0bee-d09b-6adcfb4cd190">
      <Execution id="8f4967cd-8538-43e4-b5a9-ea5d91ed3411" />
      <TestMethod codeBase="/home/runner/work/aspnetcore/aspnetcore/artifacts/bin/Microsoft.AspNetCore.Components.Tests/Debug/net10.0/Microsoft.AspNetCore.Components.Tests.dll" adapterTypeName="executor://xunit/VsTestRunner3/netcore/" className="Microsoft.AspNetCore.Components.BindConverterTest" name="FormatValue_TimeOnly_Format" />
    </UnitTest>
    <UnitTest name="Microsoft.AspNetCore.Components.Rendering.RenderTreeBuilderTest.AddComponentParameter_Component_StringValue_SetsAttributeValue(value: null)" storage="/home/runner/work/aspnetcore/aspnetcore/artifacts/bin/microsoft.aspnetcore.components.tests/debug/net10.0/microsoft.aspnetcore.components.tests.dll" id="de82b09f-cead-b05e-4518-4fa1ae50fe71">
      <Execution id="5f338cc2-da03-4641-a343-7a36685efc72" />
      <TestMethod codeBase="/home/runner/work/aspnetcore/aspnetcore/artifacts/bin/Microsoft.AspNetCore.Components.Tests/Debug/net10.0/Microsoft.AspNetCore.Components.Tests.dll" adapterTypeName="executor://xunit/VsTestRunner3/netcore/" className="Microsoft.AspNetCore.Components.Rendering.RenderTreeBuilderTest" name="AddComponentParameter_Component_StringValue_SetsAttributeValue" />
    </UnitTest>
    <UnitTest name="Microsoft.AspNetCore.Components.Test.ComponentBaseTest.RunsOnInitWhenRendered" storage="/home/runner/work/aspnetcore/aspnetcore/artifacts/bin/microsoft.aspnetcore.components.tests/debug/net10.0/microsoft.aspnetcore.components.tests.dll" id="bb804751-e35b-1383-438c-81158f47394e">
      <Execution id="92846dcd-4083-4000-93f9-26396f564230" />
      <TestMethod codeBase="/home/runner/work/aspnetcore/aspnetcore/artifacts/bin/Microsoft.AspNetCore.Components.Tests/Debug/net10.0/Microsoft.AspNetCore.Components.Tests.dll" adapterTypeName="executor://xunit/VsTestRunner3/netcore/" className="Microsoft.AspNetCore.Components.Test.ComponentBaseTest" name="RunsOnInitWhenRendered" />
    </UnitTest>
    <UnitTest name="Microsoft.AspNetCore.Components.Routing.QueryParameterValueSupplierTest.AcceptsBlankArrayEntriesWhenNullable" storage="/home/runner/work/aspnetcore/aspnetcore/artifacts/bin/microsoft.aspnetcore.components.tests/debug/net10.0/microsoft.aspnetcore.components.tests.dll" id="115722bf-16e6-a803-eb2d-de5e86639f73">
      <Execution id="346c5ddb-9cc4-4875-912b-7003e9ce6b80" />
      <TestMethod codeBase="/home/runner/work/aspnetcore/aspnetcore/artifacts/bin/Microsoft.AspNetCore.Components.Tests/Debug/net10.0/Microsoft.AspNetCore.Components.Tests.dll" adapterTypeName="executor://xunit/VsTestRunner3/netcore/" className="Microsoft.AspNetCore.Components.Routing.QueryParameterValueSupplierTest" name="AcceptsBlankArrayEntriesWhenNullable" />
    </UnitTest>
    <UnitTest name="Microsoft.AspNetCore.Components.Rendering.ArrayBuilderSegmentTest.StillWorksAfterUnderlyingCapacityChange" storage="/home/runner/work/aspnetcore/aspnetcore/artifacts/bin/microsoft.aspnetcore.components.tests/debug/net10.0/microsoft.aspnetcore.components.tests.dll" id="52aee1a2-31a0-f3c6-6395-196c2c9cc229">
      <Execution id="ba7b021a-0dcd-45bd-bbba-19c984a53791" />
      <TestMethod codeBase="/home/runner/work/aspnetcore/aspnetcore/artifacts/bin/Microsoft.AspNetCore.Components.Tests/Debug/net10.0/Microsoft.AspNetCore.Components.Tests.dll" adapterTypeName="executor://xunit/VsTestRunner3/netcore/" className="Microsoft.AspNetCore.Components.Rendering.ArrayBuilderSegmentTest" name="StillWorksAfterUnderlyingCapacityChange" />
    </UnitTest>
    <UnitTest name="Microsoft.AspNetCore.Components.Rendering.RenderTreeBuilderTest.CannotAddAttributeToComponentReferenceCapture" storage="/home/runner/work/aspnetcore/aspnetcore/artifacts/bin/microsoft.aspnetcore.components.tests/debug/net10.0/microsoft.aspnetcore.components.tests.dll" id="72123054-14a1-e3c5-e878-65c6f5c8e047">
      <Execution id="0275361a-a165-4db4-ad86-41e8f3c93328" />
      <TestMethod codeBase="/home/runner/work/aspnetcore/aspnetcore/artifacts/bin/Microsoft.AspNetCore.Components.Tests/Debug/net10.0/Microsoft.AspNetCore.Components.Tests.dll" adapterTypeName="executor://xunit/VsTestRunner3/netcore/" className="Microsoft.AspNetCore.Components.Rendering.RenderTreeBuilderTest" name="CannotAddAttributeToComponentReferenceCapture" />
    </UnitTest>
    <UnitTest name="Microsoft.AspNetCore.Components.Test.RenderTreeDiffBuilderTest.AttributeDiff_WithSequentialSequenceNumber_AttributeAddedAtEnd" storage="/home/runner/work/aspnetcore/aspnetcore/artifacts/bin/microsoft.aspnetcore.components.tests/debug/net10.0/microsoft.aspnetcore.components.tests.dll" id="bfb4a4ab-f219-f9d5-e9a2-9005ca01f77f">
      <Execution id="32cdb42b-d6a4-4f24-9c7d-b768d10c4ef5" />
      <TestMethod codeBase="/home/runner/work/aspnetcore/aspnetcore/artifacts/bin/Microsoft.AspNetCore.Components.Tests/Debug/net10.0/Microsoft.AspNetCore.Components.Tests.dll" adapterTypeName="executor://xunit/VsTestRunner3/netcore/" className="Microsoft.AspNetCore.Components.Test.RenderTreeDiffBuilderTest" name="AttributeDiff_WithSequentialSequenceNumber_AttributeAddedAtEnd" />
    </UnitTest>
    <UnitTest name="Microsoft.AspNetCore.Components.Routing.QueryParameterValueSupplierTest.RejectsUnparseableArrayEntries(key: &quot;NullableDateTimeVals&quot;, validValue: &quot;2020-02-28&quot;, invalidValue: &quot;2020-02-31&quot;, targetType: typeof(DateTime?))" storage="/home/runner/work/aspnetcore/aspnetcore/artifacts/bin/microsoft.aspnetcore.components.tests/debug/net10.0/microsoft.aspnetcore.components.tests.dll" id="dbe6b303-e830-164b-9628-dd218ddee864">
      <Execution id="eb7fa252-6446-4334-907d-7334dfefce53" />
      <TestMethod codeBase="/home/runner/work/aspnetcore/aspnetcore/artifacts/bin/Microsoft.AspNetCore.Components.Tests/Debug/net10.0/Microsoft.AspNetCore.Components.Tests.dll" adapterTypeName="executor://xunit/VsTestRunner3/netcore/" className="Microsoft.AspNetCore.Components.Routing.QueryParameterValueSupplierTest" name="RejectsUnparseableArrayEntries" />
    </UnitTest>
    <UnitTest name="Microsoft.AspNetCore.Components.PersistentStateValueProviderTests.PersistAsync_CanPersistValueTypes_TupleProperty" storage="/home/runner/work/aspnetcore/aspnetcore/artifacts/bin/microsoft.aspnetcore.components.tests/debug/net10.0/microsoft.aspnetcore.components.tests.dll" id="ef189c2c-f825-4298-fcb8-eb216f9c869d">
      <Execution id="6677ef01-edbc-468a-8ead-5f72b6d1a17b" />
      <TestMethod codeBase="/home/runner/work/aspnetcore/aspnetcore/artifacts/bin/Microsoft.AspNetCore.Components.Tests/Debug/net10.0/Microsoft.AspNetCore.Components.Tests.dll" adapterTypeName="executor://xunit/VsTestRunner3/netcore/" className="Microsoft.AspNetCore.Components.PersistentStateValueProviderTests" name="PersistAsync_CanPersistValueTypes_TupleProperty" />
    </UnitTest>
    <UnitTest name="Microsoft.AspNetCore.Components.Test.LayoutViewTest.GivenNoParameters_RendersNothing" storage="/home/runner/work/aspnetcore/aspnetcore/artifacts/bin/microsoft.aspnetcore.components.tests/debug/net10.0/microsoft.aspnetcore.components.tests.dll" id="b7fa2b84-2964-592a-59c7-32071a593067">
      <Execution id="525cc32e-01eb-430a-b968-f077a1511f12" />
      <TestMethod codeBase="/home/runner/work/aspnetcore/aspnetcore/artifacts/bin/Microsoft.AspNetCore.Components.Tests/Debug/net10.0/Microsoft.AspNetCore.Components.Tests.dll" adapterTypeName="executor://xunit/VsTestRunner3/netcore/" className="Microsoft.AspNetCore.Components.Test.LayoutViewTest" name="GivenNoParameters_RendersNothing" />
    </UnitTest>
    <UnitTest name="Microsoft.AspNetCore.Components.Routing.QueryParameterValueSupplierTest.RejectsBlankValuesWhenNotNullable(key: &quot;BoolVal&quot;, targetType: typeof(bool))" storage="/home/runner/work/aspnetcore/aspnetcore/artifacts/bin/microsoft.aspnetcore.components.tests/debug/net10.0/microsoft.aspnetcore.components.tests.dll" id="969cda19-9c41-5b6a-5c18-9bf98cad04e4">
      <Execution id="9f9ca755-eb77-41f3-a325-973752c6d80c" />
      <TestMethod codeBase="/home/runner/work/aspnetcore/aspnetcore/artifacts/bin/Microsoft.AspNetCore.Components.Tests/Debug/net10.0/Microsoft.AspNetCore.Components.Tests.dll" adapterTypeName="executor://xunit/VsTestRunner3/netcore/" className="Microsoft.AspNetCore.Components.Routing.QueryParameterValueSupplierTest" name="RejectsBlankValuesWhenNotNullable" />
    </UnitTest>
    <UnitTest name="Microsoft.AspNetCore.Components.ComponentFactoryTest.InstantiateComponent_WithRenderModeOnComponentAndCallSite_Throws" storage="/home/runner/work/aspnetcore/aspnetcore/artifacts/bin/microsoft.aspnetcore.components.tests/debug/net10.0/microsoft.aspnetcore.components.tests.dll" id="45bfcba3-622d-bcdc-761e-f0bfa66d2fdb">
      <Execution id="317ec055-7dbc-4517-be39-71727a690736" />
      <TestMethod codeBase="/home/runner/work/aspnetcore/aspnetcore/artifacts/bin/Microsoft.AspNetCore.Components.Tests/Debug/net10.0/Microsoft.AspNetCore.Components.Tests.dll" adapterTypeName="executor://xunit/VsTestRunner3/netcore/" className="Microsoft.AspNetCore.Components.ComponentFactoryTest" name="InstantiateComponent_WithRenderModeOnComponentAndCallSite_Throws" />
    </UnitTest>
    <UnitTest name="Microsoft.AspNetCore.Components.Routing.QueryParameterValueSupplierTest.EmptyStringValuesAreSuppliedAsEmptyString(queryPart: &quot;=&quot;)" storage="/home/runner/work/aspnetcore/aspnetcore/artifacts/bin/microsoft.aspnetcore.components.tests/debug/net10.0/microsoft.aspnetcore.components.tests.dll" id="d92da177-70ee-1e79-de32-dfb0eb2ac873">
      <Execution id="b4961134-0869-4610-96c8-5bb7e1991c8a" />
      <TestMethod codeBase="/home/runner/work/aspnetcore/aspnetcore/artifacts/bin/Microsoft.AspNetCore.Components.Tests/Debug/net10.0/Microsoft.AspNetCore.Components.Tests.dll" adapterTypeName="executor://xunit/VsTestRunner3/netcore/" className="Microsoft.AspNetCore.Components.Routing.QueryParameterValueSupplierTest" name="EmptyStringValuesAreSuppliedAsEmptyString" />
    </UnitTest>
    <UnitTest name="Microsoft.AspNetCore.Components.PersistentStateValueProviderTests.PersistenceFails_MultipleComponentsUseInvalidKeyTypes" storage="/home/runner/work/aspnetcore/aspnetcore/artifacts/bin/microsoft.aspnetcore.components.tests/debug/net10.0/microsoft.aspnetcore.components.tests.dll" id="abcfdaf8-80a5-c0d3-91a9-45b74201817f">
      <Execution id="85a1384a-bcf9-41d8-89e0-cbfa8d8a1ce5" />
      <TestMethod codeBase="/home/runner/work/aspnetcore/aspnetcore/artifacts/bin/Microsoft.AspNetCore.Components.Tests/Debug/net10.0/Microsoft.AspNetCore.Components.Tests.dll" adapterTypeName="executor://xunit/VsTestRunner3/netcore/" className="Microsoft.AspNetCore.Components.PersistentStateValueProviderTests" name="PersistenceFails_MultipleComponentsUseInvalidKeyTypes" />
    </UnitTest>
    <UnitTest name="Microsoft.AspNetCore.Components.PersistentState.PersistentServicesRegistryTest.PersistStateAsync_PersistsBaseServiceProperties" storage="/home/runner/work/aspnetcore/aspnetcore/artifacts/bin/microsoft.aspnetcore.components.tests/debug/net10.0/microsoft.aspnetcore.components.tests.dll" id="d7e9df2f-96f9-8f18-408c-5c36c24fb919">
      <Execution id="ee4a73f2-8b4e-4427-8815-08c424d48495" />
      <TestMethod codeBase="/home/runner/work/aspnetcore/aspnetcore/artifacts/bin/Microsoft.AspNetCore.Components.Tests/Debug/net10.0/Microsoft.AspNetCore.Components.Tests.dll" adapterTypeName="executor://xunit/VsTestRunner3/netcore/" className="Microsoft.AspNetCore.Components.PersistentState.PersistentServicesRegistryTest" name="PersistStateAsync_PersistsBaseServiceProperties" />
    </UnitTest>
    <UnitTest name="Microsoft.AspNetCore.Components.BindConverterTest.FormatValue_NullableInt_Generic" storage="/home/runner/work/aspnetcore/aspnetcore/artifacts/bin/microsoft.aspnetcore.components.tests/debug/net10.0/microsoft.aspnetcore.components.tests.dll" id="333c236c-2b93-8a92-aecf-d05dfcdc24b2">
      <Execution id="2c843da6-1c4f-4a74-89f3-e8e4a4925ef5" />
      <TestMethod codeBase="/home/runner/work/aspnetcore/aspnetcore/artifacts/bin/Microsoft.AspNetCore.Components.Tests/Debug/net10.0/Microsoft.AspNetCore.Components.Tests.dll" adapterTypeName="executor://xunit/VsTestRunner3/netcore/" className="Microsoft.AspNetCore.Components.BindConverterTest" name="FormatValue_NullableInt_Generic" />
    </UnitTest>
    <UnitTest name="Microsoft.AspNetCore.Components.Routing.RouteKeyTest.RouteKey_WithNoAdditionalAssemblies_DifferentAssemblies" storage="/home/runner/work/aspnetcore/aspnetcore/artifacts/bin/microsoft.aspnetcore.components.tests/debug/net10.0/microsoft.aspnetcore.components.tests.dll" id="b7387a12-f84a-26ca-0854-0faaaf266bb1">
      <Execution id="ddb0e881-7414-4d64-9c11-733d9d78e8f5" />
      <TestMethod codeBase="/home/runner/work/aspnetcore/aspnetcore/artifacts/bin/Microsoft.AspNetCore.Components.Tests/Debug/net10.0/Microsoft.AspNetCore.Components.Tests.dll" adapterTypeName="executor://xunit/VsTestRunner3/netcore/" className="Microsoft.AspNetCore.Components.Routing.RouteKeyTest" name="RouteKey_WithNoAdditionalAssemblies_DifferentAssemblies" />
    </UnitTest>
    <UnitTest name="Microsoft.AspNetCore.Components.Routing.RouteTableFactoryTests.PrefersMoreConstraintsOverFewer" storage="/home/runner/work/aspnetcore/aspnetcore/artifacts/bin/microsoft.aspnetcore.components.tests/debug/net10.0/microsoft.aspnetcore.components.tests.dll" id="b35c0fe3-5d73-47a3-154c-132bd9ec249f">
      <Execution id="0937c1d6-1af2-4906-ba13-36d4fcafda3a" />
      <TestMethod codeBase="/home/runner/work/aspnetcore/aspnetcore/artifacts/bin/Microsoft.AspNetCore.Components.Tests/Debug/net10.0/Microsoft.AspNetCore.Components.Tests.dll" adapterTypeName="executor://xunit/VsTestRunner3/netcore/" className="Microsoft.AspNetCore.Components.Routing.RouteTableFactoryTests" name="PrefersMoreConstraintsOverFewer" />
    </UnitTest>
    <UnitTest name="Microsoft.AspNetCore.Components.CascadingParameterStateTest.FindCascadingParameters_WithSingleDelivery" storage="/home/runner/work/aspnetcore/aspnetcore/artifacts/bin/microsoft.aspnetcore.components.tests/debug/net10.0/microsoft.aspnetcore.components.tests.dll" id="135da1e3-af3a-1f52-42c8-cdd786c6db9c">
      <Execution id="4493b812-e72d-4ef0-be4d-b5642dad94b7" />
      <TestMethod codeBase="/home/runner/work/aspnetcore/aspnetcore/artifacts/bin/Microsoft.AspNetCore.Components.Tests/Debug/net10.0/Microsoft.AspNetCore.Components.Tests.dll" adapterTypeName="executor://xunit/VsTestRunner3/netcore/" className="Microsoft.AspNetCore.Components.CascadingParameterStateTest" name="FindCascadingParameters_WithSingleDelivery" />
    </UnitTest>
    <UnitTest name="Microsoft.AspNetCore.Components.Rendering.RendererSynchronizationContextTest.InvokeAsync_Action_CanReportCancellation" storage="/home/runner/work/aspnetcore/aspnetcore/artifacts/bin/microsoft.aspnetcore.components.tests/debug/net10.0/microsoft.aspnetcore.components.tests.dll" id="44d887a3-564f-84c7-4e8c-59b8b5d9d6ce">
      <Execution id="ca334ccf-4a7e-4579-887a-82057e53ec0a" />
      <TestMethod codeBase="/home/runner/work/aspnetcore/aspnetcore/artifacts/bin/Microsoft.AspNetCore.Components.Tests/Debug/net10.0/Microsoft.AspNetCore.Components.Tests.dll" adapterTypeName="executor://xunit/VsTestRunner3/netcore/" className="Microsoft.AspNetCore.Components.Rendering.RendererSynchronizationContextTest" name="InvokeAsync_Action_CanReportCancellation" />
    </UnitTest>
    <UnitTest name="Microsoft.AspNetCore.Components.Test.RendererTest.EventDispatching_DelegateParameter_MethodToDelegateConversion" storage="/home/runner/work/aspnetcore/aspnetcore/artifacts/bin/microsoft.aspnetcore.components.tests/debug/net10.0/microsoft.aspnetcore.components.tests.dll" id="dbc1eaf3-3264-f455-406d-6da8ccabb029">
      <Execution id="5509d294-3f3f-4634-8845-769333b012d4" />
      <TestMethod codeBase="/home/runner/work/aspnetcore/aspnetcore/artifacts/bin/Microsoft.AspNetCore.Components.Tests/Debug/net10.0/Microsoft.AspNetCore.Components.Tests.dll" adapterTypeName="executor://xunit/VsTestRunner3/netcore/" className="Microsoft.AspNetCore.Components.Test.RendererTest" name="EventDispatching_DelegateParameter_MethodToDelegateConversion" />
    </UnitTest>
    <UnitTest name="Microsoft.AspNetCore.Components.EventCallbackFactoryTest.CreateT_FuncTTask_AlreadyBoundToReceiver" storage="/home/runner/work/aspnetcore/aspnetcore/artifacts/bin/microsoft.aspnetcore.components.tests/debug/net10.0/microsoft.aspnetcore.components.tests.dll" id="4f3a0d39-f52c-69ba-8d47-bd76f1e2941f">
      <Execution id="8c0e6cf6-ce91-468e-9d97-5906a7b16020" />
      <TestMethod codeBase="/home/runner/work/aspnetcore/aspnetcore/artifacts/bin/Microsoft.AspNetCore.Components.Tests/Debug/net10.0/Microsoft.AspNetCore.Components.Tests.dll" adapterTypeName="executor://xunit/VsTestRunner3/netcore/" className="Microsoft.AspNetCore.Components.EventCallbackFactoryTest" name="CreateT_FuncTTask_AlreadyBoundToReceiver" />
    </UnitTest>
    <UnitTest name="Microsoft.AspNetCore.Components.PersistentState.PersistentServicesRegistryTest.ResolveRegistrations_RemovesDuplicateRegistrations" storage="/home/runner/work/aspnetcore/aspnetcore/artifacts/bin/microsoft.aspnetcore.components.tests/debug/net10.0/microsoft.aspnetcore.components.tests.dll" id="3db6146b-8753-2f6f-7e63-f3f5ffe3108c">
      <Execution id="758b63ce-bfaf-4e5e-a22f-8b500ac17c77" />
      <TestMethod codeBase="/home/runner/work/aspnetcore/aspnetcore/artifacts/bin/Microsoft.AspNetCore.Components.Tests/Debug/net10.0/Microsoft.AspNetCore.Components.Tests.dll" adapterTypeName="executor://xunit/VsTestRunner3/netcore/" className="Microsoft.AspNetCore.Components.PersistentState.PersistentServicesRegistryTest" name="ResolveRegistrations_RemovesDuplicateRegistrations" />
    </UnitTest>
    <UnitTest name="Microsoft.AspNetCore.Components.Routing.QueryParameterValueSupplierTest.RejectsUnparseableValues(key: &quot;LongVal&quot;, value: &quot;this+is+a+long+value&quot;, targetType: typeof(long))" storage="/home/runner/work/aspnetcore/aspnetcore/artifacts/bin/microsoft.aspnetcore.components.tests/debug/net10.0/microsoft.aspnetcore.components.tests.dll" id="cbde4861-efff-1a21-e3b8-4a68847e0b93">
      <Execution id="ce226685-48bd-468c-8f2a-99f0783d627c" />
      <TestMethod codeBase="/home/runner/work/aspnetcore/aspnetcore/artifacts/bin/Microsoft.AspNetCore.Components.Tests/Debug/net10.0/Microsoft.AspNetCore.Components.Tests.dll" adapterTypeName="executor://xunit/VsTestRunner3/netcore/" className="Microsoft.AspNetCore.Components.Routing.QueryParameterValueSupplierTest" name="RejectsUnparseableValues" />
    </UnitTest>
    <UnitTest name="Microsoft.AspNetCore.Components.ComponentsMetricsTest.IsBatchEnabled_ReturnsCorrectState" storage="/home/runner/work/aspnetcore/aspnetcore/artifacts/bin/microsoft.aspnetcore.components.tests/debug/net10.0/microsoft.aspnetcore.components.tests.dll" id="93aff1d6-6c12-f6a4-01a8-c74bab96ef88">
      <Execution id="79ec361a-4544-479a-9fcb-d5d27d4e838e" />
      <TestMethod codeBase="/home/runner/work/aspnetcore/aspnetcore/artifacts/bin/Microsoft.AspNetCore.Components.Tests/Debug/net10.0/Microsoft.AspNetCore.Components.Tests.dll" adapterTypeName="executor://xunit/VsTestRunner3/netcore/" className="Microsoft.AspNetCore.Components.ComponentsMetricsTest" name="IsBatchEnabled_ReturnsCorrectState" />
    </UnitTest>
    <UnitTest name="Microsoft.AspNetCore.Components.Test.RendererTest.ExceptionsThrownAsynchronouslyDuringFirstRenderCanBeHandled" storage="/home/runner/work/aspnetcore/aspnetcore/artifacts/bin/microsoft.aspnetcore.components.tests/debug/net10.0/microsoft.aspnetcore.components.tests.dll" id="a1966e14-6367-baf1-7df0-add3f329d6ee">
      <Execution id="ff17a236-cb6e-4587-9085-62591a6caec9" />
      <TestMethod codeBase="/home/runner/work/aspnetcore/aspnetcore/artifacts/bin/Microsoft.AspNetCore.Components.Tests/Debug/net10.0/Microsoft.AspNetCore.Components.Tests.dll" adapterTypeName="executor://xunit/VsTestRunner3/netcore/" className="Microsoft.AspNetCore.Components.Test.RendererTest" name="ExceptionsThrownAsynchronouslyDuringFirstRenderCanBeHandled" />
    </UnitTest>
    <UnitTest name="Microsoft.AspNetCore.Components.PersistentStateValueProviderTests.Subscribe_RegistersPersistenceCallback" storage="/home/runner/work/aspnetcore/aspnetcore/artifacts/bin/microsoft.aspnetcore.components.tests/debug/net10.0/microsoft.aspnetcore.components.tests.dll" id="b1c70ff9-286f-152b-218e-f1e925e50502">
      <Execution id="dbbeeaba-f9f0-4d7e-aaa6-350e30bdccd9" />
      <TestMethod codeBase="/home/runner/work/aspnetcore/aspnetcore/artifacts/bin/Microsoft.AspNetCore.Components.Tests/Debug/net10.0/Microsoft.AspNetCore.Components.Tests.dll" adapterTypeName="executor://xunit/VsTestRunner3/netcore/" className="Microsoft.AspNetCore.Components.PersistentStateValueProviderTests" name="Subscribe_RegistersPersistenceCallback" />
    </UnitTest>
    <UnitTest name="Microsoft.AspNetCore.Components.Test.DependencyInjectionTest.ThrowsIfNoSuchServiceIsRegistered" storage="/home/runner/work/aspnetcore/aspnetcore/artifacts/bin/microsoft.aspnetcore.components.tests/debug/net10.0/microsoft.aspnetcore.components.tests.dll" id="3f3faa4d-9dcc-024e-97a0-c6f2335fff9a">
      <Execution id="6d502ae7-4c3d-4c60-9519-b05a6b96141f" />
      <TestMethod codeBase="/home/runner/work/aspnetcore/aspnetcore/artifacts/bin/Microsoft.AspNetCore.Components.Tests/Debug/net10.0/Microsoft.AspNetCore.Components.Tests.dll" adapterTypeName="executor://xunit/VsTestRunner3/netcore/" className="Microsoft.AspNetCore.Components.Test.DependencyInjectionTest" name="ThrowsIfNoSuchServiceIsRegistered" />
    </UnitTest>
    <UnitTest name="Microsoft.AspNetCore.Components.Rendering.RendererSynchronizationContextTest.InvokeAsync_FuncTaskT_CanRunSynchronously_WhenNotBusy" storage="/home/runner/work/aspnetcore/aspnetcore/artifacts/bin/microsoft.aspnetcore.components.tests/debug/net10.0/microsoft.aspnetcore.components.tests.dll" id="8631ac2b-a4f0-7451-f5d6-c315253da478">
      <Execution id="2bc43c77-25de-484b-af9c-cad320824ad6" />
      <TestMethod codeBase="/home/runner/work/aspnetcore/aspnetcore/artifacts/bin/Microsoft.AspNetCore.Components.Tests/Debug/net10.0/Microsoft.AspNetCore.Components.Tests.dll" adapterTypeName="executor://xunit/VsTestRunner3/netcore/" className="Microsoft.AspNetCore.Components.Rendering.RendererSynchronizationContextTest" name="InvokeAsync_FuncTaskT_CanRunSynchronously_WhenNotBusy" />
    </UnitTest>
    <UnitTest name="Microsoft.AspNetCore.Components.EventCallbackFactoryTest.Create_ActionT_Unbound" storage="/home/runner/work/aspnetcore/aspnetcore/artifacts/bin/microsoft.aspnetcore.components.tests/debug/net10.0/microsoft.aspnetcore.components.tests.dll" id="23b58f3e-490c-efc8-cd5b-da219b5577a2">
      <Execution id="9eac84e2-1277-4962-9d06-4f1ef375e75d" />
      <TestMethod codeBase="/home/runner/work/aspnetcore/aspnetcore/artifacts/bin/Microsoft.AspNetCore.Components.Tests/Debug/net10.0/Microsoft.AspNetCore.Components.Tests.dll" adapterTypeName="executor://xunit/VsTestRunner3/netcore/" className="Microsoft.AspNetCore.Components.EventCallbackFactoryTest" name="Create_ActionT_Unbound" />
    </UnitTest>
    <UnitTest name="Microsoft.AspNetCore.Components.Test.RenderTreeDiffBuilderTest.AssignsDistinctIdToNewElementReferenceCaptures" storage="/home/runner/work/aspnetcore/aspnetcore/artifacts/bin/microsoft.aspnetcore.components.tests/debug/net10.0/microsoft.aspnetcore.components.tests.dll" id="4522da56-4d84-3792-605d-c84c61cc10a3">
      <Execution id="65f4c50c-908b-4cff-a7a1-56135d24fd15" />
      <TestMethod codeBase="/home/runner/work/aspnetcore/aspnetcore/artifacts/bin/Microsoft.AspNetCore.Components.Tests/Debug/net10.0/Microsoft.AspNetCore.Components.Tests.dll" adapterTypeName="executor://xunit/VsTestRunner3/netcore/" className="Microsoft.AspNetCore.Components.Test.RenderTreeDiffBuilderTest" name="AssignsDistinctIdToNewElementReferenceCaptures" />
    </UnitTest>
    <UnitTest name="Microsoft.AspNetCore.Components.Routing.RouteTableFactoryTests.ThrowsForLiteralWithQuestionMark" storage="/home/runner/work/aspnetcore/aspnetcore/artifacts/bin/microsoft.aspnetcore.components.tests/debug/net10.0/microsoft.aspnetcore.components.tests.dll" id="a7f9f6b1-d415-3e22-23b3-e762fc255390">
      <Execution id="5f829bd0-28eb-41f1-9f14-0a1f3fa854e1" />
      <TestMethod codeBase="/home/runner/work/aspnetcore/aspnetcore/artifacts/bin/Microsoft.AspNetCore.Components.Tests/Debug/net10.0/Microsoft.AspNetCore.Components.Tests.dll" adapterTypeName="executor://xunit/VsTestRunner3/netcore/" className="Microsoft.AspNetCore.Components.Routing.RouteTableFactoryTests" name="ThrowsForLiteralWithQuestionMark" />
    </UnitTest>
    <UnitTest name="Microsoft.AspNetCore.Components.ComponentApplicationStateTest.PersistAsJson_SerializesTheDataToJsonAsync" storage="/home/runner/work/aspnetcore/aspnetcore/artifacts/bin/microsoft.aspnetcore.components.tests/debug/net10.0/microsoft.aspnetcore.components.tests.dll" id="60aa4840-4143-aeb1-78fe-2a2944d095ab">
      <Execution id="3b065886-9035-4e56-a28d-17314e586759" />
      <TestMethod codeBase="/home/runner/work/aspnetcore/aspnetcore/artifacts/bin/Microsoft.AspNetCore.Components.Tests/Debug/net10.0/Microsoft.AspNetCore.Components.Tests.dll" adapterTypeName="executor://xunit/VsTestRunner3/netcore/" className="Microsoft.AspNetCore.Components.ComponentApplicationStateTest" name="PersistAsJson_SerializesTheDataToJsonAsync" />
    </UnitTest>
    <UnitTest name="Microsoft.AspNetCore.Components.Routing.RoutePatternParserTests.InvalidTemplate_CatchAllParamWithIncorrectPlacedAsterisks(template: &quot;/test/{a}/{*b*c}&quot;, lastParameter: &quot;b*c&quot;)" storage="/home/runner/work/aspnetcore/aspnetcore/artifacts/bin/microsoft.aspnetcore.components.tests/debug/net10.0/microsoft.aspnetcore.components.tests.dll" id="b10f248a-72b4-80bc-d772-2a647c32a39f">
      <Execution id="ca544365-7028-4619-8da0-0c6846f0f6c8" />
      <TestMethod codeBase="/home/runner/work/aspnetcore/aspnetcore/artifacts/bin/Microsoft.AspNetCore.Components.Tests/Debug/net10.0/Microsoft.AspNetCore.Components.Tests.dll" adapterTypeName="executor://xunit/VsTestRunner3/netcore/" className="Microsoft.AspNetCore.Components.Routing.RoutePatternParserTests" name="InvalidTemplate_CatchAllParamWithIncorrectPlacedAsterisks" />
    </UnitTest>
    <UnitTest name="Microsoft.AspNetCore.Components.Routing.RouteTableFactoryTests.DetectsAmbiguousRoutesNoFalsePositives(left: &quot;/literal/literal2/{parameter}&quot;, right: &quot;/literal/literal3/{parameter}&quot;)" storage="/home/runner/work/aspnetcore/aspnetcore/artifacts/bin/microsoft.aspnetcore.components.tests/debug/net10.0/microsoft.aspnetcore.components.tests.dll" id="6bd1caa1-a69e-87f9-5b93-e34f3c28efd8">
      <Execution id="107ff4ff-eec6-43e6-9ccd-a44d100a0571" />
      <TestMethod codeBase="/home/runner/work/aspnetcore/aspnetcore/artifacts/bin/Microsoft.AspNetCore.Components.Tests/Debug/net10.0/Microsoft.AspNetCore.Components.Tests.dll" adapterTypeName="executor://xunit/VsTestRunner3/netcore/" className="Microsoft.AspNetCore.Components.Routing.RouteTableFactoryTests" name="DetectsAmbiguousRoutesNoFalsePositives" />
    </UnitTest>
    <UnitTest name="Microsoft.AspNetCore.Components.Test.RendererTest.CannotRemoveSameRootComponentMultipleTimesSynchronously" storage="/home/runner/work/aspnetcore/aspnetcore/artifacts/bin/microsoft.aspnetcore.components.tests/debug/net10.0/microsoft.aspnetcore.components.tests.dll" id="df8c9b95-a255-3a68-4e47-6b2613e469f6">
      <Execution id="04d4d3ee-63c7-49f5-b7b9-6ee7f00e0b14" />
      <TestMethod codeBase="/home/runner/work/aspnetcore/aspnetcore/artifacts/bin/Microsoft.AspNetCore.Components.Tests/Debug/net10.0/Microsoft.AspNetCore.Components.Tests.dll" adapterTypeName="executor://xunit/VsTestRunner3/netcore/" className="Microsoft.AspNetCore.Components.Test.RendererTest" name="CannotRemoveSameRootComponentMultipleTimesSynchronously" />
    </UnitTest>
    <UnitTest name="Microsoft.AspNetCore.Components.Routing.QueryParameterValueSupplierTest.RejectsUnparseableArrayEntries(key: &quot;IntVals&quot;, validValue: &quot;5000000&quot;, invalidValue: &quot;5000000000&quot;, targetType: typeof(int))" storage="/home/runner/work/aspnetcore/aspnetcore/artifacts/bin/microsoft.aspnetcore.components.tests/debug/net10.0/microsoft.aspnetcore.components.tests.dll" id="9ac88fac-570d-d8ee-d408-62790ae958c8">
      <Execution id="06babeef-16b4-4be5-9867-c45d325dc007" />
      <TestMethod codeBase="/home/runner/work/aspnetcore/aspnetcore/artifacts/bin/Microsoft.AspNetCore.Components.Tests/Debug/net10.0/Microsoft.AspNetCore.Components.Tests.dll" adapterTypeName="executor://xunit/VsTestRunner3/netcore/" className="Microsoft.AspNetCore.Components.Routing.QueryParameterValueSupplierTest" name="RejectsUnparseableArrayEntries" />
    </UnitTest>
    <UnitTest name="Microsoft.AspNetCore.Components.BindConverterTest.TryConvertTo_NullableGuid__Invalid" storage="/home/runner/work/aspnetcore/aspnetcore/artifacts/bin/microsoft.aspnetcore.components.tests/debug/net10.0/microsoft.aspnetcore.components.tests.dll" id="cb3e2cc2-98fe-4dd6-bd1e-0dcde34bd83e">
      <Execution id="6df29097-8e49-489b-a544-fc3cf27828d0" />
      <TestMethod codeBase="/home/runner/work/aspnetcore/aspnetcore/artifacts/bin/Microsoft.AspNetCore.Components.Tests/Debug/net10.0/Microsoft.AspNetCore.Components.Tests.dll" adapterTypeName="executor://xunit/VsTestRunner3/netcore/" className="Microsoft.AspNetCore.Components.BindConverterTest" name="TryConvertTo_NullableGuid__Invalid" />
    </UnitTest>
    <UnitTest name="Microsoft.AspNetCore.Components.EventCallbackFactoryBinderExtensionsTest.CreateBinder_NullableGuid" storage="/home/runner/work/aspnetcore/aspnetcore/artifacts/bin/microsoft.aspnetcore.components.tests/debug/net10.0/microsoft.aspnetcore.components.tests.dll" id="f32f6b07-5072-5325-a166-780485e63476">
      <Execution id="df801b78-86c9-4a3c-bd89-244d7b73695d" />
      <TestMethod codeBase="/home/runner/work/aspnetcore/aspnetcore/artifacts/bin/Microsoft.AspNetCore.Components.Tests/Debug/net10.0/Microsoft.AspNetCore.Components.Tests.dll" adapterTypeName="executor://xunit/VsTestRunner3/netcore/" className="Microsoft.AspNetCore.Components.EventCallbackFactoryBinderExtensionsTest" name="CreateBinder_NullableGuid" />
    </UnitTest>
    <UnitTest name="Microsoft.AspNetCore.Components.Test.RendererTest.DispatchEventAsync_EventCallback_AsynchronousException" storage="/home/runner/work/aspnetcore/aspnetcore/artifacts/bin/microsoft.aspnetcore.components.tests/debug/net10.0/microsoft.aspnetcore.components.tests.dll" id="ac8a09f0-5e61-decb-d06b-aadb102dc985">
      <Execution id="1a608ac8-06ac-4013-ae72-515f4a088bae" />
      <TestMethod codeBase="/home/runner/work/aspnetcore/aspnetcore/artifacts/bin/Microsoft.AspNetCore.Components.Tests/Debug/net10.0/Microsoft.AspNetCore.Components.Tests.dll" adapterTypeName="executor://xunit/VsTestRunner3/netcore/" className="Microsoft.AspNetCore.Components.Test.RendererTest" name="DispatchEventAsync_EventCallback_AsynchronousException" />
    </UnitTest>
    <UnitTest name="Microsoft.AspNetCore.Components.ComponentsActivitySourceTest.StartRouteActivity_CreatesAndStartsActivity" storage="/home/runner/work/aspnetcore/aspnetcore/artifacts/bin/microsoft.aspnetcore.components.tests/debug/net10.0/microsoft.aspnetcore.components.tests.dll" id="63fbe8a8-1093-5f19-3339-a4ab0bbc9f7c">
      <Execution id="391bcb3a-38b3-4c8e-9802-a91356871923" />
      <TestMethod codeBase="/home/runner/work/aspnetcore/aspnetcore/artifacts/bin/Microsoft.AspNetCore.Components.Tests/Debug/net10.0/Microsoft.AspNetCore.Components.Tests.dll" adapterTypeName="executor://xunit/VsTestRunner3/netcore/" className="Microsoft.AspNetCore.Components.ComponentsActivitySourceTest" name="StartRouteActivity_CreatesAndStartsActivity" />
    </UnitTest>
    <UnitTest name="Microsoft.AspNetCore.Components.NavigationManagerTest.GetUriWithQueryParameters_ThrowsWhenAnyParameterNameIsEmpty(baseUri: &quot;scheme://host/&quot;)" storage="/home/runner/work/aspnetcore/aspnetcore/artifacts/bin/microsoft.aspnetcore.components.tests/debug/net10.0/microsoft.aspnetcore.components.tests.dll" id="992bec01-afaa-865d-6185-24098986100e">
      <Execution id="d3d74fb7-c5b3-4d7f-8c28-c058c3bde628" />
      <TestMethod codeBase="/home/runner/work/aspnetcore/aspnetcore/artifacts/bin/Microsoft.AspNetCore.Components.Tests/Debug/net10.0/Microsoft.AspNetCore.Components.Tests.dll" adapterTypeName="executor://xunit/VsTestRunner3/netcore/" className="Microsoft.AspNetCore.Components.NavigationManagerTest" name="GetUriWithQueryParameters_ThrowsWhenAnyParameterNameIsEmpty" />
    </UnitTest>
    <UnitTest name="Microsoft.AspNetCore.Components.BindConverterTest.FormatValue_Enum" storage="/home/runner/work/aspnetcore/aspnetcore/artifacts/bin/microsoft.aspnetcore.components.tests/debug/net10.0/microsoft.aspnetcore.components.tests.dll" id="006b894d-7068-832e-cacb-752c42f3ccb1">
      <Execution id="9d5c1b22-049a-4b0e-b196-48caffeede62" />
      <TestMethod codeBase="/home/runner/work/aspnetcore/aspnetcore/artifacts/bin/Microsoft.AspNetCore.Components.Tests/Debug/net10.0/Microsoft.AspNetCore.Components.Tests.dll" adapterTypeName="executor://xunit/VsTestRunner3/netcore/" className="Microsoft.AspNetCore.Components.BindConverterTest" name="FormatValue_Enum" />
    </UnitTest>
    <UnitTest name="Microsoft.AspNetCore.Components.Rendering.RenderTreeBuilderTest.ProcessDuplicateAttributes_CanRemoveDuplicateInsideElement" storage="/home/runner/work/aspnetcore/aspnetcore/artifacts/bin/microsoft.aspnetcore.components.tests/debug/net10.0/microsoft.aspnetcore.components.tests.dll" id="cccea001-0fd4-8a8c-2ed3-d5353b49df15">
      <Execution id="594d2b52-3205-479c-ab96-6625481065a9" />
      <TestMethod codeBase="/home/runner/work/aspnetcore/aspnetcore/artifacts/bin/Microsoft.AspNetCore.Components.Tests/Debug/net10.0/Microsoft.AspNetCore.Components.Tests.dll" adapterTypeName="executor://xunit/VsTestRunner3/netcore/" className="Microsoft.AspNetCore.Components.Rendering.RenderTreeBuilderTest" name="ProcessDuplicateAttributes_CanRemoveDuplicateInsideElement" />
    </UnitTest>
    <UnitTest name="Microsoft.AspNetCore.Components.ComponentsActivitySourceTest.StartEventActivity_CreatesAndStartsActivity" storage="/home/runner/work/aspnetcore/aspnetcore/artifacts/bin/microsoft.aspnetcore.components.tests/debug/net10.0/microsoft.aspnetcore.components.tests.dll" id="f3d69de4-39c4-a4ca-8189-6166c88a27ce">
      <Execution id="70efe099-0998-4dfb-8646-341d99bed950" />
      <TestMethod codeBase="/home/runner/work/aspnetcore/aspnetcore/artifacts/bin/Microsoft.AspNetCore.Components.Tests/Debug/net10.0/Microsoft.AspNetCore.Components.Tests.dll" adapterTypeName="executor://xunit/VsTestRunner3/netcore/" className="Microsoft.AspNetCore.Components.ComponentsActivitySourceTest" name="StartEventActivity_CreatesAndStartsActivity" />
    </UnitTest>
    <UnitTest name="Microsoft.AspNetCore.Components.EventCallbackFactoryBinderExtensionsTest.CreateBinder_NullableFloat" storage="/home/runner/work/aspnetcore/aspnetcore/artifacts/bin/microsoft.aspnetcore.components.tests/debug/net10.0/microsoft.aspnetcore.components.tests.dll" id="0ff4db9f-5f38-5efa-de90-1ce1219075c7">
      <Execution id="1498337a-e2b7-4f6c-ae75-4172789a7c66" />
      <TestMethod codeBase="/home/runner/work/aspnetcore/aspnetcore/artifacts/bin/Microsoft.AspNetCore.Components.Tests/Debug/net10.0/Microsoft.AspNetCore.Components.Tests.dll" adapterTypeName="executor://xunit/VsTestRunner3/netcore/" className="Microsoft.AspNetCore.Components.EventCallbackFactoryBinderExtensionsTest" name="CreateBinder_NullableFloat" />
    </UnitTest>
    <UnitTest name="Microsoft.AspNetCore.Components.BindConverterTest.TryConvertTo_NullableGuid_ValidEmptyOrNull(incomingValue: &quot;&quot;)" storage="/home/runner/work/aspnetcore/aspnetcore/artifacts/bin/microsoft.aspnetcore.components.tests/debug/net10.0/microsoft.aspnetcore.components.tests.dll" id="28374e96-3231-6de2-97b5-ed5b9d438372">
      <Execution id="69c7c59f-b07e-4014-9837-9c0c77ed5ac8" />
      <TestMethod codeBase="/home/runner/work/aspnetcore/aspnetcore/artifacts/bin/Microsoft.AspNetCore.Components.Tests/Debug/net10.0/Microsoft.AspNetCore.Components.Tests.dll" adapterTypeName="executor://xunit/VsTestRunner3/netcore/" className="Microsoft.AspNetCore.Components.BindConverterTest" name="TryConvertTo_NullableGuid_ValidEmptyOrNull" />
    </UnitTest>
    <UnitTest name="Microsoft.AspNetCore.Components.Routing.RoutePatternParserTests.Parse_SingleCatchAllParameter(parsedTemplate: &quot;p&quot;, template: &quot;{**p}&quot;)" storage="/home/runner/work/aspnetcore/aspnetcore/artifacts/bin/microsoft.aspnetcore.components.tests/debug/net10.0/microsoft.aspnetcore.components.tests.dll" id="493eac30-9a2e-c0a5-b279-4d707c07c29c">
      <Execution id="a8c60684-5945-4892-84a9-1f361a96f149" />
      <TestMethod codeBase="/home/runner/work/aspnetcore/aspnetcore/artifacts/bin/Microsoft.AspNetCore.Components.Tests/Debug/net10.0/Microsoft.AspNetCore.Components.Tests.dll" adapterTypeName="executor://xunit/VsTestRunner3/netcore/" className="Microsoft.AspNetCore.Components.Routing.RoutePatternParserTests" name="Parse_SingleCatchAllParameter" />
    </UnitTest>
    <UnitTest name="Microsoft.AspNetCore.Components.Test.RendererTest.SetParametersAsyncExceptionsCanBeHandledByClosestErrorBoundary_Sync" storage="/home/runner/work/aspnetcore/aspnetcore/artifacts/bin/microsoft.aspnetcore.components.tests/debug/net10.0/microsoft.aspnetcore.components.tests.dll" id="f29c0848-a7ca-f136-1dcd-7586e9ef800e">
      <Execution id="d02103d3-7061-416c-a3b5-100773efcea8" />
      <TestMethod codeBase="/home/runner/work/aspnetcore/aspnetcore/artifacts/bin/Microsoft.AspNetCore.Components.Tests/Debug/net10.0/Microsoft.AspNetCore.Components.Tests.dll" adapterTypeName="executor://xunit/VsTestRunner3/netcore/" className="Microsoft.AspNetCore.Components.Test.RendererTest" name="SetParametersAsyncExceptionsCanBeHandledByClosestErrorBoundary_Sync" />
    </UnitTest>
    <UnitTest name="Microsoft.AspNetCore.Components.Routing.RouteTableFactoryTests.DoesNotMatchIfConstraintDoesNotMatch(template: &quot;/{value:datetime}&quot;, contextUrl: &quot;/1955-01-32&quot;)" storage="/home/runner/work/aspnetcore/aspnetcore/artifacts/bin/microsoft.aspnetcore.components.tests/debug/net10.0/microsoft.aspnetcore.components.tests.dll" id="393e481b-158c-75bb-3e76-8ea5ce6b7bcb">
      <Execution id="80949c10-1aea-4993-b64a-5cd407a04460" />
      <TestMethod codeBase="/home/runner/work/aspnetcore/aspnetcore/artifacts/bin/Microsoft.AspNetCore.Components.Tests/Debug/net10.0/Microsoft.AspNetCore.Components.Tests.dll" adapterTypeName="executor://xunit/VsTestRunner3/netcore/" className="Microsoft.AspNetCore.Components.Routing.RouteTableFactoryTests" name="DoesNotMatchIfConstraintDoesNotMatch" />
    </UnitTest>
    <UnitTest name="Microsoft.AspNetCore.Components.EventCallbackFactoryTest.Create_ActionT_Null" storage="/home/runner/work/aspnetcore/aspnetcore/artifacts/bin/microsoft.aspnetcore.components.tests/debug/net10.0/microsoft.aspnetcore.components.tests.dll" id="74489b6f-6a60-3cac-09a1-637aa644b304">
      <Execution id="c4723798-2476-47e7-9519-afc2a03e270b" />
      <TestMethod codeBase="/home/runner/work/aspnetcore/aspnetcore/artifacts/bin/Microsoft.AspNetCore.Components.Tests/Debug/net10.0/Microsoft.AspNetCore.Components.Tests.dll" adapterTypeName="executor://xunit/VsTestRunner3/netcore/" className="Microsoft.AspNetCore.Components.EventCallbackFactoryTest" name="Create_ActionT_Null" />
    </UnitTest>
    <UnitTest name="Microsoft.AspNetCore.Components.Rendering.SimplifiedStringHashComparerTest.HashCodesAreCaseInsensitive" storage="/home/runner/work/aspnetcore/aspnetcore/artifacts/bin/microsoft.aspnetcore.components.tests/debug/net10.0/microsoft.aspnetcore.components.tests.dll" id="048f892b-5fca-ad87-8ead-5d8bd0cce142">
      <Execution id="277e4107-f863-4b83-a2bd-8dedbb180746" />
      <TestMethod codeBase="/home/runner/work/aspnetcore/aspnetcore/artifacts/bin/Microsoft.AspNetCore.Components.Tests/Debug/net10.0/Microsoft.AspNetCore.Components.Tests.dll" adapterTypeName="executor://xunit/VsTestRunner3/netcore/" className="Microsoft.AspNetCore.Components.Rendering.SimplifiedStringHashComparerTest" name="HashCodesAreCaseInsensitive" />
    </UnitTest>
    <UnitTest name="AlwaysTestTests.SuccessfulTests.GuaranteedUnquarantinedTest" storage="/home/runner/work/aspnetcore/aspnetcore/artifacts/bin/microsoft.aspnetcore.components.tests/debug/net10.0/microsoft.aspnetcore.components.tests.dll" id="f91e0c9e-d619-e37a-3c56-d24e6f6ed939">
      <Execution id="656b1874-5b9d-4dd1-9b8a-24e94edc126c" />
      <TestMethod codeBase="/home/runner/work/aspnetcore/aspnetcore/artifacts/bin/Microsoft.AspNetCore.Components.Tests/Debug/net10.0/Microsoft.AspNetCore.Components.Tests.dll" adapterTypeName="executor://xunit/VsTestRunner3/netcore/" className="AlwaysTestTests.SuccessfulTests" name="GuaranteedUnquarantinedTest" />
    </UnitTest>
    <UnitTest name="Microsoft.AspNetCore.Components.EventCallbackFactoryBinderExtensionsTest.CreateBinder_NullableDateTimeOffset" storage="/home/runner/work/aspnetcore/aspnetcore/artifacts/bin/microsoft.aspnetcore.components.tests/debug/net10.0/microsoft.aspnetcore.components.tests.dll" id="08f25456-1c66-a071-fe5d-652bad4ee49f">
      <Execution id="91d68011-31f6-4c2f-90ba-5184f86e638a" />
      <TestMethod codeBase="/home/runner/work/aspnetcore/aspnetcore/artifacts/bin/Microsoft.AspNetCore.Components.Tests/Debug/net10.0/Microsoft.AspNetCore.Components.Tests.dll" adapterTypeName="executor://xunit/VsTestRunner3/netcore/" className="Microsoft.AspNetCore.Components.EventCallbackFactoryBinderExtensionsTest" name="CreateBinder_NullableDateTimeOffset" />
    </UnitTest>
    <UnitTest name="Microsoft.AspNetCore.Components.Routing.RouterTest.AlreadyCanceledOnNavigateAsyncDoesNothing" storage="/home/runner/work/aspnetcore/aspnetcore/artifacts/bin/microsoft.aspnetcore.components.tests/debug/net10.0/microsoft.aspnetcore.components.tests.dll" id="3c833b0f-7562-cd20-cdba-54fcf6f967ba">
      <Execution id="2487bd79-ffad-4be6-9288-fee315d769d1" />
      <TestMethod codeBase="/home/runner/work/aspnetcore/aspnetcore/artifacts/bin/Microsoft.AspNetCore.Components.Tests/Debug/net10.0/Microsoft.AspNetCore.Components.Tests.dll" adapterTypeName="executor://xunit/VsTestRunner3/netcore/" className="Microsoft.AspNetCore.Components.Routing.RouterTest" name="AlreadyCanceledOnNavigateAsyncDoesNothing" />
    </UnitTest>
    <UnitTest name="Microsoft.AspNetCore.Components.Routing.RouteTableFactoryTests.CanDiscoverRoutes_WithInheritance" storage="/home/runner/work/aspnetcore/aspnetcore/artifacts/bin/microsoft.aspnetcore.components.tests/debug/net10.0/microsoft.aspnetcore.components.tests.dll" id="445fe214-f5e7-12a9-5342-bad235a2e291">
      <Execution id="80b3db2e-c3ef-4f79-91c5-24d6f3078c4a" />
      <TestMethod codeBase="/home/runner/work/aspnetcore/aspnetcore/artifacts/bin/Microsoft.AspNetCore.Components.Tests/Debug/net10.0/Microsoft.AspNetCore.Components.Tests.dll" adapterTypeName="executor://xunit/VsTestRunner3/netcore/" className="Microsoft.AspNetCore.Components.Routing.RouteTableFactoryTests" name="CanDiscoverRoutes_WithInheritance" />
    </UnitTest>
    <UnitTest name="Microsoft.AspNetCore.Components.Routing.QueryParameterValueSupplierTest.RejectsUnparseableValues(key: &quot;NullableIntVal&quot;, value: &quot;5000000000&quot;, targetType: typeof(int?))" storage="/home/runner/work/aspnetcore/aspnetcore/artifacts/bin/microsoft.aspnetcore.components.tests/debug/net10.0/microsoft.aspnetcore.components.tests.dll" id="dfe8b480-aac2-fb25-40ae-0ac59e718385">
      <Execution id="8da9b8d2-04f5-4295-8878-dcd29a0abb75" />
      <TestMethod codeBase="/home/runner/work/aspnetcore/aspnetcore/artifacts/bin/Microsoft.AspNetCore.Components.Tests/Debug/net10.0/Microsoft.AspNetCore.Components.Tests.dll" adapterTypeName="executor://xunit/VsTestRunner3/netcore/" className="Microsoft.AspNetCore.Components.Routing.QueryParameterValueSupplierTest" name="RejectsUnparseableValues" />
    </UnitTest>
    <UnitTest name="Microsoft.AspNetCore.Components.BindConverterTest.TryConvertTo_NullableGuid_Valid" storage="/home/runner/work/aspnetcore/aspnetcore/artifacts/bin/microsoft.aspnetcore.components.tests/debug/net10.0/microsoft.aspnetcore.components.tests.dll" id="841bccef-6ccb-fbbf-a261-9a6b9d007115">
      <Execution id="64abef9b-9adc-4400-acdd-bb77c26b2e86" />
      <TestMethod codeBase="/home/runner/work/aspnetcore/aspnetcore/artifacts/bin/Microsoft.AspNetCore.Components.Tests/Debug/net10.0/Microsoft.AspNetCore.Components.Tests.dll" adapterTypeName="executor://xunit/VsTestRunner3/netcore/" className="Microsoft.AspNetCore.Components.BindConverterTest" name="TryConvertTo_NullableGuid_Valid" />
    </UnitTest>
    <UnitTest name="Microsoft.AspNetCore.Components.Routing.RoutePatternParserTests.ParseRouteParameter_ThrowsIf_ParameterContainsSpecialCharacters(template: &quot;{p*}&quot;, expectedMessage: &quot;The route parameter name 'p*' is invalid. Route pa&quot;···)" storage="/home/runner/work/aspnetcore/aspnetcore/artifacts/bin/microsoft.aspnetcore.components.tests/debug/net10.0/microsoft.aspnetcore.components.tests.dll" id="fd183794-75d0-1337-52c6-3655b93eaa37">
      <Execution id="5d856bff-65d4-4dda-a01f-31c455c11926" />
      <TestMethod codeBase="/home/runner/work/aspnetcore/aspnetcore/artifacts/bin/Microsoft.AspNetCore.Components.Tests/Debug/net10.0/Microsoft.AspNetCore.Components.Tests.dll" adapterTypeName="executor://xunit/VsTestRunner3/netcore/" className="Microsoft.AspNetCore.Components.Routing.RoutePatternParserTests" name="ParseRouteParameter_ThrowsIf_ParameterContainsSpecialCharacters" />
    </UnitTest>
    <UnitTest name="Microsoft.AspNetCore.Components.Test.RendererTest.ThrowsIfComponentProducesInvalidRenderTree" storage="/home/runner/work/aspnetcore/aspnetcore/artifacts/bin/microsoft.aspnetcore.components.tests/debug/net10.0/microsoft.aspnetcore.components.tests.dll" id="6fc57d16-1bbc-f8a1-b3f7-9c7fca46a84b">
      <Execution id="78de9072-ffe8-4b3a-8cce-a9bd9a02f873" />
      <TestMethod codeBase="/home/runner/work/aspnetcore/aspnetcore/artifacts/bin/Microsoft.AspNetCore.Components.Tests/Debug/net10.0/Microsoft.AspNetCore.Components.Tests.dll" adapterTypeName="executor://xunit/VsTestRunner3/netcore/" className="Microsoft.AspNetCore.Components.Test.RendererTest" name="ThrowsIfComponentProducesInvalidRenderTree" />
    </UnitTest>
    <UnitTest name="Microsoft.AspNetCore.Components.Test.RenderTreeDiffBuilderTest.InstantiatesChildComponentsForInsertedFrames" storage="/home/runner/work/aspnetcore/aspnetcore/artifacts/bin/microsoft.aspnetcore.components.tests/debug/net10.0/microsoft.aspnetcore.components.tests.dll" id="10ea75e5-1086-70be-114d-0a29818ef28d">
      <Execution id="51493ac5-d62f-46e4-a643-b3965b758f28" />
      <TestMethod codeBase="/home/runner/work/aspnetcore/aspnetcore/artifacts/bin/Microsoft.AspNetCore.Components.Tests/Debug/net10.0/Microsoft.AspNetCore.Components.Tests.dll" adapterTypeName="executor://xunit/VsTestRunner3/netcore/" className="Microsoft.AspNetCore.Components.Test.RenderTreeDiffBuilderTest" name="InstantiatesChildComponentsForInsertedFrames" />
    </UnitTest>
    <UnitTest name="Microsoft.AspNetCore.Components.Test.RendererTest.CanDispatchTypedEventsToTopLevelComponents" storage="/home/runner/work/aspnetcore/aspnetcore/artifacts/bin/microsoft.aspnetcore.components.tests/debug/net10.0/microsoft.aspnetcore.components.tests.dll" id="7e522537-41c5-2350-467c-16610047dbcc">
      <Execution id="482ac472-45bf-4790-a770-6024449cac34" />
      <TestMethod codeBase="/home/runner/work/aspnetcore/aspnetcore/artifacts/bin/Microsoft.AspNetCore.Components.Tests/Debug/net10.0/Microsoft.AspNetCore.Components.Tests.dll" adapterTypeName="executor://xunit/VsTestRunner3/netcore/" className="Microsoft.AspNetCore.Components.Test.RendererTest" name="CanDispatchTypedEventsToTopLevelComponents" />
    </UnitTest>
    <UnitTest name="Microsoft.AspNetCore.Components.Test.RendererTest.ThrowsForUnknownRenderMode_AtCallSite" storage="/home/runner/work/aspnetcore/aspnetcore/artifacts/bin/microsoft.aspnetcore.components.tests/debug/net10.0/microsoft.aspnetcore.components.tests.dll" id="0a7cf376-32f4-f2f3-2805-ce0ea3a902d5">
      <Execution id="f525430e-dc4f-455a-be38-d6835fca143a" />
      <TestMethod codeBase="/home/runner/work/aspnetcore/aspnetcore/artifacts/bin/Microsoft.AspNetCore.Components.Tests/Debug/net10.0/Microsoft.AspNetCore.Components.Tests.dll" adapterTypeName="executor://xunit/VsTestRunner3/netcore/" className="Microsoft.AspNetCore.Components.Test.RendererTest" name="ThrowsForUnknownRenderMode_AtCallSite" />
    </UnitTest>
    <UnitTest name="Microsoft.AspNetCore.Components.Rendering.RenderTreeBuilderTest.CanAddChildComponentsUsingGenericParam" storage="/home/runner/work/aspnetcore/aspnetcore/artifacts/bin/microsoft.aspnetcore.components.tests/debug/net10.0/microsoft.aspnetcore.components.tests.dll" id="40f6e8f1-c463-9404-0bb3-59fd831ade56">
      <Execution id="85c1bae4-4d05-4bbd-acc3-8032e53a4af5" />
      <TestMethod codeBase="/home/runner/work/aspnetcore/aspnetcore/artifacts/bin/Microsoft.AspNetCore.Components.Tests/Debug/net10.0/Microsoft.AspNetCore.Components.Tests.dll" adapterTypeName="executor://xunit/VsTestRunner3/netcore/" className="Microsoft.AspNetCore.Components.Rendering.RenderTreeBuilderTest" name="CanAddChildComponentsUsingGenericParam" />
    </UnitTest>
    <UnitTest name="Microsoft.AspNetCore.Components.Rendering.RenderTreeBuilderTest.ProcessDuplicateAttributes_CanRemoveOverwrittenAttributes" storage="/home/runner/work/aspnetcore/aspnetcore/artifacts/bin/microsoft.aspnetcore.components.tests/debug/net10.0/microsoft.aspnetcore.components.tests.dll" id="144e5bca-3bfc-6367-398d-edab10c2d420">
      <Execution id="bccb1e03-236b-4683-bf1d-5b64334632c1" />
      <TestMethod codeBase="/home/runner/work/aspnetcore/aspnetcore/artifacts/bin/Microsoft.AspNetCore.Components.Tests/Debug/net10.0/Microsoft.AspNetCore.Components.Tests.dll" adapterTypeName="executor://xunit/VsTestRunner3/netcore/" className="Microsoft.AspNetCore.Components.Rendering.RenderTreeBuilderTest" name="ProcessDuplicateAttributes_CanRemoveOverwrittenAttributes" />
    </UnitTest>
    <UnitTest name="Microsoft.AspNetCore.Components.Routing.RouteKeyTest.RouteKey_WithAdditionalAssemblies" storage="/home/runner/work/aspnetcore/aspnetcore/artifacts/bin/microsoft.aspnetcore.components.tests/debug/net10.0/microsoft.aspnetcore.components.tests.dll" id="92eebf8a-d742-7edb-c8d7-cec559535ed0">
      <Execution id="dd2ee996-1bea-43e8-a022-fc8f17e1d9a1" />
      <TestMethod codeBase="/home/runner/work/aspnetcore/aspnetcore/artifacts/bin/Microsoft.AspNetCore.Components.Tests/Debug/net10.0/Microsoft.AspNetCore.Components.Tests.dll" adapterTypeName="executor://xunit/VsTestRunner3/netcore/" className="Microsoft.AspNetCore.Components.Routing.RouteKeyTest" name="RouteKey_WithAdditionalAssemblies" />
    </UnitTest>
    <UnitTest name="Microsoft.AspNetCore.Components.Test.RenderTreeDiffBuilderTest.RecognizesOldItemsBeingRemoved" storage="/home/runner/work/aspnetcore/aspnetcore/artifacts/bin/microsoft.aspnetcore.components.tests/debug/net10.0/microsoft.aspnetcore.components.tests.dll" id="ae0b7b88-d28a-0c6a-d7b5-b6074453b325">
      <Execution id="6de19a15-ed4d-48c9-8ace-275869645d13" />
      <TestMethod codeBase="/home/runner/work/aspnetcore/aspnetcore/artifacts/bin/Microsoft.AspNetCore.Components.Tests/Debug/net10.0/Microsoft.AspNetCore.Components.Tests.dll" adapterTypeName="executor://xunit/VsTestRunner3/netcore/" className="Microsoft.AspNetCore.Components.Test.RenderTreeDiffBuilderTest" name="RecognizesOldItemsBeingRemoved" />
    </UnitTest>
    <UnitTest name="Microsoft.AspNetCore.Components.NavigationManagerTest.ComputesCorrectValidBaseRelativePaths(baseUri: &quot;scheme://host/path/&quot;, uri: &quot;scheme://host/path&quot;, expectedResult: &quot;&quot;)" storage="/home/runner/work/aspnetcore/aspnetcore/artifacts/bin/microsoft.aspnetcore.components.tests/debug/net10.0/microsoft.aspnetcore.components.tests.dll" id="452d884b-ac05-1868-5528-0f831d9a3142">
      <Execution id="e503b483-fce2-4adb-8dc7-7e40de5a6ed5" />
      <TestMethod codeBase="/home/runner/work/aspnetcore/aspnetcore/artifacts/bin/Microsoft.AspNetCore.Components.Tests/Debug/net10.0/Microsoft.AspNetCore.Components.Tests.dll" adapterTypeName="executor://xunit/VsTestRunner3/netcore/" className="Microsoft.AspNetCore.Components.NavigationManagerTest" name="ComputesCorrectValidBaseRelativePaths" />
    </UnitTest>
    <UnitTest name="Microsoft.AspNetCore.Components.Test.CascadingParameterTest.CanUseTryAddPatternForCascadingValuesInServiceCollection_ValueFactory" storage="/home/runner/work/aspnetcore/aspnetcore/artifacts/bin/microsoft.aspnetcore.components.tests/debug/net10.0/microsoft.aspnetcore.components.tests.dll" id="313388aa-300e-4ea4-2b25-efd63fb97fae">
      <Execution id="eb9ecb7b-b0d1-4752-9a7e-55dfceea4334" />
      <TestMethod codeBase="/home/runner/work/aspnetcore/aspnetcore/artifacts/bin/Microsoft.AspNetCore.Components.Tests/Debug/net10.0/Microsoft.AspNetCore.Components.Tests.dll" adapterTypeName="executor://xunit/VsTestRunner3/netcore/" className="Microsoft.AspNetCore.Components.Test.CascadingParameterTest" name="CanUseTryAddPatternForCascadingValuesInServiceCollection_ValueFactory" />
    </UnitTest>
    <UnitTest name="Microsoft.AspNetCore.Components.Routing.RouteTableFactoryTests.MoreSpecificRoutesPrecedeMoreGeneralRoutes" storage="/home/runner/work/aspnetcore/aspnetcore/artifacts/bin/microsoft.aspnetcore.components.tests/debug/net10.0/microsoft.aspnetcore.components.tests.dll" id="150fbe30-c8ae-5a0f-d543-a739498df3bc">
      <Execution id="b5a23d06-2261-4855-9185-c27c0c96cf8b" />
      <TestMethod codeBase="/home/runner/work/aspnetcore/aspnetcore/artifacts/bin/Microsoft.AspNetCore.Components.Tests/Debug/net10.0/Microsoft.AspNetCore.Components.Tests.dll" adapterTypeName="executor://xunit/VsTestRunner3/netcore/" className="Microsoft.AspNetCore.Components.Routing.RouteTableFactoryTests" name="MoreSpecificRoutesPrecedeMoreGeneralRoutes" />
    </UnitTest>
    <UnitTest name="Microsoft.AspNetCore.Components.EventCallbackFactoryBinderExtensionsTest.CreateBinder_Long" storage="/home/runner/work/aspnetcore/aspnetcore/artifacts/bin/microsoft.aspnetcore.components.tests/debug/net10.0/microsoft.aspnetcore.components.tests.dll" id="6a0527d5-9a0e-d172-b3aa-5c4ab85ae39a">
      <Execution id="0da790a9-45d5-49b9-b410-4b14db36c821" />
      <TestMethod codeBase="/home/runner/work/aspnetcore/aspnetcore/artifacts/bin/Microsoft.AspNetCore.Components.Tests/Debug/net10.0/Microsoft.AspNetCore.Components.Tests.dll" adapterTypeName="executor://xunit/VsTestRunner3/netcore/" className="Microsoft.AspNetCore.Components.EventCallbackFactoryBinderExtensionsTest" name="CreateBinder_Long" />
    </UnitTest>
    <UnitTest name="Microsoft.AspNetCore.Components.Routing.RoutePatternParserTests.ParseRouteParameter_ThrowsIf_ParameterContainsSpecialCharacters(template: &quot;{}}&quot;, expectedMessage: &quot;There is an incomplete parameter in the route temp&quot;···)" storage="/home/runner/work/aspnetcore/aspnetcore/artifacts/bin/microsoft.aspnetcore.components.tests/debug/net10.0/microsoft.aspnetcore.components.tests.dll" id="f0751a27-d37c-06b5-8da7-d8f602dae3ef">
      <Execution id="382bdb33-cdfd-400f-a189-c53f96e75afe" />
      <TestMethod codeBase="/home/runner/work/aspnetcore/aspnetcore/artifacts/bin/Microsoft.AspNetCore.Components.Tests/Debug/net10.0/Microsoft.AspNetCore.Components.Tests.dll" adapterTypeName="executor://xunit/VsTestRunner3/netcore/" className="Microsoft.AspNetCore.Components.Routing.RoutePatternParserTests" name="ParseRouteParameter_ThrowsIf_ParameterContainsSpecialCharacters" />
    </UnitTest>
    <UnitTest name="Microsoft.AspNetCore.Components.Test.RendererTest.ExceptionsThrownFromHandleAfterRender_Sync_AreHandled" storage="/home/runner/work/aspnetcore/aspnetcore/artifacts/bin/microsoft.aspnetcore.components.tests/debug/net10.0/microsoft.aspnetcore.components.tests.dll" id="a5d34642-3f85-ffed-4cf6-5d74eabc891f">
      <Execution id="ac429b02-707e-4de8-ac8a-d6038b77a7e7" />
      <TestMethod codeBase="/home/runner/work/aspnetcore/aspnetcore/artifacts/bin/Microsoft.AspNetCore.Components.Tests/Debug/net10.0/Microsoft.AspNetCore.Components.Tests.dll" adapterTypeName="executor://xunit/VsTestRunner3/netcore/" className="Microsoft.AspNetCore.Components.Test.RendererTest" name="ExceptionsThrownFromHandleAfterRender_Sync_AreHandled" />
    </UnitTest>
    <UnitTest name="Microsoft.AspNetCore.Components.Test.RendererTest.CanUseCustomComponentActivatorFromServiceProvider" storage="/home/runner/work/aspnetcore/aspnetcore/artifacts/bin/microsoft.aspnetcore.components.tests/debug/net10.0/microsoft.aspnetcore.components.tests.dll" id="a8d9421e-717c-4446-5700-f3c737afbfcf">
      <Execution id="73583749-8337-45de-a6d1-191209bcaef4" />
      <TestMethod codeBase="/home/runner/work/aspnetcore/aspnetcore/artifacts/bin/Microsoft.AspNetCore.Components.Tests/Debug/net10.0/Microsoft.AspNetCore.Components.Tests.dll" adapterTypeName="executor://xunit/VsTestRunner3/netcore/" className="Microsoft.AspNetCore.Components.Test.RendererTest" name="CanUseCustomComponentActivatorFromServiceProvider" />
    </UnitTest>
    <UnitTest name="Microsoft.AspNetCore.Components.ComponentFactoryTest.InstantiateComponent_ThrowsForNullInstance" storage="/home/runner/work/aspnetcore/aspnetcore/artifacts/bin/microsoft.aspnetcore.components.tests/debug/net10.0/microsoft.aspnetcore.components.tests.dll" id="578e4937-09fb-d108-a077-30407429910a">
      <Execution id="ebeabe9b-f6d5-4c0d-8f6a-b62f01c2128b" />
      <TestMethod codeBase="/home/runner/work/aspnetcore/aspnetcore/artifacts/bin/Microsoft.AspNetCore.Components.Tests/Debug/net10.0/Microsoft.AspNetCore.Components.Tests.dll" adapterTypeName="executor://xunit/VsTestRunner3/netcore/" className="Microsoft.AspNetCore.Components.ComponentFactoryTest" name="InstantiateComponent_ThrowsForNullInstance" />
    </UnitTest>
    <UnitTest name="Microsoft.AspNetCore.Components.BindConverterTest.TryConvertTo_Guid_Invalid(incomingValue: &quot;&quot;)" storage="/home/runner/work/aspnetcore/aspnetcore/artifacts/bin/microsoft.aspnetcore.components.tests/debug/net10.0/microsoft.aspnetcore.components.tests.dll" id="aa959643-125b-2e92-0909-f1394866ec81">
      <Execution id="5b79f02a-aab2-4c14-975b-1396ba74232a" />
      <TestMethod codeBase="/home/runner/work/aspnetcore/aspnetcore/artifacts/bin/Microsoft.AspNetCore.Components.Tests/Debug/net10.0/Microsoft.AspNetCore.Components.Tests.dll" adapterTypeName="executor://xunit/VsTestRunner3/netcore/" className="Microsoft.AspNetCore.Components.BindConverterTest" name="TryConvertTo_Guid_Invalid" />
    </UnitTest>
    <UnitTest name="Microsoft.AspNetCore.Components.Test.RendererTest.EventDispatchExceptionsCanBeHandledByClosestErrorBoundary_Sync" storage="/home/runner/work/aspnetcore/aspnetcore/artifacts/bin/microsoft.aspnetcore.components.tests/debug/net10.0/microsoft.aspnetcore.components.tests.dll" id="c0dc3b2e-8a29-76fe-77e5-627e925655c0">
      <Execution id="cf0653d6-93da-4bdf-b017-ff41a3527bd3" />
      <TestMethod codeBase="/home/runner/work/aspnetcore/aspnetcore/artifacts/bin/Microsoft.AspNetCore.Components.Tests/Debug/net10.0/Microsoft.AspNetCore.Components.Tests.dll" adapterTypeName="executor://xunit/VsTestRunner3/netcore/" className="Microsoft.AspNetCore.Components.Test.RendererTest" name="EventDispatchExceptionsCanBeHandledByClosestErrorBoundary_Sync" />
    </UnitTest>
    <UnitTest name="Microsoft.AspNetCore.Components.Routing.RouteTableFactoryTests.MultipleOptionalParameters(path: &quot;/1/2&quot;, segments: 2)" storage="/home/runner/work/aspnetcore/aspnetcore/artifacts/bin/microsoft.aspnetcore.components.tests/debug/net10.0/microsoft.aspnetcore.components.tests.dll" id="a8e0a087-1889-f19a-72a7-a9ab2395453f">
      <Execution id="8c7dbf46-952e-4374-9cc0-ea54d7189140" />
      <TestMethod codeBase="/home/runner/work/aspnetcore/aspnetcore/artifacts/bin/Microsoft.AspNetCore.Components.Tests/Debug/net10.0/Microsoft.AspNetCore.Components.Tests.dll" adapterTypeName="executor://xunit/VsTestRunner3/netcore/" className="Microsoft.AspNetCore.Components.Routing.RouteTableFactoryTests" name="MultipleOptionalParameters" />
    </UnitTest>
    <UnitTest name="Microsoft.AspNetCore.Components.Test.RenderTreeDiffBuilderTest.RecognizesSimultaneousKeyedElementInsertionsAndDeletions" storage="/home/runner/work/aspnetcore/aspnetcore/artifacts/bin/microsoft.aspnetcore.components.tests/debug/net10.0/microsoft.aspnetcore.components.tests.dll" id="a33bb911-4a24-8977-e71d-e3b8ace029c2">
      <Execution id="574c76b7-2660-4acd-9691-2e88251bb6e8" />
      <TestMethod codeBase="/home/runner/work/aspnetcore/aspnetcore/artifacts/bin/Microsoft.AspNetCore.Components.Tests/Debug/net10.0/Microsoft.AspNetCore.Components.Tests.dll" adapterTypeName="executor://xunit/VsTestRunner3/netcore/" className="Microsoft.AspNetCore.Components.Test.RenderTreeDiffBuilderTest" name="RecognizesSimultaneousKeyedElementInsertionsAndDeletions" />
    </UnitTest>
    <UnitTest name="Microsoft.AspNetCore.Components.NavigationManagerTest.GetUriWithQueryParameters_CanAddUpdateAndRemove(baseUri: &quot;scheme://host/#hash&quot;, expectedUri: &quot;scheme://host/?age=25&amp;eye%20color=green#hash&quot;)" storage="/home/runner/work/aspnetcore/aspnetcore/artifacts/bin/microsoft.aspnetcore.components.tests/debug/net10.0/microsoft.aspnetcore.components.tests.dll" id="5edf6e6b-eb50-12f8-2e02-5d9b1d4c44ee">
      <Execution id="1e98edb4-cc6c-4d80-8143-edf38d978d55" />
      <TestMethod codeBase="/home/runner/work/aspnetcore/aspnetcore/artifacts/bin/Microsoft.AspNetCore.Components.Tests/Debug/net10.0/Microsoft.AspNetCore.Components.Tests.dll" adapterTypeName="executor://xunit/VsTestRunner3/netcore/" className="Microsoft.AspNetCore.Components.NavigationManagerTest" name="GetUriWithQueryParameters_CanAddUpdateAndRemove" />
    </UnitTest>
    <UnitTest name="Microsoft.AspNetCore.Components.ParameterViewTest.IncomingCascadingParameterMatchesPropertyNotPublic_Works" storage="/home/runner/work/aspnetcore/aspnetcore/artifacts/bin/microsoft.aspnetcore.components.tests/debug/net10.0/microsoft.aspnetcore.components.tests.dll" id="83689a74-853d-0bdd-638e-aafb982eedcb">
      <Execution id="d7e31ed5-9062-4db8-a8f7-1e70b09c428e" />
      <TestMethod codeBase="/home/runner/work/aspnetcore/aspnetcore/artifacts/bin/Microsoft.AspNetCore.Components.Tests/Debug/net10.0/Microsoft.AspNetCore.Components.Tests.dll" adapterTypeName="executor://xunit/VsTestRunner3/netcore/" className="Microsoft.AspNetCore.Components.ParameterViewTest" name="IncomingCascadingParameterMatchesPropertyNotPublic_Works" />
    </UnitTest>
    <UnitTest name="Microsoft.AspNetCore.Components.NavigationManagerTest.GetUriWithQueryParameter_ThrowsWhenNameIsNullOrEmpty(name: null)" storage="/home/runner/work/aspnetcore/aspnetcore/artifacts/bin/microsoft.aspnetcore.components.tests/debug/net10.0/microsoft.aspnetcore.components.tests.dll" id="8711884e-02d6-84da-2a3c-72030d6d92dd">
      <Execution id="e4c1157c-9280-4328-9f03-15f8c815091c" />
      <TestMethod codeBase="/home/runner/work/aspnetcore/aspnetcore/artifacts/bin/Microsoft.AspNetCore.Components.Tests/Debug/net10.0/Microsoft.AspNetCore.Components.Tests.dll" adapterTypeName="executor://xunit/VsTestRunner3/netcore/" className="Microsoft.AspNetCore.Components.NavigationManagerTest" name="GetUriWithQueryParameter_ThrowsWhenNameIsNullOrEmpty" />
    </UnitTest>
    <UnitTest name="Microsoft.AspNetCore.Components.NavigationManagerTest.LocationChangingAsync_Throws_WithoutHandleLocationChangingHandlerOverride_WhenALocationChangingHandlerThrows_WhenMultipleHandlersAreRegistered" storage="/home/runner/work/aspnetcore/aspnetcore/artifacts/bin/microsoft.aspnetcore.components.tests/debug/net10.0/microsoft.aspnetcore.components.tests.dll" id="ec726cff-5923-7d31-a7a9-dbbb22338bbc">
      <Execution id="1c7890b1-a603-4214-aae9-5ed8c0030857" />
      <TestMethod codeBase="/home/runner/work/aspnetcore/aspnetcore/artifacts/bin/Microsoft.AspNetCore.Components.Tests/Debug/net10.0/Microsoft.AspNetCore.Components.Tests.dll" adapterTypeName="executor://xunit/VsTestRunner3/netcore/" className="Microsoft.AspNetCore.Components.NavigationManagerTest" name="LocationChangingAsync_Throws_WithoutHandleLocationChangingHandlerOverride_WhenALocationChangingHandlerThrows_WhenMultipleHandlersAreRegistered" />
    </UnitTest>
    <UnitTest name="Microsoft.AspNetCore.Components.BindConverterTest.FormatValue_Bool_Generic" storage="/home/runner/work/aspnetcore/aspnetcore/artifacts/bin/microsoft.aspnetcore.components.tests/debug/net10.0/microsoft.aspnetcore.components.tests.dll" id="d4ebb818-3d73-36c8-00c0-19cf2def6827">
      <Execution id="823bc716-7a4f-452f-b979-730491c3e3f1" />
      <TestMethod codeBase="/home/runner/work/aspnetcore/aspnetcore/artifacts/bin/Microsoft.AspNetCore.Components.Tests/Debug/net10.0/Microsoft.AspNetCore.Components.Tests.dll" adapterTypeName="executor://xunit/VsTestRunner3/netcore/" className="Microsoft.AspNetCore.Components.BindConverterTest" name="FormatValue_Bool_Generic" />
    </UnitTest>
    <UnitTest name="Microsoft.AspNetCore.Components.EventCallbackFactoryBinderExtensionsTest.CreateBinder_SwallowsConversionException" storage="/home/runner/work/aspnetcore/aspnetcore/artifacts/bin/microsoft.aspnetcore.components.tests/debug/net10.0/microsoft.aspnetcore.components.tests.dll" id="b07d9005-6f9b-f364-4b2f-f628f6d89448">
      <Execution id="100510b8-74ee-43ec-94ed-85a4af4e1537" />
      <TestMethod codeBase="/home/runner/work/aspnetcore/aspnetcore/artifacts/bin/Microsoft.AspNetCore.Components.Tests/Debug/net10.0/Microsoft.AspNetCore.Components.Tests.dll" adapterTypeName="executor://xunit/VsTestRunner3/netcore/" className="Microsoft.AspNetCore.Components.EventCallbackFactoryBinderExtensionsTest" name="CreateBinder_SwallowsConversionException" />
    </UnitTest>
    <UnitTest name="Microsoft.AspNetCore.Components.Test.RendererTest.DispatchEventAsync_EventCallbackOfT_SynchronousCancellation" storage="/home/runner/work/aspnetcore/aspnetcore/artifacts/bin/microsoft.aspnetcore.components.tests/debug/net10.0/microsoft.aspnetcore.components.tests.dll" id="65ad676c-dd88-bb31-291b-5381cf857c90">
      <Execution id="c8edaced-6870-4c5e-8f4c-f9cfd9d48954" />
      <TestMethod codeBase="/home/runner/work/aspnetcore/aspnetcore/artifacts/bin/Microsoft.AspNetCore.Components.Tests/Debug/net10.0/Microsoft.AspNetCore.Components.Tests.dll" adapterTypeName="executor://xunit/VsTestRunner3/netcore/" className="Microsoft.AspNetCore.Components.Test.RendererTest" name="DispatchEventAsync_EventCallbackOfT_SynchronousCancellation" />
    </UnitTest>
    <UnitTest name="Microsoft.AspNetCore.Components.Test.ComponentBaseTest.RunsOnParametersSetWhenRendered" storage="/home/runner/work/aspnetcore/aspnetcore/artifacts/bin/microsoft.aspnetcore.components.tests/debug/net10.0/microsoft.aspnetcore.components.tests.dll" id="4586b572-c1be-31af-92a2-3c11f0c75a90">
      <Execution id="62251913-a301-4b2f-8e22-cb40aa37f477" />
      <TestMethod codeBase="/home/runner/work/aspnetcore/aspnetcore/artifacts/bin/Microsoft.AspNetCore.Components.Tests/Debug/net10.0/Microsoft.AspNetCore.Components.Tests.dll" adapterTypeName="executor://xunit/VsTestRunner3/netcore/" className="Microsoft.AspNetCore.Components.Test.ComponentBaseTest" name="RunsOnParametersSetWhenRendered" />
    </UnitTest>
    <UnitTest name="Microsoft.AspNetCore.Components.NavigationManagerTest.GetUriWithQueryParameter_RemovesWhenParameterValueIsNull(baseUri: &quot;scheme://host/?full%20name=&amp;age=42&quot;, expectedUri: &quot;scheme://host/?age=42&quot;)" storage="/home/runner/work/aspnetcore/aspnetcore/artifacts/bin/microsoft.aspnetcore.components.tests/debug/net10.0/microsoft.aspnetcore.components.tests.dll" id="eb93954a-ccc3-8abb-c6fc-2786206276ad">
      <Execution id="c643a7ac-9db5-4a35-b766-ecf0ebbe0532" />
      <TestMethod codeBase="/home/runner/work/aspnetcore/aspnetcore/artifacts/bin/Microsoft.AspNetCore.Components.Tests/Debug/net10.0/Microsoft.AspNetCore.Components.Tests.dll" adapterTypeName="executor://xunit/VsTestRunner3/netcore/" className="Microsoft.AspNetCore.Components.NavigationManagerTest" name="GetUriWithQueryParameter_RemovesWhenParameterValueIsNull" />
    </UnitTest>
    <UnitTest name="Microsoft.AspNetCore.Components.Test.RendererTest.EventDispatching_EventCallback_MethodToDelegateConversion" storage="/home/runner/work/aspnetcore/aspnetcore/artifacts/bin/microsoft.aspnetcore.components.tests/debug/net10.0/microsoft.aspnetcore.components.tests.dll" id="81ce516b-61af-f7c6-0950-d181cffbf745">
      <Execution id="df5b04be-a2e3-4e4e-a3e2-c17538f25ec7" />
      <TestMethod codeBase="/home/runner/work/aspnetcore/aspnetcore/artifacts/bin/Microsoft.AspNetCore.Components.Tests/Debug/net10.0/Microsoft.AspNetCore.Components.Tests.dll" adapterTypeName="executor://xunit/VsTestRunner3/netcore/" className="Microsoft.AspNetCore.Components.Test.RendererTest" name="EventDispatching_EventCallback_MethodToDelegateConversion" />
    </UnitTest>
    <UnitTest name="Microsoft.AspNetCore.Components.Rendering.RenderTreeBuilderTest.AddAttribute_Element_ObjectEventCallbackWithReceiverOfT_AddsFrame" storage="/home/runner/work/aspnetcore/aspnetcore/artifacts/bin/microsoft.aspnetcore.components.tests/debug/net10.0/microsoft.aspnetcore.components.tests.dll" id="8666ce26-5e0a-7fff-aef1-9509852f5f61">
      <Execution id="1d3081fc-37c9-4873-a414-cab68bf67e8a" />
      <TestMethod codeBase="/home/runner/work/aspnetcore/aspnetcore/artifacts/bin/Microsoft.AspNetCore.Components.Tests/Debug/net10.0/Microsoft.AspNetCore.Components.Tests.dll" adapterTypeName="executor://xunit/VsTestRunner3/netcore/" className="Microsoft.AspNetCore.Components.Rendering.RenderTreeBuilderTest" name="AddAttribute_Element_ObjectEventCallbackWithReceiverOfT_AddsFrame" />
    </UnitTest>
    <UnitTest name="Microsoft.AspNetCore.Components.Rendering.RenderTreeBuilderTest.CanAddMultipleAttributes_DictionaryObject" storage="/home/runner/work/aspnetcore/aspnetcore/artifacts/bin/microsoft.aspnetcore.components.tests/debug/net10.0/microsoft.aspnetcore.components.tests.dll" id="7052eae4-3b89-c069-a48e-5b820af28a6a">
      <Execution id="7f67fc43-bf90-443f-9d2a-982d3313d2c7" />
      <TestMethod codeBase="/home/runner/work/aspnetcore/aspnetcore/artifacts/bin/Microsoft.AspNetCore.Components.Tests/Debug/net10.0/Microsoft.AspNetCore.Components.Tests.dll" adapterTypeName="executor://xunit/VsTestRunner3/netcore/" className="Microsoft.AspNetCore.Components.Rendering.RenderTreeBuilderTest" name="CanAddMultipleAttributes_DictionaryObject" />
    </UnitTest>
    <UnitTest name="Microsoft.AspNetCore.Components.NavigationManagerTest.ComputesCorrectBaseUri(baseUri: &quot;scheme://host:123/&quot;, expectedResult: &quot;scheme://host:123/&quot;)" storage="/home/runner/work/aspnetcore/aspnetcore/artifacts/bin/microsoft.aspnetcore.components.tests/debug/net10.0/microsoft.aspnetcore.components.tests.dll" id="241d8980-738d-491c-f7cc-a1fc0ef0c9e7">
      <Execution id="ab2706dd-b99c-4a52-aba4-42af55f37e9e" />
      <TestMethod codeBase="/home/runner/work/aspnetcore/aspnetcore/artifacts/bin/Microsoft.AspNetCore.Components.Tests/Debug/net10.0/Microsoft.AspNetCore.Components.Tests.dll" adapterTypeName="executor://xunit/VsTestRunner3/netcore/" className="Microsoft.AspNetCore.Components.NavigationManagerTest" name="ComputesCorrectBaseUri" />
    </UnitTest>
    <UnitTest name="Microsoft.AspNetCore.Components.Test.RendererTest.DispatchEventHandlesSynchronousExceptionsFromEventHandlers" storage="/home/runner/work/aspnetcore/aspnetcore/artifacts/bin/microsoft.aspnetcore.components.tests/debug/net10.0/microsoft.aspnetcore.components.tests.dll" id="1c9be97d-a705-15da-10a8-aa99be611b5c">
      <Execution id="12b81c99-7a3c-4d4d-8475-1da7d56707cf" />
      <TestMethod codeBase="/home/runner/work/aspnetcore/aspnetcore/artifacts/bin/Microsoft.AspNetCore.Components.Tests/Debug/net10.0/Microsoft.AspNetCore.Components.Tests.dll" adapterTypeName="executor://xunit/VsTestRunner3/netcore/" className="Microsoft.AspNetCore.Components.Test.RendererTest" name="DispatchEventHandlesSynchronousExceptionsFromEventHandlers" />
    </UnitTest>
    <UnitTest name="Microsoft.AspNetCore.Components.RenderTree.ArrayBuilderTest.Append_SingleItem" storage="/home/runner/work/aspnetcore/aspnetcore/artifacts/bin/microsoft.aspnetcore.components.tests/debug/net10.0/microsoft.aspnetcore.components.tests.dll" id="27516aa1-1f97-1dea-8660-6557bd2a668f">
      <Execution id="7f137ff0-46d1-47b2-9d3e-c53898f63f66" />
      <TestMethod codeBase="/home/runner/work/aspnetcore/aspnetcore/artifacts/bin/Microsoft.AspNetCore.Components.Tests/Debug/net10.0/Microsoft.AspNetCore.Components.Tests.dll" adapterTypeName="executor://xunit/VsTestRunner3/netcore/" className="Microsoft.AspNetCore.Components.RenderTree.ArrayBuilderTest" name="Append_SingleItem" />
    </UnitTest>
    <UnitTest name="Microsoft.AspNetCore.Components.EventCallbackFactoryBinderExtensionsTest.CreateBinder_CustomTypeConverter" storage="/home/runner/work/aspnetcore/aspnetcore/artifacts/bin/microsoft.aspnetcore.components.tests/debug/net10.0/microsoft.aspnetcore.components.tests.dll" id="586a6e9f-1677-db0a-a90b-40e2a4c65a99">
      <Execution id="01ee6275-8440-4199-96a4-15a68f6c5511" />
      <TestMethod codeBase="/home/runner/work/aspnetcore/aspnetcore/artifacts/bin/Microsoft.AspNetCore.Components.Tests/Debug/net10.0/Microsoft.AspNetCore.Components.Tests.dll" adapterTypeName="executor://xunit/VsTestRunner3/netcore/" className="Microsoft.AspNetCore.Components.EventCallbackFactoryBinderExtensionsTest" name="CreateBinder_CustomTypeConverter" />
    </UnitTest>
    <UnitTest name="Microsoft.AspNetCore.Components.EventCallbackFactoryBinderExtensionsTest.CreateBinder_BindsEmpty_CallsSetterForNullable" storage="/home/runner/work/aspnetcore/aspnetcore/artifacts/bin/microsoft.aspnetcore.components.tests/debug/net10.0/microsoft.aspnetcore.components.tests.dll" id="5f15552d-6595-dcf5-ef51-efe930a16e57">
      <Execution id="2caf6b7e-932d-44fc-8c01-f35f5519aa64" />
      <TestMethod codeBase="/home/runner/work/aspnetcore/aspnetcore/artifacts/bin/Microsoft.AspNetCore.Components.Tests/Debug/net10.0/Microsoft.AspNetCore.Components.Tests.dll" adapterTypeName="executor://xunit/VsTestRunner3/netcore/" className="Microsoft.AspNetCore.Components.EventCallbackFactoryBinderExtensionsTest" name="CreateBinder_BindsEmpty_CallsSetterForNullable" />
    </UnitTest>
    <UnitTest name="Microsoft.AspNetCore.Components.Routing.RouterTest.SetParametersAsyncRefreshesOnce" storage="/home/runner/work/aspnetcore/aspnetcore/artifacts/bin/microsoft.aspnetcore.components.tests/debug/net10.0/microsoft.aspnetcore.components.tests.dll" id="d9999ca4-91d2-e7d7-4adc-17f0a648d688">
      <Execution id="856048bb-19da-4902-903e-deb4d97d510f" />
      <TestMethod codeBase="/home/runner/work/aspnetcore/aspnetcore/artifacts/bin/Microsoft.AspNetCore.Components.Tests/Debug/net10.0/Microsoft.AspNetCore.Components.Tests.dll" adapterTypeName="executor://xunit/VsTestRunner3/netcore/" className="Microsoft.AspNetCore.Components.Routing.RouterTest" name="SetParametersAsyncRefreshesOnce" />
    </UnitTest>
    <UnitTest name="Microsoft.AspNetCore.Components.Routing.QueryParameterValueSupplierTest.MatchesKeysCaseInsensitively" storage="/home/runner/work/aspnetcore/aspnetcore/artifacts/bin/microsoft.aspnetcore.components.tests/debug/net10.0/microsoft.aspnetcore.components.tests.dll" id="5e406764-b5e8-cb5c-9f62-c70a353e7da5">
      <Execution id="cc8c0342-72c4-4a27-b84d-fbef4930ca98" />
      <TestMethod codeBase="/home/runner/work/aspnetcore/aspnetcore/artifacts/bin/Microsoft.AspNetCore.Components.Tests/Debug/net10.0/Microsoft.AspNetCore.Components.Tests.dll" adapterTypeName="executor://xunit/VsTestRunner3/netcore/" className="Microsoft.AspNetCore.Components.Routing.QueryParameterValueSupplierTest" name="MatchesKeysCaseInsensitively" />
    </UnitTest>
    <UnitTest name="Microsoft.AspNetCore.Components.Routing.RoutePatternParserTests.InvalidTemplate_WithMismatchedBraces(template: &quot;p}/Literal&quot;, expectedMessage: &quot;There is an incomplete parameter in the route temp&quot;···)" storage="/home/runner/work/aspnetcore/aspnetcore/artifacts/bin/microsoft.aspnetcore.components.tests/debug/net10.0/microsoft.aspnetcore.components.tests.dll" id="986596bb-7293-785e-9f6e-59417acc5c22">
      <Execution id="947ae353-9d3a-4f10-91c1-554e382d7116" />
      <TestMethod codeBase="/home/runner/work/aspnetcore/aspnetcore/artifacts/bin/Microsoft.AspNetCore.Components.Tests/Debug/net10.0/Microsoft.AspNetCore.Components.Tests.dll" adapterTypeName="executor://xunit/VsTestRunner3/netcore/" className="Microsoft.AspNetCore.Components.Routing.RoutePatternParserTests" name="InvalidTemplate_WithMismatchedBraces" />
    </UnitTest>
    <UnitTest name="Microsoft.AspNetCore.Components.Routing.RoutePatternParserTests.Parse_MixedLiteralParameterAndCatchAllParameter" storage="/home/runner/work/aspnetcore/aspnetcore/artifacts/bin/microsoft.aspnetcore.components.tests/debug/net10.0/microsoft.aspnetcore.components.tests.dll" id="bc22ce3e-f4f8-d01e-aaad-f263a7472c7b">
      <Execution id="55c9dc49-4405-4587-ac8c-44279a303c5a" />
      <TestMethod codeBase="/home/runner/work/aspnetcore/aspnetcore/artifacts/bin/Microsoft.AspNetCore.Components.Tests/Debug/net10.0/Microsoft.AspNetCore.Components.Tests.dll" adapterTypeName="executor://xunit/VsTestRunner3/netcore/" className="Microsoft.AspNetCore.Components.Routing.RoutePatternParserTests" name="Parse_MixedLiteralParameterAndCatchAllParameter" />
    </UnitTest>
    <UnitTest name="Microsoft.AspNetCore.Components.Routing.RouteTableFactoryTests.DetectsAmbiguousRoutesNoFalsePositives(left: &quot;/literal/{parameter}&quot;, right: &quot;/Literal/&quot;)" storage="/home/runner/work/aspnetcore/aspnetcore/artifacts/bin/microsoft.aspnetcore.components.tests/debug/net10.0/microsoft.aspnetcore.components.tests.dll" id="48ce432d-3a8c-36ef-40cb-40950264d0e0">
      <Execution id="851fedea-2072-410a-aa7c-7b874cd77a69" />
      <TestMethod codeBase="/home/runner/work/aspnetcore/aspnetcore/artifacts/bin/Microsoft.AspNetCore.Components.Tests/Debug/net10.0/Microsoft.AspNetCore.Components.Tests.dll" adapterTypeName="executor://xunit/VsTestRunner3/netcore/" className="Microsoft.AspNetCore.Components.Routing.RouteTableFactoryTests" name="DetectsAmbiguousRoutesNoFalsePositives" />
    </UnitTest>
    <UnitTest name="Microsoft.AspNetCore.Components.Test.DependencyInjectionTest.SetsInjectablePropertyValueIfServiceIsRegistered" storage="/home/runner/work/aspnetcore/aspnetcore/artifacts/bin/microsoft.aspnetcore.components.tests/debug/net10.0/microsoft.aspnetcore.components.tests.dll" id="d3f0edac-7bec-8d13-6a13-d93b3ab4f6c1">
      <Execution id="ecd5d584-219d-4fad-a4e8-cab9ffbfe0fa" />
      <TestMethod codeBase="/home/runner/work/aspnetcore/aspnetcore/artifacts/bin/Microsoft.AspNetCore.Components.Tests/Debug/net10.0/Microsoft.AspNetCore.Components.Tests.dll" adapterTypeName="executor://xunit/VsTestRunner3/netcore/" className="Microsoft.AspNetCore.Components.Test.DependencyInjectionTest" name="SetsInjectablePropertyValueIfServiceIsRegistered" />
    </UnitTest>
    <UnitTest name="Microsoft.AspNetCore.Components.Rendering.RenderTreeBuilderTest.CanAddChildComponentsUsingTypeArgument" storage="/home/runner/work/aspnetcore/aspnetcore/artifacts/bin/microsoft.aspnetcore.components.tests/debug/net10.0/microsoft.aspnetcore.components.tests.dll" id="d5660f8e-df83-16a9-1ec1-a39dd8975d93">
      <Execution id="65e10acc-306e-4626-9d90-91a3a43bcf99" />
      <TestMethod codeBase="/home/runner/work/aspnetcore/aspnetcore/artifacts/bin/Microsoft.AspNetCore.Components.Tests/Debug/net10.0/Microsoft.AspNetCore.Components.Tests.dll" adapterTypeName="executor://xunit/VsTestRunner3/netcore/" className="Microsoft.AspNetCore.Components.Rendering.RenderTreeBuilderTest" name="CanAddChildComponentsUsingTypeArgument" />
    </UnitTest>
    <UnitTest name="Microsoft.AspNetCore.Components.CascadingParameterStateTest.FindCascadingParameters_ConsumerSpecifiesNameButSupplierDoesNot_ReturnsEmpty" storage="/home/runner/work/aspnetcore/aspnetcore/artifacts/bin/microsoft.aspnetcore.components.tests/debug/net10.0/microsoft.aspnetcore.components.tests.dll" id="087483bd-57c2-5232-4239-d7fa7bba02f0">
      <Execution id="722394d5-6f1a-47d8-82e2-1916e245fcc5" />
      <TestMethod codeBase="/home/runner/work/aspnetcore/aspnetcore/artifacts/bin/Microsoft.AspNetCore.Components.Tests/Debug/net10.0/Microsoft.AspNetCore.Components.Tests.dll" adapterTypeName="executor://xunit/VsTestRunner3/netcore/" className="Microsoft.AspNetCore.Components.CascadingParameterStateTest" name="FindCascadingParameters_ConsumerSpecifiesNameButSupplierDoesNot_ReturnsEmpty" />
    </UnitTest>
    <UnitTest name="Microsoft.AspNetCore.Components.Test.ComponentBaseTest.RunsOnAfterRender_AfterRenderingCompletes" storage="/home/runner/work/aspnetcore/aspnetcore/artifacts/bin/microsoft.aspnetcore.components.tests/debug/net10.0/microsoft.aspnetcore.components.tests.dll" id="9e61a264-82a4-bfa1-64cd-a2c2159339ad">
      <Execution id="64e68302-8c90-4077-8c07-c0f1b1feec88" />
      <TestMethod codeBase="/home/runner/work/aspnetcore/aspnetcore/artifacts/bin/Microsoft.AspNetCore.Components.Tests/Debug/net10.0/Microsoft.AspNetCore.Components.Tests.dll" adapterTypeName="executor://xunit/VsTestRunner3/netcore/" className="Microsoft.AspNetCore.Components.Test.ComponentBaseTest" name="RunsOnAfterRender_AfterRenderingCompletes" />
    </UnitTest>
    <UnitTest name="Microsoft.AspNetCore.Components.Routing.QueryParameterValueSupplierTest.RejectsBlankValuesWhenNotNullable(key: &quot;DecimalVal&quot;, targetType: typeof(decimal))" storage="/home/runner/work/aspnetcore/aspnetcore/artifacts/bin/microsoft.aspnetcore.components.tests/debug/net10.0/microsoft.aspnetcore.components.tests.dll" id="f87737b6-0ea4-d085-5eac-870e8d1cf8f4">
      <Execution id="f408b074-9348-40d3-a058-355e79cd9e11" />
      <TestMethod codeBase="/home/runner/work/aspnetcore/aspnetcore/artifacts/bin/Microsoft.AspNetCore.Components.Tests/Debug/net10.0/Microsoft.AspNetCore.Components.Tests.dll" adapterTypeName="executor://xunit/VsTestRunner3/netcore/" className="Microsoft.AspNetCore.Components.Routing.QueryParameterValueSupplierTest" name="RejectsBlankValuesWhenNotNullable" />
    </UnitTest>
    <UnitTest name="Microsoft.AspNetCore.Components.NavigationManagerTest.LocationChangingHandlers_CanContinueTheNavigationAsynchronously_WhenMultipleHandlersAreRegistered" storage="/home/runner/work/aspnetcore/aspnetcore/artifacts/bin/microsoft.aspnetcore.components.tests/debug/net10.0/microsoft.aspnetcore.components.tests.dll" id="56495ced-8f70-9ecf-2fda-94fd4a0bb119">
      <Execution id="36cb9d1a-446c-4113-afcc-1cadd03a38c3" />
      <TestMethod codeBase="/home/runner/work/aspnetcore/aspnetcore/artifacts/bin/Microsoft.AspNetCore.Components.Tests/Debug/net10.0/Microsoft.AspNetCore.Components.Tests.dll" adapterTypeName="executor://xunit/VsTestRunner3/netcore/" className="Microsoft.AspNetCore.Components.NavigationManagerTest" name="LocationChangingHandlers_CanContinueTheNavigationAsynchronously_WhenMultipleHandlersAreRegistered" />
    </UnitTest>
    <UnitTest name="Microsoft.AspNetCore.Components.Test.RenderTreeDiffBuilderTest.RecognizesKeyedElementInsertions" storage="/home/runner/work/aspnetcore/aspnetcore/artifacts/bin/microsoft.aspnetcore.components.tests/debug/net10.0/microsoft.aspnetcore.components.tests.dll" id="5ceb19d9-ff49-0c14-8746-40f7adbdf2d3">
      <Execution id="559340af-8bb2-4ac2-9d29-49dc71253da9" />
      <TestMethod codeBase="/home/runner/work/aspnetcore/aspnetcore/artifacts/bin/Microsoft.AspNetCore.Components.Tests/Debug/net10.0/Microsoft.AspNetCore.Components.Tests.dll" adapterTypeName="executor://xunit/VsTestRunner3/netcore/" className="Microsoft.AspNetCore.Components.Test.RenderTreeDiffBuilderTest" name="RecognizesKeyedElementInsertions" />
    </UnitTest>
    <UnitTest name="Microsoft.AspNetCore.Components.ParameterViewTest.CanGetValueOrDefault_WithNonExistingValueAndExplicitDefault" storage="/home/runner/work/aspnetcore/aspnetcore/artifacts/bin/microsoft.aspnetcore.components.tests/debug/net10.0/microsoft.aspnetcore.components.tests.dll" id="cdb6966b-89e3-061a-b57d-77961a42fecd">
      <Execution id="2d62d92a-7e0d-4807-b800-34cef5467697" />
      <TestMethod codeBase="/home/runner/work/aspnetcore/aspnetcore/artifacts/bin/Microsoft.AspNetCore.Components.Tests/Debug/net10.0/Microsoft.AspNetCore.Components.Tests.dll" adapterTypeName="executor://xunit/VsTestRunner3/netcore/" className="Microsoft.AspNetCore.Components.ParameterViewTest" name="CanGetValueOrDefault_WithNonExistingValueAndExplicitDefault" />
    </UnitTest>
    <UnitTest name="Microsoft.AspNetCore.Components.Test.RendererTest.DisposesEventHandlersWhenAttributeValueChanged" storage="/home/runner/work/aspnetcore/aspnetcore/artifacts/bin/microsoft.aspnetcore.components.tests/debug/net10.0/microsoft.aspnetcore.components.tests.dll" id="5778d31d-a5ce-c377-7f1a-1dc8ef313cae">
      <Execution id="76d8173d-554e-45a4-a322-c73dac3ac106" />
      <TestMethod codeBase="/home/runner/work/aspnetcore/aspnetcore/artifacts/bin/Microsoft.AspNetCore.Components.Tests/Debug/net10.0/Microsoft.AspNetCore.Components.Tests.dll" adapterTypeName="executor://xunit/VsTestRunner3/netcore/" className="Microsoft.AspNetCore.Components.Test.RendererTest" name="DisposesEventHandlersWhenAttributeValueChanged" />
    </UnitTest>
    <UnitTest name="Microsoft.AspNetCore.Components.Routing.RouteKeyTest.RouteKey_WithAdditionalAssemblies_DifferentAppAssemblies" storage="/home/runner/work/aspnetcore/aspnetcore/artifacts/bin/microsoft.aspnetcore.components.tests/debug/net10.0/microsoft.aspnetcore.components.tests.dll" id="f480a864-40bc-ce21-db2b-46e6d9e6c305">
      <Execution id="05768685-1856-4dc9-b562-5d3fea9b7dee" />
      <TestMethod codeBase="/home/runner/work/aspnetcore/aspnetcore/artifacts/bin/Microsoft.AspNetCore.Components.Tests/Debug/net10.0/Microsoft.AspNetCore.Components.Tests.dll" adapterTypeName="executor://xunit/VsTestRunner3/netcore/" className="Microsoft.AspNetCore.Components.Routing.RouteKeyTest" name="RouteKey_WithAdditionalAssemblies_DifferentAppAssemblies" />
    </UnitTest>
    <UnitTest name="Microsoft.AspNetCore.Components.EventCallbackFactoryBinderExtensionsTest.CreateBinder_IfConverterThrows_ConvertsEmptyStringToDefault" storage="/home/runner/work/aspnetcore/aspnetcore/artifacts/bin/microsoft.aspnetcore.components.tests/debug/net10.0/microsoft.aspnetcore.components.tests.dll" id="12cfcfbc-e213-6789-73ae-4ebb8787b382">
      <Execution id="311714ac-4940-4830-b382-7e9738344603" />
      <TestMethod codeBase="/home/runner/work/aspnetcore/aspnetcore/artifacts/bin/Microsoft.AspNetCore.Components.Tests/Debug/net10.0/Microsoft.AspNetCore.Components.Tests.dll" adapterTypeName="executor://xunit/VsTestRunner3/netcore/" className="Microsoft.AspNetCore.Components.EventCallbackFactoryBinderExtensionsTest" name="CreateBinder_IfConverterThrows_ConvertsEmptyStringToDefault" />
    </UnitTest>
    <UnitTest name="Microsoft.AspNetCore.Components.Routing.RouteTableFactoryTests.CanMatchTemplateWithMultipleLiterals" storage="/home/runner/work/aspnetcore/aspnetcore/artifacts/bin/microsoft.aspnetcore.components.tests/debug/net10.0/microsoft.aspnetcore.components.tests.dll" id="4969df24-d955-5128-1372-65359e322b50">
      <Execution id="9e5f4109-44c2-4357-afd7-51e424642250" />
      <TestMethod codeBase="/home/runner/work/aspnetcore/aspnetcore/artifacts/bin/Microsoft.AspNetCore.Components.Tests/Debug/net10.0/Microsoft.AspNetCore.Components.Tests.dll" adapterTypeName="executor://xunit/VsTestRunner3/netcore/" className="Microsoft.AspNetCore.Components.Routing.RouteTableFactoryTests" name="CanMatchTemplateWithMultipleLiterals" />
    </UnitTest>
    <UnitTest name="Microsoft.AspNetCore.Components.ParameterViewTest.HasRemovedDirectParameters_OldNonEmpty_NewEmpty" storage="/home/runner/work/aspnetcore/aspnetcore/artifacts/bin/microsoft.aspnetcore.components.tests/debug/net10.0/microsoft.aspnetcore.components.tests.dll" id="88de2572-1741-7a45-90ad-56ddedd73101">
      <Execution id="1de1b3e1-02bd-4134-96a0-f2c413480089" />
      <TestMethod codeBase="/home/runner/work/aspnetcore/aspnetcore/artifacts/bin/Microsoft.AspNetCore.Components.Tests/Debug/net10.0/Microsoft.AspNetCore.Components.Tests.dll" adapterTypeName="executor://xunit/VsTestRunner3/netcore/" className="Microsoft.AspNetCore.Components.ParameterViewTest" name="HasRemovedDirectParameters_OldNonEmpty_NewEmpty" />
    </UnitTest>
    <UnitTest name="Microsoft.AspNetCore.Components.Test.RendererTest.DisposingRenderer_UnsubsribesFromHotReloadManager" storage="/home/runner/work/aspnetcore/aspnetcore/artifacts/bin/microsoft.aspnetcore.components.tests/debug/net10.0/microsoft.aspnetcore.components.tests.dll" id="e52b4f59-8085-c3b1-d6bd-43341fa8895b">
      <Execution id="2ff61826-756a-4063-ac00-4c36f069081e" />
      <TestMethod codeBase="/home/runner/work/aspnetcore/aspnetcore/artifacts/bin/Microsoft.AspNetCore.Components.Tests/Debug/net10.0/Microsoft.AspNetCore.Components.Tests.dll" adapterTypeName="executor://xunit/VsTestRunner3/netcore/" className="Microsoft.AspNetCore.Components.Test.RendererTest" name="DisposingRenderer_UnsubsribesFromHotReloadManager" />
    </UnitTest>
    <UnitTest name="Microsoft.AspNetCore.Components.Test.RendererTest.DispatchEventAsync_EventCallbackOfT_SynchronousException" storage="/home/runner/work/aspnetcore/aspnetcore/artifacts/bin/microsoft.aspnetcore.components.tests/debug/net10.0/microsoft.aspnetcore.components.tests.dll" id="eac6d3f8-7143-a5f1-242b-ac3081b96c1b">
      <Execution id="47de8801-0036-4755-952a-1d52d141bbfb" />
      <TestMethod codeBase="/home/runner/work/aspnetcore/aspnetcore/artifacts/bin/Microsoft.AspNetCore.Components.Tests/Debug/net10.0/Microsoft.AspNetCore.Components.Tests.dll" adapterTypeName="executor://xunit/VsTestRunner3/netcore/" className="Microsoft.AspNetCore.Components.Test.RendererTest" name="DispatchEventAsync_EventCallbackOfT_SynchronousException" />
    </UnitTest>
    <UnitTest name="Microsoft.AspNetCore.Components.Routing.RouteTableFactoryTests.DoesNotThrowForNonAmbiguousRoutes(first: &quot;{param1?}/{param2?}/{param3?}/{*catchAll:int}&quot;, second: &quot;{param1?}/{param2?}/{param3?}/{optional?}&quot;)" storage="/home/runner/work/aspnetcore/aspnetcore/artifacts/bin/microsoft.aspnetcore.components.tests/debug/net10.0/microsoft.aspnetcore.components.tests.dll" id="d01fbeb5-21af-a8ef-f2b1-8fc582aadf7e">
      <Execution id="f18b6328-c0c0-42af-b315-50d1f4277545" />
      <TestMethod codeBase="/home/runner/work/aspnetcore/aspnetcore/artifacts/bin/Microsoft.AspNetCore.Components.Tests/Debug/net10.0/Microsoft.AspNetCore.Components.Tests.dll" adapterTypeName="executor://xunit/VsTestRunner3/netcore/" className="Microsoft.AspNetCore.Components.Routing.RouteTableFactoryTests" name="DoesNotThrowForNonAmbiguousRoutes" />
    </UnitTest>
    <UnitTest name="Microsoft.AspNetCore.Components.Routing.RouteTableFactoryTests.CanMatchEncodedSegments" storage="/home/runner/work/aspnetcore/aspnetcore/artifacts/bin/microsoft.aspnetcore.components.tests/debug/net10.0/microsoft.aspnetcore.components.tests.dll" id="0c7ba82c-3458-246c-5e54-67468f7649e5">
      <Execution id="84b70dc7-6df9-47c8-ba93-5494a8f5232d" />
      <TestMethod codeBase="/home/runner/work/aspnetcore/aspnetcore/artifacts/bin/Microsoft.AspNetCore.Components.Tests/Debug/net10.0/Microsoft.AspNetCore.Components.Tests.dll" adapterTypeName="executor://xunit/VsTestRunner3/netcore/" className="Microsoft.AspNetCore.Components.Routing.RouteTableFactoryTests" name="CanMatchEncodedSegments" />
    </UnitTest>
    <UnitTest name="Microsoft.AspNetCore.Components.EventCallbackFactoryBinderExtensionsTest.CreateBinder_Int" storage="/home/runner/work/aspnetcore/aspnetcore/artifacts/bin/microsoft.aspnetcore.components.tests/debug/net10.0/microsoft.aspnetcore.components.tests.dll" id="28dc8c8a-f9de-52d7-a050-534d0f33f030">
      <Execution id="eb444745-0bc0-46d3-93a5-341f1ed57a10" />
      <TestMethod codeBase="/home/runner/work/aspnetcore/aspnetcore/artifacts/bin/Microsoft.AspNetCore.Components.Tests/Debug/net10.0/Microsoft.AspNetCore.Components.Tests.dll" adapterTypeName="executor://xunit/VsTestRunner3/netcore/" className="Microsoft.AspNetCore.Components.EventCallbackFactoryBinderExtensionsTest" name="CreateBinder_Int" />
    </UnitTest>
    <UnitTest name="Microsoft.AspNetCore.Components.Test.RenderTreeDiffBuilderTest.RecognizesKeyedElementMoves" storage="/home/runner/work/aspnetcore/aspnetcore/artifacts/bin/microsoft.aspnetcore.components.tests/debug/net10.0/microsoft.aspnetcore.components.tests.dll" id="ea36e14f-372d-197a-9c21-e8d64d28aa3e">
      <Execution id="a83108a1-2afb-46dd-b34e-b6b87bc769e5" />
      <TestMethod codeBase="/home/runner/work/aspnetcore/aspnetcore/artifacts/bin/Microsoft.AspNetCore.Components.Tests/Debug/net10.0/Microsoft.AspNetCore.Components.Tests.dll" adapterTypeName="executor://xunit/VsTestRunner3/netcore/" className="Microsoft.AspNetCore.Components.Test.RenderTreeDiffBuilderTest" name="RecognizesKeyedElementMoves" />
    </UnitTest>
    <UnitTest name="Microsoft.AspNetCore.Components.NavigationManagerTest.GetUriWithQueryParameter_ReplacesWhenParameterExists(baseUri: &quot;scheme://host/?full%20name=Bob%20Joe&amp;age=42&quot;, expectedUri: &quot;scheme://host/?full%20name=John%20Doe&amp;age=42&quot;)" storage="/home/runner/work/aspnetcore/aspnetcore/artifacts/bin/microsoft.aspnetcore.components.tests/debug/net10.0/microsoft.aspnetcore.components.tests.dll" id="c23a43ff-da51-f073-82fc-74b6b5bd55d3">
      <Execution id="6603a524-936d-4e50-97b0-278cbf333c63" />
      <TestMethod codeBase="/home/runner/work/aspnetcore/aspnetcore/artifacts/bin/Microsoft.AspNetCore.Components.Tests/Debug/net10.0/Microsoft.AspNetCore.Components.Tests.dll" adapterTypeName="executor://xunit/VsTestRunner3/netcore/" className="Microsoft.AspNetCore.Components.NavigationManagerTest" name="GetUriWithQueryParameter_ReplacesWhenParameterExists" />
    </UnitTest>
    <UnitTest name="Microsoft.AspNetCore.Components.EventCallbackFactoryBinderExtensionsTest.CreateBinder_NumericType_WithInvariantCulture" storage="/home/runner/work/aspnetcore/aspnetcore/artifacts/bin/microsoft.aspnetcore.components.tests/debug/net10.0/microsoft.aspnetcore.components.tests.dll" id="5eed8b2d-86c7-2bab-76f3-81386fb29154">
      <Execution id="5d6b0451-4afa-48be-a8c4-16d03d574b74" />
      <TestMethod codeBase="/home/runner/work/aspnetcore/aspnetcore/artifacts/bin/Microsoft.AspNetCore.Components.Tests/Debug/net10.0/Microsoft.AspNetCore.Components.Tests.dll" adapterTypeName="executor://xunit/VsTestRunner3/netcore/" className="Microsoft.AspNetCore.Components.EventCallbackFactoryBinderExtensionsTest" name="CreateBinder_NumericType_WithInvariantCulture" />
    </UnitTest>
    <UnitTest name="Microsoft.AspNetCore.Components.Routing.RouteTableFactoryTests.OptionalParameterPlusCatchAllRoute(template: &quot;/{parameter?}/{*catchAll}&quot;, path: &quot;/value/1/2/3/4/5&quot;, parameterValue: &quot;value&quot;, catchAllValue: &quot;1/2/3/4/5&quot;)" storage="/home/runner/work/aspnetcore/aspnetcore/artifacts/bin/microsoft.aspnetcore.components.tests/debug/net10.0/microsoft.aspnetcore.components.tests.dll" id="f914b333-ca83-9dd1-5387-b0a814579343">
      <Execution id="8d7b4291-d3b0-4ff8-a868-a6907553f4b0" />
      <TestMethod codeBase="/home/runner/work/aspnetcore/aspnetcore/artifacts/bin/Microsoft.AspNetCore.Components.Tests/Debug/net10.0/Microsoft.AspNetCore.Components.Tests.dll" adapterTypeName="executor://xunit/VsTestRunner3/netcore/" className="Microsoft.AspNetCore.Components.Routing.RouteTableFactoryTests" name="OptionalParameterPlusCatchAllRoute" />
    </UnitTest>
    <UnitTest name="Microsoft.AspNetCore.Components.Test.RendererTest.EventDispatching_EventCallbackOfT_NoTargetLambda" storage="/home/runner/work/aspnetcore/aspnetcore/artifacts/bin/microsoft.aspnetcore.components.tests/debug/net10.0/microsoft.aspnetcore.components.tests.dll" id="6a2e4886-53da-2fe5-e75a-da400dfb166e">
      <Execution id="1533f231-4ab4-48f8-ab65-b8142dd13507" />
      <TestMethod codeBase="/home/runner/work/aspnetcore/aspnetcore/artifacts/bin/Microsoft.AspNetCore.Components.Tests/Debug/net10.0/Microsoft.AspNetCore.Components.Tests.dll" adapterTypeName="executor://xunit/VsTestRunner3/netcore/" className="Microsoft.AspNetCore.Components.Test.RendererTest" name="EventDispatching_EventCallbackOfT_NoTargetLambda" />
    </UnitTest>
    <UnitTest name="Microsoft.AspNetCore.Components.NavigationManagerTest.ComputesCorrectBaseUri(baseUri: &quot;scheme://host/path/&quot;, expectedResult: &quot;scheme://host/path/&quot;)" storage="/home/runner/work/aspnetcore/aspnetcore/artifacts/bin/microsoft.aspnetcore.components.tests/debug/net10.0/microsoft.aspnetcore.components.tests.dll" id="78ec1d94-5126-b998-bdea-4ccf472722de">
      <Execution id="e6ecf739-3375-446d-8ead-cc4d5cc0c86f" />
      <TestMethod codeBase="/home/runner/work/aspnetcore/aspnetcore/artifacts/bin/Microsoft.AspNetCore.Components.Tests/Debug/net10.0/Microsoft.AspNetCore.Components.Tests.dll" adapterTypeName="executor://xunit/VsTestRunner3/netcore/" className="Microsoft.AspNetCore.Components.NavigationManagerTest" name="ComputesCorrectBaseUri" />
    </UnitTest>
    <UnitTest name="Microsoft.AspNetCore.Components.Test.RendererTest.DispatchEventAsync_Delegate_AsynchronousCancellation" storage="/home/runner/work/aspnetcore/aspnetcore/artifacts/bin/microsoft.aspnetcore.components.tests/debug/net10.0/microsoft.aspnetcore.components.tests.dll" id="f28f2a6c-fe4a-fdeb-0a10-f738e162e835">
      <Execution id="5f77d1d1-301d-4e31-8b46-6895921f7372" />
      <TestMethod codeBase="/home/runner/work/aspnetcore/aspnetcore/artifacts/bin/Microsoft.AspNetCore.Components.Tests/Debug/net10.0/Microsoft.AspNetCore.Components.Tests.dll" adapterTypeName="executor://xunit/VsTestRunner3/netcore/" className="Microsoft.AspNetCore.Components.Test.RendererTest" name="DispatchEventAsync_Delegate_AsynchronousCancellation" />
    </UnitTest>
    <UnitTest name="Microsoft.AspNetCore.Components.Test.RendererTest.CanDispatchEventsToNestedComponents" storage="/home/runner/work/aspnetcore/aspnetcore/artifacts/bin/microsoft.aspnetcore.components.tests/debug/net10.0/microsoft.aspnetcore.components.tests.dll" id="23d531b0-ed45-f304-17ab-a31a547c6b8e">
      <Execution id="d9d63a5d-a2b4-4816-881a-8499886026be" />
      <TestMethod codeBase="/home/runner/work/aspnetcore/aspnetcore/artifacts/bin/Microsoft.AspNetCore.Components.Tests/Debug/net10.0/Microsoft.AspNetCore.Components.Tests.dll" adapterTypeName="executor://xunit/VsTestRunner3/netcore/" className="Microsoft.AspNetCore.Components.Test.RendererTest" name="CanDispatchEventsToNestedComponents" />
    </UnitTest>
    <UnitTest name="Microsoft.AspNetCore.Components.Test.RendererTest.RenderBatch_HandlesAsynchronousExceptionsInAsyncDisposableComponents" storage="/home/runner/work/aspnetcore/aspnetcore/artifacts/bin/microsoft.aspnetcore.components.tests/debug/net10.0/microsoft.aspnetcore.components.tests.dll" id="93e6ece0-287d-aa76-a5d5-c4eafc9770cf">
      <Execution id="51bba131-2cc7-4b9a-b9fa-9fdf1f20309d" />
      <TestMethod codeBase="/home/runner/work/aspnetcore/aspnetcore/artifacts/bin/Microsoft.AspNetCore.Components.Tests/Debug/net10.0/Microsoft.AspNetCore.Components.Tests.dll" adapterTypeName="executor://xunit/VsTestRunner3/netcore/" className="Microsoft.AspNetCore.Components.Test.RendererTest" name="RenderBatch_HandlesAsynchronousExceptionsInAsyncDisposableComponents" />
    </UnitTest>
    <UnitTest name="Microsoft.AspNetCore.Components.Routing.RouteTableFactoryTests.RouteMatchingIsCaseInsensitive" storage="/home/runner/work/aspnetcore/aspnetcore/artifacts/bin/microsoft.aspnetcore.components.tests/debug/net10.0/microsoft.aspnetcore.components.tests.dll" id="004e2533-e0d1-128f-7566-581332560c49">
      <Execution id="15bf548f-9944-4a0f-bc17-ef3f03a80a2a" />
      <TestMethod codeBase="/home/runner/work/aspnetcore/aspnetcore/artifacts/bin/Microsoft.AspNetCore.Components.Tests/Debug/net10.0/Microsoft.AspNetCore.Components.Tests.dll" adapterTypeName="executor://xunit/VsTestRunner3/netcore/" className="Microsoft.AspNetCore.Components.Routing.RouteTableFactoryTests" name="RouteMatchingIsCaseInsensitive" />
    </UnitTest>
    <UnitTest name="Microsoft.AspNetCore.Components.EventCallbackFactoryTest.Create_FuncTTask_Unbound" storage="/home/runner/work/aspnetcore/aspnetcore/artifacts/bin/microsoft.aspnetcore.components.tests/debug/net10.0/microsoft.aspnetcore.components.tests.dll" id="167d29eb-9c43-8d4e-3b5a-8f9b799134b4">
      <Execution id="20b04609-f8fc-4e41-a9ee-b1f6c2d24174" />
      <TestMethod codeBase="/home/runner/work/aspnetcore/aspnetcore/artifacts/bin/Microsoft.AspNetCore.Components.Tests/Debug/net10.0/Microsoft.AspNetCore.Components.Tests.dll" adapterTypeName="executor://xunit/VsTestRunner3/netcore/" className="Microsoft.AspNetCore.Components.EventCallbackFactoryTest" name="Create_FuncTTask_Unbound" />
    </UnitTest>
    <UnitTest name="Microsoft.AspNetCore.Components.Test.RenderTreeDiffBuilderTest.RecognizesAttributesRemoved" storage="/home/runner/work/aspnetcore/aspnetcore/artifacts/bin/microsoft.aspnetcore.components.tests/debug/net10.0/microsoft.aspnetcore.components.tests.dll" id="4d85beb5-b3cf-f79f-2298-16e1a3592899">
      <Execution id="c456795b-d0d1-4915-85f4-ea974a31fb4e" />
      <TestMethod codeBase="/home/runner/work/aspnetcore/aspnetcore/artifacts/bin/Microsoft.AspNetCore.Components.Tests/Debug/net10.0/Microsoft.AspNetCore.Components.Tests.dll" adapterTypeName="executor://xunit/VsTestRunner3/netcore/" className="Microsoft.AspNetCore.Components.Test.RenderTreeDiffBuilderTest" name="RecognizesAttributesRemoved" />
    </UnitTest>
    <UnitTest name="Microsoft.AspNetCore.Components.Routing.QueryParameterValueSupplierTest.RejectsBlankArrayEntriesWhenNotNullable(key: &quot;FloatVals&quot;, targetType: typeof(float))" storage="/home/runner/work/aspnetcore/aspnetcore/artifacts/bin/microsoft.aspnetcore.components.tests/debug/net10.0/microsoft.aspnetcore.components.tests.dll" id="422290ba-018c-eb05-d111-7eee71308506">
      <Execution id="bf6c5e08-3c14-43f5-856e-d1eb49d8bae3" />
      <TestMethod codeBase="/home/runner/work/aspnetcore/aspnetcore/artifacts/bin/Microsoft.AspNetCore.Components.Tests/Debug/net10.0/Microsoft.AspNetCore.Components.Tests.dll" adapterTypeName="executor://xunit/VsTestRunner3/netcore/" className="Microsoft.AspNetCore.Components.Routing.QueryParameterValueSupplierTest" name="RejectsBlankArrayEntriesWhenNotNullable" />
    </UnitTest>
    <UnitTest name="Microsoft.AspNetCore.Components.Routing.RouteTableFactoryTests.DetectsAmbiguousRoutes(left: &quot;/literal&quot;, right: &quot;/Literal/&quot;)" storage="/home/runner/work/aspnetcore/aspnetcore/artifacts/bin/microsoft.aspnetcore.components.tests/debug/net10.0/microsoft.aspnetcore.components.tests.dll" id="333c1019-8059-91cd-cd8a-ffa8f067c19b">
      <Execution id="98655104-4ce2-4b41-9eee-f6169afd0427" />
      <TestMethod codeBase="/home/runner/work/aspnetcore/aspnetcore/artifacts/bin/Microsoft.AspNetCore.Components.Tests/Debug/net10.0/Microsoft.AspNetCore.Components.Tests.dll" adapterTypeName="executor://xunit/VsTestRunner3/netcore/" className="Microsoft.AspNetCore.Components.Routing.RouteTableFactoryTests" name="DetectsAmbiguousRoutes" />
    </UnitTest>
    <UnitTest name="Microsoft.AspNetCore.Components.PersistentState.PersistentServicesRegistryTest.PersistStateAsync_DoesNotThrow_WhenTypeCantBeFoundForPersistedRegistrations" storage="/home/runner/work/aspnetcore/aspnetcore/artifacts/bin/microsoft.aspnetcore.components.tests/debug/net10.0/microsoft.aspnetcore.components.tests.dll" id="fcb4482f-293e-49e1-2ace-5e47fc3c89f2">
      <Execution id="d4644188-d6d1-4942-957e-76a1ba89bcd5" />
      <TestMethod codeBase="/home/runner/work/aspnetcore/aspnetcore/artifacts/bin/Microsoft.AspNetCore.Components.Tests/Debug/net10.0/Microsoft.AspNetCore.Components.Tests.dll" adapterTypeName="executor://xunit/VsTestRunner3/netcore/" className="Microsoft.AspNetCore.Components.PersistentState.PersistentServicesRegistryTest" name="PersistStateAsync_DoesNotThrow_WhenTypeCantBeFoundForPersistedRegistrations" />
    </UnitTest>
    <UnitTest name="Microsoft.AspNetCore.Components.Rendering.RenderTreeBuilderTest.AddComponentParameter_Component_EventHandlerValue_SetsAttributeValue" storage="/home/runner/work/aspnetcore/aspnetcore/artifacts/bin/microsoft.aspnetcore.components.tests/debug/net10.0/microsoft.aspnetcore.components.tests.dll" id="5f92604e-9501-54cb-010b-c8142fddb778">
      <Execution id="98480fa9-b192-4c84-84c7-1ab18a42c3b3" />
      <TestMethod codeBase="/home/runner/work/aspnetcore/aspnetcore/artifacts/bin/Microsoft.AspNetCore.Components.Tests/Debug/net10.0/Microsoft.AspNetCore.Components.Tests.dll" adapterTypeName="executor://xunit/VsTestRunner3/netcore/" className="Microsoft.AspNetCore.Components.Rendering.RenderTreeBuilderTest" name="AddComponentParameter_Component_EventHandlerValue_SetsAttributeValue" />
    </UnitTest>
    <UnitTest name="Microsoft.AspNetCore.Components.BindConverterTest.TryConvertTo_Guid_Valid" storage="/home/runner/work/aspnetcore/aspnetcore/artifacts/bin/microsoft.aspnetcore.components.tests/debug/net10.0/microsoft.aspnetcore.components.tests.dll" id="40d40f77-630f-6bc1-faa6-5dd5d4e7aa98">
      <Execution id="bfd4d836-fabe-4928-85dd-87109de3b2fb" />
      <TestMethod codeBase="/home/runner/work/aspnetcore/aspnetcore/artifacts/bin/Microsoft.AspNetCore.Components.Tests/Debug/net10.0/Microsoft.AspNetCore.Components.Tests.dll" adapterTypeName="executor://xunit/VsTestRunner3/netcore/" className="Microsoft.AspNetCore.Components.BindConverterTest" name="TryConvertTo_Guid_Valid" />
    </UnitTest>
    <UnitTest name="Microsoft.AspNetCore.Components.Test.RendererTest.RenderBatch_HandlesExceptionsFromAllDisposedComponents" storage="/home/runner/work/aspnetcore/aspnetcore/artifacts/bin/microsoft.aspnetcore.components.tests/debug/net10.0/microsoft.aspnetcore.components.tests.dll" id="023fc0a7-e204-6a99-5a90-0a5c19894c6e">
      <Execution id="ec973361-22fd-44ef-97ac-6ade91ce1279" />
      <TestMethod codeBase="/home/runner/work/aspnetcore/aspnetcore/artifacts/bin/Microsoft.AspNetCore.Components.Tests/Debug/net10.0/Microsoft.AspNetCore.Components.Tests.dll" adapterTypeName="executor://xunit/VsTestRunner3/netcore/" className="Microsoft.AspNetCore.Components.Test.RendererTest" name="RenderBatch_HandlesExceptionsFromAllDisposedComponents" />
    </UnitTest>
    <UnitTest name="Microsoft.AspNetCore.Components.Test.RendererTest.CannotRemoveNonRootComponentsDirectly" storage="/home/runner/work/aspnetcore/aspnetcore/artifacts/bin/microsoft.aspnetcore.components.tests/debug/net10.0/microsoft.aspnetcore.components.tests.dll" id="78b75ed4-8429-21f9-9592-505525d763b8">
      <Execution id="609f7e37-f785-431e-8102-9d414d5cc6d9" />
      <TestMethod codeBase="/home/runner/work/aspnetcore/aspnetcore/artifacts/bin/Microsoft.AspNetCore.Components.Tests/Debug/net10.0/Microsoft.AspNetCore.Components.Tests.dll" adapterTypeName="executor://xunit/VsTestRunner3/netcore/" className="Microsoft.AspNetCore.Components.Test.RendererTest" name="CannotRemoveNonRootComponentsDirectly" />
    </UnitTest>
    <UnitTest name="Microsoft.AspNetCore.Components.ComponentFactoryTest.InstantiateComponent_WithRenderModeOnComponent_UsesRenderModeResolver" storage="/home/runner/work/aspnetcore/aspnetcore/artifacts/bin/microsoft.aspnetcore.components.tests/debug/net10.0/microsoft.aspnetcore.components.tests.dll" id="3d921b53-9756-73d5-54e4-d6b7dff875d5">
      <Execution id="5aa4b58d-3fa0-4aeb-b367-c8222e6b7add" />
      <TestMethod codeBase="/home/runner/work/aspnetcore/aspnetcore/artifacts/bin/Microsoft.AspNetCore.Components.Tests/Debug/net10.0/Microsoft.AspNetCore.Components.Tests.dll" adapterTypeName="executor://xunit/VsTestRunner3/netcore/" className="Microsoft.AspNetCore.Components.ComponentFactoryTest" name="InstantiateComponent_WithRenderModeOnComponent_UsesRenderModeResolver" />
    </UnitTest>
    <UnitTest name="Microsoft.AspNetCore.Components.Routing.QueryParameterValueSupplierTest.RejectsUnparseableArrayEntries(key: &quot;DecimalVals&quot;, validValue: &quot;1.23&quot;, invalidValue: &quot;1.2.3&quot;, targetType: typeof(decimal))" storage="/home/runner/work/aspnetcore/aspnetcore/artifacts/bin/microsoft.aspnetcore.components.tests/debug/net10.0/microsoft.aspnetcore.components.tests.dll" id="c0ea6c78-235b-2eb3-3fcc-01a2d57402d0">
      <Execution id="4cf58f4e-f4df-4323-b579-ccf9f19f53ff" />
      <TestMethod codeBase="/home/runner/work/aspnetcore/aspnetcore/artifacts/bin/Microsoft.AspNetCore.Components.Tests/Debug/net10.0/Microsoft.AspNetCore.Components.Tests.dll" adapterTypeName="executor://xunit/VsTestRunner3/netcore/" className="Microsoft.AspNetCore.Components.Routing.QueryParameterValueSupplierTest" name="RejectsUnparseableArrayEntries" />
    </UnitTest>
    <UnitTest name="Microsoft.AspNetCore.Components.Routing.RouteTableFactoryTests.CanMatchParameterTemplate(path: &quot;/d%C3%A9j%C3%A0%20vu&quot;, expectedValue: &quot;déjà vu&quot;)" storage="/home/runner/work/aspnetcore/aspnetcore/artifacts/bin/microsoft.aspnetcore.components.tests/debug/net10.0/microsoft.aspnetcore.components.tests.dll" id="374fc6a1-5637-e8a3-5147-97e7fdba7d9c">
      <Execution id="91f62fe5-20fa-4bf0-b61a-ab66ec186bd8" />
      <TestMethod codeBase="/home/runner/work/aspnetcore/aspnetcore/artifacts/bin/Microsoft.AspNetCore.Components.Tests/Debug/net10.0/Microsoft.AspNetCore.Components.Tests.dll" adapterTypeName="executor://xunit/VsTestRunner3/netcore/" className="Microsoft.AspNetCore.Components.Routing.RouteTableFactoryTests" name="CanMatchParameterTemplate" />
    </UnitTest>
    <UnitTest name="Microsoft.AspNetCore.Components.ComponentFactoryTest.InstantiateComponent_CreatesInstance" storage="/home/runner/work/aspnetcore/aspnetcore/artifacts/bin/microsoft.aspnetcore.components.tests/debug/net10.0/microsoft.aspnetcore.components.tests.dll" id="4014b687-87a8-f47b-a5bf-18159f68d17f">
      <Execution id="bf513691-9f5d-4c55-a596-7d0950c8c35e" />
      <TestMethod codeBase="/home/runner/work/aspnetcore/aspnetcore/artifacts/bin/Microsoft.AspNetCore.Components.Tests/Debug/net10.0/Microsoft.AspNetCore.Components.Tests.dll" adapterTypeName="executor://xunit/VsTestRunner3/netcore/" className="Microsoft.AspNetCore.Components.ComponentFactoryTest" name="InstantiateComponent_CreatesInstance" />
    </UnitTest>
    <UnitTest name="Microsoft.AspNetCore.Components.Test.CascadingParameterTest.RetainsCascadingParametersWhenUpdatingDirectParameters" storage="/home/runner/work/aspnetcore/aspnetcore/artifacts/bin/microsoft.aspnetcore.components.tests/debug/net10.0/microsoft.aspnetcore.components.tests.dll" id="255e4e07-2980-c85f-2575-8b2746034581">
      <Execution id="790bae3b-be53-4705-bafd-6c8a4991b022" />
      <TestMethod codeBase="/home/runner/work/aspnetcore/aspnetcore/artifacts/bin/Microsoft.AspNetCore.Components.Tests/Debug/net10.0/Microsoft.AspNetCore.Components.Tests.dll" adapterTypeName="executor://xunit/VsTestRunner3/netcore/" className="Microsoft.AspNetCore.Components.Test.CascadingParameterTest" name="RetainsCascadingParametersWhenUpdatingDirectParameters" />
    </UnitTest>
    <UnitTest name="Microsoft.AspNetCore.Components.Routing.RouteTableFactoryTests.DoesNotMatchIfDifferentNumberOfSegments(path: &quot;/some/awesome/route/with/extra/segments&quot;)" storage="/home/runner/work/aspnetcore/aspnetcore/artifacts/bin/microsoft.aspnetcore.components.tests/debug/net10.0/microsoft.aspnetcore.components.tests.dll" id="1ea3d6c3-5796-4623-e893-9b8c6a95e32d">
      <Execution id="f4e54724-3e6f-4cfe-a36b-8232928eaeae" />
      <TestMethod codeBase="/home/runner/work/aspnetcore/aspnetcore/artifacts/bin/Microsoft.AspNetCore.Components.Tests/Debug/net10.0/Microsoft.AspNetCore.Components.Tests.dll" adapterTypeName="executor://xunit/VsTestRunner3/netcore/" className="Microsoft.AspNetCore.Components.Routing.RouteTableFactoryTests" name="DoesNotMatchIfDifferentNumberOfSegments" />
    </UnitTest>
    <UnitTest name="Microsoft.AspNetCore.Components.Rendering.RendererSynchronizationContextTest.Post_RunsAsynchronously_WhenNotBusy" storage="/home/runner/work/aspnetcore/aspnetcore/artifacts/bin/microsoft.aspnetcore.components.tests/debug/net10.0/microsoft.aspnetcore.components.tests.dll" id="a7211da6-38c1-6a10-8718-2db24db31e1a">
      <Execution id="9a98fb29-de26-4e2f-9db3-29442e431821" />
      <TestMethod codeBase="/home/runner/work/aspnetcore/aspnetcore/artifacts/bin/Microsoft.AspNetCore.Components.Tests/Debug/net10.0/Microsoft.AspNetCore.Components.Tests.dll" adapterTypeName="executor://xunit/VsTestRunner3/netcore/" className="Microsoft.AspNetCore.Components.Rendering.RendererSynchronizationContextTest" name="Post_RunsAsynchronously_WhenNotBusy" />
    </UnitTest>
    <UnitTest name="Microsoft.AspNetCore.Components.NavigationManagerTest.OnNotFoundSubscriptionIsTriggeredWhenNotFoundCalled" storage="/home/runner/work/aspnetcore/aspnetcore/artifacts/bin/microsoft.aspnetcore.components.tests/debug/net10.0/microsoft.aspnetcore.components.tests.dll" id="0d93b3c7-2720-e406-00c5-c086e5dbbaf8">
      <Execution id="2a8a3c9f-d968-4ebc-8beb-00211de0da4e" />
      <TestMethod codeBase="/home/runner/work/aspnetcore/aspnetcore/artifacts/bin/Microsoft.AspNetCore.Components.Tests/Debug/net10.0/Microsoft.AspNetCore.Components.Tests.dll" adapterTypeName="executor://xunit/VsTestRunner3/netcore/" className="Microsoft.AspNetCore.Components.NavigationManagerTest" name="OnNotFoundSubscriptionIsTriggeredWhenNotFoundCalled" />
    </UnitTest>
    <UnitTest name="Microsoft.AspNetCore.Components.EventCallbackFactoryTest.Create_FuncTask_Null" storage="/home/runner/work/aspnetcore/aspnetcore/artifacts/bin/microsoft.aspnetcore.components.tests/debug/net10.0/microsoft.aspnetcore.components.tests.dll" id="d009849c-8b8f-6d99-13f2-ef4249e361b2">
      <Execution id="116ca7b4-fd59-43b8-916b-b695b393f5cb" />
      <TestMethod codeBase="/home/runner/work/aspnetcore/aspnetcore/artifacts/bin/Microsoft.AspNetCore.Components.Tests/Debug/net10.0/Microsoft.AspNetCore.Components.Tests.dll" adapterTypeName="executor://xunit/VsTestRunner3/netcore/" className="Microsoft.AspNetCore.Components.EventCallbackFactoryTest" name="Create_FuncTask_Null" />
    </UnitTest>
    <UnitTest name="Microsoft.AspNetCore.Components.Test.RendererTest.ExceptionsDispatchedOffSyncContextCanBeHandledAsync" storage="/home/runner/work/aspnetcore/aspnetcore/artifacts/bin/microsoft.aspnetcore.components.tests/debug/net10.0/microsoft.aspnetcore.components.tests.dll" id="740b1f60-e42d-66de-0684-ebbdaabbfdda">
      <Execution id="aa83aa04-dd22-44ba-8ed9-ed0b3845c440" />
      <TestMethod codeBase="/home/runner/work/aspnetcore/aspnetcore/artifacts/bin/Microsoft.AspNetCore.Components.Tests/Debug/net10.0/Microsoft.AspNetCore.Components.Tests.dll" adapterTypeName="executor://xunit/VsTestRunner3/netcore/" className="Microsoft.AspNetCore.Components.Test.RendererTest" name="ExceptionsDispatchedOffSyncContextCanBeHandledAsync" />
    </UnitTest>
    <UnitTest name="Microsoft.AspNetCore.Components.Rendering.RenderTreeBuilderTest.AddAttribute_Element_BoolFalse_IgnoresFrame" storage="/home/runner/work/aspnetcore/aspnetcore/artifacts/bin/microsoft.aspnetcore.components.tests/debug/net10.0/microsoft.aspnetcore.components.tests.dll" id="4a8f4649-d4d3-677c-9d3d-9410c5c92302">
      <Execution id="09998968-293b-4b24-9ca2-15a24b4e0d5b" />
      <TestMethod codeBase="/home/runner/work/aspnetcore/aspnetcore/artifacts/bin/Microsoft.AspNetCore.Components.Tests/Debug/net10.0/Microsoft.AspNetCore.Components.Tests.dll" adapterTypeName="executor://xunit/VsTestRunner3/netcore/" className="Microsoft.AspNetCore.Components.Rendering.RenderTreeBuilderTest" name="AddAttribute_Element_BoolFalse_IgnoresFrame" />
    </UnitTest>
    <UnitTest name="Microsoft.AspNetCore.Components.Routing.RouteTableFactoryTests.CanMatchSegmentWithMultipleConstraints(template: &quot;/{value:double:int}/&quot;, contextUrl: &quot;/15&quot;, convertedValue: 15)" storage="/home/runner/work/aspnetcore/aspnetcore/artifacts/bin/microsoft.aspnetcore.components.tests/debug/net10.0/microsoft.aspnetcore.components.tests.dll" id="cfe36dc5-f3f8-055b-4367-1b992d378f1b">
      <Execution id="39730d61-46b2-46c9-8d8c-bb8c7cb26645" />
      <TestMethod codeBase="/home/runner/work/aspnetcore/aspnetcore/artifacts/bin/Microsoft.AspNetCore.Components.Tests/Debug/net10.0/Microsoft.AspNetCore.Components.Tests.dll" adapterTypeName="executor://xunit/VsTestRunner3/netcore/" className="Microsoft.AspNetCore.Components.Routing.RouteTableFactoryTests" name="CanMatchSegmentWithMultipleConstraints" />
    </UnitTest>
    <UnitTest name="Microsoft.AspNetCore.Components.Routing.RouteTableFactoryTests.CanMatchTemplateWithMultipleParametersAndCatchAllParameter" storage="/home/runner/work/aspnetcore/aspnetcore/artifacts/bin/microsoft.aspnetcore.components.tests/debug/net10.0/microsoft.aspnetcore.components.tests.dll" id="3ec0d1ee-648d-7ea9-e514-26db9f4958a3">
      <Execution id="eb03b5c0-fffc-4f1a-8d33-c3ef3567add9" />
      <TestMethod codeBase="/home/runner/work/aspnetcore/aspnetcore/artifacts/bin/Microsoft.AspNetCore.Components.Tests/Debug/net10.0/Microsoft.AspNetCore.Components.Tests.dll" adapterTypeName="executor://xunit/VsTestRunner3/netcore/" className="Microsoft.AspNetCore.Components.Routing.RouteTableFactoryTests" name="CanMatchTemplateWithMultipleParametersAndCatchAllParameter" />
    </UnitTest>
    <UnitTest name="Microsoft.AspNetCore.Components.Test.RendererTest.DoesNotDispatchEventsAfterOwnerComponentIsDisposed" storage="/home/runner/work/aspnetcore/aspnetcore/artifacts/bin/microsoft.aspnetcore.components.tests/debug/net10.0/microsoft.aspnetcore.components.tests.dll" id="2ad9c2a2-ff47-f9ea-aefc-784a106907f1">
      <Execution id="c7667c43-c768-4170-8a46-7d6eaad190e2" />
      <TestMethod codeBase="/home/runner/work/aspnetcore/aspnetcore/artifacts/bin/Microsoft.AspNetCore.Components.Tests/Debug/net10.0/Microsoft.AspNetCore.Components.Tests.dll" adapterTypeName="executor://xunit/VsTestRunner3/netcore/" className="Microsoft.AspNetCore.Components.Test.RendererTest" name="DoesNotDispatchEventsAfterOwnerComponentIsDisposed" />
    </UnitTest>
    <UnitTest name="Microsoft.AspNetCore.Components.Test.RendererTest.DispatchEventAsync_EventCallbackOfT_AsynchronousException" storage="/home/runner/work/aspnetcore/aspnetcore/artifacts/bin/microsoft.aspnetcore.components.tests/debug/net10.0/microsoft.aspnetcore.components.tests.dll" id="0e6b444f-caf5-2e44-d828-090e28b657d2">
      <Execution id="e6a62ce0-0cf8-4835-bac8-71b952fa3305" />
      <TestMethod codeBase="/home/runner/work/aspnetcore/aspnetcore/artifacts/bin/Microsoft.AspNetCore.Components.Tests/Debug/net10.0/Microsoft.AspNetCore.Components.Tests.dll" adapterTypeName="executor://xunit/VsTestRunner3/netcore/" className="Microsoft.AspNetCore.Components.Test.RendererTest" name="DispatchEventAsync_EventCallbackOfT_AsynchronousException" />
    </UnitTest>
    <UnitTest name="Microsoft.AspNetCore.Components.RenderTree.ArrayBuilderTest.Dispose_WithEmptyBuffer_DoesNotReturnIt" storage="/home/runner/work/aspnetcore/aspnetcore/artifacts/bin/microsoft.aspnetcore.components.tests/debug/net10.0/microsoft.aspnetcore.components.tests.dll" id="ddba84f0-f8c6-7f68-67dd-172ed32d6a5f">
      <Execution id="d3cd7c03-e1fb-48a5-b148-6a2b58ac62e2" />
      <TestMethod codeBase="/home/runner/work/aspnetcore/aspnetcore/artifacts/bin/Microsoft.AspNetCore.Components.Tests/Debug/net10.0/Microsoft.AspNetCore.Components.Tests.dll" adapterTypeName="executor://xunit/VsTestRunner3/netcore/" className="Microsoft.AspNetCore.Components.RenderTree.ArrayBuilderTest" name="Dispose_WithEmptyBuffer_DoesNotReturnIt" />
    </UnitTest>
    <UnitTest name="Microsoft.AspNetCore.Components.Routing.RouteKeyTest.RouteKey_WithAdditionalAssemblies_DifferentAdditionalAssemblies" storage="/home/runner/work/aspnetcore/aspnetcore/artifacts/bin/microsoft.aspnetcore.components.tests/debug/net10.0/microsoft.aspnetcore.components.tests.dll" id="9000728a-3a9f-07e0-b415-31a7c48348e1">
      <Execution id="f7e31455-8ef2-48e6-bd73-df83e895ab35" />
      <TestMethod codeBase="/home/runner/work/aspnetcore/aspnetcore/artifacts/bin/Microsoft.AspNetCore.Components.Tests/Debug/net10.0/Microsoft.AspNetCore.Components.Tests.dll" adapterTypeName="executor://xunit/VsTestRunner3/netcore/" className="Microsoft.AspNetCore.Components.Routing.RouteKeyTest" name="RouteKey_WithAdditionalAssemblies_DifferentAdditionalAssemblies" />
    </UnitTest>
    <UnitTest name="Microsoft.AspNetCore.Components.Routing.RouteTableFactoryTests.ThrowsWhenCatchAllIsNotTheLastSegment(template: &quot;{*catchall}/{parameter}&quot;)" storage="/home/runner/work/aspnetcore/aspnetcore/artifacts/bin/microsoft.aspnetcore.components.tests/debug/net10.0/microsoft.aspnetcore.components.tests.dll" id="8ac382fb-edcd-3fed-41e3-7f22ed7119ae">
      <Execution id="9ba0a0ad-e684-4340-859e-4b198d7feb74" />
      <TestMethod codeBase="/home/runner/work/aspnetcore/aspnetcore/artifacts/bin/Microsoft.AspNetCore.Components.Tests/Debug/net10.0/Microsoft.AspNetCore.Components.Tests.dll" adapterTypeName="executor://xunit/VsTestRunner3/netcore/" className="Microsoft.AspNetCore.Components.Routing.RouteTableFactoryTests" name="ThrowsWhenCatchAllIsNotTheLastSegment" />
    </UnitTest>
    <UnitTest name="Microsoft.AspNetCore.Components.ComponentsMetricsTest.CaptureBatchDuration_RecordsErrorMetric" storage="/home/runner/work/aspnetcore/aspnetcore/artifacts/bin/microsoft.aspnetcore.components.tests/debug/net10.0/microsoft.aspnetcore.components.tests.dll" id="fa3cedf8-56a5-48eb-3e47-bf4e3d09a5b7">
      <Execution id="c49cebd2-36be-43e3-9916-5fc179cf12aa" />
      <TestMethod codeBase="/home/runner/work/aspnetcore/aspnetcore/artifacts/bin/Microsoft.AspNetCore.Components.Tests/Debug/net10.0/Microsoft.AspNetCore.Components.Tests.dll" adapterTypeName="executor://xunit/VsTestRunner3/netcore/" className="Microsoft.AspNetCore.Components.ComponentsMetricsTest" name="CaptureBatchDuration_RecordsErrorMetric" />
    </UnitTest>
    <UnitTest name="Microsoft.AspNetCore.Components.RenderTree.ArrayBuilderTest.Overwrite_Works" storage="/home/runner/work/aspnetcore/aspnetcore/artifacts/bin/microsoft.aspnetcore.components.tests/debug/net10.0/microsoft.aspnetcore.components.tests.dll" id="69de5064-9530-8522-5aca-3f925924187c">
      <Execution id="32469ddf-c9c0-47fc-b324-792e47a2851b" />
      <TestMethod codeBase="/home/runner/work/aspnetcore/aspnetcore/artifacts/bin/Microsoft.AspNetCore.Components.Tests/Debug/net10.0/Microsoft.AspNetCore.Components.Tests.dll" adapterTypeName="executor://xunit/VsTestRunner3/netcore/" className="Microsoft.AspNetCore.Components.RenderTree.ArrayBuilderTest" name="Overwrite_Works" />
    </UnitTest>
    <UnitTest name="Microsoft.AspNetCore.Components.ComponentsMetricsTest.IsEventEnabled_ReturnsCorrectState" storage="/home/runner/work/aspnetcore/aspnetcore/artifacts/bin/microsoft.aspnetcore.components.tests/debug/net10.0/microsoft.aspnetcore.components.tests.dll" id="40e9e5d4-1c18-ecc2-e66c-2236d1053683">
      <Execution id="73d5c95d-404e-459e-8f40-9509d6b74081" />
      <TestMethod codeBase="/home/runner/work/aspnetcore/aspnetcore/artifacts/bin/Microsoft.AspNetCore.Components.Tests/Debug/net10.0/Microsoft.AspNetCore.Components.Tests.dll" adapterTypeName="executor://xunit/VsTestRunner3/netcore/" className="Microsoft.AspNetCore.Components.ComponentsMetricsTest" name="IsEventEnabled_ReturnsCorrectState" />
    </UnitTest>
    <UnitTest name="Microsoft.AspNetCore.Components.ParameterViewTest.CanConvertToReadOnlyDictionary" storage="/home/runner/work/aspnetcore/aspnetcore/artifacts/bin/microsoft.aspnetcore.components.tests/debug/net10.0/microsoft.aspnetcore.components.tests.dll" id="7b0e6520-1427-6b8d-b421-60c6eb71a855">
      <Execution id="c5b989c0-16af-4a01-8337-9ff3639e2ad3" />
      <TestMethod codeBase="/home/runner/work/aspnetcore/aspnetcore/artifacts/bin/Microsoft.AspNetCore.Components.Tests/Debug/net10.0/Microsoft.AspNetCore.Components.Tests.dll" adapterTypeName="executor://xunit/VsTestRunner3/netcore/" className="Microsoft.AspNetCore.Components.ParameterViewTest" name="CanConvertToReadOnlyDictionary" />
    </UnitTest>
    <UnitTest name="Microsoft.AspNetCore.Components.ParameterViewTest.CanInitializeUsingComponentWithNoDescendants" storage="/home/runner/work/aspnetcore/aspnetcore/artifacts/bin/microsoft.aspnetcore.components.tests/debug/net10.0/microsoft.aspnetcore.components.tests.dll" id="5c336b24-f4a8-d7c8-8fd0-90d7800190ff">
      <Execution id="a9d49f19-6201-4dd1-922d-9bc09520395e" />
      <TestMethod codeBase="/home/runner/work/aspnetcore/aspnetcore/artifacts/bin/Microsoft.AspNetCore.Components.Tests/Debug/net10.0/Microsoft.AspNetCore.Components.Tests.dll" adapterTypeName="executor://xunit/VsTestRunner3/netcore/" className="Microsoft.AspNetCore.Components.ParameterViewTest" name="CanInitializeUsingComponentWithNoDescendants" />
    </UnitTest>
    <UnitTest name="Microsoft.AspNetCore.Components.ComponentApplicationStateTest.PersistState_ThrowsForDuplicateKeys" storage="/home/runner/work/aspnetcore/aspnetcore/artifacts/bin/microsoft.aspnetcore.components.tests/debug/net10.0/microsoft.aspnetcore.components.tests.dll" id="e6b88262-b433-6d9d-2054-00efe550437a">
      <Execution id="77664268-a3c2-45d8-828c-5c9eadea2b6a" />
      <TestMethod codeBase="/home/runner/work/aspnetcore/aspnetcore/artifacts/bin/Microsoft.AspNetCore.Components.Tests/Debug/net10.0/Microsoft.AspNetCore.Components.Tests.dll" adapterTypeName="executor://xunit/VsTestRunner3/netcore/" className="Microsoft.AspNetCore.Components.ComponentApplicationStateTest" name="PersistState_ThrowsForDuplicateKeys" />
    </UnitTest>
    <UnitTest name="Microsoft.AspNetCore.Components.Test.RenderTreeDiffBuilderTest.CanMoveBeforeDeletedItem" storage="/home/runner/work/aspnetcore/aspnetcore/artifacts/bin/microsoft.aspnetcore.components.tests/debug/net10.0/microsoft.aspnetcore.components.tests.dll" id="4781b651-73e0-3002-a676-132ebaaa0a2d">
      <Execution id="f530d3d9-2ab1-453d-9f81-701d4a4535c0" />
      <TestMethod codeBase="/home/runner/work/aspnetcore/aspnetcore/artifacts/bin/Microsoft.AspNetCore.Components.Tests/Debug/net10.0/Microsoft.AspNetCore.Components.Tests.dll" adapterTypeName="executor://xunit/VsTestRunner3/netcore/" className="Microsoft.AspNetCore.Components.Test.RenderTreeDiffBuilderTest" name="CanMoveBeforeDeletedItem" />
    </UnitTest>
    <UnitTest name="Microsoft.AspNetCore.Components.Rendering.RenderTreeBuilderTest.CanAddMultipleAttributes_ArrayKvpObject" storage="/home/runner/work/aspnetcore/aspnetcore/artifacts/bin/microsoft.aspnetcore.components.tests/debug/net10.0/microsoft.aspnetcore.components.tests.dll" id="dd3aa683-a087-9abc-3c49-f63b0f664e93">
      <Execution id="4a61eede-a0f3-470f-8d6c-9d0077dbcd4f" />
      <TestMethod codeBase="/home/runner/work/aspnetcore/aspnetcore/artifacts/bin/Microsoft.AspNetCore.Components.Tests/Debug/net10.0/Microsoft.AspNetCore.Components.Tests.dll" adapterTypeName="executor://xunit/VsTestRunner3/netcore/" className="Microsoft.AspNetCore.Components.Rendering.RenderTreeBuilderTest" name="CanAddMultipleAttributes_ArrayKvpObject" />
    </UnitTest>
    <UnitTest name="Microsoft.AspNetCore.Components.Test.LayoutViewTest.CanChangeContentWithSameLayout" storage="/home/runner/work/aspnetcore/aspnetcore/artifacts/bin/microsoft.aspnetcore.components.tests/debug/net10.0/microsoft.aspnetcore.components.tests.dll" id="c70b4fb2-8ef3-65ba-069e-288c3fbbf72d">
      <Execution id="1ff56340-0ca0-4288-8822-f8e55f9a7daf" />
      <TestMethod codeBase="/home/runner/work/aspnetcore/aspnetcore/artifacts/bin/Microsoft.AspNetCore.Components.Tests/Debug/net10.0/Microsoft.AspNetCore.Components.Tests.dll" adapterTypeName="executor://xunit/VsTestRunner3/netcore/" className="Microsoft.AspNetCore.Components.Test.LayoutViewTest" name="CanChangeContentWithSameLayout" />
    </UnitTest>
    <UnitTest name="Microsoft.AspNetCore.Components.NavigationManagerTest.LocationChangingHandlers_CanCancelTheNavigationAsynchronously_WhenOneHandlerIsRegistered" storage="/home/runner/work/aspnetcore/aspnetcore/artifacts/bin/microsoft.aspnetcore.components.tests/debug/net10.0/microsoft.aspnetcore.components.tests.dll" id="27d3de46-4cc2-3f4c-576a-24dd3e6884a3">
      <Execution id="1bf75219-f99b-4152-9098-5cac61a6b565" />
      <TestMethod codeBase="/home/runner/work/aspnetcore/aspnetcore/artifacts/bin/Microsoft.AspNetCore.Components.Tests/Debug/net10.0/Microsoft.AspNetCore.Components.Tests.dll" adapterTypeName="executor://xunit/VsTestRunner3/netcore/" className="Microsoft.AspNetCore.Components.NavigationManagerTest" name="LocationChangingHandlers_CanCancelTheNavigationAsynchronously_WhenOneHandlerIsRegistered" />
    </UnitTest>
    <UnitTest name="Microsoft.AspNetCore.Components.Test.RendererTest.DisposingRenderer_CapturesExceptionsFromAllRegisteredComponents" storage="/home/runner/work/aspnetcore/aspnetcore/artifacts/bin/microsoft.aspnetcore.components.tests/debug/net10.0/microsoft.aspnetcore.components.tests.dll" id="26f706b2-b0e6-bc2b-a670-abcd95d20de6">
      <Execution id="de1b455a-0300-4b2a-b37c-a60698cbc07f" />
      <TestMethod codeBase="/home/runner/work/aspnetcore/aspnetcore/artifacts/bin/Microsoft.AspNetCore.Components.Tests/Debug/net10.0/Microsoft.AspNetCore.Components.Tests.dll" adapterTypeName="executor://xunit/VsTestRunner3/netcore/" className="Microsoft.AspNetCore.Components.Test.RendererTest" name="DisposingRenderer_CapturesExceptionsFromAllRegisteredComponents" />
    </UnitTest>
    <UnitTest name="Microsoft.AspNetCore.Components.ParameterViewTest.HasRemovedDirectParameters_ParameterRemoved" storage="/home/runner/work/aspnetcore/aspnetcore/artifacts/bin/microsoft.aspnetcore.components.tests/debug/net10.0/microsoft.aspnetcore.components.tests.dll" id="0794b4a5-77fc-3c58-06ea-aaa090968881">
      <Execution id="1298b8aa-4a1a-4816-ac3a-552a526520ec" />
      <TestMethod codeBase="/home/runner/work/aspnetcore/aspnetcore/artifacts/bin/Microsoft.AspNetCore.Components.Tests/Debug/net10.0/Microsoft.AspNetCore.Components.Tests.dll" adapterTypeName="executor://xunit/VsTestRunner3/netcore/" className="Microsoft.AspNetCore.Components.ParameterViewTest" name="HasRemovedDirectParameters_ParameterRemoved" />
    </UnitTest>
    <UnitTest name="Microsoft.AspNetCore.Components.NavigationManagerTest.GetUriWithQueryParameter_AppendsWhenParameterDoesNotExist(baseUri: &quot;scheme://host/?age=42#hash&quot;, expectedUri: &quot;scheme://host/?age=42&amp;name=John%20Doe#hash&quot;)" storage="/home/runner/work/aspnetcore/aspnetcore/artifacts/bin/microsoft.aspnetcore.components.tests/debug/net10.0/microsoft.aspnetcore.components.tests.dll" id="025a149b-7aca-8565-8491-c98419688333">
      <Execution id="03775a88-0f63-4253-86ad-d1f263320a1d" />
      <TestMethod codeBase="/home/runner/work/aspnetcore/aspnetcore/artifacts/bin/Microsoft.AspNetCore.Components.Tests/Debug/net10.0/Microsoft.AspNetCore.Components.Tests.dll" adapterTypeName="executor://xunit/VsTestRunner3/netcore/" className="Microsoft.AspNetCore.Components.NavigationManagerTest" name="GetUriWithQueryParameter_AppendsWhenParameterDoesNotExist" />
    </UnitTest>
    <UnitTest name="Microsoft.AspNetCore.Components.Test.RendererTest.EventDispatching_EventCallbackOfT_AsyncNoTargetLambda" storage="/home/runner/work/aspnetcore/aspnetcore/artifacts/bin/microsoft.aspnetcore.components.tests/debug/net10.0/microsoft.aspnetcore.components.tests.dll" id="c11dedad-15e2-9e12-a188-c6cb13823fc3">
      <Execution id="51e87377-384e-4195-989d-a32532500baa" />
      <TestMethod codeBase="/home/runner/work/aspnetcore/aspnetcore/artifacts/bin/Microsoft.AspNetCore.Components.Tests/Debug/net10.0/Microsoft.AspNetCore.Components.Tests.dll" adapterTypeName="executor://xunit/VsTestRunner3/netcore/" className="Microsoft.AspNetCore.Components.Test.RendererTest" name="EventDispatching_EventCallbackOfT_AsyncNoTargetLambda" />
    </UnitTest>
    <UnitTest name="Microsoft.AspNetCore.Components.Routing.RouteTableFactoryTests.MultipleOptionalParametersWithPrefix(path: &quot;/prefix/1/2&quot;, segments: 2)" storage="/home/runner/work/aspnetcore/aspnetcore/artifacts/bin/microsoft.aspnetcore.components.tests/debug/net10.0/microsoft.aspnetcore.components.tests.dll" id="a30ec4e1-e141-fbc7-e02e-c3494c21699f">
      <Execution id="b53dd80a-0433-4f08-bfab-617720f02609" />
      <TestMethod codeBase="/home/runner/work/aspnetcore/aspnetcore/artifacts/bin/Microsoft.AspNetCore.Components.Tests/Debug/net10.0/Microsoft.AspNetCore.Components.Tests.dll" adapterTypeName="executor://xunit/VsTestRunner3/netcore/" className="Microsoft.AspNetCore.Components.Routing.RouteTableFactoryTests" name="MultipleOptionalParametersWithPrefix" />
    </UnitTest>
    <UnitTest name="Microsoft.AspNetCore.Components.Test.RendererTest.EventFieldInfoWorksWhenEventHandlerIdWasSuperseded" storage="/home/runner/work/aspnetcore/aspnetcore/artifacts/bin/microsoft.aspnetcore.components.tests/debug/net10.0/microsoft.aspnetcore.components.tests.dll" id="daeec1e1-cfc9-7590-8989-30104087c3ae">
      <Execution id="d626b815-ead6-4bbb-9b06-16475ffc19be" />
      <TestMethod codeBase="/home/runner/work/aspnetcore/aspnetcore/artifacts/bin/Microsoft.AspNetCore.Components.Tests/Debug/net10.0/Microsoft.AspNetCore.Components.Tests.dll" adapterTypeName="executor://xunit/VsTestRunner3/netcore/" className="Microsoft.AspNetCore.Components.Test.RendererTest" name="EventFieldInfoWorksWhenEventHandlerIdWasSuperseded" />
    </UnitTest>
    <UnitTest name="Microsoft.AspNetCore.Components.Test.RendererTest.RenderBatch_CanDisposeAsynchronousAsyncDisposables" storage="/home/runner/work/aspnetcore/aspnetcore/artifacts/bin/microsoft.aspnetcore.components.tests/debug/net10.0/microsoft.aspnetcore.components.tests.dll" id="71f44d20-bf10-f1a9-f29a-5c7a0568a5a2">
      <Execution id="ecb8916d-8e0d-452f-b650-d1f2ecbeb837" />
      <TestMethod codeBase="/home/runner/work/aspnetcore/aspnetcore/artifacts/bin/Microsoft.AspNetCore.Components.Tests/Debug/net10.0/Microsoft.AspNetCore.Components.Tests.dll" adapterTypeName="executor://xunit/VsTestRunner3/netcore/" className="Microsoft.AspNetCore.Components.Test.RendererTest" name="RenderBatch_CanDisposeAsynchronousAsyncDisposables" />
    </UnitTest>
    <UnitTest name="Microsoft.AspNetCore.Components.NavigationManagerTest.LocationChangingHandlers_CanCancelTheNavigationSynchronously_BeforeReturning_WhenOneHandlerIsRegistered" storage="/home/runner/work/aspnetcore/aspnetcore/artifacts/bin/microsoft.aspnetcore.components.tests/debug/net10.0/microsoft.aspnetcore.components.tests.dll" id="0654b257-2c98-6e2a-b721-90035e3a4ed3">
      <Execution id="68d1a833-5752-4651-a9ac-e6c0c770ac37" />
      <TestMethod codeBase="/home/runner/work/aspnetcore/aspnetcore/artifacts/bin/Microsoft.AspNetCore.Components.Tests/Debug/net10.0/Microsoft.AspNetCore.Components.Tests.dll" adapterTypeName="executor://xunit/VsTestRunner3/netcore/" className="Microsoft.AspNetCore.Components.NavigationManagerTest" name="LocationChangingHandlers_CanCancelTheNavigationSynchronously_BeforeReturning_WhenOneHandlerIsRegistered" />
    </UnitTest>
    <UnitTest name="Microsoft.AspNetCore.Components.Test.RenderTreeDiffBuilderTest.DoesNotInvokeAssignerAgainForRetainedComponents" storage="/home/runner/work/aspnetcore/aspnetcore/artifacts/bin/microsoft.aspnetcore.components.tests/debug/net10.0/microsoft.aspnetcore.components.tests.dll" id="1e403474-a2fe-4fa9-22f4-0ab4289adc79">
      <Execution id="19774c3d-4f99-4ba1-8257-5cfbfbd52e09" />
      <TestMethod codeBase="/home/runner/work/aspnetcore/aspnetcore/artifacts/bin/Microsoft.AspNetCore.Components.Tests/Debug/net10.0/Microsoft.AspNetCore.Components.Tests.dll" adapterTypeName="executor://xunit/VsTestRunner3/netcore/" className="Microsoft.AspNetCore.Components.Test.RenderTreeDiffBuilderTest" name="DoesNotInvokeAssignerAgainForRetainedComponents" />
    </UnitTest>
    <UnitTest name="Microsoft.AspNetCore.Components.ComponentsMetricsTest.FailEventSync_RecordsErrorMetric" storage="/home/runner/work/aspnetcore/aspnetcore/artifacts/bin/microsoft.aspnetcore.components.tests/debug/net10.0/microsoft.aspnetcore.components.tests.dll" id="2cddd469-a0f2-9264-213a-2de34700270e">
      <Execution id="0146191a-9ce3-455e-b503-aa0c603d9e6f" />
      <TestMethod codeBase="/home/runner/work/aspnetcore/aspnetcore/artifacts/bin/Microsoft.AspNetCore.Components.Tests/Debug/net10.0/Microsoft.AspNetCore.Components.Tests.dll" adapterTypeName="executor://xunit/VsTestRunner3/netcore/" className="Microsoft.AspNetCore.Components.ComponentsMetricsTest" name="FailEventSync_RecordsErrorMetric" />
    </UnitTest>
    <UnitTest name="Microsoft.AspNetCore.Components.Routing.RouteTableFactoryTests.MultipleOptionalParameters(path: &quot;/1&quot;, segments: 1)" storage="/home/runner/work/aspnetcore/aspnetcore/artifacts/bin/microsoft.aspnetcore.components.tests/debug/net10.0/microsoft.aspnetcore.components.tests.dll" id="fffcaa45-10e6-e235-96a4-946f89707570">
      <Execution id="73c1b9d4-d18f-488a-92f2-f176e251db2b" />
      <TestMethod codeBase="/home/runner/work/aspnetcore/aspnetcore/artifacts/bin/Microsoft.AspNetCore.Components.Tests/Debug/net10.0/Microsoft.AspNetCore.Components.Tests.dll" adapterTypeName="executor://xunit/VsTestRunner3/netcore/" className="Microsoft.AspNetCore.Components.Routing.RouteTableFactoryTests" name="MultipleOptionalParameters" />
    </UnitTest>
    <UnitTest name="Microsoft.AspNetCore.Components.CascadingParameterStateTest.FindCascadingParameters_IfHasNoAncestors_ReturnsEmpty" storage="/home/runner/work/aspnetcore/aspnetcore/artifacts/bin/microsoft.aspnetcore.components.tests/debug/net10.0/microsoft.aspnetcore.components.tests.dll" id="889cc7ec-d3db-c56c-fae3-36b7956585c4">
      <Execution id="c01741f6-51d2-4bd1-8845-7f5cbb8afe9c" />
      <TestMethod codeBase="/home/runner/work/aspnetcore/aspnetcore/artifacts/bin/Microsoft.AspNetCore.Components.Tests/Debug/net10.0/Microsoft.AspNetCore.Components.Tests.dll" adapterTypeName="executor://xunit/VsTestRunner3/netcore/" className="Microsoft.AspNetCore.Components.CascadingParameterStateTest" name="FindCascadingParameters_IfHasNoAncestors_ReturnsEmpty" />
    </UnitTest>
    <UnitTest name="Microsoft.AspNetCore.Components.Rendering.RendererSynchronizationContextTest.Send_CanRunSynchronously" storage="/home/runner/work/aspnetcore/aspnetcore/artifacts/bin/microsoft.aspnetcore.components.tests/debug/net10.0/microsoft.aspnetcore.components.tests.dll" id="62fa1efb-e140-139a-0624-9c7d6df06c4e">
      <Execution id="044c6316-e4df-44f3-b4d4-7efb0d545f24" />
      <TestMethod codeBase="/home/runner/work/aspnetcore/aspnetcore/artifacts/bin/Microsoft.AspNetCore.Components.Tests/Debug/net10.0/Microsoft.AspNetCore.Components.Tests.dll" adapterTypeName="executor://xunit/VsTestRunner3/netcore/" className="Microsoft.AspNetCore.Components.Rendering.RendererSynchronizationContextTest" name="Send_CanRunSynchronously" />
    </UnitTest>
    <UnitTest name="Microsoft.AspNetCore.Components.Rendering.RenderTreeBuilderTest.AddAttribute_Component_EventCallbackOfT_AddsFrame" storage="/home/runner/work/aspnetcore/aspnetcore/artifacts/bin/microsoft.aspnetcore.components.tests/debug/net10.0/microsoft.aspnetcore.components.tests.dll" id="b3406b45-4f3c-1725-423d-8e8cda3fd2f3">
      <Execution id="298c2bb6-8c81-422e-b013-c5a640fcb7f3" />
      <TestMethod codeBase="/home/runner/work/aspnetcore/aspnetcore/artifacts/bin/Microsoft.AspNetCore.Components.Tests/Debug/net10.0/Microsoft.AspNetCore.Components.Tests.dll" adapterTypeName="executor://xunit/VsTestRunner3/netcore/" className="Microsoft.AspNetCore.Components.Rendering.RenderTreeBuilderTest" name="AddAttribute_Component_EventCallbackOfT_AddsFrame" />
    </UnitTest>
    <UnitTest name="Microsoft.AspNetCore.Components.Test.RendererTest.DispatchingEventsWithoutAsyncWorkShouldCompleteSynchronously" storage="/home/runner/work/aspnetcore/aspnetcore/artifacts/bin/microsoft.aspnetcore.components.tests/debug/net10.0/microsoft.aspnetcore.components.tests.dll" id="33bbdc2d-92fa-0698-cd73-1b7154d3d161">
      <Execution id="38f0de5d-0290-4a63-9ff9-5b15ac0309e6" />
      <TestMethod codeBase="/home/runner/work/aspnetcore/aspnetcore/artifacts/bin/Microsoft.AspNetCore.Components.Tests/Debug/net10.0/Microsoft.AspNetCore.Components.Tests.dll" adapterTypeName="executor://xunit/VsTestRunner3/netcore/" className="Microsoft.AspNetCore.Components.Test.RendererTest" name="DispatchingEventsWithoutAsyncWorkShouldCompleteSynchronously" />
    </UnitTest>
    <UnitTest name="Microsoft.AspNetCore.Components.ComponentsMetricsTest.CaptureEventDuration_RecordsErrorMetric" storage="/home/runner/work/aspnetcore/aspnetcore/artifacts/bin/microsoft.aspnetcore.components.tests/debug/net10.0/microsoft.aspnetcore.components.tests.dll" id="c5b91782-e1f7-2774-701f-5275edeb9108">
      <Execution id="d73411c0-c4b2-4340-b75a-e636d5afd553" />
      <TestMethod codeBase="/home/runner/work/aspnetcore/aspnetcore/artifacts/bin/Microsoft.AspNetCore.Components.Tests/Debug/net10.0/Microsoft.AspNetCore.Components.Tests.dll" adapterTypeName="executor://xunit/VsTestRunner3/netcore/" className="Microsoft.AspNetCore.Components.ComponentsMetricsTest" name="CaptureEventDuration_RecordsErrorMetric" />
    </UnitTest>
    <UnitTest name="Microsoft.AspNetCore.Components.EventCallbackFactoryTest.Create_Action_AlreadyBoundToReceiver" storage="/home/runner/work/aspnetcore/aspnetcore/artifacts/bin/microsoft.aspnetcore.components.tests/debug/net10.0/microsoft.aspnetcore.components.tests.dll" id="a1201979-858f-687a-3bc7-caebde6e1939">
      <Execution id="ae5859e0-5e30-477d-a237-529e99c65e01" />
      <TestMethod codeBase="/home/runner/work/aspnetcore/aspnetcore/artifacts/bin/Microsoft.AspNetCore.Components.Tests/Debug/net10.0/Microsoft.AspNetCore.Components.Tests.dll" adapterTypeName="executor://xunit/VsTestRunner3/netcore/" className="Microsoft.AspNetCore.Components.EventCallbackFactoryTest" name="Create_Action_AlreadyBoundToReceiver" />
    </UnitTest>
    <UnitTest name="Microsoft.AspNetCore.Components.PersistentState.PersistentServicesRegistryTest.PersistStateAsync_DoesNotPersistNullServiceProperties" storage="/home/runner/work/aspnetcore/aspnetcore/artifacts/bin/microsoft.aspnetcore.components.tests/debug/net10.0/microsoft.aspnetcore.components.tests.dll" id="f924c660-2650-22d4-6c50-0bedfdbb1a74">
      <Execution id="041ead34-c696-4b0a-bd93-424898a9a1e4" />
      <TestMethod codeBase="/home/runner/work/aspnetcore/aspnetcore/artifacts/bin/Microsoft.AspNetCore.Components.Tests/Debug/net10.0/Microsoft.AspNetCore.Components.Tests.dll" adapterTypeName="executor://xunit/VsTestRunner3/netcore/" className="Microsoft.AspNetCore.Components.PersistentState.PersistentServicesRegistryTest" name="PersistStateAsync_DoesNotPersistNullServiceProperties" />
    </UnitTest>
    <UnitTest name="Microsoft.AspNetCore.Components.Test.RendererTest.EventDispatchExceptionsCanBeHandledByClosestErrorBoundary_AfterDisposal" storage="/home/runner/work/aspnetcore/aspnetcore/artifacts/bin/microsoft.aspnetcore.components.tests/debug/net10.0/microsoft.aspnetcore.components.tests.dll" id="221a9f87-b670-a768-d998-0091c0594c81">
      <Execution id="64829167-4e3d-4887-b41b-28c4123244f5" />
      <TestMethod codeBase="/home/runner/work/aspnetcore/aspnetcore/artifacts/bin/Microsoft.AspNetCore.Components.Tests/Debug/net10.0/Microsoft.AspNetCore.Components.Tests.dll" adapterTypeName="executor://xunit/VsTestRunner3/netcore/" className="Microsoft.AspNetCore.Components.Test.RendererTest" name="EventDispatchExceptionsCanBeHandledByClosestErrorBoundary_AfterDisposal" />
    </UnitTest>
    <UnitTest name="Microsoft.AspNetCore.Components.Routing.RoutePatternParserTests.InvalidTemplate_WithMismatchedBraces(template: &quot;p}&quot;, expectedMessage: &quot;There is an incomplete parameter in the route temp&quot;···)" storage="/home/runner/work/aspnetcore/aspnetcore/artifacts/bin/microsoft.aspnetcore.components.tests/debug/net10.0/microsoft.aspnetcore.components.tests.dll" id="2b32fa55-0f80-fff0-5d46-58560fcdf708">
      <Execution id="260ddf1f-45a9-4c78-b044-1932a4d268ea" />
      <TestMethod codeBase="/home/runner/work/aspnetcore/aspnetcore/artifacts/bin/Microsoft.AspNetCore.Components.Tests/Debug/net10.0/Microsoft.AspNetCore.Components.Tests.dll" adapterTypeName="executor://xunit/VsTestRunner3/netcore/" className="Microsoft.AspNetCore.Components.Routing.RoutePatternParserTests" name="InvalidTemplate_WithMismatchedBraces" />
    </UnitTest>
    <UnitTest name="Microsoft.AspNetCore.Components.Rendering.RenderTreeBuilderTest.AddAttribute_Element_NullEventHandler_IgnoresFrame" storage="/home/runner/work/aspnetcore/aspnetcore/artifacts/bin/microsoft.aspnetcore.components.tests/debug/net10.0/microsoft.aspnetcore.components.tests.dll" id="b57df1b3-43cd-e375-40b3-3e876d836d2b">
      <Execution id="50e1d7a1-59f4-4ae2-9bdd-59413cadc1e7" />
      <TestMethod codeBase="/home/runner/work/aspnetcore/aspnetcore/artifacts/bin/Microsoft.AspNetCore.Components.Tests/Debug/net10.0/Microsoft.AspNetCore.Components.Tests.dll" adapterTypeName="executor://xunit/VsTestRunner3/netcore/" className="Microsoft.AspNetCore.Components.Rendering.RenderTreeBuilderTest" name="AddAttribute_Element_NullEventHandler_IgnoresFrame" />
    </UnitTest>
    <UnitTest name="Microsoft.AspNetCore.Components.Routing.RouterTest.CanCancelPreviousOnNavigateAsync" storage="/home/runner/work/aspnetcore/aspnetcore/artifacts/bin/microsoft.aspnetcore.components.tests/debug/net10.0/microsoft.aspnetcore.components.tests.dll" id="efdf10ad-ff1d-0372-6e29-924d8f59f26f">
      <Execution id="6be6316f-4f2e-493f-ab0d-a4b754f922cc" />
      <TestMethod codeBase="/home/runner/work/aspnetcore/aspnetcore/artifacts/bin/Microsoft.AspNetCore.Components.Tests/Debug/net10.0/Microsoft.AspNetCore.Components.Tests.dll" adapterTypeName="executor://xunit/VsTestRunner3/netcore/" className="Microsoft.AspNetCore.Components.Routing.RouterTest" name="CanCancelPreviousOnNavigateAsync" />
    </UnitTest>
    <UnitTest name="Microsoft.AspNetCore.Components.ComponentApplicationStateTest.RegisterOnPersisting_ThrowsIfCalledDuringOnPersisting" storage="/home/runner/work/aspnetcore/aspnetcore/artifacts/bin/microsoft.aspnetcore.components.tests/debug/net10.0/microsoft.aspnetcore.components.tests.dll" id="a6fc0933-771a-6ef6-bbdf-3ccc2b4e96db">
      <Execution id="da6d25c5-f303-41d3-9b38-bd213106cb99" />
      <TestMethod codeBase="/home/runner/work/aspnetcore/aspnetcore/artifacts/bin/Microsoft.AspNetCore.Components.Tests/Debug/net10.0/Microsoft.AspNetCore.Components.Tests.dll" adapterTypeName="executor://xunit/VsTestRunner3/netcore/" className="Microsoft.AspNetCore.Components.ComponentApplicationStateTest" name="RegisterOnPersisting_ThrowsIfCalledDuringOnPersisting" />
    </UnitTest>
    <UnitTest name="Microsoft.AspNetCore.Components.Test.RenderTreeDiffBuilderTest.RecognizesLeadingLoopBlockItemsBeingAdded" storage="/home/runner/work/aspnetcore/aspnetcore/artifacts/bin/microsoft.aspnetcore.components.tests/debug/net10.0/microsoft.aspnetcore.components.tests.dll" id="25ff83fc-6352-765d-4797-3e5622dc453a">
      <Execution id="3354a9ff-32b9-4d8e-8100-e8d99bf573c8" />
      <TestMethod codeBase="/home/runner/work/aspnetcore/aspnetcore/artifacts/bin/Microsoft.AspNetCore.Components.Tests/Debug/net10.0/Microsoft.AspNetCore.Components.Tests.dll" adapterTypeName="executor://xunit/VsTestRunner3/netcore/" className="Microsoft.AspNetCore.Components.Test.RenderTreeDiffBuilderTest" name="RecognizesLeadingLoopBlockItemsBeingAdded" />
    </UnitTest>
    <UnitTest name="Microsoft.AspNetCore.Components.Rendering.RenderTreeBuilderTest.AddAttribute_Element_ObjectStringValue_AddsFrame" storage="/home/runner/work/aspnetcore/aspnetcore/artifacts/bin/microsoft.aspnetcore.components.tests/debug/net10.0/microsoft.aspnetcore.components.tests.dll" id="d5e058d0-ffd7-7a34-3ef2-816c05dc18ac">
      <Execution id="aceee40a-494c-4198-8b48-335736dfc229" />
      <TestMethod codeBase="/home/runner/work/aspnetcore/aspnetcore/artifacts/bin/Microsoft.AspNetCore.Components.Tests/Debug/net10.0/Microsoft.AspNetCore.Components.Tests.dll" adapterTypeName="executor://xunit/VsTestRunner3/netcore/" className="Microsoft.AspNetCore.Components.Rendering.RenderTreeBuilderTest" name="AddAttribute_Element_ObjectStringValue_AddsFrame" />
    </UnitTest>
    <UnitTest name="Microsoft.AspNetCore.Components.Routing.QueryParameterValueSupplierTest.RejectsBlankValuesWhenNotNullable(key: &quot;IntVal&quot;, targetType: typeof(int))" storage="/home/runner/work/aspnetcore/aspnetcore/artifacts/bin/microsoft.aspnetcore.components.tests/debug/net10.0/microsoft.aspnetcore.components.tests.dll" id="128ff9bc-b3cc-3552-a1f4-e92218deb52e">
      <Execution id="22a13b24-be21-4e76-a3bc-c1f929ef4fb1" />
      <TestMethod codeBase="/home/runner/work/aspnetcore/aspnetcore/artifacts/bin/Microsoft.AspNetCore.Components.Tests/Debug/net10.0/Microsoft.AspNetCore.Components.Tests.dll" adapterTypeName="executor://xunit/VsTestRunner3/netcore/" className="Microsoft.AspNetCore.Components.Routing.QueryParameterValueSupplierTest" name="RejectsBlankValuesWhenNotNullable" />
    </UnitTest>
    <UnitTest name="Microsoft.AspNetCore.Components.Test.RendererTest.CanRenderAsyncComponentsWithSyncChildComponents" storage="/home/runner/work/aspnetcore/aspnetcore/artifacts/bin/microsoft.aspnetcore.components.tests/debug/net10.0/microsoft.aspnetcore.components.tests.dll" id="6f5bab29-d127-b76d-8e6a-1c83edea3a67">
      <Execution id="518d0672-4ca6-4778-92c8-99986aa88e88" />
      <TestMethod codeBase="/home/runner/work/aspnetcore/aspnetcore/artifacts/bin/Microsoft.AspNetCore.Components.Tests/Debug/net10.0/Microsoft.AspNetCore.Components.Tests.dll" adapterTypeName="executor://xunit/VsTestRunner3/netcore/" className="Microsoft.AspNetCore.Components.Test.RendererTest" name="CanRenderAsyncComponentsWithSyncChildComponents" />
    </UnitTest>
    <UnitTest name="Microsoft.AspNetCore.Components.EventCallbackTest.EventCallbackOfT_FuncTask_IgnoresArg" storage="/home/runner/work/aspnetcore/aspnetcore/artifacts/bin/microsoft.aspnetcore.components.tests/debug/net10.0/microsoft.aspnetcore.components.tests.dll" id="01bd5546-fb96-53ce-a3d3-3ee337c925f8">
      <Execution id="0f60455a-253c-4804-9d2e-e02fb1177955" />
      <TestMethod codeBase="/home/runner/work/aspnetcore/aspnetcore/artifacts/bin/Microsoft.AspNetCore.Components.Tests/Debug/net10.0/Microsoft.AspNetCore.Components.Tests.dll" adapterTypeName="executor://xunit/VsTestRunner3/netcore/" className="Microsoft.AspNetCore.Components.EventCallbackTest" name="EventCallbackOfT_FuncTask_IgnoresArg" />
    </UnitTest>
    <UnitTest name="Microsoft.AspNetCore.Components.Test.RouteViewTest.ThrowsIfNoRouteDataSupplied" storage="/home/runner/work/aspnetcore/aspnetcore/artifacts/bin/microsoft.aspnetcore.components.tests/debug/net10.0/microsoft.aspnetcore.components.tests.dll" id="d5a1b061-2809-0610-fa7b-2bdf5d153d5a">
      <Execution id="145accc0-7621-4f0f-9a1a-0d39bf0d56ff" />
      <TestMethod codeBase="/home/runner/work/aspnetcore/aspnetcore/artifacts/bin/Microsoft.AspNetCore.Components.Tests/Debug/net10.0/Microsoft.AspNetCore.Components.Tests.dll" adapterTypeName="executor://xunit/VsTestRunner3/netcore/" className="Microsoft.AspNetCore.Components.Test.RouteViewTest" name="ThrowsIfNoRouteDataSupplied" />
    </UnitTest>
    <UnitTest name="Microsoft.AspNetCore.Components.RenderTree.ArrayBuilderTest.AppendArray_CopyArray" storage="/home/runner/work/aspnetcore/aspnetcore/artifacts/bin/microsoft.aspnetcore.components.tests/debug/net10.0/microsoft.aspnetcore.components.tests.dll" id="09b9383b-e330-b562-081b-5bb10ce53d2e">
      <Execution id="ef0ca9d0-bb2b-4ef6-987c-67cc1196482b" />
      <TestMethod codeBase="/home/runner/work/aspnetcore/aspnetcore/artifacts/bin/Microsoft.AspNetCore.Components.Tests/Debug/net10.0/Microsoft.AspNetCore.Components.Tests.dll" adapterTypeName="executor://xunit/VsTestRunner3/netcore/" className="Microsoft.AspNetCore.Components.RenderTree.ArrayBuilderTest" name="AppendArray_CopyArray" />
    </UnitTest>
    <UnitTest name="Microsoft.AspNetCore.Components.Routing.RouteTableFactoryTests.OptionalParameterPlusCatchAllRoute(template: &quot;prefix/{parameter?}/{*catchAll}&quot;, path: &quot;/prefix/value/1&quot;, parameterValue: &quot;value&quot;, catchAllValue: &quot;1&quot;)" storage="/home/runner/work/aspnetcore/aspnetcore/artifacts/bin/microsoft.aspnetcore.components.tests/debug/net10.0/microsoft.aspnetcore.components.tests.dll" id="19cd3930-c392-4095-d9b1-320c19a9b03d">
      <Execution id="748c6f5f-a9a3-4f76-88df-fa1d03c53d8e" />
      <TestMethod codeBase="/home/runner/work/aspnetcore/aspnetcore/artifacts/bin/Microsoft.AspNetCore.Components.Tests/Debug/net10.0/Microsoft.AspNetCore.Components.Tests.dll" adapterTypeName="executor://xunit/VsTestRunner3/netcore/" className="Microsoft.AspNetCore.Components.Routing.RouteTableFactoryTests" name="OptionalParameterPlusCatchAllRoute" />
    </UnitTest>
    <UnitTest name="Microsoft.AspNetCore.Components.EventCallbackFactoryTest.CreateT_Action_DifferentReceiver" storage="/home/runner/work/aspnetcore/aspnetcore/artifacts/bin/microsoft.aspnetcore.components.tests/debug/net10.0/microsoft.aspnetcore.components.tests.dll" id="71982f3c-d391-aa39-6c4a-f038e894ea9f">
      <Execution id="4b4f77d0-cd8f-492a-844b-782bb30a30ee" />
      <TestMethod codeBase="/home/runner/work/aspnetcore/aspnetcore/artifacts/bin/Microsoft.AspNetCore.Components.Tests/Debug/net10.0/Microsoft.AspNetCore.Components.Tests.dll" adapterTypeName="executor://xunit/VsTestRunner3/netcore/" className="Microsoft.AspNetCore.Components.EventCallbackFactoryTest" name="CreateT_Action_DifferentReceiver" />
    </UnitTest>
    <UnitTest name="Microsoft.AspNetCore.Components.Test.RendererTest.CanRenderAsyncTopLevelComponents" storage="/home/runner/work/aspnetcore/aspnetcore/artifacts/bin/microsoft.aspnetcore.components.tests/debug/net10.0/microsoft.aspnetcore.components.tests.dll" id="44fd4c01-fabe-78a1-bed7-931b9311ea1f">
      <Execution id="87692679-d165-4b9a-bced-cb503b91d069" />
      <TestMethod codeBase="/home/runner/work/aspnetcore/aspnetcore/artifacts/bin/Microsoft.AspNetCore.Components.Tests/Debug/net10.0/Microsoft.AspNetCore.Components.Tests.dll" adapterTypeName="executor://xunit/VsTestRunner3/netcore/" className="Microsoft.AspNetCore.Components.Test.RendererTest" name="CanRenderAsyncTopLevelComponents" />
    </UnitTest>
    <UnitTest name="Microsoft.AspNetCore.Components.EventCallbackFactoryBinderExtensionsTest.CreateBinder_GenericWithoutTypeConverter_Throws" storage="/home/runner/work/aspnetcore/aspnetcore/artifacts/bin/microsoft.aspnetcore.components.tests/debug/net10.0/microsoft.aspnetcore.components.tests.dll" id="0a0b7cc3-ab82-d686-c852-682f38411a59">
      <Execution id="f46f8cea-c48a-41f7-8bca-d4d4f5a85347" />
      <TestMethod codeBase="/home/runner/work/aspnetcore/aspnetcore/artifacts/bin/Microsoft.AspNetCore.Components.Tests/Debug/net10.0/Microsoft.AspNetCore.Components.Tests.dll" adapterTypeName="executor://xunit/VsTestRunner3/netcore/" className="Microsoft.AspNetCore.Components.EventCallbackFactoryBinderExtensionsTest" name="CreateBinder_GenericWithoutTypeConverter_Throws" />
    </UnitTest>
    <UnitTest name="Microsoft.AspNetCore.Components.CascadingParameterStateTest.FindCascadingParameters_MatchingNameAndType_ReturnsMatches" storage="/home/runner/work/aspnetcore/aspnetcore/artifacts/bin/microsoft.aspnetcore.components.tests/debug/net10.0/microsoft.aspnetcore.components.tests.dll" id="0f48d723-a81b-fecc-2322-8b85ba6e23e5">
      <Execution id="7f3e748b-d761-4f83-80fa-e2ba3c50ae27" />
      <TestMethod codeBase="/home/runner/work/aspnetcore/aspnetcore/artifacts/bin/Microsoft.AspNetCore.Components.Tests/Debug/net10.0/Microsoft.AspNetCore.Components.Tests.dll" adapterTypeName="executor://xunit/VsTestRunner3/netcore/" className="Microsoft.AspNetCore.Components.CascadingParameterStateTest" name="FindCascadingParameters_MatchingNameAndType_ReturnsMatches" />
    </UnitTest>
    <UnitTest name="Microsoft.AspNetCore.Components.EventCallbackFactoryBinderExtensionsTest.CreateBinder_NullableDateTimeOffset_Format" storage="/home/runner/work/aspnetcore/aspnetcore/artifacts/bin/microsoft.aspnetcore.components.tests/debug/net10.0/microsoft.aspnetcore.components.tests.dll" id="5ea0ae64-cd16-806b-6a2a-03ea7decf6dc">
      <Execution id="163d986b-cd1c-4ab2-8dd4-16c041558687" />
      <TestMethod codeBase="/home/runner/work/aspnetcore/aspnetcore/artifacts/bin/Microsoft.AspNetCore.Components.Tests/Debug/net10.0/Microsoft.AspNetCore.Components.Tests.dll" adapterTypeName="executor://xunit/VsTestRunner3/netcore/" className="Microsoft.AspNetCore.Components.EventCallbackFactoryBinderExtensionsTest" name="CreateBinder_NullableDateTimeOffset_Format" />
    </UnitTest>
    <UnitTest name="Microsoft.AspNetCore.Components.Routing.QueryParameterValueSupplierTest.EmptyStringValuesAreSuppliedAsEmptyString(queryPart: &quot;&quot;)" storage="/home/runner/work/aspnetcore/aspnetcore/artifacts/bin/microsoft.aspnetcore.components.tests/debug/net10.0/microsoft.aspnetcore.components.tests.dll" id="85111466-f419-f1ea-fb4c-ba5f19f5b76d">
      <Execution id="10fe2fe3-f25c-489d-ad90-5acff94e2060" />
      <TestMethod codeBase="/home/runner/work/aspnetcore/aspnetcore/artifacts/bin/Microsoft.AspNetCore.Components.Tests/Debug/net10.0/Microsoft.AspNetCore.Components.Tests.dll" adapterTypeName="executor://xunit/VsTestRunner3/netcore/" className="Microsoft.AspNetCore.Components.Routing.QueryParameterValueSupplierTest" name="EmptyStringValuesAreSuppliedAsEmptyString" />
    </UnitTest>
    <UnitTest name="Microsoft.AspNetCore.Components.ParameterViewTest.CanTryGetExistingValueWithCorrectType" storage="/home/runner/work/aspnetcore/aspnetcore/artifacts/bin/microsoft.aspnetcore.components.tests/debug/net10.0/microsoft.aspnetcore.components.tests.dll" id="fb776401-1cc0-1e5c-b578-f5f3aad47f33">
      <Execution id="e19e5f9e-8cd2-47a1-8c6f-72b9c03d8716" />
      <TestMethod codeBase="/home/runner/work/aspnetcore/aspnetcore/artifacts/bin/Microsoft.AspNetCore.Components.Tests/Debug/net10.0/Microsoft.AspNetCore.Components.Tests.dll" adapterTypeName="executor://xunit/VsTestRunner3/netcore/" className="Microsoft.AspNetCore.Components.ParameterViewTest" name="CanTryGetExistingValueWithCorrectType" />
    </UnitTest>
    <UnitTest name="Microsoft.AspNetCore.Components.Routing.QueryParameterValueSupplierTest.RejectsUnparseableValues(key: &quot;NullableGuidVal&quot;, value: &quot;123456-789-0&quot;, targetType: typeof(Guid?))" storage="/home/runner/work/aspnetcore/aspnetcore/artifacts/bin/microsoft.aspnetcore.components.tests/debug/net10.0/microsoft.aspnetcore.components.tests.dll" id="3b9fadf8-d8e5-ca46-67cb-fbf18bb3b022">
      <Execution id="4f44092f-0719-4322-892a-408c28491809" />
      <TestMethod codeBase="/home/runner/work/aspnetcore/aspnetcore/artifacts/bin/Microsoft.AspNetCore.Components.Tests/Debug/net10.0/Microsoft.AspNetCore.Components.Tests.dll" adapterTypeName="executor://xunit/VsTestRunner3/netcore/" className="Microsoft.AspNetCore.Components.Routing.QueryParameterValueSupplierTest" name="RejectsUnparseableValues" />
    </UnitTest>
    <UnitTest name="Microsoft.AspNetCore.Components.Routing.RouteTableFactoryTests.DetectsAmbiguousRoutesNoFalsePositives(left: &quot;/literal/part{parameter}part&quot;, right: &quot;/literal/part{parameter}&quot;)" storage="/home/runner/work/aspnetcore/aspnetcore/artifacts/bin/microsoft.aspnetcore.components.tests/debug/net10.0/microsoft.aspnetcore.components.tests.dll" id="363c1433-7ce2-4b32-c297-72a1e853157b">
      <Execution id="1cc26699-8e3e-43ab-8ceb-afd45ae26a8c" />
      <TestMethod codeBase="/home/runner/work/aspnetcore/aspnetcore/artifacts/bin/Microsoft.AspNetCore.Components.Tests/Debug/net10.0/Microsoft.AspNetCore.Components.Tests.dll" adapterTypeName="executor://xunit/VsTestRunner3/netcore/" className="Microsoft.AspNetCore.Components.Routing.RouteTableFactoryTests" name="DetectsAmbiguousRoutesNoFalsePositives" />
    </UnitTest>
    <UnitTest name="Microsoft.AspNetCore.Components.NavigationManagerTest.GetUriWithQueryParameters_CanAddUpdateAndRemove(baseUri: &quot;scheme://host/?age=42&amp;eye%20color=87&quot;, expectedUri: &quot;scheme://host/?age=25&amp;eye%20color=green&quot;)" storage="/home/runner/work/aspnetcore/aspnetcore/artifacts/bin/microsoft.aspnetcore.components.tests/debug/net10.0/microsoft.aspnetcore.components.tests.dll" id="b39a59a1-4eff-96d6-eb7a-a54ad3b8cb11">
      <Execution id="6e873f4b-7105-46e9-86de-aacb5ebaceaa" />
      <TestMethod codeBase="/home/runner/work/aspnetcore/aspnetcore/artifacts/bin/Microsoft.AspNetCore.Components.Tests/Debug/net10.0/Microsoft.AspNetCore.Components.Tests.dll" adapterTypeName="executor://xunit/VsTestRunner3/netcore/" className="Microsoft.AspNetCore.Components.NavigationManagerTest" name="GetUriWithQueryParameters_CanAddUpdateAndRemove" />
    </UnitTest>
    <UnitTest name="Microsoft.AspNetCore.Components.Rendering.RenderTreeBuilderTest.AddAttribute_Element_ObjectBoolTrue_AddsFrame" storage="/home/runner/work/aspnetcore/aspnetcore/artifacts/bin/microsoft.aspnetcore.components.tests/debug/net10.0/microsoft.aspnetcore.components.tests.dll" id="e4312186-e6e6-5722-2d06-1fe95a294390">
      <Execution id="43c98aa2-4b62-46dc-9bea-9145b643b921" />
      <TestMethod codeBase="/home/runner/work/aspnetcore/aspnetcore/artifacts/bin/Microsoft.AspNetCore.Components.Tests/Debug/net10.0/Microsoft.AspNetCore.Components.Tests.dll" adapterTypeName="executor://xunit/VsTestRunner3/netcore/" className="Microsoft.AspNetCore.Components.Rendering.RenderTreeBuilderTest" name="AddAttribute_Element_ObjectBoolTrue_AddsFrame" />
    </UnitTest>
    <UnitTest name="Microsoft.AspNetCore.Components.Test.RendererTest.DispatchEventAsync_Delegate_SynchronousCancellation" storage="/home/runner/work/aspnetcore/aspnetcore/artifacts/bin/microsoft.aspnetcore.components.tests/debug/net10.0/microsoft.aspnetcore.components.tests.dll" id="b7023af3-ab43-2a63-fe34-f8e6978eba33">
      <Execution id="da72331a-ac1d-4966-805d-8b11f47caffc" />
      <TestMethod codeBase="/home/runner/work/aspnetcore/aspnetcore/artifacts/bin/Microsoft.AspNetCore.Components.Tests/Debug/net10.0/Microsoft.AspNetCore.Components.Tests.dll" adapterTypeName="executor://xunit/VsTestRunner3/netcore/" className="Microsoft.AspNetCore.Components.Test.RendererTest" name="DispatchEventAsync_Delegate_SynchronousCancellation" />
    </UnitTest>
    <UnitTest name="Microsoft.AspNetCore.Components.Test.RenderTreeDiffBuilderTest.RecognizesAttributesAdded" storage="/home/runner/work/aspnetcore/aspnetcore/artifacts/bin/microsoft.aspnetcore.components.tests/debug/net10.0/microsoft.aspnetcore.components.tests.dll" id="31b0bba9-afe2-39d5-f6be-7a3d9635195e">
      <Execution id="7043e4d0-8c8c-40ce-b96b-97f71703cdd9" />
      <TestMethod codeBase="/home/runner/work/aspnetcore/aspnetcore/artifacts/bin/Microsoft.AspNetCore.Components.Tests/Debug/net10.0/Microsoft.AspNetCore.Components.Tests.dll" adapterTypeName="executor://xunit/VsTestRunner3/netcore/" className="Microsoft.AspNetCore.Components.Test.RenderTreeDiffBuilderTest" name="RecognizesAttributesAdded" />
    </UnitTest>
    <UnitTest name="Microsoft.AspNetCore.Components.Routing.QueryParameterValueSupplierTest.RejectsUnparseableValues(key: &quot;DoubleVal&quot;, value: &quot;1x&quot;, targetType: typeof(double))" storage="/home/runner/work/aspnetcore/aspnetcore/artifacts/bin/microsoft.aspnetcore.components.tests/debug/net10.0/microsoft.aspnetcore.components.tests.dll" id="1906a1be-3bab-eb07-1600-dbe6840a96ec">
      <Execution id="62b57830-7c3c-4538-906b-f3091d577ac6" />
      <TestMethod codeBase="/home/runner/work/aspnetcore/aspnetcore/artifacts/bin/Microsoft.AspNetCore.Components.Tests/Debug/net10.0/Microsoft.AspNetCore.Components.Tests.dll" adapterTypeName="executor://xunit/VsTestRunner3/netcore/" className="Microsoft.AspNetCore.Components.Routing.QueryParameterValueSupplierTest" name="RejectsUnparseableValues" />
    </UnitTest>
    <UnitTest name="Microsoft.AspNetCore.Components.PersistentState.PersistentServicesRegistryTest.PersistStateAsync_PersistsServiceWithComplexState" storage="/home/runner/work/aspnetcore/aspnetcore/artifacts/bin/microsoft.aspnetcore.components.tests/debug/net10.0/microsoft.aspnetcore.components.tests.dll" id="f0b9b8f1-cb37-1e7a-57a4-826db8b3ce69">
      <Execution id="d1e1122d-42d3-4a3a-ba5f-9e87c0592ef0" />
      <TestMethod codeBase="/home/runner/work/aspnetcore/aspnetcore/artifacts/bin/Microsoft.AspNetCore.Components.Tests/Debug/net10.0/Microsoft.AspNetCore.Components.Tests.dll" adapterTypeName="executor://xunit/VsTestRunner3/netcore/" className="Microsoft.AspNetCore.Components.PersistentState.PersistentServicesRegistryTest" name="PersistStateAsync_PersistsServiceWithComplexState" />
    </UnitTest>
    <UnitTest name="Microsoft.AspNetCore.Components.EventCallbackTest.EventCallback_FuncTTask_Arg_ValueType" storage="/home/runner/work/aspnetcore/aspnetcore/artifacts/bin/microsoft.aspnetcore.components.tests/debug/net10.0/microsoft.aspnetcore.components.tests.dll" id="5dfd0924-30fb-e241-4081-0266b6f4c8ea">
      <Execution id="82ecdb99-d8c1-4f29-8079-a45f595378dd" />
      <TestMethod codeBase="/home/runner/work/aspnetcore/aspnetcore/artifacts/bin/Microsoft.AspNetCore.Components.Tests/Debug/net10.0/Microsoft.AspNetCore.Components.Tests.dll" adapterTypeName="executor://xunit/VsTestRunner3/netcore/" className="Microsoft.AspNetCore.Components.EventCallbackTest" name="EventCallback_FuncTTask_Arg_ValueType" />
    </UnitTest>
    <UnitTest name="Microsoft.AspNetCore.Components.Test.ComponentBaseTest.RunsOnParametersSetAsyncAlsoOnBaseClassWhenRendered" storage="/home/runner/work/aspnetcore/aspnetcore/artifacts/bin/microsoft.aspnetcore.components.tests/debug/net10.0/microsoft.aspnetcore.components.tests.dll" id="ef499aef-42f7-0728-6a9f-31627f63d83a">
      <Execution id="ee216e69-a2eb-422e-a8b9-524c655fd601" />
      <TestMethod codeBase="/home/runner/work/aspnetcore/aspnetcore/artifacts/bin/Microsoft.AspNetCore.Components.Tests/Debug/net10.0/Microsoft.AspNetCore.Components.Tests.dll" adapterTypeName="executor://xunit/VsTestRunner3/netcore/" className="Microsoft.AspNetCore.Components.Test.ComponentBaseTest" name="RunsOnParametersSetAsyncAlsoOnBaseClassWhenRendered" />
    </UnitTest>
    <UnitTest name="Microsoft.AspNetCore.Components.Test.RendererTest.BindWithAfter_Action" storage="/home/runner/work/aspnetcore/aspnetcore/artifacts/bin/microsoft.aspnetcore.components.tests/debug/net10.0/microsoft.aspnetcore.components.tests.dll" id="eab1726c-60be-51af-68e5-eb627280a04a">
      <Execution id="f0719ae0-ed62-41c5-9cec-6c8065006e2d" />
      <TestMethod codeBase="/home/runner/work/aspnetcore/aspnetcore/artifacts/bin/Microsoft.AspNetCore.Components.Tests/Debug/net10.0/Microsoft.AspNetCore.Components.Tests.dll" adapterTypeName="executor://xunit/VsTestRunner3/netcore/" className="Microsoft.AspNetCore.Components.Test.RendererTest" name="BindWithAfter_Action" />
    </UnitTest>
    <UnitTest name="Microsoft.AspNetCore.Components.Routing.RouteTableFactoryTests.CanMatchLiteralTemplate" storage="/home/runner/work/aspnetcore/aspnetcore/artifacts/bin/microsoft.aspnetcore.components.tests/debug/net10.0/microsoft.aspnetcore.components.tests.dll" id="9ab7236c-4d4d-2d95-4d74-5d6c3d30a216">
      <Execution id="b9f839cd-e7cd-40a6-9b05-1281a2a3917a" />
      <TestMethod codeBase="/home/runner/work/aspnetcore/aspnetcore/artifacts/bin/Microsoft.AspNetCore.Components.Tests/Debug/net10.0/Microsoft.AspNetCore.Components.Tests.dll" adapterTypeName="executor://xunit/VsTestRunner3/netcore/" className="Microsoft.AspNetCore.Components.Routing.RouteTableFactoryTests" name="CanMatchLiteralTemplate" />
    </UnitTest>
    <UnitTest name="Microsoft.AspNetCore.Components.Rendering.RenderTreeBuilderTest.AddAttribute_Element_Action_AddsFrame" storage="/home/runner/work/aspnetcore/aspnetcore/artifacts/bin/microsoft.aspnetcore.components.tests/debug/net10.0/microsoft.aspnetcore.components.tests.dll" id="5e007768-5fbf-30e3-d7e7-67774ed17a80">
      <Execution id="0e52f6ab-6e30-4547-a52f-89cc9ce6d300" />
      <TestMethod codeBase="/home/runner/work/aspnetcore/aspnetcore/artifacts/bin/Microsoft.AspNetCore.Components.Tests/Debug/net10.0/Microsoft.AspNetCore.Components.Tests.dll" adapterTypeName="executor://xunit/VsTestRunner3/netcore/" className="Microsoft.AspNetCore.Components.Rendering.RenderTreeBuilderTest" name="AddAttribute_Element_Action_AddsFrame" />
    </UnitTest>
    <UnitTest name="Microsoft.AspNetCore.Components.ComponentsActivitySourceTest.CaptureEventStopAsync_FailsActivityOnException" storage="/home/runner/work/aspnetcore/aspnetcore/artifacts/bin/microsoft.aspnetcore.components.tests/debug/net10.0/microsoft.aspnetcore.components.tests.dll" id="f269b2ff-cf72-e8a5-816a-3d76032f18f3">
      <Execution id="657ee338-53c4-4e9f-8aeb-a159d3816578" />
      <TestMethod codeBase="/home/runner/work/aspnetcore/aspnetcore/artifacts/bin/Microsoft.AspNetCore.Components.Tests/Debug/net10.0/Microsoft.AspNetCore.Components.Tests.dll" adapterTypeName="executor://xunit/VsTestRunner3/netcore/" className="Microsoft.AspNetCore.Components.ComponentsActivitySourceTest" name="CaptureEventStopAsync_FailsActivityOnException" />
    </UnitTest>
    <UnitTest name="Microsoft.AspNetCore.Components.PersistentStateValueProviderTests.PersistentceFails_IfMultipleComponentsOfSameType_TryToPersistDataWithParentComponentOfSameType" storage="/home/runner/work/aspnetcore/aspnetcore/artifacts/bin/microsoft.aspnetcore.components.tests/debug/net10.0/microsoft.aspnetcore.components.tests.dll" id="dcae67fe-646e-469d-b9d5-fb8dfdd538a2">
      <Execution id="3ddf232f-677d-416b-af79-94ea0d4d0c1c" />
      <TestMethod codeBase="/home/runner/work/aspnetcore/aspnetcore/artifacts/bin/Microsoft.AspNetCore.Components.Tests/Debug/net10.0/Microsoft.AspNetCore.Components.Tests.dll" adapterTypeName="executor://xunit/VsTestRunner3/netcore/" className="Microsoft.AspNetCore.Components.PersistentStateValueProviderTests" name="PersistentceFails_IfMultipleComponentsOfSameType_TryToPersistDataWithParentComponentOfSameType" />
    </UnitTest>
    <UnitTest name="Microsoft.AspNetCore.Components.Test.CascadingParameterTest.CascadingValueThrowsIfFixedFlagChangesToTrue" storage="/home/runner/work/aspnetcore/aspnetcore/artifacts/bin/microsoft.aspnetcore.components.tests/debug/net10.0/microsoft.aspnetcore.components.tests.dll" id="3d6324e4-b075-f31e-439d-ba873a83cb0a">
      <Execution id="75aa6b08-3fda-4a23-b2b5-af40804e0a6d" />
      <TestMethod codeBase="/home/runner/work/aspnetcore/aspnetcore/artifacts/bin/Microsoft.AspNetCore.Components.Tests/Debug/net10.0/Microsoft.AspNetCore.Components.Tests.dll" adapterTypeName="executor://xunit/VsTestRunner3/netcore/" className="Microsoft.AspNetCore.Components.Test.CascadingParameterTest" name="CascadingValueThrowsIfFixedFlagChangesToTrue" />
    </UnitTest>
    <UnitTest name="Microsoft.AspNetCore.Components.EventCallbackFactoryBinderExtensionsTest.CreateBinder_NullableLong" storage="/home/runner/work/aspnetcore/aspnetcore/artifacts/bin/microsoft.aspnetcore.components.tests/debug/net10.0/microsoft.aspnetcore.components.tests.dll" id="54d6a947-90e9-ab76-47fb-328272737220">
      <Execution id="79804d88-7987-49ba-8394-5693cfa31e08" />
      <TestMethod codeBase="/home/runner/work/aspnetcore/aspnetcore/artifacts/bin/Microsoft.AspNetCore.Components.Tests/Debug/net10.0/Microsoft.AspNetCore.Components.Tests.dll" adapterTypeName="executor://xunit/VsTestRunner3/netcore/" className="Microsoft.AspNetCore.Components.EventCallbackFactoryBinderExtensionsTest" name="CreateBinder_NullableLong" />
    </UnitTest>
    <UnitTest name="Microsoft.AspNetCore.Components.Test.RendererTest.DisposingRenderer_DisposesTopLevelComponents" storage="/home/runner/work/aspnetcore/aspnetcore/artifacts/bin/microsoft.aspnetcore.components.tests/debug/net10.0/microsoft.aspnetcore.components.tests.dll" id="9af0e739-10c8-ed25-a494-9aef814426a0">
      <Execution id="2f50fc1f-c8e8-4456-8676-393d08bde43e" />
      <TestMethod codeBase="/home/runner/work/aspnetcore/aspnetcore/artifacts/bin/Microsoft.AspNetCore.Components.Tests/Debug/net10.0/Microsoft.AspNetCore.Components.Tests.dll" adapterTypeName="executor://xunit/VsTestRunner3/netcore/" className="Microsoft.AspNetCore.Components.Test.RendererTest" name="DisposingRenderer_DisposesTopLevelComponents" />
    </UnitTest>
    <UnitTest name="Microsoft.AspNetCore.Components.Routing.RouteTableFactoryTests.DoesNotThrowForNonAmbiguousRoutes(first: &quot;{param1?}/{param2?}/{param3?}/{optional?}&quot;, second: &quot;/&quot;)" storage="/home/runner/work/aspnetcore/aspnetcore/artifacts/bin/microsoft.aspnetcore.components.tests/debug/net10.0/microsoft.aspnetcore.components.tests.dll" id="4bb18c1e-d4d8-f1ea-e294-dea295978c68">
      <Execution id="b731b5f7-b23c-48de-96dc-7378a66d8c78" />
      <TestMethod codeBase="/home/runner/work/aspnetcore/aspnetcore/artifacts/bin/Microsoft.AspNetCore.Components.Tests/Debug/net10.0/Microsoft.AspNetCore.Components.Tests.dll" adapterTypeName="executor://xunit/VsTestRunner3/netcore/" className="Microsoft.AspNetCore.Components.Routing.RouteTableFactoryTests" name="DoesNotThrowForNonAmbiguousRoutes" />
    </UnitTest>
    <UnitTest name="Microsoft.AspNetCore.Components.Rendering.RendererSynchronizationContextTest.InvokeAsync_FuncTask_CanRethrowExceptions" storage="/home/runner/work/aspnetcore/aspnetcore/artifacts/bin/microsoft.aspnetcore.components.tests/debug/net10.0/microsoft.aspnetcore.components.tests.dll" id="4bef2d58-0bc1-6e55-6c25-8aef1ed7e352">
      <Execution id="6aea5139-0e16-4701-aa1b-f512c5d358c5" />
      <TestMethod codeBase="/home/runner/work/aspnetcore/aspnetcore/artifacts/bin/Microsoft.AspNetCore.Components.Tests/Debug/net10.0/Microsoft.AspNetCore.Components.Tests.dll" adapterTypeName="executor://xunit/VsTestRunner3/netcore/" className="Microsoft.AspNetCore.Components.Rendering.RendererSynchronizationContextTest" name="InvokeAsync_FuncTask_CanRethrowExceptions" />
    </UnitTest>
    <UnitTest name="Microsoft.AspNetCore.Components.Routing.RouteTableFactoryTests.DoesNotThrowForNonAmbiguousRoutes(first: &quot;{optional?}&quot;, second: &quot;literal&quot;)" storage="/home/runner/work/aspnetcore/aspnetcore/artifacts/bin/microsoft.aspnetcore.components.tests/debug/net10.0/microsoft.aspnetcore.components.tests.dll" id="9eee4cc3-3b2e-3cc9-55c3-605dbb760f04">
      <Execution id="3d45955f-3760-498b-aba4-f6d8143b966c" />
      <TestMethod codeBase="/home/runner/work/aspnetcore/aspnetcore/artifacts/bin/Microsoft.AspNetCore.Components.Tests/Debug/net10.0/Microsoft.AspNetCore.Components.Tests.dll" adapterTypeName="executor://xunit/VsTestRunner3/netcore/" className="Microsoft.AspNetCore.Components.Routing.RouteTableFactoryTests" name="DoesNotThrowForNonAmbiguousRoutes" />
    </UnitTest>
    <UnitTest name="Microsoft.AspNetCore.Components.Routing.RouteTableFactoryTests.OptionalParameterPlusCatchAllRoute(template: &quot;prefix/{parameter?}/{*catchAll}&quot;, path: &quot;/prefix/parameter&quot;, parameterValue: &quot;parameter&quot;, catchAllValue: null)" storage="/home/runner/work/aspnetcore/aspnetcore/artifacts/bin/microsoft.aspnetcore.components.tests/debug/net10.0/microsoft.aspnetcore.components.tests.dll" id="c13500df-fc11-19fb-b7b7-036bbc6390a3">
      <Execution id="717d83d8-ee8e-4121-bc4e-1e7bf823cc98" />
      <TestMethod codeBase="/home/runner/work/aspnetcore/aspnetcore/artifacts/bin/Microsoft.AspNetCore.Components.Tests/Debug/net10.0/Microsoft.AspNetCore.Components.Tests.dll" adapterTypeName="executor://xunit/VsTestRunner3/netcore/" className="Microsoft.AspNetCore.Components.Routing.RouteTableFactoryTests" name="OptionalParameterPlusCatchAllRoute" />
    </UnitTest>
    <UnitTest name="Microsoft.AspNetCore.Components.Rendering.RenderTreeBuilderTest.AddAttribute_Component_StringValue_SetsAttributeValue(value: null)" storage="/home/runner/work/aspnetcore/aspnetcore/artifacts/bin/microsoft.aspnetcore.components.tests/debug/net10.0/microsoft.aspnetcore.components.tests.dll" id="eab7ec8c-2863-28f6-dbe3-96225050d1a0">
      <Execution id="a5aaeff5-39a1-45b1-8791-bf0624a23320" />
      <TestMethod codeBase="/home/runner/work/aspnetcore/aspnetcore/artifacts/bin/Microsoft.AspNetCore.Components.Tests/Debug/net10.0/Microsoft.AspNetCore.Components.Tests.dll" adapterTypeName="executor://xunit/VsTestRunner3/netcore/" className="Microsoft.AspNetCore.Components.Rendering.RenderTreeBuilderTest" name="AddAttribute_Component_StringValue_SetsAttributeValue" />
    </UnitTest>
    <UnitTest name="Microsoft.AspNetCore.Components.Rendering.RendererSynchronizationContextTest.InvokeAsync_FuncTask_CanRunSynchronously_WhenNotBusy" storage="/home/runner/work/aspnetcore/aspnetcore/artifacts/bin/microsoft.aspnetcore.components.tests/debug/net10.0/microsoft.aspnetcore.components.tests.dll" id="2e52a970-533c-2f2d-76b9-7fdb915ef414">
      <Execution id="090cc92b-8a62-4f4a-a652-ec9806d54363" />
      <TestMethod codeBase="/home/runner/work/aspnetcore/aspnetcore/artifacts/bin/Microsoft.AspNetCore.Components.Tests/Debug/net10.0/Microsoft.AspNetCore.Components.Tests.dll" adapterTypeName="executor://xunit/VsTestRunner3/netcore/" className="Microsoft.AspNetCore.Components.Rendering.RendererSynchronizationContextTest" name="InvokeAsync_FuncTask_CanRunSynchronously_WhenNotBusy" />
    </UnitTest>
    <UnitTest name="Microsoft.AspNetCore.Components.NavigationManagerTest.ComputesCorrectValidBaseRelativePaths(baseUri: &quot;scheme://host/path/&quot;, uri: &quot;scheme://host/path/more#hash&quot;, expectedResult: &quot;more#hash&quot;)" storage="/home/runner/work/aspnetcore/aspnetcore/artifacts/bin/microsoft.aspnetcore.components.tests/debug/net10.0/microsoft.aspnetcore.components.tests.dll" id="9e53424c-7b82-7974-6d12-ebccbeb830ee">
      <Execution id="ab3a95c9-b102-43ff-8ce6-84f09326a9b2" />
      <TestMethod codeBase="/home/runner/work/aspnetcore/aspnetcore/artifacts/bin/Microsoft.AspNetCore.Components.Tests/Debug/net10.0/Microsoft.AspNetCore.Components.Tests.dll" adapterTypeName="executor://xunit/VsTestRunner3/netcore/" className="Microsoft.AspNetCore.Components.NavigationManagerTest" name="ComputesCorrectValidBaseRelativePaths" />
    </UnitTest>
    <UnitTest name="Microsoft.AspNetCore.Components.Test.RendererTest.RenderBatch_ReportsAsynchronousCancelationsAsErrors" storage="/home/runner/work/aspnetcore/aspnetcore/artifacts/bin/microsoft.aspnetcore.components.tests/debug/net10.0/microsoft.aspnetcore.components.tests.dll" id="ed3d3649-5c65-1f1c-6637-1cd1f7bf31b9">
      <Execution id="2b010e5a-8dc4-47c8-b8f8-5cba9b3285ce" />
      <TestMethod codeBase="/home/runner/work/aspnetcore/aspnetcore/artifacts/bin/Microsoft.AspNetCore.Components.Tests/Debug/net10.0/Microsoft.AspNetCore.Components.Tests.dll" adapterTypeName="executor://xunit/VsTestRunner3/netcore/" className="Microsoft.AspNetCore.Components.Test.RendererTest" name="RenderBatch_ReportsAsynchronousCancelationsAsErrors" />
    </UnitTest>
    <UnitTest name="Microsoft.AspNetCore.Components.EventCallbackTest.EventCallback_NullReceiver" storage="/home/runner/work/aspnetcore/aspnetcore/artifacts/bin/microsoft.aspnetcore.components.tests/debug/net10.0/microsoft.aspnetcore.components.tests.dll" id="c3947147-a646-06ba-97e1-e241f4112e7b">
      <Execution id="a2f92c30-7329-4ebd-ab28-1a4f71a4d6ca" />
      <TestMethod codeBase="/home/runner/work/aspnetcore/aspnetcore/artifacts/bin/Microsoft.AspNetCore.Components.Tests/Debug/net10.0/Microsoft.AspNetCore.Components.Tests.dll" adapterTypeName="executor://xunit/VsTestRunner3/netcore/" className="Microsoft.AspNetCore.Components.EventCallbackTest" name="EventCallback_NullReceiver" />
    </UnitTest>
    <UnitTest name="Microsoft.AspNetCore.Components.ComponentsActivitySourceTest.StartEventActivity_HandlesNullValues" storage="/home/runner/work/aspnetcore/aspnetcore/artifacts/bin/microsoft.aspnetcore.components.tests/debug/net10.0/microsoft.aspnetcore.components.tests.dll" id="d3d53410-422a-1c14-c027-c0915287fc82">
      <Execution id="fe955a43-54d7-4800-b08d-690c87adb04a" />
      <TestMethod codeBase="/home/runner/work/aspnetcore/aspnetcore/artifacts/bin/Microsoft.AspNetCore.Components.Tests/Debug/net10.0/Microsoft.AspNetCore.Components.Tests.dll" adapterTypeName="executor://xunit/VsTestRunner3/netcore/" className="Microsoft.AspNetCore.Components.ComponentsActivitySourceTest" name="StartEventActivity_HandlesNullValues" />
    </UnitTest>
    <UnitTest name="Microsoft.AspNetCore.Components.DynamicComponentTest.RejectsUnknownParameters" storage="/home/runner/work/aspnetcore/aspnetcore/artifacts/bin/microsoft.aspnetcore.components.tests/debug/net10.0/microsoft.aspnetcore.components.tests.dll" id="9ef5bce8-20a6-e21f-e520-2849b285356f">
      <Execution id="2b18223e-b7ab-41fa-b273-95a4bda37da8" />
      <TestMethod codeBase="/home/runner/work/aspnetcore/aspnetcore/artifacts/bin/Microsoft.AspNetCore.Components.Tests/Debug/net10.0/Microsoft.AspNetCore.Components.Tests.dll" adapterTypeName="executor://xunit/VsTestRunner3/netcore/" className="Microsoft.AspNetCore.Components.DynamicComponentTest" name="RejectsUnknownParameters" />
    </UnitTest>
    <UnitTest name="Microsoft.AspNetCore.Components.Test.RenderTreeDiffBuilderTest.PassesThroughRegionsInsidePrependedElements" storage="/home/runner/work/aspnetcore/aspnetcore/artifacts/bin/microsoft.aspnetcore.components.tests/debug/net10.0/microsoft.aspnetcore.components.tests.dll" id="0298b022-55a4-94ab-fa1b-f509bc9dd554">
      <Execution id="fa064eeb-0df8-42da-a2bf-be35d47de005" />
      <TestMethod codeBase="/home/runner/work/aspnetcore/aspnetcore/artifacts/bin/Microsoft.AspNetCore.Components.Tests/Debug/net10.0/Microsoft.AspNetCore.Components.Tests.dll" adapterTypeName="executor://xunit/VsTestRunner3/netcore/" className="Microsoft.AspNetCore.Components.Test.RenderTreeDiffBuilderTest" name="PassesThroughRegionsInsidePrependedElements" />
    </UnitTest>
    <UnitTest name="Microsoft.AspNetCore.Components.Routing.RouteTableFactoryTests.PrefersLiteralTemplateOverParameterizedTemplates" storage="/home/runner/work/aspnetcore/aspnetcore/artifacts/bin/microsoft.aspnetcore.components.tests/debug/net10.0/microsoft.aspnetcore.components.tests.dll" id="e12883d9-f2a1-8f1d-81a5-d6874a69e61c">
      <Execution id="ccaa203b-491b-417b-9e64-daeb5f81da3a" />
      <TestMethod codeBase="/home/runner/work/aspnetcore/aspnetcore/artifacts/bin/Microsoft.AspNetCore.Components.Tests/Debug/net10.0/Microsoft.AspNetCore.Components.Tests.dll" adapterTypeName="executor://xunit/VsTestRunner3/netcore/" className="Microsoft.AspNetCore.Components.Routing.RouteTableFactoryTests" name="PrefersLiteralTemplateOverParameterizedTemplates" />
    </UnitTest>
    <UnitTest name="Microsoft.AspNetCore.Components.PersistentStateValueProviderTests.Unsubscribe_RemovesCallbackFromRegisteredCallbacks" storage="/home/runner/work/aspnetcore/aspnetcore/artifacts/bin/microsoft.aspnetcore.components.tests/debug/net10.0/microsoft.aspnetcore.components.tests.dll" id="547e16e6-b4e4-b7dc-2721-5de4a2e1c2fa">
      <Execution id="9f8329a2-5c63-4962-acda-16713e440d15" />
      <TestMethod codeBase="/home/runner/work/aspnetcore/aspnetcore/artifacts/bin/Microsoft.AspNetCore.Components.Tests/Debug/net10.0/Microsoft.AspNetCore.Components.Tests.dll" adapterTypeName="executor://xunit/VsTestRunner3/netcore/" className="Microsoft.AspNetCore.Components.PersistentStateValueProviderTests" name="Unsubscribe_RemovesCallbackFromRegisteredCallbacks" />
    </UnitTest>
    <UnitTest name="Microsoft.AspNetCore.Components.NavigationManagerTest.GetUriWithQueryParameter_RemovesWhenParameterValueIsNull(baseUri: &quot;scheme://host/?full%20name=Sally%Smith&amp;age=42&amp;full&quot;···, expectedUri: &quot;scheme://host/?age=42&quot;)" storage="/home/runner/work/aspnetcore/aspnetcore/artifacts/bin/microsoft.aspnetcore.components.tests/debug/net10.0/microsoft.aspnetcore.components.tests.dll" id="3b0ff113-6126-a3c4-a31b-f6af15beb342">
      <Execution id="9d287ac6-5a92-481f-9b75-cc2f2837303d" />
      <TestMethod codeBase="/home/runner/work/aspnetcore/aspnetcore/artifacts/bin/Microsoft.AspNetCore.Components.Tests/Debug/net10.0/Microsoft.AspNetCore.Components.Tests.dll" adapterTypeName="executor://xunit/VsTestRunner3/netcore/" className="Microsoft.AspNetCore.Components.NavigationManagerTest" name="GetUriWithQueryParameter_RemovesWhenParameterValueIsNull" />
    </UnitTest>
    <UnitTest name="Microsoft.AspNetCore.Components.PersistentStateValueProviderTests.PersistAsync_UsesParentComponentType_WhenAvailable" storage="/home/runner/work/aspnetcore/aspnetcore/artifacts/bin/microsoft.aspnetcore.components.tests/debug/net10.0/microsoft.aspnetcore.components.tests.dll" id="6db8271f-c9b5-a6ce-d08a-ae04c8c1e851">
      <Execution id="37dfc22e-a2cc-47e4-afbf-e4b246c7a684" />
      <TestMethod codeBase="/home/runner/work/aspnetcore/aspnetcore/artifacts/bin/Microsoft.AspNetCore.Components.Tests/Debug/net10.0/Microsoft.AspNetCore.Components.Tests.dll" adapterTypeName="executor://xunit/VsTestRunner3/netcore/" className="Microsoft.AspNetCore.Components.PersistentStateValueProviderTests" name="PersistAsync_UsesParentComponentType_WhenAvailable" />
    </UnitTest>
    <UnitTest name="Microsoft.AspNetCore.Components.EventCallbackFactoryBinderExtensionsTest.CreateBinder_Enum" storage="/home/runner/work/aspnetcore/aspnetcore/artifacts/bin/microsoft.aspnetcore.components.tests/debug/net10.0/microsoft.aspnetcore.components.tests.dll" id="0af89d2f-3c16-7d42-a0f5-a711e4c2d4f9">
      <Execution id="678b9b78-2918-4a7b-ad4f-c5a7abbea492" />
      <TestMethod codeBase="/home/runner/work/aspnetcore/aspnetcore/artifacts/bin/Microsoft.AspNetCore.Components.Tests/Debug/net10.0/Microsoft.AspNetCore.Components.Tests.dll" adapterTypeName="executor://xunit/VsTestRunner3/netcore/" className="Microsoft.AspNetCore.Components.EventCallbackFactoryBinderExtensionsTest" name="CreateBinder_Enum" />
    </UnitTest>
    <UnitTest name="Microsoft.AspNetCore.Components.NavigationManagerTest.GetUriWithQueryParameter_RemovesWhenParameterValueIsNull(baseUri: &quot;scheme://host/#hash&quot;, expectedUri: &quot;scheme://host/#hash&quot;)" storage="/home/runner/work/aspnetcore/aspnetcore/artifacts/bin/microsoft.aspnetcore.components.tests/debug/net10.0/microsoft.aspnetcore.components.tests.dll" id="87cea312-be19-2fa4-f742-5323e715114e">
      <Execution id="b7d62df8-bc0e-4cc2-93f8-25955c3935d5" />
      <TestMethod codeBase="/home/runner/work/aspnetcore/aspnetcore/artifacts/bin/Microsoft.AspNetCore.Components.Tests/Debug/net10.0/Microsoft.AspNetCore.Components.Tests.dll" adapterTypeName="executor://xunit/VsTestRunner3/netcore/" className="Microsoft.AspNetCore.Components.NavigationManagerTest" name="GetUriWithQueryParameter_RemovesWhenParameterValueIsNull" />
    </UnitTest>
    <UnitTest name="Microsoft.AspNetCore.Components.ParameterViewTest.IncomingCascadingValueMatchesCascadingParameter_SetsValue" storage="/home/runner/work/aspnetcore/aspnetcore/artifacts/bin/microsoft.aspnetcore.components.tests/debug/net10.0/microsoft.aspnetcore.components.tests.dll" id="c71b2994-4608-52a3-7d71-f3ac12c59294">
      <Execution id="9a548462-a66f-4924-bbda-9f71029388f2" />
      <TestMethod codeBase="/home/runner/work/aspnetcore/aspnetcore/artifacts/bin/Microsoft.AspNetCore.Components.Tests/Debug/net10.0/Microsoft.AspNetCore.Components.Tests.dll" adapterTypeName="executor://xunit/VsTestRunner3/netcore/" className="Microsoft.AspNetCore.Components.ParameterViewTest" name="IncomingCascadingValueMatchesCascadingParameter_SetsValue" />
    </UnitTest>
    <UnitTest name="Microsoft.AspNetCore.Components.Routing.RoutePatternParserTests.InvalidTemplate_NonOptionalParamAfterOptionalParam" storage="/home/runner/work/aspnetcore/aspnetcore/artifacts/bin/microsoft.aspnetcore.components.tests/debug/net10.0/microsoft.aspnetcore.components.tests.dll" id="0091b289-0660-dba3-f682-4d4e6849e1ae">
      <Execution id="e8ac5714-498f-4b65-85e0-9aa17cedb89a" />
      <TestMethod codeBase="/home/runner/work/aspnetcore/aspnetcore/artifacts/bin/Microsoft.AspNetCore.Components.Tests/Debug/net10.0/Microsoft.AspNetCore.Components.Tests.dll" adapterTypeName="executor://xunit/VsTestRunner3/netcore/" className="Microsoft.AspNetCore.Components.Routing.RoutePatternParserTests" name="InvalidTemplate_NonOptionalParamAfterOptionalParam" />
    </UnitTest>
    <UnitTest name="Microsoft.AspNetCore.Components.Rendering.RendererSynchronizationContextTest.Post_CanRunAsynchronously_WhenBusy" storage="/home/runner/work/aspnetcore/aspnetcore/artifacts/bin/microsoft.aspnetcore.components.tests/debug/net10.0/microsoft.aspnetcore.components.tests.dll" id="8d5cbeab-4a4b-b492-2d44-19c118deac86">
      <Execution id="05db2fa9-19a8-46ca-a90d-6ae5b8c19e7f" />
      <TestMethod codeBase="/home/runner/work/aspnetcore/aspnetcore/artifacts/bin/Microsoft.AspNetCore.Components.Tests/Debug/net10.0/Microsoft.AspNetCore.Components.Tests.dll" adapterTypeName="executor://xunit/VsTestRunner3/netcore/" className="Microsoft.AspNetCore.Components.Rendering.RendererSynchronizationContextTest" name="Post_CanRunAsynchronously_WhenBusy" />
    </UnitTest>
    <UnitTest name="Microsoft.AspNetCore.Components.Routing.RouteTableFactoryTests.CanMatchCatchAllParametersWithConstraints" storage="/home/runner/work/aspnetcore/aspnetcore/artifacts/bin/microsoft.aspnetcore.components.tests/debug/net10.0/microsoft.aspnetcore.components.tests.dll" id="733827a3-0c42-f54e-39ac-687f767b99f8">
      <Execution id="9c05b5c7-fcb6-41d2-aaac-054e60c857ab" />
      <TestMethod codeBase="/home/runner/work/aspnetcore/aspnetcore/artifacts/bin/Microsoft.AspNetCore.Components.Tests/Debug/net10.0/Microsoft.AspNetCore.Components.Tests.dll" adapterTypeName="executor://xunit/VsTestRunner3/netcore/" className="Microsoft.AspNetCore.Components.Routing.RouteTableFactoryTests" name="CanMatchCatchAllParametersWithConstraints" />
    </UnitTest>
    <UnitTest name="Microsoft.AspNetCore.Components.ResourceAssetCollectionTest.CanCreateResourceCollection" storage="/home/runner/work/aspnetcore/aspnetcore/artifacts/bin/microsoft.aspnetcore.components.tests/debug/net10.0/microsoft.aspnetcore.components.tests.dll" id="dd2e5684-c705-e9a6-3ec2-10a48716f86a">
      <Execution id="01718103-cff9-4710-a63b-b47fb97e50b0" />
      <TestMethod codeBase="/home/runner/work/aspnetcore/aspnetcore/artifacts/bin/Microsoft.AspNetCore.Components.Tests/Debug/net10.0/Microsoft.AspNetCore.Components.Tests.dll" adapterTypeName="executor://xunit/VsTestRunner3/netcore/" className="Microsoft.AspNetCore.Components.ResourceAssetCollectionTest" name="CanCreateResourceCollection" />
    </UnitTest>
    <UnitTest name="Microsoft.AspNetCore.Components.EventCallbackTest.EventCallback_ActionT_Arg_ValueType" storage="/home/runner/work/aspnetcore/aspnetcore/artifacts/bin/microsoft.aspnetcore.components.tests/debug/net10.0/microsoft.aspnetcore.components.tests.dll" id="93c81460-f45a-eebe-781b-aac4218ce5db">
      <Execution id="45880616-ecee-4ac9-a968-7718705242bd" />
      <TestMethod codeBase="/home/runner/work/aspnetcore/aspnetcore/artifacts/bin/Microsoft.AspNetCore.Components.Tests/Debug/net10.0/Microsoft.AspNetCore.Components.Tests.dll" adapterTypeName="executor://xunit/VsTestRunner3/netcore/" className="Microsoft.AspNetCore.Components.EventCallbackTest" name="EventCallback_ActionT_Arg_ValueType" />
    </UnitTest>
    <UnitTest name="Microsoft.AspNetCore.Components.Test.RenderTreeDiffBuilderTest.CanChangeFrameTypeWithMatchingSequenceNumber" storage="/home/runner/work/aspnetcore/aspnetcore/artifacts/bin/microsoft.aspnetcore.components.tests/debug/net10.0/microsoft.aspnetcore.components.tests.dll" id="ce6a4ff5-99af-bd62-d0d2-6fcb7690b6ab">
      <Execution id="0ae3c1b4-20c9-4779-85f0-67fc3d39145c" />
      <TestMethod codeBase="/home/runner/work/aspnetcore/aspnetcore/artifacts/bin/Microsoft.AspNetCore.Components.Tests/Debug/net10.0/Microsoft.AspNetCore.Components.Tests.dll" adapterTypeName="executor://xunit/VsTestRunner3/netcore/" className="Microsoft.AspNetCore.Components.Test.RenderTreeDiffBuilderTest" name="CanChangeFrameTypeWithMatchingSequenceNumber" />
    </UnitTest>
    <UnitTest name="Microsoft.AspNetCore.Components.Routing.QueryParameterValueSupplierTest.RejectsUnparseableValues(key: &quot;NullableBoolVal&quot;, value: &quot;abc&quot;, targetType: typeof(bool?))" storage="/home/runner/work/aspnetcore/aspnetcore/artifacts/bin/microsoft.aspnetcore.components.tests/debug/net10.0/microsoft.aspnetcore.components.tests.dll" id="ea740c46-55ff-040b-d2aa-c02d600745bd">
      <Execution id="036948a3-59ed-42f5-b8b5-7012037f0513" />
      <TestMethod codeBase="/home/runner/work/aspnetcore/aspnetcore/artifacts/bin/Microsoft.AspNetCore.Components.Tests/Debug/net10.0/Microsoft.AspNetCore.Components.Tests.dll" adapterTypeName="executor://xunit/VsTestRunner3/netcore/" className="Microsoft.AspNetCore.Components.Routing.QueryParameterValueSupplierTest" name="RejectsUnparseableValues" />
    </UnitTest>
    <UnitTest name="Microsoft.AspNetCore.Components.ParameterViewTest.IncomingParameterValueMismatchesDeclaredParameterType_Throws" storage="/home/runner/work/aspnetcore/aspnetcore/artifacts/bin/microsoft.aspnetcore.components.tests/debug/net10.0/microsoft.aspnetcore.components.tests.dll" id="98ac3c5d-c0d0-f78a-4080-5f1e368b87ba">
      <Execution id="e4d4cd38-8353-4279-92dd-b29e32a90bc1" />
      <TestMethod codeBase="/home/runner/work/aspnetcore/aspnetcore/artifacts/bin/Microsoft.AspNetCore.Components.Tests/Debug/net10.0/Microsoft.AspNetCore.Components.Tests.dll" adapterTypeName="executor://xunit/VsTestRunner3/netcore/" className="Microsoft.AspNetCore.Components.ParameterViewTest" name="IncomingParameterValueMismatchesDeclaredParameterType_Throws" />
    </UnitTest>
    <UnitTest name="Microsoft.AspNetCore.Components.Rendering.RenderTreeBuilderTest.AddAttribute_Element_StringValue_AddsFrame" storage="/home/runner/work/aspnetcore/aspnetcore/artifacts/bin/microsoft.aspnetcore.components.tests/debug/net10.0/microsoft.aspnetcore.components.tests.dll" id="38adab21-fb23-2c8d-2eea-cf1eafb03982">
      <Execution id="db9532d8-e945-4cf8-978e-3713af3b93f9" />
      <TestMethod codeBase="/home/runner/work/aspnetcore/aspnetcore/artifacts/bin/Microsoft.AspNetCore.Components.Tests/Debug/net10.0/Microsoft.AspNetCore.Components.Tests.dll" adapterTypeName="executor://xunit/VsTestRunner3/netcore/" className="Microsoft.AspNetCore.Components.Rendering.RenderTreeBuilderTest" name="AddAttribute_Element_StringValue_AddsFrame" />
    </UnitTest>
    <UnitTest name="Microsoft.AspNetCore.Components.PersistentStateValueProviderTests.PersistAsync_CanPersistValueTypes_NullableTupleProperty" storage="/home/runner/work/aspnetcore/aspnetcore/artifacts/bin/microsoft.aspnetcore.components.tests/debug/net10.0/microsoft.aspnetcore.components.tests.dll" id="204ec68e-f4d9-ea5a-48a6-fd1ffb82ba4a">
      <Execution id="5500e91b-4828-4f7d-bbd0-44f2f0b1b89f" />
      <TestMethod codeBase="/home/runner/work/aspnetcore/aspnetcore/artifacts/bin/Microsoft.AspNetCore.Components.Tests/Debug/net10.0/Microsoft.AspNetCore.Components.Tests.dll" adapterTypeName="executor://xunit/VsTestRunner3/netcore/" className="Microsoft.AspNetCore.Components.PersistentStateValueProviderTests" name="PersistAsync_CanPersistValueTypes_NullableTupleProperty" />
    </UnitTest>
    <UnitTest name="Microsoft.AspNetCore.Components.Rendering.RenderTreeBuilderTest.CanAddComponentReferenceCaptureInsideComponent" storage="/home/runner/work/aspnetcore/aspnetcore/artifacts/bin/microsoft.aspnetcore.components.tests/debug/net10.0/microsoft.aspnetcore.components.tests.dll" id="2e10f293-2d1b-d96d-5956-1f1b02add547">
      <Execution id="80ece9c0-0378-4dc0-8b2c-7c9a5f8cd3db" />
      <TestMethod codeBase="/home/runner/work/aspnetcore/aspnetcore/artifacts/bin/Microsoft.AspNetCore.Components.Tests/Debug/net10.0/Microsoft.AspNetCore.Components.Tests.dll" adapterTypeName="executor://xunit/VsTestRunner3/netcore/" className="Microsoft.AspNetCore.Components.Rendering.RenderTreeBuilderTest" name="CanAddComponentReferenceCaptureInsideComponent" />
    </UnitTest>
    <UnitTest name="Microsoft.AspNetCore.Components.Routing.QueryParameterValueSupplierTest.RejectsUnparseableArrayEntries(key: &quot;DateTimeVals&quot;, validValue: &quot;2020-02-28&quot;, invalidValue: &quot;2020-02-31&quot;, targetType: typeof(System.DateTime))" storage="/home/runner/work/aspnetcore/aspnetcore/artifacts/bin/microsoft.aspnetcore.components.tests/debug/net10.0/microsoft.aspnetcore.components.tests.dll" id="8d1ec54f-6f2e-8913-a64b-6938483c7bdf">
      <Execution id="923da9e4-b161-4b23-9646-6d3ca0b631b6" />
      <TestMethod codeBase="/home/runner/work/aspnetcore/aspnetcore/artifacts/bin/Microsoft.AspNetCore.Components.Tests/Debug/net10.0/Microsoft.AspNetCore.Components.Tests.dll" adapterTypeName="executor://xunit/VsTestRunner3/netcore/" className="Microsoft.AspNetCore.Components.Routing.QueryParameterValueSupplierTest" name="RejectsUnparseableArrayEntries" />
    </UnitTest>
    <UnitTest name="Microsoft.AspNetCore.Components.Test.RendererTest.EventDispatching_EventCallbackOfT_MethodToDelegateConversion" storage="/home/runner/work/aspnetcore/aspnetcore/artifacts/bin/microsoft.aspnetcore.components.tests/debug/net10.0/microsoft.aspnetcore.components.tests.dll" id="f3b64202-f4c6-04cb-5f74-c90582389df6">
      <Execution id="07c83855-77f9-4165-9470-7cee978b2e75" />
      <TestMethod codeBase="/home/runner/work/aspnetcore/aspnetcore/artifacts/bin/Microsoft.AspNetCore.Components.Tests/Debug/net10.0/Microsoft.AspNetCore.Components.Tests.dll" adapterTypeName="executor://xunit/VsTestRunner3/netcore/" className="Microsoft.AspNetCore.Components.Test.RendererTest" name="EventDispatching_EventCallbackOfT_MethodToDelegateConversion" />
    </UnitTest>
    <UnitTest name="Microsoft.AspNetCore.Components.EventCallbackFactoryTest.CreateT_ActionT_Null" storage="/home/runner/work/aspnetcore/aspnetcore/artifacts/bin/microsoft.aspnetcore.components.tests/debug/net10.0/microsoft.aspnetcore.components.tests.dll" id="e14ecc4d-cd25-f90a-8302-d41af63d51ae">
      <Execution id="e547c4ad-140c-448b-b0ac-c41d9d7ca65b" />
      <TestMethod codeBase="/home/runner/work/aspnetcore/aspnetcore/artifacts/bin/Microsoft.AspNetCore.Components.Tests/Debug/net10.0/Microsoft.AspNetCore.Components.Tests.dll" adapterTypeName="executor://xunit/VsTestRunner3/netcore/" className="Microsoft.AspNetCore.Components.EventCallbackFactoryTest" name="CreateT_ActionT_Null" />
    </UnitTest>
    <UnitTest name="Microsoft.AspNetCore.Components.Test.RenderTreeDiffBuilderTest.RecognizesMarkupChanges" storage="/home/runner/work/aspnetcore/aspnetcore/artifacts/bin/microsoft.aspnetcore.components.tests/debug/net10.0/microsoft.aspnetcore.components.tests.dll" id="aa905d4f-80a3-c73d-f6a4-4f70a58f2dbb">
      <Execution id="80d10a44-be7b-40b8-ba4c-31fe56b0d587" />
      <TestMethod codeBase="/home/runner/work/aspnetcore/aspnetcore/artifacts/bin/Microsoft.AspNetCore.Components.Tests/Debug/net10.0/Microsoft.AspNetCore.Components.Tests.dll" adapterTypeName="executor://xunit/VsTestRunner3/netcore/" className="Microsoft.AspNetCore.Components.Test.RenderTreeDiffBuilderTest" name="RecognizesMarkupChanges" />
    </UnitTest>
    <UnitTest name="Microsoft.AspNetCore.Components.ParameterViewTest.NoIncomingCascadingValueMatchesDeclaredCascadingParameter_LeavesValueUnchanged" storage="/home/runner/work/aspnetcore/aspnetcore/artifacts/bin/microsoft.aspnetcore.components.tests/debug/net10.0/microsoft.aspnetcore.components.tests.dll" id="b0dcd56d-f1d6-d2ef-63cf-8ece759737e8">
      <Execution id="f334a056-d250-4edf-8992-eb0ba99b1ed0" />
      <TestMethod codeBase="/home/runner/work/aspnetcore/aspnetcore/artifacts/bin/Microsoft.AspNetCore.Components.Tests/Debug/net10.0/Microsoft.AspNetCore.Components.Tests.dll" adapterTypeName="executor://xunit/VsTestRunner3/netcore/" className="Microsoft.AspNetCore.Components.ParameterViewTest" name="NoIncomingCascadingValueMatchesDeclaredCascadingParameter_LeavesValueUnchanged" />
    </UnitTest>
    <UnitTest name="Microsoft.AspNetCore.Components.ParameterViewTest.IncomingParameterMatchesOverriddenParameter_ThatDoesNotHaveAttribute" storage="/home/runner/work/aspnetcore/aspnetcore/artifacts/bin/microsoft.aspnetcore.components.tests/debug/net10.0/microsoft.aspnetcore.components.tests.dll" id="683ec77b-946e-dd93-a0e4-b34828a13580">
      <Execution id="5d69e777-1754-46c9-adcb-52107fd4db3f" />
      <TestMethod codeBase="/home/runner/work/aspnetcore/aspnetcore/artifacts/bin/Microsoft.AspNetCore.Components.Tests/Debug/net10.0/Microsoft.AspNetCore.Components.Tests.dll" adapterTypeName="executor://xunit/VsTestRunner3/netcore/" className="Microsoft.AspNetCore.Components.ParameterViewTest" name="IncomingParameterMatchesOverriddenParameter_ThatDoesNotHaveAttribute" />
    </UnitTest>
    <UnitTest name="Microsoft.AspNetCore.Components.CascadingParameterStateTest.FindCascadingParameters_IfHasNoCascadingParameters_ReturnsEmpty" storage="/home/runner/work/aspnetcore/aspnetcore/artifacts/bin/microsoft.aspnetcore.components.tests/debug/net10.0/microsoft.aspnetcore.components.tests.dll" id="f7e32a31-f56c-1976-c253-135477df6b1a">
      <Execution id="5a601664-781b-42e5-9264-9b9dfdef7d71" />
      <TestMethod codeBase="/home/runner/work/aspnetcore/aspnetcore/artifacts/bin/Microsoft.AspNetCore.Components.Tests/Debug/net10.0/Microsoft.AspNetCore.Components.Tests.dll" adapterTypeName="executor://xunit/VsTestRunner3/netcore/" className="Microsoft.AspNetCore.Components.CascadingParameterStateTest" name="FindCascadingParameters_IfHasNoCascadingParameters_ReturnsEmpty" />
    </UnitTest>
    <UnitTest name="Microsoft.AspNetCore.Components.ComponentsMetricsTest.FailBatchSync_RecordsErrorMetric" storage="/home/runner/work/aspnetcore/aspnetcore/artifacts/bin/microsoft.aspnetcore.components.tests/debug/net10.0/microsoft.aspnetcore.components.tests.dll" id="1e423626-b1b3-acd3-ee64-66e4478ae98f">
      <Execution id="c5dba197-527e-4d9c-8b38-47dfce448762" />
      <TestMethod codeBase="/home/runner/work/aspnetcore/aspnetcore/artifacts/bin/Microsoft.AspNetCore.Components.Tests/Debug/net10.0/Microsoft.AspNetCore.Components.Tests.dll" adapterTypeName="executor://xunit/VsTestRunner3/netcore/" className="Microsoft.AspNetCore.Components.ComponentsMetricsTest" name="FailBatchSync_RecordsErrorMetric" />
    </UnitTest>
    <UnitTest name="Microsoft.AspNetCore.Components.NavigationManagerTest.ComputesCorrectValidBaseRelativePaths(baseUri: &quot;scheme://host/path/&quot;, uri: &quot;scheme://host/path/#hash&quot;, expectedResult: &quot;#hash&quot;)" storage="/home/runner/work/aspnetcore/aspnetcore/artifacts/bin/microsoft.aspnetcore.components.tests/debug/net10.0/microsoft.aspnetcore.components.tests.dll" id="5ce7a314-1554-ba75-14aa-f57c4a8483e6">
      <Execution id="77a554a0-cd76-452c-af11-5e9b6fbc1873" />
      <TestMethod codeBase="/home/runner/work/aspnetcore/aspnetcore/artifacts/bin/Microsoft.AspNetCore.Components.Tests/Debug/net10.0/Microsoft.AspNetCore.Components.Tests.dll" adapterTypeName="executor://xunit/VsTestRunner3/netcore/" className="Microsoft.AspNetCore.Components.NavigationManagerTest" name="ComputesCorrectValidBaseRelativePaths" />
    </UnitTest>
    <UnitTest name="Microsoft.AspNetCore.Components.Test.RendererTest.CanRenderAsyncComponentsWithMultipleAsyncChildren" storage="/home/runner/work/aspnetcore/aspnetcore/artifacts/bin/microsoft.aspnetcore.components.tests/debug/net10.0/microsoft.aspnetcore.components.tests.dll" id="0bf22924-5791-18ec-46eb-e9c337cff9c1">
      <Execution id="74faaf8a-f4fb-47fa-bcaf-77a76bc903c5" />
      <TestMethod codeBase="/home/runner/work/aspnetcore/aspnetcore/artifacts/bin/Microsoft.AspNetCore.Components.Tests/Debug/net10.0/Microsoft.AspNetCore.Components.Tests.dll" adapterTypeName="executor://xunit/VsTestRunner3/netcore/" className="Microsoft.AspNetCore.Components.Test.RendererTest" name="CanRenderAsyncComponentsWithMultipleAsyncChildren" />
    </UnitTest>
    <UnitTest name="Microsoft.AspNetCore.Components.Rendering.RenderTreeBuilderTest.ProcessDuplicateAttributes_SilentFrameFollowedBySameAttribute" storage="/home/runner/work/aspnetcore/aspnetcore/artifacts/bin/microsoft.aspnetcore.components.tests/debug/net10.0/microsoft.aspnetcore.components.tests.dll" id="2e244d6d-f149-02a5-c330-275c38ec6450">
      <Execution id="40c1f768-39ac-4997-8ec7-8d8f69c93a36" />
      <TestMethod codeBase="/home/runner/work/aspnetcore/aspnetcore/artifacts/bin/Microsoft.AspNetCore.Components.Tests/Debug/net10.0/Microsoft.AspNetCore.Components.Tests.dll" adapterTypeName="executor://xunit/VsTestRunner3/netcore/" className="Microsoft.AspNetCore.Components.Rendering.RenderTreeBuilderTest" name="ProcessDuplicateAttributes_SilentFrameFollowedBySameAttribute" />
    </UnitTest>
    <UnitTest name="Microsoft.AspNetCore.Components.BindConverterTest.FormatValue_Enum_OutOfRange" storage="/home/runner/work/aspnetcore/aspnetcore/artifacts/bin/microsoft.aspnetcore.components.tests/debug/net10.0/microsoft.aspnetcore.components.tests.dll" id="1f928e90-867b-a003-40e0-af24427d476e">
      <Execution id="ade774d3-65f3-402f-ae75-afb41c95f094" />
      <TestMethod codeBase="/home/runner/work/aspnetcore/aspnetcore/artifacts/bin/Microsoft.AspNetCore.Components.Tests/Debug/net10.0/Microsoft.AspNetCore.Components.Tests.dll" adapterTypeName="executor://xunit/VsTestRunner3/netcore/" className="Microsoft.AspNetCore.Components.BindConverterTest" name="FormatValue_Enum_OutOfRange" />
    </UnitTest>
    <UnitTest name="Microsoft.AspNetCore.Components.Test.RendererTest.RenderModeResolverCanSupplyComponent_WithComponentTypeRenderMode" storage="/home/runner/work/aspnetcore/aspnetcore/artifacts/bin/microsoft.aspnetcore.components.tests/debug/net10.0/microsoft.aspnetcore.components.tests.dll" id="c90cffb8-7886-9206-0f6d-ae5f6e2d2db8">
      <Execution id="9857a1ab-e35a-4bc3-af2d-107ea79e7a77" />
      <TestMethod codeBase="/home/runner/work/aspnetcore/aspnetcore/artifacts/bin/Microsoft.AspNetCore.Components.Tests/Debug/net10.0/Microsoft.AspNetCore.Components.Tests.dll" adapterTypeName="executor://xunit/VsTestRunner3/netcore/" className="Microsoft.AspNetCore.Components.Test.RendererTest" name="RenderModeResolverCanSupplyComponent_WithComponentTypeRenderMode" />
    </UnitTest>
    <UnitTest name="Microsoft.AspNetCore.Components.Test.RendererTest.NoHotReloadListenersAreRegistered_WhenMetadataUpdatesAreNotSupported" storage="/home/runner/work/aspnetcore/aspnetcore/artifacts/bin/microsoft.aspnetcore.components.tests/debug/net10.0/microsoft.aspnetcore.components.tests.dll" id="073e6733-72fc-7de4-4ef2-bd3101333097">
      <Execution id="ab50bb1c-cf94-42ad-896a-886718c37f00" />
      <TestMethod codeBase="/home/runner/work/aspnetcore/aspnetcore/artifacts/bin/Microsoft.AspNetCore.Components.Tests/Debug/net10.0/Microsoft.AspNetCore.Components.Tests.dll" adapterTypeName="executor://xunit/VsTestRunner3/netcore/" className="Microsoft.AspNetCore.Components.Test.RendererTest" name="NoHotReloadListenersAreRegistered_WhenMetadataUpdatesAreNotSupported" />
    </UnitTest>
    <UnitTest name="Microsoft.AspNetCore.Components.Routing.RouteTableFactoryTests.CanMatchSegmentWithMultipleConstraints(template: &quot;/{value:double:int?}/&quot;, contextUrl: &quot;/&quot;, convertedValue: null)" storage="/home/runner/work/aspnetcore/aspnetcore/artifacts/bin/microsoft.aspnetcore.components.tests/debug/net10.0/microsoft.aspnetcore.components.tests.dll" id="89641d7d-69df-219c-d49a-eeeef2f6e5bd">
      <Execution id="1b4328c6-1506-4ec6-9e17-5caa12fd1937" />
      <TestMethod codeBase="/home/runner/work/aspnetcore/aspnetcore/artifacts/bin/Microsoft.AspNetCore.Components.Tests/Debug/net10.0/Microsoft.AspNetCore.Components.Tests.dll" adapterTypeName="executor://xunit/VsTestRunner3/netcore/" className="Microsoft.AspNetCore.Components.Routing.RouteTableFactoryTests" name="CanMatchSegmentWithMultipleConstraints" />
    </UnitTest>
    <UnitTest name="Microsoft.AspNetCore.Components.RenderTree.ArrayBuilderTest.Insert_Works" storage="/home/runner/work/aspnetcore/aspnetcore/artifacts/bin/microsoft.aspnetcore.components.tests/debug/net10.0/microsoft.aspnetcore.components.tests.dll" id="9c519711-bd54-8221-1195-949eacd1eb87">
      <Execution id="2d93e652-db4f-4610-bb14-c1afb7729492" />
      <TestMethod codeBase="/home/runner/work/aspnetcore/aspnetcore/artifacts/bin/Microsoft.AspNetCore.Components.Tests/Debug/net10.0/Microsoft.AspNetCore.Components.Tests.dll" adapterTypeName="executor://xunit/VsTestRunner3/netcore/" className="Microsoft.AspNetCore.Components.RenderTree.ArrayBuilderTest" name="Insert_Works" />
    </UnitTest>
    <UnitTest name="Microsoft.AspNetCore.Components.Rendering.RenderTreeBuilderTest.AddAttribute_Element_ObjectAction_AddsFrame" storage="/home/runner/work/aspnetcore/aspnetcore/artifacts/bin/microsoft.aspnetcore.components.tests/debug/net10.0/microsoft.aspnetcore.components.tests.dll" id="cb12c13a-86c2-25e6-f696-1cdf57c984ed">
      <Execution id="86b0c245-df36-493c-a437-ba7d4a2919a0" />
      <TestMethod codeBase="/home/runner/work/aspnetcore/aspnetcore/artifacts/bin/Microsoft.AspNetCore.Components.Tests/Debug/net10.0/Microsoft.AspNetCore.Components.Tests.dll" adapterTypeName="executor://xunit/VsTestRunner3/netcore/" className="Microsoft.AspNetCore.Components.Rendering.RenderTreeBuilderTest" name="AddAttribute_Element_ObjectAction_AddsFrame" />
    </UnitTest>
    <UnitTest name="Microsoft.AspNetCore.Components.Test.CascadingParameterTest.StopsNotifyingDescendantsIfTheyAreRemoved" storage="/home/runner/work/aspnetcore/aspnetcore/artifacts/bin/microsoft.aspnetcore.components.tests/debug/net10.0/microsoft.aspnetcore.components.tests.dll" id="ed7a6be3-3697-84b7-bfd3-8de02e542b9d">
      <Execution id="aff67672-23bd-48fe-9e67-336112748b4d" />
      <TestMethod codeBase="/home/runner/work/aspnetcore/aspnetcore/artifacts/bin/Microsoft.AspNetCore.Components.Tests/Debug/net10.0/Microsoft.AspNetCore.Components.Tests.dll" adapterTypeName="executor://xunit/VsTestRunner3/netcore/" className="Microsoft.AspNetCore.Components.Test.CascadingParameterTest" name="StopsNotifyingDescendantsIfTheyAreRemoved" />
    </UnitTest>
    <UnitTest name="Microsoft.AspNetCore.Components.Routing.QueryParameterValueSupplierTest.RejectsBlankValuesWhenNotNullable(key: &quot;FloatVal&quot;, targetType: typeof(float))" storage="/home/runner/work/aspnetcore/aspnetcore/artifacts/bin/microsoft.aspnetcore.components.tests/debug/net10.0/microsoft.aspnetcore.components.tests.dll" id="7d28c52d-8a18-7edb-95b2-48155dd86277">
      <Execution id="b8985cbd-ff06-4f3b-a862-3fb9e3e3cd1b" />
      <TestMethod codeBase="/home/runner/work/aspnetcore/aspnetcore/artifacts/bin/Microsoft.AspNetCore.Components.Tests/Debug/net10.0/Microsoft.AspNetCore.Components.Tests.dll" adapterTypeName="executor://xunit/VsTestRunner3/netcore/" className="Microsoft.AspNetCore.Components.Routing.QueryParameterValueSupplierTest" name="RejectsBlankValuesWhenNotNullable" />
    </UnitTest>
    <UnitTest name="Microsoft.AspNetCore.Components.ComponentStatePersistenceManagerTest.RestoreStateAsync_ThrowsOnDoubleInitialization" storage="/home/runner/work/aspnetcore/aspnetcore/artifacts/bin/microsoft.aspnetcore.components.tests/debug/net10.0/microsoft.aspnetcore.components.tests.dll" id="f0f2cf6e-e91d-d6e3-e39e-345b40bd28a5">
      <Execution id="6b8d91d9-f35c-44c6-8a95-2064f85d9035" />
      <TestMethod codeBase="/home/runner/work/aspnetcore/aspnetcore/artifacts/bin/Microsoft.AspNetCore.Components.Tests/Debug/net10.0/Microsoft.AspNetCore.Components.Tests.dll" adapterTypeName="executor://xunit/VsTestRunner3/netcore/" className="Microsoft.AspNetCore.Components.ComponentStatePersistenceManagerTest" name="RestoreStateAsync_ThrowsOnDoubleInitialization" />
    </UnitTest>
    <UnitTest name="Microsoft.AspNetCore.Components.Routing.QueryParameterValueSupplierTest.RejectsBlankValuesWhenNotNullable(key: &quot;GuidVal&quot;, targetType: typeof(System.Guid))" storage="/home/runner/work/aspnetcore/aspnetcore/artifacts/bin/microsoft.aspnetcore.components.tests/debug/net10.0/microsoft.aspnetcore.components.tests.dll" id="b6e6b523-694e-75c6-dd7d-b9344edeb2fb">
      <Execution id="9d0eb5f8-786f-48a6-9628-490378bbf482" />
      <TestMethod codeBase="/home/runner/work/aspnetcore/aspnetcore/artifacts/bin/Microsoft.AspNetCore.Components.Tests/Debug/net10.0/Microsoft.AspNetCore.Components.Tests.dll" adapterTypeName="executor://xunit/VsTestRunner3/netcore/" className="Microsoft.AspNetCore.Components.Routing.QueryParameterValueSupplierTest" name="RejectsBlankValuesWhenNotNullable" />
    </UnitTest>
    <UnitTest name="Microsoft.AspNetCore.Components.Test.RendererTest.CanDispatchActionEventsToTopLevelComponents" storage="/home/runner/work/aspnetcore/aspnetcore/artifacts/bin/microsoft.aspnetcore.components.tests/debug/net10.0/microsoft.aspnetcore.components.tests.dll" id="a8679e2b-eb4c-db49-2910-f062c807e91e">
      <Execution id="b25918c6-5fec-41b7-9ac4-ea9d1192248f" />
      <TestMethod codeBase="/home/runner/work/aspnetcore/aspnetcore/artifacts/bin/Microsoft.AspNetCore.Components.Tests/Debug/net10.0/Microsoft.AspNetCore.Components.Tests.dll" adapterTypeName="executor://xunit/VsTestRunner3/netcore/" className="Microsoft.AspNetCore.Components.Test.RendererTest" name="CanDispatchActionEventsToTopLevelComponents" />
    </UnitTest>
    <UnitTest name="Microsoft.AspNetCore.Components.Rendering.RendererSynchronizationContextTest.Send_BlocksWhenOtherWorkRunning" storage="/home/runner/work/aspnetcore/aspnetcore/artifacts/bin/microsoft.aspnetcore.components.tests/debug/net10.0/microsoft.aspnetcore.components.tests.dll" id="ebd3a8e8-2309-ba7d-aa7a-ee01ab8f7c1c">
      <Execution id="284e1901-738f-4f2a-875e-80c6f65e556f" />
      <TestMethod codeBase="/home/runner/work/aspnetcore/aspnetcore/artifacts/bin/Microsoft.AspNetCore.Components.Tests/Debug/net10.0/Microsoft.AspNetCore.Components.Tests.dll" adapterTypeName="executor://xunit/VsTestRunner3/netcore/" className="Microsoft.AspNetCore.Components.Rendering.RendererSynchronizationContextTest" name="Send_BlocksWhenOtherWorkRunning" />
    </UnitTest>
    <UnitTest name="Microsoft.AspNetCore.Components.Test.RendererTest.CannotStartOverlappingBatches" storage="/home/runner/work/aspnetcore/aspnetcore/artifacts/bin/microsoft.aspnetcore.components.tests/debug/net10.0/microsoft.aspnetcore.components.tests.dll" id="d2f1f98f-3678-8cc2-c5ce-77210d53b79d">
      <Execution id="e9093faf-c72b-4380-893b-aab0109516e5" />
      <TestMethod codeBase="/home/runner/work/aspnetcore/aspnetcore/artifacts/bin/Microsoft.AspNetCore.Components.Tests/Debug/net10.0/Microsoft.AspNetCore.Components.Tests.dll" adapterTypeName="executor://xunit/VsTestRunner3/netcore/" className="Microsoft.AspNetCore.Components.Test.RendererTest" name="CannotStartOverlappingBatches" />
    </UnitTest>
    <UnitTest name="Microsoft.AspNetCore.Components.Rendering.RenderTreeBuilderTest.AddAttribute_Element_ObjectEventCallbackWithReceiver_AddsFrame" storage="/home/runner/work/aspnetcore/aspnetcore/artifacts/bin/microsoft.aspnetcore.components.tests/debug/net10.0/microsoft.aspnetcore.components.tests.dll" id="b32fbca2-fd96-6801-df4d-5e05fbbf16cd">
      <Execution id="05909e8d-5d14-4eeb-b5c6-96f5dcdb1f5e" />
      <TestMethod codeBase="/home/runner/work/aspnetcore/aspnetcore/artifacts/bin/Microsoft.AspNetCore.Components.Tests/Debug/net10.0/Microsoft.AspNetCore.Components.Tests.dll" adapterTypeName="executor://xunit/VsTestRunner3/netcore/" className="Microsoft.AspNetCore.Components.Rendering.RenderTreeBuilderTest" name="AddAttribute_Element_ObjectEventCallbackWithReceiver_AddsFrame" />
    </UnitTest>
    <UnitTest name="Microsoft.AspNetCore.Components.EventCallbackTest.EventCallbackOfT_ActionT_Null" storage="/home/runner/work/aspnetcore/aspnetcore/artifacts/bin/microsoft.aspnetcore.components.tests/debug/net10.0/microsoft.aspnetcore.components.tests.dll" id="de5a6185-bea1-cb52-01da-a42f801ea264">
      <Execution id="c2b8012c-3770-48a2-b353-f260762a4218" />
      <TestMethod codeBase="/home/runner/work/aspnetcore/aspnetcore/artifacts/bin/Microsoft.AspNetCore.Components.Tests/Debug/net10.0/Microsoft.AspNetCore.Components.Tests.dll" adapterTypeName="executor://xunit/VsTestRunner3/netcore/" className="Microsoft.AspNetCore.Components.EventCallbackTest" name="EventCallbackOfT_ActionT_Null" />
    </UnitTest>
    <UnitTest name="Microsoft.AspNetCore.Components.Test.RenderTreeDiffBuilderTest.RecognizesKeyedComponentDeletionsBeforeUnchangedNonKeyedComponent" storage="/home/runner/work/aspnetcore/aspnetcore/artifacts/bin/microsoft.aspnetcore.components.tests/debug/net10.0/microsoft.aspnetcore.components.tests.dll" id="9fd87f60-c659-68d5-7045-a42249c2539d">
      <Execution id="3ebe434c-f034-4cc9-862d-0fb070f2a5de" />
      <TestMethod codeBase="/home/runner/work/aspnetcore/aspnetcore/artifacts/bin/Microsoft.AspNetCore.Components.Tests/Debug/net10.0/Microsoft.AspNetCore.Components.Tests.dll" adapterTypeName="executor://xunit/VsTestRunner3/netcore/" className="Microsoft.AspNetCore.Components.Test.RenderTreeDiffBuilderTest" name="RecognizesKeyedComponentDeletionsBeforeUnchangedNonKeyedComponent" />
    </UnitTest>
    <UnitTest name="Microsoft.AspNetCore.Components.NavigationManagerTest.ComputesCorrectBaseUri(baseUri: &quot;scheme://host/path/page?query=string&amp;another=here&quot;, expectedResult: &quot;scheme://host/path/&quot;)" storage="/home/runner/work/aspnetcore/aspnetcore/artifacts/bin/microsoft.aspnetcore.components.tests/debug/net10.0/microsoft.aspnetcore.components.tests.dll" id="254d1888-b1e4-8f66-038c-d8db9de763c0">
      <Execution id="a7589770-a956-4ec9-944c-b52ec22b389a" />
      <TestMethod codeBase="/home/runner/work/aspnetcore/aspnetcore/artifacts/bin/Microsoft.AspNetCore.Components.Tests/Debug/net10.0/Microsoft.AspNetCore.Components.Tests.dll" adapterTypeName="executor://xunit/VsTestRunner3/netcore/" className="Microsoft.AspNetCore.Components.NavigationManagerTest" name="ComputesCorrectBaseUri" />
    </UnitTest>
    <UnitTest name="Microsoft.AspNetCore.Components.RenderTree.ArrayBuilderTest.Append_ThreeItem" storage="/home/runner/work/aspnetcore/aspnetcore/artifacts/bin/microsoft.aspnetcore.components.tests/debug/net10.0/microsoft.aspnetcore.components.tests.dll" id="80e10096-6405-0c56-1ed1-8d76341a3748">
      <Execution id="bdb5092b-1505-4bee-8051-a51b0f3c06b2" />
      <TestMethod codeBase="/home/runner/work/aspnetcore/aspnetcore/artifacts/bin/Microsoft.AspNetCore.Components.Tests/Debug/net10.0/Microsoft.AspNetCore.Components.Tests.dll" adapterTypeName="executor://xunit/VsTestRunner3/netcore/" className="Microsoft.AspNetCore.Components.RenderTree.ArrayBuilderTest" name="Append_ThreeItem" />
    </UnitTest>
    <UnitTest name="Microsoft.AspNetCore.Components.Test.RenderTreeDiffBuilderTest.RecognizesElementNameChangesAtSameSequenceNumber" storage="/home/runner/work/aspnetcore/aspnetcore/artifacts/bin/microsoft.aspnetcore.components.tests/debug/net10.0/microsoft.aspnetcore.components.tests.dll" id="a9e42b53-9333-9189-881e-217025c9e45b">
      <Execution id="d20c06aa-5b8a-4c91-9aba-157ecd687b29" />
      <TestMethod codeBase="/home/runner/work/aspnetcore/aspnetcore/artifacts/bin/Microsoft.AspNetCore.Components.Tests/Debug/net10.0/Microsoft.AspNetCore.Components.Tests.dll" adapterTypeName="executor://xunit/VsTestRunner3/netcore/" className="Microsoft.AspNetCore.Components.Test.RenderTreeDiffBuilderTest" name="RecognizesElementNameChangesAtSameSequenceNumber" />
    </UnitTest>
    <UnitTest name="Microsoft.AspNetCore.Components.Test.RenderTreeDiffBuilderTest.RecognizesKeyedComponentMoves" storage="/home/runner/work/aspnetcore/aspnetcore/artifacts/bin/microsoft.aspnetcore.components.tests/debug/net10.0/microsoft.aspnetcore.components.tests.dll" id="15678ccf-64e7-2783-8f0a-7b6798d23401">
      <Execution id="ba6ca320-42a0-4a55-87a2-08cf3de93dcb" />
      <TestMethod codeBase="/home/runner/work/aspnetcore/aspnetcore/artifacts/bin/Microsoft.AspNetCore.Components.Tests/Debug/net10.0/Microsoft.AspNetCore.Components.Tests.dll" adapterTypeName="executor://xunit/VsTestRunner3/netcore/" className="Microsoft.AspNetCore.Components.Test.RenderTreeDiffBuilderTest" name="RecognizesKeyedComponentMoves" />
    </UnitTest>
    <UnitTest name="Microsoft.AspNetCore.Components.NavigationManagerTest.GetUriWithQueryParameter_RemovesWhenParameterValueIsNull(baseUri: &quot;scheme://host/?full%20name=&quot;, expectedUri: &quot;scheme://host/&quot;)" storage="/home/runner/work/aspnetcore/aspnetcore/artifacts/bin/microsoft.aspnetcore.components.tests/debug/net10.0/microsoft.aspnetcore.components.tests.dll" id="b153c943-ecdf-3976-30b9-5de80d0b0611">
      <Execution id="90f7b3cc-e394-45bd-b6f7-6dfb4605727a" />
      <TestMethod codeBase="/home/runner/work/aspnetcore/aspnetcore/artifacts/bin/Microsoft.AspNetCore.Components.Tests/Debug/net10.0/Microsoft.AspNetCore.Components.Tests.dll" adapterTypeName="executor://xunit/VsTestRunner3/netcore/" className="Microsoft.AspNetCore.Components.NavigationManagerTest" name="GetUriWithQueryParameter_RemovesWhenParameterValueIsNull" />
    </UnitTest>
    <UnitTest name="Microsoft.AspNetCore.Components.Test.RenderTreeDiffBuilderTest.AttributeDiff_WithSameSequenceNumber_AttributeRemovedInMiddle" storage="/home/runner/work/aspnetcore/aspnetcore/artifacts/bin/microsoft.aspnetcore.components.tests/debug/net10.0/microsoft.aspnetcore.components.tests.dll" id="0c3e8352-e59e-5e9d-2482-66bbd824a79d">
      <Execution id="fa0dacec-f623-4f8e-ade1-9d9ed26e3a1a" />
      <TestMethod codeBase="/home/runner/work/aspnetcore/aspnetcore/artifacts/bin/Microsoft.AspNetCore.Components.Tests/Debug/net10.0/Microsoft.AspNetCore.Components.Tests.dll" adapterTypeName="executor://xunit/VsTestRunner3/netcore/" className="Microsoft.AspNetCore.Components.Test.RenderTreeDiffBuilderTest" name="AttributeDiff_WithSameSequenceNumber_AttributeRemovedInMiddle" />
    </UnitTest>
    <UnitTest name="Microsoft.AspNetCore.Components.Test.RenderTreeDiffBuilderTest.AttributeDiff_WithSequentialSequenceNumber_AttributeAddedInMiddle" storage="/home/runner/work/aspnetcore/aspnetcore/artifacts/bin/microsoft.aspnetcore.components.tests/debug/net10.0/microsoft.aspnetcore.components.tests.dll" id="1f55550d-79ec-9cbc-d258-412fde4e2031">
      <Execution id="4716a271-b078-4d77-9f7a-d2fff64a9105" />
      <TestMethod codeBase="/home/runner/work/aspnetcore/aspnetcore/artifacts/bin/Microsoft.AspNetCore.Components.Tests/Debug/net10.0/Microsoft.AspNetCore.Components.Tests.dll" adapterTypeName="executor://xunit/VsTestRunner3/netcore/" className="Microsoft.AspNetCore.Components.Test.RenderTreeDiffBuilderTest" name="AttributeDiff_WithSequentialSequenceNumber_AttributeAddedInMiddle" />
    </UnitTest>
    <UnitTest name="Microsoft.AspNetCore.Components.Test.RenderTreeDiffBuilderTest.CanMoveBeforeInsertedItem" storage="/home/runner/work/aspnetcore/aspnetcore/artifacts/bin/microsoft.aspnetcore.components.tests/debug/net10.0/microsoft.aspnetcore.components.tests.dll" id="ff61cd54-4209-a5c2-bf2c-efe14c9d2d6f">
      <Execution id="fcf082ac-7024-45bf-918e-0016b098766f" />
      <TestMethod codeBase="/home/runner/work/aspnetcore/aspnetcore/artifacts/bin/Microsoft.AspNetCore.Components.Tests/Debug/net10.0/Microsoft.AspNetCore.Components.Tests.dll" adapterTypeName="executor://xunit/VsTestRunner3/netcore/" className="Microsoft.AspNetCore.Components.Test.RenderTreeDiffBuilderTest" name="CanMoveBeforeInsertedItem" />
    </UnitTest>
    <UnitTest name="Microsoft.AspNetCore.Components.EventCallbackFactoryTest.Create_Action_Null" storage="/home/runner/work/aspnetcore/aspnetcore/artifacts/bin/microsoft.aspnetcore.components.tests/debug/net10.0/microsoft.aspnetcore.components.tests.dll" id="90b706b5-a0e9-4c9f-9dc3-e3cc9454f3ef">
      <Execution id="d96253c4-15ad-48f6-a881-37092ecc6ce8" />
      <TestMethod codeBase="/home/runner/work/aspnetcore/aspnetcore/artifacts/bin/Microsoft.AspNetCore.Components.Tests/Debug/net10.0/Microsoft.AspNetCore.Components.Tests.dll" adapterTypeName="executor://xunit/VsTestRunner3/netcore/" className="Microsoft.AspNetCore.Components.EventCallbackFactoryTest" name="Create_Action_Null" />
    </UnitTest>
    <UnitTest name="Microsoft.AspNetCore.Components.Test.CascadingParameterTest.CanUseTryAddPatternForCascadingValuesInServiceCollection_CascadingValueSource" storage="/home/runner/work/aspnetcore/aspnetcore/artifacts/bin/microsoft.aspnetcore.components.tests/debug/net10.0/microsoft.aspnetcore.components.tests.dll" id="bbbbbdcd-8874-a9b9-ab2b-ef3843ecf39f">
      <Execution id="cb95dd68-338f-46f4-a2fb-2620f1940345" />
      <TestMethod codeBase="/home/runner/work/aspnetcore/aspnetcore/artifacts/bin/Microsoft.AspNetCore.Components.Tests/Debug/net10.0/Microsoft.AspNetCore.Components.Tests.dll" adapterTypeName="executor://xunit/VsTestRunner3/netcore/" className="Microsoft.AspNetCore.Components.Test.CascadingParameterTest" name="CanUseTryAddPatternForCascadingValuesInServiceCollection_CascadingValueSource" />
    </UnitTest>
    <UnitTest name="Microsoft.AspNetCore.Components.DynamicComponentTest.CanRenderComponentByTypeWithParameters" storage="/home/runner/work/aspnetcore/aspnetcore/artifacts/bin/microsoft.aspnetcore.components.tests/debug/net10.0/microsoft.aspnetcore.components.tests.dll" id="1c5263d3-f97a-e400-bb9e-490fdd53a2e7">
      <Execution id="ed446bea-1b51-4aaf-b812-6b45b3775a31" />
      <TestMethod codeBase="/home/runner/work/aspnetcore/aspnetcore/artifacts/bin/Microsoft.AspNetCore.Components.Tests/Debug/net10.0/Microsoft.AspNetCore.Components.Tests.dll" adapterTypeName="executor://xunit/VsTestRunner3/netcore/" className="Microsoft.AspNetCore.Components.DynamicComponentTest" name="CanRenderComponentByTypeWithParameters" />
    </UnitTest>
    <UnitTest name="Microsoft.AspNetCore.Components.Test.RendererTest.ExceptionsThrownSynchronouslyFromMultipleComponentsCanBeHandled" storage="/home/runner/work/aspnetcore/aspnetcore/artifacts/bin/microsoft.aspnetcore.components.tests/debug/net10.0/microsoft.aspnetcore.components.tests.dll" id="698be713-7c8c-a4d5-ca15-109742b446a6">
      <Execution id="a875c705-c060-49a4-b285-54ea0dbb4c0d" />
      <TestMethod codeBase="/home/runner/work/aspnetcore/aspnetcore/artifacts/bin/Microsoft.AspNetCore.Components.Tests/Debug/net10.0/Microsoft.AspNetCore.Components.Tests.dll" adapterTypeName="executor://xunit/VsTestRunner3/netcore/" className="Microsoft.AspNetCore.Components.Test.RendererTest" name="ExceptionsThrownSynchronouslyFromMultipleComponentsCanBeHandled" />
    </UnitTest>
    <UnitTest name="Microsoft.AspNetCore.Components.Test.RendererTest.ReRendersChildComponentsWhenPropertiesChange" storage="/home/runner/work/aspnetcore/aspnetcore/artifacts/bin/microsoft.aspnetcore.components.tests/debug/net10.0/microsoft.aspnetcore.components.tests.dll" id="7e560910-18ba-7409-cc96-344ad0715c1f">
      <Execution id="4d35745a-310e-444d-9c6a-be4ae28ac779" />
      <TestMethod codeBase="/home/runner/work/aspnetcore/aspnetcore/artifacts/bin/Microsoft.AspNetCore.Components.Tests/Debug/net10.0/Microsoft.AspNetCore.Components.Tests.dll" adapterTypeName="executor://xunit/VsTestRunner3/netcore/" className="Microsoft.AspNetCore.Components.Test.RendererTest" name="ReRendersChildComponentsWhenPropertiesChange" />
    </UnitTest>
    <UnitTest name="Microsoft.AspNetCore.Components.ParameterViewTest.HasDuplicateCaptureUnmatchedValuesParameters_Throws" storage="/home/runner/work/aspnetcore/aspnetcore/artifacts/bin/microsoft.aspnetcore.components.tests/debug/net10.0/microsoft.aspnetcore.components.tests.dll" id="c6a29e9c-75e6-4688-a5b4-390c4a86d531">
      <Execution id="aa5a8ca6-2366-44aa-86c0-8243580bfde6" />
      <TestMethod codeBase="/home/runner/work/aspnetcore/aspnetcore/artifacts/bin/Microsoft.AspNetCore.Components.Tests/Debug/net10.0/Microsoft.AspNetCore.Components.Tests.dll" adapterTypeName="executor://xunit/VsTestRunner3/netcore/" className="Microsoft.AspNetCore.Components.ParameterViewTest" name="HasDuplicateCaptureUnmatchedValuesParameters_Throws" />
    </UnitTest>
    <UnitTest name="Microsoft.AspNetCore.Components.NavigationManagerTest.Initialize_ThrowsForInvalidBaseRelativePaths(baseUri: &quot;scheme://host/path/&quot;, absoluteUri: &quot;scheme://host/&quot;)" storage="/home/runner/work/aspnetcore/aspnetcore/artifacts/bin/microsoft.aspnetcore.components.tests/debug/net10.0/microsoft.aspnetcore.components.tests.dll" id="c2186276-e9c1-54a2-1d03-21beb3a481da">
      <Execution id="c28db47c-b572-4c53-b067-77150d62664a" />
      <TestMethod codeBase="/home/runner/work/aspnetcore/aspnetcore/artifacts/bin/Microsoft.AspNetCore.Components.Tests/Debug/net10.0/Microsoft.AspNetCore.Components.Tests.dll" adapterTypeName="executor://xunit/VsTestRunner3/netcore/" className="Microsoft.AspNetCore.Components.NavigationManagerTest" name="Initialize_ThrowsForInvalidBaseRelativePaths" />
    </UnitTest>
    <UnitTest name="Microsoft.AspNetCore.Components.Rendering.RenderTreeBuilderTest.ProcessDuplicateAttributes_StopsAtFirstNonAttributeFrame_Content" storage="/home/runner/work/aspnetcore/aspnetcore/artifacts/bin/microsoft.aspnetcore.components.tests/debug/net10.0/microsoft.aspnetcore.components.tests.dll" id="afc3fae3-132c-7e62-823b-4cb1c5692e93">
      <Execution id="a13e106b-b2e8-4ac3-8bb9-efffa5c3c936" />
      <TestMethod codeBase="/home/runner/work/aspnetcore/aspnetcore/artifacts/bin/Microsoft.AspNetCore.Components.Tests/Debug/net10.0/Microsoft.AspNetCore.Components.Tests.dll" adapterTypeName="executor://xunit/VsTestRunner3/netcore/" className="Microsoft.AspNetCore.Components.Rendering.RenderTreeBuilderTest" name="ProcessDuplicateAttributes_StopsAtFirstNonAttributeFrame_Content" />
    </UnitTest>
    <UnitTest name="Microsoft.AspNetCore.Components.Test.RenderTreeDiffBuilderTest.RecognizesAttributeNamesChangedAtSameSourceSequence" storage="/home/runner/work/aspnetcore/aspnetcore/artifacts/bin/microsoft.aspnetcore.components.tests/debug/net10.0/microsoft.aspnetcore.components.tests.dll" id="af511287-7726-fcbe-aa8b-a5ad524834fb">
      <Execution id="2e0190fa-a39c-416e-b84d-8ebe5ece27d7" />
      <TestMethod codeBase="/home/runner/work/aspnetcore/aspnetcore/artifacts/bin/Microsoft.AspNetCore.Components.Tests/Debug/net10.0/Microsoft.AspNetCore.Components.Tests.dll" adapterTypeName="executor://xunit/VsTestRunner3/netcore/" className="Microsoft.AspNetCore.Components.Test.RenderTreeDiffBuilderTest" name="RecognizesAttributeNamesChangedAtSameSourceSequence" />
    </UnitTest>
    <UnitTest name="Microsoft.AspNetCore.Components.NavigationManagerTest.ComputesCorrectValidBaseRelativePaths(baseUri: &quot;scheme://host/path/&quot;, uri: &quot;scheme://host/path/&quot;, expectedResult: &quot;&quot;)" storage="/home/runner/work/aspnetcore/aspnetcore/artifacts/bin/microsoft.aspnetcore.components.tests/debug/net10.0/microsoft.aspnetcore.components.tests.dll" id="9a0df7ab-2eac-e0f0-703a-55195e1442f8">
      <Execution id="02dec1b2-7bd6-4110-8f1c-b579fb8041b6" />
      <TestMethod codeBase="/home/runner/work/aspnetcore/aspnetcore/artifacts/bin/Microsoft.AspNetCore.Components.Tests/Debug/net10.0/Microsoft.AspNetCore.Components.Tests.dll" adapterTypeName="executor://xunit/VsTestRunner3/netcore/" className="Microsoft.AspNetCore.Components.NavigationManagerTest" name="ComputesCorrectValidBaseRelativePaths" />
    </UnitTest>
    <UnitTest name="Microsoft.AspNetCore.Components.NavigationManagerTest.GetUriWithQueryParameters_SupportsEnumerableValues(baseUri: &quot;scheme://host/?full%20name=Bob%20Joe&amp;ping=8&amp;ping=3&quot;···, expectedUri: &quot;scheme://host/?full%20name=John%20Doe&amp;ping=35&amp;ping&quot;···)" storage="/home/runner/work/aspnetcore/aspnetcore/artifacts/bin/microsoft.aspnetcore.components.tests/debug/net10.0/microsoft.aspnetcore.components.tests.dll" id="93a5281a-ebfb-eeca-fee9-aebbcf88224e">
      <Execution id="45d2d076-ef08-4c48-9b2e-2042c523ae52" />
      <TestMethod codeBase="/home/runner/work/aspnetcore/aspnetcore/artifacts/bin/Microsoft.AspNetCore.Components.Tests/Debug/net10.0/Microsoft.AspNetCore.Components.Tests.dll" adapterTypeName="executor://xunit/VsTestRunner3/netcore/" className="Microsoft.AspNetCore.Components.NavigationManagerTest" name="GetUriWithQueryParameters_SupportsEnumerableValues" />
    </UnitTest>
    <UnitTest name="Microsoft.AspNetCore.Components.Test.RenderTreeDiffBuilderTest.CanMoveAfterInsertedItem" storage="/home/runner/work/aspnetcore/aspnetcore/artifacts/bin/microsoft.aspnetcore.components.tests/debug/net10.0/microsoft.aspnetcore.components.tests.dll" id="bfe0045e-ee59-78a3-78a7-244d016d887c">
      <Execution id="06a54cd7-fe78-4a81-9f7f-45308e8d1017" />
      <TestMethod codeBase="/home/runner/work/aspnetcore/aspnetcore/artifacts/bin/Microsoft.AspNetCore.Components.Tests/Debug/net10.0/Microsoft.AspNetCore.Components.Tests.dll" adapterTypeName="executor://xunit/VsTestRunner3/netcore/" className="Microsoft.AspNetCore.Components.Test.RenderTreeDiffBuilderTest" name="CanMoveAfterInsertedItem" />
    </UnitTest>
    <UnitTest name="Microsoft.AspNetCore.Components.Routing.RouteTableFactoryTests.CanMatchParameterTemplate(path: &quot;/value1&quot;, expectedValue: &quot;value1&quot;)" storage="/home/runner/work/aspnetcore/aspnetcore/artifacts/bin/microsoft.aspnetcore.components.tests/debug/net10.0/microsoft.aspnetcore.components.tests.dll" id="a90615ce-8d14-43c7-0c2e-bace075f37d3">
      <Execution id="2e72bab8-8f47-4ae0-bbda-13e5168f1145" />
      <TestMethod codeBase="/home/runner/work/aspnetcore/aspnetcore/artifacts/bin/Microsoft.AspNetCore.Components.Tests/Debug/net10.0/Microsoft.AspNetCore.Components.Tests.dll" adapterTypeName="executor://xunit/VsTestRunner3/netcore/" className="Microsoft.AspNetCore.Components.Routing.RouteTableFactoryTests" name="CanMatchParameterTemplate" />
    </UnitTest>
    <UnitTest name="Microsoft.AspNetCore.Components.NavigationManagerTest.GetUriWithQueryParameter_RemovesWhenParameterValueIsNull(baseUri: &quot;scheme://host/?full%20name=Bob#hash&quot;, expectedUri: &quot;scheme://host/#hash&quot;)" storage="/home/runner/work/aspnetcore/aspnetcore/artifacts/bin/microsoft.aspnetcore.components.tests/debug/net10.0/microsoft.aspnetcore.components.tests.dll" id="d65cdade-16b8-3c1d-fc9e-9c61c103b970">
      <Execution id="b114e930-adc3-4485-acf9-79a0a2c15b96" />
      <TestMethod codeBase="/home/runner/work/aspnetcore/aspnetcore/artifacts/bin/Microsoft.AspNetCore.Components.Tests/Debug/net10.0/Microsoft.AspNetCore.Components.Tests.dll" adapterTypeName="executor://xunit/VsTestRunner3/netcore/" className="Microsoft.AspNetCore.Components.NavigationManagerTest" name="GetUriWithQueryParameter_RemovesWhenParameterValueIsNull" />
    </UnitTest>
    <UnitTest name="Microsoft.AspNetCore.Components.CascadingParameterStateTest.FindCascadingParameters_TypeAssignmentIsInvalidForNullValue_ReturnsEmpty" storage="/home/runner/work/aspnetcore/aspnetcore/artifacts/bin/microsoft.aspnetcore.components.tests/debug/net10.0/microsoft.aspnetcore.components.tests.dll" id="84c71a67-f626-81b7-73d2-d813713fab8c">
      <Execution id="121a474f-a4bc-4586-8c6e-59503126f522" />
      <TestMethod codeBase="/home/runner/work/aspnetcore/aspnetcore/artifacts/bin/Microsoft.AspNetCore.Components.Tests/Debug/net10.0/Microsoft.AspNetCore.Components.Tests.dll" adapterTypeName="executor://xunit/VsTestRunner3/netcore/" className="Microsoft.AspNetCore.Components.CascadingParameterStateTest" name="FindCascadingParameters_TypeAssignmentIsInvalidForNullValue_ReturnsEmpty" />
    </UnitTest>
    <UnitTest name="Microsoft.AspNetCore.Components.Rendering.RenderTreeBuilderTest.AddComponentParameter_Component_EventCallback_AddsFrame" storage="/home/runner/work/aspnetcore/aspnetcore/artifacts/bin/microsoft.aspnetcore.components.tests/debug/net10.0/microsoft.aspnetcore.components.tests.dll" id="b650292d-7608-730d-1109-e36b9cc5667b">
      <Execution id="db795d7d-1fc7-45d9-8a06-4bbd28ea2640" />
      <TestMethod codeBase="/home/runner/work/aspnetcore/aspnetcore/artifacts/bin/Microsoft.AspNetCore.Components.Tests/Debug/net10.0/Microsoft.AspNetCore.Components.Tests.dll" adapterTypeName="executor://xunit/VsTestRunner3/netcore/" className="Microsoft.AspNetCore.Components.Rendering.RenderTreeBuilderTest" name="AddComponentParameter_Component_EventCallback_AddsFrame" />
    </UnitTest>
    <UnitTest name="Microsoft.AspNetCore.Components.EventCallbackTest.EventCallback_ActionT_Null" storage="/home/runner/work/aspnetcore/aspnetcore/artifacts/bin/microsoft.aspnetcore.components.tests/debug/net10.0/microsoft.aspnetcore.components.tests.dll" id="95acfdec-608c-57ba-251e-496c7c8efc83">
      <Execution id="7d1b5453-07b2-4039-9ffa-5e60027c9965" />
      <TestMethod codeBase="/home/runner/work/aspnetcore/aspnetcore/artifacts/bin/Microsoft.AspNetCore.Components.Tests/Debug/net10.0/Microsoft.AspNetCore.Components.Tests.dll" adapterTypeName="executor://xunit/VsTestRunner3/netcore/" className="Microsoft.AspNetCore.Components.EventCallbackTest" name="EventCallback_ActionT_Null" />
    </UnitTest>
    <UnitTest name="Microsoft.AspNetCore.Components.Routing.QueryParameterValueSupplierTest.RejectsBlankValuesWhenNotNullable(key: &quot;DateTimeVal&quot;, targetType: typeof(System.DateTime))" storage="/home/runner/work/aspnetcore/aspnetcore/artifacts/bin/microsoft.aspnetcore.components.tests/debug/net10.0/microsoft.aspnetcore.components.tests.dll" id="9e45bbf7-9b38-a56c-d6b6-0921e2c45ca2">
      <Execution id="7490ebbb-73e5-46d2-aa9b-a498ae9994fa" />
      <TestMethod codeBase="/home/runner/work/aspnetcore/aspnetcore/artifacts/bin/Microsoft.AspNetCore.Components.Tests/Debug/net10.0/Microsoft.AspNetCore.Components.Tests.dll" adapterTypeName="executor://xunit/VsTestRunner3/netcore/" className="Microsoft.AspNetCore.Components.Routing.QueryParameterValueSupplierTest" name="RejectsBlankValuesWhenNotNullable" />
    </UnitTest>
    <UnitTest name="Microsoft.AspNetCore.Components.Rendering.RendererSynchronizationContextTest.InvokeAsync_FuncT_CanReportCancellation" storage="/home/runner/work/aspnetcore/aspnetcore/artifacts/bin/microsoft.aspnetcore.components.tests/debug/net10.0/microsoft.aspnetcore.components.tests.dll" id="6be97f92-4505-aedc-f92b-2bcaf8783730">
      <Execution id="995e835c-e9a6-4ff9-8088-7724545d0168" />
      <TestMethod codeBase="/home/runner/work/aspnetcore/aspnetcore/artifacts/bin/Microsoft.AspNetCore.Components.Tests/Debug/net10.0/Microsoft.AspNetCore.Components.Tests.dll" adapterTypeName="executor://xunit/VsTestRunner3/netcore/" className="Microsoft.AspNetCore.Components.Rendering.RendererSynchronizationContextTest" name="InvokeAsync_FuncT_CanReportCancellation" />
    </UnitTest>
    <UnitTest name="Microsoft.AspNetCore.Components.Test.RendererTest.CanAsyncDispatchTypedEventsToTopLevelComponents" storage="/home/runner/work/aspnetcore/aspnetcore/artifacts/bin/microsoft.aspnetcore.components.tests/debug/net10.0/microsoft.aspnetcore.components.tests.dll" id="d39bdf3c-43fa-e887-837f-eeed130461ea">
      <Execution id="bf2893cd-546e-45eb-bd52-7600ffca1cb9" />
      <TestMethod codeBase="/home/runner/work/aspnetcore/aspnetcore/artifacts/bin/Microsoft.AspNetCore.Components.Tests/Debug/net10.0/Microsoft.AspNetCore.Components.Tests.dll" adapterTypeName="executor://xunit/VsTestRunner3/netcore/" className="Microsoft.AspNetCore.Components.Test.RendererTest" name="CanAsyncDispatchTypedEventsToTopLevelComponents" />
    </UnitTest>
    <UnitTest name="Microsoft.AspNetCore.Components.Rendering.RenderTreeBuilderTest.CanAddElementReferenceCaptureInsideElement" storage="/home/runner/work/aspnetcore/aspnetcore/artifacts/bin/microsoft.aspnetcore.components.tests/debug/net10.0/microsoft.aspnetcore.components.tests.dll" id="fa5582aa-0969-8329-ed20-a544bc2493f0">
      <Execution id="166e353d-bfe7-4c74-8102-e82ec9cc588b" />
      <TestMethod codeBase="/home/runner/work/aspnetcore/aspnetcore/artifacts/bin/Microsoft.AspNetCore.Components.Tests/Debug/net10.0/Microsoft.AspNetCore.Components.Tests.dll" adapterTypeName="executor://xunit/VsTestRunner3/netcore/" className="Microsoft.AspNetCore.Components.Rendering.RenderTreeBuilderTest" name="CanAddElementReferenceCaptureInsideElement" />
    </UnitTest>
    <UnitTest name="Microsoft.AspNetCore.Components.Test.ComponentBaseTest.RendersAfterParametersSetAsyncTaskIsCompleted" storage="/home/runner/work/aspnetcore/aspnetcore/artifacts/bin/microsoft.aspnetcore.components.tests/debug/net10.0/microsoft.aspnetcore.components.tests.dll" id="d69ea769-776f-cbe5-49b4-4fd448ad0738">
      <Execution id="d74389f8-8202-4c48-85c1-aad3114a465d" />
      <TestMethod codeBase="/home/runner/work/aspnetcore/aspnetcore/artifacts/bin/Microsoft.AspNetCore.Components.Tests/Debug/net10.0/Microsoft.AspNetCore.Components.Tests.dll" adapterTypeName="executor://xunit/VsTestRunner3/netcore/" className="Microsoft.AspNetCore.Components.Test.ComponentBaseTest" name="RendersAfterParametersSetAsyncTaskIsCompleted" />
    </UnitTest>
    <UnitTest name="Microsoft.AspNetCore.Components.Rendering.RenderTreeBuilderTest.ReportsUnclosedElementAsInvalid" storage="/home/runner/work/aspnetcore/aspnetcore/artifacts/bin/microsoft.aspnetcore.components.tests/debug/net10.0/microsoft.aspnetcore.components.tests.dll" id="f02dc63b-ead9-3c5e-d37a-8d294dbfd3e9">
      <Execution id="2b883802-1bad-4a5a-af10-22eb1403c675" />
      <TestMethod codeBase="/home/runner/work/aspnetcore/aspnetcore/artifacts/bin/Microsoft.AspNetCore.Components.Tests/Debug/net10.0/Microsoft.AspNetCore.Components.Tests.dll" adapterTypeName="executor://xunit/VsTestRunner3/netcore/" className="Microsoft.AspNetCore.Components.Rendering.RenderTreeBuilderTest" name="ReportsUnclosedElementAsInvalid" />
    </UnitTest>
    <UnitTest name="Microsoft.AspNetCore.Components.NavigationManagerTest.GetUriWithQueryParameters_SupportsEnumerableValues(baseUri: &quot;scheme://host/?ping=8&amp;ping=300&amp;ping=50&amp;ping=68&amp;pin&quot;···, expectedUri: &quot;scheme://host/?ping=35&amp;ping=16&amp;ping=87&amp;ping=240&amp;fu&quot;···)" storage="/home/runner/work/aspnetcore/aspnetcore/artifacts/bin/microsoft.aspnetcore.components.tests/debug/net10.0/microsoft.aspnetcore.components.tests.dll" id="e550075f-ec03-582a-ae35-c5745bd8c000">
      <Execution id="d6c01809-2fdc-4bc2-9fc7-111a7cb6ead7" />
      <TestMethod codeBase="/home/runner/work/aspnetcore/aspnetcore/artifacts/bin/Microsoft.AspNetCore.Components.Tests/Debug/net10.0/Microsoft.AspNetCore.Components.Tests.dll" adapterTypeName="executor://xunit/VsTestRunner3/netcore/" className="Microsoft.AspNetCore.Components.NavigationManagerTest" name="GetUriWithQueryParameters_SupportsEnumerableValues" />
    </UnitTest>
    <UnitTest name="Microsoft.AspNetCore.Components.EventCallbackFactoryTest.Create_FuncTTask_DifferentReceiver" storage="/home/runner/work/aspnetcore/aspnetcore/artifacts/bin/microsoft.aspnetcore.components.tests/debug/net10.0/microsoft.aspnetcore.components.tests.dll" id="1cf648e1-78bd-98ec-46ff-0da29754143a">
      <Execution id="7dfe2cf9-7e03-46fd-93ab-f449d88719e0" />
      <TestMethod codeBase="/home/runner/work/aspnetcore/aspnetcore/artifacts/bin/Microsoft.AspNetCore.Components.Tests/Debug/net10.0/Microsoft.AspNetCore.Components.Tests.dll" adapterTypeName="executor://xunit/VsTestRunner3/netcore/" className="Microsoft.AspNetCore.Components.EventCallbackFactoryTest" name="Create_FuncTTask_DifferentReceiver" />
    </UnitTest>
    <UnitTest name="Microsoft.AspNetCore.Components.EventCallbackFactoryBinderExtensionsTest.CreateBinder_Double" storage="/home/runner/work/aspnetcore/aspnetcore/artifacts/bin/microsoft.aspnetcore.components.tests/debug/net10.0/microsoft.aspnetcore.components.tests.dll" id="84aaef3e-848b-89c6-f120-0b3bbfa75f5f">
      <Execution id="8d3778b0-afde-4d87-a5d3-80d85991fc5d" />
      <TestMethod codeBase="/home/runner/work/aspnetcore/aspnetcore/artifacts/bin/Microsoft.AspNetCore.Components.Tests/Debug/net10.0/Microsoft.AspNetCore.Components.Tests.dll" adapterTypeName="executor://xunit/VsTestRunner3/netcore/" className="Microsoft.AspNetCore.Components.EventCallbackFactoryBinderExtensionsTest" name="CreateBinder_Double" />
    </UnitTest>
    <UnitTest name="Microsoft.AspNetCore.Components.Test.RenderTreeDiffBuilderTest.CanMoveAfterDeletedItem" storage="/home/runner/work/aspnetcore/aspnetcore/artifacts/bin/microsoft.aspnetcore.components.tests/debug/net10.0/microsoft.aspnetcore.components.tests.dll" id="b9a276e6-46d2-7847-5571-499e8bbd6878">
      <Execution id="b5b50570-49ea-4b01-a007-c3bb990ef57e" />
      <TestMethod codeBase="/home/runner/work/aspnetcore/aspnetcore/artifacts/bin/Microsoft.AspNetCore.Components.Tests/Debug/net10.0/Microsoft.AspNetCore.Components.Tests.dll" adapterTypeName="executor://xunit/VsTestRunner3/netcore/" className="Microsoft.AspNetCore.Components.Test.RenderTreeDiffBuilderTest" name="CanMoveAfterDeletedItem" />
    </UnitTest>
    <UnitTest name="Microsoft.AspNetCore.Components.Routing.RoutePatternParserTests.Parse_MultipleParameters" storage="/home/runner/work/aspnetcore/aspnetcore/artifacts/bin/microsoft.aspnetcore.components.tests/debug/net10.0/microsoft.aspnetcore.components.tests.dll" id="f4ab9703-6ef6-e663-52f0-542ec15f2250">
      <Execution id="bcd1175b-bbd6-4f4e-a660-d0521ae4c1b3" />
      <TestMethod codeBase="/home/runner/work/aspnetcore/aspnetcore/artifacts/bin/Microsoft.AspNetCore.Components.Tests/Debug/net10.0/Microsoft.AspNetCore.Components.Tests.dll" adapterTypeName="executor://xunit/VsTestRunner3/netcore/" className="Microsoft.AspNetCore.Components.Routing.RoutePatternParserTests" name="Parse_MultipleParameters" />
    </UnitTest>
    <UnitTest name="Microsoft.AspNetCore.Components.Test.RenderTreeDiffBuilderTest.PreservesEventHandlerIdsForRetainedEventHandlers" storage="/home/runner/work/aspnetcore/aspnetcore/artifacts/bin/microsoft.aspnetcore.components.tests/debug/net10.0/microsoft.aspnetcore.components.tests.dll" id="a104a9d0-b4e9-9ca0-b603-eed356ac123f">
      <Execution id="e897cfd5-fdfa-43ab-bf19-7e5920c69b2a" />
      <TestMethod codeBase="/home/runner/work/aspnetcore/aspnetcore/artifacts/bin/Microsoft.AspNetCore.Components.Tests/Debug/net10.0/Microsoft.AspNetCore.Components.Tests.dll" adapterTypeName="executor://xunit/VsTestRunner3/netcore/" className="Microsoft.AspNetCore.Components.Test.RenderTreeDiffBuilderTest" name="PreservesEventHandlerIdsForRetainedEventHandlers" />
    </UnitTest>
    <UnitTest name="Microsoft.AspNetCore.Components.Routing.RouteTableFactoryTests.MultipleOptionalParametersWithPrefix(path: &quot;/prefix/1&quot;, segments: 1)" storage="/home/runner/work/aspnetcore/aspnetcore/artifacts/bin/microsoft.aspnetcore.components.tests/debug/net10.0/microsoft.aspnetcore.components.tests.dll" id="0e54a547-8d2e-09f6-45c2-dbf373b8c068">
      <Execution id="f999de37-5747-4e68-ad89-8c3ba7495384" />
      <TestMethod codeBase="/home/runner/work/aspnetcore/aspnetcore/artifacts/bin/Microsoft.AspNetCore.Components.Tests/Debug/net10.0/Microsoft.AspNetCore.Components.Tests.dll" adapterTypeName="executor://xunit/VsTestRunner3/netcore/" className="Microsoft.AspNetCore.Components.Routing.RouteTableFactoryTests" name="MultipleOptionalParametersWithPrefix" />
    </UnitTest>
    <UnitTest name="Microsoft.AspNetCore.Components.Routing.RouteTableFactoryTests.DoesNotThrowForNonAmbiguousRoutes(first: &quot;{param1?}/{param2?}/{param3?}/{optional?}&quot;, second: &quot;{param1?}/{param2?}/{param3?}/{optional:int?}&quot;)" storage="/home/runner/work/aspnetcore/aspnetcore/artifacts/bin/microsoft.aspnetcore.components.tests/debug/net10.0/microsoft.aspnetcore.components.tests.dll" id="72291666-445d-d494-2de9-cb072fe4d74d">
      <Execution id="11d0036b-1518-4d3f-bd12-3906cb450769" />
      <TestMethod codeBase="/home/runner/work/aspnetcore/aspnetcore/artifacts/bin/Microsoft.AspNetCore.Components.Tests/Debug/net10.0/Microsoft.AspNetCore.Components.Tests.dll" adapterTypeName="executor://xunit/VsTestRunner3/netcore/" className="Microsoft.AspNetCore.Components.Routing.RouteTableFactoryTests" name="DoesNotThrowForNonAmbiguousRoutes" />
    </UnitTest>
    <UnitTest name="Microsoft.AspNetCore.Components.EventCallbackFactoryBinderExtensionsTest.CreateBinder_Float" storage="/home/runner/work/aspnetcore/aspnetcore/artifacts/bin/microsoft.aspnetcore.components.tests/debug/net10.0/microsoft.aspnetcore.components.tests.dll" id="dd10cb28-d6e4-ea8c-d462-fda602ca1e88">
      <Execution id="097c19fc-d6a3-4dc3-9b3e-d04ba7180308" />
      <TestMethod codeBase="/home/runner/work/aspnetcore/aspnetcore/artifacts/bin/Microsoft.AspNetCore.Components.Tests/Debug/net10.0/Microsoft.AspNetCore.Components.Tests.dll" adapterTypeName="executor://xunit/VsTestRunner3/netcore/" className="Microsoft.AspNetCore.Components.EventCallbackFactoryBinderExtensionsTest" name="CreateBinder_Float" />
    </UnitTest>
    <UnitTest name="Microsoft.AspNetCore.Components.ComponentFactoryTest.InstantiateComponent_CreatesInstance_NonComponent" storage="/home/runner/work/aspnetcore/aspnetcore/artifacts/bin/microsoft.aspnetcore.components.tests/debug/net10.0/microsoft.aspnetcore.components.tests.dll" id="d961c699-7fb4-7a7b-8fa3-59b1d8ea7137">
      <Execution id="c6c75667-7163-4c07-b3e7-cd5af314869e" />
      <TestMethod codeBase="/home/runner/work/aspnetcore/aspnetcore/artifacts/bin/Microsoft.AspNetCore.Components.Tests/Debug/net10.0/Microsoft.AspNetCore.Components.Tests.dll" adapterTypeName="executor://xunit/VsTestRunner3/netcore/" className="Microsoft.AspNetCore.Components.ComponentFactoryTest" name="InstantiateComponent_CreatesInstance_NonComponent" />
    </UnitTest>
    <UnitTest name="Microsoft.AspNetCore.Components.Routing.RouteTableFactoryTests.RespectsExcludeFromInteractiveRoutingAttribute" storage="/home/runner/work/aspnetcore/aspnetcore/artifacts/bin/microsoft.aspnetcore.components.tests/debug/net10.0/microsoft.aspnetcore.components.tests.dll" id="f869bd33-ed56-8614-a383-9028900f9a06">
      <Execution id="25d40d4b-2adb-45c9-8954-0469396fd7cc" />
      <TestMethod codeBase="/home/runner/work/aspnetcore/aspnetcore/artifacts/bin/Microsoft.AspNetCore.Components.Tests/Debug/net10.0/Microsoft.AspNetCore.Components.Tests.dll" adapterTypeName="executor://xunit/VsTestRunner3/netcore/" className="Microsoft.AspNetCore.Components.Routing.RouteTableFactoryTests" name="RespectsExcludeFromInteractiveRoutingAttribute" />
    </UnitTest>
    <UnitTest name="Microsoft.AspNetCore.Components.ComponentsMetricsTest.Dispose_DisposesAllMeters" storage="/home/runner/work/aspnetcore/aspnetcore/artifacts/bin/microsoft.aspnetcore.components.tests/debug/net10.0/microsoft.aspnetcore.components.tests.dll" id="e2284ed6-b273-5106-69cd-65123e28e093">
      <Execution id="6745aad5-c3b8-4a38-9864-8011fb9fa3cb" />
      <TestMethod codeBase="/home/runner/work/aspnetcore/aspnetcore/artifacts/bin/Microsoft.AspNetCore.Components.Tests/Debug/net10.0/Microsoft.AspNetCore.Components.Tests.dll" adapterTypeName="executor://xunit/VsTestRunner3/netcore/" className="Microsoft.AspNetCore.Components.ComponentsMetricsTest" name="Dispose_DisposesAllMeters" />
    </UnitTest>
    <UnitTest name="Microsoft.AspNetCore.Components.EventCallbackFactoryTest.CreateT_FuncTask_Unbound" storage="/home/runner/work/aspnetcore/aspnetcore/artifacts/bin/microsoft.aspnetcore.components.tests/debug/net10.0/microsoft.aspnetcore.components.tests.dll" id="ac410a5f-7cda-131f-44ee-18d781928622">
      <Execution id="35de6d8b-013a-4b72-8003-509ff0996010" />
      <TestMethod codeBase="/home/runner/work/aspnetcore/aspnetcore/artifacts/bin/Microsoft.AspNetCore.Components.Tests/Debug/net10.0/Microsoft.AspNetCore.Components.Tests.dll" adapterTypeName="executor://xunit/VsTestRunner3/netcore/" className="Microsoft.AspNetCore.Components.EventCallbackFactoryTest" name="CreateT_FuncTask_Unbound" />
    </UnitTest>
    <UnitTest name="Microsoft.AspNetCore.Components.Routing.RouteTableFactoryTests.ThrowsForAmbiguousRoutes(first: &quot;{parameter:int}&quot;, second: &quot;{parameter:bool?}&quot;)" storage="/home/runner/work/aspnetcore/aspnetcore/artifacts/bin/microsoft.aspnetcore.components.tests/debug/net10.0/microsoft.aspnetcore.components.tests.dll" id="1ec0b590-f07f-8c5e-783d-abcfa6676d4e">
      <Execution id="7334659f-a064-485c-94cd-e7345cc94702" />
      <TestMethod codeBase="/home/runner/work/aspnetcore/aspnetcore/artifacts/bin/Microsoft.AspNetCore.Components.Tests/Debug/net10.0/Microsoft.AspNetCore.Components.Tests.dll" adapterTypeName="executor://xunit/VsTestRunner3/netcore/" className="Microsoft.AspNetCore.Components.Routing.RouteTableFactoryTests" name="ThrowsForAmbiguousRoutes" />
    </UnitTest>
    <UnitTest name="Microsoft.AspNetCore.Components.EventCallbackTest.EventCallback_Action_IgnoresArg" storage="/home/runner/work/aspnetcore/aspnetcore/artifacts/bin/microsoft.aspnetcore.components.tests/debug/net10.0/microsoft.aspnetcore.components.tests.dll" id="9171d650-755f-9c79-b4bd-0bdd2da43918">
      <Execution id="085aff4e-d6d5-4544-a161-e6c3661c122d" />
      <TestMethod codeBase="/home/runner/work/aspnetcore/aspnetcore/artifacts/bin/Microsoft.AspNetCore.Components.Tests/Debug/net10.0/Microsoft.AspNetCore.Components.Tests.dll" adapterTypeName="executor://xunit/VsTestRunner3/netcore/" className="Microsoft.AspNetCore.Components.EventCallbackTest" name="EventCallback_Action_IgnoresArg" />
    </UnitTest>
    <UnitTest name="Microsoft.AspNetCore.Components.Test.RendererTest.CanRenderNestedComponents" storage="/home/runner/work/aspnetcore/aspnetcore/artifacts/bin/microsoft.aspnetcore.components.tests/debug/net10.0/microsoft.aspnetcore.components.tests.dll" id="4ed83c5c-4dd0-01ce-78f5-bebf1374b931">
      <Execution id="ef411205-c576-47eb-868e-62e9412b8680" />
      <TestMethod codeBase="/home/runner/work/aspnetcore/aspnetcore/artifacts/bin/Microsoft.AspNetCore.Components.Tests/Debug/net10.0/Microsoft.AspNetCore.Components.Tests.dll" adapterTypeName="executor://xunit/VsTestRunner3/netcore/" className="Microsoft.AspNetCore.Components.Test.RendererTest" name="CanRenderNestedComponents" />
    </UnitTest>
    <UnitTest name="Microsoft.AspNetCore.Components.Routing.RouteTableFactoryTests.DoesNotThrowIfStableSortComparesRouteWithItself" storage="/home/runner/work/aspnetcore/aspnetcore/artifacts/bin/microsoft.aspnetcore.components.tests/debug/net10.0/microsoft.aspnetcore.components.tests.dll" id="6e419b7a-f3ee-4ba0-7e1a-a2f6af7ebf42">
      <Execution id="d43ea1bf-13a4-41f4-bfa6-c52123226de7" />
      <TestMethod codeBase="/home/runner/work/aspnetcore/aspnetcore/artifacts/bin/Microsoft.AspNetCore.Components.Tests/Debug/net10.0/Microsoft.AspNetCore.Components.Tests.dll" adapterTypeName="executor://xunit/VsTestRunner3/netcore/" className="Microsoft.AspNetCore.Components.Routing.RouteTableFactoryTests" name="DoesNotThrowIfStableSortComparesRouteWithItself" />
    </UnitTest>
    <UnitTest name="Microsoft.AspNetCore.Components.Routing.RouteTableFactoryTests.CanMatchParameterWithConstraint" storage="/home/runner/work/aspnetcore/aspnetcore/artifacts/bin/microsoft.aspnetcore.components.tests/debug/net10.0/microsoft.aspnetcore.components.tests.dll" id="c7260ebc-a696-37ef-e759-c0251b78d7a6">
      <Execution id="a85b0615-995f-45cc-ab78-bd69d1c802df" />
      <TestMethod codeBase="/home/runner/work/aspnetcore/aspnetcore/artifacts/bin/Microsoft.AspNetCore.Components.Tests/Debug/net10.0/Microsoft.AspNetCore.Components.Tests.dll" adapterTypeName="executor://xunit/VsTestRunner3/netcore/" className="Microsoft.AspNetCore.Components.Routing.RouteTableFactoryTests" name="CanMatchParameterWithConstraint" />
    </UnitTest>
    <UnitTest name="Microsoft.AspNetCore.Components.ParameterViewTest.HasRemovedDirectParameters_OldEmpty_NewNonEmpty" storage="/home/runner/work/aspnetcore/aspnetcore/artifacts/bin/microsoft.aspnetcore.components.tests/debug/net10.0/microsoft.aspnetcore.components.tests.dll" id="0f1d99dd-fc34-a7f7-a33c-0cab08086d32">
      <Execution id="1e88363b-804d-4f4e-a227-ebea61c742ae" />
      <TestMethod codeBase="/home/runner/work/aspnetcore/aspnetcore/artifacts/bin/Microsoft.AspNetCore.Components.Tests/Debug/net10.0/Microsoft.AspNetCore.Components.Tests.dll" adapterTypeName="executor://xunit/VsTestRunner3/netcore/" className="Microsoft.AspNetCore.Components.ParameterViewTest" name="HasRemovedDirectParameters_OldEmpty_NewNonEmpty" />
    </UnitTest>
    <UnitTest name="Microsoft.AspNetCore.Components.Test.RendererTest.CanDispatchEventsToTopLevelComponents" storage="/home/runner/work/aspnetcore/aspnetcore/artifacts/bin/microsoft.aspnetcore.components.tests/debug/net10.0/microsoft.aspnetcore.components.tests.dll" id="62c1ead4-9e21-b168-f1af-ae1e69d17cc2">
      <Execution id="fe95d9f1-bf69-4baa-a213-42201018bbf6" />
      <TestMethod codeBase="/home/runner/work/aspnetcore/aspnetcore/artifacts/bin/Microsoft.AspNetCore.Components.Tests/Debug/net10.0/Microsoft.AspNetCore.Components.Tests.dll" adapterTypeName="executor://xunit/VsTestRunner3/netcore/" className="Microsoft.AspNetCore.Components.Test.RendererTest" name="CanDispatchEventsToTopLevelComponents" />
    </UnitTest>
    <UnitTest name="Microsoft.AspNetCore.Components.Rendering.RenderTreeBuilderTest.AddComponentParameter_Component_Bool_SetsAttributeValue(value: False)" storage="/home/runner/work/aspnetcore/aspnetcore/artifacts/bin/microsoft.aspnetcore.components.tests/debug/net10.0/microsoft.aspnetcore.components.tests.dll" id="7cdb2c21-ed56-fbbf-76e7-6ed40e8c13f8">
      <Execution id="a63d8d2e-0f4b-47da-926d-76b5a7637a97" />
      <TestMethod codeBase="/home/runner/work/aspnetcore/aspnetcore/artifacts/bin/Microsoft.AspNetCore.Components.Tests/Debug/net10.0/Microsoft.AspNetCore.Components.Tests.dll" adapterTypeName="executor://xunit/VsTestRunner3/netcore/" className="Microsoft.AspNetCore.Components.Rendering.RenderTreeBuilderTest" name="AddComponentParameter_Component_Bool_SetsAttributeValue" />
    </UnitTest>
    <UnitTest name="Microsoft.AspNetCore.Components.Test.RendererTest.BindWithAsynchronousSetter_MethodGroupToDelegate" storage="/home/runner/work/aspnetcore/aspnetcore/artifacts/bin/microsoft.aspnetcore.components.tests/debug/net10.0/microsoft.aspnetcore.components.tests.dll" id="b9427513-0672-b7bb-3974-a55b64eef8a9">
      <Execution id="8deb5dec-8cf9-4067-9c46-ed4bc6e6b369" />
      <TestMethod codeBase="/home/runner/work/aspnetcore/aspnetcore/artifacts/bin/Microsoft.AspNetCore.Components.Tests/Debug/net10.0/Microsoft.AspNetCore.Components.Tests.dll" adapterTypeName="executor://xunit/VsTestRunner3/netcore/" className="Microsoft.AspNetCore.Components.Test.RendererTest" name="BindWithAsynchronousSetter_MethodGroupToDelegate" />
    </UnitTest>
    <UnitTest name="Microsoft.AspNetCore.Components.PersistentState.PersistentServicesRegistryTest.PersistStateAsync_PersistsBaseClassPropertiesInDerivedInstance" storage="/home/runner/work/aspnetcore/aspnetcore/artifacts/bin/microsoft.aspnetcore.components.tests/debug/net10.0/microsoft.aspnetcore.components.tests.dll" id="d5e25b28-79cd-0d3a-98a9-3f97a78e0991">
      <Execution id="46c34801-abb1-401d-9a41-d8470dab933e" />
      <TestMethod codeBase="/home/runner/work/aspnetcore/aspnetcore/artifacts/bin/Microsoft.AspNetCore.Components.Tests/Debug/net10.0/Microsoft.AspNetCore.Components.Tests.dll" adapterTypeName="executor://xunit/VsTestRunner3/netcore/" className="Microsoft.AspNetCore.Components.PersistentState.PersistentServicesRegistryTest" name="PersistStateAsync_PersistsBaseClassPropertiesInDerivedInstance" />
    </UnitTest>
    <UnitTest name="Microsoft.AspNetCore.Components.Rendering.RendererSynchronizationContextTest.Post_CapturesContext" storage="/home/runner/work/aspnetcore/aspnetcore/artifacts/bin/microsoft.aspnetcore.components.tests/debug/net10.0/microsoft.aspnetcore.components.tests.dll" id="ff5a250b-c009-aaa9-7fac-f42a0c60cffd">
      <Execution id="4e86946c-61d2-47cb-bbd0-c30c90e685f8" />
      <TestMethod codeBase="/home/runner/work/aspnetcore/aspnetcore/artifacts/bin/Microsoft.AspNetCore.Components.Tests/Debug/net10.0/Microsoft.AspNetCore.Components.Tests.dll" adapterTypeName="executor://xunit/VsTestRunner3/netcore/" className="Microsoft.AspNetCore.Components.Rendering.RendererSynchronizationContextTest" name="Post_CapturesContext" />
    </UnitTest>
    <UnitTest name="Microsoft.AspNetCore.Components.Routing.QueryParameterValueSupplierTest.MatchesKeysWithNonAsciiChars" storage="/home/runner/work/aspnetcore/aspnetcore/artifacts/bin/microsoft.aspnetcore.components.tests/debug/net10.0/microsoft.aspnetcore.components.tests.dll" id="48246a8a-ac8e-a193-1e89-47f3431568b0">
      <Execution id="37703667-0e86-4ac7-8831-9bea2af2ee9d" />
      <TestMethod codeBase="/home/runner/work/aspnetcore/aspnetcore/artifacts/bin/Microsoft.AspNetCore.Components.Tests/Debug/net10.0/Microsoft.AspNetCore.Components.Tests.dll" adapterTypeName="executor://xunit/VsTestRunner3/netcore/" className="Microsoft.AspNetCore.Components.Routing.QueryParameterValueSupplierTest" name="MatchesKeysWithNonAsciiChars" />
    </UnitTest>
    <UnitTest name="Microsoft.AspNetCore.Components.BindConverterTest.FormatValue_TypeConverter" storage="/home/runner/work/aspnetcore/aspnetcore/artifacts/bin/microsoft.aspnetcore.components.tests/debug/net10.0/microsoft.aspnetcore.components.tests.dll" id="2998b75b-5b76-2da6-6663-0c4d1b29b513">
      <Execution id="f2f1fe3e-1caa-4e58-9fd2-9388bb119736" />
      <TestMethod codeBase="/home/runner/work/aspnetcore/aspnetcore/artifacts/bin/Microsoft.AspNetCore.Components.Tests/Debug/net10.0/Microsoft.AspNetCore.Components.Tests.dll" adapterTypeName="executor://xunit/VsTestRunner3/netcore/" className="Microsoft.AspNetCore.Components.BindConverterTest" name="FormatValue_TypeConverter" />
    </UnitTest>
    <UnitTest name="Microsoft.AspNetCore.Components.Test.RendererTest.RenderBatch_HandlesSynchronousExceptionsInAsyncDisposableComponents" storage="/home/runner/work/aspnetcore/aspnetcore/artifacts/bin/microsoft.aspnetcore.components.tests/debug/net10.0/microsoft.aspnetcore.components.tests.dll" id="a14badbb-38db-c81b-bdbd-dad11350daca">
      <Execution id="054e88d1-d19e-49ad-9de4-9bf89db512cb" />
      <TestMethod codeBase="/home/runner/work/aspnetcore/aspnetcore/artifacts/bin/Microsoft.AspNetCore.Components.Tests/Debug/net10.0/Microsoft.AspNetCore.Components.Tests.dll" adapterTypeName="executor://xunit/VsTestRunner3/netcore/" className="Microsoft.AspNetCore.Components.Test.RendererTest" name="RenderBatch_HandlesSynchronousExceptionsInAsyncDisposableComponents" />
    </UnitTest>
    <UnitTest name="Microsoft.AspNetCore.Components.Routing.RoutePatternParserTests.InvalidTemplate_WithMismatchedBraces(template: &quot;{p&quot;, expectedMessage: &quot;There is an incomplete parameter in the route temp&quot;···)" storage="/home/runner/work/aspnetcore/aspnetcore/artifacts/bin/microsoft.aspnetcore.components.tests/debug/net10.0/microsoft.aspnetcore.components.tests.dll" id="b648bf31-77ef-264d-19e5-63d2e7afc6f7">
      <Execution id="2bcf15cd-1d6f-472b-b5be-5b281177e75e" />
      <TestMethod codeBase="/home/runner/work/aspnetcore/aspnetcore/artifacts/bin/Microsoft.AspNetCore.Components.Tests/Debug/net10.0/Microsoft.AspNetCore.Components.Tests.dll" adapterTypeName="executor://xunit/VsTestRunner3/netcore/" className="Microsoft.AspNetCore.Components.Routing.RoutePatternParserTests" name="InvalidTemplate_WithMismatchedBraces" />
    </UnitTest>
    <UnitTest name="Microsoft.AspNetCore.Components.Routing.QueryParameterValueSupplierTest.AcceptsBlankValuesWhenNullable" storage="/home/runner/work/aspnetcore/aspnetcore/artifacts/bin/microsoft.aspnetcore.components.tests/debug/net10.0/microsoft.aspnetcore.components.tests.dll" id="53e250cc-3093-fbfb-a08c-ff13ad5482d9">
      <Execution id="ccd19c5a-1469-4541-a323-a68f32656428" />
      <TestMethod codeBase="/home/runner/work/aspnetcore/aspnetcore/artifacts/bin/Microsoft.AspNetCore.Components.Tests/Debug/net10.0/Microsoft.AspNetCore.Components.Tests.dll" adapterTypeName="executor://xunit/VsTestRunner3/netcore/" className="Microsoft.AspNetCore.Components.Routing.QueryParameterValueSupplierTest" name="AcceptsBlankValuesWhenNullable" />
    </UnitTest>
    <UnitTest name="Microsoft.AspNetCore.Components.Test.RendererTest.UpdatesPropertiesOnRetainedChildComponentInstances" storage="/home/runner/work/aspnetcore/aspnetcore/artifacts/bin/microsoft.aspnetcore.components.tests/debug/net10.0/microsoft.aspnetcore.components.tests.dll" id="2e3265ca-ff0c-d0a3-213a-36e37782dcf7">
      <Execution id="f0119f99-0e23-4fb2-b148-da9d2761b9e9" />
      <TestMethod codeBase="/home/runner/work/aspnetcore/aspnetcore/artifacts/bin/Microsoft.AspNetCore.Components.Tests/Debug/net10.0/Microsoft.AspNetCore.Components.Tests.dll" adapterTypeName="executor://xunit/VsTestRunner3/netcore/" className="Microsoft.AspNetCore.Components.Test.RendererTest" name="UpdatesPropertiesOnRetainedChildComponentInstances" />
    </UnitTest>
    <UnitTest name="Microsoft.AspNetCore.Components.ResourceAssetCollectionTest.ResourceAsset_CanSerializeAndDeserialize_WithoutRespectRequiredConstructorParameters" storage="/home/runner/work/aspnetcore/aspnetcore/artifacts/bin/microsoft.aspnetcore.components.tests/debug/net10.0/microsoft.aspnetcore.components.tests.dll" id="f10dc523-3f30-f3d2-89b3-962135b6cabd">
      <Execution id="67c67676-a987-4f5f-bdce-b46000dfba1a" />
      <TestMethod codeBase="/home/runner/work/aspnetcore/aspnetcore/artifacts/bin/Microsoft.AspNetCore.Components.Tests/Debug/net10.0/Microsoft.AspNetCore.Components.Tests.dll" adapterTypeName="executor://xunit/VsTestRunner3/netcore/" className="Microsoft.AspNetCore.Components.ResourceAssetCollectionTest" name="ResourceAsset_CanSerializeAndDeserialize_WithoutRespectRequiredConstructorParameters" />
    </UnitTest>
    <UnitTest name="Microsoft.AspNetCore.Components.Test.ComponentBaseTest.RendersAfterParametersSetAndInitAsyncTasksAreCompleted" storage="/home/runner/work/aspnetcore/aspnetcore/artifacts/bin/microsoft.aspnetcore.components.tests/debug/net10.0/microsoft.aspnetcore.components.tests.dll" id="db019b87-d4bd-8c86-40cc-877e4c588e7e">
      <Execution id="e1153e43-de09-4c22-adba-3dd2a8bca810" />
      <TestMethod codeBase="/home/runner/work/aspnetcore/aspnetcore/artifacts/bin/Microsoft.AspNetCore.Components.Tests/Debug/net10.0/Microsoft.AspNetCore.Components.Tests.dll" adapterTypeName="executor://xunit/VsTestRunner3/netcore/" className="Microsoft.AspNetCore.Components.Test.ComponentBaseTest" name="RendersAfterParametersSetAndInitAsyncTasksAreCompleted" />
    </UnitTest>
    <UnitTest name="Microsoft.AspNetCore.Components.Routing.QueryParameterValueSupplierTest.RejectsUnparseableArrayEntries(key: &quot;GuidVals&quot;, validValue: &quot;9e7257ad-03aa-42c7-9819-be08b177fef9&quot;, invalidValue: &quot;123456-789-0&quot;, targetType: typeof(System.Guid))" storage="/home/runner/work/aspnetcore/aspnetcore/artifacts/bin/microsoft.aspnetcore.components.tests/debug/net10.0/microsoft.aspnetcore.components.tests.dll" id="a2b02af3-abc2-e858-0213-a877daa90475">
      <Execution id="b1e7f8b2-1c8b-4165-afc1-d42736f5bc68" />
      <TestMethod codeBase="/home/runner/work/aspnetcore/aspnetcore/artifacts/bin/Microsoft.AspNetCore.Components.Tests/Debug/net10.0/Microsoft.AspNetCore.Components.Tests.dll" adapterTypeName="executor://xunit/VsTestRunner3/netcore/" className="Microsoft.AspNetCore.Components.Routing.QueryParameterValueSupplierTest" name="RejectsUnparseableArrayEntries" />
    </UnitTest>
    <UnitTest name="Microsoft.AspNetCore.Components.Routing.QueryParameterValueSupplierTest.RejectsUnparseableValues(key: &quot;DecimalVal&quot;, value: &quot;1.2.3&quot;, targetType: typeof(decimal))" storage="/home/runner/work/aspnetcore/aspnetcore/artifacts/bin/microsoft.aspnetcore.components.tests/debug/net10.0/microsoft.aspnetcore.components.tests.dll" id="927cf6ea-fd09-23b0-55cc-ec26a94cec18">
      <Execution id="0dd40bfb-f81f-4882-a046-ce281ea73fea" />
      <TestMethod codeBase="/home/runner/work/aspnetcore/aspnetcore/artifacts/bin/Microsoft.AspNetCore.Components.Tests/Debug/net10.0/Microsoft.AspNetCore.Components.Tests.dll" adapterTypeName="executor://xunit/VsTestRunner3/netcore/" className="Microsoft.AspNetCore.Components.Routing.QueryParameterValueSupplierTest" name="RejectsUnparseableValues" />
    </UnitTest>
    <UnitTest name="Microsoft.AspNetCore.Components.EventCallbackFactoryTest.Create_Action_DifferentReceiver" storage="/home/runner/work/aspnetcore/aspnetcore/artifacts/bin/microsoft.aspnetcore.components.tests/debug/net10.0/microsoft.aspnetcore.components.tests.dll" id="44952ada-cc58-51d3-c651-3f4752ba8f48">
      <Execution id="8ee664a6-47d4-434a-b2c7-340524780942" />
      <TestMethod codeBase="/home/runner/work/aspnetcore/aspnetcore/artifacts/bin/Microsoft.AspNetCore.Components.Tests/Debug/net10.0/Microsoft.AspNetCore.Components.Tests.dll" adapterTypeName="executor://xunit/VsTestRunner3/netcore/" className="Microsoft.AspNetCore.Components.EventCallbackFactoryTest" name="Create_Action_DifferentReceiver" />
    </UnitTest>
    <UnitTest name="Microsoft.AspNetCore.Components.Routing.RouteTableFactoryTests.DoesNotMatchIfConstraintDoesNotMatch(template: &quot;/{value:long}&quot;, contextUrl: &quot;/3.141&quot;)" storage="/home/runner/work/aspnetcore/aspnetcore/artifacts/bin/microsoft.aspnetcore.components.tests/debug/net10.0/microsoft.aspnetcore.components.tests.dll" id="c89a7e78-1147-1717-297d-9655fffafaba">
      <Execution id="3fa02e65-1c25-495f-8e16-3dcb3313b210" />
      <TestMethod codeBase="/home/runner/work/aspnetcore/aspnetcore/artifacts/bin/Microsoft.AspNetCore.Components.Tests/Debug/net10.0/Microsoft.AspNetCore.Components.Tests.dll" adapterTypeName="executor://xunit/VsTestRunner3/netcore/" className="Microsoft.AspNetCore.Components.Routing.RouteTableFactoryTests" name="DoesNotMatchIfConstraintDoesNotMatch" />
    </UnitTest>
    <UnitTest name="Microsoft.AspNetCore.Components.Routing.QueryParameterValueSupplierTest.RejectsUnparseableArrayEntries(key: &quot;NullableLongVals&quot;, validValue: &quot;-1234&quot;, invalidValue: &quot;this+is+a+long+value&quot;, targetType: typeof(long?))" storage="/home/runner/work/aspnetcore/aspnetcore/artifacts/bin/microsoft.aspnetcore.components.tests/debug/net10.0/microsoft.aspnetcore.components.tests.dll" id="07b9b62b-6ccb-9e5f-65bf-12a815afe446">
      <Execution id="4b8620ac-6a3d-48ff-a335-847c8a16df21" />
      <TestMethod codeBase="/home/runner/work/aspnetcore/aspnetcore/artifacts/bin/Microsoft.AspNetCore.Components.Tests/Debug/net10.0/Microsoft.AspNetCore.Components.Tests.dll" adapterTypeName="executor://xunit/VsTestRunner3/netcore/" className="Microsoft.AspNetCore.Components.Routing.QueryParameterValueSupplierTest" name="RejectsUnparseableArrayEntries" />
    </UnitTest>
    <UnitTest name="Microsoft.AspNetCore.Components.Test.CascadingParameterTest.CanSupplyCascadingValueFromServiceProviderUsingName" storage="/home/runner/work/aspnetcore/aspnetcore/artifacts/bin/microsoft.aspnetcore.components.tests/debug/net10.0/microsoft.aspnetcore.components.tests.dll" id="5e7178a5-bceb-2752-a237-12e45fbef457">
      <Execution id="bebc754a-defc-4e93-9c8b-21617fe298da" />
      <TestMethod codeBase="/home/runner/work/aspnetcore/aspnetcore/artifacts/bin/Microsoft.AspNetCore.Components.Tests/Debug/net10.0/Microsoft.AspNetCore.Components.Tests.dll" adapterTypeName="executor://xunit/VsTestRunner3/netcore/" className="Microsoft.AspNetCore.Components.Test.CascadingParameterTest" name="CanSupplyCascadingValueFromServiceProviderUsingName" />
    </UnitTest>
    <UnitTest name="Microsoft.AspNetCore.Components.NavigationManagerTest.GetUriWithQueryParameter_RemovesWhenParameterValueIsNull(baseUri: &quot;scheme://host/&quot;, expectedUri: &quot;scheme://host/&quot;)" storage="/home/runner/work/aspnetcore/aspnetcore/artifacts/bin/microsoft.aspnetcore.components.tests/debug/net10.0/microsoft.aspnetcore.components.tests.dll" id="b64577ee-9df6-449c-7efa-f76a4257ee8f">
      <Execution id="a538a8da-5130-48f3-91d9-0736e4b66652" />
      <TestMethod codeBase="/home/runner/work/aspnetcore/aspnetcore/artifacts/bin/Microsoft.AspNetCore.Components.Tests/Debug/net10.0/Microsoft.AspNetCore.Components.Tests.dll" adapterTypeName="executor://xunit/VsTestRunner3/netcore/" className="Microsoft.AspNetCore.Components.NavigationManagerTest" name="GetUriWithQueryParameter_RemovesWhenParameterValueIsNull" />
    </UnitTest>
    <UnitTest name="Microsoft.AspNetCore.Components.Test.RendererTest.BindWithSynchronousSetter_Lambda" storage="/home/runner/work/aspnetcore/aspnetcore/artifacts/bin/microsoft.aspnetcore.components.tests/debug/net10.0/microsoft.aspnetcore.components.tests.dll" id="e5d4de92-500a-b270-2ca4-bf8b6c07fb09">
      <Execution id="a8ec6675-55b5-4a7c-bd38-971b2eb30c6d" />
      <TestMethod codeBase="/home/runner/work/aspnetcore/aspnetcore/artifacts/bin/Microsoft.AspNetCore.Components.Tests/Debug/net10.0/Microsoft.AspNetCore.Components.Tests.dll" adapterTypeName="executor://xunit/VsTestRunner3/netcore/" className="Microsoft.AspNetCore.Components.Test.RendererTest" name="BindWithSynchronousSetter_Lambda" />
    </UnitTest>
    <UnitTest name="Microsoft.AspNetCore.Components.CascadingParameterStateTest.FindCascadingParameters_IfHasMultipleMatchesInAncestors_ReturnsMatches" storage="/home/runner/work/aspnetcore/aspnetcore/artifacts/bin/microsoft.aspnetcore.components.tests/debug/net10.0/microsoft.aspnetcore.components.tests.dll" id="2a2f5c47-5abd-d992-bf42-8b02392ef058">
      <Execution id="3d9fee09-d13e-4fc9-ba65-36cf7cf93c93" />
      <TestMethod codeBase="/home/runner/work/aspnetcore/aspnetcore/artifacts/bin/Microsoft.AspNetCore.Components.Tests/Debug/net10.0/Microsoft.AspNetCore.Components.Tests.dll" adapterTypeName="executor://xunit/VsTestRunner3/netcore/" className="Microsoft.AspNetCore.Components.CascadingParameterStateTest" name="FindCascadingParameters_IfHasMultipleMatchesInAncestors_ReturnsMatches" />
    </UnitTest>
    <UnitTest name="Microsoft.AspNetCore.Components.ParameterViewTest.CanGetValueOrDefault_WithNonExistingValue" storage="/home/runner/work/aspnetcore/aspnetcore/artifacts/bin/microsoft.aspnetcore.components.tests/debug/net10.0/microsoft.aspnetcore.components.tests.dll" id="b4e4a47f-33b4-e773-6373-e489b9e1d137">
      <Execution id="d743f770-2f6d-4236-8bf7-bfd034c98849" />
      <TestMethod codeBase="/home/runner/work/aspnetcore/aspnetcore/artifacts/bin/Microsoft.AspNetCore.Components.Tests/Debug/net10.0/Microsoft.AspNetCore.Components.Tests.dll" adapterTypeName="executor://xunit/VsTestRunner3/netcore/" className="Microsoft.AspNetCore.Components.ParameterViewTest" name="CanGetValueOrDefault_WithNonExistingValue" />
    </UnitTest>
    <UnitTest name="Microsoft.AspNetCore.Components.CascadingParameterStateTest.FindCascadingParameters_IfHasNoMatchesInAncestors_ReturnsEmpty" storage="/home/runner/work/aspnetcore/aspnetcore/artifacts/bin/microsoft.aspnetcore.components.tests/debug/net10.0/microsoft.aspnetcore.components.tests.dll" id="a709b858-1241-aff8-5339-04e048214dd5">
      <Execution id="0b19e07f-e808-4b03-afcf-f3129c5b4663" />
      <TestMethod codeBase="/home/runner/work/aspnetcore/aspnetcore/artifacts/bin/Microsoft.AspNetCore.Components.Tests/Debug/net10.0/Microsoft.AspNetCore.Components.Tests.dll" adapterTypeName="executor://xunit/VsTestRunner3/netcore/" className="Microsoft.AspNetCore.Components.CascadingParameterStateTest" name="FindCascadingParameters_IfHasNoMatchesInAncestors_ReturnsEmpty" />
    </UnitTest>
    <UnitTest name="Microsoft.AspNetCore.Components.Rendering.RenderTreeBuilderTest.CannotAddElementReferenceCaptureInsideRegion" storage="/home/runner/work/aspnetcore/aspnetcore/artifacts/bin/microsoft.aspnetcore.components.tests/debug/net10.0/microsoft.aspnetcore.components.tests.dll" id="0688cbfa-a80c-2fdc-03e4-77c4b3859f8b">
      <Execution id="36f7990f-f9d0-42a2-8275-65755f9960d7" />
      <TestMethod codeBase="/home/runner/work/aspnetcore/aspnetcore/artifacts/bin/Microsoft.AspNetCore.Components.Tests/Debug/net10.0/Microsoft.AspNetCore.Components.Tests.dll" adapterTypeName="executor://xunit/VsTestRunner3/netcore/" className="Microsoft.AspNetCore.Components.Rendering.RenderTreeBuilderTest" name="CannotAddElementReferenceCaptureInsideRegion" />
    </UnitTest>
    <UnitTest name="Microsoft.AspNetCore.Components.Test.RenderTreeDiffBuilderTest.RecognizesTextUpdates" storage="/home/runner/work/aspnetcore/aspnetcore/artifacts/bin/microsoft.aspnetcore.components.tests/debug/net10.0/microsoft.aspnetcore.components.tests.dll" id="da782e47-b50d-c480-06e3-643ac620ad7c">
      <Execution id="d89d5266-558d-4a7e-b838-8e6fc3834279" />
      <TestMethod codeBase="/home/runner/work/aspnetcore/aspnetcore/artifacts/bin/Microsoft.AspNetCore.Components.Tests/Debug/net10.0/Microsoft.AspNetCore.Components.Tests.dll" adapterTypeName="executor://xunit/VsTestRunner3/netcore/" className="Microsoft.AspNetCore.Components.Test.RenderTreeDiffBuilderTest" name="RecognizesTextUpdates" />
    </UnitTest>
    <UnitTest name="Microsoft.AspNetCore.Components.BindConverterTest.TryConvertTo_NullableGuid_ValidEmptyOrNull(incomingValue: null)" storage="/home/runner/work/aspnetcore/aspnetcore/artifacts/bin/microsoft.aspnetcore.components.tests/debug/net10.0/microsoft.aspnetcore.components.tests.dll" id="a9b5fb0c-fdd1-e756-f5a2-4dd9aa3afd91">
      <Execution id="7f757dc6-6ab9-4214-b8e9-0f98501d0310" />
      <TestMethod codeBase="/home/runner/work/aspnetcore/aspnetcore/artifacts/bin/Microsoft.AspNetCore.Components.Tests/Debug/net10.0/Microsoft.AspNetCore.Components.Tests.dll" adapterTypeName="executor://xunit/VsTestRunner3/netcore/" className="Microsoft.AspNetCore.Components.BindConverterTest" name="TryConvertTo_NullableGuid_ValidEmptyOrNull" />
    </UnitTest>
    <UnitTest name="Microsoft.AspNetCore.Components.Rendering.RenderTreeBuilderTest.ProcessDuplicateAttributes_CanRemoveDuplicateInsideComponent" storage="/home/runner/work/aspnetcore/aspnetcore/artifacts/bin/microsoft.aspnetcore.components.tests/debug/net10.0/microsoft.aspnetcore.components.tests.dll" id="948469eb-fad2-d910-de2c-bb9c901b6626">
      <Execution id="e04a7e14-e23c-4f91-92f4-bbd1daf3525d" />
      <TestMethod codeBase="/home/runner/work/aspnetcore/aspnetcore/artifacts/bin/Microsoft.AspNetCore.Components.Tests/Debug/net10.0/Microsoft.AspNetCore.Components.Tests.dll" adapterTypeName="executor://xunit/VsTestRunner3/netcore/" className="Microsoft.AspNetCore.Components.Rendering.RenderTreeBuilderTest" name="ProcessDuplicateAttributes_CanRemoveDuplicateInsideComponent" />
    </UnitTest>
    <UnitTest name="Microsoft.AspNetCore.Components.EventCallbackTest.EventCallback_FuncTTask_Null" storage="/home/runner/work/aspnetcore/aspnetcore/artifacts/bin/microsoft.aspnetcore.components.tests/debug/net10.0/microsoft.aspnetcore.components.tests.dll" id="ecfc0388-f6bc-da8d-a5b5-d1efa1a611b0">
      <Execution id="0f56b803-7bb4-4f08-bfc4-5a22defb93a1" />
      <TestMethod codeBase="/home/runner/work/aspnetcore/aspnetcore/artifacts/bin/Microsoft.AspNetCore.Components.Tests/Debug/net10.0/Microsoft.AspNetCore.Components.Tests.dll" adapterTypeName="executor://xunit/VsTestRunner3/netcore/" className="Microsoft.AspNetCore.Components.EventCallbackTest" name="EventCallback_FuncTTask_Null" />
    </UnitTest>
    <UnitTest name="Microsoft.AspNetCore.Components.Routing.QueryParameterValueSupplierTest.RejectsUnparseableValues(key: &quot;NullableDoubleVal&quot;, value: &quot;1x&quot;, targetType: typeof(double?))" storage="/home/runner/work/aspnetcore/aspnetcore/artifacts/bin/microsoft.aspnetcore.components.tests/debug/net10.0/microsoft.aspnetcore.components.tests.dll" id="1965af59-0911-dff8-a4e4-d38176c7b206">
      <Execution id="c5de2f5f-1c73-44a6-be50-378e42c282a6" />
      <TestMethod codeBase="/home/runner/work/aspnetcore/aspnetcore/artifacts/bin/Microsoft.AspNetCore.Components.Tests/Debug/net10.0/Microsoft.AspNetCore.Components.Tests.dll" adapterTypeName="executor://xunit/VsTestRunner3/netcore/" className="Microsoft.AspNetCore.Components.Routing.QueryParameterValueSupplierTest" name="RejectsUnparseableValues" />
    </UnitTest>
    <UnitTest name="Microsoft.AspNetCore.Components.Test.RenderTreeDiffBuilderTest.SkipsUpdatingParametersOnChildComponentsIfAllAreDefinitelyImmutableAndUnchanged" storage="/home/runner/work/aspnetcore/aspnetcore/artifacts/bin/microsoft.aspnetcore.components.tests/debug/net10.0/microsoft.aspnetcore.components.tests.dll" id="667666f4-71a8-3da2-109b-dc8c955f4787">
      <Execution id="ec6b5ddc-cab3-4a88-a55f-a62888520c1c" />
      <TestMethod codeBase="/home/runner/work/aspnetcore/aspnetcore/artifacts/bin/Microsoft.AspNetCore.Components.Tests/Debug/net10.0/Microsoft.AspNetCore.Components.Tests.dll" adapterTypeName="executor://xunit/VsTestRunner3/netcore/" className="Microsoft.AspNetCore.Components.Test.RenderTreeDiffBuilderTest" name="SkipsUpdatingParametersOnChildComponentsIfAllAreDefinitelyImmutableAndUnchanged" />
    </UnitTest>
    <UnitTest name="Microsoft.AspNetCore.Components.Test.RenderTreeDiffBuilderTest.InvokesAssignerForComponentReferenceCapturesOnInsertion" storage="/home/runner/work/aspnetcore/aspnetcore/artifacts/bin/microsoft.aspnetcore.components.tests/debug/net10.0/microsoft.aspnetcore.components.tests.dll" id="f08b1b5d-ddd3-162e-a4a0-bd5ee2673da8">
      <Execution id="1f2a338b-ac26-4dea-b0b7-15570d304118" />
      <TestMethod codeBase="/home/runner/work/aspnetcore/aspnetcore/artifacts/bin/Microsoft.AspNetCore.Components.Tests/Debug/net10.0/Microsoft.AspNetCore.Components.Tests.dll" adapterTypeName="executor://xunit/VsTestRunner3/netcore/" className="Microsoft.AspNetCore.Components.Test.RenderTreeDiffBuilderTest" name="InvokesAssignerForComponentReferenceCapturesOnInsertion" />
    </UnitTest>
    <UnitTest name="Microsoft.AspNetCore.Components.NavigationManagerTest.ComputesCorrectValidBaseRelativePaths(baseUri: &quot;scheme://host/path/&quot;, uri: &quot;scheme://host/path#hash&quot;, expectedResult: &quot;#hash&quot;)" storage="/home/runner/work/aspnetcore/aspnetcore/artifacts/bin/microsoft.aspnetcore.components.tests/debug/net10.0/microsoft.aspnetcore.components.tests.dll" id="782226bb-6266-7780-352b-d5ba57f9bb79">
      <Execution id="64e3f444-4a99-487d-80f8-f927f6ce4bd7" />
      <TestMethod codeBase="/home/runner/work/aspnetcore/aspnetcore/artifacts/bin/Microsoft.AspNetCore.Components.Tests/Debug/net10.0/Microsoft.AspNetCore.Components.Tests.dll" adapterTypeName="executor://xunit/VsTestRunner3/netcore/" className="Microsoft.AspNetCore.Components.NavigationManagerTest" name="ComputesCorrectValidBaseRelativePaths" />
    </UnitTest>
    <UnitTest name="Microsoft.AspNetCore.Components.Test.RendererTest.EventDispatchExceptionsCanBeHandledByClosestErrorBoundary_Async" storage="/home/runner/work/aspnetcore/aspnetcore/artifacts/bin/microsoft.aspnetcore.components.tests/debug/net10.0/microsoft.aspnetcore.components.tests.dll" id="dbba9f29-3ff1-0c52-21d9-b16ed90cc835">
      <Execution id="26d5b3ae-0cbf-45a9-9751-9de6c9d2fa3e" />
      <TestMethod codeBase="/home/runner/work/aspnetcore/aspnetcore/artifacts/bin/Microsoft.AspNetCore.Components.Tests/Debug/net10.0/Microsoft.AspNetCore.Components.Tests.dll" adapterTypeName="executor://xunit/VsTestRunner3/netcore/" className="Microsoft.AspNetCore.Components.Test.RendererTest" name="EventDispatchExceptionsCanBeHandledByClosestErrorBoundary_Async" />
    </UnitTest>
    <UnitTest name="Microsoft.AspNetCore.Components.Routing.RouteTableFactoryTests.DoesNotThrowForNonAmbiguousRoutes(first: &quot;literal/{*catchAll}&quot;, second: &quot;literal/{optional?}&quot;)" storage="/home/runner/work/aspnetcore/aspnetcore/artifacts/bin/microsoft.aspnetcore.components.tests/debug/net10.0/microsoft.aspnetcore.components.tests.dll" id="826ee6e6-4d1c-76cd-bf32-6207fb5cf7fc">
      <Execution id="cea97778-0f7a-416b-a018-dbc58157318e" />
      <TestMethod codeBase="/home/runner/work/aspnetcore/aspnetcore/artifacts/bin/Microsoft.AspNetCore.Components.Tests/Debug/net10.0/Microsoft.AspNetCore.Components.Tests.dll" adapterTypeName="executor://xunit/VsTestRunner3/netcore/" className="Microsoft.AspNetCore.Components.Routing.RouteTableFactoryTests" name="DoesNotThrowForNonAmbiguousRoutes" />
    </UnitTest>
    <UnitTest name="Microsoft.AspNetCore.Components.Test.RenderTreeDiffBuilderTest.SkipsUnmodifiedTrailingSiblings" storage="/home/runner/work/aspnetcore/aspnetcore/artifacts/bin/microsoft.aspnetcore.components.tests/debug/net10.0/microsoft.aspnetcore.components.tests.dll" id="a4eefc75-4bc7-7bb9-1e37-b607901cf423">
      <Execution id="acd43073-9218-43d8-adda-79e803df1405" />
      <TestMethod codeBase="/home/runner/work/aspnetcore/aspnetcore/artifacts/bin/Microsoft.AspNetCore.Components.Tests/Debug/net10.0/Microsoft.AspNetCore.Components.Tests.dll" adapterTypeName="executor://xunit/VsTestRunner3/netcore/" className="Microsoft.AspNetCore.Components.Test.RenderTreeDiffBuilderTest" name="SkipsUnmodifiedTrailingSiblings" />
    </UnitTest>
    <UnitTest name="Microsoft.AspNetCore.Components.EventCallbackTest.EventCallbackOfT_FuncTTask_Arg" storage="/home/runner/work/aspnetcore/aspnetcore/artifacts/bin/microsoft.aspnetcore.components.tests/debug/net10.0/microsoft.aspnetcore.components.tests.dll" id="69f53fe6-6d7e-82e7-0c5a-f10fa6dd7af6">
      <Execution id="70f01a47-7b0f-4aa1-865f-daf47abd6ffb" />
      <TestMethod codeBase="/home/runner/work/aspnetcore/aspnetcore/artifacts/bin/Microsoft.AspNetCore.Components.Tests/Debug/net10.0/Microsoft.AspNetCore.Components.Tests.dll" adapterTypeName="executor://xunit/VsTestRunner3/netcore/" className="Microsoft.AspNetCore.Components.EventCallbackTest" name="EventCallbackOfT_FuncTTask_Arg" />
    </UnitTest>
    <UnitTest name="Microsoft.AspNetCore.Components.NavigationManagerTest.GetUriWithQueryParameters_SupportsEnumerableValues(baseUri: &quot;scheme://host/?ping=8&amp;full%20name=Bob%20Joe&amp;ping=3&quot;···, expectedUri: &quot;scheme://host/?ping=35&amp;full%20name=John%20Doe&amp;ping&quot;···)" storage="/home/runner/work/aspnetcore/aspnetcore/artifacts/bin/microsoft.aspnetcore.components.tests/debug/net10.0/microsoft.aspnetcore.components.tests.dll" id="3009c012-ecdc-c216-9767-93f5464c9db5">
      <Execution id="b08ce840-5fa5-4db2-8be5-07916bd9c9f3" />
      <TestMethod codeBase="/home/runner/work/aspnetcore/aspnetcore/artifacts/bin/Microsoft.AspNetCore.Components.Tests/Debug/net10.0/Microsoft.AspNetCore.Components.Tests.dll" adapterTypeName="executor://xunit/VsTestRunner3/netcore/" className="Microsoft.AspNetCore.Components.NavigationManagerTest" name="GetUriWithQueryParameters_SupportsEnumerableValues" />
    </UnitTest>
    <UnitTest name="Microsoft.AspNetCore.Components.Test.CascadingParameterTest.PrefersComponentHierarchyCascadingValuesOverServiceProviderValues" storage="/home/runner/work/aspnetcore/aspnetcore/artifacts/bin/microsoft.aspnetcore.components.tests/debug/net10.0/microsoft.aspnetcore.components.tests.dll" id="f414ac7c-1b9c-04b6-8195-2c0ad1e018c2">
      <Execution id="d5894e7e-8f1b-40fa-a565-f9c6b1ba6a97" />
      <TestMethod codeBase="/home/runner/work/aspnetcore/aspnetcore/artifacts/bin/Microsoft.AspNetCore.Components.Tests/Debug/net10.0/Microsoft.AspNetCore.Components.Tests.dll" adapterTypeName="executor://xunit/VsTestRunner3/netcore/" className="Microsoft.AspNetCore.Components.Test.CascadingParameterTest" name="PrefersComponentHierarchyCascadingValuesOverServiceProviderValues" />
    </UnitTest>
    <UnitTest name="Microsoft.AspNetCore.Components.ResourceAssetCollectionTest.CanDetermineContentSpecificUrls" storage="/home/runner/work/aspnetcore/aspnetcore/artifacts/bin/microsoft.aspnetcore.components.tests/debug/net10.0/microsoft.aspnetcore.components.tests.dll" id="c47cd642-011d-92d4-7b02-291c36331e0f">
      <Execution id="b6c16f44-928c-48ab-92ac-e973bb8d36da" />
      <TestMethod codeBase="/home/runner/work/aspnetcore/aspnetcore/artifacts/bin/Microsoft.AspNetCore.Components.Tests/Debug/net10.0/Microsoft.AspNetCore.Components.Tests.dll" adapterTypeName="executor://xunit/VsTestRunner3/netcore/" className="Microsoft.AspNetCore.Components.ResourceAssetCollectionTest" name="CanDetermineContentSpecificUrls" />
    </UnitTest>
    <UnitTest name="Microsoft.AspNetCore.Components.Test.CascadingParameterTest.DoesNotNotifyDescendantsIfCascadingParameterValuesAreImmutableAndUnchanged" storage="/home/runner/work/aspnetcore/aspnetcore/artifacts/bin/microsoft.aspnetcore.components.tests/debug/net10.0/microsoft.aspnetcore.components.tests.dll" id="25c245ec-000c-b8b0-753a-0d4f262033b6">
      <Execution id="57f93a16-3f5d-4c7e-9243-be6ddf555cf1" />
      <TestMethod codeBase="/home/runner/work/aspnetcore/aspnetcore/artifacts/bin/Microsoft.AspNetCore.Components.Tests/Debug/net10.0/Microsoft.AspNetCore.Components.Tests.dll" adapterTypeName="executor://xunit/VsTestRunner3/netcore/" className="Microsoft.AspNetCore.Components.Test.CascadingParameterTest" name="DoesNotNotifyDescendantsIfCascadingParameterValuesAreImmutableAndUnchanged" />
    </UnitTest>
    <UnitTest name="Microsoft.AspNetCore.Components.Routing.QueryParameterValueSupplierTest.RejectsBlankArrayEntriesWhenNotNullable(key: &quot;DoubleVals&quot;, targetType: typeof(double))" storage="/home/runner/work/aspnetcore/aspnetcore/artifacts/bin/microsoft.aspnetcore.components.tests/debug/net10.0/microsoft.aspnetcore.components.tests.dll" id="c97782fa-97da-7fc4-0401-e5add9386ec0">
      <Execution id="54775a80-8a0e-4697-b118-e17b1ec11d1d" />
      <TestMethod codeBase="/home/runner/work/aspnetcore/aspnetcore/artifacts/bin/Microsoft.AspNetCore.Components.Tests/Debug/net10.0/Microsoft.AspNetCore.Components.Tests.dll" adapterTypeName="executor://xunit/VsTestRunner3/netcore/" className="Microsoft.AspNetCore.Components.Routing.QueryParameterValueSupplierTest" name="RejectsBlankArrayEntriesWhenNotNullable" />
    </UnitTest>
    <UnitTest name="Microsoft.AspNetCore.Components.NavigationManagerTest.LocationChangingHandlers_DoNotBubbleExceptionsThroughNotifyLocationChangingAsync_WhenMultipleHandlersAreRegistered" storage="/home/runner/work/aspnetcore/aspnetcore/artifacts/bin/microsoft.aspnetcore.components.tests/debug/net10.0/microsoft.aspnetcore.components.tests.dll" id="9bdc6241-3bb4-1b5a-c2b5-156869ab7854">
      <Execution id="75bada8b-cd40-4509-976b-88ff6d1405ad" />
      <TestMethod codeBase="/home/runner/work/aspnetcore/aspnetcore/artifacts/bin/Microsoft.AspNetCore.Components.Tests/Debug/net10.0/Microsoft.AspNetCore.Components.Tests.dll" adapterTypeName="executor://xunit/VsTestRunner3/netcore/" className="Microsoft.AspNetCore.Components.NavigationManagerTest" name="LocationChangingHandlers_DoNotBubbleExceptionsThroughNotifyLocationChangingAsync_WhenMultipleHandlersAreRegistered" />
    </UnitTest>
    <UnitTest name="Microsoft.AspNetCore.Components.Routing.QueryParameterValueSupplierTest.RejectsBlankArrayEntriesWhenNotNullable(key: &quot;DecimalVals&quot;, targetType: typeof(decimal))" storage="/home/runner/work/aspnetcore/aspnetcore/artifacts/bin/microsoft.aspnetcore.components.tests/debug/net10.0/microsoft.aspnetcore.components.tests.dll" id="5480f7b1-3654-ffee-c98b-6ebbcc60e5ec">
      <Execution id="a119c4d7-978f-4788-a84b-648abb5cb064" />
      <TestMethod codeBase="/home/runner/work/aspnetcore/aspnetcore/artifacts/bin/Microsoft.AspNetCore.Components.Tests/Debug/net10.0/Microsoft.AspNetCore.Components.Tests.dll" adapterTypeName="executor://xunit/VsTestRunner3/netcore/" className="Microsoft.AspNetCore.Components.Routing.QueryParameterValueSupplierTest" name="RejectsBlankArrayEntriesWhenNotNullable" />
    </UnitTest>
    <UnitTest name="Microsoft.AspNetCore.Components.NavigationManagerTest.GetUriWithQueryParameters_CanAddUpdateAndRemove(baseUri: &quot;scheme://host/?&quot;, expectedUri: &quot;scheme://host/?age=25&amp;eye%20color=green&quot;)" storage="/home/runner/work/aspnetcore/aspnetcore/artifacts/bin/microsoft.aspnetcore.components.tests/debug/net10.0/microsoft.aspnetcore.components.tests.dll" id="5d5d2aba-5c18-1e10-0f72-04cd0c208f80">
      <Execution id="8f9d24db-c07f-42de-901b-8779d2f15542" />
      <TestMethod codeBase="/home/runner/work/aspnetcore/aspnetcore/artifacts/bin/Microsoft.AspNetCore.Components.Tests/Debug/net10.0/Microsoft.AspNetCore.Components.Tests.dll" adapterTypeName="executor://xunit/VsTestRunner3/netcore/" className="Microsoft.AspNetCore.Components.NavigationManagerTest" name="GetUriWithQueryParameters_CanAddUpdateAndRemove" />
    </UnitTest>
    <UnitTest name="Microsoft.AspNetCore.Components.ComponentsActivitySourceTest.CaptureEventStopAsync_StopsActivityOnSuccessfulTask" storage="/home/runner/work/aspnetcore/aspnetcore/artifacts/bin/microsoft.aspnetcore.components.tests/debug/net10.0/microsoft.aspnetcore.components.tests.dll" id="e32f0b81-e73e-a007-e00c-d45b206f7160">
      <Execution id="52e16552-f062-4a5f-9b47-accaf066f9aa" />
      <TestMethod codeBase="/home/runner/work/aspnetcore/aspnetcore/artifacts/bin/Microsoft.AspNetCore.Components.Tests/Debug/net10.0/Microsoft.AspNetCore.Components.Tests.dll" adapterTypeName="executor://xunit/VsTestRunner3/netcore/" className="Microsoft.AspNetCore.Components.ComponentsActivitySourceTest" name="CaptureEventStopAsync_StopsActivityOnSuccessfulTask" />
    </UnitTest>
    <UnitTest name="Microsoft.AspNetCore.Components.Routing.RouteTableFactoryTests.CanMatchTemplateWithMultipleParameters" storage="/home/runner/work/aspnetcore/aspnetcore/artifacts/bin/microsoft.aspnetcore.components.tests/debug/net10.0/microsoft.aspnetcore.components.tests.dll" id="23a2ce8c-229c-f736-7e1f-b6a40812b241">
      <Execution id="aa054ad0-7868-4bb0-aac8-b727d098a444" />
      <TestMethod codeBase="/home/runner/work/aspnetcore/aspnetcore/artifacts/bin/Microsoft.AspNetCore.Components.Tests/Debug/net10.0/Microsoft.AspNetCore.Components.Tests.dll" adapterTypeName="executor://xunit/VsTestRunner3/netcore/" className="Microsoft.AspNetCore.Components.Routing.RouteTableFactoryTests" name="CanMatchTemplateWithMultipleParameters" />
    </UnitTest>
    <UnitTest name="Microsoft.AspNetCore.Components.Test.RendererTest.RenderModeResolverCanSupplyComponent_CallSiteRenderMode" storage="/home/runner/work/aspnetcore/aspnetcore/artifacts/bin/microsoft.aspnetcore.components.tests/debug/net10.0/microsoft.aspnetcore.components.tests.dll" id="55cd5cf7-3e3b-d0e7-0f08-81397b9bba36">
      <Execution id="084486ca-b8d0-40af-869a-d85f3a77066b" />
      <TestMethod codeBase="/home/runner/work/aspnetcore/aspnetcore/artifacts/bin/Microsoft.AspNetCore.Components.Tests/Debug/net10.0/Microsoft.AspNetCore.Components.Tests.dll" adapterTypeName="executor://xunit/VsTestRunner3/netcore/" className="Microsoft.AspNetCore.Components.Test.RendererTest" name="RenderModeResolverCanSupplyComponent_CallSiteRenderMode" />
    </UnitTest>
    <UnitTest name="Microsoft.AspNetCore.Components.RenderTree.ArrayBuilderTest.Clear_ReturnsBuffer" storage="/home/runner/work/aspnetcore/aspnetcore/artifacts/bin/microsoft.aspnetcore.components.tests/debug/net10.0/microsoft.aspnetcore.components.tests.dll" id="3f4ab3c6-c31b-06ef-404d-209e89ccfff8">
      <Execution id="01229b1e-1c2c-450a-8008-708fc6a03845" />
      <TestMethod codeBase="/home/runner/work/aspnetcore/aspnetcore/artifacts/bin/Microsoft.AspNetCore.Components.Tests/Debug/net10.0/Microsoft.AspNetCore.Components.Tests.dll" adapterTypeName="executor://xunit/VsTestRunner3/netcore/" className="Microsoft.AspNetCore.Components.RenderTree.ArrayBuilderTest" name="Clear_ReturnsBuffer" />
    </UnitTest>
    <UnitTest name="Microsoft.AspNetCore.Components.Routing.RouteTableFactoryTests.DoesNotThrowForNonAmbiguousRoutes(first: &quot;{param1?}/{param2?}/{param3?}/{*catchAll}&quot;, second: &quot;{param1?}/{param2?}/{param3?}/{optional?}&quot;)" storage="/home/runner/work/aspnetcore/aspnetcore/artifacts/bin/microsoft.aspnetcore.components.tests/debug/net10.0/microsoft.aspnetcore.components.tests.dll" id="edb2bbac-8d2a-40d8-a098-edaded11052b">
      <Execution id="64e61cc7-e9d0-4b94-b868-2d77dc172fe8" />
      <TestMethod codeBase="/home/runner/work/aspnetcore/aspnetcore/artifacts/bin/Microsoft.AspNetCore.Components.Tests/Debug/net10.0/Microsoft.AspNetCore.Components.Tests.dll" adapterTypeName="executor://xunit/VsTestRunner3/netcore/" className="Microsoft.AspNetCore.Components.Routing.RouteTableFactoryTests" name="DoesNotThrowForNonAmbiguousRoutes" />
    </UnitTest>
    <UnitTest name="Microsoft.AspNetCore.Components.Test.RenderTreeUpdaterTest.IgnoresUpdatesToAttributesIfUnexpectedValueTypeSupplied" storage="/home/runner/work/aspnetcore/aspnetcore/artifacts/bin/microsoft.aspnetcore.components.tests/debug/net10.0/microsoft.aspnetcore.components.tests.dll" id="9e3f27a6-59c2-db03-8c89-df0fbdc5a2f0">
      <Execution id="1397806e-1ace-4b65-aafb-2c5702d5042f" />
      <TestMethod codeBase="/home/runner/work/aspnetcore/aspnetcore/artifacts/bin/Microsoft.AspNetCore.Components.Tests/Debug/net10.0/Microsoft.AspNetCore.Components.Tests.dll" adapterTypeName="executor://xunit/VsTestRunner3/netcore/" className="Microsoft.AspNetCore.Components.Test.RenderTreeUpdaterTest" name="IgnoresUpdatesToAttributesIfUnexpectedValueTypeSupplied" />
    </UnitTest>
    <UnitTest name="Microsoft.AspNetCore.Components.Routing.RouteTableFactoryTests.DoesNotThrowForNonAmbiguousRoutes(first: &quot;{param1?}/{param2?}/{param3?}/{optional?}&quot;, second: &quot;{param1?}/{param2?}/{param3:int?}/{optional?}&quot;)" storage="/home/runner/work/aspnetcore/aspnetcore/artifacts/bin/microsoft.aspnetcore.components.tests/debug/net10.0/microsoft.aspnetcore.components.tests.dll" id="18230c43-6e0e-39f4-d516-e85545e19098">
      <Execution id="7e8f9005-3d24-40ec-8d11-f4719a38ca35" />
      <TestMethod codeBase="/home/runner/work/aspnetcore/aspnetcore/artifacts/bin/Microsoft.AspNetCore.Components.Tests/Debug/net10.0/Microsoft.AspNetCore.Components.Tests.dll" adapterTypeName="executor://xunit/VsTestRunner3/netcore/" className="Microsoft.AspNetCore.Components.Routing.RouteTableFactoryTests" name="DoesNotThrowForNonAmbiguousRoutes" />
    </UnitTest>
    <UnitTest name="Microsoft.AspNetCore.Components.ParameterViewTest.Clone_EmptyParameterView" storage="/home/runner/work/aspnetcore/aspnetcore/artifacts/bin/microsoft.aspnetcore.components.tests/debug/net10.0/microsoft.aspnetcore.components.tests.dll" id="af21394a-886f-4baa-5c2f-a0e77f67e3ce">
      <Execution id="434f108f-8dad-4446-8052-9b8a6d1626e3" />
      <TestMethod codeBase="/home/runner/work/aspnetcore/aspnetcore/artifacts/bin/Microsoft.AspNetCore.Components.Tests/Debug/net10.0/Microsoft.AspNetCore.Components.Tests.dll" adapterTypeName="executor://xunit/VsTestRunner3/netcore/" className="Microsoft.AspNetCore.Components.ParameterViewTest" name="Clone_EmptyParameterView" />
    </UnitTest>
    <UnitTest name="Microsoft.AspNetCore.Components.Routing.RouteTableFactoryTests.MultipleOptionalParameters(path: &quot;/1/2/3&quot;, segments: 3)" storage="/home/runner/work/aspnetcore/aspnetcore/artifacts/bin/microsoft.aspnetcore.components.tests/debug/net10.0/microsoft.aspnetcore.components.tests.dll" id="a4ef2135-fa43-e2cd-3a1b-4e08a0d3d59d">
      <Execution id="1c14aed6-2af5-4599-abb4-60acb4274a79" />
      <TestMethod codeBase="/home/runner/work/aspnetcore/aspnetcore/artifacts/bin/Microsoft.AspNetCore.Components.Tests/Debug/net10.0/Microsoft.AspNetCore.Components.Tests.dll" adapterTypeName="executor://xunit/VsTestRunner3/netcore/" className="Microsoft.AspNetCore.Components.Routing.RouteTableFactoryTests" name="MultipleOptionalParameters" />
    </UnitTest>
    <UnitTest name="Microsoft.AspNetCore.Components.Rendering.RenderTreeBuilderTest.ProcessDuplicateAttributes_StopsAtFirstNonAttributeFrame_Capture" storage="/home/runner/work/aspnetcore/aspnetcore/artifacts/bin/microsoft.aspnetcore.components.tests/debug/net10.0/microsoft.aspnetcore.components.tests.dll" id="66b737fb-baa7-6ff9-32a4-aa649c9a1a69">
      <Execution id="28193cfa-171b-413b-b5b2-40e7ba9b889f" />
      <TestMethod codeBase="/home/runner/work/aspnetcore/aspnetcore/artifacts/bin/Microsoft.AspNetCore.Components.Tests/Debug/net10.0/Microsoft.AspNetCore.Components.Tests.dll" adapterTypeName="executor://xunit/VsTestRunner3/netcore/" className="Microsoft.AspNetCore.Components.Rendering.RenderTreeBuilderTest" name="ProcessDuplicateAttributes_StopsAtFirstNonAttributeFrame_Capture" />
    </UnitTest>
    <UnitTest name="Microsoft.AspNetCore.Components.EventCallbackFactoryTest.Create_FuncTask_Unbound" storage="/home/runner/work/aspnetcore/aspnetcore/artifacts/bin/microsoft.aspnetcore.components.tests/debug/net10.0/microsoft.aspnetcore.components.tests.dll" id="9aecfd5e-2fa6-a6bb-36c6-3f8db459d4e7">
      <Execution id="eb940486-ec7f-4669-a386-3c2abe5852a7" />
      <TestMethod codeBase="/home/runner/work/aspnetcore/aspnetcore/artifacts/bin/Microsoft.AspNetCore.Components.Tests/Debug/net10.0/Microsoft.AspNetCore.Components.Tests.dll" adapterTypeName="executor://xunit/VsTestRunner3/netcore/" className="Microsoft.AspNetCore.Components.EventCallbackFactoryTest" name="Create_FuncTask_Unbound" />
    </UnitTest>
    <UnitTest name="Microsoft.AspNetCore.Components.Test.CascadingParameterTest.CanSupplyCascadingValuesForSpecificCascadingParameterAttributeType" storage="/home/runner/work/aspnetcore/aspnetcore/artifacts/bin/microsoft.aspnetcore.components.tests/debug/net10.0/microsoft.aspnetcore.components.tests.dll" id="ee1c6a0c-d6c1-a859-c280-05f10bd0a166">
      <Execution id="d1bd2a7f-2e91-4054-9396-ce0a8598be67" />
      <TestMethod codeBase="/home/runner/work/aspnetcore/aspnetcore/artifacts/bin/Microsoft.AspNetCore.Components.Tests/Debug/net10.0/Microsoft.AspNetCore.Components.Tests.dll" adapterTypeName="executor://xunit/VsTestRunner3/netcore/" className="Microsoft.AspNetCore.Components.Test.CascadingParameterTest" name="CanSupplyCascadingValuesForSpecificCascadingParameterAttributeType" />
    </UnitTest>
    <UnitTest name="Microsoft.AspNetCore.Components.EventCallbackFactoryBinderExtensionsTest.CreateBinder_DateTimeOffset_Format" storage="/home/runner/work/aspnetcore/aspnetcore/artifacts/bin/microsoft.aspnetcore.components.tests/debug/net10.0/microsoft.aspnetcore.components.tests.dll" id="390041a8-330d-eda4-14e7-d1c2f194f98b">
      <Execution id="8028bd85-da57-4075-869e-ae139527a7dc" />
      <TestMethod codeBase="/home/runner/work/aspnetcore/aspnetcore/artifacts/bin/Microsoft.AspNetCore.Components.Tests/Debug/net10.0/Microsoft.AspNetCore.Components.Tests.dll" adapterTypeName="executor://xunit/VsTestRunner3/netcore/" className="Microsoft.AspNetCore.Components.EventCallbackFactoryBinderExtensionsTest" name="CreateBinder_DateTimeOffset_Format" />
    </UnitTest>
    <UnitTest name="Microsoft.AspNetCore.Components.NavigationManagerTest.LocationChangingHandlers_AreCanceledBySuccessiveNavigations_WhenOneHandlerIsRegistered" storage="/home/runner/work/aspnetcore/aspnetcore/artifacts/bin/microsoft.aspnetcore.components.tests/debug/net10.0/microsoft.aspnetcore.components.tests.dll" id="224121b0-bd55-b0f9-b633-9c4a8af584c9">
      <Execution id="438061e5-b70c-47bd-bf3d-a6c052f07363" />
      <TestMethod codeBase="/home/runner/work/aspnetcore/aspnetcore/artifacts/bin/Microsoft.AspNetCore.Components.Tests/Debug/net10.0/Microsoft.AspNetCore.Components.Tests.dll" adapterTypeName="executor://xunit/VsTestRunner3/netcore/" className="Microsoft.AspNetCore.Components.NavigationManagerTest" name="LocationChangingHandlers_AreCanceledBySuccessiveNavigations_WhenOneHandlerIsRegistered" />
    </UnitTest>
    <UnitTest name="Microsoft.AspNetCore.Components.Test.RenderTreeDiffBuilderTest.RecognizesAttributeEventHandlerValuesChanged" storage="/home/runner/work/aspnetcore/aspnetcore/artifacts/bin/microsoft.aspnetcore.components.tests/debug/net10.0/microsoft.aspnetcore.components.tests.dll" id="67768116-f076-e001-d8f2-271ba84d3cfa">
      <Execution id="fbbf3147-d899-45b7-a55a-0d314bd762e9" />
      <TestMethod codeBase="/home/runner/work/aspnetcore/aspnetcore/artifacts/bin/Microsoft.AspNetCore.Components.Tests/Debug/net10.0/Microsoft.AspNetCore.Components.Tests.dll" adapterTypeName="executor://xunit/VsTestRunner3/netcore/" className="Microsoft.AspNetCore.Components.Test.RenderTreeDiffBuilderTest" name="RecognizesAttributeEventHandlerValuesChanged" />
    </UnitTest>
    <UnitTest name="Microsoft.AspNetCore.Components.Routing.RoutePatternParserTests.Parse_MixedLiteralAndCatchAllParameter" storage="/home/runner/work/aspnetcore/aspnetcore/artifacts/bin/microsoft.aspnetcore.components.tests/debug/net10.0/microsoft.aspnetcore.components.tests.dll" id="e3184b48-eb0e-2245-afd4-a8e08abf3d07">
      <Execution id="c5bae9f1-6a27-4c78-bbc6-f6e0aff0169a" />
      <TestMethod codeBase="/home/runner/work/aspnetcore/aspnetcore/artifacts/bin/Microsoft.AspNetCore.Components.Tests/Debug/net10.0/Microsoft.AspNetCore.Components.Tests.dll" adapterTypeName="executor://xunit/VsTestRunner3/netcore/" className="Microsoft.AspNetCore.Components.Routing.RoutePatternParserTests" name="Parse_MixedLiteralAndCatchAllParameter" />
    </UnitTest>
    <UnitTest name="Microsoft.AspNetCore.Components.Rendering.RenderTreeBuilderTest.CannotAddDelegateAttributeAtRoot" storage="/home/runner/work/aspnetcore/aspnetcore/artifacts/bin/microsoft.aspnetcore.components.tests/debug/net10.0/microsoft.aspnetcore.components.tests.dll" id="4d50b4bc-fb20-4b15-c696-86312cc6655b">
      <Execution id="26e84a76-ee65-4bdb-97ae-e102e8f7e820" />
      <TestMethod codeBase="/home/runner/work/aspnetcore/aspnetcore/artifacts/bin/Microsoft.AspNetCore.Components.Tests/Debug/net10.0/Microsoft.AspNetCore.Components.Tests.dll" adapterTypeName="executor://xunit/VsTestRunner3/netcore/" className="Microsoft.AspNetCore.Components.Rendering.RenderTreeBuilderTest" name="CannotAddDelegateAttributeAtRoot" />
    </UnitTest>
    <UnitTest name="Microsoft.AspNetCore.Components.Test.RendererTest.CanAsyncDispatchActionEventsToTopLevelComponents" storage="/home/runner/work/aspnetcore/aspnetcore/artifacts/bin/microsoft.aspnetcore.components.tests/debug/net10.0/microsoft.aspnetcore.components.tests.dll" id="2ea2195b-b7a5-1314-2954-98a12fc50d14">
      <Execution id="6f153360-31ff-415c-ade2-a12a903b0ad4" />
      <TestMethod codeBase="/home/runner/work/aspnetcore/aspnetcore/artifacts/bin/Microsoft.AspNetCore.Components.Tests/Debug/net10.0/Microsoft.AspNetCore.Components.Tests.dll" adapterTypeName="executor://xunit/VsTestRunner3/netcore/" className="Microsoft.AspNetCore.Components.Test.RendererTest" name="CanAsyncDispatchActionEventsToTopLevelComponents" />
    </UnitTest>
    <UnitTest name="Microsoft.AspNetCore.Components.RenderTree.ArrayBuilderTest.DoubleDispose_DoesNotReturnBufferTwice" storage="/home/runner/work/aspnetcore/aspnetcore/artifacts/bin/microsoft.aspnetcore.components.tests/debug/net10.0/microsoft.aspnetcore.components.tests.dll" id="126e9b27-9086-add0-76df-2e01519124fe">
      <Execution id="ff3284a9-ff09-4d2b-b27a-57e947cfc12a" />
      <TestMethod codeBase="/home/runner/work/aspnetcore/aspnetcore/artifacts/bin/Microsoft.AspNetCore.Components.Tests/Debug/net10.0/Microsoft.AspNetCore.Components.Tests.dll" adapterTypeName="executor://xunit/VsTestRunner3/netcore/" className="Microsoft.AspNetCore.Components.RenderTree.ArrayBuilderTest" name="DoubleDispose_DoesNotReturnBufferTwice" />
    </UnitTest>
    <UnitTest name="Microsoft.AspNetCore.Components.Test.RenderTreeDiffBuilderTest.AttributeDiff_WithSameSequenceNumber_AttributeAddedInMiddle" storage="/home/runner/work/aspnetcore/aspnetcore/artifacts/bin/microsoft.aspnetcore.components.tests/debug/net10.0/microsoft.aspnetcore.components.tests.dll" id="ec66d659-3f65-d6bb-0884-6e3826c8864e">
      <Execution id="03b8beff-dfb7-4bf2-93ba-fb74a6a69aad" />
      <TestMethod codeBase="/home/runner/work/aspnetcore/aspnetcore/artifacts/bin/Microsoft.AspNetCore.Components.Tests/Debug/net10.0/Microsoft.AspNetCore.Components.Tests.dll" adapterTypeName="executor://xunit/VsTestRunner3/netcore/" className="Microsoft.AspNetCore.Components.Test.RenderTreeDiffBuilderTest" name="AttributeDiff_WithSameSequenceNumber_AttributeAddedInMiddle" />
    </UnitTest>
    <UnitTest name="Microsoft.AspNetCore.Components.ParameterViewTest.SettingCaptureUnmatchedValuesParameterWithUnmatchedValuesWorks" storage="/home/runner/work/aspnetcore/aspnetcore/artifacts/bin/microsoft.aspnetcore.components.tests/debug/net10.0/microsoft.aspnetcore.components.tests.dll" id="ff7cf126-3f50-6353-bdb8-6e1a4f043d22">
      <Execution id="3b46f51b-9491-4516-ba6f-a4aa0c6b4556" />
      <TestMethod codeBase="/home/runner/work/aspnetcore/aspnetcore/artifacts/bin/Microsoft.AspNetCore.Components.Tests/Debug/net10.0/Microsoft.AspNetCore.Components.Tests.dll" adapterTypeName="executor://xunit/VsTestRunner3/netcore/" className="Microsoft.AspNetCore.Components.ParameterViewTest" name="SettingCaptureUnmatchedValuesParameterWithUnmatchedValuesWorks" />
    </UnitTest>
    <UnitTest name="Microsoft.AspNetCore.Components.Test.RenderTreeDiffBuilderTest.HandlesAdjacentItemsBeingRemovedAndInsertedAtOnce" storage="/home/runner/work/aspnetcore/aspnetcore/artifacts/bin/microsoft.aspnetcore.components.tests/debug/net10.0/microsoft.aspnetcore.components.tests.dll" id="e3421d6f-c005-7ae0-7267-75090d5d450a">
      <Execution id="ba202569-760a-4c6c-9503-8c2996838aa3" />
      <TestMethod codeBase="/home/runner/work/aspnetcore/aspnetcore/artifacts/bin/Microsoft.AspNetCore.Components.Tests/Debug/net10.0/Microsoft.AspNetCore.Components.Tests.dll" adapterTypeName="executor://xunit/VsTestRunner3/netcore/" className="Microsoft.AspNetCore.Components.Test.RenderTreeDiffBuilderTest" name="HandlesAdjacentItemsBeingRemovedAndInsertedAtOnce" />
    </UnitTest>
    <UnitTest name="Microsoft.AspNetCore.Components.NavigationManagerTest.GetUriWithQueryParameter_RemovesWhenParameterValueIsNull(baseUri: &quot;scheme://host/?full%20name=&amp;age=42#hash&quot;, expectedUri: &quot;scheme://host/?age=42#hash&quot;)" storage="/home/runner/work/aspnetcore/aspnetcore/artifacts/bin/microsoft.aspnetcore.components.tests/debug/net10.0/microsoft.aspnetcore.components.tests.dll" id="c817fb59-16a0-5c16-2dac-873ea13914d3">
      <Execution id="fbca369e-b08f-4168-96de-8bdab0a29994" />
      <TestMethod codeBase="/home/runner/work/aspnetcore/aspnetcore/artifacts/bin/Microsoft.AspNetCore.Components.Tests/Debug/net10.0/Microsoft.AspNetCore.Components.Tests.dll" adapterTypeName="executor://xunit/VsTestRunner3/netcore/" className="Microsoft.AspNetCore.Components.NavigationManagerTest" name="GetUriWithQueryParameter_RemovesWhenParameterValueIsNull" />
    </UnitTest>
    <UnitTest name="Microsoft.AspNetCore.Components.RenderTree.ArrayBuilderTest.AppendArray_CopySubset" storage="/home/runner/work/aspnetcore/aspnetcore/artifacts/bin/microsoft.aspnetcore.components.tests/debug/net10.0/microsoft.aspnetcore.components.tests.dll" id="0105ab61-b4ce-b60c-0a0f-26130cf6e624">
      <Execution id="bf413cf8-9bef-4c4d-a70e-59a5bf274e01" />
      <TestMethod codeBase="/home/runner/work/aspnetcore/aspnetcore/artifacts/bin/Microsoft.AspNetCore.Components.Tests/Debug/net10.0/Microsoft.AspNetCore.Components.Tests.dll" adapterTypeName="executor://xunit/VsTestRunner3/netcore/" className="Microsoft.AspNetCore.Components.RenderTree.ArrayBuilderTest" name="AppendArray_CopySubset" />
    </UnitTest>
    <UnitTest name="Microsoft.AspNetCore.Components.Routing.QueryParameterValueSupplierTest.SuppliesNullForValueTypesIfNotSpecified(query: &quot;?unrelated=123&quot;)" storage="/home/runner/work/aspnetcore/aspnetcore/artifacts/bin/microsoft.aspnetcore.components.tests/debug/net10.0/microsoft.aspnetcore.components.tests.dll" id="f3ddd03e-1411-577c-cba1-497543af4d7a">
      <Execution id="d9fdf204-78b0-49d5-802c-18648ec71c1a" />
      <TestMethod codeBase="/home/runner/work/aspnetcore/aspnetcore/artifacts/bin/Microsoft.AspNetCore.Components.Tests/Debug/net10.0/Microsoft.AspNetCore.Components.Tests.dll" adapterTypeName="executor://xunit/VsTestRunner3/netcore/" className="Microsoft.AspNetCore.Components.Routing.QueryParameterValueSupplierTest" name="SuppliesNullForValueTypesIfNotSpecified" />
    </UnitTest>
    <UnitTest name="Microsoft.AspNetCore.Components.ComponentsMetricsTest.CaptureEventDuration_RecordsSuccessMetric" storage="/home/runner/work/aspnetcore/aspnetcore/artifacts/bin/microsoft.aspnetcore.components.tests/debug/net10.0/microsoft.aspnetcore.components.tests.dll" id="a3c8ed5d-3a6e-a49a-1e69-d3d0339835de">
      <Execution id="807cf1ee-7614-45d8-9955-34edbb3d6de5" />
      <TestMethod codeBase="/home/runner/work/aspnetcore/aspnetcore/artifacts/bin/Microsoft.AspNetCore.Components.Tests/Debug/net10.0/Microsoft.AspNetCore.Components.Tests.dll" adapterTypeName="executor://xunit/VsTestRunner3/netcore/" className="Microsoft.AspNetCore.Components.ComponentsMetricsTest" name="CaptureEventDuration_RecordsSuccessMetric" />
    </UnitTest>
    <UnitTest name="Microsoft.AspNetCore.Components.Test.CascadingParameterTest.CanAddSubscriberDuringChangeNotification" storage="/home/runner/work/aspnetcore/aspnetcore/artifacts/bin/microsoft.aspnetcore.components.tests/debug/net10.0/microsoft.aspnetcore.components.tests.dll" id="a06fb1af-0392-bf35-0380-de619cf9d5fe">
      <Execution id="e8686d22-cd8d-4e74-9f78-f3e0fce39889" />
      <TestMethod codeBase="/home/runner/work/aspnetcore/aspnetcore/artifacts/bin/Microsoft.AspNetCore.Components.Tests/Debug/net10.0/Microsoft.AspNetCore.Components.Tests.dll" adapterTypeName="executor://xunit/VsTestRunner3/netcore/" className="Microsoft.AspNetCore.Components.Test.CascadingParameterTest" name="CanAddSubscriberDuringChangeNotification" />
    </UnitTest>
    <UnitTest name="Microsoft.AspNetCore.Components.Rendering.RendererSynchronizationContextTest.Send_CanRunSynchronously_Exception" storage="/home/runner/work/aspnetcore/aspnetcore/artifacts/bin/microsoft.aspnetcore.components.tests/debug/net10.0/microsoft.aspnetcore.components.tests.dll" id="455deff3-36a6-ac26-6b9e-60f872099d3b">
      <Execution id="c5ed451b-f1eb-4fd7-95f8-8a667021f348" />
      <TestMethod codeBase="/home/runner/work/aspnetcore/aspnetcore/artifacts/bin/Microsoft.AspNetCore.Components.Tests/Debug/net10.0/Microsoft.AspNetCore.Components.Tests.dll" adapterTypeName="executor://xunit/VsTestRunner3/netcore/" className="Microsoft.AspNetCore.Components.Rendering.RendererSynchronizationContextTest" name="Send_CanRunSynchronously_Exception" />
    </UnitTest>
    <UnitTest name="Microsoft.AspNetCore.Components.Test.RendererTest.CanTriggerRenderingSynchronouslyFromInsideAfterRenderCallback" storage="/home/runner/work/aspnetcore/aspnetcore/artifacts/bin/microsoft.aspnetcore.components.tests/debug/net10.0/microsoft.aspnetcore.components.tests.dll" id="38ea0647-de16-d68e-efd2-38377faab21a">
      <Execution id="0f27c354-7b7c-4ea1-8499-ef11a3bc817c" />
      <TestMethod codeBase="/home/runner/work/aspnetcore/aspnetcore/artifacts/bin/Microsoft.AspNetCore.Components.Tests/Debug/net10.0/Microsoft.AspNetCore.Components.Tests.dll" adapterTypeName="executor://xunit/VsTestRunner3/netcore/" className="Microsoft.AspNetCore.Components.Test.RendererTest" name="CanTriggerRenderingSynchronouslyFromInsideAfterRenderCallback" />
    </UnitTest>
    <UnitTest name="Microsoft.AspNetCore.Components.NavigationManagerTest.LocationChangingHandlers_CanContinueTheNavigationSynchronously_WhenMultipleHandlersAreRegistered" storage="/home/runner/work/aspnetcore/aspnetcore/artifacts/bin/microsoft.aspnetcore.components.tests/debug/net10.0/microsoft.aspnetcore.components.tests.dll" id="259d84d8-a34e-7098-bac3-954163732a30">
      <Execution id="fb5dd641-b78f-4d7e-933a-64c8b6138bc6" />
      <TestMethod codeBase="/home/runner/work/aspnetcore/aspnetcore/artifacts/bin/Microsoft.AspNetCore.Components.Tests/Debug/net10.0/Microsoft.AspNetCore.Components.Tests.dll" adapterTypeName="executor://xunit/VsTestRunner3/netcore/" className="Microsoft.AspNetCore.Components.NavigationManagerTest" name="LocationChangingHandlers_CanContinueTheNavigationSynchronously_WhenMultipleHandlersAreRegistered" />
    </UnitTest>
    <UnitTest name="Microsoft.AspNetCore.Components.Test.RendererTest.CanAddAndRenderNewRootComponentsWhileNotQuiescent" storage="/home/runner/work/aspnetcore/aspnetcore/artifacts/bin/microsoft.aspnetcore.components.tests/debug/net10.0/microsoft.aspnetcore.components.tests.dll" id="df1d38e9-4604-acb5-a80e-7be7bf8c947c">
      <Execution id="31edc54c-65f4-49aa-aa90-e0e539a5fb2f" />
      <TestMethod codeBase="/home/runner/work/aspnetcore/aspnetcore/artifacts/bin/Microsoft.AspNetCore.Components.Tests/Debug/net10.0/Microsoft.AspNetCore.Components.Tests.dll" adapterTypeName="executor://xunit/VsTestRunner3/netcore/" className="Microsoft.AspNetCore.Components.Test.RendererTest" name="CanAddAndRenderNewRootComponentsWhileNotQuiescent" />
    </UnitTest>
    <UnitTest name="Microsoft.AspNetCore.Components.Routing.RouteTableFactoryTests.CanMatchOptionalParameterWithConstraint(template: &quot;/optional/{value:decimal?}&quot;, contextUrl: &quot;/optional/&quot;, convertedValue: null)" storage="/home/runner/work/aspnetcore/aspnetcore/artifacts/bin/microsoft.aspnetcore.components.tests/debug/net10.0/microsoft.aspnetcore.components.tests.dll" id="536aaee6-86fe-69b6-7612-60a8fd8ec277">
      <Execution id="9efa0b0e-ab70-4fb3-8245-8180df4e99a8" />
      <TestMethod codeBase="/home/runner/work/aspnetcore/aspnetcore/artifacts/bin/Microsoft.AspNetCore.Components.Tests/Debug/net10.0/Microsoft.AspNetCore.Components.Tests.dll" adapterTypeName="executor://xunit/VsTestRunner3/netcore/" className="Microsoft.AspNetCore.Components.Routing.RouteTableFactoryTests" name="CanMatchOptionalParameterWithConstraint" />
    </UnitTest>
    <UnitTest name="Microsoft.AspNetCore.Components.ComponentApplicationStateTest.TryRetrieveState_ReturnsStateWhenItExists" storage="/home/runner/work/aspnetcore/aspnetcore/artifacts/bin/microsoft.aspnetcore.components.tests/debug/net10.0/microsoft.aspnetcore.components.tests.dll" id="3b8c1ae0-931c-1394-7fe4-6b32a66aa0d2">
      <Execution id="20bba154-0b22-405a-abd2-9d936547a1b9" />
      <TestMethod codeBase="/home/runner/work/aspnetcore/aspnetcore/artifacts/bin/Microsoft.AspNetCore.Components.Tests/Debug/net10.0/Microsoft.AspNetCore.Components.Tests.dll" adapterTypeName="executor://xunit/VsTestRunner3/netcore/" className="Microsoft.AspNetCore.Components.ComponentApplicationStateTest" name="TryRetrieveState_ReturnsStateWhenItExists" />
    </UnitTest>
    <UnitTest name="Microsoft.AspNetCore.Components.Rendering.RendererSynchronizationContextTest.InvokeAsync_SyncWorkInAsyncTaskIsCompletedFirst" storage="/home/runner/work/aspnetcore/aspnetcore/artifacts/bin/microsoft.aspnetcore.components.tests/debug/net10.0/microsoft.aspnetcore.components.tests.dll" id="84668c7d-98a4-7570-225d-d17038a1f1cc">
      <Execution id="63b816d4-9c7d-4065-a9e7-2b5f9bff0eba" />
      <TestMethod codeBase="/home/runner/work/aspnetcore/aspnetcore/artifacts/bin/Microsoft.AspNetCore.Components.Tests/Debug/net10.0/Microsoft.AspNetCore.Components.Tests.dll" adapterTypeName="executor://xunit/VsTestRunner3/netcore/" className="Microsoft.AspNetCore.Components.Rendering.RendererSynchronizationContextTest" name="InvokeAsync_SyncWorkInAsyncTaskIsCompletedFirst" />
    </UnitTest>
    <UnitTest name="Microsoft.AspNetCore.Components.Test.RenderTreeDiffBuilderTest.RecognizesSimultaneousKeyedComponentInsertionsAndDeletions" storage="/home/runner/work/aspnetcore/aspnetcore/artifacts/bin/microsoft.aspnetcore.components.tests/debug/net10.0/microsoft.aspnetcore.components.tests.dll" id="e8f94d2d-fca6-e6c8-ae9d-d530e83c8c48">
      <Execution id="27ec3b76-b5bd-4c6d-9105-4852fef6f39a" />
      <TestMethod codeBase="/home/runner/work/aspnetcore/aspnetcore/artifacts/bin/Microsoft.AspNetCore.Components.Tests/Debug/net10.0/Microsoft.AspNetCore.Components.Tests.dll" adapterTypeName="executor://xunit/VsTestRunner3/netcore/" className="Microsoft.AspNetCore.Components.Test.RenderTreeDiffBuilderTest" name="RecognizesSimultaneousKeyedComponentInsertionsAndDeletions" />
    </UnitTest>
    <UnitTest name="Microsoft.AspNetCore.Components.ResourceAssetCollectionTest.ResourceAsset_WithSourceGenerationContext_CanSerializeAndDeserializeWithRespectRequiredConstructorParameters" storage="/home/runner/work/aspnetcore/aspnetcore/artifacts/bin/microsoft.aspnetcore.components.tests/debug/net10.0/microsoft.aspnetcore.components.tests.dll" id="789308f3-c6e9-5304-5359-b6966554d4a2">
      <Execution id="323aa578-4918-4d45-8a2a-e10ce4ebe578" />
      <TestMethod codeBase="/home/runner/work/aspnetcore/aspnetcore/artifacts/bin/Microsoft.AspNetCore.Components.Tests/Debug/net10.0/Microsoft.AspNetCore.Components.Tests.dll" adapterTypeName="executor://xunit/VsTestRunner3/netcore/" className="Microsoft.AspNetCore.Components.ResourceAssetCollectionTest" name="ResourceAsset_WithSourceGenerationContext_CanSerializeAndDeserializeWithRespectRequiredConstructorParameters" />
    </UnitTest>
    <UnitTest name="Microsoft.AspNetCore.Components.ComponentApplicationStateTest.TryRetrieveFromJson_DeserializesTheDataFromJson" storage="/home/runner/work/aspnetcore/aspnetcore/artifacts/bin/microsoft.aspnetcore.components.tests/debug/net10.0/microsoft.aspnetcore.components.tests.dll" id="f2be466a-9478-63ea-1859-e5408558f8cc">
      <Execution id="6ded7bb8-b04b-499c-900c-0daae6c27e8a" />
      <TestMethod codeBase="/home/runner/work/aspnetcore/aspnetcore/artifacts/bin/Microsoft.AspNetCore.Components.Tests/Debug/net10.0/Microsoft.AspNetCore.Components.Tests.dll" adapterTypeName="executor://xunit/VsTestRunner3/netcore/" className="Microsoft.AspNetCore.Components.ComponentApplicationStateTest" name="TryRetrieveFromJson_DeserializesTheDataFromJson" />
    </UnitTest>
    <UnitTest name="Microsoft.AspNetCore.Components.Routing.RouteTableFactoryTests.DoesNotThrowForNonAmbiguousRoutes(first: &quot;literal/{optional?}&quot;, second: &quot;literal/{optional:int?}&quot;)" storage="/home/runner/work/aspnetcore/aspnetcore/artifacts/bin/microsoft.aspnetcore.components.tests/debug/net10.0/microsoft.aspnetcore.components.tests.dll" id="9c96bea9-71d6-919f-991b-f09a016aab82">
      <Execution id="80f96f49-9c15-47b2-b870-fc800e607b6b" />
      <TestMethod codeBase="/home/runner/work/aspnetcore/aspnetcore/artifacts/bin/Microsoft.AspNetCore.Components.Tests/Debug/net10.0/Microsoft.AspNetCore.Components.Tests.dll" adapterTypeName="executor://xunit/VsTestRunner3/netcore/" className="Microsoft.AspNetCore.Components.Routing.RouteTableFactoryTests" name="DoesNotThrowForNonAmbiguousRoutes" />
    </UnitTest>
    <UnitTest name="Microsoft.AspNetCore.Components.Rendering.RenderTreeBuilderTest.CannotAddNamedEventWithEmptyAssignedName" storage="/home/runner/work/aspnetcore/aspnetcore/artifacts/bin/microsoft.aspnetcore.components.tests/debug/net10.0/microsoft.aspnetcore.components.tests.dll" id="82af7b2a-73d0-b8d4-1f6b-6e92f5eadad4">
      <Execution id="5bc8d567-9556-4bfe-ba92-1c2bbf9e6756" />
      <TestMethod codeBase="/home/runner/work/aspnetcore/aspnetcore/artifacts/bin/Microsoft.AspNetCore.Components.Tests/Debug/net10.0/Microsoft.AspNetCore.Components.Tests.dll" adapterTypeName="executor://xunit/VsTestRunner3/netcore/" className="Microsoft.AspNetCore.Components.Rendering.RenderTreeBuilderTest" name="CannotAddNamedEventWithEmptyAssignedName" />
    </UnitTest>
    <UnitTest name="Microsoft.AspNetCore.Components.Test.RendererTest.ComponentCannotTriggerRenderBeforeRenderHandleAssigned" storage="/home/runner/work/aspnetcore/aspnetcore/artifacts/bin/microsoft.aspnetcore.components.tests/debug/net10.0/microsoft.aspnetcore.components.tests.dll" id="75db3207-0c10-13f9-f04f-afdb47730d95">
      <Execution id="4925a19b-a9a8-4450-9a82-cdb77a08ef06" />
      <TestMethod codeBase="/home/runner/work/aspnetcore/aspnetcore/artifacts/bin/Microsoft.AspNetCore.Components.Tests/Debug/net10.0/Microsoft.AspNetCore.Components.Tests.dll" adapterTypeName="executor://xunit/VsTestRunner3/netcore/" className="Microsoft.AspNetCore.Components.Test.RendererTest" name="ComponentCannotTriggerRenderBeforeRenderHandleAssigned" />
    </UnitTest>
    <UnitTest name="Microsoft.AspNetCore.Components.ComponentFactoryTest.InstantiateComponent_CreatesInstance_WithTypeActivation" storage="/home/runner/work/aspnetcore/aspnetcore/artifacts/bin/microsoft.aspnetcore.components.tests/debug/net10.0/microsoft.aspnetcore.components.tests.dll" id="b5db854b-1b0c-04e8-29d5-c4f5370952c6">
      <Execution id="63a701ad-a1fc-4347-8810-b232e600687f" />
      <TestMethod codeBase="/home/runner/work/aspnetcore/aspnetcore/artifacts/bin/Microsoft.AspNetCore.Components.Tests/Debug/net10.0/Microsoft.AspNetCore.Components.Tests.dll" adapterTypeName="executor://xunit/VsTestRunner3/netcore/" className="Microsoft.AspNetCore.Components.ComponentFactoryTest" name="InstantiateComponent_CreatesInstance_WithTypeActivation" />
    </UnitTest>
    <UnitTest name="Microsoft.AspNetCore.Components.Rendering.RenderTreeBuilderTest.AddAttribute_Component_ObjectUIEventHandleValue_SetsAttributeValue" storage="/home/runner/work/aspnetcore/aspnetcore/artifacts/bin/microsoft.aspnetcore.components.tests/debug/net10.0/microsoft.aspnetcore.components.tests.dll" id="691c279d-31ce-a913-a582-b67e5b670a03">
      <Execution id="9e3d6e9e-2b06-49ad-88d8-de6f9d5e193f" />
      <TestMethod codeBase="/home/runner/work/aspnetcore/aspnetcore/artifacts/bin/Microsoft.AspNetCore.Components.Tests/Debug/net10.0/Microsoft.AspNetCore.Components.Tests.dll" adapterTypeName="executor://xunit/VsTestRunner3/netcore/" className="Microsoft.AspNetCore.Components.Rendering.RenderTreeBuilderTest" name="AddAttribute_Component_ObjectUIEventHandleValue_SetsAttributeValue" />
    </UnitTest>
    <UnitTest name="Microsoft.AspNetCore.Components.NavigationManagerTest.ComputesCorrectValidBaseRelativePaths(baseUri: &quot;scheme://host/&quot;, uri: &quot;scheme://host/path&quot;, expectedResult: &quot;path&quot;)" storage="/home/runner/work/aspnetcore/aspnetcore/artifacts/bin/microsoft.aspnetcore.components.tests/debug/net10.0/microsoft.aspnetcore.components.tests.dll" id="7dc4f63b-e6ce-5ea2-9502-4ee57efab7a9">
      <Execution id="0889646c-2061-4080-90d6-d3a9e35b95ba" />
      <TestMethod codeBase="/home/runner/work/aspnetcore/aspnetcore/artifacts/bin/Microsoft.AspNetCore.Components.Tests/Debug/net10.0/Microsoft.AspNetCore.Components.Tests.dll" adapterTypeName="executor://xunit/VsTestRunner3/netcore/" className="Microsoft.AspNetCore.Components.NavigationManagerTest" name="ComputesCorrectValidBaseRelativePaths" />
    </UnitTest>
    <UnitTest name="Microsoft.AspNetCore.Components.Rendering.RendererSynchronizationContextTest.InvokeAsync_Action_CanRunAsynchronously_WhenBusy" storage="/home/runner/work/aspnetcore/aspnetcore/artifacts/bin/microsoft.aspnetcore.components.tests/debug/net10.0/microsoft.aspnetcore.components.tests.dll" id="23c2b77c-eb2f-50fb-3ae6-f5a8ad9954fc">
      <Execution id="987570cb-1636-4aca-98e7-0b546c48192a" />
      <TestMethod codeBase="/home/runner/work/aspnetcore/aspnetcore/artifacts/bin/Microsoft.AspNetCore.Components.Tests/Debug/net10.0/Microsoft.AspNetCore.Components.Tests.dll" adapterTypeName="executor://xunit/VsTestRunner3/netcore/" className="Microsoft.AspNetCore.Components.Rendering.RendererSynchronizationContextTest" name="InvokeAsync_Action_CanRunAsynchronously_WhenBusy" />
    </UnitTest>
    <UnitTest name="Microsoft.AspNetCore.Components.ComponentsActivitySourceTest.StartRouteActivity_HandlesNullValues" storage="/home/runner/work/aspnetcore/aspnetcore/artifacts/bin/microsoft.aspnetcore.components.tests/debug/net10.0/microsoft.aspnetcore.components.tests.dll" id="fee316e0-0268-df7c-f4e0-1f6785379901">
      <Execution id="274ca85d-ce82-4737-842b-40adfa9950fc" />
      <TestMethod codeBase="/home/runner/work/aspnetcore/aspnetcore/artifacts/bin/Microsoft.AspNetCore.Components.Tests/Debug/net10.0/Microsoft.AspNetCore.Components.Tests.dll" adapterTypeName="executor://xunit/VsTestRunner3/netcore/" className="Microsoft.AspNetCore.Components.ComponentsActivitySourceTest" name="StartRouteActivity_HandlesNullValues" />
    </UnitTest>
    <UnitTest name="Microsoft.AspNetCore.Components.Test.CascadingParameterTest.AfterSupplyingValueThroughNotifyChanged_InitialValueFactoryIsNotUsed" storage="/home/runner/work/aspnetcore/aspnetcore/artifacts/bin/microsoft.aspnetcore.components.tests/debug/net10.0/microsoft.aspnetcore.components.tests.dll" id="d6ce2fbe-fee7-ba01-b076-812fc1c5f4e6">
      <Execution id="e1537dd3-810b-4a58-b168-bde3cb8d3f96" />
      <TestMethod codeBase="/home/runner/work/aspnetcore/aspnetcore/artifacts/bin/Microsoft.AspNetCore.Components.Tests/Debug/net10.0/Microsoft.AspNetCore.Components.Tests.dll" adapterTypeName="executor://xunit/VsTestRunner3/netcore/" className="Microsoft.AspNetCore.Components.Test.CascadingParameterTest" name="AfterSupplyingValueThroughNotifyChanged_InitialValueFactoryIsNotUsed" />
    </UnitTest>
    <UnitTest name="Microsoft.AspNetCore.Components.Test.RendererTest.DispatchEventAsync_EventCallbackOfT_AsynchronousCompletion" storage="/home/runner/work/aspnetcore/aspnetcore/artifacts/bin/microsoft.aspnetcore.components.tests/debug/net10.0/microsoft.aspnetcore.components.tests.dll" id="d1a21710-705a-475a-808d-65b0aad92f71">
      <Execution id="b3c17518-8577-452f-a0be-48f3cd05772a" />
      <TestMethod codeBase="/home/runner/work/aspnetcore/aspnetcore/artifacts/bin/Microsoft.AspNetCore.Components.Tests/Debug/net10.0/Microsoft.AspNetCore.Components.Tests.dll" adapterTypeName="executor://xunit/VsTestRunner3/netcore/" className="Microsoft.AspNetCore.Components.Test.RendererTest" name="DispatchEventAsync_EventCallbackOfT_AsynchronousCompletion" />
    </UnitTest>
    <UnitTest name="Microsoft.AspNetCore.Components.Test.RendererTest.DisposeCallsComponentDisposeOnSyncContext" storage="/home/runner/work/aspnetcore/aspnetcore/artifacts/bin/microsoft.aspnetcore.components.tests/debug/net10.0/microsoft.aspnetcore.components.tests.dll" id="443efaaf-b912-1dec-a0c1-59798b813375">
      <Execution id="b04eca8b-3689-4627-9a02-dd32c40ee2b5" />
      <TestMethod codeBase="/home/runner/work/aspnetcore/aspnetcore/artifacts/bin/Microsoft.AspNetCore.Components.Tests/Debug/net10.0/Microsoft.AspNetCore.Components.Tests.dll" adapterTypeName="executor://xunit/VsTestRunner3/netcore/" className="Microsoft.AspNetCore.Components.Test.RendererTest" name="DisposeCallsComponentDisposeOnSyncContext" />
    </UnitTest>
    <UnitTest name="Microsoft.AspNetCore.Components.EventCallbackFactoryBinderExtensionsTest.CreateBinder_ThrowsSetterException" storage="/home/runner/work/aspnetcore/aspnetcore/artifacts/bin/microsoft.aspnetcore.components.tests/debug/net10.0/microsoft.aspnetcore.components.tests.dll" id="1506ab79-d31a-d54b-1312-24eb0a40dcb2">
      <Execution id="4e2bff29-015a-4f80-bc74-2cf29de5df8a" />
      <TestMethod codeBase="/home/runner/work/aspnetcore/aspnetcore/artifacts/bin/Microsoft.AspNetCore.Components.Tests/Debug/net10.0/Microsoft.AspNetCore.Components.Tests.dll" adapterTypeName="executor://xunit/VsTestRunner3/netcore/" className="Microsoft.AspNetCore.Components.EventCallbackFactoryBinderExtensionsTest" name="CreateBinder_ThrowsSetterException" />
    </UnitTest>
    <UnitTest name="Microsoft.AspNetCore.Components.BindConverterTest.FormatValue_DateOnly_Format" storage="/home/runner/work/aspnetcore/aspnetcore/artifacts/bin/microsoft.aspnetcore.components.tests/debug/net10.0/microsoft.aspnetcore.components.tests.dll" id="172844d2-54fa-b2e2-2ae4-a49bd6ecd4f7">
      <Execution id="4c79ff7f-78e8-4a88-9be1-286b5c99d374" />
      <TestMethod codeBase="/home/runner/work/aspnetcore/aspnetcore/artifacts/bin/Microsoft.AspNetCore.Components.Tests/Debug/net10.0/Microsoft.AspNetCore.Components.Tests.dll" adapterTypeName="executor://xunit/VsTestRunner3/netcore/" className="Microsoft.AspNetCore.Components.BindConverterTest" name="FormatValue_DateOnly_Format" />
    </UnitTest>
    <UnitTest name="Microsoft.AspNetCore.Components.Routing.RouteTableFactoryTests.OptionalParameterPlusCatchAllRoute(template: &quot;/{parameter?}/{*catchAll}&quot;, path: &quot;/&quot;, parameterValue: null, catchAllValue: null)" storage="/home/runner/work/aspnetcore/aspnetcore/artifacts/bin/microsoft.aspnetcore.components.tests/debug/net10.0/microsoft.aspnetcore.components.tests.dll" id="c3b58f05-f403-9d45-f8b0-3874af07e835">
      <Execution id="3be6d6bf-acac-4609-b663-f10e2a131d54" />
      <TestMethod codeBase="/home/runner/work/aspnetcore/aspnetcore/artifacts/bin/Microsoft.AspNetCore.Components.Tests/Debug/net10.0/Microsoft.AspNetCore.Components.Tests.dll" adapterTypeName="executor://xunit/VsTestRunner3/netcore/" className="Microsoft.AspNetCore.Components.Routing.RouteTableFactoryTests" name="OptionalParameterPlusCatchAllRoute" />
    </UnitTest>
    <UnitTest name="Microsoft.AspNetCore.Components.Routing.RouteTableFactoryTests.DoesNotThrowForNonAmbiguousRoutes(first: &quot;{param1?}/{param2?}/{param3:int?}/{optional?}&quot;, second: &quot;{param1?}/{param2?}&quot;)" storage="/home/runner/work/aspnetcore/aspnetcore/artifacts/bin/microsoft.aspnetcore.components.tests/debug/net10.0/microsoft.aspnetcore.components.tests.dll" id="be8294a6-a301-88fb-ae9b-6b208a5f3ec3">
      <Execution id="d8d7ced0-1977-44d4-89af-9123472f495b" />
      <TestMethod codeBase="/home/runner/work/aspnetcore/aspnetcore/artifacts/bin/Microsoft.AspNetCore.Components.Tests/Debug/net10.0/Microsoft.AspNetCore.Components.Tests.dll" adapterTypeName="executor://xunit/VsTestRunner3/netcore/" className="Microsoft.AspNetCore.Components.Routing.RouteTableFactoryTests" name="DoesNotThrowForNonAmbiguousRoutes" />
    </UnitTest>
    <UnitTest name="Microsoft.AspNetCore.Components.Test.RenderTreeDiffBuilderTest.RecognizesLeadingLoopBlockItemsBeingRemoved" storage="/home/runner/work/aspnetcore/aspnetcore/artifacts/bin/microsoft.aspnetcore.components.tests/debug/net10.0/microsoft.aspnetcore.components.tests.dll" id="ec9464fa-54e9-5e57-2c0c-f67ca173717c">
      <Execution id="e31d5494-afb9-4239-bf48-ba067e78e9a1" />
      <TestMethod codeBase="/home/runner/work/aspnetcore/aspnetcore/artifacts/bin/Microsoft.AspNetCore.Components.Tests/Debug/net10.0/Microsoft.AspNetCore.Components.Tests.dll" adapterTypeName="executor://xunit/VsTestRunner3/netcore/" className="Microsoft.AspNetCore.Components.Test.RenderTreeDiffBuilderTest" name="RecognizesLeadingLoopBlockItemsBeingRemoved" />
    </UnitTest>
    <UnitTest name="Microsoft.AspNetCore.Components.ParameterViewTest.WorksWhenDynamicCodeNotSupported" storage="/home/runner/work/aspnetcore/aspnetcore/artifacts/bin/microsoft.aspnetcore.components.tests/debug/net10.0/microsoft.aspnetcore.components.tests.dll" id="bce2d6d3-d6e9-4a28-b02a-873c89117904">
      <Execution id="cc45b9a7-ca96-4160-b289-b36250c2d478" />
      <TestMethod codeBase="/home/runner/work/aspnetcore/aspnetcore/artifacts/bin/Microsoft.AspNetCore.Components.Tests/Debug/net10.0/Microsoft.AspNetCore.Components.Tests.dll" adapterTypeName="executor://xunit/VsTestRunner3/netcore/" className="Microsoft.AspNetCore.Components.ParameterViewTest" name="WorksWhenDynamicCodeNotSupported" />
    </UnitTest>
    <UnitTest name="Microsoft.AspNetCore.Components.Test.RenderTreeDiffBuilderTest.HandlesKeyBeingAdded" storage="/home/runner/work/aspnetcore/aspnetcore/artifacts/bin/microsoft.aspnetcore.components.tests/debug/net10.0/microsoft.aspnetcore.components.tests.dll" id="a4d0914a-fd2b-c5b4-8fe4-d39393b75899">
      <Execution id="a3c65bbf-b449-449a-a5d1-f0801ac97453" />
      <TestMethod codeBase="/home/runner/work/aspnetcore/aspnetcore/artifacts/bin/Microsoft.AspNetCore.Components.Tests/Debug/net10.0/Microsoft.AspNetCore.Components.Tests.dll" adapterTypeName="executor://xunit/VsTestRunner3/netcore/" className="Microsoft.AspNetCore.Components.Test.RenderTreeDiffBuilderTest" name="HandlesKeyBeingAdded" />
    </UnitTest>
    <UnitTest name="Microsoft.AspNetCore.Components.Routing.RouteTableFactoryTests.DoesNotThrowForNonAmbiguousRoutes(first: &quot;literal/{optional?}&quot;, second: &quot;/&quot;)" storage="/home/runner/work/aspnetcore/aspnetcore/artifacts/bin/microsoft.aspnetcore.components.tests/debug/net10.0/microsoft.aspnetcore.components.tests.dll" id="857ab7bb-3ad0-7e08-c32d-813858211a68">
      <Execution id="8a49c906-8efa-4621-8f40-98b82ef7b059" />
      <TestMethod codeBase="/home/runner/work/aspnetcore/aspnetcore/artifacts/bin/Microsoft.AspNetCore.Components.Tests/Debug/net10.0/Microsoft.AspNetCore.Components.Tests.dll" adapterTypeName="executor://xunit/VsTestRunner3/netcore/" className="Microsoft.AspNetCore.Components.Routing.RouteTableFactoryTests" name="DoesNotThrowForNonAmbiguousRoutes" />
    </UnitTest>
    <UnitTest name="Microsoft.AspNetCore.Components.Test.RendererTest.CanReRenderRootComponentsWithNewParameters" storage="/home/runner/work/aspnetcore/aspnetcore/artifacts/bin/microsoft.aspnetcore.components.tests/debug/net10.0/microsoft.aspnetcore.components.tests.dll" id="fecbf52a-f700-5648-1517-62af9643fe06">
      <Execution id="398ed416-85fe-4ecf-9362-e3ba47948a5c" />
      <TestMethod codeBase="/home/runner/work/aspnetcore/aspnetcore/artifacts/bin/Microsoft.AspNetCore.Components.Tests/Debug/net10.0/Microsoft.AspNetCore.Components.Tests.dll" adapterTypeName="executor://xunit/VsTestRunner3/netcore/" className="Microsoft.AspNetCore.Components.Test.RendererTest" name="CanReRenderRootComponentsWithNewParameters" />
    </UnitTest>
    <UnitTest name="Microsoft.AspNetCore.Components.Routing.QueryParameterValueSupplierTest.RejectsUnparseableArrayEntries(key: &quot;NullableFloatVals&quot;, validValue: &quot;1000&quot;, invalidValue: &quot;1e1000&quot;, targetType: typeof(float?))" storage="/home/runner/work/aspnetcore/aspnetcore/artifacts/bin/microsoft.aspnetcore.components.tests/debug/net10.0/microsoft.aspnetcore.components.tests.dll" id="71dcb4c0-9b4b-30a5-ccdc-962fe349147d">
      <Execution id="82b4bd67-63a7-4c0c-bb42-d51a99226b65" />
      <TestMethod codeBase="/home/runner/work/aspnetcore/aspnetcore/artifacts/bin/Microsoft.AspNetCore.Components.Tests/Debug/net10.0/Microsoft.AspNetCore.Components.Tests.dll" adapterTypeName="executor://xunit/VsTestRunner3/netcore/" className="Microsoft.AspNetCore.Components.Routing.QueryParameterValueSupplierTest" name="RejectsUnparseableArrayEntries" />
    </UnitTest>
    <UnitTest name="Microsoft.AspNetCore.Components.EventCallbackFactoryTest.CreateT_EventCallback_ReturnsInput" storage="/home/runner/work/aspnetcore/aspnetcore/artifacts/bin/microsoft.aspnetcore.components.tests/debug/net10.0/microsoft.aspnetcore.components.tests.dll" id="5b90c1d8-8835-03a2-b0d1-18389db2169b">
      <Execution id="ee6e9474-0753-45cf-95b5-846a67d9c0bb" />
      <TestMethod codeBase="/home/runner/work/aspnetcore/aspnetcore/artifacts/bin/Microsoft.AspNetCore.Components.Tests/Debug/net10.0/Microsoft.AspNetCore.Components.Tests.dll" adapterTypeName="executor://xunit/VsTestRunner3/netcore/" className="Microsoft.AspNetCore.Components.EventCallbackFactoryTest" name="CreateT_EventCallback_ReturnsInput" />
    </UnitTest>
    <UnitTest name="Microsoft.AspNetCore.Components.Rendering.RenderTreeBuilderTest.AddAttribute_Element_ObjectBoolFalse_IgnoresFrame" storage="/home/runner/work/aspnetcore/aspnetcore/artifacts/bin/microsoft.aspnetcore.components.tests/debug/net10.0/microsoft.aspnetcore.components.tests.dll" id="5875fd9b-f733-e8be-11e6-9e711dad7bc3">
      <Execution id="ed87ae82-ce47-4bb3-b311-78ee33e21d62" />
      <TestMethod codeBase="/home/runner/work/aspnetcore/aspnetcore/artifacts/bin/Microsoft.AspNetCore.Components.Tests/Debug/net10.0/Microsoft.AspNetCore.Components.Tests.dll" adapterTypeName="executor://xunit/VsTestRunner3/netcore/" className="Microsoft.AspNetCore.Components.Rendering.RenderTreeBuilderTest" name="AddAttribute_Element_ObjectBoolFalse_IgnoresFrame" />
    </UnitTest>
    <UnitTest name="Microsoft.AspNetCore.Components.Test.ComponentBaseTest.RenderRootComponentAsync_ReportsErrorDuringOnInit" storage="/home/runner/work/aspnetcore/aspnetcore/artifacts/bin/microsoft.aspnetcore.components.tests/debug/net10.0/microsoft.aspnetcore.components.tests.dll" id="813d934d-4518-2b58-6193-ee9927807841">
      <Execution id="d67b861e-6cdb-4051-a006-c74252ae9eb9" />
      <TestMethod codeBase="/home/runner/work/aspnetcore/aspnetcore/artifacts/bin/Microsoft.AspNetCore.Components.Tests/Debug/net10.0/Microsoft.AspNetCore.Components.Tests.dll" adapterTypeName="executor://xunit/VsTestRunner3/netcore/" className="Microsoft.AspNetCore.Components.Test.ComponentBaseTest" name="RenderRootComponentAsync_ReportsErrorDuringOnInit" />
    </UnitTest>
    <UnitTest name="Microsoft.AspNetCore.Components.Routing.QueryParameterValueSupplierTest.DecodesKeysAndValues" storage="/home/runner/work/aspnetcore/aspnetcore/artifacts/bin/microsoft.aspnetcore.components.tests/debug/net10.0/microsoft.aspnetcore.components.tests.dll" id="3ba6ad00-da20-b6b3-3b93-0428a44fab1d">
      <Execution id="323b275c-454a-4d26-b7d6-0282bbfda62d" />
      <TestMethod codeBase="/home/runner/work/aspnetcore/aspnetcore/artifacts/bin/Microsoft.AspNetCore.Components.Tests/Debug/net10.0/Microsoft.AspNetCore.Components.Tests.dll" adapterTypeName="executor://xunit/VsTestRunner3/netcore/" className="Microsoft.AspNetCore.Components.Routing.QueryParameterValueSupplierTest" name="DecodesKeysAndValues" />
    </UnitTest>
    <UnitTest name="Microsoft.AspNetCore.Components.Rendering.RenderTreeBuilderTest.AddAttribute_Element_ObjectEventCallback_Default_DoesNotAddFrame" storage="/home/runner/work/aspnetcore/aspnetcore/artifacts/bin/microsoft.aspnetcore.components.tests/debug/net10.0/microsoft.aspnetcore.components.tests.dll" id="80bcd6ba-b2f3-2ca0-060f-328653b77f7e">
      <Execution id="f0c10293-cb24-4fb6-ac6d-fe78bc8b1ac2" />
      <TestMethod codeBase="/home/runner/work/aspnetcore/aspnetcore/artifacts/bin/Microsoft.AspNetCore.Components.Tests/Debug/net10.0/Microsoft.AspNetCore.Components.Tests.dll" adapterTypeName="executor://xunit/VsTestRunner3/netcore/" className="Microsoft.AspNetCore.Components.Rendering.RenderTreeBuilderTest" name="AddAttribute_Element_ObjectEventCallback_Default_DoesNotAddFrame" />
    </UnitTest>
    <UnitTest name="Microsoft.AspNetCore.Components.Test.RendererTest.DoesNotCallOnAfterRenderForComponentsNotRendered" storage="/home/runner/work/aspnetcore/aspnetcore/artifacts/bin/microsoft.aspnetcore.components.tests/debug/net10.0/microsoft.aspnetcore.components.tests.dll" id="15f13652-48ef-f054-6db9-ee15c6fd93f0">
      <Execution id="ccd43d62-027b-4098-9920-21c3dbbaf9d8" />
      <TestMethod codeBase="/home/runner/work/aspnetcore/aspnetcore/artifacts/bin/Microsoft.AspNetCore.Components.Tests/Debug/net10.0/Microsoft.AspNetCore.Components.Tests.dll" adapterTypeName="executor://xunit/VsTestRunner3/netcore/" className="Microsoft.AspNetCore.Components.Test.RendererTest" name="DoesNotCallOnAfterRenderForComponentsNotRendered" />
    </UnitTest>
    <UnitTest name="Microsoft.AspNetCore.Components.Test.DependencyInjectionTest.SetsKeyedInjectablePropertyValueIfKeyedServiceIsRegistered" storage="/home/runner/work/aspnetcore/aspnetcore/artifacts/bin/microsoft.aspnetcore.components.tests/debug/net10.0/microsoft.aspnetcore.components.tests.dll" id="28a1b1bc-5f93-a8a0-f928-b85f6a685f03">
      <Execution id="ef796569-cdac-4550-aa18-cfd50f521579" />
      <TestMethod codeBase="/home/runner/work/aspnetcore/aspnetcore/artifacts/bin/Microsoft.AspNetCore.Components.Tests/Debug/net10.0/Microsoft.AspNetCore.Components.Tests.dll" adapterTypeName="executor://xunit/VsTestRunner3/netcore/" className="Microsoft.AspNetCore.Components.Test.DependencyInjectionTest" name="SetsKeyedInjectablePropertyValueIfKeyedServiceIsRegistered" />
    </UnitTest>
    <UnitTest name="Microsoft.AspNetCore.Components.ParameterViewTest.ThrowsIfTryGetExistingValueWithIncorrectType" storage="/home/runner/work/aspnetcore/aspnetcore/artifacts/bin/microsoft.aspnetcore.components.tests/debug/net10.0/microsoft.aspnetcore.components.tests.dll" id="30fa9209-d066-e423-381b-b8353c5b9b01">
      <Execution id="3089d76e-a608-480c-860e-916007ffdd26" />
      <TestMethod codeBase="/home/runner/work/aspnetcore/aspnetcore/artifacts/bin/Microsoft.AspNetCore.Components.Tests/Debug/net10.0/Microsoft.AspNetCore.Components.Tests.dll" adapterTypeName="executor://xunit/VsTestRunner3/netcore/" className="Microsoft.AspNetCore.Components.ParameterViewTest" name="ThrowsIfTryGetExistingValueWithIncorrectType" />
    </UnitTest>
    <UnitTest name="Microsoft.AspNetCore.Components.Test.RendererTest.ExceptionThrownFromAttach" storage="/home/runner/work/aspnetcore/aspnetcore/artifacts/bin/microsoft.aspnetcore.components.tests/debug/net10.0/microsoft.aspnetcore.components.tests.dll" id="25d9ea8d-3f77-8d80-8134-a3304da674d8">
      <Execution id="0a85f226-ce3d-4267-9303-55d7efe29b64" />
      <TestMethod codeBase="/home/runner/work/aspnetcore/aspnetcore/artifacts/bin/Microsoft.AspNetCore.Components.Tests/Debug/net10.0/Microsoft.AspNetCore.Components.Tests.dll" adapterTypeName="executor://xunit/VsTestRunner3/netcore/" className="Microsoft.AspNetCore.Components.Test.RendererTest" name="ExceptionThrownFromAttach" />
    </UnitTest>
    <UnitTest name="Microsoft.AspNetCore.Components.PersistentState.PersistentServicesRegistryTest.PersistStateAsync_RestoresStateForPersistedRegistrations" storage="/home/runner/work/aspnetcore/aspnetcore/artifacts/bin/microsoft.aspnetcore.components.tests/debug/net10.0/microsoft.aspnetcore.components.tests.dll" id="72cc5b50-54c9-3c8a-ddf0-28c5c8ad5f24">
      <Execution id="5df19a14-b158-43aa-aa74-0095ad0b9d91" />
      <TestMethod codeBase="/home/runner/work/aspnetcore/aspnetcore/artifacts/bin/Microsoft.AspNetCore.Components.Tests/Debug/net10.0/Microsoft.AspNetCore.Components.Tests.dll" adapterTypeName="executor://xunit/VsTestRunner3/netcore/" className="Microsoft.AspNetCore.Components.PersistentState.PersistentServicesRegistryTest" name="PersistStateAsync_RestoresStateForPersistedRegistrations" />
    </UnitTest>
    <UnitTest name="Microsoft.AspNetCore.Components.EventCallbackTest.EventCallback_FuncTTask_ArgMismatch" storage="/home/runner/work/aspnetcore/aspnetcore/artifacts/bin/microsoft.aspnetcore.components.tests/debug/net10.0/microsoft.aspnetcore.components.tests.dll" id="fcf32113-654e-0170-12a1-0fed2884a686">
      <Execution id="4e1a78cf-503e-4529-b9c0-a7b91cbf20f9" />
      <TestMethod codeBase="/home/runner/work/aspnetcore/aspnetcore/artifacts/bin/Microsoft.AspNetCore.Components.Tests/Debug/net10.0/Microsoft.AspNetCore.Components.Tests.dll" adapterTypeName="executor://xunit/VsTestRunner3/netcore/" className="Microsoft.AspNetCore.Components.EventCallbackTest" name="EventCallback_FuncTTask_ArgMismatch" />
    </UnitTest>
    <UnitTest name="Microsoft.AspNetCore.Components.Test.RendererTest.EventDispatching_EventCallback_AsyncNoTargetLambda" storage="/home/runner/work/aspnetcore/aspnetcore/artifacts/bin/microsoft.aspnetcore.components.tests/debug/net10.0/microsoft.aspnetcore.components.tests.dll" id="ec336f4c-688d-a70b-f869-a979e649d734">
      <Execution id="9b04f087-fc1f-4c62-bdab-d626c878410d" />
      <TestMethod codeBase="/home/runner/work/aspnetcore/aspnetcore/artifacts/bin/Microsoft.AspNetCore.Components.Tests/Debug/net10.0/Microsoft.AspNetCore.Components.Tests.dll" adapterTypeName="executor://xunit/VsTestRunner3/netcore/" className="Microsoft.AspNetCore.Components.Test.RendererTest" name="EventDispatching_EventCallback_AsyncNoTargetLambda" />
    </UnitTest>
    <UnitTest name="Microsoft.AspNetCore.Components.Rendering.RenderTreeBuilderTest.AddAttribute_Element_ObjectEventHandler_AddsFrame" storage="/home/runner/work/aspnetcore/aspnetcore/artifacts/bin/microsoft.aspnetcore.components.tests/debug/net10.0/microsoft.aspnetcore.components.tests.dll" id="977c73f4-fd1b-0456-8ef8-c349ad80659c">
      <Execution id="4060879c-2c74-46da-ad99-f9466653553b" />
      <TestMethod codeBase="/home/runner/work/aspnetcore/aspnetcore/artifacts/bin/Microsoft.AspNetCore.Components.Tests/Debug/net10.0/Microsoft.AspNetCore.Components.Tests.dll" adapterTypeName="executor://xunit/VsTestRunner3/netcore/" className="Microsoft.AspNetCore.Components.Rendering.RenderTreeBuilderTest" name="AddAttribute_Element_ObjectEventHandler_AddsFrame" />
    </UnitTest>
    <UnitTest name="Microsoft.AspNetCore.Components.NavigationManagerTest.ComputesCorrectValidBaseRelativePaths(baseUri: &quot;scheme://host/&quot;, uri: &quot;scheme://host/&quot;, expectedResult: &quot;&quot;)" storage="/home/runner/work/aspnetcore/aspnetcore/artifacts/bin/microsoft.aspnetcore.components.tests/debug/net10.0/microsoft.aspnetcore.components.tests.dll" id="28c54b65-ba6d-244c-23c3-4502fd483c04">
      <Execution id="96ac75cd-b838-4bd5-ad58-50673fcd6f7f" />
      <TestMethod codeBase="/home/runner/work/aspnetcore/aspnetcore/artifacts/bin/Microsoft.AspNetCore.Components.Tests/Debug/net10.0/Microsoft.AspNetCore.Components.Tests.dll" adapterTypeName="executor://xunit/VsTestRunner3/netcore/" className="Microsoft.AspNetCore.Components.NavigationManagerTest" name="ComputesCorrectValidBaseRelativePaths" />
    </UnitTest>
    <UnitTest name="Microsoft.AspNetCore.Components.Test.CascadingParameterTest.CascadingValueThrowsIfFixedFlagChangesToFalse" storage="/home/runner/work/aspnetcore/aspnetcore/artifacts/bin/microsoft.aspnetcore.components.tests/debug/net10.0/microsoft.aspnetcore.components.tests.dll" id="131a353d-64dc-1d2e-161a-4a477c98bbc2">
      <Execution id="6ed1bfd2-1bee-4792-bff4-4f7a23739950" />
      <TestMethod codeBase="/home/runner/work/aspnetcore/aspnetcore/artifacts/bin/Microsoft.AspNetCore.Components.Tests/Debug/net10.0/Microsoft.AspNetCore.Components.Tests.dll" adapterTypeName="executor://xunit/VsTestRunner3/netcore/" className="Microsoft.AspNetCore.Components.Test.CascadingParameterTest" name="CascadingValueThrowsIfFixedFlagChangesToFalse" />
    </UnitTest>
    <UnitTest name="Microsoft.AspNetCore.Components.EventCallbackFactoryTest.CreateT_ActionT_AlreadyBoundToReceiver" storage="/home/runner/work/aspnetcore/aspnetcore/artifacts/bin/microsoft.aspnetcore.components.tests/debug/net10.0/microsoft.aspnetcore.components.tests.dll" id="68170cb8-230b-d544-40ee-1225986855a7">
      <Execution id="d165919d-8122-4fc8-add4-ac57cf2c3428" />
      <TestMethod codeBase="/home/runner/work/aspnetcore/aspnetcore/artifacts/bin/Microsoft.AspNetCore.Components.Tests/Debug/net10.0/Microsoft.AspNetCore.Components.Tests.dll" adapterTypeName="executor://xunit/VsTestRunner3/netcore/" className="Microsoft.AspNetCore.Components.EventCallbackFactoryTest" name="CreateT_ActionT_AlreadyBoundToReceiver" />
    </UnitTest>
    <UnitTest name="Microsoft.AspNetCore.Components.Test.RendererTest.AsynchronousCancelledTasks_HandleAfterRender_Works" storage="/home/runner/work/aspnetcore/aspnetcore/artifacts/bin/microsoft.aspnetcore.components.tests/debug/net10.0/microsoft.aspnetcore.components.tests.dll" id="8c66ed6a-c142-f4bf-b68a-07f6fe8c7b21">
      <Execution id="f6059c84-90fb-4201-827f-206d7e4a4240" />
      <TestMethod codeBase="/home/runner/work/aspnetcore/aspnetcore/artifacts/bin/Microsoft.AspNetCore.Components.Tests/Debug/net10.0/Microsoft.AspNetCore.Components.Tests.dll" adapterTypeName="executor://xunit/VsTestRunner3/netcore/" className="Microsoft.AspNetCore.Components.Test.RendererTest" name="AsynchronousCancelledTasks_HandleAfterRender_Works" />
    </UnitTest>
    <UnitTest name="Microsoft.AspNetCore.Components.ParameterViewTest.HasRemovedDirectParameters_BothEmpty" storage="/home/runner/work/aspnetcore/aspnetcore/artifacts/bin/microsoft.aspnetcore.components.tests/debug/net10.0/microsoft.aspnetcore.components.tests.dll" id="9026d355-a4cc-34e6-d2c3-646d505bdf68">
      <Execution id="9390ddde-dd61-4603-b2ca-96c35d69560a" />
      <TestMethod codeBase="/home/runner/work/aspnetcore/aspnetcore/artifacts/bin/Microsoft.AspNetCore.Components.Tests/Debug/net10.0/Microsoft.AspNetCore.Components.Tests.dll" adapterTypeName="executor://xunit/VsTestRunner3/netcore/" className="Microsoft.AspNetCore.Components.ParameterViewTest" name="HasRemovedDirectParameters_BothEmpty" />
    </UnitTest>
    <UnitTest name="Microsoft.AspNetCore.Components.Routing.RouteTableFactoryTests.CorrectlyMatchesVariableLengthSegments(path: &quot;/literal&quot;, expectedValue: null, first: &quot;literal/{parameter?}&quot;, second: &quot;literal/{*parameter}&quot;, handler: typeof(Microsoft.AspNetCore.Components.Routing.RouteTableFactoryTests+TestHandler1))" storage="/home/runner/work/aspnetcore/aspnetcore/artifacts/bin/microsoft.aspnetcore.components.tests/debug/net10.0/microsoft.aspnetcore.components.tests.dll" id="994e55ae-b8a2-a4ca-7402-dce06aeafebb">
      <Execution id="ecd7d2d1-a155-4168-97d7-23fd202c7f73" />
      <TestMethod codeBase="/home/runner/work/aspnetcore/aspnetcore/artifacts/bin/Microsoft.AspNetCore.Components.Tests/Debug/net10.0/Microsoft.AspNetCore.Components.Tests.dll" adapterTypeName="executor://xunit/VsTestRunner3/netcore/" className="Microsoft.AspNetCore.Components.Routing.RouteTableFactoryTests" name="CorrectlyMatchesVariableLengthSegments" />
    </UnitTest>
    <UnitTest name="Microsoft.AspNetCore.Components.RenderTree.ArrayBuilderTest.AppendArray_LargerThanBuffer(size: 1024)" storage="/home/runner/work/aspnetcore/aspnetcore/artifacts/bin/microsoft.aspnetcore.components.tests/debug/net10.0/microsoft.aspnetcore.components.tests.dll" id="68898528-75c3-7060-38b9-142e0edf22d5">
      <Execution id="df97963d-1d71-4564-a21c-f26352028ce5" />
      <TestMethod codeBase="/home/runner/work/aspnetcore/aspnetcore/artifacts/bin/Microsoft.AspNetCore.Components.Tests/Debug/net10.0/Microsoft.AspNetCore.Components.Tests.dll" adapterTypeName="executor://xunit/VsTestRunner3/netcore/" className="Microsoft.AspNetCore.Components.RenderTree.ArrayBuilderTest" name="AppendArray_LargerThanBuffer" />
    </UnitTest>
    <UnitTest name="Microsoft.AspNetCore.Components.Test.RenderTreeDiffBuilderTest.RecognizesComponentTypeChangesAtSameSequenceNumber" storage="/home/runner/work/aspnetcore/aspnetcore/artifacts/bin/microsoft.aspnetcore.components.tests/debug/net10.0/microsoft.aspnetcore.components.tests.dll" id="5fcac1c4-42bc-fd3a-a7b7-be9c716c0909">
      <Execution id="52010566-ec32-494e-93d0-aa521ed1c159" />
      <TestMethod codeBase="/home/runner/work/aspnetcore/aspnetcore/artifacts/bin/Microsoft.AspNetCore.Components.Tests/Debug/net10.0/Microsoft.AspNetCore.Components.Tests.dll" adapterTypeName="executor://xunit/VsTestRunner3/netcore/" className="Microsoft.AspNetCore.Components.Test.RenderTreeDiffBuilderTest" name="RecognizesComponentTypeChangesAtSameSequenceNumber" />
    </UnitTest>
    <UnitTest name="Microsoft.AspNetCore.Components.Routing.QueryParameterValueSupplierTest.SuppliesNullForValueTypesIfNotSpecified(query: &quot;?&quot;)" storage="/home/runner/work/aspnetcore/aspnetcore/artifacts/bin/microsoft.aspnetcore.components.tests/debug/net10.0/microsoft.aspnetcore.components.tests.dll" id="78035143-1854-e0c6-6a36-f00d4c9fb132">
      <Execution id="93e8c5c6-221e-45e2-a191-7b8b08c163ba" />
      <TestMethod codeBase="/home/runner/work/aspnetcore/aspnetcore/artifacts/bin/Microsoft.AspNetCore.Components.Tests/Debug/net10.0/Microsoft.AspNetCore.Components.Tests.dll" adapterTypeName="executor://xunit/VsTestRunner3/netcore/" className="Microsoft.AspNetCore.Components.Routing.QueryParameterValueSupplierTest" name="SuppliesNullForValueTypesIfNotSpecified" />
    </UnitTest>
    <UnitTest name="Microsoft.AspNetCore.Components.ParameterViewTest.SettingCaptureUnmatchedValuesParameterExplicitlyAndImplicitly_ReverseOrder_Throws" storage="/home/runner/work/aspnetcore/aspnetcore/artifacts/bin/microsoft.aspnetcore.components.tests/debug/net10.0/microsoft.aspnetcore.components.tests.dll" id="b53fa018-4b89-6ccd-6693-bf49832b2617">
      <Execution id="bb85d850-3a87-4cc5-b56d-7486850d350f" />
      <TestMethod codeBase="/home/runner/work/aspnetcore/aspnetcore/artifacts/bin/Microsoft.AspNetCore.Components.Tests/Debug/net10.0/Microsoft.AspNetCore.Components.Tests.dll" adapterTypeName="executor://xunit/VsTestRunner3/netcore/" className="Microsoft.AspNetCore.Components.ParameterViewTest" name="SettingCaptureUnmatchedValuesParameterExplicitlyAndImplicitly_ReverseOrder_Throws" />
    </UnitTest>
    <UnitTest name="Microsoft.AspNetCore.Components.Rendering.RenderTreeBuilderTest.CanAddAttributes" storage="/home/runner/work/aspnetcore/aspnetcore/artifacts/bin/microsoft.aspnetcore.components.tests/debug/net10.0/microsoft.aspnetcore.components.tests.dll" id="79c9cae0-da7c-fba0-4085-e122e6f21619">
      <Execution id="0b54d6a9-bc81-4197-8187-16c234d161f7" />
      <TestMethod codeBase="/home/runner/work/aspnetcore/aspnetcore/artifacts/bin/Microsoft.AspNetCore.Components.Tests/Debug/net10.0/Microsoft.AspNetCore.Components.Tests.dll" adapterTypeName="executor://xunit/VsTestRunner3/netcore/" className="Microsoft.AspNetCore.Components.Rendering.RenderTreeBuilderTest" name="CanAddAttributes" />
    </UnitTest>
    <UnitTest name="Microsoft.AspNetCore.Components.ComponentStatePersistenceManagerTest.PersistStateAsync_SavesPersistedStateToTheStore" storage="/home/runner/work/aspnetcore/aspnetcore/artifacts/bin/microsoft.aspnetcore.components.tests/debug/net10.0/microsoft.aspnetcore.components.tests.dll" id="0754fb65-8880-86b8-0230-8db442906bae">
      <Execution id="85fd537d-97ad-4619-9722-5514115190b5" />
      <TestMethod codeBase="/home/runner/work/aspnetcore/aspnetcore/artifacts/bin/Microsoft.AspNetCore.Components.Tests/Debug/net10.0/Microsoft.AspNetCore.Components.Tests.dll" adapterTypeName="executor://xunit/VsTestRunner3/netcore/" className="Microsoft.AspNetCore.Components.ComponentStatePersistenceManagerTest" name="PersistStateAsync_SavesPersistedStateToTheStore" />
    </UnitTest>
    <UnitTest name="Microsoft.AspNetCore.Components.Rendering.RenderTreeBuilderTest.AddAttribute_Component_Bool_SetsAttributeValue(value: False)" storage="/home/runner/work/aspnetcore/aspnetcore/artifacts/bin/microsoft.aspnetcore.components.tests/debug/net10.0/microsoft.aspnetcore.components.tests.dll" id="b8dcf423-9f57-c2d8-bffc-8be3bb05cf27">
      <Execution id="95f133ea-df04-4223-b397-309b33590271" />
      <TestMethod codeBase="/home/runner/work/aspnetcore/aspnetcore/artifacts/bin/Microsoft.AspNetCore.Components.Tests/Debug/net10.0/Microsoft.AspNetCore.Components.Tests.dll" adapterTypeName="executor://xunit/VsTestRunner3/netcore/" className="Microsoft.AspNetCore.Components.Rendering.RenderTreeBuilderTest" name="AddAttribute_Component_Bool_SetsAttributeValue" />
    </UnitTest>
    <UnitTest name="Microsoft.AspNetCore.Components.Rendering.RenderTreeBuilderTest.CannotAddComponentParameterToRegion" storage="/home/runner/work/aspnetcore/aspnetcore/artifacts/bin/microsoft.aspnetcore.components.tests/debug/net10.0/microsoft.aspnetcore.components.tests.dll" id="000d2ffe-c28c-3f02-8a16-d76f8824c706">
      <Execution id="8a250c51-902c-4ace-93d7-35c630bec48b" />
      <TestMethod codeBase="/home/runner/work/aspnetcore/aspnetcore/artifacts/bin/Microsoft.AspNetCore.Components.Tests/Debug/net10.0/Microsoft.AspNetCore.Components.Tests.dll" adapterTypeName="executor://xunit/VsTestRunner3/netcore/" className="Microsoft.AspNetCore.Components.Rendering.RenderTreeBuilderTest" name="CannotAddComponentParameterToRegion" />
    </UnitTest>
    <UnitTest name="Microsoft.AspNetCore.Components.EventCallbackTest.EventCallbackOfT_NullReceiver" storage="/home/runner/work/aspnetcore/aspnetcore/artifacts/bin/microsoft.aspnetcore.components.tests/debug/net10.0/microsoft.aspnetcore.components.tests.dll" id="6d32942d-9c52-9778-f1fe-7c848aabd0ab">
      <Execution id="a0c0926c-ed0f-4d58-be65-e69489d6b192" />
      <TestMethod codeBase="/home/runner/work/aspnetcore/aspnetcore/artifacts/bin/Microsoft.AspNetCore.Components.Tests/Debug/net10.0/Microsoft.AspNetCore.Components.Tests.dll" adapterTypeName="executor://xunit/VsTestRunner3/netcore/" className="Microsoft.AspNetCore.Components.EventCallbackTest" name="EventCallbackOfT_NullReceiver" />
    </UnitTest>
    <UnitTest name="Microsoft.AspNetCore.Components.Rendering.RenderTreeBuilderTest.CanClear" storage="/home/runner/work/aspnetcore/aspnetcore/artifacts/bin/microsoft.aspnetcore.components.tests/debug/net10.0/microsoft.aspnetcore.components.tests.dll" id="99afc6da-f4f9-628a-493f-43d945f5eaea">
      <Execution id="2512bc68-069c-4345-8e6e-2734479cc848" />
      <TestMethod codeBase="/home/runner/work/aspnetcore/aspnetcore/artifacts/bin/Microsoft.AspNetCore.Components.Tests/Debug/net10.0/Microsoft.AspNetCore.Components.Tests.dll" adapterTypeName="executor://xunit/VsTestRunner3/netcore/" className="Microsoft.AspNetCore.Components.Rendering.RenderTreeBuilderTest" name="CanClear" />
    </UnitTest>
    <UnitTest name="Microsoft.AspNetCore.Components.Routing.RouteTableFactoryTests.CanMatchOptionalParameterWithConstraint(template: &quot;/optional/{value:datetime?}&quot;, contextUrl: &quot;/optional/&quot;, convertedValue: null)" storage="/home/runner/work/aspnetcore/aspnetcore/artifacts/bin/microsoft.aspnetcore.components.tests/debug/net10.0/microsoft.aspnetcore.components.tests.dll" id="19efe6e3-4aba-c760-3a5a-97341f8a1c8d">
      <Execution id="f4fd0756-f5e2-4534-992f-e15e37d887fc" />
      <TestMethod codeBase="/home/runner/work/aspnetcore/aspnetcore/artifacts/bin/Microsoft.AspNetCore.Components.Tests/Debug/net10.0/Microsoft.AspNetCore.Components.Tests.dll" adapterTypeName="executor://xunit/VsTestRunner3/netcore/" className="Microsoft.AspNetCore.Components.Routing.RouteTableFactoryTests" name="CanMatchOptionalParameterWithConstraint" />
    </UnitTest>
    <UnitTest name="Microsoft.AspNetCore.Components.CascadingParameterStateTest.FindCascadingParameters_TypeAssignmentIsValidForNullValue_ReturnsMatches" storage="/home/runner/work/aspnetcore/aspnetcore/artifacts/bin/microsoft.aspnetcore.components.tests/debug/net10.0/microsoft.aspnetcore.components.tests.dll" id="85a91969-13ae-1239-28d7-a0ec6378677f">
      <Execution id="6f40ee17-d463-4a27-a0b5-87cd6f89761d" />
      <TestMethod codeBase="/home/runner/work/aspnetcore/aspnetcore/artifacts/bin/Microsoft.AspNetCore.Components.Tests/Debug/net10.0/Microsoft.AspNetCore.Components.Tests.dll" adapterTypeName="executor://xunit/VsTestRunner3/netcore/" className="Microsoft.AspNetCore.Components.CascadingParameterStateTest" name="FindCascadingParameters_TypeAssignmentIsValidForNullValue_ReturnsMatches" />
    </UnitTest>
    <UnitTest name="Microsoft.AspNetCore.Components.Routing.RouteTableFactoryTests.CanMatchMultipleOptionalParameterWithConstraint" storage="/home/runner/work/aspnetcore/aspnetcore/artifacts/bin/microsoft.aspnetcore.components.tests/debug/net10.0/microsoft.aspnetcore.components.tests.dll" id="fac404be-6320-87f2-facc-6a59183bf4aa">
      <Execution id="104cfdbb-9126-445c-bcbd-c41099063464" />
      <TestMethod codeBase="/home/runner/work/aspnetcore/aspnetcore/artifacts/bin/Microsoft.AspNetCore.Components.Tests/Debug/net10.0/Microsoft.AspNetCore.Components.Tests.dll" adapterTypeName="executor://xunit/VsTestRunner3/netcore/" className="Microsoft.AspNetCore.Components.Routing.RouteTableFactoryTests" name="CanMatchMultipleOptionalParameterWithConstraint" />
    </UnitTest>
    <UnitTest name="Microsoft.AspNetCore.Components.Test.CascadingParameterTest.CanHaveManySubscribers(numSubscribers: 64)" storage="/home/runner/work/aspnetcore/aspnetcore/artifacts/bin/microsoft.aspnetcore.components.tests/debug/net10.0/microsoft.aspnetcore.components.tests.dll" id="c39998c7-59d1-3884-496a-ced476601085">
      <Execution id="9bc750ef-4457-4604-8a8c-9b57f69da2e7" />
      <TestMethod codeBase="/home/runner/work/aspnetcore/aspnetcore/artifacts/bin/Microsoft.AspNetCore.Components.Tests/Debug/net10.0/Microsoft.AspNetCore.Components.Tests.dll" adapterTypeName="executor://xunit/VsTestRunner3/netcore/" className="Microsoft.AspNetCore.Components.Test.CascadingParameterTest" name="CanHaveManySubscribers" />
    </UnitTest>
    <UnitTest name="Microsoft.AspNetCore.Components.ComponentsMetricsTest.IsNavigationEnabled_ReturnsCorrectState" storage="/home/runner/work/aspnetcore/aspnetcore/artifacts/bin/microsoft.aspnetcore.components.tests/debug/net10.0/microsoft.aspnetcore.components.tests.dll" id="f4465c18-7ddc-1465-e925-f39d3b289931">
      <Execution id="58e9d49d-484f-442c-af87-f2e4b5d6a126" />
      <TestMethod codeBase="/home/runner/work/aspnetcore/aspnetcore/artifacts/bin/Microsoft.AspNetCore.Components.Tests/Debug/net10.0/Microsoft.AspNetCore.Components.Tests.dll" adapterTypeName="executor://xunit/VsTestRunner3/netcore/" className="Microsoft.AspNetCore.Components.ComponentsMetricsTest" name="IsNavigationEnabled_ReturnsCorrectState" />
    </UnitTest>
    <UnitTest name="Microsoft.AspNetCore.Components.Routing.RouteTableFactoryTests.DoesNotThrowForNonAmbiguousRoutes(first: &quot;{*catchAll:int}&quot;, second: &quot;{optional?}&quot;)" storage="/home/runner/work/aspnetcore/aspnetcore/artifacts/bin/microsoft.aspnetcore.components.tests/debug/net10.0/microsoft.aspnetcore.components.tests.dll" id="11624a09-d6d0-82b9-3c5b-4336e9420aed">
      <Execution id="ad0b8084-3cbe-40bd-8819-36e6799c5589" />
      <TestMethod codeBase="/home/runner/work/aspnetcore/aspnetcore/artifacts/bin/Microsoft.AspNetCore.Components.Tests/Debug/net10.0/Microsoft.AspNetCore.Components.Tests.dll" adapterTypeName="executor://xunit/VsTestRunner3/netcore/" className="Microsoft.AspNetCore.Components.Routing.RouteTableFactoryTests" name="DoesNotThrowForNonAmbiguousRoutes" />
    </UnitTest>
    <UnitTest name="Microsoft.AspNetCore.Components.ParameterViewTest.CanGetValueOrDefault_WithExistingValue" storage="/home/runner/work/aspnetcore/aspnetcore/artifacts/bin/microsoft.aspnetcore.components.tests/debug/net10.0/microsoft.aspnetcore.components.tests.dll" id="b600b96b-9d59-7f36-9831-7cd15d5a48ba">
      <Execution id="82c47e22-10df-4727-8d8e-081d65dfbeeb" />
      <TestMethod codeBase="/home/runner/work/aspnetcore/aspnetcore/artifacts/bin/Microsoft.AspNetCore.Components.Tests/Debug/net10.0/Microsoft.AspNetCore.Components.Tests.dll" adapterTypeName="executor://xunit/VsTestRunner3/netcore/" className="Microsoft.AspNetCore.Components.ParameterViewTest" name="CanGetValueOrDefault_WithExistingValue" />
    </UnitTest>
    <UnitTest name="Microsoft.AspNetCore.Components.Routing.QueryParameterValueSupplierTest.RejectsUnparseableArrayEntries(key: &quot;FloatVals&quot;, validValue: &quot;1000&quot;, invalidValue: &quot;1e1000&quot;, targetType: typeof(float))" storage="/home/runner/work/aspnetcore/aspnetcore/artifacts/bin/microsoft.aspnetcore.components.tests/debug/net10.0/microsoft.aspnetcore.components.tests.dll" id="5c05525c-a91a-5a95-c392-31322bda4638">
      <Execution id="dab4c738-c25b-4aff-8dde-acaa498a3c22" />
      <TestMethod codeBase="/home/runner/work/aspnetcore/aspnetcore/artifacts/bin/Microsoft.AspNetCore.Components.Tests/Debug/net10.0/Microsoft.AspNetCore.Components.Tests.dll" adapterTypeName="executor://xunit/VsTestRunner3/netcore/" className="Microsoft.AspNetCore.Components.Routing.QueryParameterValueSupplierTest" name="RejectsUnparseableArrayEntries" />
    </UnitTest>
    <UnitTest name="Microsoft.AspNetCore.Components.Test.RenderTreeDiffBuilderTest.SetsParametersOnChildComponents" storage="/home/runner/work/aspnetcore/aspnetcore/artifacts/bin/microsoft.aspnetcore.components.tests/debug/net10.0/microsoft.aspnetcore.components.tests.dll" id="233e7dcd-9005-7636-7039-3596dad32fc3">
      <Execution id="727b1413-9fc4-49e5-bcf9-6691e11a72eb" />
      <TestMethod codeBase="/home/runner/work/aspnetcore/aspnetcore/artifacts/bin/Microsoft.AspNetCore.Components.Tests/Debug/net10.0/Microsoft.AspNetCore.Components.Tests.dll" adapterTypeName="executor://xunit/VsTestRunner3/netcore/" className="Microsoft.AspNetCore.Components.Test.RenderTreeDiffBuilderTest" name="SetsParametersOnChildComponents" />
    </UnitTest>
    <UnitTest name="Microsoft.AspNetCore.Components.ComponentsMetricsTest.IsParametersEnabled_ReturnsCorrectState" storage="/home/runner/work/aspnetcore/aspnetcore/artifacts/bin/microsoft.aspnetcore.components.tests/debug/net10.0/microsoft.aspnetcore.components.tests.dll" id="f57a68b8-550e-d06e-a08f-f698f6b7b611">
      <Execution id="b891c6f3-e498-44e1-93ef-eb6ebcd34572" />
      <TestMethod codeBase="/home/runner/work/aspnetcore/aspnetcore/artifacts/bin/Microsoft.AspNetCore.Components.Tests/Debug/net10.0/Microsoft.AspNetCore.Components.Tests.dll" adapterTypeName="executor://xunit/VsTestRunner3/netcore/" className="Microsoft.AspNetCore.Components.ComponentsMetricsTest" name="IsParametersEnabled_ReturnsCorrectState" />
    </UnitTest>
    <UnitTest name="Microsoft.AspNetCore.Components.NavigationManagerTest.GetUriWithQueryParameter_ReplacesWhenParameterExists(baseUri: &quot;scheme://host/?full%20name=&amp;age=42&quot;, expectedUri: &quot;scheme://host/?full%20name=John%20Doe&amp;age=42&quot;)" storage="/home/runner/work/aspnetcore/aspnetcore/artifacts/bin/microsoft.aspnetcore.components.tests/debug/net10.0/microsoft.aspnetcore.components.tests.dll" id="86ce3c86-1c42-2a33-7541-9a4ea50c4d2a">
      <Execution id="93a48c0e-628c-4702-95d8-d340b2fb08b1" />
      <TestMethod codeBase="/home/runner/work/aspnetcore/aspnetcore/artifacts/bin/Microsoft.AspNetCore.Components.Tests/Debug/net10.0/Microsoft.AspNetCore.Components.Tests.dll" adapterTypeName="executor://xunit/VsTestRunner3/netcore/" className="Microsoft.AspNetCore.Components.NavigationManagerTest" name="GetUriWithQueryParameter_ReplacesWhenParameterExists" />
    </UnitTest>
    <UnitTest name="Microsoft.AspNetCore.Components.CascadingParameterStateTest.FindCascadingParameters_ComponentRequestsDerivedType_ReturnsEmpty" storage="/home/runner/work/aspnetcore/aspnetcore/artifacts/bin/microsoft.aspnetcore.components.tests/debug/net10.0/microsoft.aspnetcore.components.tests.dll" id="86db1bc3-7981-1087-1825-b78cfa50a59a">
      <Execution id="3e62e7ac-f3fd-4a9e-a3aa-47be9fe6410a" />
      <TestMethod codeBase="/home/runner/work/aspnetcore/aspnetcore/artifacts/bin/Microsoft.AspNetCore.Components.Tests/Debug/net10.0/Microsoft.AspNetCore.Components.Tests.dll" adapterTypeName="executor://xunit/VsTestRunner3/netcore/" className="Microsoft.AspNetCore.Components.CascadingParameterStateTest" name="FindCascadingParameters_ComponentRequestsDerivedType_ReturnsEmpty" />
    </UnitTest>
    <UnitTest name="Microsoft.AspNetCore.Components.Rendering.RenderTreeBuilderTest.CanAddMarkupViaMarkupString" storage="/home/runner/work/aspnetcore/aspnetcore/artifacts/bin/microsoft.aspnetcore.components.tests/debug/net10.0/microsoft.aspnetcore.components.tests.dll" id="45913e0e-7768-b45d-e231-50a77a9a60bc">
      <Execution id="78288922-fc58-49e1-b75b-5663093f06ff" />
      <TestMethod codeBase="/home/runner/work/aspnetcore/aspnetcore/artifacts/bin/Microsoft.AspNetCore.Components.Tests/Debug/net10.0/Microsoft.AspNetCore.Components.Tests.dll" adapterTypeName="executor://xunit/VsTestRunner3/netcore/" className="Microsoft.AspNetCore.Components.Rendering.RenderTreeBuilderTest" name="CanAddMarkupViaMarkupString" />
    </UnitTest>
    <UnitTest name="Microsoft.AspNetCore.Components.Test.RendererTest.RenderBatch_CanDisposeSynchronousAsyncDisposableImplementations" storage="/home/runner/work/aspnetcore/aspnetcore/artifacts/bin/microsoft.aspnetcore.components.tests/debug/net10.0/microsoft.aspnetcore.components.tests.dll" id="cda822f6-4456-727b-bf51-447549fca060">
      <Execution id="7a2b04e7-7bde-439c-8ffc-eb5a925b4d51" />
      <TestMethod codeBase="/home/runner/work/aspnetcore/aspnetcore/artifacts/bin/Microsoft.AspNetCore.Components.Tests/Debug/net10.0/Microsoft.AspNetCore.Components.Tests.dll" adapterTypeName="executor://xunit/VsTestRunner3/netcore/" className="Microsoft.AspNetCore.Components.Test.RendererTest" name="RenderBatch_CanDisposeSynchronousAsyncDisposableImplementations" />
    </UnitTest>
    <UnitTest name="Microsoft.AspNetCore.Components.Test.RendererTest.AsyncComponentTriggeringRootReRenderDoesNotDeadlock" storage="/home/runner/work/aspnetcore/aspnetcore/artifacts/bin/microsoft.aspnetcore.components.tests/debug/net10.0/microsoft.aspnetcore.components.tests.dll" id="945b847a-cb6b-65f9-aef5-025cfe6ea6f3">
      <Execution id="bd91e472-120e-4768-aee7-9c034fb3b705" />
      <TestMethod codeBase="/home/runner/work/aspnetcore/aspnetcore/artifacts/bin/Microsoft.AspNetCore.Components.Tests/Debug/net10.0/Microsoft.AspNetCore.Components.Tests.dll" adapterTypeName="executor://xunit/VsTestRunner3/netcore/" className="Microsoft.AspNetCore.Components.Test.RendererTest" name="AsyncComponentTriggeringRootReRenderDoesNotDeadlock" />
    </UnitTest>
    <UnitTest name="Microsoft.AspNetCore.Components.Test.RendererTest.AllRendersTriggeredSynchronouslyDuringEventHandlerAreHandledAsSingleBatch" storage="/home/runner/work/aspnetcore/aspnetcore/artifacts/bin/microsoft.aspnetcore.components.tests/debug/net10.0/microsoft.aspnetcore.components.tests.dll" id="6640de24-c7cd-1f9c-87b5-7b50cb6cffe8">
      <Execution id="a7e20980-e6a3-4fa4-89cb-1e07d0f56bbb" />
      <TestMethod codeBase="/home/runner/work/aspnetcore/aspnetcore/artifacts/bin/Microsoft.AspNetCore.Components.Tests/Debug/net10.0/Microsoft.AspNetCore.Components.Tests.dll" adapterTypeName="executor://xunit/VsTestRunner3/netcore/" className="Microsoft.AspNetCore.Components.Test.RendererTest" name="AllRendersTriggeredSynchronouslyDuringEventHandlerAreHandledAsSingleBatch" />
    </UnitTest>
    <UnitTest name="Microsoft.AspNetCore.Components.Test.RouteViewTest.RendersPageInsideLayoutView" storage="/home/runner/work/aspnetcore/aspnetcore/artifacts/bin/microsoft.aspnetcore.components.tests/debug/net10.0/microsoft.aspnetcore.components.tests.dll" id="4b1d891e-638c-5bdc-ffb0-c1810b2c53c7">
      <Execution id="a8b90a34-7301-4306-b2a0-f7d0798b3360" />
      <TestMethod codeBase="/home/runner/work/aspnetcore/aspnetcore/artifacts/bin/Microsoft.AspNetCore.Components.Tests/Debug/net10.0/Microsoft.AspNetCore.Components.Tests.dll" adapterTypeName="executor://xunit/VsTestRunner3/netcore/" className="Microsoft.AspNetCore.Components.Test.RouteViewTest" name="RendersPageInsideLayoutView" />
    </UnitTest>
    <UnitTest name="Microsoft.AspNetCore.Components.NavigationManagerTest.ToBaseRelativePath_ThrowsForInvalidBaseRelativePaths(baseUri: &quot;scheme://host/&quot;, absoluteUri: &quot;scheme://otherhost/&quot;)" storage="/home/runner/work/aspnetcore/aspnetcore/artifacts/bin/microsoft.aspnetcore.components.tests/debug/net10.0/microsoft.aspnetcore.components.tests.dll" id="d25bb6c4-f059-2b0a-c3a7-55a673cee942">
      <Execution id="e1b1035e-2adc-44aa-8d53-a4fb1684f5c2" />
      <TestMethod codeBase="/home/runner/work/aspnetcore/aspnetcore/artifacts/bin/Microsoft.AspNetCore.Components.Tests/Debug/net10.0/Microsoft.AspNetCore.Components.Tests.dll" adapterTypeName="executor://xunit/VsTestRunner3/netcore/" className="Microsoft.AspNetCore.Components.NavigationManagerTest" name="ToBaseRelativePath_ThrowsForInvalidBaseRelativePaths" />
    </UnitTest>
    <UnitTest name="Microsoft.AspNetCore.Components.Test.CascadingParameterTest.CanHaveManySubscribers(numSubscribers: 1)" storage="/home/runner/work/aspnetcore/aspnetcore/artifacts/bin/microsoft.aspnetcore.components.tests/debug/net10.0/microsoft.aspnetcore.components.tests.dll" id="f6c474d3-00fd-6ba3-81a0-6a58579bb030">
      <Execution id="3b912436-7ab4-4410-80e2-a99197ea6280" />
      <TestMethod codeBase="/home/runner/work/aspnetcore/aspnetcore/artifacts/bin/Microsoft.AspNetCore.Components.Tests/Debug/net10.0/Microsoft.AspNetCore.Components.Tests.dll" adapterTypeName="executor://xunit/VsTestRunner3/netcore/" className="Microsoft.AspNetCore.Components.Test.CascadingParameterTest" name="CanHaveManySubscribers" />
    </UnitTest>
    <UnitTest name="Microsoft.AspNetCore.Components.Routing.RouteKeyTest.RouteKey_Default_Equality" storage="/home/runner/work/aspnetcore/aspnetcore/artifacts/bin/microsoft.aspnetcore.components.tests/debug/net10.0/microsoft.aspnetcore.components.tests.dll" id="cc930b5f-de32-3dbf-7a94-c0d11614c646">
      <Execution id="da655849-c396-4cef-be10-fa1ea11ce823" />
      <TestMethod codeBase="/home/runner/work/aspnetcore/aspnetcore/artifacts/bin/Microsoft.AspNetCore.Components.Tests/Debug/net10.0/Microsoft.AspNetCore.Components.Tests.dll" adapterTypeName="executor://xunit/VsTestRunner3/netcore/" className="Microsoft.AspNetCore.Components.Routing.RouteKeyTest" name="RouteKey_Default_Equality" />
    </UnitTest>
    <UnitTest name="Microsoft.AspNetCore.Components.Routing.QueryParameterValueSupplierTest.RejectsBlankArrayEntriesWhenNotNullable(key: &quot;GuidVals&quot;, targetType: typeof(System.Guid))" storage="/home/runner/work/aspnetcore/aspnetcore/artifacts/bin/microsoft.aspnetcore.components.tests/debug/net10.0/microsoft.aspnetcore.components.tests.dll" id="f549d320-befd-652a-311b-9ab7f554e2b5">
      <Execution id="9e60235b-c470-41b6-a3f6-e8e7b88ffc7f" />
      <TestMethod codeBase="/home/runner/work/aspnetcore/aspnetcore/artifacts/bin/Microsoft.AspNetCore.Components.Tests/Debug/net10.0/Microsoft.AspNetCore.Components.Tests.dll" adapterTypeName="executor://xunit/VsTestRunner3/netcore/" className="Microsoft.AspNetCore.Components.Routing.QueryParameterValueSupplierTest" name="RejectsBlankArrayEntriesWhenNotNullable" />
    </UnitTest>
    <UnitTest name="Microsoft.AspNetCore.Components.Rendering.RenderTreeBuilderTest.CannotAddAttributesAfterNamedEvent" storage="/home/runner/work/aspnetcore/aspnetcore/artifacts/bin/microsoft.aspnetcore.components.tests/debug/net10.0/microsoft.aspnetcore.components.tests.dll" id="0b1dadfc-5b78-0cad-febf-8fafbe4581b8">
      <Execution id="a805be81-cbe8-465e-9d78-c6f139eca3e1" />
      <TestMethod codeBase="/home/runner/work/aspnetcore/aspnetcore/artifacts/bin/Microsoft.AspNetCore.Components.Tests/Debug/net10.0/Microsoft.AspNetCore.Components.Tests.dll" adapterTypeName="executor://xunit/VsTestRunner3/netcore/" className="Microsoft.AspNetCore.Components.Rendering.RenderTreeBuilderTest" name="CannotAddAttributesAfterNamedEvent" />
    </UnitTest>
    <UnitTest name="Microsoft.AspNetCore.Components.ParameterViewTest.IncomingCascadingValueMatchesNonCascadingParameter_WithCaptureUnmatchedValues_Throws" storage="/home/runner/work/aspnetcore/aspnetcore/artifacts/bin/microsoft.aspnetcore.components.tests/debug/net10.0/microsoft.aspnetcore.components.tests.dll" id="c5d8ae9b-c29c-8b55-6790-e49163237818">
      <Execution id="59f985bb-4942-4812-a4e5-71ad6f6db405" />
      <TestMethod codeBase="/home/runner/work/aspnetcore/aspnetcore/artifacts/bin/Microsoft.AspNetCore.Components.Tests/Debug/net10.0/Microsoft.AspNetCore.Components.Tests.dll" adapterTypeName="executor://xunit/VsTestRunner3/netcore/" className="Microsoft.AspNetCore.Components.ParameterViewTest" name="IncomingCascadingValueMatchesNonCascadingParameter_WithCaptureUnmatchedValues_Throws" />
    </UnitTest>
    <UnitTest name="Microsoft.AspNetCore.Components.Test.DependencyInjectionTest.IgnoresPropertiesWithoutInjectAttribute" storage="/home/runner/work/aspnetcore/aspnetcore/artifacts/bin/microsoft.aspnetcore.components.tests/debug/net10.0/microsoft.aspnetcore.components.tests.dll" id="5a60e50d-87c6-70b1-f7aa-adc2b3186bdc">
      <Execution id="856ff729-5516-4d8d-a934-bf758a0d0933" />
      <TestMethod codeBase="/home/runner/work/aspnetcore/aspnetcore/artifacts/bin/Microsoft.AspNetCore.Components.Tests/Debug/net10.0/Microsoft.AspNetCore.Components.Tests.dll" adapterTypeName="executor://xunit/VsTestRunner3/netcore/" className="Microsoft.AspNetCore.Components.Test.DependencyInjectionTest" name="IgnoresPropertiesWithoutInjectAttribute" />
    </UnitTest>
    <UnitTest name="Microsoft.AspNetCore.Components.Routing.RouterTest.UsesDefaultNotFoundContentIfNotSpecified" storage="/home/runner/work/aspnetcore/aspnetcore/artifacts/bin/microsoft.aspnetcore.components.tests/debug/net10.0/microsoft.aspnetcore.components.tests.dll" id="d8cec6a4-98e7-0d31-7b0f-f4d0fcde94ee">
      <Execution id="42458429-cbdf-4b49-8729-1ccbe005f29c" />
      <TestMethod codeBase="/home/runner/work/aspnetcore/aspnetcore/artifacts/bin/Microsoft.AspNetCore.Components.Tests/Debug/net10.0/Microsoft.AspNetCore.Components.Tests.dll" adapterTypeName="executor://xunit/VsTestRunner3/netcore/" className="Microsoft.AspNetCore.Components.Routing.RouterTest" name="UsesDefaultNotFoundContentIfNotSpecified" />
    </UnitTest>
    <UnitTest name="Microsoft.AspNetCore.Components.Test.RendererTest.DispatchEventAsync_Delegate_AsynchronousException" storage="/home/runner/work/aspnetcore/aspnetcore/artifacts/bin/microsoft.aspnetcore.components.tests/debug/net10.0/microsoft.aspnetcore.components.tests.dll" id="b0eb830d-c891-b7ee-7580-2c6230530ff4">
      <Execution id="1ae9c5a3-8ff4-434b-b6bd-376d0ff9e454" />
      <TestMethod codeBase="/home/runner/work/aspnetcore/aspnetcore/artifacts/bin/Microsoft.AspNetCore.Components.Tests/Debug/net10.0/Microsoft.AspNetCore.Components.Tests.dll" adapterTypeName="executor://xunit/VsTestRunner3/netcore/" className="Microsoft.AspNetCore.Components.Test.RendererTest" name="DispatchEventAsync_Delegate_AsynchronousException" />
    </UnitTest>
    <UnitTest name="Microsoft.AspNetCore.Components.Rendering.RendererSynchronizationContextTest.InvokeAsync_FuncTaskT_CanRunAsynchronously_WhenBusy" storage="/home/runner/work/aspnetcore/aspnetcore/artifacts/bin/microsoft.aspnetcore.components.tests/debug/net10.0/microsoft.aspnetcore.components.tests.dll" id="b2430c0e-338b-1abd-dd62-bb26e5871d26">
      <Execution id="62645310-b0fc-4c4d-a105-41d5d45e31a7" />
      <TestMethod codeBase="/home/runner/work/aspnetcore/aspnetcore/artifacts/bin/Microsoft.AspNetCore.Components.Tests/Debug/net10.0/Microsoft.AspNetCore.Components.Tests.dll" adapterTypeName="executor://xunit/VsTestRunner3/netcore/" className="Microsoft.AspNetCore.Components.Rendering.RendererSynchronizationContextTest" name="InvokeAsync_FuncTaskT_CanRunAsynchronously_WhenBusy" />
    </UnitTest>
    <UnitTest name="Microsoft.AspNetCore.Components.ParameterViewTest.IncomingNonCascadingValueMatchesCascadingParameter_WithCaptureUnmatchedValues_DoesNotThrow" storage="/home/runner/work/aspnetcore/aspnetcore/artifacts/bin/microsoft.aspnetcore.components.tests/debug/net10.0/microsoft.aspnetcore.components.tests.dll" id="22eccf0a-789a-6b0f-8cb1-b8eb6843c5ba">
      <Execution id="413f203d-1306-44f9-8544-d56b639d1eff" />
      <TestMethod codeBase="/home/runner/work/aspnetcore/aspnetcore/artifacts/bin/Microsoft.AspNetCore.Components.Tests/Debug/net10.0/Microsoft.AspNetCore.Components.Tests.dll" adapterTypeName="executor://xunit/VsTestRunner3/netcore/" className="Microsoft.AspNetCore.Components.ParameterViewTest" name="IncomingNonCascadingValueMatchesCascadingParameter_WithCaptureUnmatchedValues_DoesNotThrow" />
    </UnitTest>
    <UnitTest name="Microsoft.AspNetCore.Components.Rendering.RenderTreeBuilderTest.CannotAddNamedEventWithNullAssignedName" storage="/home/runner/work/aspnetcore/aspnetcore/artifacts/bin/microsoft.aspnetcore.components.tests/debug/net10.0/microsoft.aspnetcore.components.tests.dll" id="0d282eb7-e382-1856-ff88-6ccd607b5c7a">
      <Execution id="fd9b5c5f-17ab-40dc-8f61-f0a9105fa0ca" />
      <TestMethod codeBase="/home/runner/work/aspnetcore/aspnetcore/artifacts/bin/Microsoft.AspNetCore.Components.Tests/Debug/net10.0/Microsoft.AspNetCore.Components.Tests.dll" adapterTypeName="executor://xunit/VsTestRunner3/netcore/" className="Microsoft.AspNetCore.Components.Rendering.RenderTreeBuilderTest" name="CannotAddNamedEventWithNullAssignedName" />
    </UnitTest>
    <UnitTest name="Microsoft.AspNetCore.Components.NavigationManagerTest.ComputesCorrectValidBaseRelativePaths(baseUri: &quot;scheme://host/&quot;, uri: &quot;scheme://host&quot;, expectedResult: &quot;&quot;)" storage="/home/runner/work/aspnetcore/aspnetcore/artifacts/bin/microsoft.aspnetcore.components.tests/debug/net10.0/microsoft.aspnetcore.components.tests.dll" id="3975845d-d28f-5f42-8ccb-30402ed2e457">
      <Execution id="09c4232f-26ff-4354-8636-24bcb6f119ca" />
      <TestMethod codeBase="/home/runner/work/aspnetcore/aspnetcore/artifacts/bin/Microsoft.AspNetCore.Components.Tests/Debug/net10.0/Microsoft.AspNetCore.Components.Tests.dll" adapterTypeName="executor://xunit/VsTestRunner3/netcore/" className="Microsoft.AspNetCore.Components.NavigationManagerTest" name="ComputesCorrectValidBaseRelativePaths" />
    </UnitTest>
    <UnitTest name="Microsoft.AspNetCore.Components.Test.ComponentBaseTest.DoesNotRenderAfterOnParametersSetAsyncTaskIsCanceled" storage="/home/runner/work/aspnetcore/aspnetcore/artifacts/bin/microsoft.aspnetcore.components.tests/debug/net10.0/microsoft.aspnetcore.components.tests.dll" id="20980c0c-8d9e-5bed-57d6-a85c57f510fc">
      <Execution id="494a0f61-8c9a-4a82-a5a7-9ec4d2a69bf5" />
      <TestMethod codeBase="/home/runner/work/aspnetcore/aspnetcore/artifacts/bin/Microsoft.AspNetCore.Components.Tests/Debug/net10.0/Microsoft.AspNetCore.Components.Tests.dll" adapterTypeName="executor://xunit/VsTestRunner3/netcore/" className="Microsoft.AspNetCore.Components.Test.ComponentBaseTest" name="DoesNotRenderAfterOnParametersSetAsyncTaskIsCanceled" />
    </UnitTest>
    <UnitTest name="Microsoft.AspNetCore.Components.Routing.RoutePatternParserTests.InvalidTemplate_LiteralAfterOptionalParam" storage="/home/runner/work/aspnetcore/aspnetcore/artifacts/bin/microsoft.aspnetcore.components.tests/debug/net10.0/microsoft.aspnetcore.components.tests.dll" id="1f9d8d4e-bdd5-1045-c046-294402fb07ab">
      <Execution id="448d2367-d4ca-449a-a4d9-6bb5e714d585" />
      <TestMethod codeBase="/home/runner/work/aspnetcore/aspnetcore/artifacts/bin/Microsoft.AspNetCore.Components.Tests/Debug/net10.0/Microsoft.AspNetCore.Components.Tests.dll" adapterTypeName="executor://xunit/VsTestRunner3/netcore/" className="Microsoft.AspNetCore.Components.Routing.RoutePatternParserTests" name="InvalidTemplate_LiteralAfterOptionalParam" />
    </UnitTest>
    <UnitTest name="Microsoft.AspNetCore.Components.Test.RendererTest.DispatchEventAsync_EventCallback_AsynchronousCompletion" storage="/home/runner/work/aspnetcore/aspnetcore/artifacts/bin/microsoft.aspnetcore.components.tests/debug/net10.0/microsoft.aspnetcore.components.tests.dll" id="fb2135a0-ff45-a87e-0da9-0499fca0f6e3">
      <Execution id="0b99eea4-8ac8-4101-869e-62cab476f254" />
      <TestMethod codeBase="/home/runner/work/aspnetcore/aspnetcore/artifacts/bin/Microsoft.AspNetCore.Components.Tests/Debug/net10.0/Microsoft.AspNetCore.Components.Tests.dll" adapterTypeName="executor://xunit/VsTestRunner3/netcore/" className="Microsoft.AspNetCore.Components.Test.RendererTest" name="DispatchEventAsync_EventCallback_AsynchronousCompletion" />
    </UnitTest>
    <UnitTest name="Microsoft.AspNetCore.Components.EventCallbackTest.EventCallbackOfT_Default" storage="/home/runner/work/aspnetcore/aspnetcore/artifacts/bin/microsoft.aspnetcore.components.tests/debug/net10.0/microsoft.aspnetcore.components.tests.dll" id="cf549936-52a3-4b21-d1d1-628304e30406">
      <Execution id="59fafea6-ea34-4222-8766-035cd638e29f" />
      <TestMethod codeBase="/home/runner/work/aspnetcore/aspnetcore/artifacts/bin/Microsoft.AspNetCore.Components.Tests/Debug/net10.0/Microsoft.AspNetCore.Components.Tests.dll" adapterTypeName="executor://xunit/VsTestRunner3/netcore/" className="Microsoft.AspNetCore.Components.EventCallbackTest" name="EventCallbackOfT_Default" />
    </UnitTest>
    <UnitTest name="Microsoft.AspNetCore.Components.Test.RendererTest.RenderBatch_DoesNotDisposeComponentMultipleTimes" storage="/home/runner/work/aspnetcore/aspnetcore/artifacts/bin/microsoft.aspnetcore.components.tests/debug/net10.0/microsoft.aspnetcore.components.tests.dll" id="ee45660f-3d9c-095f-8c51-c9372839d9b8">
      <Execution id="18ae56fe-dabf-4d0e-832e-601765cd52e3" />
      <TestMethod codeBase="/home/runner/work/aspnetcore/aspnetcore/artifacts/bin/Microsoft.AspNetCore.Components.Tests/Debug/net10.0/Microsoft.AspNetCore.Components.Tests.dll" adapterTypeName="executor://xunit/VsTestRunner3/netcore/" className="Microsoft.AspNetCore.Components.Test.RendererTest" name="RenderBatch_DoesNotDisposeComponentMultipleTimes" />
    </UnitTest>
    <UnitTest name="Microsoft.AspNetCore.Components.Rendering.RenderTreeBuilderTest.CannotAddAttributeToRegion" storage="/home/runner/work/aspnetcore/aspnetcore/artifacts/bin/microsoft.aspnetcore.components.tests/debug/net10.0/microsoft.aspnetcore.components.tests.dll" id="613e6019-e82f-f557-0d4e-4161a7225b12">
      <Execution id="c69f9fda-a495-4dfc-a436-8871b6ffc7cf" />
      <TestMethod codeBase="/home/runner/work/aspnetcore/aspnetcore/artifacts/bin/Microsoft.AspNetCore.Components.Tests/Debug/net10.0/Microsoft.AspNetCore.Components.Tests.dll" adapterTypeName="executor://xunit/VsTestRunner3/netcore/" className="Microsoft.AspNetCore.Components.Rendering.RenderTreeBuilderTest" name="CannotAddAttributeToRegion" />
    </UnitTest>
    <UnitTest name="Microsoft.AspNetCore.Components.Routing.RoutePatternParserTests.Parse_SingleCatchAllParameter(parsedTemplate: &quot;p&quot;, template: &quot;{*p}&quot;)" storage="/home/runner/work/aspnetcore/aspnetcore/artifacts/bin/microsoft.aspnetcore.components.tests/debug/net10.0/microsoft.aspnetcore.components.tests.dll" id="b7845604-90f4-4c19-c812-15897234630b">
      <Execution id="8f75d029-066f-49aa-80cd-af59ac13f7de" />
      <TestMethod codeBase="/home/runner/work/aspnetcore/aspnetcore/artifacts/bin/Microsoft.AspNetCore.Components.Tests/Debug/net10.0/Microsoft.AspNetCore.Components.Tests.dll" adapterTypeName="executor://xunit/VsTestRunner3/netcore/" className="Microsoft.AspNetCore.Components.Routing.RoutePatternParserTests" name="Parse_SingleCatchAllParameter" />
    </UnitTest>
    <UnitTest name="Microsoft.AspNetCore.Components.Routing.QueryParameterValueSupplierTest.RejectsBlankArrayEntriesWhenNotNullable(key: &quot;LongVals&quot;, targetType: typeof(long))" storage="/home/runner/work/aspnetcore/aspnetcore/artifacts/bin/microsoft.aspnetcore.components.tests/debug/net10.0/microsoft.aspnetcore.components.tests.dll" id="a53cdb8f-0eeb-bbc0-8bdb-0a81a10f20f1">
      <Execution id="e6cfc96f-4291-4fe1-8f45-af36d5b5c1e3" />
      <TestMethod codeBase="/home/runner/work/aspnetcore/aspnetcore/artifacts/bin/Microsoft.AspNetCore.Components.Tests/Debug/net10.0/Microsoft.AspNetCore.Components.Tests.dll" adapterTypeName="executor://xunit/VsTestRunner3/netcore/" className="Microsoft.AspNetCore.Components.Routing.QueryParameterValueSupplierTest" name="RejectsBlankArrayEntriesWhenNotNullable" />
    </UnitTest>
    <UnitTest name="Microsoft.AspNetCore.Components.NavigationManagerTest.GetUriWithQueryParameter_ReplacesWhenParameterExists(baseUri: &quot;scheme://host/?full%20name=Sally%20Smith&amp;age=42&amp;fu&quot;···, expectedUri: &quot;scheme://host/?full%20name=John%20Doe&amp;age=42&amp;full%&quot;···)" storage="/home/runner/work/aspnetcore/aspnetcore/artifacts/bin/microsoft.aspnetcore.components.tests/debug/net10.0/microsoft.aspnetcore.components.tests.dll" id="9f64104c-b2ff-d85c-5ec2-5f6f9ad18573">
      <Execution id="ea636971-eb81-49a2-8c12-c40b6a9b04db" />
      <TestMethod codeBase="/home/runner/work/aspnetcore/aspnetcore/artifacts/bin/Microsoft.AspNetCore.Components.Tests/Debug/net10.0/Microsoft.AspNetCore.Components.Tests.dll" adapterTypeName="executor://xunit/VsTestRunner3/netcore/" className="Microsoft.AspNetCore.Components.NavigationManagerTest" name="GetUriWithQueryParameter_ReplacesWhenParameterExists" />
    </UnitTest>
    <UnitTest name="Microsoft.AspNetCore.Components.NavigationManagerTest.GetUriWithQueryParameter_RemovesWhenParameterValueIsNull(baseUri: &quot;scheme://host/?full%20name=Sally%Smith&amp;age=42&amp;FuLl&quot;···, expectedUri: &quot;scheme://host/?age=42&quot;)" storage="/home/runner/work/aspnetcore/aspnetcore/artifacts/bin/microsoft.aspnetcore.components.tests/debug/net10.0/microsoft.aspnetcore.components.tests.dll" id="745df416-405a-8e60-47a8-866485ad9966">
      <Execution id="a492323f-0b1d-4821-ac0a-dc0d9d023949" />
      <TestMethod codeBase="/home/runner/work/aspnetcore/aspnetcore/artifacts/bin/Microsoft.AspNetCore.Components.Tests/Debug/net10.0/Microsoft.AspNetCore.Components.Tests.dll" adapterTypeName="executor://xunit/VsTestRunner3/netcore/" className="Microsoft.AspNetCore.Components.NavigationManagerTest" name="GetUriWithQueryParameter_RemovesWhenParameterValueIsNull" />
    </UnitTest>
    <UnitTest name="Microsoft.AspNetCore.Components.Routing.RoutePatternParserTests.InvalidTemplate_BadOptionalCharacterPosition" storage="/home/runner/work/aspnetcore/aspnetcore/artifacts/bin/microsoft.aspnetcore.components.tests/debug/net10.0/microsoft.aspnetcore.components.tests.dll" id="654a8b77-004f-907d-5eda-8be4dea3f7ad">
      <Execution id="420c344c-e732-47ae-b63c-cc6876eeca08" />
      <TestMethod codeBase="/home/runner/work/aspnetcore/aspnetcore/artifacts/bin/Microsoft.AspNetCore.Components.Tests/Debug/net10.0/Microsoft.AspNetCore.Components.Tests.dll" adapterTypeName="executor://xunit/VsTestRunner3/netcore/" className="Microsoft.AspNetCore.Components.Routing.RoutePatternParserTests" name="InvalidTemplate_BadOptionalCharacterPosition" />
    </UnitTest>
    <UnitTest name="Microsoft.AspNetCore.Components.NavigationManagerTest.LocationChangingHandlers_CanThrowCatchableExceptionsAsynchronously_AfterNavigationEnds" storage="/home/runner/work/aspnetcore/aspnetcore/artifacts/bin/microsoft.aspnetcore.components.tests/debug/net10.0/microsoft.aspnetcore.components.tests.dll" id="ff8577fb-ce84-7fd8-66c7-cb19e42ba466">
      <Execution id="3b8e1913-ed8d-46a2-9336-00f970146e3e" />
      <TestMethod codeBase="/home/runner/work/aspnetcore/aspnetcore/artifacts/bin/Microsoft.AspNetCore.Components.Tests/Debug/net10.0/Microsoft.AspNetCore.Components.Tests.dll" adapterTypeName="executor://xunit/VsTestRunner3/netcore/" className="Microsoft.AspNetCore.Components.NavigationManagerTest" name="LocationChangingHandlers_CanThrowCatchableExceptionsAsynchronously_AfterNavigationEnds" />
    </UnitTest>
    <UnitTest name="Microsoft.AspNetCore.Components.Routing.QueryParameterValueSupplierTest.RejectsUnparseableValues(key: &quot;DateTimeVal&quot;, value: &quot;2020-02-31&quot;, targetType: typeof(System.DateTime))" storage="/home/runner/work/aspnetcore/aspnetcore/artifacts/bin/microsoft.aspnetcore.components.tests/debug/net10.0/microsoft.aspnetcore.components.tests.dll" id="d3ec738c-dc58-8329-14a1-a4f37b7c052c">
      <Execution id="aeaaa654-9d76-471f-9c0a-ee9c6ab8c219" />
      <TestMethod codeBase="/home/runner/work/aspnetcore/aspnetcore/artifacts/bin/Microsoft.AspNetCore.Components.Tests/Debug/net10.0/Microsoft.AspNetCore.Components.Tests.dll" adapterTypeName="executor://xunit/VsTestRunner3/netcore/" className="Microsoft.AspNetCore.Components.Routing.QueryParameterValueSupplierTest" name="RejectsUnparseableValues" />
    </UnitTest>
    <UnitTest name="Microsoft.AspNetCore.Components.Routing.RouteTableFactoryTests.DoesNotMatchIfConstraintDoesNotMatch(template: &quot;/{value:guid}&quot;, contextUrl: &quot;/not-a-guid&quot;)" storage="/home/runner/work/aspnetcore/aspnetcore/artifacts/bin/microsoft.aspnetcore.components.tests/debug/net10.0/microsoft.aspnetcore.components.tests.dll" id="d5d32426-e95a-984a-42df-3a4d43c5ee4b">
      <Execution id="3e393057-add0-4827-976f-631fa35bf251" />
      <TestMethod codeBase="/home/runner/work/aspnetcore/aspnetcore/artifacts/bin/Microsoft.AspNetCore.Components.Tests/Debug/net10.0/Microsoft.AspNetCore.Components.Tests.dll" adapterTypeName="executor://xunit/VsTestRunner3/netcore/" className="Microsoft.AspNetCore.Components.Routing.RouteTableFactoryTests" name="DoesNotMatchIfConstraintDoesNotMatch" />
    </UnitTest>
    <UnitTest name="Microsoft.AspNetCore.Components.Routing.RouteTableFactoryTests.CatchAllEmpty" storage="/home/runner/work/aspnetcore/aspnetcore/artifacts/bin/microsoft.aspnetcore.components.tests/debug/net10.0/microsoft.aspnetcore.components.tests.dll" id="5d6e755c-8e48-63c5-4ff6-5c87a82269d4">
      <Execution id="5ecf2c7e-f80d-4dcc-aee5-30237979b909" />
      <TestMethod codeBase="/home/runner/work/aspnetcore/aspnetcore/artifacts/bin/Microsoft.AspNetCore.Components.Tests/Debug/net10.0/Microsoft.AspNetCore.Components.Tests.dll" adapterTypeName="executor://xunit/VsTestRunner3/netcore/" className="Microsoft.AspNetCore.Components.Routing.RouteTableFactoryTests" name="CatchAllEmpty" />
    </UnitTest>
    <UnitTest name="Microsoft.AspNetCore.Components.EventCallbackTest.EventCallbackOfT_Equals_WhenANewDelegateIsCreated" storage="/home/runner/work/aspnetcore/aspnetcore/artifacts/bin/microsoft.aspnetcore.components.tests/debug/net10.0/microsoft.aspnetcore.components.tests.dll" id="368df98f-908e-6cc2-43ae-5a5d904e2247">
      <Execution id="c5d0d297-e846-46c3-b96f-bb558f9c91da" />
      <TestMethod codeBase="/home/runner/work/aspnetcore/aspnetcore/artifacts/bin/Microsoft.AspNetCore.Components.Tests/Debug/net10.0/Microsoft.AspNetCore.Components.Tests.dll" adapterTypeName="executor://xunit/VsTestRunner3/netcore/" className="Microsoft.AspNetCore.Components.EventCallbackTest" name="EventCallbackOfT_Equals_WhenANewDelegateIsCreated" />
    </UnitTest>
    <UnitTest name="Microsoft.AspNetCore.Components.Routing.RoutePatternParserTests.Parse_SingleLiteral" storage="/home/runner/work/aspnetcore/aspnetcore/artifacts/bin/microsoft.aspnetcore.components.tests/debug/net10.0/microsoft.aspnetcore.components.tests.dll" id="5d3d84cf-038c-4965-b983-fb6337668672">
      <Execution id="c7a9e241-48f1-42c3-94e0-2fb7be2ed971" />
      <TestMethod codeBase="/home/runner/work/aspnetcore/aspnetcore/artifacts/bin/Microsoft.AspNetCore.Components.Tests/Debug/net10.0/Microsoft.AspNetCore.Components.Tests.dll" adapterTypeName="executor://xunit/VsTestRunner3/netcore/" className="Microsoft.AspNetCore.Components.Routing.RoutePatternParserTests" name="Parse_SingleLiteral" />
    </UnitTest>
    <UnitTest name="Microsoft.AspNetCore.Components.Routing.RouteTableFactoryTests.CorrectlyMatchesVariableLengthSegments(path: &quot;/literal/value/other&quot;, expectedValue: &quot;value/other&quot;, first: &quot;literal /{parameter?}&quot;, second: &quot;literal/{*parameter}&quot;, handler: typeof(Microsoft.AspNetCore.Components.Routing.RouteTableFactoryTests+TestHandler2))" storage="/home/runner/work/aspnetcore/aspnetcore/artifacts/bin/microsoft.aspnetcore.components.tests/debug/net10.0/microsoft.aspnetcore.components.tests.dll" id="87cc8458-82ab-24eb-f74f-be03af682cd0">
      <Execution id="8e56ea8e-a82d-478b-853c-f84e8f751be8" />
      <TestMethod codeBase="/home/runner/work/aspnetcore/aspnetcore/artifacts/bin/Microsoft.AspNetCore.Components.Tests/Debug/net10.0/Microsoft.AspNetCore.Components.Tests.dll" adapterTypeName="executor://xunit/VsTestRunner3/netcore/" className="Microsoft.AspNetCore.Components.Routing.RouteTableFactoryTests" name="CorrectlyMatchesVariableLengthSegments" />
    </UnitTest>
    <UnitTest name="Microsoft.AspNetCore.Components.Routing.RouteTableFactoryTests.DoesNotThrowForNonAmbiguousRoutes(first: &quot;{optional?}&quot;, second: &quot;{optional:int?}&quot;)" storage="/home/runner/work/aspnetcore/aspnetcore/artifacts/bin/microsoft.aspnetcore.components.tests/debug/net10.0/microsoft.aspnetcore.components.tests.dll" id="2ebc00b9-91b7-bb71-2558-ae98f538fcea">
      <Execution id="c8fd90d5-01f4-4992-b19e-a41b217dd3d6" />
      <TestMethod codeBase="/home/runner/work/aspnetcore/aspnetcore/artifacts/bin/Microsoft.AspNetCore.Components.Tests/Debug/net10.0/Microsoft.AspNetCore.Components.Tests.dll" adapterTypeName="executor://xunit/VsTestRunner3/netcore/" className="Microsoft.AspNetCore.Components.Routing.RouteTableFactoryTests" name="DoesNotThrowForNonAmbiguousRoutes" />
    </UnitTest>
    <UnitTest name="Microsoft.AspNetCore.Components.Test.CascadingParameterTest.CanTriggerUpdatesOnCascadingValuesFromServiceProvider" storage="/home/runner/work/aspnetcore/aspnetcore/artifacts/bin/microsoft.aspnetcore.components.tests/debug/net10.0/microsoft.aspnetcore.components.tests.dll" id="d2893880-1b00-be8c-93ae-ca6d2eaf84f6">
      <Execution id="2c528b04-47c3-4bb1-8a9d-529ff9af36ec" />
      <TestMethod codeBase="/home/runner/work/aspnetcore/aspnetcore/artifacts/bin/Microsoft.AspNetCore.Components.Tests/Debug/net10.0/Microsoft.AspNetCore.Components.Tests.dll" adapterTypeName="executor://xunit/VsTestRunner3/netcore/" className="Microsoft.AspNetCore.Components.Test.CascadingParameterTest" name="CanTriggerUpdatesOnCascadingValuesFromServiceProvider" />
    </UnitTest>
    <UnitTest name="Microsoft.AspNetCore.Components.Test.RendererTest.SynchronousCancelledTasks_HandleAfterRender_Works" storage="/home/runner/work/aspnetcore/aspnetcore/artifacts/bin/microsoft.aspnetcore.components.tests/debug/net10.0/microsoft.aspnetcore.components.tests.dll" id="e908bf31-d0e9-ac6a-01b3-7340fa63fddf">
      <Execution id="faf1f8c2-7d1d-4c60-885a-6ab971cb1d6b" />
      <TestMethod codeBase="/home/runner/work/aspnetcore/aspnetcore/artifacts/bin/Microsoft.AspNetCore.Components.Tests/Debug/net10.0/Microsoft.AspNetCore.Components.Tests.dll" adapterTypeName="executor://xunit/VsTestRunner3/netcore/" className="Microsoft.AspNetCore.Components.Test.RendererTest" name="SynchronousCancelledTasks_HandleAfterRender_Works" />
    </UnitTest>
    <UnitTest name="Microsoft.AspNetCore.Components.Routing.RouteTableFactoryTests.DetectsAmbiguousRoutes(left: &quot;/{parameter}part/literal/part{something}&quot;, right: &quot;{param}Part/Literal/part{else}&quot;)" storage="/home/runner/work/aspnetcore/aspnetcore/artifacts/bin/microsoft.aspnetcore.components.tests/debug/net10.0/microsoft.aspnetcore.components.tests.dll" id="85ddaa4f-3f69-91f1-7a58-f25401165b7d">
      <Execution id="495c5f77-c7c4-494d-bb9a-a7b76168e0c2" />
      <TestMethod codeBase="/home/runner/work/aspnetcore/aspnetcore/artifacts/bin/Microsoft.AspNetCore.Components.Tests/Debug/net10.0/Microsoft.AspNetCore.Components.Tests.dll" adapterTypeName="executor://xunit/VsTestRunner3/netcore/" className="Microsoft.AspNetCore.Components.Routing.RouteTableFactoryTests" name="DetectsAmbiguousRoutes" />
    </UnitTest>
    <UnitTest name="Microsoft.AspNetCore.Components.EventCallbackFactoryTest.CreateInferred_FuncTTask" storage="/home/runner/work/aspnetcore/aspnetcore/artifacts/bin/microsoft.aspnetcore.components.tests/debug/net10.0/microsoft.aspnetcore.components.tests.dll" id="68e1cb8f-726e-8055-f025-3bc54f1b35e6">
      <Execution id="ef8b73f6-8c78-448a-8065-62d776fa50b5" />
      <TestMethod codeBase="/home/runner/work/aspnetcore/aspnetcore/artifacts/bin/Microsoft.AspNetCore.Components.Tests/Debug/net10.0/Microsoft.AspNetCore.Components.Tests.dll" adapterTypeName="executor://xunit/VsTestRunner3/netcore/" className="Microsoft.AspNetCore.Components.EventCallbackFactoryTest" name="CreateInferred_FuncTTask" />
    </UnitTest>
    <UnitTest name="Microsoft.AspNetCore.Components.EventCallbackTest.EventCallbackOfT_Action_IgnoresArg" storage="/home/runner/work/aspnetcore/aspnetcore/artifacts/bin/microsoft.aspnetcore.components.tests/debug/net10.0/microsoft.aspnetcore.components.tests.dll" id="2a7a5144-ae6a-53c0-7d6e-36d0260f6539">
      <Execution id="ac595b32-9f44-49f4-8790-f96ac1cc899a" />
      <TestMethod codeBase="/home/runner/work/aspnetcore/aspnetcore/artifacts/bin/Microsoft.AspNetCore.Components.Tests/Debug/net10.0/Microsoft.AspNetCore.Components.Tests.dll" adapterTypeName="executor://xunit/VsTestRunner3/netcore/" className="Microsoft.AspNetCore.Components.EventCallbackTest" name="EventCallbackOfT_Action_IgnoresArg" />
    </UnitTest>
    <UnitTest name="Microsoft.AspNetCore.Components.EventCallbackFactoryBinderExtensionsTest.CreateBinder_BindsEmpty_DoesNotCallSetter" storage="/home/runner/work/aspnetcore/aspnetcore/artifacts/bin/microsoft.aspnetcore.components.tests/debug/net10.0/microsoft.aspnetcore.components.tests.dll" id="ec1de2be-046a-f8f0-02fd-4f851a3a270b">
      <Execution id="f144fd5e-fe2e-4588-960d-580dae4dbba0" />
      <TestMethod codeBase="/home/runner/work/aspnetcore/aspnetcore/artifacts/bin/Microsoft.AspNetCore.Components.Tests/Debug/net10.0/Microsoft.AspNetCore.Components.Tests.dll" adapterTypeName="executor://xunit/VsTestRunner3/netcore/" className="Microsoft.AspNetCore.Components.EventCallbackFactoryBinderExtensionsTest" name="CreateBinder_BindsEmpty_DoesNotCallSetter" />
    </UnitTest>
    <UnitTest name="Microsoft.AspNetCore.Components.Routing.RouteTableFactoryTests.OptionalParameterPlusCatchAllRoute(template: &quot;/{parameter?}/{*catchAll}&quot;, path: &quot;/value/1&quot;, parameterValue: &quot;value&quot;, catchAllValue: &quot;1&quot;)" storage="/home/runner/work/aspnetcore/aspnetcore/artifacts/bin/microsoft.aspnetcore.components.tests/debug/net10.0/microsoft.aspnetcore.components.tests.dll" id="5c5c39e8-4d1e-8571-9c73-7c5a4e8cc8b9">
      <Execution id="c6367b43-28ca-411c-80e9-e67a2be1ec84" />
      <TestMethod codeBase="/home/runner/work/aspnetcore/aspnetcore/artifacts/bin/Microsoft.AspNetCore.Components.Tests/Debug/net10.0/Microsoft.AspNetCore.Components.Tests.dll" adapterTypeName="executor://xunit/VsTestRunner3/netcore/" className="Microsoft.AspNetCore.Components.Routing.RouteTableFactoryTests" name="OptionalParameterPlusCatchAllRoute" />
    </UnitTest>
    <UnitTest name="Microsoft.AspNetCore.Components.PersistentStateValueProviderTests.PersistAsync_CanPersistMultipleComponentsOfSameType_SupportsDifferentKeyTypes" storage="/home/runner/work/aspnetcore/aspnetcore/artifacts/bin/microsoft.aspnetcore.components.tests/debug/net10.0/microsoft.aspnetcore.components.tests.dll" id="1080a8fb-c4f5-1740-e9b9-cd24db7a0bc9">
      <Execution id="2ebefad4-ab07-4db3-86c2-d3f0eb383238" />
      <TestMethod codeBase="/home/runner/work/aspnetcore/aspnetcore/artifacts/bin/Microsoft.AspNetCore.Components.Tests/Debug/net10.0/Microsoft.AspNetCore.Components.Tests.dll" adapterTypeName="executor://xunit/VsTestRunner3/netcore/" className="Microsoft.AspNetCore.Components.PersistentStateValueProviderTests" name="PersistAsync_CanPersistMultipleComponentsOfSameType_SupportsDifferentKeyTypes" />
    </UnitTest>
    <UnitTest name="Microsoft.AspNetCore.Components.EventCallbackTest.EventCallbackOfT_Action_Null" storage="/home/runner/work/aspnetcore/aspnetcore/artifacts/bin/microsoft.aspnetcore.components.tests/debug/net10.0/microsoft.aspnetcore.components.tests.dll" id="d92999e9-71ec-1caf-9df2-20fb35696860">
      <Execution id="9575ab34-e2d0-4de8-b27b-619b02addde1" />
      <TestMethod codeBase="/home/runner/work/aspnetcore/aspnetcore/artifacts/bin/Microsoft.AspNetCore.Components.Tests/Debug/net10.0/Microsoft.AspNetCore.Components.Tests.dll" adapterTypeName="executor://xunit/VsTestRunner3/netcore/" className="Microsoft.AspNetCore.Components.EventCallbackTest" name="EventCallbackOfT_Action_Null" />
    </UnitTest>
    <UnitTest name="Microsoft.AspNetCore.Components.Routing.QueryParameterValueSupplierTest.RejectsUnparseableArrayEntries(key: &quot;NullableIntVals&quot;, validValue: &quot;5000000&quot;, invalidValue: &quot;5000000000&quot;, targetType: typeof(int?))" storage="/home/runner/work/aspnetcore/aspnetcore/artifacts/bin/microsoft.aspnetcore.components.tests/debug/net10.0/microsoft.aspnetcore.components.tests.dll" id="0a300af8-074e-9501-ec6a-975668ca3859">
      <Execution id="14c521d7-4c31-4bd6-9058-0ba4b2a6c79a" />
      <TestMethod codeBase="/home/runner/work/aspnetcore/aspnetcore/artifacts/bin/Microsoft.AspNetCore.Components.Tests/Debug/net10.0/Microsoft.AspNetCore.Components.Tests.dll" adapterTypeName="executor://xunit/VsTestRunner3/netcore/" className="Microsoft.AspNetCore.Components.Routing.QueryParameterValueSupplierTest" name="RejectsUnparseableArrayEntries" />
    </UnitTest>
    <UnitTest name="Microsoft.AspNetCore.Components.Test.RendererTest.CanTriggerEventHandlerDisposedInEarlierPendingBatchAsync" storage="/home/runner/work/aspnetcore/aspnetcore/artifacts/bin/microsoft.aspnetcore.components.tests/debug/net10.0/microsoft.aspnetcore.components.tests.dll" id="d920aa55-aba6-f502-79ed-eb08727df687">
      <Execution id="dce9e32b-641b-4adb-ae42-7403580deaff" />
      <TestMethod codeBase="/home/runner/work/aspnetcore/aspnetcore/artifacts/bin/Microsoft.AspNetCore.Components.Tests/Debug/net10.0/Microsoft.AspNetCore.Components.Tests.dll" adapterTypeName="executor://xunit/VsTestRunner3/netcore/" className="Microsoft.AspNetCore.Components.Test.RendererTest" name="CanTriggerEventHandlerDisposedInEarlierPendingBatchAsync" />
    </UnitTest>
    <UnitTest name="Microsoft.AspNetCore.Components.Routing.RouterTest.UsesNotFoundContentIfSpecified" storage="/home/runner/work/aspnetcore/aspnetcore/artifacts/bin/microsoft.aspnetcore.components.tests/debug/net10.0/microsoft.aspnetcore.components.tests.dll" id="c7186a22-56df-6679-bd7a-5e070fbd5941">
      <Execution id="c9a74edf-9c05-48f8-bf5d-cf5a0c3eab90" />
      <TestMethod codeBase="/home/runner/work/aspnetcore/aspnetcore/artifacts/bin/Microsoft.AspNetCore.Components.Tests/Debug/net10.0/Microsoft.AspNetCore.Components.Tests.dll" adapterTypeName="executor://xunit/VsTestRunner3/netcore/" className="Microsoft.AspNetCore.Components.Routing.RouterTest" name="UsesNotFoundContentIfSpecified" />
    </UnitTest>
    <UnitTest name="Microsoft.AspNetCore.Components.RenderTree.ArrayBuilderTest.UnusedBufferIsReturned_OnResize" storage="/home/runner/work/aspnetcore/aspnetcore/artifacts/bin/microsoft.aspnetcore.components.tests/debug/net10.0/microsoft.aspnetcore.components.tests.dll" id="edccd82f-71b3-2913-24cc-5ca034ec7a2f">
      <Execution id="687a0aea-0646-42c0-9b35-1c235e09e79e" />
      <TestMethod codeBase="/home/runner/work/aspnetcore/aspnetcore/artifacts/bin/Microsoft.AspNetCore.Components.Tests/Debug/net10.0/Microsoft.AspNetCore.Components.Tests.dll" adapterTypeName="executor://xunit/VsTestRunner3/netcore/" className="Microsoft.AspNetCore.Components.RenderTree.ArrayBuilderTest" name="UnusedBufferIsReturned_OnResize" />
    </UnitTest>
    <UnitTest name="Microsoft.AspNetCore.Components.Routing.RouteTableFactoryTests.DoesNotMatchIfConstraintDoesNotMatch(template: &quot;/{value:int}&quot;, contextUrl: &quot;/3.141&quot;)" storage="/home/runner/work/aspnetcore/aspnetcore/artifacts/bin/microsoft.aspnetcore.components.tests/debug/net10.0/microsoft.aspnetcore.components.tests.dll" id="9db56dfb-3231-b225-df86-79071f935e79">
      <Execution id="dcb0e601-f424-4aec-a52b-98858d351cb4" />
      <TestMethod codeBase="/home/runner/work/aspnetcore/aspnetcore/artifacts/bin/Microsoft.AspNetCore.Components.Tests/Debug/net10.0/Microsoft.AspNetCore.Components.Tests.dll" adapterTypeName="executor://xunit/VsTestRunner3/netcore/" className="Microsoft.AspNetCore.Components.Routing.RouteTableFactoryTests" name="DoesNotMatchIfConstraintDoesNotMatch" />
    </UnitTest>
    <UnitTest name="Microsoft.AspNetCore.Components.Test.RenderTreeDiffBuilderTest.RecognizesInsertedRegions" storage="/home/runner/work/aspnetcore/aspnetcore/artifacts/bin/microsoft.aspnetcore.components.tests/debug/net10.0/microsoft.aspnetcore.components.tests.dll" id="5cf972f2-b538-396a-f043-7116e483cc74">
      <Execution id="f50210d3-6a72-4f21-88d4-22b0c0d8f30f" />
      <TestMethod codeBase="/home/runner/work/aspnetcore/aspnetcore/artifacts/bin/Microsoft.AspNetCore.Components.Tests/Debug/net10.0/Microsoft.AspNetCore.Components.Tests.dll" adapterTypeName="executor://xunit/VsTestRunner3/netcore/" className="Microsoft.AspNetCore.Components.Test.RenderTreeDiffBuilderTest" name="RecognizesInsertedRegions" />
    </UnitTest>
    <UnitTest name="Microsoft.AspNetCore.Components.Rendering.RenderTreeBuilderTest.AddAttribute_Component_EventCallback_AddsFrame" storage="/home/runner/work/aspnetcore/aspnetcore/artifacts/bin/microsoft.aspnetcore.components.tests/debug/net10.0/microsoft.aspnetcore.components.tests.dll" id="2607e7d1-ec1e-fa7a-6ed7-51f12749f64c">
      <Execution id="af78db9d-5358-4849-b3e7-3b4e84b4a920" />
      <TestMethod codeBase="/home/runner/work/aspnetcore/aspnetcore/artifacts/bin/Microsoft.AspNetCore.Components.Tests/Debug/net10.0/Microsoft.AspNetCore.Components.Tests.dll" adapterTypeName="executor://xunit/VsTestRunner3/netcore/" className="Microsoft.AspNetCore.Components.Rendering.RenderTreeBuilderTest" name="AddAttribute_Component_EventCallback_AddsFrame" />
    </UnitTest>
    <UnitTest name="Microsoft.AspNetCore.Components.Rendering.RenderTreeBuilderTest.CanAddMultipleReferenceCapturesToSameElement" storage="/home/runner/work/aspnetcore/aspnetcore/artifacts/bin/microsoft.aspnetcore.components.tests/debug/net10.0/microsoft.aspnetcore.components.tests.dll" id="5d010426-f653-c7a7-c535-24423b4e0179">
      <Execution id="38617b47-9521-4436-9729-851bb80dec4a" />
      <TestMethod codeBase="/home/runner/work/aspnetcore/aspnetcore/artifacts/bin/Microsoft.AspNetCore.Components.Tests/Debug/net10.0/Microsoft.AspNetCore.Components.Tests.dll" adapterTypeName="executor://xunit/VsTestRunner3/netcore/" className="Microsoft.AspNetCore.Components.Rendering.RenderTreeBuilderTest" name="CanAddMultipleReferenceCapturesToSameElement" />
    </UnitTest>
    <UnitTest name="Microsoft.AspNetCore.Components.Rendering.RendererSynchronizationContextTest.InvokeAsync_FuncT_CanRunSynchronously_WhenNotBusy" storage="/home/runner/work/aspnetcore/aspnetcore/artifacts/bin/microsoft.aspnetcore.components.tests/debug/net10.0/microsoft.aspnetcore.components.tests.dll" id="6c0220b6-5678-ede2-bd06-2929b0963682">
      <Execution id="633dd934-fd75-44d6-9a13-8b18a1c619a5" />
      <TestMethod codeBase="/home/runner/work/aspnetcore/aspnetcore/artifacts/bin/Microsoft.AspNetCore.Components.Tests/Debug/net10.0/Microsoft.AspNetCore.Components.Tests.dll" adapterTypeName="executor://xunit/VsTestRunner3/netcore/" className="Microsoft.AspNetCore.Components.Rendering.RendererSynchronizationContextTest" name="InvokeAsync_FuncT_CanRunSynchronously_WhenNotBusy" />
    </UnitTest>
    <UnitTest name="Microsoft.AspNetCore.Components.Routing.RouterTest.UsesCurrentRouteMatchingIfSpecified" storage="/home/runner/work/aspnetcore/aspnetcore/artifacts/bin/microsoft.aspnetcore.components.tests/debug/net10.0/microsoft.aspnetcore.components.tests.dll" id="bc506b14-1566-4bb6-f2df-faaaccfdbb33">
      <Execution id="4c6e294b-a9f8-4708-8224-f061289c5776" />
      <TestMethod codeBase="/home/runner/work/aspnetcore/aspnetcore/artifacts/bin/Microsoft.AspNetCore.Components.Tests/Debug/net10.0/Microsoft.AspNetCore.Components.Tests.dll" adapterTypeName="executor://xunit/VsTestRunner3/netcore/" className="Microsoft.AspNetCore.Components.Routing.RouterTest" name="UsesCurrentRouteMatchingIfSpecified" />
    </UnitTest>
    <UnitTest name="Microsoft.AspNetCore.Components.Routing.RoutePatternParserTests.InvalidTemplate_WithRepeatedParameter" storage="/home/runner/work/aspnetcore/aspnetcore/artifacts/bin/microsoft.aspnetcore.components.tests/debug/net10.0/microsoft.aspnetcore.components.tests.dll" id="8c25d266-0f03-7ae6-7678-beedad642844">
      <Execution id="7e1b5cfd-700a-4856-9e10-c9ec52066189" />
      <TestMethod codeBase="/home/runner/work/aspnetcore/aspnetcore/artifacts/bin/Microsoft.AspNetCore.Components.Tests/Debug/net10.0/Microsoft.AspNetCore.Components.Tests.dll" adapterTypeName="executor://xunit/VsTestRunner3/netcore/" className="Microsoft.AspNetCore.Components.Routing.RoutePatternParserTests" name="InvalidTemplate_WithRepeatedParameter" />
    </UnitTest>
    <UnitTest name="Microsoft.AspNetCore.Components.Rendering.RenderTreeBuilderTest.CannotAddComponentParameterToText" storage="/home/runner/work/aspnetcore/aspnetcore/artifacts/bin/microsoft.aspnetcore.components.tests/debug/net10.0/microsoft.aspnetcore.components.tests.dll" id="cb7fed50-429e-e286-8103-d78be0428651">
      <Execution id="6a964855-bd06-4fbd-9ad8-d77f93b30fd5" />
      <TestMethod codeBase="/home/runner/work/aspnetcore/aspnetcore/artifacts/bin/Microsoft.AspNetCore.Components.Tests/Debug/net10.0/Microsoft.AspNetCore.Components.Tests.dll" adapterTypeName="executor://xunit/VsTestRunner3/netcore/" className="Microsoft.AspNetCore.Components.Rendering.RenderTreeBuilderTest" name="CannotAddComponentParameterToText" />
    </UnitTest>
    <UnitTest name="Microsoft.AspNetCore.Components.Rendering.RenderTreeBuilderTest.AddAttribute_Element_EventCallback_AddsFrame" storage="/home/runner/work/aspnetcore/aspnetcore/artifacts/bin/microsoft.aspnetcore.components.tests/debug/net10.0/microsoft.aspnetcore.components.tests.dll" id="9572a548-ddb6-b4fa-3bd1-287342efdf40">
      <Execution id="2199d56e-1b86-4cd7-9720-18f9f4a1936c" />
      <TestMethod codeBase="/home/runner/work/aspnetcore/aspnetcore/artifacts/bin/Microsoft.AspNetCore.Components.Tests/Debug/net10.0/Microsoft.AspNetCore.Components.Tests.dll" adapterTypeName="executor://xunit/VsTestRunner3/netcore/" className="Microsoft.AspNetCore.Components.Rendering.RenderTreeBuilderTest" name="AddAttribute_Element_EventCallback_AddsFrame" />
    </UnitTest>
    <UnitTest name="Microsoft.AspNetCore.Components.Test.RendererTest.EventDispatching_EventCallback_NoTargetLambda" storage="/home/runner/work/aspnetcore/aspnetcore/artifacts/bin/microsoft.aspnetcore.components.tests/debug/net10.0/microsoft.aspnetcore.components.tests.dll" id="46283aee-1692-fc12-8d62-a4120659cd53">
      <Execution id="d248ea37-5d55-44bf-881c-ad12483040c9" />
      <TestMethod codeBase="/home/runner/work/aspnetcore/aspnetcore/artifacts/bin/Microsoft.AspNetCore.Components.Tests/Debug/net10.0/Microsoft.AspNetCore.Components.Tests.dll" adapterTypeName="executor://xunit/VsTestRunner3/netcore/" className="Microsoft.AspNetCore.Components.Test.RendererTest" name="EventDispatching_EventCallback_NoTargetLambda" />
    </UnitTest>
    <UnitTest name="Microsoft.AspNetCore.Components.CascadingParameterStateTest.FindCascadingParameters_IfHasPartialMatchesInAncestors_ReturnsMatches" storage="/home/runner/work/aspnetcore/aspnetcore/artifacts/bin/microsoft.aspnetcore.components.tests/debug/net10.0/microsoft.aspnetcore.components.tests.dll" id="cd43612f-be33-d954-48bd-96e6f5b4c881">
      <Execution id="1ec2c3eb-1b8b-445d-848c-94a6df6ef67f" />
      <TestMethod codeBase="/home/runner/work/aspnetcore/aspnetcore/artifacts/bin/Microsoft.AspNetCore.Components.Tests/Debug/net10.0/Microsoft.AspNetCore.Components.Tests.dll" adapterTypeName="executor://xunit/VsTestRunner3/netcore/" className="Microsoft.AspNetCore.Components.CascadingParameterStateTest" name="FindCascadingParameters_IfHasPartialMatchesInAncestors_ReturnsMatches" />
    </UnitTest>
    <UnitTest name="Microsoft.AspNetCore.Components.BindConverterTest.FormatValue_NullableBool" storage="/home/runner/work/aspnetcore/aspnetcore/artifacts/bin/microsoft.aspnetcore.components.tests/debug/net10.0/microsoft.aspnetcore.components.tests.dll" id="a70f5413-6006-3a94-1740-0cadbd3f730c">
      <Execution id="1dffc0d0-6cd5-46a0-aaae-a4181cfc35cc" />
      <TestMethod codeBase="/home/runner/work/aspnetcore/aspnetcore/artifacts/bin/Microsoft.AspNetCore.Components.Tests/Debug/net10.0/Microsoft.AspNetCore.Components.Tests.dll" adapterTypeName="executor://xunit/VsTestRunner3/netcore/" className="Microsoft.AspNetCore.Components.BindConverterTest" name="FormatValue_NullableBool" />
    </UnitTest>
    <UnitTest name="Microsoft.AspNetCore.Components.Routing.RoutePatternParserTests.ParseRouteParameter_ThrowsIf_ParameterContainsSpecialCharacters(template: &quot;{.}&quot;, expectedMessage: &quot;The route parameter name '.' is invalid. Route par&quot;···)" storage="/home/runner/work/aspnetcore/aspnetcore/artifacts/bin/microsoft.aspnetcore.components.tests/debug/net10.0/microsoft.aspnetcore.components.tests.dll" id="7472422d-3b90-9c77-80cd-68eb64dc292c">
      <Execution id="aed9021b-fcb4-4334-88d0-b5bfe8e9f657" />
      <TestMethod codeBase="/home/runner/work/aspnetcore/aspnetcore/artifacts/bin/Microsoft.AspNetCore.Components.Tests/Debug/net10.0/Microsoft.AspNetCore.Components.Tests.dll" adapterTypeName="executor://xunit/VsTestRunner3/netcore/" className="Microsoft.AspNetCore.Components.Routing.RoutePatternParserTests" name="ParseRouteParameter_ThrowsIf_ParameterContainsSpecialCharacters" />
    </UnitTest>
    <UnitTest name="Microsoft.AspNetCore.Components.Test.ComponentBaseTest.RenderRootComponentAsync_ReportsErrorDuringOnInitAsync" storage="/home/runner/work/aspnetcore/aspnetcore/artifacts/bin/microsoft.aspnetcore.components.tests/debug/net10.0/microsoft.aspnetcore.components.tests.dll" id="1675d0e0-ae6b-aee1-34e4-f29cb80adbf0">
      <Execution id="5e3a9b0d-c6ea-46c4-b580-b92b2efd2d19" />
      <TestMethod codeBase="/home/runner/work/aspnetcore/aspnetcore/artifacts/bin/Microsoft.AspNetCore.Components.Tests/Debug/net10.0/Microsoft.AspNetCore.Components.Tests.dll" adapterTypeName="executor://xunit/VsTestRunner3/netcore/" className="Microsoft.AspNetCore.Components.Test.ComponentBaseTest" name="RenderRootComponentAsync_ReportsErrorDuringOnInitAsync" />
    </UnitTest>
    <UnitTest name="Microsoft.AspNetCore.Components.NavigationManagerTest.GetUriWithQueryParameter_ReplacesWhenParameterExists(baseUri: &quot;scheme://host/?fUlL%20nAmE=Bob%20Joe&amp;AgE=42&quot;, expectedUri: &quot;scheme://host/?full%20name=John%20Doe&amp;AgE=42&quot;)" storage="/home/runner/work/aspnetcore/aspnetcore/artifacts/bin/microsoft.aspnetcore.components.tests/debug/net10.0/microsoft.aspnetcore.components.tests.dll" id="ec7d19ad-ade8-9765-2912-b94ec23659ea">
      <Execution id="e1e8a9f9-ac35-467b-b7e9-efa090667108" />
      <TestMethod codeBase="/home/runner/work/aspnetcore/aspnetcore/artifacts/bin/Microsoft.AspNetCore.Components.Tests/Debug/net10.0/Microsoft.AspNetCore.Components.Tests.dll" adapterTypeName="executor://xunit/VsTestRunner3/netcore/" className="Microsoft.AspNetCore.Components.NavigationManagerTest" name="GetUriWithQueryParameter_ReplacesWhenParameterExists" />
    </UnitTest>
    <UnitTest name="Microsoft.AspNetCore.Components.Test.RenderTreeUpdaterTest.AddsAttributeIfNotFound" storage="/home/runner/work/aspnetcore/aspnetcore/artifacts/bin/microsoft.aspnetcore.components.tests/debug/net10.0/microsoft.aspnetcore.components.tests.dll" id="2321d162-3ee9-2646-4041-1d981536d2bc">
      <Execution id="0b86c704-0af4-4a41-8126-a10ab80df712" />
      <TestMethod codeBase="/home/runner/work/aspnetcore/aspnetcore/artifacts/bin/Microsoft.AspNetCore.Components.Tests/Debug/net10.0/Microsoft.AspNetCore.Components.Tests.dll" adapterTypeName="executor://xunit/VsTestRunner3/netcore/" className="Microsoft.AspNetCore.Components.Test.RenderTreeUpdaterTest" name="AddsAttributeIfNotFound" />
    </UnitTest>
    <UnitTest name="Microsoft.AspNetCore.Components.NavigationManagerTest.LocationChangingHandlers_CanCancelTheNavigationSynchronously_BeforeReturning_WhenMultipleHandlersAreRegistered" storage="/home/runner/work/aspnetcore/aspnetcore/artifacts/bin/microsoft.aspnetcore.components.tests/debug/net10.0/microsoft.aspnetcore.components.tests.dll" id="1ebcf50f-3294-b90a-993d-26baa2fccb53">
      <Execution id="8188cbf4-0427-4a01-98d0-b679544f1ed0" />
      <TestMethod codeBase="/home/runner/work/aspnetcore/aspnetcore/artifacts/bin/Microsoft.AspNetCore.Components.Tests/Debug/net10.0/Microsoft.AspNetCore.Components.Tests.dll" adapterTypeName="executor://xunit/VsTestRunner3/netcore/" className="Microsoft.AspNetCore.Components.NavigationManagerTest" name="LocationChangingHandlers_CanCancelTheNavigationSynchronously_BeforeReturning_WhenMultipleHandlersAreRegistered" />
    </UnitTest>
    <UnitTest name="Microsoft.AspNetCore.Components.EventCallbackFactoryTest.CreateInferred_ActionT" storage="/home/runner/work/aspnetcore/aspnetcore/artifacts/bin/microsoft.aspnetcore.components.tests/debug/net10.0/microsoft.aspnetcore.components.tests.dll" id="8e66c054-8cb0-4ebb-38fd-dd914bad0e3c">
      <Execution id="8e6d4959-7a44-40a6-9a08-92260f5433d5" />
      <TestMethod codeBase="/home/runner/work/aspnetcore/aspnetcore/artifacts/bin/Microsoft.AspNetCore.Components.Tests/Debug/net10.0/Microsoft.AspNetCore.Components.Tests.dll" adapterTypeName="executor://xunit/VsTestRunner3/netcore/" className="Microsoft.AspNetCore.Components.EventCallbackFactoryTest" name="CreateInferred_ActionT" />
    </UnitTest>
    <UnitTest name="Microsoft.AspNetCore.Components.Rendering.RenderTreeBuilderTest.ReportsUnclosedRegionAsInvalid" storage="/home/runner/work/aspnetcore/aspnetcore/artifacts/bin/microsoft.aspnetcore.components.tests/debug/net10.0/microsoft.aspnetcore.components.tests.dll" id="a944774e-c819-e8bf-de7d-ffc1f5493272">
      <Execution id="4058f1a9-6ba8-48c3-9175-6d72f48a8feb" />
      <TestMethod codeBase="/home/runner/work/aspnetcore/aspnetcore/artifacts/bin/Microsoft.AspNetCore.Components.Tests/Debug/net10.0/Microsoft.AspNetCore.Components.Tests.dll" adapterTypeName="executor://xunit/VsTestRunner3/netcore/" className="Microsoft.AspNetCore.Components.Rendering.RenderTreeBuilderTest" name="ReportsUnclosedRegionAsInvalid" />
    </UnitTest>
    <UnitTest name="Microsoft.AspNetCore.Components.Test.RendererTest.CanRemoveRootComponents" storage="/home/runner/work/aspnetcore/aspnetcore/artifacts/bin/microsoft.aspnetcore.components.tests/debug/net10.0/microsoft.aspnetcore.components.tests.dll" id="1d4e397c-0d5e-ade4-d66a-803a9176eb51">
      <Execution id="67680b0e-9426-4614-bf0d-0e7e8a673551" />
      <TestMethod codeBase="/home/runner/work/aspnetcore/aspnetcore/artifacts/bin/Microsoft.AspNetCore.Components.Tests/Debug/net10.0/Microsoft.AspNetCore.Components.Tests.dll" adapterTypeName="executor://xunit/VsTestRunner3/netcore/" className="Microsoft.AspNetCore.Components.Test.RendererTest" name="CanRemoveRootComponents" />
    </UnitTest>
    <UnitTest name="Microsoft.AspNetCore.Components.Test.RendererTest.BindWithAfter" storage="/home/runner/work/aspnetcore/aspnetcore/artifacts/bin/microsoft.aspnetcore.components.tests/debug/net10.0/microsoft.aspnetcore.components.tests.dll" id="1e7170e4-ab6a-5b56-5e8c-459d5697bd4d">
      <Execution id="5af07f36-93ea-4483-bc60-3968a6a17033" />
      <TestMethod codeBase="/home/runner/work/aspnetcore/aspnetcore/artifacts/bin/Microsoft.AspNetCore.Components.Tests/Debug/net10.0/Microsoft.AspNetCore.Components.Tests.dll" adapterTypeName="executor://xunit/VsTestRunner3/netcore/" className="Microsoft.AspNetCore.Components.Test.RendererTest" name="BindWithAfter" />
    </UnitTest>
    <UnitTest name="Microsoft.AspNetCore.Components.NavigationManagerTest.GetUriWithQueryParameters_ThrowsWhenAnyParameterNameIsEmpty(baseUri: &quot;scheme://host/?existing-param=test&quot;)" storage="/home/runner/work/aspnetcore/aspnetcore/artifacts/bin/microsoft.aspnetcore.components.tests/debug/net10.0/microsoft.aspnetcore.components.tests.dll" id="84ec3794-ad26-9989-2249-c7a407d234d8">
      <Execution id="c98fbc63-9535-4592-b940-a3f63c4be6cb" />
      <TestMethod codeBase="/home/runner/work/aspnetcore/aspnetcore/artifacts/bin/Microsoft.AspNetCore.Components.Tests/Debug/net10.0/Microsoft.AspNetCore.Components.Tests.dll" adapterTypeName="executor://xunit/VsTestRunner3/netcore/" className="Microsoft.AspNetCore.Components.NavigationManagerTest" name="GetUriWithQueryParameters_ThrowsWhenAnyParameterNameIsEmpty" />
    </UnitTest>
    <UnitTest name="Microsoft.AspNetCore.Components.ResourceAssetCollectionTest.ResolvingNoFingerprintedResourcesReturnsSameUrl" storage="/home/runner/work/aspnetcore/aspnetcore/artifacts/bin/microsoft.aspnetcore.components.tests/debug/net10.0/microsoft.aspnetcore.components.tests.dll" id="f98074d2-3b8b-29f1-c246-0726c93127e7">
      <Execution id="93d4487e-cd5c-415f-9939-988924c6232b" />
      <TestMethod codeBase="/home/runner/work/aspnetcore/aspnetcore/artifacts/bin/Microsoft.AspNetCore.Components.Tests/Debug/net10.0/Microsoft.AspNetCore.Components.Tests.dll" adapterTypeName="executor://xunit/VsTestRunner3/netcore/" className="Microsoft.AspNetCore.Components.ResourceAssetCollectionTest" name="ResolvingNoFingerprintedResourcesReturnsSameUrl" />
    </UnitTest>
    <UnitTest name="Microsoft.AspNetCore.Components.Test.RendererTest.ExceptionsThrownAsynchronouslyAfterFirstRenderCanBeHandled" storage="/home/runner/work/aspnetcore/aspnetcore/artifacts/bin/microsoft.aspnetcore.components.tests/debug/net10.0/microsoft.aspnetcore.components.tests.dll" id="db96f8a4-33f9-e292-2d82-aa435d5e7060">
      <Execution id="32f8fb7b-3477-4c68-bfa4-dd1939155ae6" />
      <TestMethod codeBase="/home/runner/work/aspnetcore/aspnetcore/artifacts/bin/Microsoft.AspNetCore.Components.Tests/Debug/net10.0/Microsoft.AspNetCore.Components.Tests.dll" adapterTypeName="executor://xunit/VsTestRunner3/netcore/" className="Microsoft.AspNetCore.Components.Test.RendererTest" name="ExceptionsThrownAsynchronouslyAfterFirstRenderCanBeHandled" />
    </UnitTest>
    <UnitTest name="Microsoft.AspNetCore.Components.Test.RenderTreeDiffBuilderTest.QueuesRemovedChildComponentsForDisposal" storage="/home/runner/work/aspnetcore/aspnetcore/artifacts/bin/microsoft.aspnetcore.components.tests/debug/net10.0/microsoft.aspnetcore.components.tests.dll" id="d30029b3-462f-1a3d-d6b9-688bd70870b2">
      <Execution id="6e871761-a8d9-4f9d-9335-af4565b478e3" />
      <TestMethod codeBase="/home/runner/work/aspnetcore/aspnetcore/artifacts/bin/Microsoft.AspNetCore.Components.Tests/Debug/net10.0/Microsoft.AspNetCore.Components.Tests.dll" adapterTypeName="executor://xunit/VsTestRunner3/netcore/" className="Microsoft.AspNetCore.Components.Test.RenderTreeDiffBuilderTest" name="QueuesRemovedChildComponentsForDisposal" />
    </UnitTest>
    <UnitTest name="Microsoft.AspNetCore.Components.EventCallbackFactoryTest.CreateT_ActionT_DifferentReceiver" storage="/home/runner/work/aspnetcore/aspnetcore/artifacts/bin/microsoft.aspnetcore.components.tests/debug/net10.0/microsoft.aspnetcore.components.tests.dll" id="27e27187-cc17-5818-666a-779ac7a9cd40">
      <Execution id="50c53783-2f04-4cdb-91c5-e3cfd523b09f" />
      <TestMethod codeBase="/home/runner/work/aspnetcore/aspnetcore/artifacts/bin/Microsoft.AspNetCore.Components.Tests/Debug/net10.0/Microsoft.AspNetCore.Components.Tests.dll" adapterTypeName="executor://xunit/VsTestRunner3/netcore/" className="Microsoft.AspNetCore.Components.EventCallbackFactoryTest" name="CreateT_ActionT_DifferentReceiver" />
    </UnitTest>
    <UnitTest name="Microsoft.AspNetCore.Components.NavigationManagerTest.LocationChangingAsync_Throws_WithoutHandleLocationChangingHandlerOverride_WhenALocationChangingHandlerThrows_WhenOneHandlerIsRegistered" storage="/home/runner/work/aspnetcore/aspnetcore/artifacts/bin/microsoft.aspnetcore.components.tests/debug/net10.0/microsoft.aspnetcore.components.tests.dll" id="256ec8ee-676d-65e9-5648-6e3012d32600">
      <Execution id="153d94f2-1a9d-4a9a-877f-21e4cf454f4d" />
      <TestMethod codeBase="/home/runner/work/aspnetcore/aspnetcore/artifacts/bin/Microsoft.AspNetCore.Components.Tests/Debug/net10.0/Microsoft.AspNetCore.Components.Tests.dll" adapterTypeName="executor://xunit/VsTestRunner3/netcore/" className="Microsoft.AspNetCore.Components.NavigationManagerTest" name="LocationChangingAsync_Throws_WithoutHandleLocationChangingHandlerOverride_WhenALocationChangingHandlerThrows_WhenOneHandlerIsRegistered" />
    </UnitTest>
    <UnitTest name="Microsoft.AspNetCore.Components.ComponentStatePersistenceManagerTest.PersistStateAsync_ContinuesInvokingPauseCallbacksDuringPersistIfACallbackThrowsAsynchonously" storage="/home/runner/work/aspnetcore/aspnetcore/artifacts/bin/microsoft.aspnetcore.components.tests/debug/net10.0/microsoft.aspnetcore.components.tests.dll" id="6fc22d5b-0137-2783-ba4a-fc20626fe068">
      <Execution id="76b58769-caa0-422a-809f-49c4c8fe72a6" />
      <TestMethod codeBase="/home/runner/work/aspnetcore/aspnetcore/artifacts/bin/Microsoft.AspNetCore.Components.Tests/Debug/net10.0/Microsoft.AspNetCore.Components.Tests.dll" adapterTypeName="executor://xunit/VsTestRunner3/netcore/" className="Microsoft.AspNetCore.Components.ComponentStatePersistenceManagerTest" name="PersistStateAsync_ContinuesInvokingPauseCallbacksDuringPersistIfACallbackThrowsAsynchonously" />
    </UnitTest>
    <UnitTest name="Microsoft.AspNetCore.Components.Test.RendererTest.CanAsyncDispatchEventsToNestedComponents" storage="/home/runner/work/aspnetcore/aspnetcore/artifacts/bin/microsoft.aspnetcore.components.tests/debug/net10.0/microsoft.aspnetcore.components.tests.dll" id="caa7d380-0133-5adc-94ca-95a6401a066d">
      <Execution id="14d41900-d2dd-46ca-851c-ae105081083a" />
      <TestMethod codeBase="/home/runner/work/aspnetcore/aspnetcore/artifacts/bin/Microsoft.AspNetCore.Components.Tests/Debug/net10.0/Microsoft.AspNetCore.Components.Tests.dll" adapterTypeName="executor://xunit/VsTestRunner3/netcore/" className="Microsoft.AspNetCore.Components.Test.RendererTest" name="CanAsyncDispatchEventsToNestedComponents" />
    </UnitTest>
    <UnitTest name="Microsoft.AspNetCore.Components.Rendering.RendererSynchronizationContextTest.Post_CanRunAsynchronously_WhenBusy_Exception" storage="/home/runner/work/aspnetcore/aspnetcore/artifacts/bin/microsoft.aspnetcore.components.tests/debug/net10.0/microsoft.aspnetcore.components.tests.dll" id="e54af17f-d257-2ba5-75be-655bc07b8cf2">
      <Execution id="db5ba594-b2e3-4876-9e0e-c842d4489afe" />
      <TestMethod codeBase="/home/runner/work/aspnetcore/aspnetcore/artifacts/bin/Microsoft.AspNetCore.Components.Tests/Debug/net10.0/Microsoft.AspNetCore.Components.Tests.dll" adapterTypeName="executor://xunit/VsTestRunner3/netcore/" className="Microsoft.AspNetCore.Components.Rendering.RendererSynchronizationContextTest" name="Post_CanRunAsynchronously_WhenBusy_Exception" />
    </UnitTest>
    <UnitTest name="Microsoft.AspNetCore.Components.Test.CascadingParameterTest.CanUseTryAddPatternForCascadingValuesInServiceCollection_NamedValueFactory" storage="/home/runner/work/aspnetcore/aspnetcore/artifacts/bin/microsoft.aspnetcore.components.tests/debug/net10.0/microsoft.aspnetcore.components.tests.dll" id="7cca54b3-329a-711d-4174-4576115c7e55">
      <Execution id="c63ffbf0-fe0f-4f9a-9445-199dafa1e13d" />
      <TestMethod codeBase="/home/runner/work/aspnetcore/aspnetcore/artifacts/bin/Microsoft.AspNetCore.Components.Tests/Debug/net10.0/Microsoft.AspNetCore.Components.Tests.dll" adapterTypeName="executor://xunit/VsTestRunner3/netcore/" className="Microsoft.AspNetCore.Components.Test.CascadingParameterTest" name="CanUseTryAddPatternForCascadingValuesInServiceCollection_NamedValueFactory" />
    </UnitTest>
    <UnitTest name="Microsoft.AspNetCore.Components.Rendering.RenderTreeBuilderTest.AddAttribute_Component_ObjectEventCallback_AddsFrame" storage="/home/runner/work/aspnetcore/aspnetcore/artifacts/bin/microsoft.aspnetcore.components.tests/debug/net10.0/microsoft.aspnetcore.components.tests.dll" id="43d4320b-e5b8-c712-f626-0c1dbfa7b3d2">
      <Execution id="f7bb2939-14f8-4436-b7de-d47f71b9a291" />
      <TestMethod codeBase="/home/runner/work/aspnetcore/aspnetcore/artifacts/bin/Microsoft.AspNetCore.Components.Tests/Debug/net10.0/Microsoft.AspNetCore.Components.Tests.dll" adapterTypeName="executor://xunit/VsTestRunner3/netcore/" className="Microsoft.AspNetCore.Components.Rendering.RenderTreeBuilderTest" name="AddAttribute_Component_ObjectEventCallback_AddsFrame" />
    </UnitTest>
    <UnitTest name="Microsoft.AspNetCore.Components.Test.RendererTest.SetParametersAsyncExceptionsCanBeHandledByClosestErrorBoundary_Async" storage="/home/runner/work/aspnetcore/aspnetcore/artifacts/bin/microsoft.aspnetcore.components.tests/debug/net10.0/microsoft.aspnetcore.components.tests.dll" id="04eaae18-b0fd-9865-13a1-eec2c40b7d89">
      <Execution id="0056f515-9498-405a-bf8f-47967dc76559" />
      <TestMethod codeBase="/home/runner/work/aspnetcore/aspnetcore/artifacts/bin/Microsoft.AspNetCore.Components.Tests/Debug/net10.0/Microsoft.AspNetCore.Components.Tests.dll" adapterTypeName="executor://xunit/VsTestRunner3/netcore/" className="Microsoft.AspNetCore.Components.Test.RendererTest" name="SetParametersAsyncExceptionsCanBeHandledByClosestErrorBoundary_Async" />
    </UnitTest>
    <UnitTest name="Microsoft.AspNetCore.Components.RenderTree.ArrayBuilderTest.AppendArray_LargerThanBuffer(size: 1025)" storage="/home/runner/work/aspnetcore/aspnetcore/artifacts/bin/microsoft.aspnetcore.components.tests/debug/net10.0/microsoft.aspnetcore.components.tests.dll" id="5cbb49db-c4c4-d869-7712-02a4cb98a9c5">
      <Execution id="83151995-258c-4dae-ad18-6ff6fb78a5c2" />
      <TestMethod codeBase="/home/runner/work/aspnetcore/aspnetcore/artifacts/bin/Microsoft.AspNetCore.Components.Tests/Debug/net10.0/Microsoft.AspNetCore.Components.Tests.dll" adapterTypeName="executor://xunit/VsTestRunner3/netcore/" className="Microsoft.AspNetCore.Components.RenderTree.ArrayBuilderTest" name="AppendArray_LargerThanBuffer" />
    </UnitTest>
    <UnitTest name="Microsoft.AspNetCore.Components.Test.RendererTest.CanCombineBindAndConditionalAttribute" storage="/home/runner/work/aspnetcore/aspnetcore/artifacts/bin/microsoft.aspnetcore.components.tests/debug/net10.0/microsoft.aspnetcore.components.tests.dll" id="d8bd6005-c7ea-3a5c-6ae9-8ad87ec9e0e1">
      <Execution id="24ca88ac-42fa-4ea9-ba8a-b257e663dfd3" />
      <TestMethod codeBase="/home/runner/work/aspnetcore/aspnetcore/artifacts/bin/Microsoft.AspNetCore.Components.Tests/Debug/net10.0/Microsoft.AspNetCore.Components.Tests.dll" adapterTypeName="executor://xunit/VsTestRunner3/netcore/" className="Microsoft.AspNetCore.Components.Test.RendererTest" name="CanCombineBindAndConditionalAttribute" />
    </UnitTest>
    <UnitTest name="Microsoft.AspNetCore.Components.Routing.RouteTableFactoryTests.CanCacheRouteTableWithDifferentAssembliesAndOrder" storage="/home/runner/work/aspnetcore/aspnetcore/artifacts/bin/microsoft.aspnetcore.components.tests/debug/net10.0/microsoft.aspnetcore.components.tests.dll" id="bdd242b8-9361-9f1d-34eb-3d7ce4ce4af5">
      <Execution id="aff00cea-2b43-4932-860a-12280c435408" />
      <TestMethod codeBase="/home/runner/work/aspnetcore/aspnetcore/artifacts/bin/Microsoft.AspNetCore.Components.Tests/Debug/net10.0/Microsoft.AspNetCore.Components.Tests.dll" adapterTypeName="executor://xunit/VsTestRunner3/netcore/" className="Microsoft.AspNetCore.Components.Routing.RouteTableFactoryTests" name="CanCacheRouteTableWithDifferentAssembliesAndOrder" />
    </UnitTest>
    <UnitTest name="Microsoft.AspNetCore.Components.Rendering.RenderTreeBuilderTest.AddAttribute_Component_ObjectAction_SetsAttributeValue" storage="/home/runner/work/aspnetcore/aspnetcore/artifacts/bin/microsoft.aspnetcore.components.tests/debug/net10.0/microsoft.aspnetcore.components.tests.dll" id="216e9fac-e2de-b0ba-3476-e578302ac035">
      <Execution id="3efd8b1c-0c98-4558-aef3-539fc37ffc18" />
      <TestMethod codeBase="/home/runner/work/aspnetcore/aspnetcore/artifacts/bin/Microsoft.AspNetCore.Components.Tests/Debug/net10.0/Microsoft.AspNetCore.Components.Tests.dll" adapterTypeName="executor://xunit/VsTestRunner3/netcore/" className="Microsoft.AspNetCore.Components.Rendering.RenderTreeBuilderTest" name="AddAttribute_Component_ObjectAction_SetsAttributeValue" />
    </UnitTest>
    <UnitTest name="Microsoft.AspNetCore.Components.EventCallbackTest.EventCallback_Default" storage="/home/runner/work/aspnetcore/aspnetcore/artifacts/bin/microsoft.aspnetcore.components.tests/debug/net10.0/microsoft.aspnetcore.components.tests.dll" id="fed95506-dc57-5bbb-71e8-49b7176ef9e2">
      <Execution id="1043337f-d1ba-485f-8bf1-fc077683c98c" />
      <TestMethod codeBase="/home/runner/work/aspnetcore/aspnetcore/artifacts/bin/Microsoft.AspNetCore.Components.Tests/Debug/net10.0/Microsoft.AspNetCore.Components.Tests.dll" adapterTypeName="executor://xunit/VsTestRunner3/netcore/" className="Microsoft.AspNetCore.Components.EventCallbackTest" name="EventCallback_Default" />
    </UnitTest>
    <UnitTest name="Microsoft.AspNetCore.Components.ParameterViewTest.Clone_ParameterViewSingleParameter" storage="/home/runner/work/aspnetcore/aspnetcore/artifacts/bin/microsoft.aspnetcore.components.tests/debug/net10.0/microsoft.aspnetcore.components.tests.dll" id="740fced9-6282-38dd-0fc6-8b3e84e84d39">
      <Execution id="47768485-ede1-4ce2-8bf3-2a2195f91650" />
      <TestMethod codeBase="/home/runner/work/aspnetcore/aspnetcore/artifacts/bin/Microsoft.AspNetCore.Components.Tests/Debug/net10.0/Microsoft.AspNetCore.Components.Tests.dll" adapterTypeName="executor://xunit/VsTestRunner3/netcore/" className="Microsoft.AspNetCore.Components.ParameterViewTest" name="Clone_ParameterViewSingleParameter" />
    </UnitTest>
    <UnitTest name="Microsoft.AspNetCore.Components.ComponentsMetricsTest.CaptureBatchDuration_RecordsSuccessMetric" storage="/home/runner/work/aspnetcore/aspnetcore/artifacts/bin/microsoft.aspnetcore.components.tests/debug/net10.0/microsoft.aspnetcore.components.tests.dll" id="6a79e669-6653-7cf7-75e0-3215fd55990d">
      <Execution id="11e439df-a39e-4a48-a862-4784d42319c2" />
      <TestMethod codeBase="/home/runner/work/aspnetcore/aspnetcore/artifacts/bin/Microsoft.AspNetCore.Components.Tests/Debug/net10.0/Microsoft.AspNetCore.Components.Tests.dll" adapterTypeName="executor://xunit/VsTestRunner3/netcore/" className="Microsoft.AspNetCore.Components.ComponentsMetricsTest" name="CaptureBatchDuration_RecordsSuccessMetric" />
    </UnitTest>
    <UnitTest name="Microsoft.AspNetCore.Components.ComponentStatePersistenceManagerTest.RestoreStateAsync_InitializesStateWithDataFromTheProvidedStore" storage="/home/runner/work/aspnetcore/aspnetcore/artifacts/bin/microsoft.aspnetcore.components.tests/debug/net10.0/microsoft.aspnetcore.components.tests.dll" id="d46e0468-1201-0469-5c1b-100cd08bac8c">
      <Execution id="1fb08d90-a711-4d01-8e23-10227c244e72" />
      <TestMethod codeBase="/home/runner/work/aspnetcore/aspnetcore/artifacts/bin/Microsoft.AspNetCore.Components.Tests/Debug/net10.0/Microsoft.AspNetCore.Components.Tests.dll" adapterTypeName="executor://xunit/VsTestRunner3/netcore/" className="Microsoft.AspNetCore.Components.ComponentStatePersistenceManagerTest" name="RestoreStateAsync_InitializesStateWithDataFromTheProvidedStore" />
    </UnitTest>
    <UnitTest name="Microsoft.AspNetCore.Components.Rendering.RendererSynchronizationContextTest.Post_RunsAsynchronously_WhenNotBusy_Exception" storage="/home/runner/work/aspnetcore/aspnetcore/artifacts/bin/microsoft.aspnetcore.components.tests/debug/net10.0/microsoft.aspnetcore.components.tests.dll" id="f5ee6b16-d267-6647-62b4-d9aca7c20b91">
      <Execution id="52f0e192-8405-4427-8304-af719f37b5f9" />
      <TestMethod codeBase="/home/runner/work/aspnetcore/aspnetcore/artifacts/bin/Microsoft.AspNetCore.Components.Tests/Debug/net10.0/Microsoft.AspNetCore.Components.Tests.dll" adapterTypeName="executor://xunit/VsTestRunner3/netcore/" className="Microsoft.AspNetCore.Components.Rendering.RendererSynchronizationContextTest" name="Post_RunsAsynchronously_WhenNotBusy_Exception" />
    </UnitTest>
    <UnitTest name="Microsoft.AspNetCore.Components.Test.RendererTest.RenderBatchIncludesListOfDisposedComponents" storage="/home/runner/work/aspnetcore/aspnetcore/artifacts/bin/microsoft.aspnetcore.components.tests/debug/net10.0/microsoft.aspnetcore.components.tests.dll" id="5d46a66c-72c0-889f-687a-d6d75134e2dc">
      <Execution id="97ba739b-c0d5-4350-8b13-b29a1d2ca015" />
      <TestMethod codeBase="/home/runner/work/aspnetcore/aspnetcore/artifacts/bin/Microsoft.AspNetCore.Components.Tests/Debug/net10.0/Microsoft.AspNetCore.Components.Tests.dll" adapterTypeName="executor://xunit/VsTestRunner3/netcore/" className="Microsoft.AspNetCore.Components.Test.RendererTest" name="RenderBatchIncludesListOfDisposedComponents" />
    </UnitTest>
    <UnitTest name="Microsoft.AspNetCore.Components.Rendering.RenderTreeBuilderTest.AddComponentParameter_Component_StringValue_SetsAttributeValue(value: &quot;hi&quot;)" storage="/home/runner/work/aspnetcore/aspnetcore/artifacts/bin/microsoft.aspnetcore.components.tests/debug/net10.0/microsoft.aspnetcore.components.tests.dll" id="051aaff0-22b3-136f-4c85-bc2d468f4f56">
      <Execution id="5d8e319a-123f-402d-be5b-ed242f4b476b" />
      <TestMethod codeBase="/home/runner/work/aspnetcore/aspnetcore/artifacts/bin/Microsoft.AspNetCore.Components.Tests/Debug/net10.0/Microsoft.AspNetCore.Components.Tests.dll" adapterTypeName="executor://xunit/VsTestRunner3/netcore/" className="Microsoft.AspNetCore.Components.Rendering.RenderTreeBuilderTest" name="AddComponentParameter_Component_StringValue_SetsAttributeValue" />
    </UnitTest>
    <UnitTest name="Microsoft.AspNetCore.Components.RenderTree.ArrayBuilderTest.RemoveLast_Works" storage="/home/runner/work/aspnetcore/aspnetcore/artifacts/bin/microsoft.aspnetcore.components.tests/debug/net10.0/microsoft.aspnetcore.components.tests.dll" id="4b2f3ef2-7fb2-5a93-2514-233028be4ddc">
      <Execution id="197d3128-ba7a-4d89-9026-42deed174134" />
      <TestMethod codeBase="/home/runner/work/aspnetcore/aspnetcore/artifacts/bin/Microsoft.AspNetCore.Components.Tests/Debug/net10.0/Microsoft.AspNetCore.Components.Tests.dll" adapterTypeName="executor://xunit/VsTestRunner3/netcore/" className="Microsoft.AspNetCore.Components.RenderTree.ArrayBuilderTest" name="RemoveLast_Works" />
    </UnitTest>
    <UnitTest name="Microsoft.AspNetCore.Components.PersistentState.PersistentServicesRegistryTest.PersistStateAsync_DoesNotThrowIfServiceNotResolvedDuringRestore" storage="/home/runner/work/aspnetcore/aspnetcore/artifacts/bin/microsoft.aspnetcore.components.tests/debug/net10.0/microsoft.aspnetcore.components.tests.dll" id="78f88ff1-724e-29cc-05ae-f2636c45d0b3">
      <Execution id="a38f0394-0fe6-48f2-b87c-23293dbf78cd" />
      <TestMethod codeBase="/home/runner/work/aspnetcore/aspnetcore/artifacts/bin/Microsoft.AspNetCore.Components.Tests/Debug/net10.0/Microsoft.AspNetCore.Components.Tests.dll" adapterTypeName="executor://xunit/VsTestRunner3/netcore/" className="Microsoft.AspNetCore.Components.PersistentState.PersistentServicesRegistryTest" name="PersistStateAsync_DoesNotThrowIfServiceNotResolvedDuringRestore" />
    </UnitTest>
    <UnitTest name="Microsoft.AspNetCore.Components.ComponentsActivitySourceTest.FailEventActivity_SetsErrorStatusAndStopsActivity" storage="/home/runner/work/aspnetcore/aspnetcore/artifacts/bin/microsoft.aspnetcore.components.tests/debug/net10.0/microsoft.aspnetcore.components.tests.dll" id="e50fc764-e8ce-3541-33fd-735f1c8b313f">
      <Execution id="2325c8f9-cec7-442d-8a80-7120988b1c07" />
      <TestMethod codeBase="/home/runner/work/aspnetcore/aspnetcore/artifacts/bin/Microsoft.AspNetCore.Components.Tests/Debug/net10.0/Microsoft.AspNetCore.Components.Tests.dll" adapterTypeName="executor://xunit/VsTestRunner3/netcore/" className="Microsoft.AspNetCore.Components.ComponentsActivitySourceTest" name="FailEventActivity_SetsErrorStatusAndStopsActivity" />
    </UnitTest>
    <UnitTest name="Microsoft.AspNetCore.Components.Rendering.RenderTreeBuilderTest.AddAttribute_Element_EventCallbackWithReceiverOfT_AddsFrame" storage="/home/runner/work/aspnetcore/aspnetcore/artifacts/bin/microsoft.aspnetcore.components.tests/debug/net10.0/microsoft.aspnetcore.components.tests.dll" id="80702847-7610-090e-ea03-2730d2b1ccc6">
      <Execution id="b30b9a92-62d5-42fe-b594-724197bec7f3" />
      <TestMethod codeBase="/home/runner/work/aspnetcore/aspnetcore/artifacts/bin/Microsoft.AspNetCore.Components.Tests/Debug/net10.0/Microsoft.AspNetCore.Components.Tests.dll" adapterTypeName="executor://xunit/VsTestRunner3/netcore/" className="Microsoft.AspNetCore.Components.Rendering.RenderTreeBuilderTest" name="AddAttribute_Element_EventCallbackWithReceiverOfT_AddsFrame" />
    </UnitTest>
    <UnitTest name="Microsoft.AspNetCore.Components.ParameterViewTest.CanTryGetNonExistingValue" storage="/home/runner/work/aspnetcore/aspnetcore/artifacts/bin/microsoft.aspnetcore.components.tests/debug/net10.0/microsoft.aspnetcore.components.tests.dll" id="5797148e-1243-f07f-740f-e334ef9d064d">
      <Execution id="401994e4-f6bb-43c6-a56c-20a6058e5cc8" />
      <TestMethod codeBase="/home/runner/work/aspnetcore/aspnetcore/artifacts/bin/Microsoft.AspNetCore.Components.Tests/Debug/net10.0/Microsoft.AspNetCore.Components.Tests.dll" adapterTypeName="executor://xunit/VsTestRunner3/netcore/" className="Microsoft.AspNetCore.Components.ParameterViewTest" name="CanTryGetNonExistingValue" />
    </UnitTest>
    <UnitTest name="Microsoft.AspNetCore.Components.Routing.RouteTableFactoryTests.ThrowsWhenCatchAllIsNotTheLastSegment(template: &quot;{*catchall}/{parameter?}&quot;)" storage="/home/runner/work/aspnetcore/aspnetcore/artifacts/bin/microsoft.aspnetcore.components.tests/debug/net10.0/microsoft.aspnetcore.components.tests.dll" id="b65d77de-a8df-0e3b-cf09-5e3d22c2cb8f">
      <Execution id="81ad0972-d71a-48c2-b3a8-270c6c76cc85" />
      <TestMethod codeBase="/home/runner/work/aspnetcore/aspnetcore/artifacts/bin/Microsoft.AspNetCore.Components.Tests/Debug/net10.0/Microsoft.AspNetCore.Components.Tests.dll" adapterTypeName="executor://xunit/VsTestRunner3/netcore/" className="Microsoft.AspNetCore.Components.Routing.RouteTableFactoryTests" name="ThrowsWhenCatchAllIsNotTheLastSegment" />
    </UnitTest>
    <UnitTest name="Microsoft.AspNetCore.Components.Routing.RouteTableFactoryTests.DoesNotMatchIfDifferentNumberOfSegments(path: &quot;/some&quot;)" storage="/home/runner/work/aspnetcore/aspnetcore/artifacts/bin/microsoft.aspnetcore.components.tests/debug/net10.0/microsoft.aspnetcore.components.tests.dll" id="d460b2f2-436c-207f-5459-a69c88d875e5">
      <Execution id="8aba088a-e2a9-4aab-93b3-2be7b775c089" />
      <TestMethod codeBase="/home/runner/work/aspnetcore/aspnetcore/artifacts/bin/Microsoft.AspNetCore.Components.Tests/Debug/net10.0/Microsoft.AspNetCore.Components.Tests.dll" adapterTypeName="executor://xunit/VsTestRunner3/netcore/" className="Microsoft.AspNetCore.Components.Routing.RouteTableFactoryTests" name="DoesNotMatchIfDifferentNumberOfSegments" />
    </UnitTest>
    <UnitTest name="Microsoft.AspNetCore.Components.Routing.RouterTest.RefreshesOnceOnCancelledOnNavigateAsync" storage="/home/runner/work/aspnetcore/aspnetcore/artifacts/bin/microsoft.aspnetcore.components.tests/debug/net10.0/microsoft.aspnetcore.components.tests.dll" id="f9ae0af0-1dbd-c575-0c28-ae297b2d1130">
      <Execution id="69afe35f-9ed1-4d9e-86f4-aa430a928d61" />
      <TestMethod codeBase="/home/runner/work/aspnetcore/aspnetcore/artifacts/bin/Microsoft.AspNetCore.Components.Tests/Debug/net10.0/Microsoft.AspNetCore.Components.Tests.dll" adapterTypeName="executor://xunit/VsTestRunner3/netcore/" className="Microsoft.AspNetCore.Components.Routing.RouterTest" name="RefreshesOnceOnCancelledOnNavigateAsync" />
    </UnitTest>
    <UnitTest name="Microsoft.AspNetCore.Components.Rendering.RenderTreeBuilderTest.AddAttribute_Element_EventCallback_Default_DoesNotAddFrame" storage="/home/runner/work/aspnetcore/aspnetcore/artifacts/bin/microsoft.aspnetcore.components.tests/debug/net10.0/microsoft.aspnetcore.components.tests.dll" id="5081e9cb-18c7-f07d-eb95-d4dd34601f87">
      <Execution id="9d6f315b-1d83-4e72-a782-7d295b9ad780" />
      <TestMethod codeBase="/home/runner/work/aspnetcore/aspnetcore/artifacts/bin/Microsoft.AspNetCore.Components.Tests/Debug/net10.0/Microsoft.AspNetCore.Components.Tests.dll" adapterTypeName="executor://xunit/VsTestRunner3/netcore/" className="Microsoft.AspNetCore.Components.Rendering.RenderTreeBuilderTest" name="AddAttribute_Element_EventCallback_Default_DoesNotAddFrame" />
    </UnitTest>
    <UnitTest name="Microsoft.AspNetCore.Components.Test.RenderTreeDiffBuilderTest.HandlesKeyBeingRemoved" storage="/home/runner/work/aspnetcore/aspnetcore/artifacts/bin/microsoft.aspnetcore.components.tests/debug/net10.0/microsoft.aspnetcore.components.tests.dll" id="aad7b082-ad36-2151-bf4b-62d03ef63fe9">
      <Execution id="47d31286-b0de-42bc-94bb-62b8802af479" />
      <TestMethod codeBase="/home/runner/work/aspnetcore/aspnetcore/artifacts/bin/Microsoft.AspNetCore.Components.Tests/Debug/net10.0/Microsoft.AspNetCore.Components.Tests.dll" adapterTypeName="executor://xunit/VsTestRunner3/netcore/" className="Microsoft.AspNetCore.Components.Test.RenderTreeDiffBuilderTest" name="HandlesKeyBeingRemoved" />
    </UnitTest>
    <UnitTest name="Microsoft.AspNetCore.Components.ParameterViewTest.EnumerationIncludesCascadingParameters" storage="/home/runner/work/aspnetcore/aspnetcore/artifacts/bin/microsoft.aspnetcore.components.tests/debug/net10.0/microsoft.aspnetcore.components.tests.dll" id="88fde139-dea0-187e-d5da-5bf77e5c9fc2">
      <Execution id="523c8ddf-cd24-4021-b159-8ae2094393be" />
      <TestMethod codeBase="/home/runner/work/aspnetcore/aspnetcore/artifacts/bin/Microsoft.AspNetCore.Components.Tests/Debug/net10.0/Microsoft.AspNetCore.Components.Tests.dll" adapterTypeName="executor://xunit/VsTestRunner3/netcore/" className="Microsoft.AspNetCore.Components.ParameterViewTest" name="EnumerationIncludesCascadingParameters" />
    </UnitTest>
    <UnitTest name="Microsoft.AspNetCore.Components.CascadingParameterStateTest.FindCascadingParameters_WithoutSingleDelivery" storage="/home/runner/work/aspnetcore/aspnetcore/artifacts/bin/microsoft.aspnetcore.components.tests/debug/net10.0/microsoft.aspnetcore.components.tests.dll" id="0acf8eb4-34bd-388a-8ec8-b0b295cebea3">
      <Execution id="9293d793-ffa1-4687-8b33-1f79defd4f1a" />
      <TestMethod codeBase="/home/runner/work/aspnetcore/aspnetcore/artifacts/bin/Microsoft.AspNetCore.Components.Tests/Debug/net10.0/Microsoft.AspNetCore.Components.Tests.dll" adapterTypeName="executor://xunit/VsTestRunner3/netcore/" className="Microsoft.AspNetCore.Components.CascadingParameterStateTest" name="FindCascadingParameters_WithoutSingleDelivery" />
    </UnitTest>
    <UnitTest name="Microsoft.AspNetCore.Components.Test.RendererTest.CanRenderTopLevelComponents" storage="/home/runner/work/aspnetcore/aspnetcore/artifacts/bin/microsoft.aspnetcore.components.tests/debug/net10.0/microsoft.aspnetcore.components.tests.dll" id="2ee445b8-95a6-d091-7813-4c4e8610a0c0">
      <Execution id="1483712a-2585-407e-9aa9-9c2ad2b13b23" />
      <TestMethod codeBase="/home/runner/work/aspnetcore/aspnetcore/artifacts/bin/Microsoft.AspNetCore.Components.Tests/Debug/net10.0/Microsoft.AspNetCore.Components.Tests.dll" adapterTypeName="executor://xunit/VsTestRunner3/netcore/" className="Microsoft.AspNetCore.Components.Test.RendererTest" name="CanRenderTopLevelComponents" />
    </UnitTest>
    <UnitTest name="Microsoft.AspNetCore.Components.Routing.RoutePatternParserTests.InvalidTemplate_CatchAllParamWithIncorrectPlacedAsterisks(template: &quot;/test/{a}/{**b*c}&quot;, lastParameter: &quot;b*c&quot;)" storage="/home/runner/work/aspnetcore/aspnetcore/artifacts/bin/microsoft.aspnetcore.components.tests/debug/net10.0/microsoft.aspnetcore.components.tests.dll" id="f9014d6b-492a-bdb0-448e-f3a653852198">
      <Execution id="68c263b9-5ab0-4e93-87ee-0b33ff9b8d80" />
      <TestMethod codeBase="/home/runner/work/aspnetcore/aspnetcore/artifacts/bin/Microsoft.AspNetCore.Components.Tests/Debug/net10.0/Microsoft.AspNetCore.Components.Tests.dll" adapterTypeName="executor://xunit/VsTestRunner3/netcore/" className="Microsoft.AspNetCore.Components.Routing.RoutePatternParserTests" name="InvalidTemplate_CatchAllParamWithIncorrectPlacedAsterisks" />
    </UnitTest>
    <UnitTest name="Microsoft.AspNetCore.Components.Rendering.RenderTreeBuilderTest.AddAttribute_Element_EventHandler_AddsFrame" storage="/home/runner/work/aspnetcore/aspnetcore/artifacts/bin/microsoft.aspnetcore.components.tests/debug/net10.0/microsoft.aspnetcore.components.tests.dll" id="e1829039-99f0-2782-3ae5-d5309f340c4f">
      <Execution id="09490159-ad01-4332-834c-fa826e61efce" />
      <TestMethod codeBase="/home/runner/work/aspnetcore/aspnetcore/artifacts/bin/Microsoft.AspNetCore.Components.Tests/Debug/net10.0/Microsoft.AspNetCore.Components.Tests.dll" adapterTypeName="executor://xunit/VsTestRunner3/netcore/" className="Microsoft.AspNetCore.Components.Rendering.RenderTreeBuilderTest" name="AddAttribute_Element_EventHandler_AddsFrame" />
    </UnitTest>
    <UnitTest name="Microsoft.AspNetCore.Components.Rendering.RenderTreeBuilderTest.CannotAddParametersAfterComponentRenderMode" storage="/home/runner/work/aspnetcore/aspnetcore/artifacts/bin/microsoft.aspnetcore.components.tests/debug/net10.0/microsoft.aspnetcore.components.tests.dll" id="97c8ceb2-b49a-96d7-160c-1cda13537619">
      <Execution id="cdbd845c-a3ed-484e-a663-df4d27fc0b94" />
      <TestMethod codeBase="/home/runner/work/aspnetcore/aspnetcore/artifacts/bin/Microsoft.AspNetCore.Components.Tests/Debug/net10.0/Microsoft.AspNetCore.Components.Tests.dll" adapterTypeName="executor://xunit/VsTestRunner3/netcore/" className="Microsoft.AspNetCore.Components.Rendering.RenderTreeBuilderTest" name="CannotAddParametersAfterComponentRenderMode" />
    </UnitTest>
    <UnitTest name="Microsoft.AspNetCore.Components.PersistentStateValueProviderTests.CanRestoreState_ForComponentWithProperties" storage="/home/runner/work/aspnetcore/aspnetcore/artifacts/bin/microsoft.aspnetcore.components.tests/debug/net10.0/microsoft.aspnetcore.components.tests.dll" id="d117847d-2ca9-7205-ef26-894d049eebf6">
      <Execution id="078c94f3-8546-4ae6-b867-dfe9d3c1e7f9" />
      <TestMethod codeBase="/home/runner/work/aspnetcore/aspnetcore/artifacts/bin/Microsoft.AspNetCore.Components.Tests/Debug/net10.0/Microsoft.AspNetCore.Components.Tests.dll" adapterTypeName="executor://xunit/VsTestRunner3/netcore/" className="Microsoft.AspNetCore.Components.PersistentStateValueProviderTests" name="CanRestoreState_ForComponentWithProperties" />
    </UnitTest>
    <UnitTest name="Microsoft.AspNetCore.Components.Test.RenderTreeUpdaterTest.ExpandsAllAncestorsWhenAddingAttribute" storage="/home/runner/work/aspnetcore/aspnetcore/artifacts/bin/microsoft.aspnetcore.components.tests/debug/net10.0/microsoft.aspnetcore.components.tests.dll" id="b59a8f28-25e5-48e2-28f6-0bbcde1cabde">
      <Execution id="bc15a3c4-c8f8-4ee8-aad8-da31ddbea35e" />
      <TestMethod codeBase="/home/runner/work/aspnetcore/aspnetcore/artifacts/bin/Microsoft.AspNetCore.Components.Tests/Debug/net10.0/Microsoft.AspNetCore.Components.Tests.dll" adapterTypeName="executor://xunit/VsTestRunner3/netcore/" className="Microsoft.AspNetCore.Components.Test.RenderTreeUpdaterTest" name="ExpandsAllAncestorsWhenAddingAttribute" />
    </UnitTest>
    <UnitTest name="Microsoft.AspNetCore.Components.Routing.QueryParameterValueSupplierTest.SuppliesEmptyArrayForArrayTypesIfNotSpecified(query: &quot;?&quot;)" storage="/home/runner/work/aspnetcore/aspnetcore/artifacts/bin/microsoft.aspnetcore.components.tests/debug/net10.0/microsoft.aspnetcore.components.tests.dll" id="9c89cd6d-d0ec-0e61-e3f4-1bacae62a4a6">
      <Execution id="a5479593-0b22-4aa9-9789-130b16b49553" />
      <TestMethod codeBase="/home/runner/work/aspnetcore/aspnetcore/artifacts/bin/Microsoft.AspNetCore.Components.Tests/Debug/net10.0/Microsoft.AspNetCore.Components.Tests.dll" adapterTypeName="executor://xunit/VsTestRunner3/netcore/" className="Microsoft.AspNetCore.Components.Routing.QueryParameterValueSupplierTest" name="SuppliesEmptyArrayForArrayTypesIfNotSpecified" />
    </UnitTest>
    <UnitTest name="Microsoft.AspNetCore.Components.Routing.RouteTableFactoryTests.CanMatchOptionalParameterWithConstraint(template: &quot;/optional/{value:bool?}&quot;, contextUrl: &quot;/optional/&quot;, convertedValue: null)" storage="/home/runner/work/aspnetcore/aspnetcore/artifacts/bin/microsoft.aspnetcore.components.tests/debug/net10.0/microsoft.aspnetcore.components.tests.dll" id="eecf0f81-f633-63ac-6e92-b4d96edd6189">
      <Execution id="145a8aa9-30d6-4d1b-83df-cbb4bfd70800" />
      <TestMethod codeBase="/home/runner/work/aspnetcore/aspnetcore/artifacts/bin/Microsoft.AspNetCore.Components.Tests/Debug/net10.0/Microsoft.AspNetCore.Components.Tests.dll" adapterTypeName="executor://xunit/VsTestRunner3/netcore/" className="Microsoft.AspNetCore.Components.Routing.RouteTableFactoryTests" name="CanMatchOptionalParameterWithConstraint" />
    </UnitTest>
    <UnitTest name="Microsoft.AspNetCore.Components.Rendering.RenderTreeBuilderTest.ClosedEmptyElementsHaveSubtreeLengthOne" storage="/home/runner/work/aspnetcore/aspnetcore/artifacts/bin/microsoft.aspnetcore.components.tests/debug/net10.0/microsoft.aspnetcore.components.tests.dll" id="ee779f3e-7df3-bd8a-7c62-57caa0d24085">
      <Execution id="1bbf340d-7910-402c-9bd8-e0b7c0e49d2f" />
      <TestMethod codeBase="/home/runner/work/aspnetcore/aspnetcore/artifacts/bin/Microsoft.AspNetCore.Components.Tests/Debug/net10.0/Microsoft.AspNetCore.Components.Tests.dll" adapterTypeName="executor://xunit/VsTestRunner3/netcore/" className="Microsoft.AspNetCore.Components.Rendering.RenderTreeBuilderTest" name="ClosedEmptyElementsHaveSubtreeLengthOne" />
    </UnitTest>
    <UnitTest name="Microsoft.AspNetCore.Components.BindConverterTest.TryConvertTo_Guid_Invalid(incomingValue: &quot;invalidguid&quot;)" storage="/home/runner/work/aspnetcore/aspnetcore/artifacts/bin/microsoft.aspnetcore.components.tests/debug/net10.0/microsoft.aspnetcore.components.tests.dll" id="bab04e10-c94b-9238-d16e-331a49cba8a1">
      <Execution id="39ad569e-9e77-4596-89a3-fefb113f4bc6" />
      <TestMethod codeBase="/home/runner/work/aspnetcore/aspnetcore/artifacts/bin/Microsoft.AspNetCore.Components.Tests/Debug/net10.0/Microsoft.AspNetCore.Components.Tests.dll" adapterTypeName="executor://xunit/VsTestRunner3/netcore/" className="Microsoft.AspNetCore.Components.BindConverterTest" name="TryConvertTo_Guid_Invalid" />
    </UnitTest>
    <UnitTest name="Microsoft.AspNetCore.Components.Rendering.RenderTreeBuilderTest.CanAddNamedEvent" storage="/home/runner/work/aspnetcore/aspnetcore/artifacts/bin/microsoft.aspnetcore.components.tests/debug/net10.0/microsoft.aspnetcore.components.tests.dll" id="4ad9e53c-ff4b-0056-56b1-87e62b8cc632">
      <Execution id="676bf838-9493-4b6f-ab16-a256e8544d09" />
      <TestMethod codeBase="/home/runner/work/aspnetcore/aspnetcore/artifacts/bin/Microsoft.AspNetCore.Components.Tests/Debug/net10.0/Microsoft.AspNetCore.Components.Tests.dll" adapterTypeName="executor://xunit/VsTestRunner3/netcore/" className="Microsoft.AspNetCore.Components.Rendering.RenderTreeBuilderTest" name="CanAddNamedEvent" />
    </UnitTest>
    <UnitTest name="Microsoft.AspNetCore.Components.Rendering.RenderTreeBuilderTest.CanAddMultipleReferenceCapturesToSameComponent" storage="/home/runner/work/aspnetcore/aspnetcore/artifacts/bin/microsoft.aspnetcore.components.tests/debug/net10.0/microsoft.aspnetcore.components.tests.dll" id="43a803fc-b906-cb5a-2a97-dbb10c59afbe">
      <Execution id="4addb8ee-142f-43ec-8ba4-617551707638" />
      <TestMethod codeBase="/home/runner/work/aspnetcore/aspnetcore/artifacts/bin/Microsoft.AspNetCore.Components.Tests/Debug/net10.0/Microsoft.AspNetCore.Components.Tests.dll" adapterTypeName="executor://xunit/VsTestRunner3/netcore/" className="Microsoft.AspNetCore.Components.Rendering.RenderTreeBuilderTest" name="CanAddMultipleReferenceCapturesToSameComponent" />
    </UnitTest>
    <UnitTest name="Microsoft.AspNetCore.Components.Test.RendererTest.CanAsyncDispatchEventsToTopLevelComponents" storage="/home/runner/work/aspnetcore/aspnetcore/artifacts/bin/microsoft.aspnetcore.components.tests/debug/net10.0/microsoft.aspnetcore.components.tests.dll" id="9d08ca09-20b1-1ef3-6b6d-276b2ca56f66">
      <Execution id="d45c37b4-896b-4357-ba66-ccd070d16a36" />
      <TestMethod codeBase="/home/runner/work/aspnetcore/aspnetcore/artifacts/bin/Microsoft.AspNetCore.Components.Tests/Debug/net10.0/Microsoft.AspNetCore.Components.Tests.dll" adapterTypeName="executor://xunit/VsTestRunner3/netcore/" className="Microsoft.AspNetCore.Components.Test.RendererTest" name="CanAsyncDispatchEventsToTopLevelComponents" />
    </UnitTest>
    <UnitTest name="Microsoft.AspNetCore.Components.EventCallbackFactoryTest.Create_FuncTTask_Null" storage="/home/runner/work/aspnetcore/aspnetcore/artifacts/bin/microsoft.aspnetcore.components.tests/debug/net10.0/microsoft.aspnetcore.components.tests.dll" id="8778cd5e-de62-3262-9f3e-8ab7171cb29b">
      <Execution id="6149d2d2-3633-454e-bcfa-dfc715ae943c" />
      <TestMethod codeBase="/home/runner/work/aspnetcore/aspnetcore/artifacts/bin/Microsoft.AspNetCore.Components.Tests/Debug/net10.0/Microsoft.AspNetCore.Components.Tests.dll" adapterTypeName="executor://xunit/VsTestRunner3/netcore/" className="Microsoft.AspNetCore.Components.EventCallbackFactoryTest" name="Create_FuncTTask_Null" />
    </UnitTest>
    <UnitTest name="Microsoft.AspNetCore.Components.Rendering.RenderTreeBuilderTest.CanAddKeyToComponent" storage="/home/runner/work/aspnetcore/aspnetcore/artifacts/bin/microsoft.aspnetcore.components.tests/debug/net10.0/microsoft.aspnetcore.components.tests.dll" id="9d6c8941-3932-01a3-c934-54ad7e77446b">
      <Execution id="dbc42b9d-6cec-49a9-89c2-481aac12cb1e" />
      <TestMethod codeBase="/home/runner/work/aspnetcore/aspnetcore/artifacts/bin/Microsoft.AspNetCore.Components.Tests/Debug/net10.0/Microsoft.AspNetCore.Components.Tests.dll" adapterTypeName="executor://xunit/VsTestRunner3/netcore/" className="Microsoft.AspNetCore.Components.Rendering.RenderTreeBuilderTest" name="CanAddKeyToComponent" />
    </UnitTest>
    <UnitTest name="Microsoft.AspNetCore.Components.Routing.RouteTableFactoryTests.SuppliesNullForUnusedHandlerParameters" storage="/home/runner/work/aspnetcore/aspnetcore/artifacts/bin/microsoft.aspnetcore.components.tests/debug/net10.0/microsoft.aspnetcore.components.tests.dll" id="7af25eb2-7127-3e21-cc65-c83fed2a5810">
      <Execution id="51d77a7b-e82d-4c1a-8839-fc9b2e4971c4" />
      <TestMethod codeBase="/home/runner/work/aspnetcore/aspnetcore/artifacts/bin/Microsoft.AspNetCore.Components.Tests/Debug/net10.0/Microsoft.AspNetCore.Components.Tests.dll" adapterTypeName="executor://xunit/VsTestRunner3/netcore/" className="Microsoft.AspNetCore.Components.Routing.RouteTableFactoryTests" name="SuppliesNullForUnusedHandlerParameters" />
    </UnitTest>
    <UnitTest name="Microsoft.AspNetCore.Components.Rendering.RenderTreeBuilderTest.CanAddMultipleAttributes_IReadOnlyDictionaryObject" storage="/home/runner/work/aspnetcore/aspnetcore/artifacts/bin/microsoft.aspnetcore.components.tests/debug/net10.0/microsoft.aspnetcore.components.tests.dll" id="bac2a662-b37f-7424-7659-7c53d1780970">
      <Execution id="055ba78e-8c78-4a16-aa58-72c63214d82e" />
      <TestMethod codeBase="/home/runner/work/aspnetcore/aspnetcore/artifacts/bin/Microsoft.AspNetCore.Components.Tests/Debug/net10.0/Microsoft.AspNetCore.Components.Tests.dll" adapterTypeName="executor://xunit/VsTestRunner3/netcore/" className="Microsoft.AspNetCore.Components.Rendering.RenderTreeBuilderTest" name="CanAddMultipleAttributes_IReadOnlyDictionaryObject" />
    </UnitTest>
    <UnitTest name="Microsoft.AspNetCore.Components.Test.RenderTreeDiffBuilderTest.AttributeDiff_WithSequentialSequenceNumber_AttributeRemovedAtStart" storage="/home/runner/work/aspnetcore/aspnetcore/artifacts/bin/microsoft.aspnetcore.components.tests/debug/net10.0/microsoft.aspnetcore.components.tests.dll" id="299c5a36-3968-be44-74d0-d4e6b6518e26">
      <Execution id="6c9c0bae-c2ec-4412-bace-e17863ac8c1b" />
      <TestMethod codeBase="/home/runner/work/aspnetcore/aspnetcore/artifacts/bin/Microsoft.AspNetCore.Components.Tests/Debug/net10.0/Microsoft.AspNetCore.Components.Tests.dll" adapterTypeName="executor://xunit/VsTestRunner3/netcore/" className="Microsoft.AspNetCore.Components.Test.RenderTreeDiffBuilderTest" name="AttributeDiff_WithSequentialSequenceNumber_AttributeRemovedAtStart" />
    </UnitTest>
    <UnitTest name="Microsoft.AspNetCore.Components.Routing.QueryParameterValueSupplierTest.RejectsUnparseableArrayEntries(key: &quot;LongVals&quot;, validValue: &quot;-1234&quot;, invalidValue: &quot;this+is+a+long+value&quot;, targetType: typeof(long))" storage="/home/runner/work/aspnetcore/aspnetcore/artifacts/bin/microsoft.aspnetcore.components.tests/debug/net10.0/microsoft.aspnetcore.components.tests.dll" id="777b4233-f4ef-2355-4688-3f77c21a4c3d">
      <Execution id="da87e010-4976-49ee-be84-3d10f8922720" />
      <TestMethod codeBase="/home/runner/work/aspnetcore/aspnetcore/artifacts/bin/Microsoft.AspNetCore.Components.Tests/Debug/net10.0/Microsoft.AspNetCore.Components.Tests.dll" adapterTypeName="executor://xunit/VsTestRunner3/netcore/" className="Microsoft.AspNetCore.Components.Routing.QueryParameterValueSupplierTest" name="RejectsUnparseableArrayEntries" />
    </UnitTest>
    <UnitTest name="Microsoft.AspNetCore.Components.EventCallbackFactoryTest.Create_FuncTask_AlreadyBoundToReceiver" storage="/home/runner/work/aspnetcore/aspnetcore/artifacts/bin/microsoft.aspnetcore.components.tests/debug/net10.0/microsoft.aspnetcore.components.tests.dll" id="98750012-9d32-ec78-a59a-9de3af0fb5ba">
      <Execution id="f99f574e-91d1-4b2d-bc56-4661e8a4c5dd" />
      <TestMethod codeBase="/home/runner/work/aspnetcore/aspnetcore/artifacts/bin/Microsoft.AspNetCore.Components.Tests/Debug/net10.0/Microsoft.AspNetCore.Components.Tests.dll" adapterTypeName="executor://xunit/VsTestRunner3/netcore/" className="Microsoft.AspNetCore.Components.EventCallbackFactoryTest" name="Create_FuncTask_AlreadyBoundToReceiver" />
    </UnitTest>
    <UnitTest name="Microsoft.AspNetCore.Components.NavigationManagerTest.GetUriWithQueryParameter_ReplacesWhenParameterExists(baseUri: &quot;scheme://host/?full%20name=Bob%20Joe&amp;age=42#hash&quot;, expectedUri: &quot;scheme://host/?full%20name=John%20Doe&amp;age=42#hash&quot;)" storage="/home/runner/work/aspnetcore/aspnetcore/artifacts/bin/microsoft.aspnetcore.components.tests/debug/net10.0/microsoft.aspnetcore.components.tests.dll" id="f1c1aed1-8c02-7ed3-ca71-1512f33c940d">
      <Execution id="15dbf4e6-70ba-4dcf-8636-c146d93b8cfd" />
      <TestMethod codeBase="/home/runner/work/aspnetcore/aspnetcore/artifacts/bin/Microsoft.AspNetCore.Components.Tests/Debug/net10.0/Microsoft.AspNetCore.Components.Tests.dll" adapterTypeName="executor://xunit/VsTestRunner3/netcore/" className="Microsoft.AspNetCore.Components.NavigationManagerTest" name="GetUriWithQueryParameter_ReplacesWhenParameterExists" />
    </UnitTest>
    <UnitTest name="Microsoft.AspNetCore.Components.NavigationManagerTest.GetUriWithQueryParameters_ThrowsWhenParameterValueTypeIsUnsupported" storage="/home/runner/work/aspnetcore/aspnetcore/artifacts/bin/microsoft.aspnetcore.components.tests/debug/net10.0/microsoft.aspnetcore.components.tests.dll" id="bf90e99c-02b8-7b25-1edd-a995c83fcbdd">
      <Execution id="8a62ddd0-8e73-4176-9a45-a07295e5494f" />
      <TestMethod codeBase="/home/runner/work/aspnetcore/aspnetcore/artifacts/bin/Microsoft.AspNetCore.Components.Tests/Debug/net10.0/Microsoft.AspNetCore.Components.Tests.dll" adapterTypeName="executor://xunit/VsTestRunner3/netcore/" className="Microsoft.AspNetCore.Components.NavigationManagerTest" name="GetUriWithQueryParameters_ThrowsWhenParameterValueTypeIsUnsupported" />
    </UnitTest>
    <UnitTest name="Microsoft.AspNetCore.Components.Routing.RouteTableFactoryTests.DoesNotThrowForNonAmbiguousRoutes(first: &quot;{param}/{optional?}&quot;, second: &quot;/&quot;)" storage="/home/runner/work/aspnetcore/aspnetcore/artifacts/bin/microsoft.aspnetcore.components.tests/debug/net10.0/microsoft.aspnetcore.components.tests.dll" id="c477a57e-15ab-67bd-1860-8614e5217a42">
      <Execution id="b0e0bb6f-ebfd-4fab-8781-8e8a9815745a" />
      <TestMethod codeBase="/home/runner/work/aspnetcore/aspnetcore/artifacts/bin/Microsoft.AspNetCore.Components.Tests/Debug/net10.0/Microsoft.AspNetCore.Components.Tests.dll" adapterTypeName="executor://xunit/VsTestRunner3/netcore/" className="Microsoft.AspNetCore.Components.Routing.RouteTableFactoryTests" name="DoesNotThrowForNonAmbiguousRoutes" />
    </UnitTest>
    <UnitTest name="Microsoft.AspNetCore.Components.Routing.RouteTableFactoryTests.CanMatchParameterTemplate(path: &quot;/d%C3%A9j%C3%A0%20vu/&quot;, expectedValue: &quot;déjà vu&quot;)" storage="/home/runner/work/aspnetcore/aspnetcore/artifacts/bin/microsoft.aspnetcore.components.tests/debug/net10.0/microsoft.aspnetcore.components.tests.dll" id="99a569d2-9071-9f63-e184-d4a7bcd2446c">
      <Execution id="e32d773d-f911-4503-8e0f-741277c78b83" />
      <TestMethod codeBase="/home/runner/work/aspnetcore/aspnetcore/artifacts/bin/Microsoft.AspNetCore.Components.Tests/Debug/net10.0/Microsoft.AspNetCore.Components.Tests.dll" adapterTypeName="executor://xunit/VsTestRunner3/netcore/" className="Microsoft.AspNetCore.Components.Routing.RouteTableFactoryTests" name="CanMatchParameterTemplate" />
    </UnitTest>
    <UnitTest name="Microsoft.AspNetCore.Components.NavigationManagerTest.GetUriWithQueryParameters_CanAddUpdateAndRemove(baseUri: &quot;scheme://host/?name=Bob%20Joe&amp;age=42&quot;, expectedUri: &quot;scheme://host/?age=25&amp;eye%20color=green&quot;)" storage="/home/runner/work/aspnetcore/aspnetcore/artifacts/bin/microsoft.aspnetcore.components.tests/debug/net10.0/microsoft.aspnetcore.components.tests.dll" id="ff6b9d2f-e7eb-b731-43bb-645d3e0815bc">
      <Execution id="8f1fc504-c6b7-4419-bbe6-7e4af75f1176" />
      <TestMethod codeBase="/home/runner/work/aspnetcore/aspnetcore/artifacts/bin/Microsoft.AspNetCore.Components.Tests/Debug/net10.0/Microsoft.AspNetCore.Components.Tests.dll" adapterTypeName="executor://xunit/VsTestRunner3/netcore/" className="Microsoft.AspNetCore.Components.NavigationManagerTest" name="GetUriWithQueryParameters_CanAddUpdateAndRemove" />
    </UnitTest>
    <UnitTest name="Microsoft.AspNetCore.Components.EventCallbackFactoryTest.CreateT_FuncTask_DifferentReceiver" storage="/home/runner/work/aspnetcore/aspnetcore/artifacts/bin/microsoft.aspnetcore.components.tests/debug/net10.0/microsoft.aspnetcore.components.tests.dll" id="ab060d23-8fbc-a0c9-48be-62a77b16a0f3">
      <Execution id="d0d5fbbe-db46-45bf-a5bd-664862ad3371" />
      <TestMethod codeBase="/home/runner/work/aspnetcore/aspnetcore/artifacts/bin/Microsoft.AspNetCore.Components.Tests/Debug/net10.0/Microsoft.AspNetCore.Components.Tests.dll" adapterTypeName="executor://xunit/VsTestRunner3/netcore/" className="Microsoft.AspNetCore.Components.EventCallbackFactoryTest" name="CreateT_FuncTask_DifferentReceiver" />
    </UnitTest>
    <UnitTest name="Microsoft.AspNetCore.Components.Test.RenderTreeDiffBuilderTest.CanAddNewAttributeAtArrayBuilderSizeBoundary" storage="/home/runner/work/aspnetcore/aspnetcore/artifacts/bin/microsoft.aspnetcore.components.tests/debug/net10.0/microsoft.aspnetcore.components.tests.dll" id="a2b10c00-51e6-a608-ee54-89d010179cf7">
      <Execution id="75f8011d-3f77-4a8a-934f-e9ff43cb244b" />
      <TestMethod codeBase="/home/runner/work/aspnetcore/aspnetcore/artifacts/bin/Microsoft.AspNetCore.Components.Tests/Debug/net10.0/Microsoft.AspNetCore.Components.Tests.dll" adapterTypeName="executor://xunit/VsTestRunner3/netcore/" className="Microsoft.AspNetCore.Components.Test.RenderTreeDiffBuilderTest" name="CanAddNewAttributeAtArrayBuilderSizeBoundary" />
    </UnitTest>
    <UnitTest name="Microsoft.AspNetCore.Components.Routing.RoutePatternParserTests.ParseRouteParameter_ThrowsIf_ParameterContainsSpecialCharacters(template: &quot;{=}&quot;, expectedMessage: &quot;The route parameter name '=' is invalid. Route par&quot;···)" storage="/home/runner/work/aspnetcore/aspnetcore/artifacts/bin/microsoft.aspnetcore.components.tests/debug/net10.0/microsoft.aspnetcore.components.tests.dll" id="86e00b5d-e70a-46ac-749b-1f80006e6df7">
      <Execution id="0fef83c2-2401-47ad-af96-ab026d9439cc" />
      <TestMethod codeBase="/home/runner/work/aspnetcore/aspnetcore/artifacts/bin/Microsoft.AspNetCore.Components.Tests/Debug/net10.0/Microsoft.AspNetCore.Components.Tests.dll" adapterTypeName="executor://xunit/VsTestRunner3/netcore/" className="Microsoft.AspNetCore.Components.Routing.RoutePatternParserTests" name="ParseRouteParameter_ThrowsIf_ParameterContainsSpecialCharacters" />
    </UnitTest>
    <UnitTest name="Microsoft.AspNetCore.Components.EventCallbackFactoryTest.Create_ActionT_AlreadyBoundToReceiver" storage="/home/runner/work/aspnetcore/aspnetcore/artifacts/bin/microsoft.aspnetcore.components.tests/debug/net10.0/microsoft.aspnetcore.components.tests.dll" id="480f9733-0ddc-5740-a286-03420d7c4578">
      <Execution id="1713b264-4d2d-49f7-8266-64957e8dacb3" />
      <TestMethod codeBase="/home/runner/work/aspnetcore/aspnetcore/artifacts/bin/Microsoft.AspNetCore.Components.Tests/Debug/net10.0/Microsoft.AspNetCore.Components.Tests.dll" adapterTypeName="executor://xunit/VsTestRunner3/netcore/" className="Microsoft.AspNetCore.Components.EventCallbackFactoryTest" name="Create_ActionT_AlreadyBoundToReceiver" />
    </UnitTest>
    <UnitTest name="Microsoft.AspNetCore.Components.Test.RenderTreeDiffBuilderTest.RecognizesTrailingLoopBlockBeingRemoved" storage="/home/runner/work/aspnetcore/aspnetcore/artifacts/bin/microsoft.aspnetcore.components.tests/debug/net10.0/microsoft.aspnetcore.components.tests.dll" id="2d0ea633-5488-4931-b804-e7b6590d4f90">
      <Execution id="1ceac7d4-9738-4eee-9f18-487f8ff4c639" />
      <TestMethod codeBase="/home/runner/work/aspnetcore/aspnetcore/artifacts/bin/Microsoft.AspNetCore.Components.Tests/Debug/net10.0/Microsoft.AspNetCore.Components.Tests.dll" adapterTypeName="executor://xunit/VsTestRunner3/netcore/" className="Microsoft.AspNetCore.Components.Test.RenderTreeDiffBuilderTest" name="RecognizesTrailingLoopBlockBeingRemoved" />
    </UnitTest>
    <UnitTest name="Microsoft.AspNetCore.Components.Test.CascadingParameterTest.ThrowsIfAttemptingToSubscribeToCascadingValueSourceOutsideSyncContext" storage="/home/runner/work/aspnetcore/aspnetcore/artifacts/bin/microsoft.aspnetcore.components.tests/debug/net10.0/microsoft.aspnetcore.components.tests.dll" id="f2bea136-9b06-0068-8ee1-74a52d5766ca">
      <Execution id="6949ca55-0671-4680-bd9b-f6475079a68f" />
      <TestMethod codeBase="/home/runner/work/aspnetcore/aspnetcore/artifacts/bin/Microsoft.AspNetCore.Components.Tests/Debug/net10.0/Microsoft.AspNetCore.Components.Tests.dll" adapterTypeName="executor://xunit/VsTestRunner3/netcore/" className="Microsoft.AspNetCore.Components.Test.CascadingParameterTest" name="ThrowsIfAttemptingToSubscribeToCascadingValueSourceOutsideSyncContext" />
    </UnitTest>
    <UnitTest name="Microsoft.AspNetCore.Components.Rendering.RenderTreeBuilderTest.CanAddText" storage="/home/runner/work/aspnetcore/aspnetcore/artifacts/bin/microsoft.aspnetcore.components.tests/debug/net10.0/microsoft.aspnetcore.components.tests.dll" id="44a5b8cd-9e86-4a99-cab2-91b045fbf8b3">
      <Execution id="d2e4b5af-7a68-464a-bad3-d1dd7258e141" />
      <TestMethod codeBase="/home/runner/work/aspnetcore/aspnetcore/artifacts/bin/Microsoft.AspNetCore.Components.Tests/Debug/net10.0/Microsoft.AspNetCore.Components.Tests.dll" adapterTypeName="executor://xunit/VsTestRunner3/netcore/" className="Microsoft.AspNetCore.Components.Rendering.RenderTreeBuilderTest" name="CanAddText" />
    </UnitTest>
    <UnitTest name="Microsoft.AspNetCore.Components.Routing.QueryParameterValueSupplierTest.SuppliesEmptyArrayForArrayTypesIfNotSpecified(query: &quot;?unrelated=123&quot;)" storage="/home/runner/work/aspnetcore/aspnetcore/artifacts/bin/microsoft.aspnetcore.components.tests/debug/net10.0/microsoft.aspnetcore.components.tests.dll" id="adc37a55-3018-40ec-b3ed-4ed7924c463d">
      <Execution id="7b8d34f5-c748-481b-9572-78f789dee80b" />
      <TestMethod codeBase="/home/runner/work/aspnetcore/aspnetcore/artifacts/bin/Microsoft.AspNetCore.Components.Tests/Debug/net10.0/Microsoft.AspNetCore.Components.Tests.dll" adapterTypeName="executor://xunit/VsTestRunner3/netcore/" className="Microsoft.AspNetCore.Components.Routing.QueryParameterValueSupplierTest" name="SuppliesEmptyArrayForArrayTypesIfNotSpecified" />
    </UnitTest>
    <UnitTest name="Microsoft.AspNetCore.Components.Rendering.RenderTreeBuilderTest.ComponentHasNoFlagsByDefault" storage="/home/runner/work/aspnetcore/aspnetcore/artifacts/bin/microsoft.aspnetcore.components.tests/debug/net10.0/microsoft.aspnetcore.components.tests.dll" id="c8868afd-ebd7-bf80-1ef4-1fcdd001e59c">
      <Execution id="050ae4f2-d028-40a0-862e-418949192a2c" />
      <TestMethod codeBase="/home/runner/work/aspnetcore/aspnetcore/artifacts/bin/Microsoft.AspNetCore.Components.Tests/Debug/net10.0/Microsoft.AspNetCore.Components.Tests.dll" adapterTypeName="executor://xunit/VsTestRunner3/netcore/" className="Microsoft.AspNetCore.Components.Rendering.RenderTreeBuilderTest" name="ComponentHasNoFlagsByDefault" />
    </UnitTest>
    <UnitTest name="Microsoft.AspNetCore.Components.Test.RouteViewTest.PageLayoutSupersedesDefaultLayout" storage="/home/runner/work/aspnetcore/aspnetcore/artifacts/bin/microsoft.aspnetcore.components.tests/debug/net10.0/microsoft.aspnetcore.components.tests.dll" id="4ffe5b63-7ff2-196f-6471-65315e48ce9f">
      <Execution id="0ec6ccde-2578-4af9-82c1-5048527d7d89" />
      <TestMethod codeBase="/home/runner/work/aspnetcore/aspnetcore/artifacts/bin/Microsoft.AspNetCore.Components.Tests/Debug/net10.0/Microsoft.AspNetCore.Components.Tests.dll" adapterTypeName="executor://xunit/VsTestRunner3/netcore/" className="Microsoft.AspNetCore.Components.Test.RouteViewTest" name="PageLayoutSupersedesDefaultLayout" />
    </UnitTest>
    <UnitTest name="Microsoft.AspNetCore.Components.Test.RendererTest.DispatchEventAsync_EventCallback_SynchronousException" storage="/home/runner/work/aspnetcore/aspnetcore/artifacts/bin/microsoft.aspnetcore.components.tests/debug/net10.0/microsoft.aspnetcore.components.tests.dll" id="93d12b94-c96d-9e7e-fe21-f1b581ae45e0">
      <Execution id="ca1bd166-8ee9-4218-80ad-70d6e679e01e" />
      <TestMethod codeBase="/home/runner/work/aspnetcore/aspnetcore/artifacts/bin/Microsoft.AspNetCore.Components.Tests/Debug/net10.0/Microsoft.AspNetCore.Components.Tests.dll" adapterTypeName="executor://xunit/VsTestRunner3/netcore/" className="Microsoft.AspNetCore.Components.Test.RendererTest" name="DispatchEventAsync_EventCallback_SynchronousException" />
    </UnitTest>
    <UnitTest name="Microsoft.AspNetCore.Components.Rendering.RenderTreeBuilderTest.CanAddNullableMarkupViaMarkupString" storage="/home/runner/work/aspnetcore/aspnetcore/artifacts/bin/microsoft.aspnetcore.components.tests/debug/net10.0/microsoft.aspnetcore.components.tests.dll" id="dff29beb-1682-b437-689d-8146683f0b10">
      <Execution id="10707bcf-a499-45c3-9b1c-b954089bca3e" />
      <TestMethod codeBase="/home/runner/work/aspnetcore/aspnetcore/artifacts/bin/Microsoft.AspNetCore.Components.Tests/Debug/net10.0/Microsoft.AspNetCore.Components.Tests.dll" adapterTypeName="executor://xunit/VsTestRunner3/netcore/" className="Microsoft.AspNetCore.Components.Rendering.RenderTreeBuilderTest" name="CanAddNullableMarkupViaMarkupString" />
    </UnitTest>
    <UnitTest name="Microsoft.AspNetCore.Components.Test.RenderTreeDiffBuilderTest.RecognizesNewItemsBeingInserted" storage="/home/runner/work/aspnetcore/aspnetcore/artifacts/bin/microsoft.aspnetcore.components.tests/debug/net10.0/microsoft.aspnetcore.components.tests.dll" id="e72dbfa0-31d3-c902-71d9-137733f4bb23">
      <Execution id="7a6e3a9b-8b7b-4ac1-81df-f09d3227bd6a" />
      <TestMethod codeBase="/home/runner/work/aspnetcore/aspnetcore/artifacts/bin/Microsoft.AspNetCore.Components.Tests/Debug/net10.0/Microsoft.AspNetCore.Components.Tests.dll" adapterTypeName="executor://xunit/VsTestRunner3/netcore/" className="Microsoft.AspNetCore.Components.Test.RenderTreeDiffBuilderTest" name="RecognizesNewItemsBeingInserted" />
    </UnitTest>
    <UnitTest name="Microsoft.AspNetCore.Components.Routing.RouteTableFactoryTests.DoesNotMatchIfSegmentsDontMatch" storage="/home/runner/work/aspnetcore/aspnetcore/artifacts/bin/microsoft.aspnetcore.components.tests/debug/net10.0/microsoft.aspnetcore.components.tests.dll" id="58fb35cf-80f9-fb0a-f9a0-0721e6e3edc8">
      <Execution id="5b91a39d-01a0-46a6-a01b-7afbbc0b0eb8" />
      <TestMethod codeBase="/home/runner/work/aspnetcore/aspnetcore/artifacts/bin/Microsoft.AspNetCore.Components.Tests/Debug/net10.0/Microsoft.AspNetCore.Components.Tests.dll" adapterTypeName="executor://xunit/VsTestRunner3/netcore/" className="Microsoft.AspNetCore.Components.Routing.RouteTableFactoryTests" name="DoesNotMatchIfSegmentsDontMatch" />
    </UnitTest>
    <UnitTest name="Microsoft.AspNetCore.Components.Test.RendererTest.DispatchEventAsync_EventCallbackOfT_SynchronousCompletion" storage="/home/runner/work/aspnetcore/aspnetcore/artifacts/bin/microsoft.aspnetcore.components.tests/debug/net10.0/microsoft.aspnetcore.components.tests.dll" id="9f545ba7-ed01-47a5-e2d6-9b988e6f9e43">
      <Execution id="50542e04-0899-4762-82c6-a3aa8cb104bc" />
      <TestMethod codeBase="/home/runner/work/aspnetcore/aspnetcore/artifacts/bin/Microsoft.AspNetCore.Components.Tests/Debug/net10.0/Microsoft.AspNetCore.Components.Tests.dll" adapterTypeName="executor://xunit/VsTestRunner3/netcore/" className="Microsoft.AspNetCore.Components.Test.RendererTest" name="DispatchEventAsync_EventCallbackOfT_SynchronousCompletion" />
    </UnitTest>
    <UnitTest name="Microsoft.AspNetCore.Components.ParameterViewTest.HasCaptureUnmatchedValuesParameterWithWrongType_Throws" storage="/home/runner/work/aspnetcore/aspnetcore/artifacts/bin/microsoft.aspnetcore.components.tests/debug/net10.0/microsoft.aspnetcore.components.tests.dll" id="94253c8f-2996-7cd3-28d1-c527e3d1e4f5">
      <Execution id="9664ca07-77c9-4082-b8c9-e7b7d9fb4453" />
      <TestMethod codeBase="/home/runner/work/aspnetcore/aspnetcore/artifacts/bin/Microsoft.AspNetCore.Components.Tests/Debug/net10.0/Microsoft.AspNetCore.Components.Tests.dll" adapterTypeName="executor://xunit/VsTestRunner3/netcore/" className="Microsoft.AspNetCore.Components.ParameterViewTest" name="HasCaptureUnmatchedValuesParameterWithWrongType_Throws" />
    </UnitTest>
    <UnitTest name="Microsoft.AspNetCore.Components.NavigationManagerTest.Initialize_ThrowsForInvalidBaseRelativePaths(baseUri: &quot;scheme://host/&quot;, absoluteUri: &quot;otherscheme://host/&quot;)" storage="/home/runner/work/aspnetcore/aspnetcore/artifacts/bin/microsoft.aspnetcore.components.tests/debug/net10.0/microsoft.aspnetcore.components.tests.dll" id="7821208d-102d-ef4d-0f0f-99e896338732">
      <Execution id="934fdcda-2269-46f0-8fca-dc8f0024740e" />
      <TestMethod codeBase="/home/runner/work/aspnetcore/aspnetcore/artifacts/bin/Microsoft.AspNetCore.Components.Tests/Debug/net10.0/Microsoft.AspNetCore.Components.Tests.dll" adapterTypeName="executor://xunit/VsTestRunner3/netcore/" className="Microsoft.AspNetCore.Components.NavigationManagerTest" name="Initialize_ThrowsForInvalidBaseRelativePaths" />
    </UnitTest>
    <UnitTest name="Microsoft.AspNetCore.Components.Test.RenderTreeDiffBuilderTest.HandlesDeletionOfUnkeyedItemsAroundKey" storage="/home/runner/work/aspnetcore/aspnetcore/artifacts/bin/microsoft.aspnetcore.components.tests/debug/net10.0/microsoft.aspnetcore.components.tests.dll" id="673639f5-caa0-5106-b921-c3f3cb22be4b">
      <Execution id="4ce247e1-2f5f-49a5-aaff-c9af7d114a4c" />
      <TestMethod codeBase="/home/runner/work/aspnetcore/aspnetcore/artifacts/bin/Microsoft.AspNetCore.Components.Tests/Debug/net10.0/Microsoft.AspNetCore.Components.Tests.dll" adapterTypeName="executor://xunit/VsTestRunner3/netcore/" className="Microsoft.AspNetCore.Components.Test.RenderTreeDiffBuilderTest" name="HandlesDeletionOfUnkeyedItemsAroundKey" />
    </UnitTest>
    <UnitTest name="Microsoft.AspNetCore.Components.Rendering.RenderTreeBuilderTest.AddAttribute_Component_Bool_SetsAttributeValue(value: True)" storage="/home/runner/work/aspnetcore/aspnetcore/artifacts/bin/microsoft.aspnetcore.components.tests/debug/net10.0/microsoft.aspnetcore.components.tests.dll" id="95356e9f-5dcc-f82a-6d96-8b423aa75afd">
      <Execution id="f96bd525-3fbf-482f-bad6-fe9664d6c2c1" />
      <TestMethod codeBase="/home/runner/work/aspnetcore/aspnetcore/artifacts/bin/Microsoft.AspNetCore.Components.Tests/Debug/net10.0/Microsoft.AspNetCore.Components.Tests.dll" adapterTypeName="executor://xunit/VsTestRunner3/netcore/" className="Microsoft.AspNetCore.Components.Rendering.RenderTreeBuilderTest" name="AddAttribute_Component_Bool_SetsAttributeValue" />
    </UnitTest>
    <UnitTest name="Microsoft.AspNetCore.Components.Test.RendererTest.DisposesEventHandlersWhenAncestorElementRemoved" storage="/home/runner/work/aspnetcore/aspnetcore/artifacts/bin/microsoft.aspnetcore.components.tests/debug/net10.0/microsoft.aspnetcore.components.tests.dll" id="7c8d8e5b-ceaf-3ef0-a848-11df7f047f49">
      <Execution id="7e95ccf5-592e-4c64-89a2-0e6db0311eb4" />
      <TestMethod codeBase="/home/runner/work/aspnetcore/aspnetcore/artifacts/bin/Microsoft.AspNetCore.Components.Tests/Debug/net10.0/Microsoft.AspNetCore.Components.Tests.dll" adapterTypeName="executor://xunit/VsTestRunner3/netcore/" className="Microsoft.AspNetCore.Components.Test.RendererTest" name="DisposesEventHandlersWhenAncestorElementRemoved" />
    </UnitTest>
    <UnitTest name="Microsoft.AspNetCore.Components.EventCallbackFactoryBinderExtensionsTest.CreateBinder_DateTime" storage="/home/runner/work/aspnetcore/aspnetcore/artifacts/bin/microsoft.aspnetcore.components.tests/debug/net10.0/microsoft.aspnetcore.components.tests.dll" id="9a52722b-ecef-ab64-8ec1-3050cbfd63e3">
      <Execution id="5dd98318-bd6a-4d3a-89b3-13087bd022dd" />
      <TestMethod codeBase="/home/runner/work/aspnetcore/aspnetcore/artifacts/bin/Microsoft.AspNetCore.Components.Tests/Debug/net10.0/Microsoft.AspNetCore.Components.Tests.dll" adapterTypeName="executor://xunit/VsTestRunner3/netcore/" className="Microsoft.AspNetCore.Components.EventCallbackFactoryBinderExtensionsTest" name="CreateBinder_DateTime" />
    </UnitTest>
    <UnitTest name="Microsoft.AspNetCore.Components.Test.RendererTest.ExceptionsThrownFromHandleAfterRender_Async_AreHandled" storage="/home/runner/work/aspnetcore/aspnetcore/artifacts/bin/microsoft.aspnetcore.components.tests/debug/net10.0/microsoft.aspnetcore.components.tests.dll" id="2dcd6984-ca71-e0f2-58f0-317445286deb">
      <Execution id="668cbe13-9825-41d7-a89e-d2b16ad36ef4" />
      <TestMethod codeBase="/home/runner/work/aspnetcore/aspnetcore/artifacts/bin/Microsoft.AspNetCore.Components.Tests/Debug/net10.0/Microsoft.AspNetCore.Components.Tests.dll" adapterTypeName="executor://xunit/VsTestRunner3/netcore/" className="Microsoft.AspNetCore.Components.Test.RendererTest" name="ExceptionsThrownFromHandleAfterRender_Async_AreHandled" />
    </UnitTest>
    <UnitTest name="Microsoft.AspNetCore.Components.Test.CascadingParameterTest.PassesCascadingParametersToNestedComponents" storage="/home/runner/work/aspnetcore/aspnetcore/artifacts/bin/microsoft.aspnetcore.components.tests/debug/net10.0/microsoft.aspnetcore.components.tests.dll" id="500dbc99-e95a-d4b0-2d96-db8e4c25db0c">
      <Execution id="32f17eec-565a-4507-bdeb-f754b2ff6155" />
      <TestMethod codeBase="/home/runner/work/aspnetcore/aspnetcore/artifacts/bin/Microsoft.AspNetCore.Components.Tests/Debug/net10.0/Microsoft.AspNetCore.Components.Tests.dll" adapterTypeName="executor://xunit/VsTestRunner3/netcore/" className="Microsoft.AspNetCore.Components.Test.CascadingParameterTest" name="PassesCascadingParametersToNestedComponents" />
    </UnitTest>
    <UnitTest name="Microsoft.AspNetCore.Components.Rendering.RenderTreeBuilderTest.CanAddKeyToElement" storage="/home/runner/work/aspnetcore/aspnetcore/artifacts/bin/microsoft.aspnetcore.components.tests/debug/net10.0/microsoft.aspnetcore.components.tests.dll" id="50986544-61b7-2562-ac19-20da1407f754">
      <Execution id="cbcc8cbe-8762-42f2-a87d-c0f63296c310" />
      <TestMethod codeBase="/home/runner/work/aspnetcore/aspnetcore/artifacts/bin/Microsoft.AspNetCore.Components.Tests/Debug/net10.0/Microsoft.AspNetCore.Components.Tests.dll" adapterTypeName="executor://xunit/VsTestRunner3/netcore/" className="Microsoft.AspNetCore.Components.Rendering.RenderTreeBuilderTest" name="CanAddKeyToElement" />
    </UnitTest>
    <UnitTest name="Microsoft.AspNetCore.Components.ParameterViewTest.PropertyExplicitSetterException_Throws" storage="/home/runner/work/aspnetcore/aspnetcore/artifacts/bin/microsoft.aspnetcore.components.tests/debug/net10.0/microsoft.aspnetcore.components.tests.dll" id="877f64df-4e10-c38d-ea7f-69afd078f2a5">
      <Execution id="8f8836fd-bf7b-4a35-bc26-295d13cbcc87" />
      <TestMethod codeBase="/home/runner/work/aspnetcore/aspnetcore/artifacts/bin/Microsoft.AspNetCore.Components.Tests/Debug/net10.0/Microsoft.AspNetCore.Components.Tests.dll" adapterTypeName="executor://xunit/VsTestRunner3/netcore/" className="Microsoft.AspNetCore.Components.ParameterViewTest" name="PropertyExplicitSetterException_Throws" />
    </UnitTest>
    <UnitTest name="Microsoft.AspNetCore.Components.Test.RenderTreeUpdaterTest.UpdatesOnlyMatchingAttributeValue" storage="/home/runner/work/aspnetcore/aspnetcore/artifacts/bin/microsoft.aspnetcore.components.tests/debug/net10.0/microsoft.aspnetcore.components.tests.dll" id="bcb7791d-8e14-f6cb-e4f9-38b151f93373">
      <Execution id="bf5919f8-6016-4fcc-b03e-e5711ee68815" />
      <TestMethod codeBase="/home/runner/work/aspnetcore/aspnetcore/artifacts/bin/Microsoft.AspNetCore.Components.Tests/Debug/net10.0/Microsoft.AspNetCore.Components.Tests.dll" adapterTypeName="executor://xunit/VsTestRunner3/netcore/" className="Microsoft.AspNetCore.Components.Test.RenderTreeUpdaterTest" name="UpdatesOnlyMatchingAttributeValue" />
    </UnitTest>
    <UnitTest name="Microsoft.AspNetCore.Components.Test.RenderTreeDiffBuilderTest.RecognizesEquivalentFramesAsSame" storage="/home/runner/work/aspnetcore/aspnetcore/artifacts/bin/microsoft.aspnetcore.components.tests/debug/net10.0/microsoft.aspnetcore.components.tests.dll" id="c464e156-ff9d-7b3c-a4bb-1d352844fd8b">
      <Execution id="0f7cd91f-1356-490c-b9c7-c109e7d9e286" />
      <TestMethod codeBase="/home/runner/work/aspnetcore/aspnetcore/artifacts/bin/Microsoft.AspNetCore.Components.Tests/Debug/net10.0/Microsoft.AspNetCore.Components.Tests.dll" adapterTypeName="executor://xunit/VsTestRunner3/netcore/" className="Microsoft.AspNetCore.Components.Test.RenderTreeDiffBuilderTest" name="RecognizesEquivalentFramesAsSame" />
    </UnitTest>
    <UnitTest name="Microsoft.AspNetCore.Components.Test.CascadingParameterTest.DoesNotNotifyDescendantsOfUpdatedCascadingParameterValuesWhenFixed" storage="/home/runner/work/aspnetcore/aspnetcore/artifacts/bin/microsoft.aspnetcore.components.tests/debug/net10.0/microsoft.aspnetcore.components.tests.dll" id="d1b803ed-41f9-6daf-3119-a33a83bf72ba">
      <Execution id="b50c3c77-ff8f-4ce2-8ae8-5fad3ecc887e" />
      <TestMethod codeBase="/home/runner/work/aspnetcore/aspnetcore/artifacts/bin/Microsoft.AspNetCore.Components.Tests/Debug/net10.0/Microsoft.AspNetCore.Components.Tests.dll" adapterTypeName="executor://xunit/VsTestRunner3/netcore/" className="Microsoft.AspNetCore.Components.Test.CascadingParameterTest" name="DoesNotNotifyDescendantsOfUpdatedCascadingParameterValuesWhenFixed" />
    </UnitTest>
    <UnitTest name="Microsoft.AspNetCore.Components.NavigationManagerTest.GetUriWithQueryParameter_AppendsWhenParameterDoesNotExist(baseUri: &quot;scheme://host/#hash&quot;, expectedUri: &quot;scheme://host/?name=John%20Doe#hash&quot;)" storage="/home/runner/work/aspnetcore/aspnetcore/artifacts/bin/microsoft.aspnetcore.components.tests/debug/net10.0/microsoft.aspnetcore.components.tests.dll" id="94e2310c-c5a1-6396-6932-8758e6a50179">
      <Execution id="26ed69d2-c727-49a0-91ea-be68138955f9" />
      <TestMethod codeBase="/home/runner/work/aspnetcore/aspnetcore/artifacts/bin/Microsoft.AspNetCore.Components.Tests/Debug/net10.0/Microsoft.AspNetCore.Components.Tests.dll" adapterTypeName="executor://xunit/VsTestRunner3/netcore/" className="Microsoft.AspNetCore.Components.NavigationManagerTest" name="GetUriWithQueryParameter_AppendsWhenParameterDoesNotExist" />
    </UnitTest>
    <UnitTest name="Microsoft.AspNetCore.Components.EventCallbackFactoryBinderExtensionsTest.CreateBinder_Bool" storage="/home/runner/work/aspnetcore/aspnetcore/artifacts/bin/microsoft.aspnetcore.components.tests/debug/net10.0/microsoft.aspnetcore.components.tests.dll" id="a98bdf50-2987-d95f-4709-405ea1af586c">
      <Execution id="65d57237-7142-448d-9fd9-49d7301558c4" />
      <TestMethod codeBase="/home/runner/work/aspnetcore/aspnetcore/artifacts/bin/Microsoft.AspNetCore.Components.Tests/Debug/net10.0/Microsoft.AspNetCore.Components.Tests.dll" adapterTypeName="executor://xunit/VsTestRunner3/netcore/" className="Microsoft.AspNetCore.Components.EventCallbackFactoryBinderExtensionsTest" name="CreateBinder_Bool" />
    </UnitTest>
    <UnitTest name="Microsoft.AspNetCore.Components.Test.RenderTreeDiffBuilderTest.AttributeDiff_WithSequentialSequenceNumber_AttributeRemovedInMiddle" storage="/home/runner/work/aspnetcore/aspnetcore/artifacts/bin/microsoft.aspnetcore.components.tests/debug/net10.0/microsoft.aspnetcore.components.tests.dll" id="3be084ba-0445-e309-8f95-d60904a4ed45">
      <Execution id="cc6fa7a3-7e25-42a6-89b8-5dd99d53c399" />
      <TestMethod codeBase="/home/runner/work/aspnetcore/aspnetcore/artifacts/bin/Microsoft.AspNetCore.Components.Tests/Debug/net10.0/Microsoft.AspNetCore.Components.Tests.dll" adapterTypeName="executor://xunit/VsTestRunner3/netcore/" className="Microsoft.AspNetCore.Components.Test.RenderTreeDiffBuilderTest" name="AttributeDiff_WithSequentialSequenceNumber_AttributeRemovedInMiddle" />
    </UnitTest>
    <UnitTest name="Microsoft.AspNetCore.Components.ComponentFactoryTest.InstantiateComponent_WithNoRenderMode_DoesNotUseRenderModeResolver" storage="/home/runner/work/aspnetcore/aspnetcore/artifacts/bin/microsoft.aspnetcore.components.tests/debug/net10.0/microsoft.aspnetcore.components.tests.dll" id="4daa5902-1ee6-c35c-487c-06b757ca7fa5">
      <Execution id="721d8e87-f77f-4516-ab78-9b54ed726a78" />
      <TestMethod codeBase="/home/runner/work/aspnetcore/aspnetcore/artifacts/bin/Microsoft.AspNetCore.Components.Tests/Debug/net10.0/Microsoft.AspNetCore.Components.Tests.dll" adapterTypeName="executor://xunit/VsTestRunner3/netcore/" className="Microsoft.AspNetCore.Components.ComponentFactoryTest" name="InstantiateComponent_WithNoRenderMode_DoesNotUseRenderModeResolver" />
    </UnitTest>
    <UnitTest name="Microsoft.AspNetCore.Components.Rendering.RenderTreeBuilderTest.CannotAddComponentReferenceCaptureInsideRegion" storage="/home/runner/work/aspnetcore/aspnetcore/artifacts/bin/microsoft.aspnetcore.components.tests/debug/net10.0/microsoft.aspnetcore.components.tests.dll" id="cab36b7c-b328-097a-c693-a86f3c6a8b20">
      <Execution id="69d92b7c-8f1e-4e2f-bb95-721709afec1d" />
      <TestMethod codeBase="/home/runner/work/aspnetcore/aspnetcore/artifacts/bin/Microsoft.AspNetCore.Components.Tests/Debug/net10.0/Microsoft.AspNetCore.Components.Tests.dll" adapterTypeName="executor://xunit/VsTestRunner3/netcore/" className="Microsoft.AspNetCore.Components.Rendering.RenderTreeBuilderTest" name="CannotAddComponentReferenceCaptureInsideRegion" />
    </UnitTest>
    <UnitTest name="Microsoft.AspNetCore.Components.Test.RendererTest.EventFieldInfoCanPatchTreeSoDiffDoesNotUpdateAttribute(oldValue: &quot;old property value&quot;)" storage="/home/runner/work/aspnetcore/aspnetcore/artifacts/bin/microsoft.aspnetcore.components.tests/debug/net10.0/microsoft.aspnetcore.components.tests.dll" id="7c113dcf-e8bd-911a-1bf3-b021de777372">
      <Execution id="5b763b0f-d018-4a40-b6e3-2524f6998ac8" />
      <TestMethod codeBase="/home/runner/work/aspnetcore/aspnetcore/artifacts/bin/Microsoft.AspNetCore.Components.Tests/Debug/net10.0/Microsoft.AspNetCore.Components.Tests.dll" adapterTypeName="executor://xunit/VsTestRunner3/netcore/" className="Microsoft.AspNetCore.Components.Test.RendererTest" name="EventFieldInfoCanPatchTreeSoDiffDoesNotUpdateAttribute" />
    </UnitTest>
    <UnitTest name="Microsoft.AspNetCore.Components.ComponentApplicationStateTest.PersistAsJson_NullValueAsync" storage="/home/runner/work/aspnetcore/aspnetcore/artifacts/bin/microsoft.aspnetcore.components.tests/debug/net10.0/microsoft.aspnetcore.components.tests.dll" id="dfd6b9f7-9d36-2422-babe-d9d6b4816af1">
      <Execution id="4d0de3a5-3c2d-4a03-a3f7-408103debf2a" />
      <TestMethod codeBase="/home/runner/work/aspnetcore/aspnetcore/artifacts/bin/Microsoft.AspNetCore.Components.Tests/Debug/net10.0/Microsoft.AspNetCore.Components.Tests.dll" adapterTypeName="executor://xunit/VsTestRunner3/netcore/" className="Microsoft.AspNetCore.Components.ComponentApplicationStateTest" name="PersistAsJson_NullValueAsync" />
    </UnitTest>
    <UnitTest name="Microsoft.AspNetCore.Components.ParameterViewTest.IncomingParameterMatchesDeclaredParameterCaseInsensitively_SetsValue" storage="/home/runner/work/aspnetcore/aspnetcore/artifacts/bin/microsoft.aspnetcore.components.tests/debug/net10.0/microsoft.aspnetcore.components.tests.dll" id="19016da1-e936-f011-fdef-37ec13a95a33">
      <Execution id="a4704d8d-a6ef-4d8d-82bc-465679345e18" />
      <TestMethod codeBase="/home/runner/work/aspnetcore/aspnetcore/artifacts/bin/Microsoft.AspNetCore.Components.Tests/Debug/net10.0/Microsoft.AspNetCore.Components.Tests.dll" adapterTypeName="executor://xunit/VsTestRunner3/netcore/" className="Microsoft.AspNetCore.Components.ParameterViewTest" name="IncomingParameterMatchesDeclaredParameterCaseInsensitively_SetsValue" />
    </UnitTest>
    <UnitTest name="Microsoft.AspNetCore.Components.NavigationManagerTest.GetUriWithQueryParameter_ReplacesWhenParameterExists(baseUri: &quot;scheme://host/?full%20name=Bob%20Joe#hash&quot;, expectedUri: &quot;scheme://host/?full%20name=John%20Doe#hash&quot;)" storage="/home/runner/work/aspnetcore/aspnetcore/artifacts/bin/microsoft.aspnetcore.components.tests/debug/net10.0/microsoft.aspnetcore.components.tests.dll" id="fef038e5-47db-5676-a6e3-f9525fa89c3f">
      <Execution id="f9831b57-df57-4d4a-a272-5c5e8addc779" />
      <TestMethod codeBase="/home/runner/work/aspnetcore/aspnetcore/artifacts/bin/Microsoft.AspNetCore.Components.Tests/Debug/net10.0/Microsoft.AspNetCore.Components.Tests.dll" adapterTypeName="executor://xunit/VsTestRunner3/netcore/" className="Microsoft.AspNetCore.Components.NavigationManagerTest" name="GetUriWithQueryParameter_ReplacesWhenParameterExists" />
    </UnitTest>
    <UnitTest name="Microsoft.AspNetCore.Components.Routing.RouteTableFactoryTests.ThrowsWhenCatchAllIsNotTheLastSegment(template: &quot;{*catchall}/{*other}&quot;)" storage="/home/runner/work/aspnetcore/aspnetcore/artifacts/bin/microsoft.aspnetcore.components.tests/debug/net10.0/microsoft.aspnetcore.components.tests.dll" id="529de1cb-c054-24a3-d07e-67201a262eff">
      <Execution id="c2057ec1-0544-4a4e-a90f-dd43e8835b1c" />
      <TestMethod codeBase="/home/runner/work/aspnetcore/aspnetcore/artifacts/bin/Microsoft.AspNetCore.Components.Tests/Debug/net10.0/Microsoft.AspNetCore.Components.Tests.dll" adapterTypeName="executor://xunit/VsTestRunner3/netcore/" className="Microsoft.AspNetCore.Components.Routing.RouteTableFactoryTests" name="ThrowsWhenCatchAllIsNotTheLastSegment" />
    </UnitTest>
    <UnitTest name="Microsoft.AspNetCore.Components.Routing.RouteTableFactoryTests.DoesNotThrowForNonAmbiguousRoutes(first: &quot;{param}/{optional?}&quot;, second: &quot;{param}/{optional:int?}&quot;)" storage="/home/runner/work/aspnetcore/aspnetcore/artifacts/bin/microsoft.aspnetcore.components.tests/debug/net10.0/microsoft.aspnetcore.components.tests.dll" id="407cfb34-d04c-3a70-46c4-6a16e99cdd0d">
      <Execution id="4155fb4c-5342-423b-ae49-17cec083367f" />
      <TestMethod codeBase="/home/runner/work/aspnetcore/aspnetcore/artifacts/bin/Microsoft.AspNetCore.Components.Tests/Debug/net10.0/Microsoft.AspNetCore.Components.Tests.dll" adapterTypeName="executor://xunit/VsTestRunner3/netcore/" className="Microsoft.AspNetCore.Components.Routing.RouteTableFactoryTests" name="DoesNotThrowForNonAmbiguousRoutes" />
    </UnitTest>
    <UnitTest name="Microsoft.AspNetCore.Components.Test.RendererTest.DisposesEventHandlersWhenOwnerComponentRemoved" storage="/home/runner/work/aspnetcore/aspnetcore/artifacts/bin/microsoft.aspnetcore.components.tests/debug/net10.0/microsoft.aspnetcore.components.tests.dll" id="af9fd74a-a57e-8075-74d9-29b73251f52a">
      <Execution id="8f5e8cf6-ffdf-4ffa-9691-d03c4fca0cc8" />
      <TestMethod codeBase="/home/runner/work/aspnetcore/aspnetcore/artifacts/bin/Microsoft.AspNetCore.Components.Tests/Debug/net10.0/Microsoft.AspNetCore.Components.Tests.dll" adapterTypeName="executor://xunit/VsTestRunner3/netcore/" className="Microsoft.AspNetCore.Components.Test.RendererTest" name="DisposesEventHandlersWhenOwnerComponentRemoved" />
    </UnitTest>
    <UnitTest name="Microsoft.AspNetCore.Components.Test.RendererTest.ExceptionsReturnedUsingTaskFromExceptionCanBeHandled" storage="/home/runner/work/aspnetcore/aspnetcore/artifacts/bin/microsoft.aspnetcore.components.tests/debug/net10.0/microsoft.aspnetcore.components.tests.dll" id="407c04f9-1da3-1372-6fb6-868c7e7c0961">
      <Execution id="23bfb456-5251-4012-9527-99ce0d058ffb" />
      <TestMethod codeBase="/home/runner/work/aspnetcore/aspnetcore/artifacts/bin/Microsoft.AspNetCore.Components.Tests/Debug/net10.0/Microsoft.AspNetCore.Components.Tests.dll" adapterTypeName="executor://xunit/VsTestRunner3/netcore/" className="Microsoft.AspNetCore.Components.Test.RendererTest" name="ExceptionsReturnedUsingTaskFromExceptionCanBeHandled" />
    </UnitTest>
    <UnitTest name="Microsoft.AspNetCore.Components.Rendering.RenderTreeBuilderTest.AddAttribute_Element_ObjectEventCallback_AddsFrame" storage="/home/runner/work/aspnetcore/aspnetcore/artifacts/bin/microsoft.aspnetcore.components.tests/debug/net10.0/microsoft.aspnetcore.components.tests.dll" id="d448bcb8-6885-0c4f-10f7-68cd250146e3">
      <Execution id="c3b3e04f-e7ea-43a3-a27c-53b2fb55aa37" />
      <TestMethod codeBase="/home/runner/work/aspnetcore/aspnetcore/artifacts/bin/Microsoft.AspNetCore.Components.Tests/Debug/net10.0/Microsoft.AspNetCore.Components.Tests.dll" adapterTypeName="executor://xunit/VsTestRunner3/netcore/" className="Microsoft.AspNetCore.Components.Rendering.RenderTreeBuilderTest" name="AddAttribute_Element_ObjectEventCallback_AddsFrame" />
    </UnitTest>
    <UnitTest name="Microsoft.AspNetCore.Components.Rendering.RenderTreeBuilderTest.AddAttribute_Element_ObjectEventCallbackOfT_Default_DoesNotAddFrame" storage="/home/runner/work/aspnetcore/aspnetcore/artifacts/bin/microsoft.aspnetcore.components.tests/debug/net10.0/microsoft.aspnetcore.components.tests.dll" id="c9975773-7b85-8a44-af72-7766f70d35d2">
      <Execution id="34a098b2-d465-4a4c-ac01-7036c2391425" />
      <TestMethod codeBase="/home/runner/work/aspnetcore/aspnetcore/artifacts/bin/Microsoft.AspNetCore.Components.Tests/Debug/net10.0/Microsoft.AspNetCore.Components.Tests.dll" adapterTypeName="executor://xunit/VsTestRunner3/netcore/" className="Microsoft.AspNetCore.Components.Rendering.RenderTreeBuilderTest" name="AddAttribute_Element_ObjectEventCallbackOfT_Default_DoesNotAddFrame" />
    </UnitTest>
    <UnitTest name="Microsoft.AspNetCore.Components.Routing.RouteTableFactoryTests.DoesNotMatchIfConstraintDoesNotMatch(template: &quot;/{value:double}&quot;, contextUrl: &quot;/0.1.2&quot;)" storage="/home/runner/work/aspnetcore/aspnetcore/artifacts/bin/microsoft.aspnetcore.components.tests/debug/net10.0/microsoft.aspnetcore.components.tests.dll" id="af1df511-6986-4016-c659-009b19ac4412">
      <Execution id="e4b5315c-d6bc-41e7-9ea2-3cb808ecdfda" />
      <TestMethod codeBase="/home/runner/work/aspnetcore/aspnetcore/artifacts/bin/Microsoft.AspNetCore.Components.Tests/Debug/net10.0/Microsoft.AspNetCore.Components.Tests.dll" adapterTypeName="executor://xunit/VsTestRunner3/netcore/" className="Microsoft.AspNetCore.Components.Routing.RouteTableFactoryTests" name="DoesNotMatchIfConstraintDoesNotMatch" />
    </UnitTest>
    <UnitTest name="Microsoft.AspNetCore.Components.Routing.QueryParameterValueSupplierTest.SupportsExpectedValueTypes" storage="/home/runner/work/aspnetcore/aspnetcore/artifacts/bin/microsoft.aspnetcore.components.tests/debug/net10.0/microsoft.aspnetcore.components.tests.dll" id="74492ed3-b837-ab56-bec8-ac512e575564">
      <Execution id="a0266400-f1a7-49f1-8ee5-cf184f1b3db2" />
      <TestMethod codeBase="/home/runner/work/aspnetcore/aspnetcore/artifacts/bin/Microsoft.AspNetCore.Components.Tests/Debug/net10.0/Microsoft.AspNetCore.Components.Tests.dll" adapterTypeName="executor://xunit/VsTestRunner3/netcore/" className="Microsoft.AspNetCore.Components.Routing.QueryParameterValueSupplierTest" name="SupportsExpectedValueTypes" />
    </UnitTest>
    <UnitTest name="Microsoft.AspNetCore.Components.NavigationManagerTest.Initialize_ThrowsForInvalidBaseRelativePaths(baseUri: &quot;scheme://host/&quot;, absoluteUri: &quot;scheme://otherhost/&quot;)" storage="/home/runner/work/aspnetcore/aspnetcore/artifacts/bin/microsoft.aspnetcore.components.tests/debug/net10.0/microsoft.aspnetcore.components.tests.dll" id="ec9b5717-964c-9e15-12e9-b7cb71771aac">
      <Execution id="99f31dd4-5822-48f6-8bc7-5b66e0efd103" />
      <TestMethod codeBase="/home/runner/work/aspnetcore/aspnetcore/artifacts/bin/Microsoft.AspNetCore.Components.Tests/Debug/net10.0/Microsoft.AspNetCore.Components.Tests.dll" adapterTypeName="executor://xunit/VsTestRunner3/netcore/" className="Microsoft.AspNetCore.Components.NavigationManagerTest" name="Initialize_ThrowsForInvalidBaseRelativePaths" />
    </UnitTest>
    <UnitTest name="Microsoft.AspNetCore.Components.Test.RendererTest.CannotGetEventArgsTypeForHandlerWithNonEventArgsParameter" storage="/home/runner/work/aspnetcore/aspnetcore/artifacts/bin/microsoft.aspnetcore.components.tests/debug/net10.0/microsoft.aspnetcore.components.tests.dll" id="c032bd73-3111-8682-1ebf-f669ade197af">
      <Execution id="99af08f9-c360-4119-8896-c7f27c7f663b" />
      <TestMethod codeBase="/home/runner/work/aspnetcore/aspnetcore/artifacts/bin/Microsoft.AspNetCore.Components.Tests/Debug/net10.0/Microsoft.AspNetCore.Components.Tests.dll" adapterTypeName="executor://xunit/VsTestRunner3/netcore/" className="Microsoft.AspNetCore.Components.Test.RendererTest" name="CannotGetEventArgsTypeForHandlerWithNonEventArgsParameter" />
    </UnitTest>
    <UnitTest name="Microsoft.AspNetCore.Components.Test.RendererTest.CanReRenderTopLevelComponents" storage="/home/runner/work/aspnetcore/aspnetcore/artifacts/bin/microsoft.aspnetcore.components.tests/debug/net10.0/microsoft.aspnetcore.components.tests.dll" id="bfa96954-1ade-7432-e2dc-f4228361eb7e">
      <Execution id="62882b34-9cbf-4276-8188-93e346952d54" />
      <TestMethod codeBase="/home/runner/work/aspnetcore/aspnetcore/artifacts/bin/Microsoft.AspNetCore.Components.Tests/Debug/net10.0/Microsoft.AspNetCore.Components.Tests.dll" adapterTypeName="executor://xunit/VsTestRunner3/netcore/" className="Microsoft.AspNetCore.Components.Test.RendererTest" name="CanReRenderTopLevelComponents" />
    </UnitTest>
    <UnitTest name="Microsoft.AspNetCore.Components.Routing.RouteTableFactoryTests.CanMatchCatchAllParameterTemplate(path: &quot;/blog/value1&quot;, expectedValue: &quot;value1&quot;)" storage="/home/runner/work/aspnetcore/aspnetcore/artifacts/bin/microsoft.aspnetcore.components.tests/debug/net10.0/microsoft.aspnetcore.components.tests.dll" id="87911d36-ce25-2f66-8630-531a2f59fcc7">
      <Execution id="5fc49720-1022-4272-a710-0954064623c4" />
      <TestMethod codeBase="/home/runner/work/aspnetcore/aspnetcore/artifacts/bin/Microsoft.AspNetCore.Components.Tests/Debug/net10.0/Microsoft.AspNetCore.Components.Tests.dll" adapterTypeName="executor://xunit/VsTestRunner3/netcore/" className="Microsoft.AspNetCore.Components.Routing.RouteTableFactoryTests" name="CanMatchCatchAllParameterTemplate" />
    </UnitTest>
    <UnitTest name="Microsoft.AspNetCore.Components.Routing.RoutePatternParserTests.InvalidTemplate_WithMismatchedBraces(template: &quot;Another/{p/Literal&quot;, expectedMessage: &quot;There is an incomplete parameter in the route temp&quot;···)" storage="/home/runner/work/aspnetcore/aspnetcore/artifacts/bin/microsoft.aspnetcore.components.tests/debug/net10.0/microsoft.aspnetcore.components.tests.dll" id="fba00691-80a3-ac87-20b7-7fa0c9794f87">
      <Execution id="9db2cd5f-c3da-423b-b9ce-398cf0372049" />
      <TestMethod codeBase="/home/runner/work/aspnetcore/aspnetcore/artifacts/bin/Microsoft.AspNetCore.Components.Tests/Debug/net10.0/Microsoft.AspNetCore.Components.Tests.dll" adapterTypeName="executor://xunit/VsTestRunner3/netcore/" className="Microsoft.AspNetCore.Components.Routing.RoutePatternParserTests" name="InvalidTemplate_WithMismatchedBraces" />
    </UnitTest>
    <UnitTest name="Microsoft.AspNetCore.Components.Rendering.RenderTreeBuilderTest.AddAttribute_Component_ObjectStringValue_SetsAttributeValue" storage="/home/runner/work/aspnetcore/aspnetcore/artifacts/bin/microsoft.aspnetcore.components.tests/debug/net10.0/microsoft.aspnetcore.components.tests.dll" id="63ddb946-cae0-491a-3ac5-3cef15baa68e">
      <Execution id="ee6a58b3-ff6c-4760-87b2-9b37fc46b561" />
      <TestMethod codeBase="/home/runner/work/aspnetcore/aspnetcore/artifacts/bin/Microsoft.AspNetCore.Components.Tests/Debug/net10.0/Microsoft.AspNetCore.Components.Tests.dll" adapterTypeName="executor://xunit/VsTestRunner3/netcore/" className="Microsoft.AspNetCore.Components.Rendering.RenderTreeBuilderTest" name="AddAttribute_Component_ObjectStringValue_SetsAttributeValue" />
    </UnitTest>
    <UnitTest name="Microsoft.AspNetCore.Components.Rendering.RenderTreeBuilderTest.ReportsUnclosedComponentAsInvalid" storage="/home/runner/work/aspnetcore/aspnetcore/artifacts/bin/microsoft.aspnetcore.components.tests/debug/net10.0/microsoft.aspnetcore.components.tests.dll" id="b9cc6e73-fd02-ca09-262a-4e2c29db07b3">
      <Execution id="d0fc4f58-7288-4d98-b4b7-fbeae9fcabf0" />
      <TestMethod codeBase="/home/runner/work/aspnetcore/aspnetcore/artifacts/bin/Microsoft.AspNetCore.Components.Tests/Debug/net10.0/Microsoft.AspNetCore.Components.Tests.dll" adapterTypeName="executor://xunit/VsTestRunner3/netcore/" className="Microsoft.AspNetCore.Components.Rendering.RenderTreeBuilderTest" name="ReportsUnclosedComponentAsInvalid" />
    </UnitTest>
    <UnitTest name="Microsoft.AspNetCore.Components.Rendering.RenderTreeBuilderTest.AddAttribute_Element_EventCallbackWithReceiver_AddsFrame" storage="/home/runner/work/aspnetcore/aspnetcore/artifacts/bin/microsoft.aspnetcore.components.tests/debug/net10.0/microsoft.aspnetcore.components.tests.dll" id="a28f92d3-895c-0fec-1a90-b6c0560435c6">
      <Execution id="cc4b1f13-4414-4ad7-b90b-2f30b7737808" />
      <TestMethod codeBase="/home/runner/work/aspnetcore/aspnetcore/artifacts/bin/Microsoft.AspNetCore.Components.Tests/Debug/net10.0/Microsoft.AspNetCore.Components.Tests.dll" adapterTypeName="executor://xunit/VsTestRunner3/netcore/" className="Microsoft.AspNetCore.Components.Rendering.RenderTreeBuilderTest" name="AddAttribute_Element_EventCallbackWithReceiver_AddsFrame" />
    </UnitTest>
    <UnitTest name="Microsoft.AspNetCore.Components.ComponentStatePersistenceManagerTest.PersistStateAsync_InvokesPauseCallbacksDuringPersist" storage="/home/runner/work/aspnetcore/aspnetcore/artifacts/bin/microsoft.aspnetcore.components.tests/debug/net10.0/microsoft.aspnetcore.components.tests.dll" id="bb8878dc-e145-9d91-744b-958cc0c47ea9">
      <Execution id="9bee7665-ad1d-4923-8c40-bc101e152a6d" />
      <TestMethod codeBase="/home/runner/work/aspnetcore/aspnetcore/artifacts/bin/Microsoft.AspNetCore.Components.Tests/Debug/net10.0/Microsoft.AspNetCore.Components.Tests.dll" adapterTypeName="executor://xunit/VsTestRunner3/netcore/" className="Microsoft.AspNetCore.Components.ComponentStatePersistenceManagerTest" name="PersistStateAsync_InvokesPauseCallbacksDuringPersist" />
    </UnitTest>
    <UnitTest name="Microsoft.AspNetCore.Components.Test.RendererTest.DisposingRenderer_DisposesNestedComponents" storage="/home/runner/work/aspnetcore/aspnetcore/artifacts/bin/microsoft.aspnetcore.components.tests/debug/net10.0/microsoft.aspnetcore.components.tests.dll" id="ca99137b-df68-d280-f2c9-882df5bb713d">
      <Execution id="eca315f3-9356-451b-813c-5f6de4778a91" />
      <TestMethod codeBase="/home/runner/work/aspnetcore/aspnetcore/artifacts/bin/Microsoft.AspNetCore.Components.Tests/Debug/net10.0/Microsoft.AspNetCore.Components.Tests.dll" adapterTypeName="executor://xunit/VsTestRunner3/netcore/" className="Microsoft.AspNetCore.Components.Test.RendererTest" name="DisposingRenderer_DisposesNestedComponents" />
    </UnitTest>
    <UnitTest name="Microsoft.AspNetCore.Components.Routing.QueryParameterValueSupplierTest.RejectsUnparseableArrayEntries(key: &quot;NullableBoolVals&quot;, validValue: &quot;true&quot;, invalidValue: &quot;abc&quot;, targetType: typeof(bool?))" storage="/home/runner/work/aspnetcore/aspnetcore/artifacts/bin/microsoft.aspnetcore.components.tests/debug/net10.0/microsoft.aspnetcore.components.tests.dll" id="6e7b248d-c90d-f81a-ea63-9c387347b88e">
      <Execution id="e9e18f81-7582-4037-aa35-2e6a4e71879e" />
      <TestMethod codeBase="/home/runner/work/aspnetcore/aspnetcore/artifacts/bin/Microsoft.AspNetCore.Components.Tests/Debug/net10.0/Microsoft.AspNetCore.Components.Tests.dll" adapterTypeName="executor://xunit/VsTestRunner3/netcore/" className="Microsoft.AspNetCore.Components.Routing.QueryParameterValueSupplierTest" name="RejectsUnparseableArrayEntries" />
    </UnitTest>
    <UnitTest name="Microsoft.AspNetCore.Components.RenderTree.ArrayBuilderTest.RemoveLast_LastEntry" storage="/home/runner/work/aspnetcore/aspnetcore/artifacts/bin/microsoft.aspnetcore.components.tests/debug/net10.0/microsoft.aspnetcore.components.tests.dll" id="093eb450-b4d1-b35f-692b-7f98045efb03">
      <Execution id="d65fdefd-f7d5-43b6-a720-c8d9fae8cb37" />
      <TestMethod codeBase="/home/runner/work/aspnetcore/aspnetcore/artifacts/bin/Microsoft.AspNetCore.Components.Tests/Debug/net10.0/Microsoft.AspNetCore.Components.Tests.dll" adapterTypeName="executor://xunit/VsTestRunner3/netcore/" className="Microsoft.AspNetCore.Components.RenderTree.ArrayBuilderTest" name="RemoveLast_LastEntry" />
    </UnitTest>
    <UnitTest name="Microsoft.AspNetCore.Components.Rendering.RenderTreeBuilderTest.AddComponentParameter_Component_EventCallbackOfT_AddsFrame" storage="/home/runner/work/aspnetcore/aspnetcore/artifacts/bin/microsoft.aspnetcore.components.tests/debug/net10.0/microsoft.aspnetcore.components.tests.dll" id="4318b8fe-5a60-77de-c96b-64e2190c2b22">
      <Execution id="e2352a01-fdc0-475f-9b62-69420f8b4c39" />
      <TestMethod codeBase="/home/runner/work/aspnetcore/aspnetcore/artifacts/bin/Microsoft.AspNetCore.Components.Tests/Debug/net10.0/Microsoft.AspNetCore.Components.Tests.dll" adapterTypeName="executor://xunit/VsTestRunner3/netcore/" className="Microsoft.AspNetCore.Components.Rendering.RenderTreeBuilderTest" name="AddComponentParameter_Component_EventCallbackOfT_AddsFrame" />
    </UnitTest>
    <UnitTest name="Microsoft.AspNetCore.Components.Rendering.RenderTreeBuilderTest.CanAddComponentRenderMode" storage="/home/runner/work/aspnetcore/aspnetcore/artifacts/bin/microsoft.aspnetcore.components.tests/debug/net10.0/microsoft.aspnetcore.components.tests.dll" id="a3919ee8-13c2-696b-4f7f-2281c4b990e7">
      <Execution id="98cdd1f0-51c0-43a1-9086-fc4d64e10405" />
      <TestMethod codeBase="/home/runner/work/aspnetcore/aspnetcore/artifacts/bin/Microsoft.AspNetCore.Components.Tests/Debug/net10.0/Microsoft.AspNetCore.Components.Tests.dll" adapterTypeName="executor://xunit/VsTestRunner3/netcore/" className="Microsoft.AspNetCore.Components.Rendering.RenderTreeBuilderTest" name="CanAddComponentRenderMode" />
    </UnitTest>
    <UnitTest name="Microsoft.AspNetCore.Components.RenderTree.ArrayBuilderTest.Dispose_NonEmptyBufferIsReturned" storage="/home/runner/work/aspnetcore/aspnetcore/artifacts/bin/microsoft.aspnetcore.components.tests/debug/net10.0/microsoft.aspnetcore.components.tests.dll" id="2fc54058-f464-97bf-4a82-d4ba6aff7f34">
      <Execution id="450513f2-ce17-4fc5-aabf-f4e701048c83" />
      <TestMethod codeBase="/home/runner/work/aspnetcore/aspnetcore/artifacts/bin/Microsoft.AspNetCore.Components.Tests/Debug/net10.0/Microsoft.AspNetCore.Components.Tests.dll" adapterTypeName="executor://xunit/VsTestRunner3/netcore/" className="Microsoft.AspNetCore.Components.RenderTree.ArrayBuilderTest" name="Dispose_NonEmptyBufferIsReturned" />
    </UnitTest>
    <UnitTest name="Microsoft.AspNetCore.Components.Rendering.RenderTreeBuilderTest.CannotAddElementReferenceCaptureWithNoParent" storage="/home/runner/work/aspnetcore/aspnetcore/artifacts/bin/microsoft.aspnetcore.components.tests/debug/net10.0/microsoft.aspnetcore.components.tests.dll" id="10577af9-d16e-7de8-939c-90397d523205">
      <Execution id="53319182-1620-49ce-acae-74438461baf8" />
      <TestMethod codeBase="/home/runner/work/aspnetcore/aspnetcore/artifacts/bin/Microsoft.AspNetCore.Components.Tests/Debug/net10.0/Microsoft.AspNetCore.Components.Tests.dll" adapterTypeName="executor://xunit/VsTestRunner3/netcore/" className="Microsoft.AspNetCore.Components.Rendering.RenderTreeBuilderTest" name="CannotAddElementReferenceCaptureWithNoParent" />
    </UnitTest>
    <UnitTest name="Microsoft.AspNetCore.Components.Routing.QueryParameterValueSupplierTest.RejectsBlankValuesWhenNotNullable(key: &quot;DoubleVal&quot;, targetType: typeof(double))" storage="/home/runner/work/aspnetcore/aspnetcore/artifacts/bin/microsoft.aspnetcore.components.tests/debug/net10.0/microsoft.aspnetcore.components.tests.dll" id="2eb88ddd-f558-856d-3cfd-ca331da0eb4f">
      <Execution id="6f8433b6-1347-44a5-865a-9785f5426729" />
      <TestMethod codeBase="/home/runner/work/aspnetcore/aspnetcore/artifacts/bin/Microsoft.AspNetCore.Components.Tests/Debug/net10.0/Microsoft.AspNetCore.Components.Tests.dll" adapterTypeName="executor://xunit/VsTestRunner3/netcore/" className="Microsoft.AspNetCore.Components.Routing.QueryParameterValueSupplierTest" name="RejectsBlankValuesWhenNotNullable" />
    </UnitTest>
    <UnitTest name="Microsoft.AspNetCore.Components.Test.CascadingParameterTest.NotifiesDescendantsOfUpdatedCascadingParameterValuesAndPreservesDirectParameters" storage="/home/runner/work/aspnetcore/aspnetcore/artifacts/bin/microsoft.aspnetcore.components.tests/debug/net10.0/microsoft.aspnetcore.components.tests.dll" id="e8183165-5cb2-a4bf-657e-2aae1c6d9ee8">
      <Execution id="fac80015-895a-419a-a553-cd6fa556f6a1" />
      <TestMethod codeBase="/home/runner/work/aspnetcore/aspnetcore/artifacts/bin/Microsoft.AspNetCore.Components.Tests/Debug/net10.0/Microsoft.AspNetCore.Components.Tests.dll" adapterTypeName="executor://xunit/VsTestRunner3/netcore/" className="Microsoft.AspNetCore.Components.Test.CascadingParameterTest" name="NotifiesDescendantsOfUpdatedCascadingParameterValuesAndPreservesDirectParameters" />
    </UnitTest>
    <UnitTest name="Microsoft.AspNetCore.Components.Test.DependencyInjectionTest.ThrowsForInjectablePropertiesWithoutSetter" storage="/home/runner/work/aspnetcore/aspnetcore/artifacts/bin/microsoft.aspnetcore.components.tests/debug/net10.0/microsoft.aspnetcore.components.tests.dll" id="68b9dfec-41b7-a06d-054b-ba6568f69ed0">
      <Execution id="38407a31-312a-4e61-aa98-fb5dbd494bbb" />
      <TestMethod codeBase="/home/runner/work/aspnetcore/aspnetcore/artifacts/bin/Microsoft.AspNetCore.Components.Tests/Debug/net10.0/Microsoft.AspNetCore.Components.Tests.dll" adapterTypeName="executor://xunit/VsTestRunner3/netcore/" className="Microsoft.AspNetCore.Components.Test.DependencyInjectionTest" name="ThrowsForInjectablePropertiesWithoutSetter" />
    </UnitTest>
    <UnitTest name="Microsoft.AspNetCore.Components.BindConverterTest.FormatValue_TimeOnly" storage="/home/runner/work/aspnetcore/aspnetcore/artifacts/bin/microsoft.aspnetcore.components.tests/debug/net10.0/microsoft.aspnetcore.components.tests.dll" id="04fa04f7-67bf-5a53-fa58-49cf14b25b0a">
      <Execution id="109381f0-abf1-462b-b2fd-11e051eb10ee" />
      <TestMethod codeBase="/home/runner/work/aspnetcore/aspnetcore/artifacts/bin/Microsoft.AspNetCore.Components.Tests/Debug/net10.0/Microsoft.AspNetCore.Components.Tests.dll" adapterTypeName="executor://xunit/VsTestRunner3/netcore/" className="Microsoft.AspNetCore.Components.BindConverterTest" name="FormatValue_TimeOnly" />
    </UnitTest>
    <UnitTest name="Microsoft.AspNetCore.Components.Test.DependencyInjectionTest.SetsInheritedInjectableProperties" storage="/home/runner/work/aspnetcore/aspnetcore/artifacts/bin/microsoft.aspnetcore.components.tests/debug/net10.0/microsoft.aspnetcore.components.tests.dll" id="c4a71f90-a1b5-33db-47e1-d661fe488bfd">
      <Execution id="b9d27207-c95c-4bde-8c8e-e6a203b727d2" />
      <TestMethod codeBase="/home/runner/work/aspnetcore/aspnetcore/artifacts/bin/Microsoft.AspNetCore.Components.Tests/Debug/net10.0/Microsoft.AspNetCore.Components.Tests.dll" adapterTypeName="executor://xunit/VsTestRunner3/netcore/" className="Microsoft.AspNetCore.Components.Test.DependencyInjectionTest" name="SetsInheritedInjectableProperties" />
    </UnitTest>
    <UnitTest name="Microsoft.AspNetCore.Components.RenderTree.ArrayBuilderTest.AppendArray_LargerThanBuffer(size: 1023)" storage="/home/runner/work/aspnetcore/aspnetcore/artifacts/bin/microsoft.aspnetcore.components.tests/debug/net10.0/microsoft.aspnetcore.components.tests.dll" id="cee55200-ca43-f89d-d226-dc0dce2d369d">
      <Execution id="46011b34-485a-4816-a88c-3cf5da1cf499" />
      <TestMethod codeBase="/home/runner/work/aspnetcore/aspnetcore/artifacts/bin/Microsoft.AspNetCore.Components.Tests/Debug/net10.0/Microsoft.AspNetCore.Components.Tests.dll" adapterTypeName="executor://xunit/VsTestRunner3/netcore/" className="Microsoft.AspNetCore.Components.RenderTree.ArrayBuilderTest" name="AppendArray_LargerThanBuffer" />
    </UnitTest>
    <UnitTest name="Microsoft.AspNetCore.Components.Rendering.RenderTreeBuilderTest.AddAttribute_Component_StringValue_SetsAttributeValue(value: &quot;hi&quot;)" storage="/home/runner/work/aspnetcore/aspnetcore/artifacts/bin/microsoft.aspnetcore.components.tests/debug/net10.0/microsoft.aspnetcore.components.tests.dll" id="7cf87362-3724-9fb5-461e-4b2724c920ca">
      <Execution id="c1541a08-adf6-4194-89fe-6dffdb3560ad" />
      <TestMethod codeBase="/home/runner/work/aspnetcore/aspnetcore/artifacts/bin/Microsoft.AspNetCore.Components.Tests/Debug/net10.0/Microsoft.AspNetCore.Components.Tests.dll" adapterTypeName="executor://xunit/VsTestRunner3/netcore/" className="Microsoft.AspNetCore.Components.Rendering.RenderTreeBuilderTest" name="AddAttribute_Component_StringValue_SetsAttributeValue" />
    </UnitTest>
    <UnitTest name="Microsoft.AspNetCore.Components.EventCallbackFactoryBinderExtensionsTest.CreateBinder_NullableDateTime_Format" storage="/home/runner/work/aspnetcore/aspnetcore/artifacts/bin/microsoft.aspnetcore.components.tests/debug/net10.0/microsoft.aspnetcore.components.tests.dll" id="52c433ec-c6e9-b49a-7f64-e9d908c22a99">
      <Execution id="646180d2-dac7-497e-b426-0006a582d362" />
      <TestMethod codeBase="/home/runner/work/aspnetcore/aspnetcore/artifacts/bin/Microsoft.AspNetCore.Components.Tests/Debug/net10.0/Microsoft.AspNetCore.Components.Tests.dll" adapterTypeName="executor://xunit/VsTestRunner3/netcore/" className="Microsoft.AspNetCore.Components.EventCallbackFactoryBinderExtensionsTest" name="CreateBinder_NullableDateTime_Format" />
    </UnitTest>
  </TestDefinitions>
  <TestEntries>
    <TestEntry testId="d5e058d0-ffd7-7a34-3ef2-816c05dc18ac" executionId="aceee40a-494c-4198-8b48-335736dfc229" testListId="8c84fa94-04c1-424b-9868-57a2d4851a1d" />
    <TestEntry testId="e2ae4437-b94f-5fa2-0628-78f91a702d49" executionId="5d3a6a44-d1e8-4a2e-b0fb-1b1e6a125e9d" testListId="8c84fa94-04c1-424b-9868-57a2d4851a1d" />
    <TestEntry testId="7719aeda-4511-e7e0-e7a6-f72d0152e7ba" executionId="927b3a49-2580-4ed3-87f4-c5ed388fd491" testListId="8c84fa94-04c1-424b-9868-57a2d4851a1d" />
    <TestEntry testId="d39bdf3c-43fa-e887-837f-eeed130461ea" executionId="bf2893cd-546e-45eb-bd52-7600ffca1cb9" testListId="8c84fa94-04c1-424b-9868-57a2d4851a1d" />
    <TestEntry testId="407cfb34-d04c-3a70-46c4-6a16e99cdd0d" executionId="4155fb4c-5342-423b-ae49-17cec083367f" testListId="8c84fa94-04c1-424b-9868-57a2d4851a1d" />
    <TestEntry testId="935978cb-3997-3ead-a1bf-63d5358efa0b" executionId="67869172-1540-48c9-bd3d-67bf27e86e52" testListId="8c84fa94-04c1-424b-9868-57a2d4851a1d" />
    <TestEntry testId="88fde139-dea0-187e-d5da-5bf77e5c9fc2" executionId="523c8ddf-cd24-4021-b159-8ae2094393be" testListId="8c84fa94-04c1-424b-9868-57a2d4851a1d" />
    <TestEntry testId="853dfa14-b552-e552-161d-83c5bd6239d4" executionId="1fe6f06b-c79a-4797-adf0-2266f420203e" testListId="8c84fa94-04c1-424b-9868-57a2d4851a1d" />
    <TestEntry testId="b0dcd56d-f1d6-d2ef-63cf-8ece759737e8" executionId="f334a056-d250-4edf-8992-eb0ba99b1ed0" testListId="8c84fa94-04c1-424b-9868-57a2d4851a1d" />
    <TestEntry testId="aa959643-125b-2e92-0909-f1394866ec81" executionId="5b79f02a-aab2-4c14-975b-1396ba74232a" testListId="8c84fa94-04c1-424b-9868-57a2d4851a1d" />
    <TestEntry testId="93aff1d6-6c12-f6a4-01a8-c74bab96ef88" executionId="79ec361a-4544-479a-9fcb-d5d27d4e838e" testListId="8c84fa94-04c1-424b-9868-57a2d4851a1d" />
    <TestEntry testId="648737fe-386c-c2ea-b1de-531710f33395" executionId="78ebce91-65a1-4878-bd99-81e4564e4f0c" testListId="8c84fa94-04c1-424b-9868-57a2d4851a1d" />
    <TestEntry testId="b59a8f28-25e5-48e2-28f6-0bbcde1cabde" executionId="bc15a3c4-c8f8-4ee8-aad8-da31ddbea35e" testListId="8c84fa94-04c1-424b-9868-57a2d4851a1d" />
    <TestEntry testId="ee45660f-3d9c-095f-8c51-c9372839d9b8" executionId="18ae56fe-dabf-4d0e-832e-601765cd52e3" testListId="8c84fa94-04c1-424b-9868-57a2d4851a1d" />
    <TestEntry testId="813d934d-4518-2b58-6193-ee9927807841" executionId="d67b861e-6cdb-4051-a006-c74252ae9eb9" testListId="8c84fa94-04c1-424b-9868-57a2d4851a1d" />
    <TestEntry testId="44a5b8cd-9e86-4a99-cab2-91b045fbf8b3" executionId="d2e4b5af-7a68-464a-bad3-d1dd7258e141" testListId="8c84fa94-04c1-424b-9868-57a2d4851a1d" />
    <TestEntry testId="1080a8fb-c4f5-1740-e9b9-cd24db7a0bc9" executionId="b4861bbd-30d8-46ec-96b1-46907f6ec9d2" testListId="8c84fa94-04c1-424b-9868-57a2d4851a1d" />
    <TestEntry testId="8a7a7267-5669-4beb-5c25-779a3c4dcb87" executionId="eb747a13-d944-4ad4-9028-bddc6cdc949a" testListId="8c84fa94-04c1-424b-9868-57a2d4851a1d" />
    <TestEntry testId="a09e58b9-f292-7b89-9ffb-a77d2ea10ba4" executionId="10de1f97-adb6-4cea-947c-59fa90cbaf72" testListId="8c84fa94-04c1-424b-9868-57a2d4851a1d" />
    <TestEntry testId="9026d355-a4cc-34e6-d2c3-646d505bdf68" executionId="9390ddde-dd61-4603-b2ca-96c35d69560a" testListId="8c84fa94-04c1-424b-9868-57a2d4851a1d" />
    <TestEntry testId="363c1433-7ce2-4b32-c297-72a1e853157b" executionId="1cc26699-8e3e-43ab-8ceb-afd45ae26a8c" testListId="8c84fa94-04c1-424b-9868-57a2d4851a1d" />
    <TestEntry testId="f32a3c0c-5937-45b9-26d0-a8b8a9739e3b" executionId="84caa499-3d11-4853-b341-fefc10fc1789" testListId="8c84fa94-04c1-424b-9868-57a2d4851a1d" />
    <TestEntry testId="333c236c-2b93-8a92-aecf-d05dfcdc24b2" executionId="2c843da6-1c4f-4a74-89f3-e8e4a4925ef5" testListId="8c84fa94-04c1-424b-9868-57a2d4851a1d" />
    <TestEntry testId="8e66c054-8cb0-4ebb-38fd-dd914bad0e3c" executionId="8e6d4959-7a44-40a6-9a08-92260f5433d5" testListId="8c84fa94-04c1-424b-9868-57a2d4851a1d" />
    <TestEntry testId="6eaa29cd-811f-a088-f961-9aa873e71333" executionId="3c8142ef-84c2-482f-92bc-48b4acd667c4" testListId="8c84fa94-04c1-424b-9868-57a2d4851a1d" />
    <TestEntry testId="fb2135a0-ff45-a87e-0da9-0499fca0f6e3" executionId="0b99eea4-8ac8-4101-869e-62cab476f254" testListId="8c84fa94-04c1-424b-9868-57a2d4851a1d" />
    <TestEntry testId="d0e82e92-dfe8-acb7-56d9-5fb84505031b" executionId="7b38eef2-cd84-4018-b469-4d00d54b0538" testListId="8c84fa94-04c1-424b-9868-57a2d4851a1d" />
    <TestEntry testId="6e668264-e363-e2af-c9e8-b013fdced82a" executionId="ab49ebf5-460a-4fd8-a32e-a6effc888d82" testListId="8c84fa94-04c1-424b-9868-57a2d4851a1d" />
    <TestEntry testId="38ea0647-de16-d68e-efd2-38377faab21a" executionId="0f27c354-7b7c-4ea1-8499-ef11a3bc817c" testListId="8c84fa94-04c1-424b-9868-57a2d4851a1d" />
    <TestEntry testId="ebd3a8e8-2309-ba7d-aa7a-ee01ab8f7c1c" executionId="284e1901-738f-4f2a-875e-80c6f65e556f" testListId="8c84fa94-04c1-424b-9868-57a2d4851a1d" />
    <TestEntry testId="ec66d659-3f65-d6bb-0884-6e3826c8864e" executionId="03b8beff-dfb7-4bf2-93ba-fb74a6a69aad" testListId="8c84fa94-04c1-424b-9868-57a2d4851a1d" />
    <TestEntry testId="b086f1f6-864e-454e-bc1d-508c6a9d4e8e" executionId="2c56c2d8-266e-4791-b282-4a3a621956bc" testListId="8c84fa94-04c1-424b-9868-57a2d4851a1d" />
    <TestEntry testId="fa5582aa-0969-8329-ed20-a544bc2493f0" executionId="166e353d-bfe7-4c74-8102-e82ec9cc588b" testListId="8c84fa94-04c1-424b-9868-57a2d4851a1d" />
    <TestEntry testId="c0a799d8-5826-b968-4341-7c02b523342d" executionId="fd6f229f-478b-4711-a9c2-c0382383b05c" testListId="8c84fa94-04c1-424b-9868-57a2d4851a1d" />
    <TestEntry testId="e3834107-1002-0c7d-0bb1-807688cf83fa" executionId="38100e2f-9e5f-44d6-aca4-49d09ed7ef27" testListId="8c84fa94-04c1-424b-9868-57a2d4851a1d" />
    <TestEntry testId="a4f43c6c-07d4-6e2c-8522-84c6a5f7a046" executionId="3a5adc64-3f2b-4cdf-875e-404a141faac3" testListId="8c84fa94-04c1-424b-9868-57a2d4851a1d" />
    <TestEntry testId="4ed83c5c-4dd0-01ce-78f5-bebf1374b931" executionId="ef411205-c576-47eb-868e-62e9412b8680" testListId="8c84fa94-04c1-424b-9868-57a2d4851a1d" />
    <TestEntry testId="042e4b06-e811-fabf-dcfa-e5dde6ab6f37" executionId="79f0c5a8-2428-4ec9-987a-3e415438b50a" testListId="8c84fa94-04c1-424b-9868-57a2d4851a1d" />
    <TestEntry testId="341ffe2c-5a65-beea-7a5e-0bcf886d5f61" executionId="2e994d0d-3e5b-4f8c-b128-af7df32ce800" testListId="8c84fa94-04c1-424b-9868-57a2d4851a1d" />
    <TestEntry testId="bfa96954-1ade-7432-e2dc-f4228361eb7e" executionId="62882b34-9cbf-4276-8188-93e346952d54" testListId="8c84fa94-04c1-424b-9868-57a2d4851a1d" />
    <TestEntry testId="0acf8eb4-34bd-388a-8ec8-b0b295cebea3" executionId="9293d793-ffa1-4687-8b33-1f79defd4f1a" testListId="8c84fa94-04c1-424b-9868-57a2d4851a1d" />
    <TestEntry testId="529de1cb-c054-24a3-d07e-67201a262eff" executionId="c2057ec1-0544-4a4e-a90f-dd43e8835b1c" testListId="8c84fa94-04c1-424b-9868-57a2d4851a1d" />
    <TestEntry testId="8c255e8a-9be7-62b5-6cf0-b53daa657b4c" executionId="e9ac775c-bdf4-4137-8f68-19c8da0a0552" testListId="8c84fa94-04c1-424b-9868-57a2d4851a1d" />
    <TestEntry testId="f1c1aed1-8c02-7ed3-ca71-1512f33c940d" executionId="15dbf4e6-70ba-4dcf-8636-c146d93b8cfd" testListId="8c84fa94-04c1-424b-9868-57a2d4851a1d" />
    <TestEntry testId="85f0d7a2-50f5-3f55-25f3-10293ac1284a" executionId="1f8aaed2-e37b-421d-9009-dcb2aba16f43" testListId="8c84fa94-04c1-424b-9868-57a2d4851a1d" />
    <TestEntry testId="4a38998d-a3b2-0927-4ef3-f88ed0f19696" executionId="747f5682-9a6a-4410-bd44-15da28a91ae7" testListId="8c84fa94-04c1-424b-9868-57a2d4851a1d" />
    <TestEntry testId="2e57ef53-c2e9-8040-187f-67a50519993b" executionId="7ccb2630-f83d-446e-b838-0c613806f6c7" testListId="8c84fa94-04c1-424b-9868-57a2d4851a1d" />
    <TestEntry testId="2eb88ddd-f558-856d-3cfd-ca331da0eb4f" executionId="6f8433b6-1347-44a5-865a-9785f5426729" testListId="8c84fa94-04c1-424b-9868-57a2d4851a1d" />
    <TestEntry testId="45a6eb62-602a-ab67-92d5-7f8fcb36b8a6" executionId="a23e80d9-d335-44cc-b0ca-d77054c20e7b" testListId="8c84fa94-04c1-424b-9868-57a2d4851a1d" />
    <TestEntry testId="80bcd6ba-b2f3-2ca0-060f-328653b77f7e" executionId="f0c10293-cb24-4fb6-ac6d-fe78bc8b1ac2" testListId="8c84fa94-04c1-424b-9868-57a2d4851a1d" />
    <TestEntry testId="0ca21471-e267-80e4-d04f-8d936d7fe489" executionId="76265d0e-7662-4819-85be-ba6ad22a9adc" testListId="8c84fa94-04c1-424b-9868-57a2d4851a1d" />
    <TestEntry testId="c7707d26-49ac-496b-58e0-b76d3ec8ffb9" executionId="5738482b-0f48-4897-b226-8ec0235242bf" testListId="8c84fa94-04c1-424b-9868-57a2d4851a1d" />
    <TestEntry testId="500dbc99-e95a-d4b0-2d96-db8e4c25db0c" executionId="32f17eec-565a-4507-bdeb-f754b2ff6155" testListId="8c84fa94-04c1-424b-9868-57a2d4851a1d" />
    <TestEntry testId="c47cd642-011d-92d4-7b02-291c36331e0f" executionId="b6c16f44-928c-48ab-92ac-e973bb8d36da" testListId="8c84fa94-04c1-424b-9868-57a2d4851a1d" />
    <TestEntry testId="dcdacbfb-ca47-8269-e07b-d584187f97f6" executionId="97eb29ff-e5ca-40ed-9269-b55294e22c01" testListId="8c84fa94-04c1-424b-9868-57a2d4851a1d" />
    <TestEntry testId="43d4320b-e5b8-c712-f626-0c1dbfa7b3d2" executionId="f7bb2939-14f8-4436-b7de-d47f71b9a291" testListId="8c84fa94-04c1-424b-9868-57a2d4851a1d" />
    <TestEntry testId="3bd5f0e6-a898-4764-8e91-93aad44dad43" executionId="603b1533-1ccf-402c-b71c-f12e0ea6636d" testListId="8c84fa94-04c1-424b-9868-57a2d4851a1d" />
    <TestEntry testId="fcb4482f-293e-49e1-2ace-5e47fc3c89f2" executionId="d4644188-d6d1-4942-957e-76a1ba89bcd5" testListId="8c84fa94-04c1-424b-9868-57a2d4851a1d" />
    <TestEntry testId="fee316e0-0268-df7c-f4e0-1f6785379901" executionId="274ca85d-ce82-4737-842b-40adfa9950fc" testListId="8c84fa94-04c1-424b-9868-57a2d4851a1d" />
    <TestEntry testId="c7260ebc-a696-37ef-e759-c0251b78d7a6" executionId="c55da1ad-e344-4a65-8604-4fe91e686194" testListId="8c84fa94-04c1-424b-9868-57a2d4851a1d" />
    <TestEntry testId="204ec68e-f4d9-ea5a-48a6-fd1ffb82ba4a" executionId="5500e91b-4828-4f7d-bbd0-44f2f0b1b89f" testListId="8c84fa94-04c1-424b-9868-57a2d4851a1d" />
    <TestEntry testId="740fced9-6282-38dd-0fc6-8b3e84e84d39" executionId="47768485-ede1-4ce2-8bf3-2a2195f91650" testListId="8c84fa94-04c1-424b-9868-57a2d4851a1d" />
    <TestEntry testId="d3ec738c-dc58-8329-14a1-a4f37b7c052c" executionId="aeaaa654-9d76-471f-9c0a-ee9c6ab8c219" testListId="8c84fa94-04c1-424b-9868-57a2d4851a1d" />
    <TestEntry testId="d6e86050-b635-db1d-8206-c133098cbdc5" executionId="c0dffde9-f337-4212-8be7-5eedfed3a9b2" testListId="8c84fa94-04c1-424b-9868-57a2d4851a1d" />
    <TestEntry testId="8c66ed6a-c142-f4bf-b68a-07f6fe8c7b21" executionId="f6059c84-90fb-4201-827f-206d7e4a4240" testListId="8c84fa94-04c1-424b-9868-57a2d4851a1d" />
    <TestEntry testId="2cad99bf-06a6-ea62-b2e9-31b4cc727bdf" executionId="bb55afbe-2e25-48b4-8073-32782521106d" testListId="8c84fa94-04c1-424b-9868-57a2d4851a1d" />
    <TestEntry testId="f9014d6b-492a-bdb0-448e-f3a653852198" executionId="68c263b9-5ab0-4e93-87ee-0b33ff9b8d80" testListId="8c84fa94-04c1-424b-9868-57a2d4851a1d" />
    <TestEntry testId="a9f7def6-0d13-f066-9e7a-f4a1eb9afe32" executionId="992e1dfd-23df-44a3-9a72-a4e8db49b1c9" testListId="8c84fa94-04c1-424b-9868-57a2d4851a1d" />
    <TestEntry testId="2e3265ca-ff0c-d0a3-213a-36e37782dcf7" executionId="f0119f99-0e23-4fb2-b148-da9d2761b9e9" testListId="8c84fa94-04c1-424b-9868-57a2d4851a1d" />
    <TestEntry testId="ac410a5f-7cda-131f-44ee-18d781928622" executionId="35de6d8b-013a-4b72-8003-509ff0996010" testListId="8c84fa94-04c1-424b-9868-57a2d4851a1d" />
    <TestEntry testId="ebbd48e3-e772-1518-0903-28121c43749b" executionId="babecf02-1bd9-4183-93a2-257007fee1ec" testListId="8c84fa94-04c1-424b-9868-57a2d4851a1d" />
    <TestEntry testId="b3406b45-4f3c-1725-423d-8e8cda3fd2f3" executionId="298c2bb6-8c81-422e-b013-c5a640fcb7f3" testListId="8c84fa94-04c1-424b-9868-57a2d4851a1d" />
    <TestEntry testId="7dc4f63b-e6ce-5ea2-9502-4ee57efab7a9" executionId="0889646c-2061-4080-90d6-d3a9e35b95ba" testListId="8c84fa94-04c1-424b-9868-57a2d4851a1d" />
    <TestEntry testId="0e3652d5-121c-9134-4024-f2896c1d566c" executionId="f3c00f47-7acb-491e-a5b9-dfc5232da77f" testListId="8c84fa94-04c1-424b-9868-57a2d4851a1d" />
    <TestEntry testId="b8dcf423-9f57-c2d8-bffc-8be3bb05cf27" executionId="95f133ea-df04-4223-b397-309b33590271" testListId="8c84fa94-04c1-424b-9868-57a2d4851a1d" />
    <TestEntry testId="c7260ebc-a696-37ef-e759-c0251b78d7a6" executionId="a85b0615-995f-45cc-ab78-bd69d1c802df" testListId="8c84fa94-04c1-424b-9868-57a2d4851a1d" />
    <TestEntry testId="0ce2cbd6-1772-13c1-3afe-14dfc1e76a0c" executionId="54bbc8de-3997-4093-a960-0c1b11233d7f" testListId="8c84fa94-04c1-424b-9868-57a2d4851a1d" />
    <TestEntry testId="4104636b-2a4c-5c40-8626-be7e671ed5c4" executionId="6bb9f69f-053f-44f7-a0a9-cd8f6c05fb29" testListId="8c84fa94-04c1-424b-9868-57a2d4851a1d" />
    <TestEntry testId="5e7178a5-bceb-2752-a237-12e45fbef457" executionId="bebc754a-defc-4e93-9c8b-21617fe298da" testListId="8c84fa94-04c1-424b-9868-57a2d4851a1d" />
    <TestEntry testId="c97782fa-97da-7fc4-0401-e5add9386ec0" executionId="54775a80-8a0e-4697-b118-e17b1ec11d1d" testListId="8c84fa94-04c1-424b-9868-57a2d4851a1d" />
    <TestEntry testId="025a149b-7aca-8565-8491-c98419688333" executionId="03775a88-0f63-4253-86ad-d1f263320a1d" testListId="8c84fa94-04c1-424b-9868-57a2d4851a1d" />
    <TestEntry testId="93d12b94-c96d-9e7e-fe21-f1b581ae45e0" executionId="ca1bd166-8ee9-4218-80ad-70d6e679e01e" testListId="8c84fa94-04c1-424b-9868-57a2d4851a1d" />
    <TestEntry testId="c7260ebc-a696-37ef-e759-c0251b78d7a6" executionId="d3fd3bf9-a35d-4cd0-939f-7f884dc94b09" testListId="8c84fa94-04c1-424b-9868-57a2d4851a1d" />
    <TestEntry testId="1080a8fb-c4f5-1740-e9b9-cd24db7a0bc9" executionId="57266a61-0758-4198-8a16-a1eb723d169c" testListId="8c84fa94-04c1-424b-9868-57a2d4851a1d" />
    <TestEntry testId="c7260ebc-a696-37ef-e759-c0251b78d7a6" executionId="bb48f14c-a2a9-4144-9498-18c4c6447a13" testListId="8c84fa94-04c1-424b-9868-57a2d4851a1d" />
    <TestEntry testId="28c54b65-ba6d-244c-23c3-4502fd483c04" executionId="96ac75cd-b838-4bd5-ad58-50673fcd6f7f" testListId="8c84fa94-04c1-424b-9868-57a2d4851a1d" />
    <TestEntry testId="b7845604-90f4-4c19-c812-15897234630b" executionId="8f75d029-066f-49aa-80cd-af59ac13f7de" testListId="8c84fa94-04c1-424b-9868-57a2d4851a1d" />
    <TestEntry testId="50986544-61b7-2562-ac19-20da1407f754" executionId="cbcc8cbe-8762-42f2-a87d-c0f63296c310" testListId="8c84fa94-04c1-424b-9868-57a2d4851a1d" />
    <TestEntry testId="f9ae0af0-1dbd-c575-0c28-ae297b2d1130" executionId="69afe35f-9ed1-4d9e-86f4-aa430a928d61" testListId="8c84fa94-04c1-424b-9868-57a2d4851a1d" />
    <TestEntry testId="66907170-3c34-6824-84fb-9a66563b2b94" executionId="b139a670-c12a-4ae7-9946-8e1be6cfcf11" testListId="8c84fa94-04c1-424b-9868-57a2d4851a1d" />
    <TestEntry testId="1e423626-b1b3-acd3-ee64-66e4478ae98f" executionId="c5dba197-527e-4d9c-8b38-47dfce448762" testListId="8c84fa94-04c1-424b-9868-57a2d4851a1d" />
    <TestEntry testId="80e10096-6405-0c56-1ed1-8d76341a3748" executionId="bdb5092b-1505-4bee-8051-a51b0f3c06b2" testListId="8c84fa94-04c1-424b-9868-57a2d4851a1d" />
    <TestEntry testId="bb2c4065-5432-4767-1497-99410be3a63a" executionId="2123c2c2-4680-4238-b998-482090c27d3b" testListId="8c84fa94-04c1-424b-9868-57a2d4851a1d" />
    <TestEntry testId="493e214b-5ba1-0616-a351-0dbac3dcd27c" executionId="4ef55619-f63e-4a4b-996e-55349f01d7a6" testListId="8c84fa94-04c1-424b-9868-57a2d4851a1d" />
    <TestEntry testId="98750012-9d32-ec78-a59a-9de3af0fb5ba" executionId="f99f574e-91d1-4b2d-bc56-4661e8a4c5dd" testListId="8c84fa94-04c1-424b-9868-57a2d4851a1d" />
    <TestEntry testId="43bff6e9-1834-16bf-ac8a-f7afadccd92b" executionId="36bf84aa-8f58-4238-a85c-5a8a530167f3" testListId="8c84fa94-04c1-424b-9868-57a2d4851a1d" />
    <TestEntry testId="5f92ffc8-636b-989a-07e0-7d959ce6724e" executionId="e695d789-a20d-4011-8829-e91639d897cf" testListId="8c84fa94-04c1-424b-9868-57a2d4851a1d" />
    <TestEntry testId="2321d162-3ee9-2646-4041-1d981536d2bc" executionId="0b86c704-0af4-4a41-8126-a10ab80df712" testListId="8c84fa94-04c1-424b-9868-57a2d4851a1d" />
    <TestEntry testId="ff6b9d2f-e7eb-b731-43bb-645d3e0815bc" executionId="8f1fc504-c6b7-4419-bbe6-7e4af75f1176" testListId="8c84fa94-04c1-424b-9868-57a2d4851a1d" />
    <TestEntry testId="407c04f9-1da3-1372-6fb6-868c7e7c0961" executionId="23bfb456-5251-4012-9527-99ce0d058ffb" testListId="8c84fa94-04c1-424b-9868-57a2d4851a1d" />
    <TestEntry testId="caa7d380-0133-5adc-94ca-95a6401a066d" executionId="14d41900-d2dd-46ca-851c-ae105081083a" testListId="8c84fa94-04c1-424b-9868-57a2d4851a1d" />
    <TestEntry testId="97c8ceb2-b49a-96d7-160c-1cda13537619" executionId="cdbd845c-a3ed-484e-a663-df4d27fc0b94" testListId="8c84fa94-04c1-424b-9868-57a2d4851a1d" />
    <TestEntry testId="b9ee6c48-2df3-ca00-0e3d-ce63ba3738f9" executionId="ad2f7d6c-26c0-4c60-8398-c3ec76a1f24c" testListId="8c84fa94-04c1-424b-9868-57a2d4851a1d" />
    <TestEntry testId="857ea273-55fb-35b8-c39d-7ec2d5a3ddd8" executionId="322749f8-e5a9-448e-b98d-dbff103f0e91" testListId="8c84fa94-04c1-424b-9868-57a2d4851a1d" />
    <TestEntry testId="5d5d2aba-5c18-1e10-0f72-04cd0c208f80" executionId="8f9d24db-c07f-42de-901b-8779d2f15542" testListId="8c84fa94-04c1-424b-9868-57a2d4851a1d" />
    <TestEntry testId="f2471a80-917a-1f7f-dc7f-a6cfdf7bdc83" executionId="ade2c368-6a02-476f-9dcb-2952f725dac5" testListId="8c84fa94-04c1-424b-9868-57a2d4851a1d" />
    <TestEntry testId="d9999ca4-91d2-e7d7-4adc-17f0a648d688" executionId="856048bb-19da-4902-903e-deb4d97d510f" testListId="8c84fa94-04c1-424b-9868-57a2d4851a1d" />
    <TestEntry testId="d2893880-1b00-be8c-93ae-ca6d2eaf84f6" executionId="2c528b04-47c3-4bb1-8a9d-529ff9af36ec" testListId="8c84fa94-04c1-424b-9868-57a2d4851a1d" />
    <TestEntry testId="59bb740e-62bd-14a9-cba6-69f8641edd15" executionId="6e3e37cb-dee8-4b47-ba13-efdc635a8397" testListId="8c84fa94-04c1-424b-9868-57a2d4851a1d" />
    <TestEntry testId="4e74a8ed-032b-65ec-4aad-fdfafaa866e9" executionId="64b5affc-a98a-40f1-8be8-bd51e5f01d96" testListId="8c84fa94-04c1-424b-9868-57a2d4851a1d" />
    <TestEntry testId="b650292d-7608-730d-1109-e36b9cc5667b" executionId="db795d7d-1fc7-45d9-8a06-4bbd28ea2640" testListId="8c84fa94-04c1-424b-9868-57a2d4851a1d" />
    <TestEntry testId="c7186a22-56df-6679-bd7a-5e070fbd5941" executionId="c9a74edf-9c05-48f8-bf5d-cf5a0c3eab90" testListId="8c84fa94-04c1-424b-9868-57a2d4851a1d" />
    <TestEntry testId="c8b608c7-3097-d3d9-2961-baebb1a1cc1e" executionId="2a1c9110-8a0d-477d-86b7-a193dc083664" testListId="8c84fa94-04c1-424b-9868-57a2d4851a1d" />
    <TestEntry testId="adc37a55-3018-40ec-b3ed-4ed7924c463d" executionId="7b8d34f5-c748-481b-9572-78f789dee80b" testListId="8c84fa94-04c1-424b-9868-57a2d4851a1d" />
    <TestEntry testId="216e9fac-e2de-b0ba-3476-e578302ac035" executionId="3efd8b1c-0c98-4558-aef3-539fc37ffc18" testListId="8c84fa94-04c1-424b-9868-57a2d4851a1d" />
    <TestEntry testId="63ddb946-cae0-491a-3ac5-3cef15baa68e" executionId="ee6a58b3-ff6c-4760-87b2-9b37fc46b561" testListId="8c84fa94-04c1-424b-9868-57a2d4851a1d" />
    <TestEntry testId="f0b9b8f1-cb37-1e7a-57a4-826db8b3ce69" executionId="d1e1122d-42d3-4a3a-ba5f-9e87c0592ef0" testListId="8c84fa94-04c1-424b-9868-57a2d4851a1d" />
    <TestEntry testId="1080a8fb-c4f5-1740-e9b9-cd24db7a0bc9" executionId="a6ee4830-1e81-4c67-8cce-7c2508cedf36" testListId="8c84fa94-04c1-424b-9868-57a2d4851a1d" />
    <TestEntry testId="ea740c46-55ff-040b-d2aa-c02d600745bd" executionId="036948a3-59ed-42f5-b8b5-7012037f0513" testListId="8c84fa94-04c1-424b-9868-57a2d4851a1d" />
    <TestEntry testId="1d7aadf5-b89e-4339-1fde-0186b7646a6b" executionId="b3a471d6-ce8a-483e-990b-dca5406185fc" testListId="8c84fa94-04c1-424b-9868-57a2d4851a1d" />
    <TestEntry testId="ebbeec40-03aa-d53f-99f0-a29f86d53fe3" executionId="c2c116e2-566d-4198-a1e7-cb7656fa2a7a" testListId="8c84fa94-04c1-424b-9868-57a2d4851a1d" />
    <TestEntry testId="74489b6f-6a60-3cac-09a1-637aa644b304" executionId="c4723798-2476-47e7-9519-afc2a03e270b" testListId="8c84fa94-04c1-424b-9868-57a2d4851a1d" />
    <TestEntry testId="cda822f6-4456-727b-bf51-447549fca060" executionId="7a2b04e7-7bde-439c-8ffc-eb5a925b4d51" testListId="8c84fa94-04c1-424b-9868-57a2d4851a1d" />
    <TestEntry testId="343a9c4b-56cf-4c89-e571-a22806aea95e" executionId="444c1438-b08e-4c17-ada9-51bb635084a1" testListId="8c84fa94-04c1-424b-9868-57a2d4851a1d" />
    <TestEntry testId="7cc66c2f-1389-fe70-0939-361d757d3492" executionId="5dfccf71-a897-4690-b98f-3a94adfdab8a" testListId="8c84fa94-04c1-424b-9868-57a2d4851a1d" />
    <TestEntry testId="c9975773-7b85-8a44-af72-7766f70d35d2" executionId="34a098b2-d465-4a4c-ac01-7036c2391425" testListId="8c84fa94-04c1-424b-9868-57a2d4851a1d" />
    <TestEntry testId="e37fc82a-fafc-e05f-c580-cc4b262f3e6b" executionId="ad8471bc-ef12-4fe4-b08b-ff0fe1673ab1" testListId="8c84fa94-04c1-424b-9868-57a2d4851a1d" />
    <TestEntry testId="25d9ea8d-3f77-8d80-8134-a3304da674d8" executionId="0a85f226-ce3d-4267-9303-55d7efe29b64" testListId="8c84fa94-04c1-424b-9868-57a2d4851a1d" />
    <TestEntry testId="b88c0c34-4ca2-6d36-f115-0a0e4f142984" executionId="bc207fbc-b23b-420f-82d9-79ad5ca6ed09" testListId="8c84fa94-04c1-424b-9868-57a2d4851a1d" />
    <TestEntry testId="48ce432d-3a8c-36ef-40cb-40950264d0e0" executionId="851fedea-2072-410a-aa7c-7b874cd77a69" testListId="8c84fa94-04c1-424b-9868-57a2d4851a1d" />
    <TestEntry testId="3009c012-ecdc-c216-9767-93f5464c9db5" executionId="b08ce840-5fa5-4db2-8be5-07916bd9c9f3" testListId="8c84fa94-04c1-424b-9868-57a2d4851a1d" />
    <TestEntry testId="3eaa411e-2e30-6c5c-3ceb-1535b3784fdf" executionId="08899f1c-cfab-4e4e-b4ef-cacd5e99d1b8" testListId="8c84fa94-04c1-424b-9868-57a2d4851a1d" />
    <TestEntry testId="fecbf52a-f700-5648-1517-62af9643fe06" executionId="398ed416-85fe-4ecf-9362-e3ba47948a5c" testListId="8c84fa94-04c1-424b-9868-57a2d4851a1d" />
    <TestEntry testId="15678ccf-64e7-2783-8f0a-7b6798d23401" executionId="ba6ca320-42a0-4a55-87a2-08cf3de93dcb" testListId="8c84fa94-04c1-424b-9868-57a2d4851a1d" />
    <TestEntry testId="7052eae4-3b89-c069-a48e-5b820af28a6a" executionId="7f67fc43-bf90-443f-9d2a-982d3313d2c7" testListId="8c84fa94-04c1-424b-9868-57a2d4851a1d" />
    <TestEntry testId="84ec3794-ad26-9989-2249-c7a407d234d8" executionId="c98fbc63-9535-4592-b940-a3f63c4be6cb" testListId="8c84fa94-04c1-424b-9868-57a2d4851a1d" />
    <TestEntry testId="51ccd957-d985-433f-b36c-6d5b994d808c" executionId="221b9848-28bd-420f-a402-9bc5a71e155b" testListId="8c84fa94-04c1-424b-9868-57a2d4851a1d" />
    <TestEntry testId="67768116-f076-e001-d8f2-271ba84d3cfa" executionId="fbbf3147-d899-45b7-a55a-0d314bd762e9" testListId="8c84fa94-04c1-424b-9868-57a2d4851a1d" />
    <TestEntry testId="3d6324e4-b075-f31e-439d-ba873a83cb0a" executionId="75aa6b08-3fda-4a23-b2b5-af40804e0a6d" testListId="8c84fa94-04c1-424b-9868-57a2d4851a1d" />
    <TestEntry testId="658b1943-844d-e105-68ef-805617447f21" executionId="f67fa248-733c-487d-947c-b0fc81bdd988" testListId="8c84fa94-04c1-424b-9868-57a2d4851a1d" />
    <TestEntry testId="a2b10c00-51e6-a608-ee54-89d010179cf7" executionId="75f8011d-3f77-4a8a-934f-e9ff43cb244b" testListId="8c84fa94-04c1-424b-9868-57a2d4851a1d" />
    <TestEntry testId="cb666151-ca36-d93c-1816-b59b9f13d583" executionId="f11667d1-0bc2-4212-92de-34d63179b029" testListId="8c84fa94-04c1-424b-9868-57a2d4851a1d" />
    <TestEntry testId="a144a834-f4a0-0a8d-9433-27998d1058a1" executionId="33d55790-1b63-485f-9891-d9cc60d0ba38" testListId="8c84fa94-04c1-424b-9868-57a2d4851a1d" />
    <TestEntry testId="a709b858-1241-aff8-5339-04e048214dd5" executionId="0b19e07f-e808-4b03-afcf-f3129c5b4663" testListId="8c84fa94-04c1-424b-9868-57a2d4851a1d" />
    <TestEntry testId="4917cd25-e71b-1938-7d12-0763a170235e" executionId="5e247b72-fb3c-4662-8645-2a78a3fbe474" testListId="8c84fa94-04c1-424b-9868-57a2d4851a1d" />
    <TestEntry testId="cc930b5f-de32-3dbf-7a94-c0d11614c646" executionId="da655849-c396-4cef-be10-fa1ea11ce823" testListId="8c84fa94-04c1-424b-9868-57a2d4851a1d" />
    <TestEntry testId="be8fb651-f0db-2481-37f7-dabddb88ecfb" executionId="d20f9a8c-d4a0-472a-9e6f-4710a5b4ccee" testListId="8c84fa94-04c1-424b-9868-57a2d4851a1d" />
    <TestEntry testId="1080a8fb-c4f5-1740-e9b9-cd24db7a0bc9" executionId="c52f4a93-5f4d-4086-8ed9-89701fb0eb91" testListId="8c84fa94-04c1-424b-9868-57a2d4851a1d" />
    <TestEntry testId="a4d0914a-fd2b-c5b4-8fe4-d39393b75899" executionId="a3c65bbf-b449-449a-a5d1-f0801ac97453" testListId="8c84fa94-04c1-424b-9868-57a2d4851a1d" />
    <TestEntry testId="0654b257-2c98-6e2a-b721-90035e3a4ed3" executionId="68d1a833-5752-4651-a9ac-e6c0c770ac37" testListId="8c84fa94-04c1-424b-9868-57a2d4851a1d" />
    <TestEntry testId="b0099555-5384-29c3-792d-dc5199b6490d" executionId="701b5f8d-9014-4d55-b58a-5923a54de510" testListId="8c84fa94-04c1-424b-9868-57a2d4851a1d" />
    <TestEntry testId="d1b803ed-41f9-6daf-3119-a33a83bf72ba" executionId="b50c3c77-ff8f-4ce2-8ae8-5fad3ecc887e" testListId="8c84fa94-04c1-424b-9868-57a2d4851a1d" />
    <TestEntry testId="2a7a5144-ae6a-53c0-7d6e-36d0260f6539" executionId="ac595b32-9f44-49f4-8790-f96ac1cc899a" testListId="8c84fa94-04c1-424b-9868-57a2d4851a1d" />
    <TestEntry testId="7821208d-102d-ef4d-0f0f-99e896338732" executionId="934fdcda-2269-46f0-8fca-dc8f0024740e" testListId="8c84fa94-04c1-424b-9868-57a2d4851a1d" />
    <TestEntry testId="a39a4b78-b6bc-882b-6efa-4348532ef8f1" executionId="db9b3cfe-67ac-4c1e-9588-19de01690e9c" testListId="8c84fa94-04c1-424b-9868-57a2d4851a1d" />
    <TestEntry testId="c3e840bb-971e-5bd2-3acf-7f44fe050f0a" executionId="14b160ad-3cc0-45db-a720-7caaf2cf7d58" testListId="8c84fa94-04c1-424b-9868-57a2d4851a1d" />
    <TestEntry testId="b336db5d-f6da-7cab-6086-6339920ab8dc" executionId="ba455a92-0d91-4cba-9cde-8173fa9d62aa" testListId="8c84fa94-04c1-424b-9868-57a2d4851a1d" />
    <TestEntry testId="78b75ed4-8429-21f9-9592-505525d763b8" executionId="609f7e37-f785-431e-8102-9d414d5cc6d9" testListId="8c84fa94-04c1-424b-9868-57a2d4851a1d" />
    <TestEntry testId="fe703ec9-27b6-a4ed-366d-0f45e834770f" executionId="d27807cd-843f-4ff1-b1b7-c79fab461c1b" testListId="8c84fa94-04c1-424b-9868-57a2d4851a1d" />
    <TestEntry testId="4d7bffe4-2a22-3aee-6e80-fc4697376ea5" executionId="31813af3-35b7-4161-95f9-2506dfb41e1f" testListId="8c84fa94-04c1-424b-9868-57a2d4851a1d" />
    <TestEntry testId="69276199-5bbc-9449-0bf2-f99bf6e1714c" executionId="ca4e17d1-1e96-4cbc-9f24-9ac786982402" testListId="8c84fa94-04c1-424b-9868-57a2d4851a1d" />
    <TestEntry testId="11624a09-d6d0-82b9-3c5b-4336e9420aed" executionId="ad0b8084-3cbe-40bd-8819-36e6799c5589" testListId="8c84fa94-04c1-424b-9868-57a2d4851a1d" />
    <TestEntry testId="5fcac1c4-42bc-fd3a-a7b7-be9c716c0909" executionId="52010566-ec32-494e-93d0-aa521ed1c159" testListId="8c84fa94-04c1-424b-9868-57a2d4851a1d" />
    <TestEntry testId="933a3406-64f7-b6d0-698f-b5a2ef13ba18" executionId="87dae2c5-e48d-42bc-85fe-633a21a3aba7" testListId="8c84fa94-04c1-424b-9868-57a2d4851a1d" />
    <TestEntry testId="44952ada-cc58-51d3-c651-3f4752ba8f48" executionId="8ee664a6-47d4-434a-b2c7-340524780942" testListId="8c84fa94-04c1-424b-9868-57a2d4851a1d" />
    <TestEntry testId="cd43612f-be33-d954-48bd-96e6f5b4c881" executionId="1ec2c3eb-1b8b-445d-848c-94a6df6ef67f" testListId="8c84fa94-04c1-424b-9868-57a2d4851a1d" />
    <TestEntry testId="664cc316-db1b-441b-8afe-c25d90e05374" executionId="c7c96e4e-78ba-4fad-8774-49605750eb95" testListId="8c84fa94-04c1-424b-9868-57a2d4851a1d" />
    <TestEntry testId="d460b2f2-436c-207f-5459-a69c88d875e5" executionId="8aba088a-e2a9-4aab-93b3-2be7b775c089" testListId="8c84fa94-04c1-424b-9868-57a2d4851a1d" />
    <TestEntry testId="733827a3-0c42-f54e-39ac-687f767b99f8" executionId="9c05b5c7-fcb6-41d2-aaac-054e60c857ab" testListId="8c84fa94-04c1-424b-9868-57a2d4851a1d" />
    <TestEntry testId="1ff02200-35f6-0b8a-ae2f-39953dccfcf1" executionId="b4739cda-618c-4d59-9e31-0fe9920f2a52" testListId="8c84fa94-04c1-424b-9868-57a2d4851a1d" />
    <TestEntry testId="a1966e14-6367-baf1-7df0-add3f329d6ee" executionId="ff17a236-cb6e-4587-9085-62591a6caec9" testListId="8c84fa94-04c1-424b-9868-57a2d4851a1d" />
    <TestEntry testId="e2e25697-2304-4ccf-7dd2-dfd8a53841fd" executionId="b93d0cc1-80e4-47dc-a6f8-92042a97fe3d" testListId="8c84fa94-04c1-424b-9868-57a2d4851a1d" />
    <TestEntry testId="ce6a4ff5-99af-bd62-d0d2-6fcb7690b6ab" executionId="0ae3c1b4-20c9-4779-85f0-67fc3d39145c" testListId="8c84fa94-04c1-424b-9868-57a2d4851a1d" />
    <TestEntry testId="f269b2ff-cf72-e8a5-816a-3d76032f18f3" executionId="657ee338-53c4-4e9f-8aeb-a159d3816578" testListId="8c84fa94-04c1-424b-9868-57a2d4851a1d" />
    <TestEntry testId="0a0b7cc3-ab82-d686-c852-682f38411a59" executionId="f46f8cea-c48a-41f7-8bca-d4d4f5a85347" testListId="8c84fa94-04c1-424b-9868-57a2d4851a1d" />
    <TestEntry testId="3b6631f8-8bd0-ec75-5602-eb1173cdb6a6" executionId="bc2109a7-9e8b-45f0-a7e8-e4b8aeb2c826" testListId="8c84fa94-04c1-424b-9868-57a2d4851a1d" />
    <TestEntry testId="87911d36-ce25-2f66-8630-531a2f59fcc7" executionId="5fc49720-1022-4272-a710-0954064623c4" testListId="8c84fa94-04c1-424b-9868-57a2d4851a1d" />
    <TestEntry testId="683ec77b-946e-dd93-a0e4-b34828a13580" executionId="5d69e777-1754-46c9-adcb-52107fd4db3f" testListId="8c84fa94-04c1-424b-9868-57a2d4851a1d" />
    <TestEntry testId="af1df511-6986-4016-c659-009b19ac4412" executionId="e4b5315c-d6bc-41e7-9ea2-3cb808ecdfda" testListId="8c84fa94-04c1-424b-9868-57a2d4851a1d" />
    <TestEntry testId="cf549936-52a3-4b21-d1d1-628304e30406" executionId="59fafea6-ea34-4222-8766-035cd638e29f" testListId="8c84fa94-04c1-424b-9868-57a2d4851a1d" />
    <TestEntry testId="09bc19cc-a6c7-1d3e-9533-163f4c777c4e" executionId="433bf45d-ef0a-4dc2-b181-c131b1c951fc" testListId="8c84fa94-04c1-424b-9868-57a2d4851a1d" />
    <TestEntry testId="87aee4de-60af-df63-f6e2-483edabc57aa" executionId="d48ea9b0-a9e7-4d67-920b-53e3604acf5d" testListId="8c84fa94-04c1-424b-9868-57a2d4851a1d" />
    <TestEntry testId="1f928e90-867b-a003-40e0-af24427d476e" executionId="ade774d3-65f3-402f-ae75-afb41c95f094" testListId="8c84fa94-04c1-424b-9868-57a2d4851a1d" />
    <TestEntry testId="cb7fed50-429e-e286-8103-d78be0428651" executionId="6a964855-bd06-4fbd-9ad8-d77f93b30fd5" testListId="8c84fa94-04c1-424b-9868-57a2d4851a1d" />
    <TestEntry testId="dfd6b9f7-9d36-2422-babe-d9d6b4816af1" executionId="4d0de3a5-3c2d-4a03-a3f7-408103debf2a" testListId="8c84fa94-04c1-424b-9868-57a2d4851a1d" />
    <TestEntry testId="1094b05a-c72e-1463-9b80-0a4701a83541" executionId="a7ec22d8-8882-4ac2-974f-8ccf4c504cde" testListId="8c84fa94-04c1-424b-9868-57a2d4851a1d" />
    <TestEntry testId="bd9d6bfc-12a0-dcd7-3d5c-9eb15f677bf4" executionId="82c7a9cd-17f4-4567-8972-72319f9f1e79" testListId="8c84fa94-04c1-424b-9868-57a2d4851a1d" />
    <TestEntry testId="c7b5f0c0-c409-93a6-a5b6-ade3fce2ad11" executionId="e55fde80-c077-4519-976d-85ff6c4a4f3b" testListId="8c84fa94-04c1-424b-9868-57a2d4851a1d" />
    <TestEntry testId="bb892bb2-eeca-3757-fd24-3801e2ec3e5e" executionId="d6776f3a-0e75-4a66-8057-73b538c023f2" testListId="8c84fa94-04c1-424b-9868-57a2d4851a1d" />
    <TestEntry testId="fa0c4b80-5b9e-c7ae-fe8b-263a9286d40b" executionId="2750176e-46c9-4a3d-b4d6-31c8cbc90522" testListId="8c84fa94-04c1-424b-9868-57a2d4851a1d" />
    <TestEntry testId="f0f2cf6e-e91d-d6e3-e39e-345b40bd28a5" executionId="6b8d91d9-f35c-44c6-8a95-2064f85d9035" testListId="8c84fa94-04c1-424b-9868-57a2d4851a1d" />
    <TestEntry testId="c5f2250f-29c1-c03e-6f58-08ea480d74e6" executionId="8dd0c157-f006-4370-9ad7-5ec7092b3670" testListId="8c84fa94-04c1-424b-9868-57a2d4851a1d" />
    <TestEntry testId="f28f2a6c-fe4a-fdeb-0a10-f738e162e835" executionId="5f77d1d1-301d-4e31-8b46-6895921f7372" testListId="8c84fa94-04c1-424b-9868-57a2d4851a1d" />
    <TestEntry testId="374fc6a1-5637-e8a3-5147-97e7fdba7d9c" executionId="91f62fe5-20fa-4bf0-b61a-ab66ec186bd8" testListId="8c84fa94-04c1-424b-9868-57a2d4851a1d" />
    <TestEntry testId="86e00b5d-e70a-46ac-749b-1f80006e6df7" executionId="0fef83c2-2401-47ad-af96-ab026d9439cc" testListId="8c84fa94-04c1-424b-9868-57a2d4851a1d" />
    <TestEntry testId="04eaae18-b0fd-9865-13a1-eec2c40b7d89" executionId="0056f515-9498-405a-bf8f-47967dc76559" testListId="8c84fa94-04c1-424b-9868-57a2d4851a1d" />
    <TestEntry testId="1080a8fb-c4f5-1740-e9b9-cd24db7a0bc9" executionId="f0fef083-7c38-46c7-b80c-9381d12eb706" testListId="8c84fa94-04c1-424b-9868-57a2d4851a1d" />
    <TestEntry testId="2ebc00b9-91b7-bb71-2558-ae98f538fcea" executionId="c8fd90d5-01f4-4992-b19e-a41b217dd3d6" testListId="8c84fa94-04c1-424b-9868-57a2d4851a1d" />
    <TestEntry testId="a104a9d0-b4e9-9ca0-b603-eed356ac123f" executionId="e897cfd5-fdfa-43ab-bf19-7e5920c69b2a" testListId="8c84fa94-04c1-424b-9868-57a2d4851a1d" />
    <TestEntry testId="691c279d-31ce-a913-a582-b67e5b670a03" executionId="9e3d6e9e-2b06-49ad-88d8-de6f9d5e193f" testListId="8c84fa94-04c1-424b-9868-57a2d4851a1d" />
    <TestEntry testId="bab04e10-c94b-9238-d16e-331a49cba8a1" executionId="39ad569e-9e77-4596-89a3-fefb113f4bc6" testListId="8c84fa94-04c1-424b-9868-57a2d4851a1d" />
    <TestEntry testId="16a3a029-2253-a7fb-b931-957fa142a5f8" executionId="96d013e0-14c1-4879-a7db-61ce846c0a94" testListId="8c84fa94-04c1-424b-9868-57a2d4851a1d" />
    <TestEntry testId="b3592a3a-da3c-9af8-ea55-3f9f51b527c1" executionId="b59f16ec-2674-4235-9a92-85ac950e11ee" testListId="8c84fa94-04c1-424b-9868-57a2d4851a1d" />
    <TestEntry testId="3df8a494-eead-e839-5bee-82a9a6d124ae" executionId="5565ae51-c4e5-4b55-909e-5c343256ca13" testListId="8c84fa94-04c1-424b-9868-57a2d4851a1d" />
    <TestEntry testId="6a0527d5-9a0e-d172-b3aa-5c4ab85ae39a" executionId="0da790a9-45d5-49b9-b410-4b14db36c821" testListId="8c84fa94-04c1-424b-9868-57a2d4851a1d" />
    <TestEntry testId="d2bf099c-2df9-f520-c8db-64c87406737a" executionId="eb48b303-a43a-48e0-83f0-d72e23ad679b" testListId="8c84fa94-04c1-424b-9868-57a2d4851a1d" />
    <TestEntry testId="26f706b2-b0e6-bc2b-a670-abcd95d20de6" executionId="de1b455a-0300-4b2a-b37c-a60698cbc07f" testListId="8c84fa94-04c1-424b-9868-57a2d4851a1d" />
    <TestEntry testId="e72dbfa0-31d3-c902-71d9-137733f4bb23" executionId="7a6e3a9b-8b7b-4ac1-81df-f09d3227bd6a" testListId="8c84fa94-04c1-424b-9868-57a2d4851a1d" />
    <TestEntry testId="94253c8f-2996-7cd3-28d1-c527e3d1e4f5" executionId="9664ca07-77c9-4082-b8c9-e7b7d9fb4453" testListId="8c84fa94-04c1-424b-9868-57a2d4851a1d" />
    <TestEntry testId="cfceecf7-849b-3831-977c-cf0ad4a601b4" executionId="163a6582-fca0-4122-8347-8864f32084f0" testListId="8c84fa94-04c1-424b-9868-57a2d4851a1d" />
    <TestEntry testId="d6ce2fbe-fee7-ba01-b076-812fc1c5f4e6" executionId="e1537dd3-810b-4a58-b168-bde3cb8d3f96" testListId="8c84fa94-04c1-424b-9868-57a2d4851a1d" />
    <TestEntry testId="6db8271f-c9b5-a6ce-d08a-ae04c8c1e851" executionId="37dfc22e-a2cc-47e4-afbf-e4b246c7a684" testListId="8c84fa94-04c1-424b-9868-57a2d4851a1d" />
    <TestEntry testId="9fd87f60-c659-68d5-7045-a42249c2539d" executionId="3ebe434c-f034-4cc9-862d-0fb070f2a5de" testListId="8c84fa94-04c1-424b-9868-57a2d4851a1d" />
    <TestEntry testId="3975845d-d28f-5f42-8ccb-30402ed2e457" executionId="09c4232f-26ff-4354-8636-24bcb6f119ca" testListId="8c84fa94-04c1-424b-9868-57a2d4851a1d" />
    <TestEntry testId="7a5c5fca-2850-ba37-238f-51475a3a9734" executionId="50232fd6-d375-4e7d-98b8-7bb6ae7ecab0" testListId="8c84fa94-04c1-424b-9868-57a2d4851a1d" />
    <TestEntry testId="0c5d354b-d444-9e37-afe4-38b9ea9dc1a1" executionId="c6a63c91-4b40-455e-89bd-2de9975000dd" testListId="8c84fa94-04c1-424b-9868-57a2d4851a1d" />
    <TestEntry testId="0754fb65-8880-86b8-0230-8db442906bae" executionId="85fd537d-97ad-4619-9722-5514115190b5" testListId="8c84fa94-04c1-424b-9868-57a2d4851a1d" />
    <TestEntry testId="3b9fadf8-d8e5-ca46-67cb-fbf18bb3b022" executionId="4f44092f-0719-4322-892a-408c28491809" testListId="8c84fa94-04c1-424b-9868-57a2d4851a1d" />
    <TestEntry testId="f02dc63b-ead9-3c5e-d37a-8d294dbfd3e9" executionId="2b883802-1bad-4a5a-af10-22eb1403c675" testListId="8c84fa94-04c1-424b-9868-57a2d4851a1d" />
    <TestEntry testId="58fd7f3c-cfd3-8b56-1e4a-aa6a5818b24e" executionId="75364da3-dee1-4b7d-9ec9-250e53c772c2" testListId="8c84fa94-04c1-424b-9868-57a2d4851a1d" />
    <TestEntry testId="5e30622e-f9d7-e795-9a51-3d6697054200" executionId="ecb1bfb7-2d2c-46c6-bddc-bccdbfd9034c" testListId="8c84fa94-04c1-424b-9868-57a2d4851a1d" />
    <TestEntry testId="19efe6e3-4aba-c760-3a5a-97341f8a1c8d" executionId="f4fd0756-f5e2-4534-992f-e15e37d887fc" testListId="8c84fa94-04c1-424b-9868-57a2d4851a1d" />
    <TestEntry testId="18230c43-6e0e-39f4-d516-e85545e19098" executionId="7e8f9005-3d24-40ec-8d11-f4719a38ca35" testListId="8c84fa94-04c1-424b-9868-57a2d4851a1d" />
    <TestEntry testId="5cf972f2-b538-396a-f043-7116e483cc74" executionId="f50210d3-6a72-4f21-88d4-22b0c0d8f30f" testListId="8c84fa94-04c1-424b-9868-57a2d4851a1d" />
    <TestEntry testId="6fc22d5b-0137-2783-ba4a-fc20626fe068" executionId="76b58769-caa0-422a-809f-49c4c8fe72a6" testListId="8c84fa94-04c1-424b-9868-57a2d4851a1d" />
    <TestEntry testId="2dcd6984-ca71-e0f2-58f0-317445286deb" executionId="668cbe13-9825-41d7-a89e-d2b16ad36ef4" testListId="8c84fa94-04c1-424b-9868-57a2d4851a1d" />
    <TestEntry testId="167cf0fe-7602-b7e4-e958-ca23fdcc7ea8" executionId="f7aff61a-0665-4324-a975-b2051ddc6b3b" testListId="8c84fa94-04c1-424b-9868-57a2d4851a1d" />
    <TestEntry testId="c464e156-ff9d-7b3c-a4bb-1d352844fd8b" executionId="62cbb74b-e0dd-47eb-8053-52a0ca78703c" testListId="8c84fa94-04c1-424b-9868-57a2d4851a1d" />
    <TestEntry testId="f3ddd03e-1411-577c-cba1-497543af4d7a" executionId="d9fdf204-78b0-49d5-802c-18648ec71c1a" testListId="8c84fa94-04c1-424b-9868-57a2d4851a1d" />
    <TestEntry testId="1b2bff83-5c37-3650-c63c-30a0a581e523" executionId="8ec72686-5f6b-4b74-8b9a-e9a0cbce4548" testListId="8c84fa94-04c1-424b-9868-57a2d4851a1d" />
    <TestEntry testId="dd2e5684-c705-e9a6-3ec2-10a48716f86a" executionId="01718103-cff9-4710-a63b-b47fb97e50b0" testListId="8c84fa94-04c1-424b-9868-57a2d4851a1d" />
    <TestEntry testId="992bec01-afaa-865d-6185-24098986100e" executionId="d3d74fb7-c5b3-4d7f-8c28-c058c3bde628" testListId="8c84fa94-04c1-424b-9868-57a2d4851a1d" />
    <TestEntry testId="ff7cf126-3f50-6353-bdb8-6e1a4f043d22" executionId="3b46f51b-9491-4516-ba6f-a4aa0c6b4556" testListId="8c84fa94-04c1-424b-9868-57a2d4851a1d" />
    <TestEntry testId="e07c5cba-d6df-bd00-c179-205a1a08fcd7" executionId="67ada3e1-25c1-45f1-a7ff-9d380f6b5034" testListId="8c84fa94-04c1-424b-9868-57a2d4851a1d" />
    <TestEntry testId="167d29eb-9c43-8d4e-3b5a-8f9b799134b4" executionId="20b04609-f8fc-4e41-a9ee-b1f6c2d24174" testListId="8c84fa94-04c1-424b-9868-57a2d4851a1d" />
    <TestEntry testId="8ca6541e-14e1-938e-2c32-f43036649250" executionId="7db41238-0ce2-438a-a1e0-47e17b601ac2" testListId="8c84fa94-04c1-424b-9868-57a2d4851a1d" />
    <TestEntry testId="88de2572-1741-7a45-90ad-56ddedd73101" executionId="1de1b3e1-02bd-4134-96a0-f2c413480089" testListId="8c84fa94-04c1-424b-9868-57a2d4851a1d" />
    <TestEntry testId="d1a21710-705a-475a-808d-65b0aad92f71" executionId="b3c17518-8577-452f-a0be-48f3cd05772a" testListId="8c84fa94-04c1-424b-9868-57a2d4851a1d" />
    <TestEntry testId="8ac382fb-edcd-3fed-41e3-7f22ed7119ae" executionId="9ba0a0ad-e684-4340-859e-4b198d7feb74" testListId="8c84fa94-04c1-424b-9868-57a2d4851a1d" />
    <TestEntry testId="b592ff5b-117b-3d29-921a-e2c6bc20586c" executionId="c9562065-962c-48da-801b-85120b107f06" testListId="8c84fa94-04c1-424b-9868-57a2d4851a1d" />
    <TestEntry testId="fef038e5-47db-5676-a6e3-f9525fa89c3f" executionId="f9831b57-df57-4d4a-a272-5c5e8addc779" testListId="8c84fa94-04c1-424b-9868-57a2d4851a1d" />
    <TestEntry testId="e8183165-5cb2-a4bf-657e-2aae1c6d9ee8" executionId="fac80015-895a-419a-a553-cd6fa556f6a1" testListId="8c84fa94-04c1-424b-9868-57a2d4851a1d" />
    <TestEntry testId="b53fa018-4b89-6ccd-6693-bf49832b2617" executionId="bb85d850-3a87-4cc5-b56d-7486850d350f" testListId="8c84fa94-04c1-424b-9868-57a2d4851a1d" />
    <TestEntry testId="948469eb-fad2-d910-de2c-bb9c901b6626" executionId="e04a7e14-e23c-4f91-92f4-bbd1daf3525d" testListId="8c84fa94-04c1-424b-9868-57a2d4851a1d" />
    <TestEntry testId="af511287-7726-fcbe-aa8b-a5ad524834fb" executionId="2e0190fa-a39c-416e-b84d-8ebe5ece27d7" testListId="8c84fa94-04c1-424b-9868-57a2d4851a1d" />
    <TestEntry testId="db019b87-d4bd-8c86-40cc-877e4c588e7e" executionId="e1153e43-de09-4c22-adba-3dd2a8bca810" testListId="8c84fa94-04c1-424b-9868-57a2d4851a1d" />
    <TestEntry testId="5c0058ef-61f7-4dc0-b1da-7231b9856ad7" executionId="173c9245-5dbb-4a75-9fe1-cf17898f370e" testListId="8c84fa94-04c1-424b-9868-57a2d4851a1d" />
    <TestEntry testId="889cc7ec-d3db-c56c-fae3-36b7956585c4" executionId="c01741f6-51d2-4bd1-8845-7f5cbb8afe9c" testListId="8c84fa94-04c1-424b-9868-57a2d4851a1d" />
    <TestEntry testId="b7387a12-f84a-26ca-0854-0faaaf266bb1" executionId="ddb0e881-7414-4d64-9c11-733d9d78e8f5" testListId="8c84fa94-04c1-424b-9868-57a2d4851a1d" />
    <TestEntry testId="e109a630-ae72-b70c-3980-38878814d6df" executionId="8dd67ad7-b201-46c2-88ed-e4a7f8a2497d" testListId="8c84fa94-04c1-424b-9868-57a2d4851a1d" />
    <TestEntry testId="423f9afa-c05a-5d5f-21f6-0f8e6db246cc" executionId="9fb900f9-4f6a-4818-89df-6f52e6b73e22" testListId="8c84fa94-04c1-424b-9868-57a2d4851a1d" />
    <TestEntry testId="af21394a-886f-4baa-5c2f-a0e77f67e3ce" executionId="434f108f-8dad-4446-8052-9b8a6d1626e3" testListId="8c84fa94-04c1-424b-9868-57a2d4851a1d" />
    <TestEntry testId="c70b4fb2-8ef3-65ba-069e-288c3fbbf72d" executionId="1ff56340-0ca0-4288-8822-f8e55f9a7daf" testListId="8c84fa94-04c1-424b-9868-57a2d4851a1d" />
    <TestEntry testId="5cbb49db-c4c4-d869-7712-02a4cb98a9c5" executionId="83151995-258c-4dae-ad18-6ff6fb78a5c2" testListId="8c84fa94-04c1-424b-9868-57a2d4851a1d" />
    <TestEntry testId="74492ed3-b837-ab56-bec8-ac512e575564" executionId="a0266400-f1a7-49f1-8ee5-cf184f1b3db2" testListId="8c84fa94-04c1-424b-9868-57a2d4851a1d" />
    <TestEntry testId="197b697b-0386-3b6a-3e1b-6dce58ce3798" executionId="91a322b4-209d-4cf3-93db-f07e526049e5" testListId="8c84fa94-04c1-424b-9868-57a2d4851a1d" />
    <TestEntry testId="cee55200-ca43-f89d-d226-dc0dce2d369d" executionId="46011b34-485a-4816-a88c-3cf5da1cf499" testListId="8c84fa94-04c1-424b-9868-57a2d4851a1d" />
    <TestEntry testId="04fa04f7-67bf-5a53-fa58-49cf14b25b0a" executionId="109381f0-abf1-462b-b2fd-11e051eb10ee" testListId="8c84fa94-04c1-424b-9868-57a2d4851a1d" />
    <TestEntry testId="734f9863-940c-6f02-4bab-fe88b38a76bc" executionId="1dc58332-adbe-413d-a97e-fd60e231f40e" testListId="8c84fa94-04c1-424b-9868-57a2d4851a1d" />
    <TestEntry testId="7b6483b7-b933-1c4e-ecb1-6b13dd9fb812" executionId="c739c58b-f117-4f77-bb10-cb4288c84c47" testListId="8c84fa94-04c1-424b-9868-57a2d4851a1d" />
    <TestEntry testId="0f26f69b-7b4d-0553-8ed7-248b685fe2fb" executionId="7ff9591e-e762-40d8-a355-be795af21b44" testListId="8c84fa94-04c1-424b-9868-57a2d4851a1d" />
    <TestEntry testId="ddba84f0-f8c6-7f68-67dd-172ed32d6a5f" executionId="d3cd7c03-e1fb-48a5-b148-6a2b58ac62e2" testListId="8c84fa94-04c1-424b-9868-57a2d4851a1d" />
    <TestEntry testId="c0289689-7433-164e-3634-e12ec9d84c28" executionId="d87a7a61-2d35-46e9-932d-1bcf95c175b5" testListId="8c84fa94-04c1-424b-9868-57a2d4851a1d" />
    <TestEntry testId="854f00f2-309c-74d6-c1a4-72f0ffde0b08" executionId="541e5ba4-a656-4e18-a498-0049b231c460" testListId="8c84fa94-04c1-424b-9868-57a2d4851a1d" />
    <TestEntry testId="df22ee67-fe35-3b38-4b54-4df7d29979ff" executionId="3d4db261-74fb-46cc-a03e-48e539699a87" testListId="8c84fa94-04c1-424b-9868-57a2d4851a1d" />
    <TestEntry testId="4ce7167a-79f4-919c-bb47-9794f52f4f6b" executionId="e3dad0a4-8186-4ca3-ba02-9beaeda885cd" testListId="8c84fa94-04c1-424b-9868-57a2d4851a1d" />
    <TestEntry testId="70e076bf-2766-bdd3-83dc-52a251517bb2" executionId="49fc23b1-f556-47dc-8070-084597f82258" testListId="8c84fa94-04c1-424b-9868-57a2d4851a1d" />
    <TestEntry testId="430aa0c8-617c-dddc-2ea3-ec2d79e7c917" executionId="0aa1bda5-8dcb-428f-85f8-acb5724882d3" testListId="8c84fa94-04c1-424b-9868-57a2d4851a1d" />
    <TestEntry testId="23b58f3e-490c-efc8-cd5b-da219b5577a2" executionId="9eac84e2-1277-4962-9d06-4f1ef375e75d" testListId="8c84fa94-04c1-424b-9868-57a2d4851a1d" />
    <TestEntry testId="c627bc7d-6318-33ed-321f-a2f71de1cac0" executionId="9a0e5d00-b875-4fce-9386-d2cdc6b2b2b8" testListId="8c84fa94-04c1-424b-9868-57a2d4851a1d" />
    <TestEntry testId="cdb6966b-89e3-061a-b57d-77961a42fecd" executionId="2d62d92a-7e0d-4807-b800-34cef5467697" testListId="8c84fa94-04c1-424b-9868-57a2d4851a1d" />
    <TestEntry testId="f6c474d3-00fd-6ba3-81a0-6a58579bb030" executionId="3b912436-7ab4-4410-80e2-a99197ea6280" testListId="8c84fa94-04c1-424b-9868-57a2d4851a1d" />
    <TestEntry testId="9aecfd5e-2fa6-a6bb-36c6-3f8db459d4e7" executionId="eb940486-ec7f-4669-a386-3c2abe5852a7" testListId="8c84fa94-04c1-424b-9868-57a2d4851a1d" />
    <TestEntry testId="68e1cb8f-726e-8055-f025-3bc54f1b35e6" executionId="ef8b73f6-8c78-448a-8065-62d776fa50b5" testListId="8c84fa94-04c1-424b-9868-57a2d4851a1d" />
    <TestEntry testId="1f8888d0-974d-1253-c62e-e8da2f6e9380" executionId="d752971c-531b-4c91-8de1-81a323b1e708" testListId="8c84fa94-04c1-424b-9868-57a2d4851a1d" />
    <TestEntry testId="bce2d6d3-d6e9-4a28-b02a-873c89117904" executionId="cc45b9a7-ca96-4160-b289-b36250c2d478" testListId="8c84fa94-04c1-424b-9868-57a2d4851a1d" />
    <TestEntry testId="68b9dfec-41b7-a06d-054b-ba6568f69ed0" executionId="38407a31-312a-4e61-aa98-fb5dbd494bbb" testListId="8c84fa94-04c1-424b-9868-57a2d4851a1d" />
    <TestEntry testId="986596bb-7293-785e-9f6e-59417acc5c22" executionId="947ae353-9d3a-4f10-91c1-554e382d7116" testListId="8c84fa94-04c1-424b-9868-57a2d4851a1d" />
    <TestEntry testId="c35a814e-9384-7acc-ddbe-abf15dd24711" executionId="ffc32b37-027f-4190-8e50-06c27d6e16ca" testListId="8c84fa94-04c1-424b-9868-57a2d4851a1d" />
    <TestEntry testId="7179ca30-eb08-1973-f624-fea8f3355f0a" executionId="79691fd7-2cec-4cce-9c70-430380794176" testListId="8c84fa94-04c1-424b-9868-57a2d4851a1d" />
    <TestEntry testId="ee4a139b-64d6-aff9-926b-67f81984161d" executionId="3de36fb2-60bd-4949-bad3-4ffc25b59003" testListId="8c84fa94-04c1-424b-9868-57a2d4851a1d" />
    <TestEntry testId="08f25456-1c66-a071-fe5d-652bad4ee49f" executionId="91d68011-31f6-4c2f-90ba-5184f86e638a" testListId="8c84fa94-04c1-424b-9868-57a2d4851a1d" />
    <TestEntry testId="8be4c463-cb5a-6514-541c-31baa72d5804" executionId="8a44f3a9-351c-48d6-a972-82eee1d49d7a" testListId="8c84fa94-04c1-424b-9868-57a2d4851a1d" />
    <TestEntry testId="d5a1b061-2809-0610-fa7b-2bdf5d153d5a" executionId="145accc0-7621-4f0f-9a1a-0d39bf0d56ff" testListId="8c84fa94-04c1-424b-9868-57a2d4851a1d" />
    <TestEntry testId="7af25eb2-7127-3e21-cc65-c83fed2a5810" executionId="51d77a7b-e82d-4c1a-8839-fc9b2e4971c4" testListId="8c84fa94-04c1-424b-9868-57a2d4851a1d" />
    <TestEntry testId="ef499aef-42f7-0728-6a9f-31627f63d83a" executionId="ee216e69-a2eb-422e-a8b9-524c655fd601" testListId="8c84fa94-04c1-424b-9868-57a2d4851a1d" />
    <TestEntry testId="8833ef68-544f-629e-ba62-4c0492854b3a" executionId="7e0eba3d-804e-45de-9418-19d0f9a11386" testListId="8c84fa94-04c1-424b-9868-57a2d4851a1d" />
    <TestEntry testId="af9fd74a-a57e-8075-74d9-29b73251f52a" executionId="8f5e8cf6-ffdf-4ffa-9691-d03c4fca0cc8" testListId="8c84fa94-04c1-424b-9868-57a2d4851a1d" />
    <TestEntry testId="c8868afd-ebd7-bf80-1ef4-1fcdd001e59c" executionId="050ae4f2-d028-40a0-862e-418949192a2c" testListId="8c84fa94-04c1-424b-9868-57a2d4851a1d" />
    <TestEntry testId="b32fbca2-fd96-6801-df4d-5e05fbbf16cd" executionId="05909e8d-5d14-4eeb-b5c6-96f5dcdb1f5e" testListId="8c84fa94-04c1-424b-9868-57a2d4851a1d" />
    <TestEntry testId="18ab6519-8e78-4ae0-2836-31bcbe5e86b8" executionId="53dab914-57f2-4afe-acf1-c021a40c7f91" testListId="8c84fa94-04c1-424b-9868-57a2d4851a1d" />
    <TestEntry testId="2fd84072-b7ae-5b84-3b19-88f2c791dcf8" executionId="c78a8c37-f84a-4579-9dff-d29cf5dfcd7b" testListId="8c84fa94-04c1-424b-9868-57a2d4851a1d" />
    <TestEntry testId="fb1ea6d3-ed55-3e3c-01db-435ecf109149" executionId="0161f166-c92f-46bc-a374-cc95e6a70d94" testListId="8c84fa94-04c1-424b-9868-57a2d4851a1d" />
    <TestEntry testId="69de5064-9530-8522-5aca-3f925924187c" executionId="32469ddf-c9c0-47fc-b324-792e47a2851b" testListId="8c84fa94-04c1-424b-9868-57a2d4851a1d" />
    <TestEntry testId="8d1ec54f-6f2e-8913-a64b-6938483c7bdf" executionId="923da9e4-b161-4b23-9646-6d3ca0b631b6" testListId="8c84fa94-04c1-424b-9868-57a2d4851a1d" />
    <TestEntry testId="126e9b27-9086-add0-76df-2e01519124fe" executionId="ff3284a9-ff09-4d2b-b27a-57e947cfc12a" testListId="8c84fa94-04c1-424b-9868-57a2d4851a1d" />
    <TestEntry testId="e0223052-f40e-90bb-44ff-bfaca7443ea2" executionId="1f7badd3-64ca-49da-a133-4501d129f417" testListId="8c84fa94-04c1-424b-9868-57a2d4851a1d" />
    <TestEntry testId="f981ef23-60f4-612d-88c7-df81d7933025" executionId="22453b7c-f4c8-4fcd-a29b-0ed1f7df2e4a" testListId="8c84fa94-04c1-424b-9868-57a2d4851a1d" />
    <TestEntry testId="bc1d743c-a713-9956-587a-90ce63485ccd" executionId="45745d5e-f43b-429d-adc8-03ef92037ffb" testListId="8c84fa94-04c1-424b-9868-57a2d4851a1d" />
    <TestEntry testId="78ec1d94-5126-b998-bdea-4ccf472722de" executionId="e6ecf739-3375-446d-8ead-cc4d5cc0c86f" testListId="8c84fa94-04c1-424b-9868-57a2d4851a1d" />
    <TestEntry testId="1846f0e2-ad28-cf26-458d-b7afdec0a603" executionId="7a576f8f-8e7f-4593-9b0f-ca43918b019b" testListId="8c84fa94-04c1-424b-9868-57a2d4851a1d" />
    <TestEntry testId="cd2125a8-dd28-e8ad-cef1-fab6282540fa" executionId="386f6d4f-5519-40e3-90e6-45bc4f564fb7" testListId="8c84fa94-04c1-424b-9868-57a2d4851a1d" />
    <TestEntry testId="ae0b7b88-d28a-0c6a-d7b5-b6074453b325" executionId="6de19a15-ed4d-48c9-8ace-275869645d13" testListId="8c84fa94-04c1-424b-9868-57a2d4851a1d" />
    <TestEntry testId="d5660f8e-df83-16a9-1ec1-a39dd8975d93" executionId="65e10acc-306e-4626-9d90-91a3a43bcf99" testListId="8c84fa94-04c1-424b-9868-57a2d4851a1d" />
    <TestEntry testId="698be713-7c8c-a4d5-ca15-109742b446a6" executionId="a875c705-c060-49a4-b285-54ea0dbb4c0d" testListId="8c84fa94-04c1-424b-9868-57a2d4851a1d" />
    <TestEntry testId="c39998c7-59d1-3884-496a-ced476601085" executionId="9bc750ef-4457-4604-8a8c-9b57f69da2e7" testListId="8c84fa94-04c1-424b-9868-57a2d4851a1d" />
    <TestEntry testId="ac8a09f0-5e61-decb-d06b-aadb102dc985" executionId="1a608ac8-06ac-4013-ae72-515f4a088bae" testListId="8c84fa94-04c1-424b-9868-57a2d4851a1d" />
    <TestEntry testId="fb6a888f-3f0e-5222-cc4c-163e04022e10" executionId="fc7fabcb-cf13-4ba5-bdff-fe1a5e5ccacf" testListId="8c84fa94-04c1-424b-9868-57a2d4851a1d" />
    <TestEntry testId="d4ebb818-3d73-36c8-00c0-19cf2def6827" executionId="823bc716-7a4f-452f-b979-730491c3e3f1" testListId="8c84fa94-04c1-424b-9868-57a2d4851a1d" />
    <TestEntry testId="5b90c1d8-8835-03a2-b0d1-18389db2169b" executionId="ee6e9474-0753-45cf-95b5-846a67d9c0bb" testListId="8c84fa94-04c1-424b-9868-57a2d4851a1d" />
    <TestEntry testId="c0a10c5d-987b-cbeb-19c6-612af8b241de" executionId="2afc7015-33ea-4a92-9288-f52053961133" testListId="8c84fa94-04c1-424b-9868-57a2d4851a1d" />
    <TestEntry testId="8711884e-02d6-84da-2a3c-72030d6d92dd" executionId="e4c1157c-9280-4328-9f03-15f8c815091c" testListId="8c84fa94-04c1-424b-9868-57a2d4851a1d" />
    <TestEntry testId="52aee1a2-31a0-f3c6-6395-196c2c9cc229" executionId="ba7b021a-0dcd-45bd-bbba-19c984a53791" testListId="8c84fa94-04c1-424b-9868-57a2d4851a1d" />
    <TestEntry testId="452d884b-ac05-1868-5528-0f831d9a3142" executionId="e503b483-fce2-4adb-8dc7-7e40de5a6ed5" testListId="8c84fa94-04c1-424b-9868-57a2d4851a1d" />
    <TestEntry testId="28374e96-3231-6de2-97b5-ed5b9d438372" executionId="69c7c59f-b07e-4014-9837-9c0c77ed5ac8" testListId="8c84fa94-04c1-424b-9868-57a2d4851a1d" />
    <TestEntry testId="ec9464fa-54e9-5e57-2c0c-f67ca173717c" executionId="e31d5494-afb9-4239-bf48-ba067e78e9a1" testListId="8c84fa94-04c1-424b-9868-57a2d4851a1d" />
    <TestEntry testId="0f48a21b-1e86-63a2-d0ee-bcb5b2715fdb" executionId="389f8872-e391-416e-9418-6675450e0cbd" testListId="8c84fa94-04c1-424b-9868-57a2d4851a1d" />
    <TestEntry testId="5875fd9b-f733-e8be-11e6-9e711dad7bc3" executionId="ed87ae82-ce47-4bb3-b311-78ee33e21d62" testListId="8c84fa94-04c1-424b-9868-57a2d4851a1d" />
    <TestEntry testId="c4a71f90-a1b5-33db-47e1-d661fe488bfd" executionId="b9d27207-c95c-4bde-8c8e-e6a203b727d2" testListId="8c84fa94-04c1-424b-9868-57a2d4851a1d" />
    <TestEntry testId="4d556cfe-854e-c787-4581-c33346532a5d" executionId="25c62c9e-1518-47b2-82dc-deb426a61595" testListId="8c84fa94-04c1-424b-9868-57a2d4851a1d" />
    <TestEntry testId="7e560910-18ba-7409-cc96-344ad0715c1f" executionId="4d35745a-310e-444d-9c6a-be4ae28ac779" testListId="8c84fa94-04c1-424b-9868-57a2d4851a1d" />
    <TestEntry testId="1e6887f7-d6e0-ff10-8138-aae4dcb4b007" executionId="b5c0288e-91b6-4f9f-9a4a-91f9a885a164" testListId="8c84fa94-04c1-424b-9868-57a2d4851a1d" />
    <TestEntry testId="7db44fff-c010-6e1f-c591-b0c7b45efced" executionId="a6562404-1af5-4431-8791-629512da1a4e" testListId="8c84fa94-04c1-424b-9868-57a2d4851a1d" />
    <TestEntry testId="98ac3c5d-c0d0-f78a-4080-5f1e368b87ba" executionId="e4d4cd38-8353-4279-92dd-b29e32a90bc1" testListId="8c84fa94-04c1-424b-9868-57a2d4851a1d" />
    <TestEntry testId="3c833b0f-7562-cd20-cdba-54fcf6f967ba" executionId="2487bd79-ffad-4be6-9288-fee315d769d1" testListId="8c84fa94-04c1-424b-9868-57a2d4851a1d" />
    <TestEntry testId="81ce516b-61af-f7c6-0950-d181cffbf745" executionId="df5b04be-a2e3-4e4e-a3e2-c17538f25ec7" testListId="8c84fa94-04c1-424b-9868-57a2d4851a1d" />
    <TestEntry testId="07b9b62b-6ccb-9e5f-65bf-12a815afe446" executionId="4b8620ac-6a3d-48ff-a335-847c8a16df21" testListId="8c84fa94-04c1-424b-9868-57a2d4851a1d" />
    <TestEntry testId="2cddd469-a0f2-9264-213a-2de34700270e" executionId="0146191a-9ce3-455e-b503-aa0c603d9e6f" testListId="8c84fa94-04c1-424b-9868-57a2d4851a1d" />
    <TestEntry testId="6f8db2a7-071c-d418-c1ae-5a64ece4fd33" executionId="5da57589-d579-421d-9111-0ecee037c98d" testListId="8c84fa94-04c1-424b-9868-57a2d4851a1d" />
    <TestEntry testId="94a81240-e8ee-1fd0-6ba9-374b081fbc95" executionId="ae7473fb-7be3-46c0-bd9e-67d012dc5c33" testListId="8c84fa94-04c1-424b-9868-57a2d4851a1d" />
    <TestEntry testId="0af89d2f-3c16-7d42-a0f5-a711e4c2d4f9" executionId="678b9b78-2918-4a7b-ad4f-c5a7abbea492" testListId="8c84fa94-04c1-424b-9868-57a2d4851a1d" />
    <TestEntry testId="b10f248a-72b4-80bc-d772-2a647c32a39f" executionId="ca544365-7028-4619-8da0-0c6846f0f6c8" testListId="8c84fa94-04c1-424b-9868-57a2d4851a1d" />
    <TestEntry testId="1080a8fb-c4f5-1740-e9b9-cd24db7a0bc9" executionId="7510c59f-8436-4613-95ca-860ad439bf8d" testListId="8c84fa94-04c1-424b-9868-57a2d4851a1d" />
    <TestEntry testId="1399327c-3b4c-e3a2-679b-5038749a13be" executionId="e6c54014-18b6-46de-a0cb-1e7474e80418" testListId="8c84fa94-04c1-424b-9868-57a2d4851a1d" />
    <TestEntry testId="72cc5b50-54c9-3c8a-ddf0-28c5c8ad5f24" executionId="5df19a14-b158-43aa-aa74-0095ad0b9d91" testListId="8c84fa94-04c1-424b-9868-57a2d4851a1d" />
    <TestEntry testId="4586b572-c1be-31af-92a2-3c11f0c75a90" executionId="62251913-a301-4b2f-8e22-cb40aa37f477" testListId="8c84fa94-04c1-424b-9868-57a2d4851a1d" />
    <TestEntry testId="578e4937-09fb-d108-a077-30407429910a" executionId="ebeabe9b-f6d5-4c0d-8f6a-b62f01c2128b" testListId="8c84fa94-04c1-424b-9868-57a2d4851a1d" />
    <TestEntry testId="c7260ebc-a696-37ef-e759-c0251b78d7a6" executionId="5343122c-17d0-46f8-9a58-2cd95baca53b" testListId="8c84fa94-04c1-424b-9868-57a2d4851a1d" />
    <TestEntry testId="ff8577fb-ce84-7fd8-66c7-cb19e42ba466" executionId="3b8e1913-ed8d-46a2-9336-00f970146e3e" testListId="8c84fa94-04c1-424b-9868-57a2d4851a1d" />
    <TestEntry testId="dbff81b8-932a-53eb-0e70-56d8723fbce2" executionId="6e95689d-5b68-4ea0-881f-af1d17748a0c" testListId="8c84fa94-04c1-424b-9868-57a2d4851a1d" />
    <TestEntry testId="e10ea7c3-757f-6d51-f40f-4cc73bcc55f0" executionId="a94681b4-c19f-48ab-b6ef-3c59f9ae8f73" testListId="8c84fa94-04c1-424b-9868-57a2d4851a1d" />
    <TestEntry testId="daeec1e1-cfc9-7590-8989-30104087c3ae" executionId="d626b815-ead6-4bbb-9b06-16475ffc19be" testListId="8c84fa94-04c1-424b-9868-57a2d4851a1d" />
    <TestEntry testId="000d2ffe-c28c-3f02-8a16-d76f8824c706" executionId="8a250c51-902c-4ace-93d7-35c630bec48b" testListId="8c84fa94-04c1-424b-9868-57a2d4851a1d" />
    <TestEntry testId="0dbcccb5-c0f3-ea14-a0cd-d30007cef0b2" executionId="1506f2ae-172d-4cc8-bcb6-d508def4dd4e" testListId="8c84fa94-04c1-424b-9868-57a2d4851a1d" />
    <TestEntry testId="3f4ab3c6-c31b-06ef-404d-209e89ccfff8" executionId="01229b1e-1c2c-450a-8008-708fc6a03845" testListId="8c84fa94-04c1-424b-9868-57a2d4851a1d" />
    <TestEntry testId="1f9d8d4e-bdd5-1045-c046-294402fb07ab" executionId="448d2367-d4ca-449a-a4d9-6bb5e714d585" testListId="8c84fa94-04c1-424b-9868-57a2d4851a1d" />
    <TestEntry testId="99a569d2-9071-9f63-e184-d4a7bcd2446c" executionId="e32d773d-f911-4503-8e0f-741277c78b83" testListId="8c84fa94-04c1-424b-9868-57a2d4851a1d" />
    <TestEntry testId="f87737b6-0ea4-d085-5eac-870e8d1cf8f4" executionId="f408b074-9348-40d3-a058-355e79cd9e11" testListId="8c84fa94-04c1-424b-9868-57a2d4851a1d" />
    <TestEntry testId="9e53424c-7b82-7974-6d12-ebccbeb830ee" executionId="ab3a95c9-b102-43ff-8ce6-84f09326a9b2" testListId="8c84fa94-04c1-424b-9868-57a2d4851a1d" />
    <TestEntry testId="9c96bea9-71d6-919f-991b-f09a016aab82" executionId="80f96f49-9c15-47b2-b870-fc800e607b6b" testListId="8c84fa94-04c1-424b-9868-57a2d4851a1d" />
    <TestEntry testId="90b706b5-a0e9-4c9f-9dc3-e3cc9454f3ef" executionId="d96253c4-15ad-48f6-a881-37092ecc6ce8" testListId="8c84fa94-04c1-424b-9868-57a2d4851a1d" />
    <TestEntry testId="4b2f3ef2-7fb2-5a93-2514-233028be4ddc" executionId="197d3128-ba7a-4d89-9026-42deed174134" testListId="8c84fa94-04c1-424b-9868-57a2d4851a1d" />
    <TestEntry testId="6dcb3b51-98c4-1b8d-3c1e-b4bc3b6aed8a" executionId="4f23c496-86b6-423b-b40f-5bdea42bfd8a" testListId="8c84fa94-04c1-424b-9868-57a2d4851a1d" />
    <TestEntry testId="b0eb830d-c891-b7ee-7580-2c6230530ff4" executionId="1ae9c5a3-8ff4-434b-b6bd-376d0ff9e454" testListId="8c84fa94-04c1-424b-9868-57a2d4851a1d" />
    <TestEntry testId="30fa9209-d066-e423-381b-b8353c5b9b01" executionId="3089d76e-a608-480c-860e-916007ffdd26" testListId="8c84fa94-04c1-424b-9868-57a2d4851a1d" />
    <TestEntry testId="445fe214-f5e7-12a9-5342-bad235a2e291" executionId="80b3db2e-c3ef-4f79-91c5-24d6f3078c4a" testListId="8c84fa94-04c1-424b-9868-57a2d4851a1d" />
    <TestEntry testId="073e6733-72fc-7de4-4ef2-bd3101333097" executionId="ab50bb1c-cf94-42ad-896a-886718c37f00" testListId="8c84fa94-04c1-424b-9868-57a2d4851a1d" />
    <TestEntry testId="4ffe5b63-7ff2-196f-6471-65315e48ce9f" executionId="0ec6ccde-2578-4af9-82c1-5048527d7d89" testListId="8c84fa94-04c1-424b-9868-57a2d4851a1d" />
    <TestEntry testId="1520d318-c5d5-7cb9-aea5-f24056a340d4" executionId="86893124-8085-4225-b68d-76ea9c6a3dcb" testListId="8c84fa94-04c1-424b-9868-57a2d4851a1d" />
    <TestEntry testId="f0751a27-d37c-06b5-8da7-d8f602dae3ef" executionId="382bdb33-cdfd-400f-a189-c53f96e75afe" testListId="8c84fa94-04c1-424b-9868-57a2d4851a1d" />
    <TestEntry testId="1e7170e4-ab6a-5b56-5e8c-459d5697bd4d" executionId="5af07f36-93ea-4483-bc60-3968a6a17033" testListId="8c84fa94-04c1-424b-9868-57a2d4851a1d" />
    <TestEntry testId="b7df37af-0c80-61e1-5e4d-6d36ed7ff295" executionId="82306f35-91a8-4ff7-a6de-f1b20c4ed731" testListId="8c84fa94-04c1-424b-9868-57a2d4851a1d" />
    <TestEntry testId="6a2e4886-53da-2fe5-e75a-da400dfb166e" executionId="1533f231-4ab4-48f8-ab65-b8142dd13507" testListId="8c84fa94-04c1-424b-9868-57a2d4851a1d" />
    <TestEntry testId="2ee445b8-95a6-d091-7813-4c4e8610a0c0" executionId="1483712a-2585-407e-9aa9-9c2ad2b13b23" testListId="8c84fa94-04c1-424b-9868-57a2d4851a1d" />
    <TestEntry testId="dd3aa683-a087-9abc-3c49-f63b0f664e93" executionId="4a61eede-a0f3-470f-8d6c-9d0077dbcd4f" testListId="8c84fa94-04c1-424b-9868-57a2d4851a1d" />
    <TestEntry testId="68170cb8-230b-d544-40ee-1225986855a7" executionId="d165919d-8122-4fc8-add4-ac57cf2c3428" testListId="8c84fa94-04c1-424b-9868-57a2d4851a1d" />
    <TestEntry testId="f07e0260-7c4e-b3c7-977a-304866560796" executionId="a8add7cd-6056-4e42-95ae-cc4a0fff2469" testListId="8c84fa94-04c1-424b-9868-57a2d4851a1d" />
    <TestEntry testId="5d6e755c-8e48-63c5-4ff6-5c87a82269d4" executionId="5ecf2c7e-f80d-4dcc-aee5-30237979b909" testListId="8c84fa94-04c1-424b-9868-57a2d4851a1d" />
    <TestEntry testId="b2269b89-0bb6-2e61-6341-5af4efbde415" executionId="4127ac84-629a-43d8-b77a-6c381c0559e8" testListId="8c84fa94-04c1-424b-9868-57a2d4851a1d" />
    <TestEntry testId="1d4e397c-0d5e-ade4-d66a-803a9176eb51" executionId="67680b0e-9426-4614-bf0d-0e7e8a673551" testListId="8c84fa94-04c1-424b-9868-57a2d4851a1d" />
    <TestEntry testId="15f13652-48ef-f054-6db9-ee15c6fd93f0" executionId="ccd43d62-027b-4098-9920-21c3dbbaf9d8" testListId="8c84fa94-04c1-424b-9868-57a2d4851a1d" />
    <TestEntry testId="f1c2d53d-76bf-0e33-f757-63962806c42e" executionId="758688c2-ad8a-424f-841f-fcbff3d4cc07" testListId="8c84fa94-04c1-424b-9868-57a2d4851a1d" />
    <TestEntry testId="871613c3-73ac-6af9-8fa3-26046d31030f" executionId="2d16e35e-db9e-4330-96b3-ac063cce93a4" testListId="8c84fa94-04c1-424b-9868-57a2d4851a1d" />
    <TestEntry testId="fa3cedf8-56a5-48eb-3e47-bf4e3d09a5b7" executionId="c49cebd2-36be-43e3-9916-5fc179cf12aa" testListId="8c84fa94-04c1-424b-9868-57a2d4851a1d" />
    <TestEntry testId="92eebf8a-d742-7edb-c8d7-cec559535ed0" executionId="dd2ee996-1bea-43e8-a022-fc8f17e1d9a1" testListId="8c84fa94-04c1-424b-9868-57a2d4851a1d" />
    <TestEntry testId="0bbf1396-b361-3879-3d26-d14ab5966a80" executionId="24fea506-aed6-453c-82e2-3fc6c23676d1" testListId="8c84fa94-04c1-424b-9868-57a2d4851a1d" />
    <TestEntry testId="9e3f27a6-59c2-db03-8c89-df0fbdc5a2f0" executionId="1397806e-1ace-4b65-aafb-2c5702d5042f" testListId="8c84fa94-04c1-424b-9868-57a2d4851a1d" />
    <TestEntry testId="d4d1dc49-5e06-af2a-81b7-443bbb8d03d9" executionId="8f683a97-a594-4b38-b761-1ebae0f7b285" testListId="8c84fa94-04c1-424b-9868-57a2d4851a1d" />
    <TestEntry testId="e550075f-ec03-582a-ae35-c5745bd8c000" executionId="d6c01809-2fdc-4bc2-9fc7-111a7cb6ead7" testListId="8c84fa94-04c1-424b-9868-57a2d4851a1d" />
    <TestEntry testId="1080a8fb-c4f5-1740-e9b9-cd24db7a0bc9" executionId="229d994a-5dd6-4ed9-ae40-3e5c9868aa62" testListId="8c84fa94-04c1-424b-9868-57a2d4851a1d" />
    <TestEntry testId="f92b64fc-c600-e866-594f-6beed616abf0" executionId="2d75c87b-5049-4bb9-98ca-53afa6f6bbcf" testListId="8c84fa94-04c1-424b-9868-57a2d4851a1d" />
    <TestEntry testId="977c73f4-fd1b-0456-8ef8-c349ad80659c" executionId="4060879c-2c74-46da-ad99-f9466653553b" testListId="8c84fa94-04c1-424b-9868-57a2d4851a1d" />
    <TestEntry testId="d7e9df2f-96f9-8f18-408c-5c36c24fb919" executionId="ee4a73f2-8b4e-4427-8815-08c424d48495" testListId="8c84fa94-04c1-424b-9868-57a2d4851a1d" />
    <TestEntry testId="7fd4a501-472d-0628-de76-e06cc5af1298" executionId="7239331f-1c28-4cbf-8853-9bc404c1b25b" testListId="8c84fa94-04c1-424b-9868-57a2d4851a1d" />
    <TestEntry testId="fd183794-75d0-1337-52c6-3655b93eaa37" executionId="5d856bff-65d4-4dda-a01f-31c455c11926" testListId="8c84fa94-04c1-424b-9868-57a2d4851a1d" />
    <TestEntry testId="5f15552d-6595-dcf5-ef51-efe930a16e57" executionId="2caf6b7e-932d-44fc-8c01-f35f5519aa64" testListId="8c84fa94-04c1-424b-9868-57a2d4851a1d" />
    <TestEntry testId="2ea2195b-b7a5-1314-2954-98a12fc50d14" executionId="6f153360-31ff-415c-ade2-a12a903b0ad4" testListId="8c84fa94-04c1-424b-9868-57a2d4851a1d" />
    <TestEntry testId="7b0e6520-1427-6b8d-b421-60c6eb71a855" executionId="c5b989c0-16af-4a01-8337-9ff3639e2ad3" testListId="8c84fa94-04c1-424b-9868-57a2d4851a1d" />
    <TestEntry testId="b388759f-a49d-99d5-8209-71e56f780616" executionId="13c2c9d3-785a-4a1a-878a-3f06ac4bb8a1" testListId="8c84fa94-04c1-424b-9868-57a2d4851a1d" />
    <TestEntry testId="a3919ee8-13c2-696b-4f7f-2281c4b990e7" executionId="98cdd1f0-51c0-43a1-9086-fc4d64e10405" testListId="8c84fa94-04c1-424b-9868-57a2d4851a1d" />
    <TestEntry testId="d92da177-70ee-1e79-de32-dfb0eb2ac873" executionId="b4961134-0869-4610-96c8-5bb7e1991c8a" testListId="8c84fa94-04c1-424b-9868-57a2d4851a1d" />
    <TestEntry testId="5ceb19d9-ff49-0c14-8746-40f7adbdf2d3" executionId="559340af-8bb2-4ac2-9d29-49dc71253da9" testListId="8c84fa94-04c1-424b-9868-57a2d4851a1d" />
    <TestEntry testId="febca7d2-42e6-1d75-e68e-53b2a645e318" executionId="1be7540c-9559-490b-a51d-b713f1e9d8ab" testListId="8c84fa94-04c1-424b-9868-57a2d4851a1d" />
    <TestEntry testId="bb804751-e35b-1383-438c-81158f47394e" executionId="92846dcd-4083-4000-93f9-26396f564230" testListId="8c84fa94-04c1-424b-9868-57a2d4851a1d" />
    <TestEntry testId="eb80b2cc-f0aa-f4c7-9b3a-65fe81ed350c" executionId="d22a95ec-84ae-4a0a-98a1-ea50cd8647a0" testListId="8c84fa94-04c1-424b-9868-57a2d4851a1d" />
    <TestEntry testId="79220347-2bdc-d608-3e58-432b022a5ddf" executionId="4c619561-0dcd-46e8-be67-e337e356b759" testListId="8c84fa94-04c1-424b-9868-57a2d4851a1d" />
    <TestEntry testId="71f44d20-bf10-f1a9-f29a-5c7a0568a5a2" executionId="ecb8916d-8e0d-452f-b650-d1f2ecbeb837" testListId="8c84fa94-04c1-424b-9868-57a2d4851a1d" />
    <TestEntry testId="a8d9421e-717c-4446-5700-f3c737afbfcf" executionId="73583749-8337-45de-a6d1-191209bcaef4" testListId="8c84fa94-04c1-424b-9868-57a2d4851a1d" />
    <TestEntry testId="78758eba-eae5-42cc-60c9-e7329bb692cd" executionId="c324bc44-6e81-4620-9514-d79e1bdea011" testListId="8c84fa94-04c1-424b-9868-57a2d4851a1d" />
    <TestEntry testId="84668c7d-98a4-7570-225d-d17038a1f1cc" executionId="63b816d4-9c7d-4065-a9e7-2b5f9bff0eba" testListId="8c84fa94-04c1-424b-9868-57a2d4851a1d" />
    <TestEntry testId="4ad9e53c-ff4b-0056-56b1-87e62b8cc632" executionId="676bf838-9493-4b6f-ab16-a256e8544d09" testListId="8c84fa94-04c1-424b-9868-57a2d4851a1d" />
    <TestEntry testId="f57a68b8-550e-d06e-a08f-f698f6b7b611" executionId="b891c6f3-e498-44e1-93ef-eb6ebcd34572" testListId="8c84fa94-04c1-424b-9868-57a2d4851a1d" />
    <TestEntry testId="2998b75b-5b76-2da6-6663-0c4d1b29b513" executionId="f2f1fe3e-1caa-4e58-9fd2-9388bb119736" testListId="8c84fa94-04c1-424b-9868-57a2d4851a1d" />
    <TestEntry testId="73fdf9a4-1f47-879d-e4aa-389a3f9e2139" executionId="78654b4a-8f83-443e-b456-6c1f4b3fa54a" testListId="8c84fa94-04c1-424b-9868-57a2d4851a1d" />
    <TestEntry testId="f2be85e0-6529-13c2-75b2-7fd800b37ce0" executionId="c939184b-f26c-419e-ba3a-10686f49e42a" testListId="8c84fa94-04c1-424b-9868-57a2d4851a1d" />
    <TestEntry testId="703459f9-2e51-91e2-8f91-2086dd3c6666" executionId="2e716cb7-e51b-4e49-a0a5-8792f7ca4016" testListId="8c84fa94-04c1-424b-9868-57a2d4851a1d" />
    <TestEntry testId="d46e0468-1201-0469-5c1b-100cd08bac8c" executionId="1fb08d90-a711-4d01-8e23-10227c244e72" testListId="8c84fa94-04c1-424b-9868-57a2d4851a1d" />
    <TestEntry testId="9d08ca09-20b1-1ef3-6b6d-276b2ca56f66" executionId="d45c37b4-896b-4357-ba66-ccd070d16a36" testListId="8c84fa94-04c1-424b-9868-57a2d4851a1d" />
    <TestEntry testId="f3b64202-f4c6-04cb-5f74-c90582389df6" executionId="07c83855-77f9-4165-9470-7cee978b2e75" testListId="8c84fa94-04c1-424b-9868-57a2d4851a1d" />
    <TestEntry testId="a53cdb8f-0eeb-bbc0-8bdb-0a81a10f20f1" executionId="e6cfc96f-4291-4fe1-8f45-af36d5b5c1e3" testListId="8c84fa94-04c1-424b-9868-57a2d4851a1d" />
    <TestEntry testId="ce19970c-89c6-247b-5f9d-7ca92d5da0a2" executionId="655be57a-3667-4bc3-a37a-1245d5fe8b2e" testListId="8c84fa94-04c1-424b-9868-57a2d4851a1d" />
    <TestEntry testId="0ff4db9f-5f38-5efa-de90-1ce1219075c7" executionId="1498337a-e2b7-4f6c-ae75-4172789a7c66" testListId="8c84fa94-04c1-424b-9868-57a2d4851a1d" />
    <TestEntry testId="31b0bba9-afe2-39d5-f6be-7a3d9635195e" executionId="7043e4d0-8c8c-40ce-b96b-97f71703cdd9" testListId="8c84fa94-04c1-424b-9868-57a2d4851a1d" />
    <TestEntry testId="7e30bead-337f-eb80-0031-cca28a124eaf" executionId="3e510186-c492-417a-8ad7-eac7185dc956" testListId="8c84fa94-04c1-424b-9868-57a2d4851a1d" />
    <TestEntry testId="b9d0b4e5-54e6-b0eb-1dc1-b2b36b844cca" executionId="a60466d2-ac2e-47c4-b9e2-3e5f2f383d19" testListId="8c84fa94-04c1-424b-9868-57a2d4851a1d" />
    <TestEntry testId="4b295c11-bb0f-eb9d-22f7-da3873ab67a6" executionId="c5fd7f2d-ce00-439c-87e4-32aa0ff18864" testListId="8c84fa94-04c1-424b-9868-57a2d4851a1d" />
    <TestEntry testId="e54af17f-d257-2ba5-75be-655bc07b8cf2" executionId="db5ba594-b2e3-4876-9e0e-c842d4489afe" testListId="8c84fa94-04c1-424b-9868-57a2d4851a1d" />
    <TestEntry testId="0b1dadfc-5b78-0cad-febf-8fafbe4581b8" executionId="a805be81-cbe8-465e-9d78-c6f139eca3e1" testListId="8c84fa94-04c1-424b-9868-57a2d4851a1d" />
    <TestEntry testId="5dfd0924-30fb-e241-4081-0266b6f4c8ea" executionId="82ecdb99-d8c1-4f29-8079-a45f595378dd" testListId="8c84fa94-04c1-424b-9868-57a2d4851a1d" />
    <TestEntry testId="777b4233-f4ef-2355-4688-3f77c21a4c3d" executionId="da87e010-4976-49ee-be84-3d10f8922720" testListId="8c84fa94-04c1-424b-9868-57a2d4851a1d" />
    <TestEntry testId="22eccf0a-789a-6b0f-8cb1-b8eb6843c5ba" executionId="413f203d-1306-44f9-8544-d56b639d1eff" testListId="8c84fa94-04c1-424b-9868-57a2d4851a1d" />
    <TestEntry testId="8b422a60-fe88-f77d-1f35-c2b273eb392c" executionId="1b0bae77-13d0-450b-87b6-f23b475af699" testListId="8c84fa94-04c1-424b-9868-57a2d4851a1d" />
    <TestEntry testId="48246a8a-ac8e-a193-1e89-47f3431568b0" executionId="37703667-0e86-4ac7-8831-9bea2af2ee9d" testListId="8c84fa94-04c1-424b-9868-57a2d4851a1d" />
    <TestEntry testId="c8588eb8-3e03-7bb0-2d9c-2b8ea6384b10" executionId="32a59dda-db8b-4336-9a35-44726e25ecf8" testListId="8c84fa94-04c1-424b-9868-57a2d4851a1d" />
    <TestEntry testId="b39a59a1-4eff-96d6-eb7a-a54ad3b8cb11" executionId="6e873f4b-7105-46e9-86de-aacb5ebaceaa" testListId="8c84fa94-04c1-424b-9868-57a2d4851a1d" />
    <TestEntry testId="e14ecc4d-cd25-f90a-8302-d41af63d51ae" executionId="e547c4ad-140c-448b-b0ac-c41d9d7ca65b" testListId="8c84fa94-04c1-424b-9868-57a2d4851a1d" />
    <TestEntry testId="e8b93970-dfc8-7f76-1183-62f96878b264" executionId="2241ed61-f10f-4cae-ae63-5f078ce6e27c" testListId="8c84fa94-04c1-424b-9868-57a2d4851a1d" />
    <TestEntry testId="83689a74-853d-0bdd-638e-aafb982eedcb" executionId="d7e31ed5-9062-4db8-a8f7-1e70b09c428e" testListId="8c84fa94-04c1-424b-9868-57a2d4851a1d" />
    <TestEntry testId="db18bf83-7d08-becd-54cd-4a4d5b90a1ef" executionId="5e73e53a-769d-4344-afd9-6ea683ccac8f" testListId="8c84fa94-04c1-424b-9868-57a2d4851a1d" />
    <TestEntry testId="a70f5413-6006-3a94-1740-0cadbd3f730c" executionId="1dffc0d0-6cd5-46a0-aaae-a4181cfc35cc" testListId="8c84fa94-04c1-424b-9868-57a2d4851a1d" />
    <TestEntry testId="e3184b48-eb0e-2245-afd4-a8e08abf3d07" executionId="c5bae9f1-6a27-4c78-bbc6-f6e0aff0169a" testListId="8c84fa94-04c1-424b-9868-57a2d4851a1d" />
    <TestEntry testId="031d0fd0-f8b2-5e1c-4482-86c9b8e73d65" executionId="c3f38d78-0ede-41ac-89ce-3d8932a34612" testListId="8c84fa94-04c1-424b-9868-57a2d4851a1d" />
    <TestEntry testId="673639f5-caa0-5106-b921-c3f3cb22be4b" executionId="4ce247e1-2f5f-49a5-aaff-c9af7d114a4c" testListId="8c84fa94-04c1-424b-9868-57a2d4851a1d" />
    <TestEntry testId="ec7d19ad-ade8-9765-2912-b94ec23659ea" executionId="e1e8a9f9-ac35-467b-b7e9-efa090667108" testListId="8c84fa94-04c1-424b-9868-57a2d4851a1d" />
    <TestEntry testId="a9b5fb0c-fdd1-e756-f5a2-4dd9aa3afd91" executionId="7f757dc6-6ab9-4214-b8e9-0f98501d0310" testListId="8c84fa94-04c1-424b-9868-57a2d4851a1d" />
    <TestEntry testId="b5db854b-1b0c-04e8-29d5-c4f5370952c6" executionId="63a701ad-a1fc-4347-8810-b232e600687f" testListId="8c84fa94-04c1-424b-9868-57a2d4851a1d" />
    <TestEntry testId="593be9dc-60fc-2229-6010-519b94c318da" executionId="e558b973-9c00-47bf-85a0-929bf3345b62" testListId="8c84fa94-04c1-424b-9868-57a2d4851a1d" />
    <TestEntry testId="493eac30-9a2e-c0a5-b279-4d707c07c29c" executionId="a8c60684-5945-4892-84a9-1f361a96f149" testListId="8c84fa94-04c1-424b-9868-57a2d4851a1d" />
    <TestEntry testId="89641d7d-69df-219c-d49a-eeeef2f6e5bd" executionId="1b4328c6-1506-4ec6-9e17-5caa12fd1937" testListId="8c84fa94-04c1-424b-9868-57a2d4851a1d" />
    <TestEntry testId="b4e4a47f-33b4-e773-6373-e489b9e1d137" executionId="d743f770-2f6d-4236-8bf7-bfd034c98849" testListId="8c84fa94-04c1-424b-9868-57a2d4851a1d" />
    <TestEntry testId="78f88ff1-724e-29cc-05ae-f2636c45d0b3" executionId="a38f0394-0fe6-48f2-b87c-23293dbf78cd" testListId="8c84fa94-04c1-424b-9868-57a2d4851a1d" />
    <TestEntry testId="53e250cc-3093-fbfb-a08c-ff13ad5482d9" executionId="ccd19c5a-1469-4541-a323-a68f32656428" testListId="8c84fa94-04c1-424b-9868-57a2d4851a1d" />
    <TestEntry testId="9a52722b-ecef-ab64-8ec1-3050cbfd63e3" executionId="5dd98318-bd6a-4d3a-89b3-13087bd022dd" testListId="8c84fa94-04c1-424b-9868-57a2d4851a1d" />
    <TestEntry testId="eb93954a-ccc3-8abb-c6fc-2786206276ad" executionId="c643a7ac-9db5-4a35-b766-ecf0ebbe0532" testListId="8c84fa94-04c1-424b-9868-57a2d4851a1d" />
    <TestEntry testId="b2430c0e-338b-1abd-dd62-bb26e5871d26" executionId="62645310-b0fc-4c4d-a105-41d5d45e31a7" testListId="8c84fa94-04c1-424b-9868-57a2d4851a1d" />
    <TestEntry testId="00c56986-8112-361d-d786-53486ce4373f" executionId="e6c11efe-7780-49fa-a678-59190b7a0697" testListId="8c84fa94-04c1-424b-9868-57a2d4851a1d" />
    <TestEntry testId="6e7b248d-c90d-f81a-ea63-9c387347b88e" executionId="e9e18f81-7582-4037-aa35-2e6a4e71879e" testListId="8c84fa94-04c1-424b-9868-57a2d4851a1d" />
    <TestEntry testId="004e2533-e0d1-128f-7566-581332560c49" executionId="15bf548f-9944-4a0f-bc17-ef3f03a80a2a" testListId="8c84fa94-04c1-424b-9868-57a2d4851a1d" />
    <TestEntry testId="5f92604e-9501-54cb-010b-c8142fddb778" executionId="98480fa9-b192-4c84-84c7-1ab18a42c3b3" testListId="8c84fa94-04c1-424b-9868-57a2d4851a1d" />
    <TestEntry testId="94e2310c-c5a1-6396-6932-8758e6a50179" executionId="26ed69d2-c727-49a0-91ea-be68138955f9" testListId="8c84fa94-04c1-424b-9868-57a2d4851a1d" />
    <TestEntry testId="07425356-3fde-058a-6d9d-00d12485716f" executionId="8ffc2da1-2f4e-4c7d-8cc3-e8930266e11e" testListId="8c84fa94-04c1-424b-9868-57a2d4851a1d" />
    <TestEntry testId="1506ab79-d31a-d54b-1312-24eb0a40dcb2" executionId="4e2bff29-015a-4f80-bc74-2cf29de5df8a" testListId="8c84fa94-04c1-424b-9868-57a2d4851a1d" />
    <TestEntry testId="ad6b6ed2-be61-6eba-3ee9-cc5d8ec2fc87" executionId="ab0f873b-72de-44aa-91e6-6f0e30c2f5b6" testListId="8c84fa94-04c1-424b-9868-57a2d4851a1d" />
    <TestEntry testId="313388aa-300e-4ea4-2b25-efd63fb97fae" executionId="eb9ecb7b-b0d1-4752-9a7e-55dfceea4334" testListId="8c84fa94-04c1-424b-9868-57a2d4851a1d" />
    <TestEntry testId="59d801d5-0795-e645-9e32-80a7c6115651" executionId="12578861-c779-44b9-8744-f93b1b0842b4" testListId="8c84fa94-04c1-424b-9868-57a2d4851a1d" />
    <TestEntry testId="8821d8f0-6f93-764c-e58d-7410f30a46e2" executionId="bf6e3ffd-af5a-46ad-8d9f-ec6fe9c13044" testListId="8c84fa94-04c1-424b-9868-57a2d4851a1d" />
    <TestEntry testId="e35cdee5-7b44-d822-fca5-f437ad2620dd" executionId="8232989c-81d2-499d-b6a6-4209c5120d21" testListId="8c84fa94-04c1-424b-9868-57a2d4851a1d" />
    <TestEntry testId="f2bea136-9b06-0068-8ee1-74a52d5766ca" executionId="6949ca55-0671-4680-bd9b-f6475079a68f" testListId="8c84fa94-04c1-424b-9868-57a2d4851a1d" />
    <TestEntry testId="ec336f4c-688d-a70b-f869-a979e649d734" executionId="9b04f087-fc1f-4c62-bdab-d626c878410d" testListId="8c84fa94-04c1-424b-9868-57a2d4851a1d" />
    <TestEntry testId="40b64cb7-a0ad-328d-3438-891a5dc934e6" executionId="cca54ffc-60ce-43e9-8f6d-5a47589c240e" testListId="8c84fa94-04c1-424b-9868-57a2d4851a1d" />
    <TestEntry testId="bbbbbdcd-8874-a9b9-ab2b-ef3843ecf39f" executionId="cb95dd68-338f-46f4-a2fb-2620f1940345" testListId="8c84fa94-04c1-424b-9868-57a2d4851a1d" />
    <TestEntry testId="86ce3c86-1c42-2a33-7541-9a4ea50c4d2a" executionId="93a48c0e-628c-4702-95d8-d340b2fb08b1" testListId="8c84fa94-04c1-424b-9868-57a2d4851a1d" />
    <TestEntry testId="ec5d73b7-1bad-9588-4c3a-96c51b850227" executionId="3ebbf4e0-4c51-4535-9394-0a3a7749c145" testListId="8c84fa94-04c1-424b-9868-57a2d4851a1d" />
    <TestEntry testId="c680db2f-0852-0119-fe23-410188617f76" executionId="37e262a2-4cb3-4892-891e-bb0d4dd13976" testListId="8c84fa94-04c1-424b-9868-57a2d4851a1d" />
    <TestEntry testId="c90cffb8-7886-9206-0f6d-ae5f6e2d2db8" executionId="9857a1ab-e35a-4bc3-af2d-107ea79e7a77" testListId="8c84fa94-04c1-424b-9868-57a2d4851a1d" />
    <TestEntry testId="d2f1f98f-3678-8cc2-c5ce-77210d53b79d" executionId="e9093faf-c72b-4380-893b-aab0109516e5" testListId="8c84fa94-04c1-424b-9868-57a2d4851a1d" />
    <TestEntry testId="13f70ca0-df3a-1cbe-aaed-fa77112d156e" executionId="78792b2b-995e-4596-a63c-e8424f622c3e" testListId="8c84fa94-04c1-424b-9868-57a2d4851a1d" />
    <TestEntry testId="c23a43ff-da51-f073-82fc-74b6b5bd55d3" executionId="6603a524-936d-4e50-97b0-278cbf333c63" testListId="8c84fa94-04c1-424b-9868-57a2d4851a1d" />
    <TestEntry testId="1fa5fbf1-63a6-d7c4-6c8c-69a791cf8b51" executionId="c34cdc04-c29d-43ce-9e41-ebb83b1abbc5" testListId="8c84fa94-04c1-424b-9868-57a2d4851a1d" />
    <TestEntry testId="5504f349-886e-364d-1fc2-a3566c2bdac1" executionId="db5f216a-1299-4a9d-9e1a-15ea23f18a4d" testListId="8c84fa94-04c1-424b-9868-57a2d4851a1d" />
    <TestEntry testId="613e6019-e82f-f557-0d4e-4161a7225b12" executionId="c69f9fda-a495-4dfc-a436-8871b6ffc7cf" testListId="8c84fa94-04c1-424b-9868-57a2d4851a1d" />
    <TestEntry testId="414507dc-3be0-3ccc-90b9-ff4da80f144d" executionId="02105ca1-89f6-47ab-b3e2-56c8151f05b1" testListId="8c84fa94-04c1-424b-9868-57a2d4851a1d" />
    <TestEntry testId="8a9f9b07-b161-9145-5cc4-080caeb6b9a6" executionId="92f62000-0ebb-4f87-aa31-ae57dd9915c0" testListId="8c84fa94-04c1-424b-9868-57a2d4851a1d" />
    <TestEntry testId="bb8878dc-e145-9d91-744b-958cc0c47ea9" executionId="9bee7665-ad1d-4923-8c40-bc101e152a6d" testListId="8c84fa94-04c1-424b-9868-57a2d4851a1d" />
    <TestEntry testId="2e10f293-2d1b-d96d-5956-1f1b02add547" executionId="80ece9c0-0378-4dc0-8b2c-7c9a5f8cd3db" testListId="8c84fa94-04c1-424b-9868-57a2d4851a1d" />
    <TestEntry testId="ecfc0388-f6bc-da8d-a5b5-d1efa1a611b0" executionId="0f56b803-7bb4-4f08-bfc4-5a22defb93a1" testListId="8c84fa94-04c1-424b-9868-57a2d4851a1d" />
    <TestEntry testId="56495ced-8f70-9ecf-2fda-94fd4a0bb119" executionId="36cb9d1a-446c-4113-afcc-1cadd03a38c3" testListId="8c84fa94-04c1-424b-9868-57a2d4851a1d" />
    <TestEntry testId="aad7b082-ad36-2151-bf4b-62d03ef63fe9" executionId="47d31286-b0de-42bc-94bb-62b8802af479" testListId="8c84fa94-04c1-424b-9868-57a2d4851a1d" />
    <TestEntry testId="547e16e6-b4e4-b7dc-2721-5de4a2e1c2fa" executionId="9f8329a2-5c63-4962-acda-16713e440d15" testListId="8c84fa94-04c1-424b-9868-57a2d4851a1d" />
    <TestEntry testId="9c519711-bd54-8221-1195-949eacd1eb87" executionId="2d93e652-db4f-4610-bb14-c1afb7729492" testListId="8c84fa94-04c1-424b-9868-57a2d4851a1d" />
    <TestEntry testId="3a943fc5-bd2d-6d2e-3b7f-72da9b065854" executionId="6a84398a-1eb2-4fa0-9341-f4364141298e" testListId="8c84fa94-04c1-424b-9868-57a2d4851a1d" />
    <TestEntry testId="a9698f6c-27a8-f8bf-21ae-915a84a6589e" executionId="cafb9dc9-a603-4db5-9ef0-424dec2a9911" testListId="8c84fa94-04c1-424b-9868-57a2d4851a1d" />
    <TestEntry testId="1f55550d-79ec-9cbc-d258-412fde4e2031" executionId="4716a271-b078-4d77-9f7a-d2fff64a9105" testListId="8c84fa94-04c1-424b-9868-57a2d4851a1d" />
    <TestEntry testId="bfb4a4ab-f219-f9d5-e9a2-9005ca01f77f" executionId="32cdb42b-d6a4-4f24-9c7d-b768d10c4ef5" testListId="8c84fa94-04c1-424b-9868-57a2d4851a1d" />
    <TestEntry testId="45d63f8a-6753-ab8c-86f2-506f15b9ffc2" executionId="5ce38b96-265d-41c0-a563-7055c06fddc8" testListId="8c84fa94-04c1-424b-9868-57a2d4851a1d" />
    <TestEntry testId="6c885341-b58d-cdac-7ebe-9347c940dd6b" executionId="8f38bea0-ffa7-4e1e-b215-8304e972220a" testListId="8c84fa94-04c1-424b-9868-57a2d4851a1d" />
    <TestEntry testId="f3d69de4-39c4-a4ca-8189-6166c88a27ce" executionId="70efe099-0998-4dfb-8646-341d99bed950" testListId="8c84fa94-04c1-424b-9868-57a2d4851a1d" />
    <TestEntry testId="7c8d8e5b-ceaf-3ef0-a848-11df7f047f49" executionId="7e95ccf5-592e-4c64-89a2-0e6db0311eb4" testListId="8c84fa94-04c1-424b-9868-57a2d4851a1d" />
    <TestEntry testId="a3005a1a-8b2c-0502-0368-f3d16f878c68" executionId="26a1cc5a-76f2-49d5-9697-80df69ab5d88" testListId="8c84fa94-04c1-424b-9868-57a2d4851a1d" />
    <TestEntry testId="abe52657-6fba-beee-55a1-cb8340e11ce8" executionId="5e8ef2fc-7ddc-495f-8c31-61fa4e355d1e" testListId="8c84fa94-04c1-424b-9868-57a2d4851a1d" />
    <TestEntry testId="5ca47bb4-42a5-7c90-6f0f-6e1a35b407bf" executionId="5b0203e7-78c0-4a71-b8f6-4cec9c28a064" testListId="8c84fa94-04c1-424b-9868-57a2d4851a1d" />
    <TestEntry testId="0c7ba82c-3458-246c-5e54-67468f7649e5" executionId="84b70dc7-6df9-47c8-ba93-5494a8f5232d" testListId="8c84fa94-04c1-424b-9868-57a2d4851a1d" />
    <TestEntry testId="9e61a264-82a4-bfa1-64cd-a2c2159339ad" executionId="64e68302-8c90-4077-8c07-c0f1b1feec88" testListId="8c84fa94-04c1-424b-9868-57a2d4851a1d" />
    <TestEntry testId="ff5a250b-c009-aaa9-7fac-f42a0c60cffd" executionId="4e86946c-61d2-47cb-bbd0-c30c90e685f8" testListId="8c84fa94-04c1-424b-9868-57a2d4851a1d" />
    <TestEntry testId="70dd68d1-e333-f471-5ea3-6b0f098649cb" executionId="be89ea9e-6cf8-4ca0-91b5-505c5849d5fc" testListId="8c84fa94-04c1-424b-9868-57a2d4851a1d" />
    <TestEntry testId="e5d4de92-500a-b270-2ca4-bf8b6c07fb09" executionId="a8ec6675-55b5-4a7c-bd38-971b2eb30c6d" testListId="8c84fa94-04c1-424b-9868-57a2d4851a1d" />
    <TestEntry testId="3b8c1ae0-931c-1394-7fe4-6b32a66aa0d2" executionId="20bba154-0b22-405a-abd2-9d936547a1b9" testListId="8c84fa94-04c1-424b-9868-57a2d4851a1d" />
    <TestEntry testId="12e548d2-14a5-3439-dd11-0471d30fc9c8" executionId="51c1cfed-8f53-4e40-81b7-5ac214b98b86" testListId="8c84fa94-04c1-424b-9868-57a2d4851a1d" />
    <TestEntry testId="c0ea6c78-235b-2eb3-3fcc-01a2d57402d0" executionId="4cf58f4e-f4df-4323-b579-ccf9f19f53ff" testListId="8c84fa94-04c1-424b-9868-57a2d4851a1d" />
    <TestEntry testId="e2284ed6-b273-5106-69cd-65123e28e093" executionId="6745aad5-c3b8-4a38-9864-8011fb9fa3cb" testListId="8c84fa94-04c1-424b-9868-57a2d4851a1d" />
    <TestEntry testId="31574c20-fc3c-833c-e5fa-1ea3b10cc841" executionId="b92f5e8d-9f3a-4b23-91cd-fbbf454bbc61" testListId="8c84fa94-04c1-424b-9868-57a2d4851a1d" />
    <TestEntry testId="93c81460-f45a-eebe-781b-aac4218ce5db" executionId="45880616-ecee-4ac9-a968-7718705242bd" testListId="8c84fa94-04c1-424b-9868-57a2d4851a1d" />
    <TestEntry testId="1ec0b590-f07f-8c5e-783d-abcfa6676d4e" executionId="7334659f-a064-485c-94cd-e7345cc94702" testListId="8c84fa94-04c1-424b-9868-57a2d4851a1d" />
    <TestEntry testId="52028100-daec-53fd-7697-fb89481a0b86" executionId="d4f6eee9-f21b-43ab-8036-ffab74feca0d" testListId="8c84fa94-04c1-424b-9868-57a2d4851a1d" />
    <TestEntry testId="9638fdd5-3d71-527f-bc37-d7b1340bcf44" executionId="68d9f585-826f-402c-90d6-22875ced2b0e" testListId="8c84fa94-04c1-424b-9868-57a2d4851a1d" />
    <TestEntry testId="bfe0045e-ee59-78a3-78a7-244d016d887c" executionId="06a54cd7-fe78-4a81-9f7f-45308e8d1017" testListId="8c84fa94-04c1-424b-9868-57a2d4851a1d" />
    <TestEntry testId="09b9383b-e330-b562-081b-5bb10ce53d2e" executionId="ef0ca9d0-bb2b-4ef6-987c-67cc1196482b" testListId="8c84fa94-04c1-424b-9868-57a2d4851a1d" />
    <TestEntry testId="9c40fd8b-8ed6-80e2-e886-3cdff6a03bcc" executionId="913ad722-3303-45d5-ba7e-924299530e79" testListId="8c84fa94-04c1-424b-9868-57a2d4851a1d" />
    <TestEntry testId="4c1cf6ec-8f60-ec67-63a7-4e5375d7f9ea" executionId="79a0d74a-6892-40b5-937b-74a9af2d5167" testListId="8c84fa94-04c1-424b-9868-57a2d4851a1d" />
    <TestEntry testId="f414ac7c-1b9c-04b6-8195-2c0ad1e018c2" executionId="d5894e7e-8f1b-40fa-a565-f9c6b1ba6a97" testListId="8c84fa94-04c1-424b-9868-57a2d4851a1d" />
    <TestEntry testId="3ba6ad00-da20-b6b3-3b93-0428a44fab1d" executionId="323b275c-454a-4d26-b7d6-0282bbfda62d" testListId="8c84fa94-04c1-424b-9868-57a2d4851a1d" />
    <TestEntry testId="0105ab61-b4ce-b60c-0a0f-26130cf6e624" executionId="bf413cf8-9bef-4c4d-a70e-59a5bf274e01" testListId="8c84fa94-04c1-424b-9868-57a2d4851a1d" />
    <TestEntry testId="0688cbfa-a80c-2fdc-03e4-77c4b3859f8b" executionId="36f7990f-f9d0-42a2-8275-65755f9960d7" testListId="8c84fa94-04c1-424b-9868-57a2d4851a1d" />
    <TestEntry testId="144e5bca-3bfc-6367-398d-edab10c2d420" executionId="bccb1e03-236b-4683-bf1d-5b64334632c1" testListId="8c84fa94-04c1-424b-9868-57a2d4851a1d" />
    <TestEntry testId="924b97b4-012e-51a4-5c98-ecd0816a4f62" executionId="2cc4d61a-afec-47b2-8cd0-7640c901ca78" testListId="8c84fa94-04c1-424b-9868-57a2d4851a1d" />
    <TestEntry testId="dee3657e-3cef-cc92-0d4f-81b1ad10d57b" executionId="11b26037-709d-4574-9b64-cf3df5c14691" testListId="8c84fa94-04c1-424b-9868-57a2d4851a1d" />
    <TestEntry testId="1250b667-e1e8-611a-db40-3781e90cd16f" executionId="f2abfffb-f49e-4776-9b4d-d52ef66f3e78" testListId="8c84fa94-04c1-424b-9868-57a2d4851a1d" />
    <TestEntry testId="19dc1cf3-4704-ad67-94aa-288e5e6c6b35" executionId="08e2bb14-143d-4952-b801-dd30c0f04f37" testListId="8c84fa94-04c1-424b-9868-57a2d4851a1d" />
    <TestEntry testId="d920aa55-aba6-f502-79ed-eb08727df687" executionId="dce9e32b-641b-4adb-ae42-7403580deaff" testListId="8c84fa94-04c1-424b-9868-57a2d4851a1d" />
    <TestEntry testId="b7389056-e54c-e5e6-60df-713f01be5ae7" executionId="441e3cb3-c927-4060-b159-9f74c664d381" testListId="8c84fa94-04c1-424b-9868-57a2d4851a1d" />
    <TestEntry testId="048f892b-5fca-ad87-8ead-5d8bd0cce142" executionId="277e4107-f863-4b83-a2bd-8dedbb180746" testListId="8c84fa94-04c1-424b-9868-57a2d4851a1d" />
    <TestEntry testId="f01ff186-ebe5-318c-e5fe-c09f52b654cc" executionId="0e9f4382-8cb6-4474-8a2f-1949f9d65b84" testListId="8c84fa94-04c1-424b-9868-57a2d4851a1d" />
    <TestEntry testId="9c89cd6d-d0ec-0e61-e3f4-1bacae62a4a6" executionId="a5479593-0b22-4aa9-9789-130b16b49553" testListId="8c84fa94-04c1-424b-9868-57a2d4851a1d" />
    <TestEntry testId="b57df1b3-43cd-e375-40b3-3e876d836d2b" executionId="50e1d7a1-59f4-4ae2-9bdd-59413cadc1e7" testListId="8c84fa94-04c1-424b-9868-57a2d4851a1d" />
    <TestEntry testId="a81ed9ce-ff94-90b8-5f77-b50421c198af" executionId="4f9c215f-ebfe-4997-92b5-655ede17cfa3" testListId="8c84fa94-04c1-424b-9868-57a2d4851a1d" />
    <TestEntry testId="c7ed20c4-55fa-6d9e-0bbb-de95715d635b" executionId="d4c0fbd0-99d2-4673-a12c-93356d010698" testListId="8c84fa94-04c1-424b-9868-57a2d4851a1d" />
    <TestEntry testId="3c89202c-c7df-02ea-1972-90dec8cac352" executionId="63a96ffd-dc1c-48bb-b6aa-3a2df173fa1d" testListId="8c84fa94-04c1-424b-9868-57a2d4851a1d" />
    <TestEntry testId="eeb97c06-e44b-ac06-8efc-e431edd8c15c" executionId="a1420f66-f607-44bd-9691-242347ca0a93" testListId="8c84fa94-04c1-424b-9868-57a2d4851a1d" />
    <TestEntry testId="8666ce26-5e0a-7fff-aef1-9509852f5f61" executionId="1d3081fc-37c9-4873-a414-cab68bf67e8a" testListId="8c84fa94-04c1-424b-9868-57a2d4851a1d" />
    <TestEntry testId="b65d77de-a8df-0e3b-cf09-5e3d22c2cb8f" executionId="81ad0972-d71a-48c2-b3a8-270c6c76cc85" testListId="8c84fa94-04c1-424b-9868-57a2d4851a1d" />
    <TestEntry testId="c04fd714-3415-3208-f83e-aceca130e046" executionId="8e4b2d7d-769c-4681-9ef7-4577edd7c392" testListId="8c84fa94-04c1-424b-9868-57a2d4851a1d" />
    <TestEntry testId="4daa5902-1ee6-c35c-487c-06b757ca7fa5" executionId="721d8e87-f77f-4516-ab78-9b54ed726a78" testListId="8c84fa94-04c1-424b-9868-57a2d4851a1d" />
    <TestEntry testId="d69ea769-776f-cbe5-49b4-4fd448ad0738" executionId="d74389f8-8202-4c48-85c1-aad3114a465d" testListId="8c84fa94-04c1-424b-9868-57a2d4851a1d" />
    <TestEntry testId="28dc8c8a-f9de-52d7-a050-534d0f33f030" executionId="eb444745-0bc0-46d3-93a5-341f1ed57a10" testListId="8c84fa94-04c1-424b-9868-57a2d4851a1d" />
    <TestEntry testId="4f3a0d39-f52c-69ba-8d47-bd76f1e2941f" executionId="8c0e6cf6-ce91-468e-9d97-5906a7b16020" testListId="8c84fa94-04c1-424b-9868-57a2d4851a1d" />
    <TestEntry testId="c464e156-ff9d-7b3c-a4bb-1d352844fd8b" executionId="0f7cd91f-1356-490c-b9c7-c109e7d9e286" testListId="8c84fa94-04c1-424b-9868-57a2d4851a1d" />
    <TestEntry testId="5e007768-5fbf-30e3-d7e7-67774ed17a80" executionId="0e52f6ab-6e30-4547-a52f-89cc9ce6d300" testListId="8c84fa94-04c1-424b-9868-57a2d4851a1d" />
    <TestEntry testId="2d0ea633-5488-4931-b804-e7b6590d4f90" executionId="1ceac7d4-9738-4eee-9f18-487f8ff4c639" testListId="8c84fa94-04c1-424b-9868-57a2d4851a1d" />
    <TestEntry testId="c13500df-fc11-19fb-b7b7-036bbc6390a3" executionId="717d83d8-ee8e-4121-bc4e-1e7bf823cc98" testListId="8c84fa94-04c1-424b-9868-57a2d4851a1d" />
    <TestEntry testId="759f574e-cc95-e392-b25f-48e7b507e965" executionId="21cc8fb7-f55f-4d5c-8504-7a9878a656de" testListId="8c84fa94-04c1-424b-9868-57a2d4851a1d" />
    <TestEntry testId="023fc0a7-e204-6a99-5a90-0a5c19894c6e" executionId="ec973361-22fd-44ef-97ac-6ade91ce1279" testListId="8c84fa94-04c1-424b-9868-57a2d4851a1d" />
    <TestEntry testId="5edf6e6b-eb50-12f8-2e02-5d9b1d4c44ee" executionId="1e98edb4-cc6c-4d80-8143-edf38d978d55" testListId="8c84fa94-04c1-424b-9868-57a2d4851a1d" />
    <TestEntry testId="8c25d266-0f03-7ae6-7678-beedad642844" executionId="7e1b5cfd-700a-4856-9e10-c9ec52066189" testListId="8c84fa94-04c1-424b-9868-57a2d4851a1d" />
    <TestEntry testId="eb9d99b6-0ee8-72f2-6b24-e2170bc33e9c" executionId="4bde35fd-578e-4cf5-b209-410a3474132c" testListId="8c84fa94-04c1-424b-9868-57a2d4851a1d" />
    <TestEntry testId="5480f7b1-3654-ffee-c98b-6ebbcc60e5ec" executionId="a119c4d7-978f-4788-a84b-648abb5cb064" testListId="8c84fa94-04c1-424b-9868-57a2d4851a1d" />
    <TestEntry testId="1080a8fb-c4f5-1740-e9b9-cd24db7a0bc9" executionId="592a6aca-ee5c-414f-9e20-54587f28fa75" testListId="8c84fa94-04c1-424b-9868-57a2d4851a1d" />
    <TestEntry testId="a14badbb-38db-c81b-bdbd-dad11350daca" executionId="054e88d1-d19e-49ad-9de4-9bf89db512cb" testListId="8c84fa94-04c1-424b-9868-57a2d4851a1d" />
    <TestEntry testId="bdd242b8-9361-9f1d-34eb-3d7ce4ce4af5" executionId="aff00cea-2b43-4932-860a-12280c435408" testListId="8c84fa94-04c1-424b-9868-57a2d4851a1d" />
    <TestEntry testId="dee5be13-8574-2848-e367-924fc939b9d3" executionId="469c51dc-9a73-4af6-a666-5024119eea0c" testListId="8c84fa94-04c1-424b-9868-57a2d4851a1d" />
    <TestEntry testId="c3b58f05-f403-9d45-f8b0-3874af07e835" executionId="3be6d6bf-acac-4609-b663-f10e2a131d54" testListId="8c84fa94-04c1-424b-9868-57a2d4851a1d" />
    <TestEntry testId="4b10b275-a6ee-35e3-a678-bc9fbbb9c15e" executionId="5b216b5f-6c1a-4d53-ac14-28ec192351e9" testListId="8c84fa94-04c1-424b-9868-57a2d4851a1d" />
    <TestEntry testId="4a8f4649-d4d3-677c-9d3d-9410c5c92302" executionId="09998968-293b-4b24-9ca2-15a24b4e0d5b" testListId="8c84fa94-04c1-424b-9868-57a2d4851a1d" />
    <TestEntry testId="9bfb982f-77b4-df3c-1634-2de98daacf5b" executionId="ea69495c-01b3-4bcc-9d86-d3d1ab2b11a8" testListId="8c84fa94-04c1-424b-9868-57a2d4851a1d" />
    <TestEntry testId="1965af59-0911-dff8-a4e4-d38176c7b206" executionId="c5de2f5f-1c73-44a6-be50-378e42c282a6" testListId="8c84fa94-04c1-424b-9868-57a2d4851a1d" />
    <TestEntry testId="b6319510-fc4c-6f7c-a839-534026868c25" executionId="f8ab615c-40af-4f9e-8d1b-118bd4b182c5" testListId="8c84fa94-04c1-424b-9868-57a2d4851a1d" />
    <TestEntry testId="e50fc764-e8ce-3541-33fd-735f1c8b313f" executionId="2325c8f9-cec7-442d-8a80-7120988b1c07" testListId="8c84fa94-04c1-424b-9868-57a2d4851a1d" />
    <TestEntry testId="44d887a3-564f-84c7-4e8c-59b8b5d9d6ce" executionId="ca334ccf-4a7e-4579-887a-82057e53ec0a" testListId="8c84fa94-04c1-424b-9868-57a2d4851a1d" />
    <TestEntry testId="70b68c71-c725-c145-d0bc-b23c5ed740fe" executionId="2e3c3592-d7b1-4464-99fa-41a757352068" testListId="8c84fa94-04c1-424b-9868-57a2d4851a1d" />
    <TestEntry testId="fffcaa45-10e6-e235-96a4-946f89707570" executionId="73c1b9d4-d18f-488a-92f2-f176e251db2b" testListId="8c84fa94-04c1-424b-9868-57a2d4851a1d" />
    <TestEntry testId="b35c0fe3-5d73-47a3-154c-132bd9ec249f" executionId="0937c1d6-1af2-4906-ba13-36d4fcafda3a" testListId="8c84fa94-04c1-424b-9868-57a2d4851a1d" />
    <TestEntry testId="edccd82f-71b3-2913-24cc-5ca034ec7a2f" executionId="687a0aea-0646-42c0-9b35-1c235e09e79e" testListId="8c84fa94-04c1-424b-9868-57a2d4851a1d" />
    <TestEntry testId="f869bd33-ed56-8614-a383-9028900f9a06" executionId="25d40d4b-2adb-45c9-8954-0469396fd7cc" testListId="8c84fa94-04c1-424b-9868-57a2d4851a1d" />
    <TestEntry testId="5a799c89-7bfc-057e-b75b-36f82e8287df" executionId="8d29e770-b177-4b81-972f-9d72f43c00dd" testListId="8c84fa94-04c1-424b-9868-57a2d4851a1d" />
    <TestEntry testId="e32f0b81-e73e-a007-e00c-d45b206f7160" executionId="52e16552-f062-4a5f-9b47-accaf066f9aa" testListId="8c84fa94-04c1-424b-9868-57a2d4851a1d" />
    <TestEntry testId="6da18163-322a-a311-a61e-335ac02db98a" executionId="d9ad1254-3eb2-417b-9316-56eb1454edb2" testListId="8c84fa94-04c1-424b-9868-57a2d4851a1d" />
    <TestEntry testId="422290ba-018c-eb05-d111-7eee71308506" executionId="bf6c5e08-3c14-43f5-856e-d1eb49d8bae3" testListId="8c84fa94-04c1-424b-9868-57a2d4851a1d" />
    <TestEntry testId="d0a990d1-0d36-df2e-10b3-4a1dd8cefbda" executionId="a80f0023-d2e9-451e-9b89-da6201a9b28a" testListId="8c84fa94-04c1-424b-9868-57a2d4851a1d" />
    <TestEntry testId="c212f440-7b46-cb8e-5eb3-cc3bf3530739" executionId="a38bea7a-7e65-4946-97a3-a0829b4880e6" testListId="8c84fa94-04c1-424b-9868-57a2d4851a1d" />
    <TestEntry testId="8e4376ef-b57b-86ef-3cda-751524f60597" executionId="a5b47faf-d3b2-41be-b5de-d698a9af20d6" testListId="8c84fa94-04c1-424b-9868-57a2d4851a1d" />
    <TestEntry testId="38adab21-fb23-2c8d-2eea-cf1eafb03982" executionId="db9532d8-e945-4cf8-978e-3713af3b93f9" testListId="8c84fa94-04c1-424b-9868-57a2d4851a1d" />
    <TestEntry testId="ee2eff19-a4f6-77ed-5f14-b80ab30eba9b" executionId="4b11f0ab-e5aa-4d15-9cec-9bcb31bc1274" testListId="8c84fa94-04c1-424b-9868-57a2d4851a1d" />
    <TestEntry testId="0298b022-55a4-94ab-fa1b-f509bc9dd554" executionId="fa064eeb-0df8-42da-a2bf-be35d47de005" testListId="8c84fa94-04c1-424b-9868-57a2d4851a1d" />
    <TestEntry testId="93a5281a-ebfb-eeca-fee9-aebbcf88224e" executionId="45d2d076-ef08-4c48-9b2e-2042c523ae52" testListId="8c84fa94-04c1-424b-9868-57a2d4851a1d" />
    <TestEntry testId="10577af9-d16e-7de8-939c-90397d523205" executionId="53319182-1620-49ce-acae-74438461baf8" testListId="8c84fa94-04c1-424b-9868-57a2d4851a1d" />
    <TestEntry testId="3b0ff113-6126-a3c4-a31b-f6af15beb342" executionId="9d287ac6-5a92-481f-9b75-cc2f2837303d" testListId="8c84fa94-04c1-424b-9868-57a2d4851a1d" />
    <TestEntry testId="32c961b9-1d62-92ae-43e0-c2211424f76e" executionId="5f846608-b8c4-46e1-8ee5-875afdc48e8f" testListId="8c84fa94-04c1-424b-9868-57a2d4851a1d" />
    <TestEntry testId="7cf87362-3724-9fb5-461e-4b2724c920ca" executionId="c1541a08-adf6-4194-89fe-6dffdb3560ad" testListId="8c84fa94-04c1-424b-9868-57a2d4851a1d" />
    <TestEntry testId="23ff1577-039b-db16-677b-d224ba8171aa" executionId="1cacd6f1-3a5c-4456-9ce6-d90244829b4a" testListId="8c84fa94-04c1-424b-9868-57a2d4851a1d" />
    <TestEntry testId="85ddaa4f-3f69-91f1-7a58-f25401165b7d" executionId="495c5f77-c7c4-494d-bb9a-a7b76168e0c2" testListId="8c84fa94-04c1-424b-9868-57a2d4851a1d" />
    <TestEntry testId="143f041c-80a7-9ed5-9f87-f1d012b09e0b" executionId="ad48bdc4-4880-4d65-8846-afc210e929df" testListId="8c84fa94-04c1-424b-9868-57a2d4851a1d" />
    <TestEntry testId="f2bccee4-a989-c5b9-6b55-dde082ab3b1b" executionId="78af17fa-316b-4205-9c71-fcb94b34d67f" testListId="8c84fa94-04c1-424b-9868-57a2d4851a1d" />
    <TestEntry testId="d65cdade-16b8-3c1d-fc9e-9c61c103b970" executionId="b114e930-adc3-4485-acf9-79a0a2c15b96" testListId="8c84fa94-04c1-424b-9868-57a2d4851a1d" />
    <TestEntry testId="79fc2826-52f9-58ea-3898-5f27a103d06b" executionId="793835ae-adfa-48a1-b868-4cd604a43466" testListId="8c84fa94-04c1-424b-9868-57a2d4851a1d" />
    <TestEntry testId="5a8268a4-4752-8999-8cbb-fa75a5459e1c" executionId="77339aa0-e16c-444d-849d-b01d5b2ef34a" testListId="8c84fa94-04c1-424b-9868-57a2d4851a1d" />
    <TestEntry testId="d5fbed4c-984c-9727-4ce6-34c3d9e1c637" executionId="cb544110-69c6-4ca2-971e-0268db346b22" testListId="8c84fa94-04c1-424b-9868-57a2d4851a1d" />
    <TestEntry testId="d5e25b28-79cd-0d3a-98a9-3f97a78e0991" executionId="46c34801-abb1-401d-9a41-d8470dab933e" testListId="8c84fa94-04c1-424b-9868-57a2d4851a1d" />
    <TestEntry testId="4522da56-4d84-3792-605d-c84c61cc10a3" executionId="65f4c50c-908b-4cff-a7a1-56135d24fd15" testListId="8c84fa94-04c1-424b-9868-57a2d4851a1d" />
    <TestEntry testId="6640de24-c7cd-1f9c-87b5-7b50cb6cffe8" executionId="a7e20980-e6a3-4fa4-89cb-1e07d0f56bbb" testListId="8c84fa94-04c1-424b-9868-57a2d4851a1d" />
    <TestEntry testId="b8aa6190-ac38-078a-59c3-02a925616ede" executionId="a23795ef-8976-4105-a7e4-e232ba89bf30" testListId="8c84fa94-04c1-424b-9868-57a2d4851a1d" />
    <TestEntry testId="e908bf31-d0e9-ac6a-01b3-7340fa63fddf" executionId="faf1f8c2-7d1d-4c60-885a-6ab971cb1d6b" testListId="8c84fa94-04c1-424b-9868-57a2d4851a1d" />
    <TestEntry testId="111476bf-346a-58ec-381d-22dcdea64d00" executionId="b2798896-28a0-46d6-9e71-d9c51d8f0111" testListId="8c84fa94-04c1-424b-9868-57a2d4851a1d" />
    <TestEntry testId="2a2f5c47-5abd-d992-bf42-8b02392ef058" executionId="3d9fee09-d13e-4fc9-ba65-36cf7cf93c93" testListId="8c84fa94-04c1-424b-9868-57a2d4851a1d" />
    <TestEntry testId="246ae732-b112-c56a-b42d-e6f0adfc89e8" executionId="17f48f82-f3df-46b2-a912-55dc7953044e" testListId="8c84fa94-04c1-424b-9868-57a2d4851a1d" />
    <TestEntry testId="f480a864-40bc-ce21-db2b-46e6d9e6c305" executionId="05768685-1856-4dc9-b562-5d3fea9b7dee" testListId="8c84fa94-04c1-424b-9868-57a2d4851a1d" />
    <TestEntry testId="79c9cae0-da7c-fba0-4085-e122e6f21619" executionId="0b54d6a9-bc81-4197-8187-16c234d161f7" testListId="8c84fa94-04c1-424b-9868-57a2d4851a1d" />
    <TestEntry testId="180c60fa-d43e-7c4f-0203-0861dd1e5e80" executionId="dc9ba78b-c8b0-49cd-afe9-1dfe48dc631d" testListId="8c84fa94-04c1-424b-9868-57a2d4851a1d" />
    <TestEntry testId="a7f9f6b1-d415-3e22-23b3-e762fc255390" executionId="5f829bd0-28eb-41f1-9f14-0a1f3fa854e1" testListId="8c84fa94-04c1-424b-9868-57a2d4851a1d" />
    <TestEntry testId="c7260ebc-a696-37ef-e759-c0251b78d7a6" executionId="37a17175-4bc5-4a60-8f32-8d8884914fe4" testListId="8c84fa94-04c1-424b-9868-57a2d4851a1d" />
    <TestEntry testId="bac2a662-b37f-7424-7659-7c53d1780970" executionId="055ba78e-8c78-4a16-aa58-72c63214d82e" testListId="8c84fa94-04c1-424b-9868-57a2d4851a1d" />
    <TestEntry testId="d8cec6a4-98e7-0d31-7b0f-f4d0fcde94ee" executionId="42458429-cbdf-4b49-8729-1ccbe005f29c" testListId="8c84fa94-04c1-424b-9868-57a2d4851a1d" />
    <TestEntry testId="0e54a547-8d2e-09f6-45c2-dbf373b8c068" executionId="f999de37-5747-4e68-ad89-8c3ba7495384" testListId="8c84fa94-04c1-424b-9868-57a2d4851a1d" />
    <TestEntry testId="0f1d99dd-fc34-a7f7-a33c-0cab08086d32" executionId="1e88363b-804d-4f4e-a227-ebea61c742ae" testListId="8c84fa94-04c1-424b-9868-57a2d4851a1d" />
    <TestEntry testId="b9427513-0672-b7bb-3974-a55b64eef8a9" executionId="8deb5dec-8cf9-4067-9c46-ed4bc6e6b369" testListId="8c84fa94-04c1-424b-9868-57a2d4851a1d" />
    <TestEntry testId="b928554e-d373-e92d-e58b-95283075b97f" executionId="8cfe89ca-5e00-41b5-a3d0-81fc02d383e3" testListId="8c84fa94-04c1-424b-9868-57a2d4851a1d" />
    <TestEntry testId="3a5e44e2-5ea1-40ad-27a8-d0a852f610d4" executionId="9329d001-a594-41be-93c3-c4152950e573" testListId="8c84fa94-04c1-424b-9868-57a2d4851a1d" />
    <TestEntry testId="8d0f703f-1d55-a448-a53f-03b176545140" executionId="829992a0-810a-434f-9db6-db4d9168dce4" testListId="8c84fa94-04c1-424b-9868-57a2d4851a1d" />
    <TestEntry testId="9a0df7ab-2eac-e0f0-703a-55195e1442f8" executionId="02dec1b2-7bd6-4110-8f1c-b579fb8041b6" testListId="8c84fa94-04c1-424b-9868-57a2d4851a1d" />
    <TestEntry testId="62fa1efb-e140-139a-0624-9c7d6df06c4e" executionId="044c6316-e4df-44f3-b4d4-7efb0d545f24" testListId="8c84fa94-04c1-424b-9868-57a2d4851a1d" />
    <TestEntry testId="f3b91825-9802-c600-dc0a-be3fc8429f84" executionId="c465fa7b-a28c-4df4-a806-2552cc13e809" testListId="8c84fa94-04c1-424b-9868-57a2d4851a1d" />
    <TestEntry testId="131a353d-64dc-1d2e-161a-4a477c98bbc2" executionId="6ed1bfd2-1bee-4792-bff4-4f7a23739950" testListId="8c84fa94-04c1-424b-9868-57a2d4851a1d" />
    <TestEntry testId="a342ad7c-db31-f021-0e50-50a2a5a072bd" executionId="0388fecd-927f-4091-b9d9-c2fc24d475da" testListId="8c84fa94-04c1-424b-9868-57a2d4851a1d" />
    <TestEntry testId="6e0758e3-231e-8e4a-2c91-88949ecd029a" executionId="76faaf7b-2bbf-4b45-8ed2-f3f9c5622935" testListId="8c84fa94-04c1-424b-9868-57a2d4851a1d" />
    <TestEntry testId="9af0e739-10c8-ed25-a494-9aef814426a0" executionId="2f50fc1f-c8e8-4456-8676-393d08bde43e" testListId="8c84fa94-04c1-424b-9868-57a2d4851a1d" />
    <TestEntry testId="c994bb6f-14a8-65df-f119-9ace1596043b" executionId="e7c0b59d-5c95-4ca8-916e-1228a039e078" testListId="8c84fa94-04c1-424b-9868-57a2d4851a1d" />
    <TestEntry testId="72f93f36-eb3d-9323-b919-1fd39fe47c7a" executionId="5727662a-c03e-494c-b275-14734f563e9f" testListId="8c84fa94-04c1-424b-9868-57a2d4851a1d" />
    <TestEntry testId="9bdc6241-3bb4-1b5a-c2b5-156869ab7854" executionId="75bada8b-cd40-4509-976b-88ff6d1405ad" testListId="8c84fa94-04c1-424b-9868-57a2d4851a1d" />
    <TestEntry testId="b7fa2b84-2964-592a-59c7-32071a593067" executionId="525cc32e-01eb-430a-b968-f077a1511f12" testListId="8c84fa94-04c1-424b-9868-57a2d4851a1d" />
    <TestEntry testId="6d32942d-9c52-9778-f1fe-7c848aabd0ab" executionId="a0c0926c-ed0f-4d58-be65-e69489d6b192" testListId="8c84fa94-04c1-424b-9868-57a2d4851a1d" />
    <TestEntry testId="9b225c63-356b-e16a-fc81-e64c040fb2d2" executionId="911fde69-ace9-48ac-a382-032e13e4ef65" testListId="8c84fa94-04c1-424b-9868-57a2d4851a1d" />
    <TestEntry testId="5da27f0d-f2ac-d56a-a84b-ce10548e3199" executionId="7c7bc264-4a1f-446d-ac1b-929a1f9c0946" testListId="8c84fa94-04c1-424b-9868-57a2d4851a1d" />
    <TestEntry testId="edb2bbac-8d2a-40d8-a098-edaded11052b" executionId="64e61cc7-e9d0-4b94-b868-2d77dc172fe8" testListId="8c84fa94-04c1-424b-9868-57a2d4851a1d" />
    <TestEntry testId="a28f92d3-895c-0fec-1a90-b6c0560435c6" executionId="cc4b1f13-4414-4ad7-b90b-2f30b7737808" testListId="8c84fa94-04c1-424b-9868-57a2d4851a1d" />
    <TestEntry testId="9e45bbf7-9b38-a56c-d6b6-0921e2c45ca2" executionId="7490ebbb-73e5-46d2-aa9b-a498ae9994fa" testListId="8c84fa94-04c1-424b-9868-57a2d4851a1d" />
    <TestEntry testId="44fd4c01-fabe-78a1-bed7-931b9311ea1f" executionId="87692679-d165-4b9a-bced-cb503b91d069" testListId="8c84fa94-04c1-424b-9868-57a2d4851a1d" />
    <TestEntry testId="95356e9f-5dcc-f82a-6d96-8b423aa75afd" executionId="f96bd525-3fbf-482f-bad6-fe9664d6c2c1" testListId="8c84fa94-04c1-424b-9868-57a2d4851a1d" />
    <TestEntry testId="7df1a36a-e864-373e-7a24-c1742d37a733" executionId="6cc23d25-5714-49b2-bc55-effd412413ca" testListId="8c84fa94-04c1-424b-9868-57a2d4851a1d" />
    <TestEntry testId="5d0bf66b-24bb-d4a9-e3db-a387379e075b" executionId="bd83aa94-cc82-47b7-a140-153b517f9007" testListId="8c84fa94-04c1-424b-9868-57a2d4851a1d" />
    <TestEntry testId="53de19b7-9b3d-7da9-5b03-41824c463aaa" executionId="eaa2411a-9d9d-4bbb-8b7d-2c9ab8e7befa" testListId="8c84fa94-04c1-424b-9868-57a2d4851a1d" />
    <TestEntry testId="95acfdec-608c-57ba-251e-496c7c8efc83" executionId="7d1b5453-07b2-4039-9ffa-5e60027c9965" testListId="8c84fa94-04c1-424b-9868-57a2d4851a1d" />
    <TestEntry testId="6f388a62-ea37-d152-9b19-2d0b2de051dc" executionId="f112fe9c-abb6-4083-a339-01a2552c366f" testListId="8c84fa94-04c1-424b-9868-57a2d4851a1d" />
    <TestEntry testId="fb776401-1cc0-1e5c-b578-f5f3aad47f33" executionId="e19e5f9e-8cd2-47a1-8c6f-72b9c03d8716" testListId="8c84fa94-04c1-424b-9868-57a2d4851a1d" />
    <TestEntry testId="c64a07fc-3501-ed10-ae92-cc0de02708b5" executionId="d9924b0f-21f7-4c22-bec2-ad1d61130b7d" testListId="8c84fa94-04c1-424b-9868-57a2d4851a1d" />
    <TestEntry testId="76a97bf5-b168-bc08-c10b-09b63899e038" executionId="6cd3c31b-534f-4dac-a573-08d416215eae" testListId="8c84fa94-04c1-424b-9868-57a2d4851a1d" />
    <TestEntry testId="d92999e9-71ec-1caf-9df2-20fb35696860" executionId="9575ab34-e2d0-4de8-b27b-619b02addde1" testListId="8c84fa94-04c1-424b-9868-57a2d4851a1d" />
    <TestEntry testId="c71b2994-4608-52a3-7d71-f3ac12c59294" executionId="9a548462-a66f-4924-bbda-9f71029388f2" testListId="8c84fa94-04c1-424b-9868-57a2d4851a1d" />
    <TestEntry testId="82af7b2a-73d0-b8d4-1f6b-6e92f5eadad4" executionId="5bc8d567-9556-4bfe-ba92-1c2bbf9e6756" testListId="8c84fa94-04c1-424b-9868-57a2d4851a1d" />
    <TestEntry testId="69f53fe6-6d7e-82e7-0c5a-f10fa6dd7af6" executionId="70f01a47-7b0f-4aa1-865f-daf47abd6ffb" testListId="8c84fa94-04c1-424b-9868-57a2d4851a1d" />
    <TestEntry testId="ab060d23-8fbc-a0c9-48be-62a77b16a0f3" executionId="d0d5fbbe-db46-45bf-a5bd-664862ad3371" testListId="8c84fa94-04c1-424b-9868-57a2d4851a1d" />
    <TestEntry testId="877f64df-4e10-c38d-ea7f-69afd078f2a5" executionId="8f8836fd-bf7b-4a35-bc26-295d13cbcc87" testListId="8c84fa94-04c1-424b-9868-57a2d4851a1d" />
    <TestEntry testId="52d0cf70-e123-cab3-7572-b4333267a111" executionId="0cc7ea21-7c90-46f4-9de9-e4a990506b4b" testListId="8c84fa94-04c1-424b-9868-57a2d4851a1d" />
    <TestEntry testId="be8294a6-a301-88fb-ae9b-6b208a5f3ec3" executionId="d8d7ced0-1977-44d4-89af-9123472f495b" testListId="8c84fa94-04c1-424b-9868-57a2d4851a1d" />
    <TestEntry testId="c464e156-ff9d-7b3c-a4bb-1d352844fd8b" executionId="30d3430b-b08c-4531-946b-89fafdd77b33" testListId="8c84fa94-04c1-424b-9868-57a2d4851a1d" />
    <TestEntry testId="d117847d-2ca9-7205-ef26-894d049eebf6" executionId="078c94f3-8546-4ae6-b867-dfe9d3c1e7f9" testListId="8c84fa94-04c1-424b-9868-57a2d4851a1d" />
    <TestEntry testId="ee1c6a0c-d6c1-a859-c280-05f10bd0a166" executionId="d1bd2a7f-2e91-4054-9396-ce0a8598be67" testListId="8c84fa94-04c1-424b-9868-57a2d4851a1d" />
    <TestEntry testId="254d1888-b1e4-8f66-038c-d8db9de763c0" executionId="a7589770-a956-4ec9-944c-b52ec22b389a" testListId="8c84fa94-04c1-424b-9868-57a2d4851a1d" />
    <TestEntry testId="fd409af4-fedd-b4c3-824e-fd6a6e2b4f77" executionId="cca382fe-3f05-458f-a693-122b1fa1c5f4" testListId="8c84fa94-04c1-424b-9868-57a2d4851a1d" />
    <TestEntry testId="1e0e7bf3-2075-dd8c-e2b6-e77d289e78b6" executionId="0b36c57f-e320-4818-829d-cfb5551d3f7d" testListId="8c84fa94-04c1-424b-9868-57a2d4851a1d" />
    <TestEntry testId="5dd6b440-ce0f-4340-2e06-b28fc92ac339" executionId="19c8f108-383b-449a-b6bf-4a52241a4fc8" testListId="8c84fa94-04c1-424b-9868-57a2d4851a1d" />
    <TestEntry testId="4bbfaaba-c4b8-91ea-5798-d4e2df29aa20" executionId="661d55e3-e18a-4bf6-a24e-54090c253714" testListId="8c84fa94-04c1-424b-9868-57a2d4851a1d" />
    <TestEntry testId="3698c6b7-6630-413e-1b3f-319af5a7b08f" executionId="d67c805a-bfe2-4578-8a27-7af1ad02de1f" testListId="8c84fa94-04c1-424b-9868-57a2d4851a1d" />
    <TestEntry testId="ad9d863b-28da-e219-d455-917f22373b9a" executionId="831f1e38-a707-4fa9-b6c1-e76080606c06" testListId="8c84fa94-04c1-424b-9868-57a2d4851a1d" />
    <TestEntry testId="fba00691-80a3-ac87-20b7-7fa0c9794f87" executionId="9db2cd5f-c3da-423b-b9ce-398cf0372049" testListId="8c84fa94-04c1-424b-9868-57a2d4851a1d" />
    <TestEntry testId="bca2ad5c-47df-5e28-1972-71afed63384f" executionId="5fed4c43-75ab-42a1-898e-51110839c5dc" testListId="8c84fa94-04c1-424b-9868-57a2d4851a1d" />
    <TestEntry testId="b600b96b-9d59-7f36-9831-7cd15d5a48ba" executionId="82c47e22-10df-4727-8d8e-081d65dfbeeb" testListId="8c84fa94-04c1-424b-9868-57a2d4851a1d" />
    <TestEntry testId="abcfdaf8-80a5-c0d3-91a9-45b74201817f" executionId="802c6070-6a16-45a9-92e8-12777ddded30" testListId="8c84fa94-04c1-424b-9868-57a2d4851a1d" />
    <TestEntry testId="dc75768b-bcb0-a380-746a-7f31d2bd783c" executionId="5a6ab3bb-408e-4800-8b75-efd0a6a18df8" testListId="8c84fa94-04c1-424b-9868-57a2d4851a1d" />
    <TestEntry testId="dcae67fe-646e-469d-b9d5-fb8dfdd538a2" executionId="3ddf232f-677d-416b-af79-94ea0d4d0c1c" testListId="8c84fa94-04c1-424b-9868-57a2d4851a1d" />
    <TestEntry testId="a1201979-858f-687a-3bc7-caebde6e1939" executionId="ae5859e0-5e30-477d-a237-529e99c65e01" testListId="8c84fa94-04c1-424b-9868-57a2d4851a1d" />
    <TestEntry testId="bf90e99c-02b8-7b25-1edd-a995c83fcbdd" executionId="8a62ddd0-8e73-4176-9a45-a07295e5494f" testListId="8c84fa94-04c1-424b-9868-57a2d4851a1d" />
    <TestEntry testId="b1c70ff9-286f-152b-218e-f1e925e50502" executionId="dbbeeaba-f9f0-4d7e-aaa6-350e30bdccd9" testListId="8c84fa94-04c1-424b-9868-57a2d4851a1d" />
    <TestEntry testId="9d6c8941-3932-01a3-c934-54ad7e77446b" executionId="dbc42b9d-6cec-49a9-89c2-481aac12cb1e" testListId="8c84fa94-04c1-424b-9868-57a2d4851a1d" />
    <TestEntry testId="20980c0c-8d9e-5bed-57d6-a85c57f510fc" executionId="494a0f61-8c9a-4a82-a5a7-9ec4d2a69bf5" testListId="8c84fa94-04c1-424b-9868-57a2d4851a1d" />
    <TestEntry testId="eab7ec8c-2863-28f6-dbe3-96225050d1a0" executionId="a5aaeff5-39a1-45b1-8791-bf0624a23320" testListId="8c84fa94-04c1-424b-9868-57a2d4851a1d" />
    <TestEntry testId="25ff83fc-6352-765d-4797-3e5622dc453a" executionId="3354a9ff-32b9-4d8e-8100-e8d99bf573c8" testListId="8c84fa94-04c1-424b-9868-57a2d4851a1d" />
    <TestEntry testId="28caeaf1-655d-4c9d-0406-88750d1f5507" executionId="d0c859dd-3963-4a55-983d-307a9ae57c28" testListId="8c84fa94-04c1-424b-9868-57a2d4851a1d" />
    <TestEntry testId="5d46a66c-72c0-889f-687a-d6d75134e2dc" executionId="97ba739b-c0d5-4350-8b13-b29a1d2ca015" testListId="8c84fa94-04c1-424b-9868-57a2d4851a1d" />
    <TestEntry testId="1080a8fb-c4f5-1740-e9b9-cd24db7a0bc9" executionId="d195147b-f45b-4e70-9121-acc6fb96b29c" testListId="8c84fa94-04c1-424b-9868-57a2d4851a1d" />
    <TestEntry testId="25c245ec-000c-b8b0-753a-0d4f262033b6" executionId="57f93a16-3f5d-4c7e-9243-be6ddf555cf1" testListId="8c84fa94-04c1-424b-9868-57a2d4851a1d" />
    <TestEntry testId="c7260ebc-a696-37ef-e759-c0251b78d7a6" executionId="baab005f-0bdb-4bd4-a282-3045b27f7ec3" testListId="8c84fa94-04c1-424b-9868-57a2d4851a1d" />
    <TestEntry testId="37cb8f64-b643-98d9-682e-7ccc15e1c186" executionId="e41fdf21-fd63-470f-a115-90da8b4e6f3a" testListId="8c84fa94-04c1-424b-9868-57a2d4851a1d" />
    <TestEntry testId="bafc1b18-901e-604e-9096-697e3b69b6aa" executionId="b76be133-5e6d-4e4e-a0b9-9a461c07d7a5" testListId="8c84fa94-04c1-424b-9868-57a2d4851a1d" />
    <TestEntry testId="dd2ab46b-7343-ab95-a72d-9713ed8428e3" executionId="922bd12a-382b-4b9a-8e5a-4728bbdab800" testListId="8c84fa94-04c1-424b-9868-57a2d4851a1d" />
    <TestEntry testId="60aa4840-4143-aeb1-78fe-2a2944d095ab" executionId="3b065886-9035-4e56-a28d-17314e586759" testListId="8c84fa94-04c1-424b-9868-57a2d4851a1d" />
    <TestEntry testId="ec1de2be-046a-f8f0-02fd-4f851a3a270b" executionId="f144fd5e-fe2e-4588-960d-580dae4dbba0" testListId="8c84fa94-04c1-424b-9868-57a2d4851a1d" />
    <TestEntry testId="cbde4861-efff-1a21-e3b8-4a68847e0b93" executionId="ce226685-48bd-468c-8f2a-99f0783d627c" testListId="8c84fa94-04c1-424b-9868-57a2d4851a1d" />
    <TestEntry testId="5b0fc521-3b4d-3a22-8cb9-8fd014e13f91" executionId="547d0632-6321-454b-8e49-464f198ba978" testListId="8c84fa94-04c1-424b-9868-57a2d4851a1d" />
    <TestEntry testId="ab7b0608-358d-cb13-c578-93b2655562a7" executionId="30e8fa29-a8bc-4500-91ea-89b3881fcac0" testListId="8c84fa94-04c1-424b-9868-57a2d4851a1d" />
    <TestEntry testId="7d28c52d-8a18-7edb-95b2-48155dd86277" executionId="b8985cbd-ff06-4f3b-a862-3fb9e3e3cd1b" testListId="8c84fa94-04c1-424b-9868-57a2d4851a1d" />
    <TestEntry testId="ca99137b-df68-d280-f2c9-882df5bb713d" executionId="eca315f3-9356-451b-813c-5f6de4778a91" testListId="8c84fa94-04c1-424b-9868-57a2d4851a1d" />
    <TestEntry testId="c817fb59-16a0-5c16-2dac-873ea13914d3" executionId="fbca369e-b08f-4168-96de-8bdab0a29994" testListId="8c84fa94-04c1-424b-9868-57a2d4851a1d" />
    <TestEntry testId="9f64104c-b2ff-d85c-5ec2-5f6f9ad18573" executionId="ea636971-eb81-49a2-8c12-c40b6a9b04db" testListId="8c84fa94-04c1-424b-9868-57a2d4851a1d" />
    <TestEntry testId="6a79e669-6653-7cf7-75e0-3215fd55990d" executionId="11e439df-a39e-4a48-a862-4784d42319c2" testListId="8c84fa94-04c1-424b-9868-57a2d4851a1d" />
    <TestEntry testId="eec1540c-4dc8-47d0-79a9-17a50f4017a4" executionId="f8639b34-c4f3-45a8-8f8b-6efb377e8ab9" testListId="8c84fa94-04c1-424b-9868-57a2d4851a1d" />
    <TestEntry testId="df1d38e9-4604-acb5-a80e-7be7bf8c947c" executionId="31edc54c-65f4-49aa-aa90-e0e539a5fb2f" testListId="8c84fa94-04c1-424b-9868-57a2d4851a1d" />
    <TestEntry testId="0bf22924-5791-18ec-46eb-e9c337cff9c1" executionId="74faaf8a-f4fb-47fa-bcaf-77a76bc903c5" testListId="8c84fa94-04c1-424b-9868-57a2d4851a1d" />
    <TestEntry testId="de5a6185-bea1-cb52-01da-a42f801ea264" executionId="c2b8012c-3770-48a2-b353-f260762a4218" testListId="8c84fa94-04c1-424b-9868-57a2d4851a1d" />
    <TestEntry testId="9f545ba7-ed01-47a5-e2d6-9b988e6f9e43" executionId="50542e04-0899-4762-82c6-a3aa8cb104bc" testListId="8c84fa94-04c1-424b-9868-57a2d4851a1d" />
    <TestEntry testId="dd10cb28-d6e4-ea8c-d462-fda602ca1e88" executionId="097c19fc-d6a3-4dc3-9b3e-d04ba7180308" testListId="8c84fa94-04c1-424b-9868-57a2d4851a1d" />
    <TestEntry testId="7c113dcf-e8bd-911a-1bf3-b021de777372" executionId="5b763b0f-d018-4a40-b6e3-2524f6998ac8" testListId="8c84fa94-04c1-424b-9868-57a2d4851a1d" />
    <TestEntry testId="857ab7bb-3ad0-7e08-c32d-813858211a68" executionId="8a49c906-8efa-4621-8f40-98b82ef7b059" testListId="8c84fa94-04c1-424b-9868-57a2d4851a1d" />
    <TestEntry testId="44e414ab-403a-b228-d779-01d5c572e556" executionId="82db41fe-71ef-4530-8c0b-d30a06623031" testListId="8c84fa94-04c1-424b-9868-57a2d4851a1d" />
    <TestEntry testId="12848722-5022-72a1-02cb-e7303451a096" executionId="d08e9efb-0e1f-4a77-81d0-f88284246e3c" testListId="8c84fa94-04c1-424b-9868-57a2d4851a1d" />
    <TestEntry testId="1080a8fb-c4f5-1740-e9b9-cd24db7a0bc9" executionId="480c73f9-6bb4-46a0-80c0-0a4db477f1e1" testListId="8c84fa94-04c1-424b-9868-57a2d4851a1d" />
    <TestEntry testId="4db05b65-95d2-4185-fbb8-ddb16d4e61d8" executionId="0767e9e3-99cd-4564-9bbe-00ec74964645" testListId="8c84fa94-04c1-424b-9868-57a2d4851a1d" />
    <TestEntry testId="e678fbaa-7323-aa6f-5bb0-13e375e0cb85" executionId="728216a6-7b04-417b-8a14-84d96e4c3ed9" testListId="8c84fa94-04c1-424b-9868-57a2d4851a1d" />
    <TestEntry testId="85f76405-06c4-616c-b073-efe786c40b62" executionId="13e1de3e-10ed-45f8-9832-352cb5ea0255" testListId="8c84fa94-04c1-424b-9868-57a2d4851a1d" />
    <TestEntry testId="172844d2-54fa-b2e2-2ae4-a49bd6ecd4f7" executionId="4c79ff7f-78e8-4a88-9be1-286b5c99d374" testListId="8c84fa94-04c1-424b-9868-57a2d4851a1d" />
    <TestEntry testId="40f6e8f1-c463-9404-0bb3-59fd831ade56" executionId="85c1bae4-4d05-4bbd-acc3-8032e53a4af5" testListId="8c84fa94-04c1-424b-9868-57a2d4851a1d" />
    <TestEntry testId="4d9d8a40-0fea-f11a-342f-66fe09943774" executionId="2ea97dca-c913-4d7a-8479-ca30117b503c" testListId="8c84fa94-04c1-424b-9868-57a2d4851a1d" />
    <TestEntry testId="a8a5bee3-2e70-6feb-a0c7-be8576864121" executionId="db5506cd-de36-44d3-bf42-7f2d750a30c0" testListId="8c84fa94-04c1-424b-9868-57a2d4851a1d" />
    <TestEntry testId="dff29beb-1682-b437-689d-8146683f0b10" executionId="10707bcf-a499-45c3-9b1c-b954089bca3e" testListId="8c84fa94-04c1-424b-9868-57a2d4851a1d" />
    <TestEntry testId="1a4444f2-447d-8040-adb9-0973a289c373" executionId="f2a7451a-9285-4d24-a520-580bef23869e" testListId="8c84fa94-04c1-424b-9868-57a2d4851a1d" />
    <TestEntry testId="e8f94d2d-fca6-e6c8-ae9d-d530e83c8c48" executionId="27ec3b76-b5bd-4c6d-9105-4852fef6f39a" testListId="8c84fa94-04c1-424b-9868-57a2d4851a1d" />
    <TestEntry testId="65cfcda5-99bb-d8e0-6d73-26d319d71a90" executionId="0800cac0-3f3e-4038-bcfa-bc5d3f01c05a" testListId="8c84fa94-04c1-424b-9868-57a2d4851a1d" />
    <TestEntry testId="3fc5a52c-8846-42f7-3966-356ee186784e" executionId="e31408fe-5b6b-4c49-8af9-964b59960400" testListId="8c84fa94-04c1-424b-9868-57a2d4851a1d" />
    <TestEntry testId="051aaff0-22b3-136f-4c85-bc2d468f4f56" executionId="5d8e319a-123f-402d-be5b-ed242f4b476b" testListId="8c84fa94-04c1-424b-9868-57a2d4851a1d" />
    <TestEntry testId="85111466-f419-f1ea-fb4c-ba5f19f5b76d" executionId="10fe2fe3-f25c-489d-ad90-5acff94e2060" testListId="8c84fa94-04c1-424b-9868-57a2d4851a1d" />
    <TestEntry testId="a33bb911-4a24-8977-e71d-e3b8ace029c2" executionId="574c76b7-2660-4acd-9691-2e88251bb6e8" testListId="8c84fa94-04c1-424b-9868-57a2d4851a1d" />
    <TestEntry testId="e7ea2e46-43cd-6a42-6f69-fdd4da8a8f09" executionId="fee01593-1042-47f0-a1db-97e4e8ea284f" testListId="8c84fa94-04c1-424b-9868-57a2d4851a1d" />
    <TestEntry testId="4014b687-87a8-f47b-a5bf-18159f68d17f" executionId="bf513691-9f5d-4c55-a596-7d0950c8c35e" testListId="8c84fa94-04c1-424b-9868-57a2d4851a1d" />
    <TestEntry testId="a1a7aee5-e924-432d-2aee-ffbafa0cfc0d" executionId="361966f5-56b2-468f-ba06-5836dbdbcfc5" testListId="8c84fa94-04c1-424b-9868-57a2d4851a1d" />
    <TestEntry testId="6b98b11a-8ccf-6f7d-4eb5-1584f44c69bf" executionId="87c7da86-c266-4f03-9275-52128c2c8e6a" testListId="8c84fa94-04c1-424b-9868-57a2d4851a1d" />
    <TestEntry testId="db96f8a4-33f9-e292-2d82-aa435d5e7060" executionId="32f8fb7b-3477-4c68-bfa4-dd1939155ae6" testListId="8c84fa94-04c1-424b-9868-57a2d4851a1d" />
    <TestEntry testId="4969df24-d955-5128-1372-65359e322b50" executionId="9e5f4109-44c2-4357-afd7-51e424642250" testListId="8c84fa94-04c1-424b-9868-57a2d4851a1d" />
    <TestEntry testId="2b32fa55-0f80-fff0-5d46-58560fcdf708" executionId="260ddf1f-45a9-4c78-b044-1932a4d268ea" testListId="8c84fa94-04c1-424b-9868-57a2d4851a1d" />
    <TestEntry testId="5c0e0a2c-fd50-1d97-ca4a-31ee3018343f" executionId="9c481605-82a8-4925-ba86-5db942da3ea2" testListId="8c84fa94-04c1-424b-9868-57a2d4851a1d" />
    <TestEntry testId="ee7a6465-468b-1371-f40e-94774f069558" executionId="7a57b797-fd2c-435f-a100-cabc71a81f33" testListId="8c84fa94-04c1-424b-9868-57a2d4851a1d" />
    <TestEntry testId="2fc54058-f464-97bf-4a82-d4ba6aff7f34" executionId="450513f2-ce17-4fc5-aabf-f4e701048c83" testListId="8c84fa94-04c1-424b-9868-57a2d4851a1d" />
    <TestEntry testId="1675d0e0-ae6b-aee1-34e4-f29cb80adbf0" executionId="5e3a9b0d-c6ea-46c4-b580-b92b2efd2d19" testListId="8c84fa94-04c1-424b-9868-57a2d4851a1d" />
    <TestEntry testId="c464e156-ff9d-7b3c-a4bb-1d352844fd8b" executionId="8cd34d78-b9ef-4ef9-9018-0327a03ccd11" testListId="8c84fa94-04c1-424b-9868-57a2d4851a1d" />
    <TestEntry testId="6e0ac853-b27b-527e-ab8c-d8280aa08f66" executionId="e4629e65-1050-4031-b861-58148aa450de" testListId="8c84fa94-04c1-424b-9868-57a2d4851a1d" />
    <TestEntry testId="2d0f0ca9-5f3c-50cc-c88f-ee47fe286b84" executionId="01281c1d-55d5-41f0-ba0b-88fb9f5193b4" testListId="8c84fa94-04c1-424b-9868-57a2d4851a1d" />
    <TestEntry testId="4bb18c1e-d4d8-f1ea-e294-dea295978c68" executionId="b731b5f7-b23c-48de-96dc-7378a66d8c78" testListId="8c84fa94-04c1-424b-9868-57a2d4851a1d" />
    <TestEntry testId="1ebcf50f-3294-b90a-993d-26baa2fccb53" executionId="8188cbf4-0427-4a01-98d0-b679544f1ed0" testListId="8c84fa94-04c1-424b-9868-57a2d4851a1d" />
    <TestEntry testId="d8bd6005-c7ea-3a5c-6ae9-8ad87ec9e0e1" executionId="24ca88ac-42fa-4ea9-ba8a-b257e663dfd3" testListId="8c84fa94-04c1-424b-9868-57a2d4851a1d" />
    <TestEntry testId="d30029b3-462f-1a3d-d6b9-688bd70870b2" executionId="6e871761-a8d9-4f9d-9335-af4565b478e3" testListId="8c84fa94-04c1-424b-9868-57a2d4851a1d" />
    <TestEntry testId="568abae7-0c7c-4063-1172-6b9d29847ede" executionId="a53fd595-1b89-47b4-9599-2d06bcbf1628" testListId="8c84fa94-04c1-424b-9868-57a2d4851a1d" />
    <TestEntry testId="88354a6f-d720-5764-a22d-c9d108a1961d" executionId="e632d1d9-2825-4c6c-8d8f-3c7e28f2d968" testListId="8c84fa94-04c1-424b-9868-57a2d4851a1d" />
    <TestEntry testId="da782e47-b50d-c480-06e3-643ac620ad7c" executionId="d89d5266-558d-4a7e-b838-8e6fc3834279" testListId="8c84fa94-04c1-424b-9868-57a2d4851a1d" />
    <TestEntry testId="bc506b14-1566-4bb6-f2df-faaaccfdbb33" executionId="4c6e294b-a9f8-4708-8224-f061289c5776" testListId="8c84fa94-04c1-424b-9868-57a2d4851a1d" />
    <TestEntry testId="daf2b54e-d30b-d6e1-7014-f6cdfd81b7b0" executionId="8b264f3d-5e3e-434b-92b0-7e23559461c5" testListId="8c84fa94-04c1-424b-9868-57a2d4851a1d" />
    <TestEntry testId="e56e0359-2305-d945-ce6d-0ae846957140" executionId="63dc6760-222e-4c34-9359-07723c40af49" testListId="8c84fa94-04c1-424b-9868-57a2d4851a1d" />
    <TestEntry testId="54d6a947-90e9-ab76-47fb-328272737220" executionId="79804d88-7987-49ba-8394-5693cfa31e08" testListId="8c84fa94-04c1-424b-9868-57a2d4851a1d" />
    <TestEntry testId="654a8b77-004f-907d-5eda-8be4dea3f7ad" executionId="420c344c-e732-47ae-b63c-cc6876eeca08" testListId="8c84fa94-04c1-424b-9868-57a2d4851a1d" />
    <TestEntry testId="5ce7a314-1554-ba75-14aa-f57c4a8483e6" executionId="77a554a0-cd76-452c-af11-5e9b6fbc1873" testListId="8c84fa94-04c1-424b-9868-57a2d4851a1d" />
    <TestEntry testId="d01fbeb5-21af-a8ef-f2b1-8fc582aadf7e" executionId="f18b6328-c0c0-42af-b315-50d1f4277545" testListId="8c84fa94-04c1-424b-9868-57a2d4851a1d" />
    <TestEntry testId="7472422d-3b90-9c77-80cd-68eb64dc292c" executionId="aed9021b-fcb4-4334-88d0-b5bfe8e9f657" testListId="8c84fa94-04c1-424b-9868-57a2d4851a1d" />
    <TestEntry testId="46283aee-1692-fc12-8d62-a4120659cd53" executionId="d248ea37-5d55-44bf-881c-ad12483040c9" testListId="8c84fa94-04c1-424b-9868-57a2d4851a1d" />
    <TestEntry testId="dfe8b480-aac2-fb25-40ae-0ac59e718385" executionId="8da9b8d2-04f5-4295-8878-dcd29a0abb75" testListId="8c84fa94-04c1-424b-9868-57a2d4851a1d" />
    <TestEntry testId="7fe5e5b3-bcc6-86b9-837f-5b45aa17a552" executionId="6b9ea326-5f94-4a2a-821f-e79b2c55a42f" testListId="8c84fa94-04c1-424b-9868-57a2d4851a1d" />
    <TestEntry testId="23c2b77c-eb2f-50fb-3ae6-f5a8ad9954fc" executionId="987570cb-1636-4aca-98e7-0b546c48192a" testListId="8c84fa94-04c1-424b-9868-57a2d4851a1d" />
    <TestEntry testId="0a300af8-074e-9501-ec6a-975668ca3859" executionId="14c521d7-4c31-4bd6-9058-0ba4b2a6c79a" testListId="8c84fa94-04c1-424b-9868-57a2d4851a1d" />
    <TestEntry testId="a3818f0a-ee32-0fd4-3965-1c946a2f4bbe" executionId="f068858b-5b85-41d0-b621-499523a2bf38" testListId="8c84fa94-04c1-424b-9868-57a2d4851a1d" />
    <TestEntry testId="d1ba6488-e46b-c137-7209-d24a9cd97d05" executionId="01348e83-7071-43d4-9b35-280a7ec3eef5" testListId="8c84fa94-04c1-424b-9868-57a2d4851a1d" />
    <TestEntry testId="0794b4a5-77fc-3c58-06ea-aaa090968881" executionId="1298b8aa-4a1a-4816-ac3a-552a526520ec" testListId="8c84fa94-04c1-424b-9868-57a2d4851a1d" />
    <TestEntry testId="3ec0d1ee-648d-7ea9-e514-26db9f4958a3" executionId="eb03b5c0-fffc-4f1a-8d33-c3ef3567add9" testListId="8c84fa94-04c1-424b-9868-57a2d4851a1d" />
    <TestEntry testId="62c1ead4-9e21-b168-f1af-ae1e69d17cc2" executionId="fe95d9f1-bf69-4baa-a213-42201018bbf6" testListId="8c84fa94-04c1-424b-9868-57a2d4851a1d" />
    <TestEntry testId="889fe951-3001-b0db-fec2-a74857ae13de" executionId="6e3a47de-26d1-4d94-ac74-699ec7158baa" testListId="8c84fa94-04c1-424b-9868-57a2d4851a1d" />
    <TestEntry testId="33bbdc2d-92fa-0698-cd73-1b7154d3d161" executionId="38f0de5d-0290-4a63-9ff9-5b15ac0309e6" testListId="8c84fa94-04c1-424b-9868-57a2d4851a1d" />
    <TestEntry testId="a73905fb-778c-6032-c776-99bfe07cbf6b" executionId="d3c5a3d9-ca5a-4a46-9f61-892a8ba8f1e5" testListId="8c84fa94-04c1-424b-9868-57a2d4851a1d" />
    <TestEntry testId="48315743-7a51-7df7-28b3-cb841fa5cdb2" executionId="41226d85-65ce-47d9-a58c-2e834158a1d9" testListId="8c84fa94-04c1-424b-9868-57a2d4851a1d" />
    <TestEntry testId="ec9b5717-964c-9e15-12e9-b7cb71771aac" executionId="99f31dd4-5822-48f6-8bc7-5b66e0efd103" testListId="8c84fa94-04c1-424b-9868-57a2d4851a1d" />
    <TestEntry testId="c0dc3b2e-8a29-76fe-77e5-627e925655c0" executionId="cf0653d6-93da-4bdf-b017-ff41a3527bd3" testListId="8c84fa94-04c1-424b-9868-57a2d4851a1d" />
    <TestEntry testId="8404fed0-a171-4088-f3ff-794d8813a57b" executionId="785c7950-7122-4ab5-aa31-8d204a68fec8" testListId="8c84fa94-04c1-424b-9868-57a2d4851a1d" />
    <TestEntry testId="789308f3-c6e9-5304-5359-b6966554d4a2" executionId="323aa578-4918-4d45-8a2a-e10ce4ebe578" testListId="8c84fa94-04c1-424b-9868-57a2d4851a1d" />
    <TestEntry testId="e5dea385-4e9e-d881-94da-aed424a556b4" executionId="62a0ad82-7068-4686-b301-3a272f511e8f" testListId="8c84fa94-04c1-424b-9868-57a2d4851a1d" />
    <TestEntry testId="c5b91782-e1f7-2774-701f-5275edeb9108" executionId="d73411c0-c4b2-4340-b75a-e636d5afd553" testListId="8c84fa94-04c1-424b-9868-57a2d4851a1d" />
    <TestEntry testId="3949041a-d779-e1c3-707b-e4975ba46750" executionId="9fc4887c-c082-46e5-95e0-90c02363231c" testListId="8c84fa94-04c1-424b-9868-57a2d4851a1d" />
    <TestEntry testId="5f92604e-9501-54cb-010b-c8142fddb778" executionId="a63507f2-a77c-418b-b788-6341fb89c782" testListId="8c84fa94-04c1-424b-9868-57a2d4851a1d" />
    <TestEntry testId="b7023af3-ab43-2a63-fe34-f8e6978eba33" executionId="da72331a-ac1d-4966-805d-8b11f47caffc" testListId="8c84fa94-04c1-424b-9868-57a2d4851a1d" />
    <TestEntry testId="dd2288d4-43b0-da99-ab1e-b93a67cfd46f" executionId="89d1578f-fbc7-470a-b993-e01a37361e3f" testListId="8c84fa94-04c1-424b-9868-57a2d4851a1d" />
    <TestEntry testId="fac404be-6320-87f2-facc-6a59183bf4aa" executionId="104cfdbb-9126-445c-bcbd-c41099063464" testListId="8c84fa94-04c1-424b-9868-57a2d4851a1d" />
    <TestEntry testId="a43c6a7d-2b17-4359-3e27-294e9252f9fc" executionId="030b1a15-3fa5-489e-a74f-6886f55f4417" testListId="8c84fa94-04c1-424b-9868-57a2d4851a1d" />
    <TestEntry testId="b6e6b523-694e-75c6-dd7d-b9344edeb2fb" executionId="9d0eb5f8-786f-48a6-9628-490378bbf482" testListId="8c84fa94-04c1-424b-9868-57a2d4851a1d" />
    <TestEntry testId="233e7dcd-9005-7636-7039-3596dad32fc3" executionId="727b1413-9fc4-49e5-bcf9-6691e11a72eb" testListId="8c84fa94-04c1-424b-9868-57a2d4851a1d" />
    <TestEntry testId="766c74f2-51f3-39cf-70e6-52bfabe49e02" executionId="b136641a-0cda-4d12-acf7-69d2abb4f0a5" testListId="8c84fa94-04c1-424b-9868-57a2d4851a1d" />
    <TestEntry testId="c7260ebc-a696-37ef-e759-c0251b78d7a6" executionId="2a81123b-82e7-4278-b9df-cf0e47c33688" testListId="8c84fa94-04c1-424b-9868-57a2d4851a1d" />
    <TestEntry testId="033f5ed5-1dd5-056d-7acc-6cdfc7b5d88b" executionId="1651fd93-e918-4eae-92a2-c9027b503c09" testListId="8c84fa94-04c1-424b-9868-57a2d4851a1d" />
    <TestEntry testId="63cc9b17-12aa-a95f-34cb-4755c2085c67" executionId="1f950a59-994a-4bc2-8202-cea7a55b7f39" testListId="8c84fa94-04c1-424b-9868-57a2d4851a1d" />
    <TestEntry testId="d71dfa1b-c4fc-3a36-d676-61bb46c12419" executionId="20c8799e-db4e-4fae-9d1f-8d210f9bda7e" testListId="8c84fa94-04c1-424b-9868-57a2d4851a1d" />
    <TestEntry testId="150fbe30-c8ae-5a0f-d543-a739498df3bc" executionId="b5a23d06-2261-4855-9185-c27c0c96cf8b" testListId="8c84fa94-04c1-424b-9868-57a2d4851a1d" />
    <TestEntry testId="50874e2c-fd97-904a-d5b1-82b9239ca804" executionId="5288192d-e58e-425d-9790-6a0e674cdb13" testListId="8c84fa94-04c1-424b-9868-57a2d4851a1d" />
    <TestEntry testId="536aaee6-86fe-69b6-7612-60a8fd8ec277" executionId="9efa0b0e-ab70-4fb3-8245-8180df4e99a8" testListId="8c84fa94-04c1-424b-9868-57a2d4851a1d" />
    <TestEntry testId="c7260ebc-a696-37ef-e759-c0251b78d7a6" executionId="4bcfa2f4-f57b-406a-b0aa-4f09bd66d0a5" testListId="8c84fa94-04c1-424b-9868-57a2d4851a1d" />
    <TestEntry testId="a4eefc75-4bc7-7bb9-1e37-b607901cf423" executionId="acd43073-9218-43d8-adda-79e803df1405" testListId="8c84fa94-04c1-424b-9868-57a2d4851a1d" />
    <TestEntry testId="eecf0f81-f633-63ac-6e92-b4d96edd6189" executionId="145a8aa9-30d6-4d1b-83df-cbb4bfd70800" testListId="8c84fa94-04c1-424b-9868-57a2d4851a1d" />
    <TestEntry testId="c1fdeac6-c0ce-41c9-b650-4ce7e72544da" executionId="f0e5958e-03a0-493e-be5c-b280b635bf95" testListId="8c84fa94-04c1-424b-9868-57a2d4851a1d" />
    <TestEntry testId="624010cb-e67e-634e-33bd-676b208306b2" executionId="b41cfca5-9698-489a-8112-35304c8cd014" testListId="8c84fa94-04c1-424b-9868-57a2d4851a1d" />
    <TestEntry testId="255e4e07-2980-c85f-2575-8b2746034581" executionId="790bae3b-be53-4705-bafd-6c8a4991b022" testListId="8c84fa94-04c1-424b-9868-57a2d4851a1d" />
    <TestEntry testId="34939270-3f3b-163c-6f65-dbb13bcbaa0e" executionId="f23c4388-fa66-46a5-8b39-2da948147ca9" testListId="8c84fa94-04c1-424b-9868-57a2d4851a1d" />
    <TestEntry testId="e57b50d1-b22a-680b-49f3-004c8133d930" executionId="26235482-f94a-4a01-aae8-eb89c5598bbe" testListId="8c84fa94-04c1-424b-9868-57a2d4851a1d" />
    <TestEntry testId="006b894d-7068-832e-cacb-752c42f3ccb1" executionId="9d5c1b22-049a-4b0e-b196-48caffeede62" testListId="8c84fa94-04c1-424b-9868-57a2d4851a1d" />
    <TestEntry testId="28a1b1bc-5f93-a8a0-f928-b85f6a685f03" executionId="ef796569-cdac-4550-aa18-cfd50f521579" testListId="8c84fa94-04c1-424b-9868-57a2d4851a1d" />
    <TestEntry testId="108d1b64-f5ba-9b7c-332e-aa9a7556c688" executionId="110ac665-a5fb-430d-8f1d-aad60119409e" testListId="8c84fa94-04c1-424b-9868-57a2d4851a1d" />
    <TestEntry testId="5c5c39e8-4d1e-8571-9c73-7c5a4e8cc8b9" executionId="c6367b43-28ca-411c-80e9-e67a2be1ec84" testListId="8c84fa94-04c1-424b-9868-57a2d4851a1d" />
    <TestEntry testId="4f08908f-6f68-d8e0-d4e8-a1ffc5e1e134" executionId="6fa37331-c872-4f8b-aeb4-13e2f8b95980" testListId="8c84fa94-04c1-424b-9868-57a2d4851a1d" />
    <TestEntry testId="9171d650-755f-9c79-b4bd-0bdd2da43918" executionId="085aff4e-d6d5-4544-a161-e6c3661c122d" testListId="8c84fa94-04c1-424b-9868-57a2d4851a1d" />
    <TestEntry testId="aa905d4f-80a3-c73d-f6a4-4f70a58f2dbb" executionId="80d10a44-be7b-40b8-ba4c-31fe56b0d587" testListId="8c84fa94-04c1-424b-9868-57a2d4851a1d" />
    <TestEntry testId="c032bd73-3111-8682-1ebf-f669ade197af" executionId="99af08f9-c360-4119-8896-c7f27c7f663b" testListId="8c84fa94-04c1-424b-9868-57a2d4851a1d" />
    <TestEntry testId="eee99d7e-704a-7e7c-1cc7-2964fa44d9e5" executionId="dda5fd93-d7b7-4f26-a733-18b7d03e0e83" testListId="8c84fa94-04c1-424b-9868-57a2d4851a1d" />
    <TestEntry testId="c89a7e78-1147-1717-297d-9655fffafaba" executionId="3fa02e65-1c25-495f-8e16-3dcb3313b210" testListId="8c84fa94-04c1-424b-9868-57a2d4851a1d" />
    <TestEntry testId="f91e0c9e-d619-e37a-3c56-d24e6f6ed939" executionId="656b1874-5b9d-4dd1-9b8a-24e94edc126c" testListId="8c84fa94-04c1-424b-9868-57a2d4851a1d" />
    <TestEntry testId="ed3d3649-5c65-1f1c-6637-1cd1f7bf31b9" executionId="2b010e5a-8dc4-47c8-b8f8-5cba9b3285ce" testListId="8c84fa94-04c1-424b-9868-57a2d4851a1d" />
    <TestEntry testId="4318b8fe-5a60-77de-c96b-64e2190c2b22" executionId="e2352a01-fdc0-475f-9b62-69420f8b4c39" testListId="8c84fa94-04c1-424b-9868-57a2d4851a1d" />
    <TestEntry testId="8d5cbeab-4a4b-b492-2d44-19c118deac86" executionId="05db2fa9-19a8-46ca-a90d-6ae5b8c19e7f" testListId="8c84fa94-04c1-424b-9868-57a2d4851a1d" />
    <TestEntry testId="745df416-405a-8e60-47a8-866485ad9966" executionId="a492323f-0b1d-4821-ac0a-dc0d9d023949" testListId="8c84fa94-04c1-424b-9868-57a2d4851a1d" />
    <TestEntry testId="2943dfdf-2f06-d9ad-1778-0311c3a01625" executionId="7e1feb49-611b-44fc-a8a4-639b808d8270" testListId="8c84fa94-04c1-424b-9868-57a2d4851a1d" />
    <TestEntry testId="7e522537-41c5-2350-467c-16610047dbcc" executionId="482ac472-45bf-4790-a770-6024449cac34" testListId="8c84fa94-04c1-424b-9868-57a2d4851a1d" />
    <TestEntry testId="b648bf31-77ef-264d-19e5-63d2e7afc6f7" executionId="2bcf15cd-1d6f-472b-b5be-5b281177e75e" testListId="8c84fa94-04c1-424b-9868-57a2d4851a1d" />
    <TestEntry testId="0f48d723-a81b-fecc-2322-8b85ba6e23e5" executionId="7f3e748b-d761-4f83-80fa-e2ba3c50ae27" testListId="8c84fa94-04c1-424b-9868-57a2d4851a1d" />
    <TestEntry testId="f4ab9703-6ef6-e663-52f0-542ec15f2250" executionId="bcd1175b-bbd6-4f4e-a660-d0521ae4c1b3" testListId="8c84fa94-04c1-424b-9868-57a2d4851a1d" />
    <TestEntry testId="b9a276e6-46d2-7847-5571-499e8bbd6878" executionId="b5b50570-49ea-4b01-a007-c3bb990ef57e" testListId="8c84fa94-04c1-424b-9868-57a2d4851a1d" />
    <TestEntry testId="128ff9bc-b3cc-3552-a1f4-e92218deb52e" executionId="22a13b24-be21-4e76-a3bc-c1f929ef4fb1" testListId="8c84fa94-04c1-424b-9868-57a2d4851a1d" />
    <TestEntry testId="a360e344-9a40-88fd-0c0e-4ab261f56ed7" executionId="103c5082-a1d0-412b-842f-ee189b1b1bc3" testListId="8c84fa94-04c1-424b-9868-57a2d4851a1d" />
    <TestEntry testId="9ab7236c-4d4d-2d95-4d74-5d6c3d30a216" executionId="b9f839cd-e7cd-40a6-9b05-1281a2a3917a" testListId="8c84fa94-04c1-424b-9868-57a2d4851a1d" />
    <TestEntry testId="c429a811-ada0-279b-f942-ed2dc5748843" executionId="cf12d8c4-2ce1-4b70-886b-1f1eda3a53ab" testListId="8c84fa94-04c1-424b-9868-57a2d4851a1d" />
    <TestEntry testId="0ecc3b00-0c6e-1b62-fced-abc05fd09b65" executionId="149e21b5-8bf8-45ac-b987-449b75fca305" testListId="8c84fa94-04c1-424b-9868-57a2d4851a1d" />
    <TestEntry testId="4b1d891e-638c-5bdc-ffb0-c1810b2c53c7" executionId="a8b90a34-7301-4306-b2a0-f7d0798b3360" testListId="8c84fa94-04c1-424b-9868-57a2d4851a1d" />
    <TestEntry testId="e4d0db74-56e0-0bee-d09b-6adcfb4cd190" executionId="8f4967cd-8538-43e4-b5a9-ea5d91ed3411" testListId="8c84fa94-04c1-424b-9868-57a2d4851a1d" />
    <TestEntry testId="9ac88fac-570d-d8ee-d408-62790ae958c8" executionId="06babeef-16b4-4be5-9867-c45d325dc007" testListId="8c84fa94-04c1-424b-9868-57a2d4851a1d" />
    <TestEntry testId="d4eedd99-b110-4265-f758-a8dd5d74eaea" executionId="7537a6c2-e875-48ea-a4cf-75c78cfc8e89" testListId="8c84fa94-04c1-424b-9868-57a2d4851a1d" />
    <TestEntry testId="8d654c0e-d220-fe90-bc9a-e710794c02a6" executionId="3bba8e02-7406-408a-b4c7-bc85450d692d" testListId="8c84fa94-04c1-424b-9868-57a2d4851a1d" />
    <TestEntry testId="a32372ed-d0a8-5aa1-7910-a3a506cdc47e" executionId="181ac1db-4658-4a31-85b4-4b31b9a649aa" testListId="8c84fa94-04c1-424b-9868-57a2d4851a1d" />
    <TestEntry testId="80702847-7610-090e-ea03-2730d2b1ccc6" executionId="b30b9a92-62d5-42fe-b594-724197bec7f3" testListId="8c84fa94-04c1-424b-9868-57a2d4851a1d" />
    <TestEntry testId="3be084ba-0445-e309-8f95-d60904a4ed45" executionId="cc6fa7a3-7e25-42a6-89b8-5dd99d53c399" testListId="8c84fa94-04c1-424b-9868-57a2d4851a1d" />
    <TestEntry testId="4781b651-73e0-3002-a676-132ebaaa0a2d" executionId="f530d3d9-2ab1-453d-9f81-701d4a4535c0" testListId="8c84fa94-04c1-424b-9868-57a2d4851a1d" />
    <TestEntry testId="f29c0848-a7ca-f136-1dcd-7586e9ef800e" executionId="d02103d3-7061-416c-a3b5-100773efcea8" testListId="8c84fa94-04c1-424b-9868-57a2d4851a1d" />
    <TestEntry testId="5778d31d-a5ce-c377-7f1a-1dc8ef313cae" executionId="76d8173d-554e-45a4-a322-c73dac3ac106" testListId="8c84fa94-04c1-424b-9868-57a2d4851a1d" />
    <TestEntry testId="5b9b34c7-0016-78ae-c940-5b0874601740" executionId="3ae873fd-6c55-4f35-ba47-317146da1e7e" testListId="8c84fa94-04c1-424b-9868-57a2d4851a1d" />
    <TestEntry testId="f5ee6b16-d267-6647-62b4-d9aca7c20b91" executionId="52f0e192-8405-4427-8304-af719f37b5f9" testListId="8c84fa94-04c1-424b-9868-57a2d4851a1d" />
    <TestEntry testId="35ceb303-ff3d-80e6-3119-27b1e508a879" executionId="87191ff0-0c75-4178-b152-57ec03cec00b" testListId="8c84fa94-04c1-424b-9868-57a2d4851a1d" />
    <TestEntry testId="d382518d-ac2b-8268-6b41-67aad5d08128" executionId="b443535f-10f0-49fe-911b-ecd5b31f3715" testListId="8c84fa94-04c1-424b-9868-57a2d4851a1d" />
    <TestEntry testId="71dcb4c0-9b4b-30a5-ccdc-962fe349147d" executionId="82b4bd67-63a7-4c0c-bb42-d51a99226b65" testListId="8c84fa94-04c1-424b-9868-57a2d4851a1d" />
    <TestEntry testId="1ea3d6c3-5796-4623-e893-9b8c6a95e32d" executionId="f4e54724-3e6f-4cfe-a36b-8232928eaeae" testListId="8c84fa94-04c1-424b-9868-57a2d4851a1d" />
    <TestEntry testId="ee779f3e-7df3-bd8a-7c62-57caa0d24085" executionId="1bbf340d-7910-402c-9bd8-e0b7c0e49d2f" testListId="8c84fa94-04c1-424b-9868-57a2d4851a1d" />
    <TestEntry testId="43a803fc-b906-cb5a-2a97-dbb10c59afbe" executionId="4addb8ee-142f-43ec-8ba4-617551707638" testListId="8c84fa94-04c1-424b-9868-57a2d4851a1d" />
    <TestEntry testId="974ef38e-3f12-31ea-eb28-dcd86bf10c0a" executionId="feba0123-96f5-4eeb-8c52-b1d28ba1e133" testListId="8c84fa94-04c1-424b-9868-57a2d4851a1d" />
    <TestEntry testId="f41f58f6-dae1-cb84-f7ce-226792cc9485" executionId="02c75d4a-fc8e-4d49-bb0a-aa189f7ee6c4" testListId="8c84fa94-04c1-424b-9868-57a2d4851a1d" />
    <TestEntry testId="72291666-445d-d494-2de9-cb072fe4d74d" executionId="11d0036b-1518-4d3f-bd12-3906cb450769" testListId="8c84fa94-04c1-424b-9868-57a2d4851a1d" />
    <TestEntry testId="241d8980-738d-491c-f7cc-a1fc0ef0c9e7" executionId="ab2706dd-b99c-4a52-aba4-42af55f37e9e" testListId="8c84fa94-04c1-424b-9868-57a2d4851a1d" />
    <TestEntry testId="2c565792-9454-6858-6b8f-ed0b4fe92c7f" executionId="b0a4789e-f89c-462f-b268-ee42512f54cd" testListId="8c84fa94-04c1-424b-9868-57a2d4851a1d" />
    <TestEntry testId="cccea001-0fd4-8a8c-2ed3-d5353b49df15" executionId="594d2b52-3205-479c-ab96-6625481065a9" testListId="8c84fa94-04c1-424b-9868-57a2d4851a1d" />
    <TestEntry testId="4ed0ae28-42dd-4646-c727-bd15f8ff9c6e" executionId="a718aced-d13d-4cfa-866f-bba52880cbcf" testListId="8c84fa94-04c1-424b-9868-57a2d4851a1d" />
    <TestEntry testId="7874ddcf-b9f0-18bf-6f93-3e77bd0ad0fa" executionId="2208f7f3-3e5b-44fa-84e6-64f8e47594ce" testListId="8c84fa94-04c1-424b-9868-57a2d4851a1d" />
    <TestEntry testId="df8c9b95-a255-3a68-4e47-6b2613e469f6" executionId="04d4d3ee-63c7-49f5-b7b9-6ee7f00e0b14" testListId="8c84fa94-04c1-424b-9868-57a2d4851a1d" />
    <TestEntry testId="5c336b24-f4a8-d7c8-8fd0-90d7800190ff" executionId="a9d49f19-6201-4dd1-922d-9bc09520395e" testListId="8c84fa94-04c1-424b-9868-57a2d4851a1d" />
    <TestEntry testId="6c0220b6-5678-ede2-bd06-2929b0963682" executionId="633dd934-fd75-44d6-9a13-8b18a1c619a5" testListId="8c84fa94-04c1-424b-9868-57a2d4851a1d" />
    <TestEntry testId="15174ecc-e8e7-9804-ed43-c550532b51d6" executionId="e312a0d6-7d3f-451f-8cac-156c20f3eb25" testListId="8c84fa94-04c1-424b-9868-57a2d4851a1d" />
    <TestEntry testId="e3421d6f-c005-7ae0-7267-75090d5d450a" executionId="ba202569-760a-4c6c-9503-8c2996838aa3" testListId="8c84fa94-04c1-424b-9868-57a2d4851a1d" />
    <TestEntry testId="d3f0edac-7bec-8d13-6a13-d93b3ab4f6c1" executionId="ecd5d584-219d-4fad-a4e8-cab9ffbfe0fa" testListId="8c84fa94-04c1-424b-9868-57a2d4851a1d" />
    <TestEntry testId="ec726cff-5923-7d31-a7a9-dbbb22338bbc" executionId="1c7890b1-a603-4214-aae9-5ed8c0030857" testListId="8c84fa94-04c1-424b-9868-57a2d4851a1d" />
    <TestEntry testId="ac2e8896-c884-fbb9-8d56-af1fdcb2107c" executionId="84aaec3f-b843-49e0-9388-a70e1900be96" testListId="8c84fa94-04c1-424b-9868-57a2d4851a1d" />
    <TestEntry testId="caeae9d0-db52-6a30-6126-163d3940de00" executionId="8ad0ec1f-eccf-4701-bbaa-9757fd28e98c" testListId="8c84fa94-04c1-424b-9868-57a2d4851a1d" />
    <TestEntry testId="27d3de46-4cc2-3f4c-576a-24dd3e6884a3" executionId="1bf75219-f99b-4152-9098-5cac61a6b565" testListId="8c84fa94-04c1-424b-9868-57a2d4851a1d" />
    <TestEntry testId="41ab5ca1-d34d-635f-80e1-4bdec291c5b4" executionId="d66c1886-3b39-40c7-860c-d0648619c66c" testListId="8c84fa94-04c1-424b-9868-57a2d4851a1d" />
    <TestEntry testId="a30ec4e1-e141-fbc7-e02e-c3494c21699f" executionId="b53dd80a-0433-4f08-bfab-617720f02609" testListId="8c84fa94-04c1-424b-9868-57a2d4851a1d" />
    <TestEntry testId="8fbd8a0a-574b-04d8-be31-f1dd7753151e" executionId="a0ffce0b-2f9c-4942-b5a8-5d22f4bcadaa" testListId="8c84fa94-04c1-424b-9868-57a2d4851a1d" />
    <TestEntry testId="135da1e3-af3a-1f52-42c8-cdd786c6db9c" executionId="4493b812-e72d-4ef0-be4d-b5642dad94b7" testListId="8c84fa94-04c1-424b-9868-57a2d4851a1d" />
    <TestEntry testId="a90615ce-8d14-43c7-0c2e-bace075f37d3" executionId="2e72bab8-8f47-4ae0-bbda-13e5168f1145" testListId="8c84fa94-04c1-424b-9868-57a2d4851a1d" />
    <TestEntry testId="c2186276-e9c1-54a2-1d03-21beb3a481da" executionId="c28db47c-b572-4c53-b067-77150d62664a" testListId="8c84fa94-04c1-424b-9868-57a2d4851a1d" />
    <TestEntry testId="945b847a-cb6b-65f9-aef5-025cfe6ea6f3" executionId="bd91e472-120e-4768-aee7-9c034fb3b705" testListId="8c84fa94-04c1-424b-9868-57a2d4851a1d" />
    <TestEntry testId="8595e9c2-3abd-e3a4-a13a-44c55b609405" executionId="509dfad2-1a2f-4fdd-bbd2-1da11f0619ea" testListId="8c84fa94-04c1-424b-9868-57a2d4851a1d" />
    <TestEntry testId="f549d320-befd-652a-311b-9ab7f554e2b5" executionId="9e60235b-c470-41b6-a3f6-e8e7b88ffc7f" testListId="8c84fa94-04c1-424b-9868-57a2d4851a1d" />
    <TestEntry testId="6614e17b-bc62-8541-4092-f82acac83ebf" executionId="371a1632-7e46-42c7-bee6-dca6c2174068" testListId="8c84fa94-04c1-424b-9868-57a2d4851a1d" />
    <TestEntry testId="86db1bc3-7981-1087-1825-b78cfa50a59a" executionId="3e62e7ac-f3fd-4a9e-a3aa-47be9fe6410a" testListId="8c84fa94-04c1-424b-9868-57a2d4851a1d" />
    <TestEntry testId="f98074d2-3b8b-29f1-c246-0726c93127e7" executionId="93d4487e-cd5c-415f-9939-988924c6232b" testListId="8c84fa94-04c1-424b-9868-57a2d4851a1d" />
    <TestEntry testId="52c433ec-c6e9-b49a-7f64-e9d908c22a99" executionId="646180d2-dac7-497e-b426-0006a582d362" testListId="8c84fa94-04c1-424b-9868-57a2d4851a1d" />
    <TestEntry testId="b388759f-a49d-99d5-8209-71e56f780616" executionId="e091a9e2-f8ac-4ee2-8a33-d85bf0edbfc2" testListId="8c84fa94-04c1-424b-9868-57a2d4851a1d" />
    <TestEntry testId="cb12c13a-86c2-25e6-f696-1cdf57c984ed" executionId="86b0c245-df36-493c-a437-ba7d4a2919a0" testListId="8c84fa94-04c1-424b-9868-57a2d4851a1d" />
    <TestEntry testId="cf4f6490-f2bf-763e-2790-78b013980152" executionId="cd6441ba-d243-4b66-87f1-9420be46d298" testListId="8c84fa94-04c1-424b-9868-57a2d4851a1d" />
    <TestEntry testId="40b0e75f-9565-2fa4-a311-34c27eab4a03" executionId="5687c63a-d493-4735-b621-e27d74495a68" testListId="8c84fa94-04c1-424b-9868-57a2d4851a1d" />
    <TestEntry testId="f34f0f7d-03ec-64be-efba-40af2e4c3f10" executionId="56741e84-dc7a-40dc-bea8-741152562555" testListId="8c84fa94-04c1-424b-9868-57a2d4851a1d" />
    <TestEntry testId="edd21920-869c-107d-11c4-f8070a7ffe76" executionId="0dc3e741-9baa-4970-b1be-98b685d328ea" testListId="8c84fa94-04c1-424b-9868-57a2d4851a1d" />
    <TestEntry testId="a5a68e33-c134-f61b-ad7a-9c316bb5c6f3" executionId="f82e4727-ced6-4a5e-ba68-7deb98026d74" testListId="8c84fa94-04c1-424b-9868-57a2d4851a1d" />
    <TestEntry testId="3f3faa4d-9dcc-024e-97a0-c6f2335fff9a" executionId="6d502ae7-4c3d-4c60-9519-b05a6b96141f" testListId="8c84fa94-04c1-424b-9868-57a2d4851a1d" />
    <TestEntry testId="c5d8ae9b-c29c-8b55-6790-e49163237818" executionId="59f985bb-4942-4812-a4e5-71ad6f6db405" testListId="8c84fa94-04c1-424b-9868-57a2d4851a1d" />
    <TestEntry testId="1080a8fb-c4f5-1740-e9b9-cd24db7a0bc9" executionId="c5c268fc-2e6b-4a88-a298-7836e6637f45" testListId="8c84fa94-04c1-424b-9868-57a2d4851a1d" />
    <TestEntry testId="2c3826bd-537f-23d7-b074-0f1c3fe00c74" executionId="79516bbf-3a86-4ed1-b209-84a258704ea3" testListId="8c84fa94-04c1-424b-9868-57a2d4851a1d" />
    <TestEntry testId="d5de9f83-2f57-b974-7739-faa0c4f2faf2" executionId="6c7ded81-fda2-482e-8bc7-905a8ec27b59" testListId="8c84fa94-04c1-424b-9868-57a2d4851a1d" />
    <TestEntry testId="639b6493-3922-85ca-561c-da1c1afcbd53" executionId="99bc6288-2962-4856-8e2b-ba1ab86ef501" testListId="8c84fa94-04c1-424b-9868-57a2d4851a1d" />
    <TestEntry testId="1c9be97d-a705-15da-10a8-aa99be611b5c" executionId="12b81c99-7a3c-4d4d-8475-1da7d56707cf" testListId="8c84fa94-04c1-424b-9868-57a2d4851a1d" />
    <TestEntry testId="d961c699-7fb4-7a7b-8fa3-59b1d8ea7137" executionId="c6c75667-7163-4c07-b3e7-cd5af314869e" testListId="8c84fa94-04c1-424b-9868-57a2d4851a1d" />
    <TestEntry testId="5ac978f3-6caf-0d7e-a362-f33d3c6fcb75" executionId="aa7c6dc2-d292-483e-97db-b877e4e5dd38" testListId="8c84fa94-04c1-424b-9868-57a2d4851a1d" />
    <TestEntry testId="6eb5bf9b-9651-6d1d-3a82-885bce2195f2" executionId="a4d434c0-878c-4038-8531-9d83932cd9db" testListId="8c84fa94-04c1-424b-9868-57a2d4851a1d" />
    <TestEntry testId="2213bde3-f5cd-cd4e-100a-68f771ca1d40" executionId="f1762058-f730-44d6-a3fd-203298e08087" testListId="8c84fa94-04c1-424b-9868-57a2d4851a1d" />
    <TestEntry testId="ff61cd54-4209-a5c2-bf2c-efe14c9d2d6f" executionId="fcf082ac-7024-45bf-918e-0016b098766f" testListId="8c84fa94-04c1-424b-9868-57a2d4851a1d" />
    <TestEntry testId="115722bf-16e6-a803-eb2d-de5e86639f73" executionId="346c5ddb-9cc4-4875-912b-7003e9ce6b80" testListId="8c84fa94-04c1-424b-9868-57a2d4851a1d" />
    <TestEntry testId="fbc3ef76-537d-0f89-3759-d889bd742fc4" executionId="668504b7-bfd6-4d95-b30b-bf6ff814d00d" testListId="8c84fa94-04c1-424b-9868-57a2d4851a1d" />
    <TestEntry testId="17ea524f-1ea7-e888-4526-761ea396984a" executionId="6f99e847-872f-41a2-8ce9-5efcf7020e3a" testListId="8c84fa94-04c1-424b-9868-57a2d4851a1d" />
    <TestEntry testId="43f4be32-cbbc-5755-6456-88c09b5c4b80" executionId="550e016c-009e-4873-b727-4a4510f1b1ee" testListId="8c84fa94-04c1-424b-9868-57a2d4851a1d" />
    <TestEntry testId="27516aa1-1f97-1dea-8660-6557bd2a668f" executionId="7f137ff0-46d1-47b2-9d3e-c53898f63f66" testListId="8c84fa94-04c1-424b-9868-57a2d4851a1d" />
    <TestEntry testId="9000728a-3a9f-07e0-b415-31a7c48348e1" executionId="f7e31455-8ef2-48e6-bd73-df83e895ab35" testListId="8c84fa94-04c1-424b-9868-57a2d4851a1d" />
    <TestEntry testId="0091b289-0660-dba3-f682-4d4e6849e1ae" executionId="e8ac5714-498f-4b65-85e0-9aa17cedb89a" testListId="8c84fa94-04c1-424b-9868-57a2d4851a1d" />
    <TestEntry testId="beaeebef-85e4-296b-fa59-603a5d4647c8" executionId="1e64ad50-feb6-460a-b5e1-20a25a7e83c9" testListId="8c84fa94-04c1-424b-9868-57a2d4851a1d" />
    <TestEntry testId="de82b09f-cead-b05e-4518-4fa1ae50fe71" executionId="5f338cc2-da03-4641-a343-7a36685efc72" testListId="8c84fa94-04c1-424b-9868-57a2d4851a1d" />
    <TestEntry testId="393e481b-158c-75bb-3e76-8ea5ce6b7bcb" executionId="80949c10-1aea-4993-b64a-5cd407a04460" testListId="8c84fa94-04c1-424b-9868-57a2d4851a1d" />
    <TestEntry testId="3db6146b-8753-2f6f-7e63-f3f5ffe3108c" executionId="758b63ce-bfaf-4e5e-a22f-8b500ac17c77" testListId="8c84fa94-04c1-424b-9868-57a2d4851a1d" />
    <TestEntry testId="bc22ce3e-f4f8-d01e-aaad-f263a7472c7b" executionId="55c9dc49-4405-4587-ac8c-44279a303c5a" testListId="8c84fa94-04c1-424b-9868-57a2d4851a1d" />
    <TestEntry testId="078c0616-478d-1187-05e3-c8567a9159a6" executionId="b047c67a-be65-4ff9-bde0-2bba6ae07158" testListId="8c84fa94-04c1-424b-9868-57a2d4851a1d" />
    <TestEntry testId="44b7d3e3-203a-30d8-5239-484d4606593c" executionId="49be6b3c-d00c-478f-93bb-d995b11ec4bd" testListId="8c84fa94-04c1-424b-9868-57a2d4851a1d" />
    <TestEntry testId="b9cc6e73-fd02-ca09-262a-4e2c29db07b3" executionId="d0fc4f58-7288-4d98-b4b7-fbeae9fcabf0" testListId="8c84fa94-04c1-424b-9868-57a2d4851a1d" />
    <TestEntry testId="c6a29e9c-75e6-4688-a5b4-390c4a86d531" executionId="aa5a8ca6-2366-44aa-86c0-8243580bfde6" testListId="8c84fa94-04c1-424b-9868-57a2d4851a1d" />
    <TestEntry testId="1f54398c-5f12-90e2-7cb6-f40a4a03dee3" executionId="026ccd50-f6b3-4c6a-b7bd-ffeacbbd816f" testListId="8c84fa94-04c1-424b-9868-57a2d4851a1d" />
    <TestEntry testId="0e5b3705-4dae-2181-2558-00a8f7b1941e" executionId="a5260294-bc42-44d5-a176-4c5c7af6d535" testListId="8c84fa94-04c1-424b-9868-57a2d4851a1d" />
    <TestEntry testId="e52b4f59-8085-c3b1-d6bd-43341fa8895b" executionId="2ff61826-756a-4063-ac00-4c36f069081e" testListId="8c84fa94-04c1-424b-9868-57a2d4851a1d" />
    <TestEntry testId="87cc8458-82ab-24eb-f74f-be03af682cd0" executionId="8e56ea8e-a82d-478b-853c-f84e8f751be8" testListId="8c84fa94-04c1-424b-9868-57a2d4851a1d" />
    <TestEntry testId="a8679e2b-eb4c-db49-2910-f062c807e91e" executionId="b25918c6-5fec-41b7-9ac4-ea9d1192248f" testListId="8c84fa94-04c1-424b-9868-57a2d4851a1d" />
    <TestEntry testId="9a7d5f40-4e7e-6a86-547c-7a257976cbd9" executionId="22b9f339-46b5-4c99-a2bb-037aa7ffd988" testListId="8c84fa94-04c1-424b-9868-57a2d4851a1d" />
    <TestEntry testId="0d282eb7-e382-1856-ff88-6ccd607b5c7a" executionId="fd9b5c5f-17ab-40dc-8f61-f0a9105fa0ca" testListId="8c84fa94-04c1-424b-9868-57a2d4851a1d" />
    <TestEntry testId="5eed8b2d-86c7-2bab-76f3-81386fb29154" executionId="5d6b0451-4afa-48be-a8c4-16d03d574b74" testListId="8c84fa94-04c1-424b-9868-57a2d4851a1d" />
    <TestEntry testId="c11dedad-15e2-9e12-a188-c6cb13823fc3" executionId="51e87377-384e-4195-989d-a32532500baa" testListId="8c84fa94-04c1-424b-9868-57a2d4851a1d" />
    <TestEntry testId="455deff3-36a6-ac26-6b9e-60f872099d3b" executionId="c5ed451b-f1eb-4fd7-95f8-8a667021f348" testListId="8c84fa94-04c1-424b-9868-57a2d4851a1d" />
    <TestEntry testId="b9302f12-001c-def8-159b-dfab6e7b9b4a" executionId="d0bde564-6213-4ac9-8f44-f8d4cd6e25f4" testListId="8c84fa94-04c1-424b-9868-57a2d4851a1d" />
    <TestEntry testId="a06fb1af-0392-bf35-0380-de619cf9d5fe" executionId="e8686d22-cd8d-4e74-9f78-f3e0fce39889" testListId="8c84fa94-04c1-424b-9868-57a2d4851a1d" />
    <TestEntry testId="a5d34642-3f85-ffed-4cf6-5d74eabc891f" executionId="ac429b02-707e-4de8-ac8a-d6038b77a7e7" testListId="8c84fa94-04c1-424b-9868-57a2d4851a1d" />
    <TestEntry testId="77104ad1-2a19-a3b9-6573-66b01e87eaa0" executionId="872c95af-a3ff-42a6-b985-51ab710eea6b" testListId="8c84fa94-04c1-424b-9868-57a2d4851a1d" />
    <TestEntry testId="1080a8fb-c4f5-1740-e9b9-cd24db7a0bc9" executionId="6f300f86-6f31-4d17-b5e2-4126bdc0a037" testListId="8c84fa94-04c1-424b-9868-57a2d4851a1d" />
    <TestEntry testId="1080a8fb-c4f5-1740-e9b9-cd24db7a0bc9" executionId="bc027111-9c8c-4f64-8e04-e162f13098f8" testListId="8c84fa94-04c1-424b-9868-57a2d4851a1d" />
    <TestEntry testId="443efaaf-b912-1dec-a0c1-59798b813375" executionId="b04eca8b-3689-4627-9a02-dd32c40ee2b5" testListId="8c84fa94-04c1-424b-9868-57a2d4851a1d" />
    <TestEntry testId="093eb450-b4d1-b35f-692b-7f98045efb03" executionId="d65fdefd-f7d5-43b6-a720-c8d9fae8cb37" testListId="8c84fa94-04c1-424b-9868-57a2d4851a1d" />
    <TestEntry testId="4279c44e-c272-4a8a-acd8-3f166f075cc8" executionId="f5617ea9-0121-442a-8bb6-7d044923443e" testListId="8c84fa94-04c1-424b-9868-57a2d4851a1d" />
    <TestEntry testId="71982f3c-d391-aa39-6c4a-f038e894ea9f" executionId="4b4f77d0-cd8f-492a-844b-782bb30a30ee" testListId="8c84fa94-04c1-424b-9868-57a2d4851a1d" />
    <TestEntry testId="f10dc523-3f30-f3d2-89b3-962135b6cabd" executionId="67c67676-a987-4f5f-bdce-b46000dfba1a" testListId="8c84fa94-04c1-424b-9868-57a2d4851a1d" />
    <TestEntry testId="1b941564-9443-a0d0-72fe-46969b83763a" executionId="1757a9dc-07ec-4957-9f18-be307f8cabbb" testListId="8c84fa94-04c1-424b-9868-57a2d4851a1d" />
    <TestEntry testId="81ac65f1-f0e7-fed7-1e34-0ccd8eedcfa3" executionId="e116d85a-75df-43d6-8aa7-0ef653bf4b9d" testListId="8c84fa94-04c1-424b-9868-57a2d4851a1d" />
    <TestEntry testId="42b1972a-b9da-de79-1389-0fe2762fc9a2" executionId="2d32f441-97ea-4da3-8d77-bbdeb0d4a35e" testListId="8c84fa94-04c1-424b-9868-57a2d4851a1d" />
    <TestEntry testId="927cf6ea-fd09-23b0-55cc-ec26a94cec18" executionId="0dd40bfb-f81f-4882-a046-ce281ea73fea" testListId="8c84fa94-04c1-424b-9868-57a2d4851a1d" />
    <TestEntry testId="cfe36dc5-f3f8-055b-4367-1b992d378f1b" executionId="39730d61-46b2-46c9-8d8c-bb8c7cb26645" testListId="8c84fa94-04c1-424b-9868-57a2d4851a1d" />
    <TestEntry testId="f08b1b5d-ddd3-162e-a4a0-bd5ee2673da8" executionId="1f2a338b-ac26-4dea-b0b7-15570d304118" testListId="8c84fa94-04c1-424b-9868-57a2d4851a1d" />
    <TestEntry testId="b07d9005-6f9b-f364-4b2f-f628f6d89448" executionId="100510b8-74ee-43ec-94ed-85a4af4e1537" testListId="8c84fa94-04c1-424b-9868-57a2d4851a1d" />
    <TestEntry testId="e9450c59-b118-fb16-4680-827acfe5a390" executionId="910a157a-0c99-4216-8e5c-b876f7935d3f" testListId="8c84fa94-04c1-424b-9868-57a2d4851a1d" />
    <TestEntry testId="1080a8fb-c4f5-1740-e9b9-cd24db7a0bc9" executionId="30438bce-2335-44bb-95a8-09eb55daefc8" testListId="8c84fa94-04c1-424b-9868-57a2d4851a1d" />
    <TestEntry testId="0e6b444f-caf5-2e44-d828-090e28b657d2" executionId="e6a62ce0-0cf8-4835-bac8-71b952fa3305" testListId="8c84fa94-04c1-424b-9868-57a2d4851a1d" />
    <TestEntry testId="2e52a970-533c-2f2d-76b9-7fdb915ef414" executionId="090cc92b-8a62-4f4a-a652-ec9806d54363" testListId="8c84fa94-04c1-424b-9868-57a2d4851a1d" />
    <TestEntry testId="87cea312-be19-2fa4-f742-5323e715114e" executionId="b7d62df8-bc0e-4cc2-93f8-25955c3935d5" testListId="8c84fa94-04c1-424b-9868-57a2d4851a1d" />
    <TestEntry testId="473bee02-fa7a-b0c3-3935-dd68e1825d93" executionId="3d1df2af-9cfd-4b1c-93b1-4e2f3f27c8e2" testListId="8c84fa94-04c1-424b-9868-57a2d4851a1d" />
    <TestEntry testId="85d1b9b9-1b52-3575-aa9c-00930e047e18" executionId="70962df3-f5e2-4fe4-9534-78b446010764" testListId="8c84fa94-04c1-424b-9868-57a2d4851a1d" />
    <TestEntry testId="782226bb-6266-7780-352b-d5ba57f9bb79" executionId="64e3f444-4a99-487d-80f8-f927f6ce4bd7" testListId="8c84fa94-04c1-424b-9868-57a2d4851a1d" />
    <TestEntry testId="0c264617-5f59-b8e9-5af0-07f9d6fd3abd" executionId="7f7ce35b-bb78-493b-a521-55c7becb73a8" testListId="8c84fa94-04c1-424b-9868-57a2d4851a1d" />
    <TestEntry testId="b64577ee-9df6-449c-7efa-f76a4257ee8f" executionId="a538a8da-5130-48f3-91d9-0736e4b66652" testListId="8c84fa94-04c1-424b-9868-57a2d4851a1d" />
    <TestEntry testId="d5d32426-e95a-984a-42df-3a4d43c5ee4b" executionId="3e393057-add0-4827-976f-631fa35bf251" testListId="8c84fa94-04c1-424b-9868-57a2d4851a1d" />
    <TestEntry testId="23d531b0-ed45-f304-17ab-a31a547c6b8e" executionId="d9d63a5d-a2b4-4816-881a-8499886026be" testListId="8c84fa94-04c1-424b-9868-57a2d4851a1d" />
    <TestEntry testId="5081e9cb-18c7-f07d-eb95-d4dd34601f87" executionId="9d6f315b-1d83-4e72-a782-7d295b9ad780" testListId="8c84fa94-04c1-424b-9868-57a2d4851a1d" />
    <TestEntry testId="e6e5b157-c426-8a1d-a8cf-8fbc7a7f4ed4" executionId="7ad47854-1f6c-4719-865e-7affc32df612" testListId="8c84fa94-04c1-424b-9868-57a2d4851a1d" />
    <TestEntry testId="826ee6e6-4d1c-76cd-bf32-6207fb5cf7fc" executionId="cea97778-0f7a-416b-a018-dbc58157318e" testListId="8c84fa94-04c1-424b-9868-57a2d4851a1d" />
    <TestEntry testId="ac1b378f-ea1b-5563-d90b-94229e535c08" executionId="92a8b952-b582-4132-9904-9d1032cde50d" testListId="8c84fa94-04c1-424b-9868-57a2d4851a1d" />
    <TestEntry testId="fed95506-dc57-5bbb-71e8-49b7176ef9e2" executionId="1043337f-d1ba-485f-8bf1-fc077683c98c" testListId="8c84fa94-04c1-424b-9868-57a2d4851a1d" />
    <TestEntry testId="dbba9f29-3ff1-0c52-21d9-b16ed90cc835" executionId="26d5b3ae-0cbf-45a9-9751-9de6c9d2fa3e" testListId="8c84fa94-04c1-424b-9868-57a2d4851a1d" />
    <TestEntry testId="1ce90b87-815c-8390-5886-b9f392f35378" executionId="38be05a9-c663-455b-b174-9c1b4ebe9c34" testListId="8c84fa94-04c1-424b-9868-57a2d4851a1d" />
    <TestEntry testId="a2b02af3-abc2-e858-0213-a877daa90475" executionId="b1e7f8b2-1c8b-4165-afc1-d42736f5bc68" testListId="8c84fa94-04c1-424b-9868-57a2d4851a1d" />
    <TestEntry testId="5d010426-f653-c7a7-c535-24423b4e0179" executionId="38617b47-9521-4436-9729-851bb80dec4a" testListId="8c84fa94-04c1-424b-9868-57a2d4851a1d" />
    <TestEntry testId="6d02614c-cec9-5583-bb32-266d0999f988" executionId="4f247ed9-389d-42f9-bc70-3055912b4d10" testListId="8c84fa94-04c1-424b-9868-57a2d4851a1d" />
    <TestEntry testId="2ad9c2a2-ff47-f9ea-aefc-784a106907f1" executionId="c7667c43-c768-4170-8a46-7d6eaad190e2" testListId="8c84fa94-04c1-424b-9868-57a2d4851a1d" />
    <TestEntry testId="071c4da0-53ce-4753-d397-31a5a35bb3b8" executionId="f875685b-bd31-46f1-a57a-5b805307621d" testListId="8c84fa94-04c1-424b-9868-57a2d4851a1d" />
    <TestEntry testId="0738b170-60fd-6df7-dab2-bcc13677a20e" executionId="aa799674-9707-4d98-bbfa-da30289b4fec" testListId="8c84fa94-04c1-424b-9868-57a2d4851a1d" />
    <TestEntry testId="a9e42b53-9333-9189-881e-217025c9e45b" executionId="d20c06aa-5b8a-4c91-9aba-157ecd687b29" testListId="8c84fa94-04c1-424b-9868-57a2d4851a1d" />
    <TestEntry testId="0e54297b-7133-9dc9-c07f-f9c90a1229d6" executionId="bac3a3dd-baa3-4059-a304-2824a706b649" testListId="8c84fa94-04c1-424b-9868-57a2d4851a1d" />
    <TestEntry testId="f32f6b07-5072-5325-a166-780485e63476" executionId="df801b78-86c9-4a3c-bd89-244d7b73695d" testListId="8c84fa94-04c1-424b-9868-57a2d4851a1d" />
    <TestEntry testId="a4ef2135-fa43-e2cd-3a1b-4e08a0d3d59d" executionId="1c14aed6-2af5-4599-abb4-60acb4274a79" testListId="8c84fa94-04c1-424b-9868-57a2d4851a1d" />
    <TestEntry testId="5adae277-ec5c-7242-22db-278f9a54cb4f" executionId="6a15beeb-7da1-4e9c-b36a-b6d2b62028e2" testListId="8c84fa94-04c1-424b-9868-57a2d4851a1d" />
    <TestEntry testId="1cf648e1-78bd-98ec-46ff-0da29754143a" executionId="7dfe2cf9-7e03-46fd-93ab-f449d88719e0" testListId="8c84fa94-04c1-424b-9868-57a2d4851a1d" />
    <TestEntry testId="994e55ae-b8a2-a4ca-7402-dce06aeafebb" executionId="ecd7d2d1-a155-4168-97d7-23fd202c7f73" testListId="8c84fa94-04c1-424b-9868-57a2d4851a1d" />
    <TestEntry testId="b2b7cb61-79b5-ddd6-9ba1-bac08263a28d" executionId="7889b3c7-68cc-416e-88b4-a9c34d103169" testListId="8c84fa94-04c1-424b-9868-57a2d4851a1d" />
    <TestEntry testId="390041a8-330d-eda4-14e7-d1c2f194f98b" executionId="8028bd85-da57-4075-869e-ae139527a7dc" testListId="8c84fa94-04c1-424b-9868-57a2d4851a1d" />
    <TestEntry testId="fcf32113-654e-0170-12a1-0fed2884a686" executionId="4e1a78cf-503e-4529-b9c0-a7b91cbf20f9" testListId="8c84fa94-04c1-424b-9868-57a2d4851a1d" />
    <TestEntry testId="25b8c987-17f0-8136-c477-a0befcd62e7f" executionId="ab1dbb29-3bc5-450a-89cb-cf31fb7ac0c3" testListId="8c84fa94-04c1-424b-9868-57a2d4851a1d" />
    <TestEntry testId="27e27187-cc17-5818-666a-779ac7a9cd40" executionId="50c53783-2f04-4cdb-91c5-e3cfd523b09f" testListId="8c84fa94-04c1-424b-9868-57a2d4851a1d" />
    <TestEntry testId="5e406764-b5e8-cb5c-9f62-c70a353e7da5" executionId="cc8c0342-72c4-4a27-b84d-fbef4930ca98" testListId="8c84fa94-04c1-424b-9868-57a2d4851a1d" />
    <TestEntry testId="f924c660-2650-22d4-6c50-0bedfdbb1a74" executionId="041ead34-c696-4b0a-bd93-424898a9a1e4" testListId="8c84fa94-04c1-424b-9868-57a2d4851a1d" />
    <TestEntry testId="26440f56-b1d5-bf71-6850-73d01d65d17f" executionId="55276db4-d0e6-4127-91b6-38292bf0e178" testListId="8c84fa94-04c1-424b-9868-57a2d4851a1d" />
    <TestEntry testId="543520d4-f7dd-b167-e245-b9bf6e804b67" executionId="557365af-3e9e-45f7-8656-280139d6a3f1" testListId="8c84fa94-04c1-424b-9868-57a2d4851a1d" />
    <TestEntry testId="55cd5cf7-3e3b-d0e7-0f08-81397b9bba36" executionId="084486ca-b8d0-40af-869a-d85f3a77066b" testListId="8c84fa94-04c1-424b-9868-57a2d4851a1d" />
    <TestEntry testId="3fc6f3b9-3cfb-3631-1d07-b2f8af01e39e" executionId="af812087-aa39-4b5b-82cd-8dfaf5866adf" testListId="8c84fa94-04c1-424b-9868-57a2d4851a1d" />
    <TestEntry testId="85419654-c790-2540-dde0-ac744e0ba38f" executionId="f9065833-27b9-4378-b319-c9e12f6646e9" testListId="8c84fa94-04c1-424b-9868-57a2d4851a1d" />
    <TestEntry testId="841bccef-6ccb-fbbf-a261-9a6b9d007115" executionId="64abef9b-9adc-4400-acdd-bb77c26b2e86" testListId="8c84fa94-04c1-424b-9868-57a2d4851a1d" />
    <TestEntry testId="5a60e50d-87c6-70b1-f7aa-adc2b3186bdc" executionId="856ff729-5516-4d8d-a934-bf758a0d0933" testListId="8c84fa94-04c1-424b-9868-57a2d4851a1d" />
    <TestEntry testId="dbc1eaf3-3264-f455-406d-6da8ccabb029" executionId="5509d294-3f3f-4634-8845-769333b012d4" testListId="8c84fa94-04c1-424b-9868-57a2d4851a1d" />
    <TestEntry testId="c11563d1-2be0-0ad9-4361-0977edde7b30" executionId="5f8c4e84-334c-484f-8fe8-5bc4058d5157" testListId="8c84fa94-04c1-424b-9868-57a2d4851a1d" />
    <TestEntry testId="ed7a6be3-3697-84b7-bfd3-8de02e542b9d" executionId="aff67672-23bd-48fe-9e67-336112748b4d" testListId="8c84fa94-04c1-424b-9868-57a2d4851a1d" />
    <TestEntry testId="d87c4b0f-ddc1-c20d-88d0-00503a7a2d64" executionId="de5ced62-2aed-4092-915d-451691d1d4a3" testListId="8c84fa94-04c1-424b-9868-57a2d4851a1d" />
    <TestEntry testId="8fcc0e5f-ae1b-78c2-45ea-f52e1f28f54e" executionId="0ce15686-b0db-420c-aa0c-787eb8401fcc" testListId="8c84fa94-04c1-424b-9868-57a2d4851a1d" />
    <TestEntry testId="4734019b-b3e6-89a9-11f7-518360565486" executionId="2c618ca3-4477-4351-b8e8-6e22a64e21ed" testListId="8c84fa94-04c1-424b-9868-57a2d4851a1d" />
    <TestEntry testId="259d84d8-a34e-7098-bac3-954163732a30" executionId="fb5dd641-b78f-4d7e-933a-64c8b6138bc6" testListId="8c84fa94-04c1-424b-9868-57a2d4851a1d" />
    <TestEntry testId="1dbfac0d-6921-9fa7-0a13-4278be6b0a57" executionId="f4438af4-70d3-4180-be44-75c6155a5619" testListId="8c84fa94-04c1-424b-9868-57a2d4851a1d" />
    <TestEntry testId="e1a33abc-d0d6-40df-7cba-b407e634c025" executionId="3c1ac76a-2905-4c57-b6f2-6f8253906240" testListId="8c84fa94-04c1-424b-9868-57a2d4851a1d" />
    <TestEntry testId="402d9547-53c6-8a37-1073-086800375532" executionId="7322a560-9cd0-4575-ad21-1eb2026d1451" testListId="8c84fa94-04c1-424b-9868-57a2d4851a1d" />
    <TestEntry testId="e4312186-e6e6-5722-2d06-1fe95a294390" executionId="43c98aa2-4b62-46dc-9bea-9145b643b921" testListId="8c84fa94-04c1-424b-9868-57a2d4851a1d" />
    <TestEntry testId="740b1f60-e42d-66de-0684-ebbdaabbfdda" executionId="aa83aa04-dd22-44ba-8ed9-ed0b3845c440" testListId="8c84fa94-04c1-424b-9868-57a2d4851a1d" />
    <TestEntry testId="f1b60189-ccc9-b1e7-ab08-7356b894ec44" executionId="7cd60c45-0173-43c2-9af4-c51cce141587" testListId="8c84fa94-04c1-424b-9868-57a2d4851a1d" />
    <TestEntry testId="94f886e0-ac98-223a-7793-64a9c2010d23" executionId="d29f073e-d7b4-4df4-844e-5da8f41068f9" testListId="8c84fa94-04c1-424b-9868-57a2d4851a1d" />
    <TestEntry testId="d009849c-8b8f-6d99-13f2-ef4249e361b2" executionId="116ca7b4-fd59-43b8-916b-b695b393f5cb" testListId="8c84fa94-04c1-424b-9868-57a2d4851a1d" />
    <TestEntry testId="8631ac2b-a4f0-7451-f5d6-c315253da478" executionId="2bc43c77-25de-484b-af9c-cad320824ad6" testListId="8c84fa94-04c1-424b-9868-57a2d4851a1d" />
    <TestEntry testId="5d3d84cf-038c-4965-b983-fb6337668672" executionId="c7a9e241-48f1-42c3-94e0-2fb7be2ed971" testListId="8c84fa94-04c1-424b-9868-57a2d4851a1d" />
    <TestEntry testId="1906a1be-3bab-eb07-1600-dbe6840a96ec" executionId="62b57830-7c3c-4538-906b-f3091d577ac6" testListId="8c84fa94-04c1-424b-9868-57a2d4851a1d" />
    <TestEntry testId="abcfdaf8-80a5-c0d3-91a9-45b74201817f" executionId="85a1384a-bcf9-41d8-89e0-cbfa8d8a1ce5" testListId="8c84fa94-04c1-424b-9868-57a2d4851a1d" />
    <TestEntry testId="586a6e9f-1677-db0a-a90b-40e2a4c65a99" executionId="01ee6275-8440-4199-96a4-15a68f6c5511" testListId="8c84fa94-04c1-424b-9868-57a2d4851a1d" />
    <TestEntry testId="e42fdbf6-bd35-652f-3b97-233786345edb" executionId="a86304af-bc01-4b22-946f-258d503a3612" testListId="8c84fa94-04c1-424b-9868-57a2d4851a1d" />
    <TestEntry testId="3e67406e-2ea1-e907-7790-c945fbc51991" executionId="f274bb7d-4b6e-4462-a2f2-1e8d65aa87ef" testListId="8c84fa94-04c1-424b-9868-57a2d4851a1d" />
    <TestEntry testId="3d921b53-9756-73d5-54e4-d6b7dff875d5" executionId="5aa4b58d-3fa0-4aeb-b367-c8222e6b7add" testListId="8c84fa94-04c1-424b-9868-57a2d4851a1d" />
    <TestEntry testId="4d50b4bc-fb20-4b15-c696-86312cc6655b" executionId="26e84a76-ee65-4bdb-97ae-e102e8f7e820" testListId="8c84fa94-04c1-424b-9868-57a2d4851a1d" />
    <TestEntry testId="5797148e-1243-f07f-740f-e334ef9d064d" executionId="401994e4-f6bb-43c6-a56c-20a6058e5cc8" testListId="8c84fa94-04c1-424b-9868-57a2d4851a1d" />
    <TestEntry testId="05b68737-e2a8-4864-f836-dc209e28cb13" executionId="cb1824e9-eb34-498a-bd7a-bcefc88312ba" testListId="8c84fa94-04c1-424b-9868-57a2d4851a1d" />
    <TestEntry testId="0e1c07e6-369a-2f69-1299-cf762b3a0f30" executionId="ebc55918-5049-48db-b789-9a02d285698c" testListId="8c84fa94-04c1-424b-9868-57a2d4851a1d" />
    <TestEntry testId="b153c943-ecdf-3976-30b9-5de80d0b0611" executionId="90f7b3cc-e394-45bd-b6f7-6dfb4605727a" testListId="8c84fa94-04c1-424b-9868-57a2d4851a1d" />
    <TestEntry testId="368df98f-908e-6cc2-43ae-5a5d904e2247" executionId="c5d0d297-e846-46c3-b96f-bb558f9c91da" testListId="8c84fa94-04c1-424b-9868-57a2d4851a1d" />
    <TestEntry testId="1a1aed9b-aef6-582d-60b1-f14cc20bf88a" executionId="6a05d569-878c-4688-8597-4132ebf89316" testListId="8c84fa94-04c1-424b-9868-57a2d4851a1d" />
    <TestEntry testId="c61c6866-8332-5392-7f67-bf35fe3054b9" executionId="cf0ee814-6b9b-4807-bb0a-5f1c18e3f5ae" testListId="8c84fa94-04c1-424b-9868-57a2d4851a1d" />
    <TestEntry testId="7cdb2c21-ed56-fbbf-76e7-6ed40e8c13f8" executionId="a63d8d2e-0f4b-47da-926d-76b5a7637a97" testListId="8c84fa94-04c1-424b-9868-57a2d4851a1d" />
    <TestEntry testId="4d85beb5-b3cf-f79f-2298-16e1a3592899" executionId="c456795b-d0d1-4915-85f4-ea974a31fb4e" testListId="8c84fa94-04c1-424b-9868-57a2d4851a1d" />
    <TestEntry testId="f2be466a-9478-63ea-1859-e5408558f8cc" executionId="6ded7bb8-b04b-499c-900c-0daae6c27e8a" testListId="8c84fa94-04c1-424b-9868-57a2d4851a1d" />
    <TestEntry testId="93e6ece0-287d-aa76-a5d5-c4eafc9770cf" executionId="51bba131-2cc7-4b9a-b9fa-9fdf1f20309d" testListId="8c84fa94-04c1-424b-9868-57a2d4851a1d" />
    <TestEntry testId="e1829039-99f0-2782-3ae5-d5309f340c4f" executionId="09490159-ad01-4332-834c-fa826e61efce" testListId="8c84fa94-04c1-424b-9868-57a2d4851a1d" />
    <TestEntry testId="0d93b3c7-2720-e406-00c5-c086e5dbbaf8" executionId="2a8a3c9f-d968-4ebc-8beb-00211de0da4e" testListId="8c84fa94-04c1-424b-9868-57a2d4851a1d" />
    <TestEntry testId="15350bfc-6592-689c-6fc1-f72c5466fc9b" executionId="e24b8b48-1e4e-40ab-bd0d-86ad44f09fb4" testListId="8c84fa94-04c1-424b-9868-57a2d4851a1d" />
    <TestEntry testId="1080a8fb-c4f5-1740-e9b9-cd24db7a0bc9" executionId="a132c656-21ab-4bf3-86eb-a04cb8f2aa88" testListId="8c84fa94-04c1-424b-9868-57a2d4851a1d" />
    <TestEntry testId="9ef5bce8-20a6-e21f-e520-2849b285356f" executionId="2b18223e-b7ab-41fa-b273-95a4bda37da8" testListId="8c84fa94-04c1-424b-9868-57a2d4851a1d" />
    <TestEntry testId="224121b0-bd55-b0f9-b633-9c4a8af584c9" executionId="438061e5-b70c-47bd-bf3d-a6c052f07363" testListId="8c84fa94-04c1-424b-9868-57a2d4851a1d" />
    <TestEntry testId="1dae9299-e709-a0bc-65b3-c33d38656a39" executionId="a699a952-ed66-44f7-a4f8-c9813295fa68" testListId="8c84fa94-04c1-424b-9868-57a2d4851a1d" />
    <TestEntry testId="ebfc03d2-499c-1b10-ff46-55e56ed1053c" executionId="0cab9ce3-bf89-49b4-ac09-e0b3cad072ff" testListId="8c84fa94-04c1-424b-9868-57a2d4851a1d" />
    <TestEntry testId="cab36b7c-b328-097a-c693-a86f3c6a8b20" executionId="69d92b7c-8f1e-4e2f-bb95-721709afec1d" testListId="8c84fa94-04c1-424b-9868-57a2d4851a1d" />
    <TestEntry testId="eab1726c-60be-51af-68e5-eb627280a04a" executionId="f0719ae0-ed62-41c5-9cec-6c8065006e2d" testListId="8c84fa94-04c1-424b-9868-57a2d4851a1d" />
    <TestEntry testId="c7260ebc-a696-37ef-e759-c0251b78d7a6" executionId="b780d72c-7704-4207-ba59-9488e09fe95c" testListId="8c84fa94-04c1-424b-9868-57a2d4851a1d" />
    <TestEntry testId="087483bd-57c2-5232-4239-d7fa7bba02f0" executionId="722394d5-6f1a-47d8-82e2-1916e245fcc5" testListId="8c84fa94-04c1-424b-9868-57a2d4851a1d" />
    <TestEntry testId="c7260ebc-a696-37ef-e759-c0251b78d7a6" executionId="8d375161-16df-4932-81f5-ca2f3bf85a6e" testListId="8c84fa94-04c1-424b-9868-57a2d4851a1d" />
    <TestEntry testId="01bd5546-fb96-53ce-a3d3-3ee337c925f8" executionId="0f60455a-253c-4804-9d2e-e02fb1177955" testListId="8c84fa94-04c1-424b-9868-57a2d4851a1d" />
    <TestEntry testId="6f5bab29-d127-b76d-8e6a-1c83edea3a67" executionId="518d0672-4ca6-4778-92c8-99986aa88e88" testListId="8c84fa94-04c1-424b-9868-57a2d4851a1d" />
    <TestEntry testId="751bd0d0-981a-ad0a-aebf-27f11ea2b83e" executionId="6a4339d9-eb40-475c-88e6-2b4dc9368194" testListId="8c84fa94-04c1-424b-9868-57a2d4851a1d" />
    <TestEntry testId="7cca54b3-329a-711d-4174-4576115c7e55" executionId="c63ffbf0-fe0f-4f9a-9445-199dafa1e13d" testListId="8c84fa94-04c1-424b-9868-57a2d4851a1d" />
    <TestEntry testId="a69b75f0-b266-97b1-d1d6-739d52dc643a" executionId="6a62c3f0-a187-4202-9635-391d1e9d56f4" testListId="8c84fa94-04c1-424b-9868-57a2d4851a1d" />
    <TestEntry testId="1080a8fb-c4f5-1740-e9b9-cd24db7a0bc9" executionId="873a260c-aca7-4260-8be8-883667f11000" testListId="8c84fa94-04c1-424b-9868-57a2d4851a1d" />
    <TestEntry testId="d0f2f235-e339-4989-7619-dec82338f8de" executionId="80dbde67-d658-4bf0-b1ad-82d0ab7b02a9" testListId="8c84fa94-04c1-424b-9868-57a2d4851a1d" />
    <TestEntry testId="e12883d9-f2a1-8f1d-81a5-d6874a69e61c" executionId="ccaa203b-491b-417b-9e64-daeb5f81da3a" testListId="8c84fa94-04c1-424b-9868-57a2d4851a1d" />
    <TestEntry testId="9572a548-ddb6-b4fa-3bd1-287342efdf40" executionId="2199d56e-1b86-4cd7-9720-18f9f4a1936c" testListId="8c84fa94-04c1-424b-9868-57a2d4851a1d" />
    <TestEntry testId="d25bb6c4-f059-2b0a-c3a7-55a673cee942" executionId="e1b1035e-2adc-44aa-8d53-a4fb1684f5c2" testListId="8c84fa94-04c1-424b-9868-57a2d4851a1d" />
    <TestEntry testId="8482b377-00a0-4ea8-3f72-6eb94a495858" executionId="29a8c87d-5e7f-4935-a47e-7a0a2745e00c" testListId="8c84fa94-04c1-424b-9868-57a2d4851a1d" />
    <TestEntry testId="66b737fb-baa7-6ff9-32a4-aa649c9a1a69" executionId="28193cfa-171b-413b-b5b2-40e7ba9b889f" testListId="8c84fa94-04c1-424b-9868-57a2d4851a1d" />
    <TestEntry testId="c22027e3-8847-cee4-cb92-5716c9338f13" executionId="fc9729a5-4dc0-44bd-9a06-cf439eb46c97" testListId="8c84fa94-04c1-424b-9868-57a2d4851a1d" />
    <TestEntry testId="10ea75e5-1086-70be-114d-0a29818ef28d" executionId="51493ac5-d62f-46e4-a643-b3965b758f28" testListId="8c84fa94-04c1-424b-9868-57a2d4851a1d" />
    <TestEntry testId="1080a8fb-c4f5-1740-e9b9-cd24db7a0bc9" executionId="6566d823-69fc-40c0-9e28-5d0c1481fb8b" testListId="8c84fa94-04c1-424b-9868-57a2d4851a1d" />
    <TestEntry testId="6be97f92-4505-aedc-f92b-2bcaf8783730" executionId="995e835c-e9a6-4ff9-8088-7724545d0168" testListId="8c84fa94-04c1-424b-9868-57a2d4851a1d" />
    <TestEntry testId="e6b88262-b433-6d9d-2054-00efe550437a" executionId="77664268-a3c2-45d8-828c-5c9eadea2b6a" testListId="8c84fa94-04c1-424b-9868-57a2d4851a1d" />
    <TestEntry testId="8778cd5e-de62-3262-9f3e-8ab7171cb29b" executionId="6149d2d2-3633-454e-bcfa-dfc715ae943c" testListId="8c84fa94-04c1-424b-9868-57a2d4851a1d" />
    <TestEntry testId="2607e7d1-ec1e-fa7a-6ed7-51f12749f64c" executionId="af78db9d-5358-4849-b3e7-3b4e84b4a920" testListId="8c84fa94-04c1-424b-9868-57a2d4851a1d" />
    <TestEntry testId="45913e0e-7768-b45d-e231-50a77a9a60bc" executionId="78288922-fc58-49e1-b75b-5663093f06ff" testListId="8c84fa94-04c1-424b-9868-57a2d4851a1d" />
    <TestEntry testId="afc3fae3-132c-7e62-823b-4cb1c5692e93" executionId="a13e106b-b2e8-4ac3-8bb9-efffa5c3c936" testListId="8c84fa94-04c1-424b-9868-57a2d4851a1d" />
    <TestEntry testId="19cd3930-c392-4095-d9b1-320c19a9b03d" executionId="748c6f5f-a9a3-4f76-88df-fa1d03c53d8e" testListId="8c84fa94-04c1-424b-9868-57a2d4851a1d" />
    <TestEntry testId="ef189c2c-f825-4298-fcb8-eb216f9c869d" executionId="6677ef01-edbc-468a-8ead-5f72b6d1a17b" testListId="8c84fa94-04c1-424b-9868-57a2d4851a1d" />
    <TestEntry testId="f914b333-ca83-9dd1-5387-b0a814579343" executionId="8d7b4291-d3b0-4ff8-a868-a6907553f4b0" testListId="8c84fa94-04c1-424b-9868-57a2d4851a1d" />
    <TestEntry testId="99afc6da-f4f9-628a-493f-43d945f5eaea" executionId="2512bc68-069c-4345-8e6e-2734479cc848" testListId="8c84fa94-04c1-424b-9868-57a2d4851a1d" />
    <TestEntry testId="72123054-14a1-e3c5-e878-65c6f5c8e047" executionId="0275361a-a165-4db4-ad86-41e8f3c93328" testListId="8c84fa94-04c1-424b-9868-57a2d4851a1d" />
    <TestEntry testId="6af6673e-8981-5deb-5b4f-18b4a3501729" executionId="87c830a3-9c3e-4989-82f9-a0c7cc66a49f" testListId="8c84fa94-04c1-424b-9868-57a2d4851a1d" />
    <TestEntry testId="299c5a36-3968-be44-74d0-d4e6b6518e26" executionId="6c9c0bae-c2ec-4412-bace-e17863ac8c1b" testListId="8c84fa94-04c1-424b-9868-57a2d4851a1d" />
    <TestEntry testId="091a29da-0dab-acd1-eb77-2d71716f3ea4" executionId="4baf232d-180e-4174-b6de-676a2e608d35" testListId="8c84fa94-04c1-424b-9868-57a2d4851a1d" />
    <TestEntry testId="0c3e8352-e59e-5e9d-2482-66bbd824a79d" executionId="fa0dacec-f623-4f8e-ade1-9d9ed26e3a1a" testListId="8c84fa94-04c1-424b-9868-57a2d4851a1d" />
    <TestEntry testId="5c05525c-a91a-5a95-c392-31322bda4638" executionId="dab4c738-c25b-4aff-8dde-acaa498a3c22" testListId="8c84fa94-04c1-424b-9868-57a2d4851a1d" />
    <TestEntry testId="68898528-75c3-7060-38b9-142e0edf22d5" executionId="df97963d-1d71-4564-a21c-f26352028ce5" testListId="8c84fa94-04c1-424b-9868-57a2d4851a1d" />
    <TestEntry testId="256ec8ee-676d-65e9-5648-6e3012d32600" executionId="153d94f2-1a9d-4a9a-877f-21e4cf454f4d" testListId="8c84fa94-04c1-424b-9868-57a2d4851a1d" />
    <TestEntry testId="6e419b7a-f3ee-4ba0-7e1a-a2f6af7ebf42" executionId="d43ea1bf-13a4-41f4-bfa6-c52123226de7" testListId="8c84fa94-04c1-424b-9868-57a2d4851a1d" />
    <TestEntry testId="84c71a67-f626-81b7-73d2-d813713fab8c" executionId="121a474f-a4bc-4586-8c6e-59503126f522" testListId="8c84fa94-04c1-424b-9868-57a2d4851a1d" />
    <TestEntry testId="c3947147-a646-06ba-97e1-e241f4112e7b" executionId="a2f92c30-7329-4ebd-ab28-1a4f71a4d6ca" testListId="8c84fa94-04c1-424b-9868-57a2d4851a1d" />
    <TestEntry testId="cd8997ba-625f-ef13-00bd-c2f23ac49194" executionId="b635963c-e0e5-4fe5-935d-139d6f6f8177" testListId="8c84fa94-04c1-424b-9868-57a2d4851a1d" />
    <TestEntry testId="a6fc0933-771a-6ef6-bbdf-3ccc2b4e96db" executionId="da6d25c5-f303-41d3-9b38-bd213106cb99" testListId="8c84fa94-04c1-424b-9868-57a2d4851a1d" />
    <TestEntry testId="bcbeba50-3efd-0ed9-f0d0-bc0242b36ead" executionId="2f91577e-a136-4756-a0e3-d54af7180805" testListId="8c84fa94-04c1-424b-9868-57a2d4851a1d" />
    <TestEntry testId="762f6126-3d62-e3f9-92cb-54086f5b0e20" executionId="be4a2120-5638-4e90-a8e2-8e754c53dcbc" testListId="8c84fa94-04c1-424b-9868-57a2d4851a1d" />
    <TestEntry testId="5ea0ae64-cd16-806b-6a2a-03ea7decf6dc" executionId="163d986b-cd1c-4ab2-8dd4-16c041558687" testListId="8c84fa94-04c1-424b-9868-57a2d4851a1d" />
    <TestEntry testId="19016da1-e936-f011-fdef-37ec13a95a33" executionId="a4704d8d-a6ef-4d8d-82bc-465679345e18" testListId="8c84fa94-04c1-424b-9868-57a2d4851a1d" />
    <TestEntry testId="221a9f87-b670-a768-d998-0091c0594c81" executionId="64829167-4e3d-4887-b41b-28c4123244f5" testListId="8c84fa94-04c1-424b-9868-57a2d4851a1d" />
    <TestEntry testId="eac6d3f8-7143-a5f1-242b-ac3081b96c1b" executionId="47de8801-0036-4755-952a-1d52d141bbfb" testListId="8c84fa94-04c1-424b-9868-57a2d4851a1d" />
    <TestEntry testId="048ee76e-4526-84d4-4b45-a3f7292105d4" executionId="5405ce28-8510-4096-aa54-ea64cc74888a" testListId="8c84fa94-04c1-424b-9868-57a2d4851a1d" />
    <TestEntry testId="12cfcfbc-e213-6789-73ae-4ebb8787b382" executionId="311714ac-4940-4830-b382-7e9738344603" testListId="8c84fa94-04c1-424b-9868-57a2d4851a1d" />
    <TestEntry testId="45bfcba3-622d-bcdc-761e-f0bfa66d2fdb" executionId="317ec055-7dbc-4517-be39-71727a690736" testListId="8c84fa94-04c1-424b-9868-57a2d4851a1d" />
    <TestEntry testId="1c907111-d455-c840-0d07-587e7beaf1de" executionId="eb1d8532-18cb-496e-8a96-dbfd94602590" testListId="8c84fa94-04c1-424b-9868-57a2d4851a1d" />
    <TestEntry testId="c477a57e-15ab-67bd-1860-8614e5217a42" executionId="b0e0bb6f-ebfd-4fab-8781-8e8a9815745a" testListId="8c84fa94-04c1-424b-9868-57a2d4851a1d" />
    <TestEntry testId="d76112f0-37cb-1ff2-48b0-6ab9a848ef7a" executionId="4d6a9520-4e14-4aee-9554-0366d1d141f2" testListId="8c84fa94-04c1-424b-9868-57a2d4851a1d" />
    <TestEntry testId="0a7cf376-32f4-f2f3-2805-ce0ea3a902d5" executionId="f525430e-dc4f-455a-be38-d6835fca143a" testListId="8c84fa94-04c1-424b-9868-57a2d4851a1d" />
    <TestEntry testId="cb3e2cc2-98fe-4dd6-bd1e-0dcde34bd83e" executionId="6df29097-8e49-489b-a544-fc3cf27828d0" testListId="8c84fa94-04c1-424b-9868-57a2d4851a1d" />
    <TestEntry testId="53f44629-fbd7-6f80-e2b4-f1d092aa221c" executionId="fb851d40-e79e-4bbb-82a9-b7aeb906120e" testListId="8c84fa94-04c1-424b-9868-57a2d4851a1d" />
    <TestEntry testId="85a91969-13ae-1239-28d7-a0ec6378677f" executionId="6f40ee17-d463-4a27-a0b5-87cd6f89761d" testListId="8c84fa94-04c1-424b-9868-57a2d4851a1d" />
    <TestEntry testId="480f9733-0ddc-5740-a286-03420d7c4578" executionId="1713b264-4d2d-49f7-8266-64957e8dacb3" testListId="8c84fa94-04c1-424b-9868-57a2d4851a1d" />
    <TestEntry testId="f6a999f9-f352-34fb-0fa9-9f15dd428a27" executionId="20ebff1e-b2ab-4f61-bf43-225bb308ff2a" testListId="8c84fa94-04c1-424b-9868-57a2d4851a1d" />
    <TestEntry testId="39a23e01-ef3e-5aed-b416-4f5e71ddf4c5" executionId="f44092e1-f7f1-4fd5-980e-5f24e0e16822" testListId="8c84fa94-04c1-424b-9868-57a2d4851a1d" />
    <TestEntry testId="9eee4cc3-3b2e-3cc9-55c3-605dbb760f04" executionId="3d45955f-3760-498b-aba4-f6d8143b966c" testListId="8c84fa94-04c1-424b-9868-57a2d4851a1d" />
    <TestEntry testId="dbe6b303-e830-164b-9628-dd218ddee864" executionId="eb7fa252-6446-4334-907d-7334dfefce53" testListId="8c84fa94-04c1-424b-9868-57a2d4851a1d" />
    <TestEntry testId="7152a2cf-6cba-3e79-17bd-cee74002931a" executionId="dd2bbd04-4f74-410d-8ed8-ff0c91542afa" testListId="8c84fa94-04c1-424b-9868-57a2d4851a1d" />
    <TestEntry testId="4bef2d58-0bc1-6e55-6c25-8aef1ed7e352" executionId="6aea5139-0e16-4701-aa1b-f512c5d358c5" testListId="8c84fa94-04c1-424b-9868-57a2d4851a1d" />
    <TestEntry testId="2e244d6d-f149-02a5-c330-275c38ec6450" executionId="40c1f768-39ac-4997-8ec7-8d8f69c93a36" testListId="8c84fa94-04c1-424b-9868-57a2d4851a1d" />
    <TestEntry testId="1080a8fb-c4f5-1740-e9b9-cd24db7a0bc9" executionId="378e16fb-bed1-483a-8dad-0b13e09db323" testListId="8c84fa94-04c1-424b-9868-57a2d4851a1d" />
    <TestEntry testId="6beec7e0-e80d-a608-377e-259f10065421" executionId="27c9e178-0c94-4b71-8601-55e47e35462c" testListId="8c84fa94-04c1-424b-9868-57a2d4851a1d" />
    <TestEntry testId="40d40f77-630f-6bc1-faa6-5dd5d4e7aa98" executionId="bfd4d836-fabe-4928-85dd-87109de3b2fb" testListId="8c84fa94-04c1-424b-9868-57a2d4851a1d" />
    <TestEntry testId="1e403474-a2fe-4fa9-22f4-0ab4289adc79" executionId="19774c3d-4f99-4ba1-8257-5cfbfbd52e09" testListId="8c84fa94-04c1-424b-9868-57a2d4851a1d" />
    <TestEntry testId="a8e0a087-1889-f19a-72a7-a9ab2395453f" executionId="8c7dbf46-952e-4374-9cc0-ea54d7189140" testListId="8c84fa94-04c1-424b-9868-57a2d4851a1d" />
    <TestEntry testId="1080a8fb-c4f5-1740-e9b9-cd24db7a0bc9" executionId="dfaef500-7185-4347-86ba-a9edb3f80e6e" testListId="8c84fa94-04c1-424b-9868-57a2d4851a1d" />
    <TestEntry testId="ed05224e-7352-3fba-455f-32ff240fd7b3" executionId="e1ba898c-8207-432a-b1e5-29498c398e77" testListId="8c84fa94-04c1-424b-9868-57a2d4851a1d" />
    <TestEntry testId="01825cc0-b814-cfba-c53d-8448d4f7298c" executionId="00b0a373-0764-4c92-9651-23556019f6ab" testListId="8c84fa94-04c1-424b-9868-57a2d4851a1d" />
    <TestEntry testId="014275d6-c2f3-5fcd-dd48-1fcd8dc4d9e0" executionId="d41ab6ee-46e6-46c3-8015-c48bac1a08dd" testListId="8c84fa94-04c1-424b-9868-57a2d4851a1d" />
    <TestEntry testId="51ef1f70-2175-71d2-bd28-ab21ba2bf2f6" executionId="cab25864-90ec-4875-b8cc-89f4b6dbc4df" testListId="8c84fa94-04c1-424b-9868-57a2d4851a1d" />
    <TestEntry testId="667666f4-71a8-3da2-109b-dc8c955f4787" executionId="ec6b5ddc-cab3-4a88-a55f-a62888520c1c" testListId="8c84fa94-04c1-424b-9868-57a2d4851a1d" />
    <TestEntry testId="a7211da6-38c1-6a10-8718-2db24db31e1a" executionId="9a98fb29-de26-4e2f-9db3-29442e431821" testListId="8c84fa94-04c1-424b-9868-57a2d4851a1d" />
    <TestEntry testId="78035143-1854-e0c6-6a36-f00d4c9fb132" executionId="93e8c5c6-221e-45e2-a191-7b8b08c163ba" testListId="8c84fa94-04c1-424b-9868-57a2d4851a1d" />
    <TestEntry testId="efdf10ad-ff1d-0372-6e29-924d8f59f26f" executionId="6be6316f-4f2e-493f-ab0d-a4b754f922cc" testListId="8c84fa94-04c1-424b-9868-57a2d4851a1d" />
    <TestEntry testId="d448bcb8-6885-0c4f-10f7-68cd250146e3" executionId="c3b3e04f-e7ea-43a3-a27c-53b2fb55aa37" testListId="8c84fa94-04c1-424b-9868-57a2d4851a1d" />
    <TestEntry testId="9679f3b1-d316-e371-a99a-a9db8d077c58" executionId="6f3f94df-243d-485b-8615-007132b0a804" testListId="8c84fa94-04c1-424b-9868-57a2d4851a1d" />
    <TestEntry testId="1c5263d3-f97a-e400-bb9e-490fdd53a2e7" executionId="ed446bea-1b51-4aaf-b812-6b45b3775a31" testListId="8c84fa94-04c1-424b-9868-57a2d4851a1d" />
    <TestEntry testId="827ca186-0c29-b61e-9e2f-035ce5286d39" executionId="cd839999-c7ad-4e27-ac7d-13803c7b4cef" testListId="8c84fa94-04c1-424b-9868-57a2d4851a1d" />
    <TestEntry testId="6bd1caa1-a69e-87f9-5b93-e34f3c28efd8" executionId="107ff4ff-eec6-43e6-9ccd-a44d100a0571" testListId="8c84fa94-04c1-424b-9868-57a2d4851a1d" />
    <TestEntry testId="ea36e14f-372d-197a-9c21-e8d64d28aa3e" executionId="a83108a1-2afb-46dd-b34e-b6b87bc769e5" testListId="8c84fa94-04c1-424b-9868-57a2d4851a1d" />
    <TestEntry testId="7eb1f97f-5526-479e-4893-8915c761e4d5" executionId="a667ff65-5ead-44ac-ba9b-fbe054ad0994" testListId="8c84fa94-04c1-424b-9868-57a2d4851a1d" />
    <TestEntry testId="a98bdf50-2987-d95f-4709-405ea1af586c" executionId="65d57237-7142-448d-9fd9-49d7301558c4" testListId="8c84fa94-04c1-424b-9868-57a2d4851a1d" />
    <TestEntry testId="f2682ae8-cb44-07d9-4b2e-6f7ac7579d66" executionId="ff18ec56-82ee-43ac-8f1a-78b0b3ee68ed" testListId="8c84fa94-04c1-424b-9868-57a2d4851a1d" />
    <TestEntry testId="1080a8fb-c4f5-1740-e9b9-cd24db7a0bc9" executionId="2ebefad4-ab07-4db3-86c2-d3f0eb383238" testListId="8c84fa94-04c1-424b-9868-57a2d4851a1d" />
    <TestEntry testId="7616343e-c8e4-8480-cc79-56d6843e930e" executionId="79a91dc1-7bdd-424b-8d0e-fb937ecc5fe6" testListId="8c84fa94-04c1-424b-9868-57a2d4851a1d" />
    <TestEntry testId="6dfabc01-8554-4ccb-feac-c4dd52956441" executionId="698cf237-6778-4177-ab4f-691980f3fcca" testListId="8c84fa94-04c1-424b-9868-57a2d4851a1d" />
    <TestEntry testId="333c1019-8059-91cd-cd8a-ffa8f067c19b" executionId="98655104-4ce2-4b41-9eee-f6169afd0427" testListId="8c84fa94-04c1-424b-9868-57a2d4851a1d" />
    <TestEntry testId="6fc57d16-1bbc-f8a1-b3f7-9c7fca46a84b" executionId="78de9072-ffe8-4b3a-8cce-a9bd9a02f873" testListId="8c84fa94-04c1-424b-9868-57a2d4851a1d" />
    <TestEntry testId="f4465c18-7ddc-1465-e925-f39d3b289931" executionId="58e9d49d-484f-442c-af87-f2e4b5d6a126" testListId="8c84fa94-04c1-424b-9868-57a2d4851a1d" />
    <TestEntry testId="40e9e5d4-1c18-ecc2-e66c-2236d1053683" executionId="73d5c95d-404e-459e-8f40-9509d6b74081" testListId="8c84fa94-04c1-424b-9868-57a2d4851a1d" />
    <TestEntry testId="f7e32a31-f56c-1976-c253-135477df6b1a" executionId="5a601664-781b-42e5-9264-9b9dfdef7d71" testListId="8c84fa94-04c1-424b-9868-57a2d4851a1d" />
    <TestEntry testId="9db56dfb-3231-b225-df86-79071f935e79" executionId="dcb0e601-f424-4aec-a52b-98858d351cb4" testListId="8c84fa94-04c1-424b-9868-57a2d4851a1d" />
    <TestEntry testId="84aaef3e-848b-89c6-f120-0b3bbfa75f5f" executionId="8d3778b0-afde-4d87-a5d3-80d85991fc5d" testListId="8c84fa94-04c1-424b-9868-57a2d4851a1d" />
    <TestEntry testId="58fb35cf-80f9-fb0a-f9a0-0721e6e3edc8" executionId="5b91a39d-01a0-46a6-a01b-7afbbc0b0eb8" testListId="8c84fa94-04c1-424b-9868-57a2d4851a1d" />
    <TestEntry testId="a944774e-c819-e8bf-de7d-ffc1f5493272" executionId="4058f1a9-6ba8-48c3-9175-6d72f48a8feb" testListId="8c84fa94-04c1-424b-9868-57a2d4851a1d" />
    <TestEntry testId="a3c8ed5d-3a6e-a49a-1e69-d3d0339835de" executionId="807cf1ee-7614-45d8-9955-34edbb3d6de5" testListId="8c84fa94-04c1-424b-9868-57a2d4851a1d" />
    <TestEntry testId="63fbe8a8-1093-5f19-3339-a4ab0bbc9f7c" executionId="391bcb3a-38b3-4c8e-9802-a91356871923" testListId="8c84fa94-04c1-424b-9868-57a2d4851a1d" />
    <TestEntry testId="969cda19-9c41-5b6a-5c18-9bf98cad04e4" executionId="9f9ca755-eb77-41f3-a325-973752c6d80c" testListId="8c84fa94-04c1-424b-9868-57a2d4851a1d" />
    <TestEntry testId="65ad676c-dd88-bb31-291b-5381cf857c90" executionId="c8edaced-6870-4c5e-8f4c-f9cfd9d48954" testListId="8c84fa94-04c1-424b-9868-57a2d4851a1d" />
    <TestEntry testId="75db3207-0c10-13f9-f04f-afdb47730d95" executionId="4925a19b-a9a8-4450-9a82-cdb77a08ef06" testListId="8c84fa94-04c1-424b-9868-57a2d4851a1d" />
    <TestEntry testId="23a2ce8c-229c-f736-7e1f-b6a40812b241" executionId="aa054ad0-7868-4bb0-aac8-b727d098a444" testListId="8c84fa94-04c1-424b-9868-57a2d4851a1d" />
    <TestEntry testId="bcb7791d-8e14-f6cb-e4f9-38b151f93373" executionId="bf5919f8-6016-4fcc-b03e-e5711ee68815" testListId="8c84fa94-04c1-424b-9868-57a2d4851a1d" />
    <TestEntry testId="d3d53410-422a-1c14-c027-c0915287fc82" executionId="fe955a43-54d7-4800-b08d-690c87adb04a" testListId="8c84fa94-04c1-424b-9868-57a2d4851a1d" />
  </TestEntries>
  <TestLists>
    <TestList name="Results Not in a List" id="8c84fa94-04c1-424b-9868-57a2d4851a1d" />
    <TestList name="All Loaded Results" id="19431567-8539-422a-85d7-44ee4e166bda" />
  </TestLists>
  <ResultSummary outcome="Completed">
    <Counters total="1119" executed="1111" passed="1111" failed="0" error="0" timeout="0" aborted="0" inconclusive="0" passedButRunAborted="0" notRunnable="0" notExecuted="0" disconnected="0" warning="0" completed="0" inProgress="0" pending="0" />
    <Output>
      <StdOut>[xUnit.net 00:00:00.00] xUnit.net VSTest Adapter v3.0.2+dd36e86129 (64-bit .NET 10.0.0-preview.7.25351.105)
[xUnit.net 00:00:00.12]   Discovering: Microsoft.AspNetCore.Components.Tests
[xUnit.net 00:00:00.29]   Discovered:  Microsoft.AspNetCore.Components.Tests
[xUnit.net 00:00:00.42]   Starting:    Microsoft.AspNetCore.Components.Tests
[xUnit.net 00:00:00.94]       {.} is allowed
Test 'Microsoft.AspNetCore.Components.Routing.RoutePatternParserTests.ParseRouteParameter_ThrowsIf_ParameterContainsSpecialCharacters(template: "{.}", expectedMessage: "The route parameter name '.' is invalid. Route par"···)' was skipped in the test run.
[xUnit.net 00:00:00.95]       {=} is allowed
Test 'Microsoft.AspNetCore.Components.Routing.RoutePatternParserTests.ParseRouteParameter_ThrowsIf_ParameterContainsSpecialCharacters(template: "{=}", expectedMessage: "The route parameter name '=' is invalid. Route par"···)' was skipped in the test run.
[xUnit.net 00:00:00.95]       It's ok to have literals after optional parameters. They just aren't optional.
Test 'Microsoft.AspNetCore.Components.Routing.RoutePatternParserTests.InvalidTemplate_NonOptionalParamAfterOptionalParam' was skipped in the test run.
[xUnit.net 00:00:00.97]       It's ok to have literals after optional parameters. They just aren't optional.
Test 'Microsoft.AspNetCore.Components.Routing.RoutePatternParserTests.InvalidTemplate_LiteralAfterOptionalParam' was skipped in the test run.
[xUnit.net 00:00:01.08]       https://github.com/dotnet/aspnetcore/issues/30312
Test 'Microsoft.AspNetCore.Components.EventCallbackFactoryBinderExtensionsTest.CreateBinder_NumericType_WithInvariantCulture' was skipped in the test run.
[xUnit.net 00:00:01.21]       https://github.com/dotnet/aspnetcore/issues/30312
Test 'Microsoft.AspNetCore.Components.EventCallbackFactoryBinderExtensionsTest.CreateBinder_NumericType_WithCurrentCulture' was skipped in the test run.
[xUnit.net 00:00:01.28]       This is allowed in ASP.NET Core routing.
Test 'Microsoft.AspNetCore.Components.Routing.RouteTableFactoryTests.ThrowsForOptionalParametersFollowedByNonOptionalParameters' was skipped in the test run.
[xUnit.net 00:00:01.30]       Matching on a per segment basis in ASP.NET is not supported for catch-alls
Test 'Microsoft.AspNetCore.Components.Routing.RouteTableFactoryTests.CanMatchCatchAllParametersWithConstraints' was skipped in the test run.
[xUnit.net 00:00:02.58]   Finished:    Microsoft.AspNetCore.Components.Tests
</StdOut>
    </Output>
    <RunInfos>
      <RunInfo computerName="pkrvmbietmlfzoi" outcome="Warning" timestamp="2025-07-02T21:18:24.2322341+00:00">
        <Text>[xUnit.net 00:00:00.94]     Microsoft.AspNetCore.Components.Routing.RoutePatternParserTests.ParseRouteParameter_ThrowsIf_ParameterContainsSpecialCharacters(template: "{.}", expectedMessage: "The route parameter name '.' is invalid. Route par"···) [SKIP]</Text>
      </RunInfo>
      <RunInfo computerName="pkrvmbietmlfzoi" outcome="Warning" timestamp="2025-07-02T21:18:24.2429313+00:00">
        <Text>[xUnit.net 00:00:00.95]     Microsoft.AspNetCore.Components.Routing.RoutePatternParserTests.ParseRouteParameter_ThrowsIf_ParameterContainsSpecialCharacters(template: "{=}", expectedMessage: "The route parameter name '=' is invalid. Route par"···) [SKIP]</Text>
      </RunInfo>
      <RunInfo computerName="pkrvmbietmlfzoi" outcome="Warning" timestamp="2025-07-02T21:18:24.2492226+00:00">
        <Text>[xUnit.net 00:00:00.95]     Microsoft.AspNetCore.Components.Routing.RoutePatternParserTests.InvalidTemplate_NonOptionalParamAfterOptionalParam [SKIP]</Text>
      </RunInfo>
      <RunInfo computerName="pkrvmbietmlfzoi" outcome="Warning" timestamp="2025-07-02T21:18:24.2658666+00:00">
        <Text>[xUnit.net 00:00:00.97]     Microsoft.AspNetCore.Components.Routing.RoutePatternParserTests.InvalidTemplate_LiteralAfterOptionalParam [SKIP]</Text>
      </RunInfo>
      <RunInfo computerName="pkrvmbietmlfzoi" outcome="Warning" timestamp="2025-07-02T21:18:24.3845336+00:00">
        <Text>[xUnit.net 00:00:01.08]     Microsoft.AspNetCore.Components.EventCallbackFactoryBinderExtensionsTest.CreateBinder_NumericType_WithInvariantCulture [SKIP]</Text>
      </RunInfo>
      <RunInfo computerName="pkrvmbietmlfzoi" outcome="Warning" timestamp="2025-07-02T21:18:24.5067311+00:00">
        <Text>[xUnit.net 00:00:01.21]     Microsoft.AspNetCore.Components.EventCallbackFactoryBinderExtensionsTest.CreateBinder_NumericType_WithCurrentCulture [SKIP]</Text>
      </RunInfo>
      <RunInfo computerName="pkrvmbietmlfzoi" outcome="Warning" timestamp="2025-07-02T21:18:24.5766513+00:00">
        <Text>[xUnit.net 00:00:01.28]     Microsoft.AspNetCore.Components.Routing.RouteTableFactoryTests.ThrowsForOptionalParametersFollowedByNonOptionalParameters [SKIP]</Text>
      </RunInfo>
      <RunInfo computerName="pkrvmbietmlfzoi" outcome="Warning" timestamp="2025-07-02T21:18:24.5911335+00:00">
        <Text>[xUnit.net 00:00:01.30]     Microsoft.AspNetCore.Components.Routing.RouteTableFactoryTests.CanMatchCatchAllParametersWithConstraints [SKIP]</Text>
      </RunInfo>
    </RunInfos>
  </ResultSummary>
</TestRun>